01/04/2018 17:31:30 [INFO] configuration: experiment_mode  :   discrete_feature_selection
01/04/2018 17:31:30 [INFO] configuration: deep_model  :   False
01/04/2018 17:31:30 [INFO] configuration: selected_context_id  :   0
01/04/2018 17:31:30 [INFO] configuration: selected_feature_set_id  :   11
01/04/2018 17:31:30 [INFO] configuration: similarity_feature  :   True
01/04/2018 17:31:30 [INFO] configuration: k_feature_to_keep  :   10
01/04/2018 17:31:30 [INFO] configuration: seed  :   154316847
01/04/2018 17:31:30 [INFO] configuration: root_path  :   /ihome/pbrusilosky/rum20/y_classify
01/04/2018 17:31:30 [INFO] configuration: task_name  :   utterance_type
01/04/2018 17:31:30 [INFO] configuration: timemark  :   20180104-173130
01/04/2018 17:31:30 [INFO] configuration: context_set  :   next
01/04/2018 17:31:30 [INFO] configuration: utterance_names  :   ['last_user_utterance', 'last_system_utterance', 'current_user_utterance', 'next_system_utterance', 'next_user_utterance']
01/04/2018 17:31:30 [INFO] configuration: utterance_range  :   ['current_user_utterance', 'next_system_utterance', 'next_user_utterance']
01/04/2018 17:31:30 [INFO] configuration: feature_set  :   11-[6+1.3.4]
01/04/2018 17:31:30 [INFO] configuration: feature_set_number  :   ['1', '2', '3', '5', '6', '7', '9']
01/04/2018 17:31:30 [INFO] configuration: experiment_name  :   20180104-173130.discrete_feature_selection.feature_number=10.context=next.feature=11-[6+1.3.4].similarity=true
01/04/2018 17:31:30 [INFO] configuration: experiment_path  :   /ihome/pbrusilosky/rum20/y_classify/output/20180104-173130.discrete_feature_selection.feature_number=10.context=next.feature=11-[6+1.3.4].similarity=true
01/04/2018 17:31:30 [INFO] configuration: log_path  :   /ihome/pbrusilosky/rum20/y_classify/output/20180104-173130.discrete_feature_selection.feature_number=10.context=next.feature=11-[6+1.3.4].similarity=true/output.log
01/04/2018 17:31:30 [INFO] configuration: valid_type  :   {'A', 'C', 'F', 'R'}
01/04/2018 17:31:30 [INFO] configuration: data_name  :   
01/04/2018 17:31:30 [INFO] configuration: data_names  :   ['dstc2', 'dstc3', 'family', 'ghome']
01/04/2018 17:31:30 [INFO] configuration: raw_feature_path  :   /ihome/pbrusilosky/rum20/y_classify/dataset/feature/%s.raw_feature.pkl
01/04/2018 17:31:30 [INFO] configuration: extracted_feature_path  :   /ihome/pbrusilosky/rum20/y_classify/dataset/feature/%s.extracted_feature.pkl
01/04/2018 17:31:30 [INFO] configuration: pipeline_path  :   /ihome/pbrusilosky/rum20/y_classify/dataset/feature/%s.pipeline.pkl
01/04/2018 17:31:30 [INFO] configuration: metrics  :   ['accuracy', 'precision', 'recall', 'f1_score', 'training_time', 'test_time']
01/04/2018 17:31:30 [INFO] configuration: do_cross_validation  :   True
01/04/2018 17:31:30 [INFO] configuration: #division  :   5
01/04/2018 17:31:30 [INFO] configuration: #cross_validation  :   10
01/04/2018 17:31:30 [INFO] configuration: cv_index_cache_path  :   
01/04/2018 17:31:30 [INFO] configuration: action_words  :   {'add', 'findcare', 'else', 'turn', 'price', 'post', 'phone', 'findcar', 'remove', 'remind', 'shuffle', 'telephone', 'reminders', 'help', 'moder', 'address', 'telephon', 'member', 'stop', 'snooze', 'weather', 'food', 'matter', 'part', 'volume', 'cast', 'centr', 'shuffl', 'time', 'song', 'ani', 'video', 'reminder', 'next', 'temperatur', 'north', 'light', 'reminds', 'watch', 'room', 'item', 'start', 'items', 'cheap', 'number', 'south', 'expens', 'remov', 'delete', 'moderate', 'clear', 'timer', 'show', 'music', 'skip', 'centre', 'share', 'tell', 'snooz', 'els', 'play', 'alarm', 'delet', 'any', 'temperature', 'area', 'volum', 'expensive', 'list', 'discard'}
01/04/2018 17:31:30 [INFO] configuration: corenlp_jars  :   ('/Users/memray/Project/stanford/stanford-corenlp-full-3.8.0/*', '/Users/memray/Project/stanford/stanford-corenlp-full-3.8.0/stanford-english-kbp-corenlp-2017-06-09-models.jar')
01/04/2018 17:31:30 [INFO] configuration: lda_topic_number  :   50
01/04/2018 17:31:30 [INFO] configuration: lda_path  :   /ihome/pbrusilosky/rum20/y_classify/dataset/feature/gensim/%s.topic=50.lda.pkl
01/04/2018 17:31:30 [INFO] configuration: gensim_corpus_path  :   /ihome/pbrusilosky/rum20/y_classify/dataset/feature/gensim/%s.corpus.pkl
01/04/2018 17:31:30 [INFO] configuration: gensim_dict_path  :   /ihome/pbrusilosky/rum20/y_classify/dataset/feature/gensim/%s.dict
01/04/2018 17:31:30 [INFO] configuration: w2v_path  :   /home/memray/Data/glove/GoogleNews-vectors-negative300.bin
01/04/2018 17:31:30 [INFO] configuration: w2v_vector_length  :   300
01/04/2018 17:31:30 [INFO] configuration: d2v_vector_length  :   300
01/04/2018 17:31:30 [INFO] configuration: d2v_window_size  :   5
01/04/2018 17:31:30 [INFO] configuration: d2v_min_count  :   2
01/04/2018 17:31:30 [INFO] configuration: d2v_model_path  :   /ihome/pbrusilosky/rum20/y_classify/dataset/feature/gensim/%s.doc2vec.dim=300.window=5.min_count=2.model
01/04/2018 17:31:30 [INFO] configuration: d2v_vector_path  :   /ihome/pbrusilosky/rum20/y_classify/dataset/feature/gensim/%s.doc2vec.dim=300.window=5.min_count=2.vector
01/04/2018 17:31:30 [INFO] configuration: num_word_keep  :   {'dstc2': 300, 'dstc3': 300, 'family': 1000, 'ghome': 1000}
01/04/2018 17:31:30 [INFO] configuration: batch_size  :   128
01/04/2018 17:31:30 [INFO] configuration: max_epoch  :   50
01/04/2018 17:31:30 [INFO] configuration: early_stop_tolerance  :   2
01/04/2018 17:31:30 [INFO] configuration: concat_sents  :   False
01/04/2018 17:31:30 [INFO] configuration: cnn_setting  :   {'model': 'multichannel', 'early_stopping': True, 'word_dim': 300, 'filters': [3, 4, 5], 'filter_num': [100, 100, 100], 'class_size': 4, 'batch_size': 128, 'learning_rate': 0.001, 'norm_limit': 10, 'dropout_prob': 0.0, 'sentence_num': 3}
01/04/2018 17:31:30 [INFO] configuration: skipthought_setting  :   {'skipthought_model_path': '/Users/memray/Data/skip-thought', 'skipthought_data_path': '/ihome/pbrusilosky/rum20/y_classify/dataset/feature/gensim/%s.skip-thought.biskip.vector', 'fixed_emb': True, 'sentence_num': 3, 'hidden_size': 2400, 'class_size': 4, 'learning_rate': 0.0001, 'norm_limit': 3, 'dropout_prob': 0.5}
01/04/2018 17:31:30 [INFO] configuration: lstm_setting  :   {'model': 'non-static', 'hidden_size': 32, 'embedding_size': 300, 'num_layers': 1, 'bidirectional': False, 'learning_rate': 0.001, 'class_size': 4, 'norm_limit': 2, 'clip_grad_norm': 2, 'dropout_prob': 0.1}
01/04/2018 17:31:34 [INFO] exp_shallowmodel: %%%%%%%%%%%%%%%%%%%%%%%%%%%%%%%%%%%%%%%%%%%%%%%%%%
01/04/2018 17:31:34 [INFO] exp_shallowmodel:           dataset=dstc2
01/04/2018 17:31:34 [INFO] exp_shallowmodel:           k_feature_to_keep=10
01/04/2018 17:31:34 [INFO] exp_shallowmodel:           X_new.shape=(5725, 1936)
01/04/2018 17:31:34 [INFO] exp_shallowmodel:           #(X_selected)=1024
01/04/2018 17:31:34 [INFO] exp_shallowmodel:           #(X_not_selectable)=912
01/04/2018 17:31:34 [INFO] exp_shallowmodel: %%%%%%%%%%%%%%%%%%%%%%%%%%%%%%%%%%%%%%%%%%%%%%%%%%
01/04/2018 17:31:34 [INFO] exp_shallowmodel: ******************** dstc2 - Round 0 
01/04/2018 17:31:34 [INFO] exp_shallowmodel: #(data) = 4583
01/04/2018 17:31:34 [INFO] exp_shallowmodel: #(feature) = 1936
01/04/2018 17:31:34 [INFO] exp_shallowmodel: ================================================================================
01/04/2018 17:31:34 [INFO] exp_shallowmodel: LR.pen=l1.C=1.000000
01/04/2018 17:31:34 [INFO] exp_shallowmodel: ________________________________________________________________________________
01/04/2018 17:31:34 [INFO] exp_shallowmodel: Training: 
01/04/2018 17:31:34 [INFO] exp_shallowmodel: LogisticRegression(C=1, class_weight=None, dual=False, fit_intercept=True,
          intercept_scaling=1, max_iter=100, multi_class='ovr', n_jobs=1,
          penalty='l1', random_state=None, solver='liblinear', tol=0.0001,
          verbose=0, warm_start=False)
01/04/2018 17:32:02 [INFO] exp_shallowmodel: train time: 28.321s
01/04/2018 17:32:02 [INFO] exp_shallowmodel: test time:  0.002s
01/04/2018 17:32:02 [INFO] exp_shallowmodel: accuracy:   0.855
01/04/2018 17:32:02 [INFO] exp_shallowmodel: f1_score:   0.744
01/04/2018 17:32:02 [INFO] exp_shallowmodel: classification report:
01/04/2018 17:32:02 [INFO] exp_shallowmodel:              precision    recall  f1-score   support

          A       0.62      0.36      0.45        14
          C       0.80      0.82      0.81       164
          F       0.92      0.95      0.93       268
          R       0.81      0.76      0.78       125

avg / total       0.85      0.85      0.85       571

01/04/2018 17:32:02 [INFO] exp_shallowmodel: confusion matrix:
01/04/2018 17:32:02 [INFO] exp_shallowmodel: 
[[  5   2   6   1]
 [  1 134  10  19]
 [  2   9 254   3]
 [  0  23   7  95]]
01/04/2018 17:32:03 [INFO] exp_shallowmodel: ******************** dstc2 - Round 1 
01/04/2018 17:32:03 [INFO] exp_shallowmodel: #(data) = 4583
01/04/2018 17:32:03 [INFO] exp_shallowmodel: #(feature) = 1936
01/04/2018 17:32:03 [INFO] exp_shallowmodel: ================================================================================
01/04/2018 17:32:03 [INFO] exp_shallowmodel: LR.pen=l1.C=1.000000
01/04/2018 17:32:03 [INFO] exp_shallowmodel: ________________________________________________________________________________
01/04/2018 17:32:03 [INFO] exp_shallowmodel: Training: 
01/04/2018 17:32:03 [INFO] exp_shallowmodel: LogisticRegression(C=1, class_weight=None, dual=False, fit_intercept=True,
          intercept_scaling=1, max_iter=100, multi_class='ovr', n_jobs=1,
          penalty='l1', random_state=None, solver='liblinear', tol=0.0001,
          verbose=0, warm_start=False)
01/04/2018 17:32:30 [INFO] exp_shallowmodel: train time: 27.010s
01/04/2018 17:32:30 [INFO] exp_shallowmodel: test time:  0.001s
01/04/2018 17:32:30 [INFO] exp_shallowmodel: accuracy:   0.802
01/04/2018 17:32:30 [INFO] exp_shallowmodel: f1_score:   0.717
01/04/2018 17:32:30 [INFO] exp_shallowmodel: classification report:
01/04/2018 17:32:30 [INFO] exp_shallowmodel:              precision    recall  f1-score   support

          A       0.67      0.43      0.52        14
          C       0.74      0.74      0.74       164
          F       0.89      0.90      0.90       268
          R       0.70      0.72      0.71       125

avg / total       0.80      0.80      0.80       571

01/04/2018 17:32:30 [INFO] exp_shallowmodel: confusion matrix:
01/04/2018 17:32:30 [INFO] exp_shallowmodel: 
[[  6   2   4   2]
 [  0 121  16  27]
 [  2  15 241  10]
 [  1  25   9  90]]
01/04/2018 17:32:30 [INFO] exp_shallowmodel: Feature selection of top 100, ranked by LR weights (selectable:non-selectable=30:70)
01/04/2018 17:32:34 [INFO] exp_shallowmodel: %%%%%%%%%%%%%%%%%%%%%%%%%%%%%%%%%%%%%%%%%%%%%%%%%%
01/04/2018 17:32:34 [INFO] exp_shallowmodel:           dataset=dstc3
01/04/2018 17:32:34 [INFO] exp_shallowmodel:           k_feature_to_keep=10
01/04/2018 17:32:34 [INFO] exp_shallowmodel:           X_new.shape=(5934, 1936)
01/04/2018 17:32:34 [INFO] exp_shallowmodel:           #(X_selected)=1024
01/04/2018 17:32:34 [INFO] exp_shallowmodel:           #(X_not_selectable)=912
01/04/2018 17:32:34 [INFO] exp_shallowmodel: %%%%%%%%%%%%%%%%%%%%%%%%%%%%%%%%%%%%%%%%%%%%%%%%%%
01/04/2018 17:32:34 [INFO] exp_shallowmodel: ******************** dstc3 - Round 0 
01/04/2018 17:32:34 [INFO] exp_shallowmodel: #(data) = 4750
01/04/2018 17:32:34 [INFO] exp_shallowmodel: #(feature) = 1936
01/04/2018 17:32:34 [INFO] exp_shallowmodel: ================================================================================
01/04/2018 17:32:34 [INFO] exp_shallowmodel: LR.pen=l1.C=1.000000
01/04/2018 17:32:34 [INFO] exp_shallowmodel: ________________________________________________________________________________
01/04/2018 17:32:34 [INFO] exp_shallowmodel: Training: 
01/04/2018 17:32:34 [INFO] exp_shallowmodel: LogisticRegression(C=1, class_weight=None, dual=False, fit_intercept=True,
          intercept_scaling=1, max_iter=100, multi_class='ovr', n_jobs=1,
          penalty='l1', random_state=None, solver='liblinear', tol=0.0001,
          verbose=0, warm_start=False)
01/04/2018 17:33:07 [INFO] exp_shallowmodel: train time: 32.535s
01/04/2018 17:33:07 [INFO] exp_shallowmodel: test time:  0.001s
01/04/2018 17:33:07 [INFO] exp_shallowmodel: accuracy:   0.797
01/04/2018 17:33:07 [INFO] exp_shallowmodel: f1_score:   0.719
01/04/2018 17:33:07 [INFO] exp_shallowmodel: classification report:
01/04/2018 17:33:07 [INFO] exp_shallowmodel:              precision    recall  f1-score   support

          A       0.71      0.50      0.59        20
          C       0.76      0.78      0.77       169
          F       0.88      0.92      0.90       281
          R       0.65      0.60      0.62       122

avg / total       0.79      0.80      0.79       592

01/04/2018 17:33:07 [INFO] exp_shallowmodel: confusion matrix:
01/04/2018 17:33:07 [INFO] exp_shallowmodel: 
[[ 10   1   8   1]
 [  4 131  11  23]
 [  0   8 258  15]
 [  0  33  16  73]]
01/04/2018 17:33:07 [INFO] exp_shallowmodel: ******************** dstc3 - Round 1 
01/04/2018 17:33:07 [INFO] exp_shallowmodel: #(data) = 4750
01/04/2018 17:33:07 [INFO] exp_shallowmodel: #(feature) = 1936
01/04/2018 17:33:07 [INFO] exp_shallowmodel: ================================================================================
01/04/2018 17:33:07 [INFO] exp_shallowmodel: LR.pen=l1.C=1.000000
01/04/2018 17:33:07 [INFO] exp_shallowmodel: ________________________________________________________________________________
01/04/2018 17:33:07 [INFO] exp_shallowmodel: Training: 
01/04/2018 17:33:07 [INFO] exp_shallowmodel: LogisticRegression(C=1, class_weight=None, dual=False, fit_intercept=True,
          intercept_scaling=1, max_iter=100, multi_class='ovr', n_jobs=1,
          penalty='l1', random_state=None, solver='liblinear', tol=0.0001,
          verbose=0, warm_start=False)
01/04/2018 17:33:44 [INFO] exp_shallowmodel: train time: 37.225s
01/04/2018 17:33:45 [INFO] exp_shallowmodel: test time:  0.002s
01/04/2018 17:33:45 [INFO] exp_shallowmodel: accuracy:   0.774
01/04/2018 17:33:45 [INFO] exp_shallowmodel: f1_score:   0.681
01/04/2018 17:33:45 [INFO] exp_shallowmodel: classification report:
01/04/2018 17:33:45 [INFO] exp_shallowmodel:              precision    recall  f1-score   support

          A       0.60      0.45      0.51        20
          C       0.73      0.76      0.74       169
          F       0.88      0.90      0.89       281
          R       0.60      0.56      0.58       122

avg / total       0.77      0.77      0.77       592

01/04/2018 17:33:45 [INFO] exp_shallowmodel: confusion matrix:
01/04/2018 17:33:45 [INFO] exp_shallowmodel: 
[[  9   4   5   2]
 [  2 128  13  26]
 [  2   8 253  18]
 [  2  36  16  68]]
01/04/2018 17:33:45 [INFO] exp_shallowmodel: Feature selection of top 100, ranked by LR weights (selectable:non-selectable=20:80)
01/04/2018 17:33:51 [INFO] exp_shallowmodel: %%%%%%%%%%%%%%%%%%%%%%%%%%%%%%%%%%%%%%%%%%%%%%%%%%
01/04/2018 17:33:51 [INFO] exp_shallowmodel:           dataset=family
01/04/2018 17:33:51 [INFO] exp_shallowmodel:           k_feature_to_keep=10
01/04/2018 17:33:51 [INFO] exp_shallowmodel:           X_new.shape=(3530, 1938)
01/04/2018 17:33:51 [INFO] exp_shallowmodel:           #(X_selected)=1024
01/04/2018 17:33:51 [INFO] exp_shallowmodel:           #(X_not_selectable)=914
01/04/2018 17:33:51 [INFO] exp_shallowmodel: %%%%%%%%%%%%%%%%%%%%%%%%%%%%%%%%%%%%%%%%%%%%%%%%%%
01/04/2018 17:33:51 [INFO] exp_shallowmodel: ******************** family - Round 0 
01/04/2018 17:33:51 [INFO] exp_shallowmodel: #(data) = 2826
01/04/2018 17:33:51 [INFO] exp_shallowmodel: #(feature) = 1938
01/04/2018 17:33:51 [INFO] exp_shallowmodel: ================================================================================
01/04/2018 17:33:51 [INFO] exp_shallowmodel: LR.pen=l1.C=1.000000
01/04/2018 17:33:51 [INFO] exp_shallowmodel: ________________________________________________________________________________
01/04/2018 17:33:51 [INFO] exp_shallowmodel: Training: 
01/04/2018 17:33:51 [INFO] exp_shallowmodel: LogisticRegression(C=1, class_weight=None, dual=False, fit_intercept=True,
          intercept_scaling=1, max_iter=100, multi_class='ovr', n_jobs=1,
          penalty='l1', random_state=None, solver='liblinear', tol=0.0001,
          verbose=0, warm_start=False)
01/04/2018 17:33:58 [INFO] exp_shallowmodel: train time: 6.076s
01/04/2018 17:33:58 [INFO] exp_shallowmodel: test time:  0.001s
01/04/2018 17:33:58 [INFO] exp_shallowmodel: accuracy:   0.858
01/04/2018 17:33:58 [INFO] exp_shallowmodel: f1_score:   0.637
01/04/2018 17:33:58 [INFO] exp_shallowmodel: classification report:
01/04/2018 17:33:58 [INFO] exp_shallowmodel:              precision    recall  f1-score   support

          A       0.38      0.22      0.28        23
          C       0.64      0.59      0.62        27
          F       0.95      0.97      0.96       250
          R       0.67      0.73      0.70        52

avg / total       0.84      0.86      0.85       352

01/04/2018 17:33:58 [INFO] exp_shallowmodel: confusion matrix:
01/04/2018 17:33:58 [INFO] exp_shallowmodel: 
[[  5   4   8   6]
 [  4  16   0   7]
 [  1   0 243   6]
 [  3   5   6  38]]
01/04/2018 17:33:58 [INFO] exp_shallowmodel: ******************** family - Round 1 
01/04/2018 17:33:58 [INFO] exp_shallowmodel: #(data) = 2826
01/04/2018 17:33:58 [INFO] exp_shallowmodel: #(feature) = 1938
01/04/2018 17:33:58 [INFO] exp_shallowmodel: ================================================================================
01/04/2018 17:33:58 [INFO] exp_shallowmodel: LR.pen=l1.C=1.000000
01/04/2018 17:33:58 [INFO] exp_shallowmodel: ________________________________________________________________________________
01/04/2018 17:33:58 [INFO] exp_shallowmodel: Training: 
01/04/2018 17:33:58 [INFO] exp_shallowmodel: LogisticRegression(C=1, class_weight=None, dual=False, fit_intercept=True,
          intercept_scaling=1, max_iter=100, multi_class='ovr', n_jobs=1,
          penalty='l1', random_state=None, solver='liblinear', tol=0.0001,
          verbose=0, warm_start=False)
01/04/2018 17:34:04 [INFO] exp_shallowmodel: train time: 6.019s
01/04/2018 17:34:04 [INFO] exp_shallowmodel: test time:  0.001s
01/04/2018 17:34:04 [INFO] exp_shallowmodel: accuracy:   0.881
01/04/2018 17:34:04 [INFO] exp_shallowmodel: f1_score:   0.725
01/04/2018 17:34:04 [INFO] exp_shallowmodel: classification report:
01/04/2018 17:34:04 [INFO] exp_shallowmodel:              precision    recall  f1-score   support

          A       0.70      0.30      0.42        23
          C       0.79      0.81      0.80        27
          F       0.92      0.98      0.95       250
          R       0.74      0.71      0.73        52

avg / total       0.87      0.88      0.87       352

01/04/2018 17:34:04 [INFO] exp_shallowmodel: confusion matrix:
01/04/2018 17:34:04 [INFO] exp_shallowmodel: 
[[  7   1   7   8]
 [  1  22   1   3]
 [  2   2 244   2]
 [  0   3  12  37]]
01/04/2018 17:34:04 [INFO] exp_shallowmodel: Feature selection of top 100, ranked by LR weights (selectable:non-selectable=55:45)
01/04/2018 17:34:12 [INFO] exp_shallowmodel: %%%%%%%%%%%%%%%%%%%%%%%%%%%%%%%%%%%%%%%%%%%%%%%%%%
01/04/2018 17:34:12 [INFO] exp_shallowmodel:           dataset=ghome
01/04/2018 17:34:12 [INFO] exp_shallowmodel:           k_feature_to_keep=10
01/04/2018 17:34:12 [INFO] exp_shallowmodel:           X_new.shape=(5241, 1937)
01/04/2018 17:34:12 [INFO] exp_shallowmodel:           #(X_selected)=1024
01/04/2018 17:34:12 [INFO] exp_shallowmodel:           #(X_not_selectable)=913
01/04/2018 17:34:12 [INFO] exp_shallowmodel: %%%%%%%%%%%%%%%%%%%%%%%%%%%%%%%%%%%%%%%%%%%%%%%%%%
01/04/2018 17:34:12 [INFO] exp_shallowmodel: ******************** ghome - Round 0 
01/04/2018 17:34:12 [INFO] exp_shallowmodel: #(data) = 4197
01/04/2018 17:34:12 [INFO] exp_shallowmodel: #(feature) = 1937
01/04/2018 17:34:12 [INFO] exp_shallowmodel: ================================================================================
01/04/2018 17:34:12 [INFO] exp_shallowmodel: LR.pen=l1.C=1.000000
01/04/2018 17:34:12 [INFO] exp_shallowmodel: ________________________________________________________________________________
01/04/2018 17:34:12 [INFO] exp_shallowmodel: Training: 
01/04/2018 17:34:12 [INFO] exp_shallowmodel: LogisticRegression(C=1, class_weight=None, dual=False, fit_intercept=True,
          intercept_scaling=1, max_iter=100, multi_class='ovr', n_jobs=1,
          penalty='l1', random_state=None, solver='liblinear', tol=0.0001,
          verbose=0, warm_start=False)
01/04/2018 17:34:26 [INFO] exp_shallowmodel: train time: 13.622s
01/04/2018 17:34:26 [INFO] exp_shallowmodel: test time:  0.001s
01/04/2018 17:34:26 [INFO] exp_shallowmodel: accuracy:   0.893
01/04/2018 17:34:26 [INFO] exp_shallowmodel: f1_score:   0.614
01/04/2018 17:34:26 [INFO] exp_shallowmodel: classification report:
01/04/2018 17:34:26 [INFO] exp_shallowmodel:              precision    recall  f1-score   support

          A       0.68      0.66      0.67        59
          C       0.50      0.08      0.14        12
          F       0.95      0.98      0.97       396
          R       0.69      0.65      0.67        55

avg / total       0.88      0.89      0.88       522

01/04/2018 17:34:26 [INFO] exp_shallowmodel: confusion matrix:
01/04/2018 17:34:26 [INFO] exp_shallowmodel: 
[[ 39   0  10  10]
 [  3   1   5   3]
 [  2   1 390   3]
 [ 13   0   6  36]]
01/04/2018 17:34:26 [INFO] exp_shallowmodel: ******************** ghome - Round 1 
01/04/2018 17:34:26 [INFO] exp_shallowmodel: #(data) = 4197
01/04/2018 17:34:26 [INFO] exp_shallowmodel: #(feature) = 1937
01/04/2018 17:34:26 [INFO] exp_shallowmodel: ================================================================================
01/04/2018 17:34:26 [INFO] exp_shallowmodel: LR.pen=l1.C=1.000000
01/04/2018 17:34:26 [INFO] exp_shallowmodel: ________________________________________________________________________________
01/04/2018 17:34:26 [INFO] exp_shallowmodel: Training: 
01/04/2018 17:34:26 [INFO] exp_shallowmodel: LogisticRegression(C=1, class_weight=None, dual=False, fit_intercept=True,
          intercept_scaling=1, max_iter=100, multi_class='ovr', n_jobs=1,
          penalty='l1', random_state=None, solver='liblinear', tol=0.0001,
          verbose=0, warm_start=False)
01/04/2018 17:34:41 [INFO] exp_shallowmodel: train time: 14.229s
01/04/2018 17:34:41 [INFO] exp_shallowmodel: test time:  0.001s
01/04/2018 17:34:41 [INFO] exp_shallowmodel: accuracy:   0.883
01/04/2018 17:34:41 [INFO] exp_shallowmodel: f1_score:   0.604
01/04/2018 17:34:41 [INFO] exp_shallowmodel: classification report:
01/04/2018 17:34:41 [INFO] exp_shallowmodel:              precision    recall  f1-score   support

          A       0.66      0.69      0.68        59
          C       1.00      0.08      0.15        12
          F       0.95      0.97      0.96       396
          R       0.65      0.60      0.62        55

avg / total       0.88      0.88      0.87       522

01/04/2018 17:34:41 [INFO] exp_shallowmodel: confusion matrix:
01/04/2018 17:34:41 [INFO] exp_shallowmodel: 
[[ 41   0   8  10]
 [  4   1   4   3]
 [  5   0 386   5]
 [ 12   0  10  33]]
01/04/2018 17:34:41 [INFO] exp_shallowmodel: Feature selection of top 100, ranked by LR weights (selectable:non-selectable=24:76)
