01/29/2018 20:20:41 [INFO] configuration: experiment_mode  :   continuous_feature_selection
01/29/2018 20:20:41 [INFO] configuration: deep_model  :   False
01/29/2018 20:20:41 [INFO] configuration: selected_context_id  :   0
01/29/2018 20:20:41 [INFO] configuration: selected_feature_set_id  :   8
01/29/2018 20:20:41 [INFO] configuration: similarity_feature  :   True
01/29/2018 20:20:41 [INFO] configuration: k_feature_to_keep  :   -1
01/29/2018 20:20:41 [INFO] configuration: k_component_for_pca  :   2
01/29/2018 20:20:41 [INFO] configuration: seed  :   154316847
01/29/2018 20:20:41 [INFO] configuration: root_path  :   /ihome/pbrusilosky/rum20/y_classify
01/29/2018 20:20:41 [INFO] configuration: task_name  :   utterance_type
01/29/2018 20:20:41 [INFO] configuration: timemark  :   20180129-202041
01/29/2018 20:20:41 [INFO] configuration: context_set  :   next
01/29/2018 20:20:41 [INFO] configuration: utterance_names  :   ['last_user_utterance', 'last_system_utterance', 'current_user_utterance', 'next_system_utterance', 'next_user_utterance']
01/29/2018 20:20:41 [INFO] configuration: utterance_range  :   ['current_user_utterance', 'next_system_utterance', 'next_user_utterance']
01/29/2018 20:20:41 [INFO] configuration: feature_set  :   8-skipthought
01/29/2018 20:20:41 [INFO] configuration: feature_set_number  :   ['11']
01/29/2018 20:20:41 [INFO] configuration: experiment_name  :   20180129-202041.continuous_feature_selection.pca_component=2.feature_number=-1.context=next.feature=8-skipthought.similarity=true
01/29/2018 20:20:41 [INFO] configuration: experiment_path  :   /ihome/pbrusilosky/rum20/y_classify/output/20180129-202041.continuous_feature_selection.pca_component=2.feature_number=-1.context=next.feature=8-skipthought.similarity=true
01/29/2018 20:20:41 [INFO] configuration: log_path  :   /ihome/pbrusilosky/rum20/y_classify/output/20180129-202041.continuous_feature_selection.pca_component=2.feature_number=-1.context=next.feature=8-skipthought.similarity=true/output.log
01/29/2018 20:20:41 [INFO] configuration: valid_type  :   {'F', 'R', 'C', 'A'}
01/29/2018 20:20:41 [INFO] configuration: data_name  :   
01/29/2018 20:20:41 [INFO] configuration: data_names  :   ['dstc2', 'dstc3', 'family', 'ghome']
01/29/2018 20:20:41 [INFO] configuration: raw_feature_path  :   /ihome/pbrusilosky/rum20/y_classify/dataset/feature/%s.raw_feature.pkl
01/29/2018 20:20:41 [INFO] configuration: extracted_feature_path  :   /ihome/pbrusilosky/rum20/y_classify/dataset/feature/%s.extracted_feature.pkl
01/29/2018 20:20:41 [INFO] configuration: pipeline_path  :   /ihome/pbrusilosky/rum20/y_classify/dataset/feature/%s.pipeline.pkl
01/29/2018 20:20:41 [INFO] configuration: metrics  :   ['accuracy', 'precision', 'recall', 'f1_score', 'training_time', 'test_time']
01/29/2018 20:20:41 [INFO] configuration: do_cross_validation  :   True
01/29/2018 20:20:41 [INFO] configuration: #division  :   5
01/29/2018 20:20:41 [INFO] configuration: #cross_validation  :   10
01/29/2018 20:20:41 [INFO] configuration: cv_index_cache_path  :   
01/29/2018 20:20:41 [INFO] configuration: action_words  :   {'remind', 'temperature', 'time', 'stop', 'timer', 'volum', 'phone', 'south', 'watch', 'temperatur', 'else', 'add', 'part', 'centre', 'show', 'help', 'moder', 'turn', 'snooz', 'member', 'start', 'cheap', 'north', 'expens', 'shuffle', 'room', 'shuffl', 'food', 'reminds', 'reminders', 'price', 'music', 'cast', 'findcare', 'play', 'weather', 'any', 'expensive', 'telephone', 'clear', 'list', 'matter', 'telephon', 'address', 'share', 'els', 'delete', 'delet', 'song', 'moderate', 'post', 'ani', 'tell', 'light', 'video', 'volume', 'alarm', 'next', 'remov', 'remove', 'discard', 'skip', 'findcar', 'items', 'snooze', 'reminder', 'centr', 'area', 'item', 'number'}
01/29/2018 20:20:41 [INFO] configuration: corenlp_jars  :   ('/Users/memray/Project/stanford/stanford-corenlp-full-3.8.0/*', '/Users/memray/Project/stanford/stanford-corenlp-full-3.8.0/stanford-english-kbp-corenlp-2017-06-09-models.jar')
01/29/2018 20:20:41 [INFO] configuration: lda_topic_number  :   50
01/29/2018 20:20:41 [INFO] configuration: lda_path  :   /ihome/pbrusilosky/rum20/y_classify/dataset/feature/gensim/%s.topic=50.lda.pkl
01/29/2018 20:20:41 [INFO] configuration: gensim_corpus_path  :   /ihome/pbrusilosky/rum20/y_classify/dataset/feature/gensim/%s.corpus.pkl
01/29/2018 20:20:41 [INFO] configuration: gensim_dict_path  :   /ihome/pbrusilosky/rum20/y_classify/dataset/feature/gensim/%s.dict
01/29/2018 20:20:41 [INFO] configuration: w2v_path  :   /home/memray/Data/glove/GoogleNews-vectors-negative300.bin
01/29/2018 20:20:41 [INFO] configuration: w2v_vector_length  :   300
01/29/2018 20:20:41 [INFO] configuration: d2v_vector_length  :   300
01/29/2018 20:20:41 [INFO] configuration: d2v_window_size  :   5
01/29/2018 20:20:41 [INFO] configuration: d2v_min_count  :   2
01/29/2018 20:20:41 [INFO] configuration: d2v_model_path  :   /ihome/pbrusilosky/rum20/y_classify/dataset/feature/gensim/%s.doc2vec.dim=300.window=5.min_count=2.model
01/29/2018 20:20:41 [INFO] configuration: d2v_vector_path  :   /ihome/pbrusilosky/rum20/y_classify/dataset/feature/gensim/%s.doc2vec.dim=300.window=5.min_count=2.vector
01/29/2018 20:20:41 [INFO] configuration: num_word_keep  :   {'dstc2': 300, 'dstc3': 300, 'family': 1000, 'ghome': 1000}
01/29/2018 20:20:41 [INFO] configuration: batch_size  :   128
01/29/2018 20:20:41 [INFO] configuration: max_epoch  :   50
01/29/2018 20:20:41 [INFO] configuration: early_stop_tolerance  :   2
01/29/2018 20:20:41 [INFO] configuration: concat_sents  :   False
01/29/2018 20:20:41 [INFO] configuration: cnn_setting  :   {'model': 'multichannel', 'early_stopping': True, 'word_dim': 300, 'filters': [3, 4, 5], 'filter_num': [100, 100, 100], 'class_size': 4, 'batch_size': 128, 'learning_rate': 0.001, 'norm_limit': 10, 'dropout_prob': 0.0, 'sentence_num': 3}
01/29/2018 20:20:41 [INFO] configuration: skipthought_setting  :   {'skipthought_model_path': '/Users/memray/Data/skip-thought', 'skipthought_data_path': '/ihome/pbrusilosky/rum20/y_classify/dataset/feature/gensim/%s.skip-thought.biskip.vector', 'fixed_emb': True, 'sentence_num': 3, 'hidden_size': 2400, 'class_size': 4, 'learning_rate': 0.0001, 'norm_limit': 3, 'dropout_prob': 0.5}
01/29/2018 20:20:41 [INFO] configuration: lstm_setting  :   {'model': 'non-static', 'hidden_size': 32, 'embedding_size': 300, 'num_layers': 1, 'bidirectional': False, 'learning_rate': 0.001, 'class_size': 4, 'norm_limit': 2, 'clip_grad_norm': 2, 'dropout_prob': 0.1}
01/29/2018 20:23:37 [INFO] exp_shallowmodel: %%%%%%%%%%%%%%%%%%%%%%%%%%%%%%%%%%%%%%%%%%%%%%%%%%
01/29/2018 20:23:37 [INFO] exp_shallowmodel:           dataset=dstc2
01/29/2018 20:23:37 [INFO] exp_shallowmodel:           X_new.shape=(5725, 5)
01/29/2018 20:23:37 [INFO] exp_shallowmodel:           #(discrete_feature)=0
01/29/2018 20:23:37 [INFO] exp_shallowmodel:           #(continuous_feature)=4
01/29/2018 20:23:37 [INFO] exp_shallowmodel:           #(similarity_feature)=1
01/29/2018 20:23:37 [INFO] exp_shallowmodel: %%%%%%%%%%%%%%%%%%%%%%%%%%%%%%%%%%%%%%%%%%%%%%%%%%
01/29/2018 20:23:37 [INFO] exp_shallowmodel: ******************** dstc2 - Round 0 
01/29/2018 20:23:37 [INFO] exp_shallowmodel: #(data) = 4583
01/29/2018 20:23:37 [INFO] exp_shallowmodel: #(feature) = 5
01/29/2018 20:23:37 [INFO] exp_shallowmodel: ================================================================================
01/29/2018 20:23:37 [INFO] exp_shallowmodel: LR.pen=l1.C=1.000000
01/29/2018 20:23:37 [INFO] exp_shallowmodel: ________________________________________________________________________________
01/29/2018 20:23:37 [INFO] exp_shallowmodel: Training: 
01/29/2018 20:23:37 [INFO] exp_shallowmodel: LogisticRegression(C=1, class_weight=None, dual=False, fit_intercept=True,
          intercept_scaling=1, max_iter=100, multi_class='ovr', n_jobs=1,
          penalty='l1', random_state=None, solver='liblinear', tol=0.0001,
          verbose=0, warm_start=False)
01/29/2018 20:23:37 [INFO] exp_shallowmodel: train time: 0.020s
01/29/2018 20:23:37 [INFO] exp_shallowmodel: test time:  0.000s
01/29/2018 20:23:37 [INFO] exp_shallowmodel: accuracy:   0.729
01/29/2018 20:23:37 [INFO] exp_shallowmodel: f1_score:   0.523
01/29/2018 20:23:37 [INFO] exp_shallowmodel: classification report:
01/29/2018 20:23:37 [INFO] exp_shallowmodel:              precision    recall  f1-score   support

          A       0.00      0.00      0.00        14
          C       0.71      0.69      0.70       164
          F       0.75      0.90      0.82       268
          R       0.70      0.49      0.58       125

avg / total       0.71      0.73      0.71       571

01/29/2018 20:23:37 [INFO] exp_shallowmodel: confusion matrix:
01/29/2018 20:23:37 [INFO] exp_shallowmodel: 
[[  0   1  13   0]
 [  0 113  34  17]
 [  0  17 242   9]
 [  0  29  35  61]]
01/29/2018 20:23:37 [INFO] exp_shallowmodel: ******************** dstc2 - Round 1 
01/29/2018 20:23:37 [INFO] exp_shallowmodel: #(data) = 4583
01/29/2018 20:23:37 [INFO] exp_shallowmodel: #(feature) = 5
01/29/2018 20:23:37 [INFO] exp_shallowmodel: ================================================================================
01/29/2018 20:23:37 [INFO] exp_shallowmodel: LR.pen=l1.C=1.000000
01/29/2018 20:23:37 [INFO] exp_shallowmodel: ________________________________________________________________________________
01/29/2018 20:23:37 [INFO] exp_shallowmodel: Training: 
01/29/2018 20:23:37 [INFO] exp_shallowmodel: LogisticRegression(C=1, class_weight=None, dual=False, fit_intercept=True,
          intercept_scaling=1, max_iter=100, multi_class='ovr', n_jobs=1,
          penalty='l1', random_state=None, solver='liblinear', tol=0.0001,
          verbose=0, warm_start=False)
01/29/2018 20:23:37 [INFO] exp_shallowmodel: train time: 0.019s
01/29/2018 20:23:37 [INFO] exp_shallowmodel: test time:  0.000s
01/29/2018 20:23:37 [INFO] exp_shallowmodel: accuracy:   0.676
01/29/2018 20:23:37 [INFO] exp_shallowmodel: f1_score:   0.472
01/29/2018 20:23:37 [INFO] exp_shallowmodel: classification report:
01/29/2018 20:23:37 [INFO] exp_shallowmodel:              precision    recall  f1-score   support

          A       0.00      0.00      0.00        14
          C       0.62      0.59      0.60       164
          F       0.73      0.89      0.80       268
          R       0.59      0.42      0.49       125

avg / total       0.65      0.68      0.65       571

01/29/2018 20:23:37 [INFO] exp_shallowmodel: confusion matrix:
01/29/2018 20:23:37 [INFO] exp_shallowmodel: 
[[  0   5   9   0]
 [  0  96  42  26]
 [  0  20 238  10]
 [  0  34  39  52]]
01/29/2018 20:23:37 [INFO] exp_shallowmodel: ******************** dstc2 - Round 2 
01/29/2018 20:23:37 [INFO] exp_shallowmodel: #(data) = 4583
01/29/2018 20:23:37 [INFO] exp_shallowmodel: #(feature) = 5
01/29/2018 20:23:37 [INFO] exp_shallowmodel: ================================================================================
01/29/2018 20:23:37 [INFO] exp_shallowmodel: LR.pen=l1.C=1.000000
01/29/2018 20:23:37 [INFO] exp_shallowmodel: ________________________________________________________________________________
01/29/2018 20:23:37 [INFO] exp_shallowmodel: Training: 
01/29/2018 20:23:37 [INFO] exp_shallowmodel: LogisticRegression(C=1, class_weight=None, dual=False, fit_intercept=True,
          intercept_scaling=1, max_iter=100, multi_class='ovr', n_jobs=1,
          penalty='l1', random_state=None, solver='liblinear', tol=0.0001,
          verbose=0, warm_start=False)
01/29/2018 20:23:37 [INFO] exp_shallowmodel: train time: 0.020s
01/29/2018 20:23:37 [INFO] exp_shallowmodel: test time:  0.000s
01/29/2018 20:23:37 [INFO] exp_shallowmodel: accuracy:   0.709
01/29/2018 20:23:37 [INFO] exp_shallowmodel: f1_score:   0.500
01/29/2018 20:23:37 [INFO] exp_shallowmodel: classification report:
01/29/2018 20:23:37 [INFO] exp_shallowmodel:              precision    recall  f1-score   support

          A       0.00      0.00      0.00        14
          C       0.67      0.62      0.65       164
          F       0.75      0.92      0.82       268
          R       0.64      0.46      0.53       125

avg / total       0.68      0.71      0.69       571

01/29/2018 20:23:37 [INFO] exp_shallowmodel: confusion matrix:
01/29/2018 20:23:37 [INFO] exp_shallowmodel: 
[[  0   4   9   1]
 [  0 102  43  19]
 [  0  10 246  12]
 [  0  36  32  57]]
01/29/2018 20:23:37 [INFO] exp_shallowmodel: ******************** dstc2 - Round 3 
01/29/2018 20:23:37 [INFO] exp_shallowmodel: #(data) = 4583
01/29/2018 20:23:37 [INFO] exp_shallowmodel: #(feature) = 5
01/29/2018 20:23:37 [INFO] exp_shallowmodel: ================================================================================
01/29/2018 20:23:37 [INFO] exp_shallowmodel: LR.pen=l1.C=1.000000
01/29/2018 20:23:37 [INFO] exp_shallowmodel: ________________________________________________________________________________
01/29/2018 20:23:37 [INFO] exp_shallowmodel: Training: 
01/29/2018 20:23:37 [INFO] exp_shallowmodel: LogisticRegression(C=1, class_weight=None, dual=False, fit_intercept=True,
          intercept_scaling=1, max_iter=100, multi_class='ovr', n_jobs=1,
          penalty='l1', random_state=None, solver='liblinear', tol=0.0001,
          verbose=0, warm_start=False)
01/29/2018 20:23:37 [INFO] exp_shallowmodel: train time: 0.019s
01/29/2018 20:23:37 [INFO] exp_shallowmodel: test time:  0.000s
01/29/2018 20:23:37 [INFO] exp_shallowmodel: accuracy:   0.699
01/29/2018 20:23:37 [INFO] exp_shallowmodel: f1_score:   0.490
01/29/2018 20:23:37 [INFO] exp_shallowmodel: classification report:
01/29/2018 20:23:37 [INFO] exp_shallowmodel:              precision    recall  f1-score   support

          A       0.00      0.00      0.00        14
          C       0.67      0.63      0.65       164
          F       0.73      0.91      0.81       268
          R       0.64      0.42      0.50       125

avg / total       0.67      0.70      0.68       571

01/29/2018 20:23:37 [INFO] exp_shallowmodel: confusion matrix:
01/29/2018 20:23:37 [INFO] exp_shallowmodel: 
[[  0   2  12   0]
 [  0 103  43  18]
 [  0  13 244  11]
 [  0  36  37  52]]
01/29/2018 20:23:37 [INFO] exp_shallowmodel: ******************** dstc2 - Round 4 
01/29/2018 20:23:37 [INFO] exp_shallowmodel: #(data) = 4583
01/29/2018 20:23:37 [INFO] exp_shallowmodel: #(feature) = 5
01/29/2018 20:23:37 [INFO] exp_shallowmodel: ================================================================================
01/29/2018 20:23:37 [INFO] exp_shallowmodel: LR.pen=l1.C=1.000000
01/29/2018 20:23:37 [INFO] exp_shallowmodel: ________________________________________________________________________________
01/29/2018 20:23:37 [INFO] exp_shallowmodel: Training: 
01/29/2018 20:23:37 [INFO] exp_shallowmodel: LogisticRegression(C=1, class_weight=None, dual=False, fit_intercept=True,
          intercept_scaling=1, max_iter=100, multi_class='ovr', n_jobs=1,
          penalty='l1', random_state=None, solver='liblinear', tol=0.0001,
          verbose=0, warm_start=False)
01/29/2018 20:23:37 [INFO] exp_shallowmodel: train time: 0.019s
01/29/2018 20:23:37 [INFO] exp_shallowmodel: test time:  0.000s
01/29/2018 20:23:37 [INFO] exp_shallowmodel: accuracy:   0.702
01/29/2018 20:23:37 [INFO] exp_shallowmodel: f1_score:   0.493
01/29/2018 20:23:37 [INFO] exp_shallowmodel: classification report:
01/29/2018 20:23:37 [INFO] exp_shallowmodel:              precision    recall  f1-score   support

          A       0.00      0.00      0.00        14
          C       0.68      0.68      0.68       164
          F       0.73      0.90      0.80       268
          R       0.64      0.39      0.49       125

avg / total       0.68      0.70      0.68       571

01/29/2018 20:23:37 [INFO] exp_shallowmodel: confusion matrix:
01/29/2018 20:23:37 [INFO] exp_shallowmodel: 
[[  0   1  12   1]
 [  0 112  36  16]
 [  0  17 240  11]
 [  0  34  42  49]]
01/29/2018 20:23:37 [INFO] exp_shallowmodel: ******************** dstc2 - Round 5 
01/29/2018 20:23:37 [INFO] exp_shallowmodel: #(data) = 4583
01/29/2018 20:23:37 [INFO] exp_shallowmodel: #(feature) = 5
01/29/2018 20:23:37 [INFO] exp_shallowmodel: ================================================================================
01/29/2018 20:23:37 [INFO] exp_shallowmodel: LR.pen=l1.C=1.000000
01/29/2018 20:23:37 [INFO] exp_shallowmodel: ________________________________________________________________________________
01/29/2018 20:23:37 [INFO] exp_shallowmodel: Training: 
01/29/2018 20:23:37 [INFO] exp_shallowmodel: LogisticRegression(C=1, class_weight=None, dual=False, fit_intercept=True,
          intercept_scaling=1, max_iter=100, multi_class='ovr', n_jobs=1,
          penalty='l1', random_state=None, solver='liblinear', tol=0.0001,
          verbose=0, warm_start=False)
01/29/2018 20:23:37 [INFO] exp_shallowmodel: train time: 0.019s
01/29/2018 20:23:37 [INFO] exp_shallowmodel: test time:  0.000s
01/29/2018 20:23:37 [INFO] exp_shallowmodel: accuracy:   0.697
01/29/2018 20:23:37 [INFO] exp_shallowmodel: f1_score:   0.496
01/29/2018 20:23:37 [INFO] exp_shallowmodel: classification report:
01/29/2018 20:23:37 [INFO] exp_shallowmodel:              precision    recall  f1-score   support

          A       0.00      0.00      0.00        14
          C       0.62      0.63      0.63       164
          F       0.74      0.88      0.80       268
          R       0.70      0.46      0.55       125

avg / total       0.68      0.70      0.68       571

01/29/2018 20:23:37 [INFO] exp_shallowmodel: confusion matrix:
01/29/2018 20:23:37 [INFO] exp_shallowmodel: 
[[  0   4  10   0]
 [  0 104  44  16]
 [  0  22 237   9]
 [  0  37  31  57]]
01/29/2018 20:23:37 [INFO] exp_shallowmodel: ******************** dstc2 - Round 6 
01/29/2018 20:23:37 [INFO] exp_shallowmodel: #(data) = 4583
01/29/2018 20:23:37 [INFO] exp_shallowmodel: #(feature) = 5
01/29/2018 20:23:37 [INFO] exp_shallowmodel: ================================================================================
01/29/2018 20:23:37 [INFO] exp_shallowmodel: LR.pen=l1.C=1.000000
01/29/2018 20:23:37 [INFO] exp_shallowmodel: ________________________________________________________________________________
01/29/2018 20:23:37 [INFO] exp_shallowmodel: Training: 
01/29/2018 20:23:37 [INFO] exp_shallowmodel: LogisticRegression(C=1, class_weight=None, dual=False, fit_intercept=True,
          intercept_scaling=1, max_iter=100, multi_class='ovr', n_jobs=1,
          penalty='l1', random_state=None, solver='liblinear', tol=0.0001,
          verbose=0, warm_start=False)
01/29/2018 20:23:37 [INFO] exp_shallowmodel: train time: 0.020s
01/29/2018 20:23:37 [INFO] exp_shallowmodel: test time:  0.000s
01/29/2018 20:23:37 [INFO] exp_shallowmodel: accuracy:   0.715
01/29/2018 20:23:37 [INFO] exp_shallowmodel: f1_score:   0.501
01/29/2018 20:23:37 [INFO] exp_shallowmodel: classification report:
01/29/2018 20:23:37 [INFO] exp_shallowmodel:              precision    recall  f1-score   support

          A       0.00      0.00      0.00        14
          C       0.68      0.67      0.67       164
          F       0.75      0.92      0.83       268
          R       0.64      0.42      0.50       125

avg / total       0.69      0.71      0.69       571

01/29/2018 20:23:37 [INFO] exp_shallowmodel: confusion matrix:
01/29/2018 20:23:37 [INFO] exp_shallowmodel: 
[[  0   2  11   1]
 [  0 110  36  18]
 [  0  12 246  10]
 [  0  38  35  52]]
01/29/2018 20:23:37 [INFO] exp_shallowmodel: ******************** dstc2 - Round 7 
01/29/2018 20:23:37 [INFO] exp_shallowmodel: #(data) = 4583
01/29/2018 20:23:37 [INFO] exp_shallowmodel: #(feature) = 5
01/29/2018 20:23:37 [INFO] exp_shallowmodel: ================================================================================
01/29/2018 20:23:37 [INFO] exp_shallowmodel: LR.pen=l1.C=1.000000
01/29/2018 20:23:37 [INFO] exp_shallowmodel: ________________________________________________________________________________
01/29/2018 20:23:37 [INFO] exp_shallowmodel: Training: 
01/29/2018 20:23:37 [INFO] exp_shallowmodel: LogisticRegression(C=1, class_weight=None, dual=False, fit_intercept=True,
          intercept_scaling=1, max_iter=100, multi_class='ovr', n_jobs=1,
          penalty='l1', random_state=None, solver='liblinear', tol=0.0001,
          verbose=0, warm_start=False)
01/29/2018 20:23:37 [INFO] exp_shallowmodel: train time: 0.019s
01/29/2018 20:23:37 [INFO] exp_shallowmodel: test time:  0.000s
01/29/2018 20:23:37 [INFO] exp_shallowmodel: accuracy:   0.702
01/29/2018 20:23:37 [INFO] exp_shallowmodel: f1_score:   0.499
01/29/2018 20:23:37 [INFO] exp_shallowmodel: classification report:
01/29/2018 20:23:37 [INFO] exp_shallowmodel:              precision    recall  f1-score   support

          A       0.00      0.00      0.00        14
          C       0.64      0.63      0.63       164
          F       0.74      0.90      0.81       268
          R       0.69      0.46      0.56       125

avg / total       0.68      0.70      0.68       571

01/29/2018 20:23:37 [INFO] exp_shallowmodel: confusion matrix:
01/29/2018 20:23:37 [INFO] exp_shallowmodel: 
[[  0   3  10   1]
 [  0 103  45  16]
 [  0  19 240   9]
 [  0  37  30  58]]
01/29/2018 20:23:37 [INFO] exp_shallowmodel: ******************** dstc2 - Round 8 
01/29/2018 20:23:37 [INFO] exp_shallowmodel: #(data) = 4583
01/29/2018 20:23:37 [INFO] exp_shallowmodel: #(feature) = 5
01/29/2018 20:23:37 [INFO] exp_shallowmodel: ================================================================================
01/29/2018 20:23:37 [INFO] exp_shallowmodel: LR.pen=l1.C=1.000000
01/29/2018 20:23:37 [INFO] exp_shallowmodel: ________________________________________________________________________________
01/29/2018 20:23:37 [INFO] exp_shallowmodel: Training: 
01/29/2018 20:23:37 [INFO] exp_shallowmodel: LogisticRegression(C=1, class_weight=None, dual=False, fit_intercept=True,
          intercept_scaling=1, max_iter=100, multi_class='ovr', n_jobs=1,
          penalty='l1', random_state=None, solver='liblinear', tol=0.0001,
          verbose=0, warm_start=False)
01/29/2018 20:23:37 [INFO] exp_shallowmodel: train time: 0.020s
01/29/2018 20:23:37 [INFO] exp_shallowmodel: test time:  0.000s
01/29/2018 20:23:37 [INFO] exp_shallowmodel: accuracy:   0.706
01/29/2018 20:23:37 [INFO] exp_shallowmodel: f1_score:   0.498
01/29/2018 20:23:37 [INFO] exp_shallowmodel: classification report:
01/29/2018 20:23:37 [INFO] exp_shallowmodel:              precision    recall  f1-score   support

          A       0.00      0.00      0.00        14
          C       0.67      0.65      0.66       164
          F       0.73      0.91      0.81       268
          R       0.67      0.43      0.52       125

avg / total       0.68      0.71      0.68       571

01/29/2018 20:23:37 [INFO] exp_shallowmodel: confusion matrix:
01/29/2018 20:23:37 [INFO] exp_shallowmodel: 
[[  0   0  14   0]
 [  0 106  37  21]
 [  0  19 243   6]
 [  0  33  38  54]]
01/29/2018 20:23:37 [INFO] exp_shallowmodel: ******************** dstc2 - Round 9 
01/29/2018 20:23:37 [INFO] exp_shallowmodel: #(data) = 4568
01/29/2018 20:23:37 [INFO] exp_shallowmodel: #(feature) = 5
01/29/2018 20:23:37 [INFO] exp_shallowmodel: ================================================================================
01/29/2018 20:23:37 [INFO] exp_shallowmodel: LR.pen=l1.C=1.000000
01/29/2018 20:23:37 [INFO] exp_shallowmodel: ________________________________________________________________________________
01/29/2018 20:23:37 [INFO] exp_shallowmodel: Training: 
01/29/2018 20:23:37 [INFO] exp_shallowmodel: LogisticRegression(C=1, class_weight=None, dual=False, fit_intercept=True,
          intercept_scaling=1, max_iter=100, multi_class='ovr', n_jobs=1,
          penalty='l1', random_state=None, solver='liblinear', tol=0.0001,
          verbose=0, warm_start=False)
01/29/2018 20:23:37 [INFO] exp_shallowmodel: train time: 0.020s
01/29/2018 20:23:37 [INFO] exp_shallowmodel: test time:  0.000s
01/29/2018 20:23:37 [INFO] exp_shallowmodel: accuracy:   0.659
01/29/2018 20:23:37 [INFO] exp_shallowmodel: f1_score:   0.450
01/29/2018 20:23:37 [INFO] exp_shallowmodel: classification report:
01/29/2018 20:23:37 [INFO] exp_shallowmodel:              precision    recall  f1-score   support

          A       0.00      0.00      0.00        16
          C       0.61      0.57      0.59       169
          F       0.71      0.90      0.80       271
          R       0.53      0.34      0.41       130

avg / total       0.62      0.66      0.63       586

01/29/2018 20:23:37 [INFO] exp_shallowmodel: confusion matrix:
01/29/2018 20:23:37 [INFO] exp_shallowmodel: 
[[  0   4  11   1]
 [  0  97  45  27]
 [  0  15 245  11]
 [  0  44  42  44]]
01/29/2018 20:23:37 [INFO] exp_shallowmodel: ******************** dstc2 - Round 10 
01/29/2018 20:23:37 [INFO] exp_shallowmodel: #(data) = 4583
01/29/2018 20:23:37 [INFO] exp_shallowmodel: #(feature) = 5
01/29/2018 20:23:37 [INFO] exp_shallowmodel: ================================================================================
01/29/2018 20:23:37 [INFO] exp_shallowmodel: LR.pen=l1.C=1.000000
01/29/2018 20:23:37 [INFO] exp_shallowmodel: ________________________________________________________________________________
01/29/2018 20:23:37 [INFO] exp_shallowmodel: Training: 
01/29/2018 20:23:37 [INFO] exp_shallowmodel: LogisticRegression(C=1, class_weight=None, dual=False, fit_intercept=True,
          intercept_scaling=1, max_iter=100, multi_class='ovr', n_jobs=1,
          penalty='l1', random_state=None, solver='liblinear', tol=0.0001,
          verbose=0, warm_start=False)
01/29/2018 20:23:37 [INFO] exp_shallowmodel: train time: 0.019s
01/29/2018 20:23:37 [INFO] exp_shallowmodel: test time:  0.000s
01/29/2018 20:23:37 [INFO] exp_shallowmodel: accuracy:   0.704
01/29/2018 20:23:37 [INFO] exp_shallowmodel: f1_score:   0.498
01/29/2018 20:23:37 [INFO] exp_shallowmodel: classification report:
01/29/2018 20:23:37 [INFO] exp_shallowmodel:              precision    recall  f1-score   support

          A       0.00      0.00      0.00        14
          C       0.66      0.65      0.65       164
          F       0.75      0.90      0.81       268
          R       0.63      0.45      0.52       125

avg / total       0.68      0.70      0.68       571

01/29/2018 20:23:37 [INFO] exp_shallowmodel: confusion matrix:
01/29/2018 20:23:37 [INFO] exp_shallowmodel: 
[[  0   0  14   0]
 [  0 106  39  19]
 [  0  14 240  14]
 [  0  40  29  56]]
01/29/2018 20:23:37 [INFO] exp_shallowmodel: ******************** dstc2 - Round 11 
01/29/2018 20:23:37 [INFO] exp_shallowmodel: #(data) = 4583
01/29/2018 20:23:37 [INFO] exp_shallowmodel: #(feature) = 5
01/29/2018 20:23:37 [INFO] exp_shallowmodel: ================================================================================
01/29/2018 20:23:37 [INFO] exp_shallowmodel: LR.pen=l1.C=1.000000
01/29/2018 20:23:37 [INFO] exp_shallowmodel: ________________________________________________________________________________
01/29/2018 20:23:37 [INFO] exp_shallowmodel: Training: 
01/29/2018 20:23:37 [INFO] exp_shallowmodel: LogisticRegression(C=1, class_weight=None, dual=False, fit_intercept=True,
          intercept_scaling=1, max_iter=100, multi_class='ovr', n_jobs=1,
          penalty='l1', random_state=None, solver='liblinear', tol=0.0001,
          verbose=0, warm_start=False)
01/29/2018 20:23:37 [INFO] exp_shallowmodel: train time: 0.019s
01/29/2018 20:23:37 [INFO] exp_shallowmodel: test time:  0.000s
01/29/2018 20:23:37 [INFO] exp_shallowmodel: accuracy:   0.697
01/29/2018 20:23:37 [INFO] exp_shallowmodel: f1_score:   0.489
01/29/2018 20:23:37 [INFO] exp_shallowmodel: classification report:
01/29/2018 20:23:37 [INFO] exp_shallowmodel:              precision    recall  f1-score   support

          A       0.00      0.00      0.00        14
          C       0.64      0.60      0.62       164
          F       0.73      0.91      0.81       268
          R       0.66      0.43      0.52       125

avg / total       0.67      0.70      0.67       571

01/29/2018 20:23:37 [INFO] exp_shallowmodel: confusion matrix:
01/29/2018 20:23:37 [INFO] exp_shallowmodel: 
[[  0   4  10   0]
 [  0  99  44  21]
 [  0  16 245   7]
 [  0  36  35  54]]
01/29/2018 20:23:37 [INFO] exp_shallowmodel: ******************** dstc2 - Round 12 
01/29/2018 20:23:37 [INFO] exp_shallowmodel: #(data) = 4583
01/29/2018 20:23:37 [INFO] exp_shallowmodel: #(feature) = 5
01/29/2018 20:23:37 [INFO] exp_shallowmodel: ================================================================================
01/29/2018 20:23:37 [INFO] exp_shallowmodel: LR.pen=l1.C=1.000000
01/29/2018 20:23:37 [INFO] exp_shallowmodel: ________________________________________________________________________________
01/29/2018 20:23:37 [INFO] exp_shallowmodel: Training: 
01/29/2018 20:23:37 [INFO] exp_shallowmodel: LogisticRegression(C=1, class_weight=None, dual=False, fit_intercept=True,
          intercept_scaling=1, max_iter=100, multi_class='ovr', n_jobs=1,
          penalty='l1', random_state=None, solver='liblinear', tol=0.0001,
          verbose=0, warm_start=False)
01/29/2018 20:23:37 [INFO] exp_shallowmodel: train time: 0.019s
01/29/2018 20:23:37 [INFO] exp_shallowmodel: test time:  0.000s
01/29/2018 20:23:37 [INFO] exp_shallowmodel: accuracy:   0.725
01/29/2018 20:23:37 [INFO] exp_shallowmodel: f1_score:   0.514
01/29/2018 20:23:37 [INFO] exp_shallowmodel: classification report:
01/29/2018 20:23:37 [INFO] exp_shallowmodel:              precision    recall  f1-score   support

          A       0.00      0.00      0.00        14
          C       0.67      0.64      0.66       164
          F       0.76      0.93      0.84       268
          R       0.68      0.48      0.56       125

avg / total       0.70      0.73      0.70       571

01/29/2018 20:23:37 [INFO] exp_shallowmodel: confusion matrix:
01/29/2018 20:23:37 [INFO] exp_shallowmodel: 
[[  0   4  10   0]
 [  0 105  36  23]
 [  0  14 249   5]
 [  0  33  32  60]]
01/29/2018 20:23:37 [INFO] exp_shallowmodel: ******************** dstc2 - Round 13 
01/29/2018 20:23:37 [INFO] exp_shallowmodel: #(data) = 4583
01/29/2018 20:23:37 [INFO] exp_shallowmodel: #(feature) = 5
01/29/2018 20:23:37 [INFO] exp_shallowmodel: ================================================================================
01/29/2018 20:23:37 [INFO] exp_shallowmodel: LR.pen=l1.C=1.000000
01/29/2018 20:23:37 [INFO] exp_shallowmodel: ________________________________________________________________________________
01/29/2018 20:23:37 [INFO] exp_shallowmodel: Training: 
01/29/2018 20:23:37 [INFO] exp_shallowmodel: LogisticRegression(C=1, class_weight=None, dual=False, fit_intercept=True,
          intercept_scaling=1, max_iter=100, multi_class='ovr', n_jobs=1,
          penalty='l1', random_state=None, solver='liblinear', tol=0.0001,
          verbose=0, warm_start=False)
01/29/2018 20:23:37 [INFO] exp_shallowmodel: train time: 0.019s
01/29/2018 20:23:37 [INFO] exp_shallowmodel: test time:  0.000s
01/29/2018 20:23:37 [INFO] exp_shallowmodel: accuracy:   0.709
01/29/2018 20:23:37 [INFO] exp_shallowmodel: f1_score:   0.503
01/29/2018 20:23:37 [INFO] exp_shallowmodel: classification report:
01/29/2018 20:23:37 [INFO] exp_shallowmodel:              precision    recall  f1-score   support

          A       0.00      0.00      0.00        14
          C       0.68      0.65      0.66       164
          F       0.72      0.91      0.80       268
          R       0.73      0.43      0.54       125

avg / total       0.69      0.71      0.69       571

01/29/2018 20:23:37 [INFO] exp_shallowmodel: confusion matrix:
01/29/2018 20:23:37 [INFO] exp_shallowmodel: 
[[  0   2  12   0]
 [  0 106  44  14]
 [  0  17 245   6]
 [  0  30  41  54]]
01/29/2018 20:23:37 [INFO] exp_shallowmodel: ******************** dstc2 - Round 14 
01/29/2018 20:23:37 [INFO] exp_shallowmodel: #(data) = 4583
01/29/2018 20:23:37 [INFO] exp_shallowmodel: #(feature) = 5
01/29/2018 20:23:37 [INFO] exp_shallowmodel: ================================================================================
01/29/2018 20:23:37 [INFO] exp_shallowmodel: LR.pen=l1.C=1.000000
01/29/2018 20:23:37 [INFO] exp_shallowmodel: ________________________________________________________________________________
01/29/2018 20:23:37 [INFO] exp_shallowmodel: Training: 
01/29/2018 20:23:37 [INFO] exp_shallowmodel: LogisticRegression(C=1, class_weight=None, dual=False, fit_intercept=True,
          intercept_scaling=1, max_iter=100, multi_class='ovr', n_jobs=1,
          penalty='l1', random_state=None, solver='liblinear', tol=0.0001,
          verbose=0, warm_start=False)
01/29/2018 20:23:37 [INFO] exp_shallowmodel: train time: 0.019s
01/29/2018 20:23:37 [INFO] exp_shallowmodel: test time:  0.000s
01/29/2018 20:23:37 [INFO] exp_shallowmodel: accuracy:   0.695
01/29/2018 20:23:37 [INFO] exp_shallowmodel: f1_score:   0.495
01/29/2018 20:23:37 [INFO] exp_shallowmodel: classification report:
01/29/2018 20:23:37 [INFO] exp_shallowmodel:              precision    recall  f1-score   support

          A       0.00      0.00      0.00        14
          C       0.64      0.60      0.62       164
          F       0.73      0.89      0.80       268
          R       0.66      0.49      0.56       125

avg / total       0.67      0.70      0.68       571

01/29/2018 20:23:37 [INFO] exp_shallowmodel: confusion matrix:
01/29/2018 20:23:37 [INFO] exp_shallowmodel: 
[[  0   2  12   0]
 [  0  98  44  22]
 [  0  21 238   9]
 [  0  32  32  61]]
01/29/2018 20:23:37 [INFO] exp_shallowmodel: ******************** dstc2 - Round 15 
01/29/2018 20:23:37 [INFO] exp_shallowmodel: #(data) = 4583
01/29/2018 20:23:37 [INFO] exp_shallowmodel: #(feature) = 5
01/29/2018 20:23:37 [INFO] exp_shallowmodel: ================================================================================
01/29/2018 20:23:37 [INFO] exp_shallowmodel: LR.pen=l1.C=1.000000
01/29/2018 20:23:37 [INFO] exp_shallowmodel: ________________________________________________________________________________
01/29/2018 20:23:37 [INFO] exp_shallowmodel: Training: 
01/29/2018 20:23:37 [INFO] exp_shallowmodel: LogisticRegression(C=1, class_weight=None, dual=False, fit_intercept=True,
          intercept_scaling=1, max_iter=100, multi_class='ovr', n_jobs=1,
          penalty='l1', random_state=None, solver='liblinear', tol=0.0001,
          verbose=0, warm_start=False)
01/29/2018 20:23:37 [INFO] exp_shallowmodel: train time: 0.019s
01/29/2018 20:23:37 [INFO] exp_shallowmodel: test time:  0.000s
01/29/2018 20:23:37 [INFO] exp_shallowmodel: accuracy:   0.704
01/29/2018 20:23:37 [INFO] exp_shallowmodel: f1_score:   0.491
01/29/2018 20:23:37 [INFO] exp_shallowmodel: classification report:
01/29/2018 20:23:37 [INFO] exp_shallowmodel:              precision    recall  f1-score   support

          A       0.00      0.00      0.00        14
          C       0.65      0.67      0.66       164
          F       0.75      0.91      0.82       268
          R       0.60      0.39      0.48       125

avg / total       0.67      0.70      0.68       571

01/29/2018 20:23:37 [INFO] exp_shallowmodel: confusion matrix:
01/29/2018 20:23:37 [INFO] exp_shallowmodel: 
[[  0   4   9   1]
 [  0 110  35  19]
 [  0  13 243  12]
 [  0  41  35  49]]
01/29/2018 20:23:37 [INFO] exp_shallowmodel: ******************** dstc2 - Round 16 
01/29/2018 20:23:37 [INFO] exp_shallowmodel: #(data) = 4583
01/29/2018 20:23:37 [INFO] exp_shallowmodel: #(feature) = 5
01/29/2018 20:23:37 [INFO] exp_shallowmodel: ================================================================================
01/29/2018 20:23:37 [INFO] exp_shallowmodel: LR.pen=l1.C=1.000000
01/29/2018 20:23:37 [INFO] exp_shallowmodel: ________________________________________________________________________________
01/29/2018 20:23:37 [INFO] exp_shallowmodel: Training: 
01/29/2018 20:23:37 [INFO] exp_shallowmodel: LogisticRegression(C=1, class_weight=None, dual=False, fit_intercept=True,
          intercept_scaling=1, max_iter=100, multi_class='ovr', n_jobs=1,
          penalty='l1', random_state=None, solver='liblinear', tol=0.0001,
          verbose=0, warm_start=False)
01/29/2018 20:23:37 [INFO] exp_shallowmodel: train time: 0.019s
01/29/2018 20:23:37 [INFO] exp_shallowmodel: test time:  0.000s
01/29/2018 20:23:37 [INFO] exp_shallowmodel: accuracy:   0.690
01/29/2018 20:23:37 [INFO] exp_shallowmodel: f1_score:   0.485
01/29/2018 20:23:37 [INFO] exp_shallowmodel: classification report:
01/29/2018 20:23:37 [INFO] exp_shallowmodel:              precision    recall  f1-score   support

          A       0.00      0.00      0.00        14
          C       0.68      0.63      0.66       164
          F       0.72      0.89      0.80       268
          R       0.58      0.42      0.49       125

avg / total       0.66      0.69      0.67       571

01/29/2018 20:23:37 [INFO] exp_shallowmodel: confusion matrix:
01/29/2018 20:23:37 [INFO] exp_shallowmodel: 
[[  0   3   9   2]
 [  0 104  37  23]
 [  0  18 238  12]
 [  0  27  46  52]]
01/29/2018 20:23:37 [INFO] exp_shallowmodel: ******************** dstc2 - Round 17 
01/29/2018 20:23:37 [INFO] exp_shallowmodel: #(data) = 4583
01/29/2018 20:23:37 [INFO] exp_shallowmodel: #(feature) = 5
01/29/2018 20:23:37 [INFO] exp_shallowmodel: ================================================================================
01/29/2018 20:23:37 [INFO] exp_shallowmodel: LR.pen=l1.C=1.000000
01/29/2018 20:23:37 [INFO] exp_shallowmodel: ________________________________________________________________________________
01/29/2018 20:23:37 [INFO] exp_shallowmodel: Training: 
01/29/2018 20:23:37 [INFO] exp_shallowmodel: LogisticRegression(C=1, class_weight=None, dual=False, fit_intercept=True,
          intercept_scaling=1, max_iter=100, multi_class='ovr', n_jobs=1,
          penalty='l1', random_state=None, solver='liblinear', tol=0.0001,
          verbose=0, warm_start=False)
01/29/2018 20:23:37 [INFO] exp_shallowmodel: train time: 0.019s
01/29/2018 20:23:37 [INFO] exp_shallowmodel: test time:  0.000s
01/29/2018 20:23:37 [INFO] exp_shallowmodel: accuracy:   0.708
01/29/2018 20:23:37 [INFO] exp_shallowmodel: f1_score:   0.506
01/29/2018 20:23:37 [INFO] exp_shallowmodel: classification report:
01/29/2018 20:23:37 [INFO] exp_shallowmodel:              precision    recall  f1-score   support

          A       0.00      0.00      0.00        14
          C       0.65      0.65      0.65       164
          F       0.73      0.89      0.80       268
          R       0.72      0.47      0.57       125

avg / total       0.69      0.71      0.69       571

01/29/2018 20:23:37 [INFO] exp_shallowmodel: confusion matrix:
01/29/2018 20:23:37 [INFO] exp_shallowmodel: 
[[  0   3  11   0]
 [  0 107  41  16]
 [  0  23 238   7]
 [  0  31  35  59]]
01/29/2018 20:23:37 [INFO] exp_shallowmodel: ******************** dstc2 - Round 18 
01/29/2018 20:23:37 [INFO] exp_shallowmodel: #(data) = 4583
01/29/2018 20:23:37 [INFO] exp_shallowmodel: #(feature) = 5
01/29/2018 20:23:37 [INFO] exp_shallowmodel: ================================================================================
01/29/2018 20:23:37 [INFO] exp_shallowmodel: LR.pen=l1.C=1.000000
01/29/2018 20:23:37 [INFO] exp_shallowmodel: ________________________________________________________________________________
01/29/2018 20:23:37 [INFO] exp_shallowmodel: Training: 
01/29/2018 20:23:37 [INFO] exp_shallowmodel: LogisticRegression(C=1, class_weight=None, dual=False, fit_intercept=True,
          intercept_scaling=1, max_iter=100, multi_class='ovr', n_jobs=1,
          penalty='l1', random_state=None, solver='liblinear', tol=0.0001,
          verbose=0, warm_start=False)
01/29/2018 20:23:37 [INFO] exp_shallowmodel: train time: 0.019s
01/29/2018 20:23:37 [INFO] exp_shallowmodel: test time:  0.000s
01/29/2018 20:23:37 [INFO] exp_shallowmodel: accuracy:   0.665
01/29/2018 20:23:37 [INFO] exp_shallowmodel: f1_score:   0.458
01/29/2018 20:23:37 [INFO] exp_shallowmodel: classification report:
01/29/2018 20:23:37 [INFO] exp_shallowmodel:              precision    recall  f1-score   support

          A       0.00      0.00      0.00        14
          C       0.62      0.61      0.61       164
          F       0.71      0.88      0.79       268
          R       0.57      0.34      0.43       125

avg / total       0.64      0.67      0.64       571

01/29/2018 20:23:37 [INFO] exp_shallowmodel: confusion matrix:
01/29/2018 20:23:37 [INFO] exp_shallowmodel: 
[[  0   1  12   1]
 [  0 100  44  20]
 [  0  20 237  11]
 [  0  41  41  43]]
01/29/2018 20:23:37 [INFO] exp_shallowmodel: ******************** dstc2 - Round 19 
01/29/2018 20:23:37 [INFO] exp_shallowmodel: #(data) = 4568
01/29/2018 20:23:37 [INFO] exp_shallowmodel: #(feature) = 5
01/29/2018 20:23:37 [INFO] exp_shallowmodel: ================================================================================
01/29/2018 20:23:37 [INFO] exp_shallowmodel: LR.pen=l1.C=1.000000
01/29/2018 20:23:37 [INFO] exp_shallowmodel: ________________________________________________________________________________
01/29/2018 20:23:37 [INFO] exp_shallowmodel: Training: 
01/29/2018 20:23:37 [INFO] exp_shallowmodel: LogisticRegression(C=1, class_weight=None, dual=False, fit_intercept=True,
          intercept_scaling=1, max_iter=100, multi_class='ovr', n_jobs=1,
          penalty='l1', random_state=None, solver='liblinear', tol=0.0001,
          verbose=0, warm_start=False)
01/29/2018 20:23:37 [INFO] exp_shallowmodel: train time: 0.019s
01/29/2018 20:23:37 [INFO] exp_shallowmodel: test time:  0.000s
01/29/2018 20:23:37 [INFO] exp_shallowmodel: accuracy:   0.705
01/29/2018 20:23:37 [INFO] exp_shallowmodel: f1_score:   0.498
01/29/2018 20:23:37 [INFO] exp_shallowmodel: classification report:
01/29/2018 20:23:37 [INFO] exp_shallowmodel:              precision    recall  f1-score   support

          A       0.00      0.00      0.00        16
          C       0.67      0.66      0.66       169
          F       0.73      0.91      0.81       271
          R       0.67      0.42      0.52       130

avg / total       0.68      0.70      0.68       586

01/29/2018 20:23:37 [INFO] exp_shallowmodel: confusion matrix:
01/29/2018 20:23:37 [INFO] exp_shallowmodel: 
[[  0   4  12   0]
 [  0 111  42  16]
 [  0  13 247  11]
 [  0  38  37  55]]
01/29/2018 20:23:37 [INFO] exp_shallowmodel: ******************** dstc2 - Round 20 
01/29/2018 20:23:37 [INFO] exp_shallowmodel: #(data) = 4583
01/29/2018 20:23:37 [INFO] exp_shallowmodel: #(feature) = 5
01/29/2018 20:23:37 [INFO] exp_shallowmodel: ================================================================================
01/29/2018 20:23:37 [INFO] exp_shallowmodel: LR.pen=l1.C=1.000000
01/29/2018 20:23:37 [INFO] exp_shallowmodel: ________________________________________________________________________________
01/29/2018 20:23:37 [INFO] exp_shallowmodel: Training: 
01/29/2018 20:23:37 [INFO] exp_shallowmodel: LogisticRegression(C=1, class_weight=None, dual=False, fit_intercept=True,
          intercept_scaling=1, max_iter=100, multi_class='ovr', n_jobs=1,
          penalty='l1', random_state=None, solver='liblinear', tol=0.0001,
          verbose=0, warm_start=False)
01/29/2018 20:23:37 [INFO] exp_shallowmodel: train time: 0.020s
01/29/2018 20:23:37 [INFO] exp_shallowmodel: test time:  0.000s
01/29/2018 20:23:37 [INFO] exp_shallowmodel: accuracy:   0.706
01/29/2018 20:23:37 [INFO] exp_shallowmodel: f1_score:   0.503
01/29/2018 20:23:37 [INFO] exp_shallowmodel: classification report:
01/29/2018 20:23:37 [INFO] exp_shallowmodel:              precision    recall  f1-score   support

          A       0.00      0.00      0.00        14
          C       0.68      0.62      0.65       164
          F       0.73      0.90      0.80       268
          R       0.66      0.48      0.56       125

avg / total       0.68      0.71      0.69       571

01/29/2018 20:23:37 [INFO] exp_shallowmodel: confusion matrix:
01/29/2018 20:23:37 [INFO] exp_shallowmodel: 
[[  0   3  11   0]
 [  0 102  44  18]
 [  0  14 241  13]
 [  0  30  35  60]]
01/29/2018 20:23:37 [INFO] exp_shallowmodel: ******************** dstc2 - Round 21 
01/29/2018 20:23:37 [INFO] exp_shallowmodel: #(data) = 4583
01/29/2018 20:23:37 [INFO] exp_shallowmodel: #(feature) = 5
01/29/2018 20:23:37 [INFO] exp_shallowmodel: ================================================================================
01/29/2018 20:23:37 [INFO] exp_shallowmodel: LR.pen=l1.C=1.000000
01/29/2018 20:23:37 [INFO] exp_shallowmodel: ________________________________________________________________________________
01/29/2018 20:23:37 [INFO] exp_shallowmodel: Training: 
01/29/2018 20:23:37 [INFO] exp_shallowmodel: LogisticRegression(C=1, class_weight=None, dual=False, fit_intercept=True,
          intercept_scaling=1, max_iter=100, multi_class='ovr', n_jobs=1,
          penalty='l1', random_state=None, solver='liblinear', tol=0.0001,
          verbose=0, warm_start=False)
01/29/2018 20:23:37 [INFO] exp_shallowmodel: train time: 0.020s
01/29/2018 20:23:37 [INFO] exp_shallowmodel: test time:  0.000s
01/29/2018 20:23:37 [INFO] exp_shallowmodel: accuracy:   0.681
01/29/2018 20:23:37 [INFO] exp_shallowmodel: f1_score:   0.474
01/29/2018 20:23:37 [INFO] exp_shallowmodel: classification report:
01/29/2018 20:23:37 [INFO] exp_shallowmodel:              precision    recall  f1-score   support

          A       0.00      0.00      0.00        14
          C       0.60      0.62      0.61       164
          F       0.75      0.88      0.81       268
          R       0.58      0.40      0.47       125

avg / total       0.65      0.68      0.66       571

01/29/2018 20:23:37 [INFO] exp_shallowmodel: confusion matrix:
01/29/2018 20:23:37 [INFO] exp_shallowmodel: 
[[  0   2  10   2]
 [  0 102  38  24]
 [  0  21 237  10]
 [  0  46  29  50]]
01/29/2018 20:23:37 [INFO] exp_shallowmodel: ******************** dstc2 - Round 22 
01/29/2018 20:23:37 [INFO] exp_shallowmodel: #(data) = 4583
01/29/2018 20:23:37 [INFO] exp_shallowmodel: #(feature) = 5
01/29/2018 20:23:37 [INFO] exp_shallowmodel: ================================================================================
01/29/2018 20:23:37 [INFO] exp_shallowmodel: LR.pen=l1.C=1.000000
01/29/2018 20:23:37 [INFO] exp_shallowmodel: ________________________________________________________________________________
01/29/2018 20:23:37 [INFO] exp_shallowmodel: Training: 
01/29/2018 20:23:37 [INFO] exp_shallowmodel: LogisticRegression(C=1, class_weight=None, dual=False, fit_intercept=True,
          intercept_scaling=1, max_iter=100, multi_class='ovr', n_jobs=1,
          penalty='l1', random_state=None, solver='liblinear', tol=0.0001,
          verbose=0, warm_start=False)
01/29/2018 20:23:37 [INFO] exp_shallowmodel: train time: 0.019s
01/29/2018 20:23:37 [INFO] exp_shallowmodel: test time:  0.000s
01/29/2018 20:23:37 [INFO] exp_shallowmodel: accuracy:   0.739
01/29/2018 20:23:37 [INFO] exp_shallowmodel: f1_score:   0.523
01/29/2018 20:23:37 [INFO] exp_shallowmodel: classification report:
01/29/2018 20:23:37 [INFO] exp_shallowmodel:              precision    recall  f1-score   support

          A       0.00      0.00      0.00        14
          C       0.75      0.71      0.73       164
          F       0.74      0.94      0.83       268
          R       0.73      0.42      0.54       125

avg / total       0.72      0.74      0.71       571

01/29/2018 20:23:37 [INFO] exp_shallowmodel: confusion matrix:
01/29/2018 20:23:37 [INFO] exp_shallowmodel: 
[[  0   3  11   0]
 [  0 116  38  10]
 [  0   5 253  10]
 [  0  31  41  53]]
01/29/2018 20:23:37 [INFO] exp_shallowmodel: ******************** dstc2 - Round 23 
01/29/2018 20:23:37 [INFO] exp_shallowmodel: #(data) = 4583
01/29/2018 20:23:37 [INFO] exp_shallowmodel: #(feature) = 5
01/29/2018 20:23:37 [INFO] exp_shallowmodel: ================================================================================
01/29/2018 20:23:37 [INFO] exp_shallowmodel: LR.pen=l1.C=1.000000
01/29/2018 20:23:37 [INFO] exp_shallowmodel: ________________________________________________________________________________
01/29/2018 20:23:37 [INFO] exp_shallowmodel: Training: 
01/29/2018 20:23:37 [INFO] exp_shallowmodel: LogisticRegression(C=1, class_weight=None, dual=False, fit_intercept=True,
          intercept_scaling=1, max_iter=100, multi_class='ovr', n_jobs=1,
          penalty='l1', random_state=None, solver='liblinear', tol=0.0001,
          verbose=0, warm_start=False)
01/29/2018 20:23:37 [INFO] exp_shallowmodel: train time: 0.019s
01/29/2018 20:23:37 [INFO] exp_shallowmodel: test time:  0.000s
01/29/2018 20:23:37 [INFO] exp_shallowmodel: accuracy:   0.695
01/29/2018 20:23:37 [INFO] exp_shallowmodel: f1_score:   0.489
01/29/2018 20:23:37 [INFO] exp_shallowmodel: classification report:
01/29/2018 20:23:37 [INFO] exp_shallowmodel:              precision    recall  f1-score   support

          A       0.00      0.00      0.00        14
          C       0.64      0.66      0.65       164
          F       0.73      0.89      0.80       268
          R       0.65      0.41      0.50       125

avg / total       0.67      0.70      0.67       571

01/29/2018 20:23:37 [INFO] exp_shallowmodel: confusion matrix:
01/29/2018 20:23:37 [INFO] exp_shallowmodel: 
[[  0   1  13   0]
 [  0 108  39  17]
 [  0  19 238  11]
 [  0  40  34  51]]
01/29/2018 20:23:37 [INFO] exp_shallowmodel: ******************** dstc2 - Round 24 
01/29/2018 20:23:37 [INFO] exp_shallowmodel: #(data) = 4583
01/29/2018 20:23:37 [INFO] exp_shallowmodel: #(feature) = 5
01/29/2018 20:23:37 [INFO] exp_shallowmodel: ================================================================================
01/29/2018 20:23:37 [INFO] exp_shallowmodel: LR.pen=l1.C=1.000000
01/29/2018 20:23:37 [INFO] exp_shallowmodel: ________________________________________________________________________________
01/29/2018 20:23:37 [INFO] exp_shallowmodel: Training: 
01/29/2018 20:23:37 [INFO] exp_shallowmodel: LogisticRegression(C=1, class_weight=None, dual=False, fit_intercept=True,
          intercept_scaling=1, max_iter=100, multi_class='ovr', n_jobs=1,
          penalty='l1', random_state=None, solver='liblinear', tol=0.0001,
          verbose=0, warm_start=False)
01/29/2018 20:23:37 [INFO] exp_shallowmodel: train time: 0.019s
01/29/2018 20:23:37 [INFO] exp_shallowmodel: test time:  0.000s
01/29/2018 20:23:37 [INFO] exp_shallowmodel: accuracy:   0.667
01/29/2018 20:23:37 [INFO] exp_shallowmodel: f1_score:   0.457
01/29/2018 20:23:37 [INFO] exp_shallowmodel: classification report:
01/29/2018 20:23:37 [INFO] exp_shallowmodel:              precision    recall  f1-score   support

          A       0.00      0.00      0.00        14
          C       0.62      0.59      0.60       164
          F       0.72      0.90      0.80       268
          R       0.54      0.35      0.43       125

avg / total       0.63      0.67      0.64       571

01/29/2018 20:23:37 [INFO] exp_shallowmodel: confusion matrix:
01/29/2018 20:23:37 [INFO] exp_shallowmodel: 
[[  0   4  10   0]
 [  0  96  39  29]
 [  0  18 241   9]
 [  0  38  43  44]]
01/29/2018 20:23:37 [INFO] exp_shallowmodel: ******************** dstc2 - Round 25 
01/29/2018 20:23:37 [INFO] exp_shallowmodel: #(data) = 4583
01/29/2018 20:23:37 [INFO] exp_shallowmodel: #(feature) = 5
01/29/2018 20:23:37 [INFO] exp_shallowmodel: ================================================================================
01/29/2018 20:23:37 [INFO] exp_shallowmodel: LR.pen=l1.C=1.000000
01/29/2018 20:23:37 [INFO] exp_shallowmodel: ________________________________________________________________________________
01/29/2018 20:23:37 [INFO] exp_shallowmodel: Training: 
01/29/2018 20:23:37 [INFO] exp_shallowmodel: LogisticRegression(C=1, class_weight=None, dual=False, fit_intercept=True,
          intercept_scaling=1, max_iter=100, multi_class='ovr', n_jobs=1,
          penalty='l1', random_state=None, solver='liblinear', tol=0.0001,
          verbose=0, warm_start=False)
01/29/2018 20:23:37 [INFO] exp_shallowmodel: train time: 0.020s
01/29/2018 20:23:37 [INFO] exp_shallowmodel: test time:  0.000s
01/29/2018 20:23:37 [INFO] exp_shallowmodel: accuracy:   0.762
01/29/2018 20:23:37 [INFO] exp_shallowmodel: f1_score:   0.549
01/29/2018 20:23:37 [INFO] exp_shallowmodel: classification report:
01/29/2018 20:23:37 [INFO] exp_shallowmodel:              precision    recall  f1-score   support

          A       0.00      0.00      0.00        14
          C       0.72      0.73      0.72       164
          F       0.78      0.94      0.85       268
          R       0.78      0.52      0.62       125

avg / total       0.74      0.76      0.74       571

01/29/2018 20:23:37 [INFO] exp_shallowmodel: confusion matrix:
01/29/2018 20:23:37 [INFO] exp_shallowmodel: 
[[  0   5   8   1]
 [  0 119  35  10]
 [  0  10 251   7]
 [  0  31  29  65]]
01/29/2018 20:23:37 [INFO] exp_shallowmodel: ******************** dstc2 - Round 26 
01/29/2018 20:23:37 [INFO] exp_shallowmodel: #(data) = 4583
01/29/2018 20:23:37 [INFO] exp_shallowmodel: #(feature) = 5
01/29/2018 20:23:37 [INFO] exp_shallowmodel: ================================================================================
01/29/2018 20:23:37 [INFO] exp_shallowmodel: LR.pen=l1.C=1.000000
01/29/2018 20:23:37 [INFO] exp_shallowmodel: ________________________________________________________________________________
01/29/2018 20:23:37 [INFO] exp_shallowmodel: Training: 
01/29/2018 20:23:37 [INFO] exp_shallowmodel: LogisticRegression(C=1, class_weight=None, dual=False, fit_intercept=True,
          intercept_scaling=1, max_iter=100, multi_class='ovr', n_jobs=1,
          penalty='l1', random_state=None, solver='liblinear', tol=0.0001,
          verbose=0, warm_start=False)
01/29/2018 20:23:37 [INFO] exp_shallowmodel: train time: 0.019s
01/29/2018 20:23:37 [INFO] exp_shallowmodel: test time:  0.000s
01/29/2018 20:23:37 [INFO] exp_shallowmodel: accuracy:   0.685
01/29/2018 20:23:37 [INFO] exp_shallowmodel: f1_score:   0.483
01/29/2018 20:23:37 [INFO] exp_shallowmodel: classification report:
01/29/2018 20:23:37 [INFO] exp_shallowmodel:              precision    recall  f1-score   support

          A       0.00      0.00      0.00        14
          C       0.62      0.59      0.60       164
          F       0.71      0.90      0.80       268
          R       0.70      0.43      0.53       125

avg / total       0.66      0.68      0.66       571

01/29/2018 20:23:37 [INFO] exp_shallowmodel: confusion matrix:
01/29/2018 20:23:37 [INFO] exp_shallowmodel: 
[[  0   2  12   0]
 [  0  96  51  17]
 [  0  21 241   6]
 [  0  37  34  54]]
01/29/2018 20:23:37 [INFO] exp_shallowmodel: ******************** dstc2 - Round 27 
01/29/2018 20:23:37 [INFO] exp_shallowmodel: #(data) = 4583
01/29/2018 20:23:37 [INFO] exp_shallowmodel: #(feature) = 5
01/29/2018 20:23:37 [INFO] exp_shallowmodel: ================================================================================
01/29/2018 20:23:37 [INFO] exp_shallowmodel: LR.pen=l1.C=1.000000
01/29/2018 20:23:37 [INFO] exp_shallowmodel: ________________________________________________________________________________
01/29/2018 20:23:37 [INFO] exp_shallowmodel: Training: 
01/29/2018 20:23:37 [INFO] exp_shallowmodel: LogisticRegression(C=1, class_weight=None, dual=False, fit_intercept=True,
          intercept_scaling=1, max_iter=100, multi_class='ovr', n_jobs=1,
          penalty='l1', random_state=None, solver='liblinear', tol=0.0001,
          verbose=0, warm_start=False)
01/29/2018 20:23:37 [INFO] exp_shallowmodel: train time: 0.019s
01/29/2018 20:23:37 [INFO] exp_shallowmodel: test time:  0.000s
01/29/2018 20:23:37 [INFO] exp_shallowmodel: accuracy:   0.701
01/29/2018 20:23:37 [INFO] exp_shallowmodel: f1_score:   0.492
01/29/2018 20:23:37 [INFO] exp_shallowmodel: classification report:
01/29/2018 20:23:37 [INFO] exp_shallowmodel:              precision    recall  f1-score   support

          A       0.00      0.00      0.00        14
          C       0.66      0.64      0.65       164
          F       0.74      0.90      0.82       268
          R       0.61      0.42      0.50       125

avg / total       0.67      0.70      0.68       571

01/29/2018 20:23:37 [INFO] exp_shallowmodel: confusion matrix:
01/29/2018 20:23:37 [INFO] exp_shallowmodel: 
[[  0   3  11   0]
 [  0 105  33  26]
 [  0  18 242   8]
 [  0  33  39  53]]
01/29/2018 20:23:37 [INFO] exp_shallowmodel: ******************** dstc2 - Round 28 
01/29/2018 20:23:37 [INFO] exp_shallowmodel: #(data) = 4583
01/29/2018 20:23:37 [INFO] exp_shallowmodel: #(feature) = 5
01/29/2018 20:23:37 [INFO] exp_shallowmodel: ================================================================================
01/29/2018 20:23:37 [INFO] exp_shallowmodel: LR.pen=l1.C=1.000000
01/29/2018 20:23:37 [INFO] exp_shallowmodel: ________________________________________________________________________________
01/29/2018 20:23:37 [INFO] exp_shallowmodel: Training: 
01/29/2018 20:23:37 [INFO] exp_shallowmodel: LogisticRegression(C=1, class_weight=None, dual=False, fit_intercept=True,
          intercept_scaling=1, max_iter=100, multi_class='ovr', n_jobs=1,
          penalty='l1', random_state=None, solver='liblinear', tol=0.0001,
          verbose=0, warm_start=False)
01/29/2018 20:23:37 [INFO] exp_shallowmodel: train time: 0.020s
01/29/2018 20:23:37 [INFO] exp_shallowmodel: test time:  0.000s
01/29/2018 20:23:37 [INFO] exp_shallowmodel: accuracy:   0.708
01/29/2018 20:23:37 [INFO] exp_shallowmodel: f1_score:   0.501
01/29/2018 20:23:37 [INFO] exp_shallowmodel: classification report:
01/29/2018 20:23:37 [INFO] exp_shallowmodel:              precision    recall  f1-score   support

          A       0.00      0.00      0.00        14
          C       0.68      0.63      0.65       164
          F       0.73      0.91      0.81       268
          R       0.69      0.45      0.54       125

avg / total       0.69      0.71      0.69       571

01/29/2018 20:23:37 [INFO] exp_shallowmodel: confusion matrix:
01/29/2018 20:23:37 [INFO] exp_shallowmodel: 
[[  0   2  12   0]
 [  0 104  43  17]
 [  0  16 244   8]
 [  0  32  37  56]]
01/29/2018 20:23:37 [INFO] exp_shallowmodel: ******************** dstc2 - Round 29 
01/29/2018 20:23:37 [INFO] exp_shallowmodel: #(data) = 4568
01/29/2018 20:23:37 [INFO] exp_shallowmodel: #(feature) = 5
01/29/2018 20:23:37 [INFO] exp_shallowmodel: ================================================================================
01/29/2018 20:23:37 [INFO] exp_shallowmodel: LR.pen=l1.C=1.000000
01/29/2018 20:23:37 [INFO] exp_shallowmodel: ________________________________________________________________________________
01/29/2018 20:23:37 [INFO] exp_shallowmodel: Training: 
01/29/2018 20:23:37 [INFO] exp_shallowmodel: LogisticRegression(C=1, class_weight=None, dual=False, fit_intercept=True,
          intercept_scaling=1, max_iter=100, multi_class='ovr', n_jobs=1,
          penalty='l1', random_state=None, solver='liblinear', tol=0.0001,
          verbose=0, warm_start=False)
01/29/2018 20:23:37 [INFO] exp_shallowmodel: train time: 0.019s
01/29/2018 20:23:37 [INFO] exp_shallowmodel: test time:  0.000s
01/29/2018 20:23:37 [INFO] exp_shallowmodel: accuracy:   0.676
01/29/2018 20:23:37 [INFO] exp_shallowmodel: f1_score:   0.473
01/29/2018 20:23:37 [INFO] exp_shallowmodel: classification report:
01/29/2018 20:23:37 [INFO] exp_shallowmodel:              precision    recall  f1-score   support

          A       0.00      0.00      0.00        16
          C       0.64      0.62      0.63       169
          F       0.71      0.89      0.79       271
          R       0.61      0.38      0.47       130

avg / total       0.65      0.68      0.65       586

01/29/2018 20:23:37 [INFO] exp_shallowmodel: confusion matrix:
01/29/2018 20:23:37 [INFO] exp_shallowmodel: 
[[  0   1  15   0]
 [  0 105  42  22]
 [  0  20 241  10]
 [  0  38  42  50]]
01/29/2018 20:23:37 [INFO] exp_shallowmodel: ******************** dstc2 - Round 30 
01/29/2018 20:23:37 [INFO] exp_shallowmodel: #(data) = 4583
01/29/2018 20:23:37 [INFO] exp_shallowmodel: #(feature) = 5
01/29/2018 20:23:37 [INFO] exp_shallowmodel: ================================================================================
01/29/2018 20:23:37 [INFO] exp_shallowmodel: LR.pen=l1.C=1.000000
01/29/2018 20:23:37 [INFO] exp_shallowmodel: ________________________________________________________________________________
01/29/2018 20:23:37 [INFO] exp_shallowmodel: Training: 
01/29/2018 20:23:37 [INFO] exp_shallowmodel: LogisticRegression(C=1, class_weight=None, dual=False, fit_intercept=True,
          intercept_scaling=1, max_iter=100, multi_class='ovr', n_jobs=1,
          penalty='l1', random_state=None, solver='liblinear', tol=0.0001,
          verbose=0, warm_start=False)
01/29/2018 20:23:37 [INFO] exp_shallowmodel: train time: 0.020s
01/29/2018 20:23:37 [INFO] exp_shallowmodel: test time:  0.000s
01/29/2018 20:23:37 [INFO] exp_shallowmodel: accuracy:   0.694
01/29/2018 20:23:37 [INFO] exp_shallowmodel: f1_score:   0.486
01/29/2018 20:23:37 [INFO] exp_shallowmodel: classification report:
01/29/2018 20:23:37 [INFO] exp_shallowmodel:              precision    recall  f1-score   support

          A       0.00      0.00      0.00        14
          C       0.63      0.61      0.62       164
          F       0.73      0.91      0.81       268
          R       0.68      0.42      0.51       125

avg / total       0.67      0.69      0.67       571

01/29/2018 20:23:37 [INFO] exp_shallowmodel: confusion matrix:
01/29/2018 20:23:37 [INFO] exp_shallowmodel: 
[[  0   2  12   0]
 [  0 100  51  13]
 [  0  12 244  12]
 [  0  45  28  52]]
01/29/2018 20:23:37 [INFO] exp_shallowmodel: ******************** dstc2 - Round 31 
01/29/2018 20:23:37 [INFO] exp_shallowmodel: #(data) = 4583
01/29/2018 20:23:37 [INFO] exp_shallowmodel: #(feature) = 5
01/29/2018 20:23:37 [INFO] exp_shallowmodel: ================================================================================
01/29/2018 20:23:37 [INFO] exp_shallowmodel: LR.pen=l1.C=1.000000
01/29/2018 20:23:37 [INFO] exp_shallowmodel: ________________________________________________________________________________
01/29/2018 20:23:37 [INFO] exp_shallowmodel: Training: 
01/29/2018 20:23:37 [INFO] exp_shallowmodel: LogisticRegression(C=1, class_weight=None, dual=False, fit_intercept=True,
          intercept_scaling=1, max_iter=100, multi_class='ovr', n_jobs=1,
          penalty='l1', random_state=None, solver='liblinear', tol=0.0001,
          verbose=0, warm_start=False)
01/29/2018 20:23:37 [INFO] exp_shallowmodel: train time: 0.019s
01/29/2018 20:23:37 [INFO] exp_shallowmodel: test time:  0.000s
01/29/2018 20:23:37 [INFO] exp_shallowmodel: accuracy:   0.708
01/29/2018 20:23:37 [INFO] exp_shallowmodel: f1_score:   0.505
01/29/2018 20:23:37 [INFO] exp_shallowmodel: classification report:
01/29/2018 20:23:37 [INFO] exp_shallowmodel:              precision    recall  f1-score   support

          A       0.00      0.00      0.00        14
          C       0.67      0.66      0.67       164
          F       0.73      0.89      0.80       268
          R       0.70      0.46      0.55       125

avg / total       0.69      0.71      0.69       571

01/29/2018 20:23:37 [INFO] exp_shallowmodel: confusion matrix:
01/29/2018 20:23:37 [INFO] exp_shallowmodel: 
[[  0   3  11   0]
 [  0 109  39  16]
 [  0  21 238   9]
 [  0  29  39  57]]
01/29/2018 20:23:37 [INFO] exp_shallowmodel: ******************** dstc2 - Round 32 
01/29/2018 20:23:37 [INFO] exp_shallowmodel: #(data) = 4583
01/29/2018 20:23:37 [INFO] exp_shallowmodel: #(feature) = 5
01/29/2018 20:23:37 [INFO] exp_shallowmodel: ================================================================================
01/29/2018 20:23:37 [INFO] exp_shallowmodel: LR.pen=l1.C=1.000000
01/29/2018 20:23:37 [INFO] exp_shallowmodel: ________________________________________________________________________________
01/29/2018 20:23:37 [INFO] exp_shallowmodel: Training: 
01/29/2018 20:23:37 [INFO] exp_shallowmodel: LogisticRegression(C=1, class_weight=None, dual=False, fit_intercept=True,
          intercept_scaling=1, max_iter=100, multi_class='ovr', n_jobs=1,
          penalty='l1', random_state=None, solver='liblinear', tol=0.0001,
          verbose=0, warm_start=False)
01/29/2018 20:23:38 [INFO] exp_shallowmodel: train time: 0.019s
01/29/2018 20:23:38 [INFO] exp_shallowmodel: test time:  0.000s
01/29/2018 20:23:38 [INFO] exp_shallowmodel: accuracy:   0.685
01/29/2018 20:23:38 [INFO] exp_shallowmodel: f1_score:   0.478
01/29/2018 20:23:38 [INFO] exp_shallowmodel: classification report:
01/29/2018 20:23:38 [INFO] exp_shallowmodel:              precision    recall  f1-score   support

          A       0.00      0.00      0.00        14
          C       0.64      0.60      0.62       164
          F       0.73      0.90      0.81       268
          R       0.58      0.42      0.49       125

avg / total       0.66      0.68      0.66       571

01/29/2018 20:23:38 [INFO] exp_shallowmodel: confusion matrix:
01/29/2018 20:23:38 [INFO] exp_shallowmodel: 
[[  0   2  12   0]
 [  0  99  37  28]
 [  0  19 240   9]
 [  0  34  39  52]]
01/29/2018 20:23:38 [INFO] exp_shallowmodel: ******************** dstc2 - Round 33 
01/29/2018 20:23:38 [INFO] exp_shallowmodel: #(data) = 4583
01/29/2018 20:23:38 [INFO] exp_shallowmodel: #(feature) = 5
01/29/2018 20:23:38 [INFO] exp_shallowmodel: ================================================================================
01/29/2018 20:23:38 [INFO] exp_shallowmodel: LR.pen=l1.C=1.000000
01/29/2018 20:23:38 [INFO] exp_shallowmodel: ________________________________________________________________________________
01/29/2018 20:23:38 [INFO] exp_shallowmodel: Training: 
01/29/2018 20:23:38 [INFO] exp_shallowmodel: LogisticRegression(C=1, class_weight=None, dual=False, fit_intercept=True,
          intercept_scaling=1, max_iter=100, multi_class='ovr', n_jobs=1,
          penalty='l1', random_state=None, solver='liblinear', tol=0.0001,
          verbose=0, warm_start=False)
01/29/2018 20:23:38 [INFO] exp_shallowmodel: train time: 0.019s
01/29/2018 20:23:38 [INFO] exp_shallowmodel: test time:  0.000s
01/29/2018 20:23:38 [INFO] exp_shallowmodel: accuracy:   0.711
01/29/2018 20:23:38 [INFO] exp_shallowmodel: f1_score:   0.495
01/29/2018 20:23:38 [INFO] exp_shallowmodel: classification report:
01/29/2018 20:23:38 [INFO] exp_shallowmodel:              precision    recall  f1-score   support

          A       0.00      0.00      0.00        14
          C       0.66      0.68      0.67       164
          F       0.75      0.92      0.82       268
          R       0.68      0.38      0.49       125

avg / total       0.69      0.71      0.69       571

01/29/2018 20:23:38 [INFO] exp_shallowmodel: confusion matrix:
01/29/2018 20:23:38 [INFO] exp_shallowmodel: 
[[  0   6   8   0]
 [  0 111  36  17]
 [  0  15 247   6]
 [  0  37  40  48]]
01/29/2018 20:23:38 [INFO] exp_shallowmodel: ******************** dstc2 - Round 34 
01/29/2018 20:23:38 [INFO] exp_shallowmodel: #(data) = 4583
01/29/2018 20:23:38 [INFO] exp_shallowmodel: #(feature) = 5
01/29/2018 20:23:38 [INFO] exp_shallowmodel: ================================================================================
01/29/2018 20:23:38 [INFO] exp_shallowmodel: LR.pen=l1.C=1.000000
01/29/2018 20:23:38 [INFO] exp_shallowmodel: ________________________________________________________________________________
01/29/2018 20:23:38 [INFO] exp_shallowmodel: Training: 
01/29/2018 20:23:38 [INFO] exp_shallowmodel: LogisticRegression(C=1, class_weight=None, dual=False, fit_intercept=True,
          intercept_scaling=1, max_iter=100, multi_class='ovr', n_jobs=1,
          penalty='l1', random_state=None, solver='liblinear', tol=0.0001,
          verbose=0, warm_start=False)
01/29/2018 20:23:38 [INFO] exp_shallowmodel: train time: 0.019s
01/29/2018 20:23:38 [INFO] exp_shallowmodel: test time:  0.000s
01/29/2018 20:23:38 [INFO] exp_shallowmodel: accuracy:   0.722
01/29/2018 20:23:38 [INFO] exp_shallowmodel: f1_score:   0.509
01/29/2018 20:23:38 [INFO] exp_shallowmodel: classification report:
01/29/2018 20:23:38 [INFO] exp_shallowmodel:              precision    recall  f1-score   support

          A       0.00      0.00      0.00        14
          C       0.74      0.65      0.69       164
          F       0.73      0.94      0.82       268
          R       0.66      0.44      0.53       125

avg / total       0.70      0.72      0.70       571

01/29/2018 20:23:38 [INFO] exp_shallowmodel: confusion matrix:
01/29/2018 20:23:38 [INFO] exp_shallowmodel: 
[[  0   1  12   1]
 [  0 106  37  21]
 [  0  11 251   6]
 [  0  26  44  55]]
01/29/2018 20:23:38 [INFO] exp_shallowmodel: ******************** dstc2 - Round 35 
01/29/2018 20:23:38 [INFO] exp_shallowmodel: #(data) = 4583
01/29/2018 20:23:38 [INFO] exp_shallowmodel: #(feature) = 5
01/29/2018 20:23:38 [INFO] exp_shallowmodel: ================================================================================
01/29/2018 20:23:38 [INFO] exp_shallowmodel: LR.pen=l1.C=1.000000
01/29/2018 20:23:38 [INFO] exp_shallowmodel: ________________________________________________________________________________
01/29/2018 20:23:38 [INFO] exp_shallowmodel: Training: 
01/29/2018 20:23:38 [INFO] exp_shallowmodel: LogisticRegression(C=1, class_weight=None, dual=False, fit_intercept=True,
          intercept_scaling=1, max_iter=100, multi_class='ovr', n_jobs=1,
          penalty='l1', random_state=None, solver='liblinear', tol=0.0001,
          verbose=0, warm_start=False)
01/29/2018 20:23:38 [INFO] exp_shallowmodel: train time: 0.020s
01/29/2018 20:23:38 [INFO] exp_shallowmodel: test time:  0.000s
01/29/2018 20:23:38 [INFO] exp_shallowmodel: accuracy:   0.687
01/29/2018 20:23:38 [INFO] exp_shallowmodel: f1_score:   0.484
01/29/2018 20:23:38 [INFO] exp_shallowmodel: classification report:
01/29/2018 20:23:38 [INFO] exp_shallowmodel:              precision    recall  f1-score   support

          A       0.00      0.00      0.00        14
          C       0.63      0.60      0.62       164
          F       0.73      0.88      0.80       268
          R       0.62      0.45      0.52       125

avg / total       0.66      0.69      0.67       571

01/29/2018 20:23:38 [INFO] exp_shallowmodel: confusion matrix:
01/29/2018 20:23:38 [INFO] exp_shallowmodel: 
[[  0   4  10   0]
 [  0  99  43  22]
 [  0  18 237  13]
 [  0  35  34  56]]
01/29/2018 20:23:38 [INFO] exp_shallowmodel: ******************** dstc2 - Round 36 
01/29/2018 20:23:38 [INFO] exp_shallowmodel: #(data) = 4583
01/29/2018 20:23:38 [INFO] exp_shallowmodel: #(feature) = 5
01/29/2018 20:23:38 [INFO] exp_shallowmodel: ================================================================================
01/29/2018 20:23:38 [INFO] exp_shallowmodel: LR.pen=l1.C=1.000000
01/29/2018 20:23:38 [INFO] exp_shallowmodel: ________________________________________________________________________________
01/29/2018 20:23:38 [INFO] exp_shallowmodel: Training: 
01/29/2018 20:23:38 [INFO] exp_shallowmodel: LogisticRegression(C=1, class_weight=None, dual=False, fit_intercept=True,
          intercept_scaling=1, max_iter=100, multi_class='ovr', n_jobs=1,
          penalty='l1', random_state=None, solver='liblinear', tol=0.0001,
          verbose=0, warm_start=False)
01/29/2018 20:23:38 [INFO] exp_shallowmodel: train time: 0.019s
01/29/2018 20:23:38 [INFO] exp_shallowmodel: test time:  0.000s
01/29/2018 20:23:38 [INFO] exp_shallowmodel: accuracy:   0.692
01/29/2018 20:23:38 [INFO] exp_shallowmodel: f1_score:   0.485
01/29/2018 20:23:38 [INFO] exp_shallowmodel: classification report:
01/29/2018 20:23:38 [INFO] exp_shallowmodel:              precision    recall  f1-score   support

          A       0.00      0.00      0.00        14
          C       0.65      0.63      0.64       164
          F       0.72      0.90      0.80       268
          R       0.67      0.40      0.50       125

avg / total       0.67      0.69      0.67       571

01/29/2018 20:23:38 [INFO] exp_shallowmodel: confusion matrix:
01/29/2018 20:23:38 [INFO] exp_shallowmodel: 
[[  0   2  12   0]
 [  0 103  43  18]
 [  0  19 242   7]
 [  0  34  41  50]]
01/29/2018 20:23:38 [INFO] exp_shallowmodel: ******************** dstc2 - Round 37 
01/29/2018 20:23:38 [INFO] exp_shallowmodel: #(data) = 4583
01/29/2018 20:23:38 [INFO] exp_shallowmodel: #(feature) = 5
01/29/2018 20:23:38 [INFO] exp_shallowmodel: ================================================================================
01/29/2018 20:23:38 [INFO] exp_shallowmodel: LR.pen=l1.C=1.000000
01/29/2018 20:23:38 [INFO] exp_shallowmodel: ________________________________________________________________________________
01/29/2018 20:23:38 [INFO] exp_shallowmodel: Training: 
01/29/2018 20:23:38 [INFO] exp_shallowmodel: LogisticRegression(C=1, class_weight=None, dual=False, fit_intercept=True,
          intercept_scaling=1, max_iter=100, multi_class='ovr', n_jobs=1,
          penalty='l1', random_state=None, solver='liblinear', tol=0.0001,
          verbose=0, warm_start=False)
01/29/2018 20:23:38 [INFO] exp_shallowmodel: train time: 0.020s
01/29/2018 20:23:38 [INFO] exp_shallowmodel: test time:  0.000s
01/29/2018 20:23:38 [INFO] exp_shallowmodel: accuracy:   0.704
01/29/2018 20:23:38 [INFO] exp_shallowmodel: f1_score:   0.496
01/29/2018 20:23:38 [INFO] exp_shallowmodel: classification report:
01/29/2018 20:23:38 [INFO] exp_shallowmodel:              precision    recall  f1-score   support

          A       0.00      0.00      0.00        14
          C       0.66      0.68      0.67       164
          F       0.74      0.89      0.81       268
          R       0.67      0.41      0.51       125

avg / total       0.68      0.70      0.68       571

01/29/2018 20:23:38 [INFO] exp_shallowmodel: confusion matrix:
01/29/2018 20:23:38 [INFO] exp_shallowmodel: 
[[  0   0  13   1]
 [  0 112  39  13]
 [  0  18 239  11]
 [  0  40  34  51]]
01/29/2018 20:23:38 [INFO] exp_shallowmodel: ******************** dstc2 - Round 38 
01/29/2018 20:23:38 [INFO] exp_shallowmodel: #(data) = 4583
01/29/2018 20:23:38 [INFO] exp_shallowmodel: #(feature) = 5
01/29/2018 20:23:38 [INFO] exp_shallowmodel: ================================================================================
01/29/2018 20:23:38 [INFO] exp_shallowmodel: LR.pen=l1.C=1.000000
01/29/2018 20:23:38 [INFO] exp_shallowmodel: ________________________________________________________________________________
01/29/2018 20:23:38 [INFO] exp_shallowmodel: Training: 
01/29/2018 20:23:38 [INFO] exp_shallowmodel: LogisticRegression(C=1, class_weight=None, dual=False, fit_intercept=True,
          intercept_scaling=1, max_iter=100, multi_class='ovr', n_jobs=1,
          penalty='l1', random_state=None, solver='liblinear', tol=0.0001,
          verbose=0, warm_start=False)
01/29/2018 20:23:38 [INFO] exp_shallowmodel: train time: 0.020s
01/29/2018 20:23:38 [INFO] exp_shallowmodel: test time:  0.000s
01/29/2018 20:23:38 [INFO] exp_shallowmodel: accuracy:   0.685
01/29/2018 20:23:38 [INFO] exp_shallowmodel: f1_score:   0.476
01/29/2018 20:23:38 [INFO] exp_shallowmodel: classification report:
01/29/2018 20:23:38 [INFO] exp_shallowmodel:              precision    recall  f1-score   support

          A       0.00      0.00      0.00        14
          C       0.60      0.59      0.60       164
          F       0.76      0.90      0.82       268
          R       0.58      0.42      0.48       125

avg / total       0.65      0.68      0.66       571

01/29/2018 20:23:38 [INFO] exp_shallowmodel: confusion matrix:
01/29/2018 20:23:38 [INFO] exp_shallowmodel: 
[[  0   5   9   0]
 [  0  97  39  28]
 [  0  16 242  10]
 [  0  43  30  52]]
01/29/2018 20:23:38 [INFO] exp_shallowmodel: ******************** dstc2 - Round 39 
01/29/2018 20:23:38 [INFO] exp_shallowmodel: #(data) = 4568
01/29/2018 20:23:38 [INFO] exp_shallowmodel: #(feature) = 5
01/29/2018 20:23:38 [INFO] exp_shallowmodel: ================================================================================
01/29/2018 20:23:38 [INFO] exp_shallowmodel: LR.pen=l1.C=1.000000
01/29/2018 20:23:38 [INFO] exp_shallowmodel: ________________________________________________________________________________
01/29/2018 20:23:38 [INFO] exp_shallowmodel: Training: 
01/29/2018 20:23:38 [INFO] exp_shallowmodel: LogisticRegression(C=1, class_weight=None, dual=False, fit_intercept=True,
          intercept_scaling=1, max_iter=100, multi_class='ovr', n_jobs=1,
          penalty='l1', random_state=None, solver='liblinear', tol=0.0001,
          verbose=0, warm_start=False)
01/29/2018 20:23:38 [INFO] exp_shallowmodel: train time: 0.019s
01/29/2018 20:23:38 [INFO] exp_shallowmodel: test time:  0.000s
01/29/2018 20:23:38 [INFO] exp_shallowmodel: accuracy:   0.724
01/29/2018 20:23:38 [INFO] exp_shallowmodel: f1_score:   0.524
01/29/2018 20:23:38 [INFO] exp_shallowmodel: classification report:
01/29/2018 20:23:38 [INFO] exp_shallowmodel:              precision    recall  f1-score   support

          A       0.00      0.00      0.00        16
          C       0.71      0.67      0.69       169
          F       0.74      0.90      0.81       271
          R       0.71      0.52      0.60       130

avg / total       0.70      0.72      0.71       586

01/29/2018 20:23:38 [INFO] exp_shallowmodel: confusion matrix:
01/29/2018 20:23:38 [INFO] exp_shallowmodel: 
[[  0   2  13   1]
 [  0 114  39  16]
 [  0  17 243  11]
 [  0  28  35  67]]
01/29/2018 20:23:38 [INFO] exp_shallowmodel: ******************** dstc2 - Round 40 
01/29/2018 20:23:38 [INFO] exp_shallowmodel: #(data) = 4583
01/29/2018 20:23:38 [INFO] exp_shallowmodel: #(feature) = 5
01/29/2018 20:23:38 [INFO] exp_shallowmodel: ================================================================================
01/29/2018 20:23:38 [INFO] exp_shallowmodel: LR.pen=l1.C=1.000000
01/29/2018 20:23:38 [INFO] exp_shallowmodel: ________________________________________________________________________________
01/29/2018 20:23:38 [INFO] exp_shallowmodel: Training: 
01/29/2018 20:23:38 [INFO] exp_shallowmodel: LogisticRegression(C=1, class_weight=None, dual=False, fit_intercept=True,
          intercept_scaling=1, max_iter=100, multi_class='ovr', n_jobs=1,
          penalty='l1', random_state=None, solver='liblinear', tol=0.0001,
          verbose=0, warm_start=False)
01/29/2018 20:23:38 [INFO] exp_shallowmodel: train time: 0.019s
01/29/2018 20:23:38 [INFO] exp_shallowmodel: test time:  0.000s
01/29/2018 20:23:38 [INFO] exp_shallowmodel: accuracy:   0.709
01/29/2018 20:23:38 [INFO] exp_shallowmodel: f1_score:   0.499
01/29/2018 20:23:38 [INFO] exp_shallowmodel: classification report:
01/29/2018 20:23:38 [INFO] exp_shallowmodel:              precision    recall  f1-score   support

          A       0.00      0.00      0.00        14
          C       0.66      0.69      0.67       164
          F       0.75      0.90      0.82       268
          R       0.66      0.41      0.50       125

avg / total       0.68      0.71      0.69       571

01/29/2018 20:23:38 [INFO] exp_shallowmodel: confusion matrix:
01/29/2018 20:23:38 [INFO] exp_shallowmodel: 
[[  0   6   8   0]
 [  0 113  35  16]
 [  0  17 241  10]
 [  0  35  39  51]]
01/29/2018 20:23:38 [INFO] exp_shallowmodel: ******************** dstc2 - Round 41 
01/29/2018 20:23:38 [INFO] exp_shallowmodel: #(data) = 4583
01/29/2018 20:23:38 [INFO] exp_shallowmodel: #(feature) = 5
01/29/2018 20:23:38 [INFO] exp_shallowmodel: ================================================================================
01/29/2018 20:23:38 [INFO] exp_shallowmodel: LR.pen=l1.C=1.000000
01/29/2018 20:23:38 [INFO] exp_shallowmodel: ________________________________________________________________________________
01/29/2018 20:23:38 [INFO] exp_shallowmodel: Training: 
01/29/2018 20:23:38 [INFO] exp_shallowmodel: LogisticRegression(C=1, class_weight=None, dual=False, fit_intercept=True,
          intercept_scaling=1, max_iter=100, multi_class='ovr', n_jobs=1,
          penalty='l1', random_state=None, solver='liblinear', tol=0.0001,
          verbose=0, warm_start=False)
01/29/2018 20:23:38 [INFO] exp_shallowmodel: train time: 0.019s
01/29/2018 20:23:38 [INFO] exp_shallowmodel: test time:  0.000s
01/29/2018 20:23:38 [INFO] exp_shallowmodel: accuracy:   0.695
01/29/2018 20:23:38 [INFO] exp_shallowmodel: f1_score:   0.489
01/29/2018 20:23:38 [INFO] exp_shallowmodel: classification report:
01/29/2018 20:23:38 [INFO] exp_shallowmodel:              precision    recall  f1-score   support

          A       0.00      0.00      0.00        14
          C       0.64      0.62      0.63       164
          F       0.73      0.90      0.81       268
          R       0.64      0.43      0.52       125

avg / total       0.67      0.70      0.67       571

01/29/2018 20:23:38 [INFO] exp_shallowmodel: confusion matrix:
01/29/2018 20:23:38 [INFO] exp_shallowmodel: 
[[  0   2  12   0]
 [  0 102  43  19]
 [  0  16 241  11]
 [  0  39  32  54]]
01/29/2018 20:23:38 [INFO] exp_shallowmodel: ******************** dstc2 - Round 42 
01/29/2018 20:23:38 [INFO] exp_shallowmodel: #(data) = 4583
01/29/2018 20:23:38 [INFO] exp_shallowmodel: #(feature) = 5
01/29/2018 20:23:38 [INFO] exp_shallowmodel: ================================================================================
01/29/2018 20:23:38 [INFO] exp_shallowmodel: LR.pen=l1.C=1.000000
01/29/2018 20:23:38 [INFO] exp_shallowmodel: ________________________________________________________________________________
01/29/2018 20:23:38 [INFO] exp_shallowmodel: Training: 
01/29/2018 20:23:38 [INFO] exp_shallowmodel: LogisticRegression(C=1, class_weight=None, dual=False, fit_intercept=True,
          intercept_scaling=1, max_iter=100, multi_class='ovr', n_jobs=1,
          penalty='l1', random_state=None, solver='liblinear', tol=0.0001,
          verbose=0, warm_start=False)
01/29/2018 20:23:38 [INFO] exp_shallowmodel: train time: 0.019s
01/29/2018 20:23:38 [INFO] exp_shallowmodel: test time:  0.000s
01/29/2018 20:23:38 [INFO] exp_shallowmodel: accuracy:   0.676
01/29/2018 20:23:38 [INFO] exp_shallowmodel: f1_score:   0.470
01/29/2018 20:23:38 [INFO] exp_shallowmodel: classification report:
01/29/2018 20:23:38 [INFO] exp_shallowmodel:              precision    recall  f1-score   support

          A       0.00      0.00      0.00        14
          C       0.63      0.55      0.59       164
          F       0.72      0.91      0.80       268
          R       0.58      0.42      0.49       125

avg / total       0.65      0.68      0.65       571

01/29/2018 20:23:38 [INFO] exp_shallowmodel: confusion matrix:
01/29/2018 20:23:38 [INFO] exp_shallowmodel: 
[[  0   5   9   0]
 [  0  91  46  27]
 [  0  15 243  10]
 [  0  34  39  52]]
01/29/2018 20:23:38 [INFO] exp_shallowmodel: ******************** dstc2 - Round 43 
01/29/2018 20:23:38 [INFO] exp_shallowmodel: #(data) = 4583
01/29/2018 20:23:38 [INFO] exp_shallowmodel: #(feature) = 5
01/29/2018 20:23:38 [INFO] exp_shallowmodel: ================================================================================
01/29/2018 20:23:38 [INFO] exp_shallowmodel: LR.pen=l1.C=1.000000
01/29/2018 20:23:38 [INFO] exp_shallowmodel: ________________________________________________________________________________
01/29/2018 20:23:38 [INFO] exp_shallowmodel: Training: 
01/29/2018 20:23:38 [INFO] exp_shallowmodel: LogisticRegression(C=1, class_weight=None, dual=False, fit_intercept=True,
          intercept_scaling=1, max_iter=100, multi_class='ovr', n_jobs=1,
          penalty='l1', random_state=None, solver='liblinear', tol=0.0001,
          verbose=0, warm_start=False)
01/29/2018 20:23:38 [INFO] exp_shallowmodel: train time: 0.019s
01/29/2018 20:23:38 [INFO] exp_shallowmodel: test time:  0.000s
01/29/2018 20:23:38 [INFO] exp_shallowmodel: accuracy:   0.704
01/29/2018 20:23:38 [INFO] exp_shallowmodel: f1_score:   0.497
01/29/2018 20:23:38 [INFO] exp_shallowmodel: classification report:
01/29/2018 20:23:38 [INFO] exp_shallowmodel:              precision    recall  f1-score   support

          A       0.00      0.00      0.00        14
          C       0.66      0.66      0.66       164
          F       0.74      0.90      0.81       268
          R       0.65      0.42      0.51       125

avg / total       0.68      0.70      0.68       571

01/29/2018 20:23:38 [INFO] exp_shallowmodel: confusion matrix:
01/29/2018 20:23:38 [INFO] exp_shallowmodel: 
[[  0   2  12   0]
 [  0 109  37  18]
 [  0  18 240  10]
 [  0  35  37  53]]
01/29/2018 20:23:38 [INFO] exp_shallowmodel: ******************** dstc2 - Round 44 
01/29/2018 20:23:38 [INFO] exp_shallowmodel: #(data) = 4583
01/29/2018 20:23:38 [INFO] exp_shallowmodel: #(feature) = 5
01/29/2018 20:23:38 [INFO] exp_shallowmodel: ================================================================================
01/29/2018 20:23:38 [INFO] exp_shallowmodel: LR.pen=l1.C=1.000000
01/29/2018 20:23:38 [INFO] exp_shallowmodel: ________________________________________________________________________________
01/29/2018 20:23:38 [INFO] exp_shallowmodel: Training: 
01/29/2018 20:23:38 [INFO] exp_shallowmodel: LogisticRegression(C=1, class_weight=None, dual=False, fit_intercept=True,
          intercept_scaling=1, max_iter=100, multi_class='ovr', n_jobs=1,
          penalty='l1', random_state=None, solver='liblinear', tol=0.0001,
          verbose=0, warm_start=False)
01/29/2018 20:23:38 [INFO] exp_shallowmodel: train time: 0.020s
01/29/2018 20:23:38 [INFO] exp_shallowmodel: test time:  0.000s
01/29/2018 20:23:38 [INFO] exp_shallowmodel: accuracy:   0.701
01/29/2018 20:23:38 [INFO] exp_shallowmodel: f1_score:   0.496
01/29/2018 20:23:38 [INFO] exp_shallowmodel: classification report:
01/29/2018 20:23:38 [INFO] exp_shallowmodel:              precision    recall  f1-score   support

          A       0.00      0.00      0.00        14
          C       0.64      0.59      0.61       164
          F       0.73      0.91      0.81       268
          R       0.67      0.48      0.56       125

avg / total       0.68      0.70      0.68       571

01/29/2018 20:23:38 [INFO] exp_shallowmodel: confusion matrix:
01/29/2018 20:23:38 [INFO] exp_shallowmodel: 
[[  0   3  10   1]
 [  0  96  44  24]
 [  0  19 244   5]
 [  0  31  34  60]]
01/29/2018 20:23:38 [INFO] exp_shallowmodel: ******************** dstc2 - Round 45 
01/29/2018 20:23:38 [INFO] exp_shallowmodel: #(data) = 4583
01/29/2018 20:23:38 [INFO] exp_shallowmodel: #(feature) = 5
01/29/2018 20:23:38 [INFO] exp_shallowmodel: ================================================================================
01/29/2018 20:23:38 [INFO] exp_shallowmodel: LR.pen=l1.C=1.000000
01/29/2018 20:23:38 [INFO] exp_shallowmodel: ________________________________________________________________________________
01/29/2018 20:23:38 [INFO] exp_shallowmodel: Training: 
01/29/2018 20:23:38 [INFO] exp_shallowmodel: LogisticRegression(C=1, class_weight=None, dual=False, fit_intercept=True,
          intercept_scaling=1, max_iter=100, multi_class='ovr', n_jobs=1,
          penalty='l1', random_state=None, solver='liblinear', tol=0.0001,
          verbose=0, warm_start=False)
01/29/2018 20:23:38 [INFO] exp_shallowmodel: train time: 0.019s
01/29/2018 20:23:38 [INFO] exp_shallowmodel: test time:  0.000s
01/29/2018 20:23:38 [INFO] exp_shallowmodel: accuracy:   0.695
01/29/2018 20:23:38 [INFO] exp_shallowmodel: f1_score:   0.483
01/29/2018 20:23:38 [INFO] exp_shallowmodel: classification report:
01/29/2018 20:23:38 [INFO] exp_shallowmodel:              precision    recall  f1-score   support

          A       0.00      0.00      0.00        14
          C       0.65      0.66      0.66       164
          F       0.75      0.90      0.82       268
          R       0.58      0.38      0.46       125

avg / total       0.66      0.70      0.67       571

01/29/2018 20:23:38 [INFO] exp_shallowmodel: confusion matrix:
01/29/2018 20:23:38 [INFO] exp_shallowmodel: 
[[  0   3  10   1]
 [  0 108  35  21]
 [  0  14 241  13]
 [  0  40  37  48]]
01/29/2018 20:23:38 [INFO] exp_shallowmodel: ******************** dstc2 - Round 46 
01/29/2018 20:23:38 [INFO] exp_shallowmodel: #(data) = 4583
01/29/2018 20:23:38 [INFO] exp_shallowmodel: #(feature) = 5
01/29/2018 20:23:38 [INFO] exp_shallowmodel: ================================================================================
01/29/2018 20:23:38 [INFO] exp_shallowmodel: LR.pen=l1.C=1.000000
01/29/2018 20:23:38 [INFO] exp_shallowmodel: ________________________________________________________________________________
01/29/2018 20:23:38 [INFO] exp_shallowmodel: Training: 
01/29/2018 20:23:38 [INFO] exp_shallowmodel: LogisticRegression(C=1, class_weight=None, dual=False, fit_intercept=True,
          intercept_scaling=1, max_iter=100, multi_class='ovr', n_jobs=1,
          penalty='l1', random_state=None, solver='liblinear', tol=0.0001,
          verbose=0, warm_start=False)
01/29/2018 20:23:38 [INFO] exp_shallowmodel: train time: 0.019s
01/29/2018 20:23:38 [INFO] exp_shallowmodel: test time:  0.000s
01/29/2018 20:23:38 [INFO] exp_shallowmodel: accuracy:   0.687
01/29/2018 20:23:38 [INFO] exp_shallowmodel: f1_score:   0.480
01/29/2018 20:23:38 [INFO] exp_shallowmodel: classification report:
01/29/2018 20:23:38 [INFO] exp_shallowmodel:              precision    recall  f1-score   support

          A       0.00      0.00      0.00        14
          C       0.63      0.63      0.63       164
          F       0.72      0.90      0.80       268
          R       0.66      0.39      0.49       125

avg / total       0.66      0.69      0.66       571

01/29/2018 20:23:38 [INFO] exp_shallowmodel: confusion matrix:
01/29/2018 20:23:38 [INFO] exp_shallowmodel: 
[[  0   1  12   1]
 [  0 103  49  12]
 [  0  16 240  12]
 [  0  44  32  49]]
01/29/2018 20:23:38 [INFO] exp_shallowmodel: ******************** dstc2 - Round 47 
01/29/2018 20:23:38 [INFO] exp_shallowmodel: #(data) = 4583
01/29/2018 20:23:38 [INFO] exp_shallowmodel: #(feature) = 5
01/29/2018 20:23:38 [INFO] exp_shallowmodel: ================================================================================
01/29/2018 20:23:38 [INFO] exp_shallowmodel: LR.pen=l1.C=1.000000
01/29/2018 20:23:38 [INFO] exp_shallowmodel: ________________________________________________________________________________
01/29/2018 20:23:38 [INFO] exp_shallowmodel: Training: 
01/29/2018 20:23:38 [INFO] exp_shallowmodel: LogisticRegression(C=1, class_weight=None, dual=False, fit_intercept=True,
          intercept_scaling=1, max_iter=100, multi_class='ovr', n_jobs=1,
          penalty='l1', random_state=None, solver='liblinear', tol=0.0001,
          verbose=0, warm_start=False)
01/29/2018 20:23:38 [INFO] exp_shallowmodel: train time: 0.019s
01/29/2018 20:23:38 [INFO] exp_shallowmodel: test time:  0.000s
01/29/2018 20:23:38 [INFO] exp_shallowmodel: accuracy:   0.734
01/29/2018 20:23:38 [INFO] exp_shallowmodel: f1_score:   0.521
01/29/2018 20:23:38 [INFO] exp_shallowmodel: classification report:
01/29/2018 20:23:38 [INFO] exp_shallowmodel:              precision    recall  f1-score   support

          A       0.00      0.00      0.00        14
          C       0.69      0.67      0.68       164
          F       0.76      0.93      0.84       268
          R       0.71      0.47      0.57       125

avg / total       0.71      0.73      0.71       571

01/29/2018 20:23:38 [INFO] exp_shallowmodel: confusion matrix:
01/29/2018 20:23:38 [INFO] exp_shallowmodel: 
[[  0   3  11   0]
 [  0 110  34  20]
 [  0  14 250   4]
 [  0  33  33  59]]
01/29/2018 20:23:38 [INFO] exp_shallowmodel: ******************** dstc2 - Round 48 
01/29/2018 20:23:38 [INFO] exp_shallowmodel: #(data) = 4583
01/29/2018 20:23:38 [INFO] exp_shallowmodel: #(feature) = 5
01/29/2018 20:23:38 [INFO] exp_shallowmodel: ================================================================================
01/29/2018 20:23:38 [INFO] exp_shallowmodel: LR.pen=l1.C=1.000000
01/29/2018 20:23:38 [INFO] exp_shallowmodel: ________________________________________________________________________________
01/29/2018 20:23:38 [INFO] exp_shallowmodel: Training: 
01/29/2018 20:23:38 [INFO] exp_shallowmodel: LogisticRegression(C=1, class_weight=None, dual=False, fit_intercept=True,
          intercept_scaling=1, max_iter=100, multi_class='ovr', n_jobs=1,
          penalty='l1', random_state=None, solver='liblinear', tol=0.0001,
          verbose=0, warm_start=False)
01/29/2018 20:23:38 [INFO] exp_shallowmodel: train time: 0.019s
01/29/2018 20:23:38 [INFO] exp_shallowmodel: test time:  0.000s
01/29/2018 20:23:38 [INFO] exp_shallowmodel: accuracy:   0.694
01/29/2018 20:23:38 [INFO] exp_shallowmodel: f1_score:   0.489
01/29/2018 20:23:38 [INFO] exp_shallowmodel: classification report:
01/29/2018 20:23:38 [INFO] exp_shallowmodel:              precision    recall  f1-score   support

          A       0.00      0.00      0.00        14
          C       0.68      0.64      0.66       164
          F       0.71      0.89      0.79       268
          R       0.64      0.42      0.50       125

avg / total       0.67      0.69      0.67       571

01/29/2018 20:23:38 [INFO] exp_shallowmodel: confusion matrix:
01/29/2018 20:23:38 [INFO] exp_shallowmodel: 
[[  0   1  13   0]
 [  0 105  41  18]
 [  0  18 239  11]
 [  0  30  43  52]]
01/29/2018 20:23:38 [INFO] exp_shallowmodel: ******************** dstc2 - Round 49 
01/29/2018 20:23:38 [INFO] exp_shallowmodel: #(data) = 4568
01/29/2018 20:23:38 [INFO] exp_shallowmodel: #(feature) = 5
01/29/2018 20:23:38 [INFO] exp_shallowmodel: ================================================================================
01/29/2018 20:23:38 [INFO] exp_shallowmodel: LR.pen=l1.C=1.000000
01/29/2018 20:23:38 [INFO] exp_shallowmodel: ________________________________________________________________________________
01/29/2018 20:23:38 [INFO] exp_shallowmodel: Training: 
01/29/2018 20:23:38 [INFO] exp_shallowmodel: LogisticRegression(C=1, class_weight=None, dual=False, fit_intercept=True,
          intercept_scaling=1, max_iter=100, multi_class='ovr', n_jobs=1,
          penalty='l1', random_state=None, solver='liblinear', tol=0.0001,
          verbose=0, warm_start=False)
01/29/2018 20:23:38 [INFO] exp_shallowmodel: train time: 0.018s
01/29/2018 20:23:38 [INFO] exp_shallowmodel: test time:  0.000s
01/29/2018 20:23:38 [INFO] exp_shallowmodel: accuracy:   0.701
01/29/2018 20:23:38 [INFO] exp_shallowmodel: f1_score:   0.497
01/29/2018 20:23:38 [INFO] exp_shallowmodel: classification report:
01/29/2018 20:23:38 [INFO] exp_shallowmodel:              precision    recall  f1-score   support

          A       0.00      0.00      0.00        16
          C       0.65      0.66      0.66       169
          F       0.73      0.90      0.81       271
          R       0.67      0.43      0.52       130

avg / total       0.68      0.70      0.68       586

01/29/2018 20:23:38 [INFO] exp_shallowmodel: confusion matrix:
01/29/2018 20:23:38 [INFO] exp_shallowmodel: 
[[  0   1  15   0]
 [  0 112  39  18]
 [  0  18 243  10]
 [  0  40  34  56]]
