12/09/2017 03:15:22 [INFO] configuration: deep_model  :   False
12/09/2017 03:15:22 [INFO] configuration: selected_context_id  :   0
12/09/2017 03:15:22 [INFO] configuration: selected_feature_set_id  :   2
12/09/2017 03:15:22 [INFO] configuration: similarity_feature  :   False
12/09/2017 03:15:22 [INFO] configuration: seed  :   154316847
12/09/2017 03:15:22 [INFO] configuration: root_path  :   /ihome/pbrusilosky/rum20/y_classify
12/09/2017 03:15:22 [INFO] configuration: task_name  :   utterance_type
12/09/2017 03:15:22 [INFO] configuration: timemark  :   20171209-031522
12/09/2017 03:15:22 [INFO] configuration: context_set  :   next
12/09/2017 03:15:22 [INFO] configuration: utterance_names  :   ['last_user_utterance', 'last_system_utterance', 'current_user_utterance', 'next_system_utterance', 'next_user_utterance']
12/09/2017 03:15:22 [INFO] configuration: utterance_range  :   ['current_user_utterance', 'next_system_utterance', 'next_user_utterance']
12/09/2017 03:15:22 [INFO] configuration: experiment_mode  :   single_run_context_feature
12/09/2017 03:15:22 [INFO] configuration: feature_set  :   2-lexical
12/09/2017 03:15:22 [INFO] configuration: feature_set_number  :   ['4']
12/09/2017 03:15:22 [INFO] configuration: experiment_name  :   20171209-031522.context=next.feature=2-lexical.similarity=false
12/09/2017 03:15:22 [INFO] configuration: experiment_path  :   /ihome/pbrusilosky/rum20/y_classify/output/20171209-031522.context=next.feature=2-lexical.similarity=false
12/09/2017 03:15:22 [INFO] configuration: log_path  :   /ihome/pbrusilosky/rum20/y_classify/output/20171209-031522.context=next.feature=2-lexical.similarity=false/output.log
12/09/2017 03:15:22 [INFO] configuration: valid_type  :   {'R', 'A', 'F', 'C'}
12/09/2017 03:15:22 [INFO] configuration: data_name  :   
12/09/2017 03:15:22 [INFO] configuration: data_names  :   ['dstc2', 'dstc3', 'family', 'ghome']
12/09/2017 03:15:22 [INFO] configuration: raw_feature_path  :   /ihome/pbrusilosky/rum20/y_classify/dataset/feature/%s.raw_feature.pkl
12/09/2017 03:15:22 [INFO] configuration: extracted_feature_path  :   /ihome/pbrusilosky/rum20/y_classify/dataset/feature/%s.extracted_feature.pkl
12/09/2017 03:15:22 [INFO] configuration: pipeline_path  :   /ihome/pbrusilosky/rum20/y_classify/dataset/feature/%s.pipeline.pkl
12/09/2017 03:15:22 [INFO] configuration: metrics  :   ['accuracy', 'precision', 'recall', 'f1_score', 'training_time', 'test_time']
12/09/2017 03:15:22 [INFO] configuration: do_cross_validation  :   True
12/09/2017 03:15:22 [INFO] configuration: #division  :   5
12/09/2017 03:15:22 [INFO] configuration: #cross_validation  :   10
12/09/2017 03:15:22 [INFO] configuration: cv_index_cache_path  :   
12/09/2017 03:15:22 [INFO] configuration: action_words  :   {'phone', 'weather', 'any', 'light', 'member', 'snooz', 'area', 'delet', 'snooze', 'tell', 'discard', 'expens', 'reminders', 'moderate', 'price', 'start', 'delete', 'next', 'cheap', 'reminder', 'play', 'temperatur', 'reminds', 'temperature', 'post', 'moder', 'shuffl', 'volum', 'ani', 'else', 'skip', 'address', 'remind', 'north', 'remove', 'volume', 'cast', 'help', 'clear', 'matter', 'item', 'expensive', 'stop', 'part', 'shuffle', 'remov', 'turn', 'alarm', 'items', 'els', 'show', 'add', 'music', 'findcare', 'share', 'centre', 'south', 'telephone', 'number', 'video', 'timer', 'watch', 'findcar', 'list', 'song', 'time', 'telephon', 'food', 'room', 'centr'}
12/09/2017 03:15:22 [INFO] configuration: corenlp_jars  :   ('/Users/memray/Project/stanford/stanford-corenlp-full-3.8.0/*', '/Users/memray/Project/stanford/stanford-corenlp-full-3.8.0/stanford-english-kbp-corenlp-2017-06-09-models.jar')
12/09/2017 03:15:22 [INFO] configuration: lda_topic_number  :   50
12/09/2017 03:15:22 [INFO] configuration: lda_path  :   /ihome/pbrusilosky/rum20/y_classify/dataset/feature/gensim/%s.topic=50.lda.pkl
12/09/2017 03:15:22 [INFO] configuration: gensim_corpus_path  :   /ihome/pbrusilosky/rum20/y_classify/dataset/feature/gensim/%s.corpus.pkl
12/09/2017 03:15:22 [INFO] configuration: gensim_dict_path  :   /ihome/pbrusilosky/rum20/y_classify/dataset/feature/gensim/%s.dict
12/09/2017 03:15:22 [INFO] configuration: w2v_path  :   /Users/memray/Data/glove/GoogleNews-vectors-negative300.bin
12/09/2017 03:15:22 [INFO] configuration: w2v_vector_length  :   300
12/09/2017 03:15:22 [INFO] configuration: d2v_vector_length  :   300
12/09/2017 03:15:22 [INFO] configuration: d2v_window_size  :   5
12/09/2017 03:15:22 [INFO] configuration: d2v_min_count  :   2
12/09/2017 03:15:22 [INFO] configuration: d2v_model_path  :   /ihome/pbrusilosky/rum20/y_classify/dataset/feature/gensim/%s.doc2vec.dim=300.window=5.min_count=2.model
12/09/2017 03:15:22 [INFO] configuration: d2v_vector_path  :   /ihome/pbrusilosky/rum20/y_classify/dataset/feature/gensim/%s.doc2vec.dim=300.window=5.min_count=2.vector
12/09/2017 03:15:22 [INFO] configuration: num_word_keep  :   {'dstc2': 300, 'dstc3': 300, 'family': 1000, 'ghome': 1000}
12/09/2017 03:15:22 [INFO] configuration: batch_size  :   128
12/09/2017 03:15:22 [INFO] configuration: max_epoch  :   50
12/09/2017 03:15:22 [INFO] configuration: early_stop_tolerance  :   2
12/09/2017 03:15:22 [INFO] configuration: concat_sents  :   True
12/09/2017 03:15:22 [INFO] configuration: cnn_setting  :   {'MODEL': 'multichannel', 'EARLY_STOPPING': True, 'WORD_DIM': 300, 'FILTERS': [3, 4, 5], 'FILTER_NUM': [100, 100, 100], 'CLASS_SIZE': 4, 'BATCH_SIZE': 128, 'LEARNING_RATE': 0.001, 'NORM_LIMIT': 10, 'DROPOUT_PROB': 0.5}
12/09/2017 03:15:22 [INFO] configuration: skipthought_setting  :   {'skipthought_model_path': '/Users/memray/Data/skip-thought', 'skipthought_data_path': '/ihome/pbrusilosky/rum20/y_classify/dataset/feature/gensim/%s.skip-thought.biskip.vector', 'fixed_emb': True, 'sentence_num': 3, 'hidden_size': 2400, 'class_size': 4, 'learning_rate': 0.0001, 'norm_limit': 3, 'dropout_prob': 0.5}
12/09/2017 03:15:22 [INFO] configuration: lstm_setting  :   {'model': 'non-static', 'hidden_size': 32, 'embedding_size': 300, 'num_layers': 1, 'bidirectional': False, 'learning_rate': 0.001, 'class_size': 4, 'norm_limit': 2, 'clip_grad_norm': 2, 'dropout_prob': 0.1}
12/09/2017 03:15:25 [INFO] task_runner: %%%%%%%%%%%%%%%%%%%%%%%%%%%%%%%%%%%%%%%%%%%%%%%%%%
12/09/2017 03:15:25 [INFO] task_runner: context=next, feature=2-lexical
12/09/2017 03:15:25 [INFO] task_runner: retained feature numbers=[4.1]
12/09/2017 03:15:25 [INFO] task_runner: #(data)=5725
12/09/2017 03:15:25 [INFO] task_runner: #(feature)=5174
12/09/2017 03:15:25 [INFO] task_runner: %%%%%%%%%%%%%%%%%%%%%%%%%%%%%%%%%%%%%%%%%%%%%%%%%%
12/09/2017 03:15:26 [INFO] exp_shallowmodel: ******************** dstc2 - Round 0 
12/09/2017 03:15:26 [INFO] exp_shallowmodel: #(data) = 4583
12/09/2017 03:15:26 [INFO] exp_shallowmodel: #(feature) = 5174
12/09/2017 03:15:26 [INFO] exp_shallowmodel: ================================================================================
12/09/2017 03:15:26 [INFO] exp_shallowmodel: LinearSVC.pen=l1, C=16.000000
12/09/2017 03:15:26 [INFO] exp_shallowmodel: ________________________________________________________________________________
12/09/2017 03:15:26 [INFO] exp_shallowmodel: Training: 
12/09/2017 03:15:26 [INFO] exp_shallowmodel: LinearSVC(C=16, class_weight=None, dual=False, fit_intercept=True,
     intercept_scaling=1, loss='squared_hinge', max_iter=1000,
     multi_class='ovr', penalty='l1', random_state=None, tol=0.001,
     verbose=0)
12/09/2017 03:22:23 [INFO] exp_shallowmodel: train time: 416.952s
12/09/2017 03:22:23 [INFO] exp_shallowmodel: test time:  0.005s
12/09/2017 03:22:23 [INFO] exp_shallowmodel: accuracy:   0.748
12/09/2017 03:22:23 [INFO] exp_shallowmodel: f1_score:   0.630
12/09/2017 03:22:23 [INFO] exp_shallowmodel: classification report:
12/09/2017 03:22:23 [INFO] exp_shallowmodel:              precision    recall  f1-score   support

          A       0.32      0.43      0.36        14
          C       0.72      0.70      0.71       164
          F       0.90      0.87      0.88       268
          R       0.55      0.58      0.56       125

avg / total       0.76      0.75      0.75       571

12/09/2017 03:22:23 [INFO] exp_shallowmodel: confusion matrix:
12/09/2017 03:22:23 [INFO] exp_shallowmodel: 
[[  6   2   4   2]
 [  2 115   7  40]
 [  8   8 234  18]
 [  3  34  16  72]]
12/09/2017 03:22:23 [INFO] exp_shallowmodel: ================================================================================
12/09/2017 03:22:23 [INFO] exp_shallowmodel: LinearSVC.pen=l2, C=16.000000
12/09/2017 03:22:23 [INFO] exp_shallowmodel: ________________________________________________________________________________
12/09/2017 03:22:23 [INFO] exp_shallowmodel: Training: 
12/09/2017 03:22:23 [INFO] exp_shallowmodel: LinearSVC(C=16, class_weight=None, dual=True, fit_intercept=True,
     intercept_scaling=1, loss='squared_hinge', max_iter=1000,
     multi_class='ovr', penalty='l2', random_state=None, tol=0.001,
     verbose=0)
12/09/2017 03:24:31 [INFO] exp_shallowmodel: train time: 128.450s
12/09/2017 03:24:31 [INFO] exp_shallowmodel: test time:  0.005s
12/09/2017 03:24:31 [INFO] exp_shallowmodel: accuracy:   0.694
12/09/2017 03:24:31 [INFO] exp_shallowmodel: f1_score:   0.566
12/09/2017 03:24:31 [INFO] exp_shallowmodel: classification report:
12/09/2017 03:24:31 [INFO] exp_shallowmodel:              precision    recall  f1-score   support

          A       0.17      0.43      0.24        14
          C       0.65      0.61      0.63       164
          F       0.89      0.82      0.85       268
          R       0.52      0.56      0.54       125

avg / total       0.72      0.69      0.71       571

12/09/2017 03:24:31 [INFO] exp_shallowmodel: confusion matrix:
12/09/2017 03:24:31 [INFO] exp_shallowmodel: 
[[  6   2   4   2]
 [  5 100   9  50]
 [ 19  16 220  13]
 [  6  35  14  70]]
12/09/2017 03:24:31 [INFO] exp_shallowmodel: ================================================================================
12/09/2017 03:24:31 [INFO] exp_shallowmodel: LR.pen=l1.C=16.000000
12/09/2017 03:24:31 [INFO] exp_shallowmodel: ________________________________________________________________________________
12/09/2017 03:24:31 [INFO] exp_shallowmodel: Training: 
12/09/2017 03:24:31 [INFO] exp_shallowmodel: LogisticRegression(C=16, class_weight=None, dual=False, fit_intercept=True,
          intercept_scaling=1, max_iter=100, multi_class='ovr', n_jobs=1,
          penalty='l1', random_state=None, solver='liblinear', tol=0.0001,
          verbose=0, warm_start=False)
12/09/2017 06:36:03 [INFO] exp_shallowmodel: train time: 11491.756s
12/09/2017 06:36:03 [INFO] exp_shallowmodel: test time:  0.005s
12/09/2017 06:36:03 [INFO] exp_shallowmodel: accuracy:   0.783
12/09/2017 06:36:03 [INFO] exp_shallowmodel: f1_score:   0.663
12/09/2017 06:36:03 [INFO] exp_shallowmodel: classification report:
12/09/2017 06:36:03 [INFO] exp_shallowmodel:              precision    recall  f1-score   support

          A       0.50      0.36      0.42        14
          C       0.73      0.77      0.75       164
          F       0.89      0.93      0.91       268
          R       0.63      0.54      0.58       125

avg / total       0.77      0.78      0.78       571

12/09/2017 06:36:03 [INFO] exp_shallowmodel: confusion matrix:
12/09/2017 06:36:03 [INFO] exp_shallowmodel: 
[[  5   3   3   3]
 [  0 127  11  26]
 [  3   7 248  10]
 [  2  38  18  67]]
12/09/2017 06:36:03 [INFO] exp_shallowmodel: ================================================================================
12/09/2017 06:36:03 [INFO] exp_shallowmodel: LR.pen=l2.C=16.000000
12/09/2017 06:36:03 [INFO] exp_shallowmodel: ________________________________________________________________________________
12/09/2017 06:36:03 [INFO] exp_shallowmodel: Training: 
12/09/2017 06:36:03 [INFO] exp_shallowmodel: LogisticRegression(C=16, class_weight=None, dual=False, fit_intercept=True,
          intercept_scaling=1, max_iter=100, multi_class='multinomial',
          n_jobs=1, penalty='l2', random_state=None, solver='lbfgs',
          tol=0.0001, verbose=0, warm_start=False)
12/09/2017 06:36:09 [INFO] exp_shallowmodel: train time: 5.959s
12/09/2017 06:36:09 [INFO] exp_shallowmodel: test time:  0.005s
12/09/2017 06:36:09 [INFO] exp_shallowmodel: accuracy:   0.753
12/09/2017 06:36:09 [INFO] exp_shallowmodel: f1_score:   0.611
12/09/2017 06:36:09 [INFO] exp_shallowmodel: classification report:
12/09/2017 06:36:09 [INFO] exp_shallowmodel:              precision    recall  f1-score   support

          A       0.23      0.36      0.28        14
          C       0.71      0.73      0.72       164
          F       0.88      0.90      0.89       268
          R       0.60      0.52      0.56       125

avg / total       0.76      0.75      0.75       571

12/09/2017 06:36:09 [INFO] exp_shallowmodel: confusion matrix:
12/09/2017 06:36:09 [INFO] exp_shallowmodel: 
[[  5   2   4   3]
 [  1 120  11  32]
 [ 11   8 240   9]
 [  5  38  17  65]]
12/09/2017 06:36:09 [INFO] exp_shallowmodel: ================================================================================
12/09/2017 06:36:09 [INFO] exp_shallowmodel: RBF SVC with C=16.000000
12/09/2017 06:36:09 [INFO] exp_shallowmodel: ________________________________________________________________________________
12/09/2017 06:36:09 [INFO] exp_shallowmodel: Training: 
12/09/2017 06:36:09 [INFO] exp_shallowmodel: SVC(C=16, cache_size=200, class_weight=None, coef0=0.0,
  decision_function_shape='ovr', degree=3, gamma='auto', kernel='rbf',
  max_iter=-1, probability=False, random_state=None, shrinking=True,
  tol=0.001, verbose=False)
12/09/2017 06:38:53 [INFO] exp_shallowmodel: train time: 163.949s
12/09/2017 06:39:07 [INFO] exp_shallowmodel: test time:  13.639s
12/09/2017 06:39:07 [INFO] exp_shallowmodel: accuracy:   0.795
12/09/2017 06:39:07 [INFO] exp_shallowmodel: f1_score:   0.676
12/09/2017 06:39:07 [INFO] exp_shallowmodel: classification report:
12/09/2017 06:39:07 [INFO] exp_shallowmodel:              precision    recall  f1-score   support

          A       0.43      0.43      0.43        14
          C       0.71      0.80      0.75       164
          F       0.91      0.93      0.92       268
          R       0.69      0.54      0.60       125

avg / total       0.79      0.80      0.79       571

12/09/2017 06:39:07 [INFO] exp_shallowmodel: confusion matrix:
12/09/2017 06:39:07 [INFO] exp_shallowmodel: 
[[  6   4   3   1]
 [  2 131   9  22]
 [  5   6 250   7]
 [  1  43  14  67]]
12/09/2017 06:39:08 [INFO] exp_shallowmodel: ******************** dstc2 - Round 1 
12/09/2017 06:39:08 [INFO] exp_shallowmodel: #(data) = 4583
12/09/2017 06:39:08 [INFO] exp_shallowmodel: #(feature) = 5174
12/09/2017 06:39:08 [INFO] exp_shallowmodel: ================================================================================
12/09/2017 06:39:08 [INFO] exp_shallowmodel: LinearSVC.pen=l1, C=16.000000
12/09/2017 06:39:08 [INFO] exp_shallowmodel: ________________________________________________________________________________
12/09/2017 06:39:08 [INFO] exp_shallowmodel: Training: 
12/09/2017 06:39:08 [INFO] exp_shallowmodel: LinearSVC(C=16, class_weight=None, dual=False, fit_intercept=True,
     intercept_scaling=1, loss='squared_hinge', max_iter=1000,
     multi_class='ovr', penalty='l1', random_state=None, tol=0.001,
     verbose=0)
12/09/2017 06:45:43 [INFO] exp_shallowmodel: train time: 395.595s
12/09/2017 06:45:43 [INFO] exp_shallowmodel: test time:  0.005s
12/09/2017 06:45:43 [INFO] exp_shallowmodel: accuracy:   0.720
12/09/2017 06:45:43 [INFO] exp_shallowmodel: f1_score:   0.584
12/09/2017 06:45:43 [INFO] exp_shallowmodel: classification report:
12/09/2017 06:45:43 [INFO] exp_shallowmodel:              precision    recall  f1-score   support

          A       0.17      0.29      0.21        14
          C       0.68      0.67      0.68       164
          F       0.91      0.80      0.85       268
          R       0.54      0.66      0.59       125

avg / total       0.75      0.72      0.73       571

12/09/2017 06:45:43 [INFO] exp_shallowmodel: confusion matrix:
12/09/2017 06:45:43 [INFO] exp_shallowmodel: 
[[  4   0   4   6]
 [  6 110   9  39]
 [ 11  18 215  24]
 [  3  33   7  82]]
12/09/2017 06:45:43 [INFO] exp_shallowmodel: ================================================================================
12/09/2017 06:45:43 [INFO] exp_shallowmodel: LinearSVC.pen=l2, C=16.000000
12/09/2017 06:45:43 [INFO] exp_shallowmodel: ________________________________________________________________________________
12/09/2017 06:45:43 [INFO] exp_shallowmodel: Training: 
12/09/2017 06:45:43 [INFO] exp_shallowmodel: LinearSVC(C=16, class_weight=None, dual=True, fit_intercept=True,
     intercept_scaling=1, loss='squared_hinge', max_iter=1000,
     multi_class='ovr', penalty='l2', random_state=None, tol=0.001,
     verbose=0)
12/09/2017 06:47:50 [INFO] exp_shallowmodel: train time: 126.826s
12/09/2017 06:47:50 [INFO] exp_shallowmodel: test time:  0.005s
12/09/2017 06:47:50 [INFO] exp_shallowmodel: accuracy:   0.729
12/09/2017 06:47:50 [INFO] exp_shallowmodel: f1_score:   0.593
12/09/2017 06:47:50 [INFO] exp_shallowmodel: classification report:
12/09/2017 06:47:50 [INFO] exp_shallowmodel:              precision    recall  f1-score   support

          A       0.18      0.36      0.24        14
          C       0.68      0.71      0.69       164
          F       0.91      0.83      0.87       268
          R       0.57      0.58      0.57       125

avg / total       0.75      0.73      0.74       571

12/09/2017 06:47:50 [INFO] exp_shallowmodel: confusion matrix:
12/09/2017 06:47:50 [INFO] exp_shallowmodel: 
[[  5   0   3   6]
 [  5 116  12  31]
 [ 15  13 223  17]
 [  3  42   8  72]]
12/09/2017 06:47:50 [INFO] exp_shallowmodel: ================================================================================
12/09/2017 06:47:50 [INFO] exp_shallowmodel: LR.pen=l1.C=16.000000
12/09/2017 06:47:50 [INFO] exp_shallowmodel: ________________________________________________________________________________
12/09/2017 06:47:50 [INFO] exp_shallowmodel: Training: 
12/09/2017 06:47:50 [INFO] exp_shallowmodel: LogisticRegression(C=16, class_weight=None, dual=False, fit_intercept=True,
          intercept_scaling=1, max_iter=100, multi_class='ovr', n_jobs=1,
          penalty='l1', random_state=None, solver='liblinear', tol=0.0001,
          verbose=0, warm_start=False)
12/09/2017 09:24:05 [INFO] exp_shallowmodel: train time: 9374.600s
12/09/2017 09:24:05 [INFO] exp_shallowmodel: test time:  0.005s
12/09/2017 09:24:05 [INFO] exp_shallowmodel: accuracy:   0.737
12/09/2017 09:24:05 [INFO] exp_shallowmodel: f1_score:   0.600
12/09/2017 09:24:05 [INFO] exp_shallowmodel: classification report:
12/09/2017 09:24:05 [INFO] exp_shallowmodel:              precision    recall  f1-score   support

          A       0.38      0.21      0.27        14
          C       0.72      0.57      0.64       164
          F       0.89      0.88      0.89       268
          R       0.52      0.70      0.60       125

avg / total       0.75      0.74      0.74       571

12/09/2017 09:24:05 [INFO] exp_shallowmodel: confusion matrix:
12/09/2017 09:24:05 [INFO] exp_shallowmodel: 
[[  3   0   5   6]
 [  1  94  15  54]
 [  2  10 236  20]
 [  2  26   9  88]]
12/09/2017 09:24:05 [INFO] exp_shallowmodel: ================================================================================
12/09/2017 09:24:05 [INFO] exp_shallowmodel: LR.pen=l2.C=16.000000
12/09/2017 09:24:05 [INFO] exp_shallowmodel: ________________________________________________________________________________
12/09/2017 09:24:05 [INFO] exp_shallowmodel: Training: 
12/09/2017 09:24:05 [INFO] exp_shallowmodel: LogisticRegression(C=16, class_weight=None, dual=False, fit_intercept=True,
          intercept_scaling=1, max_iter=100, multi_class='multinomial',
          n_jobs=1, penalty='l2', random_state=None, solver='lbfgs',
          tol=0.0001, verbose=0, warm_start=False)
12/09/2017 09:24:11 [INFO] exp_shallowmodel: train time: 5.907s
12/09/2017 09:24:11 [INFO] exp_shallowmodel: test time:  0.005s
12/09/2017 09:24:11 [INFO] exp_shallowmodel: accuracy:   0.746
12/09/2017 09:24:11 [INFO] exp_shallowmodel: f1_score:   0.626
12/09/2017 09:24:11 [INFO] exp_shallowmodel: classification report:
12/09/2017 09:24:11 [INFO] exp_shallowmodel:              precision    recall  f1-score   support

          A       0.36      0.36      0.36        14
          C       0.70      0.68      0.69       164
          F       0.90      0.88      0.89       268
          R       0.54      0.59      0.57       125

avg / total       0.75      0.75      0.75       571

12/09/2017 09:24:11 [INFO] exp_shallowmodel: confusion matrix:
12/09/2017 09:24:11 [INFO] exp_shallowmodel: 
[[  5   0   4   5]
 [  2 111  13  38]
 [  3  10 236  19]
 [  4  38   9  74]]
12/09/2017 09:24:11 [INFO] exp_shallowmodel: ================================================================================
12/09/2017 09:24:11 [INFO] exp_shallowmodel: RBF SVC with C=16.000000
12/09/2017 09:24:11 [INFO] exp_shallowmodel: ________________________________________________________________________________
12/09/2017 09:24:11 [INFO] exp_shallowmodel: Training: 
12/09/2017 09:24:11 [INFO] exp_shallowmodel: SVC(C=16, cache_size=200, class_weight=None, coef0=0.0,
  decision_function_shape='ovr', degree=3, gamma='auto', kernel='rbf',
  max_iter=-1, probability=False, random_state=None, shrinking=True,
  tol=0.001, verbose=False)
12/09/2017 09:26:55 [INFO] exp_shallowmodel: train time: 163.737s
12/09/2017 09:27:08 [INFO] exp_shallowmodel: test time:  13.440s
12/09/2017 09:27:08 [INFO] exp_shallowmodel: accuracy:   0.748
12/09/2017 09:27:08 [INFO] exp_shallowmodel: f1_score:   0.588
12/09/2017 09:27:08 [INFO] exp_shallowmodel: classification report:
12/09/2017 09:27:08 [INFO] exp_shallowmodel:              precision    recall  f1-score   support

          A       0.40      0.14      0.21        14
          C       0.67      0.74      0.71       164
          F       0.88      0.88      0.88       268
          R       0.58      0.54      0.56       125

avg / total       0.74      0.75      0.74       571

12/09/2017 09:27:08 [INFO] exp_shallowmodel: confusion matrix:
12/09/2017 09:27:08 [INFO] exp_shallowmodel: 
[[  2   1   5   6]
 [  0 122  16  26]
 [  1  14 236  17]
 [  2  44  12  67]]
12/09/2017 09:27:09 [INFO] exp_shallowmodel: ******************** dstc2 - Round 2 
12/09/2017 09:27:09 [INFO] exp_shallowmodel: #(data) = 4583
12/09/2017 09:27:09 [INFO] exp_shallowmodel: #(feature) = 5174
12/09/2017 09:27:09 [INFO] exp_shallowmodel: ================================================================================
12/09/2017 09:27:09 [INFO] exp_shallowmodel: LinearSVC.pen=l1, C=16.000000
12/09/2017 09:27:09 [INFO] exp_shallowmodel: ________________________________________________________________________________
12/09/2017 09:27:09 [INFO] exp_shallowmodel: Training: 
12/09/2017 09:27:09 [INFO] exp_shallowmodel: LinearSVC(C=16, class_weight=None, dual=False, fit_intercept=True,
     intercept_scaling=1, loss='squared_hinge', max_iter=1000,
     multi_class='ovr', penalty='l1', random_state=None, tol=0.001,
     verbose=0)
12/09/2017 09:33:49 [INFO] exp_shallowmodel: train time: 400.337s
12/09/2017 09:33:49 [INFO] exp_shallowmodel: test time:  0.005s
12/09/2017 09:33:49 [INFO] exp_shallowmodel: accuracy:   0.715
12/09/2017 09:33:49 [INFO] exp_shallowmodel: f1_score:   0.567
12/09/2017 09:33:49 [INFO] exp_shallowmodel: classification report:
12/09/2017 09:33:49 [INFO] exp_shallowmodel:              precision    recall  f1-score   support

          A       0.21      0.21      0.21        14
          C       0.64      0.65      0.64       164
          F       0.89      0.86      0.87       268
          R       0.52      0.55      0.54       125

avg / total       0.72      0.71      0.72       571

12/09/2017 09:33:49 [INFO] exp_shallowmodel: confusion matrix:
12/09/2017 09:33:49 [INFO] exp_shallowmodel: 
[[  3   1   5   5]
 [  5 106  11  42]
 [  6  16 230  16]
 [  0  43  13  69]]
12/09/2017 09:33:49 [INFO] exp_shallowmodel: ================================================================================
12/09/2017 09:33:49 [INFO] exp_shallowmodel: LinearSVC.pen=l2, C=16.000000
12/09/2017 09:33:49 [INFO] exp_shallowmodel: ________________________________________________________________________________
12/09/2017 09:33:49 [INFO] exp_shallowmodel: Training: 
12/09/2017 09:33:49 [INFO] exp_shallowmodel: LinearSVC(C=16, class_weight=None, dual=True, fit_intercept=True,
     intercept_scaling=1, loss='squared_hinge', max_iter=1000,
     multi_class='ovr', penalty='l2', random_state=None, tol=0.001,
     verbose=0)
12/09/2017 09:35:47 [INFO] exp_shallowmodel: train time: 117.965s
12/09/2017 09:35:47 [INFO] exp_shallowmodel: test time:  0.005s
12/09/2017 09:35:47 [INFO] exp_shallowmodel: accuracy:   0.704
12/09/2017 09:35:47 [INFO] exp_shallowmodel: f1_score:   0.583
12/09/2017 09:35:47 [INFO] exp_shallowmodel: classification report:
12/09/2017 09:35:47 [INFO] exp_shallowmodel:              precision    recall  f1-score   support

          A       0.22      0.43      0.29        14
          C       0.64      0.66      0.65       164
          F       0.92      0.82      0.87       268
          R       0.50      0.55      0.52       125

avg / total       0.73      0.70      0.72       571

12/09/2017 09:35:47 [INFO] exp_shallowmodel: confusion matrix:
12/09/2017 09:35:47 [INFO] exp_shallowmodel: 
[[  6   1   2   5]
 [  7 108   5  44]
 [ 13  16 219  20]
 [  1  44  11  69]]
12/09/2017 09:35:47 [INFO] exp_shallowmodel: ================================================================================
12/09/2017 09:35:47 [INFO] exp_shallowmodel: LR.pen=l1.C=16.000000
12/09/2017 09:35:47 [INFO] exp_shallowmodel: ________________________________________________________________________________
12/09/2017 09:35:47 [INFO] exp_shallowmodel: Training: 
12/09/2017 09:35:47 [INFO] exp_shallowmodel: LogisticRegression(C=16, class_weight=None, dual=False, fit_intercept=True,
          intercept_scaling=1, max_iter=100, multi_class='ovr', n_jobs=1,
          penalty='l1', random_state=None, solver='liblinear', tol=0.0001,
          verbose=0, warm_start=False)
12/09/2017 11:15:56 [INFO] exp_shallowmodel: train time: 6008.927s
12/09/2017 11:15:56 [INFO] exp_shallowmodel: test time:  0.005s
12/09/2017 11:15:56 [INFO] exp_shallowmodel: accuracy:   0.753
12/09/2017 11:15:56 [INFO] exp_shallowmodel: f1_score:   0.587
12/09/2017 11:15:56 [INFO] exp_shallowmodel: classification report:
12/09/2017 11:15:56 [INFO] exp_shallowmodel:              precision    recall  f1-score   support

          A       0.20      0.14      0.17        14
          C       0.70      0.70      0.70       164
          F       0.92      0.88      0.90       268
          R       0.55      0.62      0.58       125

avg / total       0.76      0.75      0.75       571

12/09/2017 11:15:56 [INFO] exp_shallowmodel: confusion matrix:
12/09/2017 11:15:56 [INFO] exp_shallowmodel: 
[[  2   4   3   5]
 [  3 115   7  39]
 [  4   9 236  19]
 [  1  37  10  77]]
12/09/2017 11:15:56 [INFO] exp_shallowmodel: ================================================================================
12/09/2017 11:15:56 [INFO] exp_shallowmodel: LR.pen=l2.C=16.000000
12/09/2017 11:15:56 [INFO] exp_shallowmodel: ________________________________________________________________________________
12/09/2017 11:15:56 [INFO] exp_shallowmodel: Training: 
12/09/2017 11:15:56 [INFO] exp_shallowmodel: LogisticRegression(C=16, class_weight=None, dual=False, fit_intercept=True,
          intercept_scaling=1, max_iter=100, multi_class='multinomial',
          n_jobs=1, penalty='l2', random_state=None, solver='lbfgs',
          tol=0.0001, verbose=0, warm_start=False)
12/09/2017 11:16:02 [INFO] exp_shallowmodel: train time: 5.758s
12/09/2017 11:16:02 [INFO] exp_shallowmodel: test time:  0.005s
12/09/2017 11:16:02 [INFO] exp_shallowmodel: accuracy:   0.727
12/09/2017 11:16:02 [INFO] exp_shallowmodel: f1_score:   0.577
12/09/2017 11:16:02 [INFO] exp_shallowmodel: classification report:
12/09/2017 11:16:02 [INFO] exp_shallowmodel:              precision    recall  f1-score   support

          A       0.19      0.21      0.20        14
          C       0.65      0.69      0.67       164
          F       0.91      0.85      0.88       268
          R       0.54      0.58      0.56       125

avg / total       0.74      0.73      0.73       571

12/09/2017 11:16:02 [INFO] exp_shallowmodel: confusion matrix:
12/09/2017 11:16:02 [INFO] exp_shallowmodel: 
[[  3   2   3   6]
 [  5 113  12  34]
 [  6  14 227  21]
 [  2  44   7  72]]
12/09/2017 11:16:02 [INFO] exp_shallowmodel: ================================================================================
12/09/2017 11:16:02 [INFO] exp_shallowmodel: RBF SVC with C=16.000000
12/09/2017 11:16:02 [INFO] exp_shallowmodel: ________________________________________________________________________________
12/09/2017 11:16:02 [INFO] exp_shallowmodel: Training: 
12/09/2017 11:16:02 [INFO] exp_shallowmodel: SVC(C=16, cache_size=200, class_weight=None, coef0=0.0,
  decision_function_shape='ovr', degree=3, gamma='auto', kernel='rbf',
  max_iter=-1, probability=False, random_state=None, shrinking=True,
  tol=0.001, verbose=False)
12/09/2017 11:18:34 [INFO] exp_shallowmodel: train time: 152.261s
12/09/2017 11:18:48 [INFO] exp_shallowmodel: test time:  13.409s
12/09/2017 11:18:48 [INFO] exp_shallowmodel: accuracy:   0.778
12/09/2017 11:18:48 [INFO] exp_shallowmodel: f1_score:   0.650
12/09/2017 11:18:48 [INFO] exp_shallowmodel: classification report:
12/09/2017 11:18:48 [INFO] exp_shallowmodel:              precision    recall  f1-score   support

          A       0.57      0.29      0.38        14
          C       0.69      0.77      0.73       164
          F       0.91      0.91      0.91       268
          R       0.61      0.54      0.58       125

avg / total       0.77      0.78      0.77       571

12/09/2017 11:18:48 [INFO] exp_shallowmodel: confusion matrix:
12/09/2017 11:18:48 [INFO] exp_shallowmodel: 
[[  4   4   3   3]
 [  1 127   8  28]
 [  1  10 245  12]
 [  1  43  13  68]]
12/09/2017 11:18:48 [INFO] exp_shallowmodel: ******************** dstc2 - Round 3 
12/09/2017 11:18:48 [INFO] exp_shallowmodel: #(data) = 4583
12/09/2017 11:18:48 [INFO] exp_shallowmodel: #(feature) = 5174
12/09/2017 11:18:48 [INFO] exp_shallowmodel: ================================================================================
12/09/2017 11:18:48 [INFO] exp_shallowmodel: LinearSVC.pen=l1, C=16.000000
12/09/2017 11:18:48 [INFO] exp_shallowmodel: ________________________________________________________________________________
12/09/2017 11:18:48 [INFO] exp_shallowmodel: Training: 
12/09/2017 11:18:48 [INFO] exp_shallowmodel: LinearSVC(C=16, class_weight=None, dual=False, fit_intercept=True,
     intercept_scaling=1, loss='squared_hinge', max_iter=1000,
     multi_class='ovr', penalty='l1', random_state=None, tol=0.001,
     verbose=0)
12/09/2017 11:25:15 [INFO] exp_shallowmodel: train time: 386.952s
12/09/2017 11:25:15 [INFO] exp_shallowmodel: test time:  0.005s
12/09/2017 11:25:15 [INFO] exp_shallowmodel: accuracy:   0.715
12/09/2017 11:25:15 [INFO] exp_shallowmodel: f1_score:   0.600
12/09/2017 11:25:15 [INFO] exp_shallowmodel: classification report:
12/09/2017 11:25:15 [INFO] exp_shallowmodel:              precision    recall  f1-score   support

          A       0.27      0.43      0.33        14
          C       0.68      0.54      0.60       164
          F       0.90      0.85      0.87       268
          R       0.52      0.69      0.59       125

avg / total       0.74      0.71      0.72       571

12/09/2017 11:25:15 [INFO] exp_shallowmodel: confusion matrix:
12/09/2017 11:25:15 [INFO] exp_shallowmodel: 
[[  6   4   2   2]
 [  2  89  13  60]
 [ 13  10 227  18]
 [  1  28  10  86]]
12/09/2017 11:25:15 [INFO] exp_shallowmodel: ================================================================================
12/09/2017 11:25:15 [INFO] exp_shallowmodel: LinearSVC.pen=l2, C=16.000000
12/09/2017 11:25:15 [INFO] exp_shallowmodel: ________________________________________________________________________________
12/09/2017 11:25:15 [INFO] exp_shallowmodel: Training: 
12/09/2017 11:25:15 [INFO] exp_shallowmodel: LinearSVC(C=16, class_weight=None, dual=True, fit_intercept=True,
     intercept_scaling=1, loss='squared_hinge', max_iter=1000,
     multi_class='ovr', penalty='l2', random_state=None, tol=0.001,
     verbose=0)
12/09/2017 11:27:09 [INFO] exp_shallowmodel: train time: 113.466s
12/09/2017 11:27:09 [INFO] exp_shallowmodel: test time:  0.005s
12/09/2017 11:27:09 [INFO] exp_shallowmodel: accuracy:   0.713
12/09/2017 11:27:09 [INFO] exp_shallowmodel: f1_score:   0.624
12/09/2017 11:27:09 [INFO] exp_shallowmodel: classification report:
12/09/2017 11:27:09 [INFO] exp_shallowmodel:              precision    recall  f1-score   support

          A       0.31      0.64      0.42        14
          C       0.67      0.61      0.64       164
          F       0.89      0.81      0.85       268
          R       0.54      0.65      0.59       125

avg / total       0.74      0.71      0.72       571

12/09/2017 11:27:09 [INFO] exp_shallowmodel: confusion matrix:
12/09/2017 11:27:09 [INFO] exp_shallowmodel: 
[[  9   2   1   2]
 [  2 100  13  49]
 [ 18  16 217  17]
 [  0  32  12  81]]
12/09/2017 11:27:09 [INFO] exp_shallowmodel: ================================================================================
12/09/2017 11:27:09 [INFO] exp_shallowmodel: LR.pen=l1.C=16.000000
12/09/2017 11:27:09 [INFO] exp_shallowmodel: ________________________________________________________________________________
12/09/2017 11:27:09 [INFO] exp_shallowmodel: Training: 
12/09/2017 11:27:09 [INFO] exp_shallowmodel: LogisticRegression(C=16, class_weight=None, dual=False, fit_intercept=True,
          intercept_scaling=1, max_iter=100, multi_class='ovr', n_jobs=1,
          penalty='l1', random_state=None, solver='liblinear', tol=0.0001,
          verbose=0, warm_start=False)
12/09/2017 13:34:11 [INFO] exp_shallowmodel: train time: 7621.853s
12/09/2017 13:34:11 [INFO] exp_shallowmodel: test time:  0.005s
12/09/2017 13:34:11 [INFO] exp_shallowmodel: accuracy:   0.723
12/09/2017 13:34:11 [INFO] exp_shallowmodel: f1_score:   0.548
12/09/2017 13:34:11 [INFO] exp_shallowmodel: classification report:
12/09/2017 13:34:11 [INFO] exp_shallowmodel:              precision    recall  f1-score   support

          A       0.11      0.07      0.09        14
          C       0.66      0.66      0.66       164
          F       0.89      0.84      0.87       268
          R       0.53      0.62      0.58       125

avg / total       0.73      0.72      0.73       571

12/09/2017 13:34:11 [INFO] exp_shallowmodel: confusion matrix:
12/09/2017 13:34:11 [INFO] exp_shallowmodel: 
[[  1   5   2   6]
 [  0 109  10  45]
 [  7  19 225  17]
 [  1  31  15  78]]
12/09/2017 13:34:11 [INFO] exp_shallowmodel: ================================================================================
12/09/2017 13:34:11 [INFO] exp_shallowmodel: LR.pen=l2.C=16.000000
12/09/2017 13:34:11 [INFO] exp_shallowmodel: ________________________________________________________________________________
12/09/2017 13:34:11 [INFO] exp_shallowmodel: Training: 
12/09/2017 13:34:11 [INFO] exp_shallowmodel: LogisticRegression(C=16, class_weight=None, dual=False, fit_intercept=True,
          intercept_scaling=1, max_iter=100, multi_class='multinomial',
          n_jobs=1, penalty='l2', random_state=None, solver='lbfgs',
          tol=0.0001, verbose=0, warm_start=False)
12/09/2017 13:34:17 [INFO] exp_shallowmodel: train time: 5.764s
12/09/2017 13:34:17 [INFO] exp_shallowmodel: test time:  0.005s
12/09/2017 13:34:17 [INFO] exp_shallowmodel: accuracy:   0.718
12/09/2017 13:34:17 [INFO] exp_shallowmodel: f1_score:   0.604
12/09/2017 13:34:17 [INFO] exp_shallowmodel: classification report:
12/09/2017 13:34:17 [INFO] exp_shallowmodel:              precision    recall  f1-score   support

          A       0.24      0.50      0.33        14
          C       0.69      0.64      0.66       164
          F       0.88      0.84      0.85       268
          R       0.56      0.59      0.57       125

avg / total       0.74      0.72      0.73       571

12/09/2017 13:34:17 [INFO] exp_shallowmodel: confusion matrix:
12/09/2017 13:34:17 [INFO] exp_shallowmodel: 
[[  7   2   1   4]
 [  2 105  15  42]
 [ 14  17 224  13]
 [  6  29  16  74]]
12/09/2017 13:34:17 [INFO] exp_shallowmodel: ================================================================================
12/09/2017 13:34:17 [INFO] exp_shallowmodel: RBF SVC with C=16.000000
12/09/2017 13:34:17 [INFO] exp_shallowmodel: ________________________________________________________________________________
12/09/2017 13:34:17 [INFO] exp_shallowmodel: Training: 
12/09/2017 13:34:17 [INFO] exp_shallowmodel: SVC(C=16, cache_size=200, class_weight=None, coef0=0.0,
  decision_function_shape='ovr', degree=3, gamma='auto', kernel='rbf',
  max_iter=-1, probability=False, random_state=None, shrinking=True,
  tol=0.001, verbose=False)
12/09/2017 13:36:48 [INFO] exp_shallowmodel: train time: 151.919s
12/09/2017 13:37:02 [INFO] exp_shallowmodel: test time:  13.405s
12/09/2017 13:37:02 [INFO] exp_shallowmodel: accuracy:   0.783
12/09/2017 13:37:02 [INFO] exp_shallowmodel: f1_score:   0.677
12/09/2017 13:37:02 [INFO] exp_shallowmodel: classification report:
12/09/2017 13:37:02 [INFO] exp_shallowmodel:              precision    recall  f1-score   support

          A       0.43      0.43      0.43        14
          C       0.70      0.77      0.73       164
          F       0.89      0.89      0.89       268
          R       0.71      0.62      0.66       125

avg / total       0.78      0.78      0.78       571

12/09/2017 13:37:02 [INFO] exp_shallowmodel: confusion matrix:
12/09/2017 13:37:02 [INFO] exp_shallowmodel: 
[[  6   5   1   2]
 [  0 126  16  22]
 [  5  17 238   8]
 [  3  33  12  77]]
12/09/2017 13:37:03 [INFO] exp_shallowmodel: ******************** dstc2 - Round 4 
12/09/2017 13:37:03 [INFO] exp_shallowmodel: #(data) = 4583
12/09/2017 13:37:03 [INFO] exp_shallowmodel: #(feature) = 5174
12/09/2017 13:37:03 [INFO] exp_shallowmodel: ================================================================================
12/09/2017 13:37:03 [INFO] exp_shallowmodel: LinearSVC.pen=l1, C=16.000000
12/09/2017 13:37:03 [INFO] exp_shallowmodel: ________________________________________________________________________________
12/09/2017 13:37:03 [INFO] exp_shallowmodel: Training: 
12/09/2017 13:37:03 [INFO] exp_shallowmodel: LinearSVC(C=16, class_weight=None, dual=False, fit_intercept=True,
     intercept_scaling=1, loss='squared_hinge', max_iter=1000,
     multi_class='ovr', penalty='l1', random_state=None, tol=0.001,
     verbose=0)
12/09/2017 13:44:09 [INFO] exp_shallowmodel: train time: 426.658s
12/09/2017 13:44:09 [INFO] exp_shallowmodel: test time:  0.005s
12/09/2017 13:44:09 [INFO] exp_shallowmodel: accuracy:   0.678
12/09/2017 13:44:09 [INFO] exp_shallowmodel: f1_score:   0.545
12/09/2017 13:44:09 [INFO] exp_shallowmodel: classification report:
12/09/2017 13:44:09 [INFO] exp_shallowmodel:              precision    recall  f1-score   support

          A       0.17      0.29      0.21        14
          C       0.58      0.66      0.62       164
          F       0.87      0.79      0.83       268
          R       0.55      0.51      0.53       125

avg / total       0.70      0.68      0.69       571

12/09/2017 13:44:09 [INFO] exp_shallowmodel: confusion matrix:
12/09/2017 13:44:09 [INFO] exp_shallowmodel: 
[[  4   5   3   2]
 [  4 108  17  35]
 [ 12  29 211  16]
 [  4  45  12  64]]
12/09/2017 13:44:09 [INFO] exp_shallowmodel: ================================================================================
12/09/2017 13:44:09 [INFO] exp_shallowmodel: LinearSVC.pen=l2, C=16.000000
12/09/2017 13:44:09 [INFO] exp_shallowmodel: ________________________________________________________________________________
12/09/2017 13:44:09 [INFO] exp_shallowmodel: Training: 
12/09/2017 13:44:09 [INFO] exp_shallowmodel: LinearSVC(C=16, class_weight=None, dual=True, fit_intercept=True,
     intercept_scaling=1, loss='squared_hinge', max_iter=1000,
     multi_class='ovr', penalty='l2', random_state=None, tol=0.001,
     verbose=0)
12/09/2017 13:46:04 [INFO] exp_shallowmodel: train time: 114.276s
12/09/2017 13:46:04 [INFO] exp_shallowmodel: test time:  0.005s
12/09/2017 13:46:04 [INFO] exp_shallowmodel: accuracy:   0.648
12/09/2017 13:46:04 [INFO] exp_shallowmodel: f1_score:   0.525
12/09/2017 13:46:04 [INFO] exp_shallowmodel: classification report:
12/09/2017 13:46:04 [INFO] exp_shallowmodel:              precision    recall  f1-score   support

          A       0.14      0.36      0.20        14
          C       0.60      0.64      0.62       164
          F       0.84      0.74      0.79       268
          R       0.50      0.49      0.49       125

avg / total       0.68      0.65      0.66       571

12/09/2017 13:46:04 [INFO] exp_shallowmodel: confusion matrix:
12/09/2017 13:46:04 [INFO] exp_shallowmodel: 
[[  5   3   4   2]
 [  5 105  18  36]
 [ 20  25 199  24]
 [  6  42  16  61]]
12/09/2017 13:46:04 [INFO] exp_shallowmodel: ================================================================================
12/09/2017 13:46:04 [INFO] exp_shallowmodel: LR.pen=l1.C=16.000000
12/09/2017 13:46:04 [INFO] exp_shallowmodel: ________________________________________________________________________________
12/09/2017 13:46:04 [INFO] exp_shallowmodel: Training: 
12/09/2017 13:46:04 [INFO] exp_shallowmodel: LogisticRegression(C=16, class_weight=None, dual=False, fit_intercept=True,
          intercept_scaling=1, max_iter=100, multi_class='ovr', n_jobs=1,
          penalty='l1', random_state=None, solver='liblinear', tol=0.0001,
          verbose=0, warm_start=False)
12/09/2017 14:50:06 [INFO] exp_shallowmodel: train time: 3842.002s
12/09/2017 14:50:06 [INFO] exp_shallowmodel: test time:  0.005s
12/09/2017 14:50:06 [INFO] exp_shallowmodel: accuracy:   0.725
12/09/2017 14:50:06 [INFO] exp_shallowmodel: f1_score:   0.582
12/09/2017 14:50:06 [INFO] exp_shallowmodel: classification report:
12/09/2017 14:50:06 [INFO] exp_shallowmodel:              precision    recall  f1-score   support

          A       0.25      0.21      0.23        14
          C       0.68      0.68      0.68       164
          F       0.84      0.85      0.85       268
          R       0.57      0.57      0.57       125

avg / total       0.72      0.73      0.72       571

12/09/2017 14:50:06 [INFO] exp_shallowmodel: confusion matrix:
12/09/2017 14:50:06 [INFO] exp_shallowmodel: 
[[  3   2   4   5]
 [  1 112  20  31]
 [  6  17 228  17]
 [  2  34  18  71]]
12/09/2017 14:50:06 [INFO] exp_shallowmodel: ================================================================================
12/09/2017 14:50:06 [INFO] exp_shallowmodel: LR.pen=l2.C=16.000000
12/09/2017 14:50:06 [INFO] exp_shallowmodel: ________________________________________________________________________________
12/09/2017 14:50:06 [INFO] exp_shallowmodel: Training: 
12/09/2017 14:50:06 [INFO] exp_shallowmodel: LogisticRegression(C=16, class_weight=None, dual=False, fit_intercept=True,
          intercept_scaling=1, max_iter=100, multi_class='multinomial',
          n_jobs=1, penalty='l2', random_state=None, solver='lbfgs',
          tol=0.0001, verbose=0, warm_start=False)
12/09/2017 14:50:12 [INFO] exp_shallowmodel: train time: 5.762s
12/09/2017 14:50:12 [INFO] exp_shallowmodel: test time:  0.005s
12/09/2017 14:50:12 [INFO] exp_shallowmodel: accuracy:   0.688
12/09/2017 14:50:12 [INFO] exp_shallowmodel: f1_score:   0.545
12/09/2017 14:50:12 [INFO] exp_shallowmodel: classification report:
12/09/2017 14:50:12 [INFO] exp_shallowmodel:              precision    recall  f1-score   support

          A       0.12      0.21      0.16        14
          C       0.66      0.69      0.67       164
          F       0.84      0.78      0.81       268
          R       0.53      0.54      0.54       125

avg / total       0.70      0.69      0.70       571

12/09/2017 14:50:12 [INFO] exp_shallowmodel: confusion matrix:
12/09/2017 14:50:12 [INFO] exp_shallowmodel: 
[[  3   3   5   3]
 [  2 113  18  31]
 [ 14  19 209  26]
 [  5  36  16  68]]
12/09/2017 14:50:12 [INFO] exp_shallowmodel: ================================================================================
12/09/2017 14:50:12 [INFO] exp_shallowmodel: RBF SVC with C=16.000000
12/09/2017 14:50:12 [INFO] exp_shallowmodel: ________________________________________________________________________________
12/09/2017 14:50:12 [INFO] exp_shallowmodel: Training: 
12/09/2017 14:50:12 [INFO] exp_shallowmodel: SVC(C=16, cache_size=200, class_weight=None, coef0=0.0,
  decision_function_shape='ovr', degree=3, gamma='auto', kernel='rbf',
  max_iter=-1, probability=False, random_state=None, shrinking=True,
  tol=0.001, verbose=False)
12/09/2017 14:52:44 [INFO] exp_shallowmodel: train time: 152.506s
12/09/2017 14:52:57 [INFO] exp_shallowmodel: test time:  13.325s
12/09/2017 14:52:57 [INFO] exp_shallowmodel: accuracy:   0.737
12/09/2017 14:52:57 [INFO] exp_shallowmodel: f1_score:   0.561
12/09/2017 14:52:57 [INFO] exp_shallowmodel: classification report:
12/09/2017 14:52:57 [INFO] exp_shallowmodel:              precision    recall  f1-score   support

          A       0.12      0.07      0.09        14
          C       0.68      0.74      0.71       164
          F       0.85      0.84      0.85       268
          R       0.61      0.58      0.60       125

avg / total       0.73      0.74      0.73       571

12/09/2017 14:52:57 [INFO] exp_shallowmodel: confusion matrix:
12/09/2017 14:52:57 [INFO] exp_shallowmodel: 
[[  1   3   7   3]
 [  1 122  17  24]
 [  4  19 225  20]
 [  2  35  15  73]]
12/09/2017 14:52:58 [INFO] exp_shallowmodel: ******************** dstc2 - Round 5 
12/09/2017 14:52:58 [INFO] exp_shallowmodel: #(data) = 4583
12/09/2017 14:52:58 [INFO] exp_shallowmodel: #(feature) = 5174
12/09/2017 14:52:58 [INFO] exp_shallowmodel: ================================================================================
12/09/2017 14:52:58 [INFO] exp_shallowmodel: LinearSVC.pen=l1, C=16.000000
12/09/2017 14:52:58 [INFO] exp_shallowmodel: ________________________________________________________________________________
12/09/2017 14:52:58 [INFO] exp_shallowmodel: Training: 
12/09/2017 14:52:58 [INFO] exp_shallowmodel: LinearSVC(C=16, class_weight=None, dual=False, fit_intercept=True,
     intercept_scaling=1, loss='squared_hinge', max_iter=1000,
     multi_class='ovr', penalty='l1', random_state=None, tol=0.001,
     verbose=0)
12/09/2017 14:59:27 [INFO] exp_shallowmodel: train time: 388.856s
12/09/2017 14:59:27 [INFO] exp_shallowmodel: test time:  0.005s
12/09/2017 14:59:27 [INFO] exp_shallowmodel: accuracy:   0.720
12/09/2017 14:59:27 [INFO] exp_shallowmodel: f1_score:   0.618
12/09/2017 14:59:27 [INFO] exp_shallowmodel: classification report:
12/09/2017 14:59:27 [INFO] exp_shallowmodel:              precision    recall  f1-score   support

          A       0.35      0.43      0.39        14
          C       0.68      0.61      0.64       164
          F       0.91      0.83      0.87       268
          R       0.51      0.66      0.57       125

avg / total       0.74      0.72      0.73       571

12/09/2017 14:59:27 [INFO] exp_shallowmodel: confusion matrix:
12/09/2017 14:59:27 [INFO] exp_shallowmodel: 
[[  6   0   3   5]
 [  2 100   9  53]
 [  6  17 222  23]
 [  3  30   9  83]]
12/09/2017 14:59:27 [INFO] exp_shallowmodel: ================================================================================
12/09/2017 14:59:27 [INFO] exp_shallowmodel: LinearSVC.pen=l2, C=16.000000
12/09/2017 14:59:27 [INFO] exp_shallowmodel: ________________________________________________________________________________
12/09/2017 14:59:27 [INFO] exp_shallowmodel: Training: 
12/09/2017 14:59:27 [INFO] exp_shallowmodel: LinearSVC(C=16, class_weight=None, dual=True, fit_intercept=True,
     intercept_scaling=1, loss='squared_hinge', max_iter=1000,
     multi_class='ovr', penalty='l2', random_state=None, tol=0.001,
     verbose=0)
12/09/2017 15:01:28 [INFO] exp_shallowmodel: train time: 121.314s
12/09/2017 15:01:28 [INFO] exp_shallowmodel: test time:  0.005s
12/09/2017 15:01:28 [INFO] exp_shallowmodel: accuracy:   0.715
12/09/2017 15:01:28 [INFO] exp_shallowmodel: f1_score:   0.577
12/09/2017 15:01:28 [INFO] exp_shallowmodel: classification report:
12/09/2017 15:01:28 [INFO] exp_shallowmodel:              precision    recall  f1-score   support

          A       0.18      0.29      0.22        14
          C       0.68      0.70      0.69       164
          F       0.88      0.82      0.85       268
          R       0.54      0.57      0.55       125

avg / total       0.73      0.71      0.72       571

12/09/2017 15:01:28 [INFO] exp_shallowmodel: confusion matrix:
12/09/2017 15:01:28 [INFO] exp_shallowmodel: 
[[  4   0   6   4]
 [  3 114  12  35]
 [ 11  16 219  22]
 [  4  37  13  71]]
12/09/2017 15:01:28 [INFO] exp_shallowmodel: ================================================================================
12/09/2017 15:01:28 [INFO] exp_shallowmodel: LR.pen=l1.C=16.000000
12/09/2017 15:01:28 [INFO] exp_shallowmodel: ________________________________________________________________________________
12/09/2017 15:01:28 [INFO] exp_shallowmodel: Training: 
12/09/2017 15:01:28 [INFO] exp_shallowmodel: LogisticRegression(C=16, class_weight=None, dual=False, fit_intercept=True,
          intercept_scaling=1, max_iter=100, multi_class='ovr', n_jobs=1,
          penalty='l1', random_state=None, solver='liblinear', tol=0.0001,
          verbose=0, warm_start=False)
12/09/2017 16:03:41 [INFO] exp_shallowmodel: train time: 3732.535s
12/09/2017 16:03:41 [INFO] exp_shallowmodel: test time:  0.005s
12/09/2017 16:03:41 [INFO] exp_shallowmodel: accuracy:   0.741
12/09/2017 16:03:41 [INFO] exp_shallowmodel: f1_score:   0.636
12/09/2017 16:03:41 [INFO] exp_shallowmodel: classification report:
12/09/2017 16:03:41 [INFO] exp_shallowmodel:              precision    recall  f1-score   support

          A       0.50      0.36      0.42        14
          C       0.66      0.66      0.66       164
          F       0.90      0.87      0.89       268
          R       0.55      0.61      0.58       125

avg / total       0.75      0.74      0.74       571

12/09/2017 16:03:41 [INFO] exp_shallowmodel: confusion matrix:
12/09/2017 16:03:41 [INFO] exp_shallowmodel: 
[[  5   0   4   5]
 [  2 109  13  40]
 [  1  16 233  18]
 [  2  39   8  76]]
12/09/2017 16:03:41 [INFO] exp_shallowmodel: ================================================================================
12/09/2017 16:03:41 [INFO] exp_shallowmodel: LR.pen=l2.C=16.000000
12/09/2017 16:03:41 [INFO] exp_shallowmodel: ________________________________________________________________________________
12/09/2017 16:03:41 [INFO] exp_shallowmodel: Training: 
12/09/2017 16:03:41 [INFO] exp_shallowmodel: LogisticRegression(C=16, class_weight=None, dual=False, fit_intercept=True,
          intercept_scaling=1, max_iter=100, multi_class='multinomial',
          n_jobs=1, penalty='l2', random_state=None, solver='lbfgs',
          tol=0.0001, verbose=0, warm_start=False)
12/09/2017 16:03:47 [INFO] exp_shallowmodel: train time: 5.894s
12/09/2017 16:03:47 [INFO] exp_shallowmodel: test time:  0.005s
12/09/2017 16:03:47 [INFO] exp_shallowmodel: accuracy:   0.695
12/09/2017 16:03:47 [INFO] exp_shallowmodel: f1_score:   0.519
12/09/2017 16:03:47 [INFO] exp_shallowmodel: classification report:
12/09/2017 16:03:47 [INFO] exp_shallowmodel:              precision    recall  f1-score   support

          A       0.07      0.07      0.07        14
          C       0.63      0.65      0.64       164
          F       0.87      0.84      0.85       268
          R       0.50      0.52      0.51       125

avg / total       0.70      0.70      0.70       571

12/09/2017 16:03:47 [INFO] exp_shallowmodel: confusion matrix:
12/09/2017 16:03:47 [INFO] exp_shallowmodel: 
[[  1   0   8   5]
 [  2 107  13  42]
 [  8  17 224  19]
 [  3  45  12  65]]
12/09/2017 16:03:47 [INFO] exp_shallowmodel: ================================================================================
12/09/2017 16:03:47 [INFO] exp_shallowmodel: RBF SVC with C=16.000000
12/09/2017 16:03:47 [INFO] exp_shallowmodel: ________________________________________________________________________________
12/09/2017 16:03:47 [INFO] exp_shallowmodel: Training: 
12/09/2017 16:03:47 [INFO] exp_shallowmodel: SVC(C=16, cache_size=200, class_weight=None, coef0=0.0,
  decision_function_shape='ovr', degree=3, gamma='auto', kernel='rbf',
  max_iter=-1, probability=False, random_state=None, shrinking=True,
  tol=0.001, verbose=False)
12/09/2017 16:06:21 [INFO] exp_shallowmodel: train time: 153.635s
12/09/2017 16:06:34 [INFO] exp_shallowmodel: test time:  13.314s
12/09/2017 16:06:34 [INFO] exp_shallowmodel: accuracy:   0.750
12/09/2017 16:06:34 [INFO] exp_shallowmodel: f1_score:   0.611
12/09/2017 16:06:34 [INFO] exp_shallowmodel: classification report:
12/09/2017 16:06:34 [INFO] exp_shallowmodel:              precision    recall  f1-score   support

          A       0.60      0.21      0.32        14
          C       0.66      0.74      0.70       164
          F       0.89      0.90      0.89       268
          R       0.57      0.51      0.54       125

avg / total       0.75      0.75      0.74       571

12/09/2017 16:06:34 [INFO] exp_shallowmodel: confusion matrix:
12/09/2017 16:06:34 [INFO] exp_shallowmodel: 
[[  3   2   3   6]
 [  1 121  12  30]
 [  1  14 240  13]
 [  0  47  14  64]]
12/09/2017 16:06:35 [INFO] exp_shallowmodel: ******************** dstc2 - Round 6 
12/09/2017 16:06:35 [INFO] exp_shallowmodel: #(data) = 4583
12/09/2017 16:06:35 [INFO] exp_shallowmodel: #(feature) = 5174
12/09/2017 16:06:35 [INFO] exp_shallowmodel: ================================================================================
12/09/2017 16:06:35 [INFO] exp_shallowmodel: LinearSVC.pen=l1, C=16.000000
12/09/2017 16:06:35 [INFO] exp_shallowmodel: ________________________________________________________________________________
12/09/2017 16:06:35 [INFO] exp_shallowmodel: Training: 
12/09/2017 16:06:35 [INFO] exp_shallowmodel: LinearSVC(C=16, class_weight=None, dual=False, fit_intercept=True,
     intercept_scaling=1, loss='squared_hinge', max_iter=1000,
     multi_class='ovr', penalty='l1', random_state=None, tol=0.001,
     verbose=0)
12/09/2017 16:12:32 [INFO] exp_shallowmodel: train time: 357.519s
12/09/2017 16:12:32 [INFO] exp_shallowmodel: test time:  0.005s
12/09/2017 16:12:32 [INFO] exp_shallowmodel: accuracy:   0.750
12/09/2017 16:12:32 [INFO] exp_shallowmodel: f1_score:   0.617
12/09/2017 16:12:32 [INFO] exp_shallowmodel: classification report:
12/09/2017 16:12:32 [INFO] exp_shallowmodel:              precision    recall  f1-score   support

          A       0.29      0.29      0.29        14
          C       0.70      0.76      0.73       164
          F       0.86      0.85      0.86       268
          R       0.63      0.58      0.60       125

avg / total       0.75      0.75      0.75       571

12/09/2017 16:12:32 [INFO] exp_shallowmodel: confusion matrix:
12/09/2017 16:12:32 [INFO] exp_shallowmodel: 
[[  4   1   6   3]
 [  3 124  14  23]
 [  5  19 228  16]
 [  2  34  17  72]]
12/09/2017 16:12:32 [INFO] exp_shallowmodel: ================================================================================
12/09/2017 16:12:32 [INFO] exp_shallowmodel: LinearSVC.pen=l2, C=16.000000
12/09/2017 16:12:32 [INFO] exp_shallowmodel: ________________________________________________________________________________
12/09/2017 16:12:32 [INFO] exp_shallowmodel: Training: 
12/09/2017 16:12:32 [INFO] exp_shallowmodel: LinearSVC(C=16, class_weight=None, dual=True, fit_intercept=True,
     intercept_scaling=1, loss='squared_hinge', max_iter=1000,
     multi_class='ovr', penalty='l2', random_state=None, tol=0.001,
     verbose=0)
12/09/2017 16:14:34 [INFO] exp_shallowmodel: train time: 122.093s
12/09/2017 16:14:34 [INFO] exp_shallowmodel: test time:  0.005s
12/09/2017 16:14:34 [INFO] exp_shallowmodel: accuracy:   0.699
12/09/2017 16:14:34 [INFO] exp_shallowmodel: f1_score:   0.565
12/09/2017 16:14:34 [INFO] exp_shallowmodel: classification report:
12/09/2017 16:14:34 [INFO] exp_shallowmodel:              precision    recall  f1-score   support

          A       0.15      0.29      0.20        14
          C       0.71      0.67      0.69       164
          F       0.84      0.79      0.81       268
          R       0.53      0.58      0.56       125

avg / total       0.72      0.70      0.71       571

12/09/2017 16:14:34 [INFO] exp_shallowmodel: confusion matrix:
12/09/2017 16:14:34 [INFO] exp_shallowmodel: 
[[  4   1   6   3]
 [  5 110  16  33]
 [ 14  14 212  28]
 [  4  29  19  73]]
12/09/2017 16:14:34 [INFO] exp_shallowmodel: ================================================================================
12/09/2017 16:14:34 [INFO] exp_shallowmodel: LR.pen=l1.C=16.000000
12/09/2017 16:14:34 [INFO] exp_shallowmodel: ________________________________________________________________________________
12/09/2017 16:14:34 [INFO] exp_shallowmodel: Training: 
12/09/2017 16:14:34 [INFO] exp_shallowmodel: LogisticRegression(C=16, class_weight=None, dual=False, fit_intercept=True,
          intercept_scaling=1, max_iter=100, multi_class='ovr', n_jobs=1,
          penalty='l1', random_state=None, solver='liblinear', tol=0.0001,
          verbose=0, warm_start=False)
12/09/2017 16:52:19 [INFO] exp_shallowmodel: train time: 2264.333s
12/09/2017 16:52:19 [INFO] exp_shallowmodel: test time:  0.005s
12/09/2017 16:52:19 [INFO] exp_shallowmodel: accuracy:   0.755
12/09/2017 16:52:19 [INFO] exp_shallowmodel: f1_score:   0.607
12/09/2017 16:52:19 [INFO] exp_shallowmodel: classification report:
12/09/2017 16:52:19 [INFO] exp_shallowmodel:              precision    recall  f1-score   support

          A       0.27      0.21      0.24        14
          C       0.71      0.73      0.72       164
          F       0.87      0.88      0.88       268
          R       0.60      0.58      0.59       125

avg / total       0.75      0.75      0.75       571

12/09/2017 16:52:19 [INFO] exp_shallowmodel: confusion matrix:
12/09/2017 16:52:19 [INFO] exp_shallowmodel: 
[[  3   1   8   2]
 [  1 120  12  31]
 [  5  12 235  16]
 [  2  36  14  73]]
12/09/2017 16:52:19 [INFO] exp_shallowmodel: ================================================================================
12/09/2017 16:52:19 [INFO] exp_shallowmodel: LR.pen=l2.C=16.000000
12/09/2017 16:52:19 [INFO] exp_shallowmodel: ________________________________________________________________________________
12/09/2017 16:52:19 [INFO] exp_shallowmodel: Training: 
12/09/2017 16:52:19 [INFO] exp_shallowmodel: LogisticRegression(C=16, class_weight=None, dual=False, fit_intercept=True,
          intercept_scaling=1, max_iter=100, multi_class='multinomial',
          n_jobs=1, penalty='l2', random_state=None, solver='lbfgs',
          tol=0.0001, verbose=0, warm_start=False)
12/09/2017 16:52:25 [INFO] exp_shallowmodel: train time: 5.808s
12/09/2017 16:52:25 [INFO] exp_shallowmodel: test time:  0.005s
12/09/2017 16:52:25 [INFO] exp_shallowmodel: accuracy:   0.723
12/09/2017 16:52:25 [INFO] exp_shallowmodel: f1_score:   0.581
12/09/2017 16:52:25 [INFO] exp_shallowmodel: classification report:
12/09/2017 16:52:25 [INFO] exp_shallowmodel:              precision    recall  f1-score   support

          A       0.18      0.29      0.22        14
          C       0.73      0.73      0.73       164
          F       0.84      0.84      0.84       268
          R       0.55      0.52      0.53       125

avg / total       0.73      0.72      0.73       571

12/09/2017 16:52:25 [INFO] exp_shallowmodel: confusion matrix:
12/09/2017 16:52:25 [INFO] exp_shallowmodel: 
[[  4   1   7   2]
 [  2 119  15  28]
 [ 11   9 225  23]
 [  5  35  20  65]]
12/09/2017 16:52:25 [INFO] exp_shallowmodel: ================================================================================
12/09/2017 16:52:25 [INFO] exp_shallowmodel: RBF SVC with C=16.000000
12/09/2017 16:52:25 [INFO] exp_shallowmodel: ________________________________________________________________________________
12/09/2017 16:52:25 [INFO] exp_shallowmodel: Training: 
12/09/2017 16:52:25 [INFO] exp_shallowmodel: SVC(C=16, cache_size=200, class_weight=None, coef0=0.0,
  decision_function_shape='ovr', degree=3, gamma='auto', kernel='rbf',
  max_iter=-1, probability=False, random_state=None, shrinking=True,
  tol=0.001, verbose=False)
12/09/2017 16:54:58 [INFO] exp_shallowmodel: train time: 153.626s
12/09/2017 16:55:12 [INFO] exp_shallowmodel: test time:  13.473s
12/09/2017 16:55:12 [INFO] exp_shallowmodel: accuracy:   0.772
12/09/2017 16:55:12 [INFO] exp_shallowmodel: f1_score:   0.634
12/09/2017 16:55:12 [INFO] exp_shallowmodel: classification report:
12/09/2017 16:55:12 [INFO] exp_shallowmodel:              precision    recall  f1-score   support

          A       0.60      0.21      0.32        14
          C       0.70      0.79      0.74       164
          F       0.89      0.89      0.89       268
          R       0.62      0.56      0.59       125

avg / total       0.77      0.77      0.77       571

12/09/2017 16:55:12 [INFO] exp_shallowmodel: confusion matrix:
12/09/2017 16:55:12 [INFO] exp_shallowmodel: 
[[  3   2   6   3]
 [  0 129  11  24]
 [  2  12 239  15]
 [  0  41  14  70]]
12/09/2017 16:55:12 [INFO] exp_shallowmodel: ******************** dstc2 - Round 7 
12/09/2017 16:55:12 [INFO] exp_shallowmodel: #(data) = 4583
12/09/2017 16:55:12 [INFO] exp_shallowmodel: #(feature) = 5174
12/09/2017 16:55:12 [INFO] exp_shallowmodel: ================================================================================
12/09/2017 16:55:12 [INFO] exp_shallowmodel: LinearSVC.pen=l1, C=16.000000
12/09/2017 16:55:12 [INFO] exp_shallowmodel: ________________________________________________________________________________
12/09/2017 16:55:12 [INFO] exp_shallowmodel: Training: 
12/09/2017 16:55:12 [INFO] exp_shallowmodel: LinearSVC(C=16, class_weight=None, dual=False, fit_intercept=True,
     intercept_scaling=1, loss='squared_hinge', max_iter=1000,
     multi_class='ovr', penalty='l1', random_state=None, tol=0.001,
     verbose=0)
12/09/2017 17:02:00 [INFO] exp_shallowmodel: train time: 407.235s
12/09/2017 17:02:00 [INFO] exp_shallowmodel: test time:  0.005s
12/09/2017 17:02:00 [INFO] exp_shallowmodel: accuracy:   0.725
12/09/2017 17:02:00 [INFO] exp_shallowmodel: f1_score:   0.607
12/09/2017 17:02:00 [INFO] exp_shallowmodel: classification report:
12/09/2017 17:02:00 [INFO] exp_shallowmodel:              precision    recall  f1-score   support

          A       0.22      0.50      0.30        14
          C       0.69      0.72      0.70       164
          F       0.90      0.81      0.85       268
          R       0.57      0.57      0.57       125

avg / total       0.75      0.73      0.73       571

12/09/2017 17:02:00 [INFO] exp_shallowmodel: confusion matrix:
12/09/2017 17:02:00 [INFO] exp_shallowmodel: 
[[  7   1   3   3]
 [  8 118  10  28]
 [ 10  17 218  23]
 [  7  36  11  71]]
12/09/2017 17:02:00 [INFO] exp_shallowmodel: ================================================================================
12/09/2017 17:02:00 [INFO] exp_shallowmodel: LinearSVC.pen=l2, C=16.000000
12/09/2017 17:02:00 [INFO] exp_shallowmodel: ________________________________________________________________________________
12/09/2017 17:02:00 [INFO] exp_shallowmodel: Training: 
12/09/2017 17:02:00 [INFO] exp_shallowmodel: LinearSVC(C=16, class_weight=None, dual=True, fit_intercept=True,
     intercept_scaling=1, loss='squared_hinge', max_iter=1000,
     multi_class='ovr', penalty='l2', random_state=None, tol=0.001,
     verbose=0)
12/09/2017 17:04:00 [INFO] exp_shallowmodel: train time: 120.233s
12/09/2017 17:04:00 [INFO] exp_shallowmodel: test time:  0.005s
12/09/2017 17:04:00 [INFO] exp_shallowmodel: accuracy:   0.708
12/09/2017 17:04:00 [INFO] exp_shallowmodel: f1_score:   0.584
12/09/2017 17:04:00 [INFO] exp_shallowmodel: classification report:
12/09/2017 17:04:00 [INFO] exp_shallowmodel:              precision    recall  f1-score   support

          A       0.21      0.36      0.26        14
          C       0.67      0.68      0.67       164
          F       0.88      0.79      0.84       268
          R       0.54      0.59      0.56       125

avg / total       0.73      0.71      0.72       571

12/09/2017 17:04:00 [INFO] exp_shallowmodel: confusion matrix:
12/09/2017 17:04:00 [INFO] exp_shallowmodel: 
[[  5   2   3   4]
 [  5 112  12  35]
 [ 11  19 213  25]
 [  3  35  13  74]]
12/09/2017 17:04:00 [INFO] exp_shallowmodel: ================================================================================
12/09/2017 17:04:00 [INFO] exp_shallowmodel: LR.pen=l1.C=16.000000
12/09/2017 17:04:00 [INFO] exp_shallowmodel: ________________________________________________________________________________
12/09/2017 17:04:00 [INFO] exp_shallowmodel: Training: 
12/09/2017 17:04:00 [INFO] exp_shallowmodel: LogisticRegression(C=16, class_weight=None, dual=False, fit_intercept=True,
          intercept_scaling=1, max_iter=100, multi_class='ovr', n_jobs=1,
          penalty='l1', random_state=None, solver='liblinear', tol=0.0001,
          verbose=0, warm_start=False)
12/09/2017 19:11:43 [INFO] exp_shallowmodel: train time: 7663.377s
12/09/2017 19:11:43 [INFO] exp_shallowmodel: test time:  0.005s
12/09/2017 19:11:43 [INFO] exp_shallowmodel: accuracy:   0.737
12/09/2017 19:11:43 [INFO] exp_shallowmodel: f1_score:   0.598
12/09/2017 19:11:43 [INFO] exp_shallowmodel: classification report:
12/09/2017 19:11:43 [INFO] exp_shallowmodel:              precision    recall  f1-score   support

          A       0.43      0.21      0.29        14
          C       0.65      0.73      0.69       164
          F       0.88      0.87      0.87       268
          R       0.57      0.53      0.55       125

avg / total       0.73      0.74      0.73       571

12/09/2017 19:11:43 [INFO] exp_shallowmodel: confusion matrix:
12/09/2017 19:11:43 [INFO] exp_shallowmodel: 
[[  3   4   5   2]
 [  0 119  12  33]
 [  3  17 233  15]
 [  1  42  16  66]]
12/09/2017 19:11:43 [INFO] exp_shallowmodel: ================================================================================
12/09/2017 19:11:43 [INFO] exp_shallowmodel: LR.pen=l2.C=16.000000
12/09/2017 19:11:43 [INFO] exp_shallowmodel: ________________________________________________________________________________
12/09/2017 19:11:43 [INFO] exp_shallowmodel: Training: 
12/09/2017 19:11:43 [INFO] exp_shallowmodel: LogisticRegression(C=16, class_weight=None, dual=False, fit_intercept=True,
          intercept_scaling=1, max_iter=100, multi_class='multinomial',
          n_jobs=1, penalty='l2', random_state=None, solver='lbfgs',
          tol=0.0001, verbose=0, warm_start=False)
12/09/2017 19:11:49 [INFO] exp_shallowmodel: train time: 5.787s
12/09/2017 19:11:49 [INFO] exp_shallowmodel: test time:  0.005s
12/09/2017 19:11:49 [INFO] exp_shallowmodel: accuracy:   0.730
12/09/2017 19:11:49 [INFO] exp_shallowmodel: f1_score:   0.616
12/09/2017 19:11:49 [INFO] exp_shallowmodel: classification report:
12/09/2017 19:11:49 [INFO] exp_shallowmodel:              precision    recall  f1-score   support

          A       0.28      0.50      0.36        14
          C       0.69      0.63      0.66       164
          F       0.86      0.88      0.87       268
          R       0.58      0.57      0.57       125

avg / total       0.74      0.73      0.73       571

12/09/2017 19:11:49 [INFO] exp_shallowmodel: confusion matrix:
12/09/2017 19:11:49 [INFO] exp_shallowmodel: 
[[  7   1   3   3]
 [  4 104  19  37]
 [  9  12 235  12]
 [  5  34  15  71]]
12/09/2017 19:11:49 [INFO] exp_shallowmodel: ================================================================================
12/09/2017 19:11:49 [INFO] exp_shallowmodel: RBF SVC with C=16.000000
12/09/2017 19:11:49 [INFO] exp_shallowmodel: ________________________________________________________________________________
12/09/2017 19:11:49 [INFO] exp_shallowmodel: Training: 
12/09/2017 19:11:49 [INFO] exp_shallowmodel: SVC(C=16, cache_size=200, class_weight=None, coef0=0.0,
  decision_function_shape='ovr', degree=3, gamma='auto', kernel='rbf',
  max_iter=-1, probability=False, random_state=None, shrinking=True,
  tol=0.001, verbose=False)
12/09/2017 19:14:26 [INFO] exp_shallowmodel: train time: 157.161s
12/09/2017 19:14:40 [INFO] exp_shallowmodel: test time:  13.549s
12/09/2017 19:14:40 [INFO] exp_shallowmodel: accuracy:   0.767
12/09/2017 19:14:40 [INFO] exp_shallowmodel: f1_score:   0.620
12/09/2017 19:14:40 [INFO] exp_shallowmodel: classification report:
12/09/2017 19:14:40 [INFO] exp_shallowmodel:              precision    recall  f1-score   support

          A       0.43      0.21      0.29        14
          C       0.70      0.80      0.74       164
          F       0.90      0.89      0.90       268
          R       0.59      0.52      0.55       125

avg / total       0.76      0.77      0.76       571

12/09/2017 19:14:40 [INFO] exp_shallowmodel: confusion matrix:
12/09/2017 19:14:40 [INFO] exp_shallowmodel: 
[[  3   3   3   5]
 [  1 131   8  24]
 [  3  10 239  16]
 [  0  44  16  65]]
12/09/2017 19:14:41 [INFO] exp_shallowmodel: ******************** dstc2 - Round 8 
12/09/2017 19:14:41 [INFO] exp_shallowmodel: #(data) = 4583
12/09/2017 19:14:41 [INFO] exp_shallowmodel: #(feature) = 5174
12/09/2017 19:14:41 [INFO] exp_shallowmodel: ================================================================================
12/09/2017 19:14:41 [INFO] exp_shallowmodel: LinearSVC.pen=l1, C=16.000000
12/09/2017 19:14:41 [INFO] exp_shallowmodel: ________________________________________________________________________________
12/09/2017 19:14:41 [INFO] exp_shallowmodel: Training: 
12/09/2017 19:14:41 [INFO] exp_shallowmodel: LinearSVC(C=16, class_weight=None, dual=False, fit_intercept=True,
     intercept_scaling=1, loss='squared_hinge', max_iter=1000,
     multi_class='ovr', penalty='l1', random_state=None, tol=0.001,
     verbose=0)
12/09/2017 19:21:17 [INFO] exp_shallowmodel: train time: 396.104s
12/09/2017 19:21:17 [INFO] exp_shallowmodel: test time:  0.005s
12/09/2017 19:21:17 [INFO] exp_shallowmodel: accuracy:   0.743
12/09/2017 19:21:17 [INFO] exp_shallowmodel: f1_score:   0.602
12/09/2017 19:21:17 [INFO] exp_shallowmodel: classification report:
12/09/2017 19:21:17 [INFO] exp_shallowmodel:              precision    recall  f1-score   support

          A       0.22      0.29      0.25        14
          C       0.68      0.77      0.72       164
          F       0.87      0.85      0.86       268
          R       0.63      0.54      0.58       125

avg / total       0.75      0.74      0.74       571

12/09/2017 19:21:17 [INFO] exp_shallowmodel: confusion matrix:
12/09/2017 19:21:17 [INFO] exp_shallowmodel: 
[[  4   2   5   3]
 [  3 126  10  25]
 [ 10  19 227  12]
 [  1  38  19  67]]
12/09/2017 19:21:17 [INFO] exp_shallowmodel: ================================================================================
12/09/2017 19:21:17 [INFO] exp_shallowmodel: LinearSVC.pen=l2, C=16.000000
12/09/2017 19:21:17 [INFO] exp_shallowmodel: ________________________________________________________________________________
12/09/2017 19:21:17 [INFO] exp_shallowmodel: Training: 
12/09/2017 19:21:17 [INFO] exp_shallowmodel: LinearSVC(C=16, class_weight=None, dual=True, fit_intercept=True,
     intercept_scaling=1, loss='squared_hinge', max_iter=1000,
     multi_class='ovr', penalty='l2', random_state=None, tol=0.001,
     verbose=0)
12/09/2017 19:23:29 [INFO] exp_shallowmodel: train time: 132.354s
12/09/2017 19:23:29 [INFO] exp_shallowmodel: test time:  0.005s
12/09/2017 19:23:29 [INFO] exp_shallowmodel: accuracy:   0.723
12/09/2017 19:23:29 [INFO] exp_shallowmodel: f1_score:   0.592
12/09/2017 19:23:29 [INFO] exp_shallowmodel: classification report:
12/09/2017 19:23:29 [INFO] exp_shallowmodel:              precision    recall  f1-score   support

          A       0.18      0.36      0.24        14
          C       0.73      0.65      0.68       164
          F       0.88      0.83      0.85       268
          R       0.56      0.64      0.59       125

avg / total       0.75      0.72      0.73       571

12/09/2017 19:23:29 [INFO] exp_shallowmodel: confusion matrix:
12/09/2017 19:23:29 [INFO] exp_shallowmodel: 
[[  5   1   4   4]
 [  3 106   9  46]
 [ 17  15 222  14]
 [  3  24  18  80]]
12/09/2017 19:23:29 [INFO] exp_shallowmodel: ================================================================================
12/09/2017 19:23:29 [INFO] exp_shallowmodel: LR.pen=l1.C=16.000000
12/09/2017 19:23:29 [INFO] exp_shallowmodel: ________________________________________________________________________________
12/09/2017 19:23:29 [INFO] exp_shallowmodel: Training: 
12/09/2017 19:23:29 [INFO] exp_shallowmodel: LogisticRegression(C=16, class_weight=None, dual=False, fit_intercept=True,
          intercept_scaling=1, max_iter=100, multi_class='ovr', n_jobs=1,
          penalty='l1', random_state=None, solver='liblinear', tol=0.0001,
          verbose=0, warm_start=False)
