01/04/2018 17:31:31 [INFO] configuration: experiment_mode  :   discrete_feature_selection
01/04/2018 17:31:31 [INFO] configuration: deep_model  :   False
01/04/2018 17:31:31 [INFO] configuration: selected_context_id  :   0
01/04/2018 17:31:31 [INFO] configuration: selected_feature_set_id  :   12
01/04/2018 17:31:31 [INFO] configuration: similarity_feature  :   True
01/04/2018 17:31:31 [INFO] configuration: k_feature_to_keep  :   5
01/04/2018 17:31:31 [INFO] configuration: seed  :   154316847
01/04/2018 17:31:31 [INFO] configuration: root_path  :   /ihome/pbrusilosky/rum20/y_classify
01/04/2018 17:31:31 [INFO] configuration: task_name  :   utterance_type
01/04/2018 17:31:31 [INFO] configuration: timemark  :   20180104-173131
01/04/2018 17:31:31 [INFO] configuration: context_set  :   next
01/04/2018 17:31:31 [INFO] configuration: utterance_names  :   ['last_user_utterance', 'last_system_utterance', 'current_user_utterance', 'next_system_utterance', 'next_user_utterance']
01/04/2018 17:31:31 [INFO] configuration: utterance_range  :   ['current_user_utterance', 'next_system_utterance', 'next_user_utterance']
01/04/2018 17:31:31 [INFO] configuration: feature_set  :   12-[7+1.3.4]
01/04/2018 17:31:31 [INFO] configuration: feature_set_number  :   ['1', '2', '3', '5', '6', '7', '10']
01/04/2018 17:31:31 [INFO] configuration: experiment_name  :   20180104-173131.discrete_feature_selection.feature_number=5.context=next.feature=12-[7+1.3.4].similarity=true
01/04/2018 17:31:31 [INFO] configuration: experiment_path  :   /ihome/pbrusilosky/rum20/y_classify/output/20180104-173131.discrete_feature_selection.feature_number=5.context=next.feature=12-[7+1.3.4].similarity=true
01/04/2018 17:31:31 [INFO] configuration: log_path  :   /ihome/pbrusilosky/rum20/y_classify/output/20180104-173131.discrete_feature_selection.feature_number=5.context=next.feature=12-[7+1.3.4].similarity=true/output.log
01/04/2018 17:31:31 [INFO] configuration: valid_type  :   {'R', 'A', 'F', 'C'}
01/04/2018 17:31:31 [INFO] configuration: data_name  :   
01/04/2018 17:31:31 [INFO] configuration: data_names  :   ['dstc2', 'dstc3', 'family', 'ghome']
01/04/2018 17:31:31 [INFO] configuration: raw_feature_path  :   /ihome/pbrusilosky/rum20/y_classify/dataset/feature/%s.raw_feature.pkl
01/04/2018 17:31:31 [INFO] configuration: extracted_feature_path  :   /ihome/pbrusilosky/rum20/y_classify/dataset/feature/%s.extracted_feature.pkl
01/04/2018 17:31:31 [INFO] configuration: pipeline_path  :   /ihome/pbrusilosky/rum20/y_classify/dataset/feature/%s.pipeline.pkl
01/04/2018 17:31:31 [INFO] configuration: metrics  :   ['accuracy', 'precision', 'recall', 'f1_score', 'training_time', 'test_time']
01/04/2018 17:31:31 [INFO] configuration: do_cross_validation  :   True
01/04/2018 17:31:31 [INFO] configuration: #division  :   5
01/04/2018 17:31:31 [INFO] configuration: #cross_validation  :   10
01/04/2018 17:31:31 [INFO] configuration: cv_index_cache_path  :   
01/04/2018 17:31:31 [INFO] configuration: action_words  :   {'time', 'show', 'centr', 'els', 'remove', 'area', 'ani', 'delet', 'post', 'remind', 'expens', 'centre', 'song', 'shuffle', 'part', 'north', 'share', 'remov', 'snooz', 'temperatur', 'clear', 'add', 'address', 'next', 'snooze', 'telephon', 'items', 'member', 'light', 'reminder', 'help', 'video', 'discard', 'cast', 'temperature', 'timer', 'tell', 'any', 'cheap', 'telephone', 'number', 'food', 'volum', 'room', 'list', 'item', 'start', 'stop', 'play', 'weather', 'turn', 'watch', 'phone', 'expensive', 'findcar', 'volume', 'moderate', 'alarm', 'matter', 'reminds', 'delete', 'findcare', 'else', 'south', 'price', 'music', 'moder', 'reminders', 'skip', 'shuffl'}
01/04/2018 17:31:31 [INFO] configuration: corenlp_jars  :   ('/Users/memray/Project/stanford/stanford-corenlp-full-3.8.0/*', '/Users/memray/Project/stanford/stanford-corenlp-full-3.8.0/stanford-english-kbp-corenlp-2017-06-09-models.jar')
01/04/2018 17:31:31 [INFO] configuration: lda_topic_number  :   50
01/04/2018 17:31:31 [INFO] configuration: lda_path  :   /ihome/pbrusilosky/rum20/y_classify/dataset/feature/gensim/%s.topic=50.lda.pkl
01/04/2018 17:31:31 [INFO] configuration: gensim_corpus_path  :   /ihome/pbrusilosky/rum20/y_classify/dataset/feature/gensim/%s.corpus.pkl
01/04/2018 17:31:31 [INFO] configuration: gensim_dict_path  :   /ihome/pbrusilosky/rum20/y_classify/dataset/feature/gensim/%s.dict
01/04/2018 17:31:31 [INFO] configuration: w2v_path  :   /home/memray/Data/glove/GoogleNews-vectors-negative300.bin
01/04/2018 17:31:31 [INFO] configuration: w2v_vector_length  :   300
01/04/2018 17:31:31 [INFO] configuration: d2v_vector_length  :   300
01/04/2018 17:31:31 [INFO] configuration: d2v_window_size  :   5
01/04/2018 17:31:31 [INFO] configuration: d2v_min_count  :   2
01/04/2018 17:31:31 [INFO] configuration: d2v_model_path  :   /ihome/pbrusilosky/rum20/y_classify/dataset/feature/gensim/%s.doc2vec.dim=300.window=5.min_count=2.model
01/04/2018 17:31:31 [INFO] configuration: d2v_vector_path  :   /ihome/pbrusilosky/rum20/y_classify/dataset/feature/gensim/%s.doc2vec.dim=300.window=5.min_count=2.vector
01/04/2018 17:31:31 [INFO] configuration: num_word_keep  :   {'dstc2': 300, 'dstc3': 300, 'family': 1000, 'ghome': 1000}
01/04/2018 17:31:31 [INFO] configuration: batch_size  :   128
01/04/2018 17:31:31 [INFO] configuration: max_epoch  :   50
01/04/2018 17:31:31 [INFO] configuration: early_stop_tolerance  :   2
01/04/2018 17:31:31 [INFO] configuration: concat_sents  :   False
01/04/2018 17:31:31 [INFO] configuration: cnn_setting  :   {'model': 'multichannel', 'early_stopping': True, 'word_dim': 300, 'filters': [3, 4, 5], 'filter_num': [100, 100, 100], 'class_size': 4, 'batch_size': 128, 'learning_rate': 0.001, 'norm_limit': 10, 'dropout_prob': 0.0, 'sentence_num': 3}
01/04/2018 17:31:31 [INFO] configuration: skipthought_setting  :   {'skipthought_model_path': '/Users/memray/Data/skip-thought', 'skipthought_data_path': '/ihome/pbrusilosky/rum20/y_classify/dataset/feature/gensim/%s.skip-thought.biskip.vector', 'fixed_emb': True, 'sentence_num': 3, 'hidden_size': 2400, 'class_size': 4, 'learning_rate': 0.0001, 'norm_limit': 3, 'dropout_prob': 0.5}
01/04/2018 17:31:31 [INFO] configuration: lstm_setting  :   {'model': 'non-static', 'hidden_size': 32, 'embedding_size': 300, 'num_layers': 1, 'bidirectional': False, 'learning_rate': 0.001, 'class_size': 4, 'norm_limit': 2, 'clip_grad_norm': 2, 'dropout_prob': 0.1}
01/04/2018 17:31:34 [INFO] exp_shallowmodel: %%%%%%%%%%%%%%%%%%%%%%%%%%%%%%%%%%%%%%%%%%%%%%%%%%
01/04/2018 17:31:34 [INFO] exp_shallowmodel:           dataset=dstc2
01/04/2018 17:31:34 [INFO] exp_shallowmodel:           k_feature_to_keep=5
01/04/2018 17:31:34 [INFO] exp_shallowmodel:           X_new.shape=(5725, 943)
01/04/2018 17:31:34 [INFO] exp_shallowmodel:           #(X_selected)=32
01/04/2018 17:31:34 [INFO] exp_shallowmodel:           #(X_not_selectable)=911
01/04/2018 17:31:34 [INFO] exp_shallowmodel: %%%%%%%%%%%%%%%%%%%%%%%%%%%%%%%%%%%%%%%%%%%%%%%%%%
01/04/2018 17:31:35 [INFO] exp_shallowmodel: ******************** dstc2 - Round 0 
01/04/2018 17:31:35 [INFO] exp_shallowmodel: #(data) = 4583
01/04/2018 17:31:35 [INFO] exp_shallowmodel: #(feature) = 943
01/04/2018 17:31:35 [INFO] exp_shallowmodel: ================================================================================
01/04/2018 17:31:35 [INFO] exp_shallowmodel: LR.pen=l1.C=1.000000
01/04/2018 17:31:35 [INFO] exp_shallowmodel: ________________________________________________________________________________
01/04/2018 17:31:35 [INFO] exp_shallowmodel: Training: 
01/04/2018 17:31:35 [INFO] exp_shallowmodel: LogisticRegression(C=1, class_weight=None, dual=False, fit_intercept=True,
          intercept_scaling=1, max_iter=100, multi_class='ovr', n_jobs=1,
          penalty='l1', random_state=None, solver='liblinear', tol=0.0001,
          verbose=0, warm_start=False)
01/04/2018 17:32:01 [INFO] exp_shallowmodel: train time: 26.709s
01/04/2018 17:32:01 [INFO] exp_shallowmodel: test time:  0.001s
01/04/2018 17:32:01 [INFO] exp_shallowmodel: accuracy:   0.844
01/04/2018 17:32:01 [INFO] exp_shallowmodel: f1_score:   0.721
01/04/2018 17:32:01 [INFO] exp_shallowmodel: classification report:
01/04/2018 17:32:01 [INFO] exp_shallowmodel:              precision    recall  f1-score   support

          A       0.67      0.29      0.40        14
          C       0.76      0.82      0.79       164
          F       0.92      0.94      0.93       268
          R       0.81      0.73      0.76       125

avg / total       0.84      0.84      0.84       571

01/04/2018 17:32:01 [INFO] exp_shallowmodel: confusion matrix:
01/04/2018 17:32:01 [INFO] exp_shallowmodel: 
[[  4   3   7   0]
 [  0 135  13  16]
 [  2   8 252   6]
 [  0  32   2  91]]
01/04/2018 17:32:02 [INFO] exp_shallowmodel: ******************** dstc2 - Round 1 
01/04/2018 17:32:02 [INFO] exp_shallowmodel: #(data) = 4583
01/04/2018 17:32:02 [INFO] exp_shallowmodel: #(feature) = 943
01/04/2018 17:32:02 [INFO] exp_shallowmodel: ================================================================================
01/04/2018 17:32:02 [INFO] exp_shallowmodel: LR.pen=l1.C=1.000000
01/04/2018 17:32:02 [INFO] exp_shallowmodel: ________________________________________________________________________________
01/04/2018 17:32:02 [INFO] exp_shallowmodel: Training: 
01/04/2018 17:32:02 [INFO] exp_shallowmodel: LogisticRegression(C=1, class_weight=None, dual=False, fit_intercept=True,
          intercept_scaling=1, max_iter=100, multi_class='ovr', n_jobs=1,
          penalty='l1', random_state=None, solver='liblinear', tol=0.0001,
          verbose=0, warm_start=False)
01/04/2018 17:32:27 [INFO] exp_shallowmodel: train time: 25.679s
01/04/2018 17:32:27 [INFO] exp_shallowmodel: test time:  0.001s
01/04/2018 17:32:27 [INFO] exp_shallowmodel: accuracy:   0.802
01/04/2018 17:32:27 [INFO] exp_shallowmodel: f1_score:   0.617
01/04/2018 17:32:27 [INFO] exp_shallowmodel: classification report:
01/04/2018 17:32:27 [INFO] exp_shallowmodel:              precision    recall  f1-score   support

          A       0.33      0.07      0.12        14
          C       0.73      0.74      0.73       164
          F       0.91      0.91      0.91       268
          R       0.68      0.72      0.70       125

avg / total       0.80      0.80      0.80       571

01/04/2018 17:32:27 [INFO] exp_shallowmodel: confusion matrix:
01/04/2018 17:32:27 [INFO] exp_shallowmodel: 
[[  1   3   6   4]
 [  0 122  12  30]
 [  2  13 245   8]
 [  0  30   5  90]]
01/04/2018 17:32:28 [INFO] exp_shallowmodel: Feature selection of top 100, ranked by LR weights (selectable:non-selectable=10:90)
01/04/2018 17:32:32 [INFO] exp_shallowmodel: %%%%%%%%%%%%%%%%%%%%%%%%%%%%%%%%%%%%%%%%%%%%%%%%%%
01/04/2018 17:32:32 [INFO] exp_shallowmodel:           dataset=dstc3
01/04/2018 17:32:32 [INFO] exp_shallowmodel:           k_feature_to_keep=5
01/04/2018 17:32:32 [INFO] exp_shallowmodel:           X_new.shape=(5934, 943)
01/04/2018 17:32:32 [INFO] exp_shallowmodel:           #(X_selected)=32
01/04/2018 17:32:32 [INFO] exp_shallowmodel:           #(X_not_selectable)=911
01/04/2018 17:32:32 [INFO] exp_shallowmodel: %%%%%%%%%%%%%%%%%%%%%%%%%%%%%%%%%%%%%%%%%%%%%%%%%%
01/04/2018 17:32:32 [INFO] exp_shallowmodel: ******************** dstc3 - Round 0 
01/04/2018 17:32:32 [INFO] exp_shallowmodel: #(data) = 4750
01/04/2018 17:32:32 [INFO] exp_shallowmodel: #(feature) = 943
01/04/2018 17:32:32 [INFO] exp_shallowmodel: ================================================================================
01/04/2018 17:32:32 [INFO] exp_shallowmodel: LR.pen=l1.C=1.000000
01/04/2018 17:32:32 [INFO] exp_shallowmodel: ________________________________________________________________________________
01/04/2018 17:32:32 [INFO] exp_shallowmodel: Training: 
01/04/2018 17:32:32 [INFO] exp_shallowmodel: LogisticRegression(C=1, class_weight=None, dual=False, fit_intercept=True,
          intercept_scaling=1, max_iter=100, multi_class='ovr', n_jobs=1,
          penalty='l1', random_state=None, solver='liblinear', tol=0.0001,
          verbose=0, warm_start=False)
01/04/2018 17:32:58 [INFO] exp_shallowmodel: train time: 26.219s
01/04/2018 17:32:58 [INFO] exp_shallowmodel: test time:  0.001s
01/04/2018 17:32:58 [INFO] exp_shallowmodel: accuracy:   0.818
01/04/2018 17:32:58 [INFO] exp_shallowmodel: f1_score:   0.722
01/04/2018 17:32:58 [INFO] exp_shallowmodel: classification report:
01/04/2018 17:32:58 [INFO] exp_shallowmodel:              precision    recall  f1-score   support

          A       0.64      0.45      0.53        20
          C       0.80      0.82      0.81       169
          F       0.88      0.94      0.91       281
          R       0.70      0.60      0.64       122

avg / total       0.81      0.82      0.81       592

01/04/2018 17:32:58 [INFO] exp_shallowmodel: confusion matrix:
01/04/2018 17:32:58 [INFO] exp_shallowmodel: 
[[  9   1  10   0]
 [  2 139   9  19]
 [  2   3 263  13]
 [  1  31  17  73]]
01/04/2018 17:32:58 [INFO] exp_shallowmodel: ******************** dstc3 - Round 1 
01/04/2018 17:32:58 [INFO] exp_shallowmodel: #(data) = 4750
01/04/2018 17:32:58 [INFO] exp_shallowmodel: #(feature) = 943
01/04/2018 17:32:58 [INFO] exp_shallowmodel: ================================================================================
01/04/2018 17:32:58 [INFO] exp_shallowmodel: LR.pen=l1.C=1.000000
01/04/2018 17:32:58 [INFO] exp_shallowmodel: ________________________________________________________________________________
01/04/2018 17:32:58 [INFO] exp_shallowmodel: Training: 
01/04/2018 17:32:58 [INFO] exp_shallowmodel: LogisticRegression(C=1, class_weight=None, dual=False, fit_intercept=True,
          intercept_scaling=1, max_iter=100, multi_class='ovr', n_jobs=1,
          penalty='l1', random_state=None, solver='liblinear', tol=0.0001,
          verbose=0, warm_start=False)
01/04/2018 17:33:24 [INFO] exp_shallowmodel: train time: 25.073s
01/04/2018 17:33:24 [INFO] exp_shallowmodel: test time:  0.001s
01/04/2018 17:33:24 [INFO] exp_shallowmodel: accuracy:   0.804
01/04/2018 17:33:24 [INFO] exp_shallowmodel: f1_score:   0.655
01/04/2018 17:33:24 [INFO] exp_shallowmodel: classification report:
01/04/2018 17:33:24 [INFO] exp_shallowmodel:              precision    recall  f1-score   support

          A       0.36      0.25      0.29        20
          C       0.78      0.81      0.79       169
          F       0.87      0.94      0.91       281
          R       0.70      0.57      0.63       122

avg / total       0.79      0.80      0.80       592

01/04/2018 17:33:24 [INFO] exp_shallowmodel: confusion matrix:
01/04/2018 17:33:24 [INFO] exp_shallowmodel: 
[[  5   2  11   2]
 [  2 137  12  18]
 [  1   6 265   9]
 [  6  31  16  69]]
01/04/2018 17:33:24 [INFO] exp_shallowmodel: Feature selection of top 100, ranked by LR weights (selectable:non-selectable=7:93)
01/04/2018 17:33:31 [INFO] exp_shallowmodel: %%%%%%%%%%%%%%%%%%%%%%%%%%%%%%%%%%%%%%%%%%%%%%%%%%
01/04/2018 17:33:31 [INFO] exp_shallowmodel:           dataset=family
01/04/2018 17:33:31 [INFO] exp_shallowmodel:           k_feature_to_keep=5
01/04/2018 17:33:31 [INFO] exp_shallowmodel:           X_new.shape=(3530, 945)
01/04/2018 17:33:31 [INFO] exp_shallowmodel:           #(X_selected)=32
01/04/2018 17:33:31 [INFO] exp_shallowmodel:           #(X_not_selectable)=913
01/04/2018 17:33:31 [INFO] exp_shallowmodel: %%%%%%%%%%%%%%%%%%%%%%%%%%%%%%%%%%%%%%%%%%%%%%%%%%
01/04/2018 17:33:31 [INFO] exp_shallowmodel: ******************** family - Round 0 
01/04/2018 17:33:31 [INFO] exp_shallowmodel: #(data) = 2826
01/04/2018 17:33:31 [INFO] exp_shallowmodel: #(feature) = 945
01/04/2018 17:33:31 [INFO] exp_shallowmodel: ================================================================================
01/04/2018 17:33:31 [INFO] exp_shallowmodel: LR.pen=l1.C=1.000000
01/04/2018 17:33:31 [INFO] exp_shallowmodel: ________________________________________________________________________________
01/04/2018 17:33:31 [INFO] exp_shallowmodel: Training: 
01/04/2018 17:33:31 [INFO] exp_shallowmodel: LogisticRegression(C=1, class_weight=None, dual=False, fit_intercept=True,
          intercept_scaling=1, max_iter=100, multi_class='ovr', n_jobs=1,
          penalty='l1', random_state=None, solver='liblinear', tol=0.0001,
          verbose=0, warm_start=False)
01/04/2018 17:33:42 [INFO] exp_shallowmodel: train time: 10.994s
01/04/2018 17:33:42 [INFO] exp_shallowmodel: test time:  0.001s
01/04/2018 17:33:42 [INFO] exp_shallowmodel: accuracy:   0.827
01/04/2018 17:33:42 [INFO] exp_shallowmodel: f1_score:   0.628
01/04/2018 17:33:42 [INFO] exp_shallowmodel: classification report:
01/04/2018 17:33:42 [INFO] exp_shallowmodel:              precision    recall  f1-score   support

          A       0.47      0.39      0.43        23
          C       0.57      0.48      0.52        27
          F       0.93      0.94      0.93       250
          R       0.59      0.67      0.63        52

avg / total       0.82      0.83      0.82       352

01/04/2018 17:33:42 [INFO] exp_shallowmodel: confusion matrix:
01/04/2018 17:33:42 [INFO] exp_shallowmodel: 
[[  9   3   8   3]
 [  4  13   1   9]
 [  3   1 234  12]
 [  3   6   8  35]]
01/04/2018 17:33:42 [INFO] exp_shallowmodel: ******************** family - Round 1 
01/04/2018 17:33:42 [INFO] exp_shallowmodel: #(data) = 2826
01/04/2018 17:33:42 [INFO] exp_shallowmodel: #(feature) = 945
01/04/2018 17:33:42 [INFO] exp_shallowmodel: ================================================================================
01/04/2018 17:33:42 [INFO] exp_shallowmodel: LR.pen=l1.C=1.000000
01/04/2018 17:33:42 [INFO] exp_shallowmodel: ________________________________________________________________________________
01/04/2018 17:33:42 [INFO] exp_shallowmodel: Training: 
01/04/2018 17:33:42 [INFO] exp_shallowmodel: LogisticRegression(C=1, class_weight=None, dual=False, fit_intercept=True,
          intercept_scaling=1, max_iter=100, multi_class='ovr', n_jobs=1,
          penalty='l1', random_state=None, solver='liblinear', tol=0.0001,
          verbose=0, warm_start=False)
01/04/2018 17:33:55 [INFO] exp_shallowmodel: train time: 13.246s
01/04/2018 17:33:55 [INFO] exp_shallowmodel: test time:  0.001s
01/04/2018 17:33:55 [INFO] exp_shallowmodel: accuracy:   0.852
01/04/2018 17:33:55 [INFO] exp_shallowmodel: f1_score:   0.682
01/04/2018 17:33:55 [INFO] exp_shallowmodel: classification report:
01/04/2018 17:33:55 [INFO] exp_shallowmodel:              precision    recall  f1-score   support

          A       0.47      0.30      0.37        23
          C       0.77      0.74      0.75        27
          F       0.92      0.95      0.94       250
          R       0.66      0.67      0.67        52

avg / total       0.84      0.85      0.85       352

01/04/2018 17:33:55 [INFO] exp_shallowmodel: confusion matrix:
01/04/2018 17:33:55 [INFO] exp_shallowmodel: 
[[  7   2   6   8]
 [  1  20   2   4]
 [  6   0 238   6]
 [  1   4  12  35]]
01/04/2018 17:33:56 [INFO] exp_shallowmodel: Feature selection of top 100, ranked by LR weights (selectable:non-selectable=10:90)
01/04/2018 17:34:05 [INFO] exp_shallowmodel: %%%%%%%%%%%%%%%%%%%%%%%%%%%%%%%%%%%%%%%%%%%%%%%%%%
01/04/2018 17:34:05 [INFO] exp_shallowmodel:           dataset=ghome
01/04/2018 17:34:05 [INFO] exp_shallowmodel:           k_feature_to_keep=5
01/04/2018 17:34:05 [INFO] exp_shallowmodel:           X_new.shape=(5241, 944)
01/04/2018 17:34:05 [INFO] exp_shallowmodel:           #(X_selected)=32
01/04/2018 17:34:05 [INFO] exp_shallowmodel:           #(X_not_selectable)=912
01/04/2018 17:34:05 [INFO] exp_shallowmodel: %%%%%%%%%%%%%%%%%%%%%%%%%%%%%%%%%%%%%%%%%%%%%%%%%%
01/04/2018 17:34:05 [INFO] exp_shallowmodel: ******************** ghome - Round 0 
01/04/2018 17:34:05 [INFO] exp_shallowmodel: #(data) = 4197
01/04/2018 17:34:05 [INFO] exp_shallowmodel: #(feature) = 944
01/04/2018 17:34:05 [INFO] exp_shallowmodel: ================================================================================
01/04/2018 17:34:05 [INFO] exp_shallowmodel: LR.pen=l1.C=1.000000
01/04/2018 17:34:05 [INFO] exp_shallowmodel: ________________________________________________________________________________
01/04/2018 17:34:05 [INFO] exp_shallowmodel: Training: 
01/04/2018 17:34:05 [INFO] exp_shallowmodel: LogisticRegression(C=1, class_weight=None, dual=False, fit_intercept=True,
          intercept_scaling=1, max_iter=100, multi_class='ovr', n_jobs=1,
          penalty='l1', random_state=None, solver='liblinear', tol=0.0001,
          verbose=0, warm_start=False)
01/04/2018 17:34:28 [INFO] exp_shallowmodel: train time: 23.184s
01/04/2018 17:34:28 [INFO] exp_shallowmodel: test time:  0.001s
01/04/2018 17:34:28 [INFO] exp_shallowmodel: accuracy:   0.862
01/04/2018 17:34:28 [INFO] exp_shallowmodel: f1_score:   0.595
01/04/2018 17:34:28 [INFO] exp_shallowmodel: classification report:
01/04/2018 17:34:28 [INFO] exp_shallowmodel:              precision    recall  f1-score   support

          A       0.63      0.58      0.60        59
          C       0.33      0.17      0.22        12
          F       0.93      0.96      0.95       396
          R       0.62      0.60      0.61        55

avg / total       0.85      0.86      0.86       522

01/04/2018 17:34:28 [INFO] exp_shallowmodel: confusion matrix:
01/04/2018 17:34:28 [INFO] exp_shallowmodel: 
[[ 34   1  11  13]
 [  3   2   6   1]
 [  8   1 381   6]
 [  9   2  11  33]]
01/04/2018 17:34:28 [INFO] exp_shallowmodel: ******************** ghome - Round 1 
01/04/2018 17:34:28 [INFO] exp_shallowmodel: #(data) = 4197
01/04/2018 17:34:28 [INFO] exp_shallowmodel: #(feature) = 944
01/04/2018 17:34:28 [INFO] exp_shallowmodel: ================================================================================
01/04/2018 17:34:28 [INFO] exp_shallowmodel: LR.pen=l1.C=1.000000
01/04/2018 17:34:28 [INFO] exp_shallowmodel: ________________________________________________________________________________
01/04/2018 17:34:28 [INFO] exp_shallowmodel: Training: 
01/04/2018 17:34:28 [INFO] exp_shallowmodel: LogisticRegression(C=1, class_weight=None, dual=False, fit_intercept=True,
          intercept_scaling=1, max_iter=100, multi_class='ovr', n_jobs=1,
          penalty='l1', random_state=None, solver='liblinear', tol=0.0001,
          verbose=0, warm_start=False)
01/04/2018 17:34:53 [INFO] exp_shallowmodel: train time: 25.123s
01/04/2018 17:34:53 [INFO] exp_shallowmodel: test time:  0.001s
01/04/2018 17:34:53 [INFO] exp_shallowmodel: accuracy:   0.868
01/04/2018 17:34:53 [INFO] exp_shallowmodel: f1_score:   0.640
01/04/2018 17:34:53 [INFO] exp_shallowmodel: classification report:
01/04/2018 17:34:53 [INFO] exp_shallowmodel:              precision    recall  f1-score   support

          A       0.66      0.59      0.62        59
          C       0.40      0.33      0.36        12
          F       0.93      0.96      0.95       396
          R       0.65      0.60      0.62        55

avg / total       0.86      0.87      0.86       522

01/04/2018 17:34:53 [INFO] exp_shallowmodel: confusion matrix:
01/04/2018 17:34:53 [INFO] exp_shallowmodel: 
[[ 35   1  11  12]
 [  3   4   4   1]
 [  7   3 381   5]
 [  8   2  12  33]]
01/04/2018 17:34:54 [INFO] exp_shallowmodel: Feature selection of top 100, ranked by LR weights (selectable:non-selectable=3:97)
