01/30/2018 13:31:40 [INFO] configuration: experiment_mode  :   continuous_feature_selection
01/30/2018 13:31:40 [INFO] configuration: deep_model  :   False
01/30/2018 13:31:40 [INFO] configuration: selected_context_id  :   0
01/30/2018 13:31:40 [INFO] configuration: selected_feature_set_id  :   8
01/30/2018 13:31:40 [INFO] configuration: similarity_feature  :   True
01/30/2018 13:31:40 [INFO] configuration: k_feature_to_keep  :   -1
01/30/2018 13:31:40 [INFO] configuration: k_component_for_pca  :   -1
01/30/2018 13:31:40 [INFO] configuration: seed  :   154316847
01/30/2018 13:31:40 [INFO] configuration: root_path  :   /ihome/pbrusilosky/rum20/y_classify
01/30/2018 13:31:40 [INFO] configuration: task_name  :   utterance_type
01/30/2018 13:31:40 [INFO] configuration: timemark  :   20180130-133140
01/30/2018 13:31:40 [INFO] configuration: context_set  :   next
01/30/2018 13:31:40 [INFO] configuration: utterance_names  :   ['last_user_utterance', 'last_system_utterance', 'current_user_utterance', 'next_system_utterance', 'next_user_utterance']
01/30/2018 13:31:40 [INFO] configuration: utterance_range  :   ['current_user_utterance', 'next_system_utterance', 'next_user_utterance']
01/30/2018 13:31:40 [INFO] configuration: feature_set  :   8-skipthought
01/30/2018 13:31:40 [INFO] configuration: feature_set_number  :   ['11']
01/30/2018 13:31:40 [INFO] configuration: experiment_name  :   20180130-133140.continuous_feature_selection.pca_component=-1.feature_number=-1.context=next.feature=8-skipthought.similarity=true
01/30/2018 13:31:40 [INFO] configuration: experiment_path  :   /ihome/pbrusilosky/rum20/y_classify/output/20180130-133140.continuous_feature_selection.pca_component=-1.feature_number=-1.context=next.feature=8-skipthought.similarity=true
01/30/2018 13:31:40 [INFO] configuration: log_path  :   /ihome/pbrusilosky/rum20/y_classify/output/20180130-133140.continuous_feature_selection.pca_component=-1.feature_number=-1.context=next.feature=8-skipthought.similarity=true/output.log
01/30/2018 13:31:40 [INFO] configuration: valid_type  :   {'F', 'A', 'C', 'R'}
01/30/2018 13:31:40 [INFO] configuration: data_name  :   
01/30/2018 13:31:40 [INFO] configuration: data_names  :   ['dstc2', 'dstc3', 'family', 'ghome']
01/30/2018 13:31:40 [INFO] configuration: raw_feature_path  :   /ihome/pbrusilosky/rum20/y_classify/dataset/feature/%s.raw_feature.pkl
01/30/2018 13:31:40 [INFO] configuration: extracted_feature_path  :   /ihome/pbrusilosky/rum20/y_classify/dataset/feature/%s.extracted_feature.pkl
01/30/2018 13:31:40 [INFO] configuration: pipeline_path  :   /ihome/pbrusilosky/rum20/y_classify/dataset/feature/%s.pipeline.pkl
01/30/2018 13:31:40 [INFO] configuration: metrics  :   ['accuracy', 'precision', 'recall', 'f1_score', 'training_time', 'test_time']
01/30/2018 13:31:40 [INFO] configuration: do_cross_validation  :   True
01/30/2018 13:31:40 [INFO] configuration: #division  :   5
01/30/2018 13:31:40 [INFO] configuration: #cross_validation  :   10
01/30/2018 13:31:40 [INFO] configuration: cv_index_cache_path  :   
01/30/2018 13:31:40 [INFO] configuration: action_words  :   {'list', 'start', 'shuffle', 'add', 'temperature', 'items', 'snooze', 'remind', 'tell', 'room', 'time', 'address', 'north', 'help', 'video', 'telephone', 'any', 'findcar', 'item', 'ani', 'price', 'centre', 'post', 'music', 'reminds', 'turn', 'moderate', 'expens', 'delet', 'remov', 'snooz', 'show', 'telephon', 'delete', 'timer', 'phone', 'number', 'temperatur', 'part', 'skip', 'play', 'moder', 'share', 'next', 'song', 'centr', 'expensive', 'food', 'light', 'reminder', 'volum', 'clear', 'els', 'shuffl', 'volume', 'area', 'discard', 'weather', 'watch', 'stop', 'cast', 'south', 'findcare', 'cheap', 'remove', 'reminders', 'matter', 'alarm', 'else', 'member'}
01/30/2018 13:31:40 [INFO] configuration: corenlp_jars  :   ('/Users/memray/Project/stanford/stanford-corenlp-full-3.8.0/*', '/Users/memray/Project/stanford/stanford-corenlp-full-3.8.0/stanford-english-kbp-corenlp-2017-06-09-models.jar')
01/30/2018 13:31:40 [INFO] configuration: lda_topic_number  :   50
01/30/2018 13:31:40 [INFO] configuration: lda_path  :   /ihome/pbrusilosky/rum20/y_classify/dataset/feature/gensim/%s.topic=50.lda.pkl
01/30/2018 13:31:40 [INFO] configuration: gensim_corpus_path  :   /ihome/pbrusilosky/rum20/y_classify/dataset/feature/gensim/%s.corpus.pkl
01/30/2018 13:31:40 [INFO] configuration: gensim_dict_path  :   /ihome/pbrusilosky/rum20/y_classify/dataset/feature/gensim/%s.dict
01/30/2018 13:31:40 [INFO] configuration: w2v_path  :   /home/memray/Data/glove/GoogleNews-vectors-negative300.bin
01/30/2018 13:31:40 [INFO] configuration: w2v_vector_length  :   300
01/30/2018 13:31:40 [INFO] configuration: d2v_vector_length  :   300
01/30/2018 13:31:40 [INFO] configuration: d2v_window_size  :   5
01/30/2018 13:31:40 [INFO] configuration: d2v_min_count  :   2
01/30/2018 13:31:40 [INFO] configuration: d2v_model_path  :   /ihome/pbrusilosky/rum20/y_classify/dataset/feature/gensim/%s.doc2vec.dim=300.window=5.min_count=2.model
01/30/2018 13:31:40 [INFO] configuration: d2v_vector_path  :   /ihome/pbrusilosky/rum20/y_classify/dataset/feature/gensim/%s.doc2vec.dim=300.window=5.min_count=2.vector
01/30/2018 13:31:40 [INFO] configuration: num_word_keep  :   {'dstc2': 300, 'dstc3': 300, 'family': 1000, 'ghome': 1000}
01/30/2018 13:31:40 [INFO] configuration: batch_size  :   128
01/30/2018 13:31:40 [INFO] configuration: max_epoch  :   50
01/30/2018 13:31:40 [INFO] configuration: early_stop_tolerance  :   2
01/30/2018 13:31:40 [INFO] configuration: concat_sents  :   False
01/30/2018 13:31:40 [INFO] configuration: cnn_setting  :   {'model': 'multichannel', 'early_stopping': True, 'word_dim': 300, 'filters': [3, 4, 5], 'filter_num': [100, 100, 100], 'class_size': 4, 'batch_size': 128, 'learning_rate': 0.001, 'norm_limit': 10, 'dropout_prob': 0.0, 'sentence_num': 3}
01/30/2018 13:31:40 [INFO] configuration: skipthought_setting  :   {'skipthought_model_path': '/Users/memray/Data/skip-thought', 'skipthought_data_path': '/ihome/pbrusilosky/rum20/y_classify/dataset/feature/gensim/%s.skip-thought.biskip.vector', 'fixed_emb': True, 'sentence_num': 3, 'hidden_size': 2400, 'class_size': 4, 'learning_rate': 0.0001, 'norm_limit': 3, 'dropout_prob': 0.5}
01/30/2018 13:31:40 [INFO] configuration: lstm_setting  :   {'model': 'non-static', 'hidden_size': 32, 'embedding_size': 300, 'num_layers': 1, 'bidirectional': False, 'learning_rate': 0.001, 'class_size': 4, 'norm_limit': 2, 'clip_grad_norm': 2, 'dropout_prob': 0.1}
01/30/2018 13:31:43 [INFO] exp_shallowmodel: %%%%%%%%%%%%%%%%%%%%%%%%%%%%%%%%%%%%%%%%%%%%%%%%%%
01/30/2018 13:31:43 [INFO] exp_shallowmodel:           dataset=dstc2
01/30/2018 13:31:43 [INFO] exp_shallowmodel:           X_new.shape=(5725, 7201)
01/30/2018 13:31:43 [INFO] exp_shallowmodel:           #(discrete_feature)=0
01/30/2018 13:31:43 [INFO] exp_shallowmodel:           #(continuous_feature)=7200
01/30/2018 13:31:43 [INFO] exp_shallowmodel:           #(similarity_feature)=1
01/30/2018 13:31:43 [INFO] exp_shallowmodel: %%%%%%%%%%%%%%%%%%%%%%%%%%%%%%%%%%%%%%%%%%%%%%%%%%
01/30/2018 13:31:45 [INFO] exp_shallowmodel: ******************** dstc2 - Round 0 
01/30/2018 13:31:45 [INFO] exp_shallowmodel: #(data) = 4583
01/30/2018 13:31:45 [INFO] exp_shallowmodel: #(feature) = 7201
01/30/2018 13:31:45 [INFO] exp_shallowmodel: ================================================================================
01/30/2018 13:31:45 [INFO] exp_shallowmodel: LR.pen=l1.C=1.000000
01/30/2018 13:31:45 [INFO] exp_shallowmodel: ________________________________________________________________________________
01/30/2018 13:31:45 [INFO] exp_shallowmodel: Training: 
01/30/2018 13:31:45 [INFO] exp_shallowmodel: LogisticRegression(C=1, class_weight=None, dual=False, fit_intercept=True,
          intercept_scaling=1, max_iter=100, multi_class='ovr', n_jobs=1,
          penalty='l1', random_state=None, solver='liblinear', tol=0.0001,
          verbose=0, warm_start=False)
01/30/2018 13:32:31 [INFO] exp_shallowmodel: train time: 46.112s
01/30/2018 13:32:31 [INFO] exp_shallowmodel: test time:  0.008s
01/30/2018 13:32:31 [INFO] exp_shallowmodel: accuracy:   0.813
01/30/2018 13:32:31 [INFO] exp_shallowmodel: f1_score:   0.727
01/30/2018 13:32:31 [INFO] exp_shallowmodel: classification report:
01/30/2018 13:32:31 [INFO] exp_shallowmodel:              precision    recall  f1-score   support

          A       0.58      0.50      0.54        14
          C       0.78      0.80      0.79       164
          F       0.91      0.90      0.90       268
          R       0.67      0.68      0.67       125

avg / total       0.81      0.81      0.81       571

01/30/2018 13:32:31 [INFO] exp_shallowmodel: confusion matrix:
01/30/2018 13:32:31 [INFO] exp_shallowmodel: 
[[  7   2   3   2]
 [  1 132   7  24]
 [  4   8 240  16]
 [  0  27  13  85]]
01/30/2018 13:32:31 [INFO] exp_shallowmodel: Feature selection of top 100, selectable:non-selectable=0:100
01/30/2018 13:32:36 [INFO] exp_shallowmodel: %%%%%%%%%%%%%%%%%%%%%%%%%%%%%%%%%%%%%%%%%%%%%%%%%%
01/30/2018 13:32:36 [INFO] exp_shallowmodel:           dataset=dstc3
01/30/2018 13:32:36 [INFO] exp_shallowmodel:           X_new.shape=(5934, 7201)
01/30/2018 13:32:36 [INFO] exp_shallowmodel:           #(discrete_feature)=0
01/30/2018 13:32:36 [INFO] exp_shallowmodel:           #(continuous_feature)=7200
01/30/2018 13:32:36 [INFO] exp_shallowmodel:           #(similarity_feature)=1
01/30/2018 13:32:36 [INFO] exp_shallowmodel: %%%%%%%%%%%%%%%%%%%%%%%%%%%%%%%%%%%%%%%%%%%%%%%%%%
01/30/2018 13:32:37 [INFO] exp_shallowmodel: ******************** dstc3 - Round 0 
01/30/2018 13:32:37 [INFO] exp_shallowmodel: #(data) = 4750
01/30/2018 13:32:37 [INFO] exp_shallowmodel: #(feature) = 7201
01/30/2018 13:32:37 [INFO] exp_shallowmodel: ================================================================================
01/30/2018 13:32:37 [INFO] exp_shallowmodel: LR.pen=l1.C=1.000000
01/30/2018 13:32:37 [INFO] exp_shallowmodel: ________________________________________________________________________________
01/30/2018 13:32:37 [INFO] exp_shallowmodel: Training: 
01/30/2018 13:32:37 [INFO] exp_shallowmodel: LogisticRegression(C=1, class_weight=None, dual=False, fit_intercept=True,
          intercept_scaling=1, max_iter=100, multi_class='ovr', n_jobs=1,
          penalty='l1', random_state=None, solver='liblinear', tol=0.0001,
          verbose=0, warm_start=False)
01/30/2018 13:33:32 [INFO] exp_shallowmodel: train time: 54.643s
01/30/2018 13:33:32 [INFO] exp_shallowmodel: test time:  0.008s
01/30/2018 13:33:32 [INFO] exp_shallowmodel: accuracy:   0.758
01/30/2018 13:33:32 [INFO] exp_shallowmodel: f1_score:   0.691
01/30/2018 13:33:32 [INFO] exp_shallowmodel: classification report:
01/30/2018 13:33:32 [INFO] exp_shallowmodel:              precision    recall  f1-score   support

          A       0.79      0.55      0.65        20
          C       0.71      0.71      0.71       169
          F       0.89      0.91      0.90       281
          R       0.51      0.50      0.51       122

avg / total       0.76      0.76      0.76       592

01/30/2018 13:33:32 [INFO] exp_shallowmodel: confusion matrix:
01/30/2018 13:33:32 [INFO] exp_shallowmodel: 
[[ 11   3   4   2]
 [  1 120   9  39]
 [  1   6 257  17]
 [  1  40  20  61]]
01/30/2018 13:33:32 [INFO] exp_shallowmodel: Feature selection of top 100, selectable:non-selectable=0:100
01/30/2018 13:33:38 [INFO] exp_shallowmodel: %%%%%%%%%%%%%%%%%%%%%%%%%%%%%%%%%%%%%%%%%%%%%%%%%%
01/30/2018 13:33:38 [INFO] exp_shallowmodel:           dataset=family
01/30/2018 13:33:38 [INFO] exp_shallowmodel:           X_new.shape=(3530, 7201)
01/30/2018 13:33:38 [INFO] exp_shallowmodel:           #(discrete_feature)=0
01/30/2018 13:33:38 [INFO] exp_shallowmodel:           #(continuous_feature)=7200
01/30/2018 13:33:38 [INFO] exp_shallowmodel:           #(similarity_feature)=1
01/30/2018 13:33:38 [INFO] exp_shallowmodel: %%%%%%%%%%%%%%%%%%%%%%%%%%%%%%%%%%%%%%%%%%%%%%%%%%
01/30/2018 13:33:39 [INFO] exp_shallowmodel: ******************** family - Round 0 
01/30/2018 13:33:39 [INFO] exp_shallowmodel: #(data) = 2826
01/30/2018 13:33:39 [INFO] exp_shallowmodel: #(feature) = 7201
01/30/2018 13:33:39 [INFO] exp_shallowmodel: ================================================================================
01/30/2018 13:33:39 [INFO] exp_shallowmodel: LR.pen=l1.C=1.000000
01/30/2018 13:33:39 [INFO] exp_shallowmodel: ________________________________________________________________________________
01/30/2018 13:33:39 [INFO] exp_shallowmodel: Training: 
01/30/2018 13:33:39 [INFO] exp_shallowmodel: LogisticRegression(C=1, class_weight=None, dual=False, fit_intercept=True,
          intercept_scaling=1, max_iter=100, multi_class='ovr', n_jobs=1,
          penalty='l1', random_state=None, solver='liblinear', tol=0.0001,
          verbose=0, warm_start=False)
01/30/2018 13:33:58 [INFO] exp_shallowmodel: train time: 18.983s
01/30/2018 13:33:58 [INFO] exp_shallowmodel: test time:  0.005s
01/30/2018 13:33:58 [INFO] exp_shallowmodel: accuracy:   0.821
01/30/2018 13:33:58 [INFO] exp_shallowmodel: f1_score:   0.632
01/30/2018 13:33:58 [INFO] exp_shallowmodel: classification report:
01/30/2018 13:33:58 [INFO] exp_shallowmodel:              precision    recall  f1-score   support

          A       0.43      0.39      0.41        23
          C       0.60      0.67      0.63        27
          F       0.92      0.94      0.93       250
          R       0.60      0.52      0.56        52

avg / total       0.81      0.82      0.82       352

01/30/2018 13:33:58 [INFO] exp_shallowmodel: confusion matrix:
01/30/2018 13:33:58 [INFO] exp_shallowmodel: 
[[  9   2   7   5]
 [  4  18   2   3]
 [  3   2 235  10]
 [  5   8  12  27]]
01/30/2018 13:33:58 [INFO] exp_shallowmodel: Feature selection of top 100, selectable:non-selectable=0:100
01/30/2018 13:34:05 [INFO] exp_shallowmodel: %%%%%%%%%%%%%%%%%%%%%%%%%%%%%%%%%%%%%%%%%%%%%%%%%%
01/30/2018 13:34:05 [INFO] exp_shallowmodel:           dataset=ghome
01/30/2018 13:34:05 [INFO] exp_shallowmodel:           X_new.shape=(5241, 7201)
01/30/2018 13:34:05 [INFO] exp_shallowmodel:           #(discrete_feature)=0
01/30/2018 13:34:05 [INFO] exp_shallowmodel:           #(continuous_feature)=7200
01/30/2018 13:34:05 [INFO] exp_shallowmodel:           #(similarity_feature)=1
01/30/2018 13:34:05 [INFO] exp_shallowmodel: %%%%%%%%%%%%%%%%%%%%%%%%%%%%%%%%%%%%%%%%%%%%%%%%%%
01/30/2018 13:34:06 [INFO] exp_shallowmodel: ******************** ghome - Round 0 
01/30/2018 13:34:06 [INFO] exp_shallowmodel: #(data) = 4197
01/30/2018 13:34:06 [INFO] exp_shallowmodel: #(feature) = 7201
01/30/2018 13:34:06 [INFO] exp_shallowmodel: ================================================================================
01/30/2018 13:34:06 [INFO] exp_shallowmodel: LR.pen=l1.C=1.000000
01/30/2018 13:34:06 [INFO] exp_shallowmodel: ________________________________________________________________________________
01/30/2018 13:34:06 [INFO] exp_shallowmodel: Training: 
01/30/2018 13:34:06 [INFO] exp_shallowmodel: LogisticRegression(C=1, class_weight=None, dual=False, fit_intercept=True,
          intercept_scaling=1, max_iter=100, multi_class='ovr', n_jobs=1,
          penalty='l1', random_state=None, solver='liblinear', tol=0.0001,
          verbose=0, warm_start=False)
01/30/2018 13:34:27 [INFO] exp_shallowmodel: train time: 20.970s
01/30/2018 13:34:27 [INFO] exp_shallowmodel: test time:  0.006s
01/30/2018 13:34:27 [INFO] exp_shallowmodel: accuracy:   0.852
01/30/2018 13:34:27 [INFO] exp_shallowmodel: f1_score:   0.567
01/30/2018 13:34:27 [INFO] exp_shallowmodel: classification report:
01/30/2018 13:34:27 [INFO] exp_shallowmodel:              precision    recall  f1-score   support

          A       0.54      0.46      0.50        59
          C       0.40      0.17      0.24        12
          F       0.94      0.97      0.95       396
          R       0.57      0.60      0.58        55

avg / total       0.84      0.85      0.84       522

01/30/2018 13:34:27 [INFO] exp_shallowmodel: confusion matrix:
01/30/2018 13:34:27 [INFO] exp_shallowmodel: 
[[ 27   2  14  16]
 [  3   2   6   1]
 [  5   0 383   8]
 [ 15   1   6  33]]
01/30/2018 13:34:28 [INFO] exp_shallowmodel: Feature selection of top 100, selectable:non-selectable=0:100
