01/29/2018 20:20:41 [INFO] configuration: experiment_mode  :   continuous_feature_selection
01/29/2018 20:20:41 [INFO] configuration: deep_model  :   False
01/29/2018 20:20:41 [INFO] configuration: selected_context_id  :   0
01/29/2018 20:20:41 [INFO] configuration: selected_feature_set_id  :   8
01/29/2018 20:20:41 [INFO] configuration: similarity_feature  :   True
01/29/2018 20:20:41 [INFO] configuration: k_feature_to_keep  :   -1
01/29/2018 20:20:41 [INFO] configuration: k_component_for_pca  :   5
01/29/2018 20:20:41 [INFO] configuration: seed  :   154316847
01/29/2018 20:20:41 [INFO] configuration: root_path  :   /ihome/pbrusilosky/rum20/y_classify
01/29/2018 20:20:41 [INFO] configuration: task_name  :   utterance_type
01/29/2018 20:20:41 [INFO] configuration: timemark  :   20180129-202041
01/29/2018 20:20:41 [INFO] configuration: context_set  :   next
01/29/2018 20:20:41 [INFO] configuration: utterance_names  :   ['last_user_utterance', 'last_system_utterance', 'current_user_utterance', 'next_system_utterance', 'next_user_utterance']
01/29/2018 20:20:41 [INFO] configuration: utterance_range  :   ['current_user_utterance', 'next_system_utterance', 'next_user_utterance']
01/29/2018 20:20:41 [INFO] configuration: feature_set  :   8-skipthought
01/29/2018 20:20:41 [INFO] configuration: feature_set_number  :   ['11']
01/29/2018 20:20:41 [INFO] configuration: experiment_name  :   20180129-202041.continuous_feature_selection.pca_component=5.feature_number=-1.context=next.feature=8-skipthought.similarity=true
01/29/2018 20:20:41 [INFO] configuration: experiment_path  :   /ihome/pbrusilosky/rum20/y_classify/output/20180129-202041.continuous_feature_selection.pca_component=5.feature_number=-1.context=next.feature=8-skipthought.similarity=true
01/29/2018 20:20:41 [INFO] configuration: log_path  :   /ihome/pbrusilosky/rum20/y_classify/output/20180129-202041.continuous_feature_selection.pca_component=5.feature_number=-1.context=next.feature=8-skipthought.similarity=true/output.log
01/29/2018 20:20:41 [INFO] configuration: valid_type  :   {'C', 'R', 'F', 'A'}
01/29/2018 20:20:41 [INFO] configuration: data_name  :   
01/29/2018 20:20:41 [INFO] configuration: data_names  :   ['dstc2', 'dstc3', 'family', 'ghome']
01/29/2018 20:20:41 [INFO] configuration: raw_feature_path  :   /ihome/pbrusilosky/rum20/y_classify/dataset/feature/%s.raw_feature.pkl
01/29/2018 20:20:41 [INFO] configuration: extracted_feature_path  :   /ihome/pbrusilosky/rum20/y_classify/dataset/feature/%s.extracted_feature.pkl
01/29/2018 20:20:41 [INFO] configuration: pipeline_path  :   /ihome/pbrusilosky/rum20/y_classify/dataset/feature/%s.pipeline.pkl
01/29/2018 20:20:41 [INFO] configuration: metrics  :   ['accuracy', 'precision', 'recall', 'f1_score', 'training_time', 'test_time']
01/29/2018 20:20:41 [INFO] configuration: do_cross_validation  :   True
01/29/2018 20:20:41 [INFO] configuration: #division  :   5
01/29/2018 20:20:41 [INFO] configuration: #cross_validation  :   10
01/29/2018 20:20:41 [INFO] configuration: cv_index_cache_path  :   
01/29/2018 20:20:41 [INFO] configuration: action_words  :   {'cheap', 'item', 'weather', 'north', 'remind', 'address', 'centr', 'reminder', 'remove', 'remov', 'start', 'telephone', 'volum', 'watch', 'moder', 'turn', 'area', 'temperatur', 'stop', 'number', 'temperature', 'else', 'light', 'shuffle', 'expensive', 'expens', 'member', 'snooz', 'next', 'findcare', 'time', 'delet', 'alarm', 'snooze', 'skip', 'reminds', 'south', 'show', 'price', 'shuffl', 'els', 'discard', 'cast', 'tell', 'timer', 'post', 'any', 'help', 'volume', 'clear', 'findcar', 'matter', 'add', 'ani', 'music', 'play', 'reminders', 'centre', 'telephon', 'song', 'share', 'items', 'phone', 'food', 'list', 'video', 'room', 'moderate', 'delete', 'part'}
01/29/2018 20:20:41 [INFO] configuration: corenlp_jars  :   ('/Users/memray/Project/stanford/stanford-corenlp-full-3.8.0/*', '/Users/memray/Project/stanford/stanford-corenlp-full-3.8.0/stanford-english-kbp-corenlp-2017-06-09-models.jar')
01/29/2018 20:20:41 [INFO] configuration: lda_topic_number  :   50
01/29/2018 20:20:41 [INFO] configuration: lda_path  :   /ihome/pbrusilosky/rum20/y_classify/dataset/feature/gensim/%s.topic=50.lda.pkl
01/29/2018 20:20:41 [INFO] configuration: gensim_corpus_path  :   /ihome/pbrusilosky/rum20/y_classify/dataset/feature/gensim/%s.corpus.pkl
01/29/2018 20:20:41 [INFO] configuration: gensim_dict_path  :   /ihome/pbrusilosky/rum20/y_classify/dataset/feature/gensim/%s.dict
01/29/2018 20:20:41 [INFO] configuration: w2v_path  :   /home/memray/Data/glove/GoogleNews-vectors-negative300.bin
01/29/2018 20:20:41 [INFO] configuration: w2v_vector_length  :   300
01/29/2018 20:20:41 [INFO] configuration: d2v_vector_length  :   300
01/29/2018 20:20:41 [INFO] configuration: d2v_window_size  :   5
01/29/2018 20:20:41 [INFO] configuration: d2v_min_count  :   2
01/29/2018 20:20:41 [INFO] configuration: d2v_model_path  :   /ihome/pbrusilosky/rum20/y_classify/dataset/feature/gensim/%s.doc2vec.dim=300.window=5.min_count=2.model
01/29/2018 20:20:41 [INFO] configuration: d2v_vector_path  :   /ihome/pbrusilosky/rum20/y_classify/dataset/feature/gensim/%s.doc2vec.dim=300.window=5.min_count=2.vector
01/29/2018 20:20:41 [INFO] configuration: num_word_keep  :   {'dstc2': 300, 'dstc3': 300, 'family': 1000, 'ghome': 1000}
01/29/2018 20:20:41 [INFO] configuration: batch_size  :   128
01/29/2018 20:20:41 [INFO] configuration: max_epoch  :   50
01/29/2018 20:20:41 [INFO] configuration: early_stop_tolerance  :   2
01/29/2018 20:20:41 [INFO] configuration: concat_sents  :   False
01/29/2018 20:20:41 [INFO] configuration: cnn_setting  :   {'model': 'multichannel', 'early_stopping': True, 'word_dim': 300, 'filters': [3, 4, 5], 'filter_num': [100, 100, 100], 'class_size': 4, 'batch_size': 128, 'learning_rate': 0.001, 'norm_limit': 10, 'dropout_prob': 0.0, 'sentence_num': 3}
01/29/2018 20:20:41 [INFO] configuration: skipthought_setting  :   {'skipthought_model_path': '/Users/memray/Data/skip-thought', 'skipthought_data_path': '/ihome/pbrusilosky/rum20/y_classify/dataset/feature/gensim/%s.skip-thought.biskip.vector', 'fixed_emb': True, 'sentence_num': 3, 'hidden_size': 2400, 'class_size': 4, 'learning_rate': 0.0001, 'norm_limit': 3, 'dropout_prob': 0.5}
01/29/2018 20:20:41 [INFO] configuration: lstm_setting  :   {'model': 'non-static', 'hidden_size': 32, 'embedding_size': 300, 'num_layers': 1, 'bidirectional': False, 'learning_rate': 0.001, 'class_size': 4, 'norm_limit': 2, 'clip_grad_norm': 2, 'dropout_prob': 0.1}
01/29/2018 20:23:37 [INFO] exp_shallowmodel: %%%%%%%%%%%%%%%%%%%%%%%%%%%%%%%%%%%%%%%%%%%%%%%%%%
01/29/2018 20:23:37 [INFO] exp_shallowmodel:           dataset=dstc2
01/29/2018 20:23:37 [INFO] exp_shallowmodel:           X_new.shape=(5725, 33)
01/29/2018 20:23:37 [INFO] exp_shallowmodel:           #(discrete_feature)=0
01/29/2018 20:23:37 [INFO] exp_shallowmodel:           #(continuous_feature)=32
01/29/2018 20:23:37 [INFO] exp_shallowmodel:           #(similarity_feature)=1
01/29/2018 20:23:37 [INFO] exp_shallowmodel: %%%%%%%%%%%%%%%%%%%%%%%%%%%%%%%%%%%%%%%%%%%%%%%%%%
01/29/2018 20:23:37 [INFO] exp_shallowmodel: ******************** dstc2 - Round 0 
01/29/2018 20:23:37 [INFO] exp_shallowmodel: #(data) = 4583
01/29/2018 20:23:37 [INFO] exp_shallowmodel: #(feature) = 33
01/29/2018 20:23:37 [INFO] exp_shallowmodel: ================================================================================
01/29/2018 20:23:37 [INFO] exp_shallowmodel: LR.pen=l1.C=1.000000
01/29/2018 20:23:37 [INFO] exp_shallowmodel: ________________________________________________________________________________
01/29/2018 20:23:37 [INFO] exp_shallowmodel: Training: 
01/29/2018 20:23:37 [INFO] exp_shallowmodel: LogisticRegression(C=1, class_weight=None, dual=False, fit_intercept=True,
          intercept_scaling=1, max_iter=100, multi_class='ovr', n_jobs=1,
          penalty='l1', random_state=None, solver='liblinear', tol=0.0001,
          verbose=0, warm_start=False)
01/29/2018 20:23:37 [INFO] exp_shallowmodel: train time: 0.109s
01/29/2018 20:23:37 [INFO] exp_shallowmodel: test time:  0.000s
01/29/2018 20:23:37 [INFO] exp_shallowmodel: accuracy:   0.792
01/29/2018 20:23:37 [INFO] exp_shallowmodel: f1_score:   0.572
01/29/2018 20:23:37 [INFO] exp_shallowmodel: classification report:
01/29/2018 20:23:37 [INFO] exp_shallowmodel:              precision    recall  f1-score   support

          A       0.00      0.00      0.00        14
          C       0.77      0.84      0.80       164
          F       0.84      0.92      0.88       268
          R       0.70      0.54      0.61       125

avg / total       0.77      0.79      0.78       571

01/29/2018 20:23:37 [INFO] exp_shallowmodel: confusion matrix:
01/29/2018 20:23:37 [INFO] exp_shallowmodel: 
[[  0   2  10   2]
 [  0 137  12  15]
 [  0   9 247  12]
 [  0  31  26  68]]
01/29/2018 20:23:37 [INFO] exp_shallowmodel: ******************** dstc2 - Round 1 
01/29/2018 20:23:37 [INFO] exp_shallowmodel: #(data) = 4583
01/29/2018 20:23:37 [INFO] exp_shallowmodel: #(feature) = 33
01/29/2018 20:23:37 [INFO] exp_shallowmodel: ================================================================================
01/29/2018 20:23:37 [INFO] exp_shallowmodel: LR.pen=l1.C=1.000000
01/29/2018 20:23:37 [INFO] exp_shallowmodel: ________________________________________________________________________________
01/29/2018 20:23:37 [INFO] exp_shallowmodel: Training: 
01/29/2018 20:23:37 [INFO] exp_shallowmodel: LogisticRegression(C=1, class_weight=None, dual=False, fit_intercept=True,
          intercept_scaling=1, max_iter=100, multi_class='ovr', n_jobs=1,
          penalty='l1', random_state=None, solver='liblinear', tol=0.0001,
          verbose=0, warm_start=False)
01/29/2018 20:23:37 [INFO] exp_shallowmodel: train time: 0.110s
01/29/2018 20:23:37 [INFO] exp_shallowmodel: test time:  0.000s
01/29/2018 20:23:37 [INFO] exp_shallowmodel: accuracy:   0.755
01/29/2018 20:23:37 [INFO] exp_shallowmodel: f1_score:   0.570
01/29/2018 20:23:37 [INFO] exp_shallowmodel: classification report:
01/29/2018 20:23:37 [INFO] exp_shallowmodel:              precision    recall  f1-score   support

          A       1.00      0.07      0.13        14
          C       0.72      0.70      0.71       164
          F       0.82      0.94      0.88       268
          R       0.61      0.52      0.56       125

avg / total       0.75      0.75      0.74       571

01/29/2018 20:23:37 [INFO] exp_shallowmodel: confusion matrix:
01/29/2018 20:23:37 [INFO] exp_shallowmodel: 
[[  1   3   8   2]
 [  0 114  19  31]
 [  0   9 251   8]
 [  0  33  27  65]]
01/29/2018 20:23:37 [INFO] exp_shallowmodel: ******************** dstc2 - Round 2 
01/29/2018 20:23:37 [INFO] exp_shallowmodel: #(data) = 4583
01/29/2018 20:23:37 [INFO] exp_shallowmodel: #(feature) = 33
01/29/2018 20:23:37 [INFO] exp_shallowmodel: ================================================================================
01/29/2018 20:23:37 [INFO] exp_shallowmodel: LR.pen=l1.C=1.000000
01/29/2018 20:23:37 [INFO] exp_shallowmodel: ________________________________________________________________________________
01/29/2018 20:23:37 [INFO] exp_shallowmodel: Training: 
01/29/2018 20:23:37 [INFO] exp_shallowmodel: LogisticRegression(C=1, class_weight=None, dual=False, fit_intercept=True,
          intercept_scaling=1, max_iter=100, multi_class='ovr', n_jobs=1,
          penalty='l1', random_state=None, solver='liblinear', tol=0.0001,
          verbose=0, warm_start=False)
01/29/2018 20:23:37 [INFO] exp_shallowmodel: train time: 0.111s
01/29/2018 20:23:37 [INFO] exp_shallowmodel: test time:  0.000s
01/29/2018 20:23:37 [INFO] exp_shallowmodel: accuracy:   0.776
01/29/2018 20:23:37 [INFO] exp_shallowmodel: f1_score:   0.560
01/29/2018 20:23:37 [INFO] exp_shallowmodel: classification report:
01/29/2018 20:23:37 [INFO] exp_shallowmodel:              precision    recall  f1-score   support

          A       0.00      0.00      0.00        14
          C       0.71      0.73      0.72       164
          F       0.86      0.93      0.89       268
          R       0.66      0.60      0.63       125

avg / total       0.75      0.78      0.76       571

01/29/2018 20:23:37 [INFO] exp_shallowmodel: confusion matrix:
01/29/2018 20:23:37 [INFO] exp_shallowmodel: 
[[  0   2   9   3]
 [  0 120  16  28]
 [  0  12 248   8]
 [  0  34  16  75]]
01/29/2018 20:23:37 [INFO] exp_shallowmodel: ******************** dstc2 - Round 3 
01/29/2018 20:23:37 [INFO] exp_shallowmodel: #(data) = 4583
01/29/2018 20:23:37 [INFO] exp_shallowmodel: #(feature) = 33
01/29/2018 20:23:37 [INFO] exp_shallowmodel: ================================================================================
01/29/2018 20:23:37 [INFO] exp_shallowmodel: LR.pen=l1.C=1.000000
01/29/2018 20:23:37 [INFO] exp_shallowmodel: ________________________________________________________________________________
01/29/2018 20:23:37 [INFO] exp_shallowmodel: Training: 
01/29/2018 20:23:37 [INFO] exp_shallowmodel: LogisticRegression(C=1, class_weight=None, dual=False, fit_intercept=True,
          intercept_scaling=1, max_iter=100, multi_class='ovr', n_jobs=1,
          penalty='l1', random_state=None, solver='liblinear', tol=0.0001,
          verbose=0, warm_start=False)
01/29/2018 20:23:37 [INFO] exp_shallowmodel: train time: 0.105s
01/29/2018 20:23:37 [INFO] exp_shallowmodel: test time:  0.000s
01/29/2018 20:23:37 [INFO] exp_shallowmodel: accuracy:   0.771
01/29/2018 20:23:37 [INFO] exp_shallowmodel: f1_score:   0.559
01/29/2018 20:23:37 [INFO] exp_shallowmodel: classification report:
01/29/2018 20:23:37 [INFO] exp_shallowmodel:              precision    recall  f1-score   support

          A       0.00      0.00      0.00        14
          C       0.75      0.74      0.75       164
          F       0.82      0.91      0.86       268
          R       0.68      0.58      0.63       125

avg / total       0.75      0.77      0.76       571

01/29/2018 20:23:37 [INFO] exp_shallowmodel: confusion matrix:
01/29/2018 20:23:37 [INFO] exp_shallowmodel: 
[[  0   2  11   1]
 [  0 122  17  25]
 [  0  14 245   9]
 [  0  25  27  73]]
01/29/2018 20:23:37 [INFO] exp_shallowmodel: ******************** dstc2 - Round 4 
01/29/2018 20:23:37 [INFO] exp_shallowmodel: #(data) = 4583
01/29/2018 20:23:37 [INFO] exp_shallowmodel: #(feature) = 33
01/29/2018 20:23:37 [INFO] exp_shallowmodel: ================================================================================
01/29/2018 20:23:37 [INFO] exp_shallowmodel: LR.pen=l1.C=1.000000
01/29/2018 20:23:37 [INFO] exp_shallowmodel: ________________________________________________________________________________
01/29/2018 20:23:37 [INFO] exp_shallowmodel: Training: 
01/29/2018 20:23:37 [INFO] exp_shallowmodel: LogisticRegression(C=1, class_weight=None, dual=False, fit_intercept=True,
          intercept_scaling=1, max_iter=100, multi_class='ovr', n_jobs=1,
          penalty='l1', random_state=None, solver='liblinear', tol=0.0001,
          verbose=0, warm_start=False)
01/29/2018 20:23:37 [INFO] exp_shallowmodel: train time: 0.105s
01/29/2018 20:23:37 [INFO] exp_shallowmodel: test time:  0.000s
01/29/2018 20:23:37 [INFO] exp_shallowmodel: accuracy:   0.765
01/29/2018 20:23:37 [INFO] exp_shallowmodel: f1_score:   0.549
01/29/2018 20:23:37 [INFO] exp_shallowmodel: classification report:
01/29/2018 20:23:37 [INFO] exp_shallowmodel:              precision    recall  f1-score   support

          A       0.00      0.00      0.00        14
          C       0.76      0.77      0.77       164
          F       0.81      0.92      0.86       268
          R       0.65      0.51      0.57       125

avg / total       0.74      0.77      0.75       571

01/29/2018 20:23:37 [INFO] exp_shallowmodel: confusion matrix:
01/29/2018 20:23:37 [INFO] exp_shallowmodel: 
[[  0   1  11   2]
 [  0 127  16  21]
 [  0  11 246  11]
 [  0  29  32  64]]
01/29/2018 20:23:37 [INFO] exp_shallowmodel: ******************** dstc2 - Round 5 
01/29/2018 20:23:37 [INFO] exp_shallowmodel: #(data) = 4583
01/29/2018 20:23:37 [INFO] exp_shallowmodel: #(feature) = 33
01/29/2018 20:23:37 [INFO] exp_shallowmodel: ================================================================================
01/29/2018 20:23:37 [INFO] exp_shallowmodel: LR.pen=l1.C=1.000000
01/29/2018 20:23:37 [INFO] exp_shallowmodel: ________________________________________________________________________________
01/29/2018 20:23:37 [INFO] exp_shallowmodel: Training: 
01/29/2018 20:23:37 [INFO] exp_shallowmodel: LogisticRegression(C=1, class_weight=None, dual=False, fit_intercept=True,
          intercept_scaling=1, max_iter=100, multi_class='ovr', n_jobs=1,
          penalty='l1', random_state=None, solver='liblinear', tol=0.0001,
          verbose=0, warm_start=False)
01/29/2018 20:23:37 [INFO] exp_shallowmodel: train time: 0.107s
01/29/2018 20:23:37 [INFO] exp_shallowmodel: test time:  0.000s
01/29/2018 20:23:37 [INFO] exp_shallowmodel: accuracy:   0.783
01/29/2018 20:23:37 [INFO] exp_shallowmodel: f1_score:   0.570
01/29/2018 20:23:37 [INFO] exp_shallowmodel: classification report:
01/29/2018 20:23:37 [INFO] exp_shallowmodel:              precision    recall  f1-score   support

          A       0.00      0.00      0.00        14
          C       0.76      0.74      0.75       164
          F       0.83      0.93      0.88       268
          R       0.68      0.62      0.65       125

avg / total       0.76      0.78      0.77       571

01/29/2018 20:23:37 [INFO] exp_shallowmodel: confusion matrix:
01/29/2018 20:23:37 [INFO] exp_shallowmodel: 
[[  0   1  11   2]
 [  0 121  18  25]
 [  0  11 248   9]
 [  0  26  21  78]]
01/29/2018 20:23:37 [INFO] exp_shallowmodel: ******************** dstc2 - Round 6 
01/29/2018 20:23:37 [INFO] exp_shallowmodel: #(data) = 4583
01/29/2018 20:23:37 [INFO] exp_shallowmodel: #(feature) = 33
01/29/2018 20:23:37 [INFO] exp_shallowmodel: ================================================================================
01/29/2018 20:23:37 [INFO] exp_shallowmodel: LR.pen=l1.C=1.000000
01/29/2018 20:23:37 [INFO] exp_shallowmodel: ________________________________________________________________________________
01/29/2018 20:23:37 [INFO] exp_shallowmodel: Training: 
01/29/2018 20:23:37 [INFO] exp_shallowmodel: LogisticRegression(C=1, class_weight=None, dual=False, fit_intercept=True,
          intercept_scaling=1, max_iter=100, multi_class='ovr', n_jobs=1,
          penalty='l1', random_state=None, solver='liblinear', tol=0.0001,
          verbose=0, warm_start=False)
01/29/2018 20:23:37 [INFO] exp_shallowmodel: train time: 0.105s
01/29/2018 20:23:37 [INFO] exp_shallowmodel: test time:  0.000s
01/29/2018 20:23:37 [INFO] exp_shallowmodel: accuracy:   0.786
01/29/2018 20:23:37 [INFO] exp_shallowmodel: f1_score:   0.598
01/29/2018 20:23:37 [INFO] exp_shallowmodel: classification report:
01/29/2018 20:23:37 [INFO] exp_shallowmodel:              precision    recall  f1-score   support

          A       1.00      0.07      0.13        14
          C       0.74      0.80      0.77       164
          F       0.85      0.93      0.89       268
          R       0.68      0.54      0.60       125

avg / total       0.78      0.79      0.77       571

01/29/2018 20:23:37 [INFO] exp_shallowmodel: confusion matrix:
01/29/2018 20:23:37 [INFO] exp_shallowmodel: 
[[  1   1  11   1]
 [  0 131  12  21]
 [  0   9 250   9]
 [  0  36  22  67]]
01/29/2018 20:23:37 [INFO] exp_shallowmodel: ******************** dstc2 - Round 7 
01/29/2018 20:23:37 [INFO] exp_shallowmodel: #(data) = 4583
01/29/2018 20:23:37 [INFO] exp_shallowmodel: #(feature) = 33
01/29/2018 20:23:37 [INFO] exp_shallowmodel: ================================================================================
01/29/2018 20:23:37 [INFO] exp_shallowmodel: LR.pen=l1.C=1.000000
01/29/2018 20:23:37 [INFO] exp_shallowmodel: ________________________________________________________________________________
01/29/2018 20:23:37 [INFO] exp_shallowmodel: Training: 
01/29/2018 20:23:37 [INFO] exp_shallowmodel: LogisticRegression(C=1, class_weight=None, dual=False, fit_intercept=True,
          intercept_scaling=1, max_iter=100, multi_class='ovr', n_jobs=1,
          penalty='l1', random_state=None, solver='liblinear', tol=0.0001,
          verbose=0, warm_start=False)
01/29/2018 20:23:38 [INFO] exp_shallowmodel: train time: 0.119s
01/29/2018 20:23:38 [INFO] exp_shallowmodel: test time:  0.000s
01/29/2018 20:23:38 [INFO] exp_shallowmodel: accuracy:   0.753
01/29/2018 20:23:38 [INFO] exp_shallowmodel: f1_score:   0.541
01/29/2018 20:23:38 [INFO] exp_shallowmodel: classification report:
01/29/2018 20:23:38 [INFO] exp_shallowmodel:              precision    recall  f1-score   support

          A       0.00      0.00      0.00        14
          C       0.71      0.70      0.70       164
          F       0.81      0.92      0.86       268
          R       0.65      0.55      0.60       125

avg / total       0.73      0.75      0.74       571

01/29/2018 20:23:38 [INFO] exp_shallowmodel: confusion matrix:
01/29/2018 20:23:38 [INFO] exp_shallowmodel: 
[[  0   4   8   2]
 [  0 114  23  27]
 [  0  13 247   8]
 [  0  29  27  69]]
01/29/2018 20:23:38 [INFO] exp_shallowmodel: ******************** dstc2 - Round 8 
01/29/2018 20:23:38 [INFO] exp_shallowmodel: #(data) = 4583
01/29/2018 20:23:38 [INFO] exp_shallowmodel: #(feature) = 33
01/29/2018 20:23:38 [INFO] exp_shallowmodel: ================================================================================
01/29/2018 20:23:38 [INFO] exp_shallowmodel: LR.pen=l1.C=1.000000
01/29/2018 20:23:38 [INFO] exp_shallowmodel: ________________________________________________________________________________
01/29/2018 20:23:38 [INFO] exp_shallowmodel: Training: 
01/29/2018 20:23:38 [INFO] exp_shallowmodel: LogisticRegression(C=1, class_weight=None, dual=False, fit_intercept=True,
          intercept_scaling=1, max_iter=100, multi_class='ovr', n_jobs=1,
          penalty='l1', random_state=None, solver='liblinear', tol=0.0001,
          verbose=0, warm_start=False)
01/29/2018 20:23:38 [INFO] exp_shallowmodel: train time: 0.117s
01/29/2018 20:23:38 [INFO] exp_shallowmodel: test time:  0.000s
01/29/2018 20:23:38 [INFO] exp_shallowmodel: accuracy:   0.765
01/29/2018 20:23:38 [INFO] exp_shallowmodel: f1_score:   0.582
01/29/2018 20:23:38 [INFO] exp_shallowmodel: classification report:
01/29/2018 20:23:38 [INFO] exp_shallowmodel:              precision    recall  f1-score   support

          A       1.00      0.07      0.13        14
          C       0.70      0.70      0.70       164
          F       0.84      0.93      0.88       268
          R       0.66      0.57      0.61       125

avg / total       0.76      0.77      0.75       571

01/29/2018 20:23:38 [INFO] exp_shallowmodel: confusion matrix:
01/29/2018 20:23:38 [INFO] exp_shallowmodel: 
[[  1   2  10   1]
 [  0 115  16  33]
 [  0  15 250   3]
 [  0  32  22  71]]
01/29/2018 20:23:38 [INFO] exp_shallowmodel: ******************** dstc2 - Round 9 
01/29/2018 20:23:38 [INFO] exp_shallowmodel: #(data) = 4568
01/29/2018 20:23:38 [INFO] exp_shallowmodel: #(feature) = 33
01/29/2018 20:23:38 [INFO] exp_shallowmodel: ================================================================================
01/29/2018 20:23:38 [INFO] exp_shallowmodel: LR.pen=l1.C=1.000000
01/29/2018 20:23:38 [INFO] exp_shallowmodel: ________________________________________________________________________________
01/29/2018 20:23:38 [INFO] exp_shallowmodel: Training: 
01/29/2018 20:23:38 [INFO] exp_shallowmodel: LogisticRegression(C=1, class_weight=None, dual=False, fit_intercept=True,
          intercept_scaling=1, max_iter=100, multi_class='ovr', n_jobs=1,
          penalty='l1', random_state=None, solver='liblinear', tol=0.0001,
          verbose=0, warm_start=False)
01/29/2018 20:23:38 [INFO] exp_shallowmodel: train time: 0.100s
01/29/2018 20:23:38 [INFO] exp_shallowmodel: test time:  0.000s
01/29/2018 20:23:38 [INFO] exp_shallowmodel: accuracy:   0.718
01/29/2018 20:23:38 [INFO] exp_shallowmodel: f1_score:   0.560
01/29/2018 20:23:38 [INFO] exp_shallowmodel: classification report:
01/29/2018 20:23:38 [INFO] exp_shallowmodel:              precision    recall  f1-score   support

          A       0.67      0.12      0.21        16
          C       0.65      0.66      0.66       169
          F       0.81      0.90      0.86       271
          R       0.56      0.48      0.52       130

avg / total       0.71      0.72      0.71       586

01/29/2018 20:23:38 [INFO] exp_shallowmodel: confusion matrix:
01/29/2018 20:23:38 [INFO] exp_shallowmodel: 
[[  2   4   9   1]
 [  0 112  23  34]
 [  1  12 245  13]
 [  0  43  25  62]]
01/29/2018 20:23:38 [INFO] exp_shallowmodel: ******************** dstc2 - Round 10 
01/29/2018 20:23:38 [INFO] exp_shallowmodel: #(data) = 4583
01/29/2018 20:23:38 [INFO] exp_shallowmodel: #(feature) = 33
01/29/2018 20:23:38 [INFO] exp_shallowmodel: ================================================================================
01/29/2018 20:23:38 [INFO] exp_shallowmodel: LR.pen=l1.C=1.000000
01/29/2018 20:23:38 [INFO] exp_shallowmodel: ________________________________________________________________________________
01/29/2018 20:23:38 [INFO] exp_shallowmodel: Training: 
01/29/2018 20:23:38 [INFO] exp_shallowmodel: LogisticRegression(C=1, class_weight=None, dual=False, fit_intercept=True,
          intercept_scaling=1, max_iter=100, multi_class='ovr', n_jobs=1,
          penalty='l1', random_state=None, solver='liblinear', tol=0.0001,
          verbose=0, warm_start=False)
01/29/2018 20:23:38 [INFO] exp_shallowmodel: train time: 0.099s
01/29/2018 20:23:38 [INFO] exp_shallowmodel: test time:  0.000s
01/29/2018 20:23:38 [INFO] exp_shallowmodel: accuracy:   0.762
01/29/2018 20:23:38 [INFO] exp_shallowmodel: f1_score:   0.550
01/29/2018 20:23:38 [INFO] exp_shallowmodel: classification report:
01/29/2018 20:23:38 [INFO] exp_shallowmodel:              precision    recall  f1-score   support

          A       0.00      0.00      0.00        14
          C       0.70      0.69      0.69       164
          F       0.82      0.93      0.87       268
          R       0.70      0.58      0.63       125

avg / total       0.74      0.76      0.75       571

01/29/2018 20:23:38 [INFO] exp_shallowmodel: confusion matrix:
01/29/2018 20:23:38 [INFO] exp_shallowmodel: 
[[  0   3  11   0]
 [  0 113  25  26]
 [  0  13 249   6]
 [  0  33  19  73]]
01/29/2018 20:23:38 [INFO] exp_shallowmodel: ******************** dstc2 - Round 11 
01/29/2018 20:23:38 [INFO] exp_shallowmodel: #(data) = 4583
01/29/2018 20:23:38 [INFO] exp_shallowmodel: #(feature) = 33
01/29/2018 20:23:38 [INFO] exp_shallowmodel: ================================================================================
01/29/2018 20:23:38 [INFO] exp_shallowmodel: LR.pen=l1.C=1.000000
01/29/2018 20:23:38 [INFO] exp_shallowmodel: ________________________________________________________________________________
01/29/2018 20:23:38 [INFO] exp_shallowmodel: Training: 
01/29/2018 20:23:38 [INFO] exp_shallowmodel: LogisticRegression(C=1, class_weight=None, dual=False, fit_intercept=True,
          intercept_scaling=1, max_iter=100, multi_class='ovr', n_jobs=1,
          penalty='l1', random_state=None, solver='liblinear', tol=0.0001,
          verbose=0, warm_start=False)
01/29/2018 20:23:38 [INFO] exp_shallowmodel: train time: 0.110s
01/29/2018 20:23:38 [INFO] exp_shallowmodel: test time:  0.000s
01/29/2018 20:23:38 [INFO] exp_shallowmodel: accuracy:   0.779
01/29/2018 20:23:38 [INFO] exp_shallowmodel: f1_score:   0.560
01/29/2018 20:23:38 [INFO] exp_shallowmodel: classification report:
01/29/2018 20:23:38 [INFO] exp_shallowmodel:              precision    recall  f1-score   support

          A       0.00      0.00      0.00        14
          C       0.73      0.73      0.73       164
          F       0.86      0.95      0.90       268
          R       0.66      0.57      0.61       125

avg / total       0.75      0.78      0.76       571

01/29/2018 20:23:38 [INFO] exp_shallowmodel: confusion matrix:
01/29/2018 20:23:38 [INFO] exp_shallowmodel: 
[[  0   3   9   2]
 [  0 120  14  30]
 [  1   8 254   5]
 [  0  34  20  71]]
01/29/2018 20:23:38 [INFO] exp_shallowmodel: ******************** dstc2 - Round 12 
01/29/2018 20:23:38 [INFO] exp_shallowmodel: #(data) = 4583
01/29/2018 20:23:38 [INFO] exp_shallowmodel: #(feature) = 33
01/29/2018 20:23:38 [INFO] exp_shallowmodel: ================================================================================
01/29/2018 20:23:38 [INFO] exp_shallowmodel: LR.pen=l1.C=1.000000
01/29/2018 20:23:38 [INFO] exp_shallowmodel: ________________________________________________________________________________
01/29/2018 20:23:38 [INFO] exp_shallowmodel: Training: 
01/29/2018 20:23:38 [INFO] exp_shallowmodel: LogisticRegression(C=1, class_weight=None, dual=False, fit_intercept=True,
          intercept_scaling=1, max_iter=100, multi_class='ovr', n_jobs=1,
          penalty='l1', random_state=None, solver='liblinear', tol=0.0001,
          verbose=0, warm_start=False)
01/29/2018 20:23:38 [INFO] exp_shallowmodel: train time: 0.118s
01/29/2018 20:23:38 [INFO] exp_shallowmodel: test time:  0.000s
01/29/2018 20:23:38 [INFO] exp_shallowmodel: accuracy:   0.758
01/29/2018 20:23:38 [INFO] exp_shallowmodel: f1_score:   0.542
01/29/2018 20:23:38 [INFO] exp_shallowmodel: classification report:
01/29/2018 20:23:38 [INFO] exp_shallowmodel:              precision    recall  f1-score   support

          A       0.00      0.00      0.00        14
          C       0.74      0.70      0.72       164
          F       0.82      0.94      0.88       268
          R       0.61      0.54      0.57       125

avg / total       0.73      0.76      0.74       571

01/29/2018 20:23:38 [INFO] exp_shallowmodel: confusion matrix:
01/29/2018 20:23:38 [INFO] exp_shallowmodel: 
[[  0   1  12   1]
 [  0 114  16  34]
 [  0   8 251   9]
 [  0  31  26  68]]
01/29/2018 20:23:38 [INFO] exp_shallowmodel: ******************** dstc2 - Round 13 
01/29/2018 20:23:38 [INFO] exp_shallowmodel: #(data) = 4583
01/29/2018 20:23:38 [INFO] exp_shallowmodel: #(feature) = 33
01/29/2018 20:23:38 [INFO] exp_shallowmodel: ================================================================================
01/29/2018 20:23:38 [INFO] exp_shallowmodel: LR.pen=l1.C=1.000000
01/29/2018 20:23:38 [INFO] exp_shallowmodel: ________________________________________________________________________________
01/29/2018 20:23:38 [INFO] exp_shallowmodel: Training: 
01/29/2018 20:23:38 [INFO] exp_shallowmodel: LogisticRegression(C=1, class_weight=None, dual=False, fit_intercept=True,
          intercept_scaling=1, max_iter=100, multi_class='ovr', n_jobs=1,
          penalty='l1', random_state=None, solver='liblinear', tol=0.0001,
          verbose=0, warm_start=False)
01/29/2018 20:23:38 [INFO] exp_shallowmodel: train time: 0.115s
01/29/2018 20:23:38 [INFO] exp_shallowmodel: test time:  0.000s
01/29/2018 20:23:38 [INFO] exp_shallowmodel: accuracy:   0.786
01/29/2018 20:23:38 [INFO] exp_shallowmodel: f1_score:   0.570
01/29/2018 20:23:38 [INFO] exp_shallowmodel: classification report:
01/29/2018 20:23:38 [INFO] exp_shallowmodel:              precision    recall  f1-score   support

          A       0.00      0.00      0.00        14
          C       0.75      0.74      0.74       164
          F       0.83      0.94      0.88       268
          R       0.71      0.60      0.65       125

avg / total       0.76      0.79      0.77       571

01/29/2018 20:23:38 [INFO] exp_shallowmodel: confusion matrix:
01/29/2018 20:23:38 [INFO] exp_shallowmodel: 
[[  0   4   9   1]
 [  0 121  18  25]
 [  0  10 253   5]
 [  0  26  24  75]]
01/29/2018 20:23:38 [INFO] exp_shallowmodel: ******************** dstc2 - Round 14 
01/29/2018 20:23:38 [INFO] exp_shallowmodel: #(data) = 4583
01/29/2018 20:23:38 [INFO] exp_shallowmodel: #(feature) = 33
01/29/2018 20:23:38 [INFO] exp_shallowmodel: ================================================================================
01/29/2018 20:23:38 [INFO] exp_shallowmodel: LR.pen=l1.C=1.000000
01/29/2018 20:23:38 [INFO] exp_shallowmodel: ________________________________________________________________________________
01/29/2018 20:23:38 [INFO] exp_shallowmodel: Training: 
01/29/2018 20:23:38 [INFO] exp_shallowmodel: LogisticRegression(C=1, class_weight=None, dual=False, fit_intercept=True,
          intercept_scaling=1, max_iter=100, multi_class='ovr', n_jobs=1,
          penalty='l1', random_state=None, solver='liblinear', tol=0.0001,
          verbose=0, warm_start=False)
01/29/2018 20:23:38 [INFO] exp_shallowmodel: train time: 0.111s
01/29/2018 20:23:38 [INFO] exp_shallowmodel: test time:  0.000s
01/29/2018 20:23:38 [INFO] exp_shallowmodel: accuracy:   0.771
01/29/2018 20:23:38 [INFO] exp_shallowmodel: f1_score:   0.556
01/29/2018 20:23:38 [INFO] exp_shallowmodel: classification report:
01/29/2018 20:23:38 [INFO] exp_shallowmodel:              precision    recall  f1-score   support

          A       0.00      0.00      0.00        14
          C       0.73      0.73      0.73       164
          F       0.85      0.92      0.88       268
          R       0.64      0.59      0.61       125

avg / total       0.75      0.77      0.76       571

01/29/2018 20:23:38 [INFO] exp_shallowmodel: confusion matrix:
01/29/2018 20:23:38 [INFO] exp_shallowmodel: 
[[  0   4  10   0]
 [  0 119  17  28]
 [  0   7 247  14]
 [  0  34  17  74]]
01/29/2018 20:23:38 [INFO] exp_shallowmodel: ******************** dstc2 - Round 15 
01/29/2018 20:23:38 [INFO] exp_shallowmodel: #(data) = 4583
01/29/2018 20:23:38 [INFO] exp_shallowmodel: #(feature) = 33
01/29/2018 20:23:38 [INFO] exp_shallowmodel: ================================================================================
01/29/2018 20:23:38 [INFO] exp_shallowmodel: LR.pen=l1.C=1.000000
01/29/2018 20:23:38 [INFO] exp_shallowmodel: ________________________________________________________________________________
01/29/2018 20:23:38 [INFO] exp_shallowmodel: Training: 
01/29/2018 20:23:38 [INFO] exp_shallowmodel: LogisticRegression(C=1, class_weight=None, dual=False, fit_intercept=True,
          intercept_scaling=1, max_iter=100, multi_class='ovr', n_jobs=1,
          penalty='l1', random_state=None, solver='liblinear', tol=0.0001,
          verbose=0, warm_start=False)
01/29/2018 20:23:39 [INFO] exp_shallowmodel: train time: 0.107s
01/29/2018 20:23:39 [INFO] exp_shallowmodel: test time:  0.000s
01/29/2018 20:23:39 [INFO] exp_shallowmodel: accuracy:   0.781
01/29/2018 20:23:39 [INFO] exp_shallowmodel: f1_score:   0.563
01/29/2018 20:23:39 [INFO] exp_shallowmodel: classification report:
01/29/2018 20:23:39 [INFO] exp_shallowmodel:              precision    recall  f1-score   support

          A       0.00      0.00      0.00        14
          C       0.77      0.77      0.77       164
          F       0.85      0.93      0.88       268
          R       0.63      0.57      0.60       125

avg / total       0.76      0.78      0.77       571

01/29/2018 20:23:39 [INFO] exp_shallowmodel: confusion matrix:
01/29/2018 20:23:39 [INFO] exp_shallowmodel: 
[[  0   0   9   5]
 [  0 127  11  26]
 [  0   9 248  11]
 [  0  29  25  71]]
01/29/2018 20:23:39 [INFO] exp_shallowmodel: ******************** dstc2 - Round 16 
01/29/2018 20:23:39 [INFO] exp_shallowmodel: #(data) = 4583
01/29/2018 20:23:39 [INFO] exp_shallowmodel: #(feature) = 33
01/29/2018 20:23:39 [INFO] exp_shallowmodel: ================================================================================
01/29/2018 20:23:39 [INFO] exp_shallowmodel: LR.pen=l1.C=1.000000
01/29/2018 20:23:39 [INFO] exp_shallowmodel: ________________________________________________________________________________
01/29/2018 20:23:39 [INFO] exp_shallowmodel: Training: 
01/29/2018 20:23:39 [INFO] exp_shallowmodel: LogisticRegression(C=1, class_weight=None, dual=False, fit_intercept=True,
          intercept_scaling=1, max_iter=100, multi_class='ovr', n_jobs=1,
          penalty='l1', random_state=None, solver='liblinear', tol=0.0001,
          verbose=0, warm_start=False)
01/29/2018 20:23:39 [INFO] exp_shallowmodel: train time: 0.111s
01/29/2018 20:23:39 [INFO] exp_shallowmodel: test time:  0.000s
01/29/2018 20:23:39 [INFO] exp_shallowmodel: accuracy:   0.776
01/29/2018 20:23:39 [INFO] exp_shallowmodel: f1_score:   0.592
01/29/2018 20:23:39 [INFO] exp_shallowmodel: classification report:
01/29/2018 20:23:39 [INFO] exp_shallowmodel:              precision    recall  f1-score   support

          A       1.00      0.07      0.13        14
          C       0.75      0.77      0.76       164
          F       0.83      0.92      0.87       268
          R       0.66      0.55      0.60       125

avg / total       0.77      0.78      0.76       571

01/29/2018 20:23:39 [INFO] exp_shallowmodel: confusion matrix:
01/29/2018 20:23:39 [INFO] exp_shallowmodel: 
[[  1   4   8   1]
 [  0 127  13  24]
 [  0  11 246  11]
 [  0  28  28  69]]
01/29/2018 20:23:39 [INFO] exp_shallowmodel: ******************** dstc2 - Round 17 
01/29/2018 20:23:39 [INFO] exp_shallowmodel: #(data) = 4583
01/29/2018 20:23:39 [INFO] exp_shallowmodel: #(feature) = 33
01/29/2018 20:23:39 [INFO] exp_shallowmodel: ================================================================================
01/29/2018 20:23:39 [INFO] exp_shallowmodel: LR.pen=l1.C=1.000000
01/29/2018 20:23:39 [INFO] exp_shallowmodel: ________________________________________________________________________________
01/29/2018 20:23:39 [INFO] exp_shallowmodel: Training: 
01/29/2018 20:23:39 [INFO] exp_shallowmodel: LogisticRegression(C=1, class_weight=None, dual=False, fit_intercept=True,
          intercept_scaling=1, max_iter=100, multi_class='ovr', n_jobs=1,
          penalty='l1', random_state=None, solver='liblinear', tol=0.0001,
          verbose=0, warm_start=False)
01/29/2018 20:23:39 [INFO] exp_shallowmodel: train time: 0.107s
01/29/2018 20:23:39 [INFO] exp_shallowmodel: test time:  0.000s
01/29/2018 20:23:39 [INFO] exp_shallowmodel: accuracy:   0.779
01/29/2018 20:23:39 [INFO] exp_shallowmodel: f1_score:   0.598
01/29/2018 20:23:39 [INFO] exp_shallowmodel: classification report:
01/29/2018 20:23:39 [INFO] exp_shallowmodel:              precision    recall  f1-score   support

          A       1.00      0.07      0.13        14
          C       0.73      0.76      0.74       164
          F       0.84      0.91      0.88       268
          R       0.69      0.60      0.64       125

avg / total       0.78      0.78      0.77       571

01/29/2018 20:23:39 [INFO] exp_shallowmodel: confusion matrix:
01/29/2018 20:23:39 [INFO] exp_shallowmodel: 
[[  1   2   9   2]
 [  0 124  17  23]
 [  0  15 245   8]
 [  0  30  20  75]]
01/29/2018 20:23:39 [INFO] exp_shallowmodel: ******************** dstc2 - Round 18 
01/29/2018 20:23:39 [INFO] exp_shallowmodel: #(data) = 4583
01/29/2018 20:23:39 [INFO] exp_shallowmodel: #(feature) = 33
01/29/2018 20:23:39 [INFO] exp_shallowmodel: ================================================================================
01/29/2018 20:23:39 [INFO] exp_shallowmodel: LR.pen=l1.C=1.000000
01/29/2018 20:23:39 [INFO] exp_shallowmodel: ________________________________________________________________________________
01/29/2018 20:23:39 [INFO] exp_shallowmodel: Training: 
01/29/2018 20:23:39 [INFO] exp_shallowmodel: LogisticRegression(C=1, class_weight=None, dual=False, fit_intercept=True,
          intercept_scaling=1, max_iter=100, multi_class='ovr', n_jobs=1,
          penalty='l1', random_state=None, solver='liblinear', tol=0.0001,
          verbose=0, warm_start=False)
01/29/2018 20:23:39 [INFO] exp_shallowmodel: train time: 0.106s
01/29/2018 20:23:39 [INFO] exp_shallowmodel: test time:  0.000s
01/29/2018 20:23:39 [INFO] exp_shallowmodel: accuracy:   0.755
01/29/2018 20:23:39 [INFO] exp_shallowmodel: f1_score:   0.569
01/29/2018 20:23:39 [INFO] exp_shallowmodel: classification report:
01/29/2018 20:23:39 [INFO] exp_shallowmodel:              precision    recall  f1-score   support

          A       1.00      0.07      0.13        14
          C       0.71      0.79      0.75       164
          F       0.83      0.90      0.86       268
          R       0.61      0.46      0.53       125

avg / total       0.75      0.75      0.74       571

01/29/2018 20:23:39 [INFO] exp_shallowmodel: confusion matrix:
01/29/2018 20:23:39 [INFO] exp_shallowmodel: 
[[  1   0  11   2]
 [  0 130  12  22]
 [  0  13 242  13]
 [  0  40  27  58]]
01/29/2018 20:23:39 [INFO] exp_shallowmodel: ******************** dstc2 - Round 19 
01/29/2018 20:23:39 [INFO] exp_shallowmodel: #(data) = 4568
01/29/2018 20:23:39 [INFO] exp_shallowmodel: #(feature) = 33
01/29/2018 20:23:39 [INFO] exp_shallowmodel: ================================================================================
01/29/2018 20:23:39 [INFO] exp_shallowmodel: LR.pen=l1.C=1.000000
01/29/2018 20:23:39 [INFO] exp_shallowmodel: ________________________________________________________________________________
01/29/2018 20:23:39 [INFO] exp_shallowmodel: Training: 
01/29/2018 20:23:39 [INFO] exp_shallowmodel: LogisticRegression(C=1, class_weight=None, dual=False, fit_intercept=True,
          intercept_scaling=1, max_iter=100, multi_class='ovr', n_jobs=1,
          penalty='l1', random_state=None, solver='liblinear', tol=0.0001,
          verbose=0, warm_start=False)
01/29/2018 20:23:39 [INFO] exp_shallowmodel: train time: 0.104s
01/29/2018 20:23:39 [INFO] exp_shallowmodel: test time:  0.000s
01/29/2018 20:23:39 [INFO] exp_shallowmodel: accuracy:   0.787
01/29/2018 20:23:39 [INFO] exp_shallowmodel: f1_score:   0.603
01/29/2018 20:23:39 [INFO] exp_shallowmodel: classification report:
01/29/2018 20:23:39 [INFO] exp_shallowmodel:              precision    recall  f1-score   support

          A       1.00      0.06      0.12        16
          C       0.77      0.80      0.79       169
          F       0.83      0.91      0.87       271
          R       0.69      0.59      0.64       130

avg / total       0.79      0.79      0.77       586

01/29/2018 20:23:39 [INFO] exp_shallowmodel: confusion matrix:
01/29/2018 20:23:39 [INFO] exp_shallowmodel: 
[[  1   1  11   3]
 [  0 136  14  19]
 [  0  12 247  12]
 [  0  28  25  77]]
01/29/2018 20:23:39 [INFO] exp_shallowmodel: ******************** dstc2 - Round 20 
01/29/2018 20:23:39 [INFO] exp_shallowmodel: #(data) = 4583
01/29/2018 20:23:39 [INFO] exp_shallowmodel: #(feature) = 33
01/29/2018 20:23:39 [INFO] exp_shallowmodel: ================================================================================
01/29/2018 20:23:39 [INFO] exp_shallowmodel: LR.pen=l1.C=1.000000
01/29/2018 20:23:39 [INFO] exp_shallowmodel: ________________________________________________________________________________
01/29/2018 20:23:39 [INFO] exp_shallowmodel: Training: 
01/29/2018 20:23:39 [INFO] exp_shallowmodel: LogisticRegression(C=1, class_weight=None, dual=False, fit_intercept=True,
          intercept_scaling=1, max_iter=100, multi_class='ovr', n_jobs=1,
          penalty='l1', random_state=None, solver='liblinear', tol=0.0001,
          verbose=0, warm_start=False)
01/29/2018 20:23:39 [INFO] exp_shallowmodel: train time: 0.123s
01/29/2018 20:23:39 [INFO] exp_shallowmodel: test time:  0.000s
01/29/2018 20:23:39 [INFO] exp_shallowmodel: accuracy:   0.755
01/29/2018 20:23:39 [INFO] exp_shallowmodel: f1_score:   0.573
01/29/2018 20:23:39 [INFO] exp_shallowmodel: classification report:
01/29/2018 20:23:39 [INFO] exp_shallowmodel:              precision    recall  f1-score   support

          A       1.00      0.07      0.13        14
          C       0.71      0.76      0.73       164
          F       0.83      0.90      0.86       268
          R       0.62      0.51      0.56       125

avg / total       0.75      0.75      0.74       571

01/29/2018 20:23:39 [INFO] exp_shallowmodel: confusion matrix:
01/29/2018 20:23:39 [INFO] exp_shallowmodel: 
[[  1   4   7   2]
 [  0 124  15  25]
 [  0  13 242  13]
 [  0  33  28  64]]
01/29/2018 20:23:39 [INFO] exp_shallowmodel: ******************** dstc2 - Round 21 
01/29/2018 20:23:39 [INFO] exp_shallowmodel: #(data) = 4583
01/29/2018 20:23:39 [INFO] exp_shallowmodel: #(feature) = 33
01/29/2018 20:23:39 [INFO] exp_shallowmodel: ================================================================================
01/29/2018 20:23:39 [INFO] exp_shallowmodel: LR.pen=l1.C=1.000000
01/29/2018 20:23:39 [INFO] exp_shallowmodel: ________________________________________________________________________________
01/29/2018 20:23:39 [INFO] exp_shallowmodel: Training: 
01/29/2018 20:23:39 [INFO] exp_shallowmodel: LogisticRegression(C=1, class_weight=None, dual=False, fit_intercept=True,
          intercept_scaling=1, max_iter=100, multi_class='ovr', n_jobs=1,
          penalty='l1', random_state=None, solver='liblinear', tol=0.0001,
          verbose=0, warm_start=False)
01/29/2018 20:23:39 [INFO] exp_shallowmodel: train time: 0.113s
01/29/2018 20:23:39 [INFO] exp_shallowmodel: test time:  0.000s
01/29/2018 20:23:39 [INFO] exp_shallowmodel: accuracy:   0.748
01/29/2018 20:23:39 [INFO] exp_shallowmodel: f1_score:   0.533
01/29/2018 20:23:39 [INFO] exp_shallowmodel: classification report:
01/29/2018 20:23:39 [INFO] exp_shallowmodel:              precision    recall  f1-score   support

          A       0.00      0.00      0.00        14
          C       0.69      0.71      0.70       164
          F       0.84      0.91      0.88       268
          R       0.58      0.53      0.55       125

avg / total       0.72      0.75      0.73       571

01/29/2018 20:23:39 [INFO] exp_shallowmodel: confusion matrix:
01/29/2018 20:23:39 [INFO] exp_shallowmodel: 
[[  0   3   9   2]
 [  0 116  13  35]
 [  0  13 245  10]
 [  0  35  24  66]]
01/29/2018 20:23:39 [INFO] exp_shallowmodel: ******************** dstc2 - Round 22 
01/29/2018 20:23:39 [INFO] exp_shallowmodel: #(data) = 4583
01/29/2018 20:23:39 [INFO] exp_shallowmodel: #(feature) = 33
01/29/2018 20:23:39 [INFO] exp_shallowmodel: ================================================================================
01/29/2018 20:23:39 [INFO] exp_shallowmodel: LR.pen=l1.C=1.000000
01/29/2018 20:23:39 [INFO] exp_shallowmodel: ________________________________________________________________________________
01/29/2018 20:23:39 [INFO] exp_shallowmodel: Training: 
01/29/2018 20:23:39 [INFO] exp_shallowmodel: LogisticRegression(C=1, class_weight=None, dual=False, fit_intercept=True,
          intercept_scaling=1, max_iter=100, multi_class='ovr', n_jobs=1,
          penalty='l1', random_state=None, solver='liblinear', tol=0.0001,
          verbose=0, warm_start=False)
01/29/2018 20:23:39 [INFO] exp_shallowmodel: train time: 0.113s
01/29/2018 20:23:39 [INFO] exp_shallowmodel: test time:  0.000s
01/29/2018 20:23:39 [INFO] exp_shallowmodel: accuracy:   0.804
01/29/2018 20:23:39 [INFO] exp_shallowmodel: f1_score:   0.586
01/29/2018 20:23:39 [INFO] exp_shallowmodel: classification report:
01/29/2018 20:23:39 [INFO] exp_shallowmodel:              precision    recall  f1-score   support

          A       0.00      0.00      0.00        14
          C       0.75      0.82      0.79       164
          F       0.85      0.93      0.89       268
          R       0.77      0.60      0.67       125

avg / total       0.78      0.80      0.79       571

01/29/2018 20:23:39 [INFO] exp_shallowmodel: confusion matrix:
01/29/2018 20:23:39 [INFO] exp_shallowmodel: 
[[  0   3   8   3]
 [  0 135  17  12]
 [  0  11 249   8]
 [  0  30  20  75]]
01/29/2018 20:23:39 [INFO] exp_shallowmodel: ******************** dstc2 - Round 23 
01/29/2018 20:23:39 [INFO] exp_shallowmodel: #(data) = 4583
01/29/2018 20:23:39 [INFO] exp_shallowmodel: #(feature) = 33
01/29/2018 20:23:39 [INFO] exp_shallowmodel: ================================================================================
01/29/2018 20:23:39 [INFO] exp_shallowmodel: LR.pen=l1.C=1.000000
01/29/2018 20:23:39 [INFO] exp_shallowmodel: ________________________________________________________________________________
01/29/2018 20:23:39 [INFO] exp_shallowmodel: Training: 
01/29/2018 20:23:39 [INFO] exp_shallowmodel: LogisticRegression(C=1, class_weight=None, dual=False, fit_intercept=True,
          intercept_scaling=1, max_iter=100, multi_class='ovr', n_jobs=1,
          penalty='l1', random_state=None, solver='liblinear', tol=0.0001,
          verbose=0, warm_start=False)
01/29/2018 20:23:39 [INFO] exp_shallowmodel: train time: 0.112s
01/29/2018 20:23:39 [INFO] exp_shallowmodel: test time:  0.000s
01/29/2018 20:23:39 [INFO] exp_shallowmodel: accuracy:   0.762
01/29/2018 20:23:39 [INFO] exp_shallowmodel: f1_score:   0.547
01/29/2018 20:23:39 [INFO] exp_shallowmodel: classification report:
01/29/2018 20:23:39 [INFO] exp_shallowmodel:              precision    recall  f1-score   support

          A       0.00      0.00      0.00        14
          C       0.69      0.74      0.71       164
          F       0.83      0.92      0.87       268
          R       0.68      0.54      0.60       125

avg / total       0.74      0.76      0.75       571

01/29/2018 20:23:39 [INFO] exp_shallowmodel: confusion matrix:
01/29/2018 20:23:39 [INFO] exp_shallowmodel: 
[[  0   0  13   1]
 [  0 121  17  26]
 [  0  16 247   5]
 [  0  38  20  67]]
01/29/2018 20:23:39 [INFO] exp_shallowmodel: ******************** dstc2 - Round 24 
01/29/2018 20:23:39 [INFO] exp_shallowmodel: #(data) = 4583
01/29/2018 20:23:39 [INFO] exp_shallowmodel: #(feature) = 33
01/29/2018 20:23:39 [INFO] exp_shallowmodel: ================================================================================
01/29/2018 20:23:39 [INFO] exp_shallowmodel: LR.pen=l1.C=1.000000
01/29/2018 20:23:39 [INFO] exp_shallowmodel: ________________________________________________________________________________
01/29/2018 20:23:39 [INFO] exp_shallowmodel: Training: 
01/29/2018 20:23:39 [INFO] exp_shallowmodel: LogisticRegression(C=1, class_weight=None, dual=False, fit_intercept=True,
          intercept_scaling=1, max_iter=100, multi_class='ovr', n_jobs=1,
          penalty='l1', random_state=None, solver='liblinear', tol=0.0001,
          verbose=0, warm_start=False)
01/29/2018 20:23:40 [INFO] exp_shallowmodel: train time: 0.108s
01/29/2018 20:23:40 [INFO] exp_shallowmodel: test time:  0.000s
01/29/2018 20:23:40 [INFO] exp_shallowmodel: accuracy:   0.748
01/29/2018 20:23:40 [INFO] exp_shallowmodel: f1_score:   0.534
01/29/2018 20:23:40 [INFO] exp_shallowmodel: classification report:
01/29/2018 20:23:40 [INFO] exp_shallowmodel:              precision    recall  f1-score   support

          A       0.00      0.00      0.00        14
          C       0.71      0.68      0.70       164
          F       0.81      0.93      0.86       268
          R       0.63      0.53      0.57       125

avg / total       0.72      0.75      0.73       571

01/29/2018 20:23:40 [INFO] exp_shallowmodel: confusion matrix:
01/29/2018 20:23:40 [INFO] exp_shallowmodel: 
[[  0   3  10   1]
 [  0 112  21  31]
 [  0  12 249   7]
 [  0  30  29  66]]
01/29/2018 20:23:40 [INFO] exp_shallowmodel: ******************** dstc2 - Round 25 
01/29/2018 20:23:40 [INFO] exp_shallowmodel: #(data) = 4583
01/29/2018 20:23:40 [INFO] exp_shallowmodel: #(feature) = 33
01/29/2018 20:23:40 [INFO] exp_shallowmodel: ================================================================================
01/29/2018 20:23:40 [INFO] exp_shallowmodel: LR.pen=l1.C=1.000000
01/29/2018 20:23:40 [INFO] exp_shallowmodel: ________________________________________________________________________________
01/29/2018 20:23:40 [INFO] exp_shallowmodel: Training: 
01/29/2018 20:23:40 [INFO] exp_shallowmodel: LogisticRegression(C=1, class_weight=None, dual=False, fit_intercept=True,
          intercept_scaling=1, max_iter=100, multi_class='ovr', n_jobs=1,
          penalty='l1', random_state=None, solver='liblinear', tol=0.0001,
          verbose=0, warm_start=False)
01/29/2018 20:23:40 [INFO] exp_shallowmodel: train time: 0.112s
01/29/2018 20:23:40 [INFO] exp_shallowmodel: test time:  0.000s
01/29/2018 20:23:40 [INFO] exp_shallowmodel: accuracy:   0.806
01/29/2018 20:23:40 [INFO] exp_shallowmodel: f1_score:   0.588
01/29/2018 20:23:40 [INFO] exp_shallowmodel: classification report:
01/29/2018 20:23:40 [INFO] exp_shallowmodel:              precision    recall  f1-score   support

          A       0.00      0.00      0.00        14
          C       0.79      0.79      0.79       164
          F       0.85      0.94      0.89       268
          R       0.71      0.63      0.67       125

avg / total       0.78      0.81      0.79       571

01/29/2018 20:23:40 [INFO] exp_shallowmodel: confusion matrix:
01/29/2018 20:23:40 [INFO] exp_shallowmodel: 
[[  0   5   7   2]
 [  0 130  13  21]
 [  1   6 251  10]
 [  0  23  23  79]]
01/29/2018 20:23:40 [INFO] exp_shallowmodel: ******************** dstc2 - Round 26 
01/29/2018 20:23:40 [INFO] exp_shallowmodel: #(data) = 4583
01/29/2018 20:23:40 [INFO] exp_shallowmodel: #(feature) = 33
01/29/2018 20:23:40 [INFO] exp_shallowmodel: ================================================================================
01/29/2018 20:23:40 [INFO] exp_shallowmodel: LR.pen=l1.C=1.000000
01/29/2018 20:23:40 [INFO] exp_shallowmodel: ________________________________________________________________________________
01/29/2018 20:23:40 [INFO] exp_shallowmodel: Training: 
01/29/2018 20:23:40 [INFO] exp_shallowmodel: LogisticRegression(C=1, class_weight=None, dual=False, fit_intercept=True,
          intercept_scaling=1, max_iter=100, multi_class='ovr', n_jobs=1,
          penalty='l1', random_state=None, solver='liblinear', tol=0.0001,
          verbose=0, warm_start=False)
01/29/2018 20:23:40 [INFO] exp_shallowmodel: train time: 0.113s
01/29/2018 20:23:40 [INFO] exp_shallowmodel: test time:  0.000s
01/29/2018 20:23:40 [INFO] exp_shallowmodel: accuracy:   0.783
01/29/2018 20:23:40 [INFO] exp_shallowmodel: f1_score:   0.600
01/29/2018 20:23:40 [INFO] exp_shallowmodel: classification report:
01/29/2018 20:23:40 [INFO] exp_shallowmodel:              precision    recall  f1-score   support

          A       1.00      0.07      0.13        14
          C       0.74      0.76      0.75       164
          F       0.83      0.93      0.88       268
          R       0.71      0.58      0.64       125

avg / total       0.78      0.78      0.77       571

01/29/2018 20:23:40 [INFO] exp_shallowmodel: confusion matrix:
01/29/2018 20:23:40 [INFO] exp_shallowmodel: 
[[  1   1  11   1]
 [  0 124  17  23]
 [  0  13 249   6]
 [  0  29  23  73]]
01/29/2018 20:23:40 [INFO] exp_shallowmodel: ******************** dstc2 - Round 27 
01/29/2018 20:23:40 [INFO] exp_shallowmodel: #(data) = 4583
01/29/2018 20:23:40 [INFO] exp_shallowmodel: #(feature) = 33
01/29/2018 20:23:40 [INFO] exp_shallowmodel: ================================================================================
01/29/2018 20:23:40 [INFO] exp_shallowmodel: LR.pen=l1.C=1.000000
01/29/2018 20:23:40 [INFO] exp_shallowmodel: ________________________________________________________________________________
01/29/2018 20:23:40 [INFO] exp_shallowmodel: Training: 
01/29/2018 20:23:40 [INFO] exp_shallowmodel: LogisticRegression(C=1, class_weight=None, dual=False, fit_intercept=True,
          intercept_scaling=1, max_iter=100, multi_class='ovr', n_jobs=1,
          penalty='l1', random_state=None, solver='liblinear', tol=0.0001,
          verbose=0, warm_start=False)
01/29/2018 20:23:40 [INFO] exp_shallowmodel: train time: 0.105s
01/29/2018 20:23:40 [INFO] exp_shallowmodel: test time:  0.000s
01/29/2018 20:23:40 [INFO] exp_shallowmodel: accuracy:   0.765
01/29/2018 20:23:40 [INFO] exp_shallowmodel: f1_score:   0.584
01/29/2018 20:23:40 [INFO] exp_shallowmodel: classification report:
01/29/2018 20:23:40 [INFO] exp_shallowmodel:              precision    recall  f1-score   support

          A       1.00      0.07      0.13        14
          C       0.72      0.72      0.72       164
          F       0.84      0.91      0.88       268
          R       0.62      0.58      0.60       125

avg / total       0.77      0.77      0.75       571

01/29/2018 20:23:40 [INFO] exp_shallowmodel: confusion matrix:
01/29/2018 20:23:40 [INFO] exp_shallowmodel: 
[[  1   2  10   1]
 [  0 118  15  31]
 [  0  11 245  12]
 [  0  32  20  73]]
01/29/2018 20:23:40 [INFO] exp_shallowmodel: ******************** dstc2 - Round 28 
01/29/2018 20:23:40 [INFO] exp_shallowmodel: #(data) = 4583
01/29/2018 20:23:40 [INFO] exp_shallowmodel: #(feature) = 33
01/29/2018 20:23:40 [INFO] exp_shallowmodel: ================================================================================
01/29/2018 20:23:40 [INFO] exp_shallowmodel: LR.pen=l1.C=1.000000
01/29/2018 20:23:40 [INFO] exp_shallowmodel: ________________________________________________________________________________
01/29/2018 20:23:40 [INFO] exp_shallowmodel: Training: 
01/29/2018 20:23:40 [INFO] exp_shallowmodel: LogisticRegression(C=1, class_weight=None, dual=False, fit_intercept=True,
          intercept_scaling=1, max_iter=100, multi_class='ovr', n_jobs=1,
          penalty='l1', random_state=None, solver='liblinear', tol=0.0001,
          verbose=0, warm_start=False)
01/29/2018 20:23:40 [INFO] exp_shallowmodel: train time: 0.107s
01/29/2018 20:23:40 [INFO] exp_shallowmodel: test time:  0.000s
01/29/2018 20:23:40 [INFO] exp_shallowmodel: accuracy:   0.765
01/29/2018 20:23:40 [INFO] exp_shallowmodel: f1_score:   0.579
01/29/2018 20:23:40 [INFO] exp_shallowmodel: classification report:
01/29/2018 20:23:40 [INFO] exp_shallowmodel:              precision    recall  f1-score   support

          A       0.50      0.07      0.12        14
          C       0.74      0.70      0.72       164
          F       0.83      0.94      0.88       268
          R       0.63      0.55      0.59       125

avg / total       0.75      0.77      0.75       571

01/29/2018 20:23:40 [INFO] exp_shallowmodel: confusion matrix:
01/29/2018 20:23:40 [INFO] exp_shallowmodel: 
[[  1   1   9   3]
 [  0 115  19  30]
 [  1   7 252   8]
 [  0  32  24  69]]
01/29/2018 20:23:40 [INFO] exp_shallowmodel: ******************** dstc2 - Round 29 
01/29/2018 20:23:40 [INFO] exp_shallowmodel: #(data) = 4568
01/29/2018 20:23:40 [INFO] exp_shallowmodel: #(feature) = 33
01/29/2018 20:23:40 [INFO] exp_shallowmodel: ================================================================================
01/29/2018 20:23:40 [INFO] exp_shallowmodel: LR.pen=l1.C=1.000000
01/29/2018 20:23:40 [INFO] exp_shallowmodel: ________________________________________________________________________________
01/29/2018 20:23:40 [INFO] exp_shallowmodel: Training: 
01/29/2018 20:23:40 [INFO] exp_shallowmodel: LogisticRegression(C=1, class_weight=None, dual=False, fit_intercept=True,
          intercept_scaling=1, max_iter=100, multi_class='ovr', n_jobs=1,
          penalty='l1', random_state=None, solver='liblinear', tol=0.0001,
          verbose=0, warm_start=False)
01/29/2018 20:23:40 [INFO] exp_shallowmodel: train time: 0.107s
01/29/2018 20:23:40 [INFO] exp_shallowmodel: test time:  0.000s
01/29/2018 20:23:40 [INFO] exp_shallowmodel: accuracy:   0.754
01/29/2018 20:23:40 [INFO] exp_shallowmodel: f1_score:   0.573
01/29/2018 20:23:40 [INFO] exp_shallowmodel: classification report:
01/29/2018 20:23:40 [INFO] exp_shallowmodel:              precision    recall  f1-score   support

          A       1.00      0.06      0.12        16
          C       0.73      0.73      0.73       169
          F       0.80      0.92      0.85       271
          R       0.66      0.53      0.59       130

avg / total       0.75      0.75      0.74       586

01/29/2018 20:23:40 [INFO] exp_shallowmodel: confusion matrix:
01/29/2018 20:23:40 [INFO] exp_shallowmodel: 
[[  1   3  11   1]
 [  0 124  21  24]
 [  0  13 248  10]
 [  0  31  30  69]]
01/29/2018 20:23:40 [INFO] exp_shallowmodel: ******************** dstc2 - Round 30 
01/29/2018 20:23:40 [INFO] exp_shallowmodel: #(data) = 4583
01/29/2018 20:23:40 [INFO] exp_shallowmodel: #(feature) = 33
01/29/2018 20:23:40 [INFO] exp_shallowmodel: ================================================================================
01/29/2018 20:23:40 [INFO] exp_shallowmodel: LR.pen=l1.C=1.000000
01/29/2018 20:23:40 [INFO] exp_shallowmodel: ________________________________________________________________________________
01/29/2018 20:23:40 [INFO] exp_shallowmodel: Training: 
01/29/2018 20:23:40 [INFO] exp_shallowmodel: LogisticRegression(C=1, class_weight=None, dual=False, fit_intercept=True,
          intercept_scaling=1, max_iter=100, multi_class='ovr', n_jobs=1,
          penalty='l1', random_state=None, solver='liblinear', tol=0.0001,
          verbose=0, warm_start=False)
01/29/2018 20:23:40 [INFO] exp_shallowmodel: train time: 0.114s
01/29/2018 20:23:40 [INFO] exp_shallowmodel: test time:  0.000s
01/29/2018 20:23:40 [INFO] exp_shallowmodel: accuracy:   0.769
01/29/2018 20:23:40 [INFO] exp_shallowmodel: f1_score:   0.588
01/29/2018 20:23:40 [INFO] exp_shallowmodel: classification report:
01/29/2018 20:23:40 [INFO] exp_shallowmodel:              precision    recall  f1-score   support

          A       1.00      0.07      0.13        14
          C       0.70      0.74      0.72       164
          F       0.83      0.92      0.87       268
          R       0.71      0.56      0.62       125

avg / total       0.77      0.77      0.76       571

01/29/2018 20:23:40 [INFO] exp_shallowmodel: confusion matrix:
01/29/2018 20:23:40 [INFO] exp_shallowmodel: 
[[  1   2  10   1]
 [  0 122  21  21]
 [  0  15 246   7]
 [  0  36  19  70]]
01/29/2018 20:23:40 [INFO] exp_shallowmodel: ******************** dstc2 - Round 31 
01/29/2018 20:23:40 [INFO] exp_shallowmodel: #(data) = 4583
01/29/2018 20:23:40 [INFO] exp_shallowmodel: #(feature) = 33
01/29/2018 20:23:40 [INFO] exp_shallowmodel: ================================================================================
01/29/2018 20:23:40 [INFO] exp_shallowmodel: LR.pen=l1.C=1.000000
01/29/2018 20:23:40 [INFO] exp_shallowmodel: ________________________________________________________________________________
01/29/2018 20:23:40 [INFO] exp_shallowmodel: Training: 
01/29/2018 20:23:40 [INFO] exp_shallowmodel: LogisticRegression(C=1, class_weight=None, dual=False, fit_intercept=True,
          intercept_scaling=1, max_iter=100, multi_class='ovr', n_jobs=1,
          penalty='l1', random_state=None, solver='liblinear', tol=0.0001,
          verbose=0, warm_start=False)
01/29/2018 20:23:40 [INFO] exp_shallowmodel: train time: 0.124s
01/29/2018 20:23:40 [INFO] exp_shallowmodel: test time:  0.000s
01/29/2018 20:23:40 [INFO] exp_shallowmodel: accuracy:   0.774
01/29/2018 20:23:40 [INFO] exp_shallowmodel: f1_score:   0.560
01/29/2018 20:23:40 [INFO] exp_shallowmodel: classification report:
01/29/2018 20:23:40 [INFO] exp_shallowmodel:              precision    recall  f1-score   support

          A       0.00      0.00      0.00        14
          C       0.75      0.77      0.76       164
          F       0.82      0.91      0.87       268
          R       0.67      0.56      0.61       125

avg / total       0.75      0.77      0.76       571

01/29/2018 20:23:40 [INFO] exp_shallowmodel: confusion matrix:
01/29/2018 20:23:40 [INFO] exp_shallowmodel: 
[[  0   1   9   4]
 [  0 127  14  23]
 [  0  15 245   8]
 [  0  26  29  70]]
01/29/2018 20:23:40 [INFO] exp_shallowmodel: ******************** dstc2 - Round 32 
01/29/2018 20:23:40 [INFO] exp_shallowmodel: #(data) = 4583
01/29/2018 20:23:40 [INFO] exp_shallowmodel: #(feature) = 33
01/29/2018 20:23:40 [INFO] exp_shallowmodel: ================================================================================
01/29/2018 20:23:40 [INFO] exp_shallowmodel: LR.pen=l1.C=1.000000
01/29/2018 20:23:40 [INFO] exp_shallowmodel: ________________________________________________________________________________
01/29/2018 20:23:40 [INFO] exp_shallowmodel: Training: 
01/29/2018 20:23:40 [INFO] exp_shallowmodel: LogisticRegression(C=1, class_weight=None, dual=False, fit_intercept=True,
          intercept_scaling=1, max_iter=100, multi_class='ovr', n_jobs=1,
          penalty='l1', random_state=None, solver='liblinear', tol=0.0001,
          verbose=0, warm_start=False)
01/29/2018 20:23:41 [INFO] exp_shallowmodel: train time: 0.101s
01/29/2018 20:23:41 [INFO] exp_shallowmodel: test time:  0.000s
01/29/2018 20:23:41 [INFO] exp_shallowmodel: accuracy:   0.750
01/29/2018 20:23:41 [INFO] exp_shallowmodel: f1_score:   0.567
01/29/2018 20:23:41 [INFO] exp_shallowmodel: classification report:
01/29/2018 20:23:41 [INFO] exp_shallowmodel:              precision    recall  f1-score   support

          A       0.50      0.07      0.12        14
          C       0.68      0.70      0.69       164
          F       0.83      0.91      0.87       268
          R       0.64      0.54      0.59       125

avg / total       0.74      0.75      0.74       571

01/29/2018 20:23:41 [INFO] exp_shallowmodel: confusion matrix:
01/29/2018 20:23:41 [INFO] exp_shallowmodel: 
[[  1   4   9   0]
 [  0 114  16  34]
 [  1  17 245   5]
 [  0  33  24  68]]
01/29/2018 20:23:41 [INFO] exp_shallowmodel: ******************** dstc2 - Round 33 
01/29/2018 20:23:41 [INFO] exp_shallowmodel: #(data) = 4583
01/29/2018 20:23:41 [INFO] exp_shallowmodel: #(feature) = 33
01/29/2018 20:23:41 [INFO] exp_shallowmodel: ================================================================================
01/29/2018 20:23:41 [INFO] exp_shallowmodel: LR.pen=l1.C=1.000000
01/29/2018 20:23:41 [INFO] exp_shallowmodel: ________________________________________________________________________________
01/29/2018 20:23:41 [INFO] exp_shallowmodel: Training: 
01/29/2018 20:23:41 [INFO] exp_shallowmodel: LogisticRegression(C=1, class_weight=None, dual=False, fit_intercept=True,
          intercept_scaling=1, max_iter=100, multi_class='ovr', n_jobs=1,
          penalty='l1', random_state=None, solver='liblinear', tol=0.0001,
          verbose=0, warm_start=False)
01/29/2018 20:23:41 [INFO] exp_shallowmodel: train time: 0.102s
01/29/2018 20:23:41 [INFO] exp_shallowmodel: test time:  0.000s
01/29/2018 20:23:41 [INFO] exp_shallowmodel: accuracy:   0.792
01/29/2018 20:23:41 [INFO] exp_shallowmodel: f1_score:   0.573
01/29/2018 20:23:41 [INFO] exp_shallowmodel: classification report:
01/29/2018 20:23:41 [INFO] exp_shallowmodel:              precision    recall  f1-score   support

          A       0.00      0.00      0.00        14
          C       0.75      0.76      0.76       164
          F       0.84      0.94      0.89       268
          R       0.70      0.59      0.64       125

avg / total       0.77      0.79      0.78       571

01/29/2018 20:23:41 [INFO] exp_shallowmodel: confusion matrix:
01/29/2018 20:23:41 [INFO] exp_shallowmodel: 
[[  0   4   8   2]
 [  0 125  13  26]
 [  0  12 253   3]
 [  0  25  26  74]]
01/29/2018 20:23:41 [INFO] exp_shallowmodel: ******************** dstc2 - Round 34 
01/29/2018 20:23:41 [INFO] exp_shallowmodel: #(data) = 4583
01/29/2018 20:23:41 [INFO] exp_shallowmodel: #(feature) = 33
01/29/2018 20:23:41 [INFO] exp_shallowmodel: ================================================================================
01/29/2018 20:23:41 [INFO] exp_shallowmodel: LR.pen=l1.C=1.000000
01/29/2018 20:23:41 [INFO] exp_shallowmodel: ________________________________________________________________________________
01/29/2018 20:23:41 [INFO] exp_shallowmodel: Training: 
01/29/2018 20:23:41 [INFO] exp_shallowmodel: LogisticRegression(C=1, class_weight=None, dual=False, fit_intercept=True,
          intercept_scaling=1, max_iter=100, multi_class='ovr', n_jobs=1,
          penalty='l1', random_state=None, solver='liblinear', tol=0.0001,
          verbose=0, warm_start=False)
01/29/2018 20:23:41 [INFO] exp_shallowmodel: train time: 0.105s
01/29/2018 20:23:41 [INFO] exp_shallowmodel: test time:  0.000s
01/29/2018 20:23:41 [INFO] exp_shallowmodel: accuracy:   0.774
01/29/2018 20:23:41 [INFO] exp_shallowmodel: f1_score:   0.555
01/29/2018 20:23:41 [INFO] exp_shallowmodel: classification report:
01/29/2018 20:23:41 [INFO] exp_shallowmodel:              precision    recall  f1-score   support

          A       0.00      0.00      0.00        14
          C       0.73      0.74      0.74       164
          F       0.86      0.93      0.90       268
          R       0.61      0.56      0.59       125

avg / total       0.75      0.77      0.76       571

01/29/2018 20:23:41 [INFO] exp_shallowmodel: confusion matrix:
01/29/2018 20:23:41 [INFO] exp_shallowmodel: 
[[  0   2  11   1]
 [  0 122  10  32]
 [  0   7 250  11]
 [  0  36  19  70]]
01/29/2018 20:23:41 [INFO] exp_shallowmodel: ******************** dstc2 - Round 35 
01/29/2018 20:23:41 [INFO] exp_shallowmodel: #(data) = 4583
01/29/2018 20:23:41 [INFO] exp_shallowmodel: #(feature) = 33
01/29/2018 20:23:41 [INFO] exp_shallowmodel: ================================================================================
01/29/2018 20:23:41 [INFO] exp_shallowmodel: LR.pen=l1.C=1.000000
01/29/2018 20:23:41 [INFO] exp_shallowmodel: ________________________________________________________________________________
01/29/2018 20:23:41 [INFO] exp_shallowmodel: Training: 
01/29/2018 20:23:41 [INFO] exp_shallowmodel: LogisticRegression(C=1, class_weight=None, dual=False, fit_intercept=True,
          intercept_scaling=1, max_iter=100, multi_class='ovr', n_jobs=1,
          penalty='l1', random_state=None, solver='liblinear', tol=0.0001,
          verbose=0, warm_start=False)
01/29/2018 20:23:41 [INFO] exp_shallowmodel: train time: 0.113s
01/29/2018 20:23:41 [INFO] exp_shallowmodel: test time:  0.000s
01/29/2018 20:23:41 [INFO] exp_shallowmodel: accuracy:   0.795
01/29/2018 20:23:41 [INFO] exp_shallowmodel: f1_score:   0.613
01/29/2018 20:23:41 [INFO] exp_shallowmodel: classification report:
01/29/2018 20:23:41 [INFO] exp_shallowmodel:              precision    recall  f1-score   support

          A       1.00      0.07      0.13        14
          C       0.78      0.76      0.77       164
          F       0.84      0.93      0.88       268
          R       0.70      0.64      0.67       125

avg / total       0.80      0.80      0.78       571

01/29/2018 20:23:41 [INFO] exp_shallowmodel: confusion matrix:
01/29/2018 20:23:41 [INFO] exp_shallowmodel: 
[[  1   1   9   3]
 [  0 124  18  22]
 [  0   9 249  10]
 [  0  24  21  80]]
01/29/2018 20:23:41 [INFO] exp_shallowmodel: ******************** dstc2 - Round 36 
01/29/2018 20:23:41 [INFO] exp_shallowmodel: #(data) = 4583
01/29/2018 20:23:41 [INFO] exp_shallowmodel: #(feature) = 33
01/29/2018 20:23:41 [INFO] exp_shallowmodel: ================================================================================
01/29/2018 20:23:41 [INFO] exp_shallowmodel: LR.pen=l1.C=1.000000
01/29/2018 20:23:41 [INFO] exp_shallowmodel: ________________________________________________________________________________
01/29/2018 20:23:41 [INFO] exp_shallowmodel: Training: 
01/29/2018 20:23:41 [INFO] exp_shallowmodel: LogisticRegression(C=1, class_weight=None, dual=False, fit_intercept=True,
          intercept_scaling=1, max_iter=100, multi_class='ovr', n_jobs=1,
          penalty='l1', random_state=None, solver='liblinear', tol=0.0001,
          verbose=0, warm_start=False)
01/29/2018 20:23:41 [INFO] exp_shallowmodel: train time: 0.116s
01/29/2018 20:23:41 [INFO] exp_shallowmodel: test time:  0.000s
01/29/2018 20:23:41 [INFO] exp_shallowmodel: accuracy:   0.758
01/29/2018 20:23:41 [INFO] exp_shallowmodel: f1_score:   0.601
01/29/2018 20:23:41 [INFO] exp_shallowmodel: classification report:
01/29/2018 20:23:41 [INFO] exp_shallowmodel:              precision    recall  f1-score   support

          A       0.67      0.14      0.24        14
          C       0.69      0.74      0.71       164
          F       0.85      0.91      0.88       268
          R       0.63      0.54      0.58       125

avg / total       0.75      0.76      0.75       571

01/29/2018 20:23:41 [INFO] exp_shallowmodel: confusion matrix:
01/29/2018 20:23:41 [INFO] exp_shallowmodel: 
[[  2   2   9   1]
 [  0 121  12  31]
 [  1  16 243   8]
 [  0  37  21  67]]
01/29/2018 20:23:41 [INFO] exp_shallowmodel: ******************** dstc2 - Round 37 
01/29/2018 20:23:41 [INFO] exp_shallowmodel: #(data) = 4583
01/29/2018 20:23:41 [INFO] exp_shallowmodel: #(feature) = 33
01/29/2018 20:23:41 [INFO] exp_shallowmodel: ================================================================================
01/29/2018 20:23:41 [INFO] exp_shallowmodel: LR.pen=l1.C=1.000000
01/29/2018 20:23:41 [INFO] exp_shallowmodel: ________________________________________________________________________________
01/29/2018 20:23:41 [INFO] exp_shallowmodel: Training: 
01/29/2018 20:23:41 [INFO] exp_shallowmodel: LogisticRegression(C=1, class_weight=None, dual=False, fit_intercept=True,
          intercept_scaling=1, max_iter=100, multi_class='ovr', n_jobs=1,
          penalty='l1', random_state=None, solver='liblinear', tol=0.0001,
          verbose=0, warm_start=False)
01/29/2018 20:23:41 [INFO] exp_shallowmodel: train time: 0.113s
01/29/2018 20:23:41 [INFO] exp_shallowmodel: test time:  0.000s
01/29/2018 20:23:41 [INFO] exp_shallowmodel: accuracy:   0.792
01/29/2018 20:23:41 [INFO] exp_shallowmodel: f1_score:   0.575
01/29/2018 20:23:41 [INFO] exp_shallowmodel: classification report:
01/29/2018 20:23:41 [INFO] exp_shallowmodel:              precision    recall  f1-score   support

          A       0.00      0.00      0.00        14
          C       0.78      0.77      0.78       164
          F       0.83      0.94      0.88       268
          R       0.70      0.59      0.64       125

avg / total       0.77      0.79      0.78       571

01/29/2018 20:23:41 [INFO] exp_shallowmodel: confusion matrix:
01/29/2018 20:23:41 [INFO] exp_shallowmodel: 
[[  0   0  12   2]
 [  0 127  19  18]
 [  0   6 251  11]
 [  0  29  22  74]]
01/29/2018 20:23:41 [INFO] exp_shallowmodel: ******************** dstc2 - Round 38 
01/29/2018 20:23:41 [INFO] exp_shallowmodel: #(data) = 4583
01/29/2018 20:23:41 [INFO] exp_shallowmodel: #(feature) = 33
01/29/2018 20:23:41 [INFO] exp_shallowmodel: ================================================================================
01/29/2018 20:23:41 [INFO] exp_shallowmodel: LR.pen=l1.C=1.000000
01/29/2018 20:23:41 [INFO] exp_shallowmodel: ________________________________________________________________________________
01/29/2018 20:23:41 [INFO] exp_shallowmodel: Training: 
01/29/2018 20:23:41 [INFO] exp_shallowmodel: LogisticRegression(C=1, class_weight=None, dual=False, fit_intercept=True,
          intercept_scaling=1, max_iter=100, multi_class='ovr', n_jobs=1,
          penalty='l1', random_state=None, solver='liblinear', tol=0.0001,
          verbose=0, warm_start=False)
01/29/2018 20:23:41 [INFO] exp_shallowmodel: train time: 0.106s
01/29/2018 20:23:41 [INFO] exp_shallowmodel: test time:  0.000s
01/29/2018 20:23:41 [INFO] exp_shallowmodel: accuracy:   0.743
01/29/2018 20:23:41 [INFO] exp_shallowmodel: f1_score:   0.529
01/29/2018 20:23:41 [INFO] exp_shallowmodel: classification report:
01/29/2018 20:23:41 [INFO] exp_shallowmodel:              precision    recall  f1-score   support

          A       0.00      0.00      0.00        14
          C       0.73      0.70      0.71       164
          F       0.81      0.92      0.86       268
          R       0.58      0.51      0.54       125

avg / total       0.72      0.74      0.73       571

01/29/2018 20:23:41 [INFO] exp_shallowmodel: confusion matrix:
01/29/2018 20:23:41 [INFO] exp_shallowmodel: 
[[  0   4   8   2]
 [  0 114  20  30]
 [  1   6 246  15]
 [  0  32  29  64]]
01/29/2018 20:23:41 [INFO] exp_shallowmodel: ******************** dstc2 - Round 39 
01/29/2018 20:23:41 [INFO] exp_shallowmodel: #(data) = 4568
01/29/2018 20:23:41 [INFO] exp_shallowmodel: #(feature) = 33
01/29/2018 20:23:41 [INFO] exp_shallowmodel: ================================================================================
01/29/2018 20:23:41 [INFO] exp_shallowmodel: LR.pen=l1.C=1.000000
01/29/2018 20:23:41 [INFO] exp_shallowmodel: ________________________________________________________________________________
01/29/2018 20:23:41 [INFO] exp_shallowmodel: Training: 
01/29/2018 20:23:41 [INFO] exp_shallowmodel: LogisticRegression(C=1, class_weight=None, dual=False, fit_intercept=True,
          intercept_scaling=1, max_iter=100, multi_class='ovr', n_jobs=1,
          penalty='l1', random_state=None, solver='liblinear', tol=0.0001,
          verbose=0, warm_start=False)
01/29/2018 20:23:41 [INFO] exp_shallowmodel: train time: 0.109s
01/29/2018 20:23:41 [INFO] exp_shallowmodel: test time:  0.000s
01/29/2018 20:23:41 [INFO] exp_shallowmodel: accuracy:   0.756
01/29/2018 20:23:41 [INFO] exp_shallowmodel: f1_score:   0.547
01/29/2018 20:23:41 [INFO] exp_shallowmodel: classification report:
01/29/2018 20:23:41 [INFO] exp_shallowmodel:              precision    recall  f1-score   support

          A       0.00      0.00      0.00        16
          C       0.72      0.76      0.74       169
          F       0.82      0.90      0.86       271
          R       0.65      0.55      0.59       130

avg / total       0.73      0.76      0.74       586

01/29/2018 20:23:41 [INFO] exp_shallowmodel: confusion matrix:
01/29/2018 20:23:41 [INFO] exp_shallowmodel: 
[[  0   3  12   1]
 [  0 129  14  26]
 [  0  16 243  12]
 [  0  32  27  71]]
01/29/2018 20:23:41 [INFO] exp_shallowmodel: ******************** dstc2 - Round 40 
01/29/2018 20:23:41 [INFO] exp_shallowmodel: #(data) = 4583
01/29/2018 20:23:41 [INFO] exp_shallowmodel: #(feature) = 33
01/29/2018 20:23:41 [INFO] exp_shallowmodel: ================================================================================
01/29/2018 20:23:41 [INFO] exp_shallowmodel: LR.pen=l1.C=1.000000
01/29/2018 20:23:41 [INFO] exp_shallowmodel: ________________________________________________________________________________
01/29/2018 20:23:41 [INFO] exp_shallowmodel: Training: 
01/29/2018 20:23:41 [INFO] exp_shallowmodel: LogisticRegression(C=1, class_weight=None, dual=False, fit_intercept=True,
          intercept_scaling=1, max_iter=100, multi_class='ovr', n_jobs=1,
          penalty='l1', random_state=None, solver='liblinear', tol=0.0001,
          verbose=0, warm_start=False)
01/29/2018 20:23:41 [INFO] exp_shallowmodel: train time: 0.111s
01/29/2018 20:23:41 [INFO] exp_shallowmodel: test time:  0.000s
01/29/2018 20:23:41 [INFO] exp_shallowmodel: accuracy:   0.755
01/29/2018 20:23:41 [INFO] exp_shallowmodel: f1_score:   0.541
01/29/2018 20:23:41 [INFO] exp_shallowmodel: classification report:
01/29/2018 20:23:41 [INFO] exp_shallowmodel:              precision    recall  f1-score   support

          A       0.00      0.00      0.00        14
          C       0.74      0.73      0.73       164
          F       0.81      0.92      0.86       268
          R       0.62      0.52      0.57       125

avg / total       0.73      0.75      0.74       571

01/29/2018 20:23:41 [INFO] exp_shallowmodel: confusion matrix:
01/29/2018 20:23:41 [INFO] exp_shallowmodel: 
[[  0   5   7   2]
 [  0 120  16  28]
 [  1  11 246  10]
 [  0  27  33  65]]
01/29/2018 20:23:41 [INFO] exp_shallowmodel: ******************** dstc2 - Round 41 
01/29/2018 20:23:41 [INFO] exp_shallowmodel: #(data) = 4583
01/29/2018 20:23:41 [INFO] exp_shallowmodel: #(feature) = 33
01/29/2018 20:23:41 [INFO] exp_shallowmodel: ================================================================================
01/29/2018 20:23:41 [INFO] exp_shallowmodel: LR.pen=l1.C=1.000000
01/29/2018 20:23:41 [INFO] exp_shallowmodel: ________________________________________________________________________________
01/29/2018 20:23:41 [INFO] exp_shallowmodel: Training: 
01/29/2018 20:23:41 [INFO] exp_shallowmodel: LogisticRegression(C=1, class_weight=None, dual=False, fit_intercept=True,
          intercept_scaling=1, max_iter=100, multi_class='ovr', n_jobs=1,
          penalty='l1', random_state=None, solver='liblinear', tol=0.0001,
          verbose=0, warm_start=False)
01/29/2018 20:23:42 [INFO] exp_shallowmodel: train time: 0.109s
01/29/2018 20:23:42 [INFO] exp_shallowmodel: test time:  0.000s
01/29/2018 20:23:42 [INFO] exp_shallowmodel: accuracy:   0.776
01/29/2018 20:23:42 [INFO] exp_shallowmodel: f1_score:   0.566
01/29/2018 20:23:42 [INFO] exp_shallowmodel: classification report:
01/29/2018 20:23:42 [INFO] exp_shallowmodel:              precision    recall  f1-score   support

          A       0.00      0.00      0.00        14
          C       0.73      0.76      0.74       164
          F       0.85      0.90      0.87       268
          R       0.67      0.63      0.65       125

avg / total       0.75      0.78      0.76       571

01/29/2018 20:23:42 [INFO] exp_shallowmodel: confusion matrix:
01/29/2018 20:23:42 [INFO] exp_shallowmodel: 
[[  0   2  11   1]
 [  0 124  16  24]
 [  0  14 240  14]
 [  0  29  17  79]]
01/29/2018 20:23:42 [INFO] exp_shallowmodel: ******************** dstc2 - Round 42 
01/29/2018 20:23:42 [INFO] exp_shallowmodel: #(data) = 4583
01/29/2018 20:23:42 [INFO] exp_shallowmodel: #(feature) = 33
01/29/2018 20:23:42 [INFO] exp_shallowmodel: ================================================================================
01/29/2018 20:23:42 [INFO] exp_shallowmodel: LR.pen=l1.C=1.000000
01/29/2018 20:23:42 [INFO] exp_shallowmodel: ________________________________________________________________________________
01/29/2018 20:23:42 [INFO] exp_shallowmodel: Training: 
01/29/2018 20:23:42 [INFO] exp_shallowmodel: LogisticRegression(C=1, class_weight=None, dual=False, fit_intercept=True,
          intercept_scaling=1, max_iter=100, multi_class='ovr', n_jobs=1,
          penalty='l1', random_state=None, solver='liblinear', tol=0.0001,
          verbose=0, warm_start=False)
01/29/2018 20:23:42 [INFO] exp_shallowmodel: train time: 0.105s
01/29/2018 20:23:42 [INFO] exp_shallowmodel: test time:  0.000s
01/29/2018 20:23:42 [INFO] exp_shallowmodel: accuracy:   0.755
01/29/2018 20:23:42 [INFO] exp_shallowmodel: f1_score:   0.538
01/29/2018 20:23:42 [INFO] exp_shallowmodel: classification report:
01/29/2018 20:23:42 [INFO] exp_shallowmodel:              precision    recall  f1-score   support

          A       0.00      0.00      0.00        14
          C       0.71      0.72      0.71       164
          F       0.84      0.93      0.88       268
          R       0.61      0.52      0.56       125

avg / total       0.73      0.75      0.74       571

01/29/2018 20:23:42 [INFO] exp_shallowmodel: confusion matrix:
01/29/2018 20:23:42 [INFO] exp_shallowmodel: 
[[  0   1   9   4]
 [  0 118  13  33]
 [  0  15 248   5]
 [  0  33  27  65]]
01/29/2018 20:23:42 [INFO] exp_shallowmodel: ******************** dstc2 - Round 43 
01/29/2018 20:23:42 [INFO] exp_shallowmodel: #(data) = 4583
01/29/2018 20:23:42 [INFO] exp_shallowmodel: #(feature) = 33
01/29/2018 20:23:42 [INFO] exp_shallowmodel: ================================================================================
01/29/2018 20:23:42 [INFO] exp_shallowmodel: LR.pen=l1.C=1.000000
01/29/2018 20:23:42 [INFO] exp_shallowmodel: ________________________________________________________________________________
01/29/2018 20:23:42 [INFO] exp_shallowmodel: Training: 
01/29/2018 20:23:42 [INFO] exp_shallowmodel: LogisticRegression(C=1, class_weight=None, dual=False, fit_intercept=True,
          intercept_scaling=1, max_iter=100, multi_class='ovr', n_jobs=1,
          penalty='l1', random_state=None, solver='liblinear', tol=0.0001,
          verbose=0, warm_start=False)
01/29/2018 20:23:42 [INFO] exp_shallowmodel: train time: 0.108s
01/29/2018 20:23:42 [INFO] exp_shallowmodel: test time:  0.000s
01/29/2018 20:23:42 [INFO] exp_shallowmodel: accuracy:   0.769
01/29/2018 20:23:42 [INFO] exp_shallowmodel: f1_score:   0.585
01/29/2018 20:23:42 [INFO] exp_shallowmodel: classification report:
01/29/2018 20:23:42 [INFO] exp_shallowmodel:              precision    recall  f1-score   support

          A       1.00      0.07      0.13        14
          C       0.70      0.78      0.74       164
          F       0.84      0.91      0.88       268
          R       0.68      0.53      0.59       125

avg / total       0.77      0.77      0.76       571

01/29/2018 20:23:42 [INFO] exp_shallowmodel: confusion matrix:
01/29/2018 20:23:42 [INFO] exp_shallowmodel: 
[[  1   3  10   0]
 [  0 128  14  22]
 [  0  15 244   9]
 [  0  38  21  66]]
01/29/2018 20:23:42 [INFO] exp_shallowmodel: ******************** dstc2 - Round 44 
01/29/2018 20:23:42 [INFO] exp_shallowmodel: #(data) = 4583
01/29/2018 20:23:42 [INFO] exp_shallowmodel: #(feature) = 33
01/29/2018 20:23:42 [INFO] exp_shallowmodel: ================================================================================
01/29/2018 20:23:42 [INFO] exp_shallowmodel: LR.pen=l1.C=1.000000
01/29/2018 20:23:42 [INFO] exp_shallowmodel: ________________________________________________________________________________
01/29/2018 20:23:42 [INFO] exp_shallowmodel: Training: 
01/29/2018 20:23:42 [INFO] exp_shallowmodel: LogisticRegression(C=1, class_weight=None, dual=False, fit_intercept=True,
          intercept_scaling=1, max_iter=100, multi_class='ovr', n_jobs=1,
          penalty='l1', random_state=None, solver='liblinear', tol=0.0001,
          verbose=0, warm_start=False)
01/29/2018 20:23:42 [INFO] exp_shallowmodel: train time: 0.119s
01/29/2018 20:23:42 [INFO] exp_shallowmodel: test time:  0.000s
01/29/2018 20:23:42 [INFO] exp_shallowmodel: accuracy:   0.788
01/29/2018 20:23:42 [INFO] exp_shallowmodel: f1_score:   0.571
01/29/2018 20:23:42 [INFO] exp_shallowmodel: classification report:
01/29/2018 20:23:42 [INFO] exp_shallowmodel:              precision    recall  f1-score   support

          A       0.00      0.00      0.00        14
          C       0.76      0.74      0.75       164
          F       0.83      0.94      0.89       268
          R       0.70      0.61      0.65       125

avg / total       0.76      0.79      0.77       571

01/29/2018 20:23:42 [INFO] exp_shallowmodel: confusion matrix:
01/29/2018 20:23:42 [INFO] exp_shallowmodel: 
[[  0   2   9   3]
 [  0 121  18  25]
 [  0  11 253   4]
 [  0  26  23  76]]
01/29/2018 20:23:42 [INFO] exp_shallowmodel: ******************** dstc2 - Round 45 
01/29/2018 20:23:42 [INFO] exp_shallowmodel: #(data) = 4583
01/29/2018 20:23:42 [INFO] exp_shallowmodel: #(feature) = 33
01/29/2018 20:23:42 [INFO] exp_shallowmodel: ================================================================================
01/29/2018 20:23:42 [INFO] exp_shallowmodel: LR.pen=l1.C=1.000000
01/29/2018 20:23:42 [INFO] exp_shallowmodel: ________________________________________________________________________________
01/29/2018 20:23:42 [INFO] exp_shallowmodel: Training: 
01/29/2018 20:23:42 [INFO] exp_shallowmodel: LogisticRegression(C=1, class_weight=None, dual=False, fit_intercept=True,
          intercept_scaling=1, max_iter=100, multi_class='ovr', n_jobs=1,
          penalty='l1', random_state=None, solver='liblinear', tol=0.0001,
          verbose=0, warm_start=False)
01/29/2018 20:23:42 [INFO] exp_shallowmodel: train time: 0.119s
01/29/2018 20:23:42 [INFO] exp_shallowmodel: test time:  0.000s
01/29/2018 20:23:42 [INFO] exp_shallowmodel: accuracy:   0.755
01/29/2018 20:23:42 [INFO] exp_shallowmodel: f1_score:   0.537
01/29/2018 20:23:42 [INFO] exp_shallowmodel: classification report:
01/29/2018 20:23:42 [INFO] exp_shallowmodel:              precision    recall  f1-score   support

          A       0.00      0.00      0.00        14
          C       0.72      0.71      0.72       164
          F       0.83      0.93      0.88       268
          R       0.60      0.52      0.56       125

avg / total       0.73      0.75      0.74       571

01/29/2018 20:23:42 [INFO] exp_shallowmodel: confusion matrix:
01/29/2018 20:23:42 [INFO] exp_shallowmodel: 
[[  0   4   9   1]
 [  0 116  16  32]
 [  0   8 250  10]
 [  0  32  28  65]]
01/29/2018 20:23:42 [INFO] exp_shallowmodel: ******************** dstc2 - Round 46 
01/29/2018 20:23:42 [INFO] exp_shallowmodel: #(data) = 4583
01/29/2018 20:23:42 [INFO] exp_shallowmodel: #(feature) = 33
01/29/2018 20:23:42 [INFO] exp_shallowmodel: ================================================================================
01/29/2018 20:23:42 [INFO] exp_shallowmodel: LR.pen=l1.C=1.000000
01/29/2018 20:23:42 [INFO] exp_shallowmodel: ________________________________________________________________________________
01/29/2018 20:23:42 [INFO] exp_shallowmodel: Training: 
01/29/2018 20:23:42 [INFO] exp_shallowmodel: LogisticRegression(C=1, class_weight=None, dual=False, fit_intercept=True,
          intercept_scaling=1, max_iter=100, multi_class='ovr', n_jobs=1,
          penalty='l1', random_state=None, solver='liblinear', tol=0.0001,
          verbose=0, warm_start=False)
01/29/2018 20:23:42 [INFO] exp_shallowmodel: train time: 0.112s
01/29/2018 20:23:42 [INFO] exp_shallowmodel: test time:  0.000s
01/29/2018 20:23:42 [INFO] exp_shallowmodel: accuracy:   0.792
01/29/2018 20:23:42 [INFO] exp_shallowmodel: f1_score:   0.635
01/29/2018 20:23:42 [INFO] exp_shallowmodel: classification report:
01/29/2018 20:23:42 [INFO] exp_shallowmodel:              precision    recall  f1-score   support

          A       1.00      0.14      0.25        14
          C       0.76      0.77      0.76       164
          F       0.83      0.94      0.88       268
          R       0.73      0.58      0.65       125

avg / total       0.79      0.79      0.78       571

01/29/2018 20:23:42 [INFO] exp_shallowmodel: confusion matrix:
01/29/2018 20:23:42 [INFO] exp_shallowmodel: 
[[  2   0   9   3]
 [  0 126  21  17]
 [  0  10 251   7]
 [  0  30  22  73]]
01/29/2018 20:23:42 [INFO] exp_shallowmodel: ******************** dstc2 - Round 47 
01/29/2018 20:23:42 [INFO] exp_shallowmodel: #(data) = 4583
01/29/2018 20:23:42 [INFO] exp_shallowmodel: #(feature) = 33
01/29/2018 20:23:42 [INFO] exp_shallowmodel: ================================================================================
01/29/2018 20:23:42 [INFO] exp_shallowmodel: LR.pen=l1.C=1.000000
01/29/2018 20:23:42 [INFO] exp_shallowmodel: ________________________________________________________________________________
01/29/2018 20:23:42 [INFO] exp_shallowmodel: Training: 
01/29/2018 20:23:42 [INFO] exp_shallowmodel: LogisticRegression(C=1, class_weight=None, dual=False, fit_intercept=True,
          intercept_scaling=1, max_iter=100, multi_class='ovr', n_jobs=1,
          penalty='l1', random_state=None, solver='liblinear', tol=0.0001,
          verbose=0, warm_start=False)
01/29/2018 20:23:42 [INFO] exp_shallowmodel: train time: 0.100s
01/29/2018 20:23:42 [INFO] exp_shallowmodel: test time:  0.000s
01/29/2018 20:23:42 [INFO] exp_shallowmodel: accuracy:   0.802
01/29/2018 20:23:42 [INFO] exp_shallowmodel: f1_score:   0.577
01/29/2018 20:23:42 [INFO] exp_shallowmodel: classification report:
01/29/2018 20:23:42 [INFO] exp_shallowmodel:              precision    recall  f1-score   support

          A       0.00      0.00      0.00        14
          C       0.73      0.79      0.76       164
          F       0.88      0.96      0.92       268
          R       0.71      0.58      0.64       125

avg / total       0.78      0.80      0.79       571

01/29/2018 20:23:42 [INFO] exp_shallowmodel: confusion matrix:
01/29/2018 20:23:42 [INFO] exp_shallowmodel: 
[[  0   2  10   2]
 [  0 129  10  25]
 [  0   9 257   2]
 [  0  37  16  72]]
01/29/2018 20:23:42 [INFO] exp_shallowmodel: ******************** dstc2 - Round 48 
01/29/2018 20:23:42 [INFO] exp_shallowmodel: #(data) = 4583
01/29/2018 20:23:42 [INFO] exp_shallowmodel: #(feature) = 33
01/29/2018 20:23:42 [INFO] exp_shallowmodel: ================================================================================
01/29/2018 20:23:42 [INFO] exp_shallowmodel: LR.pen=l1.C=1.000000
01/29/2018 20:23:42 [INFO] exp_shallowmodel: ________________________________________________________________________________
01/29/2018 20:23:42 [INFO] exp_shallowmodel: Training: 
01/29/2018 20:23:42 [INFO] exp_shallowmodel: LogisticRegression(C=1, class_weight=None, dual=False, fit_intercept=True,
          intercept_scaling=1, max_iter=100, multi_class='ovr', n_jobs=1,
          penalty='l1', random_state=None, solver='liblinear', tol=0.0001,
          verbose=0, warm_start=False)
01/29/2018 20:23:42 [INFO] exp_shallowmodel: train time: 0.102s
01/29/2018 20:23:42 [INFO] exp_shallowmodel: test time:  0.000s
01/29/2018 20:23:42 [INFO] exp_shallowmodel: accuracy:   0.750
01/29/2018 20:23:42 [INFO] exp_shallowmodel: f1_score:   0.535
01/29/2018 20:23:42 [INFO] exp_shallowmodel: classification report:
01/29/2018 20:23:42 [INFO] exp_shallowmodel:              precision    recall  f1-score   support

          A       0.00      0.00      0.00        14
          C       0.73      0.76      0.74       164
          F       0.79      0.91      0.85       268
          R       0.65      0.48      0.55       125

avg / total       0.72      0.75      0.73       571

01/29/2018 20:23:42 [INFO] exp_shallowmodel: confusion matrix:
01/29/2018 20:23:42 [INFO] exp_shallowmodel: 
[[  0   1  13   0]
 [  0 124  17  23]
 [  0  14 244  10]
 [  0  32  33  60]]
01/29/2018 20:23:42 [INFO] exp_shallowmodel: ******************** dstc2 - Round 49 
01/29/2018 20:23:42 [INFO] exp_shallowmodel: #(data) = 4568
01/29/2018 20:23:42 [INFO] exp_shallowmodel: #(feature) = 33
01/29/2018 20:23:42 [INFO] exp_shallowmodel: ================================================================================
01/29/2018 20:23:42 [INFO] exp_shallowmodel: LR.pen=l1.C=1.000000
01/29/2018 20:23:42 [INFO] exp_shallowmodel: ________________________________________________________________________________
01/29/2018 20:23:42 [INFO] exp_shallowmodel: Training: 
01/29/2018 20:23:42 [INFO] exp_shallowmodel: LogisticRegression(C=1, class_weight=None, dual=False, fit_intercept=True,
          intercept_scaling=1, max_iter=100, multi_class='ovr', n_jobs=1,
          penalty='l1', random_state=None, solver='liblinear', tol=0.0001,
          verbose=0, warm_start=False)
01/29/2018 20:23:43 [INFO] exp_shallowmodel: train time: 0.106s
01/29/2018 20:23:43 [INFO] exp_shallowmodel: test time:  0.000s
01/29/2018 20:23:43 [INFO] exp_shallowmodel: accuracy:   0.751
01/29/2018 20:23:43 [INFO] exp_shallowmodel: f1_score:   0.572
01/29/2018 20:23:43 [INFO] exp_shallowmodel: classification report:
01/29/2018 20:23:43 [INFO] exp_shallowmodel:              precision    recall  f1-score   support

          A       1.00      0.06      0.12        16
          C       0.71      0.71      0.71       169
          F       0.81      0.90      0.86       271
          R       0.64      0.57      0.60       130

avg / total       0.75      0.75      0.74       586

01/29/2018 20:23:43 [INFO] exp_shallowmodel: confusion matrix:
01/29/2018 20:23:43 [INFO] exp_shallowmodel: 
[[  1   3  12   0]
 [  0 120  21  28]
 [  0  13 245  13]
 [  0  33  23  74]]
