01/04/2018 17:31:29 [INFO] configuration: experiment_mode  :   discrete_feature_selection
01/04/2018 17:31:29 [INFO] configuration: deep_model  :   False
01/04/2018 17:31:29 [INFO] configuration: selected_context_id  :   0
01/04/2018 17:31:29 [INFO] configuration: selected_feature_set_id  :   11
01/04/2018 17:31:29 [INFO] configuration: similarity_feature  :   True
01/04/2018 17:31:29 [INFO] configuration: k_feature_to_keep  :   7
01/04/2018 17:31:29 [INFO] configuration: seed  :   154316847
01/04/2018 17:31:29 [INFO] configuration: root_path  :   /ihome/pbrusilosky/rum20/y_classify
01/04/2018 17:31:29 [INFO] configuration: task_name  :   utterance_type
01/04/2018 17:31:29 [INFO] configuration: timemark  :   20180104-173129
01/04/2018 17:31:29 [INFO] configuration: context_set  :   next
01/04/2018 17:31:29 [INFO] configuration: utterance_names  :   ['last_user_utterance', 'last_system_utterance', 'current_user_utterance', 'next_system_utterance', 'next_user_utterance']
01/04/2018 17:31:29 [INFO] configuration: utterance_range  :   ['current_user_utterance', 'next_system_utterance', 'next_user_utterance']
01/04/2018 17:31:29 [INFO] configuration: feature_set  :   11-[6+1.3.4]
01/04/2018 17:31:29 [INFO] configuration: feature_set_number  :   ['1', '2', '3', '5', '6', '7', '9']
01/04/2018 17:31:29 [INFO] configuration: experiment_name  :   20180104-173129.discrete_feature_selection.feature_number=7.context=next.feature=11-[6+1.3.4].similarity=true
01/04/2018 17:31:29 [INFO] configuration: experiment_path  :   /ihome/pbrusilosky/rum20/y_classify/output/20180104-173129.discrete_feature_selection.feature_number=7.context=next.feature=11-[6+1.3.4].similarity=true
01/04/2018 17:31:29 [INFO] configuration: log_path  :   /ihome/pbrusilosky/rum20/y_classify/output/20180104-173129.discrete_feature_selection.feature_number=7.context=next.feature=11-[6+1.3.4].similarity=true/output.log
01/04/2018 17:31:29 [INFO] configuration: valid_type  :   {'A', 'R', 'F', 'C'}
01/04/2018 17:31:29 [INFO] configuration: data_name  :   
01/04/2018 17:31:29 [INFO] configuration: data_names  :   ['dstc2', 'dstc3', 'family', 'ghome']
01/04/2018 17:31:29 [INFO] configuration: raw_feature_path  :   /ihome/pbrusilosky/rum20/y_classify/dataset/feature/%s.raw_feature.pkl
01/04/2018 17:31:29 [INFO] configuration: extracted_feature_path  :   /ihome/pbrusilosky/rum20/y_classify/dataset/feature/%s.extracted_feature.pkl
01/04/2018 17:31:29 [INFO] configuration: pipeline_path  :   /ihome/pbrusilosky/rum20/y_classify/dataset/feature/%s.pipeline.pkl
01/04/2018 17:31:29 [INFO] configuration: metrics  :   ['accuracy', 'precision', 'recall', 'f1_score', 'training_time', 'test_time']
01/04/2018 17:31:29 [INFO] configuration: do_cross_validation  :   True
01/04/2018 17:31:29 [INFO] configuration: #division  :   5
01/04/2018 17:31:29 [INFO] configuration: #cross_validation  :   10
01/04/2018 17:31:29 [INFO] configuration: cv_index_cache_path  :   
01/04/2018 17:31:29 [INFO] configuration: action_words  :   {'weather', 'remove', 'next', 'south', 'centre', 'findcare', 'phone', 'stop', 'snooz', 'turn', 'show', 'matter', 'north', 'telephone', 'food', 'temperature', 'ani', 'els', 'telephon', 'timer', 'list', 'remind', 'expens', 'song', 'price', 'volume', 'reminder', 'cheap', 'expensive', 'findcar', 'shuffle', 'moderate', 'remov', 'tell', 'video', 'add', 'number', 'room', 'else', 'delet', 'items', 'delete', 'music', 'address', 'volum', 'skip', 'reminds', 'moder', 'clear', 'start', 'snooze', 'light', 'help', 'reminders', 'time', 'item', 'any', 'temperatur', 'area', 'play', 'shuffl', 'part', 'member', 'discard', 'share', 'watch', 'alarm', 'centr', 'cast', 'post'}
01/04/2018 17:31:29 [INFO] configuration: corenlp_jars  :   ('/Users/memray/Project/stanford/stanford-corenlp-full-3.8.0/*', '/Users/memray/Project/stanford/stanford-corenlp-full-3.8.0/stanford-english-kbp-corenlp-2017-06-09-models.jar')
01/04/2018 17:31:29 [INFO] configuration: lda_topic_number  :   50
01/04/2018 17:31:29 [INFO] configuration: lda_path  :   /ihome/pbrusilosky/rum20/y_classify/dataset/feature/gensim/%s.topic=50.lda.pkl
01/04/2018 17:31:29 [INFO] configuration: gensim_corpus_path  :   /ihome/pbrusilosky/rum20/y_classify/dataset/feature/gensim/%s.corpus.pkl
01/04/2018 17:31:29 [INFO] configuration: gensim_dict_path  :   /ihome/pbrusilosky/rum20/y_classify/dataset/feature/gensim/%s.dict
01/04/2018 17:31:29 [INFO] configuration: w2v_path  :   /home/memray/Data/glove/GoogleNews-vectors-negative300.bin
01/04/2018 17:31:29 [INFO] configuration: w2v_vector_length  :   300
01/04/2018 17:31:29 [INFO] configuration: d2v_vector_length  :   300
01/04/2018 17:31:29 [INFO] configuration: d2v_window_size  :   5
01/04/2018 17:31:29 [INFO] configuration: d2v_min_count  :   2
01/04/2018 17:31:29 [INFO] configuration: d2v_model_path  :   /ihome/pbrusilosky/rum20/y_classify/dataset/feature/gensim/%s.doc2vec.dim=300.window=5.min_count=2.model
01/04/2018 17:31:29 [INFO] configuration: d2v_vector_path  :   /ihome/pbrusilosky/rum20/y_classify/dataset/feature/gensim/%s.doc2vec.dim=300.window=5.min_count=2.vector
01/04/2018 17:31:29 [INFO] configuration: num_word_keep  :   {'dstc2': 300, 'dstc3': 300, 'family': 1000, 'ghome': 1000}
01/04/2018 17:31:29 [INFO] configuration: batch_size  :   128
01/04/2018 17:31:29 [INFO] configuration: max_epoch  :   50
01/04/2018 17:31:29 [INFO] configuration: early_stop_tolerance  :   2
01/04/2018 17:31:29 [INFO] configuration: concat_sents  :   False
01/04/2018 17:31:29 [INFO] configuration: cnn_setting  :   {'model': 'multichannel', 'early_stopping': True, 'word_dim': 300, 'filters': [3, 4, 5], 'filter_num': [100, 100, 100], 'class_size': 4, 'batch_size': 128, 'learning_rate': 0.001, 'norm_limit': 10, 'dropout_prob': 0.0, 'sentence_num': 3}
01/04/2018 17:31:29 [INFO] configuration: skipthought_setting  :   {'skipthought_model_path': '/Users/memray/Data/skip-thought', 'skipthought_data_path': '/ihome/pbrusilosky/rum20/y_classify/dataset/feature/gensim/%s.skip-thought.biskip.vector', 'fixed_emb': True, 'sentence_num': 3, 'hidden_size': 2400, 'class_size': 4, 'learning_rate': 0.0001, 'norm_limit': 3, 'dropout_prob': 0.5}
01/04/2018 17:31:29 [INFO] configuration: lstm_setting  :   {'model': 'non-static', 'hidden_size': 32, 'embedding_size': 300, 'num_layers': 1, 'bidirectional': False, 'learning_rate': 0.001, 'class_size': 4, 'norm_limit': 2, 'clip_grad_norm': 2, 'dropout_prob': 0.1}
01/04/2018 17:31:33 [INFO] exp_shallowmodel: %%%%%%%%%%%%%%%%%%%%%%%%%%%%%%%%%%%%%%%%%%%%%%%%%%
01/04/2018 17:31:33 [INFO] exp_shallowmodel:           dataset=dstc2
01/04/2018 17:31:33 [INFO] exp_shallowmodel:           k_feature_to_keep=7
01/04/2018 17:31:33 [INFO] exp_shallowmodel:           X_new.shape=(5725, 1040)
01/04/2018 17:31:33 [INFO] exp_shallowmodel:           #(X_selected)=128
01/04/2018 17:31:33 [INFO] exp_shallowmodel:           #(X_not_selectable)=912
01/04/2018 17:31:33 [INFO] exp_shallowmodel: %%%%%%%%%%%%%%%%%%%%%%%%%%%%%%%%%%%%%%%%%%%%%%%%%%
01/04/2018 17:31:33 [INFO] exp_shallowmodel: ******************** dstc2 - Round 0 
01/04/2018 17:31:33 [INFO] exp_shallowmodel: #(data) = 4583
01/04/2018 17:31:33 [INFO] exp_shallowmodel: #(feature) = 1040
01/04/2018 17:31:33 [INFO] exp_shallowmodel: ================================================================================
01/04/2018 17:31:33 [INFO] exp_shallowmodel: LR.pen=l1.C=1.000000
01/04/2018 17:31:33 [INFO] exp_shallowmodel: ________________________________________________________________________________
01/04/2018 17:31:33 [INFO] exp_shallowmodel: Training: 
01/04/2018 17:31:33 [INFO] exp_shallowmodel: LogisticRegression(C=1, class_weight=None, dual=False, fit_intercept=True,
          intercept_scaling=1, max_iter=100, multi_class='ovr', n_jobs=1,
          penalty='l1', random_state=None, solver='liblinear', tol=0.0001,
          verbose=0, warm_start=False)
01/04/2018 17:31:53 [INFO] exp_shallowmodel: train time: 19.986s
01/04/2018 17:31:53 [INFO] exp_shallowmodel: test time:  0.001s
01/04/2018 17:31:53 [INFO] exp_shallowmodel: accuracy:   0.876
01/04/2018 17:31:53 [INFO] exp_shallowmodel: f1_score:   0.779
01/04/2018 17:31:53 [INFO] exp_shallowmodel: classification report:
01/04/2018 17:31:53 [INFO] exp_shallowmodel:              precision    recall  f1-score   support

          A       0.67      0.43      0.52        14
          C       0.83      0.84      0.83       164
          F       0.93      0.95      0.94       268
          R       0.82      0.82      0.82       125

avg / total       0.87      0.88      0.87       571

01/04/2018 17:31:53 [INFO] exp_shallowmodel: confusion matrix:
01/04/2018 17:31:53 [INFO] exp_shallowmodel: 
[[  6   2   5   1]
 [  0 137   9  18]
 [  2   8 255   3]
 [  1  18   4 102]]
01/04/2018 17:31:53 [INFO] exp_shallowmodel: ******************** dstc2 - Round 1 
01/04/2018 17:31:53 [INFO] exp_shallowmodel: #(data) = 4583
01/04/2018 17:31:53 [INFO] exp_shallowmodel: #(feature) = 1040
01/04/2018 17:31:53 [INFO] exp_shallowmodel: ================================================================================
01/04/2018 17:31:53 [INFO] exp_shallowmodel: LR.pen=l1.C=1.000000
01/04/2018 17:31:53 [INFO] exp_shallowmodel: ________________________________________________________________________________
01/04/2018 17:31:53 [INFO] exp_shallowmodel: Training: 
01/04/2018 17:31:53 [INFO] exp_shallowmodel: LogisticRegression(C=1, class_weight=None, dual=False, fit_intercept=True,
          intercept_scaling=1, max_iter=100, multi_class='ovr', n_jobs=1,
          penalty='l1', random_state=None, solver='liblinear', tol=0.0001,
          verbose=0, warm_start=False)
01/04/2018 17:32:11 [INFO] exp_shallowmodel: train time: 18.438s
01/04/2018 17:32:11 [INFO] exp_shallowmodel: test time:  0.001s
01/04/2018 17:32:11 [INFO] exp_shallowmodel: accuracy:   0.811
01/04/2018 17:32:11 [INFO] exp_shallowmodel: f1_score:   0.654
01/04/2018 17:32:11 [INFO] exp_shallowmodel: classification report:
01/04/2018 17:32:11 [INFO] exp_shallowmodel:              precision    recall  f1-score   support

          A       0.50      0.14      0.22        14
          C       0.74      0.75      0.74       164
          F       0.90      0.90      0.90       268
          R       0.73      0.77      0.75       125

avg / total       0.81      0.81      0.81       571

01/04/2018 17:32:11 [INFO] exp_shallowmodel: confusion matrix:
01/04/2018 17:32:11 [INFO] exp_shallowmodel: 
[[  2   3   6   3]
 [  1 123  17  23]
 [  1  16 242   9]
 [  0  25   4  96]]
01/04/2018 17:32:12 [INFO] exp_shallowmodel: Feature selection of top 100, ranked by LR weights (selectable:non-selectable=22:78)
01/04/2018 17:32:16 [INFO] exp_shallowmodel: %%%%%%%%%%%%%%%%%%%%%%%%%%%%%%%%%%%%%%%%%%%%%%%%%%
01/04/2018 17:32:16 [INFO] exp_shallowmodel:           dataset=dstc3
01/04/2018 17:32:16 [INFO] exp_shallowmodel:           k_feature_to_keep=7
01/04/2018 17:32:16 [INFO] exp_shallowmodel:           X_new.shape=(5934, 1040)
01/04/2018 17:32:16 [INFO] exp_shallowmodel:           #(X_selected)=128
01/04/2018 17:32:16 [INFO] exp_shallowmodel:           #(X_not_selectable)=912
01/04/2018 17:32:16 [INFO] exp_shallowmodel: %%%%%%%%%%%%%%%%%%%%%%%%%%%%%%%%%%%%%%%%%%%%%%%%%%
01/04/2018 17:32:16 [INFO] exp_shallowmodel: ******************** dstc3 - Round 0 
01/04/2018 17:32:16 [INFO] exp_shallowmodel: #(data) = 4750
01/04/2018 17:32:16 [INFO] exp_shallowmodel: #(feature) = 1040
01/04/2018 17:32:16 [INFO] exp_shallowmodel: ================================================================================
01/04/2018 17:32:16 [INFO] exp_shallowmodel: LR.pen=l1.C=1.000000
01/04/2018 17:32:16 [INFO] exp_shallowmodel: ________________________________________________________________________________
01/04/2018 17:32:16 [INFO] exp_shallowmodel: Training: 
01/04/2018 17:32:16 [INFO] exp_shallowmodel: LogisticRegression(C=1, class_weight=None, dual=False, fit_intercept=True,
          intercept_scaling=1, max_iter=100, multi_class='ovr', n_jobs=1,
          penalty='l1', random_state=None, solver='liblinear', tol=0.0001,
          verbose=0, warm_start=False)
01/04/2018 17:32:40 [INFO] exp_shallowmodel: train time: 24.167s
01/04/2018 17:32:40 [INFO] exp_shallowmodel: test time:  0.001s
01/04/2018 17:32:40 [INFO] exp_shallowmodel: accuracy:   0.811
01/04/2018 17:32:40 [INFO] exp_shallowmodel: f1_score:   0.729
01/04/2018 17:32:40 [INFO] exp_shallowmodel: classification report:
01/04/2018 17:32:40 [INFO] exp_shallowmodel:              precision    recall  f1-score   support

          A       0.65      0.55      0.59        20
          C       0.78      0.82      0.80       169
          F       0.88      0.93      0.91       281
          R       0.68      0.57      0.62       122

avg / total       0.80      0.81      0.81       592

01/04/2018 17:32:40 [INFO] exp_shallowmodel: confusion matrix:
01/04/2018 17:32:40 [INFO] exp_shallowmodel: 
[[ 11   2   7   0]
 [  2 138   8  21]
 [  2   6 262  11]
 [  2  31  20  69]]
01/04/2018 17:32:41 [INFO] exp_shallowmodel: ******************** dstc3 - Round 1 
01/04/2018 17:32:41 [INFO] exp_shallowmodel: #(data) = 4750
01/04/2018 17:32:41 [INFO] exp_shallowmodel: #(feature) = 1040
01/04/2018 17:32:41 [INFO] exp_shallowmodel: ================================================================================
01/04/2018 17:32:41 [INFO] exp_shallowmodel: LR.pen=l1.C=1.000000
01/04/2018 17:32:41 [INFO] exp_shallowmodel: ________________________________________________________________________________
01/04/2018 17:32:41 [INFO] exp_shallowmodel: Training: 
01/04/2018 17:32:41 [INFO] exp_shallowmodel: LogisticRegression(C=1, class_weight=None, dual=False, fit_intercept=True,
          intercept_scaling=1, max_iter=100, multi_class='ovr', n_jobs=1,
          penalty='l1', random_state=None, solver='liblinear', tol=0.0001,
          verbose=0, warm_start=False)
01/04/2018 17:33:05 [INFO] exp_shallowmodel: train time: 24.401s
01/04/2018 17:33:05 [INFO] exp_shallowmodel: test time:  0.001s
01/04/2018 17:33:05 [INFO] exp_shallowmodel: accuracy:   0.797
01/04/2018 17:33:05 [INFO] exp_shallowmodel: f1_score:   0.678
01/04/2018 17:33:05 [INFO] exp_shallowmodel: classification report:
01/04/2018 17:33:05 [INFO] exp_shallowmodel:              precision    recall  f1-score   support

          A       0.42      0.40      0.41        20
          C       0.77      0.79      0.78       169
          F       0.89      0.93      0.91       281
          R       0.66      0.57      0.61       122

avg / total       0.79      0.80      0.79       592

01/04/2018 17:33:05 [INFO] exp_shallowmodel: confusion matrix:
01/04/2018 17:33:05 [INFO] exp_shallowmodel: 
[[  8   4   6   2]
 [  5 134  12  18]
 [  1   4 260  16]
 [  5  32  15  70]]
01/04/2018 17:33:05 [INFO] exp_shallowmodel: Feature selection of top 100, ranked by LR weights (selectable:non-selectable=13:87)
01/04/2018 17:33:12 [INFO] exp_shallowmodel: %%%%%%%%%%%%%%%%%%%%%%%%%%%%%%%%%%%%%%%%%%%%%%%%%%
01/04/2018 17:33:12 [INFO] exp_shallowmodel:           dataset=family
01/04/2018 17:33:12 [INFO] exp_shallowmodel:           k_feature_to_keep=7
01/04/2018 17:33:12 [INFO] exp_shallowmodel:           X_new.shape=(3530, 1042)
01/04/2018 17:33:12 [INFO] exp_shallowmodel:           #(X_selected)=128
01/04/2018 17:33:12 [INFO] exp_shallowmodel:           #(X_not_selectable)=914
01/04/2018 17:33:12 [INFO] exp_shallowmodel: %%%%%%%%%%%%%%%%%%%%%%%%%%%%%%%%%%%%%%%%%%%%%%%%%%
01/04/2018 17:33:12 [INFO] exp_shallowmodel: ******************** family - Round 0 
01/04/2018 17:33:12 [INFO] exp_shallowmodel: #(data) = 2826
01/04/2018 17:33:12 [INFO] exp_shallowmodel: #(feature) = 1042
01/04/2018 17:33:12 [INFO] exp_shallowmodel: ================================================================================
01/04/2018 17:33:12 [INFO] exp_shallowmodel: LR.pen=l1.C=1.000000
01/04/2018 17:33:12 [INFO] exp_shallowmodel: ________________________________________________________________________________
01/04/2018 17:33:12 [INFO] exp_shallowmodel: Training: 
01/04/2018 17:33:12 [INFO] exp_shallowmodel: LogisticRegression(C=1, class_weight=None, dual=False, fit_intercept=True,
          intercept_scaling=1, max_iter=100, multi_class='ovr', n_jobs=1,
          penalty='l1', random_state=None, solver='liblinear', tol=0.0001,
          verbose=0, warm_start=False)
01/04/2018 17:33:22 [INFO] exp_shallowmodel: train time: 9.544s
01/04/2018 17:33:22 [INFO] exp_shallowmodel: test time:  0.001s
01/04/2018 17:33:22 [INFO] exp_shallowmodel: accuracy:   0.847
01/04/2018 17:33:22 [INFO] exp_shallowmodel: f1_score:   0.643
01/04/2018 17:33:22 [INFO] exp_shallowmodel: classification report:
01/04/2018 17:33:22 [INFO] exp_shallowmodel:              precision    recall  f1-score   support

          A       0.33      0.30      0.32        23
          C       0.64      0.59      0.62        27
          F       0.95      0.95      0.95       250
          R       0.66      0.71      0.69        52

avg / total       0.84      0.85      0.85       352

01/04/2018 17:33:22 [INFO] exp_shallowmodel: confusion matrix:
01/04/2018 17:33:22 [INFO] exp_shallowmodel: 
[[  7   4   6   6]
 [  3  16   0   8]
 [  6   1 238   5]
 [  5   4   6  37]]
01/04/2018 17:33:22 [INFO] exp_shallowmodel: ******************** family - Round 1 
01/04/2018 17:33:22 [INFO] exp_shallowmodel: #(data) = 2826
01/04/2018 17:33:22 [INFO] exp_shallowmodel: #(feature) = 1042
01/04/2018 17:33:22 [INFO] exp_shallowmodel: ================================================================================
01/04/2018 17:33:22 [INFO] exp_shallowmodel: LR.pen=l1.C=1.000000
01/04/2018 17:33:22 [INFO] exp_shallowmodel: ________________________________________________________________________________
01/04/2018 17:33:22 [INFO] exp_shallowmodel: Training: 
01/04/2018 17:33:22 [INFO] exp_shallowmodel: LogisticRegression(C=1, class_weight=None, dual=False, fit_intercept=True,
          intercept_scaling=1, max_iter=100, multi_class='ovr', n_jobs=1,
          penalty='l1', random_state=None, solver='liblinear', tol=0.0001,
          verbose=0, warm_start=False)
01/04/2018 17:33:30 [INFO] exp_shallowmodel: train time: 8.127s
01/04/2018 17:33:30 [INFO] exp_shallowmodel: test time:  0.001s
01/04/2018 17:33:30 [INFO] exp_shallowmodel: accuracy:   0.881
01/04/2018 17:33:30 [INFO] exp_shallowmodel: f1_score:   0.749
01/04/2018 17:33:30 [INFO] exp_shallowmodel: classification report:
01/04/2018 17:33:30 [INFO] exp_shallowmodel:              precision    recall  f1-score   support

          A       0.69      0.39      0.50        23
          C       0.91      0.74      0.82        27
          F       0.92      0.97      0.94       250
          R       0.72      0.75      0.74        52

avg / total       0.88      0.88      0.87       352

01/04/2018 17:33:30 [INFO] exp_shallowmodel: confusion matrix:
01/04/2018 17:33:30 [INFO] exp_shallowmodel: 
[[  9   1   7   6]
 [  1  20   3   3]
 [  2   0 242   6]
 [  1   1  11  39]]
01/04/2018 17:33:31 [INFO] exp_shallowmodel: Feature selection of top 100, ranked by LR weights (selectable:non-selectable=29:71)
01/04/2018 17:33:39 [INFO] exp_shallowmodel: %%%%%%%%%%%%%%%%%%%%%%%%%%%%%%%%%%%%%%%%%%%%%%%%%%
01/04/2018 17:33:39 [INFO] exp_shallowmodel:           dataset=ghome
01/04/2018 17:33:39 [INFO] exp_shallowmodel:           k_feature_to_keep=7
01/04/2018 17:33:39 [INFO] exp_shallowmodel:           X_new.shape=(5241, 1041)
01/04/2018 17:33:39 [INFO] exp_shallowmodel:           #(X_selected)=128
01/04/2018 17:33:39 [INFO] exp_shallowmodel:           #(X_not_selectable)=913
01/04/2018 17:33:39 [INFO] exp_shallowmodel: %%%%%%%%%%%%%%%%%%%%%%%%%%%%%%%%%%%%%%%%%%%%%%%%%%
01/04/2018 17:33:39 [INFO] exp_shallowmodel: ******************** ghome - Round 0 
01/04/2018 17:33:39 [INFO] exp_shallowmodel: #(data) = 4197
01/04/2018 17:33:39 [INFO] exp_shallowmodel: #(feature) = 1041
01/04/2018 17:33:39 [INFO] exp_shallowmodel: ================================================================================
01/04/2018 17:33:39 [INFO] exp_shallowmodel: LR.pen=l1.C=1.000000
01/04/2018 17:33:39 [INFO] exp_shallowmodel: ________________________________________________________________________________
01/04/2018 17:33:39 [INFO] exp_shallowmodel: Training: 
01/04/2018 17:33:39 [INFO] exp_shallowmodel: LogisticRegression(C=1, class_weight=None, dual=False, fit_intercept=True,
          intercept_scaling=1, max_iter=100, multi_class='ovr', n_jobs=1,
          penalty='l1', random_state=None, solver='liblinear', tol=0.0001,
          verbose=0, warm_start=False)
01/04/2018 17:33:54 [INFO] exp_shallowmodel: train time: 14.201s
01/04/2018 17:33:54 [INFO] exp_shallowmodel: test time:  0.001s
01/04/2018 17:33:54 [INFO] exp_shallowmodel: accuracy:   0.870
01/04/2018 17:33:54 [INFO] exp_shallowmodel: f1_score:   0.611
01/04/2018 17:33:54 [INFO] exp_shallowmodel: classification report:
01/04/2018 17:33:54 [INFO] exp_shallowmodel:              precision    recall  f1-score   support

          A       0.62      0.54      0.58        59
          C       0.30      0.25      0.27        12
          F       0.94      0.97      0.96       396
          R       0.65      0.62      0.64        55

avg / total       0.86      0.87      0.86       522

01/04/2018 17:33:54 [INFO] exp_shallowmodel: confusion matrix:
01/04/2018 17:33:54 [INFO] exp_shallowmodel: 
[[ 32   3  13  11]
 [  4   3   3   2]
 [  4   2 385   5]
 [ 12   2   7  34]]
01/04/2018 17:33:54 [INFO] exp_shallowmodel: ******************** ghome - Round 1 
01/04/2018 17:33:54 [INFO] exp_shallowmodel: #(data) = 4197
01/04/2018 17:33:54 [INFO] exp_shallowmodel: #(feature) = 1041
01/04/2018 17:33:54 [INFO] exp_shallowmodel: ================================================================================
01/04/2018 17:33:54 [INFO] exp_shallowmodel: LR.pen=l1.C=1.000000
01/04/2018 17:33:54 [INFO] exp_shallowmodel: ________________________________________________________________________________
01/04/2018 17:33:54 [INFO] exp_shallowmodel: Training: 
01/04/2018 17:33:54 [INFO] exp_shallowmodel: LogisticRegression(C=1, class_weight=None, dual=False, fit_intercept=True,
          intercept_scaling=1, max_iter=100, multi_class='ovr', n_jobs=1,
          penalty='l1', random_state=None, solver='liblinear', tol=0.0001,
          verbose=0, warm_start=False)
01/04/2018 17:34:06 [INFO] exp_shallowmodel: train time: 12.627s
01/04/2018 17:34:06 [INFO] exp_shallowmodel: test time:  0.001s
01/04/2018 17:34:06 [INFO] exp_shallowmodel: accuracy:   0.879
01/04/2018 17:34:06 [INFO] exp_shallowmodel: f1_score:   0.667
01/04/2018 17:34:06 [INFO] exp_shallowmodel: classification report:
01/04/2018 17:34:06 [INFO] exp_shallowmodel:              precision    recall  f1-score   support

          A       0.61      0.64      0.63        59
          C       0.57      0.33      0.42        12
          F       0.95      0.96      0.96       396
          R       0.67      0.65      0.66        55

avg / total       0.88      0.88      0.88       522

01/04/2018 17:34:06 [INFO] exp_shallowmodel: confusion matrix:
01/04/2018 17:34:06 [INFO] exp_shallowmodel: 
[[ 38   1  10  10]
 [  3   4   1   4]
 [ 11   0 381   4]
 [ 10   2   7  36]]
01/04/2018 17:34:07 [INFO] exp_shallowmodel: Feature selection of top 100, ranked by LR weights (selectable:non-selectable=12:88)
