01/04/2018 17:31:30 [INFO] configuration: experiment_mode  :   discrete_feature_selection
01/04/2018 17:31:30 [INFO] configuration: deep_model  :   False
01/04/2018 17:31:30 [INFO] configuration: selected_context_id  :   0
01/04/2018 17:31:30 [INFO] configuration: selected_feature_set_id  :   12
01/04/2018 17:31:30 [INFO] configuration: similarity_feature  :   True
01/04/2018 17:31:30 [INFO] configuration: k_feature_to_keep  :   7
01/04/2018 17:31:30 [INFO] configuration: seed  :   154316847
01/04/2018 17:31:30 [INFO] configuration: root_path  :   /ihome/pbrusilosky/rum20/y_classify
01/04/2018 17:31:30 [INFO] configuration: task_name  :   utterance_type
01/04/2018 17:31:30 [INFO] configuration: timemark  :   20180104-173130
01/04/2018 17:31:30 [INFO] configuration: context_set  :   next
01/04/2018 17:31:30 [INFO] configuration: utterance_names  :   ['last_user_utterance', 'last_system_utterance', 'current_user_utterance', 'next_system_utterance', 'next_user_utterance']
01/04/2018 17:31:30 [INFO] configuration: utterance_range  :   ['current_user_utterance', 'next_system_utterance', 'next_user_utterance']
01/04/2018 17:31:30 [INFO] configuration: feature_set  :   12-[7+1.3.4]
01/04/2018 17:31:30 [INFO] configuration: feature_set_number  :   ['1', '2', '3', '5', '6', '7', '10']
01/04/2018 17:31:30 [INFO] configuration: experiment_name  :   20180104-173130.discrete_feature_selection.feature_number=7.context=next.feature=12-[7+1.3.4].similarity=true
01/04/2018 17:31:30 [INFO] configuration: experiment_path  :   /ihome/pbrusilosky/rum20/y_classify/output/20180104-173130.discrete_feature_selection.feature_number=7.context=next.feature=12-[7+1.3.4].similarity=true
01/04/2018 17:31:30 [INFO] configuration: log_path  :   /ihome/pbrusilosky/rum20/y_classify/output/20180104-173130.discrete_feature_selection.feature_number=7.context=next.feature=12-[7+1.3.4].similarity=true/output.log
01/04/2018 17:31:30 [INFO] configuration: valid_type  :   {'C', 'F', 'R', 'A'}
01/04/2018 17:31:30 [INFO] configuration: data_name  :   
01/04/2018 17:31:30 [INFO] configuration: data_names  :   ['dstc2', 'dstc3', 'family', 'ghome']
01/04/2018 17:31:30 [INFO] configuration: raw_feature_path  :   /ihome/pbrusilosky/rum20/y_classify/dataset/feature/%s.raw_feature.pkl
01/04/2018 17:31:30 [INFO] configuration: extracted_feature_path  :   /ihome/pbrusilosky/rum20/y_classify/dataset/feature/%s.extracted_feature.pkl
01/04/2018 17:31:30 [INFO] configuration: pipeline_path  :   /ihome/pbrusilosky/rum20/y_classify/dataset/feature/%s.pipeline.pkl
01/04/2018 17:31:30 [INFO] configuration: metrics  :   ['accuracy', 'precision', 'recall', 'f1_score', 'training_time', 'test_time']
01/04/2018 17:31:30 [INFO] configuration: do_cross_validation  :   True
01/04/2018 17:31:30 [INFO] configuration: #division  :   5
01/04/2018 17:31:30 [INFO] configuration: #cross_validation  :   10
01/04/2018 17:31:30 [INFO] configuration: cv_index_cache_path  :   
01/04/2018 17:31:30 [INFO] configuration: action_words  :   {'remov', 'area', 'moder', 'turn', 'item', 'part', 'reminders', 'expensive', 'volum', 'alarm', 'next', 'telephone', 'add', 'south', 'reminds', 'skip', 'telephon', 'els', 'matter', 'remove', 'list', 'music', 'timer', 'clear', 'song', 'cheap', 'snooz', 'ani', 'phone', 'food', 'light', 'centre', 'delete', 'volume', 'discard', 'price', 'number', 'post', 'snooze', 'start', 'show', 'tell', 'any', 'temperature', 'cast', 'moderate', 'expens', 'shuffl', 'help', 'reminder', 'stop', 'temperatur', 'share', 'play', 'findcar', 'items', 'delet', 'weather', 'time', 'centr', 'address', 'member', 'video', 'findcare', 'room', 'remind', 'shuffle', 'north', 'watch', 'else'}
01/04/2018 17:31:30 [INFO] configuration: corenlp_jars  :   ('/Users/memray/Project/stanford/stanford-corenlp-full-3.8.0/*', '/Users/memray/Project/stanford/stanford-corenlp-full-3.8.0/stanford-english-kbp-corenlp-2017-06-09-models.jar')
01/04/2018 17:31:30 [INFO] configuration: lda_topic_number  :   50
01/04/2018 17:31:30 [INFO] configuration: lda_path  :   /ihome/pbrusilosky/rum20/y_classify/dataset/feature/gensim/%s.topic=50.lda.pkl
01/04/2018 17:31:30 [INFO] configuration: gensim_corpus_path  :   /ihome/pbrusilosky/rum20/y_classify/dataset/feature/gensim/%s.corpus.pkl
01/04/2018 17:31:30 [INFO] configuration: gensim_dict_path  :   /ihome/pbrusilosky/rum20/y_classify/dataset/feature/gensim/%s.dict
01/04/2018 17:31:30 [INFO] configuration: w2v_path  :   /home/memray/Data/glove/GoogleNews-vectors-negative300.bin
01/04/2018 17:31:30 [INFO] configuration: w2v_vector_length  :   300
01/04/2018 17:31:30 [INFO] configuration: d2v_vector_length  :   300
01/04/2018 17:31:30 [INFO] configuration: d2v_window_size  :   5
01/04/2018 17:31:30 [INFO] configuration: d2v_min_count  :   2
01/04/2018 17:31:30 [INFO] configuration: d2v_model_path  :   /ihome/pbrusilosky/rum20/y_classify/dataset/feature/gensim/%s.doc2vec.dim=300.window=5.min_count=2.model
01/04/2018 17:31:30 [INFO] configuration: d2v_vector_path  :   /ihome/pbrusilosky/rum20/y_classify/dataset/feature/gensim/%s.doc2vec.dim=300.window=5.min_count=2.vector
01/04/2018 17:31:30 [INFO] configuration: num_word_keep  :   {'dstc2': 300, 'dstc3': 300, 'family': 1000, 'ghome': 1000}
01/04/2018 17:31:30 [INFO] configuration: batch_size  :   128
01/04/2018 17:31:30 [INFO] configuration: max_epoch  :   50
01/04/2018 17:31:30 [INFO] configuration: early_stop_tolerance  :   2
01/04/2018 17:31:30 [INFO] configuration: concat_sents  :   False
01/04/2018 17:31:30 [INFO] configuration: cnn_setting  :   {'model': 'multichannel', 'early_stopping': True, 'word_dim': 300, 'filters': [3, 4, 5], 'filter_num': [100, 100, 100], 'class_size': 4, 'batch_size': 128, 'learning_rate': 0.001, 'norm_limit': 10, 'dropout_prob': 0.0, 'sentence_num': 3}
01/04/2018 17:31:30 [INFO] configuration: skipthought_setting  :   {'skipthought_model_path': '/Users/memray/Data/skip-thought', 'skipthought_data_path': '/ihome/pbrusilosky/rum20/y_classify/dataset/feature/gensim/%s.skip-thought.biskip.vector', 'fixed_emb': True, 'sentence_num': 3, 'hidden_size': 2400, 'class_size': 4, 'learning_rate': 0.0001, 'norm_limit': 3, 'dropout_prob': 0.5}
01/04/2018 17:31:30 [INFO] configuration: lstm_setting  :   {'model': 'non-static', 'hidden_size': 32, 'embedding_size': 300, 'num_layers': 1, 'bidirectional': False, 'learning_rate': 0.001, 'class_size': 4, 'norm_limit': 2, 'clip_grad_norm': 2, 'dropout_prob': 0.1}
01/04/2018 17:31:34 [INFO] exp_shallowmodel: %%%%%%%%%%%%%%%%%%%%%%%%%%%%%%%%%%%%%%%%%%%%%%%%%%
01/04/2018 17:31:34 [INFO] exp_shallowmodel:           dataset=dstc2
01/04/2018 17:31:34 [INFO] exp_shallowmodel:           k_feature_to_keep=7
01/04/2018 17:31:34 [INFO] exp_shallowmodel:           X_new.shape=(5725, 1039)
01/04/2018 17:31:34 [INFO] exp_shallowmodel:           #(X_selected)=128
01/04/2018 17:31:34 [INFO] exp_shallowmodel:           #(X_not_selectable)=911
01/04/2018 17:31:34 [INFO] exp_shallowmodel: %%%%%%%%%%%%%%%%%%%%%%%%%%%%%%%%%%%%%%%%%%%%%%%%%%
01/04/2018 17:31:34 [INFO] exp_shallowmodel: ******************** dstc2 - Round 0 
01/04/2018 17:31:34 [INFO] exp_shallowmodel: #(data) = 4583
01/04/2018 17:31:34 [INFO] exp_shallowmodel: #(feature) = 1039
01/04/2018 17:31:34 [INFO] exp_shallowmodel: ================================================================================
01/04/2018 17:31:34 [INFO] exp_shallowmodel: LR.pen=l1.C=1.000000
01/04/2018 17:31:34 [INFO] exp_shallowmodel: ________________________________________________________________________________
01/04/2018 17:31:34 [INFO] exp_shallowmodel: Training: 
01/04/2018 17:31:34 [INFO] exp_shallowmodel: LogisticRegression(C=1, class_weight=None, dual=False, fit_intercept=True,
          intercept_scaling=1, max_iter=100, multi_class='ovr', n_jobs=1,
          penalty='l1', random_state=None, solver='liblinear', tol=0.0001,
          verbose=0, warm_start=False)
01/04/2018 17:31:59 [INFO] exp_shallowmodel: train time: 25.264s
01/04/2018 17:31:59 [INFO] exp_shallowmodel: test time:  0.001s
01/04/2018 17:31:59 [INFO] exp_shallowmodel: accuracy:   0.853
01/04/2018 17:31:59 [INFO] exp_shallowmodel: f1_score:   0.764
01/04/2018 17:31:59 [INFO] exp_shallowmodel: classification report:
01/04/2018 17:31:59 [INFO] exp_shallowmodel:              precision    recall  f1-score   support

          A       0.75      0.43      0.55        14
          C       0.76      0.82      0.79       164
          F       0.93      0.94      0.94       268
          R       0.82      0.75      0.79       125

avg / total       0.85      0.85      0.85       571

01/04/2018 17:31:59 [INFO] exp_shallowmodel: confusion matrix:
01/04/2018 17:31:59 [INFO] exp_shallowmodel: 
[[  6   2   6   0]
 [  2 135  11  16]
 [  0  12 252   4]
 [  0  29   2  94]]
01/04/2018 17:32:00 [INFO] exp_shallowmodel: ******************** dstc2 - Round 1 
01/04/2018 17:32:00 [INFO] exp_shallowmodel: #(data) = 4583
01/04/2018 17:32:00 [INFO] exp_shallowmodel: #(feature) = 1039
01/04/2018 17:32:00 [INFO] exp_shallowmodel: ================================================================================
01/04/2018 17:32:00 [INFO] exp_shallowmodel: LR.pen=l1.C=1.000000
01/04/2018 17:32:00 [INFO] exp_shallowmodel: ________________________________________________________________________________
01/04/2018 17:32:00 [INFO] exp_shallowmodel: Training: 
01/04/2018 17:32:00 [INFO] exp_shallowmodel: LogisticRegression(C=1, class_weight=None, dual=False, fit_intercept=True,
          intercept_scaling=1, max_iter=100, multi_class='ovr', n_jobs=1,
          penalty='l1', random_state=None, solver='liblinear', tol=0.0001,
          verbose=0, warm_start=False)
01/04/2018 17:32:25 [INFO] exp_shallowmodel: train time: 25.453s
01/04/2018 17:32:25 [INFO] exp_shallowmodel: test time:  0.001s
01/04/2018 17:32:25 [INFO] exp_shallowmodel: accuracy:   0.820
01/04/2018 17:32:25 [INFO] exp_shallowmodel: f1_score:   0.680
01/04/2018 17:32:25 [INFO] exp_shallowmodel: classification report:
01/04/2018 17:32:25 [INFO] exp_shallowmodel:              precision    recall  f1-score   support

          A       0.60      0.21      0.32        14
          C       0.76      0.76      0.76       164
          F       0.92      0.92      0.92       268
          R       0.70      0.74      0.72       125

avg / total       0.82      0.82      0.82       571

01/04/2018 17:32:25 [INFO] exp_shallowmodel: confusion matrix:
01/04/2018 17:32:25 [INFO] exp_shallowmodel: 
[[  3   1   5   5]
 [  1 125  12  26]
 [  1  12 247   8]
 [  0  27   5  93]]
01/04/2018 17:32:25 [INFO] exp_shallowmodel: Feature selection of top 100, ranked by LR weights (selectable:non-selectable=23:77)
01/04/2018 17:32:30 [INFO] exp_shallowmodel: %%%%%%%%%%%%%%%%%%%%%%%%%%%%%%%%%%%%%%%%%%%%%%%%%%
01/04/2018 17:32:30 [INFO] exp_shallowmodel:           dataset=dstc3
01/04/2018 17:32:30 [INFO] exp_shallowmodel:           k_feature_to_keep=7
01/04/2018 17:32:30 [INFO] exp_shallowmodel:           X_new.shape=(5934, 1039)
01/04/2018 17:32:30 [INFO] exp_shallowmodel:           #(X_selected)=128
01/04/2018 17:32:30 [INFO] exp_shallowmodel:           #(X_not_selectable)=911
01/04/2018 17:32:30 [INFO] exp_shallowmodel: %%%%%%%%%%%%%%%%%%%%%%%%%%%%%%%%%%%%%%%%%%%%%%%%%%
01/04/2018 17:32:30 [INFO] exp_shallowmodel: ******************** dstc3 - Round 0 
01/04/2018 17:32:30 [INFO] exp_shallowmodel: #(data) = 4750
01/04/2018 17:32:30 [INFO] exp_shallowmodel: #(feature) = 1039
01/04/2018 17:32:30 [INFO] exp_shallowmodel: ================================================================================
01/04/2018 17:32:30 [INFO] exp_shallowmodel: LR.pen=l1.C=1.000000
01/04/2018 17:32:30 [INFO] exp_shallowmodel: ________________________________________________________________________________
01/04/2018 17:32:30 [INFO] exp_shallowmodel: Training: 
01/04/2018 17:32:30 [INFO] exp_shallowmodel: LogisticRegression(C=1, class_weight=None, dual=False, fit_intercept=True,
          intercept_scaling=1, max_iter=100, multi_class='ovr', n_jobs=1,
          penalty='l1', random_state=None, solver='liblinear', tol=0.0001,
          verbose=0, warm_start=False)
01/04/2018 17:32:58 [INFO] exp_shallowmodel: train time: 28.343s
01/04/2018 17:32:58 [INFO] exp_shallowmodel: test time:  0.001s
01/04/2018 17:32:58 [INFO] exp_shallowmodel: accuracy:   0.833
01/04/2018 17:32:58 [INFO] exp_shallowmodel: f1_score:   0.764
01/04/2018 17:32:58 [INFO] exp_shallowmodel: classification report:
01/04/2018 17:32:58 [INFO] exp_shallowmodel:              precision    recall  f1-score   support

          A       0.68      0.65      0.67        20
          C       0.78      0.84      0.81       169
          F       0.91      0.95      0.93       281
          R       0.75      0.58      0.65       122

avg / total       0.83      0.83      0.83       592

01/04/2018 17:32:58 [INFO] exp_shallowmodel: confusion matrix:
01/04/2018 17:32:58 [INFO] exp_shallowmodel: 
[[ 13   2   5   0]
 [  3 142  10  14]
 [  0   4 267  10]
 [  3  35  13  71]]
01/04/2018 17:32:59 [INFO] exp_shallowmodel: ******************** dstc3 - Round 1 
01/04/2018 17:32:59 [INFO] exp_shallowmodel: #(data) = 4750
01/04/2018 17:32:59 [INFO] exp_shallowmodel: #(feature) = 1039
01/04/2018 17:32:59 [INFO] exp_shallowmodel: ================================================================================
01/04/2018 17:32:59 [INFO] exp_shallowmodel: LR.pen=l1.C=1.000000
01/04/2018 17:32:59 [INFO] exp_shallowmodel: ________________________________________________________________________________
01/04/2018 17:32:59 [INFO] exp_shallowmodel: Training: 
01/04/2018 17:32:59 [INFO] exp_shallowmodel: LogisticRegression(C=1, class_weight=None, dual=False, fit_intercept=True,
          intercept_scaling=1, max_iter=100, multi_class='ovr', n_jobs=1,
          penalty='l1', random_state=None, solver='liblinear', tol=0.0001,
          verbose=0, warm_start=False)
01/04/2018 17:33:26 [INFO] exp_shallowmodel: train time: 27.717s
01/04/2018 17:33:26 [INFO] exp_shallowmodel: test time:  0.001s
01/04/2018 17:33:26 [INFO] exp_shallowmodel: accuracy:   0.814
01/04/2018 17:33:26 [INFO] exp_shallowmodel: f1_score:   0.690
01/04/2018 17:33:26 [INFO] exp_shallowmodel: classification report:
01/04/2018 17:33:26 [INFO] exp_shallowmodel:              precision    recall  f1-score   support

          A       0.40      0.40      0.40        20
          C       0.78      0.81      0.79       169
          F       0.90      0.94      0.92       281
          R       0.72      0.59      0.65       122

avg / total       0.81      0.81      0.81       592

01/04/2018 17:33:26 [INFO] exp_shallowmodel: confusion matrix:
01/04/2018 17:33:26 [INFO] exp_shallowmodel: 
[[  8   3   7   2]
 [  3 137  11  18]
 [  3   5 265   8]
 [  6  31  13  72]]
01/04/2018 17:33:27 [INFO] exp_shallowmodel: Feature selection of top 100, ranked by LR weights (selectable:non-selectable=15:85)
01/04/2018 17:33:34 [INFO] exp_shallowmodel: %%%%%%%%%%%%%%%%%%%%%%%%%%%%%%%%%%%%%%%%%%%%%%%%%%
01/04/2018 17:33:34 [INFO] exp_shallowmodel:           dataset=family
01/04/2018 17:33:34 [INFO] exp_shallowmodel:           k_feature_to_keep=7
01/04/2018 17:33:34 [INFO] exp_shallowmodel:           X_new.shape=(3530, 1041)
01/04/2018 17:33:34 [INFO] exp_shallowmodel:           #(X_selected)=128
01/04/2018 17:33:34 [INFO] exp_shallowmodel:           #(X_not_selectable)=913
01/04/2018 17:33:34 [INFO] exp_shallowmodel: %%%%%%%%%%%%%%%%%%%%%%%%%%%%%%%%%%%%%%%%%%%%%%%%%%
01/04/2018 17:33:34 [INFO] exp_shallowmodel: ******************** family - Round 0 
01/04/2018 17:33:34 [INFO] exp_shallowmodel: #(data) = 2826
01/04/2018 17:33:34 [INFO] exp_shallowmodel: #(feature) = 1041
01/04/2018 17:33:34 [INFO] exp_shallowmodel: ================================================================================
01/04/2018 17:33:34 [INFO] exp_shallowmodel: LR.pen=l1.C=1.000000
01/04/2018 17:33:34 [INFO] exp_shallowmodel: ________________________________________________________________________________
01/04/2018 17:33:34 [INFO] exp_shallowmodel: Training: 
01/04/2018 17:33:34 [INFO] exp_shallowmodel: LogisticRegression(C=1, class_weight=None, dual=False, fit_intercept=True,
          intercept_scaling=1, max_iter=100, multi_class='ovr', n_jobs=1,
          penalty='l1', random_state=None, solver='liblinear', tol=0.0001,
          verbose=0, warm_start=False)
01/04/2018 17:33:43 [INFO] exp_shallowmodel: train time: 8.813s
01/04/2018 17:33:43 [INFO] exp_shallowmodel: test time:  0.001s
01/04/2018 17:33:43 [INFO] exp_shallowmodel: accuracy:   0.855
01/04/2018 17:33:43 [INFO] exp_shallowmodel: f1_score:   0.669
01/04/2018 17:33:43 [INFO] exp_shallowmodel: classification report:
01/04/2018 17:33:43 [INFO] exp_shallowmodel:              precision    recall  f1-score   support

          A       0.50      0.43      0.47        23
          C       0.64      0.52      0.57        27
          F       0.93      0.96      0.95       250
          R       0.69      0.69      0.69        52

avg / total       0.85      0.86      0.85       352

01/04/2018 17:33:43 [INFO] exp_shallowmodel: confusion matrix:
01/04/2018 17:33:43 [INFO] exp_shallowmodel: 
[[ 10   3   8   2]
 [  3  14   1   9]
 [  3   1 241   5]
 [  4   4   8  36]]
01/04/2018 17:33:43 [INFO] exp_shallowmodel: ******************** family - Round 1 
01/04/2018 17:33:43 [INFO] exp_shallowmodel: #(data) = 2826
01/04/2018 17:33:43 [INFO] exp_shallowmodel: #(feature) = 1041
01/04/2018 17:33:43 [INFO] exp_shallowmodel: ================================================================================
01/04/2018 17:33:43 [INFO] exp_shallowmodel: LR.pen=l1.C=1.000000
01/04/2018 17:33:43 [INFO] exp_shallowmodel: ________________________________________________________________________________
01/04/2018 17:33:43 [INFO] exp_shallowmodel: Training: 
01/04/2018 17:33:43 [INFO] exp_shallowmodel: LogisticRegression(C=1, class_weight=None, dual=False, fit_intercept=True,
          intercept_scaling=1, max_iter=100, multi_class='ovr', n_jobs=1,
          penalty='l1', random_state=None, solver='liblinear', tol=0.0001,
          verbose=0, warm_start=False)
01/04/2018 17:33:54 [INFO] exp_shallowmodel: train time: 11.757s
01/04/2018 17:33:54 [INFO] exp_shallowmodel: test time:  0.001s
01/04/2018 17:33:54 [INFO] exp_shallowmodel: accuracy:   0.884
01/04/2018 17:33:54 [INFO] exp_shallowmodel: f1_score:   0.730
01/04/2018 17:33:54 [INFO] exp_shallowmodel: classification report:
01/04/2018 17:33:54 [INFO] exp_shallowmodel:              precision    recall  f1-score   support

          A       0.58      0.30      0.40        23
          C       0.88      0.81      0.85        27
          F       0.94      0.97      0.96       250
          R       0.68      0.75      0.72        52

avg / total       0.88      0.88      0.88       352

01/04/2018 17:33:54 [INFO] exp_shallowmodel: confusion matrix:
01/04/2018 17:33:54 [INFO] exp_shallowmodel: 
[[  7   1   5  10]
 [  2  22   0   3]
 [  2   0 243   5]
 [  1   2  10  39]]
01/04/2018 17:33:55 [INFO] exp_shallowmodel: Feature selection of top 100, ranked by LR weights (selectable:non-selectable=29:71)
01/04/2018 17:34:04 [INFO] exp_shallowmodel: %%%%%%%%%%%%%%%%%%%%%%%%%%%%%%%%%%%%%%%%%%%%%%%%%%
01/04/2018 17:34:04 [INFO] exp_shallowmodel:           dataset=ghome
01/04/2018 17:34:04 [INFO] exp_shallowmodel:           k_feature_to_keep=7
01/04/2018 17:34:04 [INFO] exp_shallowmodel:           X_new.shape=(5241, 1040)
01/04/2018 17:34:04 [INFO] exp_shallowmodel:           #(X_selected)=128
01/04/2018 17:34:04 [INFO] exp_shallowmodel:           #(X_not_selectable)=912
01/04/2018 17:34:04 [INFO] exp_shallowmodel: %%%%%%%%%%%%%%%%%%%%%%%%%%%%%%%%%%%%%%%%%%%%%%%%%%
01/04/2018 17:34:04 [INFO] exp_shallowmodel: ******************** ghome - Round 0 
01/04/2018 17:34:04 [INFO] exp_shallowmodel: #(data) = 4197
01/04/2018 17:34:04 [INFO] exp_shallowmodel: #(feature) = 1040
01/04/2018 17:34:04 [INFO] exp_shallowmodel: ================================================================================
01/04/2018 17:34:04 [INFO] exp_shallowmodel: LR.pen=l1.C=1.000000
01/04/2018 17:34:04 [INFO] exp_shallowmodel: ________________________________________________________________________________
01/04/2018 17:34:04 [INFO] exp_shallowmodel: Training: 
01/04/2018 17:34:04 [INFO] exp_shallowmodel: LogisticRegression(C=1, class_weight=None, dual=False, fit_intercept=True,
          intercept_scaling=1, max_iter=100, multi_class='ovr', n_jobs=1,
          penalty='l1', random_state=None, solver='liblinear', tol=0.0001,
          verbose=0, warm_start=False)
01/04/2018 17:34:28 [INFO] exp_shallowmodel: train time: 24.034s
01/04/2018 17:34:28 [INFO] exp_shallowmodel: test time:  0.001s
01/04/2018 17:34:28 [INFO] exp_shallowmodel: accuracy:   0.862
01/04/2018 17:34:28 [INFO] exp_shallowmodel: f1_score:   0.587
01/04/2018 17:34:28 [INFO] exp_shallowmodel: classification report:
01/04/2018 17:34:28 [INFO] exp_shallowmodel:              precision    recall  f1-score   support

          A       0.58      0.53      0.55        59
          C       0.40      0.17      0.24        12
          F       0.94      0.97      0.95       396
          R       0.61      0.60      0.61        55

avg / total       0.85      0.86      0.85       522

01/04/2018 17:34:28 [INFO] exp_shallowmodel: confusion matrix:
01/04/2018 17:34:28 [INFO] exp_shallowmodel: 
[[ 31   1  12  15]
 [  3   2   5   2]
 [  7   1 384   4]
 [ 12   1   9  33]]
01/04/2018 17:34:28 [INFO] exp_shallowmodel: ******************** ghome - Round 1 
01/04/2018 17:34:28 [INFO] exp_shallowmodel: #(data) = 4197
01/04/2018 17:34:28 [INFO] exp_shallowmodel: #(feature) = 1040
01/04/2018 17:34:28 [INFO] exp_shallowmodel: ================================================================================
01/04/2018 17:34:28 [INFO] exp_shallowmodel: LR.pen=l1.C=1.000000
01/04/2018 17:34:28 [INFO] exp_shallowmodel: ________________________________________________________________________________
01/04/2018 17:34:28 [INFO] exp_shallowmodel: Training: 
01/04/2018 17:34:28 [INFO] exp_shallowmodel: LogisticRegression(C=1, class_weight=None, dual=False, fit_intercept=True,
          intercept_scaling=1, max_iter=100, multi_class='ovr', n_jobs=1,
          penalty='l1', random_state=None, solver='liblinear', tol=0.0001,
          verbose=0, warm_start=False)
01/04/2018 17:34:50 [INFO] exp_shallowmodel: train time: 21.939s
01/04/2018 17:34:50 [INFO] exp_shallowmodel: test time:  0.001s
01/04/2018 17:34:50 [INFO] exp_shallowmodel: accuracy:   0.868
01/04/2018 17:34:50 [INFO] exp_shallowmodel: f1_score:   0.652
01/04/2018 17:34:50 [INFO] exp_shallowmodel: classification report:
01/04/2018 17:34:50 [INFO] exp_shallowmodel:              precision    recall  f1-score   support

          A       0.65      0.56      0.60        59
          C       0.50      0.42      0.45        12
          F       0.93      0.97      0.95       396
          R       0.63      0.58      0.60        55

avg / total       0.86      0.87      0.86       522

01/04/2018 17:34:50 [INFO] exp_shallowmodel: confusion matrix:
01/04/2018 17:34:50 [INFO] exp_shallowmodel: 
[[ 33   2  12  12]
 [  2   5   4   1]
 [  6   1 383   6]
 [ 10   2  11  32]]
01/04/2018 17:34:51 [INFO] exp_shallowmodel: Feature selection of top 100, ranked by LR weights (selectable:non-selectable=14:86)
