01/04/2018 17:31:29 [INFO] configuration: experiment_mode  :   discrete_feature_selection
01/04/2018 17:31:29 [INFO] configuration: deep_model  :   False
01/04/2018 17:31:29 [INFO] configuration: selected_context_id  :   0
01/04/2018 17:31:29 [INFO] configuration: selected_feature_set_id  :   11
01/04/2018 17:31:29 [INFO] configuration: similarity_feature  :   True
01/04/2018 17:31:29 [INFO] configuration: k_feature_to_keep  :   6
01/04/2018 17:31:29 [INFO] configuration: seed  :   154316847
01/04/2018 17:31:29 [INFO] configuration: root_path  :   /ihome/pbrusilosky/rum20/y_classify
01/04/2018 17:31:29 [INFO] configuration: task_name  :   utterance_type
01/04/2018 17:31:29 [INFO] configuration: timemark  :   20180104-173129
01/04/2018 17:31:29 [INFO] configuration: context_set  :   next
01/04/2018 17:31:29 [INFO] configuration: utterance_names  :   ['last_user_utterance', 'last_system_utterance', 'current_user_utterance', 'next_system_utterance', 'next_user_utterance']
01/04/2018 17:31:29 [INFO] configuration: utterance_range  :   ['current_user_utterance', 'next_system_utterance', 'next_user_utterance']
01/04/2018 17:31:29 [INFO] configuration: feature_set  :   11-[6+1.3.4]
01/04/2018 17:31:29 [INFO] configuration: feature_set_number  :   ['1', '2', '3', '5', '6', '7', '9']
01/04/2018 17:31:29 [INFO] configuration: experiment_name  :   20180104-173129.discrete_feature_selection.feature_number=6.context=next.feature=11-[6+1.3.4].similarity=true
01/04/2018 17:31:29 [INFO] configuration: experiment_path  :   /ihome/pbrusilosky/rum20/y_classify/output/20180104-173129.discrete_feature_selection.feature_number=6.context=next.feature=11-[6+1.3.4].similarity=true
01/04/2018 17:31:29 [INFO] configuration: log_path  :   /ihome/pbrusilosky/rum20/y_classify/output/20180104-173129.discrete_feature_selection.feature_number=6.context=next.feature=11-[6+1.3.4].similarity=true/output.log
01/04/2018 17:31:29 [INFO] configuration: valid_type  :   {'C', 'F', 'R', 'A'}
01/04/2018 17:31:29 [INFO] configuration: data_name  :   
01/04/2018 17:31:29 [INFO] configuration: data_names  :   ['dstc2', 'dstc3', 'family', 'ghome']
01/04/2018 17:31:29 [INFO] configuration: raw_feature_path  :   /ihome/pbrusilosky/rum20/y_classify/dataset/feature/%s.raw_feature.pkl
01/04/2018 17:31:29 [INFO] configuration: extracted_feature_path  :   /ihome/pbrusilosky/rum20/y_classify/dataset/feature/%s.extracted_feature.pkl
01/04/2018 17:31:29 [INFO] configuration: pipeline_path  :   /ihome/pbrusilosky/rum20/y_classify/dataset/feature/%s.pipeline.pkl
01/04/2018 17:31:29 [INFO] configuration: metrics  :   ['accuracy', 'precision', 'recall', 'f1_score', 'training_time', 'test_time']
01/04/2018 17:31:29 [INFO] configuration: do_cross_validation  :   True
01/04/2018 17:31:29 [INFO] configuration: #division  :   5
01/04/2018 17:31:29 [INFO] configuration: #cross_validation  :   10
01/04/2018 17:31:29 [INFO] configuration: cv_index_cache_path  :   
01/04/2018 17:31:29 [INFO] configuration: action_words  :   {'temperature', 'price', 'remove', 'reminds', 'turn', 'south', 'reminder', 'item', 'discard', 'remind', 'items', 'shuffle', 'ani', 'moder', 'music', 'telephone', 'watch', 'light', 'els', 'song', 'snooze', 'reminders', 'weather', 'volum', 'expens', 'room', 'findcare', 'member', 'cheap', 'video', 'delet', 'else', 'start', 'matter', 'any', 'findcar', 'delete', 'next', 'time', 'play', 'north', 'address', 'remov', 'shuffl', 'centre', 'expensive', 'part', 'tell', 'skip', 'phone', 'telephon', 'cast', 'help', 'volume', 'clear', 'show', 'number', 'moderate', 'stop', 'area', 'share', 'timer', 'post', 'centr', 'food', 'alarm', 'temperatur', 'snooz', 'add', 'list'}
01/04/2018 17:31:29 [INFO] configuration: corenlp_jars  :   ('/Users/memray/Project/stanford/stanford-corenlp-full-3.8.0/*', '/Users/memray/Project/stanford/stanford-corenlp-full-3.8.0/stanford-english-kbp-corenlp-2017-06-09-models.jar')
01/04/2018 17:31:29 [INFO] configuration: lda_topic_number  :   50
01/04/2018 17:31:29 [INFO] configuration: lda_path  :   /ihome/pbrusilosky/rum20/y_classify/dataset/feature/gensim/%s.topic=50.lda.pkl
01/04/2018 17:31:29 [INFO] configuration: gensim_corpus_path  :   /ihome/pbrusilosky/rum20/y_classify/dataset/feature/gensim/%s.corpus.pkl
01/04/2018 17:31:29 [INFO] configuration: gensim_dict_path  :   /ihome/pbrusilosky/rum20/y_classify/dataset/feature/gensim/%s.dict
01/04/2018 17:31:29 [INFO] configuration: w2v_path  :   /home/memray/Data/glove/GoogleNews-vectors-negative300.bin
01/04/2018 17:31:29 [INFO] configuration: w2v_vector_length  :   300
01/04/2018 17:31:29 [INFO] configuration: d2v_vector_length  :   300
01/04/2018 17:31:29 [INFO] configuration: d2v_window_size  :   5
01/04/2018 17:31:29 [INFO] configuration: d2v_min_count  :   2
01/04/2018 17:31:29 [INFO] configuration: d2v_model_path  :   /ihome/pbrusilosky/rum20/y_classify/dataset/feature/gensim/%s.doc2vec.dim=300.window=5.min_count=2.model
01/04/2018 17:31:29 [INFO] configuration: d2v_vector_path  :   /ihome/pbrusilosky/rum20/y_classify/dataset/feature/gensim/%s.doc2vec.dim=300.window=5.min_count=2.vector
01/04/2018 17:31:29 [INFO] configuration: num_word_keep  :   {'dstc2': 300, 'dstc3': 300, 'family': 1000, 'ghome': 1000}
01/04/2018 17:31:29 [INFO] configuration: batch_size  :   128
01/04/2018 17:31:29 [INFO] configuration: max_epoch  :   50
01/04/2018 17:31:29 [INFO] configuration: early_stop_tolerance  :   2
01/04/2018 17:31:29 [INFO] configuration: concat_sents  :   False
01/04/2018 17:31:29 [INFO] configuration: cnn_setting  :   {'model': 'multichannel', 'early_stopping': True, 'word_dim': 300, 'filters': [3, 4, 5], 'filter_num': [100, 100, 100], 'class_size': 4, 'batch_size': 128, 'learning_rate': 0.001, 'norm_limit': 10, 'dropout_prob': 0.0, 'sentence_num': 3}
01/04/2018 17:31:29 [INFO] configuration: skipthought_setting  :   {'skipthought_model_path': '/Users/memray/Data/skip-thought', 'skipthought_data_path': '/ihome/pbrusilosky/rum20/y_classify/dataset/feature/gensim/%s.skip-thought.biskip.vector', 'fixed_emb': True, 'sentence_num': 3, 'hidden_size': 2400, 'class_size': 4, 'learning_rate': 0.0001, 'norm_limit': 3, 'dropout_prob': 0.5}
01/04/2018 17:31:29 [INFO] configuration: lstm_setting  :   {'model': 'non-static', 'hidden_size': 32, 'embedding_size': 300, 'num_layers': 1, 'bidirectional': False, 'learning_rate': 0.001, 'class_size': 4, 'norm_limit': 2, 'clip_grad_norm': 2, 'dropout_prob': 0.1}
01/04/2018 17:31:33 [INFO] exp_shallowmodel: %%%%%%%%%%%%%%%%%%%%%%%%%%%%%%%%%%%%%%%%%%%%%%%%%%
01/04/2018 17:31:33 [INFO] exp_shallowmodel:           dataset=dstc2
01/04/2018 17:31:33 [INFO] exp_shallowmodel:           k_feature_to_keep=6
01/04/2018 17:31:33 [INFO] exp_shallowmodel:           X_new.shape=(5725, 976)
01/04/2018 17:31:33 [INFO] exp_shallowmodel:           #(X_selected)=64
01/04/2018 17:31:33 [INFO] exp_shallowmodel:           #(X_not_selectable)=912
01/04/2018 17:31:33 [INFO] exp_shallowmodel: %%%%%%%%%%%%%%%%%%%%%%%%%%%%%%%%%%%%%%%%%%%%%%%%%%
01/04/2018 17:31:33 [INFO] exp_shallowmodel: ******************** dstc2 - Round 0 
01/04/2018 17:31:33 [INFO] exp_shallowmodel: #(data) = 4583
01/04/2018 17:31:33 [INFO] exp_shallowmodel: #(feature) = 976
01/04/2018 17:31:33 [INFO] exp_shallowmodel: ================================================================================
01/04/2018 17:31:33 [INFO] exp_shallowmodel: LR.pen=l1.C=1.000000
01/04/2018 17:31:33 [INFO] exp_shallowmodel: ________________________________________________________________________________
01/04/2018 17:31:33 [INFO] exp_shallowmodel: Training: 
01/04/2018 17:31:33 [INFO] exp_shallowmodel: LogisticRegression(C=1, class_weight=None, dual=False, fit_intercept=True,
          intercept_scaling=1, max_iter=100, multi_class='ovr', n_jobs=1,
          penalty='l1', random_state=None, solver='liblinear', tol=0.0001,
          verbose=0, warm_start=False)
01/04/2018 17:31:51 [INFO] exp_shallowmodel: train time: 17.974s
01/04/2018 17:31:51 [INFO] exp_shallowmodel: test time:  0.001s
01/04/2018 17:31:51 [INFO] exp_shallowmodel: accuracy:   0.874
01/04/2018 17:31:51 [INFO] exp_shallowmodel: f1_score:   0.772
01/04/2018 17:31:51 [INFO] exp_shallowmodel: classification report:
01/04/2018 17:31:51 [INFO] exp_shallowmodel:              precision    recall  f1-score   support

          A       0.60      0.43      0.50        14
          C       0.83      0.84      0.84       164
          F       0.94      0.95      0.94       268
          R       0.81      0.80      0.81       125

avg / total       0.87      0.87      0.87       571

01/04/2018 17:31:51 [INFO] exp_shallowmodel: confusion matrix:
01/04/2018 17:31:51 [INFO] exp_shallowmodel: 
[[  6   2   5   1]
 [  0 138   8  18]
 [  2   7 255   4]
 [  2  19   4 100]]
01/04/2018 17:31:51 [INFO] exp_shallowmodel: ******************** dstc2 - Round 1 
01/04/2018 17:31:51 [INFO] exp_shallowmodel: #(data) = 4583
01/04/2018 17:31:51 [INFO] exp_shallowmodel: #(feature) = 976
01/04/2018 17:31:51 [INFO] exp_shallowmodel: ================================================================================
01/04/2018 17:31:51 [INFO] exp_shallowmodel: LR.pen=l1.C=1.000000
01/04/2018 17:31:51 [INFO] exp_shallowmodel: ________________________________________________________________________________
01/04/2018 17:31:51 [INFO] exp_shallowmodel: Training: 
01/04/2018 17:31:51 [INFO] exp_shallowmodel: LogisticRegression(C=1, class_weight=None, dual=False, fit_intercept=True,
          intercept_scaling=1, max_iter=100, multi_class='ovr', n_jobs=1,
          penalty='l1', random_state=None, solver='liblinear', tol=0.0001,
          verbose=0, warm_start=False)
01/04/2018 17:32:08 [INFO] exp_shallowmodel: train time: 16.530s
01/04/2018 17:32:08 [INFO] exp_shallowmodel: test time:  0.001s
01/04/2018 17:32:08 [INFO] exp_shallowmodel: accuracy:   0.804
01/04/2018 17:32:08 [INFO] exp_shallowmodel: f1_score:   0.689
01/04/2018 17:32:08 [INFO] exp_shallowmodel: classification report:
01/04/2018 17:32:08 [INFO] exp_shallowmodel:              precision    recall  f1-score   support

          A       0.67      0.29      0.40        14
          C       0.73      0.73      0.73       164
          F       0.89      0.91      0.90       268
          R       0.72      0.74      0.73       125

avg / total       0.80      0.80      0.80       571

01/04/2018 17:32:08 [INFO] exp_shallowmodel: confusion matrix:
01/04/2018 17:32:08 [INFO] exp_shallowmodel: 
[[  4   2   5   3]
 [  1 120  20  23]
 [  1  15 243   9]
 [  0  28   5  92]]
01/04/2018 17:32:08 [INFO] exp_shallowmodel: Feature selection of top 100, ranked by LR weights (selectable:non-selectable=17:83)
01/04/2018 17:32:12 [INFO] exp_shallowmodel: %%%%%%%%%%%%%%%%%%%%%%%%%%%%%%%%%%%%%%%%%%%%%%%%%%
01/04/2018 17:32:12 [INFO] exp_shallowmodel:           dataset=dstc3
01/04/2018 17:32:12 [INFO] exp_shallowmodel:           k_feature_to_keep=6
01/04/2018 17:32:12 [INFO] exp_shallowmodel:           X_new.shape=(5934, 976)
01/04/2018 17:32:12 [INFO] exp_shallowmodel:           #(X_selected)=64
01/04/2018 17:32:12 [INFO] exp_shallowmodel:           #(X_not_selectable)=912
01/04/2018 17:32:12 [INFO] exp_shallowmodel: %%%%%%%%%%%%%%%%%%%%%%%%%%%%%%%%%%%%%%%%%%%%%%%%%%
01/04/2018 17:32:12 [INFO] exp_shallowmodel: ******************** dstc3 - Round 0 
01/04/2018 17:32:12 [INFO] exp_shallowmodel: #(data) = 4750
01/04/2018 17:32:12 [INFO] exp_shallowmodel: #(feature) = 976
01/04/2018 17:32:12 [INFO] exp_shallowmodel: ================================================================================
01/04/2018 17:32:12 [INFO] exp_shallowmodel: LR.pen=l1.C=1.000000
01/04/2018 17:32:12 [INFO] exp_shallowmodel: ________________________________________________________________________________
01/04/2018 17:32:12 [INFO] exp_shallowmodel: Training: 
01/04/2018 17:32:12 [INFO] exp_shallowmodel: LogisticRegression(C=1, class_weight=None, dual=False, fit_intercept=True,
          intercept_scaling=1, max_iter=100, multi_class='ovr', n_jobs=1,
          penalty='l1', random_state=None, solver='liblinear', tol=0.0001,
          verbose=0, warm_start=False)
01/04/2018 17:32:35 [INFO] exp_shallowmodel: train time: 22.904s
01/04/2018 17:32:35 [INFO] exp_shallowmodel: test time:  0.001s
01/04/2018 17:32:35 [INFO] exp_shallowmodel: accuracy:   0.807
01/04/2018 17:32:35 [INFO] exp_shallowmodel: f1_score:   0.743
01/04/2018 17:32:35 [INFO] exp_shallowmodel: classification report:
01/04/2018 17:32:35 [INFO] exp_shallowmodel:              precision    recall  f1-score   support

          A       0.85      0.55      0.67        20
          C       0.76      0.82      0.79       169
          F       0.88      0.93      0.90       281
          R       0.68      0.57      0.62       122

avg / total       0.80      0.81      0.80       592

01/04/2018 17:32:35 [INFO] exp_shallowmodel: confusion matrix:
01/04/2018 17:32:35 [INFO] exp_shallowmodel: 
[[ 11   2   7   0]
 [  0 138   9  22]
 [  2   8 260  11]
 [  0  33  20  69]]
01/04/2018 17:32:35 [INFO] exp_shallowmodel: ******************** dstc3 - Round 1 
01/04/2018 17:32:35 [INFO] exp_shallowmodel: #(data) = 4750
01/04/2018 17:32:35 [INFO] exp_shallowmodel: #(feature) = 976
01/04/2018 17:32:35 [INFO] exp_shallowmodel: ================================================================================
01/04/2018 17:32:35 [INFO] exp_shallowmodel: LR.pen=l1.C=1.000000
01/04/2018 17:32:35 [INFO] exp_shallowmodel: ________________________________________________________________________________
01/04/2018 17:32:35 [INFO] exp_shallowmodel: Training: 
01/04/2018 17:32:35 [INFO] exp_shallowmodel: LogisticRegression(C=1, class_weight=None, dual=False, fit_intercept=True,
          intercept_scaling=1, max_iter=100, multi_class='ovr', n_jobs=1,
          penalty='l1', random_state=None, solver='liblinear', tol=0.0001,
          verbose=0, warm_start=False)
01/04/2018 17:32:59 [INFO] exp_shallowmodel: train time: 23.183s
01/04/2018 17:32:59 [INFO] exp_shallowmodel: test time:  0.001s
01/04/2018 17:32:59 [INFO] exp_shallowmodel: accuracy:   0.804
01/04/2018 17:32:59 [INFO] exp_shallowmodel: f1_score:   0.701
01/04/2018 17:32:59 [INFO] exp_shallowmodel: classification report:
01/04/2018 17:32:59 [INFO] exp_shallowmodel:              precision    recall  f1-score   support

          A       0.56      0.45      0.50        20
          C       0.76      0.82      0.79       169
          F       0.89      0.93      0.91       281
          R       0.67      0.55      0.60       122

avg / total       0.80      0.80      0.80       592

01/04/2018 17:32:59 [INFO] exp_shallowmodel: confusion matrix:
01/04/2018 17:32:59 [INFO] exp_shallowmodel: 
[[  9   5   4   2]
 [  1 139  12  17]
 [  2   4 261  14]
 [  4  34  17  67]]
01/04/2018 17:32:59 [INFO] exp_shallowmodel: Feature selection of top 100, ranked by LR weights (selectable:non-selectable=6:94)
01/04/2018 17:33:06 [INFO] exp_shallowmodel: %%%%%%%%%%%%%%%%%%%%%%%%%%%%%%%%%%%%%%%%%%%%%%%%%%
01/04/2018 17:33:06 [INFO] exp_shallowmodel:           dataset=family
01/04/2018 17:33:06 [INFO] exp_shallowmodel:           k_feature_to_keep=6
01/04/2018 17:33:06 [INFO] exp_shallowmodel:           X_new.shape=(3530, 978)
01/04/2018 17:33:06 [INFO] exp_shallowmodel:           #(X_selected)=64
01/04/2018 17:33:06 [INFO] exp_shallowmodel:           #(X_not_selectable)=914
01/04/2018 17:33:06 [INFO] exp_shallowmodel: %%%%%%%%%%%%%%%%%%%%%%%%%%%%%%%%%%%%%%%%%%%%%%%%%%
01/04/2018 17:33:06 [INFO] exp_shallowmodel: ******************** family - Round 0 
01/04/2018 17:33:06 [INFO] exp_shallowmodel: #(data) = 2826
01/04/2018 17:33:06 [INFO] exp_shallowmodel: #(feature) = 978
01/04/2018 17:33:06 [INFO] exp_shallowmodel: ================================================================================
01/04/2018 17:33:06 [INFO] exp_shallowmodel: LR.pen=l1.C=1.000000
01/04/2018 17:33:06 [INFO] exp_shallowmodel: ________________________________________________________________________________
01/04/2018 17:33:06 [INFO] exp_shallowmodel: Training: 
01/04/2018 17:33:06 [INFO] exp_shallowmodel: LogisticRegression(C=1, class_weight=None, dual=False, fit_intercept=True,
          intercept_scaling=1, max_iter=100, multi_class='ovr', n_jobs=1,
          penalty='l1', random_state=None, solver='liblinear', tol=0.0001,
          verbose=0, warm_start=False)
01/04/2018 17:33:18 [INFO] exp_shallowmodel: train time: 12.306s
01/04/2018 17:33:18 [INFO] exp_shallowmodel: test time:  0.001s
01/04/2018 17:33:18 [INFO] exp_shallowmodel: accuracy:   0.838
01/04/2018 17:33:18 [INFO] exp_shallowmodel: f1_score:   0.616
01/04/2018 17:33:18 [INFO] exp_shallowmodel: classification report:
01/04/2018 17:33:18 [INFO] exp_shallowmodel:              precision    recall  f1-score   support

          A       0.36      0.22      0.27        23
          C       0.55      0.63      0.59        27
          F       0.95      0.95      0.95       250
          R       0.63      0.69      0.66        52

avg / total       0.83      0.84      0.83       352

01/04/2018 17:33:18 [INFO] exp_shallowmodel: confusion matrix:
01/04/2018 17:33:18 [INFO] exp_shallowmodel: 
[[  5   6   7   5]
 [  2  17   0   8]
 [  4   1 237   8]
 [  3   7   6  36]]
01/04/2018 17:33:18 [INFO] exp_shallowmodel: ******************** family - Round 1 
01/04/2018 17:33:18 [INFO] exp_shallowmodel: #(data) = 2826
01/04/2018 17:33:18 [INFO] exp_shallowmodel: #(feature) = 978
01/04/2018 17:33:18 [INFO] exp_shallowmodel: ================================================================================
01/04/2018 17:33:18 [INFO] exp_shallowmodel: LR.pen=l1.C=1.000000
01/04/2018 17:33:18 [INFO] exp_shallowmodel: ________________________________________________________________________________
01/04/2018 17:33:18 [INFO] exp_shallowmodel: Training: 
01/04/2018 17:33:18 [INFO] exp_shallowmodel: LogisticRegression(C=1, class_weight=None, dual=False, fit_intercept=True,
          intercept_scaling=1, max_iter=100, multi_class='ovr', n_jobs=1,
          penalty='l1', random_state=None, solver='liblinear', tol=0.0001,
          verbose=0, warm_start=False)
01/04/2018 17:33:27 [INFO] exp_shallowmodel: train time: 8.481s
01/04/2018 17:33:27 [INFO] exp_shallowmodel: test time:  0.001s
01/04/2018 17:33:27 [INFO] exp_shallowmodel: accuracy:   0.855
01/04/2018 17:33:27 [INFO] exp_shallowmodel: f1_score:   0.691
01/04/2018 17:33:27 [INFO] exp_shallowmodel: classification report:
01/04/2018 17:33:27 [INFO] exp_shallowmodel:              precision    recall  f1-score   support

          A       0.53      0.35      0.42        23
          C       0.79      0.70      0.75        27
          F       0.92      0.96      0.94       250
          R       0.67      0.65      0.66        52

avg / total       0.84      0.86      0.85       352

01/04/2018 17:33:27 [INFO] exp_shallowmodel: confusion matrix:
01/04/2018 17:33:27 [INFO] exp_shallowmodel: 
[[  8   1   7   7]
 [  1  19   2   5]
 [  3   2 240   5]
 [  3   2  13  34]]
01/04/2018 17:33:27 [INFO] exp_shallowmodel: Feature selection of top 100, ranked by LR weights (selectable:non-selectable=16:84)
01/04/2018 17:33:36 [INFO] exp_shallowmodel: %%%%%%%%%%%%%%%%%%%%%%%%%%%%%%%%%%%%%%%%%%%%%%%%%%
01/04/2018 17:33:36 [INFO] exp_shallowmodel:           dataset=ghome
01/04/2018 17:33:36 [INFO] exp_shallowmodel:           k_feature_to_keep=6
01/04/2018 17:33:36 [INFO] exp_shallowmodel:           X_new.shape=(5241, 977)
01/04/2018 17:33:36 [INFO] exp_shallowmodel:           #(X_selected)=64
01/04/2018 17:33:36 [INFO] exp_shallowmodel:           #(X_not_selectable)=913
01/04/2018 17:33:36 [INFO] exp_shallowmodel: %%%%%%%%%%%%%%%%%%%%%%%%%%%%%%%%%%%%%%%%%%%%%%%%%%
01/04/2018 17:33:36 [INFO] exp_shallowmodel: ******************** ghome - Round 0 
01/04/2018 17:33:36 [INFO] exp_shallowmodel: #(data) = 4197
01/04/2018 17:33:36 [INFO] exp_shallowmodel: #(feature) = 977
01/04/2018 17:33:36 [INFO] exp_shallowmodel: ================================================================================
01/04/2018 17:33:36 [INFO] exp_shallowmodel: LR.pen=l1.C=1.000000
01/04/2018 17:33:36 [INFO] exp_shallowmodel: ________________________________________________________________________________
01/04/2018 17:33:36 [INFO] exp_shallowmodel: Training: 
01/04/2018 17:33:36 [INFO] exp_shallowmodel: LogisticRegression(C=1, class_weight=None, dual=False, fit_intercept=True,
          intercept_scaling=1, max_iter=100, multi_class='ovr', n_jobs=1,
          penalty='l1', random_state=None, solver='liblinear', tol=0.0001,
          verbose=0, warm_start=False)
01/04/2018 17:33:55 [INFO] exp_shallowmodel: train time: 19.005s
01/04/2018 17:33:55 [INFO] exp_shallowmodel: test time:  0.001s
01/04/2018 17:33:55 [INFO] exp_shallowmodel: accuracy:   0.875
01/04/2018 17:33:55 [INFO] exp_shallowmodel: f1_score:   0.633
01/04/2018 17:33:55 [INFO] exp_shallowmodel: classification report:
01/04/2018 17:33:55 [INFO] exp_shallowmodel:              precision    recall  f1-score   support

          A       0.65      0.58      0.61        59
          C       0.38      0.25      0.30        12
          F       0.94      0.97      0.95       396
          R       0.68      0.65      0.67        55

avg / total       0.87      0.88      0.87       522

01/04/2018 17:33:55 [INFO] exp_shallowmodel: confusion matrix:
01/04/2018 17:33:55 [INFO] exp_shallowmodel: 
[[ 34   2  13  10]
 [  4   3   4   1]
 [  4   2 384   6]
 [ 10   1   8  36]]
01/04/2018 17:33:55 [INFO] exp_shallowmodel: ******************** ghome - Round 1 
01/04/2018 17:33:55 [INFO] exp_shallowmodel: #(data) = 4197
01/04/2018 17:33:55 [INFO] exp_shallowmodel: #(feature) = 977
01/04/2018 17:33:55 [INFO] exp_shallowmodel: ================================================================================
01/04/2018 17:33:55 [INFO] exp_shallowmodel: LR.pen=l1.C=1.000000
01/04/2018 17:33:55 [INFO] exp_shallowmodel: ________________________________________________________________________________
01/04/2018 17:33:55 [INFO] exp_shallowmodel: Training: 
01/04/2018 17:33:55 [INFO] exp_shallowmodel: LogisticRegression(C=1, class_weight=None, dual=False, fit_intercept=True,
          intercept_scaling=1, max_iter=100, multi_class='ovr', n_jobs=1,
          penalty='l1', random_state=None, solver='liblinear', tol=0.0001,
          verbose=0, warm_start=False)
01/04/2018 17:34:07 [INFO] exp_shallowmodel: train time: 11.974s
01/04/2018 17:34:07 [INFO] exp_shallowmodel: test time:  0.001s
01/04/2018 17:34:07 [INFO] exp_shallowmodel: accuracy:   0.870
01/04/2018 17:34:07 [INFO] exp_shallowmodel: f1_score:   0.638
01/04/2018 17:34:07 [INFO] exp_shallowmodel: classification report:
01/04/2018 17:34:07 [INFO] exp_shallowmodel:              precision    recall  f1-score   support

          A       0.59      0.68      0.63        59
          C       0.50      0.25      0.33        12
          F       0.95      0.95      0.95       396
          R       0.65      0.62      0.64        55

avg / total       0.87      0.87      0.87       522

01/04/2018 17:34:07 [INFO] exp_shallowmodel: confusion matrix:
01/04/2018 17:34:07 [INFO] exp_shallowmodel: 
[[ 40   1   9   9]
 [  4   3   2   3]
 [ 13   0 377   6]
 [ 11   2   8  34]]
01/04/2018 17:34:08 [INFO] exp_shallowmodel: Feature selection of top 100, ranked by LR weights (selectable:non-selectable=10:90)
