01/04/2018 17:31:31 [INFO] configuration: experiment_mode  :   discrete_feature_selection
01/04/2018 17:31:31 [INFO] configuration: deep_model  :   False
01/04/2018 17:31:31 [INFO] configuration: selected_context_id  :   0
01/04/2018 17:31:31 [INFO] configuration: selected_feature_set_id  :   12
01/04/2018 17:31:31 [INFO] configuration: similarity_feature  :   True
01/04/2018 17:31:31 [INFO] configuration: k_feature_to_keep  :   6
01/04/2018 17:31:31 [INFO] configuration: seed  :   154316847
01/04/2018 17:31:31 [INFO] configuration: root_path  :   /ihome/pbrusilosky/rum20/y_classify
01/04/2018 17:31:31 [INFO] configuration: task_name  :   utterance_type
01/04/2018 17:31:31 [INFO] configuration: timemark  :   20180104-173131
01/04/2018 17:31:31 [INFO] configuration: context_set  :   next
01/04/2018 17:31:31 [INFO] configuration: utterance_names  :   ['last_user_utterance', 'last_system_utterance', 'current_user_utterance', 'next_system_utterance', 'next_user_utterance']
01/04/2018 17:31:31 [INFO] configuration: utterance_range  :   ['current_user_utterance', 'next_system_utterance', 'next_user_utterance']
01/04/2018 17:31:31 [INFO] configuration: feature_set  :   12-[7+1.3.4]
01/04/2018 17:31:31 [INFO] configuration: feature_set_number  :   ['1', '2', '3', '5', '6', '7', '10']
01/04/2018 17:31:31 [INFO] configuration: experiment_name  :   20180104-173131.discrete_feature_selection.feature_number=6.context=next.feature=12-[7+1.3.4].similarity=true
01/04/2018 17:31:31 [INFO] configuration: experiment_path  :   /ihome/pbrusilosky/rum20/y_classify/output/20180104-173131.discrete_feature_selection.feature_number=6.context=next.feature=12-[7+1.3.4].similarity=true
01/04/2018 17:31:31 [INFO] configuration: log_path  :   /ihome/pbrusilosky/rum20/y_classify/output/20180104-173131.discrete_feature_selection.feature_number=6.context=next.feature=12-[7+1.3.4].similarity=true/output.log
01/04/2018 17:31:31 [INFO] configuration: valid_type  :   {'A', 'F', 'R', 'C'}
01/04/2018 17:31:31 [INFO] configuration: data_name  :   
01/04/2018 17:31:31 [INFO] configuration: data_names  :   ['dstc2', 'dstc3', 'family', 'ghome']
01/04/2018 17:31:31 [INFO] configuration: raw_feature_path  :   /ihome/pbrusilosky/rum20/y_classify/dataset/feature/%s.raw_feature.pkl
01/04/2018 17:31:31 [INFO] configuration: extracted_feature_path  :   /ihome/pbrusilosky/rum20/y_classify/dataset/feature/%s.extracted_feature.pkl
01/04/2018 17:31:31 [INFO] configuration: pipeline_path  :   /ihome/pbrusilosky/rum20/y_classify/dataset/feature/%s.pipeline.pkl
01/04/2018 17:31:31 [INFO] configuration: metrics  :   ['accuracy', 'precision', 'recall', 'f1_score', 'training_time', 'test_time']
01/04/2018 17:31:31 [INFO] configuration: do_cross_validation  :   True
01/04/2018 17:31:31 [INFO] configuration: #division  :   5
01/04/2018 17:31:31 [INFO] configuration: #cross_validation  :   10
01/04/2018 17:31:31 [INFO] configuration: cv_index_cache_path  :   
01/04/2018 17:31:31 [INFO] configuration: action_words  :   {'help', 'food', 'area', 'member', 'item', 'add', 'any', 'ani', 'time', 'south', 'remove', 'centr', 'moderate', 'telephon', 'findcare', 'next', 'cheap', 'music', 'matter', 'part', 'tell', 'light', 'clear', 'centre', 'show', 'moder', 'remind', 'stop', 'number', 'timer', 'delet', 'delete', 'items', 'skip', 'song', 'snooze', 'start', 'volume', 'share', 'volum', 'play', 'remov', 'snooz', 'reminder', 'discard', 'weather', 'north', 'expensive', 'els', 'video', 'room', 'else', 'temperatur', 'findcar', 'shuffl', 'shuffle', 'temperature', 'alarm', 'address', 'list', 'reminders', 'reminds', 'watch', 'cast', 'turn', 'expens', 'price', 'phone', 'telephone', 'post'}
01/04/2018 17:31:31 [INFO] configuration: corenlp_jars  :   ('/Users/memray/Project/stanford/stanford-corenlp-full-3.8.0/*', '/Users/memray/Project/stanford/stanford-corenlp-full-3.8.0/stanford-english-kbp-corenlp-2017-06-09-models.jar')
01/04/2018 17:31:31 [INFO] configuration: lda_topic_number  :   50
01/04/2018 17:31:31 [INFO] configuration: lda_path  :   /ihome/pbrusilosky/rum20/y_classify/dataset/feature/gensim/%s.topic=50.lda.pkl
01/04/2018 17:31:31 [INFO] configuration: gensim_corpus_path  :   /ihome/pbrusilosky/rum20/y_classify/dataset/feature/gensim/%s.corpus.pkl
01/04/2018 17:31:31 [INFO] configuration: gensim_dict_path  :   /ihome/pbrusilosky/rum20/y_classify/dataset/feature/gensim/%s.dict
01/04/2018 17:31:31 [INFO] configuration: w2v_path  :   /home/memray/Data/glove/GoogleNews-vectors-negative300.bin
01/04/2018 17:31:31 [INFO] configuration: w2v_vector_length  :   300
01/04/2018 17:31:31 [INFO] configuration: d2v_vector_length  :   300
01/04/2018 17:31:31 [INFO] configuration: d2v_window_size  :   5
01/04/2018 17:31:31 [INFO] configuration: d2v_min_count  :   2
01/04/2018 17:31:31 [INFO] configuration: d2v_model_path  :   /ihome/pbrusilosky/rum20/y_classify/dataset/feature/gensim/%s.doc2vec.dim=300.window=5.min_count=2.model
01/04/2018 17:31:31 [INFO] configuration: d2v_vector_path  :   /ihome/pbrusilosky/rum20/y_classify/dataset/feature/gensim/%s.doc2vec.dim=300.window=5.min_count=2.vector
01/04/2018 17:31:31 [INFO] configuration: num_word_keep  :   {'dstc2': 300, 'dstc3': 300, 'family': 1000, 'ghome': 1000}
01/04/2018 17:31:31 [INFO] configuration: batch_size  :   128
01/04/2018 17:31:31 [INFO] configuration: max_epoch  :   50
01/04/2018 17:31:31 [INFO] configuration: early_stop_tolerance  :   2
01/04/2018 17:31:31 [INFO] configuration: concat_sents  :   False
01/04/2018 17:31:31 [INFO] configuration: cnn_setting  :   {'model': 'multichannel', 'early_stopping': True, 'word_dim': 300, 'filters': [3, 4, 5], 'filter_num': [100, 100, 100], 'class_size': 4, 'batch_size': 128, 'learning_rate': 0.001, 'norm_limit': 10, 'dropout_prob': 0.0, 'sentence_num': 3}
01/04/2018 17:31:31 [INFO] configuration: skipthought_setting  :   {'skipthought_model_path': '/Users/memray/Data/skip-thought', 'skipthought_data_path': '/ihome/pbrusilosky/rum20/y_classify/dataset/feature/gensim/%s.skip-thought.biskip.vector', 'fixed_emb': True, 'sentence_num': 3, 'hidden_size': 2400, 'class_size': 4, 'learning_rate': 0.0001, 'norm_limit': 3, 'dropout_prob': 0.5}
01/04/2018 17:31:31 [INFO] configuration: lstm_setting  :   {'model': 'non-static', 'hidden_size': 32, 'embedding_size': 300, 'num_layers': 1, 'bidirectional': False, 'learning_rate': 0.001, 'class_size': 4, 'norm_limit': 2, 'clip_grad_norm': 2, 'dropout_prob': 0.1}
01/04/2018 17:31:34 [INFO] exp_shallowmodel: %%%%%%%%%%%%%%%%%%%%%%%%%%%%%%%%%%%%%%%%%%%%%%%%%%
01/04/2018 17:31:34 [INFO] exp_shallowmodel:           dataset=dstc2
01/04/2018 17:31:34 [INFO] exp_shallowmodel:           k_feature_to_keep=6
01/04/2018 17:31:34 [INFO] exp_shallowmodel:           X_new.shape=(5725, 975)
01/04/2018 17:31:34 [INFO] exp_shallowmodel:           #(X_selected)=64
01/04/2018 17:31:34 [INFO] exp_shallowmodel:           #(X_not_selectable)=911
01/04/2018 17:31:34 [INFO] exp_shallowmodel: %%%%%%%%%%%%%%%%%%%%%%%%%%%%%%%%%%%%%%%%%%%%%%%%%%
01/04/2018 17:31:35 [INFO] exp_shallowmodel: ******************** dstc2 - Round 0 
01/04/2018 17:31:35 [INFO] exp_shallowmodel: #(data) = 4583
01/04/2018 17:31:35 [INFO] exp_shallowmodel: #(feature) = 975
01/04/2018 17:31:35 [INFO] exp_shallowmodel: ================================================================================
01/04/2018 17:31:35 [INFO] exp_shallowmodel: LR.pen=l1.C=1.000000
01/04/2018 17:31:35 [INFO] exp_shallowmodel: ________________________________________________________________________________
01/04/2018 17:31:35 [INFO] exp_shallowmodel: Training: 
01/04/2018 17:31:35 [INFO] exp_shallowmodel: LogisticRegression(C=1, class_weight=None, dual=False, fit_intercept=True,
          intercept_scaling=1, max_iter=100, multi_class='ovr', n_jobs=1,
          penalty='l1', random_state=None, solver='liblinear', tol=0.0001,
          verbose=0, warm_start=False)
01/04/2018 17:32:00 [INFO] exp_shallowmodel: train time: 25.267s
01/04/2018 17:32:00 [INFO] exp_shallowmodel: test time:  0.001s
01/04/2018 17:32:00 [INFO] exp_shallowmodel: accuracy:   0.853
01/04/2018 17:32:00 [INFO] exp_shallowmodel: f1_score:   0.746
01/04/2018 17:32:00 [INFO] exp_shallowmodel: classification report:
01/04/2018 17:32:00 [INFO] exp_shallowmodel:              precision    recall  f1-score   support

          A       0.71      0.36      0.48        14
          C       0.78      0.84      0.81       164
          F       0.92      0.94      0.93       268
          R       0.81      0.73      0.77       125

avg / total       0.85      0.85      0.85       571

01/04/2018 17:32:00 [INFO] exp_shallowmodel: confusion matrix:
01/04/2018 17:32:00 [INFO] exp_shallowmodel: 
[[  5   2   7   0]
 [  1 138  11  14]
 [  1   7 253   7]
 [  0  31   3  91]]
01/04/2018 17:32:00 [INFO] exp_shallowmodel: ******************** dstc2 - Round 1 
01/04/2018 17:32:00 [INFO] exp_shallowmodel: #(data) = 4583
01/04/2018 17:32:00 [INFO] exp_shallowmodel: #(feature) = 975
01/04/2018 17:32:00 [INFO] exp_shallowmodel: ================================================================================
01/04/2018 17:32:00 [INFO] exp_shallowmodel: LR.pen=l1.C=1.000000
01/04/2018 17:32:00 [INFO] exp_shallowmodel: ________________________________________________________________________________
01/04/2018 17:32:00 [INFO] exp_shallowmodel: Training: 
01/04/2018 17:32:00 [INFO] exp_shallowmodel: LogisticRegression(C=1, class_weight=None, dual=False, fit_intercept=True,
          intercept_scaling=1, max_iter=100, multi_class='ovr', n_jobs=1,
          penalty='l1', random_state=None, solver='liblinear', tol=0.0001,
          verbose=0, warm_start=False)
01/04/2018 17:32:25 [INFO] exp_shallowmodel: train time: 24.552s
01/04/2018 17:32:25 [INFO] exp_shallowmodel: test time:  0.001s
01/04/2018 17:32:25 [INFO] exp_shallowmodel: accuracy:   0.813
01/04/2018 17:32:25 [INFO] exp_shallowmodel: f1_score:   0.693
01/04/2018 17:32:25 [INFO] exp_shallowmodel: classification report:
01/04/2018 17:32:25 [INFO] exp_shallowmodel:              precision    recall  f1-score   support

          A       0.67      0.29      0.40        14
          C       0.74      0.75      0.75       164
          F       0.92      0.92      0.92       268
          R       0.69      0.72      0.71       125

avg / total       0.81      0.81      0.81       571

01/04/2018 17:32:25 [INFO] exp_shallowmodel: confusion matrix:
01/04/2018 17:32:25 [INFO] exp_shallowmodel: 
[[  4   1   5   4]
 [  1 123  11  29]
 [  1  13 247   7]
 [  0  29   6  90]]
01/04/2018 17:32:25 [INFO] exp_shallowmodel: Feature selection of top 100, ranked by LR weights (selectable:non-selectable=19:81)
01/04/2018 17:32:29 [INFO] exp_shallowmodel: %%%%%%%%%%%%%%%%%%%%%%%%%%%%%%%%%%%%%%%%%%%%%%%%%%
01/04/2018 17:32:29 [INFO] exp_shallowmodel:           dataset=dstc3
01/04/2018 17:32:29 [INFO] exp_shallowmodel:           k_feature_to_keep=6
01/04/2018 17:32:29 [INFO] exp_shallowmodel:           X_new.shape=(5934, 975)
01/04/2018 17:32:29 [INFO] exp_shallowmodel:           #(X_selected)=64
01/04/2018 17:32:29 [INFO] exp_shallowmodel:           #(X_not_selectable)=911
01/04/2018 17:32:29 [INFO] exp_shallowmodel: %%%%%%%%%%%%%%%%%%%%%%%%%%%%%%%%%%%%%%%%%%%%%%%%%%
01/04/2018 17:32:29 [INFO] exp_shallowmodel: ******************** dstc3 - Round 0 
01/04/2018 17:32:29 [INFO] exp_shallowmodel: #(data) = 4750
01/04/2018 17:32:29 [INFO] exp_shallowmodel: #(feature) = 975
01/04/2018 17:32:29 [INFO] exp_shallowmodel: ================================================================================
01/04/2018 17:32:29 [INFO] exp_shallowmodel: LR.pen=l1.C=1.000000
01/04/2018 17:32:29 [INFO] exp_shallowmodel: ________________________________________________________________________________
01/04/2018 17:32:29 [INFO] exp_shallowmodel: Training: 
01/04/2018 17:32:29 [INFO] exp_shallowmodel: LogisticRegression(C=1, class_weight=None, dual=False, fit_intercept=True,
          intercept_scaling=1, max_iter=100, multi_class='ovr', n_jobs=1,
          penalty='l1', random_state=None, solver='liblinear', tol=0.0001,
          verbose=0, warm_start=False)
01/04/2018 17:32:59 [INFO] exp_shallowmodel: train time: 29.079s
01/04/2018 17:32:59 [INFO] exp_shallowmodel: test time:  0.001s
01/04/2018 17:32:59 [INFO] exp_shallowmodel: accuracy:   0.819
01/04/2018 17:32:59 [INFO] exp_shallowmodel: f1_score:   0.738
01/04/2018 17:32:59 [INFO] exp_shallowmodel: classification report:
01/04/2018 17:32:59 [INFO] exp_shallowmodel:              precision    recall  f1-score   support

          A       0.71      0.50      0.59        20
          C       0.79      0.83      0.81       169
          F       0.88      0.93      0.90       281
          R       0.70      0.60      0.65       122

avg / total       0.81      0.82      0.81       592

01/04/2018 17:32:59 [INFO] exp_shallowmodel: confusion matrix:
01/04/2018 17:32:59 [INFO] exp_shallowmodel: 
[[ 10   1   9   0]
 [  2 141   9  17]
 [  1   5 261  14]
 [  1  31  17  73]]
01/04/2018 17:32:59 [INFO] exp_shallowmodel: ******************** dstc3 - Round 1 
01/04/2018 17:32:59 [INFO] exp_shallowmodel: #(data) = 4750
01/04/2018 17:32:59 [INFO] exp_shallowmodel: #(feature) = 975
01/04/2018 17:32:59 [INFO] exp_shallowmodel: ================================================================================
01/04/2018 17:32:59 [INFO] exp_shallowmodel: LR.pen=l1.C=1.000000
01/04/2018 17:32:59 [INFO] exp_shallowmodel: ________________________________________________________________________________
01/04/2018 17:32:59 [INFO] exp_shallowmodel: Training: 
01/04/2018 17:32:59 [INFO] exp_shallowmodel: LogisticRegression(C=1, class_weight=None, dual=False, fit_intercept=True,
          intercept_scaling=1, max_iter=100, multi_class='ovr', n_jobs=1,
          penalty='l1', random_state=None, solver='liblinear', tol=0.0001,
          verbose=0, warm_start=False)
01/04/2018 17:33:27 [INFO] exp_shallowmodel: train time: 28.133s
01/04/2018 17:33:27 [INFO] exp_shallowmodel: test time:  0.001s
01/04/2018 17:33:27 [INFO] exp_shallowmodel: accuracy:   0.811
01/04/2018 17:33:27 [INFO] exp_shallowmodel: f1_score:   0.682
01/04/2018 17:33:27 [INFO] exp_shallowmodel: classification report:
01/04/2018 17:33:27 [INFO] exp_shallowmodel:              precision    recall  f1-score   support

          A       0.41      0.35      0.38        20
          C       0.78      0.82      0.80       169
          F       0.88      0.94      0.91       281
          R       0.72      0.57      0.64       122

avg / total       0.80      0.81      0.80       592

01/04/2018 17:33:27 [INFO] exp_shallowmodel: confusion matrix:
01/04/2018 17:33:27 [INFO] exp_shallowmodel: 
[[  7   2   9   2]
 [  3 138  13  15]
 [  2   4 265  10]
 [  5  32  15  70]]
01/04/2018 17:33:27 [INFO] exp_shallowmodel: Feature selection of top 100, ranked by LR weights (selectable:non-selectable=9:91)
01/04/2018 17:33:34 [INFO] exp_shallowmodel: %%%%%%%%%%%%%%%%%%%%%%%%%%%%%%%%%%%%%%%%%%%%%%%%%%
01/04/2018 17:33:34 [INFO] exp_shallowmodel:           dataset=family
01/04/2018 17:33:34 [INFO] exp_shallowmodel:           k_feature_to_keep=6
01/04/2018 17:33:34 [INFO] exp_shallowmodel:           X_new.shape=(3530, 977)
01/04/2018 17:33:34 [INFO] exp_shallowmodel:           #(X_selected)=64
01/04/2018 17:33:34 [INFO] exp_shallowmodel:           #(X_not_selectable)=913
01/04/2018 17:33:34 [INFO] exp_shallowmodel: %%%%%%%%%%%%%%%%%%%%%%%%%%%%%%%%%%%%%%%%%%%%%%%%%%
01/04/2018 17:33:34 [INFO] exp_shallowmodel: ******************** family - Round 0 
01/04/2018 17:33:34 [INFO] exp_shallowmodel: #(data) = 2826
01/04/2018 17:33:34 [INFO] exp_shallowmodel: #(feature) = 977
01/04/2018 17:33:34 [INFO] exp_shallowmodel: ================================================================================
01/04/2018 17:33:34 [INFO] exp_shallowmodel: LR.pen=l1.C=1.000000
01/04/2018 17:33:34 [INFO] exp_shallowmodel: ________________________________________________________________________________
01/04/2018 17:33:34 [INFO] exp_shallowmodel: Training: 
01/04/2018 17:33:34 [INFO] exp_shallowmodel: LogisticRegression(C=1, class_weight=None, dual=False, fit_intercept=True,
          intercept_scaling=1, max_iter=100, multi_class='ovr', n_jobs=1,
          penalty='l1', random_state=None, solver='liblinear', tol=0.0001,
          verbose=0, warm_start=False)
01/04/2018 17:33:43 [INFO] exp_shallowmodel: train time: 8.893s
01/04/2018 17:33:43 [INFO] exp_shallowmodel: test time:  0.001s
01/04/2018 17:33:43 [INFO] exp_shallowmodel: accuracy:   0.835
01/04/2018 17:33:43 [INFO] exp_shallowmodel: f1_score:   0.638
01/04/2018 17:33:43 [INFO] exp_shallowmodel: classification report:
01/04/2018 17:33:43 [INFO] exp_shallowmodel:              precision    recall  f1-score   support

          A       0.53      0.43      0.48        23
          C       0.58      0.41      0.48        27
          F       0.93      0.94      0.94       250
          R       0.62      0.71      0.66        52

avg / total       0.83      0.84      0.83       352

01/04/2018 17:33:43 [INFO] exp_shallowmodel: confusion matrix:
01/04/2018 17:33:43 [INFO] exp_shallowmodel: 
[[ 10   2   9   2]
 [  4  11   1  11]
 [  3   1 236  10]
 [  2   5   8  37]]
01/04/2018 17:33:43 [INFO] exp_shallowmodel: ******************** family - Round 1 
01/04/2018 17:33:43 [INFO] exp_shallowmodel: #(data) = 2826
01/04/2018 17:33:43 [INFO] exp_shallowmodel: #(feature) = 977
01/04/2018 17:33:43 [INFO] exp_shallowmodel: ================================================================================
01/04/2018 17:33:43 [INFO] exp_shallowmodel: LR.pen=l1.C=1.000000
01/04/2018 17:33:43 [INFO] exp_shallowmodel: ________________________________________________________________________________
01/04/2018 17:33:43 [INFO] exp_shallowmodel: Training: 
01/04/2018 17:33:43 [INFO] exp_shallowmodel: LogisticRegression(C=1, class_weight=None, dual=False, fit_intercept=True,
          intercept_scaling=1, max_iter=100, multi_class='ovr', n_jobs=1,
          penalty='l1', random_state=None, solver='liblinear', tol=0.0001,
          verbose=0, warm_start=False)
01/04/2018 17:33:54 [INFO] exp_shallowmodel: train time: 10.482s
01/04/2018 17:33:54 [INFO] exp_shallowmodel: test time:  0.001s
01/04/2018 17:33:54 [INFO] exp_shallowmodel: accuracy:   0.855
01/04/2018 17:33:54 [INFO] exp_shallowmodel: f1_score:   0.688
01/04/2018 17:33:54 [INFO] exp_shallowmodel: classification report:
01/04/2018 17:33:54 [INFO] exp_shallowmodel:              precision    recall  f1-score   support

          A       0.47      0.30      0.37        23
          C       0.78      0.78      0.78        27
          F       0.93      0.95      0.94       250
          R       0.66      0.67      0.67        52

avg / total       0.85      0.86      0.85       352

01/04/2018 17:33:54 [INFO] exp_shallowmodel: confusion matrix:
01/04/2018 17:33:54 [INFO] exp_shallowmodel: 
[[  7   3   6   7]
 [  1  21   1   4]
 [  5   0 238   7]
 [  2   3  12  35]]
01/04/2018 17:33:54 [INFO] exp_shallowmodel: Feature selection of top 100, ranked by LR weights (selectable:non-selectable=13:87)
01/04/2018 17:34:03 [INFO] exp_shallowmodel: %%%%%%%%%%%%%%%%%%%%%%%%%%%%%%%%%%%%%%%%%%%%%%%%%%
01/04/2018 17:34:03 [INFO] exp_shallowmodel:           dataset=ghome
01/04/2018 17:34:03 [INFO] exp_shallowmodel:           k_feature_to_keep=6
01/04/2018 17:34:03 [INFO] exp_shallowmodel:           X_new.shape=(5241, 976)
01/04/2018 17:34:03 [INFO] exp_shallowmodel:           #(X_selected)=64
01/04/2018 17:34:03 [INFO] exp_shallowmodel:           #(X_not_selectable)=912
01/04/2018 17:34:03 [INFO] exp_shallowmodel: %%%%%%%%%%%%%%%%%%%%%%%%%%%%%%%%%%%%%%%%%%%%%%%%%%
01/04/2018 17:34:03 [INFO] exp_shallowmodel: ******************** ghome - Round 0 
01/04/2018 17:34:03 [INFO] exp_shallowmodel: #(data) = 4197
01/04/2018 17:34:03 [INFO] exp_shallowmodel: #(feature) = 976
01/04/2018 17:34:03 [INFO] exp_shallowmodel: ================================================================================
01/04/2018 17:34:03 [INFO] exp_shallowmodel: LR.pen=l1.C=1.000000
01/04/2018 17:34:03 [INFO] exp_shallowmodel: ________________________________________________________________________________
01/04/2018 17:34:03 [INFO] exp_shallowmodel: Training: 
01/04/2018 17:34:03 [INFO] exp_shallowmodel: LogisticRegression(C=1, class_weight=None, dual=False, fit_intercept=True,
          intercept_scaling=1, max_iter=100, multi_class='ovr', n_jobs=1,
          penalty='l1', random_state=None, solver='liblinear', tol=0.0001,
          verbose=0, warm_start=False)
01/04/2018 17:34:29 [INFO] exp_shallowmodel: train time: 26.188s
01/04/2018 17:34:29 [INFO] exp_shallowmodel: test time:  0.001s
01/04/2018 17:34:29 [INFO] exp_shallowmodel: accuracy:   0.870
01/04/2018 17:34:29 [INFO] exp_shallowmodel: f1_score:   0.621
01/04/2018 17:34:29 [INFO] exp_shallowmodel: classification report:
01/04/2018 17:34:29 [INFO] exp_shallowmodel:              precision    recall  f1-score   support

          A       0.64      0.54      0.59        59
          C       0.50      0.25      0.33        12
          F       0.93      0.97      0.95       396
          R       0.62      0.60      0.61        55

avg / total       0.86      0.87      0.86       522

01/04/2018 17:34:29 [INFO] exp_shallowmodel: confusion matrix:
01/04/2018 17:34:29 [INFO] exp_shallowmodel: 
[[ 32   1  12  14]
 [  3   3   5   1]
 [  4   1 386   5]
 [ 11   1  10  33]]
01/04/2018 17:34:30 [INFO] exp_shallowmodel: ******************** ghome - Round 1 
01/04/2018 17:34:30 [INFO] exp_shallowmodel: #(data) = 4197
01/04/2018 17:34:30 [INFO] exp_shallowmodel: #(feature) = 976
01/04/2018 17:34:30 [INFO] exp_shallowmodel: ================================================================================
01/04/2018 17:34:30 [INFO] exp_shallowmodel: LR.pen=l1.C=1.000000
01/04/2018 17:34:30 [INFO] exp_shallowmodel: ________________________________________________________________________________
01/04/2018 17:34:30 [INFO] exp_shallowmodel: Training: 
01/04/2018 17:34:30 [INFO] exp_shallowmodel: LogisticRegression(C=1, class_weight=None, dual=False, fit_intercept=True,
          intercept_scaling=1, max_iter=100, multi_class='ovr', n_jobs=1,
          penalty='l1', random_state=None, solver='liblinear', tol=0.0001,
          verbose=0, warm_start=False)
01/04/2018 17:34:53 [INFO] exp_shallowmodel: train time: 23.616s
01/04/2018 17:34:53 [INFO] exp_shallowmodel: test time:  0.001s
01/04/2018 17:34:53 [INFO] exp_shallowmodel: accuracy:   0.866
01/04/2018 17:34:53 [INFO] exp_shallowmodel: f1_score:   0.613
01/04/2018 17:34:53 [INFO] exp_shallowmodel: classification report:
01/04/2018 17:34:53 [INFO] exp_shallowmodel:              precision    recall  f1-score   support

          A       0.64      0.58      0.61        59
          C       0.38      0.25      0.30        12
          F       0.94      0.97      0.95       396
          R       0.60      0.58      0.59        55

avg / total       0.86      0.87      0.86       522

01/04/2018 17:34:53 [INFO] exp_shallowmodel: confusion matrix:
01/04/2018 17:34:53 [INFO] exp_shallowmodel: 
[[ 34   1  10  14]
 [  3   3   4   2]
 [  6   2 383   5]
 [ 10   2  11  32]]
01/04/2018 17:34:54 [INFO] exp_shallowmodel: Feature selection of top 100, ranked by LR weights (selectable:non-selectable=9:91)
