python -m dialogue.classify.task_runner -selected_feature_set_id 1 -selected_context_id 0
No. of param settings = 1
[('selected_feature_set_id', 1), ('selected_context_id', 0), ('similarity_feature', False), ('deep_model', False)]
12/01/2017 15:01:07 [INFO] configuration: corenlp_jars  :   ('/Users/memray/Project/stanford/stanford-corenlp-full-3.8.0/*', '/Users/memray/Project/stanford/stanford-corenlp-full-3.8.0/stanford-english-kbp-corenlp-2017-06-09-models.jar')
12/01/2017 15:01:07 [INFO] configuration: num_word_keep  :   {'family': 1000, 'ghome': 1000, 'dstc2': 300, 'dstc3': 300}
12/01/2017 15:01:07 [INFO] configuration: selected_feature_set_id  :   1
12/01/2017 15:01:07 [INFO] configuration: task_name  :   utterance_type
12/01/2017 15:01:07 [INFO] configuration: seed  :   154316847
12/01/2017 15:01:07 [INFO] configuration: data_names  :   ['dstc2', 'dstc3', 'family', 'ghome']
12/01/2017 15:01:07 [INFO] configuration: #cross_validation  :   10
12/01/2017 15:01:07 [INFO] configuration: utterance_names  :   ['last_user_utterance', 'last_system_utterance', 'current_user_utterance', 'next_system_utterance', 'next_user_utterance']
12/01/2017 15:01:07 [INFO] configuration: w2v_vector_length  :   300
12/01/2017 15:01:07 [INFO] configuration: lstm_setting  :   {'clip_grad_norm': 2, 'embedding_size': 300, 'class_size': 4, 'learning_rate': 0.001, 'model': 'non-static', 'norm_limit': 2, 'bidirectional': False, 'hidden_size': 32, 'dropout_prob': 0.1, 'num_layers': 1}
12/01/2017 15:01:07 [INFO] configuration: similarity_feature  :   False
12/01/2017 15:01:07 [INFO] configuration: root_path  :   /ihome/pbrusilosky/rum20/y_classify
12/01/2017 15:01:07 [INFO] configuration: gensim_corpus_path  :   /ihome/pbrusilosky/rum20/y_classify/dataset/feature/gensim/%s.corpus.pkl
12/01/2017 15:01:07 [INFO] configuration: d2v_model_path  :   /ihome/pbrusilosky/rum20/y_classify/dataset/feature/gensim/%s.doc2vec.dim=300.window=5.min_count=2.model
12/01/2017 15:01:07 [INFO] configuration: action_words  :   {'member', 'turn', 'snooz', 'else', 'telephone', 'delet', 'volum', 'post', 'snooze', 'moderate', 'music', 'findcare', 'delete', 'clear', 'reminders', 'show', 'stop', 'play', 'temperature', 'alarm', 'cast', 'findcar', 'remove', 'tell', 'discard', 'start', 'time', 'temperatur', 'help', 'weather', 'number', 'item', 'volume', 'skip', 'light', 'south', 'phone', 'list', 'add', 'expens', 'share', 'song', 'any', 'address', 'room', 'remov', 'els', 'telephon', 'area', 'watch', 'centr', 'food', 'shuffl', 'ani', 'video', 'part', 'items', 'reminder', 'timer', 'price', 'shuffle', 'next', 'reminds', 'moder', 'expensive', 'cheap', 'north', 'matter', 'centre', 'remind'}
12/01/2017 15:01:07 [INFO] configuration: log_path  :   /ihome/pbrusilosky/rum20/y_classify/output/20171201-150107.context=next.feature=1-basic.similarity=false/output.log
12/01/2017 15:01:07 [INFO] configuration: gensim_dict_path  :   /ihome/pbrusilosky/rum20/y_classify/dataset/feature/gensim/%s.dict
12/01/2017 15:01:07 [INFO] configuration: batch_size  :   128
12/01/2017 15:01:07 [INFO] configuration: do_cross_validation  :   True
12/01/2017 15:01:07 [INFO] configuration: valid_type  :   {'A', 'R', 'C', 'F'}
12/01/2017 15:01:07 [INFO] configuration: experiment_mode  :   single_run_context_feature
12/01/2017 15:01:07 [INFO] configuration: pipeline_path  :   /ihome/pbrusilosky/rum20/y_classify/dataset/feature/%s.pipeline.pkl
12/01/2017 15:01:07 [INFO] configuration: utterance_range  :   ['current_user_utterance', 'next_system_utterance', 'next_user_utterance']
12/01/2017 15:01:07 [INFO] configuration: extracted_feature_path  :   /ihome/pbrusilosky/rum20/y_classify/dataset/feature/%s.extracted_feature.pkl
12/01/2017 15:01:07 [INFO] configuration: experiment_path  :   /ihome/pbrusilosky/rum20/y_classify/output/20171201-150107.context=next.feature=1-basic.similarity=false
12/01/2017 15:01:07 [INFO] configuration: d2v_window_size  :   5
12/01/2017 15:01:07 [INFO] configuration: d2v_min_count  :   2
12/01/2017 15:01:07 [INFO] configuration: selected_context_id  :   0
12/01/2017 15:01:07 [INFO] configuration: cnn_setting  :   {'FILTERS': [3, 4, 5], 'BATCH_SIZE': 128, 'CLASS_SIZE': 4, 'DROPOUT_PROB': 0.5, 'FILTER_NUM': [100, 100, 100], 'NORM_LIMIT': 10, 'MODEL': 'multichannel', 'WORD_DIM': 300, 'EARLY_STOPPING': True, 'LEARNING_RATE': 0.001}
12/01/2017 15:01:07 [INFO] configuration: lda_topic_number  :   50
12/01/2017 15:01:07 [INFO] configuration: w2v_path  :   /Users/memray/Data/glove/GoogleNews-vectors-negative300.bin
12/01/2017 15:01:07 [INFO] configuration: data_name  :   
12/01/2017 15:01:07 [INFO] configuration: raw_feature_path  :   /ihome/pbrusilosky/rum20/y_classify/dataset/feature/%s.raw_feature.pkl
12/01/2017 15:01:07 [INFO] configuration: max_epoch  :   50
12/01/2017 15:01:07 [INFO] configuration: concat_sents  :   True
12/01/2017 15:01:07 [INFO] configuration: skipthought_setting  :   {'skipthought_model_path': '/Users/memray/Data/skip-thought', 'fixed_emb': True, 'class_size': 4, 'learning_rate': 0.0001, 'norm_limit': 3, 'skipthought_data_path': '/ihome/pbrusilosky/rum20/y_classify/dataset/feature/gensim/%s.skip-thought.biskip.vector', 'sentence_num': 3, 'dropout_prob': 0.5, 'hidden_size': 2400}
12/01/2017 15:01:07 [INFO] configuration: early_stop_tolerance  :   2
12/01/2017 15:01:07 [INFO] configuration: context_set  :   next
12/01/2017 15:01:07 [INFO] configuration: metrics  :   ['accuracy', 'precision', 'recall', 'f1_score', 'training_time', 'test_time']
12/01/2017 15:01:07 [INFO] configuration: feature_set  :   1-basic
12/01/2017 15:01:07 [INFO] configuration: lda_path  :   /ihome/pbrusilosky/rum20/y_classify/dataset/feature/gensim/%s.topic=50.lda.pkl
12/01/2017 15:01:07 [INFO] configuration: feature_set_number  :   ['1', '2', '3']
12/01/2017 15:01:07 [INFO] configuration: d2v_vector_length  :   300
12/01/2017 15:01:07 [INFO] configuration: #division  :   5
12/01/2017 15:01:07 [INFO] configuration: timemark  :   20171201-150107
12/01/2017 15:01:07 [INFO] configuration: deep_model  :   False
12/01/2017 15:01:07 [INFO] configuration: experiment_name  :   20171201-150107.context=next.feature=1-basic.similarity=false
12/01/2017 15:01:07 [INFO] configuration: cv_index_cache_path  :   
12/01/2017 15:01:07 [INFO] configuration: d2v_vector_path  :   /ihome/pbrusilosky/rum20/y_classify/dataset/feature/gensim/%s.doc2vec.dim=300.window=5.min_count=2.vector
12/01/2017 15:01:10 [INFO] exp_shallowmodel: ******************** dstc2 - Round 0 
12/01/2017 15:01:14 [INFO] exp_shallowmodel: ================================================================================
12/01/2017 15:01:14 [INFO] exp_shallowmodel: LinearSVC.pen=l1, C=0.062500
12/01/2017 15:01:14 [INFO] exp_shallowmodel: ________________________________________________________________________________
12/01/2017 15:01:14 [INFO] exp_shallowmodel: Training: 
12/01/2017 15:01:14 [INFO] exp_shallowmodel: OneVsRestClassifier(estimator=LinearSVC(C=0.0625, class_weight=None, dual=False, fit_intercept=True,
     intercept_scaling=1, loss='squared_hinge', max_iter=1000,
     multi_class='ovr', penalty='l1', random_state=None, tol=0.001,
     verbose=0),
          n_jobs=-1)
/ihome/pbrusilosky/rum20/.conda/envs/py35/lib/python3.5/site-packages/sklearn/preprocessing/data.py:164: UserWarning: Numerical issues were encountered when centering the data and might not be solved. Dataset may contain too large values. You may need to prescale your features.
  warnings.warn("Numerical issues were encountered "
/ihome/pbrusilosky/rum20/.conda/envs/py35/lib/python3.5/site-packages/sklearn/preprocessing/data.py:169: RuntimeWarning: invalid value encountered in subtract
  Xr -= mean_1
/ihome/pbrusilosky/rum20/.conda/envs/py35/lib/python3.5/site-packages/sklearn/preprocessing/data.py:181: UserWarning: Numerical issues were encountered when scaling the data and might not be solved. The standard deviation of the data is probably very close to 0. 
  warnings.warn("Numerical issues were encountered "
slurmstepd: error: Step 932790.0 exceeded memory limit (240616748 > 32776192), being killed
slurmstepd: error: Exceeded job memory limit
slurmstepd: error: *** STEP 932790.0 ON smp-n24 CANCELLED AT 2017-12-01T15:01:19 ***
srun: Job step aborted: Waiting up to 32 seconds for job step to finish.
srun: error: smp-n24: task 0: Killed
python -m dialogue.classify.task_runner -selected_feature_set_id 2 -selected_context_id 0
No. of param settings = 1
[('selected_feature_set_id', 2), ('similarity_feature', False), ('selected_context_id', 0), ('deep_model', False)]
12/01/2017 15:01:38 [INFO] configuration: lstm_setting  :   {'norm_limit': 2, 'hidden_size': 32, 'class_size': 4, 'bidirectional': False, 'model': 'non-static', 'clip_grad_norm': 2, 'dropout_prob': 0.1, 'embedding_size': 300, 'learning_rate': 0.001, 'num_layers': 1}
12/01/2017 15:01:38 [INFO] configuration: w2v_path  :   /Users/memray/Data/glove/GoogleNews-vectors-negative300.bin
12/01/2017 15:01:38 [INFO] configuration: extracted_feature_path  :   /ihome/pbrusilosky/rum20/y_classify/dataset/feature/%s.extracted_feature.pkl
12/01/2017 15:01:38 [INFO] configuration: w2v_vector_length  :   300
12/01/2017 15:01:38 [INFO] configuration: similarity_feature  :   False
12/01/2017 15:01:38 [INFO] configuration: deep_model  :   False
12/01/2017 15:01:38 [INFO] configuration: do_cross_validation  :   True
12/01/2017 15:01:38 [INFO] configuration: #division  :   5
12/01/2017 15:01:38 [INFO] configuration: num_word_keep  :   {'dstc3': 300, 'family': 1000, 'ghome': 1000, 'dstc2': 300}
12/01/2017 15:01:38 [INFO] configuration: gensim_dict_path  :   /ihome/pbrusilosky/rum20/y_classify/dataset/feature/gensim/%s.dict
12/01/2017 15:01:38 [INFO] configuration: gensim_corpus_path  :   /ihome/pbrusilosky/rum20/y_classify/dataset/feature/gensim/%s.corpus.pkl
12/01/2017 15:01:38 [INFO] configuration: d2v_vector_length  :   300
12/01/2017 15:01:38 [INFO] configuration: root_path  :   /ihome/pbrusilosky/rum20/y_classify
12/01/2017 15:01:38 [INFO] configuration: lda_path  :   /ihome/pbrusilosky/rum20/y_classify/dataset/feature/gensim/%s.topic=50.lda.pkl
12/01/2017 15:01:38 [INFO] configuration: task_name  :   utterance_type
12/01/2017 15:01:38 [INFO] configuration: action_words  :   {'song', 'volume', 'tell', 'light', 'food', 'stop', 'add', 'delete', 'reminder', 'cast', 'price', 'part', 'centre', 'reminders', 'start', 'skip', 'time', 'discard', 'room', 'volum', 'alarm', 'expensive', 'snooz', 'share', 'matter', 'telephon', 'turn', 'south', 'items', 'any', 'else', 'address', 'clear', 'music', 'play', 'shuffl', 'remove', 'telephone', 'item', 'ani', 'findcar', 'remov', 'remind', 'temperature', 'next', 'video', 'delet', 'reminds', 'post', 'els', 'help', 'phone', 'moder', 'expens', 'watch', 'list', 'show', 'weather', 'temperatur', 'centr', 'north', 'timer', 'snooze', 'member', 'area', 'cheap', 'moderate', 'number', 'findcare', 'shuffle'}
12/01/2017 15:01:38 [INFO] configuration: seed  :   154316847
12/01/2017 15:01:38 [INFO] configuration: concat_sents  :   True
12/01/2017 15:01:38 [INFO] configuration: valid_type  :   {'F', 'R', 'A', 'C'}
12/01/2017 15:01:38 [INFO] configuration: experiment_path  :   /ihome/pbrusilosky/rum20/y_classify/output/20171201-150138.context=next.feature=2-lexical.similarity=false
12/01/2017 15:01:38 [INFO] configuration: utterance_range  :   ['current_user_utterance', 'next_system_utterance', 'next_user_utterance']
12/01/2017 15:01:38 [INFO] configuration: d2v_window_size  :   5
12/01/2017 15:01:38 [INFO] configuration: data_names  :   ['dstc2', 'dstc3', 'family', 'ghome']
12/01/2017 15:01:38 [INFO] configuration: utterance_names  :   ['last_user_utterance', 'last_system_utterance', 'current_user_utterance', 'next_system_utterance', 'next_user_utterance']
12/01/2017 15:01:38 [INFO] configuration: max_epoch  :   50
12/01/2017 15:01:38 [INFO] configuration: lda_topic_number  :   50
12/01/2017 15:01:38 [INFO] configuration: d2v_vector_path  :   /ihome/pbrusilosky/rum20/y_classify/dataset/feature/gensim/%s.doc2vec.dim=300.window=5.min_count=2.vector
12/01/2017 15:01:38 [INFO] configuration: experiment_name  :   20171201-150138.context=next.feature=2-lexical.similarity=false
12/01/2017 15:01:38 [INFO] configuration: #cross_validation  :   10
12/01/2017 15:01:38 [INFO] configuration: log_path  :   /ihome/pbrusilosky/rum20/y_classify/output/20171201-150138.context=next.feature=2-lexical.similarity=false/output.log
12/01/2017 15:01:38 [INFO] configuration: context_set  :   next
12/01/2017 15:01:38 [INFO] configuration: corenlp_jars  :   ('/Users/memray/Project/stanford/stanford-corenlp-full-3.8.0/*', '/Users/memray/Project/stanford/stanford-corenlp-full-3.8.0/stanford-english-kbp-corenlp-2017-06-09-models.jar')
12/01/2017 15:01:38 [INFO] configuration: selected_context_id  :   0
12/01/2017 15:01:38 [INFO] configuration: cv_index_cache_path  :   
12/01/2017 15:01:38 [INFO] configuration: skipthought_setting  :   {'norm_limit': 3, 'hidden_size': 2400, 'class_size': 4, 'skipthought_data_path': '/ihome/pbrusilosky/rum20/y_classify/dataset/feature/gensim/%s.skip-thought.biskip.vector', 'fixed_emb': True, 'dropout_prob': 0.5, 'skipthought_model_path': '/Users/memray/Data/skip-thought', 'sentence_num': 3, 'learning_rate': 0.0001}
12/01/2017 15:01:38 [INFO] configuration: experiment_mode  :   single_run_context_feature
12/01/2017 15:01:38 [INFO] configuration: d2v_model_path  :   /ihome/pbrusilosky/rum20/y_classify/dataset/feature/gensim/%s.doc2vec.dim=300.window=5.min_count=2.model
12/01/2017 15:01:38 [INFO] configuration: metrics  :   ['accuracy', 'precision', 'recall', 'f1_score', 'training_time', 'test_time']
12/01/2017 15:01:38 [INFO] configuration: early_stop_tolerance  :   2
12/01/2017 15:01:38 [INFO] configuration: pipeline_path  :   /ihome/pbrusilosky/rum20/y_classify/dataset/feature/%s.pipeline.pkl
12/01/2017 15:01:38 [INFO] configuration: timemark  :   20171201-150138
12/01/2017 15:01:38 [INFO] configuration: raw_feature_path  :   /ihome/pbrusilosky/rum20/y_classify/dataset/feature/%s.raw_feature.pkl
12/01/2017 15:01:38 [INFO] configuration: data_name  :   
12/01/2017 15:01:38 [INFO] configuration: selected_feature_set_id  :   2
12/01/2017 15:01:38 [INFO] configuration: d2v_min_count  :   2
12/01/2017 15:01:38 [INFO] configuration: cnn_setting  :   {'NORM_LIMIT': 10, 'LEARNING_RATE': 0.001, 'BATCH_SIZE': 128, 'WORD_DIM': 300, 'EARLY_STOPPING': True, 'MODEL': 'multichannel', 'FILTERS': [3, 4, 5], 'CLASS_SIZE': 4, 'FILTER_NUM': [100, 100, 100], 'DROPOUT_PROB': 0.5}
12/01/2017 15:01:38 [INFO] configuration: feature_set_number  :   ['4']
12/01/2017 15:01:38 [INFO] configuration: batch_size  :   128
12/01/2017 15:01:38 [INFO] configuration: feature_set  :   2-lexical
12/01/2017 15:01:41 [INFO] exp_shallowmodel: ******************** dstc2 - Round 0 
12/01/2017 15:01:45 [INFO] exp_shallowmodel: ================================================================================
12/01/2017 15:01:45 [INFO] exp_shallowmodel: LinearSVC.pen=l1, C=0.062500
12/01/2017 15:01:45 [INFO] exp_shallowmodel: ________________________________________________________________________________
12/01/2017 15:01:45 [INFO] exp_shallowmodel: Training: 
12/01/2017 15:01:45 [INFO] exp_shallowmodel: OneVsRestClassifier(estimator=LinearSVC(C=0.0625, class_weight=None, dual=False, fit_intercept=True,
     intercept_scaling=1, loss='squared_hinge', max_iter=1000,
     multi_class='ovr', penalty='l1', random_state=None, tol=0.001,
     verbose=0),
          n_jobs=-1)
/ihome/pbrusilosky/rum20/.conda/envs/py35/lib/python3.5/site-packages/sklearn/preprocessing/data.py:164: UserWarning: Numerical issues were encountered when centering the data and might not be solved. Dataset may contain too large values. You may need to prescale your features.
  warnings.warn("Numerical issues were encountered "
/ihome/pbrusilosky/rum20/.conda/envs/py35/lib/python3.5/site-packages/sklearn/preprocessing/data.py:169: RuntimeWarning: invalid value encountered in subtract
  Xr -= mean_1
/ihome/pbrusilosky/rum20/.conda/envs/py35/lib/python3.5/site-packages/sklearn/preprocessing/data.py:181: UserWarning: Numerical issues were encountered when scaling the data and might not be solved. The standard deviation of the data is probably very close to 0. 
  warnings.warn("Numerical issues were encountered "
slurmstepd: error: Step 932790.1 exceeded memory limit (238572452 > 32776192), being killed
slurmstepd: error: Exceeded job memory limit
slurmstepd: error: *** STEP 932790.1 ON smp-n24 CANCELLED AT 2017-12-01T15:01:50 ***
srun: Job step aborted: Waiting up to 32 seconds for job step to finish.
srun: error: smp-n24: task 0: Killed
python -m dialogue.classify.task_runner -selected_feature_set_id 3 -selected_context_id 0
No. of param settings = 1
[('similarity_feature', False), ('deep_model', False), ('selected_context_id', 0), ('selected_feature_set_id', 3)]
12/01/2017 15:02:10 [INFO] configuration: seed  :   154316847
12/01/2017 15:02:10 [INFO] configuration: lda_topic_number  :   50
12/01/2017 15:02:10 [INFO] configuration: extracted_feature_path  :   /ihome/pbrusilosky/rum20/y_classify/dataset/feature/%s.extracted_feature.pkl
12/01/2017 15:02:10 [INFO] configuration: skipthought_setting  :   {'learning_rate': 0.0001, 'skipthought_data_path': '/ihome/pbrusilosky/rum20/y_classify/dataset/feature/gensim/%s.skip-thought.biskip.vector', 'dropout_prob': 0.5, 'hidden_size': 2400, 'class_size': 4, 'norm_limit': 3, 'skipthought_model_path': '/Users/memray/Data/skip-thought', 'fixed_emb': True, 'sentence_num': 3}
12/01/2017 15:02:10 [INFO] configuration: d2v_window_size  :   5
12/01/2017 15:02:10 [INFO] configuration: lda_path  :   /ihome/pbrusilosky/rum20/y_classify/dataset/feature/gensim/%s.topic=50.lda.pkl
12/01/2017 15:02:10 [INFO] configuration: utterance_names  :   ['last_user_utterance', 'last_system_utterance', 'current_user_utterance', 'next_system_utterance', 'next_user_utterance']
12/01/2017 15:02:10 [INFO] configuration: early_stop_tolerance  :   2
12/01/2017 15:02:10 [INFO] configuration: valid_type  :   {'A', 'R', 'F', 'C'}
12/01/2017 15:02:10 [INFO] configuration: context_set  :   next
12/01/2017 15:02:10 [INFO] configuration: selected_feature_set_id  :   3
12/01/2017 15:02:10 [INFO] configuration: pipeline_path  :   /ihome/pbrusilosky/rum20/y_classify/dataset/feature/%s.pipeline.pkl
12/01/2017 15:02:10 [INFO] configuration: max_epoch  :   50
12/01/2017 15:02:10 [INFO] configuration: timemark  :   20171201-150210
12/01/2017 15:02:10 [INFO] configuration: #division  :   5
12/01/2017 15:02:10 [INFO] configuration: log_path  :   /ihome/pbrusilosky/rum20/y_classify/output/20171201-150210.context=next.feature=3-phrasal.similarity=false/output.log
12/01/2017 15:02:10 [INFO] configuration: feature_set_number  :   ['5', '6']
12/01/2017 15:02:10 [INFO] configuration: w2v_vector_length  :   300
12/01/2017 15:02:10 [INFO] configuration: raw_feature_path  :   /ihome/pbrusilosky/rum20/y_classify/dataset/feature/%s.raw_feature.pkl
12/01/2017 15:02:10 [INFO] configuration: root_path  :   /ihome/pbrusilosky/rum20/y_classify
12/01/2017 15:02:10 [INFO] configuration: gensim_dict_path  :   /ihome/pbrusilosky/rum20/y_classify/dataset/feature/gensim/%s.dict
12/01/2017 15:02:10 [INFO] configuration: lstm_setting  :   {'learning_rate': 0.001, 'class_size': 4, 'dropout_prob': 0.1, 'hidden_size': 32, 'model': 'non-static', 'embedding_size': 300, 'norm_limit': 2, 'bidirectional': False, 'num_layers': 1, 'clip_grad_norm': 2}
12/01/2017 15:02:10 [INFO] configuration: num_word_keep  :   {'dstc3': 300, 'dstc2': 300, 'family': 1000, 'ghome': 1000}
12/01/2017 15:02:10 [INFO] configuration: utterance_range  :   ['current_user_utterance', 'next_system_utterance', 'next_user_utterance']
12/01/2017 15:02:10 [INFO] configuration: d2v_min_count  :   2
12/01/2017 15:02:10 [INFO] configuration: do_cross_validation  :   True
12/01/2017 15:02:10 [INFO] configuration: corenlp_jars  :   ('/Users/memray/Project/stanford/stanford-corenlp-full-3.8.0/*', '/Users/memray/Project/stanford/stanford-corenlp-full-3.8.0/stanford-english-kbp-corenlp-2017-06-09-models.jar')
12/01/2017 15:02:10 [INFO] configuration: deep_model  :   False
12/01/2017 15:02:10 [INFO] configuration: batch_size  :   128
12/01/2017 15:02:10 [INFO] configuration: selected_context_id  :   0
12/01/2017 15:02:10 [INFO] configuration: experiment_path  :   /ihome/pbrusilosky/rum20/y_classify/output/20171201-150210.context=next.feature=3-phrasal.similarity=false
12/01/2017 15:02:10 [INFO] configuration: metrics  :   ['accuracy', 'precision', 'recall', 'f1_score', 'training_time', 'test_time']
12/01/2017 15:02:10 [INFO] configuration: experiment_name  :   20171201-150210.context=next.feature=3-phrasal.similarity=false
12/01/2017 15:02:10 [INFO] configuration: feature_set  :   3-phrasal
12/01/2017 15:02:10 [INFO] configuration: cnn_setting  :   {'NORM_LIMIT': 10, 'DROPOUT_PROB': 0.5, 'CLASS_SIZE': 4, 'MODEL': 'multichannel', 'EARLY_STOPPING': True, 'FILTER_NUM': [100, 100, 100], 'FILTERS': [3, 4, 5], 'BATCH_SIZE': 128, 'LEARNING_RATE': 0.001, 'WORD_DIM': 300}
12/01/2017 15:02:10 [INFO] configuration: #cross_validation  :   10
12/01/2017 15:02:10 [INFO] configuration: d2v_model_path  :   /ihome/pbrusilosky/rum20/y_classify/dataset/feature/gensim/%s.doc2vec.dim=300.window=5.min_count=2.model
12/01/2017 15:02:10 [INFO] configuration: data_names  :   ['dstc2', 'dstc3', 'family', 'ghome']
12/01/2017 15:02:10 [INFO] configuration: task_name  :   utterance_type
12/01/2017 15:02:10 [INFO] configuration: d2v_vector_length  :   300
12/01/2017 15:02:10 [INFO] configuration: data_name  :   
12/01/2017 15:02:10 [INFO] configuration: action_words  :   {'next', 'volume', 'ani', 'findcar', 'else', 'remov', 'share', 'matter', 'price', 'address', 'music', 'els', 'moderate', 'centre', 'food', 'north', 'volum', 'centr', 'temperatur', 'delete', 'area', 'snooz', 'skip', 'delet', 'items', 'list', 'reminds', 'part', 'expensive', 'add', 'cast', 'moder', 'findcare', 'clear', 'stop', 'play', 'phone', 'video', 'start', 'room', 'post', 'telephone', 'discard', 'remove', 'help', 'shuffle', 'cheap', 'expens', 'number', 'reminder', 'member', 'remind', 'watch', 'song', 'any', 'show', 'weather', 'light', 'item', 'temperature', 'telephon', 'snooze', 'reminders', 'shuffl', 'turn', 'south', 'tell', 'alarm', 'timer', 'time'}
12/01/2017 15:02:10 [INFO] configuration: cv_index_cache_path  :   
12/01/2017 15:02:10 [INFO] configuration: experiment_mode  :   single_run_context_feature
12/01/2017 15:02:10 [INFO] configuration: concat_sents  :   True
12/01/2017 15:02:10 [INFO] configuration: similarity_feature  :   False
12/01/2017 15:02:10 [INFO] configuration: d2v_vector_path  :   /ihome/pbrusilosky/rum20/y_classify/dataset/feature/gensim/%s.doc2vec.dim=300.window=5.min_count=2.vector
12/01/2017 15:02:10 [INFO] configuration: gensim_corpus_path  :   /ihome/pbrusilosky/rum20/y_classify/dataset/feature/gensim/%s.corpus.pkl
12/01/2017 15:02:10 [INFO] configuration: w2v_path  :   /Users/memray/Data/glove/GoogleNews-vectors-negative300.bin
12/01/2017 15:02:12 [INFO] exp_shallowmodel: ******************** dstc2 - Round 0 
12/01/2017 15:02:16 [INFO] exp_shallowmodel: ================================================================================
12/01/2017 15:02:16 [INFO] exp_shallowmodel: LinearSVC.pen=l1, C=0.062500
12/01/2017 15:02:16 [INFO] exp_shallowmodel: ________________________________________________________________________________
12/01/2017 15:02:16 [INFO] exp_shallowmodel: Training: 
12/01/2017 15:02:16 [INFO] exp_shallowmodel: OneVsRestClassifier(estimator=LinearSVC(C=0.0625, class_weight=None, dual=False, fit_intercept=True,
     intercept_scaling=1, loss='squared_hinge', max_iter=1000,
     multi_class='ovr', penalty='l1', random_state=None, tol=0.001,
     verbose=0),
          n_jobs=-1)
/ihome/pbrusilosky/rum20/.conda/envs/py35/lib/python3.5/site-packages/sklearn/preprocessing/data.py:164: UserWarning: Numerical issues were encountered when centering the data and might not be solved. Dataset may contain too large values. You may need to prescale your features.
  warnings.warn("Numerical issues were encountered "
/ihome/pbrusilosky/rum20/.conda/envs/py35/lib/python3.5/site-packages/sklearn/preprocessing/data.py:169: RuntimeWarning: invalid value encountered in subtract
  Xr -= mean_1
/ihome/pbrusilosky/rum20/.conda/envs/py35/lib/python3.5/site-packages/sklearn/preprocessing/data.py:181: UserWarning: Numerical issues were encountered when scaling the data and might not be solved. The standard deviation of the data is probably very close to 0. 
  warnings.warn("Numerical issues were encountered "
slurmstepd: error: Exceeded job memory limit
slurmstepd: error: Step 932790.2 exceeded memory limit (238398508 > 32776192), being killed
slurmstepd: error: *** STEP 932790.2 ON smp-n24 CANCELLED AT 2017-12-01T15:02:21 ***
srun: Job step aborted: Waiting up to 32 seconds for job step to finish.
srun: error: smp-n24: task 0: Killed
python -m dialogue.classify.task_runner -selected_feature_set_id 4 -selected_context_id 0
No. of param settings = 1
[('similarity_feature', False), ('deep_model', False), ('selected_context_id', 0), ('selected_feature_set_id', 4)]
12/01/2017 15:02:40 [INFO] configuration: feature_set_number  :   ['7']
12/01/2017 15:02:40 [INFO] configuration: deep_model  :   False
12/01/2017 15:02:40 [INFO] configuration: d2v_vector_length  :   300
12/01/2017 15:02:40 [INFO] configuration: data_name  :   
12/01/2017 15:02:40 [INFO] configuration: selected_feature_set_id  :   4
12/01/2017 15:02:40 [INFO] configuration: pipeline_path  :   /ihome/pbrusilosky/rum20/y_classify/dataset/feature/%s.pipeline.pkl
12/01/2017 15:02:40 [INFO] configuration: lda_topic_number  :   50
12/01/2017 15:02:40 [INFO] configuration: action_words  :   {'play', 'cheap', 'area', 'part', 'ani', 'next', 'room', 'music', 'time', 'show', 'moderate', 'post', 'any', 'food', 'south', 'remind', 'reminder', 'watch', 'findcar', 'telephon', 'shuffl', 'expens', 'discard', 'centre', 'snooz', 'delet', 'cast', 'els', 'list', 'delete', 'snooze', 'stop', 'tell', 'share', 'alarm', 'address', 'moder', 'reminders', 'member', 'video', 'remove', 'light', 'shuffle', 'volume', 'volum', 'north', 'price', 'skip', 'centr', 'turn', 'help', 'weather', 'clear', 'telephone', 'temperature', 'items', 'reminds', 'song', 'add', 'item', 'else', 'timer', 'remov', 'expensive', 'findcare', 'phone', 'number', 'start', 'temperatur', 'matter'}
12/01/2017 15:02:40 [INFO] configuration: lstm_setting  :   {'norm_limit': 2, 'dropout_prob': 0.1, 'model': 'non-static', 'learning_rate': 0.001, 'hidden_size': 32, 'bidirectional': False, 'clip_grad_norm': 2, 'embedding_size': 300, 'num_layers': 1, 'class_size': 4}
12/01/2017 15:02:40 [INFO] configuration: gensim_corpus_path  :   /ihome/pbrusilosky/rum20/y_classify/dataset/feature/gensim/%s.corpus.pkl
12/01/2017 15:02:40 [INFO] configuration: feature_set  :   4-syntactic
12/01/2017 15:02:40 [INFO] configuration: extracted_feature_path  :   /ihome/pbrusilosky/rum20/y_classify/dataset/feature/%s.extracted_feature.pkl
12/01/2017 15:02:40 [INFO] configuration: experiment_mode  :   single_run_context_feature
12/01/2017 15:02:40 [INFO] configuration: cnn_setting  :   {'MODEL': 'multichannel', 'BATCH_SIZE': 128, 'DROPOUT_PROB': 0.5, 'LEARNING_RATE': 0.001, 'WORD_DIM': 300, 'NORM_LIMIT': 10, 'CLASS_SIZE': 4, 'FILTER_NUM': [100, 100, 100], 'FILTERS': [3, 4, 5], 'EARLY_STOPPING': True}
12/01/2017 15:02:40 [INFO] configuration: corenlp_jars  :   ('/Users/memray/Project/stanford/stanford-corenlp-full-3.8.0/*', '/Users/memray/Project/stanford/stanford-corenlp-full-3.8.0/stanford-english-kbp-corenlp-2017-06-09-models.jar')
12/01/2017 15:02:40 [INFO] configuration: valid_type  :   {'F', 'C', 'A', 'R'}
12/01/2017 15:02:40 [INFO] configuration: do_cross_validation  :   True
12/01/2017 15:02:40 [INFO] configuration: concat_sents  :   True
12/01/2017 15:02:40 [INFO] configuration: timemark  :   20171201-150240
12/01/2017 15:02:40 [INFO] configuration: experiment_path  :   /ihome/pbrusilosky/rum20/y_classify/output/20171201-150240.context=next.feature=4-syntactic.similarity=false
12/01/2017 15:02:40 [INFO] configuration: d2v_min_count  :   2
12/01/2017 15:02:40 [INFO] configuration: utterance_range  :   ['current_user_utterance', 'next_system_utterance', 'next_user_utterance']
12/01/2017 15:02:40 [INFO] configuration: batch_size  :   128
12/01/2017 15:02:40 [INFO] configuration: cv_index_cache_path  :   
12/01/2017 15:02:40 [INFO] configuration: similarity_feature  :   False
12/01/2017 15:02:40 [INFO] configuration: selected_context_id  :   0
12/01/2017 15:02:40 [INFO] configuration: w2v_path  :   /Users/memray/Data/glove/GoogleNews-vectors-negative300.bin
12/01/2017 15:02:40 [INFO] configuration: data_names  :   ['dstc2', 'dstc3', 'family', 'ghome']
12/01/2017 15:02:40 [INFO] configuration: task_name  :   utterance_type
12/01/2017 15:02:40 [INFO] configuration: raw_feature_path  :   /ihome/pbrusilosky/rum20/y_classify/dataset/feature/%s.raw_feature.pkl
12/01/2017 15:02:40 [INFO] configuration: experiment_name  :   20171201-150240.context=next.feature=4-syntactic.similarity=false
12/01/2017 15:02:40 [INFO] configuration: log_path  :   /ihome/pbrusilosky/rum20/y_classify/output/20171201-150240.context=next.feature=4-syntactic.similarity=false/output.log
12/01/2017 15:02:40 [INFO] configuration: d2v_vector_path  :   /ihome/pbrusilosky/rum20/y_classify/dataset/feature/gensim/%s.doc2vec.dim=300.window=5.min_count=2.vector
12/01/2017 15:02:40 [INFO] configuration: metrics  :   ['accuracy', 'precision', 'recall', 'f1_score', 'training_time', 'test_time']
12/01/2017 15:02:40 [INFO] configuration: d2v_window_size  :   5
12/01/2017 15:02:40 [INFO] configuration: #division  :   5
12/01/2017 15:02:40 [INFO] configuration: context_set  :   next
12/01/2017 15:02:40 [INFO] configuration: utterance_names  :   ['last_user_utterance', 'last_system_utterance', 'current_user_utterance', 'next_system_utterance', 'next_user_utterance']
12/01/2017 15:02:40 [INFO] configuration: max_epoch  :   50
12/01/2017 15:02:40 [INFO] configuration: w2v_vector_length  :   300
12/01/2017 15:02:40 [INFO] configuration: skipthought_setting  :   {'skipthought_data_path': '/ihome/pbrusilosky/rum20/y_classify/dataset/feature/gensim/%s.skip-thought.biskip.vector', 'norm_limit': 3, 'dropout_prob': 0.5, 'sentence_num': 3, 'hidden_size': 2400, 'fixed_emb': True, 'learning_rate': 0.0001, 'skipthought_model_path': '/Users/memray/Data/skip-thought', 'class_size': 4}
12/01/2017 15:02:40 [INFO] configuration: d2v_model_path  :   /ihome/pbrusilosky/rum20/y_classify/dataset/feature/gensim/%s.doc2vec.dim=300.window=5.min_count=2.model
12/01/2017 15:02:40 [INFO] configuration: root_path  :   /ihome/pbrusilosky/rum20/y_classify
12/01/2017 15:02:40 [INFO] configuration: lda_path  :   /ihome/pbrusilosky/rum20/y_classify/dataset/feature/gensim/%s.topic=50.lda.pkl
12/01/2017 15:02:40 [INFO] configuration: seed  :   154316847
12/01/2017 15:02:40 [INFO] configuration: gensim_dict_path  :   /ihome/pbrusilosky/rum20/y_classify/dataset/feature/gensim/%s.dict
12/01/2017 15:02:40 [INFO] configuration: early_stop_tolerance  :   2
12/01/2017 15:02:40 [INFO] configuration: #cross_validation  :   10
12/01/2017 15:02:40 [INFO] configuration: num_word_keep  :   {'dstc2': 300, 'family': 1000, 'dstc3': 300, 'ghome': 1000}
12/01/2017 15:02:43 [INFO] exp_shallowmodel: ******************** dstc2 - Round 0 
12/01/2017 15:02:47 [INFO] exp_shallowmodel: ================================================================================
12/01/2017 15:02:47 [INFO] exp_shallowmodel: LinearSVC.pen=l1, C=0.062500
12/01/2017 15:02:47 [INFO] exp_shallowmodel: ________________________________________________________________________________
12/01/2017 15:02:47 [INFO] exp_shallowmodel: Training: 
12/01/2017 15:02:47 [INFO] exp_shallowmodel: OneVsRestClassifier(estimator=LinearSVC(C=0.0625, class_weight=None, dual=False, fit_intercept=True,
     intercept_scaling=1, loss='squared_hinge', max_iter=1000,
     multi_class='ovr', penalty='l1', random_state=None, tol=0.001,
     verbose=0),
          n_jobs=-1)
/ihome/pbrusilosky/rum20/.conda/envs/py35/lib/python3.5/site-packages/sklearn/preprocessing/data.py:164: UserWarning: Numerical issues were encountered when centering the data and might not be solved. Dataset may contain too large values. You may need to prescale your features.
  warnings.warn("Numerical issues were encountered "
/ihome/pbrusilosky/rum20/.conda/envs/py35/lib/python3.5/site-packages/sklearn/preprocessing/data.py:169: RuntimeWarning: invalid value encountered in subtract
  Xr -= mean_1
/ihome/pbrusilosky/rum20/.conda/envs/py35/lib/python3.5/site-packages/sklearn/preprocessing/data.py:181: UserWarning: Numerical issues were encountered when scaling the data and might not be solved. The standard deviation of the data is probably very close to 0. 
  warnings.warn("Numerical issues were encountered "
slurmstepd: error: Step 932790.3 exceeded memory limit (240615532 > 32776192), being killed
slurmstepd: error: Exceeded job memory limit
slurmstepd: error: *** STEP 932790.3 ON smp-n24 CANCELLED AT 2017-12-01T15:02:52 ***
srun: Job step aborted: Waiting up to 32 seconds for job step to finish.
srun: error: smp-n24: task 0: Killed
python -m dialogue.classify.task_runner -selected_feature_set_id 5 -selected_context_id 0
No. of param settings = 1
[('similarity_feature', False), ('deep_model', False), ('selected_feature_set_id', 5), ('selected_context_id', 0)]
12/01/2017 15:03:11 [INFO] configuration: deep_model  :   False
12/01/2017 15:03:11 [INFO] configuration: skipthought_setting  :   {'fixed_emb': True, 'hidden_size': 2400, 'sentence_num': 3, 'skipthought_data_path': '/ihome/pbrusilosky/rum20/y_classify/dataset/feature/gensim/%s.skip-thought.biskip.vector', 'dropout_prob': 0.5, 'learning_rate': 0.0001, 'skipthought_model_path': '/Users/memray/Data/skip-thought', 'class_size': 4, 'norm_limit': 3}
12/01/2017 15:03:11 [INFO] configuration: feature_set  :   5-lda
12/01/2017 15:03:11 [INFO] configuration: early_stop_tolerance  :   2
12/01/2017 15:03:11 [INFO] configuration: extracted_feature_path  :   /ihome/pbrusilosky/rum20/y_classify/dataset/feature/%s.extracted_feature.pkl
12/01/2017 15:03:11 [INFO] configuration: log_path  :   /ihome/pbrusilosky/rum20/y_classify/output/20171201-150311.context=next.feature=5-lda.similarity=false/output.log
12/01/2017 15:03:11 [INFO] configuration: d2v_vector_length  :   300
12/01/2017 15:03:11 [INFO] configuration: cnn_setting  :   {'FILTERS': [3, 4, 5], 'CLASS_SIZE': 4, 'NORM_LIMIT': 10, 'DROPOUT_PROB': 0.5, 'FILTER_NUM': [100, 100, 100], 'MODEL': 'multichannel', 'LEARNING_RATE': 0.001, 'BATCH_SIZE': 128, 'EARLY_STOPPING': True, 'WORD_DIM': 300}
12/01/2017 15:03:11 [INFO] configuration: concat_sents  :   True
12/01/2017 15:03:11 [INFO] configuration: corenlp_jars  :   ('/Users/memray/Project/stanford/stanford-corenlp-full-3.8.0/*', '/Users/memray/Project/stanford/stanford-corenlp-full-3.8.0/stanford-english-kbp-corenlp-2017-06-09-models.jar')
12/01/2017 15:03:11 [INFO] configuration: utterance_names  :   ['last_user_utterance', 'last_system_utterance', 'current_user_utterance', 'next_system_utterance', 'next_user_utterance']
12/01/2017 15:03:11 [INFO] configuration: gensim_dict_path  :   /ihome/pbrusilosky/rum20/y_classify/dataset/feature/gensim/%s.dict
12/01/2017 15:03:11 [INFO] configuration: selected_context_id  :   0
12/01/2017 15:03:11 [INFO] configuration: feature_set_number  :   ['8']
12/01/2017 15:03:11 [INFO] configuration: similarity_feature  :   False
12/01/2017 15:03:11 [INFO] configuration: utterance_range  :   ['current_user_utterance', 'next_system_utterance', 'next_user_utterance']
12/01/2017 15:03:11 [INFO] configuration: metrics  :   ['accuracy', 'precision', 'recall', 'f1_score', 'training_time', 'test_time']
12/01/2017 15:03:11 [INFO] configuration: lda_topic_number  :   50
12/01/2017 15:03:11 [INFO] configuration: max_epoch  :   50
12/01/2017 15:03:11 [INFO] configuration: cv_index_cache_path  :   
12/01/2017 15:03:11 [INFO] configuration: task_name  :   utterance_type
12/01/2017 15:03:11 [INFO] configuration: num_word_keep  :   {'dstc3': 300, 'family': 1000, 'ghome': 1000, 'dstc2': 300}
12/01/2017 15:03:11 [INFO] configuration: experiment_mode  :   single_run_context_feature
12/01/2017 15:03:11 [INFO] configuration: raw_feature_path  :   /ihome/pbrusilosky/rum20/y_classify/dataset/feature/%s.raw_feature.pkl
12/01/2017 15:03:11 [INFO] configuration: action_words  :   {'member', 'telephone', 'else', 'discard', 'post', 'volume', 'volum', 'item', 'reminder', 'snooz', 'alarm', 'ani', 'skip', 'delete', 'timer', 'watch', 'part', 'north', 'area', 'findcar', 'music', 'remind', 'findcare', 'clear', 'weather', 'centre', 'moder', 'add', 'any', 'time', 'items', 'shuffl', 'show', 'moderate', 'list', 'song', 'tell', 'expensive', 'start', 'next', 'light', 'video', 'telephon', 'number', 'snooze', 'reminders', 'shuffle', 'price', 'cheap', 'food', 'play', 'matter', 'temperatur', 'remov', 'south', 'share', 'room', 'els', 'temperature', 'remove', 'centr', 'reminds', 'phone', 'address', 'expens', 'help', 'stop', 'turn', 'delet', 'cast'}
12/01/2017 15:03:11 [INFO] configuration: lda_path  :   /ihome/pbrusilosky/rum20/y_classify/dataset/feature/gensim/%s.topic=50.lda.pkl
12/01/2017 15:03:11 [INFO] configuration: w2v_path  :   /Users/memray/Data/glove/GoogleNews-vectors-negative300.bin
12/01/2017 15:03:11 [INFO] configuration: selected_feature_set_id  :   5
12/01/2017 15:03:11 [INFO] configuration: root_path  :   /ihome/pbrusilosky/rum20/y_classify
12/01/2017 15:03:11 [INFO] configuration: d2v_min_count  :   2
12/01/2017 15:03:11 [INFO] configuration: seed  :   154316847
12/01/2017 15:03:11 [INFO] configuration: valid_type  :   {'A', 'C', 'F', 'R'}
12/01/2017 15:03:11 [INFO] configuration: gensim_corpus_path  :   /ihome/pbrusilosky/rum20/y_classify/dataset/feature/gensim/%s.corpus.pkl
12/01/2017 15:03:11 [INFO] configuration: w2v_vector_length  :   300
12/01/2017 15:03:11 [INFO] configuration: experiment_path  :   /ihome/pbrusilosky/rum20/y_classify/output/20171201-150311.context=next.feature=5-lda.similarity=false
12/01/2017 15:03:11 [INFO] configuration: context_set  :   next
12/01/2017 15:03:11 [INFO] configuration: batch_size  :   128
12/01/2017 15:03:11 [INFO] configuration: data_name  :   
12/01/2017 15:03:11 [INFO] configuration: experiment_name  :   20171201-150311.context=next.feature=5-lda.similarity=false
12/01/2017 15:03:11 [INFO] configuration: pipeline_path  :   /ihome/pbrusilosky/rum20/y_classify/dataset/feature/%s.pipeline.pkl
12/01/2017 15:03:11 [INFO] configuration: do_cross_validation  :   True
12/01/2017 15:03:11 [INFO] configuration: #division  :   5
12/01/2017 15:03:11 [INFO] configuration: #cross_validation  :   10
12/01/2017 15:03:11 [INFO] configuration: d2v_vector_path  :   /ihome/pbrusilosky/rum20/y_classify/dataset/feature/gensim/%s.doc2vec.dim=300.window=5.min_count=2.vector
12/01/2017 15:03:11 [INFO] configuration: timemark  :   20171201-150311
12/01/2017 15:03:11 [INFO] configuration: lstm_setting  :   {'model': 'non-static', 'hidden_size': 32, 'dropout_prob': 0.1, 'num_layers': 1, 'norm_limit': 2, 'clip_grad_norm': 2, 'embedding_size': 300, 'learning_rate': 0.001, 'bidirectional': False, 'class_size': 4}
12/01/2017 15:03:11 [INFO] configuration: data_names  :   ['dstc2', 'dstc3', 'family', 'ghome']
12/01/2017 15:03:11 [INFO] configuration: d2v_window_size  :   5
12/01/2017 15:03:11 [INFO] configuration: d2v_model_path  :   /ihome/pbrusilosky/rum20/y_classify/dataset/feature/gensim/%s.doc2vec.dim=300.window=5.min_count=2.model
12/01/2017 15:03:14 [INFO] exp_shallowmodel: ******************** dstc2 - Round 0 
12/01/2017 15:03:18 [INFO] exp_shallowmodel: ================================================================================
12/01/2017 15:03:18 [INFO] exp_shallowmodel: LinearSVC.pen=l1, C=0.062500
12/01/2017 15:03:18 [INFO] exp_shallowmodel: ________________________________________________________________________________
12/01/2017 15:03:18 [INFO] exp_shallowmodel: Training: 
12/01/2017 15:03:18 [INFO] exp_shallowmodel: OneVsRestClassifier(estimator=LinearSVC(C=0.0625, class_weight=None, dual=False, fit_intercept=True,
     intercept_scaling=1, loss='squared_hinge', max_iter=1000,
     multi_class='ovr', penalty='l1', random_state=None, tol=0.001,
     verbose=0),
          n_jobs=-1)
/ihome/pbrusilosky/rum20/.conda/envs/py35/lib/python3.5/site-packages/sklearn/preprocessing/data.py:164: UserWarning: Numerical issues were encountered when centering the data and might not be solved. Dataset may contain too large values. You may need to prescale your features.
  warnings.warn("Numerical issues were encountered "
/ihome/pbrusilosky/rum20/.conda/envs/py35/lib/python3.5/site-packages/sklearn/preprocessing/data.py:169: RuntimeWarning: invalid value encountered in subtract
  Xr -= mean_1
/ihome/pbrusilosky/rum20/.conda/envs/py35/lib/python3.5/site-packages/sklearn/preprocessing/data.py:181: UserWarning: Numerical issues were encountered when scaling the data and might not be solved. The standard deviation of the data is probably very close to 0. 
  warnings.warn("Numerical issues were encountered "
slurmstepd: error: Step 932790.4 exceeded memory limit (239529772 > 32776192), being killed
slurmstepd: error: Exceeded job memory limit
slurmstepd: error: *** STEP 932790.4 ON smp-n24 CANCELLED AT 2017-12-01T15:03:23 ***
srun: Job step aborted: Waiting up to 32 seconds for job step to finish.
srun: error: smp-n24: task 0: Killed
python -m dialogue.classify.task_runner -selected_feature_set_id 6 -selected_context_id 0
No. of param settings = 1
[('similarity_feature', False), ('selected_context_id', 0), ('selected_feature_set_id', 6), ('deep_model', False)]
12/01/2017 15:03:41 [INFO] configuration: experiment_name  :   20171201-150341.context=next.feature=6-w2v.similarity=false
12/01/2017 15:03:41 [INFO] configuration: #cross_validation  :   10
12/01/2017 15:03:41 [INFO] configuration: d2v_window_size  :   5
12/01/2017 15:03:41 [INFO] configuration: similarity_feature  :   False
12/01/2017 15:03:41 [INFO] configuration: skipthought_setting  :   {'skipthought_model_path': '/Users/memray/Data/skip-thought', 'learning_rate': 0.0001, 'sentence_num': 3, 'dropout_prob': 0.5, 'skipthought_data_path': '/ihome/pbrusilosky/rum20/y_classify/dataset/feature/gensim/%s.skip-thought.biskip.vector', 'norm_limit': 3, 'hidden_size': 2400, 'class_size': 4, 'fixed_emb': True}
12/01/2017 15:03:41 [INFO] configuration: experiment_mode  :   single_run_context_feature
12/01/2017 15:03:41 [INFO] configuration: batch_size  :   128
12/01/2017 15:03:41 [INFO] configuration: d2v_model_path  :   /ihome/pbrusilosky/rum20/y_classify/dataset/feature/gensim/%s.doc2vec.dim=300.window=5.min_count=2.model
12/01/2017 15:03:41 [INFO] configuration: w2v_path  :   /Users/memray/Data/glove/GoogleNews-vectors-negative300.bin
12/01/2017 15:03:41 [INFO] configuration: corenlp_jars  :   ('/Users/memray/Project/stanford/stanford-corenlp-full-3.8.0/*', '/Users/memray/Project/stanford/stanford-corenlp-full-3.8.0/stanford-english-kbp-corenlp-2017-06-09-models.jar')
12/01/2017 15:03:41 [INFO] configuration: d2v_vector_length  :   300
12/01/2017 15:03:41 [INFO] configuration: action_words  :   {'shuffle', 'telephone', 'ani', 'member', 'reminds', 'part', 'clear', 'song', 'expensive', 'video', 'expens', 'discard', 'add', 'post', 'price', 'cast', 'address', 'items', 'food', 'snooz', 'telephon', 'matter', 'phone', 'findcare', 'volum', 'item', 'shuffl', 'alarm', 'area', 'cheap', 'share', 'delete', 'light', 'watch', 'volume', 'reminders', 'weather', 'remind', 'temperature', 'reminder', 'else', 'list', 'play', 'music', 'centre', 'delet', 'moderate', 'snooze', 'south', 'moder', 'skip', 'show', 'tell', 'start', 'north', 'findcar', 'room', 'time', 'next', 'centr', 'els', 'remove', 'temperatur', 'remov', 'stop', 'timer', 'number', 'turn', 'any', 'help'}
12/01/2017 15:03:41 [INFO] configuration: #division  :   5
12/01/2017 15:03:41 [INFO] configuration: lstm_setting  :   {'clip_grad_norm': 2, 'model': 'non-static', 'bidirectional': False, 'dropout_prob': 0.1, 'learning_rate': 0.001, 'norm_limit': 2, 'embedding_size': 300, 'hidden_size': 32, 'num_layers': 1, 'class_size': 4}
12/01/2017 15:03:41 [INFO] configuration: context_set  :   next
12/01/2017 15:03:41 [INFO] configuration: do_cross_validation  :   True
12/01/2017 15:03:41 [INFO] configuration: task_name  :   utterance_type
12/01/2017 15:03:41 [INFO] configuration: num_word_keep  :   {'dstc3': 300, 'ghome': 1000, 'dstc2': 300, 'family': 1000}
12/01/2017 15:03:41 [INFO] configuration: pipeline_path  :   /ihome/pbrusilosky/rum20/y_classify/dataset/feature/%s.pipeline.pkl
12/01/2017 15:03:41 [INFO] configuration: gensim_dict_path  :   /ihome/pbrusilosky/rum20/y_classify/dataset/feature/gensim/%s.dict
12/01/2017 15:03:41 [INFO] configuration: root_path  :   /ihome/pbrusilosky/rum20/y_classify
12/01/2017 15:03:41 [INFO] configuration: timemark  :   20171201-150341
12/01/2017 15:03:41 [INFO] configuration: lda_topic_number  :   50
12/01/2017 15:03:41 [INFO] configuration: raw_feature_path  :   /ihome/pbrusilosky/rum20/y_classify/dataset/feature/%s.raw_feature.pkl
12/01/2017 15:03:41 [INFO] configuration: d2v_min_count  :   2
12/01/2017 15:03:41 [INFO] configuration: log_path  :   /ihome/pbrusilosky/rum20/y_classify/output/20171201-150341.context=next.feature=6-w2v.similarity=false/output.log
12/01/2017 15:03:41 [INFO] configuration: concat_sents  :   True
12/01/2017 15:03:41 [INFO] configuration: data_name  :   
12/01/2017 15:03:41 [INFO] configuration: utterance_range  :   ['current_user_utterance', 'next_system_utterance', 'next_user_utterance']
12/01/2017 15:03:41 [INFO] configuration: gensim_corpus_path  :   /ihome/pbrusilosky/rum20/y_classify/dataset/feature/gensim/%s.corpus.pkl
12/01/2017 15:03:41 [INFO] configuration: selected_context_id  :   0
12/01/2017 15:03:41 [INFO] configuration: metrics  :   ['accuracy', 'precision', 'recall', 'f1_score', 'training_time', 'test_time']
12/01/2017 15:03:41 [INFO] configuration: early_stop_tolerance  :   2
12/01/2017 15:03:41 [INFO] configuration: data_names  :   ['dstc2', 'dstc3', 'family', 'ghome']
12/01/2017 15:03:41 [INFO] configuration: selected_feature_set_id  :   6
12/01/2017 15:03:41 [INFO] configuration: feature_set_number  :   ['9']
12/01/2017 15:03:41 [INFO] configuration: seed  :   154316847
12/01/2017 15:03:41 [INFO] configuration: feature_set  :   6-w2v
12/01/2017 15:03:41 [INFO] configuration: lda_path  :   /ihome/pbrusilosky/rum20/y_classify/dataset/feature/gensim/%s.topic=50.lda.pkl
12/01/2017 15:03:41 [INFO] configuration: max_epoch  :   50
12/01/2017 15:03:41 [INFO] configuration: w2v_vector_length  :   300
12/01/2017 15:03:41 [INFO] configuration: experiment_path  :   /ihome/pbrusilosky/rum20/y_classify/output/20171201-150341.context=next.feature=6-w2v.similarity=false
12/01/2017 15:03:41 [INFO] configuration: utterance_names  :   ['last_user_utterance', 'last_system_utterance', 'current_user_utterance', 'next_system_utterance', 'next_user_utterance']
12/01/2017 15:03:41 [INFO] configuration: valid_type  :   {'R', 'C', 'A', 'F'}
12/01/2017 15:03:41 [INFO] configuration: cnn_setting  :   {'MODEL': 'multichannel', 'FILTERS': [3, 4, 5], 'EARLY_STOPPING': True, 'NORM_LIMIT': 10, 'FILTER_NUM': [100, 100, 100], 'LEARNING_RATE': 0.001, 'DROPOUT_PROB': 0.5, 'WORD_DIM': 300, 'BATCH_SIZE': 128, 'CLASS_SIZE': 4}
12/01/2017 15:03:41 [INFO] configuration: extracted_feature_path  :   /ihome/pbrusilosky/rum20/y_classify/dataset/feature/%s.extracted_feature.pkl
12/01/2017 15:03:41 [INFO] configuration: d2v_vector_path  :   /ihome/pbrusilosky/rum20/y_classify/dataset/feature/gensim/%s.doc2vec.dim=300.window=5.min_count=2.vector
12/01/2017 15:03:41 [INFO] configuration: cv_index_cache_path  :   
12/01/2017 15:03:41 [INFO] configuration: deep_model  :   False
12/01/2017 15:03:43 [INFO] exp_shallowmodel: ******************** dstc2 - Round 0 
12/01/2017 15:03:48 [INFO] exp_shallowmodel: ================================================================================
12/01/2017 15:03:48 [INFO] exp_shallowmodel: LinearSVC.pen=l1, C=0.062500
12/01/2017 15:03:48 [INFO] exp_shallowmodel: ________________________________________________________________________________
12/01/2017 15:03:48 [INFO] exp_shallowmodel: Training: 
12/01/2017 15:03:48 [INFO] exp_shallowmodel: OneVsRestClassifier(estimator=LinearSVC(C=0.0625, class_weight=None, dual=False, fit_intercept=True,
     intercept_scaling=1, loss='squared_hinge', max_iter=1000,
     multi_class='ovr', penalty='l1', random_state=None, tol=0.001,
     verbose=0),
          n_jobs=-1)
/ihome/pbrusilosky/rum20/.conda/envs/py35/lib/python3.5/site-packages/sklearn/preprocessing/data.py:164: UserWarning: Numerical issues were encountered when centering the data and might not be solved. Dataset may contain too large values. You may need to prescale your features.
  warnings.warn("Numerical issues were encountered "
/ihome/pbrusilosky/rum20/.conda/envs/py35/lib/python3.5/site-packages/sklearn/preprocessing/data.py:169: RuntimeWarning: invalid value encountered in subtract
  Xr -= mean_1
/ihome/pbrusilosky/rum20/.conda/envs/py35/lib/python3.5/site-packages/sklearn/preprocessing/data.py:181: UserWarning: Numerical issues were encountered when scaling the data and might not be solved. The standard deviation of the data is probably very close to 0. 
  warnings.warn("Numerical issues were encountered "
slurmstepd: error: Step 932790.5 exceeded memory limit (244913524 > 32776192), being killed
slurmstepd: error: Exceeded job memory limit
slurmstepd: error: *** STEP 932790.5 ON smp-n24 CANCELLED AT 2017-12-01T15:03:54 ***
srun: Job step aborted: Waiting up to 32 seconds for job step to finish.
srun: error: smp-n24: task 0: Killed
python -m dialogue.classify.task_runner -selected_feature_set_id 7 -selected_context_id 0
No. of param settings = 1
[('selected_feature_set_id', 7), ('selected_context_id', 0), ('deep_model', False), ('similarity_feature', False)]
12/01/2017 15:04:13 [INFO] configuration: w2v_vector_length  :   300
12/01/2017 15:04:13 [INFO] configuration: early_stop_tolerance  :   2
12/01/2017 15:04:13 [INFO] configuration: context_set  :   next
12/01/2017 15:04:13 [INFO] configuration: d2v_vector_length  :   300
12/01/2017 15:04:13 [INFO] configuration: utterance_names  :   ['last_user_utterance', 'last_system_utterance', 'current_user_utterance', 'next_system_utterance', 'next_user_utterance']
12/01/2017 15:04:13 [INFO] configuration: raw_feature_path  :   /ihome/pbrusilosky/rum20/y_classify/dataset/feature/%s.raw_feature.pkl
12/01/2017 15:04:13 [INFO] configuration: seed  :   154316847
12/01/2017 15:04:13 [INFO] configuration: selected_context_id  :   0
12/01/2017 15:04:13 [INFO] configuration: experiment_mode  :   single_run_context_feature
12/01/2017 15:04:13 [INFO] configuration: similarity_feature  :   False
12/01/2017 15:04:13 [INFO] configuration: log_path  :   /ihome/pbrusilosky/rum20/y_classify/output/20171201-150413.context=next.feature=7-d2v.similarity=false/output.log
12/01/2017 15:04:13 [INFO] configuration: w2v_path  :   /Users/memray/Data/glove/GoogleNews-vectors-negative300.bin
12/01/2017 15:04:13 [INFO] configuration: #cross_validation  :   10
12/01/2017 15:04:13 [INFO] configuration: gensim_corpus_path  :   /ihome/pbrusilosky/rum20/y_classify/dataset/feature/gensim/%s.corpus.pkl
12/01/2017 15:04:13 [INFO] configuration: selected_feature_set_id  :   7
12/01/2017 15:04:13 [INFO] configuration: cnn_setting  :   {'NORM_LIMIT': 10, 'DROPOUT_PROB': 0.5, 'LEARNING_RATE': 0.001, 'BATCH_SIZE': 128, 'CLASS_SIZE': 4, 'FILTERS': [3, 4, 5], 'MODEL': 'multichannel', 'FILTER_NUM': [100, 100, 100], 'WORD_DIM': 300, 'EARLY_STOPPING': True}
12/01/2017 15:04:13 [INFO] configuration: timemark  :   20171201-150413
12/01/2017 15:04:13 [INFO] configuration: skipthought_setting  :   {'learning_rate': 0.0001, 'dropout_prob': 0.5, 'norm_limit': 3, 'skipthought_data_path': '/ihome/pbrusilosky/rum20/y_classify/dataset/feature/gensim/%s.skip-thought.biskip.vector', 'fixed_emb': True, 'class_size': 4, 'sentence_num': 3, 'skipthought_model_path': '/Users/memray/Data/skip-thought', 'hidden_size': 2400}
12/01/2017 15:04:13 [INFO] configuration: action_words  :   {'reminders', 'time', 'clear', 'share', 'ani', 'reminder', 'cast', 'part', 'member', 'shuffle', 'shuffl', 'show', 'findcare', 'item', 'timer', 'matter', 'volum', 'snooz', 'els', 'remov', 'light', 'discard', 'address', 'centr', 'delet', 'turn', 'play', 'song', 'next', 'delete', 'room', 'north', 'moder', 'temperature', 'moderate', 'volume', 'findcar', 'centre', 'any', 'phone', 'remove', 'help', 'expensive', 'stop', 'add', 'remind', 'south', 'number', 'list', 'video', 'food', 'telephone', 'telephon', 'expens', 'temperatur', 'music', 'skip', 'start', 'weather', 'snooze', 'reminds', 'watch', 'alarm', 'cheap', 'items', 'tell', 'price', 'post', 'else', 'area'}
12/01/2017 15:04:13 [INFO] configuration: d2v_vector_path  :   /ihome/pbrusilosky/rum20/y_classify/dataset/feature/gensim/%s.doc2vec.dim=300.window=5.min_count=2.vector
12/01/2017 15:04:13 [INFO] configuration: #division  :   5
12/01/2017 15:04:13 [INFO] configuration: root_path  :   /ihome/pbrusilosky/rum20/y_classify
12/01/2017 15:04:13 [INFO] configuration: experiment_name  :   20171201-150413.context=next.feature=7-d2v.similarity=false
12/01/2017 15:04:13 [INFO] configuration: pipeline_path  :   /ihome/pbrusilosky/rum20/y_classify/dataset/feature/%s.pipeline.pkl
12/01/2017 15:04:13 [INFO] configuration: extracted_feature_path  :   /ihome/pbrusilosky/rum20/y_classify/dataset/feature/%s.extracted_feature.pkl
12/01/2017 15:04:13 [INFO] configuration: utterance_range  :   ['current_user_utterance', 'next_system_utterance', 'next_user_utterance']
12/01/2017 15:04:13 [INFO] configuration: lda_topic_number  :   50
12/01/2017 15:04:13 [INFO] configuration: task_name  :   utterance_type
12/01/2017 15:04:13 [INFO] configuration: d2v_window_size  :   5
12/01/2017 15:04:13 [INFO] configuration: valid_type  :   {'C', 'F', 'A', 'R'}
12/01/2017 15:04:13 [INFO] configuration: d2v_model_path  :   /ihome/pbrusilosky/rum20/y_classify/dataset/feature/gensim/%s.doc2vec.dim=300.window=5.min_count=2.model
12/01/2017 15:04:13 [INFO] configuration: num_word_keep  :   {'dstc2': 300, 'ghome': 1000, 'dstc3': 300, 'family': 1000}
12/01/2017 15:04:13 [INFO] configuration: metrics  :   ['accuracy', 'precision', 'recall', 'f1_score', 'training_time', 'test_time']
12/01/2017 15:04:13 [INFO] configuration: concat_sents  :   True
12/01/2017 15:04:13 [INFO] configuration: feature_set_number  :   ['10']
12/01/2017 15:04:13 [INFO] configuration: data_names  :   ['dstc2', 'dstc3', 'family', 'ghome']
12/01/2017 15:04:13 [INFO] configuration: gensim_dict_path  :   /ihome/pbrusilosky/rum20/y_classify/dataset/feature/gensim/%s.dict
12/01/2017 15:04:13 [INFO] configuration: lda_path  :   /ihome/pbrusilosky/rum20/y_classify/dataset/feature/gensim/%s.topic=50.lda.pkl
12/01/2017 15:04:13 [INFO] configuration: cv_index_cache_path  :   
12/01/2017 15:04:13 [INFO] configuration: d2v_min_count  :   2
12/01/2017 15:04:13 [INFO] configuration: batch_size  :   128
12/01/2017 15:04:13 [INFO] configuration: lstm_setting  :   {'learning_rate': 0.001, 'embedding_size': 300, 'model': 'non-static', 'norm_limit': 2, 'num_layers': 1, 'clip_grad_norm': 2, 'dropout_prob': 0.1, 'bidirectional': False, 'class_size': 4, 'hidden_size': 32}
12/01/2017 15:04:13 [INFO] configuration: max_epoch  :   50
12/01/2017 15:04:13 [INFO] configuration: deep_model  :   False
12/01/2017 15:04:13 [INFO] configuration: feature_set  :   7-d2v
12/01/2017 15:04:13 [INFO] configuration: experiment_path  :   /ihome/pbrusilosky/rum20/y_classify/output/20171201-150413.context=next.feature=7-d2v.similarity=false
12/01/2017 15:04:13 [INFO] configuration: corenlp_jars  :   ('/Users/memray/Project/stanford/stanford-corenlp-full-3.8.0/*', '/Users/memray/Project/stanford/stanford-corenlp-full-3.8.0/stanford-english-kbp-corenlp-2017-06-09-models.jar')
12/01/2017 15:04:13 [INFO] configuration: data_name  :   
12/01/2017 15:04:13 [INFO] configuration: do_cross_validation  :   True
12/01/2017 15:04:16 [INFO] exp_shallowmodel: ******************** dstc2 - Round 0 
12/01/2017 15:04:20 [INFO] exp_shallowmodel: ================================================================================
12/01/2017 15:04:20 [INFO] exp_shallowmodel: LinearSVC.pen=l1, C=0.062500
12/01/2017 15:04:20 [INFO] exp_shallowmodel: ________________________________________________________________________________
12/01/2017 15:04:20 [INFO] exp_shallowmodel: Training: 
12/01/2017 15:04:20 [INFO] exp_shallowmodel: OneVsRestClassifier(estimator=LinearSVC(C=0.0625, class_weight=None, dual=False, fit_intercept=True,
     intercept_scaling=1, loss='squared_hinge', max_iter=1000,
     multi_class='ovr', penalty='l1', random_state=None, tol=0.001,
     verbose=0),
          n_jobs=-1)
/ihome/pbrusilosky/rum20/.conda/envs/py35/lib/python3.5/site-packages/sklearn/preprocessing/data.py:164: UserWarning: Numerical issues were encountered when centering the data and might not be solved. Dataset may contain too large values. You may need to prescale your features.
  warnings.warn("Numerical issues were encountered "
/ihome/pbrusilosky/rum20/.conda/envs/py35/lib/python3.5/site-packages/sklearn/preprocessing/data.py:169: RuntimeWarning: invalid value encountered in subtract
  Xr -= mean_1
/ihome/pbrusilosky/rum20/.conda/envs/py35/lib/python3.5/site-packages/sklearn/preprocessing/data.py:181: UserWarning: Numerical issues were encountered when scaling the data and might not be solved. The standard deviation of the data is probably very close to 0. 
  warnings.warn("Numerical issues were encountered "
slurmstepd: error: Step 932790.6 exceeded memory limit (240358396 > 32776192), being killed
slurmstepd: error: Exceeded job memory limit
slurmstepd: error: *** STEP 932790.6 ON smp-n24 CANCELLED AT 2017-12-01T15:04:25 ***
srun: Job step aborted: Waiting up to 32 seconds for job step to finish.
srun: error: smp-n24: task 0: Killed
python -m dialogue.classify.task_runner -selected_feature_set_id 8 -selected_context_id 0
No. of param settings = 1
[('similarity_feature', False), ('selected_context_id', 0), ('deep_model', False), ('selected_feature_set_id', 8)]
12/01/2017 15:04:43 [INFO] configuration: log_path  :   /ihome/pbrusilosky/rum20/y_classify/output/20171201-150443.context=next.feature=8-skipthought.similarity=false/output.log
12/01/2017 15:04:43 [INFO] configuration: timemark  :   20171201-150443
12/01/2017 15:04:43 [INFO] configuration: utterance_names  :   ['last_user_utterance', 'last_system_utterance', 'current_user_utterance', 'next_system_utterance', 'next_user_utterance']
12/01/2017 15:04:43 [INFO] configuration: early_stop_tolerance  :   2
12/01/2017 15:04:43 [INFO] configuration: gensim_corpus_path  :   /ihome/pbrusilosky/rum20/y_classify/dataset/feature/gensim/%s.corpus.pkl
12/01/2017 15:04:43 [INFO] configuration: d2v_min_count  :   2
12/01/2017 15:04:43 [INFO] configuration: extracted_feature_path  :   /ihome/pbrusilosky/rum20/y_classify/dataset/feature/%s.extracted_feature.pkl
12/01/2017 15:04:43 [INFO] configuration: lda_path  :   /ihome/pbrusilosky/rum20/y_classify/dataset/feature/gensim/%s.topic=50.lda.pkl
12/01/2017 15:04:43 [INFO] configuration: raw_feature_path  :   /ihome/pbrusilosky/rum20/y_classify/dataset/feature/%s.raw_feature.pkl
12/01/2017 15:04:43 [INFO] configuration: valid_type  :   {'F', 'R', 'A', 'C'}
12/01/2017 15:04:43 [INFO] configuration: cnn_setting  :   {'EARLY_STOPPING': True, 'DROPOUT_PROB': 0.5, 'FILTER_NUM': [100, 100, 100], 'WORD_DIM': 300, 'NORM_LIMIT': 10, 'FILTERS': [3, 4, 5], 'LEARNING_RATE': 0.001, 'BATCH_SIZE': 128, 'MODEL': 'multichannel', 'CLASS_SIZE': 4}
12/01/2017 15:04:43 [INFO] configuration: action_words  :   {'food', 'post', 'north', 'remov', 'add', 'member', 'remind', 'turn', 'temperatur', 'song', 'clear', 'help', 'shuffle', 'centre', 'start', 'else', 'area', 'price', 'part', 'matter', 'south', 'expensive', 'temperature', 'light', 'alarm', 'shuffl', 'remove', 'moder', 'cheap', 'skip', 'snooze', 'time', 'els', 'item', 'music', 'discard', 'video', 'snooz', 'number', 'show', 'findcare', 'room', 'play', 'cast', 'list', 'weather', 'next', 'reminders', 'expens', 'share', 'moderate', 'items', 'findcar', 'reminder', 'centr', 'reminds', 'telephon', 'telephone', 'any', 'tell', 'delete', 'stop', 'ani', 'timer', 'volum', 'delet', 'address', 'volume', 'watch', 'phone'}
12/01/2017 15:04:43 [INFO] configuration: cv_index_cache_path  :   
12/01/2017 15:04:43 [INFO] configuration: corenlp_jars  :   ('/Users/memray/Project/stanford/stanford-corenlp-full-3.8.0/*', '/Users/memray/Project/stanford/stanford-corenlp-full-3.8.0/stanford-english-kbp-corenlp-2017-06-09-models.jar')
12/01/2017 15:04:43 [INFO] configuration: w2v_vector_length  :   300
12/01/2017 15:04:43 [INFO] configuration: similarity_feature  :   False
12/01/2017 15:04:43 [INFO] configuration: d2v_model_path  :   /ihome/pbrusilosky/rum20/y_classify/dataset/feature/gensim/%s.doc2vec.dim=300.window=5.min_count=2.model
12/01/2017 15:04:43 [INFO] configuration: do_cross_validation  :   True
12/01/2017 15:04:43 [INFO] configuration: batch_size  :   128
12/01/2017 15:04:43 [INFO] configuration: d2v_vector_length  :   300
12/01/2017 15:04:43 [INFO] configuration: data_names  :   ['dstc2', 'dstc3', 'family', 'ghome']
12/01/2017 15:04:43 [INFO] configuration: feature_set_number  :   ['11']
12/01/2017 15:04:43 [INFO] configuration: selected_feature_set_id  :   8
12/01/2017 15:04:43 [INFO] configuration: lda_topic_number  :   50
12/01/2017 15:04:43 [INFO] configuration: #cross_validation  :   10
12/01/2017 15:04:43 [INFO] configuration: experiment_mode  :   single_run_context_feature
12/01/2017 15:04:43 [INFO] configuration: gensim_dict_path  :   /ihome/pbrusilosky/rum20/y_classify/dataset/feature/gensim/%s.dict
12/01/2017 15:04:43 [INFO] configuration: experiment_path  :   /ihome/pbrusilosky/rum20/y_classify/output/20171201-150443.context=next.feature=8-skipthought.similarity=false
12/01/2017 15:04:43 [INFO] configuration: seed  :   154316847
12/01/2017 15:04:43 [INFO] configuration: lstm_setting  :   {'class_size': 4, 'dropout_prob': 0.1, 'model': 'non-static', 'clip_grad_norm': 2, 'learning_rate': 0.001, 'hidden_size': 32, 'bidirectional': False, 'norm_limit': 2, 'embedding_size': 300, 'num_layers': 1}
12/01/2017 15:04:43 [INFO] configuration: max_epoch  :   50
12/01/2017 15:04:43 [INFO] configuration: deep_model  :   False
12/01/2017 15:04:43 [INFO] configuration: selected_context_id  :   0
12/01/2017 15:04:43 [INFO] configuration: metrics  :   ['accuracy', 'precision', 'recall', 'f1_score', 'training_time', 'test_time']
12/01/2017 15:04:43 [INFO] configuration: data_name  :   
12/01/2017 15:04:43 [INFO] configuration: d2v_window_size  :   5
12/01/2017 15:04:43 [INFO] configuration: #division  :   5
12/01/2017 15:04:43 [INFO] configuration: num_word_keep  :   {'dstc3': 300, 'family': 1000, 'ghome': 1000, 'dstc2': 300}
12/01/2017 15:04:43 [INFO] configuration: d2v_vector_path  :   /ihome/pbrusilosky/rum20/y_classify/dataset/feature/gensim/%s.doc2vec.dim=300.window=5.min_count=2.vector
12/01/2017 15:04:43 [INFO] configuration: concat_sents  :   True
12/01/2017 15:04:43 [INFO] configuration: utterance_range  :   ['current_user_utterance', 'next_system_utterance', 'next_user_utterance']
12/01/2017 15:04:43 [INFO] configuration: w2v_path  :   /Users/memray/Data/glove/GoogleNews-vectors-negative300.bin
12/01/2017 15:04:43 [INFO] configuration: experiment_name  :   20171201-150443.context=next.feature=8-skipthought.similarity=false
12/01/2017 15:04:43 [INFO] configuration: feature_set  :   8-skipthought
12/01/2017 15:04:43 [INFO] configuration: context_set  :   next
12/01/2017 15:04:43 [INFO] configuration: skipthought_setting  :   {'fixed_emb': True, 'hidden_size': 2400, 'dropout_prob': 0.5, 'sentence_num': 3, 'skipthought_model_path': '/Users/memray/Data/skip-thought', 'skipthought_data_path': '/ihome/pbrusilosky/rum20/y_classify/dataset/feature/gensim/%s.skip-thought.biskip.vector', 'norm_limit': 3, 'class_size': 4, 'learning_rate': 0.0001}
12/01/2017 15:04:43 [INFO] configuration: root_path  :   /ihome/pbrusilosky/rum20/y_classify
12/01/2017 15:04:43 [INFO] configuration: task_name  :   utterance_type
12/01/2017 15:04:43 [INFO] configuration: pipeline_path  :   /ihome/pbrusilosky/rum20/y_classify/dataset/feature/%s.pipeline.pkl
12/01/2017 15:04:46 [INFO] exp_shallowmodel: ******************** dstc2 - Round 0 
12/01/2017 15:04:50 [INFO] exp_shallowmodel: ================================================================================
12/01/2017 15:04:50 [INFO] exp_shallowmodel: LinearSVC.pen=l1, C=0.062500
12/01/2017 15:04:50 [INFO] exp_shallowmodel: ________________________________________________________________________________
12/01/2017 15:04:50 [INFO] exp_shallowmodel: Training: 
12/01/2017 15:04:50 [INFO] exp_shallowmodel: OneVsRestClassifier(estimator=LinearSVC(C=0.0625, class_weight=None, dual=False, fit_intercept=True,
     intercept_scaling=1, loss='squared_hinge', max_iter=1000,
     multi_class='ovr', penalty='l1', random_state=None, tol=0.001,
     verbose=0),
          n_jobs=-1)
/ihome/pbrusilosky/rum20/.conda/envs/py35/lib/python3.5/site-packages/sklearn/preprocessing/data.py:164: UserWarning: Numerical issues were encountered when centering the data and might not be solved. Dataset may contain too large values. You may need to prescale your features.
  warnings.warn("Numerical issues were encountered "
/ihome/pbrusilosky/rum20/.conda/envs/py35/lib/python3.5/site-packages/sklearn/preprocessing/data.py:169: RuntimeWarning: invalid value encountered in subtract
  Xr -= mean_1
/ihome/pbrusilosky/rum20/.conda/envs/py35/lib/python3.5/site-packages/sklearn/preprocessing/data.py:181: UserWarning: Numerical issues were encountered when scaling the data and might not be solved. The standard deviation of the data is probably very close to 0. 
  warnings.warn("Numerical issues were encountered "
slurmstepd: error: Step 932790.7 exceeded memory limit (241909624 > 32776192), being killed
slurmstepd: error: Exceeded job memory limit
slurmstepd: error: *** STEP 932790.7 ON smp-n24 CANCELLED AT 2017-12-01T15:04:55 ***
srun: Job step aborted: Waiting up to 32 seconds for job step to finish.
srun: error: smp-n24: task 0: Killed
