11/10/2017 01:45:04 [INFO] configuration: selected_context_id  :   0
11/10/2017 01:45:04 [INFO] configuration: deep_model  :   True
11/10/2017 01:45:04 [INFO] configuration: deep_model_name  :   cnn
11/10/2017 01:45:04 [INFO] configuration: seed  :   154316847
11/10/2017 01:45:04 [INFO] configuration: root_path  :   /Users/memray/Project/yahoo/y_classify
11/10/2017 01:45:04 [INFO] configuration: task_name  :   utterance_type
11/10/2017 01:45:04 [INFO] configuration: timemark  :   20171110-014504
11/10/2017 01:45:04 [INFO] configuration: context_set  :   next
11/10/2017 01:45:04 [INFO] configuration: utterance_names  :   ['last_user_utterance', 'last_system_utterance', 'current_user_utterance', 'next_system_utterance', 'next_user_utterance']
11/10/2017 01:45:04 [INFO] configuration: utterance_range  :   ['current_user_utterance', 'next_system_utterance', 'next_user_utterance']
11/10/2017 01:45:04 [INFO] configuration: experiment_name  :   20171110-014504.context=next.model=cnn
11/10/2017 01:45:04 [INFO] configuration: experiment_path  :   /Users/memray/Project/yahoo/y_classify/output/20171110-014504.context=next.model=cnn
11/10/2017 01:45:04 [INFO] configuration: log_path  :   /Users/memray/Project/yahoo/y_classify/output/20171110-014504.context=next.model=cnn/output.log
11/10/2017 01:45:04 [INFO] configuration: valid_type  :   {'A', 'C', 'R', 'F'}
11/10/2017 01:45:04 [INFO] configuration: data_name  :   
11/10/2017 01:45:04 [INFO] configuration: data_names  :   ['ghome']
11/10/2017 01:45:04 [INFO] configuration: raw_feature_path  :   /Users/memray/Project/yahoo/y_classify/dataset/feature/%s.raw_feature.pkl
11/10/2017 01:45:04 [INFO] configuration: extracted_feature_path  :   /Users/memray/Project/yahoo/y_classify/dataset/feature/%s.extracted_feature.pkl
11/10/2017 01:45:04 [INFO] configuration: pipeline_path  :   /Users/memray/Project/yahoo/y_classify/dataset/feature/%s.pipeline.pkl
11/10/2017 01:45:04 [INFO] configuration: metrics  :   ['accuracy', 'precision', 'recall', 'f1_score', 'training_time', 'test_time']
11/10/2017 01:45:04 [INFO] configuration: do_cross_validation  :   True
11/10/2017 01:45:04 [INFO] configuration: #division  :   5
11/10/2017 01:45:04 [INFO] configuration: #cross_validation  :   10
11/10/2017 01:45:04 [INFO] configuration: cv_index_cache_path  :   
11/10/2017 01:45:04 [INFO] configuration: action_words  :   {'reminders', 'alarm', 'remov', 'part', 'reminder', 'temperature', 'cheap', 'snooze', 'room', 'show', 'expens', 'moder', 'discard', 'any', 'expensive', 'volum', 'shuffle', 'remove', 'music', 'share', 'north', 'else', 'stop', 'help', 'els', 'watch', 'area', 'start', 'south', 'add', 'telephon', 'clear', 'findcare', 'price', 'cast', 'centr', 'reminds', 'song', 'video', 'light', 'ani', 'remind', 'skip', 'timer', 'shuffl', 'phone', 'findcar', 'next', 'tell', 'centre', 'member', 'weather', 'address', 'telephone', 'food', 'items', 'item', 'play', 'matter', 'moderate', 'number', 'post', 'turn', 'volume', 'list', 'time', 'snooz', 'delete', 'temperatur', 'delet'}
11/10/2017 01:45:04 [INFO] configuration: corenlp_jars  :   ('/Users/memray/Project/stanford/stanford-corenlp-full-3.8.0/*', '/Users/memray/Project/stanford/stanford-corenlp-full-3.8.0/stanford-english-kbp-corenlp-2017-06-09-models.jar')
11/10/2017 01:45:04 [INFO] configuration: lda_topic_number  :   50
11/10/2017 01:45:04 [INFO] configuration: lda_path  :   /Users/memray/Project/yahoo/y_classify/dataset/feature/gensim/%s.topic=50.lda.pkl
11/10/2017 01:45:04 [INFO] configuration: gensim_corpus_path  :   /Users/memray/Project/yahoo/y_classify/dataset/feature/gensim/%s.corpus.pkl
11/10/2017 01:45:04 [INFO] configuration: gensim_dict_path  :   /Users/memray/Project/yahoo/y_classify/dataset/feature/gensim/%s.dict
11/10/2017 01:45:04 [INFO] configuration: w2v_path  :   /Users/memray/Data/glove/GoogleNews-vectors-negative300.bin
11/10/2017 01:45:04 [INFO] configuration: w2v_vector_length  :   300
11/10/2017 01:45:04 [INFO] configuration: d2v_vector_length  :   300
11/10/2017 01:45:04 [INFO] configuration: d2v_window_size  :   5
11/10/2017 01:45:04 [INFO] configuration: d2v_min_count  :   2
11/10/2017 01:45:04 [INFO] configuration: d2v_model_path  :   /Users/memray/Project/yahoo/y_classify/dataset/feature/gensim/%s.doc2vec.dim=300.window=5.min_count=2.model
11/10/2017 01:45:04 [INFO] configuration: d2v_vector_path  :   /Users/memray/Project/yahoo/y_classify/dataset/feature/gensim/%s.doc2vec.dim=300.window=5.min_count=2.vector
11/10/2017 01:45:04 [INFO] configuration: batch_size  :   128
11/10/2017 01:45:04 [INFO] configuration: max_epoch  :   50
11/10/2017 01:45:04 [INFO] configuration: early_stop_tolerance  :   2
11/10/2017 01:45:04 [INFO] configuration: concat_sents  :   True
11/10/2017 01:45:04 [INFO] configuration: cnn_setting  :   {'MODEL': 'multichannel', 'EARLY_STOPPING': True, 'WORD_DIM': 300, 'FILTERS': [3, 4, 5], 'FILTER_NUM': [100, 100, 100], 'CLASS_SIZE': 4, 'BATCH_SIZE': 128, 'LEARNING_RATE': 0.001, 'NORM_LIMIT': 10, 'DROPOUT_PROB': 0.5}
11/10/2017 01:45:04 [INFO] configuration: skipthought_setting  :   {'skipthought_model_path': '/home/memray/Data/skip-thought', 'skipthought_data_path': '/Users/memray/Project/yahoo/y_classify/dataset/feature/gensim/%s.skip-thought.biskip.vector', 'fixed_emb': True, 'sentence_num': 3, 'hidden_size': 7200, 'CLASS_SIZE': 4, 'LEARNING_RATE': 0.0001, 'NORM_LIMIT': 3, 'DROPOUT_PROB': 0.5}
11/10/2017 01:45:04 [INFO] configuration: lstm_setting  :   {'hidden_size': 32, 'embedding_size': 32, 'num_layers': 1, 'LEARNING_RATE': 0.0001, 'CLASS_SIZE': 4, 'NORM_LIMIT': 5, 'clip_grad_norm': 2, 'DROPOUT_PROB': 0.5}
11/10/2017 01:45:04 [INFO] exp_deepmodel: ******************** ghome - Round 0 
11/10/2017 01:45:04 [INFO] keyedvectors: loading projection weights from /Users/memray/Data/glove/GoogleNews-vectors-negative300.bin
11/10/2017 01:45:56 [INFO] keyedvectors: loaded (3000000, 300) matrix from /Users/memray/Data/glove/GoogleNews-vectors-negative300.bin
11/10/2017 01:55:10 [INFO] exp_shallowmodel: accuracy:   0.875
11/10/2017 01:55:10 [INFO] exp_shallowmodel: f1_score:   0.601
11/10/2017 01:55:10 [INFO] exp_shallowmodel: classification report:
11/10/2017 01:55:10 [INFO] exp_shallowmodel:              precision    recall  f1-score   support

          A       0.58      0.61      0.60        59
          C       1.00      0.17      0.29        12
          F       0.94      0.99      0.97       396
          R       0.64      0.49      0.56        55

avg / total       0.87      0.88      0.86       522

11/10/2017 01:55:10 [INFO] exp_shallowmodel: confusion matrix:
11/10/2017 01:55:10 [INFO] exp_shallowmodel: 
[[ 36   0  12  11]
 [  4   2   5   1]
 [  1   0 392   3]
 [ 21   0   7  27]]
11/10/2017 01:55:10 [INFO] exp_deepmodel: ******************** ghome - Round 1 
11/10/2017 01:55:10 [INFO] keyedvectors: loading projection weights from /Users/memray/Data/glove/GoogleNews-vectors-negative300.bin
11/10/2017 01:55:54 [INFO] keyedvectors: loaded (3000000, 300) matrix from /Users/memray/Data/glove/GoogleNews-vectors-negative300.bin
11/10/2017 02:00:08 [INFO] exp_shallowmodel: accuracy:   0.858
11/10/2017 02:00:08 [INFO] exp_shallowmodel: f1_score:   0.501
11/10/2017 02:00:08 [INFO] exp_shallowmodel: classification report:
11/10/2017 02:00:08 [INFO] exp_shallowmodel:              precision    recall  f1-score   support

          A       0.61      0.46      0.52        59
          C       0.00      0.00      0.00        12
          F       0.95      0.98      0.97       396
          R       0.46      0.58      0.51        55

avg / total       0.84      0.86      0.85       522

11/10/2017 02:00:08 [INFO] exp_shallowmodel: confusion matrix:
11/10/2017 02:00:08 [INFO] exp_shallowmodel: 
[[ 27   0   5  27]
 [  3   0   3   6]
 [  2   0 389   5]
 [ 12   0  11  32]]
11/10/2017 02:00:08 [INFO] exp_deepmodel: ******************** ghome - Round 2 
11/10/2017 02:00:08 [INFO] keyedvectors: loading projection weights from /Users/memray/Data/glove/GoogleNews-vectors-negative300.bin
11/10/2017 02:00:52 [INFO] keyedvectors: loaded (3000000, 300) matrix from /Users/memray/Data/glove/GoogleNews-vectors-negative300.bin
11/10/2017 02:11:05 [INFO] exp_shallowmodel: accuracy:   0.875
11/10/2017 02:11:05 [INFO] exp_shallowmodel: f1_score:   0.620
11/10/2017 02:11:05 [INFO] exp_shallowmodel: classification report:
11/10/2017 02:11:05 [INFO] exp_shallowmodel:              precision    recall  f1-score   support

          A       0.60      0.63      0.61        59
          C       0.67      0.17      0.27        12
          F       0.94      0.97      0.96       396
          R       0.70      0.60      0.65        55

avg / total       0.87      0.88      0.87       522

11/10/2017 02:11:05 [INFO] exp_shallowmodel: confusion matrix:
11/10/2017 02:11:05 [INFO] exp_shallowmodel: 
[[ 37   0  12  10]
 [  4   2   6   0]
 [  7   0 385   4]
 [ 14   1   7  33]]
11/10/2017 02:11:05 [INFO] exp_deepmodel: ******************** ghome - Round 3 
11/10/2017 02:11:06 [INFO] keyedvectors: loading projection weights from /Users/memray/Data/glove/GoogleNews-vectors-negative300.bin
11/10/2017 02:11:54 [INFO] keyedvectors: loaded (3000000, 300) matrix from /Users/memray/Data/glove/GoogleNews-vectors-negative300.bin
11/10/2017 02:18:17 [INFO] exp_shallowmodel: accuracy:   0.885
11/10/2017 02:18:17 [INFO] exp_shallowmodel: f1_score:   0.563
11/10/2017 02:18:17 [INFO] exp_shallowmodel: classification report:
11/10/2017 02:18:17 [INFO] exp_shallowmodel:              precision    recall  f1-score   support

          A       0.73      0.64      0.68        59
          C       0.00      0.00      0.00        12
          F       0.97      0.99      0.98       396
          R       0.58      0.60      0.59        55

avg / total       0.88      0.89      0.88       522

11/10/2017 02:18:17 [INFO] exp_shallowmodel: confusion matrix:
11/10/2017 02:18:17 [INFO] exp_shallowmodel: 
[[ 38   1   4  16]
 [  1   0   3   8]
 [  2   3 391   0]
 [ 11   4   7  33]]
11/10/2017 02:18:17 [INFO] exp_deepmodel: ******************** ghome - Round 4 
11/10/2017 02:18:17 [INFO] keyedvectors: loading projection weights from /Users/memray/Data/glove/GoogleNews-vectors-negative300.bin
11/10/2017 02:19:04 [INFO] keyedvectors: loaded (3000000, 300) matrix from /Users/memray/Data/glove/GoogleNews-vectors-negative300.bin
11/10/2017 02:26:49 [INFO] exp_shallowmodel: accuracy:   0.875
11/10/2017 02:26:49 [INFO] exp_shallowmodel: f1_score:   0.600
11/10/2017 02:26:49 [INFO] exp_shallowmodel: classification report:
11/10/2017 02:26:49 [INFO] exp_shallowmodel:              precision    recall  f1-score   support

          A       0.61      0.66      0.63        59
          C       0.50      0.17      0.25        12
          F       0.95      0.98      0.97       396
          R       0.60      0.51      0.55        55

avg / total       0.87      0.88      0.87       522

11/10/2017 02:26:49 [INFO] exp_shallowmodel: confusion matrix:
11/10/2017 02:26:49 [INFO] exp_shallowmodel: 
[[ 39   2   7  11]
 [  4   2   3   3]
 [  3   0 388   5]
 [ 18   0   9  28]]
11/10/2017 02:26:49 [INFO] exp_deepmodel: ******************** ghome - Round 5 
11/10/2017 02:26:50 [INFO] keyedvectors: loading projection weights from /Users/memray/Data/glove/GoogleNews-vectors-negative300.bin
11/10/2017 02:27:36 [INFO] keyedvectors: loaded (3000000, 300) matrix from /Users/memray/Data/glove/GoogleNews-vectors-negative300.bin
11/10/2017 02:38:10 [INFO] exp_shallowmodel: accuracy:   0.889
11/10/2017 02:38:10 [INFO] exp_shallowmodel: f1_score:   0.619
11/10/2017 02:38:10 [INFO] exp_shallowmodel: classification report:
11/10/2017 02:38:10 [INFO] exp_shallowmodel:              precision    recall  f1-score   support

          A       0.62      0.66      0.64        59
          C       0.67      0.17      0.27        12
          F       0.97      0.99      0.98       396
          R       0.62      0.56      0.59        55

avg / total       0.88      0.89      0.88       522

11/10/2017 02:38:10 [INFO] exp_shallowmodel: confusion matrix:
11/10/2017 02:38:10 [INFO] exp_shallowmodel: 
[[ 39   0   5  15]
 [  2   2   5   3]
 [  3   0 392   1]
 [ 19   1   4  31]]
11/10/2017 02:38:10 [INFO] exp_deepmodel: ******************** ghome - Round 6 
11/10/2017 02:38:10 [INFO] keyedvectors: loading projection weights from /Users/memray/Data/glove/GoogleNews-vectors-negative300.bin
11/10/2017 02:38:57 [INFO] keyedvectors: loaded (3000000, 300) matrix from /Users/memray/Data/glove/GoogleNews-vectors-negative300.bin
11/10/2017 02:47:10 [INFO] exp_shallowmodel: accuracy:   0.885
11/10/2017 02:47:10 [INFO] exp_shallowmodel: f1_score:   0.691
11/10/2017 02:47:10 [INFO] exp_shallowmodel: classification report:
11/10/2017 02:47:10 [INFO] exp_shallowmodel:              precision    recall  f1-score   support

          A       0.70      0.53      0.60        59
          C       1.00      0.42      0.59        12
          F       0.95      0.98      0.97       396
          R       0.56      0.65      0.61        55

avg / total       0.89      0.89      0.88       522

11/10/2017 02:47:10 [INFO] exp_shallowmodel: confusion matrix:
11/10/2017 02:47:10 [INFO] exp_shallowmodel: 
[[ 31   0   6  22]
 [  1   5   4   2]
 [  2   0 390   4]
 [ 10   0   9  36]]
11/10/2017 02:47:10 [INFO] exp_deepmodel: ******************** ghome - Round 7 
11/10/2017 02:47:11 [INFO] keyedvectors: loading projection weights from /Users/memray/Data/glove/GoogleNews-vectors-negative300.bin
11/10/2017 02:47:55 [INFO] keyedvectors: loaded (3000000, 300) matrix from /Users/memray/Data/glove/GoogleNews-vectors-negative300.bin
11/10/2017 02:56:57 [INFO] exp_shallowmodel: accuracy:   0.875
11/10/2017 02:56:57 [INFO] exp_shallowmodel: f1_score:   0.598
11/10/2017 02:56:57 [INFO] exp_shallowmodel: classification report:
11/10/2017 02:56:57 [INFO] exp_shallowmodel:              precision    recall  f1-score   support

          A       0.62      0.61      0.62        59
          C       0.40      0.17      0.24        12
          F       0.96      0.98      0.97       396
          R       0.58      0.56      0.57        55

avg / total       0.87      0.88      0.87       522

11/10/2017 02:56:57 [INFO] exp_shallowmodel: confusion matrix:
11/10/2017 02:56:57 [INFO] exp_shallowmodel: 
[[ 36   1   7  15]
 [  5   2   1   4]
 [  4   1 388   3]
 [ 13   1  10  31]]
11/10/2017 02:56:57 [INFO] exp_deepmodel: ******************** ghome - Round 8 
11/10/2017 02:56:57 [INFO] keyedvectors: loading projection weights from /Users/memray/Data/glove/GoogleNews-vectors-negative300.bin
11/10/2017 02:57:42 [INFO] keyedvectors: loaded (3000000, 300) matrix from /Users/memray/Data/glove/GoogleNews-vectors-negative300.bin
11/10/2017 03:05:44 [INFO] exp_shallowmodel: accuracy:   0.897
11/10/2017 03:05:44 [INFO] exp_shallowmodel: f1_score:   0.705
11/10/2017 03:05:44 [INFO] exp_shallowmodel: classification report:
11/10/2017 03:05:44 [INFO] exp_shallowmodel:              precision    recall  f1-score   support

          A       0.69      0.71      0.70        59
          C       0.83      0.42      0.56        12
          F       0.96      0.99      0.97       396
          R       0.65      0.55      0.59        55

avg / total       0.89      0.90      0.89       522

11/10/2017 03:05:44 [INFO] exp_shallowmodel: confusion matrix:
11/10/2017 03:05:44 [INFO] exp_shallowmodel: 
[[ 42   0   5  12]
 [  3   5   2   2]
 [  2   1 391   2]
 [ 14   0  11  30]]
11/10/2017 03:05:44 [INFO] exp_deepmodel: ******************** ghome - Round 9 
11/10/2017 03:05:45 [INFO] keyedvectors: loading projection weights from /Users/memray/Data/glove/GoogleNews-vectors-negative300.bin
11/10/2017 03:06:27 [INFO] keyedvectors: loaded (3000000, 300) matrix from /Users/memray/Data/glove/GoogleNews-vectors-negative300.bin
11/10/2017 03:09:28 [INFO] exp_shallowmodel: accuracy:   0.866
11/10/2017 03:09:28 [INFO] exp_shallowmodel: f1_score:   0.520
11/10/2017 03:09:28 [INFO] exp_shallowmodel: classification report:
11/10/2017 03:09:28 [INFO] exp_shallowmodel:              precision    recall  f1-score   support

          A       0.60      0.83      0.69        64
          C       0.00      0.00      0.00        14
          F       0.94      0.99      0.96       402
          R       0.65      0.32      0.43        63

avg / total       0.84      0.87      0.84       543

11/10/2017 03:09:28 [INFO] exp_shallowmodel: confusion matrix:
11/10/2017 03:09:28 [INFO] exp_shallowmodel: 
[[ 53   0   5   6]
 [  2   0   7   5]
 [  5   0 397   0]
 [ 29   0  14  20]]
11/10/2017 03:09:28 [INFO] exp_deepmodel: ******************** ghome - Round 10 
11/10/2017 03:09:28 [INFO] keyedvectors: loading projection weights from /Users/memray/Data/glove/GoogleNews-vectors-negative300.bin
11/10/2017 03:10:11 [INFO] keyedvectors: loaded (3000000, 300) matrix from /Users/memray/Data/glove/GoogleNews-vectors-negative300.bin
11/10/2017 03:21:13 [INFO] exp_shallowmodel: accuracy:   0.866
11/10/2017 03:21:13 [INFO] exp_shallowmodel: f1_score:   0.580
11/10/2017 03:21:13 [INFO] exp_shallowmodel: classification report:
11/10/2017 03:21:13 [INFO] exp_shallowmodel:              precision    recall  f1-score   support

          A       0.68      0.61      0.64        59
          C       0.67      0.17      0.27        12
          F       0.92      0.99      0.96       396
          R       0.52      0.40      0.45        55

avg / total       0.85      0.87      0.85       522

11/10/2017 03:21:13 [INFO] exp_shallowmodel: confusion matrix:
11/10/2017 03:21:13 [INFO] exp_shallowmodel: 
[[ 36   0   7  16]
 [  3   2   4   3]
 [  3   0 392   1]
 [ 11   1  21  22]]
11/10/2017 03:21:13 [INFO] exp_deepmodel: ******************** ghome - Round 11 
11/10/2017 03:21:13 [INFO] keyedvectors: loading projection weights from /Users/memray/Data/glove/GoogleNews-vectors-negative300.bin
11/10/2017 03:21:57 [INFO] keyedvectors: loaded (3000000, 300) matrix from /Users/memray/Data/glove/GoogleNews-vectors-negative300.bin
11/10/2017 03:32:58 [INFO] exp_shallowmodel: accuracy:   0.900
11/10/2017 03:32:58 [INFO] exp_shallowmodel: f1_score:   0.720
11/10/2017 03:32:58 [INFO] exp_shallowmodel: classification report:
11/10/2017 03:32:58 [INFO] exp_shallowmodel:              precision    recall  f1-score   support

          A       0.73      0.68      0.70        59
          C       0.67      0.50      0.57        12
          F       0.97      0.98      0.98       396
          R       0.61      0.65      0.63        55

avg / total       0.90      0.90      0.90       522

11/10/2017 03:32:58 [INFO] exp_shallowmodel: confusion matrix:
11/10/2017 03:32:58 [INFO] exp_shallowmodel: 
[[ 40   0   5  14]
 [  2   6   1   3]
 [  2   0 388   6]
 [ 11   3   5  36]]
11/10/2017 03:32:58 [INFO] exp_deepmodel: ******************** ghome - Round 12 
11/10/2017 03:32:58 [INFO] keyedvectors: loading projection weights from /Users/memray/Data/glove/GoogleNews-vectors-negative300.bin
11/10/2017 03:33:40 [INFO] keyedvectors: loaded (3000000, 300) matrix from /Users/memray/Data/glove/GoogleNews-vectors-negative300.bin
11/10/2017 03:44:42 [INFO] exp_shallowmodel: accuracy:   0.877
11/10/2017 03:44:42 [INFO] exp_shallowmodel: f1_score:   0.618
11/10/2017 03:44:42 [INFO] exp_shallowmodel: classification report:
11/10/2017 03:44:42 [INFO] exp_shallowmodel:              precision    recall  f1-score   support

          A       0.58      0.69      0.63        59
          C       0.43      0.25      0.32        12
          F       0.96      0.98      0.97       396
          R       0.64      0.49      0.56        55

avg / total       0.87      0.88      0.87       522

11/10/2017 03:44:42 [INFO] exp_shallowmodel: confusion matrix:
11/10/2017 03:44:42 [INFO] exp_shallowmodel: 
[[ 41   2   5  11]
 [  4   3   4   1]
 [  6   0 387   3]
 [ 20   2   6  27]]
11/10/2017 03:44:42 [INFO] exp_deepmodel: ******************** ghome - Round 13 
11/10/2017 03:44:42 [INFO] keyedvectors: loading projection weights from /Users/memray/Data/glove/GoogleNews-vectors-negative300.bin
11/10/2017 03:45:25 [INFO] keyedvectors: loaded (3000000, 300) matrix from /Users/memray/Data/glove/GoogleNews-vectors-negative300.bin
11/10/2017 03:55:27 [INFO] exp_shallowmodel: accuracy:   0.866
11/10/2017 03:55:27 [INFO] exp_shallowmodel: f1_score:   0.622
11/10/2017 03:55:27 [INFO] exp_shallowmodel: classification report:
11/10/2017 03:55:27 [INFO] exp_shallowmodel:              precision    recall  f1-score   support

          A       0.52      0.56      0.54        59
          C       0.75      0.25      0.38        12
          F       0.97      0.96      0.97       396
          R       0.57      0.65      0.61        55

avg / total       0.87      0.87      0.87       522

11/10/2017 03:55:27 [INFO] exp_shallowmodel: confusion matrix:
11/10/2017 03:55:27 [INFO] exp_shallowmodel: 
[[ 33   0   6  20]
 [  4   3   3   2]
 [ 10   1 380   5]
 [ 17   0   2  36]]
11/10/2017 03:55:27 [INFO] exp_deepmodel: ******************** ghome - Round 14 
11/10/2017 03:55:27 [INFO] keyedvectors: loading projection weights from /Users/memray/Data/glove/GoogleNews-vectors-negative300.bin
11/10/2017 03:56:11 [INFO] keyedvectors: loaded (3000000, 300) matrix from /Users/memray/Data/glove/GoogleNews-vectors-negative300.bin
11/10/2017 04:04:11 [INFO] exp_shallowmodel: accuracy:   0.877
11/10/2017 04:04:11 [INFO] exp_shallowmodel: f1_score:   0.637
11/10/2017 04:04:11 [INFO] exp_shallowmodel: classification report:
11/10/2017 04:04:11 [INFO] exp_shallowmodel:              precision    recall  f1-score   support

          A       0.64      0.61      0.63        59
          C       0.57      0.33      0.42        12
          F       0.94      0.99      0.96       396
          R       0.62      0.47      0.54        55

avg / total       0.86      0.88      0.87       522

11/10/2017 04:04:11 [INFO] exp_shallowmodel: confusion matrix:
11/10/2017 04:04:11 [INFO] exp_shallowmodel: 
[[ 36   1   8  14]
 [  1   4   6   1]
 [  2   1 392   1]
 [ 17   1  11  26]]
11/10/2017 04:04:11 [INFO] exp_deepmodel: ******************** ghome - Round 15 
11/10/2017 04:04:12 [INFO] keyedvectors: loading projection weights from /Users/memray/Data/glove/GoogleNews-vectors-negative300.bin
11/10/2017 04:04:56 [INFO] keyedvectors: loaded (3000000, 300) matrix from /Users/memray/Data/glove/GoogleNews-vectors-negative300.bin
11/10/2017 04:08:57 [INFO] exp_shallowmodel: accuracy:   0.874
11/10/2017 04:08:57 [INFO] exp_shallowmodel: f1_score:   0.539
11/10/2017 04:08:57 [INFO] exp_shallowmodel: classification report:
11/10/2017 04:08:57 [INFO] exp_shallowmodel:              precision    recall  f1-score   support

          A       0.71      0.51      0.59        59
          C       0.00      0.00      0.00        12
          F       0.95      0.98      0.97       396
          R       0.54      0.67      0.60        55

avg / total       0.86      0.87      0.86       522

11/10/2017 04:08:57 [INFO] exp_shallowmodel: confusion matrix:
11/10/2017 04:08:57 [INFO] exp_shallowmodel: 
[[ 30   0   9  20]
 [  1   0   4   7]
 [  2   0 389   5]
 [  9   2   7  37]]
11/10/2017 04:08:57 [INFO] exp_deepmodel: ******************** ghome - Round 16 
11/10/2017 04:08:57 [INFO] keyedvectors: loading projection weights from /Users/memray/Data/glove/GoogleNews-vectors-negative300.bin
11/10/2017 04:09:39 [INFO] keyedvectors: loaded (3000000, 300) matrix from /Users/memray/Data/glove/GoogleNews-vectors-negative300.bin
11/10/2017 04:18:40 [INFO] exp_shallowmodel: accuracy:   0.883
11/10/2017 04:18:40 [INFO] exp_shallowmodel: f1_score:   0.536
11/10/2017 04:18:40 [INFO] exp_shallowmodel: classification report:
11/10/2017 04:18:40 [INFO] exp_shallowmodel:              precision    recall  f1-score   support

          A       0.61      0.68      0.64        59
          C       0.00      0.00      0.00        12
          F       0.95      1.00      0.98       396
          R       0.62      0.45      0.53        55

avg / total       0.86      0.88      0.87       522

11/10/2017 04:18:40 [INFO] exp_shallowmodel: confusion matrix:
11/10/2017 04:18:40 [INFO] exp_shallowmodel: 
[[ 40   0   8  11]
 [  3   0   5   4]
 [  0   0 396   0]
 [ 23   1   6  25]]
11/10/2017 04:18:40 [INFO] exp_deepmodel: ******************** ghome - Round 17 
11/10/2017 04:18:41 [INFO] keyedvectors: loading projection weights from /Users/memray/Data/glove/GoogleNews-vectors-negative300.bin
11/10/2017 04:19:24 [INFO] keyedvectors: loaded (3000000, 300) matrix from /Users/memray/Data/glove/GoogleNews-vectors-negative300.bin
11/10/2017 04:27:25 [INFO] exp_shallowmodel: accuracy:   0.889
11/10/2017 04:27:25 [INFO] exp_shallowmodel: f1_score:   0.644
11/10/2017 04:27:25 [INFO] exp_shallowmodel: classification report:
11/10/2017 04:27:25 [INFO] exp_shallowmodel:              precision    recall  f1-score   support

          A       0.67      0.61      0.64        59
          C       0.50      0.25      0.33        12
          F       0.95      0.99      0.97       396
          R       0.65      0.62      0.64        55

avg / total       0.88      0.89      0.88       522

11/10/2017 04:27:25 [INFO] exp_shallowmodel: confusion matrix:
11/10/2017 04:27:25 [INFO] exp_shallowmodel: 
[[ 36   2   7  14]
 [  3   3   5   1]
 [  2   0 391   3]
 [ 13   1   7  34]]
11/10/2017 04:27:25 [INFO] exp_deepmodel: ******************** ghome - Round 18 
11/10/2017 04:27:25 [INFO] keyedvectors: loading projection weights from /Users/memray/Data/glove/GoogleNews-vectors-negative300.bin
11/10/2017 04:28:09 [INFO] keyedvectors: loaded (3000000, 300) matrix from /Users/memray/Data/glove/GoogleNews-vectors-negative300.bin
11/10/2017 04:35:11 [INFO] exp_shallowmodel: accuracy:   0.883
11/10/2017 04:35:11 [INFO] exp_shallowmodel: f1_score:   0.612
11/10/2017 04:35:11 [INFO] exp_shallowmodel: classification report:
11/10/2017 04:35:11 [INFO] exp_shallowmodel:              precision    recall  f1-score   support

          A       0.66      0.63      0.64        59
          C       0.67      0.17      0.27        12
          F       0.95      0.99      0.97       396
          R       0.59      0.55      0.57        55

avg / total       0.87      0.88      0.87       522

11/10/2017 04:35:11 [INFO] exp_shallowmodel: confusion matrix:
11/10/2017 04:35:11 [INFO] exp_shallowmodel: 
[[ 37   1   6  15]
 [  2   2   3   5]
 [  3   0 392   1]
 [ 14   0  11  30]]
11/10/2017 04:35:11 [INFO] exp_deepmodel: ******************** ghome - Round 19 
11/10/2017 04:35:11 [INFO] keyedvectors: loading projection weights from /Users/memray/Data/glove/GoogleNews-vectors-negative300.bin
11/10/2017 04:35:54 [INFO] keyedvectors: loaded (3000000, 300) matrix from /Users/memray/Data/glove/GoogleNews-vectors-negative300.bin
11/10/2017 04:39:54 [INFO] exp_shallowmodel: accuracy:   0.866
11/10/2017 04:39:54 [INFO] exp_shallowmodel: f1_score:   0.523
11/10/2017 04:39:54 [INFO] exp_shallowmodel: classification report:
11/10/2017 04:39:54 [INFO] exp_shallowmodel:              precision    recall  f1-score   support

          A       0.73      0.38      0.49        64
          C       0.00      0.00      0.00        14
          F       0.93      1.00      0.96       402
          R       0.56      0.73      0.63        63

avg / total       0.84      0.87      0.85       543

11/10/2017 04:39:54 [INFO] exp_shallowmodel: confusion matrix:
11/10/2017 04:39:54 [INFO] exp_shallowmodel: 
[[ 24   0   9  31]
 [  0   0  10   4]
 [  1   0 400   1]
 [  8   0   9  46]]
11/10/2017 04:39:54 [INFO] exp_deepmodel: ******************** ghome - Round 20 
11/10/2017 04:39:55 [INFO] keyedvectors: loading projection weights from /Users/memray/Data/glove/GoogleNews-vectors-negative300.bin
11/10/2017 04:40:38 [INFO] keyedvectors: loaded (3000000, 300) matrix from /Users/memray/Data/glove/GoogleNews-vectors-negative300.bin
11/10/2017 04:49:12 [INFO] exp_shallowmodel: accuracy:   0.866
11/10/2017 04:49:12 [INFO] exp_shallowmodel: f1_score:   0.565
11/10/2017 04:49:12 [INFO] exp_shallowmodel: classification report:
11/10/2017 04:49:12 [INFO] exp_shallowmodel:              precision    recall  f1-score   support

          A       0.72      0.56      0.63        59
          C       0.12      0.08      0.10        12
          F       0.95      0.97      0.96       396
          R       0.53      0.62      0.57        55

avg / total       0.86      0.87      0.86       522

11/10/2017 04:49:12 [INFO] exp_shallowmodel: confusion matrix:
11/10/2017 04:49:12 [INFO] exp_shallowmodel: 
[[ 33   2   5  19]
 [  1   1   5   5]
 [  3   3 384   6]
 [  9   2  10  34]]
11/10/2017 04:49:12 [INFO] exp_deepmodel: ******************** ghome - Round 21 
11/10/2017 04:49:12 [INFO] keyedvectors: loading projection weights from /Users/memray/Data/glove/GoogleNews-vectors-negative300.bin
11/10/2017 04:49:55 [INFO] keyedvectors: loaded (3000000, 300) matrix from /Users/memray/Data/glove/GoogleNews-vectors-negative300.bin
11/10/2017 05:00:55 [INFO] exp_shallowmodel: accuracy:   0.885
11/10/2017 05:00:55 [INFO] exp_shallowmodel: f1_score:   0.634
11/10/2017 05:00:55 [INFO] exp_shallowmodel: classification report:
11/10/2017 05:00:55 [INFO] exp_shallowmodel:              precision    recall  f1-score   support

          A       0.63      0.68      0.66        59
          C       0.43      0.25      0.32        12
          F       0.97      0.98      0.97       396
          R       0.60      0.58      0.59        55

avg / total       0.88      0.89      0.88       522

11/10/2017 05:00:55 [INFO] exp_shallowmodel: confusion matrix:
11/10/2017 05:00:55 [INFO] exp_shallowmodel: 
[[ 40   0   6  13]
 [  2   3   2   5]
 [  3   3 387   3]
 [ 18   1   4  32]]
11/10/2017 05:00:55 [INFO] exp_deepmodel: ******************** ghome - Round 22 
11/10/2017 05:00:55 [INFO] keyedvectors: loading projection weights from /Users/memray/Data/glove/GoogleNews-vectors-negative300.bin
11/10/2017 05:01:40 [INFO] keyedvectors: loaded (3000000, 300) matrix from /Users/memray/Data/glove/GoogleNews-vectors-negative300.bin
11/10/2017 05:07:42 [INFO] exp_shallowmodel: accuracy:   0.881
11/10/2017 05:07:42 [INFO] exp_shallowmodel: f1_score:   0.640
11/10/2017 05:07:42 [INFO] exp_shallowmodel: classification report:
11/10/2017 05:07:42 [INFO] exp_shallowmodel:              precision    recall  f1-score   support

          A       0.65      0.73      0.69        59
          C       0.60      0.25      0.35        12
          F       0.95      0.98      0.96       396
          R       0.64      0.49      0.56        55

avg / total       0.87      0.88      0.87       522

11/10/2017 05:07:42 [INFO] exp_shallowmodel: confusion matrix:
11/10/2017 05:07:42 [INFO] exp_shallowmodel: 
[[ 43   0   7   9]
 [  4   3   3   2]
 [  5   0 387   4]
 [ 14   2  12  27]]
11/10/2017 05:07:42 [INFO] exp_deepmodel: ******************** ghome - Round 23 
11/10/2017 05:07:42 [INFO] keyedvectors: loading projection weights from /Users/memray/Data/glove/GoogleNews-vectors-negative300.bin
11/10/2017 05:08:23 [INFO] keyedvectors: loaded (3000000, 300) matrix from /Users/memray/Data/glove/GoogleNews-vectors-negative300.bin
11/10/2017 05:20:25 [INFO] exp_shallowmodel: accuracy:   0.889
11/10/2017 05:20:25 [INFO] exp_shallowmodel: f1_score:   0.566
11/10/2017 05:20:25 [INFO] exp_shallowmodel: classification report:
11/10/2017 05:20:25 [INFO] exp_shallowmodel:              precision    recall  f1-score   support

          A       0.67      0.66      0.67        59
          C       0.00      0.00      0.00        12
          F       0.96      0.99      0.97       396
          R       0.65      0.60      0.62        55

avg / total       0.87      0.89      0.88       522

11/10/2017 05:20:25 [INFO] exp_shallowmodel: confusion matrix:
11/10/2017 05:20:25 [INFO] exp_shallowmodel: 
[[ 39   1   6  13]
 [  4   0   7   1]
 [  0   0 392   4]
 [ 15   3   4  33]]
11/10/2017 05:20:25 [INFO] exp_deepmodel: ******************** ghome - Round 24 
11/10/2017 05:20:26 [INFO] keyedvectors: loading projection weights from /Users/memray/Data/glove/GoogleNews-vectors-negative300.bin
11/10/2017 05:21:07 [INFO] keyedvectors: loaded (3000000, 300) matrix from /Users/memray/Data/glove/GoogleNews-vectors-negative300.bin
11/10/2017 05:26:08 [INFO] exp_shallowmodel: accuracy:   0.860
11/10/2017 05:26:08 [INFO] exp_shallowmodel: f1_score:   0.547
11/10/2017 05:26:08 [INFO] exp_shallowmodel: classification report:
11/10/2017 05:26:08 [INFO] exp_shallowmodel:              precision    recall  f1-score   support

          A       0.60      0.63      0.61        59
          C       0.20      0.08      0.12        12
          F       0.94      0.97      0.96       396
          R       0.56      0.45      0.50        55

avg / total       0.84      0.86      0.85       522

11/10/2017 05:26:08 [INFO] exp_shallowmodel: confusion matrix:
11/10/2017 05:26:08 [INFO] exp_shallowmodel: 
[[ 37   1   9  12]
 [  0   1   5   6]
 [  6   2 386   2]
 [ 19   1  10  25]]
11/10/2017 05:26:09 [INFO] exp_deepmodel: ******************** ghome - Round 25 
11/10/2017 05:26:09 [INFO] keyedvectors: loading projection weights from /Users/memray/Data/glove/GoogleNews-vectors-negative300.bin
11/10/2017 05:26:53 [INFO] keyedvectors: loaded (3000000, 300) matrix from /Users/memray/Data/glove/GoogleNews-vectors-negative300.bin
11/10/2017 05:35:54 [INFO] exp_shallowmodel: accuracy:   0.881
11/10/2017 05:35:54 [INFO] exp_shallowmodel: f1_score:   0.589
11/10/2017 05:35:54 [INFO] exp_shallowmodel: classification report:
11/10/2017 05:35:54 [INFO] exp_shallowmodel:              precision    recall  f1-score   support

          A       0.61      0.63      0.62        59
          C       0.25      0.08      0.12        12
          F       0.96      0.98      0.97       396
          R       0.66      0.64      0.65        55

avg / total       0.87      0.88      0.87       522

11/10/2017 05:35:54 [INFO] exp_shallowmodel: confusion matrix:
11/10/2017 05:35:54 [INFO] exp_shallowmodel: 
[[ 37   1   7  14]
 [  4   1   6   1]
 [  6   0 387   3]
 [ 14   2   4  35]]
11/10/2017 05:35:54 [INFO] exp_deepmodel: ******************** ghome - Round 26 
11/10/2017 05:35:54 [INFO] keyedvectors: loading projection weights from /Users/memray/Data/glove/GoogleNews-vectors-negative300.bin
11/10/2017 05:36:39 [INFO] keyedvectors: loaded (3000000, 300) matrix from /Users/memray/Data/glove/GoogleNews-vectors-negative300.bin
11/10/2017 05:43:41 [INFO] exp_shallowmodel: accuracy:   0.895
11/10/2017 05:43:41 [INFO] exp_shallowmodel: f1_score:   0.617
11/10/2017 05:43:41 [INFO] exp_shallowmodel: classification report:
11/10/2017 05:43:41 [INFO] exp_shallowmodel:              precision    recall  f1-score   support

          A       0.71      0.69      0.70        59
          C       1.00      0.08      0.15        12
          F       0.94      0.99      0.97       396
          R       0.70      0.60      0.65        55

avg / total       0.89      0.89      0.88       522

11/10/2017 05:43:41 [INFO] exp_shallowmodel: confusion matrix:
11/10/2017 05:43:41 [INFO] exp_shallowmodel: 
[[ 41   0   7  11]
 [  3   1   7   1]
 [  2   0 392   2]
 [ 12   0  10  33]]
11/10/2017 05:43:41 [INFO] exp_deepmodel: ******************** ghome - Round 27 
11/10/2017 05:43:41 [INFO] keyedvectors: loading projection weights from /Users/memray/Data/glove/GoogleNews-vectors-negative300.bin
11/10/2017 05:44:24 [INFO] keyedvectors: loaded (3000000, 300) matrix from /Users/memray/Data/glove/GoogleNews-vectors-negative300.bin
11/10/2017 05:54:25 [INFO] exp_shallowmodel: accuracy:   0.877
11/10/2017 05:54:25 [INFO] exp_shallowmodel: f1_score:   0.621
11/10/2017 05:54:25 [INFO] exp_shallowmodel: classification report:
11/10/2017 05:54:25 [INFO] exp_shallowmodel:              precision    recall  f1-score   support

          A       0.67      0.59      0.63        59
          C       0.50      0.25      0.33        12
          F       0.95      0.98      0.97       396
          R       0.56      0.55      0.55        55

avg / total       0.87      0.88      0.87       522

11/10/2017 05:54:25 [INFO] exp_shallowmodel: confusion matrix:
11/10/2017 05:54:25 [INFO] exp_shallowmodel: 
[[ 35   1   7  16]
 [  1   3   2   6]
 [  3   1 390   2]
 [ 13   1  11  30]]
11/10/2017 05:54:25 [INFO] exp_deepmodel: ******************** ghome - Round 28 
11/10/2017 05:54:25 [INFO] keyedvectors: loading projection weights from /Users/memray/Data/glove/GoogleNews-vectors-negative300.bin
11/10/2017 05:55:11 [INFO] keyedvectors: loaded (3000000, 300) matrix from /Users/memray/Data/glove/GoogleNews-vectors-negative300.bin
11/10/2017 06:03:12 [INFO] exp_shallowmodel: accuracy:   0.889
11/10/2017 06:03:12 [INFO] exp_shallowmodel: f1_score:   0.642
11/10/2017 06:03:12 [INFO] exp_shallowmodel: classification report:
11/10/2017 06:03:12 [INFO] exp_shallowmodel:              precision    recall  f1-score   support

          A       0.67      0.69      0.68        59
          C       0.50      0.25      0.33        12
          F       0.95      0.99      0.97       396
          R       0.68      0.51      0.58        55

avg / total       0.88      0.89      0.88       522

11/10/2017 06:03:12 [INFO] exp_shallowmodel: confusion matrix:
11/10/2017 06:03:12 [INFO] exp_shallowmodel: 
[[ 41   0   8  10]
 [  2   3   5   2]
 [  1   2 392   1]
 [ 17   1   9  28]]
11/10/2017 06:03:12 [INFO] exp_deepmodel: ******************** ghome - Round 29 
11/10/2017 06:03:13 [INFO] keyedvectors: loading projection weights from /Users/memray/Data/glove/GoogleNews-vectors-negative300.bin
11/10/2017 06:03:56 [INFO] keyedvectors: loaded (3000000, 300) matrix from /Users/memray/Data/glove/GoogleNews-vectors-negative300.bin
11/10/2017 06:12:52 [INFO] exp_shallowmodel: accuracy:   0.886
11/10/2017 06:12:52 [INFO] exp_shallowmodel: f1_score:   0.655
11/10/2017 06:12:52 [INFO] exp_shallowmodel: classification report:
11/10/2017 06:12:52 [INFO] exp_shallowmodel:              precision    recall  f1-score   support

          A       0.67      0.59      0.63        64
          C       1.00      0.21      0.35        14
          F       0.95      0.99      0.97       402
          R       0.66      0.68      0.67        63

avg / total       0.88      0.89      0.88       543

11/10/2017 06:12:52 [INFO] exp_shallowmodel: confusion matrix:
11/10/2017 06:12:52 [INFO] exp_shallowmodel: 
[[ 38   0   8  18]
 [  3   3   6   2]
 [  3   0 397   2]
 [ 13   0   7  43]]
11/10/2017 06:12:52 [INFO] exp_deepmodel: ******************** ghome - Round 30 
11/10/2017 06:12:53 [INFO] keyedvectors: loading projection weights from /Users/memray/Data/glove/GoogleNews-vectors-negative300.bin
11/10/2017 06:13:36 [INFO] keyedvectors: loaded (3000000, 300) matrix from /Users/memray/Data/glove/GoogleNews-vectors-negative300.bin
11/10/2017 06:20:38 [INFO] exp_shallowmodel: accuracy:   0.874
11/10/2017 06:20:38 [INFO] exp_shallowmodel: f1_score:   0.609
11/10/2017 06:20:38 [INFO] exp_shallowmodel: classification report:
11/10/2017 06:20:38 [INFO] exp_shallowmodel:              precision    recall  f1-score   support

          A       0.65      0.68      0.66        59
          C       1.00      0.17      0.29        12
          F       0.95      0.97      0.96       396
          R       0.55      0.51      0.53        55

avg / total       0.87      0.87      0.87       522

11/10/2017 06:20:38 [INFO] exp_shallowmodel: confusion matrix:
11/10/2017 06:20:38 [INFO] exp_shallowmodel: 
[[ 40   0   6  13]
 [  2   2   4   4]
 [  4   0 386   6]
 [ 16   0  11  28]]
11/10/2017 06:20:38 [INFO] exp_deepmodel: ******************** ghome - Round 31 
11/10/2017 06:20:38 [INFO] keyedvectors: loading projection weights from /Users/memray/Data/glove/GoogleNews-vectors-negative300.bin
11/10/2017 06:21:22 [INFO] keyedvectors: loaded (3000000, 300) matrix from /Users/memray/Data/glove/GoogleNews-vectors-negative300.bin
11/10/2017 06:25:24 [INFO] exp_shallowmodel: accuracy:   0.879
11/10/2017 06:25:24 [INFO] exp_shallowmodel: f1_score:   0.547
11/10/2017 06:25:24 [INFO] exp_shallowmodel: classification report:
11/10/2017 06:25:24 [INFO] exp_shallowmodel:              precision    recall  f1-score   support

          A       0.67      0.49      0.57        59
          C       0.00      0.00      0.00        12
          F       0.94      0.99      0.97       396
          R       0.62      0.69      0.66        55

avg / total       0.86      0.88      0.87       522

11/10/2017 06:25:24 [INFO] exp_shallowmodel: confusion matrix:
11/10/2017 06:25:24 [INFO] exp_shallowmodel: 
[[ 29   1  10  19]
 [  1   0   8   3]
 [  2   1 392   1]
 [ 11   0   6  38]]
11/10/2017 06:25:24 [INFO] exp_deepmodel: ******************** ghome - Round 32 
11/10/2017 06:25:25 [INFO] keyedvectors: loading projection weights from /Users/memray/Data/glove/GoogleNews-vectors-negative300.bin
11/10/2017 06:26:05 [INFO] keyedvectors: loaded (3000000, 300) matrix from /Users/memray/Data/glove/GoogleNews-vectors-negative300.bin
11/10/2017 06:32:10 [INFO] exp_shallowmodel: accuracy:   0.885
11/10/2017 06:32:10 [INFO] exp_shallowmodel: f1_score:   0.630
11/10/2017 06:32:10 [INFO] exp_shallowmodel: classification report:
11/10/2017 06:32:10 [INFO] exp_shallowmodel:              precision    recall  f1-score   support

          A       0.71      0.69      0.70        59
          C       1.00      0.17      0.29        12
          F       0.94      0.98      0.96       396
          R       0.60      0.55      0.57        55

avg / total       0.88      0.89      0.88       522

11/10/2017 06:32:10 [INFO] exp_shallowmodel: confusion matrix:
11/10/2017 06:32:10 [INFO] exp_shallowmodel: 
[[ 41   0   6  12]
 [  3   2   3   4]
 [  3   0 389   4]
 [ 11   0  14  30]]
11/10/2017 06:32:10 [INFO] exp_deepmodel: ******************** ghome - Round 33 
11/10/2017 06:32:10 [INFO] keyedvectors: loading projection weights from /Users/memray/Data/glove/GoogleNews-vectors-negative300.bin
11/10/2017 06:32:53 [INFO] keyedvectors: loaded (3000000, 300) matrix from /Users/memray/Data/glove/GoogleNews-vectors-negative300.bin
11/10/2017 06:44:04 [INFO] exp_shallowmodel: accuracy:   0.885
11/10/2017 06:44:04 [INFO] exp_shallowmodel: f1_score:   0.655
11/10/2017 06:44:04 [INFO] exp_shallowmodel: classification report:
11/10/2017 06:44:04 [INFO] exp_shallowmodel:              precision    recall  f1-score   support

          A       0.61      0.68      0.64        59
          C       0.50      0.33      0.40        12
          F       0.96      0.98      0.97       396
          R       0.70      0.55      0.61        55

avg / total       0.88      0.89      0.88       522

11/10/2017 06:44:04 [INFO] exp_shallowmodel: confusion matrix:
11/10/2017 06:44:04 [INFO] exp_shallowmodel: 
[[ 40   3   8   8]
 [  1   4   3   4]
 [  7   0 388   1]
 [ 18   1   6  30]]
11/10/2017 06:44:04 [INFO] exp_deepmodel: ******************** ghome - Round 34 
11/10/2017 06:44:04 [INFO] keyedvectors: loading projection weights from /Users/memray/Data/glove/GoogleNews-vectors-negative300.bin
11/10/2017 06:44:49 [INFO] keyedvectors: loaded (3000000, 300) matrix from /Users/memray/Data/glove/GoogleNews-vectors-negative300.bin
11/10/2017 06:54:13 [INFO] exp_shallowmodel: accuracy:   0.879
11/10/2017 06:54:13 [INFO] exp_shallowmodel: f1_score:   0.590
11/10/2017 06:54:13 [INFO] exp_shallowmodel: classification report:
11/10/2017 06:54:13 [INFO] exp_shallowmodel:              precision    recall  f1-score   support

          A       0.60      0.59      0.60        59
          C       0.29      0.17      0.21        12
          F       0.97      0.99      0.98       396
          R       0.58      0.56      0.57        55

avg / total       0.87      0.88      0.87       522

11/10/2017 06:54:13 [INFO] exp_shallowmodel: confusion matrix:
11/10/2017 06:54:13 [INFO] exp_shallowmodel: 
[[ 35   0   7  17]
 [  6   2   1   3]
 [  1   2 391   2]
 [ 16   3   5  31]]
11/10/2017 06:54:13 [INFO] exp_deepmodel: ******************** ghome - Round 35 
11/10/2017 06:54:13 [INFO] keyedvectors: loading projection weights from /Users/memray/Data/glove/GoogleNews-vectors-negative300.bin
11/10/2017 06:54:56 [INFO] keyedvectors: loaded (3000000, 300) matrix from /Users/memray/Data/glove/GoogleNews-vectors-negative300.bin
11/10/2017 07:02:57 [INFO] exp_shallowmodel: accuracy:   0.879
11/10/2017 07:02:57 [INFO] exp_shallowmodel: f1_score:   0.612
11/10/2017 07:02:57 [INFO] exp_shallowmodel: classification report:
11/10/2017 07:02:57 [INFO] exp_shallowmodel:              precision    recall  f1-score   support

          A       0.68      0.61      0.64        59
          C       0.67      0.17      0.27        12
          F       0.95      0.98      0.97       396
          R       0.56      0.58      0.57        55

avg / total       0.87      0.88      0.87       522

11/10/2017 07:02:57 [INFO] exp_shallowmodel: confusion matrix:
11/10/2017 07:02:57 [INFO] exp_shallowmodel: 
[[ 36   0   4  19]
 [  4   2   4   2]
 [  3   0 389   4]
 [ 10   1  12  32]]
11/10/2017 07:02:58 [INFO] exp_deepmodel: ******************** ghome - Round 36 
11/10/2017 07:02:58 [INFO] keyedvectors: loading projection weights from /Users/memray/Data/glove/GoogleNews-vectors-negative300.bin
11/10/2017 07:03:43 [INFO] keyedvectors: loaded (3000000, 300) matrix from /Users/memray/Data/glove/GoogleNews-vectors-negative300.bin
11/10/2017 07:10:45 [INFO] exp_shallowmodel: accuracy:   0.891
11/10/2017 07:10:45 [INFO] exp_shallowmodel: f1_score:   0.647
11/10/2017 07:10:45 [INFO] exp_shallowmodel: classification report:
11/10/2017 07:10:45 [INFO] exp_shallowmodel:              precision    recall  f1-score   support

          A       0.67      0.64      0.66        59
          C       0.50      0.25      0.33        12
          F       0.95      0.99      0.97       396
          R       0.68      0.58      0.63        55

avg / total       0.88      0.89      0.88       522

11/10/2017 07:10:45 [INFO] exp_shallowmodel: confusion matrix:
11/10/2017 07:10:45 [INFO] exp_shallowmodel: 
[[ 38   0   9  12]
 [  2   3   5   2]
 [  3   0 392   1]
 [ 14   3   6  32]]
11/10/2017 07:10:45 [INFO] exp_deepmodel: ******************** ghome - Round 37 
11/10/2017 07:10:45 [INFO] keyedvectors: loading projection weights from /Users/memray/Data/glove/GoogleNews-vectors-negative300.bin
11/10/2017 07:11:27 [INFO] keyedvectors: loaded (3000000, 300) matrix from /Users/memray/Data/glove/GoogleNews-vectors-negative300.bin
11/10/2017 07:21:27 [INFO] exp_shallowmodel: accuracy:   0.874
11/10/2017 07:21:27 [INFO] exp_shallowmodel: f1_score:   0.617
11/10/2017 07:21:27 [INFO] exp_shallowmodel: classification report:
11/10/2017 07:21:27 [INFO] exp_shallowmodel:              precision    recall  f1-score   support

          A       0.58      0.47      0.52        59
          C       0.75      0.25      0.38        12
          F       0.94      0.99      0.96       396
          R       0.63      0.58      0.60        55

avg / total       0.86      0.87      0.86       522

11/10/2017 07:21:27 [INFO] exp_shallowmodel: confusion matrix:
11/10/2017 07:21:27 [INFO] exp_shallowmodel: 
[[ 28   0  15  16]
 [  3   3   4   2]
 [  2   0 393   1]
 [ 15   1   7  32]]
11/10/2017 07:21:27 [INFO] exp_deepmodel: ******************** ghome - Round 38 
11/10/2017 07:21:27 [INFO] keyedvectors: loading projection weights from /Users/memray/Data/glove/GoogleNews-vectors-negative300.bin
11/10/2017 07:22:09 [INFO] keyedvectors: loaded (3000000, 300) matrix from /Users/memray/Data/glove/GoogleNews-vectors-negative300.bin
11/10/2017 07:32:12 [INFO] exp_shallowmodel: accuracy:   0.874
11/10/2017 07:32:12 [INFO] exp_shallowmodel: f1_score:   0.576
11/10/2017 07:32:12 [INFO] exp_shallowmodel: classification report:
11/10/2017 07:32:12 [INFO] exp_shallowmodel:              precision    recall  f1-score   support

          A       0.64      0.66      0.65        59
          C       0.50      0.08      0.14        12
          F       0.94      0.98      0.96       396
          R       0.63      0.49      0.55        55

avg / total       0.86      0.87      0.86       522

11/10/2017 07:32:12 [INFO] exp_shallowmodel: confusion matrix:
11/10/2017 07:32:12 [INFO] exp_shallowmodel: 
[[ 39   0   7  13]
 [  4   1   5   2]
 [  5   1 389   1]
 [ 13   0  15  27]]
11/10/2017 07:32:12 [INFO] exp_deepmodel: ******************** ghome - Round 39 
11/10/2017 07:32:12 [INFO] keyedvectors: loading projection weights from /Users/memray/Data/glove/GoogleNews-vectors-negative300.bin
11/10/2017 07:32:59 [INFO] keyedvectors: loaded (3000000, 300) matrix from /Users/memray/Data/glove/GoogleNews-vectors-negative300.bin
11/10/2017 07:37:58 [INFO] exp_shallowmodel: accuracy:   0.886
11/10/2017 07:37:58 [INFO] exp_shallowmodel: f1_score:   0.677
11/10/2017 07:37:58 [INFO] exp_shallowmodel: classification report:
11/10/2017 07:37:58 [INFO] exp_shallowmodel:              precision    recall  f1-score   support

          A       0.65      0.73      0.69        64
          C       1.00      0.29      0.44        14
          F       0.95      0.99      0.97       402
          R       0.69      0.54      0.61        63

avg / total       0.88      0.89      0.88       543

11/10/2017 07:37:58 [INFO] exp_shallowmodel: confusion matrix:
11/10/2017 07:37:58 [INFO] exp_shallowmodel: 
[[ 47   0   7  10]
 [  3   4   5   2]
 [  3   0 396   3]
 [ 19   0  10  34]]
11/10/2017 07:37:58 [INFO] exp_deepmodel: ******************** ghome - Round 40 
11/10/2017 07:37:59 [INFO] keyedvectors: loading projection weights from /Users/memray/Data/glove/GoogleNews-vectors-negative300.bin
11/10/2017 07:38:40 [INFO] keyedvectors: loaded (3000000, 300) matrix from /Users/memray/Data/glove/GoogleNews-vectors-negative300.bin
11/10/2017 07:43:41 [INFO] exp_shallowmodel: accuracy:   0.872
11/10/2017 07:43:41 [INFO] exp_shallowmodel: f1_score:   0.595
11/10/2017 07:43:41 [INFO] exp_shallowmodel: classification report:
11/10/2017 07:43:41 [INFO] exp_shallowmodel:              precision    recall  f1-score   support

          A       0.64      0.51      0.57        59
          C       0.50      0.17      0.25        12
          F       0.94      0.98      0.96       396
          R       0.61      0.60      0.61        55

avg / total       0.86      0.87      0.86       522

11/10/2017 07:43:41 [INFO] exp_shallowmodel: confusion matrix:
11/10/2017 07:43:41 [INFO] exp_shallowmodel: 
[[ 30   2  11  16]
 [  3   2   7   0]
 [  1   0 390   5]
 [ 13   0   9  33]]
11/10/2017 07:43:41 [INFO] exp_deepmodel: ******************** ghome - Round 41 
11/10/2017 07:43:42 [INFO] keyedvectors: loading projection weights from /Users/memray/Data/glove/GoogleNews-vectors-negative300.bin
11/10/2017 07:44:28 [INFO] keyedvectors: loaded (3000000, 300) matrix from /Users/memray/Data/glove/GoogleNews-vectors-negative300.bin
11/10/2017 07:48:30 [INFO] exp_shallowmodel: accuracy:   0.879
11/10/2017 07:48:30 [INFO] exp_shallowmodel: f1_score:   0.543
11/10/2017 07:48:30 [INFO] exp_shallowmodel: classification report:
11/10/2017 07:48:30 [INFO] exp_shallowmodel:              precision    recall  f1-score   support

          A       0.65      0.58      0.61        59
          C       0.00      0.00      0.00        12
          F       0.95      0.99      0.97       396
          R       0.58      0.60      0.59        55

avg / total       0.86      0.88      0.87       522

11/10/2017 07:48:30 [INFO] exp_shallowmodel: confusion matrix:
11/10/2017 07:48:30 [INFO] exp_shallowmodel: 
[[ 34   0   8  17]
 [  0   0   6   6]
 [  2   1 392   1]
 [ 16   0   6  33]]
11/10/2017 07:48:30 [INFO] exp_deepmodel: ******************** ghome - Round 42 
11/10/2017 07:48:30 [INFO] keyedvectors: loading projection weights from /Users/memray/Data/glove/GoogleNews-vectors-negative300.bin
11/10/2017 07:49:11 [INFO] keyedvectors: loaded (3000000, 300) matrix from /Users/memray/Data/glove/GoogleNews-vectors-negative300.bin
11/10/2017 07:55:13 [INFO] exp_shallowmodel: accuracy:   0.872
11/10/2017 07:55:13 [INFO] exp_shallowmodel: f1_score:   0.569
11/10/2017 07:55:13 [INFO] exp_shallowmodel: classification report:
11/10/2017 07:55:13 [INFO] exp_shallowmodel:              precision    recall  f1-score   support

          A       0.61      0.58      0.59        59
          C       1.00      0.08      0.15        12
          F       0.96      0.98      0.97       396
          R       0.53      0.60      0.56        55

avg / total       0.88      0.87      0.86       522

11/10/2017 07:55:13 [INFO] exp_shallowmodel: confusion matrix:
11/10/2017 07:55:13 [INFO] exp_shallowmodel: 
[[ 34   0   7  18]
 [  2   1   3   6]
 [  4   0 387   5]
 [ 16   0   6  33]]
11/10/2017 07:55:13 [INFO] exp_deepmodel: ******************** ghome - Round 43 
11/10/2017 07:55:13 [INFO] keyedvectors: loading projection weights from /Users/memray/Data/glove/GoogleNews-vectors-negative300.bin
11/10/2017 07:55:56 [INFO] keyedvectors: loaded (3000000, 300) matrix from /Users/memray/Data/glove/GoogleNews-vectors-negative300.bin
11/10/2017 08:02:59 [INFO] exp_shallowmodel: accuracy:   0.881
11/10/2017 08:02:59 [INFO] exp_shallowmodel: f1_score:   0.576
11/10/2017 08:02:59 [INFO] exp_shallowmodel: classification report:
11/10/2017 08:02:59 [INFO] exp_shallowmodel:              precision    recall  f1-score   support

          A       0.67      0.54      0.60        59
          C       0.50      0.08      0.14        12
          F       0.95      0.99      0.97       396
          R       0.57      0.62      0.59        55

avg / total       0.87      0.88      0.87       522

11/10/2017 08:02:59 [INFO] exp_shallowmodel: confusion matrix:
11/10/2017 08:02:59 [INFO] exp_shallowmodel: 
[[ 32   0   5  22]
 [  5   1   3   3]
 [  2   0 393   1]
 [  9   1  11  34]]
11/10/2017 08:02:59 [INFO] exp_deepmodel: ******************** ghome - Round 44 
11/10/2017 08:02:59 [INFO] keyedvectors: loading projection weights from /Users/memray/Data/glove/GoogleNews-vectors-negative300.bin
11/10/2017 08:03:44 [INFO] keyedvectors: loaded (3000000, 300) matrix from /Users/memray/Data/glove/GoogleNews-vectors-negative300.bin
11/10/2017 08:15:49 [INFO] exp_shallowmodel: accuracy:   0.877
11/10/2017 08:15:49 [INFO] exp_shallowmodel: f1_score:   0.646
11/10/2017 08:15:49 [INFO] exp_shallowmodel: classification report:
11/10/2017 08:15:49 [INFO] exp_shallowmodel:              precision    recall  f1-score   support

          A       0.65      0.51      0.57        59
          C       0.56      0.42      0.48        12
          F       0.95      0.99      0.97       396
          R       0.57      0.56      0.57        55

avg / total       0.87      0.88      0.87       522

11/10/2017 08:15:49 [INFO] exp_shallowmodel: confusion matrix:
11/10/2017 08:15:49 [INFO] exp_shallowmodel: 
[[ 30   1   9  19]
 [  2   5   3   2]
 [  1   1 392   2]
 [ 13   2   9  31]]
11/10/2017 08:15:49 [INFO] exp_deepmodel: ******************** ghome - Round 45 
11/10/2017 08:15:49 [INFO] keyedvectors: loading projection weights from /Users/memray/Data/glove/GoogleNews-vectors-negative300.bin
11/10/2017 08:16:33 [INFO] keyedvectors: loaded (3000000, 300) matrix from /Users/memray/Data/glove/GoogleNews-vectors-negative300.bin
11/10/2017 08:29:35 [INFO] exp_shallowmodel: accuracy:   0.877
11/10/2017 08:29:35 [INFO] exp_shallowmodel: f1_score:   0.632
11/10/2017 08:29:35 [INFO] exp_shallowmodel: classification report:
11/10/2017 08:29:35 [INFO] exp_shallowmodel:              precision    recall  f1-score   support

          A       0.66      0.59      0.62        59
          C       0.50      0.33      0.40        12
          F       0.95      0.99      0.97       396
          R       0.56      0.51      0.53        55

avg / total       0.87      0.88      0.87       522

11/10/2017 08:29:35 [INFO] exp_shallowmodel: confusion matrix:
11/10/2017 08:29:35 [INFO] exp_shallowmodel: 
[[ 35   0   9  15]
 [  1   4   3   4]
 [  1   1 391   3]
 [ 16   3   8  28]]
11/10/2017 08:29:35 [INFO] exp_deepmodel: ******************** ghome - Round 46 
11/10/2017 08:29:35 [INFO] keyedvectors: loading projection weights from /Users/memray/Data/glove/GoogleNews-vectors-negative300.bin
11/10/2017 08:30:17 [INFO] keyedvectors: loaded (3000000, 300) matrix from /Users/memray/Data/glove/GoogleNews-vectors-negative300.bin
11/10/2017 08:40:19 [INFO] exp_shallowmodel: accuracy:   0.885
11/10/2017 08:40:19 [INFO] exp_shallowmodel: f1_score:   0.624
11/10/2017 08:40:19 [INFO] exp_shallowmodel: classification report:
11/10/2017 08:40:19 [INFO] exp_shallowmodel:              precision    recall  f1-score   support

          A       0.65      0.73      0.69        59
          C       0.33      0.17      0.22        12
          F       0.95      0.98      0.96       396
          R       0.73      0.55      0.62        55

avg / total       0.88      0.89      0.88       522

11/10/2017 08:40:19 [INFO] exp_shallowmodel: confusion matrix:
11/10/2017 08:40:19 [INFO] exp_shallowmodel: 
[[ 43   1   8   7]
 [  3   2   7   0]
 [  4   1 387   4]
 [ 16   2   7  30]]
11/10/2017 08:40:19 [INFO] exp_deepmodel: ******************** ghome - Round 47 
11/10/2017 08:40:19 [INFO] keyedvectors: loading projection weights from /Users/memray/Data/glove/GoogleNews-vectors-negative300.bin
11/10/2017 08:41:03 [INFO] keyedvectors: loaded (3000000, 300) matrix from /Users/memray/Data/glove/GoogleNews-vectors-negative300.bin
11/10/2017 08:50:05 [INFO] exp_shallowmodel: accuracy:   0.866
11/10/2017 08:50:05 [INFO] exp_shallowmodel: f1_score:   0.550
11/10/2017 08:50:05 [INFO] exp_shallowmodel: classification report:
11/10/2017 08:50:05 [INFO] exp_shallowmodel:              precision    recall  f1-score   support

          A       0.54      0.75      0.62        59
          C       0.33      0.08      0.13        12
          F       0.96      0.97      0.96       396
          R       0.64      0.38      0.48        55

avg / total       0.86      0.87      0.86       522

11/10/2017 08:50:05 [INFO] exp_shallowmodel: confusion matrix:
11/10/2017 08:50:05 [INFO] exp_shallowmodel: 
[[ 44   0   6   9]
 [  5   1   5   1]
 [  7   1 386   2]
 [ 26   1   7  21]]
11/10/2017 08:50:05 [INFO] exp_deepmodel: ******************** ghome - Round 48 
11/10/2017 08:50:05 [INFO] keyedvectors: loading projection weights from /Users/memray/Data/glove/GoogleNews-vectors-negative300.bin
11/10/2017 08:50:49 [INFO] keyedvectors: loaded (3000000, 300) matrix from /Users/memray/Data/glove/GoogleNews-vectors-negative300.bin
11/10/2017 08:54:53 [INFO] exp_shallowmodel: accuracy:   0.900
11/10/2017 08:54:53 [INFO] exp_shallowmodel: f1_score:   0.583
11/10/2017 08:54:53 [INFO] exp_shallowmodel: classification report:
11/10/2017 08:54:53 [INFO] exp_shallowmodel:              precision    recall  f1-score   support

          A       0.68      0.71      0.69        59
          C       0.00      0.00      0.00        12
          F       0.97      0.99      0.98       396
          R       0.67      0.65      0.66        55

avg / total       0.88      0.90      0.89       522

11/10/2017 08:54:53 [INFO] exp_shallowmodel: confusion matrix:
11/10/2017 08:54:53 [INFO] exp_shallowmodel: 
[[ 42   0   5  12]
 [  7   0   2   3]
 [  1   0 392   3]
 [ 12   0   7  36]]
11/10/2017 08:54:53 [INFO] exp_deepmodel: ******************** ghome - Round 49 
11/10/2017 08:54:54 [INFO] keyedvectors: loading projection weights from /Users/memray/Data/glove/GoogleNews-vectors-negative300.bin
11/10/2017 08:55:38 [INFO] keyedvectors: loaded (3000000, 300) matrix from /Users/memray/Data/glove/GoogleNews-vectors-negative300.bin
11/10/2017 09:06:33 [INFO] exp_shallowmodel: accuracy:   0.862
11/10/2017 09:06:33 [INFO] exp_shallowmodel: f1_score:   0.616
11/10/2017 09:06:33 [INFO] exp_shallowmodel: classification report:
11/10/2017 09:06:33 [INFO] exp_shallowmodel:              precision    recall  f1-score   support

          A       0.66      0.52      0.58        64
          C       0.57      0.29      0.38        14
          F       0.94      0.99      0.96       402
          R       0.55      0.54      0.54        63

avg / total       0.85      0.86      0.85       543

11/10/2017 09:06:33 [INFO] exp_shallowmodel: confusion matrix:
11/10/2017 09:06:33 [INFO] exp_shallowmodel: 
[[ 33   0   8  23]
 [  2   4   4   4]
 [  3   1 397   1]
 [ 12   2  15  34]]
