01/04/2018 17:31:32 [INFO] configuration: experiment_mode  :   discrete_feature_selection
01/04/2018 17:31:32 [INFO] configuration: deep_model  :   False
01/04/2018 17:31:32 [INFO] configuration: selected_context_id  :   0
01/04/2018 17:31:32 [INFO] configuration: selected_feature_set_id  :   14
01/04/2018 17:31:32 [INFO] configuration: similarity_feature  :   True
01/04/2018 17:31:32 [INFO] configuration: k_feature_to_keep  :   4
01/04/2018 17:31:32 [INFO] configuration: seed  :   154316847
01/04/2018 17:31:32 [INFO] configuration: root_path  :   /ihome/pbrusilosky/rum20/y_classify
01/04/2018 17:31:32 [INFO] configuration: task_name  :   utterance_type
01/04/2018 17:31:32 [INFO] configuration: timemark  :   20180104-173132
01/04/2018 17:31:32 [INFO] configuration: context_set  :   next
01/04/2018 17:31:32 [INFO] configuration: utterance_names  :   ['last_user_utterance', 'last_system_utterance', 'current_user_utterance', 'next_system_utterance', 'next_user_utterance']
01/04/2018 17:31:32 [INFO] configuration: utterance_range  :   ['current_user_utterance', 'next_system_utterance', 'next_user_utterance']
01/04/2018 17:31:32 [INFO] configuration: feature_set  :   14-[1.3.4]
01/04/2018 17:31:32 [INFO] configuration: feature_set_number  :   ['1', '2', '3', '5', '6', '7']
01/04/2018 17:31:32 [INFO] configuration: experiment_name  :   20180104-173132.discrete_feature_selection.feature_number=4.context=next.feature=14-[1.3.4].similarity=true
01/04/2018 17:31:32 [INFO] configuration: experiment_path  :   /ihome/pbrusilosky/rum20/y_classify/output/20180104-173132.discrete_feature_selection.feature_number=4.context=next.feature=14-[1.3.4].similarity=true
01/04/2018 17:31:32 [INFO] configuration: log_path  :   /ihome/pbrusilosky/rum20/y_classify/output/20180104-173132.discrete_feature_selection.feature_number=4.context=next.feature=14-[1.3.4].similarity=true/output.log
01/04/2018 17:31:32 [INFO] configuration: valid_type  :   {'R', 'A', 'F', 'C'}
01/04/2018 17:31:32 [INFO] configuration: data_name  :   
01/04/2018 17:31:32 [INFO] configuration: data_names  :   ['dstc2', 'dstc3', 'family', 'ghome']
01/04/2018 17:31:32 [INFO] configuration: raw_feature_path  :   /ihome/pbrusilosky/rum20/y_classify/dataset/feature/%s.raw_feature.pkl
01/04/2018 17:31:32 [INFO] configuration: extracted_feature_path  :   /ihome/pbrusilosky/rum20/y_classify/dataset/feature/%s.extracted_feature.pkl
01/04/2018 17:31:32 [INFO] configuration: pipeline_path  :   /ihome/pbrusilosky/rum20/y_classify/dataset/feature/%s.pipeline.pkl
01/04/2018 17:31:32 [INFO] configuration: metrics  :   ['accuracy', 'precision', 'recall', 'f1_score', 'training_time', 'test_time']
01/04/2018 17:31:32 [INFO] configuration: do_cross_validation  :   True
01/04/2018 17:31:32 [INFO] configuration: #division  :   5
01/04/2018 17:31:32 [INFO] configuration: #cross_validation  :   10
01/04/2018 17:31:32 [INFO] configuration: cv_index_cache_path  :   
01/04/2018 17:31:32 [INFO] configuration: action_words  :   {'centre', 'remov', 'tell', 'list', 'stop', 'part', 'clear', 'items', 'time', 'food', 'light', 'skip', 'help', 'music', 'else', 'reminds', 'expens', 'number', 'alarm', 'reminders', 'member', 'cast', 'delete', 'start', 'weather', 'snooze', 'cheap', 'address', 'findcare', 'area', 'telephone', 'temperatur', 'findcar', 'share', 'remove', 'show', 'moder', 'volume', 'song', 'north', 'turn', 'telephon', 'add', 'watch', 'timer', 'reminder', 'discard', 'matter', 'shuffl', 'temperature', 'expensive', 'ani', 'centr', 'room', 'item', 'volum', 'remind', 'any', 'price', 'moderate', 'south', 'next', 'video', 'play', 'phone', 'delet', 'shuffle', 'els', 'snooz', 'post'}
01/04/2018 17:31:32 [INFO] configuration: corenlp_jars  :   ('/Users/memray/Project/stanford/stanford-corenlp-full-3.8.0/*', '/Users/memray/Project/stanford/stanford-corenlp-full-3.8.0/stanford-english-kbp-corenlp-2017-06-09-models.jar')
01/04/2018 17:31:32 [INFO] configuration: lda_topic_number  :   50
01/04/2018 17:31:32 [INFO] configuration: lda_path  :   /ihome/pbrusilosky/rum20/y_classify/dataset/feature/gensim/%s.topic=50.lda.pkl
01/04/2018 17:31:32 [INFO] configuration: gensim_corpus_path  :   /ihome/pbrusilosky/rum20/y_classify/dataset/feature/gensim/%s.corpus.pkl
01/04/2018 17:31:32 [INFO] configuration: gensim_dict_path  :   /ihome/pbrusilosky/rum20/y_classify/dataset/feature/gensim/%s.dict
01/04/2018 17:31:32 [INFO] configuration: w2v_path  :   /home/memray/Data/glove/GoogleNews-vectors-negative300.bin
01/04/2018 17:31:32 [INFO] configuration: w2v_vector_length  :   300
01/04/2018 17:31:32 [INFO] configuration: d2v_vector_length  :   300
01/04/2018 17:31:32 [INFO] configuration: d2v_window_size  :   5
01/04/2018 17:31:32 [INFO] configuration: d2v_min_count  :   2
01/04/2018 17:31:32 [INFO] configuration: d2v_model_path  :   /ihome/pbrusilosky/rum20/y_classify/dataset/feature/gensim/%s.doc2vec.dim=300.window=5.min_count=2.model
01/04/2018 17:31:32 [INFO] configuration: d2v_vector_path  :   /ihome/pbrusilosky/rum20/y_classify/dataset/feature/gensim/%s.doc2vec.dim=300.window=5.min_count=2.vector
01/04/2018 17:31:32 [INFO] configuration: num_word_keep  :   {'dstc2': 300, 'dstc3': 300, 'family': 1000, 'ghome': 1000}
01/04/2018 17:31:32 [INFO] configuration: batch_size  :   128
01/04/2018 17:31:32 [INFO] configuration: max_epoch  :   50
01/04/2018 17:31:32 [INFO] configuration: early_stop_tolerance  :   2
01/04/2018 17:31:32 [INFO] configuration: concat_sents  :   False
01/04/2018 17:31:32 [INFO] configuration: cnn_setting  :   {'model': 'multichannel', 'early_stopping': True, 'word_dim': 300, 'filters': [3, 4, 5], 'filter_num': [100, 100, 100], 'class_size': 4, 'batch_size': 128, 'learning_rate': 0.001, 'norm_limit': 10, 'dropout_prob': 0.0, 'sentence_num': 3}
01/04/2018 17:31:32 [INFO] configuration: skipthought_setting  :   {'skipthought_model_path': '/Users/memray/Data/skip-thought', 'skipthought_data_path': '/ihome/pbrusilosky/rum20/y_classify/dataset/feature/gensim/%s.skip-thought.biskip.vector', 'fixed_emb': True, 'sentence_num': 3, 'hidden_size': 2400, 'class_size': 4, 'learning_rate': 0.0001, 'norm_limit': 3, 'dropout_prob': 0.5}
01/04/2018 17:31:32 [INFO] configuration: lstm_setting  :   {'model': 'non-static', 'hidden_size': 32, 'embedding_size': 300, 'num_layers': 1, 'bidirectional': False, 'learning_rate': 0.001, 'class_size': 4, 'norm_limit': 2, 'clip_grad_norm': 2, 'dropout_prob': 0.1}
01/04/2018 17:31:35 [INFO] exp_shallowmodel: %%%%%%%%%%%%%%%%%%%%%%%%%%%%%%%%%%%%%%%%%%%%%%%%%%
01/04/2018 17:31:35 [INFO] exp_shallowmodel:           dataset=dstc2
01/04/2018 17:31:35 [INFO] exp_shallowmodel:           k_feature_to_keep=4
01/04/2018 17:31:35 [INFO] exp_shallowmodel:           X_new.shape=(5725, 26)
01/04/2018 17:31:35 [INFO] exp_shallowmodel:           #(X_selected)=16
01/04/2018 17:31:35 [INFO] exp_shallowmodel:           #(X_not_selectable)=10
01/04/2018 17:31:35 [INFO] exp_shallowmodel: %%%%%%%%%%%%%%%%%%%%%%%%%%%%%%%%%%%%%%%%%%%%%%%%%%
01/04/2018 17:31:35 [INFO] exp_shallowmodel: ******************** dstc2 - Round 0 
01/04/2018 17:31:35 [INFO] exp_shallowmodel: #(data) = 4583
01/04/2018 17:31:35 [INFO] exp_shallowmodel: #(feature) = 26
01/04/2018 17:31:35 [INFO] exp_shallowmodel: ================================================================================
01/04/2018 17:31:35 [INFO] exp_shallowmodel: LR.pen=l1.C=1.000000
01/04/2018 17:31:35 [INFO] exp_shallowmodel: ________________________________________________________________________________
01/04/2018 17:31:35 [INFO] exp_shallowmodel: Training: 
01/04/2018 17:31:35 [INFO] exp_shallowmodel: LogisticRegression(C=1, class_weight=None, dual=False, fit_intercept=True,
          intercept_scaling=1, max_iter=100, multi_class='ovr', n_jobs=1,
          penalty='l1', random_state=None, solver='liblinear', tol=0.0001,
          verbose=0, warm_start=False)
01/04/2018 17:31:35 [INFO] exp_shallowmodel: train time: 0.279s
01/04/2018 17:31:35 [INFO] exp_shallowmodel: test time:  0.000s
01/04/2018 17:31:35 [INFO] exp_shallowmodel: accuracy:   0.755
01/04/2018 17:31:35 [INFO] exp_shallowmodel: f1_score:   0.573
01/04/2018 17:31:35 [INFO] exp_shallowmodel: classification report:
01/04/2018 17:31:35 [INFO] exp_shallowmodel:              precision    recall  f1-score   support

          A       1.00      0.07      0.13        14
          C       0.72      0.66      0.69       164
          F       0.77      0.96      0.85       268
          R       0.75      0.52      0.61       125

avg / total       0.76      0.75      0.74       571

01/04/2018 17:31:35 [INFO] exp_shallowmodel: confusion matrix:
01/04/2018 17:31:35 [INFO] exp_shallowmodel: 
[[  1   1  12   0]
 [  0 109  38  17]
 [  0   7 256   5]
 [  0  35  25  65]]
01/04/2018 17:31:35 [INFO] exp_shallowmodel: ******************** dstc2 - Round 1 
01/04/2018 17:31:35 [INFO] exp_shallowmodel: #(data) = 4583
01/04/2018 17:31:35 [INFO] exp_shallowmodel: #(feature) = 26
01/04/2018 17:31:35 [INFO] exp_shallowmodel: ================================================================================
01/04/2018 17:31:35 [INFO] exp_shallowmodel: LR.pen=l1.C=1.000000
01/04/2018 17:31:35 [INFO] exp_shallowmodel: ________________________________________________________________________________
01/04/2018 17:31:35 [INFO] exp_shallowmodel: Training: 
01/04/2018 17:31:35 [INFO] exp_shallowmodel: LogisticRegression(C=1, class_weight=None, dual=False, fit_intercept=True,
          intercept_scaling=1, max_iter=100, multi_class='ovr', n_jobs=1,
          penalty='l1', random_state=None, solver='liblinear', tol=0.0001,
          verbose=0, warm_start=False)
01/04/2018 17:31:37 [INFO] exp_shallowmodel: train time: 1.236s
01/04/2018 17:31:37 [INFO] exp_shallowmodel: test time:  0.000s
01/04/2018 17:31:37 [INFO] exp_shallowmodel: accuracy:   0.751
01/04/2018 17:31:37 [INFO] exp_shallowmodel: f1_score:   0.544
01/04/2018 17:31:37 [INFO] exp_shallowmodel: classification report:
01/04/2018 17:31:37 [INFO] exp_shallowmodel:              precision    recall  f1-score   support

          A       0.00      0.00      0.00        14
          C       0.76      0.63      0.69       164
          F       0.76      0.94      0.84       268
          R       0.72      0.58      0.64       125

avg / total       0.73      0.75      0.73       571

01/04/2018 17:31:37 [INFO] exp_shallowmodel: confusion matrix:
01/04/2018 17:31:37 [INFO] exp_shallowmodel: 
[[  0   0  14   0]
 [  0 104  41  19]
 [  2   4 253   9]
 [  0  28  25  72]]
