01/04/2018 17:31:30 [INFO] configuration: experiment_mode  :   discrete_feature_selection
01/04/2018 17:31:30 [INFO] configuration: deep_model  :   False
01/04/2018 17:31:30 [INFO] configuration: selected_context_id  :   0
01/04/2018 17:31:30 [INFO] configuration: selected_feature_set_id  :   13
01/04/2018 17:31:30 [INFO] configuration: similarity_feature  :   True
01/04/2018 17:31:30 [INFO] configuration: k_feature_to_keep  :   11
01/04/2018 17:31:30 [INFO] configuration: seed  :   154316847
01/04/2018 17:31:30 [INFO] configuration: root_path  :   /ihome/pbrusilosky/rum20/y_classify
01/04/2018 17:31:30 [INFO] configuration: task_name  :   utterance_type
01/04/2018 17:31:30 [INFO] configuration: timemark  :   20180104-173130
01/04/2018 17:31:30 [INFO] configuration: context_set  :   next
01/04/2018 17:31:30 [INFO] configuration: utterance_names  :   ['last_user_utterance', 'last_system_utterance', 'current_user_utterance', 'next_system_utterance', 'next_user_utterance']
01/04/2018 17:31:30 [INFO] configuration: utterance_range  :   ['current_user_utterance', 'next_system_utterance', 'next_user_utterance']
01/04/2018 17:31:30 [INFO] configuration: feature_set  :   13-[8+1.3.4]
01/04/2018 17:31:30 [INFO] configuration: feature_set_number  :   ['1', '2', '3', '5', '6', '7', '11']
01/04/2018 17:31:30 [INFO] configuration: experiment_name  :   20180104-173130.discrete_feature_selection.feature_number=11.context=next.feature=13-[8+1.3.4].similarity=true
01/04/2018 17:31:30 [INFO] configuration: experiment_path  :   /ihome/pbrusilosky/rum20/y_classify/output/20180104-173130.discrete_feature_selection.feature_number=11.context=next.feature=13-[8+1.3.4].similarity=true
01/04/2018 17:31:30 [INFO] configuration: log_path  :   /ihome/pbrusilosky/rum20/y_classify/output/20180104-173130.discrete_feature_selection.feature_number=11.context=next.feature=13-[8+1.3.4].similarity=true/output.log
01/04/2018 17:31:30 [INFO] configuration: valid_type  :   {'R', 'A', 'C', 'F'}
01/04/2018 17:31:30 [INFO] configuration: data_name  :   
01/04/2018 17:31:30 [INFO] configuration: data_names  :   ['dstc2', 'dstc3', 'family', 'ghome']
01/04/2018 17:31:30 [INFO] configuration: raw_feature_path  :   /ihome/pbrusilosky/rum20/y_classify/dataset/feature/%s.raw_feature.pkl
01/04/2018 17:31:30 [INFO] configuration: extracted_feature_path  :   /ihome/pbrusilosky/rum20/y_classify/dataset/feature/%s.extracted_feature.pkl
01/04/2018 17:31:30 [INFO] configuration: pipeline_path  :   /ihome/pbrusilosky/rum20/y_classify/dataset/feature/%s.pipeline.pkl
01/04/2018 17:31:30 [INFO] configuration: metrics  :   ['accuracy', 'precision', 'recall', 'f1_score', 'training_time', 'test_time']
01/04/2018 17:31:30 [INFO] configuration: do_cross_validation  :   True
01/04/2018 17:31:30 [INFO] configuration: #division  :   5
01/04/2018 17:31:30 [INFO] configuration: #cross_validation  :   10
01/04/2018 17:31:30 [INFO] configuration: cv_index_cache_path  :   
01/04/2018 17:31:30 [INFO] configuration: action_words  :   {'telephon', 'member', 'moderate', 'show', 'song', 'skip', 'post', 'els', 'stop', 'light', 'video', 'cheap', 'area', 'start', 'item', 'play', 'findcare', 'matter', 'reminders', 'share', 'telephone', 'items', 'delet', 'centre', 'remind', 'shuffl', 'expens', 'else', 'south', 'number', 'food', 'snooz', 'reminds', 'centr', 'shuffle', 'watch', 'volume', 'alarm', 'temperatur', 'temperature', 'findcar', 'remov', 'room', 'expensive', 'remove', 'reminder', 'weather', 'time', 'turn', 'address', 'north', 'phone', 'cast', 'clear', 'help', 'timer', 'discard', 'part', 'next', 'snooze', 'moder', 'any', 'price', 'add', 'delete', 'music', 'ani', 'list', 'volum', 'tell'}
01/04/2018 17:31:30 [INFO] configuration: corenlp_jars  :   ('/Users/memray/Project/stanford/stanford-corenlp-full-3.8.0/*', '/Users/memray/Project/stanford/stanford-corenlp-full-3.8.0/stanford-english-kbp-corenlp-2017-06-09-models.jar')
01/04/2018 17:31:30 [INFO] configuration: lda_topic_number  :   50
01/04/2018 17:31:30 [INFO] configuration: lda_path  :   /ihome/pbrusilosky/rum20/y_classify/dataset/feature/gensim/%s.topic=50.lda.pkl
01/04/2018 17:31:30 [INFO] configuration: gensim_corpus_path  :   /ihome/pbrusilosky/rum20/y_classify/dataset/feature/gensim/%s.corpus.pkl
01/04/2018 17:31:30 [INFO] configuration: gensim_dict_path  :   /ihome/pbrusilosky/rum20/y_classify/dataset/feature/gensim/%s.dict
01/04/2018 17:31:30 [INFO] configuration: w2v_path  :   /home/memray/Data/glove/GoogleNews-vectors-negative300.bin
01/04/2018 17:31:30 [INFO] configuration: w2v_vector_length  :   300
01/04/2018 17:31:30 [INFO] configuration: d2v_vector_length  :   300
01/04/2018 17:31:30 [INFO] configuration: d2v_window_size  :   5
01/04/2018 17:31:30 [INFO] configuration: d2v_min_count  :   2
01/04/2018 17:31:30 [INFO] configuration: d2v_model_path  :   /ihome/pbrusilosky/rum20/y_classify/dataset/feature/gensim/%s.doc2vec.dim=300.window=5.min_count=2.model
01/04/2018 17:31:30 [INFO] configuration: d2v_vector_path  :   /ihome/pbrusilosky/rum20/y_classify/dataset/feature/gensim/%s.doc2vec.dim=300.window=5.min_count=2.vector
01/04/2018 17:31:30 [INFO] configuration: num_word_keep  :   {'dstc2': 300, 'dstc3': 300, 'family': 1000, 'ghome': 1000}
01/04/2018 17:31:30 [INFO] configuration: batch_size  :   128
01/04/2018 17:31:30 [INFO] configuration: max_epoch  :   50
01/04/2018 17:31:30 [INFO] configuration: early_stop_tolerance  :   2
01/04/2018 17:31:30 [INFO] configuration: concat_sents  :   False
01/04/2018 17:31:30 [INFO] configuration: cnn_setting  :   {'model': 'multichannel', 'early_stopping': True, 'word_dim': 300, 'filters': [3, 4, 5], 'filter_num': [100, 100, 100], 'class_size': 4, 'batch_size': 128, 'learning_rate': 0.001, 'norm_limit': 10, 'dropout_prob': 0.0, 'sentence_num': 3}
01/04/2018 17:31:30 [INFO] configuration: skipthought_setting  :   {'skipthought_model_path': '/Users/memray/Data/skip-thought', 'skipthought_data_path': '/ihome/pbrusilosky/rum20/y_classify/dataset/feature/gensim/%s.skip-thought.biskip.vector', 'fixed_emb': True, 'sentence_num': 3, 'hidden_size': 2400, 'class_size': 4, 'learning_rate': 0.0001, 'norm_limit': 3, 'dropout_prob': 0.5}
01/04/2018 17:31:30 [INFO] configuration: lstm_setting  :   {'model': 'non-static', 'hidden_size': 32, 'embedding_size': 300, 'num_layers': 1, 'bidirectional': False, 'learning_rate': 0.001, 'class_size': 4, 'norm_limit': 2, 'clip_grad_norm': 2, 'dropout_prob': 0.1}
01/04/2018 17:31:34 [INFO] exp_shallowmodel: %%%%%%%%%%%%%%%%%%%%%%%%%%%%%%%%%%%%%%%%%%%%%%%%%%
01/04/2018 17:31:34 [INFO] exp_shallowmodel:           dataset=dstc2
01/04/2018 17:31:34 [INFO] exp_shallowmodel:           k_feature_to_keep=11
01/04/2018 17:31:34 [INFO] exp_shallowmodel:           X_new.shape=(5725, 9259)
01/04/2018 17:31:34 [INFO] exp_shallowmodel:           #(X_selected)=2048
01/04/2018 17:31:34 [INFO] exp_shallowmodel:           #(X_not_selectable)=7211
01/04/2018 17:31:34 [INFO] exp_shallowmodel: %%%%%%%%%%%%%%%%%%%%%%%%%%%%%%%%%%%%%%%%%%%%%%%%%%
01/04/2018 17:31:36 [INFO] exp_shallowmodel: ******************** dstc2 - Round 0 
01/04/2018 17:31:36 [INFO] exp_shallowmodel: #(data) = 4583
01/04/2018 17:31:36 [INFO] exp_shallowmodel: #(feature) = 9259
01/04/2018 17:31:36 [INFO] exp_shallowmodel: ================================================================================
01/04/2018 17:31:36 [INFO] exp_shallowmodel: LR.pen=l1.C=1.000000
01/04/2018 17:31:36 [INFO] exp_shallowmodel: ________________________________________________________________________________
01/04/2018 17:31:36 [INFO] exp_shallowmodel: Training: 
01/04/2018 17:31:36 [INFO] exp_shallowmodel: LogisticRegression(C=1, class_weight=None, dual=False, fit_intercept=True,
          intercept_scaling=1, max_iter=100, multi_class='ovr', n_jobs=1,
          penalty='l1', random_state=None, solver='liblinear', tol=0.0001,
          verbose=0, warm_start=False)
01/04/2018 17:32:00 [INFO] exp_shallowmodel: train time: 24.449s
01/04/2018 17:32:00 [INFO] exp_shallowmodel: test time:  0.007s
01/04/2018 17:32:00 [INFO] exp_shallowmodel: accuracy:   0.851
01/04/2018 17:32:00 [INFO] exp_shallowmodel: f1_score:   0.747
01/04/2018 17:32:00 [INFO] exp_shallowmodel: classification report:
01/04/2018 17:32:00 [INFO] exp_shallowmodel:              precision    recall  f1-score   support

          A       0.71      0.36      0.48        14
          C       0.79      0.85      0.82       164
          F       0.92      0.93      0.92       268
          R       0.79      0.74      0.77       125

avg / total       0.85      0.85      0.85       571

01/04/2018 17:32:00 [INFO] exp_shallowmodel: confusion matrix:
01/04/2018 17:32:00 [INFO] exp_shallowmodel: 
[[  5   2   7   0]
 [  0 140   8  16]
 [  2  10 248   8]
 [  0  26   6  93]]
01/04/2018 17:32:02 [INFO] exp_shallowmodel: ******************** dstc2 - Round 1 
01/04/2018 17:32:02 [INFO] exp_shallowmodel: #(data) = 4583
01/04/2018 17:32:02 [INFO] exp_shallowmodel: #(feature) = 9259
01/04/2018 17:32:02 [INFO] exp_shallowmodel: ================================================================================
01/04/2018 17:32:02 [INFO] exp_shallowmodel: LR.pen=l1.C=1.000000
01/04/2018 17:32:02 [INFO] exp_shallowmodel: ________________________________________________________________________________
01/04/2018 17:32:02 [INFO] exp_shallowmodel: Training: 
01/04/2018 17:32:02 [INFO] exp_shallowmodel: LogisticRegression(C=1, class_weight=None, dual=False, fit_intercept=True,
          intercept_scaling=1, max_iter=100, multi_class='ovr', n_jobs=1,
          penalty='l1', random_state=None, solver='liblinear', tol=0.0001,
          verbose=0, warm_start=False)
01/04/2018 17:32:27 [INFO] exp_shallowmodel: train time: 24.837s
01/04/2018 17:32:27 [INFO] exp_shallowmodel: test time:  0.007s
01/04/2018 17:32:27 [INFO] exp_shallowmodel: accuracy:   0.804
01/04/2018 17:32:27 [INFO] exp_shallowmodel: f1_score:   0.725
01/04/2018 17:32:27 [INFO] exp_shallowmodel: classification report:
01/04/2018 17:32:27 [INFO] exp_shallowmodel:              precision    recall  f1-score   support

          A       0.64      0.50      0.56        14
          C       0.74      0.70      0.72       164
          F       0.89      0.92      0.91       268
          R       0.70      0.72      0.71       125

avg / total       0.80      0.80      0.80       571

01/04/2018 17:32:27 [INFO] exp_shallowmodel: confusion matrix:
01/04/2018 17:32:27 [INFO] exp_shallowmodel: 
[[  7   1   5   1]
 [  2 115  19  28]
 [  1  11 247   9]
 [  1  28   6  90]]
01/04/2018 17:32:27 [INFO] exp_shallowmodel: Feature selection of top 100, ranked by LR weights (selectable:non-selectable=34:66)
01/04/2018 17:32:32 [INFO] exp_shallowmodel: %%%%%%%%%%%%%%%%%%%%%%%%%%%%%%%%%%%%%%%%%%%%%%%%%%
01/04/2018 17:32:32 [INFO] exp_shallowmodel:           dataset=dstc3
01/04/2018 17:32:32 [INFO] exp_shallowmodel:           k_feature_to_keep=11
01/04/2018 17:32:32 [INFO] exp_shallowmodel:           X_new.shape=(5934, 9259)
01/04/2018 17:32:32 [INFO] exp_shallowmodel:           #(X_selected)=2048
01/04/2018 17:32:32 [INFO] exp_shallowmodel:           #(X_not_selectable)=7211
01/04/2018 17:32:32 [INFO] exp_shallowmodel: %%%%%%%%%%%%%%%%%%%%%%%%%%%%%%%%%%%%%%%%%%%%%%%%%%
01/04/2018 17:32:33 [INFO] exp_shallowmodel: ******************** dstc3 - Round 0 
01/04/2018 17:32:33 [INFO] exp_shallowmodel: #(data) = 4750
01/04/2018 17:32:33 [INFO] exp_shallowmodel: #(feature) = 9259
01/04/2018 17:32:33 [INFO] exp_shallowmodel: ================================================================================
01/04/2018 17:32:33 [INFO] exp_shallowmodel: LR.pen=l1.C=1.000000
01/04/2018 17:32:33 [INFO] exp_shallowmodel: ________________________________________________________________________________
01/04/2018 17:32:33 [INFO] exp_shallowmodel: Training: 
01/04/2018 17:32:33 [INFO] exp_shallowmodel: LogisticRegression(C=1, class_weight=None, dual=False, fit_intercept=True,
          intercept_scaling=1, max_iter=100, multi_class='ovr', n_jobs=1,
          penalty='l1', random_state=None, solver='liblinear', tol=0.0001,
          verbose=0, warm_start=False)
01/04/2018 17:33:03 [INFO] exp_shallowmodel: train time: 29.879s
01/04/2018 17:33:03 [INFO] exp_shallowmodel: test time:  0.008s
01/04/2018 17:33:03 [INFO] exp_shallowmodel: accuracy:   0.792
01/04/2018 17:33:03 [INFO] exp_shallowmodel: f1_score:   0.743
01/04/2018 17:33:03 [INFO] exp_shallowmodel: classification report:
01/04/2018 17:33:03 [INFO] exp_shallowmodel:              precision    recall  f1-score   support

          A       0.92      0.60      0.73        20
          C       0.72      0.78      0.75       169
          F       0.91      0.91      0.91       281
          R       0.60      0.57      0.59       122

avg / total       0.79      0.79      0.79       592

01/04/2018 17:33:03 [INFO] exp_shallowmodel: confusion matrix:
01/04/2018 17:33:03 [INFO] exp_shallowmodel: 
[[ 12   2   5   1]
 [  0 131   8  30]
 [  1   8 256  16]
 [  0  41  11  70]]
01/04/2018 17:33:05 [INFO] exp_shallowmodel: ******************** dstc3 - Round 1 
01/04/2018 17:33:05 [INFO] exp_shallowmodel: #(data) = 4750
01/04/2018 17:33:05 [INFO] exp_shallowmodel: #(feature) = 9259
01/04/2018 17:33:05 [INFO] exp_shallowmodel: ================================================================================
01/04/2018 17:33:05 [INFO] exp_shallowmodel: LR.pen=l1.C=1.000000
01/04/2018 17:33:05 [INFO] exp_shallowmodel: ________________________________________________________________________________
01/04/2018 17:33:05 [INFO] exp_shallowmodel: Training: 
01/04/2018 17:33:05 [INFO] exp_shallowmodel: LogisticRegression(C=1, class_weight=None, dual=False, fit_intercept=True,
          intercept_scaling=1, max_iter=100, multi_class='ovr', n_jobs=1,
          penalty='l1', random_state=None, solver='liblinear', tol=0.0001,
          verbose=0, warm_start=False)
01/04/2018 17:33:35 [INFO] exp_shallowmodel: train time: 29.903s
01/04/2018 17:33:35 [INFO] exp_shallowmodel: test time:  0.007s
01/04/2018 17:33:35 [INFO] exp_shallowmodel: accuracy:   0.791
01/04/2018 17:33:35 [INFO] exp_shallowmodel: f1_score:   0.693
01/04/2018 17:33:35 [INFO] exp_shallowmodel: classification report:
01/04/2018 17:33:35 [INFO] exp_shallowmodel:              precision    recall  f1-score   support

          A       0.50      0.50      0.50        20
          C       0.77      0.75      0.76       169
          F       0.88      0.92      0.90       281
          R       0.64      0.59      0.61       122

avg / total       0.79      0.79      0.79       592

01/04/2018 17:33:35 [INFO] exp_shallowmodel: confusion matrix:
01/04/2018 17:33:35 [INFO] exp_shallowmodel: 
[[ 10   2   5   3]
 [  3 127  14  25]
 [  4   5 259  13]
 [  3  32  15  72]]
01/04/2018 17:33:35 [INFO] exp_shallowmodel: Feature selection of top 100, ranked by LR weights (selectable:non-selectable=30:70)
01/04/2018 17:33:42 [INFO] exp_shallowmodel: %%%%%%%%%%%%%%%%%%%%%%%%%%%%%%%%%%%%%%%%%%%%%%%%%%
01/04/2018 17:33:42 [INFO] exp_shallowmodel:           dataset=family
01/04/2018 17:33:42 [INFO] exp_shallowmodel:           k_feature_to_keep=11
01/04/2018 17:33:42 [INFO] exp_shallowmodel:           X_new.shape=(3530, 9261)
01/04/2018 17:33:42 [INFO] exp_shallowmodel:           #(X_selected)=2048
01/04/2018 17:33:42 [INFO] exp_shallowmodel:           #(X_not_selectable)=7213
01/04/2018 17:33:42 [INFO] exp_shallowmodel: %%%%%%%%%%%%%%%%%%%%%%%%%%%%%%%%%%%%%%%%%%%%%%%%%%
01/04/2018 17:33:43 [INFO] exp_shallowmodel: ******************** family - Round 0 
01/04/2018 17:33:43 [INFO] exp_shallowmodel: #(data) = 2826
01/04/2018 17:33:43 [INFO] exp_shallowmodel: #(feature) = 9261
01/04/2018 17:33:43 [INFO] exp_shallowmodel: ================================================================================
01/04/2018 17:33:43 [INFO] exp_shallowmodel: LR.pen=l1.C=1.000000
01/04/2018 17:33:43 [INFO] exp_shallowmodel: ________________________________________________________________________________
01/04/2018 17:33:43 [INFO] exp_shallowmodel: Training: 
01/04/2018 17:33:43 [INFO] exp_shallowmodel: LogisticRegression(C=1, class_weight=None, dual=False, fit_intercept=True,
          intercept_scaling=1, max_iter=100, multi_class='ovr', n_jobs=1,
          penalty='l1', random_state=None, solver='liblinear', tol=0.0001,
          verbose=0, warm_start=False)
01/04/2018 17:33:54 [INFO] exp_shallowmodel: train time: 11.355s
01/04/2018 17:33:54 [INFO] exp_shallowmodel: test time:  0.004s
01/04/2018 17:33:54 [INFO] exp_shallowmodel: accuracy:   0.849
01/04/2018 17:33:54 [INFO] exp_shallowmodel: f1_score:   0.594
01/04/2018 17:33:54 [INFO] exp_shallowmodel: classification report:
01/04/2018 17:33:54 [INFO] exp_shallowmodel:              precision    recall  f1-score   support

          A       0.38      0.22      0.28        23
          C       0.61      0.41      0.49        27
          F       0.94      0.99      0.96       250
          R       0.62      0.67      0.65        52

avg / total       0.83      0.85      0.84       352

01/04/2018 17:33:54 [INFO] exp_shallowmodel: confusion matrix:
01/04/2018 17:33:54 [INFO] exp_shallowmodel: 
[[  5   2   9   7]
 [  4  11   0  12]
 [  0   0 248   2]
 [  4   5   8  35]]
01/04/2018 17:33:55 [INFO] exp_shallowmodel: ******************** family - Round 1 
01/04/2018 17:33:55 [INFO] exp_shallowmodel: #(data) = 2826
01/04/2018 17:33:55 [INFO] exp_shallowmodel: #(feature) = 9261
01/04/2018 17:33:55 [INFO] exp_shallowmodel: ================================================================================
01/04/2018 17:33:55 [INFO] exp_shallowmodel: LR.pen=l1.C=1.000000
01/04/2018 17:33:55 [INFO] exp_shallowmodel: ________________________________________________________________________________
01/04/2018 17:33:55 [INFO] exp_shallowmodel: Training: 
01/04/2018 17:33:55 [INFO] exp_shallowmodel: LogisticRegression(C=1, class_weight=None, dual=False, fit_intercept=True,
          intercept_scaling=1, max_iter=100, multi_class='ovr', n_jobs=1,
          penalty='l1', random_state=None, solver='liblinear', tol=0.0001,
          verbose=0, warm_start=False)
01/04/2018 17:34:06 [INFO] exp_shallowmodel: train time: 10.799s
01/04/2018 17:34:06 [INFO] exp_shallowmodel: test time:  0.005s
01/04/2018 17:34:06 [INFO] exp_shallowmodel: accuracy:   0.886
01/04/2018 17:34:06 [INFO] exp_shallowmodel: f1_score:   0.705
01/04/2018 17:34:06 [INFO] exp_shallowmodel: classification report:
01/04/2018 17:34:06 [INFO] exp_shallowmodel:              precision    recall  f1-score   support

          A       0.64      0.30      0.41        23
          C       0.83      0.56      0.67        27
          F       0.94      0.98      0.96       250
          R       0.72      0.85      0.78        52

avg / total       0.88      0.89      0.88       352

01/04/2018 17:34:06 [INFO] exp_shallowmodel: confusion matrix:
01/04/2018 17:34:06 [INFO] exp_shallowmodel: 
[[  7   1   8   7]
 [  3  15   1   8]
 [  1   1 246   2]
 [  0   1   7  44]]
01/04/2018 17:34:07 [INFO] exp_shallowmodel: Feature selection of top 100, ranked by LR weights (selectable:non-selectable=70:30)
01/04/2018 17:34:15 [INFO] exp_shallowmodel: %%%%%%%%%%%%%%%%%%%%%%%%%%%%%%%%%%%%%%%%%%%%%%%%%%
01/04/2018 17:34:15 [INFO] exp_shallowmodel:           dataset=ghome
01/04/2018 17:34:15 [INFO] exp_shallowmodel:           k_feature_to_keep=11
01/04/2018 17:34:15 [INFO] exp_shallowmodel:           X_new.shape=(5241, 9260)
01/04/2018 17:34:15 [INFO] exp_shallowmodel:           #(X_selected)=2048
01/04/2018 17:34:15 [INFO] exp_shallowmodel:           #(X_not_selectable)=7212
01/04/2018 17:34:15 [INFO] exp_shallowmodel: %%%%%%%%%%%%%%%%%%%%%%%%%%%%%%%%%%%%%%%%%%%%%%%%%%
01/04/2018 17:34:17 [INFO] exp_shallowmodel: ******************** ghome - Round 0 
01/04/2018 17:34:17 [INFO] exp_shallowmodel: #(data) = 4197
01/04/2018 17:34:17 [INFO] exp_shallowmodel: #(feature) = 9260
01/04/2018 17:34:17 [INFO] exp_shallowmodel: ================================================================================
01/04/2018 17:34:17 [INFO] exp_shallowmodel: LR.pen=l1.C=1.000000
01/04/2018 17:34:17 [INFO] exp_shallowmodel: ________________________________________________________________________________
01/04/2018 17:34:17 [INFO] exp_shallowmodel: Training: 
01/04/2018 17:34:17 [INFO] exp_shallowmodel: LogisticRegression(C=1, class_weight=None, dual=False, fit_intercept=True,
          intercept_scaling=1, max_iter=100, multi_class='ovr', n_jobs=1,
          penalty='l1', random_state=None, solver='liblinear', tol=0.0001,
          verbose=0, warm_start=False)
01/04/2018 17:34:36 [INFO] exp_shallowmodel: train time: 18.837s
01/04/2018 17:34:36 [INFO] exp_shallowmodel: test time:  0.007s
01/04/2018 17:34:36 [INFO] exp_shallowmodel: accuracy:   0.870
01/04/2018 17:34:36 [INFO] exp_shallowmodel: f1_score:   0.582
01/04/2018 17:34:36 [INFO] exp_shallowmodel: classification report:
01/04/2018 17:34:36 [INFO] exp_shallowmodel:              precision    recall  f1-score   support

          A       0.61      0.56      0.58        59
          C       0.50      0.08      0.14        12
          F       0.93      0.97      0.95       396
          R       0.66      0.64      0.65        55

avg / total       0.86      0.87      0.86       522

01/04/2018 17:34:36 [INFO] exp_shallowmodel: confusion matrix:
01/04/2018 17:34:36 [INFO] exp_shallowmodel: 
[[ 33   0  14  12]
 [  2   1   8   1]
 [  5   1 385   5]
 [ 14   0   6  35]]
01/04/2018 17:34:37 [INFO] exp_shallowmodel: ******************** ghome - Round 1 
01/04/2018 17:34:37 [INFO] exp_shallowmodel: #(data) = 4197
01/04/2018 17:34:37 [INFO] exp_shallowmodel: #(feature) = 9260
01/04/2018 17:34:37 [INFO] exp_shallowmodel: ================================================================================
01/04/2018 17:34:37 [INFO] exp_shallowmodel: LR.pen=l1.C=1.000000
01/04/2018 17:34:37 [INFO] exp_shallowmodel: ________________________________________________________________________________
01/04/2018 17:34:37 [INFO] exp_shallowmodel: Training: 
01/04/2018 17:34:37 [INFO] exp_shallowmodel: LogisticRegression(C=1, class_weight=None, dual=False, fit_intercept=True,
          intercept_scaling=1, max_iter=100, multi_class='ovr', n_jobs=1,
          penalty='l1', random_state=None, solver='liblinear', tol=0.0001,
          verbose=0, warm_start=False)
01/04/2018 17:34:57 [INFO] exp_shallowmodel: train time: 20.247s
01/04/2018 17:34:57 [INFO] exp_shallowmodel: test time:  0.007s
01/04/2018 17:34:57 [INFO] exp_shallowmodel: accuracy:   0.885
01/04/2018 17:34:57 [INFO] exp_shallowmodel: f1_score:   0.569
01/04/2018 17:34:57 [INFO] exp_shallowmodel: classification report:
01/04/2018 17:34:57 [INFO] exp_shallowmodel:              precision    recall  f1-score   support

          A       0.67      0.73      0.70        59
          C       0.00      0.00      0.00        12
          F       0.95      0.98      0.96       396
          R       0.65      0.58      0.62        55

avg / total       0.86      0.89      0.87       522

01/04/2018 17:34:57 [INFO] exp_shallowmodel: confusion matrix:
01/04/2018 17:34:57 [INFO] exp_shallowmodel: 
[[ 43   0   7   9]
 [  4   0   4   4]
 [  5   0 387   4]
 [ 12   1  10  32]]
01/04/2018 17:34:58 [INFO] exp_shallowmodel: Feature selection of top 100, ranked by LR weights (selectable:non-selectable=37:63)
