01/04/2018 17:31:25 [INFO] configuration: experiment_mode  :   discrete_feature_selection
01/04/2018 17:31:25 [INFO] configuration: deep_model  :   False
01/04/2018 17:31:25 [INFO] configuration: selected_context_id  :   0
01/04/2018 17:31:25 [INFO] configuration: selected_feature_set_id  :   0
01/04/2018 17:31:25 [INFO] configuration: similarity_feature  :   True
01/04/2018 17:31:25 [INFO] configuration: k_feature_to_keep  :   8
01/04/2018 17:31:25 [INFO] configuration: seed  :   154316847
01/04/2018 17:31:25 [INFO] configuration: root_path  :   /ihome/pbrusilosky/rum20/y_classify
01/04/2018 17:31:25 [INFO] configuration: task_name  :   utterance_type
01/04/2018 17:31:25 [INFO] configuration: timemark  :   20180104-173125
01/04/2018 17:31:25 [INFO] configuration: context_set  :   next
01/04/2018 17:31:25 [INFO] configuration: utterance_names  :   ['last_user_utterance', 'last_system_utterance', 'current_user_utterance', 'next_system_utterance', 'next_user_utterance']
01/04/2018 17:31:25 [INFO] configuration: utterance_range  :   ['current_user_utterance', 'next_system_utterance', 'next_user_utterance']
01/04/2018 17:31:25 [INFO] configuration: feature_set  :   0-all
01/04/2018 17:31:25 [INFO] configuration: feature_set_number  :   ['1', '2', '3', '4', '5', '6', '7', '8', '9', '10', '11']
01/04/2018 17:31:25 [INFO] configuration: experiment_name  :   20180104-173125.discrete_feature_selection.feature_number=8.context=next.feature=0-all.similarity=true
01/04/2018 17:31:25 [INFO] configuration: experiment_path  :   /ihome/pbrusilosky/rum20/y_classify/output/20180104-173125.discrete_feature_selection.feature_number=8.context=next.feature=0-all.similarity=true
01/04/2018 17:31:25 [INFO] configuration: log_path  :   /ihome/pbrusilosky/rum20/y_classify/output/20180104-173125.discrete_feature_selection.feature_number=8.context=next.feature=0-all.similarity=true/output.log
01/04/2018 17:31:25 [INFO] configuration: valid_type  :   {'F', 'R', 'A', 'C'}
01/04/2018 17:31:25 [INFO] configuration: data_name  :   
01/04/2018 17:31:25 [INFO] configuration: data_names  :   ['dstc2', 'dstc3', 'family', 'ghome']
01/04/2018 17:31:25 [INFO] configuration: raw_feature_path  :   /ihome/pbrusilosky/rum20/y_classify/dataset/feature/%s.raw_feature.pkl
01/04/2018 17:31:25 [INFO] configuration: extracted_feature_path  :   /ihome/pbrusilosky/rum20/y_classify/dataset/feature/%s.extracted_feature.pkl
01/04/2018 17:31:25 [INFO] configuration: pipeline_path  :   /ihome/pbrusilosky/rum20/y_classify/dataset/feature/%s.pipeline.pkl
01/04/2018 17:31:25 [INFO] configuration: metrics  :   ['accuracy', 'precision', 'recall', 'f1_score', 'training_time', 'test_time']
01/04/2018 17:31:25 [INFO] configuration: do_cross_validation  :   True
01/04/2018 17:31:25 [INFO] configuration: #division  :   5
01/04/2018 17:31:25 [INFO] configuration: #cross_validation  :   10
01/04/2018 17:31:25 [INFO] configuration: cv_index_cache_path  :   
01/04/2018 17:31:25 [INFO] configuration: action_words  :   {'room', 'show', 'stop', 'timer', 'help', 'add', 'delete', 'time', 'volume', 'cheap', 'expens', 'items', 'member', 'snooz', 'reminders', 'play', 'south', 'telephone', 'telephon', 'snooze', 'remind', 'matter', 'price', 'expensive', 'post', 'next', 'item', 'reminds', 'video', 'moder', 'shuffl', 'centr', 'list', 'start', 'els', 'shuffle', 'else', 'clear', 'alarm', 'number', 'turn', 'cast', 'volum', 'remov', 'north', 'reminder', 'discard', 'ani', 'delet', 'skip', 'area', 'watch', 'tell', 'findcare', 'findcar', 'light', 'song', 'moderate', 'part', 'phone', 'temperature', 'remove', 'food', 'weather', 'centre', 'any', 'address', 'share', 'temperatur', 'music'}
01/04/2018 17:31:25 [INFO] configuration: corenlp_jars  :   ('/Users/memray/Project/stanford/stanford-corenlp-full-3.8.0/*', '/Users/memray/Project/stanford/stanford-corenlp-full-3.8.0/stanford-english-kbp-corenlp-2017-06-09-models.jar')
01/04/2018 17:31:25 [INFO] configuration: lda_topic_number  :   50
01/04/2018 17:31:25 [INFO] configuration: lda_path  :   /ihome/pbrusilosky/rum20/y_classify/dataset/feature/gensim/%s.topic=50.lda.pkl
01/04/2018 17:31:25 [INFO] configuration: gensim_corpus_path  :   /ihome/pbrusilosky/rum20/y_classify/dataset/feature/gensim/%s.corpus.pkl
01/04/2018 17:31:25 [INFO] configuration: gensim_dict_path  :   /ihome/pbrusilosky/rum20/y_classify/dataset/feature/gensim/%s.dict
01/04/2018 17:31:25 [INFO] configuration: w2v_path  :   /home/memray/Data/glove/GoogleNews-vectors-negative300.bin
01/04/2018 17:31:25 [INFO] configuration: w2v_vector_length  :   300
01/04/2018 17:31:25 [INFO] configuration: d2v_vector_length  :   300
01/04/2018 17:31:25 [INFO] configuration: d2v_window_size  :   5
01/04/2018 17:31:25 [INFO] configuration: d2v_min_count  :   2
01/04/2018 17:31:25 [INFO] configuration: d2v_model_path  :   /ihome/pbrusilosky/rum20/y_classify/dataset/feature/gensim/%s.doc2vec.dim=300.window=5.min_count=2.model
01/04/2018 17:31:25 [INFO] configuration: d2v_vector_path  :   /ihome/pbrusilosky/rum20/y_classify/dataset/feature/gensim/%s.doc2vec.dim=300.window=5.min_count=2.vector
01/04/2018 17:31:25 [INFO] configuration: num_word_keep  :   {'dstc2': 300, 'dstc3': 300, 'family': 1000, 'ghome': 1000}
01/04/2018 17:31:25 [INFO] configuration: batch_size  :   128
01/04/2018 17:31:25 [INFO] configuration: max_epoch  :   50
01/04/2018 17:31:25 [INFO] configuration: early_stop_tolerance  :   2
01/04/2018 17:31:25 [INFO] configuration: concat_sents  :   False
01/04/2018 17:31:25 [INFO] configuration: cnn_setting  :   {'model': 'multichannel', 'early_stopping': True, 'word_dim': 300, 'filters': [3, 4, 5], 'filter_num': [100, 100, 100], 'class_size': 4, 'batch_size': 128, 'learning_rate': 0.001, 'norm_limit': 10, 'dropout_prob': 0.0, 'sentence_num': 3}
01/04/2018 17:31:25 [INFO] configuration: skipthought_setting  :   {'skipthought_model_path': '/Users/memray/Data/skip-thought', 'skipthought_data_path': '/ihome/pbrusilosky/rum20/y_classify/dataset/feature/gensim/%s.skip-thought.biskip.vector', 'fixed_emb': True, 'sentence_num': 3, 'hidden_size': 2400, 'class_size': 4, 'learning_rate': 0.0001, 'norm_limit': 3, 'dropout_prob': 0.5}
01/04/2018 17:31:25 [INFO] configuration: lstm_setting  :   {'model': 'non-static', 'hidden_size': 32, 'embedding_size': 300, 'num_layers': 1, 'bidirectional': False, 'learning_rate': 0.001, 'class_size': 4, 'norm_limit': 2, 'clip_grad_norm': 2, 'dropout_prob': 0.1}
01/04/2018 17:31:30 [INFO] exp_shallowmodel: %%%%%%%%%%%%%%%%%%%%%%%%%%%%%%%%%%%%%%%%%%%%%%%%%%
01/04/2018 17:31:30 [INFO] exp_shallowmodel:           dataset=dstc2
01/04/2018 17:31:30 [INFO] exp_shallowmodel:           k_feature_to_keep=8
01/04/2018 17:31:30 [INFO] exp_shallowmodel:           X_new.shape=(5725, 9423)
01/04/2018 17:31:30 [INFO] exp_shallowmodel:           #(X_selected)=256
01/04/2018 17:31:30 [INFO] exp_shallowmodel:           #(X_not_selectable)=9167
01/04/2018 17:31:30 [INFO] exp_shallowmodel: %%%%%%%%%%%%%%%%%%%%%%%%%%%%%%%%%%%%%%%%%%%%%%%%%%
01/04/2018 17:31:32 [INFO] exp_shallowmodel: ******************** dstc2 - Round 0 
01/04/2018 17:31:32 [INFO] exp_shallowmodel: #(data) = 4583
01/04/2018 17:31:32 [INFO] exp_shallowmodel: #(feature) = 9423
01/04/2018 17:31:32 [INFO] exp_shallowmodel: ================================================================================
01/04/2018 17:31:32 [INFO] exp_shallowmodel: LR.pen=l1.C=1.000000
01/04/2018 17:31:32 [INFO] exp_shallowmodel: ________________________________________________________________________________
01/04/2018 17:31:32 [INFO] exp_shallowmodel: Training: 
01/04/2018 17:31:32 [INFO] exp_shallowmodel: LogisticRegression(C=1, class_weight=None, dual=False, fit_intercept=True,
          intercept_scaling=1, max_iter=100, multi_class='ovr', n_jobs=1,
          penalty='l1', random_state=None, solver='liblinear', tol=0.0001,
          verbose=0, warm_start=False)
01/04/2018 17:32:00 [INFO] exp_shallowmodel: train time: 27.661s
01/04/2018 17:32:00 [INFO] exp_shallowmodel: test time:  0.008s
01/04/2018 17:32:00 [INFO] exp_shallowmodel: accuracy:   0.849
01/04/2018 17:32:00 [INFO] exp_shallowmodel: f1_score:   0.767
01/04/2018 17:32:00 [INFO] exp_shallowmodel: classification report:
01/04/2018 17:32:00 [INFO] exp_shallowmodel:              precision    recall  f1-score   support

          A       0.64      0.50      0.56        14
          C       0.79      0.82      0.81       164
          F       0.92      0.92      0.92       268
          R       0.78      0.78      0.78       125

avg / total       0.85      0.85      0.85       571

01/04/2018 17:32:00 [INFO] exp_shallowmodel: confusion matrix:
01/04/2018 17:32:00 [INFO] exp_shallowmodel: 
[[  7   2   5   0]
 [  1 135   8  20]
 [  3  12 246   7]
 [  0  21   7  97]]
01/04/2018 17:32:02 [INFO] exp_shallowmodel: ******************** dstc2 - Round 1 
01/04/2018 17:32:02 [INFO] exp_shallowmodel: #(data) = 4583
01/04/2018 17:32:02 [INFO] exp_shallowmodel: #(feature) = 9423
01/04/2018 17:32:02 [INFO] exp_shallowmodel: ================================================================================
01/04/2018 17:32:02 [INFO] exp_shallowmodel: LR.pen=l1.C=1.000000
01/04/2018 17:32:02 [INFO] exp_shallowmodel: ________________________________________________________________________________
01/04/2018 17:32:02 [INFO] exp_shallowmodel: Training: 
01/04/2018 17:32:02 [INFO] exp_shallowmodel: LogisticRegression(C=1, class_weight=None, dual=False, fit_intercept=True,
          intercept_scaling=1, max_iter=100, multi_class='ovr', n_jobs=1,
          penalty='l1', random_state=None, solver='liblinear', tol=0.0001,
          verbose=0, warm_start=False)
01/04/2018 17:32:30 [INFO] exp_shallowmodel: train time: 28.695s
01/04/2018 17:32:30 [INFO] exp_shallowmodel: test time:  0.008s
01/04/2018 17:32:30 [INFO] exp_shallowmodel: accuracy:   0.811
01/04/2018 17:32:30 [INFO] exp_shallowmodel: f1_score:   0.704
01/04/2018 17:32:30 [INFO] exp_shallowmodel: classification report:
01/04/2018 17:32:30 [INFO] exp_shallowmodel:              precision    recall  f1-score   support

          A       0.56      0.36      0.43        14
          C       0.75      0.73      0.74       164
          F       0.89      0.92      0.90       268
          R       0.74      0.74      0.74       125

avg / total       0.81      0.81      0.81       571

01/04/2018 17:32:30 [INFO] exp_shallowmodel: confusion matrix:
01/04/2018 17:32:30 [INFO] exp_shallowmodel: 
[[  5   3   5   1]
 [  2 120  19  23]
 [  1  13 246   8]
 [  1  25   7  92]]
01/04/2018 17:32:31 [INFO] exp_shallowmodel: Feature selection of top 100, ranked by LR weights (selectable:non-selectable=11:89)
01/04/2018 17:32:37 [INFO] exp_shallowmodel: %%%%%%%%%%%%%%%%%%%%%%%%%%%%%%%%%%%%%%%%%%%%%%%%%%
01/04/2018 17:32:37 [INFO] exp_shallowmodel:           dataset=dstc3
01/04/2018 17:32:37 [INFO] exp_shallowmodel:           k_feature_to_keep=8
01/04/2018 17:32:37 [INFO] exp_shallowmodel:           X_new.shape=(5934, 9423)
01/04/2018 17:32:37 [INFO] exp_shallowmodel:           #(X_selected)=256
01/04/2018 17:32:37 [INFO] exp_shallowmodel:           #(X_not_selectable)=9167
01/04/2018 17:32:37 [INFO] exp_shallowmodel: %%%%%%%%%%%%%%%%%%%%%%%%%%%%%%%%%%%%%%%%%%%%%%%%%%
01/04/2018 17:32:40 [INFO] exp_shallowmodel: ******************** dstc3 - Round 0 
01/04/2018 17:32:40 [INFO] exp_shallowmodel: #(data) = 4750
01/04/2018 17:32:40 [INFO] exp_shallowmodel: #(feature) = 9423
01/04/2018 17:32:40 [INFO] exp_shallowmodel: ================================================================================
01/04/2018 17:32:40 [INFO] exp_shallowmodel: LR.pen=l1.C=1.000000
01/04/2018 17:32:40 [INFO] exp_shallowmodel: ________________________________________________________________________________
01/04/2018 17:32:40 [INFO] exp_shallowmodel: Training: 
01/04/2018 17:32:40 [INFO] exp_shallowmodel: LogisticRegression(C=1, class_weight=None, dual=False, fit_intercept=True,
          intercept_scaling=1, max_iter=100, multi_class='ovr', n_jobs=1,
          penalty='l1', random_state=None, solver='liblinear', tol=0.0001,
          verbose=0, warm_start=False)
01/04/2018 17:33:14 [INFO] exp_shallowmodel: train time: 34.517s
01/04/2018 17:33:14 [INFO] exp_shallowmodel: test time:  0.009s
01/04/2018 17:33:14 [INFO] exp_shallowmodel: accuracy:   0.792
01/04/2018 17:33:14 [INFO] exp_shallowmodel: f1_score:   0.732
01/04/2018 17:33:14 [INFO] exp_shallowmodel: classification report:
01/04/2018 17:33:14 [INFO] exp_shallowmodel:              precision    recall  f1-score   support

          A       0.80      0.60      0.69        20
          C       0.72      0.76      0.74       169
          F       0.91      0.93      0.92       281
          R       0.62      0.57      0.59       122

avg / total       0.79      0.79      0.79       592

01/04/2018 17:33:14 [INFO] exp_shallowmodel: confusion matrix:
01/04/2018 17:33:14 [INFO] exp_shallowmodel: 
[[ 12   1   5   2]
 [  3 128   9  29]
 [  0   9 260  12]
 [  0  41  12  69]]
01/04/2018 17:33:16 [INFO] exp_shallowmodel: ******************** dstc3 - Round 1 
01/04/2018 17:33:16 [INFO] exp_shallowmodel: #(data) = 4750
01/04/2018 17:33:16 [INFO] exp_shallowmodel: #(feature) = 9423
01/04/2018 17:33:16 [INFO] exp_shallowmodel: ================================================================================
01/04/2018 17:33:16 [INFO] exp_shallowmodel: LR.pen=l1.C=1.000000
01/04/2018 17:33:16 [INFO] exp_shallowmodel: ________________________________________________________________________________
01/04/2018 17:33:16 [INFO] exp_shallowmodel: Training: 
01/04/2018 17:33:16 [INFO] exp_shallowmodel: LogisticRegression(C=1, class_weight=None, dual=False, fit_intercept=True,
          intercept_scaling=1, max_iter=100, multi_class='ovr', n_jobs=1,
          penalty='l1', random_state=None, solver='liblinear', tol=0.0001,
          verbose=0, warm_start=False)
01/04/2018 17:33:50 [INFO] exp_shallowmodel: train time: 34.260s
01/04/2018 17:33:50 [INFO] exp_shallowmodel: test time:  0.008s
01/04/2018 17:33:50 [INFO] exp_shallowmodel: accuracy:   0.794
01/04/2018 17:33:50 [INFO] exp_shallowmodel: f1_score:   0.705
01/04/2018 17:33:50 [INFO] exp_shallowmodel: classification report:
01/04/2018 17:33:50 [INFO] exp_shallowmodel:              precision    recall  f1-score   support

          A       0.59      0.50      0.54        20
          C       0.76      0.76      0.76       169
          F       0.90      0.92      0.91       281
          R       0.62      0.60      0.61       122

avg / total       0.79      0.79      0.79       592

01/04/2018 17:33:50 [INFO] exp_shallowmodel: confusion matrix:
01/04/2018 17:33:50 [INFO] exp_shallowmodel: 
[[ 10   1   6   3]
 [  1 129  10  29]
 [  4   6 258  13]
 [  2  34  13  73]]
01/04/2018 17:33:51 [INFO] exp_shallowmodel: Feature selection of top 100, ranked by LR weights (selectable:non-selectable=6:94)
01/04/2018 17:34:01 [INFO] exp_shallowmodel: %%%%%%%%%%%%%%%%%%%%%%%%%%%%%%%%%%%%%%%%%%%%%%%%%%
01/04/2018 17:34:01 [INFO] exp_shallowmodel:           dataset=family
01/04/2018 17:34:01 [INFO] exp_shallowmodel:           k_feature_to_keep=8
01/04/2018 17:34:01 [INFO] exp_shallowmodel:           X_new.shape=(3530, 9431)
01/04/2018 17:34:01 [INFO] exp_shallowmodel:           #(X_selected)=256
01/04/2018 17:34:01 [INFO] exp_shallowmodel:           #(X_not_selectable)=9175
01/04/2018 17:34:01 [INFO] exp_shallowmodel: %%%%%%%%%%%%%%%%%%%%%%%%%%%%%%%%%%%%%%%%%%%%%%%%%%
01/04/2018 17:34:02 [INFO] exp_shallowmodel: ******************** family - Round 0 
01/04/2018 17:34:02 [INFO] exp_shallowmodel: #(data) = 2826
01/04/2018 17:34:02 [INFO] exp_shallowmodel: #(feature) = 9431
01/04/2018 17:34:02 [INFO] exp_shallowmodel: ================================================================================
01/04/2018 17:34:02 [INFO] exp_shallowmodel: LR.pen=l1.C=1.000000
01/04/2018 17:34:02 [INFO] exp_shallowmodel: ________________________________________________________________________________
01/04/2018 17:34:02 [INFO] exp_shallowmodel: Training: 
01/04/2018 17:34:02 [INFO] exp_shallowmodel: LogisticRegression(C=1, class_weight=None, dual=False, fit_intercept=True,
          intercept_scaling=1, max_iter=100, multi_class='ovr', n_jobs=1,
          penalty='l1', random_state=None, solver='liblinear', tol=0.0001,
          verbose=0, warm_start=False)
01/04/2018 17:34:14 [INFO] exp_shallowmodel: train time: 12.209s
01/04/2018 17:34:14 [INFO] exp_shallowmodel: test time:  0.005s
01/04/2018 17:34:14 [INFO] exp_shallowmodel: accuracy:   0.864
01/04/2018 17:34:14 [INFO] exp_shallowmodel: f1_score:   0.681
01/04/2018 17:34:14 [INFO] exp_shallowmodel: classification report:
01/04/2018 17:34:14 [INFO] exp_shallowmodel:              precision    recall  f1-score   support

          A       0.57      0.52      0.55        23
          C       0.62      0.48      0.54        27
          F       0.94      0.98      0.96       250
          R       0.69      0.67      0.68        52

avg / total       0.86      0.86      0.86       352

01/04/2018 17:34:14 [INFO] exp_shallowmodel: confusion matrix:
01/04/2018 17:34:14 [INFO] exp_shallowmodel: 
[[ 12   3   5   3]
 [  5  13   0   9]
 [  2   0 244   4]
 [  2   5  10  35]]
01/04/2018 17:34:15 [INFO] exp_shallowmodel: ******************** family - Round 1 
01/04/2018 17:34:15 [INFO] exp_shallowmodel: #(data) = 2826
01/04/2018 17:34:15 [INFO] exp_shallowmodel: #(feature) = 9431
01/04/2018 17:34:15 [INFO] exp_shallowmodel: ================================================================================
01/04/2018 17:34:15 [INFO] exp_shallowmodel: LR.pen=l1.C=1.000000
01/04/2018 17:34:15 [INFO] exp_shallowmodel: ________________________________________________________________________________
01/04/2018 17:34:15 [INFO] exp_shallowmodel: Training: 
01/04/2018 17:34:15 [INFO] exp_shallowmodel: LogisticRegression(C=1, class_weight=None, dual=False, fit_intercept=True,
          intercept_scaling=1, max_iter=100, multi_class='ovr', n_jobs=1,
          penalty='l1', random_state=None, solver='liblinear', tol=0.0001,
          verbose=0, warm_start=False)
01/04/2018 17:34:28 [INFO] exp_shallowmodel: train time: 12.578s
01/04/2018 17:34:28 [INFO] exp_shallowmodel: test time:  0.005s
01/04/2018 17:34:28 [INFO] exp_shallowmodel: accuracy:   0.886
01/04/2018 17:34:28 [INFO] exp_shallowmodel: f1_score:   0.756
01/04/2018 17:34:28 [INFO] exp_shallowmodel: classification report:
01/04/2018 17:34:28 [INFO] exp_shallowmodel:              precision    recall  f1-score   support

          A       0.90      0.39      0.55        23
          C       0.79      0.85      0.82        27
          F       0.93      0.97      0.95       250
          R       0.70      0.71      0.70        52

avg / total       0.89      0.89      0.88       352

01/04/2018 17:34:28 [INFO] exp_shallowmodel: confusion matrix:
01/04/2018 17:34:28 [INFO] exp_shallowmodel: 
[[  9   2   6   6]
 [  1  23   0   3]
 [  0   0 243   7]
 [  0   4  11  37]]
01/04/2018 17:34:29 [INFO] exp_shallowmodel: Feature selection of top 100, ranked by LR weights (selectable:non-selectable=22:78)
01/04/2018 17:34:40 [INFO] exp_shallowmodel: %%%%%%%%%%%%%%%%%%%%%%%%%%%%%%%%%%%%%%%%%%%%%%%%%%
01/04/2018 17:34:40 [INFO] exp_shallowmodel:           dataset=ghome
01/04/2018 17:34:40 [INFO] exp_shallowmodel:           k_feature_to_keep=8
01/04/2018 17:34:40 [INFO] exp_shallowmodel:           X_new.shape=(5241, 9424)
01/04/2018 17:34:40 [INFO] exp_shallowmodel:           #(X_selected)=256
01/04/2018 17:34:40 [INFO] exp_shallowmodel:           #(X_not_selectable)=9168
01/04/2018 17:34:40 [INFO] exp_shallowmodel: %%%%%%%%%%%%%%%%%%%%%%%%%%%%%%%%%%%%%%%%%%%%%%%%%%
01/04/2018 17:34:42 [INFO] exp_shallowmodel: ******************** ghome - Round 0 
01/04/2018 17:34:42 [INFO] exp_shallowmodel: #(data) = 4197
01/04/2018 17:34:42 [INFO] exp_shallowmodel: #(feature) = 9424
01/04/2018 17:34:42 [INFO] exp_shallowmodel: ================================================================================
01/04/2018 17:34:42 [INFO] exp_shallowmodel: LR.pen=l1.C=1.000000
01/04/2018 17:34:42 [INFO] exp_shallowmodel: ________________________________________________________________________________
01/04/2018 17:34:42 [INFO] exp_shallowmodel: Training: 
01/04/2018 17:34:42 [INFO] exp_shallowmodel: LogisticRegression(C=1, class_weight=None, dual=False, fit_intercept=True,
          intercept_scaling=1, max_iter=100, multi_class='ovr', n_jobs=1,
          penalty='l1', random_state=None, solver='liblinear', tol=0.0001,
          verbose=0, warm_start=False)
01/04/2018 17:35:03 [INFO] exp_shallowmodel: train time: 21.061s
01/04/2018 17:35:03 [INFO] exp_shallowmodel: test time:  0.008s
01/04/2018 17:35:03 [INFO] exp_shallowmodel: accuracy:   0.866
01/04/2018 17:35:03 [INFO] exp_shallowmodel: f1_score:   0.583
01/04/2018 17:35:03 [INFO] exp_shallowmodel: classification report:
01/04/2018 17:35:03 [INFO] exp_shallowmodel:              precision    recall  f1-score   support

          A       0.54      0.51      0.52        59
          C       0.33      0.17      0.22        12
          F       0.94      0.98      0.96       396
          R       0.66      0.60      0.63        55

avg / total       0.85      0.87      0.86       522

01/04/2018 17:35:03 [INFO] exp_shallowmodel: confusion matrix:
01/04/2018 17:35:03 [INFO] exp_shallowmodel: 
[[ 30   2  12  15]
 [  3   2   6   1]
 [  7   1 387   1]
 [ 16   1   5  33]]
01/04/2018 17:35:05 [INFO] exp_shallowmodel: ******************** ghome - Round 1 
01/04/2018 17:35:05 [INFO] exp_shallowmodel: #(data) = 4197
01/04/2018 17:35:05 [INFO] exp_shallowmodel: #(feature) = 9424
01/04/2018 17:35:05 [INFO] exp_shallowmodel: ================================================================================
01/04/2018 17:35:05 [INFO] exp_shallowmodel: LR.pen=l1.C=1.000000
01/04/2018 17:35:05 [INFO] exp_shallowmodel: ________________________________________________________________________________
01/04/2018 17:35:05 [INFO] exp_shallowmodel: Training: 
01/04/2018 17:35:05 [INFO] exp_shallowmodel: LogisticRegression(C=1, class_weight=None, dual=False, fit_intercept=True,
          intercept_scaling=1, max_iter=100, multi_class='ovr', n_jobs=1,
          penalty='l1', random_state=None, solver='liblinear', tol=0.0001,
          verbose=0, warm_start=False)
01/04/2018 17:35:26 [INFO] exp_shallowmodel: train time: 20.671s
01/04/2018 17:35:26 [INFO] exp_shallowmodel: test time:  0.008s
01/04/2018 17:35:26 [INFO] exp_shallowmodel: accuracy:   0.900
01/04/2018 17:35:26 [INFO] exp_shallowmodel: f1_score:   0.652
01/04/2018 17:35:26 [INFO] exp_shallowmodel: classification report:
01/04/2018 17:35:26 [INFO] exp_shallowmodel:              precision    recall  f1-score   support

          A       0.72      0.69      0.71        59
          C       0.40      0.17      0.24        12
          F       0.96      0.98      0.97       396
          R       0.70      0.69      0.70        55

avg / total       0.89      0.90      0.89       522

01/04/2018 17:35:26 [INFO] exp_shallowmodel: confusion matrix:
01/04/2018 17:35:26 [INFO] exp_shallowmodel: 
[[ 41   1   6  11]
 [  5   2   3   2]
 [  4   0 389   3]
 [  7   2   8  38]]
01/04/2018 17:35:27 [INFO] exp_shallowmodel: Feature selection of top 100, ranked by LR weights (selectable:non-selectable=11:89)
