01/04/2018 17:31:30 [INFO] configuration: experiment_mode  :   discrete_feature_selection
01/04/2018 17:31:30 [INFO] configuration: deep_model  :   False
01/04/2018 17:31:30 [INFO] configuration: selected_context_id  :   0
01/04/2018 17:31:30 [INFO] configuration: selected_feature_set_id  :   13
01/04/2018 17:31:30 [INFO] configuration: similarity_feature  :   True
01/04/2018 17:31:30 [INFO] configuration: k_feature_to_keep  :   5
01/04/2018 17:31:30 [INFO] configuration: seed  :   154316847
01/04/2018 17:31:30 [INFO] configuration: root_path  :   /ihome/pbrusilosky/rum20/y_classify
01/04/2018 17:31:30 [INFO] configuration: task_name  :   utterance_type
01/04/2018 17:31:30 [INFO] configuration: timemark  :   20180104-173130
01/04/2018 17:31:30 [INFO] configuration: context_set  :   next
01/04/2018 17:31:30 [INFO] configuration: utterance_names  :   ['last_user_utterance', 'last_system_utterance', 'current_user_utterance', 'next_system_utterance', 'next_user_utterance']
01/04/2018 17:31:30 [INFO] configuration: utterance_range  :   ['current_user_utterance', 'next_system_utterance', 'next_user_utterance']
01/04/2018 17:31:30 [INFO] configuration: feature_set  :   13-[8+1.3.4]
01/04/2018 17:31:30 [INFO] configuration: feature_set_number  :   ['1', '2', '3', '5', '6', '7', '11']
01/04/2018 17:31:30 [INFO] configuration: experiment_name  :   20180104-173130.discrete_feature_selection.feature_number=5.context=next.feature=13-[8+1.3.4].similarity=true
01/04/2018 17:31:30 [INFO] configuration: experiment_path  :   /ihome/pbrusilosky/rum20/y_classify/output/20180104-173130.discrete_feature_selection.feature_number=5.context=next.feature=13-[8+1.3.4].similarity=true
01/04/2018 17:31:30 [INFO] configuration: log_path  :   /ihome/pbrusilosky/rum20/y_classify/output/20180104-173130.discrete_feature_selection.feature_number=5.context=next.feature=13-[8+1.3.4].similarity=true/output.log
01/04/2018 17:31:30 [INFO] configuration: valid_type  :   {'C', 'A', 'R', 'F'}
01/04/2018 17:31:30 [INFO] configuration: data_name  :   
01/04/2018 17:31:30 [INFO] configuration: data_names  :   ['dstc2', 'dstc3', 'family', 'ghome']
01/04/2018 17:31:30 [INFO] configuration: raw_feature_path  :   /ihome/pbrusilosky/rum20/y_classify/dataset/feature/%s.raw_feature.pkl
01/04/2018 17:31:30 [INFO] configuration: extracted_feature_path  :   /ihome/pbrusilosky/rum20/y_classify/dataset/feature/%s.extracted_feature.pkl
01/04/2018 17:31:30 [INFO] configuration: pipeline_path  :   /ihome/pbrusilosky/rum20/y_classify/dataset/feature/%s.pipeline.pkl
01/04/2018 17:31:30 [INFO] configuration: metrics  :   ['accuracy', 'precision', 'recall', 'f1_score', 'training_time', 'test_time']
01/04/2018 17:31:30 [INFO] configuration: do_cross_validation  :   True
01/04/2018 17:31:30 [INFO] configuration: #division  :   5
01/04/2018 17:31:30 [INFO] configuration: #cross_validation  :   10
01/04/2018 17:31:30 [INFO] configuration: cv_index_cache_path  :   
01/04/2018 17:31:30 [INFO] configuration: action_words  :   {'phone', 'room', 'centre', 'area', 'telephon', 'tell', 'moder', 'south', 'telephone', 'weather', 'add', 'turn', 'remove', 'reminder', 'volume', 'volum', 'temperature', 'remov', 'expens', 'ani', 'els', 'moderate', 'member', 'play', 'findcare', 'start', 'cast', 'song', 'show', 'remind', 'north', 'alarm', 'number', 'cheap', 'expensive', 'item', 'list', 'delete', 'delet', 'shuffle', 'else', 'shuffl', 'reminds', 'share', 'items', 'light', 'music', 'centr', 'video', 'skip', 'reminders', 'price', 'address', 'time', 'timer', 'post', 'matter', 'any', 'watch', 'findcar', 'snooze', 'help', 'part', 'discard', 'snooz', 'clear', 'temperatur', 'next', 'stop', 'food'}
01/04/2018 17:31:30 [INFO] configuration: corenlp_jars  :   ('/Users/memray/Project/stanford/stanford-corenlp-full-3.8.0/*', '/Users/memray/Project/stanford/stanford-corenlp-full-3.8.0/stanford-english-kbp-corenlp-2017-06-09-models.jar')
01/04/2018 17:31:30 [INFO] configuration: lda_topic_number  :   50
01/04/2018 17:31:30 [INFO] configuration: lda_path  :   /ihome/pbrusilosky/rum20/y_classify/dataset/feature/gensim/%s.topic=50.lda.pkl
01/04/2018 17:31:30 [INFO] configuration: gensim_corpus_path  :   /ihome/pbrusilosky/rum20/y_classify/dataset/feature/gensim/%s.corpus.pkl
01/04/2018 17:31:30 [INFO] configuration: gensim_dict_path  :   /ihome/pbrusilosky/rum20/y_classify/dataset/feature/gensim/%s.dict
01/04/2018 17:31:30 [INFO] configuration: w2v_path  :   /home/memray/Data/glove/GoogleNews-vectors-negative300.bin
01/04/2018 17:31:30 [INFO] configuration: w2v_vector_length  :   300
01/04/2018 17:31:30 [INFO] configuration: d2v_vector_length  :   300
01/04/2018 17:31:30 [INFO] configuration: d2v_window_size  :   5
01/04/2018 17:31:30 [INFO] configuration: d2v_min_count  :   2
01/04/2018 17:31:30 [INFO] configuration: d2v_model_path  :   /ihome/pbrusilosky/rum20/y_classify/dataset/feature/gensim/%s.doc2vec.dim=300.window=5.min_count=2.model
01/04/2018 17:31:30 [INFO] configuration: d2v_vector_path  :   /ihome/pbrusilosky/rum20/y_classify/dataset/feature/gensim/%s.doc2vec.dim=300.window=5.min_count=2.vector
01/04/2018 17:31:30 [INFO] configuration: num_word_keep  :   {'dstc2': 300, 'dstc3': 300, 'family': 1000, 'ghome': 1000}
01/04/2018 17:31:30 [INFO] configuration: batch_size  :   128
01/04/2018 17:31:30 [INFO] configuration: max_epoch  :   50
01/04/2018 17:31:30 [INFO] configuration: early_stop_tolerance  :   2
01/04/2018 17:31:30 [INFO] configuration: concat_sents  :   False
01/04/2018 17:31:30 [INFO] configuration: cnn_setting  :   {'model': 'multichannel', 'early_stopping': True, 'word_dim': 300, 'filters': [3, 4, 5], 'filter_num': [100, 100, 100], 'class_size': 4, 'batch_size': 128, 'learning_rate': 0.001, 'norm_limit': 10, 'dropout_prob': 0.0, 'sentence_num': 3}
01/04/2018 17:31:30 [INFO] configuration: skipthought_setting  :   {'skipthought_model_path': '/Users/memray/Data/skip-thought', 'skipthought_data_path': '/ihome/pbrusilosky/rum20/y_classify/dataset/feature/gensim/%s.skip-thought.biskip.vector', 'fixed_emb': True, 'sentence_num': 3, 'hidden_size': 2400, 'class_size': 4, 'learning_rate': 0.0001, 'norm_limit': 3, 'dropout_prob': 0.5}
01/04/2018 17:31:30 [INFO] configuration: lstm_setting  :   {'model': 'non-static', 'hidden_size': 32, 'embedding_size': 300, 'num_layers': 1, 'bidirectional': False, 'learning_rate': 0.001, 'class_size': 4, 'norm_limit': 2, 'clip_grad_norm': 2, 'dropout_prob': 0.1}
01/04/2018 17:31:34 [INFO] exp_shallowmodel: %%%%%%%%%%%%%%%%%%%%%%%%%%%%%%%%%%%%%%%%%%%%%%%%%%
01/04/2018 17:31:34 [INFO] exp_shallowmodel:           dataset=dstc2
01/04/2018 17:31:34 [INFO] exp_shallowmodel:           k_feature_to_keep=5
01/04/2018 17:31:34 [INFO] exp_shallowmodel:           X_new.shape=(5725, 7243)
01/04/2018 17:31:34 [INFO] exp_shallowmodel:           #(X_selected)=32
01/04/2018 17:31:34 [INFO] exp_shallowmodel:           #(X_not_selectable)=7211
01/04/2018 17:31:34 [INFO] exp_shallowmodel: %%%%%%%%%%%%%%%%%%%%%%%%%%%%%%%%%%%%%%%%%%%%%%%%%%
01/04/2018 17:31:35 [INFO] exp_shallowmodel: ******************** dstc2 - Round 0 
01/04/2018 17:31:35 [INFO] exp_shallowmodel: #(data) = 4583
01/04/2018 17:31:35 [INFO] exp_shallowmodel: #(feature) = 7243
01/04/2018 17:31:35 [INFO] exp_shallowmodel: ================================================================================
01/04/2018 17:31:35 [INFO] exp_shallowmodel: LR.pen=l1.C=1.000000
01/04/2018 17:31:35 [INFO] exp_shallowmodel: ________________________________________________________________________________
01/04/2018 17:31:35 [INFO] exp_shallowmodel: Training: 
01/04/2018 17:31:35 [INFO] exp_shallowmodel: LogisticRegression(C=1, class_weight=None, dual=False, fit_intercept=True,
          intercept_scaling=1, max_iter=100, multi_class='ovr', n_jobs=1,
          penalty='l1', random_state=None, solver='liblinear', tol=0.0001,
          verbose=0, warm_start=False)
01/04/2018 17:32:07 [INFO] exp_shallowmodel: train time: 31.474s
01/04/2018 17:32:07 [INFO] exp_shallowmodel: test time:  0.006s
01/04/2018 17:32:07 [INFO] exp_shallowmodel: accuracy:   0.835
01/04/2018 17:32:07 [INFO] exp_shallowmodel: f1_score:   0.760
01/04/2018 17:32:07 [INFO] exp_shallowmodel: classification report:
01/04/2018 17:32:07 [INFO] exp_shallowmodel:              precision    recall  f1-score   support

          A       0.70      0.50      0.58        14
          C       0.79      0.80      0.80       164
          F       0.91      0.91      0.91       268
          R       0.74      0.75      0.75       125

avg / total       0.84      0.84      0.83       571

01/04/2018 17:32:07 [INFO] exp_shallowmodel: confusion matrix:
01/04/2018 17:32:07 [INFO] exp_shallowmodel: 
[[  7   2   5   0]
 [  0 132  11  21]
 [  3   9 244  12]
 [  0  24   7  94]]
01/04/2018 17:32:08 [INFO] exp_shallowmodel: ******************** dstc2 - Round 1 
01/04/2018 17:32:08 [INFO] exp_shallowmodel: #(data) = 4583
01/04/2018 17:32:08 [INFO] exp_shallowmodel: #(feature) = 7243
01/04/2018 17:32:08 [INFO] exp_shallowmodel: ================================================================================
01/04/2018 17:32:08 [INFO] exp_shallowmodel: LR.pen=l1.C=1.000000
01/04/2018 17:32:08 [INFO] exp_shallowmodel: ________________________________________________________________________________
01/04/2018 17:32:08 [INFO] exp_shallowmodel: Training: 
01/04/2018 17:32:08 [INFO] exp_shallowmodel: LogisticRegression(C=1, class_weight=None, dual=False, fit_intercept=True,
          intercept_scaling=1, max_iter=100, multi_class='ovr', n_jobs=1,
          penalty='l1', random_state=None, solver='liblinear', tol=0.0001,
          verbose=0, warm_start=False)
01/04/2018 17:32:39 [INFO] exp_shallowmodel: train time: 30.827s
01/04/2018 17:32:39 [INFO] exp_shallowmodel: test time:  0.006s
01/04/2018 17:32:39 [INFO] exp_shallowmodel: accuracy:   0.811
01/04/2018 17:32:39 [INFO] exp_shallowmodel: f1_score:   0.727
01/04/2018 17:32:39 [INFO] exp_shallowmodel: classification report:
01/04/2018 17:32:39 [INFO] exp_shallowmodel:              precision    recall  f1-score   support

          A       0.75      0.43      0.55        14
          C       0.75      0.71      0.73       164
          F       0.89      0.93      0.91       268
          R       0.71      0.74      0.72       125

avg / total       0.81      0.81      0.81       571

01/04/2018 17:32:39 [INFO] exp_shallowmodel: confusion matrix:
01/04/2018 17:32:39 [INFO] exp_shallowmodel: 
[[  6   2   5   1]
 [  1 116  19  28]
 [  1  10 249   8]
 [  0  27   6  92]]
01/04/2018 17:32:39 [INFO] exp_shallowmodel: Feature selection of top 100, ranked by LR weights (selectable:non-selectable=7:93)
01/04/2018 17:32:44 [INFO] exp_shallowmodel: %%%%%%%%%%%%%%%%%%%%%%%%%%%%%%%%%%%%%%%%%%%%%%%%%%
01/04/2018 17:32:44 [INFO] exp_shallowmodel:           dataset=dstc3
01/04/2018 17:32:44 [INFO] exp_shallowmodel:           k_feature_to_keep=5
01/04/2018 17:32:44 [INFO] exp_shallowmodel:           X_new.shape=(5934, 7243)
01/04/2018 17:32:44 [INFO] exp_shallowmodel:           #(X_selected)=32
01/04/2018 17:32:44 [INFO] exp_shallowmodel:           #(X_not_selectable)=7211
01/04/2018 17:32:44 [INFO] exp_shallowmodel: %%%%%%%%%%%%%%%%%%%%%%%%%%%%%%%%%%%%%%%%%%%%%%%%%%
01/04/2018 17:32:46 [INFO] exp_shallowmodel: ******************** dstc3 - Round 0 
01/04/2018 17:32:46 [INFO] exp_shallowmodel: #(data) = 4750
01/04/2018 17:32:46 [INFO] exp_shallowmodel: #(feature) = 7243
01/04/2018 17:32:46 [INFO] exp_shallowmodel: ================================================================================
01/04/2018 17:32:46 [INFO] exp_shallowmodel: LR.pen=l1.C=1.000000
01/04/2018 17:32:46 [INFO] exp_shallowmodel: ________________________________________________________________________________
01/04/2018 17:32:46 [INFO] exp_shallowmodel: Training: 
01/04/2018 17:32:46 [INFO] exp_shallowmodel: LogisticRegression(C=1, class_weight=None, dual=False, fit_intercept=True,
          intercept_scaling=1, max_iter=100, multi_class='ovr', n_jobs=1,
          penalty='l1', random_state=None, solver='liblinear', tol=0.0001,
          verbose=0, warm_start=False)
01/04/2018 17:33:22 [INFO] exp_shallowmodel: train time: 35.981s
01/04/2018 17:33:22 [INFO] exp_shallowmodel: test time:  0.007s
01/04/2018 17:33:22 [INFO] exp_shallowmodel: accuracy:   0.772
01/04/2018 17:33:22 [INFO] exp_shallowmodel: f1_score:   0.686
01/04/2018 17:33:22 [INFO] exp_shallowmodel: classification report:
01/04/2018 17:33:22 [INFO] exp_shallowmodel:              precision    recall  f1-score   support

          A       0.58      0.55      0.56        20
          C       0.70      0.75      0.72       169
          F       0.91      0.91      0.91       281
          R       0.57      0.52      0.54       122

avg / total       0.77      0.77      0.77       592

01/04/2018 17:33:22 [INFO] exp_shallowmodel: confusion matrix:
01/04/2018 17:33:22 [INFO] exp_shallowmodel: 
[[ 11   3   4   2]
 [  3 126   8  32]
 [  2   8 256  15]
 [  3  43  12  64]]
01/04/2018 17:33:23 [INFO] exp_shallowmodel: ******************** dstc3 - Round 1 
01/04/2018 17:33:23 [INFO] exp_shallowmodel: #(data) = 4750
01/04/2018 17:33:23 [INFO] exp_shallowmodel: #(feature) = 7243
01/04/2018 17:33:23 [INFO] exp_shallowmodel: ================================================================================
01/04/2018 17:33:23 [INFO] exp_shallowmodel: LR.pen=l1.C=1.000000
01/04/2018 17:33:23 [INFO] exp_shallowmodel: ________________________________________________________________________________
01/04/2018 17:33:23 [INFO] exp_shallowmodel: Training: 
01/04/2018 17:33:23 [INFO] exp_shallowmodel: LogisticRegression(C=1, class_weight=None, dual=False, fit_intercept=True,
          intercept_scaling=1, max_iter=100, multi_class='ovr', n_jobs=1,
          penalty='l1', random_state=None, solver='liblinear', tol=0.0001,
          verbose=0, warm_start=False)
01/04/2018 17:33:59 [INFO] exp_shallowmodel: train time: 35.808s
01/04/2018 17:33:59 [INFO] exp_shallowmodel: test time:  0.007s
01/04/2018 17:33:59 [INFO] exp_shallowmodel: accuracy:   0.782
01/04/2018 17:33:59 [INFO] exp_shallowmodel: f1_score:   0.663
01/04/2018 17:33:59 [INFO] exp_shallowmodel: classification report:
01/04/2018 17:33:59 [INFO] exp_shallowmodel:              precision    recall  f1-score   support

          A       0.40      0.40      0.40        20
          C       0.76      0.77      0.76       169
          F       0.89      0.91      0.90       281
          R       0.62      0.57      0.59       122

avg / total       0.78      0.78      0.78       592

01/04/2018 17:33:59 [INFO] exp_shallowmodel: confusion matrix:
01/04/2018 17:33:59 [INFO] exp_shallowmodel: 
[[  8   2   6   4]
 [  4 130   9  26]
 [  5   8 256  12]
 [  3  32  18  69]]
01/04/2018 17:34:00 [INFO] exp_shallowmodel: Feature selection of top 100, ranked by LR weights (selectable:non-selectable=5:95)
01/04/2018 17:34:07 [INFO] exp_shallowmodel: %%%%%%%%%%%%%%%%%%%%%%%%%%%%%%%%%%%%%%%%%%%%%%%%%%
01/04/2018 17:34:07 [INFO] exp_shallowmodel:           dataset=family
01/04/2018 17:34:07 [INFO] exp_shallowmodel:           k_feature_to_keep=5
01/04/2018 17:34:07 [INFO] exp_shallowmodel:           X_new.shape=(3530, 7245)
01/04/2018 17:34:07 [INFO] exp_shallowmodel:           #(X_selected)=32
01/04/2018 17:34:07 [INFO] exp_shallowmodel:           #(X_not_selectable)=7213
01/04/2018 17:34:07 [INFO] exp_shallowmodel: %%%%%%%%%%%%%%%%%%%%%%%%%%%%%%%%%%%%%%%%%%%%%%%%%%
01/04/2018 17:34:08 [INFO] exp_shallowmodel: ******************** family - Round 0 
01/04/2018 17:34:08 [INFO] exp_shallowmodel: #(data) = 2826
01/04/2018 17:34:08 [INFO] exp_shallowmodel: #(feature) = 7245
01/04/2018 17:34:08 [INFO] exp_shallowmodel: ================================================================================
01/04/2018 17:34:08 [INFO] exp_shallowmodel: LR.pen=l1.C=1.000000
01/04/2018 17:34:08 [INFO] exp_shallowmodel: ________________________________________________________________________________
01/04/2018 17:34:08 [INFO] exp_shallowmodel: Training: 
01/04/2018 17:34:08 [INFO] exp_shallowmodel: LogisticRegression(C=1, class_weight=None, dual=False, fit_intercept=True,
          intercept_scaling=1, max_iter=100, multi_class='ovr', n_jobs=1,
          penalty='l1', random_state=None, solver='liblinear', tol=0.0001,
          verbose=0, warm_start=False)
01/04/2018 17:34:21 [INFO] exp_shallowmodel: train time: 13.251s
01/04/2018 17:34:21 [INFO] exp_shallowmodel: test time:  0.004s
01/04/2018 17:34:21 [INFO] exp_shallowmodel: accuracy:   0.849
01/04/2018 17:34:21 [INFO] exp_shallowmodel: f1_score:   0.641
01/04/2018 17:34:21 [INFO] exp_shallowmodel: classification report:
01/04/2018 17:34:21 [INFO] exp_shallowmodel:              precision    recall  f1-score   support

          A       0.39      0.30      0.34        23
          C       0.62      0.59      0.60        27
          F       0.94      0.97      0.95       250
          R       0.68      0.65      0.67        52

avg / total       0.84      0.85      0.84       352

01/04/2018 17:34:21 [INFO] exp_shallowmodel: confusion matrix:
01/04/2018 17:34:21 [INFO] exp_shallowmodel: 
[[  7   3   8   5]
 [  6  16   0   5]
 [  1   1 242   6]
 [  4   6   8  34]]
01/04/2018 17:34:22 [INFO] exp_shallowmodel: ******************** family - Round 1 
01/04/2018 17:34:22 [INFO] exp_shallowmodel: #(data) = 2826
01/04/2018 17:34:22 [INFO] exp_shallowmodel: #(feature) = 7245
01/04/2018 17:34:22 [INFO] exp_shallowmodel: ================================================================================
01/04/2018 17:34:22 [INFO] exp_shallowmodel: LR.pen=l1.C=1.000000
01/04/2018 17:34:22 [INFO] exp_shallowmodel: ________________________________________________________________________________
01/04/2018 17:34:22 [INFO] exp_shallowmodel: Training: 
01/04/2018 17:34:22 [INFO] exp_shallowmodel: LogisticRegression(C=1, class_weight=None, dual=False, fit_intercept=True,
          intercept_scaling=1, max_iter=100, multi_class='ovr', n_jobs=1,
          penalty='l1', random_state=None, solver='liblinear', tol=0.0001,
          verbose=0, warm_start=False)
01/04/2018 17:34:36 [INFO] exp_shallowmodel: train time: 13.669s
01/04/2018 17:34:36 [INFO] exp_shallowmodel: test time:  0.004s
01/04/2018 17:34:36 [INFO] exp_shallowmodel: accuracy:   0.866
01/04/2018 17:34:36 [INFO] exp_shallowmodel: f1_score:   0.708
01/04/2018 17:34:36 [INFO] exp_shallowmodel: classification report:
01/04/2018 17:34:36 [INFO] exp_shallowmodel:              precision    recall  f1-score   support

          A       0.54      0.30      0.39        23
          C       0.83      0.70      0.76        27
          F       0.92      0.95      0.94       250
          R       0.71      0.79      0.75        52

avg / total       0.86      0.87      0.86       352

01/04/2018 17:34:36 [INFO] exp_shallowmodel: confusion matrix:
01/04/2018 17:34:36 [INFO] exp_shallowmodel: 
[[  7   2  10   4]
 [  4  19   0   4]
 [  2   1 238   9]
 [  0   1  10  41]]
01/04/2018 17:34:36 [INFO] exp_shallowmodel: Feature selection of top 100, ranked by LR weights (selectable:non-selectable=10:90)
01/04/2018 17:34:46 [INFO] exp_shallowmodel: %%%%%%%%%%%%%%%%%%%%%%%%%%%%%%%%%%%%%%%%%%%%%%%%%%
01/04/2018 17:34:46 [INFO] exp_shallowmodel:           dataset=ghome
01/04/2018 17:34:46 [INFO] exp_shallowmodel:           k_feature_to_keep=5
01/04/2018 17:34:46 [INFO] exp_shallowmodel:           X_new.shape=(5241, 7244)
01/04/2018 17:34:46 [INFO] exp_shallowmodel:           #(X_selected)=32
01/04/2018 17:34:46 [INFO] exp_shallowmodel:           #(X_not_selectable)=7212
01/04/2018 17:34:46 [INFO] exp_shallowmodel: %%%%%%%%%%%%%%%%%%%%%%%%%%%%%%%%%%%%%%%%%%%%%%%%%%
01/04/2018 17:34:47 [INFO] exp_shallowmodel: ******************** ghome - Round 0 
01/04/2018 17:34:47 [INFO] exp_shallowmodel: #(data) = 4197
01/04/2018 17:34:47 [INFO] exp_shallowmodel: #(feature) = 7244
01/04/2018 17:34:47 [INFO] exp_shallowmodel: ================================================================================
01/04/2018 17:34:47 [INFO] exp_shallowmodel: LR.pen=l1.C=1.000000
01/04/2018 17:34:47 [INFO] exp_shallowmodel: ________________________________________________________________________________
01/04/2018 17:34:47 [INFO] exp_shallowmodel: Training: 
01/04/2018 17:34:47 [INFO] exp_shallowmodel: LogisticRegression(C=1, class_weight=None, dual=False, fit_intercept=True,
          intercept_scaling=1, max_iter=100, multi_class='ovr', n_jobs=1,
          penalty='l1', random_state=None, solver='liblinear', tol=0.0001,
          verbose=0, warm_start=False)
01/04/2018 17:35:07 [INFO] exp_shallowmodel: train time: 19.796s
01/04/2018 17:35:07 [INFO] exp_shallowmodel: test time:  0.006s
01/04/2018 17:35:07 [INFO] exp_shallowmodel: accuracy:   0.856
01/04/2018 17:35:07 [INFO] exp_shallowmodel: f1_score:   0.585
01/04/2018 17:35:07 [INFO] exp_shallowmodel: classification report:
01/04/2018 17:35:07 [INFO] exp_shallowmodel:              precision    recall  f1-score   support

          A       0.55      0.44      0.49        59
          C       0.33      0.25      0.29        12
          F       0.94      0.97      0.95       396
          R       0.61      0.62      0.61        55

avg / total       0.84      0.86      0.85       522

01/04/2018 17:35:07 [INFO] exp_shallowmodel: confusion matrix:
01/04/2018 17:35:07 [INFO] exp_shallowmodel: 
[[ 26   3  14  16]
 [  2   3   6   1]
 [  4   3 384   5]
 [ 15   0   6  34]]
01/04/2018 17:35:08 [INFO] exp_shallowmodel: ******************** ghome - Round 1 
01/04/2018 17:35:08 [INFO] exp_shallowmodel: #(data) = 4197
01/04/2018 17:35:08 [INFO] exp_shallowmodel: #(feature) = 7244
01/04/2018 17:35:08 [INFO] exp_shallowmodel: ================================================================================
01/04/2018 17:35:08 [INFO] exp_shallowmodel: LR.pen=l1.C=1.000000
01/04/2018 17:35:08 [INFO] exp_shallowmodel: ________________________________________________________________________________
01/04/2018 17:35:08 [INFO] exp_shallowmodel: Training: 
01/04/2018 17:35:08 [INFO] exp_shallowmodel: LogisticRegression(C=1, class_weight=None, dual=False, fit_intercept=True,
          intercept_scaling=1, max_iter=100, multi_class='ovr', n_jobs=1,
          penalty='l1', random_state=None, solver='liblinear', tol=0.0001,
          verbose=0, warm_start=False)
01/04/2018 17:35:28 [INFO] exp_shallowmodel: train time: 19.990s
01/04/2018 17:35:28 [INFO] exp_shallowmodel: test time:  0.005s
01/04/2018 17:35:28 [INFO] exp_shallowmodel: accuracy:   0.874
01/04/2018 17:35:28 [INFO] exp_shallowmodel: f1_score:   0.637
01/04/2018 17:35:28 [INFO] exp_shallowmodel: classification report:
01/04/2018 17:35:28 [INFO] exp_shallowmodel:              precision    recall  f1-score   support

          A       0.65      0.66      0.66        59
          C       0.38      0.25      0.30        12
          F       0.95      0.96      0.95       396
          R       0.65      0.64      0.64        55

avg / total       0.87      0.87      0.87       522

01/04/2018 17:35:28 [INFO] exp_shallowmodel: confusion matrix:
01/04/2018 17:35:28 [INFO] exp_shallowmodel: 
[[ 39   1   8  11]
 [  3   3   5   1]
 [  8   2 379   7]
 [ 10   2   8  35]]
01/04/2018 17:35:29 [INFO] exp_shallowmodel: Feature selection of top 100, ranked by LR weights (selectable:non-selectable=12:88)
