01/05/2018 03:51:50 [INFO] configuration: experiment_mode  :   continuous_feature_selection
01/05/2018 03:51:50 [INFO] configuration: deep_model  :   False
01/05/2018 03:51:50 [INFO] configuration: selected_context_id  :   0
01/05/2018 03:51:50 [INFO] configuration: selected_feature_set_id  :   11
01/05/2018 03:51:50 [INFO] configuration: similarity_feature  :   True
01/05/2018 03:51:50 [INFO] configuration: k_feature_to_keep  :   8
01/05/2018 03:51:50 [INFO] configuration: seed  :   154316847
01/05/2018 03:51:50 [INFO] configuration: root_path  :   /Users/memray/Project/yahoo/y_classify/
01/05/2018 03:51:50 [INFO] configuration: task_name  :   utterance_type
01/05/2018 03:51:50 [INFO] configuration: timemark  :   20180105-035150
01/05/2018 03:51:50 [INFO] configuration: context_set  :   next
01/05/2018 03:51:50 [INFO] configuration: utterance_names  :   ['last_user_utterance', 'last_system_utterance', 'current_user_utterance', 'next_system_utterance', 'next_user_utterance']
01/05/2018 03:51:50 [INFO] configuration: utterance_range  :   ['current_user_utterance', 'next_system_utterance', 'next_user_utterance']
01/05/2018 03:51:50 [INFO] configuration: feature_set  :   11-[6+1.3.4]
01/05/2018 03:51:50 [INFO] configuration: feature_set_number  :   ['1', '2', '3', '5', '6', '7', '9']
01/05/2018 03:51:50 [INFO] configuration: experiment_name  :   20180105-035150.continuous_feature_selection.feature_number=8.context=next.feature=11-[6+1.3.4].similarity=true
01/05/2018 03:51:50 [INFO] configuration: experiment_path  :   /Users/memray/Project/yahoo/y_classify/output/20180105-035150.continuous_feature_selection.feature_number=8.context=next.feature=11-[6+1.3.4].similarity=true
01/05/2018 03:51:50 [INFO] configuration: log_path  :   /Users/memray/Project/yahoo/y_classify/output/20180105-035150.continuous_feature_selection.feature_number=8.context=next.feature=11-[6+1.3.4].similarity=true/output.log
01/05/2018 03:51:50 [INFO] configuration: valid_type  :   {'C', 'R', 'F', 'A'}
01/05/2018 03:51:50 [INFO] configuration: data_name  :   
01/05/2018 03:51:50 [INFO] configuration: data_names  :   ['dstc2', 'dstc3', 'family', 'ghome']
01/05/2018 03:51:50 [INFO] configuration: raw_feature_path  :   /Users/memray/Project/yahoo/y_classify/dataset/feature/%s.raw_feature.pkl
01/05/2018 03:51:50 [INFO] configuration: extracted_feature_path  :   /Users/memray/Project/yahoo/y_classify/dataset/feature/%s.extracted_feature.pkl
01/05/2018 03:51:50 [INFO] configuration: pipeline_path  :   /Users/memray/Project/yahoo/y_classify/dataset/feature/%s.pipeline.pkl
01/05/2018 03:51:50 [INFO] configuration: metrics  :   ['accuracy', 'precision', 'recall', 'f1_score', 'training_time', 'test_time']
01/05/2018 03:51:50 [INFO] configuration: do_cross_validation  :   True
01/05/2018 03:51:50 [INFO] configuration: #division  :   5
01/05/2018 03:51:50 [INFO] configuration: #cross_validation  :   10
01/05/2018 03:51:50 [INFO] configuration: cv_index_cache_path  :   
01/05/2018 03:51:50 [INFO] configuration: action_words  :   {'moder', 'share', 'remove', 'north', 'shuffl', 'shuffle', 'stop', 'telephon', 'matter', 'snooze', 'number', 'cheap', 'telephone', 'temperature', 'delet', 'music', 'moderate', 'findcare', 'any', 'area', 'show', 'play', 'els', 'add', 'list', 'item', 'remind', 'time', 'expensive', 'snooz', 'clear', 'reminder', 'remov', 'findcar', 'centre', 'video', 'reminders', 'weather', 'south', 'start', 'part', 'volum', 'address', 'delete', 'price', 'expens', 'watch', 'items', 'light', 'help', 'discard', 'centr', 'song', 'skip', 'ani', 'else', 'food', 'room', 'tell', 'phone', 'timer', 'member', 'cast', 'alarm', 'volume', 'reminds', 'next', 'turn', 'temperatur', 'post'}
01/05/2018 03:51:50 [INFO] configuration: corenlp_jars  :   ('/Users/memray/Project/stanford/stanford-corenlp-full-3.8.0/*', '/Users/memray/Project/stanford/stanford-corenlp-full-3.8.0/stanford-english-kbp-corenlp-2017-06-09-models.jar')
01/05/2018 03:51:50 [INFO] configuration: lda_topic_number  :   50
01/05/2018 03:51:50 [INFO] configuration: lda_path  :   /Users/memray/Project/yahoo/y_classify/dataset/feature/gensim/%s.topic=50.lda.pkl
01/05/2018 03:51:50 [INFO] configuration: gensim_corpus_path  :   /Users/memray/Project/yahoo/y_classify/dataset/feature/gensim/%s.corpus.pkl
01/05/2018 03:51:50 [INFO] configuration: gensim_dict_path  :   /Users/memray/Project/yahoo/y_classify/dataset/feature/gensim/%s.dict
01/05/2018 03:51:50 [INFO] configuration: w2v_path  :   /home/memray/Data/glove/GoogleNews-vectors-negative300.bin
01/05/2018 03:51:50 [INFO] configuration: w2v_vector_length  :   300
01/05/2018 03:51:50 [INFO] configuration: d2v_vector_length  :   300
01/05/2018 03:51:50 [INFO] configuration: d2v_window_size  :   5
01/05/2018 03:51:50 [INFO] configuration: d2v_min_count  :   2
01/05/2018 03:51:50 [INFO] configuration: d2v_model_path  :   /Users/memray/Project/yahoo/y_classify/dataset/feature/gensim/%s.doc2vec.dim=300.window=5.min_count=2.model
01/05/2018 03:51:50 [INFO] configuration: d2v_vector_path  :   /Users/memray/Project/yahoo/y_classify/dataset/feature/gensim/%s.doc2vec.dim=300.window=5.min_count=2.vector
01/05/2018 03:51:50 [INFO] configuration: num_word_keep  :   {'dstc2': 300, 'dstc3': 300, 'family': 1000, 'ghome': 1000}
01/05/2018 03:51:50 [INFO] configuration: batch_size  :   128
01/05/2018 03:51:50 [INFO] configuration: max_epoch  :   50
01/05/2018 03:51:50 [INFO] configuration: early_stop_tolerance  :   2
01/05/2018 03:51:50 [INFO] configuration: concat_sents  :   False
01/05/2018 03:51:50 [INFO] configuration: cnn_setting  :   {'model': 'multichannel', 'early_stopping': True, 'word_dim': 300, 'filters': [3, 4, 5], 'filter_num': [100, 100, 100], 'class_size': 4, 'batch_size': 128, 'learning_rate': 0.001, 'norm_limit': 10, 'dropout_prob': 0.0, 'sentence_num': 3}
01/05/2018 03:51:50 [INFO] configuration: skipthought_setting  :   {'skipthought_model_path': '/Users/memray/Data/skip-thought', 'skipthought_data_path': '/Users/memray/Project/yahoo/y_classify/dataset/feature/gensim/%s.skip-thought.biskip.vector', 'fixed_emb': True, 'sentence_num': 3, 'hidden_size': 2400, 'class_size': 4, 'learning_rate': 0.0001, 'norm_limit': 3, 'dropout_prob': 0.5}
01/05/2018 03:51:50 [INFO] configuration: lstm_setting  :   {'model': 'non-static', 'hidden_size': 32, 'embedding_size': 300, 'num_layers': 1, 'bidirectional': False, 'learning_rate': 0.001, 'class_size': 4, 'norm_limit': 2, 'clip_grad_norm': 2, 'dropout_prob': 0.1}
01/05/2018 03:51:58 [INFO] exp_shallowmodel: %%%%%%%%%%%%%%%%%%%%%%%%%%%%%%%%%%%%%%%%%%%%%%%%%%
01/05/2018 03:51:58 [INFO] exp_shallowmodel:           dataset=dstc2
01/05/2018 03:51:58 [INFO] exp_shallowmodel:           X_new.shape=(5725, 524)
01/05/2018 03:51:58 [INFO] exp_shallowmodel:           #(discrete_feature)=256
01/05/2018 03:51:58 [INFO] exp_shallowmodel:           #(continuous_feature)=256
01/05/2018 03:51:58 [INFO] exp_shallowmodel:           #(similarity_feature)=12
01/05/2018 03:51:58 [INFO] exp_shallowmodel: %%%%%%%%%%%%%%%%%%%%%%%%%%%%%%%%%%%%%%%%%%%%%%%%%%
01/05/2018 03:51:58 [INFO] exp_shallowmodel: ******************** dstc2 - Round 0 
01/05/2018 03:51:58 [INFO] exp_shallowmodel: #(data) = 4583
01/05/2018 03:51:58 [INFO] exp_shallowmodel: #(feature) = 524
01/05/2018 03:51:58 [INFO] exp_shallowmodel: ================================================================================
01/05/2018 03:51:58 [INFO] exp_shallowmodel: LR.pen=l1.C=1.000000
01/05/2018 03:51:58 [INFO] exp_shallowmodel: ________________________________________________________________________________
01/05/2018 03:51:58 [INFO] exp_shallowmodel: Training: 
01/05/2018 03:51:58 [INFO] exp_shallowmodel: LogisticRegression(C=1, class_weight=None, dual=False, fit_intercept=True,
          intercept_scaling=1, max_iter=100, multi_class='ovr', n_jobs=1,
          penalty='l1', random_state=None, solver='liblinear', tol=0.0001,
          verbose=0, warm_start=False)
01/05/2018 03:52:18 [INFO] exp_shallowmodel: train time: 19.699s
01/05/2018 03:52:18 [INFO] exp_shallowmodel: test time:  0.001s
01/05/2018 03:52:18 [INFO] exp_shallowmodel: accuracy:   0.865
01/05/2018 03:52:18 [INFO] exp_shallowmodel: f1_score:   0.774
01/05/2018 03:52:18 [INFO] exp_shallowmodel: classification report:
01/05/2018 03:52:18 [INFO] exp_shallowmodel:              precision    recall  f1-score   support

          A       0.58      0.50      0.54        14
          C       0.81      0.82      0.81       164
          F       0.92      0.95      0.94       268
          R       0.83      0.78      0.81       125

avg / total       0.86      0.87      0.86       571

01/05/2018 03:52:18 [INFO] exp_shallowmodel: confusion matrix:
01/05/2018 03:52:18 [INFO] exp_shallowmodel: 
[[  7   2   5   0]
 [  2 134  11  17]
 [  3   7 255   3]
 [  0  22   5  98]]
01/05/2018 03:52:18 [INFO] exp_shallowmodel: ******************** dstc2 - Round 1 
01/05/2018 03:52:18 [INFO] exp_shallowmodel: #(data) = 4583
01/05/2018 03:52:18 [INFO] exp_shallowmodel: #(feature) = 524
01/05/2018 03:52:18 [INFO] exp_shallowmodel: ================================================================================
01/05/2018 03:52:18 [INFO] exp_shallowmodel: LR.pen=l1.C=1.000000
01/05/2018 03:52:18 [INFO] exp_shallowmodel: ________________________________________________________________________________
01/05/2018 03:52:18 [INFO] exp_shallowmodel: Training: 
01/05/2018 03:52:18 [INFO] exp_shallowmodel: LogisticRegression(C=1, class_weight=None, dual=False, fit_intercept=True,
          intercept_scaling=1, max_iter=100, multi_class='ovr', n_jobs=1,
          penalty='l1', random_state=None, solver='liblinear', tol=0.0001,
          verbose=0, warm_start=False)
01/05/2018 03:52:40 [INFO] exp_shallowmodel: train time: 21.979s
01/05/2018 03:52:40 [INFO] exp_shallowmodel: test time:  0.001s
01/05/2018 03:52:40 [INFO] exp_shallowmodel: accuracy:   0.827
01/05/2018 03:52:40 [INFO] exp_shallowmodel: f1_score:   0.716
01/05/2018 03:52:40 [INFO] exp_shallowmodel: classification report:
01/05/2018 03:52:40 [INFO] exp_shallowmodel:              precision    recall  f1-score   support

          A       0.80      0.29      0.42        14
          C       0.79      0.76      0.77       164
          F       0.89      0.91      0.90       268
          R       0.74      0.80      0.77       125

avg / total       0.83      0.83      0.82       571

01/05/2018 03:52:40 [INFO] exp_shallowmodel: confusion matrix:
01/05/2018 03:52:40 [INFO] exp_shallowmodel: 
[[  4   1   5   4]
 [  0 124  18  22]
 [  0  14 244  10]
 [  1  17   7 100]]
01/05/2018 03:52:40 [INFO] exp_shallowmodel: ******************** dstc2 - Round 2 
01/05/2018 03:52:40 [INFO] exp_shallowmodel: #(data) = 4583
01/05/2018 03:52:40 [INFO] exp_shallowmodel: #(feature) = 524
01/05/2018 03:52:40 [INFO] exp_shallowmodel: ================================================================================
01/05/2018 03:52:40 [INFO] exp_shallowmodel: LR.pen=l1.C=1.000000
01/05/2018 03:52:40 [INFO] exp_shallowmodel: ________________________________________________________________________________
01/05/2018 03:52:40 [INFO] exp_shallowmodel: Training: 
01/05/2018 03:52:40 [INFO] exp_shallowmodel: LogisticRegression(C=1, class_weight=None, dual=False, fit_intercept=True,
          intercept_scaling=1, max_iter=100, multi_class='ovr', n_jobs=1,
          penalty='l1', random_state=None, solver='liblinear', tol=0.0001,
          verbose=0, warm_start=False)
01/05/2018 03:53:00 [INFO] exp_shallowmodel: train time: 19.952s
01/05/2018 03:53:00 [INFO] exp_shallowmodel: test time:  0.001s
01/05/2018 03:53:00 [INFO] exp_shallowmodel: accuracy:   0.851
01/05/2018 03:53:00 [INFO] exp_shallowmodel: f1_score:   0.740
01/05/2018 03:53:00 [INFO] exp_shallowmodel: classification report:
01/05/2018 03:53:00 [INFO] exp_shallowmodel:              precision    recall  f1-score   support

          A       0.62      0.36      0.45        14
          C       0.78      0.80      0.79       164
          F       0.92      0.96      0.94       268
          R       0.82      0.74      0.78       125

avg / total       0.85      0.85      0.85       571

01/05/2018 03:53:00 [INFO] exp_shallowmodel: confusion matrix:
01/05/2018 03:53:00 [INFO] exp_shallowmodel: 
[[  5   4   5   0]
 [  0 132  14  18]
 [  0   9 256   3]
 [  3  25   4  93]]
