01/04/2018 17:31:31 [INFO] configuration: experiment_mode  :   discrete_feature_selection
01/04/2018 17:31:31 [INFO] configuration: deep_model  :   False
01/04/2018 17:31:31 [INFO] configuration: selected_context_id  :   0
01/04/2018 17:31:31 [INFO] configuration: selected_feature_set_id  :   12
01/04/2018 17:31:31 [INFO] configuration: similarity_feature  :   True
01/04/2018 17:31:31 [INFO] configuration: k_feature_to_keep  :   9
01/04/2018 17:31:31 [INFO] configuration: seed  :   154316847
01/04/2018 17:31:31 [INFO] configuration: root_path  :   /ihome/pbrusilosky/rum20/y_classify
01/04/2018 17:31:31 [INFO] configuration: task_name  :   utterance_type
01/04/2018 17:31:31 [INFO] configuration: timemark  :   20180104-173131
01/04/2018 17:31:31 [INFO] configuration: context_set  :   next
01/04/2018 17:31:31 [INFO] configuration: utterance_names  :   ['last_user_utterance', 'last_system_utterance', 'current_user_utterance', 'next_system_utterance', 'next_user_utterance']
01/04/2018 17:31:31 [INFO] configuration: utterance_range  :   ['current_user_utterance', 'next_system_utterance', 'next_user_utterance']
01/04/2018 17:31:31 [INFO] configuration: feature_set  :   12-[7+1.3.4]
01/04/2018 17:31:31 [INFO] configuration: feature_set_number  :   ['1', '2', '3', '5', '6', '7', '10']
01/04/2018 17:31:31 [INFO] configuration: experiment_name  :   20180104-173131.discrete_feature_selection.feature_number=9.context=next.feature=12-[7+1.3.4].similarity=true
01/04/2018 17:31:31 [INFO] configuration: experiment_path  :   /ihome/pbrusilosky/rum20/y_classify/output/20180104-173131.discrete_feature_selection.feature_number=9.context=next.feature=12-[7+1.3.4].similarity=true
01/04/2018 17:31:31 [INFO] configuration: log_path  :   /ihome/pbrusilosky/rum20/y_classify/output/20180104-173131.discrete_feature_selection.feature_number=9.context=next.feature=12-[7+1.3.4].similarity=true/output.log
01/04/2018 17:31:31 [INFO] configuration: valid_type  :   {'C', 'R', 'F', 'A'}
01/04/2018 17:31:31 [INFO] configuration: data_name  :   
01/04/2018 17:31:31 [INFO] configuration: data_names  :   ['dstc2', 'dstc3', 'family', 'ghome']
01/04/2018 17:31:31 [INFO] configuration: raw_feature_path  :   /ihome/pbrusilosky/rum20/y_classify/dataset/feature/%s.raw_feature.pkl
01/04/2018 17:31:31 [INFO] configuration: extracted_feature_path  :   /ihome/pbrusilosky/rum20/y_classify/dataset/feature/%s.extracted_feature.pkl
01/04/2018 17:31:31 [INFO] configuration: pipeline_path  :   /ihome/pbrusilosky/rum20/y_classify/dataset/feature/%s.pipeline.pkl
01/04/2018 17:31:31 [INFO] configuration: metrics  :   ['accuracy', 'precision', 'recall', 'f1_score', 'training_time', 'test_time']
01/04/2018 17:31:31 [INFO] configuration: do_cross_validation  :   True
01/04/2018 17:31:31 [INFO] configuration: #division  :   5
01/04/2018 17:31:31 [INFO] configuration: #cross_validation  :   10
01/04/2018 17:31:31 [INFO] configuration: cv_index_cache_path  :   
01/04/2018 17:31:31 [INFO] configuration: action_words  :   {'centre', 'telephone', 'start', 'matter', 'centr', 'room', 'light', 'item', 'delete', 'expensive', 'phone', 'number', 'area', 'snooze', 'cheap', 'telephon', 'clear', 'share', 'stop', 'findcare', 'post', 'add', 'music', 'price', 'volum', 'items', 'else', 'els', 'shuffle', 'temperature', 'member', 'weather', 'any', 'discard', 'findcar', 'video', 'north', 'ani', 'turn', 'help', 'temperatur', 'reminders', 'remind', 'south', 'volume', 'expens', 'timer', 'alarm', 'song', 'watch', 'address', 'remove', 'show', 'next', 'cast', 'moderate', 'part', 'time', 'reminds', 'skip', 'shuffl', 'remov', 'delet', 'food', 'snooz', 'moder', 'reminder', 'list', 'play', 'tell'}
01/04/2018 17:31:31 [INFO] configuration: corenlp_jars  :   ('/Users/memray/Project/stanford/stanford-corenlp-full-3.8.0/*', '/Users/memray/Project/stanford/stanford-corenlp-full-3.8.0/stanford-english-kbp-corenlp-2017-06-09-models.jar')
01/04/2018 17:31:31 [INFO] configuration: lda_topic_number  :   50
01/04/2018 17:31:31 [INFO] configuration: lda_path  :   /ihome/pbrusilosky/rum20/y_classify/dataset/feature/gensim/%s.topic=50.lda.pkl
01/04/2018 17:31:31 [INFO] configuration: gensim_corpus_path  :   /ihome/pbrusilosky/rum20/y_classify/dataset/feature/gensim/%s.corpus.pkl
01/04/2018 17:31:31 [INFO] configuration: gensim_dict_path  :   /ihome/pbrusilosky/rum20/y_classify/dataset/feature/gensim/%s.dict
01/04/2018 17:31:31 [INFO] configuration: w2v_path  :   /home/memray/Data/glove/GoogleNews-vectors-negative300.bin
01/04/2018 17:31:31 [INFO] configuration: w2v_vector_length  :   300
01/04/2018 17:31:31 [INFO] configuration: d2v_vector_length  :   300
01/04/2018 17:31:31 [INFO] configuration: d2v_window_size  :   5
01/04/2018 17:31:31 [INFO] configuration: d2v_min_count  :   2
01/04/2018 17:31:31 [INFO] configuration: d2v_model_path  :   /ihome/pbrusilosky/rum20/y_classify/dataset/feature/gensim/%s.doc2vec.dim=300.window=5.min_count=2.model
01/04/2018 17:31:31 [INFO] configuration: d2v_vector_path  :   /ihome/pbrusilosky/rum20/y_classify/dataset/feature/gensim/%s.doc2vec.dim=300.window=5.min_count=2.vector
01/04/2018 17:31:31 [INFO] configuration: num_word_keep  :   {'dstc2': 300, 'dstc3': 300, 'family': 1000, 'ghome': 1000}
01/04/2018 17:31:31 [INFO] configuration: batch_size  :   128
01/04/2018 17:31:31 [INFO] configuration: max_epoch  :   50
01/04/2018 17:31:31 [INFO] configuration: early_stop_tolerance  :   2
01/04/2018 17:31:31 [INFO] configuration: concat_sents  :   False
01/04/2018 17:31:31 [INFO] configuration: cnn_setting  :   {'model': 'multichannel', 'early_stopping': True, 'word_dim': 300, 'filters': [3, 4, 5], 'filter_num': [100, 100, 100], 'class_size': 4, 'batch_size': 128, 'learning_rate': 0.001, 'norm_limit': 10, 'dropout_prob': 0.0, 'sentence_num': 3}
01/04/2018 17:31:31 [INFO] configuration: skipthought_setting  :   {'skipthought_model_path': '/Users/memray/Data/skip-thought', 'skipthought_data_path': '/ihome/pbrusilosky/rum20/y_classify/dataset/feature/gensim/%s.skip-thought.biskip.vector', 'fixed_emb': True, 'sentence_num': 3, 'hidden_size': 2400, 'class_size': 4, 'learning_rate': 0.0001, 'norm_limit': 3, 'dropout_prob': 0.5}
01/04/2018 17:31:31 [INFO] configuration: lstm_setting  :   {'model': 'non-static', 'hidden_size': 32, 'embedding_size': 300, 'num_layers': 1, 'bidirectional': False, 'learning_rate': 0.001, 'class_size': 4, 'norm_limit': 2, 'clip_grad_norm': 2, 'dropout_prob': 0.1}
01/04/2018 17:31:34 [INFO] exp_shallowmodel: %%%%%%%%%%%%%%%%%%%%%%%%%%%%%%%%%%%%%%%%%%%%%%%%%%
01/04/2018 17:31:34 [INFO] exp_shallowmodel:           dataset=dstc2
01/04/2018 17:31:34 [INFO] exp_shallowmodel:           k_feature_to_keep=9
01/04/2018 17:31:34 [INFO] exp_shallowmodel:           X_new.shape=(5725, 1423)
01/04/2018 17:31:34 [INFO] exp_shallowmodel:           #(X_selected)=512
01/04/2018 17:31:34 [INFO] exp_shallowmodel:           #(X_not_selectable)=911
01/04/2018 17:31:34 [INFO] exp_shallowmodel: %%%%%%%%%%%%%%%%%%%%%%%%%%%%%%%%%%%%%%%%%%%%%%%%%%
01/04/2018 17:31:35 [INFO] exp_shallowmodel: ******************** dstc2 - Round 0 
01/04/2018 17:31:35 [INFO] exp_shallowmodel: #(data) = 4583
01/04/2018 17:31:35 [INFO] exp_shallowmodel: #(feature) = 1423
01/04/2018 17:31:35 [INFO] exp_shallowmodel: ================================================================================
01/04/2018 17:31:35 [INFO] exp_shallowmodel: LR.pen=l1.C=1.000000
01/04/2018 17:31:35 [INFO] exp_shallowmodel: ________________________________________________________________________________
01/04/2018 17:31:35 [INFO] exp_shallowmodel: Training: 
01/04/2018 17:31:35 [INFO] exp_shallowmodel: LogisticRegression(C=1, class_weight=None, dual=False, fit_intercept=True,
          intercept_scaling=1, max_iter=100, multi_class='ovr', n_jobs=1,
          penalty='l1', random_state=None, solver='liblinear', tol=0.0001,
          verbose=0, warm_start=False)
01/04/2018 17:32:06 [INFO] exp_shallowmodel: train time: 30.962s
01/04/2018 17:32:06 [INFO] exp_shallowmodel: test time:  0.002s
01/04/2018 17:32:06 [INFO] exp_shallowmodel: accuracy:   0.841
01/04/2018 17:32:06 [INFO] exp_shallowmodel: f1_score:   0.733
01/04/2018 17:32:06 [INFO] exp_shallowmodel: classification report:
01/04/2018 17:32:06 [INFO] exp_shallowmodel:              precision    recall  f1-score   support

          A       0.62      0.36      0.45        14
          C       0.75      0.82      0.78       164
          F       0.92      0.93      0.92       268
          R       0.81      0.74      0.77       125

avg / total       0.84      0.84      0.84       571

01/04/2018 17:32:06 [INFO] exp_shallowmodel: confusion matrix:
01/04/2018 17:32:06 [INFO] exp_shallowmodel: 
[[  5   3   6   0]
 [  1 135  10  18]
 [  2  14 248   4]
 [  0  28   5  92]]
01/04/2018 17:32:06 [INFO] exp_shallowmodel: ******************** dstc2 - Round 1 
01/04/2018 17:32:06 [INFO] exp_shallowmodel: #(data) = 4583
01/04/2018 17:32:06 [INFO] exp_shallowmodel: #(feature) = 1423
01/04/2018 17:32:06 [INFO] exp_shallowmodel: ================================================================================
01/04/2018 17:32:06 [INFO] exp_shallowmodel: LR.pen=l1.C=1.000000
01/04/2018 17:32:06 [INFO] exp_shallowmodel: ________________________________________________________________________________
01/04/2018 17:32:06 [INFO] exp_shallowmodel: Training: 
01/04/2018 17:32:06 [INFO] exp_shallowmodel: LogisticRegression(C=1, class_weight=None, dual=False, fit_intercept=True,
          intercept_scaling=1, max_iter=100, multi_class='ovr', n_jobs=1,
          penalty='l1', random_state=None, solver='liblinear', tol=0.0001,
          verbose=0, warm_start=False)
01/04/2018 17:32:38 [INFO] exp_shallowmodel: train time: 32.121s
01/04/2018 17:32:38 [INFO] exp_shallowmodel: test time:  0.002s
01/04/2018 17:32:38 [INFO] exp_shallowmodel: accuracy:   0.830
01/04/2018 17:32:38 [INFO] exp_shallowmodel: f1_score:   0.755
01/04/2018 17:32:38 [INFO] exp_shallowmodel: classification report:
01/04/2018 17:32:38 [INFO] exp_shallowmodel:              precision    recall  f1-score   support

          A       1.00      0.43      0.60        14
          C       0.76      0.78      0.77       164
          F       0.92      0.93      0.92       268
          R       0.72      0.73      0.73       125

avg / total       0.83      0.83      0.83       571

01/04/2018 17:32:38 [INFO] exp_shallowmodel: confusion matrix:
01/04/2018 17:32:38 [INFO] exp_shallowmodel: 
[[  6   0   3   5]
 [  0 128  12  24]
 [  0  13 249   6]
 [  0  27   7  91]]
01/04/2018 17:32:38 [INFO] exp_shallowmodel: Feature selection of top 100, ranked by LR weights (selectable:non-selectable=25:75)
01/04/2018 17:32:43 [INFO] exp_shallowmodel: %%%%%%%%%%%%%%%%%%%%%%%%%%%%%%%%%%%%%%%%%%%%%%%%%%
01/04/2018 17:32:43 [INFO] exp_shallowmodel:           dataset=dstc3
01/04/2018 17:32:43 [INFO] exp_shallowmodel:           k_feature_to_keep=9
01/04/2018 17:32:43 [INFO] exp_shallowmodel:           X_new.shape=(5934, 1423)
01/04/2018 17:32:43 [INFO] exp_shallowmodel:           #(X_selected)=512
01/04/2018 17:32:43 [INFO] exp_shallowmodel:           #(X_not_selectable)=911
01/04/2018 17:32:43 [INFO] exp_shallowmodel: %%%%%%%%%%%%%%%%%%%%%%%%%%%%%%%%%%%%%%%%%%%%%%%%%%
01/04/2018 17:32:43 [INFO] exp_shallowmodel: ******************** dstc3 - Round 0 
01/04/2018 17:32:43 [INFO] exp_shallowmodel: #(data) = 4750
01/04/2018 17:32:43 [INFO] exp_shallowmodel: #(feature) = 1423
01/04/2018 17:32:43 [INFO] exp_shallowmodel: ================================================================================
01/04/2018 17:32:43 [INFO] exp_shallowmodel: LR.pen=l1.C=1.000000
01/04/2018 17:32:43 [INFO] exp_shallowmodel: ________________________________________________________________________________
01/04/2018 17:32:43 [INFO] exp_shallowmodel: Training: 
01/04/2018 17:32:43 [INFO] exp_shallowmodel: LogisticRegression(C=1, class_weight=None, dual=False, fit_intercept=True,
          intercept_scaling=1, max_iter=100, multi_class='ovr', n_jobs=1,
          penalty='l1', random_state=None, solver='liblinear', tol=0.0001,
          verbose=0, warm_start=False)
01/04/2018 17:33:25 [INFO] exp_shallowmodel: train time: 41.733s
01/04/2018 17:33:25 [INFO] exp_shallowmodel: test time:  0.002s
01/04/2018 17:33:25 [INFO] exp_shallowmodel: accuracy:   0.807
01/04/2018 17:33:25 [INFO] exp_shallowmodel: f1_score:   0.742
01/04/2018 17:33:25 [INFO] exp_shallowmodel: classification report:
01/04/2018 17:33:25 [INFO] exp_shallowmodel:              precision    recall  f1-score   support

          A       0.75      0.60      0.67        20
          C       0.74      0.83      0.78       169
          F       0.90      0.92      0.91       281
          R       0.67      0.56      0.61       122

avg / total       0.80      0.81      0.80       592

01/04/2018 17:33:25 [INFO] exp_shallowmodel: confusion matrix:
01/04/2018 17:33:25 [INFO] exp_shallowmodel: 
[[ 12   3   5   0]
 [  2 140   6  21]
 [  2   9 258  12]
 [  0  37  17  68]]
01/04/2018 17:33:25 [INFO] exp_shallowmodel: ******************** dstc3 - Round 1 
01/04/2018 17:33:25 [INFO] exp_shallowmodel: #(data) = 4750
01/04/2018 17:33:25 [INFO] exp_shallowmodel: #(feature) = 1423
01/04/2018 17:33:25 [INFO] exp_shallowmodel: ================================================================================
01/04/2018 17:33:25 [INFO] exp_shallowmodel: LR.pen=l1.C=1.000000
01/04/2018 17:33:25 [INFO] exp_shallowmodel: ________________________________________________________________________________
01/04/2018 17:33:25 [INFO] exp_shallowmodel: Training: 
01/04/2018 17:33:25 [INFO] exp_shallowmodel: LogisticRegression(C=1, class_weight=None, dual=False, fit_intercept=True,
          intercept_scaling=1, max_iter=100, multi_class='ovr', n_jobs=1,
          penalty='l1', random_state=None, solver='liblinear', tol=0.0001,
          verbose=0, warm_start=False)
01/04/2018 17:34:11 [INFO] exp_shallowmodel: train time: 45.872s
01/04/2018 17:34:11 [INFO] exp_shallowmodel: test time:  0.002s
01/04/2018 17:34:11 [INFO] exp_shallowmodel: accuracy:   0.809
01/04/2018 17:34:11 [INFO] exp_shallowmodel: f1_score:   0.700
01/04/2018 17:34:11 [INFO] exp_shallowmodel: classification report:
01/04/2018 17:34:11 [INFO] exp_shallowmodel:              precision    recall  f1-score   support

          A       0.47      0.45      0.46        20
          C       0.76      0.80      0.78       169
          F       0.90      0.93      0.92       281
          R       0.70      0.60      0.65       122

avg / total       0.80      0.81      0.81       592

01/04/2018 17:34:11 [INFO] exp_shallowmodel: confusion matrix:
01/04/2018 17:34:11 [INFO] exp_shallowmodel: 
[[  9   3   7   1]
 [  5 135  10  19]
 [  2   6 262  11]
 [  3  34  12  73]]
01/04/2018 17:34:11 [INFO] exp_shallowmodel: Feature selection of top 100, ranked by LR weights (selectable:non-selectable=18:82)
01/04/2018 17:34:18 [INFO] exp_shallowmodel: %%%%%%%%%%%%%%%%%%%%%%%%%%%%%%%%%%%%%%%%%%%%%%%%%%
01/04/2018 17:34:18 [INFO] exp_shallowmodel:           dataset=family
01/04/2018 17:34:18 [INFO] exp_shallowmodel:           k_feature_to_keep=9
01/04/2018 17:34:18 [INFO] exp_shallowmodel:           X_new.shape=(3530, 1425)
01/04/2018 17:34:18 [INFO] exp_shallowmodel:           #(X_selected)=512
01/04/2018 17:34:18 [INFO] exp_shallowmodel:           #(X_not_selectable)=913
01/04/2018 17:34:18 [INFO] exp_shallowmodel: %%%%%%%%%%%%%%%%%%%%%%%%%%%%%%%%%%%%%%%%%%%%%%%%%%
01/04/2018 17:34:18 [INFO] exp_shallowmodel: ******************** family - Round 0 
01/04/2018 17:34:18 [INFO] exp_shallowmodel: #(data) = 2826
01/04/2018 17:34:18 [INFO] exp_shallowmodel: #(feature) = 1425
01/04/2018 17:34:18 [INFO] exp_shallowmodel: ================================================================================
01/04/2018 17:34:18 [INFO] exp_shallowmodel: LR.pen=l1.C=1.000000
01/04/2018 17:34:18 [INFO] exp_shallowmodel: ________________________________________________________________________________
01/04/2018 17:34:18 [INFO] exp_shallowmodel: Training: 
01/04/2018 17:34:18 [INFO] exp_shallowmodel: LogisticRegression(C=1, class_weight=None, dual=False, fit_intercept=True,
          intercept_scaling=1, max_iter=100, multi_class='ovr', n_jobs=1,
          penalty='l1', random_state=None, solver='liblinear', tol=0.0001,
          verbose=0, warm_start=False)
01/04/2018 17:34:26 [INFO] exp_shallowmodel: train time: 7.946s
01/04/2018 17:34:26 [INFO] exp_shallowmodel: test time:  0.001s
01/04/2018 17:34:26 [INFO] exp_shallowmodel: accuracy:   0.866
01/04/2018 17:34:26 [INFO] exp_shallowmodel: f1_score:   0.683
01/04/2018 17:34:26 [INFO] exp_shallowmodel: classification report:
01/04/2018 17:34:26 [INFO] exp_shallowmodel:              precision    recall  f1-score   support

          A       0.55      0.48      0.51        23
          C       0.61      0.52      0.56        27
          F       0.95      0.98      0.96       250
          R       0.71      0.69      0.70        52

avg / total       0.86      0.87      0.86       352

01/04/2018 17:34:26 [INFO] exp_shallowmodel: confusion matrix:
01/04/2018 17:34:26 [INFO] exp_shallowmodel: 
[[ 11   3   7   2]
 [  4  14   0   9]
 [  2   0 244   4]
 [  3   6   7  36]]
01/04/2018 17:34:26 [INFO] exp_shallowmodel: ******************** family - Round 1 
01/04/2018 17:34:26 [INFO] exp_shallowmodel: #(data) = 2826
01/04/2018 17:34:26 [INFO] exp_shallowmodel: #(feature) = 1425
01/04/2018 17:34:26 [INFO] exp_shallowmodel: ================================================================================
01/04/2018 17:34:26 [INFO] exp_shallowmodel: LR.pen=l1.C=1.000000
01/04/2018 17:34:26 [INFO] exp_shallowmodel: ________________________________________________________________________________
01/04/2018 17:34:26 [INFO] exp_shallowmodel: Training: 
01/04/2018 17:34:26 [INFO] exp_shallowmodel: LogisticRegression(C=1, class_weight=None, dual=False, fit_intercept=True,
          intercept_scaling=1, max_iter=100, multi_class='ovr', n_jobs=1,
          penalty='l1', random_state=None, solver='liblinear', tol=0.0001,
          verbose=0, warm_start=False)
01/04/2018 17:34:39 [INFO] exp_shallowmodel: train time: 13.131s
01/04/2018 17:34:39 [INFO] exp_shallowmodel: test time:  0.001s
01/04/2018 17:34:39 [INFO] exp_shallowmodel: accuracy:   0.866
01/04/2018 17:34:39 [INFO] exp_shallowmodel: f1_score:   0.709
01/04/2018 17:34:39 [INFO] exp_shallowmodel: classification report:
01/04/2018 17:34:39 [INFO] exp_shallowmodel:              precision    recall  f1-score   support

          A       0.55      0.48      0.51        23
          C       0.75      0.67      0.71        27
          F       0.96      0.96      0.96       250
          R       0.63      0.69      0.66        52

avg / total       0.87      0.87      0.87       352

01/04/2018 17:34:39 [INFO] exp_shallowmodel: confusion matrix:
01/04/2018 17:34:39 [INFO] exp_shallowmodel: 
[[ 11   2   3   7]
 [  2  18   0   7]
 [  3   0 240   7]
 [  4   4   8  36]]
01/04/2018 17:34:40 [INFO] exp_shallowmodel: Feature selection of top 100, ranked by LR weights (selectable:non-selectable=53:47)
01/04/2018 17:34:48 [INFO] exp_shallowmodel: %%%%%%%%%%%%%%%%%%%%%%%%%%%%%%%%%%%%%%%%%%%%%%%%%%
01/04/2018 17:34:48 [INFO] exp_shallowmodel:           dataset=ghome
01/04/2018 17:34:48 [INFO] exp_shallowmodel:           k_feature_to_keep=9
01/04/2018 17:34:48 [INFO] exp_shallowmodel:           X_new.shape=(5241, 1424)
01/04/2018 17:34:48 [INFO] exp_shallowmodel:           #(X_selected)=512
01/04/2018 17:34:48 [INFO] exp_shallowmodel:           #(X_not_selectable)=912
01/04/2018 17:34:48 [INFO] exp_shallowmodel: %%%%%%%%%%%%%%%%%%%%%%%%%%%%%%%%%%%%%%%%%%%%%%%%%%
01/04/2018 17:34:48 [INFO] exp_shallowmodel: ******************** ghome - Round 0 
01/04/2018 17:34:48 [INFO] exp_shallowmodel: #(data) = 4197
01/04/2018 17:34:48 [INFO] exp_shallowmodel: #(feature) = 1424
01/04/2018 17:34:48 [INFO] exp_shallowmodel: ================================================================================
01/04/2018 17:34:48 [INFO] exp_shallowmodel: LR.pen=l1.C=1.000000
01/04/2018 17:34:48 [INFO] exp_shallowmodel: ________________________________________________________________________________
01/04/2018 17:34:48 [INFO] exp_shallowmodel: Training: 
01/04/2018 17:34:48 [INFO] exp_shallowmodel: LogisticRegression(C=1, class_weight=None, dual=False, fit_intercept=True,
          intercept_scaling=1, max_iter=100, multi_class='ovr', n_jobs=1,
          penalty='l1', random_state=None, solver='liblinear', tol=0.0001,
          verbose=0, warm_start=False)
01/04/2018 17:35:10 [INFO] exp_shallowmodel: train time: 21.433s
01/04/2018 17:35:10 [INFO] exp_shallowmodel: test time:  0.001s
01/04/2018 17:35:10 [INFO] exp_shallowmodel: accuracy:   0.868
01/04/2018 17:35:10 [INFO] exp_shallowmodel: f1_score:   0.598
01/04/2018 17:35:10 [INFO] exp_shallowmodel: classification report:
01/04/2018 17:35:10 [INFO] exp_shallowmodel:              precision    recall  f1-score   support

          A       0.57      0.53      0.55        59
          C       0.67      0.17      0.27        12
          F       0.94      0.97      0.96       396
          R       0.62      0.62      0.62        55

avg / total       0.86      0.87      0.86       522

01/04/2018 17:35:10 [INFO] exp_shallowmodel: confusion matrix:
01/04/2018 17:35:10 [INFO] exp_shallowmodel: 
[[ 31   1  13  14]
 [  3   2   5   2]
 [  5   0 386   5]
 [ 15   0   6  34]]
01/04/2018 17:35:10 [INFO] exp_shallowmodel: ******************** ghome - Round 1 
01/04/2018 17:35:10 [INFO] exp_shallowmodel: #(data) = 4197
01/04/2018 17:35:10 [INFO] exp_shallowmodel: #(feature) = 1424
01/04/2018 17:35:10 [INFO] exp_shallowmodel: ================================================================================
01/04/2018 17:35:10 [INFO] exp_shallowmodel: LR.pen=l1.C=1.000000
01/04/2018 17:35:10 [INFO] exp_shallowmodel: ________________________________________________________________________________
01/04/2018 17:35:10 [INFO] exp_shallowmodel: Training: 
01/04/2018 17:35:10 [INFO] exp_shallowmodel: LogisticRegression(C=1, class_weight=None, dual=False, fit_intercept=True,
          intercept_scaling=1, max_iter=100, multi_class='ovr', n_jobs=1,
          penalty='l1', random_state=None, solver='liblinear', tol=0.0001,
          verbose=0, warm_start=False)
01/04/2018 17:35:29 [INFO] exp_shallowmodel: train time: 18.555s
01/04/2018 17:35:29 [INFO] exp_shallowmodel: test time:  0.001s
01/04/2018 17:35:29 [INFO] exp_shallowmodel: accuracy:   0.862
01/04/2018 17:35:29 [INFO] exp_shallowmodel: f1_score:   0.540
01/04/2018 17:35:29 [INFO] exp_shallowmodel: classification report:
01/04/2018 17:35:29 [INFO] exp_shallowmodel:              precision    recall  f1-score   support

          A       0.63      0.63      0.63        59
          C       0.00      0.00      0.00        12
          F       0.93      0.96      0.95       396
          R       0.61      0.56      0.58        55

avg / total       0.84      0.86      0.85       522

01/04/2018 17:35:29 [INFO] exp_shallowmodel: confusion matrix:
01/04/2018 17:35:29 [INFO] exp_shallowmodel: 
[[ 37   1  11  10]
 [  3   0   6   3]
 [  7   0 382   7]
 [ 12   1  11  31]]
01/04/2018 17:35:29 [INFO] exp_shallowmodel: Feature selection of top 100, ranked by LR weights (selectable:non-selectable=17:83)
