01/29/2018 20:20:41 [INFO] configuration: experiment_mode  :   continuous_feature_selection
01/29/2018 20:20:41 [INFO] configuration: deep_model  :   False
01/29/2018 20:20:41 [INFO] configuration: selected_context_id  :   0
01/29/2018 20:20:41 [INFO] configuration: selected_feature_set_id  :   5
01/29/2018 20:20:41 [INFO] configuration: similarity_feature  :   True
01/29/2018 20:20:41 [INFO] configuration: k_feature_to_keep  :   -1
01/29/2018 20:20:41 [INFO] configuration: k_component_for_pca  :   3
01/29/2018 20:20:41 [INFO] configuration: seed  :   154316847
01/29/2018 20:20:41 [INFO] configuration: root_path  :   /ihome/pbrusilosky/rum20/y_classify
01/29/2018 20:20:41 [INFO] configuration: task_name  :   utterance_type
01/29/2018 20:20:41 [INFO] configuration: timemark  :   20180129-202041
01/29/2018 20:20:41 [INFO] configuration: context_set  :   next
01/29/2018 20:20:41 [INFO] configuration: utterance_names  :   ['last_user_utterance', 'last_system_utterance', 'current_user_utterance', 'next_system_utterance', 'next_user_utterance']
01/29/2018 20:20:41 [INFO] configuration: utterance_range  :   ['current_user_utterance', 'next_system_utterance', 'next_user_utterance']
01/29/2018 20:20:41 [INFO] configuration: feature_set  :   5-lda
01/29/2018 20:20:41 [INFO] configuration: feature_set_number  :   ['8']
01/29/2018 20:20:41 [INFO] configuration: experiment_name  :   20180129-202041.continuous_feature_selection.pca_component=3.feature_number=-1.context=next.feature=5-lda.similarity=true
01/29/2018 20:20:41 [INFO] configuration: experiment_path  :   /ihome/pbrusilosky/rum20/y_classify/output/20180129-202041.continuous_feature_selection.pca_component=3.feature_number=-1.context=next.feature=5-lda.similarity=true
01/29/2018 20:20:41 [INFO] configuration: log_path  :   /ihome/pbrusilosky/rum20/y_classify/output/20180129-202041.continuous_feature_selection.pca_component=3.feature_number=-1.context=next.feature=5-lda.similarity=true/output.log
01/29/2018 20:20:41 [INFO] configuration: valid_type  :   {'R', 'A', 'F', 'C'}
01/29/2018 20:20:41 [INFO] configuration: data_name  :   
01/29/2018 20:20:41 [INFO] configuration: data_names  :   ['dstc2', 'dstc3', 'family', 'ghome']
01/29/2018 20:20:41 [INFO] configuration: raw_feature_path  :   /ihome/pbrusilosky/rum20/y_classify/dataset/feature/%s.raw_feature.pkl
01/29/2018 20:20:41 [INFO] configuration: extracted_feature_path  :   /ihome/pbrusilosky/rum20/y_classify/dataset/feature/%s.extracted_feature.pkl
01/29/2018 20:20:41 [INFO] configuration: pipeline_path  :   /ihome/pbrusilosky/rum20/y_classify/dataset/feature/%s.pipeline.pkl
01/29/2018 20:20:41 [INFO] configuration: metrics  :   ['accuracy', 'precision', 'recall', 'f1_score', 'training_time', 'test_time']
01/29/2018 20:20:41 [INFO] configuration: do_cross_validation  :   True
01/29/2018 20:20:41 [INFO] configuration: #division  :   5
01/29/2018 20:20:41 [INFO] configuration: #cross_validation  :   10
01/29/2018 20:20:41 [INFO] configuration: cv_index_cache_path  :   
01/29/2018 20:20:41 [INFO] configuration: action_words  :   {'else', 'delet', 'delete', 'music', 'telephon', 'south', 'volum', 'snooze', 'weather', 'telephone', 'stop', 'turn', 'timer', 'items', 'skip', 'tell', 'share', 'shuffle', 'centre', 'snooz', 'moderate', 'list', 'video', 'ani', 'shuffl', 'price', 'expens', 'time', 'show', 'matter', 'any', 'moder', 'alarm', 'food', 'reminders', 'centr', 'add', 'member', 'discard', 'address', 'item', 'findcare', 'cast', 'volume', 'expensive', 'remind', 'area', 'phone', 'start', 'song', 'reminder', 'remov', 'els', 'north', 'remove', 'next', 'play', 'temperatur', 'room', 'temperature', 'number', 'light', 'part', 'post', 'watch', 'cheap', 'help', 'findcar', 'clear', 'reminds'}
01/29/2018 20:20:41 [INFO] configuration: corenlp_jars  :   ('/Users/memray/Project/stanford/stanford-corenlp-full-3.8.0/*', '/Users/memray/Project/stanford/stanford-corenlp-full-3.8.0/stanford-english-kbp-corenlp-2017-06-09-models.jar')
01/29/2018 20:20:41 [INFO] configuration: lda_topic_number  :   50
01/29/2018 20:20:41 [INFO] configuration: lda_path  :   /ihome/pbrusilosky/rum20/y_classify/dataset/feature/gensim/%s.topic=50.lda.pkl
01/29/2018 20:20:41 [INFO] configuration: gensim_corpus_path  :   /ihome/pbrusilosky/rum20/y_classify/dataset/feature/gensim/%s.corpus.pkl
01/29/2018 20:20:41 [INFO] configuration: gensim_dict_path  :   /ihome/pbrusilosky/rum20/y_classify/dataset/feature/gensim/%s.dict
01/29/2018 20:20:41 [INFO] configuration: w2v_path  :   /home/memray/Data/glove/GoogleNews-vectors-negative300.bin
01/29/2018 20:20:41 [INFO] configuration: w2v_vector_length  :   300
01/29/2018 20:20:41 [INFO] configuration: d2v_vector_length  :   300
01/29/2018 20:20:41 [INFO] configuration: d2v_window_size  :   5
01/29/2018 20:20:41 [INFO] configuration: d2v_min_count  :   2
01/29/2018 20:20:41 [INFO] configuration: d2v_model_path  :   /ihome/pbrusilosky/rum20/y_classify/dataset/feature/gensim/%s.doc2vec.dim=300.window=5.min_count=2.model
01/29/2018 20:20:41 [INFO] configuration: d2v_vector_path  :   /ihome/pbrusilosky/rum20/y_classify/dataset/feature/gensim/%s.doc2vec.dim=300.window=5.min_count=2.vector
01/29/2018 20:20:41 [INFO] configuration: num_word_keep  :   {'dstc2': 300, 'dstc3': 300, 'family': 1000, 'ghome': 1000}
01/29/2018 20:20:41 [INFO] configuration: batch_size  :   128
01/29/2018 20:20:41 [INFO] configuration: max_epoch  :   50
01/29/2018 20:20:41 [INFO] configuration: early_stop_tolerance  :   2
01/29/2018 20:20:41 [INFO] configuration: concat_sents  :   False
01/29/2018 20:20:41 [INFO] configuration: cnn_setting  :   {'model': 'multichannel', 'early_stopping': True, 'word_dim': 300, 'filters': [3, 4, 5], 'filter_num': [100, 100, 100], 'class_size': 4, 'batch_size': 128, 'learning_rate': 0.001, 'norm_limit': 10, 'dropout_prob': 0.0, 'sentence_num': 3}
01/29/2018 20:20:41 [INFO] configuration: skipthought_setting  :   {'skipthought_model_path': '/Users/memray/Data/skip-thought', 'skipthought_data_path': '/ihome/pbrusilosky/rum20/y_classify/dataset/feature/gensim/%s.skip-thought.biskip.vector', 'fixed_emb': True, 'sentence_num': 3, 'hidden_size': 2400, 'class_size': 4, 'learning_rate': 0.0001, 'norm_limit': 3, 'dropout_prob': 0.5}
01/29/2018 20:20:41 [INFO] configuration: lstm_setting  :   {'model': 'non-static', 'hidden_size': 32, 'embedding_size': 300, 'num_layers': 1, 'bidirectional': False, 'learning_rate': 0.001, 'class_size': 4, 'norm_limit': 2, 'clip_grad_norm': 2, 'dropout_prob': 0.1}
01/29/2018 20:20:43 [INFO] exp_shallowmodel: %%%%%%%%%%%%%%%%%%%%%%%%%%%%%%%%%%%%%%%%%%%%%%%%%%
01/29/2018 20:20:43 [INFO] exp_shallowmodel:           dataset=dstc2
01/29/2018 20:20:43 [INFO] exp_shallowmodel:           X_new.shape=(5725, 9)
01/29/2018 20:20:43 [INFO] exp_shallowmodel:           #(discrete_feature)=0
01/29/2018 20:20:43 [INFO] exp_shallowmodel:           #(continuous_feature)=8
01/29/2018 20:20:43 [INFO] exp_shallowmodel:           #(similarity_feature)=1
01/29/2018 20:20:43 [INFO] exp_shallowmodel: %%%%%%%%%%%%%%%%%%%%%%%%%%%%%%%%%%%%%%%%%%%%%%%%%%
01/29/2018 20:20:43 [INFO] exp_shallowmodel: ******************** dstc2 - Round 0 
01/29/2018 20:20:43 [INFO] exp_shallowmodel: #(data) = 4583
01/29/2018 20:20:43 [INFO] exp_shallowmodel: #(feature) = 9
01/29/2018 20:20:43 [INFO] exp_shallowmodel: ================================================================================
01/29/2018 20:20:43 [INFO] exp_shallowmodel: LR.pen=l1.C=1.000000
01/29/2018 20:20:43 [INFO] exp_shallowmodel: ________________________________________________________________________________
01/29/2018 20:20:43 [INFO] exp_shallowmodel: Training: 
01/29/2018 20:20:43 [INFO] exp_shallowmodel: LogisticRegression(C=1, class_weight=None, dual=False, fit_intercept=True,
          intercept_scaling=1, max_iter=100, multi_class='ovr', n_jobs=1,
          penalty='l1', random_state=None, solver='liblinear', tol=0.0001,
          verbose=0, warm_start=False)
01/29/2018 20:20:43 [INFO] exp_shallowmodel: train time: 0.035s
01/29/2018 20:20:43 [INFO] exp_shallowmodel: test time:  0.000s
01/29/2018 20:20:43 [INFO] exp_shallowmodel: accuracy:   0.820
01/29/2018 20:20:43 [INFO] exp_shallowmodel: f1_score:   0.604
01/29/2018 20:20:43 [INFO] exp_shallowmodel: classification report:
01/29/2018 20:20:43 [INFO] exp_shallowmodel:              precision    recall  f1-score   support

          A       0.00      0.00      0.00        14
          C       0.76      0.83      0.80       164
          F       0.84      0.94      0.89       268
          R       0.85      0.64      0.73       125

avg / total       0.80      0.82      0.81       571

01/29/2018 20:20:43 [INFO] exp_shallowmodel: confusion matrix:
01/29/2018 20:20:43 [INFO] exp_shallowmodel: 
[[  0   3  11   0]
 [  0 136  18  10]
 [  0  12 252   4]
 [  0  27  18  80]]
01/29/2018 20:20:43 [INFO] exp_shallowmodel: ******************** dstc2 - Round 1 
01/29/2018 20:20:43 [INFO] exp_shallowmodel: #(data) = 4583
01/29/2018 20:20:43 [INFO] exp_shallowmodel: #(feature) = 9
01/29/2018 20:20:43 [INFO] exp_shallowmodel: ================================================================================
01/29/2018 20:20:43 [INFO] exp_shallowmodel: LR.pen=l1.C=1.000000
01/29/2018 20:20:43 [INFO] exp_shallowmodel: ________________________________________________________________________________
01/29/2018 20:20:43 [INFO] exp_shallowmodel: Training: 
01/29/2018 20:20:43 [INFO] exp_shallowmodel: LogisticRegression(C=1, class_weight=None, dual=False, fit_intercept=True,
          intercept_scaling=1, max_iter=100, multi_class='ovr', n_jobs=1,
          penalty='l1', random_state=None, solver='liblinear', tol=0.0001,
          verbose=0, warm_start=False)
01/29/2018 20:20:43 [INFO] exp_shallowmodel: train time: 0.039s
01/29/2018 20:20:43 [INFO] exp_shallowmodel: test time:  0.000s
01/29/2018 20:20:43 [INFO] exp_shallowmodel: accuracy:   0.788
01/29/2018 20:20:43 [INFO] exp_shallowmodel: f1_score:   0.577
01/29/2018 20:20:43 [INFO] exp_shallowmodel: classification report:
01/29/2018 20:20:43 [INFO] exp_shallowmodel:              precision    recall  f1-score   support

          A       0.00      0.00      0.00        14
          C       0.70      0.82      0.75       164
          F       0.85      0.90      0.87       268
          R       0.77      0.61      0.68       125

avg / total       0.77      0.79      0.78       571

01/29/2018 20:20:43 [INFO] exp_shallowmodel: confusion matrix:
01/29/2018 20:20:43 [INFO] exp_shallowmodel: 
[[  0   2  12   0]
 [  0 134  16  14]
 [  0  19 240   9]
 [  0  36  13  76]]
01/29/2018 20:20:43 [INFO] exp_shallowmodel: ******************** dstc2 - Round 2 
01/29/2018 20:20:43 [INFO] exp_shallowmodel: #(data) = 4583
01/29/2018 20:20:43 [INFO] exp_shallowmodel: #(feature) = 9
01/29/2018 20:20:43 [INFO] exp_shallowmodel: ================================================================================
01/29/2018 20:20:43 [INFO] exp_shallowmodel: LR.pen=l1.C=1.000000
01/29/2018 20:20:43 [INFO] exp_shallowmodel: ________________________________________________________________________________
01/29/2018 20:20:43 [INFO] exp_shallowmodel: Training: 
01/29/2018 20:20:43 [INFO] exp_shallowmodel: LogisticRegression(C=1, class_weight=None, dual=False, fit_intercept=True,
          intercept_scaling=1, max_iter=100, multi_class='ovr', n_jobs=1,
          penalty='l1', random_state=None, solver='liblinear', tol=0.0001,
          verbose=0, warm_start=False)
01/29/2018 20:20:43 [INFO] exp_shallowmodel: train time: 0.036s
01/29/2018 20:20:43 [INFO] exp_shallowmodel: test time:  0.000s
01/29/2018 20:20:43 [INFO] exp_shallowmodel: accuracy:   0.828
01/29/2018 20:20:43 [INFO] exp_shallowmodel: f1_score:   0.609
01/29/2018 20:20:43 [INFO] exp_shallowmodel: classification report:
01/29/2018 20:20:43 [INFO] exp_shallowmodel:              precision    recall  f1-score   support

          A       0.00      0.00      0.00        14
          C       0.73      0.80      0.76       164
          F       0.88      0.96      0.92       268
          R       0.87      0.67      0.76       125

avg / total       0.81      0.83      0.82       571

01/29/2018 20:20:43 [INFO] exp_shallowmodel: confusion matrix:
01/29/2018 20:20:43 [INFO] exp_shallowmodel: 
[[  0   5   9   0]
 [  0 131  21  12]
 [  0   9 258   1]
 [  0  35   6  84]]
01/29/2018 20:20:43 [INFO] exp_shallowmodel: ******************** dstc2 - Round 3 
01/29/2018 20:20:43 [INFO] exp_shallowmodel: #(data) = 4583
01/29/2018 20:20:43 [INFO] exp_shallowmodel: #(feature) = 9
01/29/2018 20:20:43 [INFO] exp_shallowmodel: ================================================================================
01/29/2018 20:20:43 [INFO] exp_shallowmodel: LR.pen=l1.C=1.000000
01/29/2018 20:20:43 [INFO] exp_shallowmodel: ________________________________________________________________________________
01/29/2018 20:20:43 [INFO] exp_shallowmodel: Training: 
01/29/2018 20:20:43 [INFO] exp_shallowmodel: LogisticRegression(C=1, class_weight=None, dual=False, fit_intercept=True,
          intercept_scaling=1, max_iter=100, multi_class='ovr', n_jobs=1,
          penalty='l1', random_state=None, solver='liblinear', tol=0.0001,
          verbose=0, warm_start=False)
01/29/2018 20:20:43 [INFO] exp_shallowmodel: train time: 0.034s
01/29/2018 20:20:43 [INFO] exp_shallowmodel: test time:  0.000s
01/29/2018 20:20:43 [INFO] exp_shallowmodel: accuracy:   0.797
01/29/2018 20:20:43 [INFO] exp_shallowmodel: f1_score:   0.579
01/29/2018 20:20:43 [INFO] exp_shallowmodel: classification report:
01/29/2018 20:20:43 [INFO] exp_shallowmodel:              precision    recall  f1-score   support

          A       0.00      0.00      0.00        14
          C       0.69      0.84      0.75       164
          F       0.86      0.93      0.89       268
          R       0.85      0.55      0.67       125

avg / total       0.79      0.80      0.78       571

01/29/2018 20:20:43 [INFO] exp_shallowmodel: confusion matrix:
01/29/2018 20:20:43 [INFO] exp_shallowmodel: 
[[  0   7   7   0]
 [  0 137  18   9]
 [  0  16 249   3]
 [  0  39  17  69]]
01/29/2018 20:20:43 [INFO] exp_shallowmodel: ******************** dstc2 - Round 4 
01/29/2018 20:20:43 [INFO] exp_shallowmodel: #(data) = 4583
01/29/2018 20:20:43 [INFO] exp_shallowmodel: #(feature) = 9
01/29/2018 20:20:43 [INFO] exp_shallowmodel: ================================================================================
01/29/2018 20:20:43 [INFO] exp_shallowmodel: LR.pen=l1.C=1.000000
01/29/2018 20:20:43 [INFO] exp_shallowmodel: ________________________________________________________________________________
01/29/2018 20:20:43 [INFO] exp_shallowmodel: Training: 
01/29/2018 20:20:43 [INFO] exp_shallowmodel: LogisticRegression(C=1, class_weight=None, dual=False, fit_intercept=True,
          intercept_scaling=1, max_iter=100, multi_class='ovr', n_jobs=1,
          penalty='l1', random_state=None, solver='liblinear', tol=0.0001,
          verbose=0, warm_start=False)
01/29/2018 20:20:43 [INFO] exp_shallowmodel: train time: 0.033s
01/29/2018 20:20:43 [INFO] exp_shallowmodel: test time:  0.000s
01/29/2018 20:20:43 [INFO] exp_shallowmodel: accuracy:   0.806
01/29/2018 20:20:43 [INFO] exp_shallowmodel: f1_score:   0.596
01/29/2018 20:20:43 [INFO] exp_shallowmodel: classification report:
01/29/2018 20:20:43 [INFO] exp_shallowmodel:              precision    recall  f1-score   support

          A       0.00      0.00      0.00        14
          C       0.74      0.83      0.78       164
          F       0.82      0.91      0.87       268
          R       0.89      0.63      0.74       125

avg / total       0.79      0.81      0.79       571

01/29/2018 20:20:43 [INFO] exp_shallowmodel: confusion matrix:
01/29/2018 20:20:43 [INFO] exp_shallowmodel: 
[[  0   3  10   1]
 [  0 136  24   4]
 [  0  18 245   5]
 [  0  27  19  79]]
01/29/2018 20:20:43 [INFO] exp_shallowmodel: ******************** dstc2 - Round 5 
01/29/2018 20:20:43 [INFO] exp_shallowmodel: #(data) = 4583
01/29/2018 20:20:43 [INFO] exp_shallowmodel: #(feature) = 9
01/29/2018 20:20:43 [INFO] exp_shallowmodel: ================================================================================
01/29/2018 20:20:43 [INFO] exp_shallowmodel: LR.pen=l1.C=1.000000
01/29/2018 20:20:43 [INFO] exp_shallowmodel: ________________________________________________________________________________
01/29/2018 20:20:43 [INFO] exp_shallowmodel: Training: 
01/29/2018 20:20:43 [INFO] exp_shallowmodel: LogisticRegression(C=1, class_weight=None, dual=False, fit_intercept=True,
          intercept_scaling=1, max_iter=100, multi_class='ovr', n_jobs=1,
          penalty='l1', random_state=None, solver='liblinear', tol=0.0001,
          verbose=0, warm_start=False)
01/29/2018 20:20:43 [INFO] exp_shallowmodel: train time: 0.036s
01/29/2018 20:20:43 [INFO] exp_shallowmodel: test time:  0.000s
01/29/2018 20:20:43 [INFO] exp_shallowmodel: accuracy:   0.792
01/29/2018 20:20:43 [INFO] exp_shallowmodel: f1_score:   0.579
01/29/2018 20:20:43 [INFO] exp_shallowmodel: classification report:
01/29/2018 20:20:43 [INFO] exp_shallowmodel:              precision    recall  f1-score   support

          A       0.00      0.00      0.00        14
          C       0.70      0.80      0.75       164
          F       0.84      0.92      0.88       268
          R       0.81      0.60      0.69       125

avg / total       0.77      0.79      0.78       571

01/29/2018 20:20:43 [INFO] exp_shallowmodel: confusion matrix:
01/29/2018 20:20:43 [INFO] exp_shallowmodel: 
[[  0   5   9   0]
 [  0 131  24   9]
 [  0  13 246   9]
 [  0  37  13  75]]
01/29/2018 20:20:43 [INFO] exp_shallowmodel: ******************** dstc2 - Round 6 
01/29/2018 20:20:43 [INFO] exp_shallowmodel: #(data) = 4583
01/29/2018 20:20:43 [INFO] exp_shallowmodel: #(feature) = 9
01/29/2018 20:20:43 [INFO] exp_shallowmodel: ================================================================================
01/29/2018 20:20:43 [INFO] exp_shallowmodel: LR.pen=l1.C=1.000000
01/29/2018 20:20:43 [INFO] exp_shallowmodel: ________________________________________________________________________________
01/29/2018 20:20:43 [INFO] exp_shallowmodel: Training: 
01/29/2018 20:20:43 [INFO] exp_shallowmodel: LogisticRegression(C=1, class_weight=None, dual=False, fit_intercept=True,
          intercept_scaling=1, max_iter=100, multi_class='ovr', n_jobs=1,
          penalty='l1', random_state=None, solver='liblinear', tol=0.0001,
          verbose=0, warm_start=False)
01/29/2018 20:20:43 [INFO] exp_shallowmodel: train time: 0.035s
01/29/2018 20:20:43 [INFO] exp_shallowmodel: test time:  0.000s
01/29/2018 20:20:43 [INFO] exp_shallowmodel: accuracy:   0.795
01/29/2018 20:20:43 [INFO] exp_shallowmodel: f1_score:   0.582
01/29/2018 20:20:43 [INFO] exp_shallowmodel: classification report:
01/29/2018 20:20:43 [INFO] exp_shallowmodel:              precision    recall  f1-score   support

          A       0.00      0.00      0.00        14
          C       0.71      0.80      0.76       164
          F       0.85      0.92      0.88       268
          R       0.80      0.61      0.69       125

avg / total       0.78      0.80      0.78       571

01/29/2018 20:20:43 [INFO] exp_shallowmodel: confusion matrix:
01/29/2018 20:20:43 [INFO] exp_shallowmodel: 
[[  0   2  11   1]
 [  0 132  20  12]
 [  0  16 246   6]
 [  0  35  14  76]]
01/29/2018 20:20:43 [INFO] exp_shallowmodel: ******************** dstc2 - Round 7 
01/29/2018 20:20:43 [INFO] exp_shallowmodel: #(data) = 4583
01/29/2018 20:20:43 [INFO] exp_shallowmodel: #(feature) = 9
01/29/2018 20:20:43 [INFO] exp_shallowmodel: ================================================================================
01/29/2018 20:20:43 [INFO] exp_shallowmodel: LR.pen=l1.C=1.000000
01/29/2018 20:20:43 [INFO] exp_shallowmodel: ________________________________________________________________________________
01/29/2018 20:20:43 [INFO] exp_shallowmodel: Training: 
01/29/2018 20:20:43 [INFO] exp_shallowmodel: LogisticRegression(C=1, class_weight=None, dual=False, fit_intercept=True,
          intercept_scaling=1, max_iter=100, multi_class='ovr', n_jobs=1,
          penalty='l1', random_state=None, solver='liblinear', tol=0.0001,
          verbose=0, warm_start=False)
01/29/2018 20:20:43 [INFO] exp_shallowmodel: train time: 0.035s
01/29/2018 20:20:43 [INFO] exp_shallowmodel: test time:  0.000s
01/29/2018 20:20:43 [INFO] exp_shallowmodel: accuracy:   0.813
01/29/2018 20:20:43 [INFO] exp_shallowmodel: f1_score:   0.598
01/29/2018 20:20:43 [INFO] exp_shallowmodel: classification report:
01/29/2018 20:20:43 [INFO] exp_shallowmodel:              precision    recall  f1-score   support

          A       0.00      0.00      0.00        14
          C       0.75      0.80      0.77       164
          F       0.85      0.94      0.89       268
          R       0.82      0.66      0.73       125

avg / total       0.79      0.81      0.80       571

01/29/2018 20:20:43 [INFO] exp_shallowmodel: confusion matrix:
01/29/2018 20:20:43 [INFO] exp_shallowmodel: 
[[  0   5   9   0]
 [  0 131  21  12]
 [  0  11 251   6]
 [  0  28  15  82]]
01/29/2018 20:20:43 [INFO] exp_shallowmodel: ******************** dstc2 - Round 8 
01/29/2018 20:20:43 [INFO] exp_shallowmodel: #(data) = 4583
01/29/2018 20:20:43 [INFO] exp_shallowmodel: #(feature) = 9
01/29/2018 20:20:43 [INFO] exp_shallowmodel: ================================================================================
01/29/2018 20:20:43 [INFO] exp_shallowmodel: LR.pen=l1.C=1.000000
01/29/2018 20:20:43 [INFO] exp_shallowmodel: ________________________________________________________________________________
01/29/2018 20:20:43 [INFO] exp_shallowmodel: Training: 
01/29/2018 20:20:43 [INFO] exp_shallowmodel: LogisticRegression(C=1, class_weight=None, dual=False, fit_intercept=True,
          intercept_scaling=1, max_iter=100, multi_class='ovr', n_jobs=1,
          penalty='l1', random_state=None, solver='liblinear', tol=0.0001,
          verbose=0, warm_start=False)
01/29/2018 20:20:43 [INFO] exp_shallowmodel: train time: 0.035s
01/29/2018 20:20:43 [INFO] exp_shallowmodel: test time:  0.000s
01/29/2018 20:20:43 [INFO] exp_shallowmodel: accuracy:   0.807
01/29/2018 20:20:43 [INFO] exp_shallowmodel: f1_score:   0.588
01/29/2018 20:20:43 [INFO] exp_shallowmodel: classification report:
01/29/2018 20:20:43 [INFO] exp_shallowmodel:              precision    recall  f1-score   support

          A       0.00      0.00      0.00        14
          C       0.73      0.85      0.78       164
          F       0.87      0.93      0.90       268
          R       0.78      0.58      0.67       125

avg / total       0.79      0.81      0.79       571

01/29/2018 20:20:43 [INFO] exp_shallowmodel: confusion matrix:
01/29/2018 20:20:43 [INFO] exp_shallowmodel: 
[[  0   2  11   1]
 [  0 139  12  13]
 [  0  13 249   6]
 [  0  37  15  73]]
01/29/2018 20:20:43 [INFO] exp_shallowmodel: ******************** dstc2 - Round 9 
01/29/2018 20:20:43 [INFO] exp_shallowmodel: #(data) = 4568
01/29/2018 20:20:43 [INFO] exp_shallowmodel: #(feature) = 9
01/29/2018 20:20:43 [INFO] exp_shallowmodel: ================================================================================
01/29/2018 20:20:43 [INFO] exp_shallowmodel: LR.pen=l1.C=1.000000
01/29/2018 20:20:43 [INFO] exp_shallowmodel: ________________________________________________________________________________
01/29/2018 20:20:43 [INFO] exp_shallowmodel: Training: 
01/29/2018 20:20:43 [INFO] exp_shallowmodel: LogisticRegression(C=1, class_weight=None, dual=False, fit_intercept=True,
          intercept_scaling=1, max_iter=100, multi_class='ovr', n_jobs=1,
          penalty='l1', random_state=None, solver='liblinear', tol=0.0001,
          verbose=0, warm_start=False)
01/29/2018 20:20:43 [INFO] exp_shallowmodel: train time: 0.034s
01/29/2018 20:20:43 [INFO] exp_shallowmodel: test time:  0.000s
01/29/2018 20:20:43 [INFO] exp_shallowmodel: accuracy:   0.785
01/29/2018 20:20:43 [INFO] exp_shallowmodel: f1_score:   0.568
01/29/2018 20:20:43 [INFO] exp_shallowmodel: classification report:
01/29/2018 20:20:43 [INFO] exp_shallowmodel:              precision    recall  f1-score   support

          A       0.00      0.00      0.00        16
          C       0.68      0.84      0.75       169
          F       0.84      0.93      0.88       271
          R       0.85      0.51      0.63       130

avg / total       0.77      0.78      0.77       586

01/29/2018 20:20:43 [INFO] exp_shallowmodel: confusion matrix:
01/29/2018 20:20:43 [INFO] exp_shallowmodel: 
[[  0   4  12   0]
 [  0 142  20   7]
 [  0  14 252   5]
 [  0  49  15  66]]
01/29/2018 20:20:43 [INFO] exp_shallowmodel: ******************** dstc2 - Round 10 
01/29/2018 20:20:43 [INFO] exp_shallowmodel: #(data) = 4583
01/29/2018 20:20:43 [INFO] exp_shallowmodel: #(feature) = 9
01/29/2018 20:20:43 [INFO] exp_shallowmodel: ================================================================================
01/29/2018 20:20:43 [INFO] exp_shallowmodel: LR.pen=l1.C=1.000000
01/29/2018 20:20:43 [INFO] exp_shallowmodel: ________________________________________________________________________________
01/29/2018 20:20:43 [INFO] exp_shallowmodel: Training: 
01/29/2018 20:20:43 [INFO] exp_shallowmodel: LogisticRegression(C=1, class_weight=None, dual=False, fit_intercept=True,
          intercept_scaling=1, max_iter=100, multi_class='ovr', n_jobs=1,
          penalty='l1', random_state=None, solver='liblinear', tol=0.0001,
          verbose=0, warm_start=False)
01/29/2018 20:20:43 [INFO] exp_shallowmodel: train time: 0.033s
01/29/2018 20:20:43 [INFO] exp_shallowmodel: test time:  0.000s
01/29/2018 20:20:43 [INFO] exp_shallowmodel: accuracy:   0.821
01/29/2018 20:20:43 [INFO] exp_shallowmodel: f1_score:   0.603
01/29/2018 20:20:43 [INFO] exp_shallowmodel: classification report:
01/29/2018 20:20:43 [INFO] exp_shallowmodel:              precision    recall  f1-score   support

          A       0.00      0.00      0.00        14
          C       0.72      0.85      0.78       164
          F       0.89      0.93      0.91       268
          R       0.84      0.63      0.72       125

avg / total       0.81      0.82      0.81       571

01/29/2018 20:20:43 [INFO] exp_shallowmodel: confusion matrix:
01/29/2018 20:20:43 [INFO] exp_shallowmodel: 
[[  0   2  12   0]
 [  0 140  12  12]
 [  0  15 250   3]
 [  0  38   8  79]]
01/29/2018 20:20:43 [INFO] exp_shallowmodel: ******************** dstc2 - Round 11 
01/29/2018 20:20:43 [INFO] exp_shallowmodel: #(data) = 4583
01/29/2018 20:20:43 [INFO] exp_shallowmodel: #(feature) = 9
01/29/2018 20:20:43 [INFO] exp_shallowmodel: ================================================================================
01/29/2018 20:20:43 [INFO] exp_shallowmodel: LR.pen=l1.C=1.000000
01/29/2018 20:20:43 [INFO] exp_shallowmodel: ________________________________________________________________________________
01/29/2018 20:20:43 [INFO] exp_shallowmodel: Training: 
01/29/2018 20:20:43 [INFO] exp_shallowmodel: LogisticRegression(C=1, class_weight=None, dual=False, fit_intercept=True,
          intercept_scaling=1, max_iter=100, multi_class='ovr', n_jobs=1,
          penalty='l1', random_state=None, solver='liblinear', tol=0.0001,
          verbose=0, warm_start=False)
01/29/2018 20:20:44 [INFO] exp_shallowmodel: train time: 0.034s
01/29/2018 20:20:44 [INFO] exp_shallowmodel: test time:  0.000s
01/29/2018 20:20:44 [INFO] exp_shallowmodel: accuracy:   0.788
01/29/2018 20:20:44 [INFO] exp_shallowmodel: f1_score:   0.572
01/29/2018 20:20:44 [INFO] exp_shallowmodel: classification report:
01/29/2018 20:20:44 [INFO] exp_shallowmodel:              precision    recall  f1-score   support

          A       0.00      0.00      0.00        14
          C       0.68      0.78      0.73       164
          F       0.84      0.94      0.89       268
          R       0.85      0.56      0.68       125

avg / total       0.78      0.79      0.77       571

01/29/2018 20:20:44 [INFO] exp_shallowmodel: confusion matrix:
01/29/2018 20:20:44 [INFO] exp_shallowmodel: 
[[  0   4  10   0]
 [  0 128  28   8]
 [  0  12 252   4]
 [  0  44  11  70]]
01/29/2018 20:20:44 [INFO] exp_shallowmodel: ******************** dstc2 - Round 12 
01/29/2018 20:20:44 [INFO] exp_shallowmodel: #(data) = 4583
01/29/2018 20:20:44 [INFO] exp_shallowmodel: #(feature) = 9
01/29/2018 20:20:44 [INFO] exp_shallowmodel: ================================================================================
01/29/2018 20:20:44 [INFO] exp_shallowmodel: LR.pen=l1.C=1.000000
01/29/2018 20:20:44 [INFO] exp_shallowmodel: ________________________________________________________________________________
01/29/2018 20:20:44 [INFO] exp_shallowmodel: Training: 
01/29/2018 20:20:44 [INFO] exp_shallowmodel: LogisticRegression(C=1, class_weight=None, dual=False, fit_intercept=True,
          intercept_scaling=1, max_iter=100, multi_class='ovr', n_jobs=1,
          penalty='l1', random_state=None, solver='liblinear', tol=0.0001,
          verbose=0, warm_start=False)
01/29/2018 20:20:44 [INFO] exp_shallowmodel: train time: 0.041s
01/29/2018 20:20:44 [INFO] exp_shallowmodel: test time:  0.000s
01/29/2018 20:20:44 [INFO] exp_shallowmodel: accuracy:   0.816
01/29/2018 20:20:44 [INFO] exp_shallowmodel: f1_score:   0.601
01/29/2018 20:20:44 [INFO] exp_shallowmodel: classification report:
01/29/2018 20:20:44 [INFO] exp_shallowmodel:              precision    recall  f1-score   support

          A       0.00      0.00      0.00        14
          C       0.73      0.85      0.79       164
          F       0.86      0.93      0.89       268
          R       0.87      0.62      0.73       125

avg / total       0.80      0.82      0.80       571

01/29/2018 20:20:44 [INFO] exp_shallowmodel: confusion matrix:
01/29/2018 20:20:44 [INFO] exp_shallowmodel: 
[[  0   4  10   0]
 [  0 140  19   5]
 [  0  13 248   7]
 [  0  34  13  78]]
01/29/2018 20:20:44 [INFO] exp_shallowmodel: ******************** dstc2 - Round 13 
01/29/2018 20:20:44 [INFO] exp_shallowmodel: #(data) = 4583
01/29/2018 20:20:44 [INFO] exp_shallowmodel: #(feature) = 9
01/29/2018 20:20:44 [INFO] exp_shallowmodel: ================================================================================
01/29/2018 20:20:44 [INFO] exp_shallowmodel: LR.pen=l1.C=1.000000
01/29/2018 20:20:44 [INFO] exp_shallowmodel: ________________________________________________________________________________
01/29/2018 20:20:44 [INFO] exp_shallowmodel: Training: 
01/29/2018 20:20:44 [INFO] exp_shallowmodel: LogisticRegression(C=1, class_weight=None, dual=False, fit_intercept=True,
          intercept_scaling=1, max_iter=100, multi_class='ovr', n_jobs=1,
          penalty='l1', random_state=None, solver='liblinear', tol=0.0001,
          verbose=0, warm_start=False)
01/29/2018 20:20:44 [INFO] exp_shallowmodel: train time: 0.042s
01/29/2018 20:20:44 [INFO] exp_shallowmodel: test time:  0.000s
01/29/2018 20:20:44 [INFO] exp_shallowmodel: accuracy:   0.802
01/29/2018 20:20:44 [INFO] exp_shallowmodel: f1_score:   0.584
01/29/2018 20:20:44 [INFO] exp_shallowmodel: classification report:
01/29/2018 20:20:44 [INFO] exp_shallowmodel:              precision    recall  f1-score   support

          A       0.00      0.00      0.00        14
          C       0.72      0.84      0.77       164
          F       0.86      0.93      0.89       268
          R       0.81      0.58      0.67       125

avg / total       0.78      0.80      0.79       571

01/29/2018 20:20:44 [INFO] exp_shallowmodel: confusion matrix:
01/29/2018 20:20:44 [INFO] exp_shallowmodel: 
[[  0   5   8   1]
 [  0 137  19   8]
 [  0  11 249   8]
 [  0  38  15  72]]
01/29/2018 20:20:44 [INFO] exp_shallowmodel: ******************** dstc2 - Round 14 
01/29/2018 20:20:44 [INFO] exp_shallowmodel: #(data) = 4583
01/29/2018 20:20:44 [INFO] exp_shallowmodel: #(feature) = 9
01/29/2018 20:20:44 [INFO] exp_shallowmodel: ================================================================================
01/29/2018 20:20:44 [INFO] exp_shallowmodel: LR.pen=l1.C=1.000000
01/29/2018 20:20:44 [INFO] exp_shallowmodel: ________________________________________________________________________________
01/29/2018 20:20:44 [INFO] exp_shallowmodel: Training: 
01/29/2018 20:20:44 [INFO] exp_shallowmodel: LogisticRegression(C=1, class_weight=None, dual=False, fit_intercept=True,
          intercept_scaling=1, max_iter=100, multi_class='ovr', n_jobs=1,
          penalty='l1', random_state=None, solver='liblinear', tol=0.0001,
          verbose=0, warm_start=False)
01/29/2018 20:20:44 [INFO] exp_shallowmodel: train time: 0.036s
01/29/2018 20:20:44 [INFO] exp_shallowmodel: test time:  0.000s
01/29/2018 20:20:44 [INFO] exp_shallowmodel: accuracy:   0.795
01/29/2018 20:20:44 [INFO] exp_shallowmodel: f1_score:   0.579
01/29/2018 20:20:44 [INFO] exp_shallowmodel: classification report:
01/29/2018 20:20:44 [INFO] exp_shallowmodel:              precision    recall  f1-score   support

          A       0.00      0.00      0.00        14
          C       0.73      0.82      0.77       164
          F       0.86      0.91      0.88       268
          R       0.75      0.59      0.66       125

avg / total       0.77      0.80      0.78       571

01/29/2018 20:20:44 [INFO] exp_shallowmodel: confusion matrix:
01/29/2018 20:20:44 [INFO] exp_shallowmodel: 
[[  0   4  10   0]
 [  0 135  14  15]
 [  0  13 245  10]
 [  0  34  17  74]]
01/29/2018 20:20:44 [INFO] exp_shallowmodel: ******************** dstc2 - Round 15 
01/29/2018 20:20:44 [INFO] exp_shallowmodel: #(data) = 4583
01/29/2018 20:20:44 [INFO] exp_shallowmodel: #(feature) = 9
01/29/2018 20:20:44 [INFO] exp_shallowmodel: ================================================================================
01/29/2018 20:20:44 [INFO] exp_shallowmodel: LR.pen=l1.C=1.000000
01/29/2018 20:20:44 [INFO] exp_shallowmodel: ________________________________________________________________________________
01/29/2018 20:20:44 [INFO] exp_shallowmodel: Training: 
01/29/2018 20:20:44 [INFO] exp_shallowmodel: LogisticRegression(C=1, class_weight=None, dual=False, fit_intercept=True,
          intercept_scaling=1, max_iter=100, multi_class='ovr', n_jobs=1,
          penalty='l1', random_state=None, solver='liblinear', tol=0.0001,
          verbose=0, warm_start=False)
01/29/2018 20:20:44 [INFO] exp_shallowmodel: train time: 0.036s
01/29/2018 20:20:44 [INFO] exp_shallowmodel: test time:  0.000s
01/29/2018 20:20:44 [INFO] exp_shallowmodel: accuracy:   0.830
01/29/2018 20:20:44 [INFO] exp_shallowmodel: f1_score:   0.611
01/29/2018 20:20:44 [INFO] exp_shallowmodel: classification report:
01/29/2018 20:20:44 [INFO] exp_shallowmodel:              precision    recall  f1-score   support

          A       0.00      0.00      0.00        14
          C       0.75      0.86      0.80       164
          F       0.87      0.94      0.90       268
          R       0.86      0.65      0.74       125

avg / total       0.81      0.83      0.82       571

01/29/2018 20:20:44 [INFO] exp_shallowmodel: confusion matrix:
01/29/2018 20:20:44 [INFO] exp_shallowmodel: 
[[  0   4   9   1]
 [  0 141  15   8]
 [  0  12 252   4]
 [  0  31  13  81]]
01/29/2018 20:20:44 [INFO] exp_shallowmodel: ******************** dstc2 - Round 16 
01/29/2018 20:20:44 [INFO] exp_shallowmodel: #(data) = 4583
01/29/2018 20:20:44 [INFO] exp_shallowmodel: #(feature) = 9
01/29/2018 20:20:44 [INFO] exp_shallowmodel: ================================================================================
01/29/2018 20:20:44 [INFO] exp_shallowmodel: LR.pen=l1.C=1.000000
01/29/2018 20:20:44 [INFO] exp_shallowmodel: ________________________________________________________________________________
01/29/2018 20:20:44 [INFO] exp_shallowmodel: Training: 
01/29/2018 20:20:44 [INFO] exp_shallowmodel: LogisticRegression(C=1, class_weight=None, dual=False, fit_intercept=True,
          intercept_scaling=1, max_iter=100, multi_class='ovr', n_jobs=1,
          penalty='l1', random_state=None, solver='liblinear', tol=0.0001,
          verbose=0, warm_start=False)
01/29/2018 20:20:44 [INFO] exp_shallowmodel: train time: 0.034s
01/29/2018 20:20:44 [INFO] exp_shallowmodel: test time:  0.000s
01/29/2018 20:20:44 [INFO] exp_shallowmodel: accuracy:   0.804
01/29/2018 20:20:44 [INFO] exp_shallowmodel: f1_score:   0.587
01/29/2018 20:20:44 [INFO] exp_shallowmodel: classification report:
01/29/2018 20:20:44 [INFO] exp_shallowmodel:              precision    recall  f1-score   support

          A       0.00      0.00      0.00        14
          C       0.74      0.82      0.77       164
          F       0.85      0.93      0.89       268
          R       0.80      0.60      0.68       125

avg / total       0.78      0.80      0.79       571

01/29/2018 20:20:44 [INFO] exp_shallowmodel: confusion matrix:
01/29/2018 20:20:44 [INFO] exp_shallowmodel: 
[[  0   5   8   1]
 [  0 134  18  12]
 [  0  12 250   6]
 [  0  31  19  75]]
01/29/2018 20:20:44 [INFO] exp_shallowmodel: ******************** dstc2 - Round 17 
01/29/2018 20:20:44 [INFO] exp_shallowmodel: #(data) = 4583
01/29/2018 20:20:44 [INFO] exp_shallowmodel: #(feature) = 9
01/29/2018 20:20:44 [INFO] exp_shallowmodel: ================================================================================
01/29/2018 20:20:44 [INFO] exp_shallowmodel: LR.pen=l1.C=1.000000
01/29/2018 20:20:44 [INFO] exp_shallowmodel: ________________________________________________________________________________
01/29/2018 20:20:44 [INFO] exp_shallowmodel: Training: 
01/29/2018 20:20:44 [INFO] exp_shallowmodel: LogisticRegression(C=1, class_weight=None, dual=False, fit_intercept=True,
          intercept_scaling=1, max_iter=100, multi_class='ovr', n_jobs=1,
          penalty='l1', random_state=None, solver='liblinear', tol=0.0001,
          verbose=0, warm_start=False)
01/29/2018 20:20:44 [INFO] exp_shallowmodel: train time: 0.035s
01/29/2018 20:20:44 [INFO] exp_shallowmodel: test time:  0.000s
01/29/2018 20:20:44 [INFO] exp_shallowmodel: accuracy:   0.816
01/29/2018 20:20:44 [INFO] exp_shallowmodel: f1_score:   0.608
01/29/2018 20:20:44 [INFO] exp_shallowmodel: classification report:
01/29/2018 20:20:44 [INFO] exp_shallowmodel:              precision    recall  f1-score   support

          A       0.00      0.00      0.00        14
          C       0.75      0.74      0.75       164
          F       0.83      0.94      0.88       268
          R       0.87      0.74      0.80       125

avg / total       0.80      0.82      0.80       571

01/29/2018 20:20:44 [INFO] exp_shallowmodel: confusion matrix:
01/29/2018 20:20:44 [INFO] exp_shallowmodel: 
[[  0   3  11   0]
 [  0 122  29  13]
 [  0  16 251   1]
 [  0  21  11  93]]
01/29/2018 20:20:44 [INFO] exp_shallowmodel: ******************** dstc2 - Round 18 
01/29/2018 20:20:44 [INFO] exp_shallowmodel: #(data) = 4583
01/29/2018 20:20:44 [INFO] exp_shallowmodel: #(feature) = 9
01/29/2018 20:20:44 [INFO] exp_shallowmodel: ================================================================================
01/29/2018 20:20:44 [INFO] exp_shallowmodel: LR.pen=l1.C=1.000000
01/29/2018 20:20:44 [INFO] exp_shallowmodel: ________________________________________________________________________________
01/29/2018 20:20:44 [INFO] exp_shallowmodel: Training: 
01/29/2018 20:20:44 [INFO] exp_shallowmodel: LogisticRegression(C=1, class_weight=None, dual=False, fit_intercept=True,
          intercept_scaling=1, max_iter=100, multi_class='ovr', n_jobs=1,
          penalty='l1', random_state=None, solver='liblinear', tol=0.0001,
          verbose=0, warm_start=False)
01/29/2018 20:20:44 [INFO] exp_shallowmodel: train time: 0.035s
01/29/2018 20:20:44 [INFO] exp_shallowmodel: test time:  0.000s
01/29/2018 20:20:44 [INFO] exp_shallowmodel: accuracy:   0.769
01/29/2018 20:20:44 [INFO] exp_shallowmodel: f1_score:   0.554
01/29/2018 20:20:44 [INFO] exp_shallowmodel: classification report:
01/29/2018 20:20:44 [INFO] exp_shallowmodel:              precision    recall  f1-score   support

          A       0.00      0.00      0.00        14
          C       0.68      0.77      0.72       164
          F       0.82      0.92      0.87       268
          R       0.77      0.53      0.63       125

avg / total       0.75      0.77      0.75       571

01/29/2018 20:20:44 [INFO] exp_shallowmodel: confusion matrix:
01/29/2018 20:20:44 [INFO] exp_shallowmodel: 
[[  0   4  10   0]
 [  0 126  26  12]
 [  0  13 247   8]
 [  0  41  18  66]]
01/29/2018 20:20:44 [INFO] exp_shallowmodel: ******************** dstc2 - Round 19 
01/29/2018 20:20:44 [INFO] exp_shallowmodel: #(data) = 4568
01/29/2018 20:20:44 [INFO] exp_shallowmodel: #(feature) = 9
01/29/2018 20:20:44 [INFO] exp_shallowmodel: ================================================================================
01/29/2018 20:20:44 [INFO] exp_shallowmodel: LR.pen=l1.C=1.000000
01/29/2018 20:20:44 [INFO] exp_shallowmodel: ________________________________________________________________________________
01/29/2018 20:20:44 [INFO] exp_shallowmodel: Training: 
01/29/2018 20:20:44 [INFO] exp_shallowmodel: LogisticRegression(C=1, class_weight=None, dual=False, fit_intercept=True,
          intercept_scaling=1, max_iter=100, multi_class='ovr', n_jobs=1,
          penalty='l1', random_state=None, solver='liblinear', tol=0.0001,
          verbose=0, warm_start=False)
01/29/2018 20:20:44 [INFO] exp_shallowmodel: train time: 0.032s
01/29/2018 20:20:44 [INFO] exp_shallowmodel: test time:  0.000s
01/29/2018 20:20:44 [INFO] exp_shallowmodel: accuracy:   0.782
01/29/2018 20:20:44 [INFO] exp_shallowmodel: f1_score:   0.571
01/29/2018 20:20:44 [INFO] exp_shallowmodel: classification report:
01/29/2018 20:20:44 [INFO] exp_shallowmodel:              precision    recall  f1-score   support

          A       0.00      0.00      0.00        16
          C       0.71      0.86      0.78       169
          F       0.83      0.89      0.86       271
          R       0.79      0.55      0.65       130

avg / total       0.76      0.78      0.77       586

01/29/2018 20:20:44 [INFO] exp_shallowmodel: confusion matrix:
01/29/2018 20:20:44 [INFO] exp_shallowmodel: 
[[  0   3  13   0]
 [  0 145  13  11]
 [  0  21 242   8]
 [  0  36  23  71]]
01/29/2018 20:20:44 [INFO] exp_shallowmodel: ******************** dstc2 - Round 20 
01/29/2018 20:20:44 [INFO] exp_shallowmodel: #(data) = 4583
01/29/2018 20:20:44 [INFO] exp_shallowmodel: #(feature) = 9
01/29/2018 20:20:44 [INFO] exp_shallowmodel: ================================================================================
01/29/2018 20:20:44 [INFO] exp_shallowmodel: LR.pen=l1.C=1.000000
01/29/2018 20:20:44 [INFO] exp_shallowmodel: ________________________________________________________________________________
01/29/2018 20:20:44 [INFO] exp_shallowmodel: Training: 
01/29/2018 20:20:44 [INFO] exp_shallowmodel: LogisticRegression(C=1, class_weight=None, dual=False, fit_intercept=True,
          intercept_scaling=1, max_iter=100, multi_class='ovr', n_jobs=1,
          penalty='l1', random_state=None, solver='liblinear', tol=0.0001,
          verbose=0, warm_start=False)
01/29/2018 20:20:44 [INFO] exp_shallowmodel: train time: 0.033s
01/29/2018 20:20:44 [INFO] exp_shallowmodel: test time:  0.000s
01/29/2018 20:20:44 [INFO] exp_shallowmodel: accuracy:   0.802
01/29/2018 20:20:44 [INFO] exp_shallowmodel: f1_score:   0.588
01/29/2018 20:20:44 [INFO] exp_shallowmodel: classification report:
01/29/2018 20:20:44 [INFO] exp_shallowmodel:              precision    recall  f1-score   support

          A       0.00      0.00      0.00        14
          C       0.73      0.82      0.77       164
          F       0.84      0.92      0.88       268
          R       0.83      0.61      0.70       125

avg / total       0.78      0.80      0.79       571

01/29/2018 20:20:44 [INFO] exp_shallowmodel: confusion matrix:
01/29/2018 20:20:44 [INFO] exp_shallowmodel: 
[[  0   4   9   1]
 [  0 135  21   8]
 [  0  14 247   7]
 [  0  33  16  76]]
01/29/2018 20:20:44 [INFO] exp_shallowmodel: ******************** dstc2 - Round 21 
01/29/2018 20:20:44 [INFO] exp_shallowmodel: #(data) = 4583
01/29/2018 20:20:44 [INFO] exp_shallowmodel: #(feature) = 9
01/29/2018 20:20:44 [INFO] exp_shallowmodel: ================================================================================
01/29/2018 20:20:44 [INFO] exp_shallowmodel: LR.pen=l1.C=1.000000
01/29/2018 20:20:44 [INFO] exp_shallowmodel: ________________________________________________________________________________
01/29/2018 20:20:44 [INFO] exp_shallowmodel: Training: 
01/29/2018 20:20:44 [INFO] exp_shallowmodel: LogisticRegression(C=1, class_weight=None, dual=False, fit_intercept=True,
          intercept_scaling=1, max_iter=100, multi_class='ovr', n_jobs=1,
          penalty='l1', random_state=None, solver='liblinear', tol=0.0001,
          verbose=0, warm_start=False)
01/29/2018 20:20:44 [INFO] exp_shallowmodel: train time: 0.035s
01/29/2018 20:20:44 [INFO] exp_shallowmodel: test time:  0.000s
01/29/2018 20:20:44 [INFO] exp_shallowmodel: accuracy:   0.783
01/29/2018 20:20:44 [INFO] exp_shallowmodel: f1_score:   0.568
01/29/2018 20:20:44 [INFO] exp_shallowmodel: classification report:
01/29/2018 20:20:44 [INFO] exp_shallowmodel:              precision    recall  f1-score   support

          A       0.00      0.00      0.00        14
          C       0.67      0.79      0.72       164
          F       0.86      0.92      0.89       268
          R       0.79      0.57      0.66       125

avg / total       0.77      0.78      0.77       571

01/29/2018 20:20:44 [INFO] exp_shallowmodel: confusion matrix:
01/29/2018 20:20:44 [INFO] exp_shallowmodel: 
[[  0   4   8   2]
 [  0 129  22  13]
 [  0  17 247   4]
 [  0  43  11  71]]
01/29/2018 20:20:44 [INFO] exp_shallowmodel: ******************** dstc2 - Round 22 
01/29/2018 20:20:44 [INFO] exp_shallowmodel: #(data) = 4583
01/29/2018 20:20:44 [INFO] exp_shallowmodel: #(feature) = 9
01/29/2018 20:20:44 [INFO] exp_shallowmodel: ================================================================================
01/29/2018 20:20:44 [INFO] exp_shallowmodel: LR.pen=l1.C=1.000000
01/29/2018 20:20:44 [INFO] exp_shallowmodel: ________________________________________________________________________________
01/29/2018 20:20:44 [INFO] exp_shallowmodel: Training: 
01/29/2018 20:20:44 [INFO] exp_shallowmodel: LogisticRegression(C=1, class_weight=None, dual=False, fit_intercept=True,
          intercept_scaling=1, max_iter=100, multi_class='ovr', n_jobs=1,
          penalty='l1', random_state=None, solver='liblinear', tol=0.0001,
          verbose=0, warm_start=False)
01/29/2018 20:20:44 [INFO] exp_shallowmodel: train time: 0.033s
01/29/2018 20:20:44 [INFO] exp_shallowmodel: test time:  0.000s
01/29/2018 20:20:44 [INFO] exp_shallowmodel: accuracy:   0.828
01/29/2018 20:20:44 [INFO] exp_shallowmodel: f1_score:   0.607
01/29/2018 20:20:44 [INFO] exp_shallowmodel: classification report:
01/29/2018 20:20:44 [INFO] exp_shallowmodel:              precision    recall  f1-score   support

          A       0.00      0.00      0.00        14
          C       0.75      0.88      0.81       164
          F       0.88      0.94      0.91       268
          R       0.83      0.62      0.71       125

avg / total       0.81      0.83      0.81       571

01/29/2018 20:20:44 [INFO] exp_shallowmodel: confusion matrix:
01/29/2018 20:20:44 [INFO] exp_shallowmodel: 
[[  0   4  10   0]
 [  0 145  10   9]
 [  0  10 251   7]
 [  0  34  14  77]]
01/29/2018 20:20:44 [INFO] exp_shallowmodel: ******************** dstc2 - Round 23 
01/29/2018 20:20:44 [INFO] exp_shallowmodel: #(data) = 4583
01/29/2018 20:20:44 [INFO] exp_shallowmodel: #(feature) = 9
01/29/2018 20:20:44 [INFO] exp_shallowmodel: ================================================================================
01/29/2018 20:20:44 [INFO] exp_shallowmodel: LR.pen=l1.C=1.000000
01/29/2018 20:20:44 [INFO] exp_shallowmodel: ________________________________________________________________________________
01/29/2018 20:20:44 [INFO] exp_shallowmodel: Training: 
01/29/2018 20:20:44 [INFO] exp_shallowmodel: LogisticRegression(C=1, class_weight=None, dual=False, fit_intercept=True,
          intercept_scaling=1, max_iter=100, multi_class='ovr', n_jobs=1,
          penalty='l1', random_state=None, solver='liblinear', tol=0.0001,
          verbose=0, warm_start=False)
01/29/2018 20:20:44 [INFO] exp_shallowmodel: train time: 0.034s
01/29/2018 20:20:44 [INFO] exp_shallowmodel: test time:  0.000s
01/29/2018 20:20:44 [INFO] exp_shallowmodel: accuracy:   0.792
01/29/2018 20:20:44 [INFO] exp_shallowmodel: f1_score:   0.579
01/29/2018 20:20:44 [INFO] exp_shallowmodel: classification report:
01/29/2018 20:20:44 [INFO] exp_shallowmodel:              precision    recall  f1-score   support

          A       0.00      0.00      0.00        14
          C       0.70      0.78      0.74       164
          F       0.84      0.93      0.88       268
          R       0.81      0.61      0.69       125

avg / total       0.77      0.79      0.78       571

01/29/2018 20:20:44 [INFO] exp_shallowmodel: confusion matrix:
01/29/2018 20:20:44 [INFO] exp_shallowmodel: 
[[  0   3  11   0]
 [  0 128  23  13]
 [  0  15 248   5]
 [  0  37  12  76]]
01/29/2018 20:20:44 [INFO] exp_shallowmodel: ******************** dstc2 - Round 24 
01/29/2018 20:20:44 [INFO] exp_shallowmodel: #(data) = 4583
01/29/2018 20:20:44 [INFO] exp_shallowmodel: #(feature) = 9
01/29/2018 20:20:44 [INFO] exp_shallowmodel: ================================================================================
01/29/2018 20:20:44 [INFO] exp_shallowmodel: LR.pen=l1.C=1.000000
01/29/2018 20:20:44 [INFO] exp_shallowmodel: ________________________________________________________________________________
01/29/2018 20:20:44 [INFO] exp_shallowmodel: Training: 
01/29/2018 20:20:44 [INFO] exp_shallowmodel: LogisticRegression(C=1, class_weight=None, dual=False, fit_intercept=True,
          intercept_scaling=1, max_iter=100, multi_class='ovr', n_jobs=1,
          penalty='l1', random_state=None, solver='liblinear', tol=0.0001,
          verbose=0, warm_start=False)
01/29/2018 20:20:44 [INFO] exp_shallowmodel: train time: 0.034s
01/29/2018 20:20:44 [INFO] exp_shallowmodel: test time:  0.000s
01/29/2018 20:20:44 [INFO] exp_shallowmodel: accuracy:   0.779
01/29/2018 20:20:44 [INFO] exp_shallowmodel: f1_score:   0.560
01/29/2018 20:20:44 [INFO] exp_shallowmodel: classification report:
01/29/2018 20:20:44 [INFO] exp_shallowmodel:              precision    recall  f1-score   support

          A       0.00      0.00      0.00        14
          C       0.70      0.81      0.75       164
          F       0.84      0.93      0.88       268
          R       0.76      0.51      0.61       125

avg / total       0.76      0.78      0.76       571

01/29/2018 20:20:44 [INFO] exp_shallowmodel: confusion matrix:
01/29/2018 20:20:44 [INFO] exp_shallowmodel: 
[[  0   6   8   0]
 [  0 133  16  15]
 [  0  15 248   5]
 [  0  37  24  64]]
01/29/2018 20:20:44 [INFO] exp_shallowmodel: ******************** dstc2 - Round 25 
01/29/2018 20:20:44 [INFO] exp_shallowmodel: #(data) = 4583
01/29/2018 20:20:44 [INFO] exp_shallowmodel: #(feature) = 9
01/29/2018 20:20:44 [INFO] exp_shallowmodel: ================================================================================
01/29/2018 20:20:44 [INFO] exp_shallowmodel: LR.pen=l1.C=1.000000
01/29/2018 20:20:44 [INFO] exp_shallowmodel: ________________________________________________________________________________
01/29/2018 20:20:44 [INFO] exp_shallowmodel: Training: 
01/29/2018 20:20:44 [INFO] exp_shallowmodel: LogisticRegression(C=1, class_weight=None, dual=False, fit_intercept=True,
          intercept_scaling=1, max_iter=100, multi_class='ovr', n_jobs=1,
          penalty='l1', random_state=None, solver='liblinear', tol=0.0001,
          verbose=0, warm_start=False)
01/29/2018 20:20:44 [INFO] exp_shallowmodel: train time: 0.034s
01/29/2018 20:20:44 [INFO] exp_shallowmodel: test time:  0.000s
01/29/2018 20:20:44 [INFO] exp_shallowmodel: accuracy:   0.813
01/29/2018 20:20:44 [INFO] exp_shallowmodel: f1_score:   0.598
01/29/2018 20:20:44 [INFO] exp_shallowmodel: classification report:
01/29/2018 20:20:44 [INFO] exp_shallowmodel:              precision    recall  f1-score   support

          A       0.00      0.00      0.00        14
          C       0.72      0.84      0.78       164
          F       0.87      0.92      0.89       268
          R       0.82      0.64      0.72       125

avg / total       0.80      0.81      0.80       571

01/29/2018 20:20:44 [INFO] exp_shallowmodel: confusion matrix:
01/29/2018 20:20:44 [INFO] exp_shallowmodel: 
[[  0   5   9   0]
 [  0 137  15  12]
 [  0  16 247   5]
 [  0  31  14  80]]
01/29/2018 20:20:44 [INFO] exp_shallowmodel: ******************** dstc2 - Round 26 
01/29/2018 20:20:44 [INFO] exp_shallowmodel: #(data) = 4583
01/29/2018 20:20:44 [INFO] exp_shallowmodel: #(feature) = 9
01/29/2018 20:20:44 [INFO] exp_shallowmodel: ================================================================================
01/29/2018 20:20:44 [INFO] exp_shallowmodel: LR.pen=l1.C=1.000000
01/29/2018 20:20:44 [INFO] exp_shallowmodel: ________________________________________________________________________________
01/29/2018 20:20:44 [INFO] exp_shallowmodel: Training: 
01/29/2018 20:20:44 [INFO] exp_shallowmodel: LogisticRegression(C=1, class_weight=None, dual=False, fit_intercept=True,
          intercept_scaling=1, max_iter=100, multi_class='ovr', n_jobs=1,
          penalty='l1', random_state=None, solver='liblinear', tol=0.0001,
          verbose=0, warm_start=False)
01/29/2018 20:20:44 [INFO] exp_shallowmodel: train time: 0.034s
01/29/2018 20:20:44 [INFO] exp_shallowmodel: test time:  0.000s
01/29/2018 20:20:44 [INFO] exp_shallowmodel: accuracy:   0.821
01/29/2018 20:20:44 [INFO] exp_shallowmodel: f1_score:   0.604
01/29/2018 20:20:44 [INFO] exp_shallowmodel: classification report:
01/29/2018 20:20:44 [INFO] exp_shallowmodel:              precision    recall  f1-score   support

          A       0.00      0.00      0.00        14
          C       0.73      0.87      0.80       164
          F       0.86      0.93      0.90       268
          R       0.88      0.62      0.72       125

avg / total       0.81      0.82      0.81       571

01/29/2018 20:20:44 [INFO] exp_shallowmodel: confusion matrix:
01/29/2018 20:20:44 [INFO] exp_shallowmodel: 
[[  0   4  10   0]
 [  0 143  15   6]
 [  0  14 249   5]
 [  0  34  14  77]]
01/29/2018 20:20:44 [INFO] exp_shallowmodel: ******************** dstc2 - Round 27 
01/29/2018 20:20:44 [INFO] exp_shallowmodel: #(data) = 4583
01/29/2018 20:20:44 [INFO] exp_shallowmodel: #(feature) = 9
01/29/2018 20:20:44 [INFO] exp_shallowmodel: ================================================================================
01/29/2018 20:20:44 [INFO] exp_shallowmodel: LR.pen=l1.C=1.000000
01/29/2018 20:20:44 [INFO] exp_shallowmodel: ________________________________________________________________________________
01/29/2018 20:20:44 [INFO] exp_shallowmodel: Training: 
01/29/2018 20:20:44 [INFO] exp_shallowmodel: LogisticRegression(C=1, class_weight=None, dual=False, fit_intercept=True,
          intercept_scaling=1, max_iter=100, multi_class='ovr', n_jobs=1,
          penalty='l1', random_state=None, solver='liblinear', tol=0.0001,
          verbose=0, warm_start=False)
01/29/2018 20:20:44 [INFO] exp_shallowmodel: train time: 0.038s
01/29/2018 20:20:44 [INFO] exp_shallowmodel: test time:  0.000s
01/29/2018 20:20:44 [INFO] exp_shallowmodel: accuracy:   0.814
01/29/2018 20:20:44 [INFO] exp_shallowmodel: f1_score:   0.598
01/29/2018 20:20:44 [INFO] exp_shallowmodel: classification report:
01/29/2018 20:20:44 [INFO] exp_shallowmodel:              precision    recall  f1-score   support

          A       0.00      0.00      0.00        14
          C       0.75      0.81      0.78       164
          F       0.84      0.94      0.89       268
          R       0.84      0.63      0.72       125

avg / total       0.80      0.81      0.80       571

01/29/2018 20:20:44 [INFO] exp_shallowmodel: confusion matrix:
01/29/2018 20:20:44 [INFO] exp_shallowmodel: 
[[  0   2  12   0]
 [  0 133  22   9]
 [  0   9 253   6]
 [  0  33  13  79]]
01/29/2018 20:20:44 [INFO] exp_shallowmodel: ******************** dstc2 - Round 28 
01/29/2018 20:20:44 [INFO] exp_shallowmodel: #(data) = 4583
01/29/2018 20:20:44 [INFO] exp_shallowmodel: #(feature) = 9
01/29/2018 20:20:44 [INFO] exp_shallowmodel: ================================================================================
01/29/2018 20:20:44 [INFO] exp_shallowmodel: LR.pen=l1.C=1.000000
01/29/2018 20:20:44 [INFO] exp_shallowmodel: ________________________________________________________________________________
01/29/2018 20:20:44 [INFO] exp_shallowmodel: Training: 
01/29/2018 20:20:44 [INFO] exp_shallowmodel: LogisticRegression(C=1, class_weight=None, dual=False, fit_intercept=True,
          intercept_scaling=1, max_iter=100, multi_class='ovr', n_jobs=1,
          penalty='l1', random_state=None, solver='liblinear', tol=0.0001,
          verbose=0, warm_start=False)
01/29/2018 20:20:44 [INFO] exp_shallowmodel: train time: 0.041s
01/29/2018 20:20:44 [INFO] exp_shallowmodel: test time:  0.000s
01/29/2018 20:20:44 [INFO] exp_shallowmodel: accuracy:   0.792
01/29/2018 20:20:44 [INFO] exp_shallowmodel: f1_score:   0.577
01/29/2018 20:20:44 [INFO] exp_shallowmodel: classification report:
01/29/2018 20:20:44 [INFO] exp_shallowmodel:              precision    recall  f1-score   support

          A       0.00      0.00      0.00        14
          C       0.71      0.79      0.75       164
          F       0.84      0.93      0.88       268
          R       0.79      0.59      0.68       125

avg / total       0.77      0.79      0.78       571

01/29/2018 20:20:44 [INFO] exp_shallowmodel: confusion matrix:
01/29/2018 20:20:44 [INFO] exp_shallowmodel: 
[[  0   2  12   0]
 [  0 129  23  12]
 [  0  11 249   8]
 [  0  39  12  74]]
01/29/2018 20:20:44 [INFO] exp_shallowmodel: ******************** dstc2 - Round 29 
01/29/2018 20:20:44 [INFO] exp_shallowmodel: #(data) = 4568
01/29/2018 20:20:44 [INFO] exp_shallowmodel: #(feature) = 9
01/29/2018 20:20:44 [INFO] exp_shallowmodel: ================================================================================
01/29/2018 20:20:44 [INFO] exp_shallowmodel: LR.pen=l1.C=1.000000
01/29/2018 20:20:44 [INFO] exp_shallowmodel: ________________________________________________________________________________
01/29/2018 20:20:44 [INFO] exp_shallowmodel: Training: 
01/29/2018 20:20:44 [INFO] exp_shallowmodel: LogisticRegression(C=1, class_weight=None, dual=False, fit_intercept=True,
          intercept_scaling=1, max_iter=100, multi_class='ovr', n_jobs=1,
          penalty='l1', random_state=None, solver='liblinear', tol=0.0001,
          verbose=0, warm_start=False)
01/29/2018 20:20:44 [INFO] exp_shallowmodel: train time: 0.035s
01/29/2018 20:20:44 [INFO] exp_shallowmodel: test time:  0.000s
01/29/2018 20:20:44 [INFO] exp_shallowmodel: accuracy:   0.802
01/29/2018 20:20:44 [INFO] exp_shallowmodel: f1_score:   0.598
01/29/2018 20:20:44 [INFO] exp_shallowmodel: classification report:
01/29/2018 20:20:44 [INFO] exp_shallowmodel:              precision    recall  f1-score   support

          A       0.00      0.00      0.00        16
          C       0.75      0.80      0.78       169
          F       0.80      0.92      0.86       271
          R       0.89      0.66      0.76       130

avg / total       0.79      0.80      0.79       586

01/29/2018 20:20:44 [INFO] exp_shallowmodel: confusion matrix:
01/29/2018 20:20:44 [INFO] exp_shallowmodel: 
[[  0   4  12   0]
 [  0 135  28   6]
 [  0  17 249   5]
 [  0  23  21  86]]
01/29/2018 20:20:44 [INFO] exp_shallowmodel: ******************** dstc2 - Round 30 
01/29/2018 20:20:44 [INFO] exp_shallowmodel: #(data) = 4583
01/29/2018 20:20:44 [INFO] exp_shallowmodel: #(feature) = 9
01/29/2018 20:20:44 [INFO] exp_shallowmodel: ================================================================================
01/29/2018 20:20:44 [INFO] exp_shallowmodel: LR.pen=l1.C=1.000000
01/29/2018 20:20:44 [INFO] exp_shallowmodel: ________________________________________________________________________________
01/29/2018 20:20:44 [INFO] exp_shallowmodel: Training: 
01/29/2018 20:20:44 [INFO] exp_shallowmodel: LogisticRegression(C=1, class_weight=None, dual=False, fit_intercept=True,
          intercept_scaling=1, max_iter=100, multi_class='ovr', n_jobs=1,
          penalty='l1', random_state=None, solver='liblinear', tol=0.0001,
          verbose=0, warm_start=False)
01/29/2018 20:20:44 [INFO] exp_shallowmodel: train time: 0.036s
01/29/2018 20:20:44 [INFO] exp_shallowmodel: test time:  0.000s
01/29/2018 20:20:44 [INFO] exp_shallowmodel: accuracy:   0.792
01/29/2018 20:20:44 [INFO] exp_shallowmodel: f1_score:   0.573
01/29/2018 20:20:44 [INFO] exp_shallowmodel: classification report:
01/29/2018 20:20:44 [INFO] exp_shallowmodel:              precision    recall  f1-score   support

          A       0.00      0.00      0.00        14
          C       0.70      0.84      0.76       164
          F       0.87      0.91      0.89       268
          R       0.76      0.55      0.64       125

avg / total       0.77      0.79      0.78       571

01/29/2018 20:20:44 [INFO] exp_shallowmodel: confusion matrix:
01/29/2018 20:20:44 [INFO] exp_shallowmodel: 
[[  0   2  11   1]
 [  0 138  15  11]
 [  0  13 245  10]
 [  0  44  12  69]]
01/29/2018 20:20:44 [INFO] exp_shallowmodel: ******************** dstc2 - Round 31 
01/29/2018 20:20:44 [INFO] exp_shallowmodel: #(data) = 4583
01/29/2018 20:20:44 [INFO] exp_shallowmodel: #(feature) = 9
01/29/2018 20:20:44 [INFO] exp_shallowmodel: ================================================================================
01/29/2018 20:20:44 [INFO] exp_shallowmodel: LR.pen=l1.C=1.000000
01/29/2018 20:20:44 [INFO] exp_shallowmodel: ________________________________________________________________________________
01/29/2018 20:20:44 [INFO] exp_shallowmodel: Training: 
01/29/2018 20:20:44 [INFO] exp_shallowmodel: LogisticRegression(C=1, class_weight=None, dual=False, fit_intercept=True,
          intercept_scaling=1, max_iter=100, multi_class='ovr', n_jobs=1,
          penalty='l1', random_state=None, solver='liblinear', tol=0.0001,
          verbose=0, warm_start=False)
01/29/2018 20:20:44 [INFO] exp_shallowmodel: train time: 0.038s
01/29/2018 20:20:44 [INFO] exp_shallowmodel: test time:  0.000s
01/29/2018 20:20:44 [INFO] exp_shallowmodel: accuracy:   0.813
01/29/2018 20:20:44 [INFO] exp_shallowmodel: f1_score:   0.601
01/29/2018 20:20:44 [INFO] exp_shallowmodel: classification report:
01/29/2018 20:20:44 [INFO] exp_shallowmodel:              precision    recall  f1-score   support

          A       0.00      0.00      0.00        14
          C       0.75      0.83      0.79       164
          F       0.84      0.92      0.88       268
          R       0.85      0.66      0.74       125

avg / total       0.80      0.81      0.80       571

01/29/2018 20:20:44 [INFO] exp_shallowmodel: confusion matrix:
01/29/2018 20:20:44 [INFO] exp_shallowmodel: 
[[  0   1  13   0]
 [  0 136  20   8]
 [  0  16 246   6]
 [  0  29  14  82]]
01/29/2018 20:20:44 [INFO] exp_shallowmodel: ******************** dstc2 - Round 32 
01/29/2018 20:20:44 [INFO] exp_shallowmodel: #(data) = 4583
01/29/2018 20:20:44 [INFO] exp_shallowmodel: #(feature) = 9
01/29/2018 20:20:44 [INFO] exp_shallowmodel: ================================================================================
01/29/2018 20:20:44 [INFO] exp_shallowmodel: LR.pen=l1.C=1.000000
01/29/2018 20:20:44 [INFO] exp_shallowmodel: ________________________________________________________________________________
01/29/2018 20:20:44 [INFO] exp_shallowmodel: Training: 
01/29/2018 20:20:44 [INFO] exp_shallowmodel: LogisticRegression(C=1, class_weight=None, dual=False, fit_intercept=True,
          intercept_scaling=1, max_iter=100, multi_class='ovr', n_jobs=1,
          penalty='l1', random_state=None, solver='liblinear', tol=0.0001,
          verbose=0, warm_start=False)
01/29/2018 20:20:44 [INFO] exp_shallowmodel: train time: 0.036s
01/29/2018 20:20:44 [INFO] exp_shallowmodel: test time:  0.000s
01/29/2018 20:20:44 [INFO] exp_shallowmodel: accuracy:   0.786
01/29/2018 20:20:44 [INFO] exp_shallowmodel: f1_score:   0.574
01/29/2018 20:20:44 [INFO] exp_shallowmodel: classification report:
01/29/2018 20:20:44 [INFO] exp_shallowmodel:              precision    recall  f1-score   support

          A       0.00      0.00      0.00        14
          C       0.68      0.80      0.74       164
          F       0.86      0.91      0.88       268
          R       0.79      0.59      0.68       125

avg / total       0.77      0.79      0.77       571

01/29/2018 20:20:44 [INFO] exp_shallowmodel: confusion matrix:
01/29/2018 20:20:44 [INFO] exp_shallowmodel: 
[[  0   6   8   0]
 [  0 131  19  14]
 [  0  18 244   6]
 [  0  37  14  74]]
01/29/2018 20:20:44 [INFO] exp_shallowmodel: ******************** dstc2 - Round 33 
01/29/2018 20:20:44 [INFO] exp_shallowmodel: #(data) = 4583
01/29/2018 20:20:44 [INFO] exp_shallowmodel: #(feature) = 9
01/29/2018 20:20:44 [INFO] exp_shallowmodel: ================================================================================
01/29/2018 20:20:44 [INFO] exp_shallowmodel: LR.pen=l1.C=1.000000
01/29/2018 20:20:44 [INFO] exp_shallowmodel: ________________________________________________________________________________
01/29/2018 20:20:44 [INFO] exp_shallowmodel: Training: 
01/29/2018 20:20:44 [INFO] exp_shallowmodel: LogisticRegression(C=1, class_weight=None, dual=False, fit_intercept=True,
          intercept_scaling=1, max_iter=100, multi_class='ovr', n_jobs=1,
          penalty='l1', random_state=None, solver='liblinear', tol=0.0001,
          verbose=0, warm_start=False)
01/29/2018 20:20:44 [INFO] exp_shallowmodel: train time: 0.032s
01/29/2018 20:20:44 [INFO] exp_shallowmodel: test time:  0.000s
01/29/2018 20:20:44 [INFO] exp_shallowmodel: accuracy:   0.809
01/29/2018 20:20:44 [INFO] exp_shallowmodel: f1_score:   0.589
01/29/2018 20:20:44 [INFO] exp_shallowmodel: classification report:
01/29/2018 20:20:44 [INFO] exp_shallowmodel:              precision    recall  f1-score   support

          A       0.00      0.00      0.00        14
          C       0.73      0.82      0.77       164
          F       0.87      0.94      0.90       268
          R       0.78      0.60      0.68       125

avg / total       0.79      0.81      0.79       571

01/29/2018 20:20:44 [INFO] exp_shallowmodel: confusion matrix:
01/29/2018 20:20:44 [INFO] exp_shallowmodel: 
[[  0   9   5   0]
 [  0 135  15  14]
 [  0   9 252   7]
 [  0  33  17  75]]
01/29/2018 20:20:44 [INFO] exp_shallowmodel: ******************** dstc2 - Round 34 
01/29/2018 20:20:44 [INFO] exp_shallowmodel: #(data) = 4583
01/29/2018 20:20:44 [INFO] exp_shallowmodel: #(feature) = 9
01/29/2018 20:20:44 [INFO] exp_shallowmodel: ================================================================================
01/29/2018 20:20:44 [INFO] exp_shallowmodel: LR.pen=l1.C=1.000000
01/29/2018 20:20:44 [INFO] exp_shallowmodel: ________________________________________________________________________________
01/29/2018 20:20:44 [INFO] exp_shallowmodel: Training: 
01/29/2018 20:20:44 [INFO] exp_shallowmodel: LogisticRegression(C=1, class_weight=None, dual=False, fit_intercept=True,
          intercept_scaling=1, max_iter=100, multi_class='ovr', n_jobs=1,
          penalty='l1', random_state=None, solver='liblinear', tol=0.0001,
          verbose=0, warm_start=False)
01/29/2018 20:20:44 [INFO] exp_shallowmodel: train time: 0.033s
01/29/2018 20:20:44 [INFO] exp_shallowmodel: test time:  0.000s
01/29/2018 20:20:44 [INFO] exp_shallowmodel: accuracy:   0.821
01/29/2018 20:20:44 [INFO] exp_shallowmodel: f1_score:   0.602
01/29/2018 20:20:44 [INFO] exp_shallowmodel: classification report:
01/29/2018 20:20:44 [INFO] exp_shallowmodel:              precision    recall  f1-score   support

          A       0.00      0.00      0.00        14
          C       0.75      0.83      0.79       164
          F       0.86      0.95      0.90       268
          R       0.85      0.62      0.72       125

avg / total       0.80      0.82      0.81       571

01/29/2018 20:20:44 [INFO] exp_shallowmodel: confusion matrix:
01/29/2018 20:20:44 [INFO] exp_shallowmodel: 
[[  0   2  11   1]
 [  0 136  20   8]
 [  0   8 255   5]
 [  0  36  11  78]]
01/29/2018 20:20:44 [INFO] exp_shallowmodel: ******************** dstc2 - Round 35 
01/29/2018 20:20:44 [INFO] exp_shallowmodel: #(data) = 4583
01/29/2018 20:20:44 [INFO] exp_shallowmodel: #(feature) = 9
01/29/2018 20:20:44 [INFO] exp_shallowmodel: ================================================================================
01/29/2018 20:20:44 [INFO] exp_shallowmodel: LR.pen=l1.C=1.000000
01/29/2018 20:20:44 [INFO] exp_shallowmodel: ________________________________________________________________________________
01/29/2018 20:20:44 [INFO] exp_shallowmodel: Training: 
01/29/2018 20:20:44 [INFO] exp_shallowmodel: LogisticRegression(C=1, class_weight=None, dual=False, fit_intercept=True,
          intercept_scaling=1, max_iter=100, multi_class='ovr', n_jobs=1,
          penalty='l1', random_state=None, solver='liblinear', tol=0.0001,
          verbose=0, warm_start=False)
01/29/2018 20:20:45 [INFO] exp_shallowmodel: train time: 0.032s
01/29/2018 20:20:45 [INFO] exp_shallowmodel: test time:  0.000s
01/29/2018 20:20:45 [INFO] exp_shallowmodel: accuracy:   0.802
01/29/2018 20:20:45 [INFO] exp_shallowmodel: f1_score:   0.589
01/29/2018 20:20:45 [INFO] exp_shallowmodel: classification report:
01/29/2018 20:20:45 [INFO] exp_shallowmodel:              precision    recall  f1-score   support

          A       0.00      0.00      0.00        14
          C       0.73      0.83      0.77       164
          F       0.84      0.92      0.88       268
          R       0.84      0.61      0.70       125

avg / total       0.79      0.80      0.79       571

01/29/2018 20:20:45 [INFO] exp_shallowmodel: confusion matrix:
01/29/2018 20:20:45 [INFO] exp_shallowmodel: 
[[  0   4  10   0]
 [  0 136  21   7]
 [  0  14 246   8]
 [  0  33  16  76]]
01/29/2018 20:20:45 [INFO] exp_shallowmodel: ******************** dstc2 - Round 36 
01/29/2018 20:20:45 [INFO] exp_shallowmodel: #(data) = 4583
01/29/2018 20:20:45 [INFO] exp_shallowmodel: #(feature) = 9
01/29/2018 20:20:45 [INFO] exp_shallowmodel: ================================================================================
01/29/2018 20:20:45 [INFO] exp_shallowmodel: LR.pen=l1.C=1.000000
01/29/2018 20:20:45 [INFO] exp_shallowmodel: ________________________________________________________________________________
01/29/2018 20:20:45 [INFO] exp_shallowmodel: Training: 
01/29/2018 20:20:45 [INFO] exp_shallowmodel: LogisticRegression(C=1, class_weight=None, dual=False, fit_intercept=True,
          intercept_scaling=1, max_iter=100, multi_class='ovr', n_jobs=1,
          penalty='l1', random_state=None, solver='liblinear', tol=0.0001,
          verbose=0, warm_start=False)
01/29/2018 20:20:45 [INFO] exp_shallowmodel: train time: 0.037s
01/29/2018 20:20:45 [INFO] exp_shallowmodel: test time:  0.000s
01/29/2018 20:20:45 [INFO] exp_shallowmodel: accuracy:   0.811
01/29/2018 20:20:45 [INFO] exp_shallowmodel: f1_score:   0.599
01/29/2018 20:20:45 [INFO] exp_shallowmodel: classification report:
01/29/2018 20:20:45 [INFO] exp_shallowmodel:              precision    recall  f1-score   support

          A       0.00      0.00      0.00        14
          C       0.70      0.84      0.76       164
          F       0.86      0.91      0.89       268
          R       0.88      0.65      0.75       125

avg / total       0.80      0.81      0.80       571

01/29/2018 20:20:45 [INFO] exp_shallowmodel: confusion matrix:
01/29/2018 20:20:45 [INFO] exp_shallowmodel: 
[[  0   7   7   0]
 [  0 137  22   5]
 [  0  17 245   6]
 [  0  34  10  81]]
01/29/2018 20:20:45 [INFO] exp_shallowmodel: ******************** dstc2 - Round 37 
01/29/2018 20:20:45 [INFO] exp_shallowmodel: #(data) = 4583
01/29/2018 20:20:45 [INFO] exp_shallowmodel: #(feature) = 9
01/29/2018 20:20:45 [INFO] exp_shallowmodel: ================================================================================
01/29/2018 20:20:45 [INFO] exp_shallowmodel: LR.pen=l1.C=1.000000
01/29/2018 20:20:45 [INFO] exp_shallowmodel: ________________________________________________________________________________
01/29/2018 20:20:45 [INFO] exp_shallowmodel: Training: 
01/29/2018 20:20:45 [INFO] exp_shallowmodel: LogisticRegression(C=1, class_weight=None, dual=False, fit_intercept=True,
          intercept_scaling=1, max_iter=100, multi_class='ovr', n_jobs=1,
          penalty='l1', random_state=None, solver='liblinear', tol=0.0001,
          verbose=0, warm_start=False)
01/29/2018 20:20:45 [INFO] exp_shallowmodel: train time: 0.039s
01/29/2018 20:20:45 [INFO] exp_shallowmodel: test time:  0.000s
01/29/2018 20:20:45 [INFO] exp_shallowmodel: accuracy:   0.799
01/29/2018 20:20:45 [INFO] exp_shallowmodel: f1_score:   0.581
01/29/2018 20:20:45 [INFO] exp_shallowmodel: classification report:
01/29/2018 20:20:45 [INFO] exp_shallowmodel:              precision    recall  f1-score   support

          A       0.00      0.00      0.00        14
          C       0.72      0.83      0.77       164
          F       0.85      0.93      0.89       268
          R       0.80      0.57      0.66       125

avg / total       0.78      0.80      0.78       571

01/29/2018 20:20:45 [INFO] exp_shallowmodel: confusion matrix:
01/29/2018 20:20:45 [INFO] exp_shallowmodel: 
[[  0   3  11   0]
 [  0 136  16  12]
 [  0  13 249   6]
 [  0  36  18  71]]
01/29/2018 20:20:45 [INFO] exp_shallowmodel: ******************** dstc2 - Round 38 
01/29/2018 20:20:45 [INFO] exp_shallowmodel: #(data) = 4583
01/29/2018 20:20:45 [INFO] exp_shallowmodel: #(feature) = 9
01/29/2018 20:20:45 [INFO] exp_shallowmodel: ================================================================================
01/29/2018 20:20:45 [INFO] exp_shallowmodel: LR.pen=l1.C=1.000000
01/29/2018 20:20:45 [INFO] exp_shallowmodel: ________________________________________________________________________________
01/29/2018 20:20:45 [INFO] exp_shallowmodel: Training: 
01/29/2018 20:20:45 [INFO] exp_shallowmodel: LogisticRegression(C=1, class_weight=None, dual=False, fit_intercept=True,
          intercept_scaling=1, max_iter=100, multi_class='ovr', n_jobs=1,
          penalty='l1', random_state=None, solver='liblinear', tol=0.0001,
          verbose=0, warm_start=False)
01/29/2018 20:20:45 [INFO] exp_shallowmodel: train time: 0.036s
01/29/2018 20:20:45 [INFO] exp_shallowmodel: test time:  0.000s
01/29/2018 20:20:45 [INFO] exp_shallowmodel: accuracy:   0.797
01/29/2018 20:20:45 [INFO] exp_shallowmodel: f1_score:   0.583
01/29/2018 20:20:45 [INFO] exp_shallowmodel: classification report:
01/29/2018 20:20:45 [INFO] exp_shallowmodel:              precision    recall  f1-score   support

          A       0.00      0.00      0.00        14
          C       0.72      0.77      0.74       164
          F       0.83      0.94      0.88       268
          R       0.83      0.62      0.71       125

avg / total       0.78      0.80      0.78       571

01/29/2018 20:20:45 [INFO] exp_shallowmodel: confusion matrix:
01/29/2018 20:20:45 [INFO] exp_shallowmodel: 
[[  0   2  12   0]
 [  0 127  24  13]
 [  0  14 251   3]
 [  0  34  14  77]]
01/29/2018 20:20:45 [INFO] exp_shallowmodel: ******************** dstc2 - Round 39 
01/29/2018 20:20:45 [INFO] exp_shallowmodel: #(data) = 4568
01/29/2018 20:20:45 [INFO] exp_shallowmodel: #(feature) = 9
01/29/2018 20:20:45 [INFO] exp_shallowmodel: ================================================================================
01/29/2018 20:20:45 [INFO] exp_shallowmodel: LR.pen=l1.C=1.000000
01/29/2018 20:20:45 [INFO] exp_shallowmodel: ________________________________________________________________________________
01/29/2018 20:20:45 [INFO] exp_shallowmodel: Training: 
01/29/2018 20:20:45 [INFO] exp_shallowmodel: LogisticRegression(C=1, class_weight=None, dual=False, fit_intercept=True,
          intercept_scaling=1, max_iter=100, multi_class='ovr', n_jobs=1,
          penalty='l1', random_state=None, solver='liblinear', tol=0.0001,
          verbose=0, warm_start=False)
01/29/2018 20:20:45 [INFO] exp_shallowmodel: train time: 0.035s
01/29/2018 20:20:45 [INFO] exp_shallowmodel: test time:  0.000s
01/29/2018 20:20:45 [INFO] exp_shallowmodel: accuracy:   0.800
01/29/2018 20:20:45 [INFO] exp_shallowmodel: f1_score:   0.591
01/29/2018 20:20:45 [INFO] exp_shallowmodel: classification report:
01/29/2018 20:20:45 [INFO] exp_shallowmodel:              precision    recall  f1-score   support

          A       0.00      0.00      0.00        16
          C       0.72      0.83      0.77       169
          F       0.83      0.92      0.87       271
          R       0.87      0.62      0.72       130

avg / total       0.78      0.80      0.79       586

01/29/2018 20:20:45 [INFO] exp_shallowmodel: confusion matrix:
01/29/2018 20:20:45 [INFO] exp_shallowmodel: 
[[  0   4  11   1]
 [  0 140  19  10]
 [  0  21 249   1]
 [  0  29  21  80]]
01/29/2018 20:20:45 [INFO] exp_shallowmodel: ******************** dstc2 - Round 40 
01/29/2018 20:20:45 [INFO] exp_shallowmodel: #(data) = 4583
01/29/2018 20:20:45 [INFO] exp_shallowmodel: #(feature) = 9
01/29/2018 20:20:45 [INFO] exp_shallowmodel: ================================================================================
01/29/2018 20:20:45 [INFO] exp_shallowmodel: LR.pen=l1.C=1.000000
01/29/2018 20:20:45 [INFO] exp_shallowmodel: ________________________________________________________________________________
01/29/2018 20:20:45 [INFO] exp_shallowmodel: Training: 
01/29/2018 20:20:45 [INFO] exp_shallowmodel: LogisticRegression(C=1, class_weight=None, dual=False, fit_intercept=True,
          intercept_scaling=1, max_iter=100, multi_class='ovr', n_jobs=1,
          penalty='l1', random_state=None, solver='liblinear', tol=0.0001,
          verbose=0, warm_start=False)
01/29/2018 20:20:45 [INFO] exp_shallowmodel: train time: 0.040s
01/29/2018 20:20:45 [INFO] exp_shallowmodel: test time:  0.000s
01/29/2018 20:20:45 [INFO] exp_shallowmodel: accuracy:   0.820
01/29/2018 20:20:45 [INFO] exp_shallowmodel: f1_score:   0.605
01/29/2018 20:20:45 [INFO] exp_shallowmodel: classification report:
01/29/2018 20:20:45 [INFO] exp_shallowmodel:              precision    recall  f1-score   support

          A       0.00      0.00      0.00        14
          C       0.76      0.80      0.78       164
          F       0.84      0.95      0.89       268
          R       0.86      0.66      0.75       125

avg / total       0.80      0.82      0.81       571

01/29/2018 20:20:45 [INFO] exp_shallowmodel: confusion matrix:
01/29/2018 20:20:45 [INFO] exp_shallowmodel: 
[[  0   6   8   0]
 [  0 131  23  10]
 [  0  11 254   3]
 [  0  25  17  83]]
01/29/2018 20:20:45 [INFO] exp_shallowmodel: ******************** dstc2 - Round 41 
01/29/2018 20:20:45 [INFO] exp_shallowmodel: #(data) = 4583
01/29/2018 20:20:45 [INFO] exp_shallowmodel: #(feature) = 9
01/29/2018 20:20:45 [INFO] exp_shallowmodel: ================================================================================
01/29/2018 20:20:45 [INFO] exp_shallowmodel: LR.pen=l1.C=1.000000
01/29/2018 20:20:45 [INFO] exp_shallowmodel: ________________________________________________________________________________
01/29/2018 20:20:45 [INFO] exp_shallowmodel: Training: 
01/29/2018 20:20:45 [INFO] exp_shallowmodel: LogisticRegression(C=1, class_weight=None, dual=False, fit_intercept=True,
          intercept_scaling=1, max_iter=100, multi_class='ovr', n_jobs=1,
          penalty='l1', random_state=None, solver='liblinear', tol=0.0001,
          verbose=0, warm_start=False)
01/29/2018 20:20:45 [INFO] exp_shallowmodel: train time: 0.034s
01/29/2018 20:20:45 [INFO] exp_shallowmodel: test time:  0.000s
01/29/2018 20:20:45 [INFO] exp_shallowmodel: accuracy:   0.793
01/29/2018 20:20:45 [INFO] exp_shallowmodel: f1_score:   0.579
01/29/2018 20:20:45 [INFO] exp_shallowmodel: classification report:
01/29/2018 20:20:45 [INFO] exp_shallowmodel:              precision    recall  f1-score   support

          A       0.00      0.00      0.00        14
          C       0.70      0.77      0.73       164
          F       0.84      0.94      0.89       268
          R       0.82      0.61      0.70       125

avg / total       0.78      0.79      0.78       571

01/29/2018 20:20:45 [INFO] exp_shallowmodel: confusion matrix:
01/29/2018 20:20:45 [INFO] exp_shallowmodel: 
[[  0   5   9   0]
 [  0 126  25  13]
 [  0  13 251   4]
 [  0  36  13  76]]
01/29/2018 20:20:45 [INFO] exp_shallowmodel: ******************** dstc2 - Round 42 
01/29/2018 20:20:45 [INFO] exp_shallowmodel: #(data) = 4583
01/29/2018 20:20:45 [INFO] exp_shallowmodel: #(feature) = 9
01/29/2018 20:20:45 [INFO] exp_shallowmodel: ================================================================================
01/29/2018 20:20:45 [INFO] exp_shallowmodel: LR.pen=l1.C=1.000000
01/29/2018 20:20:45 [INFO] exp_shallowmodel: ________________________________________________________________________________
01/29/2018 20:20:45 [INFO] exp_shallowmodel: Training: 
01/29/2018 20:20:45 [INFO] exp_shallowmodel: LogisticRegression(C=1, class_weight=None, dual=False, fit_intercept=True,
          intercept_scaling=1, max_iter=100, multi_class='ovr', n_jobs=1,
          penalty='l1', random_state=None, solver='liblinear', tol=0.0001,
          verbose=0, warm_start=False)
01/29/2018 20:20:45 [INFO] exp_shallowmodel: train time: 0.034s
01/29/2018 20:20:45 [INFO] exp_shallowmodel: test time:  0.000s
01/29/2018 20:20:45 [INFO] exp_shallowmodel: accuracy:   0.786
01/29/2018 20:20:45 [INFO] exp_shallowmodel: f1_score:   0.575
01/29/2018 20:20:45 [INFO] exp_shallowmodel: classification report:
01/29/2018 20:20:45 [INFO] exp_shallowmodel:              precision    recall  f1-score   support

          A       0.00      0.00      0.00        14
          C       0.71      0.78      0.74       164
          F       0.84      0.91      0.87       268
          R       0.78      0.61      0.68       125

avg / total       0.77      0.79      0.77       571

01/29/2018 20:20:45 [INFO] exp_shallowmodel: confusion matrix:
01/29/2018 20:20:45 [INFO] exp_shallowmodel: 
[[  0   2  11   1]
 [  0 128  22  14]
 [  0  17 245   6]
 [  0  34  15  76]]
01/29/2018 20:20:45 [INFO] exp_shallowmodel: ******************** dstc2 - Round 43 
01/29/2018 20:20:45 [INFO] exp_shallowmodel: #(data) = 4583
01/29/2018 20:20:45 [INFO] exp_shallowmodel: #(feature) = 9
01/29/2018 20:20:45 [INFO] exp_shallowmodel: ================================================================================
01/29/2018 20:20:45 [INFO] exp_shallowmodel: LR.pen=l1.C=1.000000
01/29/2018 20:20:45 [INFO] exp_shallowmodel: ________________________________________________________________________________
01/29/2018 20:20:45 [INFO] exp_shallowmodel: Training: 
01/29/2018 20:20:45 [INFO] exp_shallowmodel: LogisticRegression(C=1, class_weight=None, dual=False, fit_intercept=True,
          intercept_scaling=1, max_iter=100, multi_class='ovr', n_jobs=1,
          penalty='l1', random_state=None, solver='liblinear', tol=0.0001,
          verbose=0, warm_start=False)
01/29/2018 20:20:45 [INFO] exp_shallowmodel: train time: 0.035s
01/29/2018 20:20:45 [INFO] exp_shallowmodel: test time:  0.000s
01/29/2018 20:20:45 [INFO] exp_shallowmodel: accuracy:   0.823
01/29/2018 20:20:45 [INFO] exp_shallowmodel: f1_score:   0.609
01/29/2018 20:20:45 [INFO] exp_shallowmodel: classification report:
01/29/2018 20:20:45 [INFO] exp_shallowmodel:              precision    recall  f1-score   support

          A       0.00      0.00      0.00        14
          C       0.73      0.86      0.79       164
          F       0.88      0.91      0.90       268
          R       0.84      0.67      0.75       125

avg / total       0.81      0.82      0.81       571

01/29/2018 20:20:45 [INFO] exp_shallowmodel: confusion matrix:
01/29/2018 20:20:45 [INFO] exp_shallowmodel: 
[[  0   4  10   0]
 [  0 141  13  10]
 [  0  17 245   6]
 [  0  30  11  84]]
01/29/2018 20:20:45 [INFO] exp_shallowmodel: ******************** dstc2 - Round 44 
01/29/2018 20:20:45 [INFO] exp_shallowmodel: #(data) = 4583
01/29/2018 20:20:45 [INFO] exp_shallowmodel: #(feature) = 9
01/29/2018 20:20:45 [INFO] exp_shallowmodel: ================================================================================
01/29/2018 20:20:45 [INFO] exp_shallowmodel: LR.pen=l1.C=1.000000
01/29/2018 20:20:45 [INFO] exp_shallowmodel: ________________________________________________________________________________
01/29/2018 20:20:45 [INFO] exp_shallowmodel: Training: 
01/29/2018 20:20:45 [INFO] exp_shallowmodel: LogisticRegression(C=1, class_weight=None, dual=False, fit_intercept=True,
          intercept_scaling=1, max_iter=100, multi_class='ovr', n_jobs=1,
          penalty='l1', random_state=None, solver='liblinear', tol=0.0001,
          verbose=0, warm_start=False)
01/29/2018 20:20:45 [INFO] exp_shallowmodel: train time: 0.036s
01/29/2018 20:20:45 [INFO] exp_shallowmodel: test time:  0.000s
01/29/2018 20:20:45 [INFO] exp_shallowmodel: accuracy:   0.806
01/29/2018 20:20:45 [INFO] exp_shallowmodel: f1_score:   0.582
01/29/2018 20:20:45 [INFO] exp_shallowmodel: classification report:
01/29/2018 20:20:45 [INFO] exp_shallowmodel:              precision    recall  f1-score   support

          A       0.00      0.00      0.00        14
          C       0.72      0.84      0.77       164
          F       0.87      0.94      0.91       268
          R       0.78      0.55      0.65       125

avg / total       0.79      0.81      0.79       571

01/29/2018 20:20:45 [INFO] exp_shallowmodel: confusion matrix:
01/29/2018 20:20:45 [INFO] exp_shallowmodel: 
[[  0   4   8   2]
 [  0 138  14  12]
 [  0  10 253   5]
 [  0  41  15  69]]
01/29/2018 20:20:45 [INFO] exp_shallowmodel: ******************** dstc2 - Round 45 
01/29/2018 20:20:45 [INFO] exp_shallowmodel: #(data) = 4583
01/29/2018 20:20:45 [INFO] exp_shallowmodel: #(feature) = 9
01/29/2018 20:20:45 [INFO] exp_shallowmodel: ================================================================================
01/29/2018 20:20:45 [INFO] exp_shallowmodel: LR.pen=l1.C=1.000000
01/29/2018 20:20:45 [INFO] exp_shallowmodel: ________________________________________________________________________________
01/29/2018 20:20:45 [INFO] exp_shallowmodel: Training: 
01/29/2018 20:20:45 [INFO] exp_shallowmodel: LogisticRegression(C=1, class_weight=None, dual=False, fit_intercept=True,
          intercept_scaling=1, max_iter=100, multi_class='ovr', n_jobs=1,
          penalty='l1', random_state=None, solver='liblinear', tol=0.0001,
          verbose=0, warm_start=False)
01/29/2018 20:20:45 [INFO] exp_shallowmodel: train time: 0.033s
01/29/2018 20:20:45 [INFO] exp_shallowmodel: test time:  0.000s
01/29/2018 20:20:45 [INFO] exp_shallowmodel: accuracy:   0.799
01/29/2018 20:20:45 [INFO] exp_shallowmodel: f1_score:   0.583
01/29/2018 20:20:45 [INFO] exp_shallowmodel: classification report:
01/29/2018 20:20:45 [INFO] exp_shallowmodel:              precision    recall  f1-score   support

          A       0.00      0.00      0.00        14
          C       0.72      0.82      0.76       164
          F       0.85      0.93      0.88       268
          R       0.81      0.59      0.69       125

avg / total       0.78      0.80      0.78       571

01/29/2018 20:20:45 [INFO] exp_shallowmodel: confusion matrix:
01/29/2018 20:20:45 [INFO] exp_shallowmodel: 
[[  0   6   8   0]
 [  0 134  19  11]
 [  0  14 248   6]
 [  0  33  18  74]]
01/29/2018 20:20:45 [INFO] exp_shallowmodel: ******************** dstc2 - Round 46 
01/29/2018 20:20:45 [INFO] exp_shallowmodel: #(data) = 4583
01/29/2018 20:20:45 [INFO] exp_shallowmodel: #(feature) = 9
01/29/2018 20:20:45 [INFO] exp_shallowmodel: ================================================================================
01/29/2018 20:20:45 [INFO] exp_shallowmodel: LR.pen=l1.C=1.000000
01/29/2018 20:20:45 [INFO] exp_shallowmodel: ________________________________________________________________________________
01/29/2018 20:20:45 [INFO] exp_shallowmodel: Training: 
01/29/2018 20:20:45 [INFO] exp_shallowmodel: LogisticRegression(C=1, class_weight=None, dual=False, fit_intercept=True,
          intercept_scaling=1, max_iter=100, multi_class='ovr', n_jobs=1,
          penalty='l1', random_state=None, solver='liblinear', tol=0.0001,
          verbose=0, warm_start=False)
01/29/2018 20:20:45 [INFO] exp_shallowmodel: train time: 0.034s
01/29/2018 20:20:45 [INFO] exp_shallowmodel: test time:  0.000s
01/29/2018 20:20:45 [INFO] exp_shallowmodel: accuracy:   0.795
01/29/2018 20:20:45 [INFO] exp_shallowmodel: f1_score:   0.581
01/29/2018 20:20:45 [INFO] exp_shallowmodel: classification report:
01/29/2018 20:20:45 [INFO] exp_shallowmodel:              precision    recall  f1-score   support

          A       0.00      0.00      0.00        14
          C       0.69      0.82      0.75       164
          F       0.85      0.92      0.88       268
          R       0.87      0.58      0.69       125

avg / total       0.79      0.80      0.78       571

01/29/2018 20:20:45 [INFO] exp_shallowmodel: confusion matrix:
01/29/2018 20:20:45 [INFO] exp_shallowmodel: 
[[  0   2  12   0]
 [  0 135  24   5]
 [  0  15 247   6]
 [  0  45   8  72]]
01/29/2018 20:20:45 [INFO] exp_shallowmodel: ******************** dstc2 - Round 47 
01/29/2018 20:20:45 [INFO] exp_shallowmodel: #(data) = 4583
01/29/2018 20:20:45 [INFO] exp_shallowmodel: #(feature) = 9
01/29/2018 20:20:45 [INFO] exp_shallowmodel: ================================================================================
01/29/2018 20:20:45 [INFO] exp_shallowmodel: LR.pen=l1.C=1.000000
01/29/2018 20:20:45 [INFO] exp_shallowmodel: ________________________________________________________________________________
01/29/2018 20:20:45 [INFO] exp_shallowmodel: Training: 
01/29/2018 20:20:45 [INFO] exp_shallowmodel: LogisticRegression(C=1, class_weight=None, dual=False, fit_intercept=True,
          intercept_scaling=1, max_iter=100, multi_class='ovr', n_jobs=1,
          penalty='l1', random_state=None, solver='liblinear', tol=0.0001,
          verbose=0, warm_start=False)
01/29/2018 20:20:45 [INFO] exp_shallowmodel: train time: 0.032s
01/29/2018 20:20:45 [INFO] exp_shallowmodel: test time:  0.000s
01/29/2018 20:20:45 [INFO] exp_shallowmodel: accuracy:   0.802
01/29/2018 20:20:45 [INFO] exp_shallowmodel: f1_score:   0.584
01/29/2018 20:20:45 [INFO] exp_shallowmodel: classification report:
01/29/2018 20:20:45 [INFO] exp_shallowmodel:              precision    recall  f1-score   support

          A       0.00      0.00      0.00        14
          C       0.70      0.85      0.77       164
          F       0.87      0.92      0.89       268
          R       0.82      0.57      0.67       125

avg / total       0.79      0.80      0.79       571

01/29/2018 20:20:45 [INFO] exp_shallowmodel: confusion matrix:
01/29/2018 20:20:45 [INFO] exp_shallowmodel: 
[[  0   5   9   0]
 [  0 140  16   8]
 [  0  13 247   8]
 [  0  41  13  71]]
01/29/2018 20:20:45 [INFO] exp_shallowmodel: ******************** dstc2 - Round 48 
01/29/2018 20:20:45 [INFO] exp_shallowmodel: #(data) = 4583
01/29/2018 20:20:45 [INFO] exp_shallowmodel: #(feature) = 9
01/29/2018 20:20:45 [INFO] exp_shallowmodel: ================================================================================
01/29/2018 20:20:45 [INFO] exp_shallowmodel: LR.pen=l1.C=1.000000
01/29/2018 20:20:45 [INFO] exp_shallowmodel: ________________________________________________________________________________
01/29/2018 20:20:45 [INFO] exp_shallowmodel: Training: 
01/29/2018 20:20:45 [INFO] exp_shallowmodel: LogisticRegression(C=1, class_weight=None, dual=False, fit_intercept=True,
          intercept_scaling=1, max_iter=100, multi_class='ovr', n_jobs=1,
          penalty='l1', random_state=None, solver='liblinear', tol=0.0001,
          verbose=0, warm_start=False)
01/29/2018 20:20:45 [INFO] exp_shallowmodel: train time: 0.037s
01/29/2018 20:20:45 [INFO] exp_shallowmodel: test time:  0.000s
01/29/2018 20:20:45 [INFO] exp_shallowmodel: accuracy:   0.811
01/29/2018 20:20:45 [INFO] exp_shallowmodel: f1_score:   0.596
01/29/2018 20:20:45 [INFO] exp_shallowmodel: classification report:
01/29/2018 20:20:45 [INFO] exp_shallowmodel:              precision    recall  f1-score   support

          A       0.00      0.00      0.00        14
          C       0.75      0.88      0.81       164
          F       0.85      0.90      0.88       268
          R       0.81      0.62      0.70       125

avg / total       0.79      0.81      0.80       571

01/29/2018 20:20:45 [INFO] exp_shallowmodel: confusion matrix:
01/29/2018 20:20:45 [INFO] exp_shallowmodel: 
[[  0   2  12   0]
 [  0 144  11   9]
 [  0  17 242   9]
 [  0  29  19  77]]
01/29/2018 20:20:45 [INFO] exp_shallowmodel: ******************** dstc2 - Round 49 
01/29/2018 20:20:45 [INFO] exp_shallowmodel: #(data) = 4568
01/29/2018 20:20:45 [INFO] exp_shallowmodel: #(feature) = 9
01/29/2018 20:20:45 [INFO] exp_shallowmodel: ================================================================================
01/29/2018 20:20:45 [INFO] exp_shallowmodel: LR.pen=l1.C=1.000000
01/29/2018 20:20:45 [INFO] exp_shallowmodel: ________________________________________________________________________________
01/29/2018 20:20:45 [INFO] exp_shallowmodel: Training: 
01/29/2018 20:20:45 [INFO] exp_shallowmodel: LogisticRegression(C=1, class_weight=None, dual=False, fit_intercept=True,
          intercept_scaling=1, max_iter=100, multi_class='ovr', n_jobs=1,
          penalty='l1', random_state=None, solver='liblinear', tol=0.0001,
          verbose=0, warm_start=False)
01/29/2018 20:20:45 [INFO] exp_shallowmodel: train time: 0.043s
01/29/2018 20:20:45 [INFO] exp_shallowmodel: test time:  0.000s
01/29/2018 20:20:45 [INFO] exp_shallowmodel: accuracy:   0.797
01/29/2018 20:20:45 [INFO] exp_shallowmodel: f1_score:   0.585
01/29/2018 20:20:45 [INFO] exp_shallowmodel: classification report:
01/29/2018 20:20:45 [INFO] exp_shallowmodel:              precision    recall  f1-score   support

          A       0.00      0.00      0.00        16
          C       0.73      0.79      0.76       169
          F       0.83      0.94      0.88       271
          R       0.82      0.61      0.70       130

avg / total       0.78      0.80      0.78       586

01/29/2018 20:20:45 [INFO] exp_shallowmodel: confusion matrix:
01/29/2018 20:20:45 [INFO] exp_shallowmodel: 
[[  0   3  13   0]
 [  0 134  24  11]
 [  0  11 254   6]
 [  0  35  16  79]]
