01/29/2018 20:20:41 [INFO] configuration: experiment_mode  :   continuous_feature_selection
01/29/2018 20:20:41 [INFO] configuration: deep_model  :   False
01/29/2018 20:20:41 [INFO] configuration: selected_context_id  :   0
01/29/2018 20:20:41 [INFO] configuration: selected_feature_set_id  :   8
01/29/2018 20:20:41 [INFO] configuration: similarity_feature  :   True
01/29/2018 20:20:41 [INFO] configuration: k_feature_to_keep  :   -1
01/29/2018 20:20:41 [INFO] configuration: k_component_for_pca  :   10
01/29/2018 20:20:41 [INFO] configuration: seed  :   154316847
01/29/2018 20:20:41 [INFO] configuration: root_path  :   /ihome/pbrusilosky/rum20/y_classify
01/29/2018 20:20:41 [INFO] configuration: task_name  :   utterance_type
01/29/2018 20:20:41 [INFO] configuration: timemark  :   20180129-202041
01/29/2018 20:20:41 [INFO] configuration: context_set  :   next
01/29/2018 20:20:41 [INFO] configuration: utterance_names  :   ['last_user_utterance', 'last_system_utterance', 'current_user_utterance', 'next_system_utterance', 'next_user_utterance']
01/29/2018 20:20:41 [INFO] configuration: utterance_range  :   ['current_user_utterance', 'next_system_utterance', 'next_user_utterance']
01/29/2018 20:20:41 [INFO] configuration: feature_set  :   8-skipthought
01/29/2018 20:20:41 [INFO] configuration: feature_set_number  :   ['11']
01/29/2018 20:20:41 [INFO] configuration: experiment_name  :   20180129-202041.continuous_feature_selection.pca_component=10.feature_number=-1.context=next.feature=8-skipthought.similarity=true
01/29/2018 20:20:41 [INFO] configuration: experiment_path  :   /ihome/pbrusilosky/rum20/y_classify/output/20180129-202041.continuous_feature_selection.pca_component=10.feature_number=-1.context=next.feature=8-skipthought.similarity=true
01/29/2018 20:20:41 [INFO] configuration: log_path  :   /ihome/pbrusilosky/rum20/y_classify/output/20180129-202041.continuous_feature_selection.pca_component=10.feature_number=-1.context=next.feature=8-skipthought.similarity=true/output.log
01/29/2018 20:20:41 [INFO] configuration: valid_type  :   {'R', 'F', 'C', 'A'}
01/29/2018 20:20:41 [INFO] configuration: data_name  :   
01/29/2018 20:20:41 [INFO] configuration: data_names  :   ['dstc2', 'dstc3', 'family', 'ghome']
01/29/2018 20:20:41 [INFO] configuration: raw_feature_path  :   /ihome/pbrusilosky/rum20/y_classify/dataset/feature/%s.raw_feature.pkl
01/29/2018 20:20:41 [INFO] configuration: extracted_feature_path  :   /ihome/pbrusilosky/rum20/y_classify/dataset/feature/%s.extracted_feature.pkl
01/29/2018 20:20:41 [INFO] configuration: pipeline_path  :   /ihome/pbrusilosky/rum20/y_classify/dataset/feature/%s.pipeline.pkl
01/29/2018 20:20:41 [INFO] configuration: metrics  :   ['accuracy', 'precision', 'recall', 'f1_score', 'training_time', 'test_time']
01/29/2018 20:20:41 [INFO] configuration: do_cross_validation  :   True
01/29/2018 20:20:41 [INFO] configuration: #division  :   5
01/29/2018 20:20:41 [INFO] configuration: #cross_validation  :   10
01/29/2018 20:20:41 [INFO] configuration: cv_index_cache_path  :   
01/29/2018 20:20:41 [INFO] configuration: action_words  :   {'delete', 'show', 'member', 'light', 'next', 'share', 'time', 'north', 'centre', 'temperatur', 'music', 'cast', 'area', 'tell', 'volum', 'telephone', 'weather', 'remind', 'reminder', 'reminds', 'snooz', 'room', 'items', 'moder', 'turn', 'centr', 'play', 'south', 'expens', 'els', 'address', 'food', 'video', 'reminders', 'watch', 'clear', 'remove', 'help', 'any', 'phone', 'ani', 'findcare', 'volume', 'alarm', 'start', 'matter', 'telephon', 'part', 'shuffl', 'temperature', 'skip', 'number', 'item', 'remov', 'delet', 'moderate', 'snooze', 'list', 'song', 'shuffle', 'add', 'discard', 'stop', 'timer', 'cheap', 'else', 'findcar', 'price', 'expensive', 'post'}
01/29/2018 20:20:41 [INFO] configuration: corenlp_jars  :   ('/Users/memray/Project/stanford/stanford-corenlp-full-3.8.0/*', '/Users/memray/Project/stanford/stanford-corenlp-full-3.8.0/stanford-english-kbp-corenlp-2017-06-09-models.jar')
01/29/2018 20:20:41 [INFO] configuration: lda_topic_number  :   50
01/29/2018 20:20:41 [INFO] configuration: lda_path  :   /ihome/pbrusilosky/rum20/y_classify/dataset/feature/gensim/%s.topic=50.lda.pkl
01/29/2018 20:20:41 [INFO] configuration: gensim_corpus_path  :   /ihome/pbrusilosky/rum20/y_classify/dataset/feature/gensim/%s.corpus.pkl
01/29/2018 20:20:41 [INFO] configuration: gensim_dict_path  :   /ihome/pbrusilosky/rum20/y_classify/dataset/feature/gensim/%s.dict
01/29/2018 20:20:41 [INFO] configuration: w2v_path  :   /home/memray/Data/glove/GoogleNews-vectors-negative300.bin
01/29/2018 20:20:41 [INFO] configuration: w2v_vector_length  :   300
01/29/2018 20:20:41 [INFO] configuration: d2v_vector_length  :   300
01/29/2018 20:20:41 [INFO] configuration: d2v_window_size  :   5
01/29/2018 20:20:41 [INFO] configuration: d2v_min_count  :   2
01/29/2018 20:20:41 [INFO] configuration: d2v_model_path  :   /ihome/pbrusilosky/rum20/y_classify/dataset/feature/gensim/%s.doc2vec.dim=300.window=5.min_count=2.model
01/29/2018 20:20:41 [INFO] configuration: d2v_vector_path  :   /ihome/pbrusilosky/rum20/y_classify/dataset/feature/gensim/%s.doc2vec.dim=300.window=5.min_count=2.vector
01/29/2018 20:20:41 [INFO] configuration: num_word_keep  :   {'dstc2': 300, 'dstc3': 300, 'family': 1000, 'ghome': 1000}
01/29/2018 20:20:41 [INFO] configuration: batch_size  :   128
01/29/2018 20:20:41 [INFO] configuration: max_epoch  :   50
01/29/2018 20:20:41 [INFO] configuration: early_stop_tolerance  :   2
01/29/2018 20:20:41 [INFO] configuration: concat_sents  :   False
01/29/2018 20:20:41 [INFO] configuration: cnn_setting  :   {'model': 'multichannel', 'early_stopping': True, 'word_dim': 300, 'filters': [3, 4, 5], 'filter_num': [100, 100, 100], 'class_size': 4, 'batch_size': 128, 'learning_rate': 0.001, 'norm_limit': 10, 'dropout_prob': 0.0, 'sentence_num': 3}
01/29/2018 20:20:41 [INFO] configuration: skipthought_setting  :   {'skipthought_model_path': '/Users/memray/Data/skip-thought', 'skipthought_data_path': '/ihome/pbrusilosky/rum20/y_classify/dataset/feature/gensim/%s.skip-thought.biskip.vector', 'fixed_emb': True, 'sentence_num': 3, 'hidden_size': 2400, 'class_size': 4, 'learning_rate': 0.0001, 'norm_limit': 3, 'dropout_prob': 0.5}
01/29/2018 20:20:41 [INFO] configuration: lstm_setting  :   {'model': 'non-static', 'hidden_size': 32, 'embedding_size': 300, 'num_layers': 1, 'bidirectional': False, 'learning_rate': 0.001, 'class_size': 4, 'norm_limit': 2, 'clip_grad_norm': 2, 'dropout_prob': 0.1}
01/29/2018 20:23:43 [INFO] exp_shallowmodel: %%%%%%%%%%%%%%%%%%%%%%%%%%%%%%%%%%%%%%%%%%%%%%%%%%
01/29/2018 20:23:43 [INFO] exp_shallowmodel:           dataset=dstc2
01/29/2018 20:23:43 [INFO] exp_shallowmodel:           X_new.shape=(5725, 1025)
01/29/2018 20:23:43 [INFO] exp_shallowmodel:           #(discrete_feature)=0
01/29/2018 20:23:43 [INFO] exp_shallowmodel:           #(continuous_feature)=1024
01/29/2018 20:23:43 [INFO] exp_shallowmodel:           #(similarity_feature)=1
01/29/2018 20:23:43 [INFO] exp_shallowmodel: %%%%%%%%%%%%%%%%%%%%%%%%%%%%%%%%%%%%%%%%%%%%%%%%%%
01/29/2018 20:23:43 [INFO] exp_shallowmodel: ******************** dstc2 - Round 0 
01/29/2018 20:23:43 [INFO] exp_shallowmodel: #(data) = 4583
01/29/2018 20:23:43 [INFO] exp_shallowmodel: #(feature) = 1025
01/29/2018 20:23:43 [INFO] exp_shallowmodel: ================================================================================
01/29/2018 20:23:43 [INFO] exp_shallowmodel: LR.pen=l1.C=1.000000
01/29/2018 20:23:43 [INFO] exp_shallowmodel: ________________________________________________________________________________
01/29/2018 20:23:43 [INFO] exp_shallowmodel: Training: 
01/29/2018 20:23:43 [INFO] exp_shallowmodel: LogisticRegression(C=1, class_weight=None, dual=False, fit_intercept=True,
          intercept_scaling=1, max_iter=100, multi_class='ovr', n_jobs=1,
          penalty='l1', random_state=None, solver='liblinear', tol=0.0001,
          verbose=0, warm_start=False)
01/29/2018 20:23:59 [INFO] exp_shallowmodel: train time: 16.265s
01/29/2018 20:23:59 [INFO] exp_shallowmodel: test time:  0.001s
01/29/2018 20:23:59 [INFO] exp_shallowmodel: accuracy:   0.776
01/29/2018 20:23:59 [INFO] exp_shallowmodel: f1_score:   0.659
01/29/2018 20:23:59 [INFO] exp_shallowmodel: classification report:
01/29/2018 20:23:59 [INFO] exp_shallowmodel:              precision    recall  f1-score   support

          A       0.45      0.36      0.40        14
          C       0.74      0.74      0.74       164
          F       0.88      0.90      0.89       268
          R       0.62      0.59      0.60       125

avg / total       0.77      0.78      0.77       571

01/29/2018 20:23:59 [INFO] exp_shallowmodel: confusion matrix:
01/29/2018 20:23:59 [INFO] exp_shallowmodel: 
[[  5   2   4   3]
 [  0 122  11  31]
 [  5   9 242  12]
 [  1  32  18  74]]
01/29/2018 20:24:00 [INFO] exp_shallowmodel: ******************** dstc2 - Round 1 
01/29/2018 20:24:00 [INFO] exp_shallowmodel: #(data) = 4583
01/29/2018 20:24:00 [INFO] exp_shallowmodel: #(feature) = 1025
01/29/2018 20:24:00 [INFO] exp_shallowmodel: ================================================================================
01/29/2018 20:24:00 [INFO] exp_shallowmodel: LR.pen=l1.C=1.000000
01/29/2018 20:24:00 [INFO] exp_shallowmodel: ________________________________________________________________________________
01/29/2018 20:24:00 [INFO] exp_shallowmodel: Training: 
01/29/2018 20:24:00 [INFO] exp_shallowmodel: LogisticRegression(C=1, class_weight=None, dual=False, fit_intercept=True,
          intercept_scaling=1, max_iter=100, multi_class='ovr', n_jobs=1,
          penalty='l1', random_state=None, solver='liblinear', tol=0.0001,
          verbose=0, warm_start=False)
01/29/2018 20:24:16 [INFO] exp_shallowmodel: train time: 16.792s
01/29/2018 20:24:16 [INFO] exp_shallowmodel: test time:  0.001s
01/29/2018 20:24:16 [INFO] exp_shallowmodel: accuracy:   0.751
01/29/2018 20:24:16 [INFO] exp_shallowmodel: f1_score:   0.645
01/29/2018 20:24:16 [INFO] exp_shallowmodel: classification report:
01/29/2018 20:24:16 [INFO] exp_shallowmodel:              precision    recall  f1-score   support

          A       0.50      0.36      0.42        14
          C       0.68      0.64      0.66       164
          F       0.87      0.89      0.88       268
          R       0.62      0.64      0.63       125

avg / total       0.75      0.75      0.75       571

01/29/2018 20:24:16 [INFO] exp_shallowmodel: confusion matrix:
01/29/2018 20:24:16 [INFO] exp_shallowmodel: 
[[  5   3   4   2]
 [  3 105  22  34]
 [  2  13 239  14]
 [  0  34  11  80]]
01/29/2018 20:24:17 [INFO] exp_shallowmodel: ******************** dstc2 - Round 2 
01/29/2018 20:24:17 [INFO] exp_shallowmodel: #(data) = 4583
01/29/2018 20:24:17 [INFO] exp_shallowmodel: #(feature) = 1025
01/29/2018 20:24:17 [INFO] exp_shallowmodel: ================================================================================
01/29/2018 20:24:17 [INFO] exp_shallowmodel: LR.pen=l1.C=1.000000
01/29/2018 20:24:17 [INFO] exp_shallowmodel: ________________________________________________________________________________
01/29/2018 20:24:17 [INFO] exp_shallowmodel: Training: 
01/29/2018 20:24:17 [INFO] exp_shallowmodel: LogisticRegression(C=1, class_weight=None, dual=False, fit_intercept=True,
          intercept_scaling=1, max_iter=100, multi_class='ovr', n_jobs=1,
          penalty='l1', random_state=None, solver='liblinear', tol=0.0001,
          verbose=0, warm_start=False)
01/29/2018 20:24:32 [INFO] exp_shallowmodel: train time: 15.861s
01/29/2018 20:24:32 [INFO] exp_shallowmodel: test time:  0.001s
01/29/2018 20:24:32 [INFO] exp_shallowmodel: accuracy:   0.781
01/29/2018 20:24:32 [INFO] exp_shallowmodel: f1_score:   0.674
01/29/2018 20:24:32 [INFO] exp_shallowmodel: classification report:
01/29/2018 20:24:32 [INFO] exp_shallowmodel:              precision    recall  f1-score   support

          A       0.50      0.36      0.42        14
          C       0.75      0.74      0.74       164
          F       0.90      0.87      0.89       268
          R       0.61      0.69      0.65       125

avg / total       0.79      0.78      0.78       571

01/29/2018 20:24:32 [INFO] exp_shallowmodel: confusion matrix:
01/29/2018 20:24:32 [INFO] exp_shallowmodel: 
[[  5   3   4   2]
 [  1 121  10  32]
 [  3  11 234  20]
 [  1  26  12  86]]
01/29/2018 20:24:33 [INFO] exp_shallowmodel: ******************** dstc2 - Round 3 
01/29/2018 20:24:33 [INFO] exp_shallowmodel: #(data) = 4583
01/29/2018 20:24:33 [INFO] exp_shallowmodel: #(feature) = 1025
01/29/2018 20:24:33 [INFO] exp_shallowmodel: ================================================================================
01/29/2018 20:24:33 [INFO] exp_shallowmodel: LR.pen=l1.C=1.000000
01/29/2018 20:24:33 [INFO] exp_shallowmodel: ________________________________________________________________________________
01/29/2018 20:24:33 [INFO] exp_shallowmodel: Training: 
01/29/2018 20:24:33 [INFO] exp_shallowmodel: LogisticRegression(C=1, class_weight=None, dual=False, fit_intercept=True,
          intercept_scaling=1, max_iter=100, multi_class='ovr', n_jobs=1,
          penalty='l1', random_state=None, solver='liblinear', tol=0.0001,
          verbose=0, warm_start=False)
01/29/2018 20:24:48 [INFO] exp_shallowmodel: train time: 15.381s
01/29/2018 20:24:48 [INFO] exp_shallowmodel: test time:  0.001s
01/29/2018 20:24:48 [INFO] exp_shallowmodel: accuracy:   0.741
01/29/2018 20:24:48 [INFO] exp_shallowmodel: f1_score:   0.635
01/29/2018 20:24:48 [INFO] exp_shallowmodel: classification report:
01/29/2018 20:24:48 [INFO] exp_shallowmodel:              precision    recall  f1-score   support

          A       0.45      0.36      0.40        14
          C       0.69      0.69      0.69       164
          F       0.86      0.86      0.86       268
          R       0.59      0.60      0.59       125

avg / total       0.74      0.74      0.74       571

01/29/2018 20:24:48 [INFO] exp_shallowmodel: confusion matrix:
01/29/2018 20:24:48 [INFO] exp_shallowmodel: 
[[  5   1   5   3]
 [  4 113  17  30]
 [  2  16 230  20]
 [  0  34  16  75]]
01/29/2018 20:24:48 [INFO] exp_shallowmodel: ******************** dstc2 - Round 4 
01/29/2018 20:24:48 [INFO] exp_shallowmodel: #(data) = 4583
01/29/2018 20:24:48 [INFO] exp_shallowmodel: #(feature) = 1025
01/29/2018 20:24:48 [INFO] exp_shallowmodel: ================================================================================
01/29/2018 20:24:48 [INFO] exp_shallowmodel: LR.pen=l1.C=1.000000
01/29/2018 20:24:48 [INFO] exp_shallowmodel: ________________________________________________________________________________
01/29/2018 20:24:48 [INFO] exp_shallowmodel: Training: 
01/29/2018 20:24:48 [INFO] exp_shallowmodel: LogisticRegression(C=1, class_weight=None, dual=False, fit_intercept=True,
          intercept_scaling=1, max_iter=100, multi_class='ovr', n_jobs=1,
          penalty='l1', random_state=None, solver='liblinear', tol=0.0001,
          verbose=0, warm_start=False)
01/29/2018 20:25:03 [INFO] exp_shallowmodel: train time: 15.395s
01/29/2018 20:25:03 [INFO] exp_shallowmodel: test time:  0.001s
01/29/2018 20:25:03 [INFO] exp_shallowmodel: accuracy:   0.725
01/29/2018 20:25:03 [INFO] exp_shallowmodel: f1_score:   0.567
01/29/2018 20:25:03 [INFO] exp_shallowmodel: classification report:
01/29/2018 20:25:03 [INFO] exp_shallowmodel:              precision    recall  f1-score   support

          A       0.17      0.14      0.15        14
          C       0.70      0.69      0.70       164
          F       0.83      0.84      0.84       268
          R       0.57      0.58      0.58       125

avg / total       0.72      0.73      0.72       571

01/29/2018 20:25:03 [INFO] exp_shallowmodel: confusion matrix:
01/29/2018 20:25:03 [INFO] exp_shallowmodel: 
[[  2   1   8   3]
 [  3 113  17  31]
 [  6  16 226  20]
 [  1  31  20  73]]
01/29/2018 20:25:04 [INFO] exp_shallowmodel: ******************** dstc2 - Round 5 
01/29/2018 20:25:04 [INFO] exp_shallowmodel: #(data) = 4583
01/29/2018 20:25:04 [INFO] exp_shallowmodel: #(feature) = 1025
01/29/2018 20:25:04 [INFO] exp_shallowmodel: ================================================================================
01/29/2018 20:25:04 [INFO] exp_shallowmodel: LR.pen=l1.C=1.000000
01/29/2018 20:25:04 [INFO] exp_shallowmodel: ________________________________________________________________________________
01/29/2018 20:25:04 [INFO] exp_shallowmodel: Training: 
01/29/2018 20:25:04 [INFO] exp_shallowmodel: LogisticRegression(C=1, class_weight=None, dual=False, fit_intercept=True,
          intercept_scaling=1, max_iter=100, multi_class='ovr', n_jobs=1,
          penalty='l1', random_state=None, solver='liblinear', tol=0.0001,
          verbose=0, warm_start=False)
01/29/2018 20:25:19 [INFO] exp_shallowmodel: train time: 15.875s
01/29/2018 20:25:19 [INFO] exp_shallowmodel: test time:  0.001s
01/29/2018 20:25:19 [INFO] exp_shallowmodel: accuracy:   0.751
01/29/2018 20:25:19 [INFO] exp_shallowmodel: f1_score:   0.617
01/29/2018 20:25:19 [INFO] exp_shallowmodel: classification report:
01/29/2018 20:25:19 [INFO] exp_shallowmodel:              precision    recall  f1-score   support

          A       0.60      0.21      0.32        14
          C       0.72      0.70      0.71       164
          F       0.85      0.90      0.87       268
          R       0.57      0.57      0.57       125

avg / total       0.75      0.75      0.75       571

01/29/2018 20:25:19 [INFO] exp_shallowmodel: confusion matrix:
01/29/2018 20:25:19 [INFO] exp_shallowmodel: 
[[  3   2   5   4]
 [  0 115  15  34]
 [  0  13 240  15]
 [  2  30  22  71]]
01/29/2018 20:25:20 [INFO] exp_shallowmodel: ******************** dstc2 - Round 6 
01/29/2018 20:25:20 [INFO] exp_shallowmodel: #(data) = 4583
01/29/2018 20:25:20 [INFO] exp_shallowmodel: #(feature) = 1025
01/29/2018 20:25:20 [INFO] exp_shallowmodel: ================================================================================
01/29/2018 20:25:20 [INFO] exp_shallowmodel: LR.pen=l1.C=1.000000
01/29/2018 20:25:20 [INFO] exp_shallowmodel: ________________________________________________________________________________
01/29/2018 20:25:20 [INFO] exp_shallowmodel: Training: 
01/29/2018 20:25:20 [INFO] exp_shallowmodel: LogisticRegression(C=1, class_weight=None, dual=False, fit_intercept=True,
          intercept_scaling=1, max_iter=100, multi_class='ovr', n_jobs=1,
          penalty='l1', random_state=None, solver='liblinear', tol=0.0001,
          verbose=0, warm_start=False)
01/29/2018 20:25:36 [INFO] exp_shallowmodel: train time: 16.545s
01/29/2018 20:25:36 [INFO] exp_shallowmodel: test time:  0.001s
01/29/2018 20:25:36 [INFO] exp_shallowmodel: accuracy:   0.769
01/29/2018 20:25:36 [INFO] exp_shallowmodel: f1_score:   0.641
01/29/2018 20:25:36 [INFO] exp_shallowmodel: classification report:
01/29/2018 20:25:36 [INFO] exp_shallowmodel:              precision    recall  f1-score   support

          A       0.40      0.29      0.33        14
          C       0.73      0.76      0.74       164
          F       0.85      0.89      0.87       268
          R       0.66      0.58      0.62       125

avg / total       0.76      0.77      0.76       571

01/29/2018 20:25:36 [INFO] exp_shallowmodel: confusion matrix:
01/29/2018 20:25:36 [INFO] exp_shallowmodel: 
[[  4   2   7   1]
 [  3 124  18  19]
 [  2  11 238  17]
 [  1  34  17  73]]
01/29/2018 20:25:36 [INFO] exp_shallowmodel: ******************** dstc2 - Round 7 
01/29/2018 20:25:36 [INFO] exp_shallowmodel: #(data) = 4583
01/29/2018 20:25:36 [INFO] exp_shallowmodel: #(feature) = 1025
01/29/2018 20:25:36 [INFO] exp_shallowmodel: ================================================================================
01/29/2018 20:25:36 [INFO] exp_shallowmodel: LR.pen=l1.C=1.000000
01/29/2018 20:25:36 [INFO] exp_shallowmodel: ________________________________________________________________________________
01/29/2018 20:25:36 [INFO] exp_shallowmodel: Training: 
01/29/2018 20:25:36 [INFO] exp_shallowmodel: LogisticRegression(C=1, class_weight=None, dual=False, fit_intercept=True,
          intercept_scaling=1, max_iter=100, multi_class='ovr', n_jobs=1,
          penalty='l1', random_state=None, solver='liblinear', tol=0.0001,
          verbose=0, warm_start=False)
01/29/2018 20:25:50 [INFO] exp_shallowmodel: train time: 13.931s
01/29/2018 20:25:50 [INFO] exp_shallowmodel: test time:  0.001s
01/29/2018 20:25:50 [INFO] exp_shallowmodel: accuracy:   0.769
01/29/2018 20:25:50 [INFO] exp_shallowmodel: f1_score:   0.645
01/29/2018 20:25:50 [INFO] exp_shallowmodel: classification report:
01/29/2018 20:25:50 [INFO] exp_shallowmodel:              precision    recall  f1-score   support

          A       0.50      0.29      0.36        14
          C       0.72      0.66      0.69       164
          F       0.89      0.91      0.90       268
          R       0.60      0.66      0.63       125

avg / total       0.77      0.77      0.77       571

01/29/2018 20:25:50 [INFO] exp_shallowmodel: confusion matrix:
01/29/2018 20:25:50 [INFO] exp_shallowmodel: 
[[  4   2   3   5]
 [  1 109  18  36]
 [  2   8 244  14]
 [  1  33   9  82]]
01/29/2018 20:25:50 [INFO] exp_shallowmodel: ******************** dstc2 - Round 8 
01/29/2018 20:25:50 [INFO] exp_shallowmodel: #(data) = 4583
01/29/2018 20:25:50 [INFO] exp_shallowmodel: #(feature) = 1025
01/29/2018 20:25:50 [INFO] exp_shallowmodel: ================================================================================
01/29/2018 20:25:50 [INFO] exp_shallowmodel: LR.pen=l1.C=1.000000
01/29/2018 20:25:50 [INFO] exp_shallowmodel: ________________________________________________________________________________
01/29/2018 20:25:50 [INFO] exp_shallowmodel: Training: 
01/29/2018 20:25:50 [INFO] exp_shallowmodel: LogisticRegression(C=1, class_weight=None, dual=False, fit_intercept=True,
          intercept_scaling=1, max_iter=100, multi_class='ovr', n_jobs=1,
          penalty='l1', random_state=None, solver='liblinear', tol=0.0001,
          verbose=0, warm_start=False)
01/29/2018 20:26:04 [INFO] exp_shallowmodel: train time: 13.874s
01/29/2018 20:26:04 [INFO] exp_shallowmodel: test time:  0.001s
01/29/2018 20:26:04 [INFO] exp_shallowmodel: accuracy:   0.757
01/29/2018 20:26:04 [INFO] exp_shallowmodel: f1_score:   0.591
01/29/2018 20:26:04 [INFO] exp_shallowmodel: classification report:
01/29/2018 20:26:04 [INFO] exp_shallowmodel:              precision    recall  f1-score   support

          A       0.20      0.14      0.17        14
          C       0.72      0.69      0.70       164
          F       0.85      0.90      0.88       268
          R       0.62      0.61      0.62       125

avg / total       0.75      0.76      0.75       571

01/29/2018 20:26:04 [INFO] exp_shallowmodel: confusion matrix:
01/29/2018 20:26:04 [INFO] exp_shallowmodel: 
[[  2   5   4   3]
 [  1 113  17  33]
 [  7  10 241  10]
 [  0  29  20  76]]
01/29/2018 20:26:04 [INFO] exp_shallowmodel: ******************** dstc2 - Round 9 
01/29/2018 20:26:04 [INFO] exp_shallowmodel: #(data) = 4568
01/29/2018 20:26:04 [INFO] exp_shallowmodel: #(feature) = 1025
01/29/2018 20:26:04 [INFO] exp_shallowmodel: ================================================================================
01/29/2018 20:26:04 [INFO] exp_shallowmodel: LR.pen=l1.C=1.000000
01/29/2018 20:26:04 [INFO] exp_shallowmodel: ________________________________________________________________________________
01/29/2018 20:26:04 [INFO] exp_shallowmodel: Training: 
01/29/2018 20:26:04 [INFO] exp_shallowmodel: LogisticRegression(C=1, class_weight=None, dual=False, fit_intercept=True,
          intercept_scaling=1, max_iter=100, multi_class='ovr', n_jobs=1,
          penalty='l1', random_state=None, solver='liblinear', tol=0.0001,
          verbose=0, warm_start=False)
01/29/2018 20:26:18 [INFO] exp_shallowmodel: train time: 14.079s
01/29/2018 20:26:18 [INFO] exp_shallowmodel: test time:  0.001s
01/29/2018 20:26:18 [INFO] exp_shallowmodel: accuracy:   0.729
01/29/2018 20:26:18 [INFO] exp_shallowmodel: f1_score:   0.596
01/29/2018 20:26:18 [INFO] exp_shallowmodel: classification report:
01/29/2018 20:26:18 [INFO] exp_shallowmodel:              precision    recall  f1-score   support

          A       0.31      0.25      0.28        16
          C       0.66      0.66      0.66       169
          F       0.85      0.87      0.86       271
          R       0.60      0.58      0.59       130

avg / total       0.72      0.73      0.73       586

01/29/2018 20:26:18 [INFO] exp_shallowmodel: confusion matrix:
01/29/2018 20:26:18 [INFO] exp_shallowmodel: 
[[  4   3   3   6]
 [  3 111  22  33]
 [  6  16 237  12]
 [  0  37  18  75]]
01/29/2018 20:26:19 [INFO] exp_shallowmodel: ******************** dstc2 - Round 10 
01/29/2018 20:26:19 [INFO] exp_shallowmodel: #(data) = 4583
01/29/2018 20:26:19 [INFO] exp_shallowmodel: #(feature) = 1025
01/29/2018 20:26:19 [INFO] exp_shallowmodel: ================================================================================
01/29/2018 20:26:19 [INFO] exp_shallowmodel: LR.pen=l1.C=1.000000
01/29/2018 20:26:19 [INFO] exp_shallowmodel: ________________________________________________________________________________
01/29/2018 20:26:19 [INFO] exp_shallowmodel: Training: 
01/29/2018 20:26:19 [INFO] exp_shallowmodel: LogisticRegression(C=1, class_weight=None, dual=False, fit_intercept=True,
          intercept_scaling=1, max_iter=100, multi_class='ovr', n_jobs=1,
          penalty='l1', random_state=None, solver='liblinear', tol=0.0001,
          verbose=0, warm_start=False)
01/29/2018 20:26:34 [INFO] exp_shallowmodel: train time: 15.067s
01/29/2018 20:26:34 [INFO] exp_shallowmodel: test time:  0.001s
01/29/2018 20:26:34 [INFO] exp_shallowmodel: accuracy:   0.755
01/29/2018 20:26:34 [INFO] exp_shallowmodel: f1_score:   0.571
01/29/2018 20:26:34 [INFO] exp_shallowmodel: classification report:
01/29/2018 20:26:34 [INFO] exp_shallowmodel:              precision    recall  f1-score   support

          A       0.09      0.07      0.08        14
          C       0.74      0.70      0.71       164
          F       0.87      0.88      0.88       268
          R       0.59      0.63      0.61       125

avg / total       0.75      0.75      0.75       571

01/29/2018 20:26:34 [INFO] exp_shallowmodel: confusion matrix:
01/29/2018 20:26:34 [INFO] exp_shallowmodel: 
[[  1   4   6   3]
 [  2 114  12  36]
 [  5  10 237  16]
 [  3  27  16  79]]
01/29/2018 20:26:34 [INFO] exp_shallowmodel: ******************** dstc2 - Round 11 
01/29/2018 20:26:34 [INFO] exp_shallowmodel: #(data) = 4583
01/29/2018 20:26:34 [INFO] exp_shallowmodel: #(feature) = 1025
01/29/2018 20:26:34 [INFO] exp_shallowmodel: ================================================================================
01/29/2018 20:26:34 [INFO] exp_shallowmodel: LR.pen=l1.C=1.000000
01/29/2018 20:26:34 [INFO] exp_shallowmodel: ________________________________________________________________________________
01/29/2018 20:26:34 [INFO] exp_shallowmodel: Training: 
01/29/2018 20:26:34 [INFO] exp_shallowmodel: LogisticRegression(C=1, class_weight=None, dual=False, fit_intercept=True,
          intercept_scaling=1, max_iter=100, multi_class='ovr', n_jobs=1,
          penalty='l1', random_state=None, solver='liblinear', tol=0.0001,
          verbose=0, warm_start=False)
01/29/2018 20:26:48 [INFO] exp_shallowmodel: train time: 14.437s
01/29/2018 20:26:48 [INFO] exp_shallowmodel: test time:  0.001s
01/29/2018 20:26:48 [INFO] exp_shallowmodel: accuracy:   0.765
01/29/2018 20:26:48 [INFO] exp_shallowmodel: f1_score:   0.618
01/29/2018 20:26:48 [INFO] exp_shallowmodel: classification report:
01/29/2018 20:26:48 [INFO] exp_shallowmodel:              precision    recall  f1-score   support

          A       0.27      0.21      0.24        14
          C       0.71      0.70      0.71       164
          F       0.86      0.90      0.88       268
          R       0.67      0.63      0.65       125

avg / total       0.76      0.77      0.76       571

01/29/2018 20:26:48 [INFO] exp_shallowmodel: confusion matrix:
01/29/2018 20:26:48 [INFO] exp_shallowmodel: 
[[  3   4   6   1]
 [  3 115  18  28]
 [  5  13 240  10]
 [  0  30  16  79]]
01/29/2018 20:26:48 [INFO] exp_shallowmodel: ******************** dstc2 - Round 12 
01/29/2018 20:26:48 [INFO] exp_shallowmodel: #(data) = 4583
01/29/2018 20:26:48 [INFO] exp_shallowmodel: #(feature) = 1025
01/29/2018 20:26:48 [INFO] exp_shallowmodel: ================================================================================
01/29/2018 20:26:48 [INFO] exp_shallowmodel: LR.pen=l1.C=1.000000
01/29/2018 20:26:48 [INFO] exp_shallowmodel: ________________________________________________________________________________
01/29/2018 20:26:48 [INFO] exp_shallowmodel: Training: 
01/29/2018 20:26:48 [INFO] exp_shallowmodel: LogisticRegression(C=1, class_weight=None, dual=False, fit_intercept=True,
          intercept_scaling=1, max_iter=100, multi_class='ovr', n_jobs=1,
          penalty='l1', random_state=None, solver='liblinear', tol=0.0001,
          verbose=0, warm_start=False)
01/29/2018 20:27:04 [INFO] exp_shallowmodel: train time: 15.581s
01/29/2018 20:27:04 [INFO] exp_shallowmodel: test time:  0.001s
01/29/2018 20:27:04 [INFO] exp_shallowmodel: accuracy:   0.758
01/29/2018 20:27:04 [INFO] exp_shallowmodel: f1_score:   0.645
01/29/2018 20:27:04 [INFO] exp_shallowmodel: classification report:
01/29/2018 20:27:04 [INFO] exp_shallowmodel:              precision    recall  f1-score   support

          A       0.57      0.29      0.38        14
          C       0.70      0.66      0.68       164
          F       0.85      0.89      0.87       268
          R       0.64      0.66      0.65       125

avg / total       0.75      0.76      0.75       571

01/29/2018 20:27:04 [INFO] exp_shallowmodel: confusion matrix:
01/29/2018 20:27:04 [INFO] exp_shallowmodel: 
[[  4   2   4   4]
 [  2 109  23  30]
 [  1  17 238  12]
 [  0  28  15  82]]
01/29/2018 20:27:04 [INFO] exp_shallowmodel: ******************** dstc2 - Round 13 
01/29/2018 20:27:04 [INFO] exp_shallowmodel: #(data) = 4583
01/29/2018 20:27:04 [INFO] exp_shallowmodel: #(feature) = 1025
01/29/2018 20:27:04 [INFO] exp_shallowmodel: ================================================================================
01/29/2018 20:27:04 [INFO] exp_shallowmodel: LR.pen=l1.C=1.000000
01/29/2018 20:27:04 [INFO] exp_shallowmodel: ________________________________________________________________________________
01/29/2018 20:27:04 [INFO] exp_shallowmodel: Training: 
01/29/2018 20:27:04 [INFO] exp_shallowmodel: LogisticRegression(C=1, class_weight=None, dual=False, fit_intercept=True,
          intercept_scaling=1, max_iter=100, multi_class='ovr', n_jobs=1,
          penalty='l1', random_state=None, solver='liblinear', tol=0.0001,
          verbose=0, warm_start=False)
01/29/2018 20:27:20 [INFO] exp_shallowmodel: train time: 15.766s
01/29/2018 20:27:20 [INFO] exp_shallowmodel: test time:  0.001s
01/29/2018 20:27:20 [INFO] exp_shallowmodel: accuracy:   0.736
01/29/2018 20:27:20 [INFO] exp_shallowmodel: f1_score:   0.604
01/29/2018 20:27:20 [INFO] exp_shallowmodel: classification report:
01/29/2018 20:27:20 [INFO] exp_shallowmodel:              precision    recall  f1-score   support

          A       0.31      0.29      0.30        14
          C       0.66      0.70      0.68       164
          F       0.88      0.86      0.87       268
          R       0.58      0.57      0.57       125

avg / total       0.74      0.74      0.74       571

01/29/2018 20:27:20 [INFO] exp_shallowmodel: confusion matrix:
01/29/2018 20:27:20 [INFO] exp_shallowmodel: 
[[  4   4   4   2]
 [  1 114  16  33]
 [  3  17 231  17]
 [  5  38  11  71]]
01/29/2018 20:27:20 [INFO] exp_shallowmodel: ******************** dstc2 - Round 14 
01/29/2018 20:27:20 [INFO] exp_shallowmodel: #(data) = 4583
01/29/2018 20:27:20 [INFO] exp_shallowmodel: #(feature) = 1025
01/29/2018 20:27:20 [INFO] exp_shallowmodel: ================================================================================
01/29/2018 20:27:20 [INFO] exp_shallowmodel: LR.pen=l1.C=1.000000
01/29/2018 20:27:20 [INFO] exp_shallowmodel: ________________________________________________________________________________
01/29/2018 20:27:20 [INFO] exp_shallowmodel: Training: 
01/29/2018 20:27:20 [INFO] exp_shallowmodel: LogisticRegression(C=1, class_weight=None, dual=False, fit_intercept=True,
          intercept_scaling=1, max_iter=100, multi_class='ovr', n_jobs=1,
          penalty='l1', random_state=None, solver='liblinear', tol=0.0001,
          verbose=0, warm_start=False)
01/29/2018 20:27:35 [INFO] exp_shallowmodel: train time: 15.159s
01/29/2018 20:27:35 [INFO] exp_shallowmodel: test time:  0.001s
01/29/2018 20:27:35 [INFO] exp_shallowmodel: accuracy:   0.750
01/29/2018 20:27:35 [INFO] exp_shallowmodel: f1_score:   0.640
01/29/2018 20:27:35 [INFO] exp_shallowmodel: classification report:
01/29/2018 20:27:35 [INFO] exp_shallowmodel:              precision    recall  f1-score   support

          A       0.42      0.36      0.38        14
          C       0.71      0.65      0.68       164
          F       0.85      0.87      0.86       268
          R       0.61      0.66      0.63       125

avg / total       0.75      0.75      0.75       571

01/29/2018 20:27:35 [INFO] exp_shallowmodel: confusion matrix:
01/29/2018 20:27:35 [INFO] exp_shallowmodel: 
[[  5   4   5   0]
 [  3 107  16  38]
 [  4  16 234  14]
 [  0  23  20  82]]
01/29/2018 20:27:35 [INFO] exp_shallowmodel: ******************** dstc2 - Round 15 
01/29/2018 20:27:35 [INFO] exp_shallowmodel: #(data) = 4583
01/29/2018 20:27:35 [INFO] exp_shallowmodel: #(feature) = 1025
01/29/2018 20:27:35 [INFO] exp_shallowmodel: ================================================================================
01/29/2018 20:27:35 [INFO] exp_shallowmodel: LR.pen=l1.C=1.000000
01/29/2018 20:27:35 [INFO] exp_shallowmodel: ________________________________________________________________________________
01/29/2018 20:27:35 [INFO] exp_shallowmodel: Training: 
01/29/2018 20:27:35 [INFO] exp_shallowmodel: LogisticRegression(C=1, class_weight=None, dual=False, fit_intercept=True,
          intercept_scaling=1, max_iter=100, multi_class='ovr', n_jobs=1,
          penalty='l1', random_state=None, solver='liblinear', tol=0.0001,
          verbose=0, warm_start=False)
01/29/2018 20:27:50 [INFO] exp_shallowmodel: train time: 14.931s
01/29/2018 20:27:50 [INFO] exp_shallowmodel: test time:  0.001s
01/29/2018 20:27:50 [INFO] exp_shallowmodel: accuracy:   0.741
01/29/2018 20:27:50 [INFO] exp_shallowmodel: f1_score:   0.600
01/29/2018 20:27:50 [INFO] exp_shallowmodel: classification report:
01/29/2018 20:27:50 [INFO] exp_shallowmodel:              precision    recall  f1-score   support

          A       0.43      0.21      0.29        14
          C       0.67      0.70      0.68       164
          F       0.86      0.89      0.87       268
          R       0.59      0.54      0.56       125

avg / total       0.73      0.74      0.74       571

01/29/2018 20:27:50 [INFO] exp_shallowmodel: confusion matrix:
01/29/2018 20:27:50 [INFO] exp_shallowmodel: 
[[  3   0   6   5]
 [  1 114  17  32]
 [  1  18 239  10]
 [  2  39  17  67]]
01/29/2018 20:27:50 [INFO] exp_shallowmodel: ******************** dstc2 - Round 16 
01/29/2018 20:27:50 [INFO] exp_shallowmodel: #(data) = 4583
01/29/2018 20:27:50 [INFO] exp_shallowmodel: #(feature) = 1025
01/29/2018 20:27:50 [INFO] exp_shallowmodel: ================================================================================
01/29/2018 20:27:50 [INFO] exp_shallowmodel: LR.pen=l1.C=1.000000
01/29/2018 20:27:50 [INFO] exp_shallowmodel: ________________________________________________________________________________
01/29/2018 20:27:50 [INFO] exp_shallowmodel: Training: 
01/29/2018 20:27:50 [INFO] exp_shallowmodel: LogisticRegression(C=1, class_weight=None, dual=False, fit_intercept=True,
          intercept_scaling=1, max_iter=100, multi_class='ovr', n_jobs=1,
          penalty='l1', random_state=None, solver='liblinear', tol=0.0001,
          verbose=0, warm_start=False)
01/29/2018 20:28:05 [INFO] exp_shallowmodel: train time: 14.872s
01/29/2018 20:28:05 [INFO] exp_shallowmodel: test time:  0.001s
01/29/2018 20:28:05 [INFO] exp_shallowmodel: accuracy:   0.776
01/29/2018 20:28:05 [INFO] exp_shallowmodel: f1_score:   0.613
01/29/2018 20:28:05 [INFO] exp_shallowmodel: classification report:
01/29/2018 20:28:05 [INFO] exp_shallowmodel:              precision    recall  f1-score   support

          A       0.20      0.14      0.17        14
          C       0.75      0.73      0.74       164
          F       0.86      0.88      0.87       268
          R       0.66      0.68      0.67       125

avg / total       0.77      0.78      0.77       571

01/29/2018 20:28:05 [INFO] exp_shallowmodel: confusion matrix:
01/29/2018 20:28:05 [INFO] exp_shallowmodel: 
[[  2   4   7   1]
 [  2 120  15  27]
 [  6  10 236  16]
 [  0  25  15  85]]
01/29/2018 20:28:05 [INFO] exp_shallowmodel: ******************** dstc2 - Round 17 
01/29/2018 20:28:05 [INFO] exp_shallowmodel: #(data) = 4583
01/29/2018 20:28:05 [INFO] exp_shallowmodel: #(feature) = 1025
01/29/2018 20:28:05 [INFO] exp_shallowmodel: ================================================================================
01/29/2018 20:28:05 [INFO] exp_shallowmodel: LR.pen=l1.C=1.000000
01/29/2018 20:28:05 [INFO] exp_shallowmodel: ________________________________________________________________________________
01/29/2018 20:28:05 [INFO] exp_shallowmodel: Training: 
01/29/2018 20:28:05 [INFO] exp_shallowmodel: LogisticRegression(C=1, class_weight=None, dual=False, fit_intercept=True,
          intercept_scaling=1, max_iter=100, multi_class='ovr', n_jobs=1,
          penalty='l1', random_state=None, solver='liblinear', tol=0.0001,
          verbose=0, warm_start=False)
01/29/2018 20:28:22 [INFO] exp_shallowmodel: train time: 16.581s
01/29/2018 20:28:22 [INFO] exp_shallowmodel: test time:  0.001s
01/29/2018 20:28:22 [INFO] exp_shallowmodel: accuracy:   0.746
01/29/2018 20:28:22 [INFO] exp_shallowmodel: f1_score:   0.634
01/29/2018 20:28:22 [INFO] exp_shallowmodel: classification report:
01/29/2018 20:28:22 [INFO] exp_shallowmodel:              precision    recall  f1-score   support

          A       0.57      0.29      0.38        14
          C       0.70      0.68      0.69       164
          F       0.84      0.87      0.86       268
          R       0.61      0.62      0.61       125

avg / total       0.74      0.75      0.74       571

01/29/2018 20:28:22 [INFO] exp_shallowmodel: confusion matrix:
01/29/2018 20:28:22 [INFO] exp_shallowmodel: 
[[  4   2   4   4]
 [  0 111  22  31]
 [  2  17 234  15]
 [  1  29  18  77]]
01/29/2018 20:28:22 [INFO] exp_shallowmodel: ******************** dstc2 - Round 18 
01/29/2018 20:28:22 [INFO] exp_shallowmodel: #(data) = 4583
01/29/2018 20:28:22 [INFO] exp_shallowmodel: #(feature) = 1025
01/29/2018 20:28:22 [INFO] exp_shallowmodel: ================================================================================
01/29/2018 20:28:22 [INFO] exp_shallowmodel: LR.pen=l1.C=1.000000
01/29/2018 20:28:22 [INFO] exp_shallowmodel: ________________________________________________________________________________
01/29/2018 20:28:22 [INFO] exp_shallowmodel: Training: 
01/29/2018 20:28:22 [INFO] exp_shallowmodel: LogisticRegression(C=1, class_weight=None, dual=False, fit_intercept=True,
          intercept_scaling=1, max_iter=100, multi_class='ovr', n_jobs=1,
          penalty='l1', random_state=None, solver='liblinear', tol=0.0001,
          verbose=0, warm_start=False)
01/29/2018 20:28:37 [INFO] exp_shallowmodel: train time: 14.840s
01/29/2018 20:28:37 [INFO] exp_shallowmodel: test time:  0.001s
01/29/2018 20:28:37 [INFO] exp_shallowmodel: accuracy:   0.741
01/29/2018 20:28:37 [INFO] exp_shallowmodel: f1_score:   0.639
01/29/2018 20:28:37 [INFO] exp_shallowmodel: classification report:
01/29/2018 20:28:37 [INFO] exp_shallowmodel:              precision    recall  f1-score   support

          A       0.56      0.36      0.43        14
          C       0.73      0.66      0.69       164
          F       0.84      0.88      0.86       268
          R       0.54      0.58      0.56       125

avg / total       0.74      0.74      0.74       571

01/29/2018 20:28:37 [INFO] exp_shallowmodel: confusion matrix:
01/29/2018 20:28:37 [INFO] exp_shallowmodel: 
[[  5   0   4   5]
 [  0 108  22  34]
 [  1   8 237  22]
 [  3  31  18  73]]
01/29/2018 20:28:37 [INFO] exp_shallowmodel: ******************** dstc2 - Round 19 
01/29/2018 20:28:37 [INFO] exp_shallowmodel: #(data) = 4568
01/29/2018 20:28:37 [INFO] exp_shallowmodel: #(feature) = 1025
01/29/2018 20:28:37 [INFO] exp_shallowmodel: ================================================================================
01/29/2018 20:28:37 [INFO] exp_shallowmodel: LR.pen=l1.C=1.000000
01/29/2018 20:28:37 [INFO] exp_shallowmodel: ________________________________________________________________________________
01/29/2018 20:28:37 [INFO] exp_shallowmodel: Training: 
01/29/2018 20:28:37 [INFO] exp_shallowmodel: LogisticRegression(C=1, class_weight=None, dual=False, fit_intercept=True,
          intercept_scaling=1, max_iter=100, multi_class='ovr', n_jobs=1,
          penalty='l1', random_state=None, solver='liblinear', tol=0.0001,
          verbose=0, warm_start=False)
01/29/2018 20:28:52 [INFO] exp_shallowmodel: train time: 15.333s
01/29/2018 20:28:52 [INFO] exp_shallowmodel: test time:  0.001s
01/29/2018 20:28:52 [INFO] exp_shallowmodel: accuracy:   0.765
01/29/2018 20:28:52 [INFO] exp_shallowmodel: f1_score:   0.660
01/29/2018 20:28:52 [INFO] exp_shallowmodel: classification report:
01/29/2018 20:28:52 [INFO] exp_shallowmodel:              precision    recall  f1-score   support

          A       0.46      0.38      0.41        16
          C       0.74      0.72      0.73       169
          F       0.85      0.88      0.87       271
          R       0.63      0.62      0.63       130

avg / total       0.76      0.76      0.76       586

01/29/2018 20:28:52 [INFO] exp_shallowmodel: confusion matrix:
01/29/2018 20:28:52 [INFO] exp_shallowmodel: 
[[  6   1   7   2]
 [  2 122  16  29]
 [  3  13 239  16]
 [  2  28  19  81]]
01/29/2018 20:28:52 [INFO] exp_shallowmodel: ******************** dstc2 - Round 20 
01/29/2018 20:28:52 [INFO] exp_shallowmodel: #(data) = 4583
01/29/2018 20:28:52 [INFO] exp_shallowmodel: #(feature) = 1025
01/29/2018 20:28:52 [INFO] exp_shallowmodel: ================================================================================
01/29/2018 20:28:52 [INFO] exp_shallowmodel: LR.pen=l1.C=1.000000
01/29/2018 20:28:52 [INFO] exp_shallowmodel: ________________________________________________________________________________
01/29/2018 20:28:52 [INFO] exp_shallowmodel: Training: 
01/29/2018 20:28:52 [INFO] exp_shallowmodel: LogisticRegression(C=1, class_weight=None, dual=False, fit_intercept=True,
          intercept_scaling=1, max_iter=100, multi_class='ovr', n_jobs=1,
          penalty='l1', random_state=None, solver='liblinear', tol=0.0001,
          verbose=0, warm_start=False)
01/29/2018 20:29:07 [INFO] exp_shallowmodel: train time: 14.675s
01/29/2018 20:29:07 [INFO] exp_shallowmodel: test time:  0.001s
01/29/2018 20:29:07 [INFO] exp_shallowmodel: accuracy:   0.746
01/29/2018 20:29:07 [INFO] exp_shallowmodel: f1_score:   0.589
01/29/2018 20:29:07 [INFO] exp_shallowmodel: classification report:
01/29/2018 20:29:07 [INFO] exp_shallowmodel:              precision    recall  f1-score   support

          A       0.29      0.14      0.19        14
          C       0.70      0.69      0.69       164
          F       0.87      0.87      0.87       268
          R       0.58      0.62      0.60       125

avg / total       0.74      0.75      0.74       571

01/29/2018 20:29:07 [INFO] exp_shallowmodel: confusion matrix:
01/29/2018 20:29:07 [INFO] exp_shallowmodel: 
[[  2   4   4   4]
 [  2 113  16  33]
 [  3  13 233  19]
 [  0  32  15  78]]
01/29/2018 20:29:07 [INFO] exp_shallowmodel: ******************** dstc2 - Round 21 
01/29/2018 20:29:07 [INFO] exp_shallowmodel: #(data) = 4583
01/29/2018 20:29:07 [INFO] exp_shallowmodel: #(feature) = 1025
01/29/2018 20:29:07 [INFO] exp_shallowmodel: ================================================================================
01/29/2018 20:29:07 [INFO] exp_shallowmodel: LR.pen=l1.C=1.000000
01/29/2018 20:29:07 [INFO] exp_shallowmodel: ________________________________________________________________________________
01/29/2018 20:29:07 [INFO] exp_shallowmodel: Training: 
01/29/2018 20:29:07 [INFO] exp_shallowmodel: LogisticRegression(C=1, class_weight=None, dual=False, fit_intercept=True,
          intercept_scaling=1, max_iter=100, multi_class='ovr', n_jobs=1,
          penalty='l1', random_state=None, solver='liblinear', tol=0.0001,
          verbose=0, warm_start=False)
01/29/2018 20:29:21 [INFO] exp_shallowmodel: train time: 13.550s
01/29/2018 20:29:21 [INFO] exp_shallowmodel: test time:  0.001s
01/29/2018 20:29:21 [INFO] exp_shallowmodel: accuracy:   0.739
01/29/2018 20:29:21 [INFO] exp_shallowmodel: f1_score:   0.576
01/29/2018 20:29:21 [INFO] exp_shallowmodel: classification report:
01/29/2018 20:29:21 [INFO] exp_shallowmodel:              precision    recall  f1-score   support

          A       0.15      0.14      0.15        14
          C       0.68      0.71      0.69       164
          F       0.86      0.86      0.86       268
          R       0.62      0.59      0.61       125

avg / total       0.74      0.74      0.74       571

01/29/2018 20:29:21 [INFO] exp_shallowmodel: confusion matrix:
01/29/2018 20:29:21 [INFO] exp_shallowmodel: 
[[  2   3   4   5]
 [  2 116  20  26]
 [  8  16 230  14]
 [  1  36  14  74]]
01/29/2018 20:29:21 [INFO] exp_shallowmodel: ******************** dstc2 - Round 22 
01/29/2018 20:29:21 [INFO] exp_shallowmodel: #(data) = 4583
01/29/2018 20:29:21 [INFO] exp_shallowmodel: #(feature) = 1025
01/29/2018 20:29:21 [INFO] exp_shallowmodel: ================================================================================
01/29/2018 20:29:21 [INFO] exp_shallowmodel: LR.pen=l1.C=1.000000
01/29/2018 20:29:21 [INFO] exp_shallowmodel: ________________________________________________________________________________
01/29/2018 20:29:21 [INFO] exp_shallowmodel: Training: 
01/29/2018 20:29:21 [INFO] exp_shallowmodel: LogisticRegression(C=1, class_weight=None, dual=False, fit_intercept=True,
          intercept_scaling=1, max_iter=100, multi_class='ovr', n_jobs=1,
          penalty='l1', random_state=None, solver='liblinear', tol=0.0001,
          verbose=0, warm_start=False)
01/29/2018 20:29:36 [INFO] exp_shallowmodel: train time: 14.623s
01/29/2018 20:29:36 [INFO] exp_shallowmodel: test time:  0.001s
01/29/2018 20:29:36 [INFO] exp_shallowmodel: accuracy:   0.802
01/29/2018 20:29:36 [INFO] exp_shallowmodel: f1_score:   0.649
01/29/2018 20:29:36 [INFO] exp_shallowmodel: classification report:
01/29/2018 20:29:36 [INFO] exp_shallowmodel:              precision    recall  f1-score   support

          A       0.30      0.21      0.25        14
          C       0.75      0.77      0.76       164
          F       0.91      0.91      0.91       268
          R       0.68      0.67      0.67       125

avg / total       0.80      0.80      0.80       571

01/29/2018 20:29:36 [INFO] exp_shallowmodel: confusion matrix:
01/29/2018 20:29:36 [INFO] exp_shallowmodel: 
[[  3   3   4   4]
 [  2 126   9  27]
 [  4  10 245   9]
 [  1  30  10  84]]
01/29/2018 20:29:36 [INFO] exp_shallowmodel: ******************** dstc2 - Round 23 
01/29/2018 20:29:36 [INFO] exp_shallowmodel: #(data) = 4583
01/29/2018 20:29:36 [INFO] exp_shallowmodel: #(feature) = 1025
01/29/2018 20:29:36 [INFO] exp_shallowmodel: ================================================================================
01/29/2018 20:29:36 [INFO] exp_shallowmodel: LR.pen=l1.C=1.000000
01/29/2018 20:29:36 [INFO] exp_shallowmodel: ________________________________________________________________________________
01/29/2018 20:29:36 [INFO] exp_shallowmodel: Training: 
01/29/2018 20:29:36 [INFO] exp_shallowmodel: LogisticRegression(C=1, class_weight=None, dual=False, fit_intercept=True,
          intercept_scaling=1, max_iter=100, multi_class='ovr', n_jobs=1,
          penalty='l1', random_state=None, solver='liblinear', tol=0.0001,
          verbose=0, warm_start=False)
01/29/2018 20:29:51 [INFO] exp_shallowmodel: train time: 15.539s
01/29/2018 20:29:51 [INFO] exp_shallowmodel: test time:  0.001s
01/29/2018 20:29:51 [INFO] exp_shallowmodel: accuracy:   0.744
01/29/2018 20:29:51 [INFO] exp_shallowmodel: f1_score:   0.642
01/29/2018 20:29:51 [INFO] exp_shallowmodel: classification report:
01/29/2018 20:29:51 [INFO] exp_shallowmodel:              precision    recall  f1-score   support

          A       0.43      0.43      0.43        14
          C       0.69      0.71      0.70       164
          F       0.83      0.88      0.85       268
          R       0.63      0.54      0.58       125

avg / total       0.74      0.74      0.74       571

01/29/2018 20:29:51 [INFO] exp_shallowmodel: confusion matrix:
01/29/2018 20:29:51 [INFO] exp_shallowmodel: 
[[  6   1   6   1]
 [  4 116  19  25]
 [  4  15 235  14]
 [  0  35  22  68]]
01/29/2018 20:29:51 [INFO] exp_shallowmodel: ******************** dstc2 - Round 24 
01/29/2018 20:29:51 [INFO] exp_shallowmodel: #(data) = 4583
01/29/2018 20:29:51 [INFO] exp_shallowmodel: #(feature) = 1025
01/29/2018 20:29:51 [INFO] exp_shallowmodel: ================================================================================
01/29/2018 20:29:51 [INFO] exp_shallowmodel: LR.pen=l1.C=1.000000
01/29/2018 20:29:51 [INFO] exp_shallowmodel: ________________________________________________________________________________
01/29/2018 20:29:51 [INFO] exp_shallowmodel: Training: 
01/29/2018 20:29:51 [INFO] exp_shallowmodel: LogisticRegression(C=1, class_weight=None, dual=False, fit_intercept=True,
          intercept_scaling=1, max_iter=100, multi_class='ovr', n_jobs=1,
          penalty='l1', random_state=None, solver='liblinear', tol=0.0001,
          verbose=0, warm_start=False)
01/29/2018 20:30:08 [INFO] exp_shallowmodel: train time: 16.507s
01/29/2018 20:30:08 [INFO] exp_shallowmodel: test time:  0.001s
01/29/2018 20:30:08 [INFO] exp_shallowmodel: accuracy:   0.750
01/29/2018 20:30:08 [INFO] exp_shallowmodel: f1_score:   0.656
01/29/2018 20:30:08 [INFO] exp_shallowmodel: classification report:
01/29/2018 20:30:08 [INFO] exp_shallowmodel:              precision    recall  f1-score   support

          A       0.55      0.43      0.48        14
          C       0.72      0.68      0.70       164
          F       0.83      0.90      0.86       268
          R       0.60      0.56      0.58       125

avg / total       0.74      0.75      0.75       571

01/29/2018 20:30:08 [INFO] exp_shallowmodel: confusion matrix:
01/29/2018 20:30:08 [INFO] exp_shallowmodel: 
[[  6   1   6   1]
 [  1 112  20  31]
 [  1  12 240  15]
 [  3  30  22  70]]
01/29/2018 20:30:08 [INFO] exp_shallowmodel: ******************** dstc2 - Round 25 
01/29/2018 20:30:08 [INFO] exp_shallowmodel: #(data) = 4583
01/29/2018 20:30:08 [INFO] exp_shallowmodel: #(feature) = 1025
01/29/2018 20:30:08 [INFO] exp_shallowmodel: ================================================================================
01/29/2018 20:30:08 [INFO] exp_shallowmodel: LR.pen=l1.C=1.000000
01/29/2018 20:30:08 [INFO] exp_shallowmodel: ________________________________________________________________________________
01/29/2018 20:30:08 [INFO] exp_shallowmodel: Training: 
01/29/2018 20:30:08 [INFO] exp_shallowmodel: LogisticRegression(C=1, class_weight=None, dual=False, fit_intercept=True,
          intercept_scaling=1, max_iter=100, multi_class='ovr', n_jobs=1,
          penalty='l1', random_state=None, solver='liblinear', tol=0.0001,
          verbose=0, warm_start=False)
01/29/2018 20:30:23 [INFO] exp_shallowmodel: train time: 15.042s
01/29/2018 20:30:23 [INFO] exp_shallowmodel: test time:  0.001s
01/29/2018 20:30:23 [INFO] exp_shallowmodel: accuracy:   0.771
01/29/2018 20:30:23 [INFO] exp_shallowmodel: f1_score:   0.606
01/29/2018 20:30:23 [INFO] exp_shallowmodel: classification report:
01/29/2018 20:30:23 [INFO] exp_shallowmodel:              precision    recall  f1-score   support

          A       0.18      0.14      0.16        14
          C       0.76      0.76      0.76       164
          F       0.86      0.87      0.87       268
          R       0.64      0.64      0.64       125

avg / total       0.77      0.77      0.77       571

01/29/2018 20:30:23 [INFO] exp_shallowmodel: confusion matrix:
01/29/2018 20:30:23 [INFO] exp_shallowmodel: 
[[  2   2   5   5]
 [  1 124  14  25]
 [  6  13 234  15]
 [  2  25  18  80]]
01/29/2018 20:30:23 [INFO] exp_shallowmodel: ******************** dstc2 - Round 26 
01/29/2018 20:30:23 [INFO] exp_shallowmodel: #(data) = 4583
01/29/2018 20:30:23 [INFO] exp_shallowmodel: #(feature) = 1025
01/29/2018 20:30:23 [INFO] exp_shallowmodel: ================================================================================
01/29/2018 20:30:23 [INFO] exp_shallowmodel: LR.pen=l1.C=1.000000
01/29/2018 20:30:23 [INFO] exp_shallowmodel: ________________________________________________________________________________
01/29/2018 20:30:23 [INFO] exp_shallowmodel: Training: 
01/29/2018 20:30:23 [INFO] exp_shallowmodel: LogisticRegression(C=1, class_weight=None, dual=False, fit_intercept=True,
          intercept_scaling=1, max_iter=100, multi_class='ovr', n_jobs=1,
          penalty='l1', random_state=None, solver='liblinear', tol=0.0001,
          verbose=0, warm_start=False)
01/29/2018 20:30:37 [INFO] exp_shallowmodel: train time: 13.827s
01/29/2018 20:30:37 [INFO] exp_shallowmodel: test time:  0.001s
01/29/2018 20:30:37 [INFO] exp_shallowmodel: accuracy:   0.778
01/29/2018 20:30:37 [INFO] exp_shallowmodel: f1_score:   0.671
01/29/2018 20:30:37 [INFO] exp_shallowmodel: classification report:
01/29/2018 20:30:37 [INFO] exp_shallowmodel:              precision    recall  f1-score   support

          A       0.56      0.36      0.43        14
          C       0.74      0.70      0.72       164
          F       0.89      0.90      0.89       268
          R       0.62      0.66      0.64       125

avg / total       0.78      0.78      0.78       571

01/29/2018 20:30:37 [INFO] exp_shallowmodel: confusion matrix:
01/29/2018 20:30:37 [INFO] exp_shallowmodel: 
[[  5   1   6   2]
 [  0 115  15  34]
 [  2   9 242  15]
 [  2  31  10  82]]
01/29/2018 20:30:37 [INFO] exp_shallowmodel: ******************** dstc2 - Round 27 
01/29/2018 20:30:37 [INFO] exp_shallowmodel: #(data) = 4583
01/29/2018 20:30:37 [INFO] exp_shallowmodel: #(feature) = 1025
01/29/2018 20:30:37 [INFO] exp_shallowmodel: ================================================================================
01/29/2018 20:30:37 [INFO] exp_shallowmodel: LR.pen=l1.C=1.000000
01/29/2018 20:30:37 [INFO] exp_shallowmodel: ________________________________________________________________________________
01/29/2018 20:30:37 [INFO] exp_shallowmodel: Training: 
01/29/2018 20:30:37 [INFO] exp_shallowmodel: LogisticRegression(C=1, class_weight=None, dual=False, fit_intercept=True,
          intercept_scaling=1, max_iter=100, multi_class='ovr', n_jobs=1,
          penalty='l1', random_state=None, solver='liblinear', tol=0.0001,
          verbose=0, warm_start=False)
01/29/2018 20:30:54 [INFO] exp_shallowmodel: train time: 16.521s
01/29/2018 20:30:54 [INFO] exp_shallowmodel: test time:  0.001s
01/29/2018 20:30:54 [INFO] exp_shallowmodel: accuracy:   0.758
01/29/2018 20:30:54 [INFO] exp_shallowmodel: f1_score:   0.659
01/29/2018 20:30:54 [INFO] exp_shallowmodel: classification report:
01/29/2018 20:30:54 [INFO] exp_shallowmodel:              precision    recall  f1-score   support

          A       0.46      0.43      0.44        14
          C       0.71      0.67      0.69       164
          F       0.87      0.89      0.88       268
          R       0.61      0.63      0.62       125

avg / total       0.76      0.76      0.76       571

01/29/2018 20:30:54 [INFO] exp_shallowmodel: confusion matrix:
01/29/2018 20:30:54 [INFO] exp_shallowmodel: 
[[  6   2   2   4]
 [  0 110  21  33]
 [  4  12 238  14]
 [  3  30  13  79]]
01/29/2018 20:30:54 [INFO] exp_shallowmodel: ******************** dstc2 - Round 28 
01/29/2018 20:30:54 [INFO] exp_shallowmodel: #(data) = 4583
01/29/2018 20:30:54 [INFO] exp_shallowmodel: #(feature) = 1025
01/29/2018 20:30:54 [INFO] exp_shallowmodel: ================================================================================
01/29/2018 20:30:54 [INFO] exp_shallowmodel: LR.pen=l1.C=1.000000
01/29/2018 20:30:54 [INFO] exp_shallowmodel: ________________________________________________________________________________
01/29/2018 20:30:54 [INFO] exp_shallowmodel: Training: 
01/29/2018 20:30:54 [INFO] exp_shallowmodel: LogisticRegression(C=1, class_weight=None, dual=False, fit_intercept=True,
          intercept_scaling=1, max_iter=100, multi_class='ovr', n_jobs=1,
          penalty='l1', random_state=None, solver='liblinear', tol=0.0001,
          verbose=0, warm_start=False)
01/29/2018 20:31:09 [INFO] exp_shallowmodel: train time: 15.509s
01/29/2018 20:31:09 [INFO] exp_shallowmodel: test time:  0.001s
01/29/2018 20:31:09 [INFO] exp_shallowmodel: accuracy:   0.748
01/29/2018 20:31:09 [INFO] exp_shallowmodel: f1_score:   0.582
01/29/2018 20:31:09 [INFO] exp_shallowmodel: classification report:
01/29/2018 20:31:09 [INFO] exp_shallowmodel:              precision    recall  f1-score   support

          A       0.22      0.14      0.17        14
          C       0.72      0.68      0.70       164
          F       0.86      0.90      0.88       268
          R       0.58      0.58      0.58       125

avg / total       0.74      0.75      0.74       571

01/29/2018 20:31:09 [INFO] exp_shallowmodel: confusion matrix:
01/29/2018 20:31:09 [INFO] exp_shallowmodel: 
[[  2   1   3   8]
 [  2 112  18  32]
 [  5   9 241  13]
 [  0  34  19  72]]
01/29/2018 20:31:09 [INFO] exp_shallowmodel: ******************** dstc2 - Round 29 
01/29/2018 20:31:09 [INFO] exp_shallowmodel: #(data) = 4568
01/29/2018 20:31:09 [INFO] exp_shallowmodel: #(feature) = 1025
01/29/2018 20:31:09 [INFO] exp_shallowmodel: ================================================================================
01/29/2018 20:31:09 [INFO] exp_shallowmodel: LR.pen=l1.C=1.000000
01/29/2018 20:31:09 [INFO] exp_shallowmodel: ________________________________________________________________________________
01/29/2018 20:31:09 [INFO] exp_shallowmodel: Training: 
01/29/2018 20:31:09 [INFO] exp_shallowmodel: LogisticRegression(C=1, class_weight=None, dual=False, fit_intercept=True,
          intercept_scaling=1, max_iter=100, multi_class='ovr', n_jobs=1,
          penalty='l1', random_state=None, solver='liblinear', tol=0.0001,
          verbose=0, warm_start=False)
01/29/2018 20:31:25 [INFO] exp_shallowmodel: train time: 15.357s
01/29/2018 20:31:25 [INFO] exp_shallowmodel: test time:  0.001s
01/29/2018 20:31:25 [INFO] exp_shallowmodel: accuracy:   0.753
01/29/2018 20:31:25 [INFO] exp_shallowmodel: f1_score:   0.624
01/29/2018 20:31:25 [INFO] exp_shallowmodel: classification report:
01/29/2018 20:31:25 [INFO] exp_shallowmodel:              precision    recall  f1-score   support

          A       0.40      0.25      0.31        16
          C       0.73      0.72      0.73       169
          F       0.85      0.87      0.86       271
          R       0.60      0.60      0.60       130

avg / total       0.75      0.75      0.75       586

01/29/2018 20:31:25 [INFO] exp_shallowmodel: confusion matrix:
01/29/2018 20:31:25 [INFO] exp_shallowmodel: 
[[  4   2   9   1]
 [  1 122  15  31]
 [  2  12 237  20]
 [  3  31  18  78]]
01/29/2018 20:31:25 [INFO] exp_shallowmodel: ******************** dstc2 - Round 30 
01/29/2018 20:31:25 [INFO] exp_shallowmodel: #(data) = 4583
01/29/2018 20:31:25 [INFO] exp_shallowmodel: #(feature) = 1025
01/29/2018 20:31:25 [INFO] exp_shallowmodel: ================================================================================
01/29/2018 20:31:25 [INFO] exp_shallowmodel: LR.pen=l1.C=1.000000
01/29/2018 20:31:25 [INFO] exp_shallowmodel: ________________________________________________________________________________
01/29/2018 20:31:25 [INFO] exp_shallowmodel: Training: 
01/29/2018 20:31:25 [INFO] exp_shallowmodel: LogisticRegression(C=1, class_weight=None, dual=False, fit_intercept=True,
          intercept_scaling=1, max_iter=100, multi_class='ovr', n_jobs=1,
          penalty='l1', random_state=None, solver='liblinear', tol=0.0001,
          verbose=0, warm_start=False)
01/29/2018 20:31:40 [INFO] exp_shallowmodel: train time: 15.442s
01/29/2018 20:31:40 [INFO] exp_shallowmodel: test time:  0.001s
01/29/2018 20:31:40 [INFO] exp_shallowmodel: accuracy:   0.758
01/29/2018 20:31:40 [INFO] exp_shallowmodel: f1_score:   0.650
01/29/2018 20:31:40 [INFO] exp_shallowmodel: classification report:
01/29/2018 20:31:40 [INFO] exp_shallowmodel:              precision    recall  f1-score   support

          A       0.50      0.36      0.42        14
          C       0.68      0.73      0.70       164
          F       0.88      0.88      0.88       268
          R       0.62      0.58      0.60       125

avg / total       0.76      0.76      0.76       571

01/29/2018 20:31:40 [INFO] exp_shallowmodel: confusion matrix:
01/29/2018 20:31:40 [INFO] exp_shallowmodel: 
[[  5   2   4   3]
 [  4 119  13  28]
 [  0  19 236  13]
 [  1  35  16  73]]
01/29/2018 20:31:41 [INFO] exp_shallowmodel: ******************** dstc2 - Round 31 
01/29/2018 20:31:41 [INFO] exp_shallowmodel: #(data) = 4583
01/29/2018 20:31:41 [INFO] exp_shallowmodel: #(feature) = 1025
01/29/2018 20:31:41 [INFO] exp_shallowmodel: ================================================================================
01/29/2018 20:31:41 [INFO] exp_shallowmodel: LR.pen=l1.C=1.000000
01/29/2018 20:31:41 [INFO] exp_shallowmodel: ________________________________________________________________________________
01/29/2018 20:31:41 [INFO] exp_shallowmodel: Training: 
01/29/2018 20:31:41 [INFO] exp_shallowmodel: LogisticRegression(C=1, class_weight=None, dual=False, fit_intercept=True,
          intercept_scaling=1, max_iter=100, multi_class='ovr', n_jobs=1,
          penalty='l1', random_state=None, solver='liblinear', tol=0.0001,
          verbose=0, warm_start=False)
01/29/2018 20:31:56 [INFO] exp_shallowmodel: train time: 15.373s
01/29/2018 20:31:56 [INFO] exp_shallowmodel: test time:  0.001s
01/29/2018 20:31:56 [INFO] exp_shallowmodel: accuracy:   0.781
01/29/2018 20:31:56 [INFO] exp_shallowmodel: f1_score:   0.614
01/29/2018 20:31:56 [INFO] exp_shallowmodel: classification report:
01/29/2018 20:31:56 [INFO] exp_shallowmodel:              precision    recall  f1-score   support

          A       0.25      0.14      0.18        14
          C       0.77      0.73      0.75       164
          F       0.86      0.92      0.89       268
          R       0.64      0.63      0.63       125

avg / total       0.77      0.78      0.78       571

01/29/2018 20:31:56 [INFO] exp_shallowmodel: confusion matrix:
01/29/2018 20:31:56 [INFO] exp_shallowmodel: 
[[  2   0   4   8]
 [  2 119  16  27]
 [  2  10 246  10]
 [  2  25  19  79]]
01/29/2018 20:31:56 [INFO] exp_shallowmodel: ******************** dstc2 - Round 32 
01/29/2018 20:31:56 [INFO] exp_shallowmodel: #(data) = 4583
01/29/2018 20:31:56 [INFO] exp_shallowmodel: #(feature) = 1025
01/29/2018 20:31:56 [INFO] exp_shallowmodel: ================================================================================
01/29/2018 20:31:56 [INFO] exp_shallowmodel: LR.pen=l1.C=1.000000
01/29/2018 20:31:56 [INFO] exp_shallowmodel: ________________________________________________________________________________
01/29/2018 20:31:56 [INFO] exp_shallowmodel: Training: 
01/29/2018 20:31:56 [INFO] exp_shallowmodel: LogisticRegression(C=1, class_weight=None, dual=False, fit_intercept=True,
          intercept_scaling=1, max_iter=100, multi_class='ovr', n_jobs=1,
          penalty='l1', random_state=None, solver='liblinear', tol=0.0001,
          verbose=0, warm_start=False)
01/29/2018 20:32:11 [INFO] exp_shallowmodel: train time: 14.712s
01/29/2018 20:32:11 [INFO] exp_shallowmodel: test time:  0.001s
01/29/2018 20:32:11 [INFO] exp_shallowmodel: accuracy:   0.725
01/29/2018 20:32:11 [INFO] exp_shallowmodel: f1_score:   0.619
01/29/2018 20:32:11 [INFO] exp_shallowmodel: classification report:
01/29/2018 20:32:11 [INFO] exp_shallowmodel:              precision    recall  f1-score   support

          A       0.50      0.36      0.42        14
          C       0.68      0.65      0.66       164
          F       0.85      0.88      0.86       268
          R       0.53      0.54      0.53       125

avg / total       0.72      0.73      0.72       571

01/29/2018 20:32:11 [INFO] exp_shallowmodel: confusion matrix:
01/29/2018 20:32:11 [INFO] exp_shallowmodel: 
[[  5   4   3   2]
 [  2 106  16  40]
 [  3  12 236  17]
 [  0  34  24  67]]
01/29/2018 20:32:11 [INFO] exp_shallowmodel: ******************** dstc2 - Round 33 
01/29/2018 20:32:11 [INFO] exp_shallowmodel: #(data) = 4583
01/29/2018 20:32:11 [INFO] exp_shallowmodel: #(feature) = 1025
01/29/2018 20:32:11 [INFO] exp_shallowmodel: ================================================================================
01/29/2018 20:32:11 [INFO] exp_shallowmodel: LR.pen=l1.C=1.000000
01/29/2018 20:32:11 [INFO] exp_shallowmodel: ________________________________________________________________________________
01/29/2018 20:32:11 [INFO] exp_shallowmodel: Training: 
01/29/2018 20:32:11 [INFO] exp_shallowmodel: LogisticRegression(C=1, class_weight=None, dual=False, fit_intercept=True,
          intercept_scaling=1, max_iter=100, multi_class='ovr', n_jobs=1,
          penalty='l1', random_state=None, solver='liblinear', tol=0.0001,
          verbose=0, warm_start=False)
01/29/2018 20:32:24 [INFO] exp_shallowmodel: train time: 13.414s
01/29/2018 20:32:24 [INFO] exp_shallowmodel: test time:  0.001s
01/29/2018 20:32:24 [INFO] exp_shallowmodel: accuracy:   0.744
01/29/2018 20:32:24 [INFO] exp_shallowmodel: f1_score:   0.561
01/29/2018 20:32:24 [INFO] exp_shallowmodel: classification report:
01/29/2018 20:32:24 [INFO] exp_shallowmodel:              precision    recall  f1-score   support

          A       0.09      0.07      0.08        14
          C       0.71      0.64      0.68       164
          F       0.87      0.89      0.88       268
          R       0.58      0.64      0.61       125

avg / total       0.74      0.74      0.74       571

01/29/2018 20:32:24 [INFO] exp_shallowmodel: confusion matrix:
01/29/2018 20:32:24 [INFO] exp_shallowmodel: 
[[  1   3   5   5]
 [  3 105  15  41]
 [  6  11 239  12]
 [  1  28  16  80]]
01/29/2018 20:32:24 [INFO] exp_shallowmodel: ******************** dstc2 - Round 34 
01/29/2018 20:32:24 [INFO] exp_shallowmodel: #(data) = 4583
01/29/2018 20:32:24 [INFO] exp_shallowmodel: #(feature) = 1025
01/29/2018 20:32:24 [INFO] exp_shallowmodel: ================================================================================
01/29/2018 20:32:24 [INFO] exp_shallowmodel: LR.pen=l1.C=1.000000
01/29/2018 20:32:24 [INFO] exp_shallowmodel: ________________________________________________________________________________
01/29/2018 20:32:24 [INFO] exp_shallowmodel: Training: 
01/29/2018 20:32:24 [INFO] exp_shallowmodel: LogisticRegression(C=1, class_weight=None, dual=False, fit_intercept=True,
          intercept_scaling=1, max_iter=100, multi_class='ovr', n_jobs=1,
          penalty='l1', random_state=None, solver='liblinear', tol=0.0001,
          verbose=0, warm_start=False)
01/29/2018 20:32:39 [INFO] exp_shallowmodel: train time: 14.996s
01/29/2018 20:32:39 [INFO] exp_shallowmodel: test time:  0.001s
01/29/2018 20:32:39 [INFO] exp_shallowmodel: accuracy:   0.772
01/29/2018 20:32:39 [INFO] exp_shallowmodel: f1_score:   0.653
01/29/2018 20:32:39 [INFO] exp_shallowmodel: classification report:
01/29/2018 20:32:39 [INFO] exp_shallowmodel:              precision    recall  f1-score   support

          A       0.38      0.36      0.37        14
          C       0.73      0.70      0.71       164
          F       0.88      0.90      0.89       268
          R       0.64      0.64      0.64       125

avg / total       0.77      0.77      0.77       571

01/29/2018 20:32:39 [INFO] exp_shallowmodel: confusion matrix:
01/29/2018 20:32:39 [INFO] exp_shallowmodel: 
[[  5   3   5   1]
 [  2 115  14  33]
 [  5  11 241  11]
 [  1  29  15  80]]
01/29/2018 20:32:40 [INFO] exp_shallowmodel: ******************** dstc2 - Round 35 
01/29/2018 20:32:40 [INFO] exp_shallowmodel: #(data) = 4583
01/29/2018 20:32:40 [INFO] exp_shallowmodel: #(feature) = 1025
01/29/2018 20:32:40 [INFO] exp_shallowmodel: ================================================================================
01/29/2018 20:32:40 [INFO] exp_shallowmodel: LR.pen=l1.C=1.000000
01/29/2018 20:32:40 [INFO] exp_shallowmodel: ________________________________________________________________________________
01/29/2018 20:32:40 [INFO] exp_shallowmodel: Training: 
01/29/2018 20:32:40 [INFO] exp_shallowmodel: LogisticRegression(C=1, class_weight=None, dual=False, fit_intercept=True,
          intercept_scaling=1, max_iter=100, multi_class='ovr', n_jobs=1,
          penalty='l1', random_state=None, solver='liblinear', tol=0.0001,
          verbose=0, warm_start=False)
01/29/2018 20:32:56 [INFO] exp_shallowmodel: train time: 16.213s
01/29/2018 20:32:56 [INFO] exp_shallowmodel: test time:  0.001s
01/29/2018 20:32:56 [INFO] exp_shallowmodel: accuracy:   0.750
01/29/2018 20:32:56 [INFO] exp_shallowmodel: f1_score:   0.620
01/29/2018 20:32:56 [INFO] exp_shallowmodel: classification report:
01/29/2018 20:32:56 [INFO] exp_shallowmodel:              precision    recall  f1-score   support

          A       0.33      0.29      0.31        14
          C       0.71      0.70      0.70       164
          F       0.84      0.88      0.86       268
          R       0.63      0.59      0.61       125

avg / total       0.74      0.75      0.75       571

01/29/2018 20:32:56 [INFO] exp_shallowmodel: confusion matrix:
01/29/2018 20:32:56 [INFO] exp_shallowmodel: 
[[  4   1   7   2]
 [  1 115  21  27]
 [  3  16 235  14]
 [  4  31  16  74]]
01/29/2018 20:32:56 [INFO] exp_shallowmodel: ******************** dstc2 - Round 36 
01/29/2018 20:32:56 [INFO] exp_shallowmodel: #(data) = 4583
01/29/2018 20:32:56 [INFO] exp_shallowmodel: #(feature) = 1025
01/29/2018 20:32:56 [INFO] exp_shallowmodel: ================================================================================
01/29/2018 20:32:56 [INFO] exp_shallowmodel: LR.pen=l1.C=1.000000
01/29/2018 20:32:56 [INFO] exp_shallowmodel: ________________________________________________________________________________
01/29/2018 20:32:56 [INFO] exp_shallowmodel: Training: 
01/29/2018 20:32:56 [INFO] exp_shallowmodel: LogisticRegression(C=1, class_weight=None, dual=False, fit_intercept=True,
          intercept_scaling=1, max_iter=100, multi_class='ovr', n_jobs=1,
          penalty='l1', random_state=None, solver='liblinear', tol=0.0001,
          verbose=0, warm_start=False)
01/29/2018 20:33:11 [INFO] exp_shallowmodel: train time: 15.081s
01/29/2018 20:33:11 [INFO] exp_shallowmodel: test time:  0.001s
01/29/2018 20:33:11 [INFO] exp_shallowmodel: accuracy:   0.774
01/29/2018 20:33:11 [INFO] exp_shallowmodel: f1_score:   0.630
01/29/2018 20:33:11 [INFO] exp_shallowmodel: classification report:
01/29/2018 20:33:11 [INFO] exp_shallowmodel:              precision    recall  f1-score   support

          A       0.33      0.21      0.26        14
          C       0.72      0.68      0.70       164
          F       0.90      0.89      0.90       268
          R       0.63      0.70      0.66       125

avg / total       0.77      0.77      0.77       571

01/29/2018 20:33:11 [INFO] exp_shallowmodel: confusion matrix:
01/29/2018 20:33:11 [INFO] exp_shallowmodel: 
[[  3   2   7   2]
 [  3 112  12  37]
 [  1  15 239  13]
 [  2  27   8  88]]
01/29/2018 20:33:11 [INFO] exp_shallowmodel: ******************** dstc2 - Round 37 
01/29/2018 20:33:11 [INFO] exp_shallowmodel: #(data) = 4583
01/29/2018 20:33:11 [INFO] exp_shallowmodel: #(feature) = 1025
01/29/2018 20:33:11 [INFO] exp_shallowmodel: ================================================================================
01/29/2018 20:33:11 [INFO] exp_shallowmodel: LR.pen=l1.C=1.000000
01/29/2018 20:33:11 [INFO] exp_shallowmodel: ________________________________________________________________________________
01/29/2018 20:33:11 [INFO] exp_shallowmodel: Training: 
01/29/2018 20:33:11 [INFO] exp_shallowmodel: LogisticRegression(C=1, class_weight=None, dual=False, fit_intercept=True,
          intercept_scaling=1, max_iter=100, multi_class='ovr', n_jobs=1,
          penalty='l1', random_state=None, solver='liblinear', tol=0.0001,
          verbose=0, warm_start=False)
01/29/2018 20:33:26 [INFO] exp_shallowmodel: train time: 14.399s
01/29/2018 20:33:26 [INFO] exp_shallowmodel: test time:  0.001s
01/29/2018 20:33:26 [INFO] exp_shallowmodel: accuracy:   0.758
01/29/2018 20:33:26 [INFO] exp_shallowmodel: f1_score:   0.655
01/29/2018 20:33:26 [INFO] exp_shallowmodel: classification report:
01/29/2018 20:33:26 [INFO] exp_shallowmodel:              precision    recall  f1-score   support

          A       0.56      0.36      0.43        14
          C       0.73      0.71      0.72       164
          F       0.86      0.88      0.87       268
          R       0.59      0.59      0.59       125

avg / total       0.75      0.76      0.76       571

01/29/2018 20:33:26 [INFO] exp_shallowmodel: confusion matrix:
01/29/2018 20:33:26 [INFO] exp_shallowmodel: 
[[  5   1   7   1]
 [  1 117  13  33]
 [  1  13 237  17]
 [  2  30  19  74]]
01/29/2018 20:33:26 [INFO] exp_shallowmodel: ******************** dstc2 - Round 38 
01/29/2018 20:33:26 [INFO] exp_shallowmodel: #(data) = 4583
01/29/2018 20:33:26 [INFO] exp_shallowmodel: #(feature) = 1025
01/29/2018 20:33:26 [INFO] exp_shallowmodel: ================================================================================
01/29/2018 20:33:26 [INFO] exp_shallowmodel: LR.pen=l1.C=1.000000
01/29/2018 20:33:26 [INFO] exp_shallowmodel: ________________________________________________________________________________
01/29/2018 20:33:26 [INFO] exp_shallowmodel: Training: 
01/29/2018 20:33:26 [INFO] exp_shallowmodel: LogisticRegression(C=1, class_weight=None, dual=False, fit_intercept=True,
          intercept_scaling=1, max_iter=100, multi_class='ovr', n_jobs=1,
          penalty='l1', random_state=None, solver='liblinear', tol=0.0001,
          verbose=0, warm_start=False)
01/29/2018 20:33:40 [INFO] exp_shallowmodel: train time: 14.543s
01/29/2018 20:33:40 [INFO] exp_shallowmodel: test time:  0.001s
01/29/2018 20:33:40 [INFO] exp_shallowmodel: accuracy:   0.764
01/29/2018 20:33:40 [INFO] exp_shallowmodel: f1_score:   0.668
01/29/2018 20:33:40 [INFO] exp_shallowmodel: classification report:
01/29/2018 20:33:40 [INFO] exp_shallowmodel:              precision    recall  f1-score   support

          A       0.62      0.36      0.45        14
          C       0.72      0.66      0.69       164
          F       0.88      0.88      0.88       268
          R       0.61      0.70      0.65       125

avg / total       0.77      0.76      0.76       571

01/29/2018 20:33:40 [INFO] exp_shallowmodel: confusion matrix:
01/29/2018 20:33:40 [INFO] exp_shallowmodel: 
[[  5   2   3   4]
 [  0 108  19  37]
 [  3  15 235  15]
 [  0  26  11  88]]
01/29/2018 20:33:40 [INFO] exp_shallowmodel: ******************** dstc2 - Round 39 
01/29/2018 20:33:40 [INFO] exp_shallowmodel: #(data) = 4568
01/29/2018 20:33:40 [INFO] exp_shallowmodel: #(feature) = 1025
01/29/2018 20:33:40 [INFO] exp_shallowmodel: ================================================================================
01/29/2018 20:33:40 [INFO] exp_shallowmodel: LR.pen=l1.C=1.000000
01/29/2018 20:33:40 [INFO] exp_shallowmodel: ________________________________________________________________________________
01/29/2018 20:33:40 [INFO] exp_shallowmodel: Training: 
01/29/2018 20:33:40 [INFO] exp_shallowmodel: LogisticRegression(C=1, class_weight=None, dual=False, fit_intercept=True,
          intercept_scaling=1, max_iter=100, multi_class='ovr', n_jobs=1,
          penalty='l1', random_state=None, solver='liblinear', tol=0.0001,
          verbose=0, warm_start=False)
01/29/2018 20:33:55 [INFO] exp_shallowmodel: train time: 14.875s
01/29/2018 20:33:55 [INFO] exp_shallowmodel: test time:  0.001s
01/29/2018 20:33:55 [INFO] exp_shallowmodel: accuracy:   0.766
01/29/2018 20:33:55 [INFO] exp_shallowmodel: f1_score:   0.601
01/29/2018 20:33:55 [INFO] exp_shallowmodel: classification report:
01/29/2018 20:33:55 [INFO] exp_shallowmodel:              precision    recall  f1-score   support

          A       0.25      0.12      0.17        16
          C       0.72      0.73      0.73       169
          F       0.88      0.89      0.88       271
          R       0.62      0.64      0.63       130

avg / total       0.76      0.77      0.76       586

01/29/2018 20:33:55 [INFO] exp_shallowmodel: confusion matrix:
01/29/2018 20:33:55 [INFO] exp_shallowmodel: 
[[  2   5   5   4]
 [  0 123  13  33]
 [  5  11 241  14]
 [  1  31  15  83]]
01/29/2018 20:33:55 [INFO] exp_shallowmodel: ******************** dstc2 - Round 40 
01/29/2018 20:33:55 [INFO] exp_shallowmodel: #(data) = 4583
01/29/2018 20:33:55 [INFO] exp_shallowmodel: #(feature) = 1025
01/29/2018 20:33:55 [INFO] exp_shallowmodel: ================================================================================
01/29/2018 20:33:55 [INFO] exp_shallowmodel: LR.pen=l1.C=1.000000
01/29/2018 20:33:55 [INFO] exp_shallowmodel: ________________________________________________________________________________
01/29/2018 20:33:55 [INFO] exp_shallowmodel: Training: 
01/29/2018 20:33:55 [INFO] exp_shallowmodel: LogisticRegression(C=1, class_weight=None, dual=False, fit_intercept=True,
          intercept_scaling=1, max_iter=100, multi_class='ovr', n_jobs=1,
          penalty='l1', random_state=None, solver='liblinear', tol=0.0001,
          verbose=0, warm_start=False)
01/29/2018 20:34:10 [INFO] exp_shallowmodel: train time: 14.918s
01/29/2018 20:34:10 [INFO] exp_shallowmodel: test time:  0.001s
01/29/2018 20:34:10 [INFO] exp_shallowmodel: accuracy:   0.767
01/29/2018 20:34:10 [INFO] exp_shallowmodel: f1_score:   0.626
01/29/2018 20:34:10 [INFO] exp_shallowmodel: classification report:
01/29/2018 20:34:10 [INFO] exp_shallowmodel:              precision    recall  f1-score   support

          A       0.24      0.29      0.26        14
          C       0.74      0.74      0.74       164
          F       0.89      0.87      0.88       268
          R       0.62      0.63      0.63       125

avg / total       0.77      0.77      0.77       571

01/29/2018 20:34:10 [INFO] exp_shallowmodel: confusion matrix:
01/29/2018 20:34:10 [INFO] exp_shallowmodel: 
[[  4   4   3   3]
 [  1 122  11  30]
 [  7  13 233  15]
 [  5  26  15  79]]
01/29/2018 20:34:10 [INFO] exp_shallowmodel: ******************** dstc2 - Round 41 
01/29/2018 20:34:10 [INFO] exp_shallowmodel: #(data) = 4583
01/29/2018 20:34:10 [INFO] exp_shallowmodel: #(feature) = 1025
01/29/2018 20:34:10 [INFO] exp_shallowmodel: ================================================================================
01/29/2018 20:34:10 [INFO] exp_shallowmodel: LR.pen=l1.C=1.000000
01/29/2018 20:34:10 [INFO] exp_shallowmodel: ________________________________________________________________________________
01/29/2018 20:34:10 [INFO] exp_shallowmodel: Training: 
01/29/2018 20:34:10 [INFO] exp_shallowmodel: LogisticRegression(C=1, class_weight=None, dual=False, fit_intercept=True,
          intercept_scaling=1, max_iter=100, multi_class='ovr', n_jobs=1,
          penalty='l1', random_state=None, solver='liblinear', tol=0.0001,
          verbose=0, warm_start=False)
01/29/2018 20:34:25 [INFO] exp_shallowmodel: train time: 14.637s
01/29/2018 20:34:25 [INFO] exp_shallowmodel: test time:  0.001s
01/29/2018 20:34:25 [INFO] exp_shallowmodel: accuracy:   0.778
01/29/2018 20:34:25 [INFO] exp_shallowmodel: f1_score:   0.696
01/29/2018 20:34:25 [INFO] exp_shallowmodel: classification report:
01/29/2018 20:34:25 [INFO] exp_shallowmodel:              precision    recall  f1-score   support

          A       0.75      0.43      0.55        14
          C       0.72      0.71      0.72       164
          F       0.89      0.90      0.89       268
          R       0.62      0.64      0.63       125

avg / total       0.78      0.78      0.78       571

01/29/2018 20:34:25 [INFO] exp_shallowmodel: confusion matrix:
01/29/2018 20:34:25 [INFO] exp_shallowmodel: 
[[  6   3   4   1]
 [  0 117  16  31]
 [  0  10 241  17]
 [  2  32  11  80]]
01/29/2018 20:34:25 [INFO] exp_shallowmodel: ******************** dstc2 - Round 42 
01/29/2018 20:34:25 [INFO] exp_shallowmodel: #(data) = 4583
01/29/2018 20:34:25 [INFO] exp_shallowmodel: #(feature) = 1025
01/29/2018 20:34:25 [INFO] exp_shallowmodel: ================================================================================
01/29/2018 20:34:25 [INFO] exp_shallowmodel: LR.pen=l1.C=1.000000
01/29/2018 20:34:25 [INFO] exp_shallowmodel: ________________________________________________________________________________
01/29/2018 20:34:25 [INFO] exp_shallowmodel: Training: 
01/29/2018 20:34:25 [INFO] exp_shallowmodel: LogisticRegression(C=1, class_weight=None, dual=False, fit_intercept=True,
          intercept_scaling=1, max_iter=100, multi_class='ovr', n_jobs=1,
          penalty='l1', random_state=None, solver='liblinear', tol=0.0001,
          verbose=0, warm_start=False)
01/29/2018 20:34:40 [INFO] exp_shallowmodel: train time: 14.870s
01/29/2018 20:34:40 [INFO] exp_shallowmodel: test time:  0.001s
01/29/2018 20:34:40 [INFO] exp_shallowmodel: accuracy:   0.750
01/29/2018 20:34:40 [INFO] exp_shallowmodel: f1_score:   0.605
01/29/2018 20:34:40 [INFO] exp_shallowmodel: classification report:
01/29/2018 20:34:40 [INFO] exp_shallowmodel:              precision    recall  f1-score   support

          A       0.30      0.21      0.25        14
          C       0.70      0.67      0.69       164
          F       0.85      0.89      0.87       268
          R       0.62      0.61      0.61       125

avg / total       0.74      0.75      0.75       571

01/29/2018 20:34:40 [INFO] exp_shallowmodel: confusion matrix:
01/29/2018 20:34:40 [INFO] exp_shallowmodel: 
[[  3   0   6   5]
 [  2 110  19  33]
 [  3  17 239   9]
 [  2  30  17  76]]
01/29/2018 20:34:40 [INFO] exp_shallowmodel: ******************** dstc2 - Round 43 
01/29/2018 20:34:40 [INFO] exp_shallowmodel: #(data) = 4583
01/29/2018 20:34:40 [INFO] exp_shallowmodel: #(feature) = 1025
01/29/2018 20:34:40 [INFO] exp_shallowmodel: ================================================================================
01/29/2018 20:34:40 [INFO] exp_shallowmodel: LR.pen=l1.C=1.000000
01/29/2018 20:34:40 [INFO] exp_shallowmodel: ________________________________________________________________________________
01/29/2018 20:34:40 [INFO] exp_shallowmodel: Training: 
01/29/2018 20:34:40 [INFO] exp_shallowmodel: LogisticRegression(C=1, class_weight=None, dual=False, fit_intercept=True,
          intercept_scaling=1, max_iter=100, multi_class='ovr', n_jobs=1,
          penalty='l1', random_state=None, solver='liblinear', tol=0.0001,
          verbose=0, warm_start=False)
01/29/2018 20:34:55 [INFO] exp_shallowmodel: train time: 14.959s
01/29/2018 20:34:55 [INFO] exp_shallowmodel: test time:  0.001s
01/29/2018 20:34:55 [INFO] exp_shallowmodel: accuracy:   0.755
01/29/2018 20:34:55 [INFO] exp_shallowmodel: f1_score:   0.641
01/29/2018 20:34:55 [INFO] exp_shallowmodel: classification report:
01/29/2018 20:34:55 [INFO] exp_shallowmodel:              precision    recall  f1-score   support

          A       0.50      0.36      0.42        14
          C       0.70      0.76      0.73       164
          F       0.85      0.90      0.87       268
          R       0.61      0.50      0.55       125

avg / total       0.75      0.75      0.75       571

01/29/2018 20:34:55 [INFO] exp_shallowmodel: confusion matrix:
01/29/2018 20:34:55 [INFO] exp_shallowmodel: 
[[  5   1   6   2]
 [  2 124  13  25]
 [  2  13 240  13]
 [  1  40  22  62]]
01/29/2018 20:34:55 [INFO] exp_shallowmodel: ******************** dstc2 - Round 44 
01/29/2018 20:34:55 [INFO] exp_shallowmodel: #(data) = 4583
01/29/2018 20:34:55 [INFO] exp_shallowmodel: #(feature) = 1025
01/29/2018 20:34:55 [INFO] exp_shallowmodel: ================================================================================
01/29/2018 20:34:55 [INFO] exp_shallowmodel: LR.pen=l1.C=1.000000
01/29/2018 20:34:55 [INFO] exp_shallowmodel: ________________________________________________________________________________
01/29/2018 20:34:55 [INFO] exp_shallowmodel: Training: 
01/29/2018 20:34:55 [INFO] exp_shallowmodel: LogisticRegression(C=1, class_weight=None, dual=False, fit_intercept=True,
          intercept_scaling=1, max_iter=100, multi_class='ovr', n_jobs=1,
          penalty='l1', random_state=None, solver='liblinear', tol=0.0001,
          verbose=0, warm_start=False)
01/29/2018 20:35:11 [INFO] exp_shallowmodel: train time: 15.504s
01/29/2018 20:35:11 [INFO] exp_shallowmodel: test time:  0.001s
01/29/2018 20:35:11 [INFO] exp_shallowmodel: accuracy:   0.743
01/29/2018 20:35:11 [INFO] exp_shallowmodel: f1_score:   0.563
01/29/2018 20:35:11 [INFO] exp_shallowmodel: classification report:
01/29/2018 20:35:11 [INFO] exp_shallowmodel:              precision    recall  f1-score   support

          A       0.11      0.07      0.09        14
          C       0.74      0.67      0.70       164
          F       0.82      0.88      0.85       268
          R       0.61      0.62      0.61       125

avg / total       0.73      0.74      0.74       571

01/29/2018 20:35:11 [INFO] exp_shallowmodel: confusion matrix:
01/29/2018 20:35:11 [INFO] exp_shallowmodel: 
[[  1   5   3   5]
 [  3 110  26  25]
 [  3  10 236  19]
 [  2  24  22  77]]
01/29/2018 20:35:11 [INFO] exp_shallowmodel: ******************** dstc2 - Round 45 
01/29/2018 20:35:11 [INFO] exp_shallowmodel: #(data) = 4583
01/29/2018 20:35:11 [INFO] exp_shallowmodel: #(feature) = 1025
01/29/2018 20:35:11 [INFO] exp_shallowmodel: ================================================================================
01/29/2018 20:35:11 [INFO] exp_shallowmodel: LR.pen=l1.C=1.000000
01/29/2018 20:35:11 [INFO] exp_shallowmodel: ________________________________________________________________________________
01/29/2018 20:35:11 [INFO] exp_shallowmodel: Training: 
01/29/2018 20:35:11 [INFO] exp_shallowmodel: LogisticRegression(C=1, class_weight=None, dual=False, fit_intercept=True,
          intercept_scaling=1, max_iter=100, multi_class='ovr', n_jobs=1,
          penalty='l1', random_state=None, solver='liblinear', tol=0.0001,
          verbose=0, warm_start=False)
01/29/2018 20:35:25 [INFO] exp_shallowmodel: train time: 14.510s
01/29/2018 20:35:25 [INFO] exp_shallowmodel: test time:  0.001s
01/29/2018 20:35:25 [INFO] exp_shallowmodel: accuracy:   0.732
01/29/2018 20:35:25 [INFO] exp_shallowmodel: f1_score:   0.603
01/29/2018 20:35:25 [INFO] exp_shallowmodel: classification report:
01/29/2018 20:35:25 [INFO] exp_shallowmodel:              precision    recall  f1-score   support

          A       0.33      0.29      0.31        14
          C       0.66      0.65      0.65       164
          F       0.89      0.87      0.88       268
          R       0.54      0.60      0.57       125

avg / total       0.74      0.73      0.73       571

01/29/2018 20:35:25 [INFO] exp_shallowmodel: confusion matrix:
01/29/2018 20:35:25 [INFO] exp_shallowmodel: 
[[  4   3   5   2]
 [  2 106  11  45]
 [  5  14 233  16]
 [  1  37  12  75]]
01/29/2018 20:35:25 [INFO] exp_shallowmodel: ******************** dstc2 - Round 46 
01/29/2018 20:35:25 [INFO] exp_shallowmodel: #(data) = 4583
01/29/2018 20:35:25 [INFO] exp_shallowmodel: #(feature) = 1025
01/29/2018 20:35:25 [INFO] exp_shallowmodel: ================================================================================
01/29/2018 20:35:25 [INFO] exp_shallowmodel: LR.pen=l1.C=1.000000
01/29/2018 20:35:25 [INFO] exp_shallowmodel: ________________________________________________________________________________
01/29/2018 20:35:25 [INFO] exp_shallowmodel: Training: 
01/29/2018 20:35:25 [INFO] exp_shallowmodel: LogisticRegression(C=1, class_weight=None, dual=False, fit_intercept=True,
          intercept_scaling=1, max_iter=100, multi_class='ovr', n_jobs=1,
          penalty='l1', random_state=None, solver='liblinear', tol=0.0001,
          verbose=0, warm_start=False)
01/29/2018 20:35:41 [INFO] exp_shallowmodel: train time: 15.613s
01/29/2018 20:35:41 [INFO] exp_shallowmodel: test time:  0.001s
01/29/2018 20:35:41 [INFO] exp_shallowmodel: accuracy:   0.751
01/29/2018 20:35:41 [INFO] exp_shallowmodel: f1_score:   0.631
01/29/2018 20:35:41 [INFO] exp_shallowmodel: classification report:
01/29/2018 20:35:41 [INFO] exp_shallowmodel:              precision    recall  f1-score   support

          A       0.38      0.36      0.37        14
          C       0.67      0.68      0.68       164
          F       0.87      0.90      0.88       268
          R       0.62      0.57      0.59       125

avg / total       0.75      0.75      0.75       571

01/29/2018 20:35:41 [INFO] exp_shallowmodel: confusion matrix:
01/29/2018 20:35:41 [INFO] exp_shallowmodel: 
[[  5   1   4   4]
 [  3 112  20  29]
 [  4  13 241  10]
 [  1  41  12  71]]
01/29/2018 20:35:41 [INFO] exp_shallowmodel: ******************** dstc2 - Round 47 
01/29/2018 20:35:41 [INFO] exp_shallowmodel: #(data) = 4583
01/29/2018 20:35:41 [INFO] exp_shallowmodel: #(feature) = 1025
01/29/2018 20:35:41 [INFO] exp_shallowmodel: ================================================================================
01/29/2018 20:35:41 [INFO] exp_shallowmodel: LR.pen=l1.C=1.000000
01/29/2018 20:35:41 [INFO] exp_shallowmodel: ________________________________________________________________________________
01/29/2018 20:35:41 [INFO] exp_shallowmodel: Training: 
01/29/2018 20:35:41 [INFO] exp_shallowmodel: LogisticRegression(C=1, class_weight=None, dual=False, fit_intercept=True,
          intercept_scaling=1, max_iter=100, multi_class='ovr', n_jobs=1,
          penalty='l1', random_state=None, solver='liblinear', tol=0.0001,
          verbose=0, warm_start=False)
01/29/2018 20:35:57 [INFO] exp_shallowmodel: train time: 15.627s
01/29/2018 20:35:57 [INFO] exp_shallowmodel: test time:  0.001s
01/29/2018 20:35:57 [INFO] exp_shallowmodel: accuracy:   0.774
01/29/2018 20:35:57 [INFO] exp_shallowmodel: f1_score:   0.677
01/29/2018 20:35:57 [INFO] exp_shallowmodel: classification report:
01/29/2018 20:35:57 [INFO] exp_shallowmodel:              precision    recall  f1-score   support

          A       0.50      0.43      0.46        14
          C       0.69      0.71      0.70       164
          F       0.88      0.89      0.89       268
          R       0.67      0.64      0.66       125

avg / total       0.77      0.77      0.77       571

01/29/2018 20:35:57 [INFO] exp_shallowmodel: confusion matrix:
01/29/2018 20:35:57 [INFO] exp_shallowmodel: 
[[  6   2   6   0]
 [  2 117  15  30]
 [  4  16 239   9]
 [  0  34  11  80]]
01/29/2018 20:35:57 [INFO] exp_shallowmodel: ******************** dstc2 - Round 48 
01/29/2018 20:35:57 [INFO] exp_shallowmodel: #(data) = 4583
01/29/2018 20:35:57 [INFO] exp_shallowmodel: #(feature) = 1025
01/29/2018 20:35:57 [INFO] exp_shallowmodel: ================================================================================
01/29/2018 20:35:57 [INFO] exp_shallowmodel: LR.pen=l1.C=1.000000
01/29/2018 20:35:57 [INFO] exp_shallowmodel: ________________________________________________________________________________
01/29/2018 20:35:57 [INFO] exp_shallowmodel: Training: 
01/29/2018 20:35:57 [INFO] exp_shallowmodel: LogisticRegression(C=1, class_weight=None, dual=False, fit_intercept=True,
          intercept_scaling=1, max_iter=100, multi_class='ovr', n_jobs=1,
          penalty='l1', random_state=None, solver='liblinear', tol=0.0001,
          verbose=0, warm_start=False)
01/29/2018 20:36:13 [INFO] exp_shallowmodel: train time: 15.690s
01/29/2018 20:36:13 [INFO] exp_shallowmodel: test time:  0.001s
01/29/2018 20:36:13 [INFO] exp_shallowmodel: accuracy:   0.743
01/29/2018 20:36:13 [INFO] exp_shallowmodel: f1_score:   0.633
01/29/2018 20:36:13 [INFO] exp_shallowmodel: classification report:
01/29/2018 20:36:13 [INFO] exp_shallowmodel:              precision    recall  f1-score   support

          A       0.45      0.36      0.40        14
          C       0.69      0.76      0.72       164
          F       0.85      0.85      0.85       268
          R       0.60      0.53      0.56       125

avg / total       0.74      0.74      0.74       571

01/29/2018 20:36:13 [INFO] exp_shallowmodel: confusion matrix:
01/29/2018 20:36:13 [INFO] exp_shallowmodel: 
[[  5   2   4   3]
 [  0 124  16  24]
 [  5  17 229  17]
 [  1  38  20  66]]
01/29/2018 20:36:13 [INFO] exp_shallowmodel: ******************** dstc2 - Round 49 
01/29/2018 20:36:13 [INFO] exp_shallowmodel: #(data) = 4568
01/29/2018 20:36:13 [INFO] exp_shallowmodel: #(feature) = 1025
01/29/2018 20:36:13 [INFO] exp_shallowmodel: ================================================================================
01/29/2018 20:36:13 [INFO] exp_shallowmodel: LR.pen=l1.C=1.000000
01/29/2018 20:36:13 [INFO] exp_shallowmodel: ________________________________________________________________________________
01/29/2018 20:36:13 [INFO] exp_shallowmodel: Training: 
01/29/2018 20:36:13 [INFO] exp_shallowmodel: LogisticRegression(C=1, class_weight=None, dual=False, fit_intercept=True,
          intercept_scaling=1, max_iter=100, multi_class='ovr', n_jobs=1,
          penalty='l1', random_state=None, solver='liblinear', tol=0.0001,
          verbose=0, warm_start=False)
01/29/2018 20:36:28 [INFO] exp_shallowmodel: train time: 14.702s
01/29/2018 20:36:28 [INFO] exp_shallowmodel: test time:  0.001s
01/29/2018 20:36:28 [INFO] exp_shallowmodel: accuracy:   0.780
01/29/2018 20:36:28 [INFO] exp_shallowmodel: f1_score:   0.661
01/29/2018 20:36:28 [INFO] exp_shallowmodel: classification report:
01/29/2018 20:36:28 [INFO] exp_shallowmodel:              precision    recall  f1-score   support

          A       0.45      0.31      0.37        16
          C       0.74      0.72      0.73       169
          F       0.88      0.90      0.89       271
          R       0.65      0.66      0.66       130

avg / total       0.78      0.78      0.78       586

01/29/2018 20:36:28 [INFO] exp_shallowmodel: confusion matrix:
01/29/2018 20:36:28 [INFO] exp_shallowmodel: 
[[  5   4   6   1]
 [  1 121  12  35]
 [  1  15 245  10]
 [  4  24  16  86]]
