01/30/2018 13:31:41 [INFO] configuration: experiment_mode  :   continuous_feature_selection
01/30/2018 13:31:41 [INFO] configuration: deep_model  :   False
01/30/2018 13:31:41 [INFO] configuration: selected_context_id  :   0
01/30/2018 13:31:41 [INFO] configuration: selected_feature_set_id  :   6
01/30/2018 13:31:41 [INFO] configuration: similarity_feature  :   True
01/30/2018 13:31:41 [INFO] configuration: k_feature_to_keep  :   -1
01/30/2018 13:31:41 [INFO] configuration: k_component_for_pca  :   9
01/30/2018 13:31:41 [INFO] configuration: seed  :   154316847
01/30/2018 13:31:41 [INFO] configuration: root_path  :   /ihome/pbrusilosky/rum20/y_classify
01/30/2018 13:31:41 [INFO] configuration: task_name  :   utterance_type
01/30/2018 13:31:41 [INFO] configuration: timemark  :   20180130-133140
01/30/2018 13:31:41 [INFO] configuration: context_set  :   next
01/30/2018 13:31:41 [INFO] configuration: utterance_names  :   ['last_user_utterance', 'last_system_utterance', 'current_user_utterance', 'next_system_utterance', 'next_user_utterance']
01/30/2018 13:31:41 [INFO] configuration: utterance_range  :   ['current_user_utterance', 'next_system_utterance', 'next_user_utterance']
01/30/2018 13:31:41 [INFO] configuration: feature_set  :   6-w2v
01/30/2018 13:31:41 [INFO] configuration: feature_set_number  :   ['9']
01/30/2018 13:31:41 [INFO] configuration: experiment_name  :   20180130-133140.continuous_feature_selection.pca_component=9.feature_number=-1.context=next.feature=6-w2v.similarity=true
01/30/2018 13:31:41 [INFO] configuration: experiment_path  :   /ihome/pbrusilosky/rum20/y_classify/output/20180130-133140.continuous_feature_selection.pca_component=9.feature_number=-1.context=next.feature=6-w2v.similarity=true
01/30/2018 13:31:41 [INFO] configuration: log_path  :   /ihome/pbrusilosky/rum20/y_classify/output/20180130-133140.continuous_feature_selection.pca_component=9.feature_number=-1.context=next.feature=6-w2v.similarity=true/output.log
01/30/2018 13:31:41 [INFO] configuration: valid_type  :   {'C', 'R', 'A', 'F'}
01/30/2018 13:31:41 [INFO] configuration: data_name  :   
01/30/2018 13:31:41 [INFO] configuration: data_names  :   ['dstc2', 'dstc3', 'family', 'ghome']
01/30/2018 13:31:41 [INFO] configuration: raw_feature_path  :   /ihome/pbrusilosky/rum20/y_classify/dataset/feature/%s.raw_feature.pkl
01/30/2018 13:31:41 [INFO] configuration: extracted_feature_path  :   /ihome/pbrusilosky/rum20/y_classify/dataset/feature/%s.extracted_feature.pkl
01/30/2018 13:31:41 [INFO] configuration: pipeline_path  :   /ihome/pbrusilosky/rum20/y_classify/dataset/feature/%s.pipeline.pkl
01/30/2018 13:31:41 [INFO] configuration: metrics  :   ['accuracy', 'precision', 'recall', 'f1_score', 'training_time', 'test_time']
01/30/2018 13:31:41 [INFO] configuration: do_cross_validation  :   True
01/30/2018 13:31:41 [INFO] configuration: #division  :   5
01/30/2018 13:31:41 [INFO] configuration: #cross_validation  :   10
01/30/2018 13:31:41 [INFO] configuration: cv_index_cache_path  :   
01/30/2018 13:31:41 [INFO] configuration: action_words  :   {'remove', 'area', 'north', 'reminder', 'show', 'number', 'shuffl', 'next', 'discard', 'expensive', 'time', 'delete', 'snooz', 'room', 'part', 'item', 'help', 'snooze', 'list', 'matter', 'south', 'price', 'telephone', 'remind', 'song', 'turn', 'else', 'light', 'volume', 'watch', 'post', 'els', 'centre', 'food', 'add', 'member', 'reminds', 'play', 'delet', 'expens', 'timer', 'cheap', 'findcare', 'moderate', 'centr', 'temperatur', 'weather', 'telephon', 'shuffle', 'address', 'start', 'tell', 'stop', 'remov', 'findcar', 'share', 'phone', 'any', 'reminders', 'volum', 'alarm', 'cast', 'music', 'items', 'video', 'clear', 'moder', 'ani', 'temperature', 'skip'}
01/30/2018 13:31:41 [INFO] configuration: corenlp_jars  :   ('/Users/memray/Project/stanford/stanford-corenlp-full-3.8.0/*', '/Users/memray/Project/stanford/stanford-corenlp-full-3.8.0/stanford-english-kbp-corenlp-2017-06-09-models.jar')
01/30/2018 13:31:41 [INFO] configuration: lda_topic_number  :   50
01/30/2018 13:31:41 [INFO] configuration: lda_path  :   /ihome/pbrusilosky/rum20/y_classify/dataset/feature/gensim/%s.topic=50.lda.pkl
01/30/2018 13:31:41 [INFO] configuration: gensim_corpus_path  :   /ihome/pbrusilosky/rum20/y_classify/dataset/feature/gensim/%s.corpus.pkl
01/30/2018 13:31:41 [INFO] configuration: gensim_dict_path  :   /ihome/pbrusilosky/rum20/y_classify/dataset/feature/gensim/%s.dict
01/30/2018 13:31:41 [INFO] configuration: w2v_path  :   /home/memray/Data/glove/GoogleNews-vectors-negative300.bin
01/30/2018 13:31:41 [INFO] configuration: w2v_vector_length  :   300
01/30/2018 13:31:41 [INFO] configuration: d2v_vector_length  :   300
01/30/2018 13:31:41 [INFO] configuration: d2v_window_size  :   5
01/30/2018 13:31:41 [INFO] configuration: d2v_min_count  :   2
01/30/2018 13:31:41 [INFO] configuration: d2v_model_path  :   /ihome/pbrusilosky/rum20/y_classify/dataset/feature/gensim/%s.doc2vec.dim=300.window=5.min_count=2.model
01/30/2018 13:31:41 [INFO] configuration: d2v_vector_path  :   /ihome/pbrusilosky/rum20/y_classify/dataset/feature/gensim/%s.doc2vec.dim=300.window=5.min_count=2.vector
01/30/2018 13:31:41 [INFO] configuration: num_word_keep  :   {'dstc2': 300, 'dstc3': 300, 'family': 1000, 'ghome': 1000}
01/30/2018 13:31:41 [INFO] configuration: batch_size  :   128
01/30/2018 13:31:41 [INFO] configuration: max_epoch  :   50
01/30/2018 13:31:41 [INFO] configuration: early_stop_tolerance  :   2
01/30/2018 13:31:41 [INFO] configuration: concat_sents  :   False
01/30/2018 13:31:41 [INFO] configuration: cnn_setting  :   {'model': 'multichannel', 'early_stopping': True, 'word_dim': 300, 'filters': [3, 4, 5], 'filter_num': [100, 100, 100], 'class_size': 4, 'batch_size': 128, 'learning_rate': 0.001, 'norm_limit': 10, 'dropout_prob': 0.0, 'sentence_num': 3}
01/30/2018 13:31:41 [INFO] configuration: skipthought_setting  :   {'skipthought_model_path': '/Users/memray/Data/skip-thought', 'skipthought_data_path': '/ihome/pbrusilosky/rum20/y_classify/dataset/feature/gensim/%s.skip-thought.biskip.vector', 'fixed_emb': True, 'sentence_num': 3, 'hidden_size': 2400, 'class_size': 4, 'learning_rate': 0.0001, 'norm_limit': 3, 'dropout_prob': 0.5}
01/30/2018 13:31:41 [INFO] configuration: lstm_setting  :   {'model': 'non-static', 'hidden_size': 32, 'embedding_size': 300, 'num_layers': 1, 'bidirectional': False, 'learning_rate': 0.001, 'class_size': 4, 'norm_limit': 2, 'clip_grad_norm': 2, 'dropout_prob': 0.1}
01/30/2018 13:31:45 [INFO] exp_shallowmodel: %%%%%%%%%%%%%%%%%%%%%%%%%%%%%%%%%%%%%%%%%%%%%%%%%%
01/30/2018 13:31:45 [INFO] exp_shallowmodel:           dataset=dstc2
01/30/2018 13:31:45 [INFO] exp_shallowmodel:           X_new.shape=(5725, 514)
01/30/2018 13:31:45 [INFO] exp_shallowmodel:           #(discrete_feature)=0
01/30/2018 13:31:45 [INFO] exp_shallowmodel:           #(continuous_feature)=512
01/30/2018 13:31:45 [INFO] exp_shallowmodel:           #(similarity_feature)=2
01/30/2018 13:31:45 [INFO] exp_shallowmodel: %%%%%%%%%%%%%%%%%%%%%%%%%%%%%%%%%%%%%%%%%%%%%%%%%%
01/30/2018 13:31:45 [INFO] exp_shallowmodel: ******************** dstc2 - Round 0 
01/30/2018 13:31:45 [INFO] exp_shallowmodel: #(data) = 4583
01/30/2018 13:31:45 [INFO] exp_shallowmodel: #(feature) = 514
01/30/2018 13:31:45 [INFO] exp_shallowmodel: ================================================================================
01/30/2018 13:31:45 [INFO] exp_shallowmodel: LR.pen=l1.C=1.000000
01/30/2018 13:31:45 [INFO] exp_shallowmodel: ________________________________________________________________________________
01/30/2018 13:31:45 [INFO] exp_shallowmodel: Training: 
01/30/2018 13:31:45 [INFO] exp_shallowmodel: LogisticRegression(C=1, class_weight=None, dual=False, fit_intercept=True,
          intercept_scaling=1, max_iter=100, multi_class='ovr', n_jobs=1,
          penalty='l1', random_state=None, solver='liblinear', tol=0.0001,
          verbose=0, warm_start=False)
01/30/2018 13:31:51 [INFO] exp_shallowmodel: train time: 5.485s
01/30/2018 13:31:51 [INFO] exp_shallowmodel: test time:  0.001s
01/30/2018 13:31:51 [INFO] exp_shallowmodel: accuracy:   0.837
01/30/2018 13:31:51 [INFO] exp_shallowmodel: f1_score:   0.691
01/30/2018 13:31:51 [INFO] exp_shallowmodel: classification report:
01/30/2018 13:31:51 [INFO] exp_shallowmodel:              precision    recall  f1-score   support

          A       0.29      0.29      0.29        14
          C       0.81      0.80      0.81       164
          F       0.91      0.94      0.92       268
          R       0.78      0.72      0.75       125

avg / total       0.83      0.84      0.84       571

01/30/2018 13:31:51 [INFO] exp_shallowmodel: confusion matrix:
01/30/2018 13:31:51 [INFO] exp_shallowmodel: 
[[  4   2   7   1]
 [  3 132   8  21]
 [  4   8 252   4]
 [  3  21  11  90]]
01/30/2018 13:31:51 [INFO] exp_shallowmodel: Feature selection of top 100, selectable:non-selectable=0:100
01/30/2018 13:31:55 [INFO] exp_shallowmodel: %%%%%%%%%%%%%%%%%%%%%%%%%%%%%%%%%%%%%%%%%%%%%%%%%%
01/30/2018 13:31:55 [INFO] exp_shallowmodel:           dataset=dstc3
01/30/2018 13:31:55 [INFO] exp_shallowmodel:           X_new.shape=(5934, 514)
01/30/2018 13:31:55 [INFO] exp_shallowmodel:           #(discrete_feature)=0
01/30/2018 13:31:55 [INFO] exp_shallowmodel:           #(continuous_feature)=512
01/30/2018 13:31:55 [INFO] exp_shallowmodel:           #(similarity_feature)=2
01/30/2018 13:31:55 [INFO] exp_shallowmodel: %%%%%%%%%%%%%%%%%%%%%%%%%%%%%%%%%%%%%%%%%%%%%%%%%%
01/30/2018 13:31:55 [INFO] exp_shallowmodel: ******************** dstc3 - Round 0 
01/30/2018 13:31:55 [INFO] exp_shallowmodel: #(data) = 4750
01/30/2018 13:31:55 [INFO] exp_shallowmodel: #(feature) = 514
01/30/2018 13:31:55 [INFO] exp_shallowmodel: ================================================================================
01/30/2018 13:31:55 [INFO] exp_shallowmodel: LR.pen=l1.C=1.000000
01/30/2018 13:31:55 [INFO] exp_shallowmodel: ________________________________________________________________________________
01/30/2018 13:31:55 [INFO] exp_shallowmodel: Training: 
01/30/2018 13:31:55 [INFO] exp_shallowmodel: LogisticRegression(C=1, class_weight=None, dual=False, fit_intercept=True,
          intercept_scaling=1, max_iter=100, multi_class='ovr', n_jobs=1,
          penalty='l1', random_state=None, solver='liblinear', tol=0.0001,
          verbose=0, warm_start=False)
01/30/2018 13:32:02 [INFO] exp_shallowmodel: train time: 6.818s
01/30/2018 13:32:02 [INFO] exp_shallowmodel: test time:  0.000s
01/30/2018 13:32:02 [INFO] exp_shallowmodel: accuracy:   0.794
01/30/2018 13:32:02 [INFO] exp_shallowmodel: f1_score:   0.715
01/30/2018 13:32:02 [INFO] exp_shallowmodel: classification report:
01/30/2018 13:32:02 [INFO] exp_shallowmodel:              precision    recall  f1-score   support

          A       0.69      0.55      0.61        20
          C       0.76      0.79      0.78       169
          F       0.86      0.94      0.90       281
          R       0.65      0.52      0.58       122

avg / total       0.78      0.79      0.79       592

01/30/2018 13:32:02 [INFO] exp_shallowmodel: confusion matrix:
01/30/2018 13:32:02 [INFO] exp_shallowmodel: 
[[ 11   1   8   0]
 [  1 133  10  25]
 [  3   6 263   9]
 [  1  34  24  63]]
01/30/2018 13:32:03 [INFO] exp_shallowmodel: Feature selection of top 100, selectable:non-selectable=0:100
01/30/2018 13:32:08 [INFO] exp_shallowmodel: %%%%%%%%%%%%%%%%%%%%%%%%%%%%%%%%%%%%%%%%%%%%%%%%%%
01/30/2018 13:32:08 [INFO] exp_shallowmodel:           dataset=family
01/30/2018 13:32:08 [INFO] exp_shallowmodel:           X_new.shape=(3530, 514)
01/30/2018 13:32:08 [INFO] exp_shallowmodel:           #(discrete_feature)=0
01/30/2018 13:32:08 [INFO] exp_shallowmodel:           #(continuous_feature)=512
01/30/2018 13:32:08 [INFO] exp_shallowmodel:           #(similarity_feature)=2
01/30/2018 13:32:08 [INFO] exp_shallowmodel: %%%%%%%%%%%%%%%%%%%%%%%%%%%%%%%%%%%%%%%%%%%%%%%%%%
01/30/2018 13:32:08 [INFO] exp_shallowmodel: ******************** family - Round 0 
01/30/2018 13:32:08 [INFO] exp_shallowmodel: #(data) = 2826
01/30/2018 13:32:08 [INFO] exp_shallowmodel: #(feature) = 514
01/30/2018 13:32:08 [INFO] exp_shallowmodel: ================================================================================
01/30/2018 13:32:08 [INFO] exp_shallowmodel: LR.pen=l1.C=1.000000
01/30/2018 13:32:08 [INFO] exp_shallowmodel: ________________________________________________________________________________
01/30/2018 13:32:08 [INFO] exp_shallowmodel: Training: 
01/30/2018 13:32:08 [INFO] exp_shallowmodel: LogisticRegression(C=1, class_weight=None, dual=False, fit_intercept=True,
          intercept_scaling=1, max_iter=100, multi_class='ovr', n_jobs=1,
          penalty='l1', random_state=None, solver='liblinear', tol=0.0001,
          verbose=0, warm_start=False)
01/30/2018 13:32:10 [INFO] exp_shallowmodel: train time: 2.550s
01/30/2018 13:32:10 [INFO] exp_shallowmodel: test time:  0.000s
01/30/2018 13:32:10 [INFO] exp_shallowmodel: accuracy:   0.810
01/30/2018 13:32:10 [INFO] exp_shallowmodel: f1_score:   0.623
01/30/2018 13:32:10 [INFO] exp_shallowmodel: classification report:
01/30/2018 13:32:10 [INFO] exp_shallowmodel:              precision    recall  f1-score   support

          A       0.38      0.39      0.38        23
          C       0.57      0.63      0.60        27
          F       0.92      0.92      0.92       250
          R       0.61      0.58      0.59        52

avg / total       0.81      0.81      0.81       352

01/30/2018 13:32:10 [INFO] exp_shallowmodel: confusion matrix:
01/30/2018 13:32:10 [INFO] exp_shallowmodel: 
[[  9   5   6   3]
 [  3  17   3   4]
 [  7   2 229  12]
 [  5   6  11  30]]
01/30/2018 13:32:10 [INFO] exp_shallowmodel: Feature selection of top 100, selectable:non-selectable=0:100
01/30/2018 13:32:16 [INFO] exp_shallowmodel: %%%%%%%%%%%%%%%%%%%%%%%%%%%%%%%%%%%%%%%%%%%%%%%%%%
01/30/2018 13:32:16 [INFO] exp_shallowmodel:           dataset=ghome
01/30/2018 13:32:16 [INFO] exp_shallowmodel:           X_new.shape=(5241, 514)
01/30/2018 13:32:16 [INFO] exp_shallowmodel:           #(discrete_feature)=0
01/30/2018 13:32:16 [INFO] exp_shallowmodel:           #(continuous_feature)=512
01/30/2018 13:32:16 [INFO] exp_shallowmodel:           #(similarity_feature)=2
01/30/2018 13:32:16 [INFO] exp_shallowmodel: %%%%%%%%%%%%%%%%%%%%%%%%%%%%%%%%%%%%%%%%%%%%%%%%%%
01/30/2018 13:32:16 [INFO] exp_shallowmodel: ******************** ghome - Round 0 
01/30/2018 13:32:16 [INFO] exp_shallowmodel: #(data) = 4197
01/30/2018 13:32:16 [INFO] exp_shallowmodel: #(feature) = 514
01/30/2018 13:32:16 [INFO] exp_shallowmodel: ================================================================================
01/30/2018 13:32:16 [INFO] exp_shallowmodel: LR.pen=l1.C=1.000000
01/30/2018 13:32:16 [INFO] exp_shallowmodel: ________________________________________________________________________________
01/30/2018 13:32:16 [INFO] exp_shallowmodel: Training: 
01/30/2018 13:32:16 [INFO] exp_shallowmodel: LogisticRegression(C=1, class_weight=None, dual=False, fit_intercept=True,
          intercept_scaling=1, max_iter=100, multi_class='ovr', n_jobs=1,
          penalty='l1', random_state=None, solver='liblinear', tol=0.0001,
          verbose=0, warm_start=False)
01/30/2018 13:32:21 [INFO] exp_shallowmodel: train time: 4.785s
01/30/2018 13:32:21 [INFO] exp_shallowmodel: test time:  0.000s
01/30/2018 13:32:21 [INFO] exp_shallowmodel: accuracy:   0.868
01/30/2018 13:32:21 [INFO] exp_shallowmodel: f1_score:   0.585
01/30/2018 13:32:21 [INFO] exp_shallowmodel: classification report:
01/30/2018 13:32:21 [INFO] exp_shallowmodel:              precision    recall  f1-score   support

          A       0.63      0.53      0.57        59
          C       0.17      0.08      0.11        12
          F       0.94      0.96      0.95       396
          R       0.67      0.75      0.71        55

avg / total       0.86      0.87      0.86       522

01/30/2018 13:32:21 [INFO] exp_shallowmodel: confusion matrix:
01/30/2018 13:32:21 [INFO] exp_shallowmodel: 
[[ 31   2  16  10]
 [  6   1   4   1]
 [  5   2 380   9]
 [  7   1   6  41]]
01/30/2018 13:32:21 [INFO] exp_shallowmodel: Feature selection of top 100, selectable:non-selectable=0:100
