01/29/2018 20:20:41 [INFO] configuration: experiment_mode  :   continuous_feature_selection
01/29/2018 20:20:41 [INFO] configuration: deep_model  :   False
01/29/2018 20:20:41 [INFO] configuration: selected_context_id  :   0
01/29/2018 20:20:41 [INFO] configuration: selected_feature_set_id  :   6
01/29/2018 20:20:41 [INFO] configuration: similarity_feature  :   True
01/29/2018 20:20:41 [INFO] configuration: k_feature_to_keep  :   -1
01/29/2018 20:20:41 [INFO] configuration: k_component_for_pca  :   7
01/29/2018 20:20:41 [INFO] configuration: seed  :   154316847
01/29/2018 20:20:41 [INFO] configuration: root_path  :   /ihome/pbrusilosky/rum20/y_classify
01/29/2018 20:20:41 [INFO] configuration: task_name  :   utterance_type
01/29/2018 20:20:41 [INFO] configuration: timemark  :   20180129-202041
01/29/2018 20:20:41 [INFO] configuration: context_set  :   next
01/29/2018 20:20:41 [INFO] configuration: utterance_names  :   ['last_user_utterance', 'last_system_utterance', 'current_user_utterance', 'next_system_utterance', 'next_user_utterance']
01/29/2018 20:20:41 [INFO] configuration: utterance_range  :   ['current_user_utterance', 'next_system_utterance', 'next_user_utterance']
01/29/2018 20:20:41 [INFO] configuration: feature_set  :   6-w2v
01/29/2018 20:20:41 [INFO] configuration: feature_set_number  :   ['9']
01/29/2018 20:20:41 [INFO] configuration: experiment_name  :   20180129-202041.continuous_feature_selection.pca_component=7.feature_number=-1.context=next.feature=6-w2v.similarity=true
01/29/2018 20:20:41 [INFO] configuration: experiment_path  :   /ihome/pbrusilosky/rum20/y_classify/output/20180129-202041.continuous_feature_selection.pca_component=7.feature_number=-1.context=next.feature=6-w2v.similarity=true
01/29/2018 20:20:41 [INFO] configuration: log_path  :   /ihome/pbrusilosky/rum20/y_classify/output/20180129-202041.continuous_feature_selection.pca_component=7.feature_number=-1.context=next.feature=6-w2v.similarity=true/output.log
01/29/2018 20:20:41 [INFO] configuration: valid_type  :   {'A', 'F', 'R', 'C'}
01/29/2018 20:20:41 [INFO] configuration: data_name  :   
01/29/2018 20:20:41 [INFO] configuration: data_names  :   ['dstc2', 'dstc3', 'family', 'ghome']
01/29/2018 20:20:41 [INFO] configuration: raw_feature_path  :   /ihome/pbrusilosky/rum20/y_classify/dataset/feature/%s.raw_feature.pkl
01/29/2018 20:20:41 [INFO] configuration: extracted_feature_path  :   /ihome/pbrusilosky/rum20/y_classify/dataset/feature/%s.extracted_feature.pkl
01/29/2018 20:20:41 [INFO] configuration: pipeline_path  :   /ihome/pbrusilosky/rum20/y_classify/dataset/feature/%s.pipeline.pkl
01/29/2018 20:20:41 [INFO] configuration: metrics  :   ['accuracy', 'precision', 'recall', 'f1_score', 'training_time', 'test_time']
01/29/2018 20:20:41 [INFO] configuration: do_cross_validation  :   True
01/29/2018 20:20:41 [INFO] configuration: #division  :   5
01/29/2018 20:20:41 [INFO] configuration: #cross_validation  :   10
01/29/2018 20:20:41 [INFO] configuration: cv_index_cache_path  :   
01/29/2018 20:20:41 [INFO] configuration: action_words  :   {'timer', 'findcare', 'add', 'stop', 'south', 'member', 'moderate', 'els', 'music', 'light', 'price', 'time', 'remove', 'expensive', 'cheap', 'reminders', 'findcar', 'address', 'show', 'item', 'centr', 'moder', 'delete', 'north', 'number', 'start', 'video', 'reminds', 'turn', 'tell', 'telephon', 'phone', 'expens', 'remov', 'telephone', 'area', 'post', 'ani', 'else', 'clear', 'room', 'volume', 'remind', 'shuffl', 'part', 'reminder', 'help', 'watch', 'alarm', 'temperatur', 'next', 'any', 'share', 'volum', 'delet', 'list', 'food', 'skip', 'temperature', 'cast', 'weather', 'centre', 'snooze', 'play', 'shuffle', 'matter', 'snooz', 'items', 'song', 'discard'}
01/29/2018 20:20:41 [INFO] configuration: corenlp_jars  :   ('/Users/memray/Project/stanford/stanford-corenlp-full-3.8.0/*', '/Users/memray/Project/stanford/stanford-corenlp-full-3.8.0/stanford-english-kbp-corenlp-2017-06-09-models.jar')
01/29/2018 20:20:41 [INFO] configuration: lda_topic_number  :   50
01/29/2018 20:20:41 [INFO] configuration: lda_path  :   /ihome/pbrusilosky/rum20/y_classify/dataset/feature/gensim/%s.topic=50.lda.pkl
01/29/2018 20:20:41 [INFO] configuration: gensim_corpus_path  :   /ihome/pbrusilosky/rum20/y_classify/dataset/feature/gensim/%s.corpus.pkl
01/29/2018 20:20:41 [INFO] configuration: gensim_dict_path  :   /ihome/pbrusilosky/rum20/y_classify/dataset/feature/gensim/%s.dict
01/29/2018 20:20:41 [INFO] configuration: w2v_path  :   /home/memray/Data/glove/GoogleNews-vectors-negative300.bin
01/29/2018 20:20:41 [INFO] configuration: w2v_vector_length  :   300
01/29/2018 20:20:41 [INFO] configuration: d2v_vector_length  :   300
01/29/2018 20:20:41 [INFO] configuration: d2v_window_size  :   5
01/29/2018 20:20:41 [INFO] configuration: d2v_min_count  :   2
01/29/2018 20:20:41 [INFO] configuration: d2v_model_path  :   /ihome/pbrusilosky/rum20/y_classify/dataset/feature/gensim/%s.doc2vec.dim=300.window=5.min_count=2.model
01/29/2018 20:20:41 [INFO] configuration: d2v_vector_path  :   /ihome/pbrusilosky/rum20/y_classify/dataset/feature/gensim/%s.doc2vec.dim=300.window=5.min_count=2.vector
01/29/2018 20:20:41 [INFO] configuration: num_word_keep  :   {'dstc2': 300, 'dstc3': 300, 'family': 1000, 'ghome': 1000}
01/29/2018 20:20:41 [INFO] configuration: batch_size  :   128
01/29/2018 20:20:41 [INFO] configuration: max_epoch  :   50
01/29/2018 20:20:41 [INFO] configuration: early_stop_tolerance  :   2
01/29/2018 20:20:41 [INFO] configuration: concat_sents  :   False
01/29/2018 20:20:41 [INFO] configuration: cnn_setting  :   {'model': 'multichannel', 'early_stopping': True, 'word_dim': 300, 'filters': [3, 4, 5], 'filter_num': [100, 100, 100], 'class_size': 4, 'batch_size': 128, 'learning_rate': 0.001, 'norm_limit': 10, 'dropout_prob': 0.0, 'sentence_num': 3}
01/29/2018 20:20:41 [INFO] configuration: skipthought_setting  :   {'skipthought_model_path': '/Users/memray/Data/skip-thought', 'skipthought_data_path': '/ihome/pbrusilosky/rum20/y_classify/dataset/feature/gensim/%s.skip-thought.biskip.vector', 'fixed_emb': True, 'sentence_num': 3, 'hidden_size': 2400, 'class_size': 4, 'learning_rate': 0.0001, 'norm_limit': 3, 'dropout_prob': 0.5}
01/29/2018 20:20:41 [INFO] configuration: lstm_setting  :   {'model': 'non-static', 'hidden_size': 32, 'embedding_size': 300, 'num_layers': 1, 'bidirectional': False, 'learning_rate': 0.001, 'class_size': 4, 'norm_limit': 2, 'clip_grad_norm': 2, 'dropout_prob': 0.1}
01/29/2018 20:20:44 [INFO] exp_shallowmodel: %%%%%%%%%%%%%%%%%%%%%%%%%%%%%%%%%%%%%%%%%%%%%%%%%%
01/29/2018 20:20:44 [INFO] exp_shallowmodel:           dataset=dstc2
01/29/2018 20:20:44 [INFO] exp_shallowmodel:           X_new.shape=(5725, 130)
01/29/2018 20:20:44 [INFO] exp_shallowmodel:           #(discrete_feature)=0
01/29/2018 20:20:44 [INFO] exp_shallowmodel:           #(continuous_feature)=128
01/29/2018 20:20:44 [INFO] exp_shallowmodel:           #(similarity_feature)=2
01/29/2018 20:20:44 [INFO] exp_shallowmodel: %%%%%%%%%%%%%%%%%%%%%%%%%%%%%%%%%%%%%%%%%%%%%%%%%%
01/29/2018 20:20:44 [INFO] exp_shallowmodel: ******************** dstc2 - Round 0 
01/29/2018 20:20:44 [INFO] exp_shallowmodel: #(data) = 4583
01/29/2018 20:20:44 [INFO] exp_shallowmodel: #(feature) = 130
01/29/2018 20:20:44 [INFO] exp_shallowmodel: ================================================================================
01/29/2018 20:20:44 [INFO] exp_shallowmodel: LR.pen=l1.C=1.000000
01/29/2018 20:20:44 [INFO] exp_shallowmodel: ________________________________________________________________________________
01/29/2018 20:20:44 [INFO] exp_shallowmodel: Training: 
01/29/2018 20:20:44 [INFO] exp_shallowmodel: LogisticRegression(C=1, class_weight=None, dual=False, fit_intercept=True,
          intercept_scaling=1, max_iter=100, multi_class='ovr', n_jobs=1,
          penalty='l1', random_state=None, solver='liblinear', tol=0.0001,
          verbose=0, warm_start=False)
01/29/2018 20:20:45 [INFO] exp_shallowmodel: train time: 0.752s
01/29/2018 20:20:45 [INFO] exp_shallowmodel: test time:  0.000s
01/29/2018 20:20:45 [INFO] exp_shallowmodel: accuracy:   0.856
01/29/2018 20:20:45 [INFO] exp_shallowmodel: f1_score:   0.760
01/29/2018 20:20:45 [INFO] exp_shallowmodel: classification report:
01/29/2018 20:20:45 [INFO] exp_shallowmodel:              precision    recall  f1-score   support

          A       1.00      0.36      0.53        14
          C       0.82      0.84      0.83       164
          F       0.89      0.96      0.92       268
          R       0.82      0.71      0.76       125

avg / total       0.86      0.86      0.85       571

01/29/2018 20:20:45 [INFO] exp_shallowmodel: confusion matrix:
01/29/2018 20:20:45 [INFO] exp_shallowmodel: 
[[  5   2   5   2]
 [  0 137  12  15]
 [  0   8 258   2]
 [  0  20  16  89]]
01/29/2018 20:20:45 [INFO] exp_shallowmodel: ******************** dstc2 - Round 1 
01/29/2018 20:20:45 [INFO] exp_shallowmodel: #(data) = 4583
01/29/2018 20:20:45 [INFO] exp_shallowmodel: #(feature) = 130
01/29/2018 20:20:45 [INFO] exp_shallowmodel: ================================================================================
01/29/2018 20:20:45 [INFO] exp_shallowmodel: LR.pen=l1.C=1.000000
01/29/2018 20:20:45 [INFO] exp_shallowmodel: ________________________________________________________________________________
01/29/2018 20:20:45 [INFO] exp_shallowmodel: Training: 
01/29/2018 20:20:45 [INFO] exp_shallowmodel: LogisticRegression(C=1, class_weight=None, dual=False, fit_intercept=True,
          intercept_scaling=1, max_iter=100, multi_class='ovr', n_jobs=1,
          penalty='l1', random_state=None, solver='liblinear', tol=0.0001,
          verbose=0, warm_start=False)
01/29/2018 20:20:46 [INFO] exp_shallowmodel: train time: 0.715s
01/29/2018 20:20:46 [INFO] exp_shallowmodel: test time:  0.000s
01/29/2018 20:20:46 [INFO] exp_shallowmodel: accuracy:   0.816
01/29/2018 20:20:46 [INFO] exp_shallowmodel: f1_score:   0.636
01/29/2018 20:20:46 [INFO] exp_shallowmodel: classification report:
01/29/2018 20:20:46 [INFO] exp_shallowmodel:              precision    recall  f1-score   support

          A       1.00      0.07      0.13        14
          C       0.80      0.76      0.78       164
          F       0.87      0.92      0.89       268
          R       0.72      0.75      0.74       125

avg / total       0.82      0.82      0.81       571

01/29/2018 20:20:46 [INFO] exp_shallowmodel: confusion matrix:
01/29/2018 20:20:46 [INFO] exp_shallowmodel: 
[[  1   2   9   2]
 [  0 125  16  23]
 [  0  11 246  11]
 [  0  19  12  94]]
01/29/2018 20:20:46 [INFO] exp_shallowmodel: ******************** dstc2 - Round 2 
01/29/2018 20:20:46 [INFO] exp_shallowmodel: #(data) = 4583
01/29/2018 20:20:46 [INFO] exp_shallowmodel: #(feature) = 130
01/29/2018 20:20:46 [INFO] exp_shallowmodel: ================================================================================
01/29/2018 20:20:46 [INFO] exp_shallowmodel: LR.pen=l1.C=1.000000
01/29/2018 20:20:46 [INFO] exp_shallowmodel: ________________________________________________________________________________
01/29/2018 20:20:46 [INFO] exp_shallowmodel: Training: 
01/29/2018 20:20:46 [INFO] exp_shallowmodel: LogisticRegression(C=1, class_weight=None, dual=False, fit_intercept=True,
          intercept_scaling=1, max_iter=100, multi_class='ovr', n_jobs=1,
          penalty='l1', random_state=None, solver='liblinear', tol=0.0001,
          verbose=0, warm_start=False)
01/29/2018 20:20:47 [INFO] exp_shallowmodel: train time: 0.670s
01/29/2018 20:20:47 [INFO] exp_shallowmodel: test time:  0.000s
01/29/2018 20:20:47 [INFO] exp_shallowmodel: accuracy:   0.834
01/29/2018 20:20:47 [INFO] exp_shallowmodel: f1_score:   0.710
01/29/2018 20:20:47 [INFO] exp_shallowmodel: classification report:
01/29/2018 20:20:47 [INFO] exp_shallowmodel:              precision    recall  f1-score   support

          A       0.67      0.29      0.40        14
          C       0.75      0.79      0.77       164
          F       0.90      0.95      0.93       268
          R       0.79      0.70      0.74       125

avg / total       0.83      0.83      0.83       571

01/29/2018 20:20:47 [INFO] exp_shallowmodel: confusion matrix:
01/29/2018 20:20:47 [INFO] exp_shallowmodel: 
[[  4   4   6   0]
 [  2 130  13  19]
 [  0   9 255   4]
 [  0  30   8  87]]
01/29/2018 20:20:47 [INFO] exp_shallowmodel: ******************** dstc2 - Round 3 
01/29/2018 20:20:47 [INFO] exp_shallowmodel: #(data) = 4583
01/29/2018 20:20:47 [INFO] exp_shallowmodel: #(feature) = 130
01/29/2018 20:20:47 [INFO] exp_shallowmodel: ================================================================================
01/29/2018 20:20:47 [INFO] exp_shallowmodel: LR.pen=l1.C=1.000000
01/29/2018 20:20:47 [INFO] exp_shallowmodel: ________________________________________________________________________________
01/29/2018 20:20:47 [INFO] exp_shallowmodel: Training: 
01/29/2018 20:20:47 [INFO] exp_shallowmodel: LogisticRegression(C=1, class_weight=None, dual=False, fit_intercept=True,
          intercept_scaling=1, max_iter=100, multi_class='ovr', n_jobs=1,
          penalty='l1', random_state=None, solver='liblinear', tol=0.0001,
          verbose=0, warm_start=False)
01/29/2018 20:20:47 [INFO] exp_shallowmodel: train time: 0.672s
01/29/2018 20:20:47 [INFO] exp_shallowmodel: test time:  0.000s
01/29/2018 20:20:47 [INFO] exp_shallowmodel: accuracy:   0.823
01/29/2018 20:20:47 [INFO] exp_shallowmodel: f1_score:   0.749
01/29/2018 20:20:47 [INFO] exp_shallowmodel: classification report:
01/29/2018 20:20:47 [INFO] exp_shallowmodel:              precision    recall  f1-score   support

          A       1.00      0.43      0.60        14
          C       0.75      0.80      0.78       164
          F       0.91      0.92      0.91       268
          R       0.73      0.69      0.71       125

avg / total       0.83      0.82      0.82       571

01/29/2018 20:20:47 [INFO] exp_shallowmodel: confusion matrix:
01/29/2018 20:20:47 [INFO] exp_shallowmodel: 
[[  6   0   6   2]
 [  0 132   6  26]
 [  0  18 246   4]
 [  0  26  13  86]]
01/29/2018 20:20:47 [INFO] exp_shallowmodel: ******************** dstc2 - Round 4 
01/29/2018 20:20:47 [INFO] exp_shallowmodel: #(data) = 4583
01/29/2018 20:20:47 [INFO] exp_shallowmodel: #(feature) = 130
01/29/2018 20:20:47 [INFO] exp_shallowmodel: ================================================================================
01/29/2018 20:20:47 [INFO] exp_shallowmodel: LR.pen=l1.C=1.000000
01/29/2018 20:20:47 [INFO] exp_shallowmodel: ________________________________________________________________________________
01/29/2018 20:20:47 [INFO] exp_shallowmodel: Training: 
01/29/2018 20:20:47 [INFO] exp_shallowmodel: LogisticRegression(C=1, class_weight=None, dual=False, fit_intercept=True,
          intercept_scaling=1, max_iter=100, multi_class='ovr', n_jobs=1,
          penalty='l1', random_state=None, solver='liblinear', tol=0.0001,
          verbose=0, warm_start=False)
01/29/2018 20:20:48 [INFO] exp_shallowmodel: train time: 0.600s
01/29/2018 20:20:48 [INFO] exp_shallowmodel: test time:  0.000s
01/29/2018 20:20:48 [INFO] exp_shallowmodel: accuracy:   0.837
01/29/2018 20:20:48 [INFO] exp_shallowmodel: f1_score:   0.705
01/29/2018 20:20:48 [INFO] exp_shallowmodel: classification report:
01/29/2018 20:20:48 [INFO] exp_shallowmodel:              precision    recall  f1-score   support

          A       0.75      0.21      0.33        14
          C       0.79      0.86      0.82       164
          F       0.88      0.90      0.89       268
          R       0.81      0.74      0.77       125

avg / total       0.84      0.84      0.83       571

01/29/2018 20:20:48 [INFO] exp_shallowmodel: confusion matrix:
01/29/2018 20:20:48 [INFO] exp_shallowmodel: 
[[  3   2   8   1]
 [  1 141  10  12]
 [  0  18 242   8]
 [  0  18  15  92]]
01/29/2018 20:20:48 [INFO] exp_shallowmodel: ******************** dstc2 - Round 5 
01/29/2018 20:20:48 [INFO] exp_shallowmodel: #(data) = 4583
01/29/2018 20:20:48 [INFO] exp_shallowmodel: #(feature) = 130
01/29/2018 20:20:48 [INFO] exp_shallowmodel: ================================================================================
01/29/2018 20:20:48 [INFO] exp_shallowmodel: LR.pen=l1.C=1.000000
01/29/2018 20:20:48 [INFO] exp_shallowmodel: ________________________________________________________________________________
01/29/2018 20:20:48 [INFO] exp_shallowmodel: Training: 
01/29/2018 20:20:48 [INFO] exp_shallowmodel: LogisticRegression(C=1, class_weight=None, dual=False, fit_intercept=True,
          intercept_scaling=1, max_iter=100, multi_class='ovr', n_jobs=1,
          penalty='l1', random_state=None, solver='liblinear', tol=0.0001,
          verbose=0, warm_start=False)
01/29/2018 20:20:49 [INFO] exp_shallowmodel: train time: 0.683s
01/29/2018 20:20:49 [INFO] exp_shallowmodel: test time:  0.000s
01/29/2018 20:20:49 [INFO] exp_shallowmodel: accuracy:   0.813
01/29/2018 20:20:49 [INFO] exp_shallowmodel: f1_score:   0.659
01/29/2018 20:20:49 [INFO] exp_shallowmodel: classification report:
01/29/2018 20:20:49 [INFO] exp_shallowmodel:              precision    recall  f1-score   support

          A       1.00      0.14      0.25        14
          C       0.74      0.75      0.75       164
          F       0.88      0.93      0.90       268
          R       0.76      0.72      0.74       125

avg / total       0.81      0.81      0.81       571

01/29/2018 20:20:49 [INFO] exp_shallowmodel: confusion matrix:
01/29/2018 20:20:49 [INFO] exp_shallowmodel: 
[[  2   3   7   2]
 [  0 123  20  21]
 [  0  13 249   6]
 [  0  27   8  90]]
01/29/2018 20:20:49 [INFO] exp_shallowmodel: ******************** dstc2 - Round 6 
01/29/2018 20:20:49 [INFO] exp_shallowmodel: #(data) = 4583
01/29/2018 20:20:49 [INFO] exp_shallowmodel: #(feature) = 130
01/29/2018 20:20:49 [INFO] exp_shallowmodel: ================================================================================
01/29/2018 20:20:49 [INFO] exp_shallowmodel: LR.pen=l1.C=1.000000
01/29/2018 20:20:49 [INFO] exp_shallowmodel: ________________________________________________________________________________
01/29/2018 20:20:49 [INFO] exp_shallowmodel: Training: 
01/29/2018 20:20:49 [INFO] exp_shallowmodel: LogisticRegression(C=1, class_weight=None, dual=False, fit_intercept=True,
          intercept_scaling=1, max_iter=100, multi_class='ovr', n_jobs=1,
          penalty='l1', random_state=None, solver='liblinear', tol=0.0001,
          verbose=0, warm_start=False)
01/29/2018 20:20:49 [INFO] exp_shallowmodel: train time: 0.670s
01/29/2018 20:20:49 [INFO] exp_shallowmodel: test time:  0.000s
01/29/2018 20:20:49 [INFO] exp_shallowmodel: accuracy:   0.848
01/29/2018 20:20:49 [INFO] exp_shallowmodel: f1_score:   0.704
01/29/2018 20:20:49 [INFO] exp_shallowmodel: classification report:
01/29/2018 20:20:49 [INFO] exp_shallowmodel:              precision    recall  f1-score   support

          A       0.60      0.21      0.32        14
          C       0.79      0.87      0.83       164
          F       0.90      0.94      0.92       268
          R       0.81      0.70      0.76       125

avg / total       0.84      0.85      0.84       571

01/29/2018 20:20:49 [INFO] exp_shallowmodel: confusion matrix:
01/29/2018 20:20:49 [INFO] exp_shallowmodel: 
[[  3   1   8   2]
 [  0 142   8  14]
 [  1  12 251   4]
 [  1  25  11  88]]
01/29/2018 20:20:49 [INFO] exp_shallowmodel: ******************** dstc2 - Round 7 
01/29/2018 20:20:49 [INFO] exp_shallowmodel: #(data) = 4583
01/29/2018 20:20:49 [INFO] exp_shallowmodel: #(feature) = 130
01/29/2018 20:20:49 [INFO] exp_shallowmodel: ================================================================================
01/29/2018 20:20:49 [INFO] exp_shallowmodel: LR.pen=l1.C=1.000000
01/29/2018 20:20:49 [INFO] exp_shallowmodel: ________________________________________________________________________________
01/29/2018 20:20:49 [INFO] exp_shallowmodel: Training: 
01/29/2018 20:20:49 [INFO] exp_shallowmodel: LogisticRegression(C=1, class_weight=None, dual=False, fit_intercept=True,
          intercept_scaling=1, max_iter=100, multi_class='ovr', n_jobs=1,
          penalty='l1', random_state=None, solver='liblinear', tol=0.0001,
          verbose=0, warm_start=False)
01/29/2018 20:20:50 [INFO] exp_shallowmodel: train time: 0.713s
01/29/2018 20:20:50 [INFO] exp_shallowmodel: test time:  0.000s
01/29/2018 20:20:50 [INFO] exp_shallowmodel: accuracy:   0.807
01/29/2018 20:20:50 [INFO] exp_shallowmodel: f1_score:   0.652
01/29/2018 20:20:50 [INFO] exp_shallowmodel: classification report:
01/29/2018 20:20:50 [INFO] exp_shallowmodel:              precision    recall  f1-score   support

          A       1.00      0.14      0.25        14
          C       0.75      0.79      0.77       164
          F       0.88      0.91      0.90       268
          R       0.71      0.67      0.69       125

avg / total       0.81      0.81      0.80       571

01/29/2018 20:20:50 [INFO] exp_shallowmodel: confusion matrix:
01/29/2018 20:20:50 [INFO] exp_shallowmodel: 
[[  2   3   7   2]
 [  0 130  11  23]
 [  0  14 245   9]
 [  0  27  14  84]]
01/29/2018 20:20:50 [INFO] exp_shallowmodel: ******************** dstc2 - Round 8 
01/29/2018 20:20:50 [INFO] exp_shallowmodel: #(data) = 4583
01/29/2018 20:20:50 [INFO] exp_shallowmodel: #(feature) = 130
01/29/2018 20:20:50 [INFO] exp_shallowmodel: ================================================================================
01/29/2018 20:20:50 [INFO] exp_shallowmodel: LR.pen=l1.C=1.000000
01/29/2018 20:20:50 [INFO] exp_shallowmodel: ________________________________________________________________________________
01/29/2018 20:20:50 [INFO] exp_shallowmodel: Training: 
01/29/2018 20:20:50 [INFO] exp_shallowmodel: LogisticRegression(C=1, class_weight=None, dual=False, fit_intercept=True,
          intercept_scaling=1, max_iter=100, multi_class='ovr', n_jobs=1,
          penalty='l1', random_state=None, solver='liblinear', tol=0.0001,
          verbose=0, warm_start=False)
01/29/2018 20:20:51 [INFO] exp_shallowmodel: train time: 0.686s
01/29/2018 20:20:51 [INFO] exp_shallowmodel: test time:  0.000s
01/29/2018 20:20:51 [INFO] exp_shallowmodel: accuracy:   0.823
01/29/2018 20:20:51 [INFO] exp_shallowmodel: f1_score:   0.687
01/29/2018 20:20:51 [INFO] exp_shallowmodel: classification report:
01/29/2018 20:20:51 [INFO] exp_shallowmodel:              precision    recall  f1-score   support

          A       0.75      0.21      0.33        14
          C       0.77      0.77      0.77       164
          F       0.89      0.94      0.91       268
          R       0.75      0.72      0.73       125

avg / total       0.82      0.82      0.82       571

01/29/2018 20:20:51 [INFO] exp_shallowmodel: confusion matrix:
01/29/2018 20:20:51 [INFO] exp_shallowmodel: 
[[  3   1   9   1]
 [  1 126  11  26]
 [  0  14 251   3]
 [  0  23  12  90]]
01/29/2018 20:20:51 [INFO] exp_shallowmodel: ******************** dstc2 - Round 9 
01/29/2018 20:20:51 [INFO] exp_shallowmodel: #(data) = 4568
01/29/2018 20:20:51 [INFO] exp_shallowmodel: #(feature) = 130
01/29/2018 20:20:51 [INFO] exp_shallowmodel: ================================================================================
01/29/2018 20:20:51 [INFO] exp_shallowmodel: LR.pen=l1.C=1.000000
01/29/2018 20:20:51 [INFO] exp_shallowmodel: ________________________________________________________________________________
01/29/2018 20:20:51 [INFO] exp_shallowmodel: Training: 
01/29/2018 20:20:51 [INFO] exp_shallowmodel: LogisticRegression(C=1, class_weight=None, dual=False, fit_intercept=True,
          intercept_scaling=1, max_iter=100, multi_class='ovr', n_jobs=1,
          penalty='l1', random_state=None, solver='liblinear', tol=0.0001,
          verbose=0, warm_start=False)
01/29/2018 20:20:51 [INFO] exp_shallowmodel: train time: 0.628s
01/29/2018 20:20:51 [INFO] exp_shallowmodel: test time:  0.000s
01/29/2018 20:20:51 [INFO] exp_shallowmodel: accuracy:   0.794
01/29/2018 20:20:51 [INFO] exp_shallowmodel: f1_score:   0.627
01/29/2018 20:20:51 [INFO] exp_shallowmodel: classification report:
01/29/2018 20:20:51 [INFO] exp_shallowmodel:              precision    recall  f1-score   support

          A       0.50      0.12      0.20        16
          C       0.74      0.78      0.76       169
          F       0.86      0.93      0.90       271
          R       0.71      0.61      0.66       130

avg / total       0.78      0.79      0.78       586

01/29/2018 20:20:51 [INFO] exp_shallowmodel: confusion matrix:
01/29/2018 20:20:51 [INFO] exp_shallowmodel: 
[[  2   3   9   2]
 [  0 132  12  25]
 [  1  13 252   5]
 [  1  31  19  79]]
01/29/2018 20:20:51 [INFO] exp_shallowmodel: ******************** dstc2 - Round 10 
01/29/2018 20:20:51 [INFO] exp_shallowmodel: #(data) = 4583
01/29/2018 20:20:51 [INFO] exp_shallowmodel: #(feature) = 130
01/29/2018 20:20:51 [INFO] exp_shallowmodel: ================================================================================
01/29/2018 20:20:51 [INFO] exp_shallowmodel: LR.pen=l1.C=1.000000
01/29/2018 20:20:51 [INFO] exp_shallowmodel: ________________________________________________________________________________
01/29/2018 20:20:51 [INFO] exp_shallowmodel: Training: 
01/29/2018 20:20:51 [INFO] exp_shallowmodel: LogisticRegression(C=1, class_weight=None, dual=False, fit_intercept=True,
          intercept_scaling=1, max_iter=100, multi_class='ovr', n_jobs=1,
          penalty='l1', random_state=None, solver='liblinear', tol=0.0001,
          verbose=0, warm_start=False)
01/29/2018 20:20:52 [INFO] exp_shallowmodel: train time: 0.646s
01/29/2018 20:20:52 [INFO] exp_shallowmodel: test time:  0.000s
01/29/2018 20:20:52 [INFO] exp_shallowmodel: accuracy:   0.827
01/29/2018 20:20:52 [INFO] exp_shallowmodel: f1_score:   0.692
01/29/2018 20:20:52 [INFO] exp_shallowmodel: classification report:
01/29/2018 20:20:52 [INFO] exp_shallowmodel:              precision    recall  f1-score   support

          A       1.00      0.21      0.35        14
          C       0.76      0.79      0.77       164
          F       0.91      0.94      0.92       268
          R       0.73      0.70      0.72       125

avg / total       0.83      0.83      0.82       571

01/29/2018 20:20:52 [INFO] exp_shallowmodel: confusion matrix:
01/29/2018 20:20:52 [INFO] exp_shallowmodel: 
[[  3   3   7   1]
 [  0 129   9  26]
 [  0  11 252   5]
 [  0  27  10  88]]
01/29/2018 20:20:52 [INFO] exp_shallowmodel: ******************** dstc2 - Round 11 
01/29/2018 20:20:52 [INFO] exp_shallowmodel: #(data) = 4583
01/29/2018 20:20:52 [INFO] exp_shallowmodel: #(feature) = 130
01/29/2018 20:20:52 [INFO] exp_shallowmodel: ================================================================================
01/29/2018 20:20:52 [INFO] exp_shallowmodel: LR.pen=l1.C=1.000000
01/29/2018 20:20:52 [INFO] exp_shallowmodel: ________________________________________________________________________________
01/29/2018 20:20:52 [INFO] exp_shallowmodel: Training: 
01/29/2018 20:20:52 [INFO] exp_shallowmodel: LogisticRegression(C=1, class_weight=None, dual=False, fit_intercept=True,
          intercept_scaling=1, max_iter=100, multi_class='ovr', n_jobs=1,
          penalty='l1', random_state=None, solver='liblinear', tol=0.0001,
          verbose=0, warm_start=False)
01/29/2018 20:20:53 [INFO] exp_shallowmodel: train time: 0.662s
01/29/2018 20:20:53 [INFO] exp_shallowmodel: test time:  0.000s
01/29/2018 20:20:53 [INFO] exp_shallowmodel: accuracy:   0.814
01/29/2018 20:20:53 [INFO] exp_shallowmodel: f1_score:   0.718
01/29/2018 20:20:53 [INFO] exp_shallowmodel: classification report:
01/29/2018 20:20:53 [INFO] exp_shallowmodel:              precision    recall  f1-score   support

          A       0.83      0.36      0.50        14
          C       0.74      0.75      0.74       164
          F       0.90      0.93      0.91       268
          R       0.73      0.70      0.71       125

avg / total       0.81      0.81      0.81       571

01/29/2018 20:20:53 [INFO] exp_shallowmodel: confusion matrix:
01/29/2018 20:20:53 [INFO] exp_shallowmodel: 
[[  5   3   5   1]
 [  0 123  14  27]
 [  1  13 250   4]
 [  0  28  10  87]]
01/29/2018 20:20:53 [INFO] exp_shallowmodel: ******************** dstc2 - Round 12 
01/29/2018 20:20:53 [INFO] exp_shallowmodel: #(data) = 4583
01/29/2018 20:20:53 [INFO] exp_shallowmodel: #(feature) = 130
01/29/2018 20:20:53 [INFO] exp_shallowmodel: ================================================================================
01/29/2018 20:20:53 [INFO] exp_shallowmodel: LR.pen=l1.C=1.000000
01/29/2018 20:20:53 [INFO] exp_shallowmodel: ________________________________________________________________________________
01/29/2018 20:20:53 [INFO] exp_shallowmodel: Training: 
01/29/2018 20:20:53 [INFO] exp_shallowmodel: LogisticRegression(C=1, class_weight=None, dual=False, fit_intercept=True,
          intercept_scaling=1, max_iter=100, multi_class='ovr', n_jobs=1,
          penalty='l1', random_state=None, solver='liblinear', tol=0.0001,
          verbose=0, warm_start=False)
01/29/2018 20:20:53 [INFO] exp_shallowmodel: train time: 0.725s
01/29/2018 20:20:53 [INFO] exp_shallowmodel: test time:  0.000s
01/29/2018 20:20:53 [INFO] exp_shallowmodel: accuracy:   0.813
01/29/2018 20:20:53 [INFO] exp_shallowmodel: f1_score:   0.681
01/29/2018 20:20:53 [INFO] exp_shallowmodel: classification report:
01/29/2018 20:20:53 [INFO] exp_shallowmodel:              precision    recall  f1-score   support

          A       0.75      0.21      0.33        14
          C       0.74      0.77      0.76       164
          F       0.88      0.91      0.90       268
          R       0.75      0.72      0.73       125

avg / total       0.81      0.81      0.81       571

01/29/2018 20:20:53 [INFO] exp_shallowmodel: confusion matrix:
01/29/2018 20:20:53 [INFO] exp_shallowmodel: 
[[  3   1   9   1]
 [  1 127  12  24]
 [  0  19 244   5]
 [  0  24  11  90]]
01/29/2018 20:20:53 [INFO] exp_shallowmodel: ******************** dstc2 - Round 13 
01/29/2018 20:20:53 [INFO] exp_shallowmodel: #(data) = 4583
01/29/2018 20:20:53 [INFO] exp_shallowmodel: #(feature) = 130
01/29/2018 20:20:53 [INFO] exp_shallowmodel: ================================================================================
01/29/2018 20:20:53 [INFO] exp_shallowmodel: LR.pen=l1.C=1.000000
01/29/2018 20:20:53 [INFO] exp_shallowmodel: ________________________________________________________________________________
01/29/2018 20:20:53 [INFO] exp_shallowmodel: Training: 
01/29/2018 20:20:53 [INFO] exp_shallowmodel: LogisticRegression(C=1, class_weight=None, dual=False, fit_intercept=True,
          intercept_scaling=1, max_iter=100, multi_class='ovr', n_jobs=1,
          penalty='l1', random_state=None, solver='liblinear', tol=0.0001,
          verbose=0, warm_start=False)
01/29/2018 20:20:54 [INFO] exp_shallowmodel: train time: 0.691s
01/29/2018 20:20:54 [INFO] exp_shallowmodel: test time:  0.000s
01/29/2018 20:20:54 [INFO] exp_shallowmodel: accuracy:   0.841
01/29/2018 20:20:54 [INFO] exp_shallowmodel: f1_score:   0.706
01/29/2018 20:20:54 [INFO] exp_shallowmodel: classification report:
01/29/2018 20:20:54 [INFO] exp_shallowmodel:              precision    recall  f1-score   support

          A       1.00      0.21      0.35        14
          C       0.79      0.84      0.81       164
          F       0.91      0.93      0.92       268
          R       0.76      0.72      0.74       125

avg / total       0.84      0.84      0.84       571

01/29/2018 20:20:54 [INFO] exp_shallowmodel: confusion matrix:
01/29/2018 20:20:54 [INFO] exp_shallowmodel: 
[[  3   2   5   4]
 [  0 137  10  17]
 [  0  10 250   8]
 [  0  25  10  90]]
01/29/2018 20:20:54 [INFO] exp_shallowmodel: ******************** dstc2 - Round 14 
01/29/2018 20:20:54 [INFO] exp_shallowmodel: #(data) = 4583
01/29/2018 20:20:54 [INFO] exp_shallowmodel: #(feature) = 130
01/29/2018 20:20:54 [INFO] exp_shallowmodel: ================================================================================
01/29/2018 20:20:54 [INFO] exp_shallowmodel: LR.pen=l1.C=1.000000
01/29/2018 20:20:54 [INFO] exp_shallowmodel: ________________________________________________________________________________
01/29/2018 20:20:54 [INFO] exp_shallowmodel: Training: 
01/29/2018 20:20:54 [INFO] exp_shallowmodel: LogisticRegression(C=1, class_weight=None, dual=False, fit_intercept=True,
          intercept_scaling=1, max_iter=100, multi_class='ovr', n_jobs=1,
          penalty='l1', random_state=None, solver='liblinear', tol=0.0001,
          verbose=0, warm_start=False)
01/29/2018 20:20:55 [INFO] exp_shallowmodel: train time: 0.662s
01/29/2018 20:20:55 [INFO] exp_shallowmodel: test time:  0.000s
01/29/2018 20:20:55 [INFO] exp_shallowmodel: accuracy:   0.839
01/29/2018 20:20:55 [INFO] exp_shallowmodel: f1_score:   0.683
01/29/2018 20:20:55 [INFO] exp_shallowmodel: classification report:
01/29/2018 20:20:55 [INFO] exp_shallowmodel:              precision    recall  f1-score   support

          A       1.00      0.14      0.25        14
          C       0.77      0.82      0.79       164
          F       0.90      0.93      0.91       268
          R       0.81      0.74      0.78       125

avg / total       0.84      0.84      0.83       571

01/29/2018 20:20:55 [INFO] exp_shallowmodel: confusion matrix:
01/29/2018 20:20:55 [INFO] exp_shallowmodel: 
[[  2   3   8   1]
 [  0 135  12  17]
 [  0  15 249   4]
 [  0  23   9  93]]
01/29/2018 20:20:55 [INFO] exp_shallowmodel: ******************** dstc2 - Round 15 
01/29/2018 20:20:55 [INFO] exp_shallowmodel: #(data) = 4583
01/29/2018 20:20:55 [INFO] exp_shallowmodel: #(feature) = 130
01/29/2018 20:20:55 [INFO] exp_shallowmodel: ================================================================================
01/29/2018 20:20:55 [INFO] exp_shallowmodel: LR.pen=l1.C=1.000000
01/29/2018 20:20:55 [INFO] exp_shallowmodel: ________________________________________________________________________________
01/29/2018 20:20:55 [INFO] exp_shallowmodel: Training: 
01/29/2018 20:20:55 [INFO] exp_shallowmodel: LogisticRegression(C=1, class_weight=None, dual=False, fit_intercept=True,
          intercept_scaling=1, max_iter=100, multi_class='ovr', n_jobs=1,
          penalty='l1', random_state=None, solver='liblinear', tol=0.0001,
          verbose=0, warm_start=False)
01/29/2018 20:20:55 [INFO] exp_shallowmodel: train time: 0.684s
01/29/2018 20:20:55 [INFO] exp_shallowmodel: test time:  0.000s
01/29/2018 20:20:55 [INFO] exp_shallowmodel: accuracy:   0.828
01/29/2018 20:20:55 [INFO] exp_shallowmodel: f1_score:   0.692
01/29/2018 20:20:55 [INFO] exp_shallowmodel: classification report:
01/29/2018 20:20:55 [INFO] exp_shallowmodel:              precision    recall  f1-score   support

          A       0.75      0.21      0.33        14
          C       0.77      0.80      0.79       164
          F       0.89      0.93      0.91       268
          R       0.78      0.70      0.74       125

avg / total       0.83      0.83      0.82       571

01/29/2018 20:20:55 [INFO] exp_shallowmodel: confusion matrix:
01/29/2018 20:20:55 [INFO] exp_shallowmodel: 
[[  3   1   6   4]
 [  1 132  13  18]
 [  0  15 250   3]
 [  0  24  13  88]]
01/29/2018 20:20:55 [INFO] exp_shallowmodel: ******************** dstc2 - Round 16 
01/29/2018 20:20:55 [INFO] exp_shallowmodel: #(data) = 4583
01/29/2018 20:20:55 [INFO] exp_shallowmodel: #(feature) = 130
01/29/2018 20:20:55 [INFO] exp_shallowmodel: ================================================================================
01/29/2018 20:20:55 [INFO] exp_shallowmodel: LR.pen=l1.C=1.000000
01/29/2018 20:20:55 [INFO] exp_shallowmodel: ________________________________________________________________________________
01/29/2018 20:20:55 [INFO] exp_shallowmodel: Training: 
01/29/2018 20:20:55 [INFO] exp_shallowmodel: LogisticRegression(C=1, class_weight=None, dual=False, fit_intercept=True,
          intercept_scaling=1, max_iter=100, multi_class='ovr', n_jobs=1,
          penalty='l1', random_state=None, solver='liblinear', tol=0.0001,
          verbose=0, warm_start=False)
01/29/2018 20:20:56 [INFO] exp_shallowmodel: train time: 0.726s
01/29/2018 20:20:56 [INFO] exp_shallowmodel: test time:  0.000s
01/29/2018 20:20:56 [INFO] exp_shallowmodel: accuracy:   0.828
01/29/2018 20:20:56 [INFO] exp_shallowmodel: f1_score:   0.639
01/29/2018 20:20:56 [INFO] exp_shallowmodel: classification report:
01/29/2018 20:20:56 [INFO] exp_shallowmodel:              precision    recall  f1-score   support

          A       0.33      0.07      0.12        14
          C       0.78      0.82      0.80       164
          F       0.88      0.94      0.91       268
          R       0.78      0.68      0.73       125

avg / total       0.82      0.83      0.82       571

01/29/2018 20:20:56 [INFO] exp_shallowmodel: confusion matrix:
01/29/2018 20:20:56 [INFO] exp_shallowmodel: 
[[  1   4   8   1]
 [  2 135  11  16]
 [  0   9 252   7]
 [  0  26  14  85]]
01/29/2018 20:20:56 [INFO] exp_shallowmodel: ******************** dstc2 - Round 17 
01/29/2018 20:20:56 [INFO] exp_shallowmodel: #(data) = 4583
01/29/2018 20:20:56 [INFO] exp_shallowmodel: #(feature) = 130
01/29/2018 20:20:56 [INFO] exp_shallowmodel: ================================================================================
01/29/2018 20:20:56 [INFO] exp_shallowmodel: LR.pen=l1.C=1.000000
01/29/2018 20:20:56 [INFO] exp_shallowmodel: ________________________________________________________________________________
01/29/2018 20:20:56 [INFO] exp_shallowmodel: Training: 
01/29/2018 20:20:56 [INFO] exp_shallowmodel: LogisticRegression(C=1, class_weight=None, dual=False, fit_intercept=True,
          intercept_scaling=1, max_iter=100, multi_class='ovr', n_jobs=1,
          penalty='l1', random_state=None, solver='liblinear', tol=0.0001,
          verbose=0, warm_start=False)
01/29/2018 20:20:57 [INFO] exp_shallowmodel: train time: 0.647s
01/29/2018 20:20:57 [INFO] exp_shallowmodel: test time:  0.000s
01/29/2018 20:20:57 [INFO] exp_shallowmodel: accuracy:   0.821
01/29/2018 20:20:57 [INFO] exp_shallowmodel: f1_score:   0.716
01/29/2018 20:20:57 [INFO] exp_shallowmodel: classification report:
01/29/2018 20:20:57 [INFO] exp_shallowmodel:              precision    recall  f1-score   support

          A       1.00      0.29      0.44        14
          C       0.77      0.77      0.77       164
          F       0.87      0.92      0.89       268
          R       0.78      0.74      0.76       125

avg / total       0.82      0.82      0.82       571

01/29/2018 20:20:57 [INFO] exp_shallowmodel: confusion matrix:
01/29/2018 20:20:57 [INFO] exp_shallowmodel: 
[[  4   2   6   2]
 [  0 127  18  19]
 [  0  17 246   5]
 [  0  19  14  92]]
01/29/2018 20:20:57 [INFO] exp_shallowmodel: ******************** dstc2 - Round 18 
01/29/2018 20:20:57 [INFO] exp_shallowmodel: #(data) = 4583
01/29/2018 20:20:57 [INFO] exp_shallowmodel: #(feature) = 130
01/29/2018 20:20:57 [INFO] exp_shallowmodel: ================================================================================
01/29/2018 20:20:57 [INFO] exp_shallowmodel: LR.pen=l1.C=1.000000
01/29/2018 20:20:57 [INFO] exp_shallowmodel: ________________________________________________________________________________
01/29/2018 20:20:57 [INFO] exp_shallowmodel: Training: 
01/29/2018 20:20:57 [INFO] exp_shallowmodel: LogisticRegression(C=1, class_weight=None, dual=False, fit_intercept=True,
          intercept_scaling=1, max_iter=100, multi_class='ovr', n_jobs=1,
          penalty='l1', random_state=None, solver='liblinear', tol=0.0001,
          verbose=0, warm_start=False)
01/29/2018 20:20:58 [INFO] exp_shallowmodel: train time: 0.619s
01/29/2018 20:20:58 [INFO] exp_shallowmodel: test time:  0.000s
01/29/2018 20:20:58 [INFO] exp_shallowmodel: accuracy:   0.807
01/29/2018 20:20:58 [INFO] exp_shallowmodel: f1_score:   0.679
01/29/2018 20:20:58 [INFO] exp_shallowmodel: classification report:
01/29/2018 20:20:58 [INFO] exp_shallowmodel:              precision    recall  f1-score   support

          A       1.00      0.21      0.35        14
          C       0.78      0.80      0.79       164
          F       0.85      0.91      0.88       268
          R       0.73      0.66      0.69       125

avg / total       0.81      0.81      0.80       571

01/29/2018 20:20:58 [INFO] exp_shallowmodel: confusion matrix:
01/29/2018 20:20:58 [INFO] exp_shallowmodel: 
[[  3   0  11   0]
 [  0 131  15  18]
 [  0  11 245  12]
 [  0  26  17  82]]
01/29/2018 20:20:58 [INFO] exp_shallowmodel: ******************** dstc2 - Round 19 
01/29/2018 20:20:58 [INFO] exp_shallowmodel: #(data) = 4568
01/29/2018 20:20:58 [INFO] exp_shallowmodel: #(feature) = 130
01/29/2018 20:20:58 [INFO] exp_shallowmodel: ================================================================================
01/29/2018 20:20:58 [INFO] exp_shallowmodel: LR.pen=l1.C=1.000000
01/29/2018 20:20:58 [INFO] exp_shallowmodel: ________________________________________________________________________________
01/29/2018 20:20:58 [INFO] exp_shallowmodel: Training: 
01/29/2018 20:20:58 [INFO] exp_shallowmodel: LogisticRegression(C=1, class_weight=None, dual=False, fit_intercept=True,
          intercept_scaling=1, max_iter=100, multi_class='ovr', n_jobs=1,
          penalty='l1', random_state=None, solver='liblinear', tol=0.0001,
          verbose=0, warm_start=False)
01/29/2018 20:20:58 [INFO] exp_shallowmodel: train time: 0.657s
01/29/2018 20:20:58 [INFO] exp_shallowmodel: test time:  0.000s
01/29/2018 20:20:58 [INFO] exp_shallowmodel: accuracy:   0.824
01/29/2018 20:20:58 [INFO] exp_shallowmodel: f1_score:   0.706
01/29/2018 20:20:58 [INFO] exp_shallowmodel: classification report:
01/29/2018 20:20:58 [INFO] exp_shallowmodel:              precision    recall  f1-score   support

          A       1.00      0.25      0.40        16
          C       0.78      0.82      0.80       169
          F       0.87      0.92      0.90       271
          R       0.76      0.70      0.73       130

avg / total       0.83      0.82      0.82       586

01/29/2018 20:20:58 [INFO] exp_shallowmodel: confusion matrix:
01/29/2018 20:20:58 [INFO] exp_shallowmodel: 
[[  4   2  10   0]
 [  0 138  10  21]
 [  0  13 250   8]
 [  0  23  16  91]]
01/29/2018 20:20:58 [INFO] exp_shallowmodel: ******************** dstc2 - Round 20 
01/29/2018 20:20:58 [INFO] exp_shallowmodel: #(data) = 4583
01/29/2018 20:20:58 [INFO] exp_shallowmodel: #(feature) = 130
01/29/2018 20:20:58 [INFO] exp_shallowmodel: ================================================================================
01/29/2018 20:20:58 [INFO] exp_shallowmodel: LR.pen=l1.C=1.000000
01/29/2018 20:20:58 [INFO] exp_shallowmodel: ________________________________________________________________________________
01/29/2018 20:20:58 [INFO] exp_shallowmodel: Training: 
01/29/2018 20:20:58 [INFO] exp_shallowmodel: LogisticRegression(C=1, class_weight=None, dual=False, fit_intercept=True,
          intercept_scaling=1, max_iter=100, multi_class='ovr', n_jobs=1,
          penalty='l1', random_state=None, solver='liblinear', tol=0.0001,
          verbose=0, warm_start=False)
01/29/2018 20:20:59 [INFO] exp_shallowmodel: train time: 0.679s
01/29/2018 20:20:59 [INFO] exp_shallowmodel: test time:  0.000s
01/29/2018 20:20:59 [INFO] exp_shallowmodel: accuracy:   0.814
01/29/2018 20:20:59 [INFO] exp_shallowmodel: f1_score:   0.684
01/29/2018 20:20:59 [INFO] exp_shallowmodel: classification report:
01/29/2018 20:20:59 [INFO] exp_shallowmodel:              precision    recall  f1-score   support

          A       1.00      0.21      0.35        14
          C       0.77      0.80      0.78       164
          F       0.88      0.92      0.90       268
          R       0.73      0.68      0.71       125

avg / total       0.82      0.81      0.81       571

01/29/2018 20:20:59 [INFO] exp_shallowmodel: confusion matrix:
01/29/2018 20:20:59 [INFO] exp_shallowmodel: 
[[  3   2   5   4]
 [  0 131  11  22]
 [  0  17 246   5]
 [  0  21  19  85]]
01/29/2018 20:20:59 [INFO] exp_shallowmodel: ******************** dstc2 - Round 21 
01/29/2018 20:20:59 [INFO] exp_shallowmodel: #(data) = 4583
01/29/2018 20:20:59 [INFO] exp_shallowmodel: #(feature) = 130
01/29/2018 20:20:59 [INFO] exp_shallowmodel: ================================================================================
01/29/2018 20:20:59 [INFO] exp_shallowmodel: LR.pen=l1.C=1.000000
01/29/2018 20:20:59 [INFO] exp_shallowmodel: ________________________________________________________________________________
01/29/2018 20:20:59 [INFO] exp_shallowmodel: Training: 
01/29/2018 20:20:59 [INFO] exp_shallowmodel: LogisticRegression(C=1, class_weight=None, dual=False, fit_intercept=True,
          intercept_scaling=1, max_iter=100, multi_class='ovr', n_jobs=1,
          penalty='l1', random_state=None, solver='liblinear', tol=0.0001,
          verbose=0, warm_start=False)
01/29/2018 20:21:00 [INFO] exp_shallowmodel: train time: 0.673s
01/29/2018 20:21:00 [INFO] exp_shallowmodel: test time:  0.000s
01/29/2018 20:21:00 [INFO] exp_shallowmodel: accuracy:   0.816
01/29/2018 20:21:00 [INFO] exp_shallowmodel: f1_score:   0.695
01/29/2018 20:21:00 [INFO] exp_shallowmodel: classification report:
01/29/2018 20:21:00 [INFO] exp_shallowmodel:              precision    recall  f1-score   support

          A       0.67      0.29      0.40        14
          C       0.73      0.79      0.76       164
          F       0.90      0.93      0.91       268
          R       0.75      0.66      0.71       125

avg / total       0.81      0.82      0.81       571

01/29/2018 20:21:00 [INFO] exp_shallowmodel: confusion matrix:
01/29/2018 20:21:00 [INFO] exp_shallowmodel: 
[[  4   4   6   0]
 [  1 129  13  21]
 [  1  11 250   6]
 [  0  32  10  83]]
01/29/2018 20:21:00 [INFO] exp_shallowmodel: ******************** dstc2 - Round 22 
01/29/2018 20:21:00 [INFO] exp_shallowmodel: #(data) = 4583
01/29/2018 20:21:00 [INFO] exp_shallowmodel: #(feature) = 130
01/29/2018 20:21:00 [INFO] exp_shallowmodel: ================================================================================
01/29/2018 20:21:00 [INFO] exp_shallowmodel: LR.pen=l1.C=1.000000
01/29/2018 20:21:00 [INFO] exp_shallowmodel: ________________________________________________________________________________
01/29/2018 20:21:00 [INFO] exp_shallowmodel: Training: 
01/29/2018 20:21:00 [INFO] exp_shallowmodel: LogisticRegression(C=1, class_weight=None, dual=False, fit_intercept=True,
          intercept_scaling=1, max_iter=100, multi_class='ovr', n_jobs=1,
          penalty='l1', random_state=None, solver='liblinear', tol=0.0001,
          verbose=0, warm_start=False)
01/29/2018 20:21:00 [INFO] exp_shallowmodel: train time: 0.724s
01/29/2018 20:21:00 [INFO] exp_shallowmodel: test time:  0.000s
01/29/2018 20:21:00 [INFO] exp_shallowmodel: accuracy:   0.842
01/29/2018 20:21:00 [INFO] exp_shallowmodel: f1_score:   0.702
01/29/2018 20:21:00 [INFO] exp_shallowmodel: classification report:
01/29/2018 20:21:00 [INFO] exp_shallowmodel:              precision    recall  f1-score   support

          A       0.75      0.21      0.33        14
          C       0.78      0.83      0.80       164
          F       0.90      0.95      0.92       268
          R       0.80      0.70      0.75       125

avg / total       0.84      0.84      0.84       571

01/29/2018 20:21:00 [INFO] exp_shallowmodel: confusion matrix:
01/29/2018 20:21:00 [INFO] exp_shallowmodel: 
[[  3   3   6   2]
 [  1 136  10  17]
 [  0  11 254   3]
 [  0  25  12  88]]
01/29/2018 20:21:00 [INFO] exp_shallowmodel: ******************** dstc2 - Round 23 
01/29/2018 20:21:00 [INFO] exp_shallowmodel: #(data) = 4583
01/29/2018 20:21:00 [INFO] exp_shallowmodel: #(feature) = 130
01/29/2018 20:21:00 [INFO] exp_shallowmodel: ================================================================================
01/29/2018 20:21:00 [INFO] exp_shallowmodel: LR.pen=l1.C=1.000000
01/29/2018 20:21:00 [INFO] exp_shallowmodel: ________________________________________________________________________________
01/29/2018 20:21:00 [INFO] exp_shallowmodel: Training: 
01/29/2018 20:21:00 [INFO] exp_shallowmodel: LogisticRegression(C=1, class_weight=None, dual=False, fit_intercept=True,
          intercept_scaling=1, max_iter=100, multi_class='ovr', n_jobs=1,
          penalty='l1', random_state=None, solver='liblinear', tol=0.0001,
          verbose=0, warm_start=False)
01/29/2018 20:21:01 [INFO] exp_shallowmodel: train time: 0.674s
01/29/2018 20:21:01 [INFO] exp_shallowmodel: test time:  0.000s
01/29/2018 20:21:01 [INFO] exp_shallowmodel: accuracy:   0.800
01/29/2018 20:21:01 [INFO] exp_shallowmodel: f1_score:   0.673
01/29/2018 20:21:01 [INFO] exp_shallowmodel: classification report:
01/29/2018 20:21:01 [INFO] exp_shallowmodel:              precision    recall  f1-score   support

          A       1.00      0.21      0.35        14
          C       0.72      0.77      0.75       164
          F       0.89      0.90      0.90       268
          R       0.71      0.68      0.69       125

avg / total       0.80      0.80      0.80       571

01/29/2018 20:21:01 [INFO] exp_shallowmodel: confusion matrix:
01/29/2018 20:21:01 [INFO] exp_shallowmodel: 
[[  3   0   9   2]
 [  0 127  11  26]
 [  0  19 242   7]
 [  0  30  10  85]]
01/29/2018 20:21:01 [INFO] exp_shallowmodel: ******************** dstc2 - Round 24 
01/29/2018 20:21:01 [INFO] exp_shallowmodel: #(data) = 4583
01/29/2018 20:21:01 [INFO] exp_shallowmodel: #(feature) = 130
01/29/2018 20:21:01 [INFO] exp_shallowmodel: ================================================================================
01/29/2018 20:21:01 [INFO] exp_shallowmodel: LR.pen=l1.C=1.000000
01/29/2018 20:21:01 [INFO] exp_shallowmodel: ________________________________________________________________________________
01/29/2018 20:21:01 [INFO] exp_shallowmodel: Training: 
01/29/2018 20:21:01 [INFO] exp_shallowmodel: LogisticRegression(C=1, class_weight=None, dual=False, fit_intercept=True,
          intercept_scaling=1, max_iter=100, multi_class='ovr', n_jobs=1,
          penalty='l1', random_state=None, solver='liblinear', tol=0.0001,
          verbose=0, warm_start=False)
01/29/2018 20:21:02 [INFO] exp_shallowmodel: train time: 0.722s
01/29/2018 20:21:02 [INFO] exp_shallowmodel: test time:  0.000s
01/29/2018 20:21:02 [INFO] exp_shallowmodel: accuracy:   0.792
01/29/2018 20:21:02 [INFO] exp_shallowmodel: f1_score:   0.678
01/29/2018 20:21:02 [INFO] exp_shallowmodel: classification report:
01/29/2018 20:21:02 [INFO] exp_shallowmodel:              precision    recall  f1-score   support

          A       0.80      0.29      0.42        14
          C       0.70      0.77      0.73       164
          F       0.88      0.91      0.90       268
          R       0.72      0.62      0.66       125

avg / total       0.79      0.79      0.79       571

01/29/2018 20:21:02 [INFO] exp_shallowmodel: confusion matrix:
01/29/2018 20:21:02 [INFO] exp_shallowmodel: 
[[  4   4   6   0]
 [  1 126  12  25]
 [  0  18 245   5]
 [  0  33  15  77]]
01/29/2018 20:21:02 [INFO] exp_shallowmodel: ******************** dstc2 - Round 25 
01/29/2018 20:21:02 [INFO] exp_shallowmodel: #(data) = 4583
01/29/2018 20:21:02 [INFO] exp_shallowmodel: #(feature) = 130
01/29/2018 20:21:02 [INFO] exp_shallowmodel: ================================================================================
01/29/2018 20:21:02 [INFO] exp_shallowmodel: LR.pen=l1.C=1.000000
01/29/2018 20:21:02 [INFO] exp_shallowmodel: ________________________________________________________________________________
01/29/2018 20:21:02 [INFO] exp_shallowmodel: Training: 
01/29/2018 20:21:02 [INFO] exp_shallowmodel: LogisticRegression(C=1, class_weight=None, dual=False, fit_intercept=True,
          intercept_scaling=1, max_iter=100, multi_class='ovr', n_jobs=1,
          penalty='l1', random_state=None, solver='liblinear', tol=0.0001,
          verbose=0, warm_start=False)
01/29/2018 20:21:02 [INFO] exp_shallowmodel: train time: 0.633s
01/29/2018 20:21:02 [INFO] exp_shallowmodel: test time:  0.000s
01/29/2018 20:21:02 [INFO] exp_shallowmodel: accuracy:   0.837
01/29/2018 20:21:02 [INFO] exp_shallowmodel: f1_score:   0.620
01/29/2018 20:21:02 [INFO] exp_shallowmodel: classification report:
01/29/2018 20:21:02 [INFO] exp_shallowmodel:              precision    recall  f1-score   support

          A       0.00      0.00      0.00        14
          C       0.81      0.82      0.81       164
          F       0.87      0.94      0.91       268
          R       0.79      0.73      0.76       125

avg / total       0.81      0.84      0.82       571

01/29/2018 20:21:02 [INFO] exp_shallowmodel: confusion matrix:
01/29/2018 20:21:02 [INFO] exp_shallowmodel: 
[[  0   6   8   0]
 [  0 134  12  18]
 [  0   9 253   6]
 [  0  16  18  91]]
01/29/2018 20:21:02 [INFO] exp_shallowmodel: ******************** dstc2 - Round 26 
01/29/2018 20:21:02 [INFO] exp_shallowmodel: #(data) = 4583
01/29/2018 20:21:02 [INFO] exp_shallowmodel: #(feature) = 130
01/29/2018 20:21:02 [INFO] exp_shallowmodel: ================================================================================
01/29/2018 20:21:02 [INFO] exp_shallowmodel: LR.pen=l1.C=1.000000
01/29/2018 20:21:02 [INFO] exp_shallowmodel: ________________________________________________________________________________
01/29/2018 20:21:02 [INFO] exp_shallowmodel: Training: 
01/29/2018 20:21:02 [INFO] exp_shallowmodel: LogisticRegression(C=1, class_weight=None, dual=False, fit_intercept=True,
          intercept_scaling=1, max_iter=100, multi_class='ovr', n_jobs=1,
          penalty='l1', random_state=None, solver='liblinear', tol=0.0001,
          verbose=0, warm_start=False)
01/29/2018 20:21:03 [INFO] exp_shallowmodel: train time: 0.640s
01/29/2018 20:21:03 [INFO] exp_shallowmodel: test time:  0.000s
01/29/2018 20:21:03 [INFO] exp_shallowmodel: accuracy:   0.830
01/29/2018 20:21:03 [INFO] exp_shallowmodel: f1_score:   0.715
01/29/2018 20:21:03 [INFO] exp_shallowmodel: classification report:
01/29/2018 20:21:03 [INFO] exp_shallowmodel:              precision    recall  f1-score   support

          A       1.00      0.29      0.44        14
          C       0.79      0.79      0.79       164
          F       0.88      0.96      0.92       268
          R       0.74      0.67      0.71       125

avg / total       0.83      0.83      0.82       571

01/29/2018 20:21:03 [INFO] exp_shallowmodel: confusion matrix:
01/29/2018 20:21:03 [INFO] exp_shallowmodel: 
[[  4   1   8   1]
 [  0 129  13  22]
 [  0   5 257   6]
 [  0  28  13  84]]
01/29/2018 20:21:03 [INFO] exp_shallowmodel: ******************** dstc2 - Round 27 
01/29/2018 20:21:03 [INFO] exp_shallowmodel: #(data) = 4583
01/29/2018 20:21:03 [INFO] exp_shallowmodel: #(feature) = 130
01/29/2018 20:21:03 [INFO] exp_shallowmodel: ================================================================================
01/29/2018 20:21:03 [INFO] exp_shallowmodel: LR.pen=l1.C=1.000000
01/29/2018 20:21:03 [INFO] exp_shallowmodel: ________________________________________________________________________________
01/29/2018 20:21:03 [INFO] exp_shallowmodel: Training: 
01/29/2018 20:21:03 [INFO] exp_shallowmodel: LogisticRegression(C=1, class_weight=None, dual=False, fit_intercept=True,
          intercept_scaling=1, max_iter=100, multi_class='ovr', n_jobs=1,
          penalty='l1', random_state=None, solver='liblinear', tol=0.0001,
          verbose=0, warm_start=False)
01/29/2018 20:21:04 [INFO] exp_shallowmodel: train time: 0.669s
01/29/2018 20:21:04 [INFO] exp_shallowmodel: test time:  0.000s
01/29/2018 20:21:04 [INFO] exp_shallowmodel: accuracy:   0.804
01/29/2018 20:21:04 [INFO] exp_shallowmodel: f1_score:   0.721
01/29/2018 20:21:04 [INFO] exp_shallowmodel: classification report:
01/29/2018 20:21:04 [INFO] exp_shallowmodel:              precision    recall  f1-score   support

          A       0.75      0.43      0.55        14
          C       0.74      0.74      0.74       164
          F       0.88      0.92      0.90       268
          R       0.71      0.68      0.70       125

avg / total       0.80      0.80      0.80       571

01/29/2018 20:21:04 [INFO] exp_shallowmodel: confusion matrix:
01/29/2018 20:21:04 [INFO] exp_shallowmodel: 
[[  6   2   6   0]
 [  0 122  16  26]
 [  1  13 246   8]
 [  1  27  12  85]]
01/29/2018 20:21:04 [INFO] exp_shallowmodel: ******************** dstc2 - Round 28 
01/29/2018 20:21:04 [INFO] exp_shallowmodel: #(data) = 4583
01/29/2018 20:21:04 [INFO] exp_shallowmodel: #(feature) = 130
01/29/2018 20:21:04 [INFO] exp_shallowmodel: ================================================================================
01/29/2018 20:21:04 [INFO] exp_shallowmodel: LR.pen=l1.C=1.000000
01/29/2018 20:21:04 [INFO] exp_shallowmodel: ________________________________________________________________________________
01/29/2018 20:21:04 [INFO] exp_shallowmodel: Training: 
01/29/2018 20:21:04 [INFO] exp_shallowmodel: LogisticRegression(C=1, class_weight=None, dual=False, fit_intercept=True,
          intercept_scaling=1, max_iter=100, multi_class='ovr', n_jobs=1,
          penalty='l1', random_state=None, solver='liblinear', tol=0.0001,
          verbose=0, warm_start=False)
01/29/2018 20:21:04 [INFO] exp_shallowmodel: train time: 0.645s
01/29/2018 20:21:04 [INFO] exp_shallowmodel: test time:  0.000s
01/29/2018 20:21:04 [INFO] exp_shallowmodel: accuracy:   0.834
01/29/2018 20:21:04 [INFO] exp_shallowmodel: f1_score:   0.719
01/29/2018 20:21:04 [INFO] exp_shallowmodel: classification report:
01/29/2018 20:21:04 [INFO] exp_shallowmodel:              precision    recall  f1-score   support

          A       0.80      0.29      0.42        14
          C       0.79      0.81      0.80       164
          F       0.89      0.92      0.91       268
          R       0.76      0.74      0.75       125

avg / total       0.83      0.83      0.83       571

01/29/2018 20:21:04 [INFO] exp_shallowmodel: confusion matrix:
01/29/2018 20:21:04 [INFO] exp_shallowmodel: 
[[  4   0   7   3]
 [  0 133  11  20]
 [  1  14 247   6]
 [  0  22  11  92]]
01/29/2018 20:21:04 [INFO] exp_shallowmodel: ******************** dstc2 - Round 29 
01/29/2018 20:21:04 [INFO] exp_shallowmodel: #(data) = 4568
01/29/2018 20:21:04 [INFO] exp_shallowmodel: #(feature) = 130
01/29/2018 20:21:04 [INFO] exp_shallowmodel: ================================================================================
01/29/2018 20:21:04 [INFO] exp_shallowmodel: LR.pen=l1.C=1.000000
01/29/2018 20:21:04 [INFO] exp_shallowmodel: ________________________________________________________________________________
01/29/2018 20:21:04 [INFO] exp_shallowmodel: Training: 
01/29/2018 20:21:04 [INFO] exp_shallowmodel: LogisticRegression(C=1, class_weight=None, dual=False, fit_intercept=True,
          intercept_scaling=1, max_iter=100, multi_class='ovr', n_jobs=1,
          penalty='l1', random_state=None, solver='liblinear', tol=0.0001,
          verbose=0, warm_start=False)
01/29/2018 20:21:05 [INFO] exp_shallowmodel: train time: 0.634s
01/29/2018 20:21:05 [INFO] exp_shallowmodel: test time:  0.000s
01/29/2018 20:21:05 [INFO] exp_shallowmodel: accuracy:   0.831
01/29/2018 20:21:05 [INFO] exp_shallowmodel: f1_score:   0.705
01/29/2018 20:21:05 [INFO] exp_shallowmodel: classification report:
01/29/2018 20:21:05 [INFO] exp_shallowmodel:              precision    recall  f1-score   support

          A       0.67      0.25      0.36        16
          C       0.79      0.85      0.82       169
          F       0.88      0.92      0.90       271
          R       0.79      0.69      0.74       130

avg / total       0.83      0.83      0.83       586

01/29/2018 20:21:05 [INFO] exp_shallowmodel: confusion matrix:
01/29/2018 20:21:05 [INFO] exp_shallowmodel: 
[[  4   3   9   0]
 [  1 144  10  14]
 [  0  12 249  10]
 [  1  23  16  90]]
01/29/2018 20:21:05 [INFO] exp_shallowmodel: ******************** dstc2 - Round 30 
01/29/2018 20:21:05 [INFO] exp_shallowmodel: #(data) = 4583
01/29/2018 20:21:05 [INFO] exp_shallowmodel: #(feature) = 130
01/29/2018 20:21:05 [INFO] exp_shallowmodel: ================================================================================
01/29/2018 20:21:05 [INFO] exp_shallowmodel: LR.pen=l1.C=1.000000
01/29/2018 20:21:05 [INFO] exp_shallowmodel: ________________________________________________________________________________
01/29/2018 20:21:05 [INFO] exp_shallowmodel: Training: 
01/29/2018 20:21:05 [INFO] exp_shallowmodel: LogisticRegression(C=1, class_weight=None, dual=False, fit_intercept=True,
          intercept_scaling=1, max_iter=100, multi_class='ovr', n_jobs=1,
          penalty='l1', random_state=None, solver='liblinear', tol=0.0001,
          verbose=0, warm_start=False)
01/29/2018 20:21:06 [INFO] exp_shallowmodel: train time: 0.623s
01/29/2018 20:21:06 [INFO] exp_shallowmodel: test time:  0.000s
01/29/2018 20:21:06 [INFO] exp_shallowmodel: accuracy:   0.825
01/29/2018 20:21:06 [INFO] exp_shallowmodel: f1_score:   0.688
01/29/2018 20:21:06 [INFO] exp_shallowmodel: classification report:
01/29/2018 20:21:06 [INFO] exp_shallowmodel:              precision    recall  f1-score   support

          A       0.75      0.21      0.33        14
          C       0.76      0.80      0.78       164
          F       0.90      0.93      0.91       268
          R       0.76      0.70      0.72       125

avg / total       0.82      0.82      0.82       571

01/29/2018 20:21:06 [INFO] exp_shallowmodel: confusion matrix:
01/29/2018 20:21:06 [INFO] exp_shallowmodel: 
[[  3   2   8   1]
 [  1 132  12  19]
 [  0  11 249   8]
 [  0  29   9  87]]
01/29/2018 20:21:06 [INFO] exp_shallowmodel: ******************** dstc2 - Round 31 
01/29/2018 20:21:06 [INFO] exp_shallowmodel: #(data) = 4583
01/29/2018 20:21:06 [INFO] exp_shallowmodel: #(feature) = 130
01/29/2018 20:21:06 [INFO] exp_shallowmodel: ================================================================================
01/29/2018 20:21:06 [INFO] exp_shallowmodel: LR.pen=l1.C=1.000000
01/29/2018 20:21:06 [INFO] exp_shallowmodel: ________________________________________________________________________________
01/29/2018 20:21:06 [INFO] exp_shallowmodel: Training: 
01/29/2018 20:21:06 [INFO] exp_shallowmodel: LogisticRegression(C=1, class_weight=None, dual=False, fit_intercept=True,
          intercept_scaling=1, max_iter=100, multi_class='ovr', n_jobs=1,
          penalty='l1', random_state=None, solver='liblinear', tol=0.0001,
          verbose=0, warm_start=False)
01/29/2018 20:21:06 [INFO] exp_shallowmodel: train time: 0.674s
01/29/2018 20:21:06 [INFO] exp_shallowmodel: test time:  0.000s
01/29/2018 20:21:06 [INFO] exp_shallowmodel: accuracy:   0.825
01/29/2018 20:21:06 [INFO] exp_shallowmodel: f1_score:   0.688
01/29/2018 20:21:06 [INFO] exp_shallowmodel: classification report:
01/29/2018 20:21:06 [INFO] exp_shallowmodel:              precision    recall  f1-score   support

          A       0.60      0.21      0.32        14
          C       0.77      0.81      0.79       164
          F       0.88      0.91      0.90       268
          R       0.78      0.72      0.75       125

avg / total       0.82      0.82      0.82       571

01/29/2018 20:21:06 [INFO] exp_shallowmodel: confusion matrix:
01/29/2018 20:21:06 [INFO] exp_shallowmodel: 
[[  3   0   8   3]
 [  2 133  10  19]
 [  0  20 245   3]
 [  0  20  15  90]]
01/29/2018 20:21:06 [INFO] exp_shallowmodel: ******************** dstc2 - Round 32 
01/29/2018 20:21:06 [INFO] exp_shallowmodel: #(data) = 4583
01/29/2018 20:21:06 [INFO] exp_shallowmodel: #(feature) = 130
01/29/2018 20:21:06 [INFO] exp_shallowmodel: ================================================================================
01/29/2018 20:21:06 [INFO] exp_shallowmodel: LR.pen=l1.C=1.000000
01/29/2018 20:21:06 [INFO] exp_shallowmodel: ________________________________________________________________________________
01/29/2018 20:21:06 [INFO] exp_shallowmodel: Training: 
01/29/2018 20:21:06 [INFO] exp_shallowmodel: LogisticRegression(C=1, class_weight=None, dual=False, fit_intercept=True,
          intercept_scaling=1, max_iter=100, multi_class='ovr', n_jobs=1,
          penalty='l1', random_state=None, solver='liblinear', tol=0.0001,
          verbose=0, warm_start=False)
01/29/2018 20:21:07 [INFO] exp_shallowmodel: train time: 0.688s
01/29/2018 20:21:07 [INFO] exp_shallowmodel: test time:  0.000s
01/29/2018 20:21:07 [INFO] exp_shallowmodel: accuracy:   0.809
01/29/2018 20:21:07 [INFO] exp_shallowmodel: f1_score:   0.699
01/29/2018 20:21:07 [INFO] exp_shallowmodel: classification report:
01/29/2018 20:21:07 [INFO] exp_shallowmodel:              precision    recall  f1-score   support

          A       0.56      0.36      0.43        14
          C       0.74      0.80      0.77       164
          F       0.88      0.92      0.90       268
          R       0.75      0.64      0.69       125

avg / total       0.81      0.81      0.81       571

01/29/2018 20:21:07 [INFO] exp_shallowmodel: confusion matrix:
01/29/2018 20:21:07 [INFO] exp_shallowmodel: 
[[  5   3   5   1]
 [  1 131  11  21]
 [  3  15 246   4]
 [  0  29  16  80]]
01/29/2018 20:21:07 [INFO] exp_shallowmodel: ******************** dstc2 - Round 33 
01/29/2018 20:21:07 [INFO] exp_shallowmodel: #(data) = 4583
01/29/2018 20:21:07 [INFO] exp_shallowmodel: #(feature) = 130
01/29/2018 20:21:07 [INFO] exp_shallowmodel: ================================================================================
01/29/2018 20:21:07 [INFO] exp_shallowmodel: LR.pen=l1.C=1.000000
01/29/2018 20:21:07 [INFO] exp_shallowmodel: ________________________________________________________________________________
01/29/2018 20:21:07 [INFO] exp_shallowmodel: Training: 
01/29/2018 20:21:07 [INFO] exp_shallowmodel: LogisticRegression(C=1, class_weight=None, dual=False, fit_intercept=True,
          intercept_scaling=1, max_iter=100, multi_class='ovr', n_jobs=1,
          penalty='l1', random_state=None, solver='liblinear', tol=0.0001,
          verbose=0, warm_start=False)
01/29/2018 20:21:08 [INFO] exp_shallowmodel: train time: 0.675s
01/29/2018 20:21:08 [INFO] exp_shallowmodel: test time:  0.000s
01/29/2018 20:21:08 [INFO] exp_shallowmodel: accuracy:   0.818
01/29/2018 20:21:08 [INFO] exp_shallowmodel: f1_score:   0.630
01/29/2018 20:21:08 [INFO] exp_shallowmodel: classification report:
01/29/2018 20:21:08 [INFO] exp_shallowmodel:              precision    recall  f1-score   support

          A       1.00      0.07      0.13        14
          C       0.77      0.76      0.76       164
          F       0.89      0.95      0.92       268
          R       0.72      0.69      0.70       125

avg / total       0.82      0.82      0.81       571

01/29/2018 20:21:08 [INFO] exp_shallowmodel: confusion matrix:
01/29/2018 20:21:08 [INFO] exp_shallowmodel: 
[[  1   7   4   2]
 [  0 125  14  25]
 [  0   7 255   6]
 [  0  24  15  86]]
01/29/2018 20:21:08 [INFO] exp_shallowmodel: ******************** dstc2 - Round 34 
01/29/2018 20:21:08 [INFO] exp_shallowmodel: #(data) = 4583
01/29/2018 20:21:08 [INFO] exp_shallowmodel: #(feature) = 130
01/29/2018 20:21:08 [INFO] exp_shallowmodel: ================================================================================
01/29/2018 20:21:08 [INFO] exp_shallowmodel: LR.pen=l1.C=1.000000
01/29/2018 20:21:08 [INFO] exp_shallowmodel: ________________________________________________________________________________
01/29/2018 20:21:08 [INFO] exp_shallowmodel: Training: 
01/29/2018 20:21:08 [INFO] exp_shallowmodel: LogisticRegression(C=1, class_weight=None, dual=False, fit_intercept=True,
          intercept_scaling=1, max_iter=100, multi_class='ovr', n_jobs=1,
          penalty='l1', random_state=None, solver='liblinear', tol=0.0001,
          verbose=0, warm_start=False)
01/29/2018 20:21:08 [INFO] exp_shallowmodel: train time: 0.629s
01/29/2018 20:21:08 [INFO] exp_shallowmodel: test time:  0.000s
01/29/2018 20:21:08 [INFO] exp_shallowmodel: accuracy:   0.821
01/29/2018 20:21:08 [INFO] exp_shallowmodel: f1_score:   0.742
01/29/2018 20:21:08 [INFO] exp_shallowmodel: classification report:
01/29/2018 20:21:08 [INFO] exp_shallowmodel:              precision    recall  f1-score   support

          A       0.86      0.43      0.57        14
          C       0.78      0.74      0.76       164
          F       0.88      0.94      0.91       268
          R       0.74      0.72      0.73       125

avg / total       0.82      0.82      0.82       571

01/29/2018 20:21:08 [INFO] exp_shallowmodel: confusion matrix:
01/29/2018 20:21:08 [INFO] exp_shallowmodel: 
[[  6   0   6   2]
 [  0 122  21  21]
 [  0   8 251   9]
 [  1  26   8  90]]
01/29/2018 20:21:08 [INFO] exp_shallowmodel: ******************** dstc2 - Round 35 
01/29/2018 20:21:08 [INFO] exp_shallowmodel: #(data) = 4583
01/29/2018 20:21:08 [INFO] exp_shallowmodel: #(feature) = 130
01/29/2018 20:21:08 [INFO] exp_shallowmodel: ================================================================================
01/29/2018 20:21:08 [INFO] exp_shallowmodel: LR.pen=l1.C=1.000000
01/29/2018 20:21:08 [INFO] exp_shallowmodel: ________________________________________________________________________________
01/29/2018 20:21:08 [INFO] exp_shallowmodel: Training: 
01/29/2018 20:21:08 [INFO] exp_shallowmodel: LogisticRegression(C=1, class_weight=None, dual=False, fit_intercept=True,
          intercept_scaling=1, max_iter=100, multi_class='ovr', n_jobs=1,
          penalty='l1', random_state=None, solver='liblinear', tol=0.0001,
          verbose=0, warm_start=False)
01/29/2018 20:21:09 [INFO] exp_shallowmodel: train time: 0.685s
01/29/2018 20:21:09 [INFO] exp_shallowmodel: test time:  0.000s
01/29/2018 20:21:09 [INFO] exp_shallowmodel: accuracy:   0.835
01/29/2018 20:21:09 [INFO] exp_shallowmodel: f1_score:   0.681
01/29/2018 20:21:09 [INFO] exp_shallowmodel: classification report:
01/29/2018 20:21:09 [INFO] exp_shallowmodel:              precision    recall  f1-score   support

          A       1.00      0.14      0.25        14
          C       0.79      0.81      0.80       164
          F       0.87      0.93      0.90       268
          R       0.81      0.74      0.77       125

avg / total       0.84      0.84      0.83       571

01/29/2018 20:21:09 [INFO] exp_shallowmodel: confusion matrix:
01/29/2018 20:21:09 [INFO] exp_shallowmodel: 
[[  2   2   9   1]
 [  0 133  17  14]
 [  0  12 250   6]
 [  0  21  12  92]]
01/29/2018 20:21:09 [INFO] exp_shallowmodel: ******************** dstc2 - Round 36 
01/29/2018 20:21:09 [INFO] exp_shallowmodel: #(data) = 4583
01/29/2018 20:21:09 [INFO] exp_shallowmodel: #(feature) = 130
01/29/2018 20:21:09 [INFO] exp_shallowmodel: ================================================================================
01/29/2018 20:21:09 [INFO] exp_shallowmodel: LR.pen=l1.C=1.000000
01/29/2018 20:21:09 [INFO] exp_shallowmodel: ________________________________________________________________________________
01/29/2018 20:21:09 [INFO] exp_shallowmodel: Training: 
01/29/2018 20:21:09 [INFO] exp_shallowmodel: LogisticRegression(C=1, class_weight=None, dual=False, fit_intercept=True,
          intercept_scaling=1, max_iter=100, multi_class='ovr', n_jobs=1,
          penalty='l1', random_state=None, solver='liblinear', tol=0.0001,
          verbose=0, warm_start=False)
01/29/2018 20:21:10 [INFO] exp_shallowmodel: train time: 0.669s
01/29/2018 20:21:10 [INFO] exp_shallowmodel: test time:  0.000s
01/29/2018 20:21:10 [INFO] exp_shallowmodel: accuracy:   0.839
01/29/2018 20:21:10 [INFO] exp_shallowmodel: f1_score:   0.701
01/29/2018 20:21:10 [INFO] exp_shallowmodel: classification report:
01/29/2018 20:21:10 [INFO] exp_shallowmodel:              precision    recall  f1-score   support

          A       0.60      0.21      0.32        14
          C       0.78      0.84      0.81       164
          F       0.91      0.91      0.91       268
          R       0.78      0.76      0.77       125

avg / total       0.84      0.84      0.84       571

01/29/2018 20:21:10 [INFO] exp_shallowmodel: confusion matrix:
01/29/2018 20:21:10 [INFO] exp_shallowmodel: 
[[  3   2   8   1]
 [  1 138   7  18]
 [  0  17 243   8]
 [  1  21   8  95]]
01/29/2018 20:21:10 [INFO] exp_shallowmodel: ******************** dstc2 - Round 37 
01/29/2018 20:21:10 [INFO] exp_shallowmodel: #(data) = 4583
01/29/2018 20:21:10 [INFO] exp_shallowmodel: #(feature) = 130
01/29/2018 20:21:10 [INFO] exp_shallowmodel: ================================================================================
01/29/2018 20:21:10 [INFO] exp_shallowmodel: LR.pen=l1.C=1.000000
01/29/2018 20:21:10 [INFO] exp_shallowmodel: ________________________________________________________________________________
01/29/2018 20:21:10 [INFO] exp_shallowmodel: Training: 
01/29/2018 20:21:10 [INFO] exp_shallowmodel: LogisticRegression(C=1, class_weight=None, dual=False, fit_intercept=True,
          intercept_scaling=1, max_iter=100, multi_class='ovr', n_jobs=1,
          penalty='l1', random_state=None, solver='liblinear', tol=0.0001,
          verbose=0, warm_start=False)
01/29/2018 20:21:11 [INFO] exp_shallowmodel: train time: 0.704s
01/29/2018 20:21:11 [INFO] exp_shallowmodel: test time:  0.000s
01/29/2018 20:21:11 [INFO] exp_shallowmodel: accuracy:   0.816
01/29/2018 20:21:11 [INFO] exp_shallowmodel: f1_score:   0.704
01/29/2018 20:21:11 [INFO] exp_shallowmodel: classification report:
01/29/2018 20:21:11 [INFO] exp_shallowmodel:              precision    recall  f1-score   support

          A       0.56      0.36      0.43        14
          C       0.78      0.78      0.78       164
          F       0.88      0.93      0.90       268
          R       0.74      0.66      0.70       125

avg / total       0.81      0.82      0.81       571

01/29/2018 20:21:11 [INFO] exp_shallowmodel: confusion matrix:
01/29/2018 20:21:11 [INFO] exp_shallowmodel: 
[[  5   0   9   0]
 [  2 128  11  23]
 [  0  12 250   6]
 [  2  25  15  83]]
01/29/2018 20:21:11 [INFO] exp_shallowmodel: ******************** dstc2 - Round 38 
01/29/2018 20:21:11 [INFO] exp_shallowmodel: #(data) = 4583
01/29/2018 20:21:11 [INFO] exp_shallowmodel: #(feature) = 130
01/29/2018 20:21:11 [INFO] exp_shallowmodel: ================================================================================
01/29/2018 20:21:11 [INFO] exp_shallowmodel: LR.pen=l1.C=1.000000
01/29/2018 20:21:11 [INFO] exp_shallowmodel: ________________________________________________________________________________
01/29/2018 20:21:11 [INFO] exp_shallowmodel: Training: 
01/29/2018 20:21:11 [INFO] exp_shallowmodel: LogisticRegression(C=1, class_weight=None, dual=False, fit_intercept=True,
          intercept_scaling=1, max_iter=100, multi_class='ovr', n_jobs=1,
          penalty='l1', random_state=None, solver='liblinear', tol=0.0001,
          verbose=0, warm_start=False)
01/29/2018 20:21:11 [INFO] exp_shallowmodel: train time: 0.618s
01/29/2018 20:21:11 [INFO] exp_shallowmodel: test time:  0.000s
01/29/2018 20:21:11 [INFO] exp_shallowmodel: accuracy:   0.835
01/29/2018 20:21:11 [INFO] exp_shallowmodel: f1_score:   0.697
01/29/2018 20:21:11 [INFO] exp_shallowmodel: classification report:
01/29/2018 20:21:11 [INFO] exp_shallowmodel:              precision    recall  f1-score   support

          A       0.75      0.21      0.33        14
          C       0.78      0.79      0.78       164
          F       0.90      0.94      0.92       268
          R       0.76      0.74      0.75       125

avg / total       0.83      0.84      0.83       571

01/29/2018 20:21:11 [INFO] exp_shallowmodel: confusion matrix:
01/29/2018 20:21:11 [INFO] exp_shallowmodel: 
[[  3   4   6   1]
 [  1 129  12  22]
 [  0   9 253   6]
 [  0  23  10  92]]
01/29/2018 20:21:11 [INFO] exp_shallowmodel: ******************** dstc2 - Round 39 
01/29/2018 20:21:11 [INFO] exp_shallowmodel: #(data) = 4568
01/29/2018 20:21:11 [INFO] exp_shallowmodel: #(feature) = 130
01/29/2018 20:21:11 [INFO] exp_shallowmodel: ================================================================================
01/29/2018 20:21:11 [INFO] exp_shallowmodel: LR.pen=l1.C=1.000000
01/29/2018 20:21:11 [INFO] exp_shallowmodel: ________________________________________________________________________________
01/29/2018 20:21:11 [INFO] exp_shallowmodel: Training: 
01/29/2018 20:21:11 [INFO] exp_shallowmodel: LogisticRegression(C=1, class_weight=None, dual=False, fit_intercept=True,
          intercept_scaling=1, max_iter=100, multi_class='ovr', n_jobs=1,
          penalty='l1', random_state=None, solver='liblinear', tol=0.0001,
          verbose=0, warm_start=False)
01/29/2018 20:21:12 [INFO] exp_shallowmodel: train time: 0.617s
01/29/2018 20:21:12 [INFO] exp_shallowmodel: test time:  0.000s
01/29/2018 20:21:12 [INFO] exp_shallowmodel: accuracy:   0.812
01/29/2018 20:21:12 [INFO] exp_shallowmodel: f1_score:   0.673
01/29/2018 20:21:12 [INFO] exp_shallowmodel: classification report:
01/29/2018 20:21:12 [INFO] exp_shallowmodel:              precision    recall  f1-score   support

          A       0.75      0.19      0.30        16
          C       0.73      0.82      0.77       169
          F       0.88      0.91      0.90       271
          R       0.77      0.68      0.72       130

avg / total       0.81      0.81      0.81       586

01/29/2018 20:21:12 [INFO] exp_shallowmodel: confusion matrix:
01/29/2018 20:21:12 [INFO] exp_shallowmodel: 
[[  3   3   9   1]
 [  1 138   8  22]
 [  0  21 246   4]
 [  0  26  15  89]]
01/29/2018 20:21:12 [INFO] exp_shallowmodel: ******************** dstc2 - Round 40 
01/29/2018 20:21:12 [INFO] exp_shallowmodel: #(data) = 4583
01/29/2018 20:21:12 [INFO] exp_shallowmodel: #(feature) = 130
01/29/2018 20:21:12 [INFO] exp_shallowmodel: ================================================================================
01/29/2018 20:21:12 [INFO] exp_shallowmodel: LR.pen=l1.C=1.000000
01/29/2018 20:21:12 [INFO] exp_shallowmodel: ________________________________________________________________________________
01/29/2018 20:21:12 [INFO] exp_shallowmodel: Training: 
01/29/2018 20:21:12 [INFO] exp_shallowmodel: LogisticRegression(C=1, class_weight=None, dual=False, fit_intercept=True,
          intercept_scaling=1, max_iter=100, multi_class='ovr', n_jobs=1,
          penalty='l1', random_state=None, solver='liblinear', tol=0.0001,
          verbose=0, warm_start=False)
01/29/2018 20:21:12 [INFO] exp_shallowmodel: train time: 0.646s
01/29/2018 20:21:12 [INFO] exp_shallowmodel: test time:  0.000s
01/29/2018 20:21:12 [INFO] exp_shallowmodel: accuracy:   0.827
01/29/2018 20:21:12 [INFO] exp_shallowmodel: f1_score:   0.685
01/29/2018 20:21:12 [INFO] exp_shallowmodel: classification report:
01/29/2018 20:21:12 [INFO] exp_shallowmodel:              precision    recall  f1-score   support

          A       0.50      0.21      0.30        14
          C       0.81      0.80      0.81       164
          F       0.88      0.92      0.90       268
          R       0.73      0.73      0.73       125

avg / total       0.82      0.83      0.82       571

01/29/2018 20:21:12 [INFO] exp_shallowmodel: confusion matrix:
01/29/2018 20:21:12 [INFO] exp_shallowmodel: 
[[  3   4   5   2]
 [  0 131  11  22]
 [  2  10 247   9]
 [  1  16  17  91]]
01/29/2018 20:21:12 [INFO] exp_shallowmodel: ******************** dstc2 - Round 41 
01/29/2018 20:21:12 [INFO] exp_shallowmodel: #(data) = 4583
01/29/2018 20:21:12 [INFO] exp_shallowmodel: #(feature) = 130
01/29/2018 20:21:12 [INFO] exp_shallowmodel: ================================================================================
01/29/2018 20:21:12 [INFO] exp_shallowmodel: LR.pen=l1.C=1.000000
01/29/2018 20:21:12 [INFO] exp_shallowmodel: ________________________________________________________________________________
01/29/2018 20:21:12 [INFO] exp_shallowmodel: Training: 
01/29/2018 20:21:12 [INFO] exp_shallowmodel: LogisticRegression(C=1, class_weight=None, dual=False, fit_intercept=True,
          intercept_scaling=1, max_iter=100, multi_class='ovr', n_jobs=1,
          penalty='l1', random_state=None, solver='liblinear', tol=0.0001,
          verbose=0, warm_start=False)
01/29/2018 20:21:13 [INFO] exp_shallowmodel: train time: 0.598s
01/29/2018 20:21:13 [INFO] exp_shallowmodel: test time:  0.000s
01/29/2018 20:21:13 [INFO] exp_shallowmodel: accuracy:   0.827
01/29/2018 20:21:13 [INFO] exp_shallowmodel: f1_score:   0.735
01/29/2018 20:21:13 [INFO] exp_shallowmodel: classification report:
01/29/2018 20:21:13 [INFO] exp_shallowmodel:              precision    recall  f1-score   support

          A       1.00      0.36      0.53        14
          C       0.75      0.78      0.77       164
          F       0.90      0.93      0.92       268
          R       0.75      0.71      0.73       125

avg / total       0.83      0.83      0.82       571

01/29/2018 20:21:13 [INFO] exp_shallowmodel: confusion matrix:
01/29/2018 20:21:13 [INFO] exp_shallowmodel: 
[[  5   2   4   3]
 [  0 128  13  23]
 [  0  14 250   4]
 [  0  26  10  89]]
01/29/2018 20:21:13 [INFO] exp_shallowmodel: ******************** dstc2 - Round 42 
01/29/2018 20:21:13 [INFO] exp_shallowmodel: #(data) = 4583
01/29/2018 20:21:13 [INFO] exp_shallowmodel: #(feature) = 130
01/29/2018 20:21:13 [INFO] exp_shallowmodel: ================================================================================
01/29/2018 20:21:13 [INFO] exp_shallowmodel: LR.pen=l1.C=1.000000
01/29/2018 20:21:13 [INFO] exp_shallowmodel: ________________________________________________________________________________
01/29/2018 20:21:13 [INFO] exp_shallowmodel: Training: 
01/29/2018 20:21:13 [INFO] exp_shallowmodel: LogisticRegression(C=1, class_weight=None, dual=False, fit_intercept=True,
          intercept_scaling=1, max_iter=100, multi_class='ovr', n_jobs=1,
          penalty='l1', random_state=None, solver='liblinear', tol=0.0001,
          verbose=0, warm_start=False)
01/29/2018 20:21:14 [INFO] exp_shallowmodel: train time: 0.647s
01/29/2018 20:21:14 [INFO] exp_shallowmodel: test time:  0.000s
01/29/2018 20:21:14 [INFO] exp_shallowmodel: accuracy:   0.804
01/29/2018 20:21:14 [INFO] exp_shallowmodel: f1_score:   0.673
01/29/2018 20:21:14 [INFO] exp_shallowmodel: classification report:
01/29/2018 20:21:14 [INFO] exp_shallowmodel:              precision    recall  f1-score   support

          A       0.75      0.21      0.33        14
          C       0.75      0.75      0.75       164
          F       0.86      0.92      0.89       268
          R       0.75      0.70      0.72       125

avg / total       0.80      0.80      0.80       571

01/29/2018 20:21:14 [INFO] exp_shallowmodel: confusion matrix:
01/29/2018 20:21:14 [INFO] exp_shallowmodel: 
[[  3   2   8   1]
 [  1 123  17  23]
 [  0  17 246   5]
 [  0  23  15  87]]
01/29/2018 20:21:14 [INFO] exp_shallowmodel: ******************** dstc2 - Round 43 
01/29/2018 20:21:14 [INFO] exp_shallowmodel: #(data) = 4583
01/29/2018 20:21:14 [INFO] exp_shallowmodel: #(feature) = 130
01/29/2018 20:21:14 [INFO] exp_shallowmodel: ================================================================================
01/29/2018 20:21:14 [INFO] exp_shallowmodel: LR.pen=l1.C=1.000000
01/29/2018 20:21:14 [INFO] exp_shallowmodel: ________________________________________________________________________________
01/29/2018 20:21:14 [INFO] exp_shallowmodel: Training: 
01/29/2018 20:21:14 [INFO] exp_shallowmodel: LogisticRegression(C=1, class_weight=None, dual=False, fit_intercept=True,
          intercept_scaling=1, max_iter=100, multi_class='ovr', n_jobs=1,
          penalty='l1', random_state=None, solver='liblinear', tol=0.0001,
          verbose=0, warm_start=False)
01/29/2018 20:21:14 [INFO] exp_shallowmodel: train time: 0.668s
01/29/2018 20:21:14 [INFO] exp_shallowmodel: test time:  0.000s
01/29/2018 20:21:14 [INFO] exp_shallowmodel: accuracy:   0.834
01/29/2018 20:21:14 [INFO] exp_shallowmodel: f1_score:   0.721
01/29/2018 20:21:14 [INFO] exp_shallowmodel: classification report:
01/29/2018 20:21:14 [INFO] exp_shallowmodel:              precision    recall  f1-score   support

          A       1.00      0.29      0.44        14
          C       0.77      0.80      0.79       164
          F       0.90      0.94      0.92       268
          R       0.77      0.70      0.73       125

avg / total       0.83      0.83      0.83       571

01/29/2018 20:21:14 [INFO] exp_shallowmodel: confusion matrix:
01/29/2018 20:21:14 [INFO] exp_shallowmodel: 
[[  4   1   8   1]
 [  0 132  12  20]
 [  0  10 252   6]
 [  0  29   8  88]]
01/29/2018 20:21:14 [INFO] exp_shallowmodel: ******************** dstc2 - Round 44 
01/29/2018 20:21:14 [INFO] exp_shallowmodel: #(data) = 4583
01/29/2018 20:21:14 [INFO] exp_shallowmodel: #(feature) = 130
01/29/2018 20:21:14 [INFO] exp_shallowmodel: ================================================================================
01/29/2018 20:21:14 [INFO] exp_shallowmodel: LR.pen=l1.C=1.000000
01/29/2018 20:21:14 [INFO] exp_shallowmodel: ________________________________________________________________________________
01/29/2018 20:21:14 [INFO] exp_shallowmodel: Training: 
01/29/2018 20:21:14 [INFO] exp_shallowmodel: LogisticRegression(C=1, class_weight=None, dual=False, fit_intercept=True,
          intercept_scaling=1, max_iter=100, multi_class='ovr', n_jobs=1,
          penalty='l1', random_state=None, solver='liblinear', tol=0.0001,
          verbose=0, warm_start=False)
01/29/2018 20:21:15 [INFO] exp_shallowmodel: train time: 0.659s
01/29/2018 20:21:15 [INFO] exp_shallowmodel: test time:  0.000s
01/29/2018 20:21:15 [INFO] exp_shallowmodel: accuracy:   0.821
01/29/2018 20:21:15 [INFO] exp_shallowmodel: f1_score:   0.608
01/29/2018 20:21:15 [INFO] exp_shallowmodel: classification report:
01/29/2018 20:21:15 [INFO] exp_shallowmodel:              precision    recall  f1-score   support

          A       0.00      0.00      0.00        14
          C       0.78      0.81      0.79       164
          F       0.88      0.92      0.90       268
          R       0.77      0.71      0.74       125

avg / total       0.80      0.82      0.81       571

01/29/2018 20:21:15 [INFO] exp_shallowmodel: confusion matrix:
01/29/2018 20:21:15 [INFO] exp_shallowmodel: 
[[  0   4   9   1]
 [  0 133  11  20]
 [  2  13 247   6]
 [  0  21  15  89]]
01/29/2018 20:21:15 [INFO] exp_shallowmodel: ******************** dstc2 - Round 45 
01/29/2018 20:21:15 [INFO] exp_shallowmodel: #(data) = 4583
01/29/2018 20:21:15 [INFO] exp_shallowmodel: #(feature) = 130
01/29/2018 20:21:15 [INFO] exp_shallowmodel: ================================================================================
01/29/2018 20:21:15 [INFO] exp_shallowmodel: LR.pen=l1.C=1.000000
01/29/2018 20:21:15 [INFO] exp_shallowmodel: ________________________________________________________________________________
01/29/2018 20:21:15 [INFO] exp_shallowmodel: Training: 
01/29/2018 20:21:15 [INFO] exp_shallowmodel: LogisticRegression(C=1, class_weight=None, dual=False, fit_intercept=True,
          intercept_scaling=1, max_iter=100, multi_class='ovr', n_jobs=1,
          penalty='l1', random_state=None, solver='liblinear', tol=0.0001,
          verbose=0, warm_start=False)
01/29/2018 20:21:16 [INFO] exp_shallowmodel: train time: 0.631s
01/29/2018 20:21:16 [INFO] exp_shallowmodel: test time:  0.000s
01/29/2018 20:21:16 [INFO] exp_shallowmodel: accuracy:   0.823
01/29/2018 20:21:16 [INFO] exp_shallowmodel: f1_score:   0.724
01/29/2018 20:21:16 [INFO] exp_shallowmodel: classification report:
01/29/2018 20:21:16 [INFO] exp_shallowmodel:              precision    recall  f1-score   support

          A       0.83      0.36      0.50        14
          C       0.74      0.78      0.76       164
          F       0.90      0.94      0.92       268
          R       0.75      0.68      0.71       125

avg / total       0.82      0.82      0.82       571

01/29/2018 20:21:16 [INFO] exp_shallowmodel: confusion matrix:
01/29/2018 20:21:16 [INFO] exp_shallowmodel: 
[[  5   4   3   2]
 [  1 128  10  25]
 [  0  14 252   2]
 [  0  26  14  85]]
01/29/2018 20:21:16 [INFO] exp_shallowmodel: ******************** dstc2 - Round 46 
01/29/2018 20:21:16 [INFO] exp_shallowmodel: #(data) = 4583
01/29/2018 20:21:16 [INFO] exp_shallowmodel: #(feature) = 130
01/29/2018 20:21:16 [INFO] exp_shallowmodel: ================================================================================
01/29/2018 20:21:16 [INFO] exp_shallowmodel: LR.pen=l1.C=1.000000
01/29/2018 20:21:16 [INFO] exp_shallowmodel: ________________________________________________________________________________
01/29/2018 20:21:16 [INFO] exp_shallowmodel: Training: 
01/29/2018 20:21:16 [INFO] exp_shallowmodel: LogisticRegression(C=1, class_weight=None, dual=False, fit_intercept=True,
          intercept_scaling=1, max_iter=100, multi_class='ovr', n_jobs=1,
          penalty='l1', random_state=None, solver='liblinear', tol=0.0001,
          verbose=0, warm_start=False)
01/29/2018 20:21:16 [INFO] exp_shallowmodel: train time: 0.631s
01/29/2018 20:21:16 [INFO] exp_shallowmodel: test time:  0.000s
01/29/2018 20:21:16 [INFO] exp_shallowmodel: accuracy:   0.800
01/29/2018 20:21:16 [INFO] exp_shallowmodel: f1_score:   0.672
01/29/2018 20:21:16 [INFO] exp_shallowmodel: classification report:
01/29/2018 20:21:16 [INFO] exp_shallowmodel:              precision    recall  f1-score   support

          A       1.00      0.21      0.35        14
          C       0.72      0.82      0.77       164
          F       0.87      0.90      0.88       268
          R       0.75      0.62      0.68       125

avg / total       0.80      0.80      0.79       571

01/29/2018 20:21:16 [INFO] exp_shallowmodel: confusion matrix:
01/29/2018 20:21:16 [INFO] exp_shallowmodel: 
[[  3   1   9   1]
 [  0 135  15  14]
 [  0  16 241  11]
 [  0  35  12  78]]
01/29/2018 20:21:16 [INFO] exp_shallowmodel: ******************** dstc2 - Round 47 
01/29/2018 20:21:16 [INFO] exp_shallowmodel: #(data) = 4583
01/29/2018 20:21:16 [INFO] exp_shallowmodel: #(feature) = 130
01/29/2018 20:21:16 [INFO] exp_shallowmodel: ================================================================================
01/29/2018 20:21:16 [INFO] exp_shallowmodel: LR.pen=l1.C=1.000000
01/29/2018 20:21:16 [INFO] exp_shallowmodel: ________________________________________________________________________________
01/29/2018 20:21:16 [INFO] exp_shallowmodel: Training: 
01/29/2018 20:21:16 [INFO] exp_shallowmodel: LogisticRegression(C=1, class_weight=None, dual=False, fit_intercept=True,
          intercept_scaling=1, max_iter=100, multi_class='ovr', n_jobs=1,
          penalty='l1', random_state=None, solver='liblinear', tol=0.0001,
          verbose=0, warm_start=False)
01/29/2018 20:21:17 [INFO] exp_shallowmodel: train time: 0.657s
01/29/2018 20:21:17 [INFO] exp_shallowmodel: test time:  0.000s
01/29/2018 20:21:17 [INFO] exp_shallowmodel: accuracy:   0.828
01/29/2018 20:21:17 [INFO] exp_shallowmodel: f1_score:   0.683
01/29/2018 20:21:17 [INFO] exp_shallowmodel: classification report:
01/29/2018 20:21:17 [INFO] exp_shallowmodel:              precision    recall  f1-score   support

          A       0.50      0.21      0.30        14
          C       0.76      0.79      0.78       164
          F       0.89      0.94      0.92       268
          R       0.78      0.70      0.73       125

avg / total       0.82      0.83      0.82       571

01/29/2018 20:21:17 [INFO] exp_shallowmodel: confusion matrix:
01/29/2018 20:21:17 [INFO] exp_shallowmodel: 
[[  3   2   8   1]
 [  2 130  12  20]
 [  0  11 253   4]
 [  1  27  10  87]]
01/29/2018 20:21:17 [INFO] exp_shallowmodel: ******************** dstc2 - Round 48 
01/29/2018 20:21:17 [INFO] exp_shallowmodel: #(data) = 4583
01/29/2018 20:21:17 [INFO] exp_shallowmodel: #(feature) = 130
01/29/2018 20:21:17 [INFO] exp_shallowmodel: ================================================================================
01/29/2018 20:21:17 [INFO] exp_shallowmodel: LR.pen=l1.C=1.000000
01/29/2018 20:21:17 [INFO] exp_shallowmodel: ________________________________________________________________________________
01/29/2018 20:21:17 [INFO] exp_shallowmodel: Training: 
01/29/2018 20:21:17 [INFO] exp_shallowmodel: LogisticRegression(C=1, class_weight=None, dual=False, fit_intercept=True,
          intercept_scaling=1, max_iter=100, multi_class='ovr', n_jobs=1,
          penalty='l1', random_state=None, solver='liblinear', tol=0.0001,
          verbose=0, warm_start=False)
01/29/2018 20:21:18 [INFO] exp_shallowmodel: train time: 0.750s
01/29/2018 20:21:18 [INFO] exp_shallowmodel: test time:  0.000s
01/29/2018 20:21:18 [INFO] exp_shallowmodel: accuracy:   0.835
01/29/2018 20:21:18 [INFO] exp_shallowmodel: f1_score:   0.746
01/29/2018 20:21:18 [INFO] exp_shallowmodel: classification report:
01/29/2018 20:21:18 [INFO] exp_shallowmodel:              precision    recall  f1-score   support

          A       1.00      0.36      0.53        14
          C       0.79      0.85      0.82       164
          F       0.89      0.91      0.90       268
          R       0.77      0.71      0.74       125

avg / total       0.84      0.84      0.83       571

01/29/2018 20:21:18 [INFO] exp_shallowmodel: confusion matrix:
01/29/2018 20:21:18 [INFO] exp_shallowmodel: 
[[  5   0   8   1]
 [  0 139   8  17]
 [  0  16 244   8]
 [  0  22  14  89]]
01/29/2018 20:21:18 [INFO] exp_shallowmodel: ******************** dstc2 - Round 49 
01/29/2018 20:21:18 [INFO] exp_shallowmodel: #(data) = 4568
01/29/2018 20:21:18 [INFO] exp_shallowmodel: #(feature) = 130
01/29/2018 20:21:18 [INFO] exp_shallowmodel: ================================================================================
01/29/2018 20:21:18 [INFO] exp_shallowmodel: LR.pen=l1.C=1.000000
01/29/2018 20:21:18 [INFO] exp_shallowmodel: ________________________________________________________________________________
01/29/2018 20:21:18 [INFO] exp_shallowmodel: Training: 
01/29/2018 20:21:18 [INFO] exp_shallowmodel: LogisticRegression(C=1, class_weight=None, dual=False, fit_intercept=True,
          intercept_scaling=1, max_iter=100, multi_class='ovr', n_jobs=1,
          penalty='l1', random_state=None, solver='liblinear', tol=0.0001,
          verbose=0, warm_start=False)
01/29/2018 20:21:19 [INFO] exp_shallowmodel: train time: 0.753s
01/29/2018 20:21:19 [INFO] exp_shallowmodel: test time:  0.000s
01/29/2018 20:21:19 [INFO] exp_shallowmodel: accuracy:   0.817
01/29/2018 20:21:19 [INFO] exp_shallowmodel: f1_score:   0.633
01/29/2018 20:21:19 [INFO] exp_shallowmodel: classification report:
01/29/2018 20:21:19 [INFO] exp_shallowmodel:              precision    recall  f1-score   support

          A       1.00      0.06      0.12        16
          C       0.76      0.79      0.78       169
          F       0.87      0.93      0.90       271
          R       0.78      0.71      0.74       130

avg / total       0.82      0.82      0.81       586

01/29/2018 20:21:19 [INFO] exp_shallowmodel: confusion matrix:
01/29/2018 20:21:19 [INFO] exp_shallowmodel: 
[[  1   1  12   2]
 [  0 134  15  20]
 [  0  15 252   4]
 [  0  26  12  92]]
