01/04/2018 17:31:30 [INFO] configuration: experiment_mode  :   discrete_feature_selection
01/04/2018 17:31:30 [INFO] configuration: deep_model  :   False
01/04/2018 17:31:30 [INFO] configuration: selected_context_id  :   0
01/04/2018 17:31:30 [INFO] configuration: selected_feature_set_id  :   13
01/04/2018 17:31:30 [INFO] configuration: similarity_feature  :   True
01/04/2018 17:31:30 [INFO] configuration: k_feature_to_keep  :   6
01/04/2018 17:31:30 [INFO] configuration: seed  :   154316847
01/04/2018 17:31:30 [INFO] configuration: root_path  :   /ihome/pbrusilosky/rum20/y_classify
01/04/2018 17:31:30 [INFO] configuration: task_name  :   utterance_type
01/04/2018 17:31:30 [INFO] configuration: timemark  :   20180104-173130
01/04/2018 17:31:30 [INFO] configuration: context_set  :   next
01/04/2018 17:31:30 [INFO] configuration: utterance_names  :   ['last_user_utterance', 'last_system_utterance', 'current_user_utterance', 'next_system_utterance', 'next_user_utterance']
01/04/2018 17:31:30 [INFO] configuration: utterance_range  :   ['current_user_utterance', 'next_system_utterance', 'next_user_utterance']
01/04/2018 17:31:30 [INFO] configuration: feature_set  :   13-[8+1.3.4]
01/04/2018 17:31:30 [INFO] configuration: feature_set_number  :   ['1', '2', '3', '5', '6', '7', '11']
01/04/2018 17:31:30 [INFO] configuration: experiment_name  :   20180104-173130.discrete_feature_selection.feature_number=6.context=next.feature=13-[8+1.3.4].similarity=true
01/04/2018 17:31:30 [INFO] configuration: experiment_path  :   /ihome/pbrusilosky/rum20/y_classify/output/20180104-173130.discrete_feature_selection.feature_number=6.context=next.feature=13-[8+1.3.4].similarity=true
01/04/2018 17:31:30 [INFO] configuration: log_path  :   /ihome/pbrusilosky/rum20/y_classify/output/20180104-173130.discrete_feature_selection.feature_number=6.context=next.feature=13-[8+1.3.4].similarity=true/output.log
01/04/2018 17:31:30 [INFO] configuration: valid_type  :   {'A', 'F', 'R', 'C'}
01/04/2018 17:31:30 [INFO] configuration: data_name  :   
01/04/2018 17:31:30 [INFO] configuration: data_names  :   ['dstc2', 'dstc3', 'family', 'ghome']
01/04/2018 17:31:30 [INFO] configuration: raw_feature_path  :   /ihome/pbrusilosky/rum20/y_classify/dataset/feature/%s.raw_feature.pkl
01/04/2018 17:31:30 [INFO] configuration: extracted_feature_path  :   /ihome/pbrusilosky/rum20/y_classify/dataset/feature/%s.extracted_feature.pkl
01/04/2018 17:31:30 [INFO] configuration: pipeline_path  :   /ihome/pbrusilosky/rum20/y_classify/dataset/feature/%s.pipeline.pkl
01/04/2018 17:31:30 [INFO] configuration: metrics  :   ['accuracy', 'precision', 'recall', 'f1_score', 'training_time', 'test_time']
01/04/2018 17:31:30 [INFO] configuration: do_cross_validation  :   True
01/04/2018 17:31:30 [INFO] configuration: #division  :   5
01/04/2018 17:31:30 [INFO] configuration: #cross_validation  :   10
01/04/2018 17:31:30 [INFO] configuration: cv_index_cache_path  :   
01/04/2018 17:31:30 [INFO] configuration: action_words  :   {'expensive', 'findcare', 'help', 'time', 'reminder', 'cheap', 'snooz', 'else', 'volum', 'weather', 'clear', 'start', 'tell', 'snooze', 'delet', 'room', 'member', 'price', 'watch', 'south', 'skip', 'moderate', 'address', 'temperature', 'north', 'add', 'food', 'shuffle', 'moder', 'turn', 'remov', 'centre', 'remind', 'items', 'any', 'number', 'shuffl', 'discard', 'song', 'telephon', 'stop', 'video', 'els', 'reminds', 'share', 'light', 'expens', 'centr', 'reminders', 'music', 'volume', 'list', 'delete', 'cast', 'show', 'part', 'area', 'remove', 'play', 'telephone', 'ani', 'next', 'timer', 'temperatur', 'post', 'phone', 'findcar', 'alarm', 'matter', 'item'}
01/04/2018 17:31:30 [INFO] configuration: corenlp_jars  :   ('/Users/memray/Project/stanford/stanford-corenlp-full-3.8.0/*', '/Users/memray/Project/stanford/stanford-corenlp-full-3.8.0/stanford-english-kbp-corenlp-2017-06-09-models.jar')
01/04/2018 17:31:30 [INFO] configuration: lda_topic_number  :   50
01/04/2018 17:31:30 [INFO] configuration: lda_path  :   /ihome/pbrusilosky/rum20/y_classify/dataset/feature/gensim/%s.topic=50.lda.pkl
01/04/2018 17:31:30 [INFO] configuration: gensim_corpus_path  :   /ihome/pbrusilosky/rum20/y_classify/dataset/feature/gensim/%s.corpus.pkl
01/04/2018 17:31:30 [INFO] configuration: gensim_dict_path  :   /ihome/pbrusilosky/rum20/y_classify/dataset/feature/gensim/%s.dict
01/04/2018 17:31:30 [INFO] configuration: w2v_path  :   /home/memray/Data/glove/GoogleNews-vectors-negative300.bin
01/04/2018 17:31:30 [INFO] configuration: w2v_vector_length  :   300
01/04/2018 17:31:30 [INFO] configuration: d2v_vector_length  :   300
01/04/2018 17:31:30 [INFO] configuration: d2v_window_size  :   5
01/04/2018 17:31:30 [INFO] configuration: d2v_min_count  :   2
01/04/2018 17:31:30 [INFO] configuration: d2v_model_path  :   /ihome/pbrusilosky/rum20/y_classify/dataset/feature/gensim/%s.doc2vec.dim=300.window=5.min_count=2.model
01/04/2018 17:31:30 [INFO] configuration: d2v_vector_path  :   /ihome/pbrusilosky/rum20/y_classify/dataset/feature/gensim/%s.doc2vec.dim=300.window=5.min_count=2.vector
01/04/2018 17:31:30 [INFO] configuration: num_word_keep  :   {'dstc2': 300, 'dstc3': 300, 'family': 1000, 'ghome': 1000}
01/04/2018 17:31:30 [INFO] configuration: batch_size  :   128
01/04/2018 17:31:30 [INFO] configuration: max_epoch  :   50
01/04/2018 17:31:30 [INFO] configuration: early_stop_tolerance  :   2
01/04/2018 17:31:30 [INFO] configuration: concat_sents  :   False
01/04/2018 17:31:30 [INFO] configuration: cnn_setting  :   {'model': 'multichannel', 'early_stopping': True, 'word_dim': 300, 'filters': [3, 4, 5], 'filter_num': [100, 100, 100], 'class_size': 4, 'batch_size': 128, 'learning_rate': 0.001, 'norm_limit': 10, 'dropout_prob': 0.0, 'sentence_num': 3}
01/04/2018 17:31:30 [INFO] configuration: skipthought_setting  :   {'skipthought_model_path': '/Users/memray/Data/skip-thought', 'skipthought_data_path': '/ihome/pbrusilosky/rum20/y_classify/dataset/feature/gensim/%s.skip-thought.biskip.vector', 'fixed_emb': True, 'sentence_num': 3, 'hidden_size': 2400, 'class_size': 4, 'learning_rate': 0.0001, 'norm_limit': 3, 'dropout_prob': 0.5}
01/04/2018 17:31:30 [INFO] configuration: lstm_setting  :   {'model': 'non-static', 'hidden_size': 32, 'embedding_size': 300, 'num_layers': 1, 'bidirectional': False, 'learning_rate': 0.001, 'class_size': 4, 'norm_limit': 2, 'clip_grad_norm': 2, 'dropout_prob': 0.1}
01/04/2018 17:31:35 [INFO] exp_shallowmodel: %%%%%%%%%%%%%%%%%%%%%%%%%%%%%%%%%%%%%%%%%%%%%%%%%%
01/04/2018 17:31:35 [INFO] exp_shallowmodel:           dataset=dstc2
01/04/2018 17:31:35 [INFO] exp_shallowmodel:           k_feature_to_keep=6
01/04/2018 17:31:35 [INFO] exp_shallowmodel:           X_new.shape=(5725, 7275)
01/04/2018 17:31:35 [INFO] exp_shallowmodel:           #(X_selected)=64
01/04/2018 17:31:35 [INFO] exp_shallowmodel:           #(X_not_selectable)=7211
01/04/2018 17:31:35 [INFO] exp_shallowmodel: %%%%%%%%%%%%%%%%%%%%%%%%%%%%%%%%%%%%%%%%%%%%%%%%%%
01/04/2018 17:31:36 [INFO] exp_shallowmodel: ******************** dstc2 - Round 0 
01/04/2018 17:31:36 [INFO] exp_shallowmodel: #(data) = 4583
01/04/2018 17:31:36 [INFO] exp_shallowmodel: #(feature) = 7275
01/04/2018 17:31:36 [INFO] exp_shallowmodel: ================================================================================
01/04/2018 17:31:36 [INFO] exp_shallowmodel: LR.pen=l1.C=1.000000
01/04/2018 17:31:36 [INFO] exp_shallowmodel: ________________________________________________________________________________
01/04/2018 17:31:36 [INFO] exp_shallowmodel: Training: 
01/04/2018 17:31:36 [INFO] exp_shallowmodel: LogisticRegression(C=1, class_weight=None, dual=False, fit_intercept=True,
          intercept_scaling=1, max_iter=100, multi_class='ovr', n_jobs=1,
          penalty='l1', random_state=None, solver='liblinear', tol=0.0001,
          verbose=0, warm_start=False)
01/04/2018 17:32:06 [INFO] exp_shallowmodel: train time: 29.763s
01/04/2018 17:32:06 [INFO] exp_shallowmodel: test time:  0.007s
01/04/2018 17:32:06 [INFO] exp_shallowmodel: accuracy:   0.842
01/04/2018 17:32:06 [INFO] exp_shallowmodel: f1_score:   0.779
01/04/2018 17:32:06 [INFO] exp_shallowmodel: classification report:
01/04/2018 17:32:06 [INFO] exp_shallowmodel:              precision    recall  f1-score   support

          A       0.73      0.57      0.64        14
          C       0.80      0.82      0.81       164
          F       0.92      0.91      0.92       268
          R       0.74      0.75      0.75       125

avg / total       0.84      0.84      0.84       571

01/04/2018 17:32:06 [INFO] exp_shallowmodel: confusion matrix:
01/04/2018 17:32:06 [INFO] exp_shallowmodel: 
[[  8   2   4   0]
 [  0 135   8  21]
 [  3   9 244  12]
 [  0  23   8  94]]
01/04/2018 17:32:07 [INFO] exp_shallowmodel: ******************** dstc2 - Round 1 
01/04/2018 17:32:07 [INFO] exp_shallowmodel: #(data) = 4583
01/04/2018 17:32:07 [INFO] exp_shallowmodel: #(feature) = 7275
01/04/2018 17:32:07 [INFO] exp_shallowmodel: ================================================================================
01/04/2018 17:32:07 [INFO] exp_shallowmodel: LR.pen=l1.C=1.000000
01/04/2018 17:32:07 [INFO] exp_shallowmodel: ________________________________________________________________________________
01/04/2018 17:32:07 [INFO] exp_shallowmodel: Training: 
01/04/2018 17:32:07 [INFO] exp_shallowmodel: LogisticRegression(C=1, class_weight=None, dual=False, fit_intercept=True,
          intercept_scaling=1, max_iter=100, multi_class='ovr', n_jobs=1,
          penalty='l1', random_state=None, solver='liblinear', tol=0.0001,
          verbose=0, warm_start=False)
01/04/2018 17:32:38 [INFO] exp_shallowmodel: train time: 30.351s
01/04/2018 17:32:38 [INFO] exp_shallowmodel: test time:  0.006s
01/04/2018 17:32:38 [INFO] exp_shallowmodel: accuracy:   0.804
01/04/2018 17:32:38 [INFO] exp_shallowmodel: f1_score:   0.707
01/04/2018 17:32:38 [INFO] exp_shallowmodel: classification report:
01/04/2018 17:32:38 [INFO] exp_shallowmodel:              precision    recall  f1-score   support

          A       0.71      0.36      0.48        14
          C       0.73      0.71      0.72       164
          F       0.90      0.91      0.90       268
          R       0.71      0.74      0.73       125

avg / total       0.80      0.80      0.80       571

01/04/2018 17:32:38 [INFO] exp_shallowmodel: confusion matrix:
01/04/2018 17:32:38 [INFO] exp_shallowmodel: 
[[  5   3   5   1]
 [  1 117  19  27]
 [  1  13 244  10]
 [  0  28   4  93]]
01/04/2018 17:32:38 [INFO] exp_shallowmodel: Feature selection of top 100, ranked by LR weights (selectable:non-selectable=9:91)
01/04/2018 17:32:43 [INFO] exp_shallowmodel: %%%%%%%%%%%%%%%%%%%%%%%%%%%%%%%%%%%%%%%%%%%%%%%%%%
01/04/2018 17:32:43 [INFO] exp_shallowmodel:           dataset=dstc3
01/04/2018 17:32:43 [INFO] exp_shallowmodel:           k_feature_to_keep=6
01/04/2018 17:32:43 [INFO] exp_shallowmodel:           X_new.shape=(5934, 7275)
01/04/2018 17:32:43 [INFO] exp_shallowmodel:           #(X_selected)=64
01/04/2018 17:32:43 [INFO] exp_shallowmodel:           #(X_not_selectable)=7211
01/04/2018 17:32:43 [INFO] exp_shallowmodel: %%%%%%%%%%%%%%%%%%%%%%%%%%%%%%%%%%%%%%%%%%%%%%%%%%
01/04/2018 17:32:45 [INFO] exp_shallowmodel: ******************** dstc3 - Round 0 
01/04/2018 17:32:45 [INFO] exp_shallowmodel: #(data) = 4750
01/04/2018 17:32:45 [INFO] exp_shallowmodel: #(feature) = 7275
01/04/2018 17:32:45 [INFO] exp_shallowmodel: ================================================================================
01/04/2018 17:32:45 [INFO] exp_shallowmodel: LR.pen=l1.C=1.000000
01/04/2018 17:32:45 [INFO] exp_shallowmodel: ________________________________________________________________________________
01/04/2018 17:32:45 [INFO] exp_shallowmodel: Training: 
01/04/2018 17:32:45 [INFO] exp_shallowmodel: LogisticRegression(C=1, class_weight=None, dual=False, fit_intercept=True,
          intercept_scaling=1, max_iter=100, multi_class='ovr', n_jobs=1,
          penalty='l1', random_state=None, solver='liblinear', tol=0.0001,
          verbose=0, warm_start=False)
01/04/2018 17:33:21 [INFO] exp_shallowmodel: train time: 36.095s
01/04/2018 17:33:21 [INFO] exp_shallowmodel: test time:  0.007s
01/04/2018 17:33:21 [INFO] exp_shallowmodel: accuracy:   0.782
01/04/2018 17:33:21 [INFO] exp_shallowmodel: f1_score:   0.705
01/04/2018 17:33:21 [INFO] exp_shallowmodel: classification report:
01/04/2018 17:33:21 [INFO] exp_shallowmodel:              precision    recall  f1-score   support

          A       0.69      0.55      0.61        20
          C       0.71      0.77      0.74       169
          F       0.91      0.91      0.91       281
          R       0.59      0.53      0.56       122

avg / total       0.78      0.78      0.78       592

01/04/2018 17:33:21 [INFO] exp_shallowmodel: confusion matrix:
01/04/2018 17:33:21 [INFO] exp_shallowmodel: 
[[ 11   3   4   2]
 [  1 130   8  30]
 [  2   8 257  14]
 [  2  43  12  65]]
01/04/2018 17:33:22 [INFO] exp_shallowmodel: ******************** dstc3 - Round 1 
01/04/2018 17:33:22 [INFO] exp_shallowmodel: #(data) = 4750
01/04/2018 17:33:22 [INFO] exp_shallowmodel: #(feature) = 7275
01/04/2018 17:33:22 [INFO] exp_shallowmodel: ================================================================================
01/04/2018 17:33:22 [INFO] exp_shallowmodel: LR.pen=l1.C=1.000000
01/04/2018 17:33:22 [INFO] exp_shallowmodel: ________________________________________________________________________________
01/04/2018 17:33:22 [INFO] exp_shallowmodel: Training: 
01/04/2018 17:33:22 [INFO] exp_shallowmodel: LogisticRegression(C=1, class_weight=None, dual=False, fit_intercept=True,
          intercept_scaling=1, max_iter=100, multi_class='ovr', n_jobs=1,
          penalty='l1', random_state=None, solver='liblinear', tol=0.0001,
          verbose=0, warm_start=False)
01/04/2018 17:33:58 [INFO] exp_shallowmodel: train time: 35.706s
01/04/2018 17:33:58 [INFO] exp_shallowmodel: test time:  0.007s
01/04/2018 17:33:58 [INFO] exp_shallowmodel: accuracy:   0.785
01/04/2018 17:33:58 [INFO] exp_shallowmodel: f1_score:   0.663
01/04/2018 17:33:58 [INFO] exp_shallowmodel: classification report:
01/04/2018 17:33:58 [INFO] exp_shallowmodel:              precision    recall  f1-score   support

          A       0.38      0.40      0.39        20
          C       0.75      0.78      0.76       169
          F       0.89      0.92      0.91       281
          R       0.63      0.56      0.59       122

avg / total       0.78      0.79      0.78       592

01/04/2018 17:33:58 [INFO] exp_shallowmodel: confusion matrix:
01/04/2018 17:33:58 [INFO] exp_shallowmodel: 
[[  8   2   6   4]
 [  4 131   9  25]
 [  4   8 258  11]
 [  5  33  16  68]]
01/04/2018 17:33:58 [INFO] exp_shallowmodel: Feature selection of top 100, ranked by LR weights (selectable:non-selectable=7:93)
01/04/2018 17:34:06 [INFO] exp_shallowmodel: %%%%%%%%%%%%%%%%%%%%%%%%%%%%%%%%%%%%%%%%%%%%%%%%%%
01/04/2018 17:34:06 [INFO] exp_shallowmodel:           dataset=family
01/04/2018 17:34:06 [INFO] exp_shallowmodel:           k_feature_to_keep=6
01/04/2018 17:34:06 [INFO] exp_shallowmodel:           X_new.shape=(3530, 7277)
01/04/2018 17:34:06 [INFO] exp_shallowmodel:           #(X_selected)=64
01/04/2018 17:34:06 [INFO] exp_shallowmodel:           #(X_not_selectable)=7213
01/04/2018 17:34:06 [INFO] exp_shallowmodel: %%%%%%%%%%%%%%%%%%%%%%%%%%%%%%%%%%%%%%%%%%%%%%%%%%
01/04/2018 17:34:07 [INFO] exp_shallowmodel: ******************** family - Round 0 
01/04/2018 17:34:07 [INFO] exp_shallowmodel: #(data) = 2826
01/04/2018 17:34:07 [INFO] exp_shallowmodel: #(feature) = 7277
01/04/2018 17:34:07 [INFO] exp_shallowmodel: ================================================================================
01/04/2018 17:34:07 [INFO] exp_shallowmodel: LR.pen=l1.C=1.000000
01/04/2018 17:34:07 [INFO] exp_shallowmodel: ________________________________________________________________________________
01/04/2018 17:34:07 [INFO] exp_shallowmodel: Training: 
01/04/2018 17:34:07 [INFO] exp_shallowmodel: LogisticRegression(C=1, class_weight=None, dual=False, fit_intercept=True,
          intercept_scaling=1, max_iter=100, multi_class='ovr', n_jobs=1,
          penalty='l1', random_state=None, solver='liblinear', tol=0.0001,
          verbose=0, warm_start=False)
01/04/2018 17:34:21 [INFO] exp_shallowmodel: train time: 14.574s
01/04/2018 17:34:21 [INFO] exp_shallowmodel: test time:  0.004s
01/04/2018 17:34:21 [INFO] exp_shallowmodel: accuracy:   0.844
01/04/2018 17:34:21 [INFO] exp_shallowmodel: f1_score:   0.625
01/04/2018 17:34:21 [INFO] exp_shallowmodel: classification report:
01/04/2018 17:34:21 [INFO] exp_shallowmodel:              precision    recall  f1-score   support

          A       0.39      0.30      0.34        23
          C       0.58      0.52      0.55        27
          F       0.93      0.97      0.95       250
          R       0.67      0.65      0.66        52

avg / total       0.83      0.84      0.84       352

01/04/2018 17:34:21 [INFO] exp_shallowmodel: confusion matrix:
01/04/2018 17:34:21 [INFO] exp_shallowmodel: 
[[  7   3   9   4]
 [  6  14   0   7]
 [  2   0 242   6]
 [  3   7   8  34]]
01/04/2018 17:34:22 [INFO] exp_shallowmodel: ******************** family - Round 1 
01/04/2018 17:34:22 [INFO] exp_shallowmodel: #(data) = 2826
01/04/2018 17:34:22 [INFO] exp_shallowmodel: #(feature) = 7277
01/04/2018 17:34:22 [INFO] exp_shallowmodel: ================================================================================
01/04/2018 17:34:22 [INFO] exp_shallowmodel: LR.pen=l1.C=1.000000
01/04/2018 17:34:22 [INFO] exp_shallowmodel: ________________________________________________________________________________
01/04/2018 17:34:22 [INFO] exp_shallowmodel: Training: 
01/04/2018 17:34:22 [INFO] exp_shallowmodel: LogisticRegression(C=1, class_weight=None, dual=False, fit_intercept=True,
          intercept_scaling=1, max_iter=100, multi_class='ovr', n_jobs=1,
          penalty='l1', random_state=None, solver='liblinear', tol=0.0001,
          verbose=0, warm_start=False)
01/04/2018 17:34:37 [INFO] exp_shallowmodel: train time: 14.732s
01/04/2018 17:34:37 [INFO] exp_shallowmodel: test time:  0.004s
01/04/2018 17:34:37 [INFO] exp_shallowmodel: accuracy:   0.866
01/04/2018 17:34:37 [INFO] exp_shallowmodel: f1_score:   0.701
01/04/2018 17:34:37 [INFO] exp_shallowmodel: classification report:
01/04/2018 17:34:37 [INFO] exp_shallowmodel:              precision    recall  f1-score   support

          A       0.64      0.30      0.41        23
          C       0.78      0.67      0.72        27
          F       0.92      0.96      0.94       250
          R       0.70      0.77      0.73        52

avg / total       0.86      0.87      0.86       352

01/04/2018 17:34:37 [INFO] exp_shallowmodel: confusion matrix:
01/04/2018 17:34:37 [INFO] exp_shallowmodel: 
[[  7   3  10   3]
 [  4  18   0   5]
 [  0   1 240   9]
 [  0   1  11  40]]
01/04/2018 17:34:38 [INFO] exp_shallowmodel: Feature selection of top 100, ranked by LR weights (selectable:non-selectable=11:89)
01/04/2018 17:34:47 [INFO] exp_shallowmodel: %%%%%%%%%%%%%%%%%%%%%%%%%%%%%%%%%%%%%%%%%%%%%%%%%%
01/04/2018 17:34:47 [INFO] exp_shallowmodel:           dataset=ghome
01/04/2018 17:34:47 [INFO] exp_shallowmodel:           k_feature_to_keep=6
01/04/2018 17:34:47 [INFO] exp_shallowmodel:           X_new.shape=(5241, 7276)
01/04/2018 17:34:47 [INFO] exp_shallowmodel:           #(X_selected)=64
01/04/2018 17:34:47 [INFO] exp_shallowmodel:           #(X_not_selectable)=7212
01/04/2018 17:34:47 [INFO] exp_shallowmodel: %%%%%%%%%%%%%%%%%%%%%%%%%%%%%%%%%%%%%%%%%%%%%%%%%%
01/04/2018 17:34:48 [INFO] exp_shallowmodel: ******************** ghome - Round 0 
01/04/2018 17:34:48 [INFO] exp_shallowmodel: #(data) = 4197
01/04/2018 17:34:48 [INFO] exp_shallowmodel: #(feature) = 7276
01/04/2018 17:34:48 [INFO] exp_shallowmodel: ================================================================================
01/04/2018 17:34:48 [INFO] exp_shallowmodel: LR.pen=l1.C=1.000000
01/04/2018 17:34:48 [INFO] exp_shallowmodel: ________________________________________________________________________________
01/04/2018 17:34:48 [INFO] exp_shallowmodel: Training: 
01/04/2018 17:34:48 [INFO] exp_shallowmodel: LogisticRegression(C=1, class_weight=None, dual=False, fit_intercept=True,
          intercept_scaling=1, max_iter=100, multi_class='ovr', n_jobs=1,
          penalty='l1', random_state=None, solver='liblinear', tol=0.0001,
          verbose=0, warm_start=False)
01/04/2018 17:35:09 [INFO] exp_shallowmodel: train time: 20.399s
01/04/2018 17:35:09 [INFO] exp_shallowmodel: test time:  0.006s
01/04/2018 17:35:09 [INFO] exp_shallowmodel: accuracy:   0.868
01/04/2018 17:35:09 [INFO] exp_shallowmodel: f1_score:   0.611
01/04/2018 17:35:09 [INFO] exp_shallowmodel: classification report:
01/04/2018 17:35:09 [INFO] exp_shallowmodel:              precision    recall  f1-score   support

          A       0.60      0.47      0.53        59
          C       0.50      0.25      0.33        12
          F       0.94      0.98      0.96       396
          R       0.61      0.64      0.62        55

avg / total       0.86      0.87      0.86       522

01/04/2018 17:35:09 [INFO] exp_shallowmodel: confusion matrix:
01/04/2018 17:35:09 [INFO] exp_shallowmodel: 
[[ 28   1  13  17]
 [  2   3   6   1]
 [  4   1 387   4]
 [ 13   1   6  35]]
01/04/2018 17:35:10 [INFO] exp_shallowmodel: ******************** ghome - Round 1 
01/04/2018 17:35:10 [INFO] exp_shallowmodel: #(data) = 4197
01/04/2018 17:35:10 [INFO] exp_shallowmodel: #(feature) = 7276
01/04/2018 17:35:10 [INFO] exp_shallowmodel: ================================================================================
01/04/2018 17:35:10 [INFO] exp_shallowmodel: LR.pen=l1.C=1.000000
01/04/2018 17:35:10 [INFO] exp_shallowmodel: ________________________________________________________________________________
01/04/2018 17:35:10 [INFO] exp_shallowmodel: Training: 
01/04/2018 17:35:10 [INFO] exp_shallowmodel: LogisticRegression(C=1, class_weight=None, dual=False, fit_intercept=True,
          intercept_scaling=1, max_iter=100, multi_class='ovr', n_jobs=1,
          penalty='l1', random_state=None, solver='liblinear', tol=0.0001,
          verbose=0, warm_start=False)
01/04/2018 17:35:30 [INFO] exp_shallowmodel: train time: 20.160s
01/04/2018 17:35:30 [INFO] exp_shallowmodel: test time:  0.005s
01/04/2018 17:35:30 [INFO] exp_shallowmodel: accuracy:   0.874
01/04/2018 17:35:30 [INFO] exp_shallowmodel: f1_score:   0.640
01/04/2018 17:35:30 [INFO] exp_shallowmodel: classification report:
01/04/2018 17:35:30 [INFO] exp_shallowmodel:              precision    recall  f1-score   support

          A       0.67      0.66      0.67        59
          C       0.38      0.25      0.30        12
          F       0.95      0.95      0.95       396
          R       0.63      0.65      0.64        55

avg / total       0.87      0.87      0.87       522

01/04/2018 17:35:30 [INFO] exp_shallowmodel: confusion matrix:
01/04/2018 17:35:30 [INFO] exp_shallowmodel: 
[[ 39   1   8  11]
 [  3   3   5   1]
 [  7   2 378   9]
 [  9   2   8  36]]
01/04/2018 17:35:31 [INFO] exp_shallowmodel: Feature selection of top 100, ranked by LR weights (selectable:non-selectable=15:85)
