/ihome/pbrusilosky/rum20/packages/anaconda3/bin/python -m dialogue.classify.task_runner -experiment_mode continuous_feature_selection -selected_feature_set_id 7 -add_similarity_feature -selected_context_id 0 -k_feature_to_keep -1 -k_component_for_pca 9
No. of param settings = 1
[('experiment_mode', 'continuous_feature_selection'), ('deep_model', False), ('selected_context_id', 0), ('selected_feature_set_id', 7), ('similarity_feature', True), ('k_feature_to_keep', -1), ('k_component_for_pca', 9)]
Loading extracted features of dstc2
Loading extracted features of dstc3
Loading extracted features of family
Loading extracted features of ghome
01/29/2018 20:20:39 [INFO] configuration: experiment_mode  :   continuous_feature_selection
01/29/2018 20:20:39 [INFO] configuration: deep_model  :   False
01/29/2018 20:20:39 [INFO] configuration: selected_context_id  :   0
01/29/2018 20:20:39 [INFO] configuration: selected_feature_set_id  :   7
01/29/2018 20:20:39 [INFO] configuration: similarity_feature  :   True
01/29/2018 20:20:39 [INFO] configuration: k_feature_to_keep  :   -1
01/29/2018 20:20:39 [INFO] configuration: k_component_for_pca  :   9
01/29/2018 20:20:39 [INFO] configuration: seed  :   154316847
01/29/2018 20:20:39 [INFO] configuration: root_path  :   /ihome/pbrusilosky/rum20/y_classify
01/29/2018 20:20:39 [INFO] configuration: task_name  :   utterance_type
01/29/2018 20:20:39 [INFO] configuration: timemark  :   20180129-202039
01/29/2018 20:20:39 [INFO] configuration: context_set  :   next
01/29/2018 20:20:39 [INFO] configuration: utterance_names  :   ['last_user_utterance', 'last_system_utterance', 'current_user_utterance', 'next_system_utterance', 'next_user_utterance']
01/29/2018 20:20:39 [INFO] configuration: utterance_range  :   ['current_user_utterance', 'next_system_utterance', 'next_user_utterance']
01/29/2018 20:20:39 [INFO] configuration: feature_set  :   7-d2v
01/29/2018 20:20:39 [INFO] configuration: feature_set_number  :   ['10']
01/29/2018 20:20:39 [INFO] configuration: experiment_name  :   20180129-202039.continuous_feature_selection.pca_component=9.feature_number=-1.context=next.feature=7-d2v.similarity=true
01/29/2018 20:20:39 [INFO] configuration: experiment_path  :   /ihome/pbrusilosky/rum20/y_classify/output/20180129-202039.continuous_feature_selection.pca_component=9.feature_number=-1.context=next.feature=7-d2v.similarity=true
01/29/2018 20:20:39 [INFO] configuration: log_path  :   /ihome/pbrusilosky/rum20/y_classify/output/20180129-202039.continuous_feature_selection.pca_component=9.feature_number=-1.context=next.feature=7-d2v.similarity=true/output.log
01/29/2018 20:20:39 [INFO] configuration: valid_type  :   {'F', 'A', 'C', 'R'}
01/29/2018 20:20:39 [INFO] configuration: data_name  :   
01/29/2018 20:20:39 [INFO] configuration: data_names  :   ['dstc2', 'dstc3', 'family', 'ghome']
01/29/2018 20:20:39 [INFO] configuration: raw_feature_path  :   /ihome/pbrusilosky/rum20/y_classify/dataset/feature/%s.raw_feature.pkl
01/29/2018 20:20:39 [INFO] configuration: extracted_feature_path  :   /ihome/pbrusilosky/rum20/y_classify/dataset/feature/%s.extracted_feature.pkl
01/29/2018 20:20:39 [INFO] configuration: pipeline_path  :   /ihome/pbrusilosky/rum20/y_classify/dataset/feature/%s.pipeline.pkl
01/29/2018 20:20:39 [INFO] configuration: metrics  :   ['accuracy', 'precision', 'recall', 'f1_score', 'training_time', 'test_time']
01/29/2018 20:20:39 [INFO] configuration: do_cross_validation  :   True
01/29/2018 20:20:39 [INFO] configuration: #division  :   5
01/29/2018 20:20:39 [INFO] configuration: #cross_validation  :   10
01/29/2018 20:20:39 [INFO] configuration: cv_index_cache_path  :   
01/29/2018 20:20:39 [INFO] configuration: action_words  :   {'play', 'cast', 'temperatur', 'expens', 'else', 'help', 'items', 'add', 'south', 'watch', 'tell', 'centr', 'cheap', 'next', 'time', 'delete', 'findcare', 'weather', 'any', 'share', 'post', 'item', 'reminder', 'ani', 'show', 'song', 'alarm', 'timer', 'discard', 'reminders', 'skip', 'light', 'volum', 'centre', 'findcar', 'telephon', 'part', 'matter', 'address', 'room', 'moderate', 'volume', 'price', 'els', 'area', 'north', 'delet', 'reminds', 'shuffle', 'start', 'shuffl', 'remind', 'moder', 'list', 'clear', 'music', 'phone', 'telephone', 'remove', 'stop', 'video', 'turn', 'remov', 'member', 'snooze', 'temperature', 'number', 'snooz', 'food', 'expensive'}
01/29/2018 20:20:39 [INFO] configuration: corenlp_jars  :   ('/Users/memray/Project/stanford/stanford-corenlp-full-3.8.0/*', '/Users/memray/Project/stanford/stanford-corenlp-full-3.8.0/stanford-english-kbp-corenlp-2017-06-09-models.jar')
01/29/2018 20:20:39 [INFO] configuration: lda_topic_number  :   50
01/29/2018 20:20:39 [INFO] configuration: lda_path  :   /ihome/pbrusilosky/rum20/y_classify/dataset/feature/gensim/%s.topic=50.lda.pkl
01/29/2018 20:20:39 [INFO] configuration: gensim_corpus_path  :   /ihome/pbrusilosky/rum20/y_classify/dataset/feature/gensim/%s.corpus.pkl
01/29/2018 20:20:39 [INFO] configuration: gensim_dict_path  :   /ihome/pbrusilosky/rum20/y_classify/dataset/feature/gensim/%s.dict
01/29/2018 20:20:39 [INFO] configuration: w2v_path  :   /home/memray/Data/glove/GoogleNews-vectors-negative300.bin
01/29/2018 20:20:39 [INFO] configuration: w2v_vector_length  :   300
01/29/2018 20:20:39 [INFO] configuration: d2v_vector_length  :   300
01/29/2018 20:20:39 [INFO] configuration: d2v_window_size  :   5
01/29/2018 20:20:39 [INFO] configuration: d2v_min_count  :   2
01/29/2018 20:20:39 [INFO] configuration: d2v_model_path  :   /ihome/pbrusilosky/rum20/y_classify/dataset/feature/gensim/%s.doc2vec.dim=300.window=5.min_count=2.model
01/29/2018 20:20:39 [INFO] configuration: d2v_vector_path  :   /ihome/pbrusilosky/rum20/y_classify/dataset/feature/gensim/%s.doc2vec.dim=300.window=5.min_count=2.vector
01/29/2018 20:20:39 [INFO] configuration: num_word_keep  :   {'dstc2': 300, 'dstc3': 300, 'family': 1000, 'ghome': 1000}
01/29/2018 20:20:39 [INFO] configuration: batch_size  :   128
01/29/2018 20:20:39 [INFO] configuration: max_epoch  :   50
01/29/2018 20:20:39 [INFO] configuration: early_stop_tolerance  :   2
01/29/2018 20:20:39 [INFO] configuration: concat_sents  :   False
01/29/2018 20:20:39 [INFO] configuration: cnn_setting  :   {'model': 'multichannel', 'early_stopping': True, 'word_dim': 300, 'filters': [3, 4, 5], 'filter_num': [100, 100, 100], 'class_size': 4, 'batch_size': 128, 'learning_rate': 0.001, 'norm_limit': 10, 'dropout_prob': 0.0, 'sentence_num': 3}
01/29/2018 20:20:39 [INFO] configuration: skipthought_setting  :   {'skipthought_model_path': '/Users/memray/Data/skip-thought', 'skipthought_data_path': '/ihome/pbrusilosky/rum20/y_classify/dataset/feature/gensim/%s.skip-thought.biskip.vector', 'fixed_emb': True, 'sentence_num': 3, 'hidden_size': 2400, 'class_size': 4, 'learning_rate': 0.0001, 'norm_limit': 3, 'dropout_prob': 0.5}
01/29/2018 20:20:39 [INFO] configuration: lstm_setting  :   {'model': 'non-static', 'hidden_size': 32, 'embedding_size': 300, 'num_layers': 1, 'bidirectional': False, 'learning_rate': 0.001, 'class_size': 4, 'norm_limit': 2, 'clip_grad_norm': 2, 'dropout_prob': 0.1}
01/29/2018 20:20:42 [INFO] exp_shallowmodel: %%%%%%%%%%%%%%%%%%%%%%%%%%%%%%%%%%%%%%%%%%%%%%%%%%
01/29/2018 20:20:42 [INFO] exp_shallowmodel:           dataset=dstc2
01/29/2018 20:20:42 [INFO] exp_shallowmodel:           X_new.shape=(5725, 513)
01/29/2018 20:20:42 [INFO] exp_shallowmodel:           #(discrete_feature)=0
01/29/2018 20:20:42 [INFO] exp_shallowmodel:           #(continuous_feature)=512
01/29/2018 20:20:42 [INFO] exp_shallowmodel:           #(similarity_feature)=1
01/29/2018 20:20:42 [INFO] exp_shallowmodel: %%%%%%%%%%%%%%%%%%%%%%%%%%%%%%%%%%%%%%%%%%%%%%%%%%
01/29/2018 20:20:42 [INFO] exp_shallowmodel: ******************** dstc2 - Round 0 
01/29/2018 20:20:42 [INFO] exp_shallowmodel: #(data) = 4583
01/29/2018 20:20:42 [INFO] exp_shallowmodel: #(feature) = 513
01/29/2018 20:20:42 [INFO] exp_shallowmodel: ================================================================================
01/29/2018 20:20:42 [INFO] exp_shallowmodel: LR.pen=l1.C=1.000000
01/29/2018 20:20:42 [INFO] exp_shallowmodel: ________________________________________________________________________________
01/29/2018 20:20:42 [INFO] exp_shallowmodel: Training: 
01/29/2018 20:20:42 [INFO] exp_shallowmodel: LogisticRegression(C=1, class_weight=None, dual=False, fit_intercept=True,
          intercept_scaling=1, max_iter=100, multi_class='ovr', n_jobs=1,
          penalty='l1', random_state=None, solver='liblinear', tol=0.0001,
          verbose=0, warm_start=False)
01/29/2018 20:20:47 [INFO] exp_shallowmodel: train time: 4.842s
01/29/2018 20:20:47 [INFO] exp_shallowmodel: test time:  0.000s
01/29/2018 20:20:47 [INFO] exp_shallowmodel: accuracy:   0.790
01/29/2018 20:20:47 [INFO] exp_shallowmodel: f1_score:   0.647
01/29/2018 20:20:47 [INFO] exp_shallowmodel: classification report:
01/29/2018 20:20:47 [INFO] exp_shallowmodel:              precision    recall  f1-score   support

          A       0.29      0.29      0.29        14
          C       0.78      0.77      0.78       164
          F       0.87      0.91      0.89       268
          R       0.67      0.61      0.64       125

avg / total       0.79      0.79      0.79       571

01/29/2018 20:20:47 [INFO] exp_shallowmodel: confusion matrix:
01/29/2018 20:20:47 [INFO] exp_shallowmodel: 
[[  4   2   6   2]
 [  3 126  11  24]
 [  5   7 245  11]
 [  2  26  21  76]]
01/29/2018 20:20:47 [INFO] exp_shallowmodel: ******************** dstc2 - Round 1 
01/29/2018 20:20:47 [INFO] exp_shallowmodel: #(data) = 4583
01/29/2018 20:20:47 [INFO] exp_shallowmodel: #(feature) = 513
01/29/2018 20:20:47 [INFO] exp_shallowmodel: ================================================================================
01/29/2018 20:20:47 [INFO] exp_shallowmodel: LR.pen=l1.C=1.000000
01/29/2018 20:20:47 [INFO] exp_shallowmodel: ________________________________________________________________________________
01/29/2018 20:20:47 [INFO] exp_shallowmodel: Training: 
01/29/2018 20:20:47 [INFO] exp_shallowmodel: LogisticRegression(C=1, class_weight=None, dual=False, fit_intercept=True,
          intercept_scaling=1, max_iter=100, multi_class='ovr', n_jobs=1,
          penalty='l1', random_state=None, solver='liblinear', tol=0.0001,
          verbose=0, warm_start=False)
01/29/2018 20:20:52 [INFO] exp_shallowmodel: train time: 4.663s
01/29/2018 20:20:52 [INFO] exp_shallowmodel: test time:  0.000s
01/29/2018 20:20:52 [INFO] exp_shallowmodel: accuracy:   0.757
01/29/2018 20:20:52 [INFO] exp_shallowmodel: f1_score:   0.612
01/29/2018 20:20:52 [INFO] exp_shallowmodel: classification report:
01/29/2018 20:20:52 [INFO] exp_shallowmodel:              precision    recall  f1-score   support

          A       0.30      0.21      0.25        14
          C       0.71      0.71      0.71       164
          F       0.89      0.87      0.88       268
          R       0.59      0.63      0.61       125

avg / total       0.76      0.76      0.76       571

01/29/2018 20:20:52 [INFO] exp_shallowmodel: confusion matrix:
01/29/2018 20:20:52 [INFO] exp_shallowmodel: 
[[  3   1   4   6]
 [  2 116  13  33]
 [  4  13 234  17]
 [  1  33  12  79]]
01/29/2018 20:20:52 [INFO] exp_shallowmodel: ******************** dstc2 - Round 2 
01/29/2018 20:20:52 [INFO] exp_shallowmodel: #(data) = 4583
01/29/2018 20:20:52 [INFO] exp_shallowmodel: #(feature) = 513
01/29/2018 20:20:52 [INFO] exp_shallowmodel: ================================================================================
01/29/2018 20:20:52 [INFO] exp_shallowmodel: LR.pen=l1.C=1.000000
01/29/2018 20:20:52 [INFO] exp_shallowmodel: ________________________________________________________________________________
01/29/2018 20:20:52 [INFO] exp_shallowmodel: Training: 
01/29/2018 20:20:52 [INFO] exp_shallowmodel: LogisticRegression(C=1, class_weight=None, dual=False, fit_intercept=True,
          intercept_scaling=1, max_iter=100, multi_class='ovr', n_jobs=1,
          penalty='l1', random_state=None, solver='liblinear', tol=0.0001,
          verbose=0, warm_start=False)
01/29/2018 20:20:57 [INFO] exp_shallowmodel: train time: 5.279s
01/29/2018 20:20:57 [INFO] exp_shallowmodel: test time:  0.001s
01/29/2018 20:20:57 [INFO] exp_shallowmodel: accuracy:   0.783
01/29/2018 20:20:57 [INFO] exp_shallowmodel: f1_score:   0.627
01/29/2018 20:20:57 [INFO] exp_shallowmodel: classification report:
01/29/2018 20:20:57 [INFO] exp_shallowmodel:              precision    recall  f1-score   support

          A       0.30      0.21      0.25        14
          C       0.74      0.73      0.74       164
          F       0.90      0.93      0.91       268
          R       0.62      0.60      0.61       125

avg / total       0.78      0.78      0.78       571

01/29/2018 20:20:57 [INFO] exp_shallowmodel: confusion matrix:
01/29/2018 20:20:57 [INFO] exp_shallowmodel: 
[[  3   4   5   2]
 [  2 120  12  30]
 [  0   5 249  14]
 [  5  33  12  75]]
01/29/2018 20:20:57 [INFO] exp_shallowmodel: ******************** dstc2 - Round 3 
01/29/2018 20:20:57 [INFO] exp_shallowmodel: #(data) = 4583
01/29/2018 20:20:57 [INFO] exp_shallowmodel: #(feature) = 513
01/29/2018 20:20:57 [INFO] exp_shallowmodel: ================================================================================
01/29/2018 20:20:57 [INFO] exp_shallowmodel: LR.pen=l1.C=1.000000
01/29/2018 20:20:57 [INFO] exp_shallowmodel: ________________________________________________________________________________
01/29/2018 20:20:57 [INFO] exp_shallowmodel: Training: 
01/29/2018 20:20:57 [INFO] exp_shallowmodel: LogisticRegression(C=1, class_weight=None, dual=False, fit_intercept=True,
          intercept_scaling=1, max_iter=100, multi_class='ovr', n_jobs=1,
          penalty='l1', random_state=None, solver='liblinear', tol=0.0001,
          verbose=0, warm_start=False)
01/29/2018 20:21:03 [INFO] exp_shallowmodel: train time: 5.580s
01/29/2018 20:21:03 [INFO] exp_shallowmodel: test time:  0.000s
01/29/2018 20:21:03 [INFO] exp_shallowmodel: accuracy:   0.743
01/29/2018 20:21:03 [INFO] exp_shallowmodel: f1_score:   0.580
01/29/2018 20:21:03 [INFO] exp_shallowmodel: classification report:
01/29/2018 20:21:03 [INFO] exp_shallowmodel:              precision    recall  f1-score   support

          A       0.25      0.14      0.18        14
          C       0.67      0.72      0.69       164
          F       0.89      0.87      0.88       268
          R       0.57      0.56      0.57       125

avg / total       0.74      0.74      0.74       571

01/29/2018 20:21:03 [INFO] exp_shallowmodel: confusion matrix:
01/29/2018 20:21:03 [INFO] exp_shallowmodel: 
[[  2   2   7   3]
 [  1 118   7  38]
 [  3  20 234  11]
 [  2  37  16  70]]
01/29/2018 20:21:03 [INFO] exp_shallowmodel: ******************** dstc2 - Round 4 
01/29/2018 20:21:03 [INFO] exp_shallowmodel: #(data) = 4583
01/29/2018 20:21:03 [INFO] exp_shallowmodel: #(feature) = 513
01/29/2018 20:21:03 [INFO] exp_shallowmodel: ================================================================================
01/29/2018 20:21:03 [INFO] exp_shallowmodel: LR.pen=l1.C=1.000000
01/29/2018 20:21:03 [INFO] exp_shallowmodel: ________________________________________________________________________________
01/29/2018 20:21:03 [INFO] exp_shallowmodel: Training: 
01/29/2018 20:21:03 [INFO] exp_shallowmodel: LogisticRegression(C=1, class_weight=None, dual=False, fit_intercept=True,
          intercept_scaling=1, max_iter=100, multi_class='ovr', n_jobs=1,
          penalty='l1', random_state=None, solver='liblinear', tol=0.0001,
          verbose=0, warm_start=False)
01/29/2018 20:21:08 [INFO] exp_shallowmodel: train time: 4.784s
01/29/2018 20:21:08 [INFO] exp_shallowmodel: test time:  0.000s
01/29/2018 20:21:08 [INFO] exp_shallowmodel: accuracy:   0.744
01/29/2018 20:21:08 [INFO] exp_shallowmodel: f1_score:   0.544
01/29/2018 20:21:08 [INFO] exp_shallowmodel: classification report:
01/29/2018 20:21:08 [INFO] exp_shallowmodel:              precision    recall  f1-score   support

          A       0.00      0.00      0.00        14
          C       0.72      0.73      0.73       164
          F       0.84      0.86      0.85       268
          R       0.61      0.59      0.60       125

avg / total       0.73      0.74      0.74       571

01/29/2018 20:21:08 [INFO] exp_shallowmodel: confusion matrix:
01/29/2018 20:21:08 [INFO] exp_shallowmodel: 
[[  0   2   9   3]
 [  2 120  16  26]
 [  3  15 231  19]
 [  2  29  20  74]]
01/29/2018 20:21:08 [INFO] exp_shallowmodel: ******************** dstc2 - Round 5 
01/29/2018 20:21:08 [INFO] exp_shallowmodel: #(data) = 4583
01/29/2018 20:21:08 [INFO] exp_shallowmodel: #(feature) = 513
01/29/2018 20:21:08 [INFO] exp_shallowmodel: ================================================================================
01/29/2018 20:21:08 [INFO] exp_shallowmodel: LR.pen=l1.C=1.000000
01/29/2018 20:21:08 [INFO] exp_shallowmodel: ________________________________________________________________________________
01/29/2018 20:21:08 [INFO] exp_shallowmodel: Training: 
01/29/2018 20:21:08 [INFO] exp_shallowmodel: LogisticRegression(C=1, class_weight=None, dual=False, fit_intercept=True,
          intercept_scaling=1, max_iter=100, multi_class='ovr', n_jobs=1,
          penalty='l1', random_state=None, solver='liblinear', tol=0.0001,
          verbose=0, warm_start=False)
01/29/2018 20:21:13 [INFO] exp_shallowmodel: train time: 4.929s
01/29/2018 20:21:13 [INFO] exp_shallowmodel: test time:  0.000s
01/29/2018 20:21:13 [INFO] exp_shallowmodel: accuracy:   0.767
01/29/2018 20:21:13 [INFO] exp_shallowmodel: f1_score:   0.617
01/29/2018 20:21:13 [INFO] exp_shallowmodel: classification report:
01/29/2018 20:21:13 [INFO] exp_shallowmodel:              precision    recall  f1-score   support

          A       0.30      0.21      0.25        14
          C       0.72      0.73      0.73       164
          F       0.86      0.91      0.88       268
          R       0.64      0.58      0.61       125

avg / total       0.76      0.77      0.76       571

01/29/2018 20:21:13 [INFO] exp_shallowmodel: confusion matrix:
01/29/2018 20:21:13 [INFO] exp_shallowmodel: 
[[  3   0   6   5]
 [  3 120  18  23]
 [  3  10 243  12]
 [  1  37  15  72]]
01/29/2018 20:21:13 [INFO] exp_shallowmodel: ******************** dstc2 - Round 6 
01/29/2018 20:21:13 [INFO] exp_shallowmodel: #(data) = 4583
01/29/2018 20:21:13 [INFO] exp_shallowmodel: #(feature) = 513
01/29/2018 20:21:13 [INFO] exp_shallowmodel: ================================================================================
01/29/2018 20:21:13 [INFO] exp_shallowmodel: LR.pen=l1.C=1.000000
01/29/2018 20:21:13 [INFO] exp_shallowmodel: ________________________________________________________________________________
01/29/2018 20:21:13 [INFO] exp_shallowmodel: Training: 
01/29/2018 20:21:13 [INFO] exp_shallowmodel: LogisticRegression(C=1, class_weight=None, dual=False, fit_intercept=True,
          intercept_scaling=1, max_iter=100, multi_class='ovr', n_jobs=1,
          penalty='l1', random_state=None, solver='liblinear', tol=0.0001,
          verbose=0, warm_start=False)
01/29/2018 20:21:18 [INFO] exp_shallowmodel: train time: 5.463s
01/29/2018 20:21:18 [INFO] exp_shallowmodel: test time:  0.000s
01/29/2018 20:21:18 [INFO] exp_shallowmodel: accuracy:   0.806
01/29/2018 20:21:18 [INFO] exp_shallowmodel: f1_score:   0.660
01/29/2018 20:21:18 [INFO] exp_shallowmodel: classification report:
01/29/2018 20:21:18 [INFO] exp_shallowmodel:              precision    recall  f1-score   support

          A       0.38      0.21      0.27        14
          C       0.77      0.80      0.79       164
          F       0.87      0.90      0.89       268
          R       0.72      0.66      0.69       125

avg / total       0.80      0.81      0.80       571

01/29/2018 20:21:18 [INFO] exp_shallowmodel: confusion matrix:
01/29/2018 20:21:18 [INFO] exp_shallowmodel: 
[[  3   1   8   2]
 [  1 132  11  20]
 [  2  14 242  10]
 [  2  24  16  83]]
01/29/2018 20:21:18 [INFO] exp_shallowmodel: ******************** dstc2 - Round 7 
01/29/2018 20:21:18 [INFO] exp_shallowmodel: #(data) = 4583
01/29/2018 20:21:18 [INFO] exp_shallowmodel: #(feature) = 513
01/29/2018 20:21:18 [INFO] exp_shallowmodel: ================================================================================
01/29/2018 20:21:18 [INFO] exp_shallowmodel: LR.pen=l1.C=1.000000
01/29/2018 20:21:18 [INFO] exp_shallowmodel: ________________________________________________________________________________
01/29/2018 20:21:18 [INFO] exp_shallowmodel: Training: 
01/29/2018 20:21:18 [INFO] exp_shallowmodel: LogisticRegression(C=1, class_weight=None, dual=False, fit_intercept=True,
          intercept_scaling=1, max_iter=100, multi_class='ovr', n_jobs=1,
          penalty='l1', random_state=None, solver='liblinear', tol=0.0001,
          verbose=0, warm_start=False)
01/29/2018 20:21:23 [INFO] exp_shallowmodel: train time: 4.749s
01/29/2018 20:21:23 [INFO] exp_shallowmodel: test time:  0.000s
01/29/2018 20:21:23 [INFO] exp_shallowmodel: accuracy:   0.760
01/29/2018 20:21:23 [INFO] exp_shallowmodel: f1_score:   0.618
01/29/2018 20:21:23 [INFO] exp_shallowmodel: classification report:
01/29/2018 20:21:23 [INFO] exp_shallowmodel:              precision    recall  f1-score   support

          A       0.33      0.21      0.26        14
          C       0.72      0.71      0.71       164
          F       0.85      0.88      0.87       268
          R       0.64      0.62      0.63       125

avg / total       0.75      0.76      0.76       571

01/29/2018 20:21:23 [INFO] exp_shallowmodel: confusion matrix:
01/29/2018 20:21:23 [INFO] exp_shallowmodel: 
[[  3   4   5   2]
 [  3 116  16  29]
 [  3  15 237  13]
 [  0  27  20  78]]
01/29/2018 20:21:23 [INFO] exp_shallowmodel: ******************** dstc2 - Round 8 
01/29/2018 20:21:23 [INFO] exp_shallowmodel: #(data) = 4583
01/29/2018 20:21:23 [INFO] exp_shallowmodel: #(feature) = 513
01/29/2018 20:21:23 [INFO] exp_shallowmodel: ================================================================================
01/29/2018 20:21:23 [INFO] exp_shallowmodel: LR.pen=l1.C=1.000000
01/29/2018 20:21:23 [INFO] exp_shallowmodel: ________________________________________________________________________________
01/29/2018 20:21:23 [INFO] exp_shallowmodel: Training: 
01/29/2018 20:21:23 [INFO] exp_shallowmodel: LogisticRegression(C=1, class_weight=None, dual=False, fit_intercept=True,
          intercept_scaling=1, max_iter=100, multi_class='ovr', n_jobs=1,
          penalty='l1', random_state=None, solver='liblinear', tol=0.0001,
          verbose=0, warm_start=False)
01/29/2018 20:21:29 [INFO] exp_shallowmodel: train time: 5.514s
01/29/2018 20:21:29 [INFO] exp_shallowmodel: test time:  0.001s
01/29/2018 20:21:29 [INFO] exp_shallowmodel: accuracy:   0.778
01/29/2018 20:21:29 [INFO] exp_shallowmodel: f1_score:   0.593
01/29/2018 20:21:29 [INFO] exp_shallowmodel: classification report:
01/29/2018 20:21:29 [INFO] exp_shallowmodel:              precision    recall  f1-score   support

          A       0.14      0.07      0.10        14
          C       0.77      0.74      0.75       164
          F       0.86      0.90      0.88       268
          R       0.65      0.64      0.64       125

avg / total       0.77      0.78      0.77       571

01/29/2018 20:21:29 [INFO] exp_shallowmodel: confusion matrix:
01/29/2018 20:21:29 [INFO] exp_shallowmodel: 
[[  1   0   9   4]
 [  3 121  11  29]
 [  3  12 242  11]
 [  0  24  21  80]]
01/29/2018 20:21:29 [INFO] exp_shallowmodel: ******************** dstc2 - Round 9 
01/29/2018 20:21:29 [INFO] exp_shallowmodel: #(data) = 4568
01/29/2018 20:21:29 [INFO] exp_shallowmodel: #(feature) = 513
01/29/2018 20:21:29 [INFO] exp_shallowmodel: ================================================================================
01/29/2018 20:21:29 [INFO] exp_shallowmodel: LR.pen=l1.C=1.000000
01/29/2018 20:21:29 [INFO] exp_shallowmodel: ________________________________________________________________________________
01/29/2018 20:21:29 [INFO] exp_shallowmodel: Training: 
01/29/2018 20:21:29 [INFO] exp_shallowmodel: LogisticRegression(C=1, class_weight=None, dual=False, fit_intercept=True,
          intercept_scaling=1, max_iter=100, multi_class='ovr', n_jobs=1,
          penalty='l1', random_state=None, solver='liblinear', tol=0.0001,
          verbose=0, warm_start=False)
01/29/2018 20:21:34 [INFO] exp_shallowmodel: train time: 4.846s
01/29/2018 20:21:34 [INFO] exp_shallowmodel: test time:  0.000s
01/29/2018 20:21:34 [INFO] exp_shallowmodel: accuracy:   0.739
01/29/2018 20:21:34 [INFO] exp_shallowmodel: f1_score:   0.621
01/29/2018 20:21:34 [INFO] exp_shallowmodel: classification report:
01/29/2018 20:21:34 [INFO] exp_shallowmodel:              precision    recall  f1-score   support

          A       0.50      0.31      0.38        16
          C       0.65      0.66      0.66       169
          F       0.88      0.91      0.89       271
          R       0.56      0.54      0.55       130

avg / total       0.73      0.74      0.73       586

01/29/2018 20:21:34 [INFO] exp_shallowmodel: confusion matrix:
01/29/2018 20:21:34 [INFO] exp_shallowmodel: 
[[  5   2   4   5]
 [  2 112  13  42]
 [  2  16 246   7]
 [  1  41  18  70]]
01/29/2018 20:21:34 [INFO] exp_shallowmodel: ******************** dstc2 - Round 10 
01/29/2018 20:21:34 [INFO] exp_shallowmodel: #(data) = 4583
01/29/2018 20:21:34 [INFO] exp_shallowmodel: #(feature) = 513
01/29/2018 20:21:34 [INFO] exp_shallowmodel: ================================================================================
01/29/2018 20:21:34 [INFO] exp_shallowmodel: LR.pen=l1.C=1.000000
01/29/2018 20:21:34 [INFO] exp_shallowmodel: ________________________________________________________________________________
01/29/2018 20:21:34 [INFO] exp_shallowmodel: Training: 
01/29/2018 20:21:34 [INFO] exp_shallowmodel: LogisticRegression(C=1, class_weight=None, dual=False, fit_intercept=True,
          intercept_scaling=1, max_iter=100, multi_class='ovr', n_jobs=1,
          penalty='l1', random_state=None, solver='liblinear', tol=0.0001,
          verbose=0, warm_start=False)
01/29/2018 20:21:39 [INFO] exp_shallowmodel: train time: 4.999s
01/29/2018 20:21:39 [INFO] exp_shallowmodel: test time:  0.000s
01/29/2018 20:21:39 [INFO] exp_shallowmodel: accuracy:   0.774
01/29/2018 20:21:39 [INFO] exp_shallowmodel: f1_score:   0.624
01/29/2018 20:21:39 [INFO] exp_shallowmodel: classification report:
01/29/2018 20:21:39 [INFO] exp_shallowmodel:              precision    recall  f1-score   support

          A       0.33      0.21      0.26        14
          C       0.74      0.73      0.74       164
          F       0.87      0.92      0.89       268
          R       0.63      0.58      0.61       125

avg / total       0.77      0.77      0.77       571

01/29/2018 20:21:39 [INFO] exp_shallowmodel: confusion matrix:
01/29/2018 20:21:39 [INFO] exp_shallowmodel: 
[[  3   2   7   2]
 [  1 120  12  31]
 [  3   9 246  10]
 [  2  31  19  73]]
01/29/2018 20:21:39 [INFO] exp_shallowmodel: ******************** dstc2 - Round 11 
01/29/2018 20:21:39 [INFO] exp_shallowmodel: #(data) = 4583
01/29/2018 20:21:39 [INFO] exp_shallowmodel: #(feature) = 513
01/29/2018 20:21:39 [INFO] exp_shallowmodel: ================================================================================
01/29/2018 20:21:39 [INFO] exp_shallowmodel: LR.pen=l1.C=1.000000
01/29/2018 20:21:39 [INFO] exp_shallowmodel: ________________________________________________________________________________
01/29/2018 20:21:39 [INFO] exp_shallowmodel: Training: 
01/29/2018 20:21:39 [INFO] exp_shallowmodel: LogisticRegression(C=1, class_weight=None, dual=False, fit_intercept=True,
          intercept_scaling=1, max_iter=100, multi_class='ovr', n_jobs=1,
          penalty='l1', random_state=None, solver='liblinear', tol=0.0001,
          verbose=0, warm_start=False)
01/29/2018 20:21:43 [INFO] exp_shallowmodel: train time: 4.807s
01/29/2018 20:21:43 [INFO] exp_shallowmodel: test time:  0.000s
01/29/2018 20:21:43 [INFO] exp_shallowmodel: accuracy:   0.762
01/29/2018 20:21:43 [INFO] exp_shallowmodel: f1_score:   0.619
01/29/2018 20:21:43 [INFO] exp_shallowmodel: classification report:
01/29/2018 20:21:43 [INFO] exp_shallowmodel:              precision    recall  f1-score   support

          A       0.38      0.21      0.27        14
          C       0.72      0.68      0.70       164
          F       0.89      0.90      0.89       268
          R       0.59      0.64      0.61       125

avg / total       0.76      0.76      0.76       571

01/29/2018 20:21:43 [INFO] exp_shallowmodel: confusion matrix:
01/29/2018 20:21:43 [INFO] exp_shallowmodel: 
[[  3   0   5   6]
 [  1 112  16  35]
 [  4   9 240  15]
 [  0  35  10  80]]
01/29/2018 20:21:43 [INFO] exp_shallowmodel: ******************** dstc2 - Round 12 
01/29/2018 20:21:43 [INFO] exp_shallowmodel: #(data) = 4583
01/29/2018 20:21:43 [INFO] exp_shallowmodel: #(feature) = 513
01/29/2018 20:21:43 [INFO] exp_shallowmodel: ================================================================================
01/29/2018 20:21:43 [INFO] exp_shallowmodel: LR.pen=l1.C=1.000000
01/29/2018 20:21:43 [INFO] exp_shallowmodel: ________________________________________________________________________________
01/29/2018 20:21:43 [INFO] exp_shallowmodel: Training: 
01/29/2018 20:21:43 [INFO] exp_shallowmodel: LogisticRegression(C=1, class_weight=None, dual=False, fit_intercept=True,
          intercept_scaling=1, max_iter=100, multi_class='ovr', n_jobs=1,
          penalty='l1', random_state=None, solver='liblinear', tol=0.0001,
          verbose=0, warm_start=False)
01/29/2018 20:21:48 [INFO] exp_shallowmodel: train time: 4.885s
01/29/2018 20:21:48 [INFO] exp_shallowmodel: test time:  0.000s
01/29/2018 20:21:48 [INFO] exp_shallowmodel: accuracy:   0.757
01/29/2018 20:21:48 [INFO] exp_shallowmodel: f1_score:   0.624
01/29/2018 20:21:48 [INFO] exp_shallowmodel: classification report:
01/29/2018 20:21:48 [INFO] exp_shallowmodel:              precision    recall  f1-score   support

          A       0.31      0.29      0.30        14
          C       0.73      0.69      0.71       164
          F       0.87      0.88      0.88       268
          R       0.60      0.63      0.61       125

avg / total       0.76      0.76      0.76       571

01/29/2018 20:21:48 [INFO] exp_shallowmodel: confusion matrix:
01/29/2018 20:21:48 [INFO] exp_shallowmodel: 
[[  4   2   3   5]
 [  3 113  14  34]
 [  5  13 236  14]
 [  1  27  18  79]]
01/29/2018 20:21:48 [INFO] exp_shallowmodel: ******************** dstc2 - Round 13 
01/29/2018 20:21:48 [INFO] exp_shallowmodel: #(data) = 4583
01/29/2018 20:21:48 [INFO] exp_shallowmodel: #(feature) = 513
01/29/2018 20:21:48 [INFO] exp_shallowmodel: ================================================================================
01/29/2018 20:21:48 [INFO] exp_shallowmodel: LR.pen=l1.C=1.000000
01/29/2018 20:21:48 [INFO] exp_shallowmodel: ________________________________________________________________________________
01/29/2018 20:21:48 [INFO] exp_shallowmodel: Training: 
01/29/2018 20:21:48 [INFO] exp_shallowmodel: LogisticRegression(C=1, class_weight=None, dual=False, fit_intercept=True,
          intercept_scaling=1, max_iter=100, multi_class='ovr', n_jobs=1,
          penalty='l1', random_state=None, solver='liblinear', tol=0.0001,
          verbose=0, warm_start=False)
01/29/2018 20:21:54 [INFO] exp_shallowmodel: train time: 5.239s
01/29/2018 20:21:54 [INFO] exp_shallowmodel: test time:  0.001s
01/29/2018 20:21:54 [INFO] exp_shallowmodel: accuracy:   0.788
01/29/2018 20:21:54 [INFO] exp_shallowmodel: f1_score:   0.620
01/29/2018 20:21:54 [INFO] exp_shallowmodel: classification report:
01/29/2018 20:21:54 [INFO] exp_shallowmodel:              precision    recall  f1-score   support

          A       0.33      0.14      0.20        14
          C       0.74      0.76      0.75       164
          F       0.89      0.93      0.91       268
          R       0.65      0.61      0.63       125

avg / total       0.78      0.79      0.78       571

01/29/2018 20:21:54 [INFO] exp_shallowmodel: confusion matrix:
01/29/2018 20:21:54 [INFO] exp_shallowmodel: 
[[  2   2   4   6]
 [  1 124  14  25]
 [  1   9 248  10]
 [  2  33  14  76]]
01/29/2018 20:21:54 [INFO] exp_shallowmodel: ******************** dstc2 - Round 14 
01/29/2018 20:21:54 [INFO] exp_shallowmodel: #(data) = 4583
01/29/2018 20:21:54 [INFO] exp_shallowmodel: #(feature) = 513
01/29/2018 20:21:54 [INFO] exp_shallowmodel: ================================================================================
01/29/2018 20:21:54 [INFO] exp_shallowmodel: LR.pen=l1.C=1.000000
01/29/2018 20:21:54 [INFO] exp_shallowmodel: ________________________________________________________________________________
01/29/2018 20:21:54 [INFO] exp_shallowmodel: Training: 
01/29/2018 20:21:54 [INFO] exp_shallowmodel: LogisticRegression(C=1, class_weight=None, dual=False, fit_intercept=True,
          intercept_scaling=1, max_iter=100, multi_class='ovr', n_jobs=1,
          penalty='l1', random_state=None, solver='liblinear', tol=0.0001,
          verbose=0, warm_start=False)
01/29/2018 20:21:59 [INFO] exp_shallowmodel: train time: 5.324s
01/29/2018 20:21:59 [INFO] exp_shallowmodel: test time:  0.001s
01/29/2018 20:21:59 [INFO] exp_shallowmodel: accuracy:   0.793
01/29/2018 20:21:59 [INFO] exp_shallowmodel: f1_score:   0.638
01/29/2018 20:21:59 [INFO] exp_shallowmodel: classification report:
01/29/2018 20:21:59 [INFO] exp_shallowmodel:              precision    recall  f1-score   support

          A       0.27      0.21      0.24        14
          C       0.74      0.77      0.76       164
          F       0.89      0.91      0.90       268
          R       0.68      0.62      0.65       125

avg / total       0.79      0.79      0.79       571

01/29/2018 20:21:59 [INFO] exp_shallowmodel: confusion matrix:
01/29/2018 20:21:59 [INFO] exp_shallowmodel: 
[[  3   3   7   1]
 [  2 127   9  26]
 [  2  12 245   9]
 [  4  29  14  78]]
01/29/2018 20:21:59 [INFO] exp_shallowmodel: ******************** dstc2 - Round 15 
01/29/2018 20:21:59 [INFO] exp_shallowmodel: #(data) = 4583
01/29/2018 20:21:59 [INFO] exp_shallowmodel: #(feature) = 513
01/29/2018 20:21:59 [INFO] exp_shallowmodel: ================================================================================
01/29/2018 20:21:59 [INFO] exp_shallowmodel: LR.pen=l1.C=1.000000
01/29/2018 20:21:59 [INFO] exp_shallowmodel: ________________________________________________________________________________
01/29/2018 20:21:59 [INFO] exp_shallowmodel: Training: 
01/29/2018 20:21:59 [INFO] exp_shallowmodel: LogisticRegression(C=1, class_weight=None, dual=False, fit_intercept=True,
          intercept_scaling=1, max_iter=100, multi_class='ovr', n_jobs=1,
          penalty='l1', random_state=None, solver='liblinear', tol=0.0001,
          verbose=0, warm_start=False)
01/29/2018 20:22:04 [INFO] exp_shallowmodel: train time: 4.842s
01/29/2018 20:22:04 [INFO] exp_shallowmodel: test time:  0.000s
01/29/2018 20:22:04 [INFO] exp_shallowmodel: accuracy:   0.762
01/29/2018 20:22:04 [INFO] exp_shallowmodel: f1_score:   0.623
01/29/2018 20:22:04 [INFO] exp_shallowmodel: classification report:
01/29/2018 20:22:04 [INFO] exp_shallowmodel:              precision    recall  f1-score   support

          A       0.33      0.29      0.31        14
          C       0.71      0.73      0.72       164
          F       0.87      0.91      0.89       268
          R       0.61      0.54      0.57       125

avg / total       0.75      0.76      0.76       571

01/29/2018 20:22:04 [INFO] exp_shallowmodel: confusion matrix:
01/29/2018 20:22:04 [INFO] exp_shallowmodel: 
[[  4   1   5   4]
 [  1 120  13  30]
 [  4  12 244   8]
 [  3  35  20  67]]
01/29/2018 20:22:04 [INFO] exp_shallowmodel: ******************** dstc2 - Round 16 
01/29/2018 20:22:04 [INFO] exp_shallowmodel: #(data) = 4583
01/29/2018 20:22:04 [INFO] exp_shallowmodel: #(feature) = 513
01/29/2018 20:22:04 [INFO] exp_shallowmodel: ================================================================================
01/29/2018 20:22:04 [INFO] exp_shallowmodel: LR.pen=l1.C=1.000000
01/29/2018 20:22:04 [INFO] exp_shallowmodel: ________________________________________________________________________________
01/29/2018 20:22:04 [INFO] exp_shallowmodel: Training: 
01/29/2018 20:22:04 [INFO] exp_shallowmodel: LogisticRegression(C=1, class_weight=None, dual=False, fit_intercept=True,
          intercept_scaling=1, max_iter=100, multi_class='ovr', n_jobs=1,
          penalty='l1', random_state=None, solver='liblinear', tol=0.0001,
          verbose=0, warm_start=False)
01/29/2018 20:22:09 [INFO] exp_shallowmodel: train time: 4.590s
01/29/2018 20:22:09 [INFO] exp_shallowmodel: test time:  0.000s
01/29/2018 20:22:09 [INFO] exp_shallowmodel: accuracy:   0.771
01/29/2018 20:22:09 [INFO] exp_shallowmodel: f1_score:   0.624
01/29/2018 20:22:09 [INFO] exp_shallowmodel: classification report:
01/29/2018 20:22:09 [INFO] exp_shallowmodel:              precision    recall  f1-score   support

          A       0.27      0.21      0.24        14
          C       0.75      0.74      0.75       164
          F       0.86      0.88      0.87       268
          R       0.63      0.64      0.64       125

avg / total       0.77      0.77      0.77       571

01/29/2018 20:22:09 [INFO] exp_shallowmodel: confusion matrix:
01/29/2018 20:22:09 [INFO] exp_shallowmodel: 
[[  3   4   5   2]
 [  3 122  11  28]
 [  2  15 235  16]
 [  3  21  21  80]]
01/29/2018 20:22:09 [INFO] exp_shallowmodel: ******************** dstc2 - Round 17 
01/29/2018 20:22:09 [INFO] exp_shallowmodel: #(data) = 4583
01/29/2018 20:22:09 [INFO] exp_shallowmodel: #(feature) = 513
01/29/2018 20:22:09 [INFO] exp_shallowmodel: ================================================================================
01/29/2018 20:22:09 [INFO] exp_shallowmodel: LR.pen=l1.C=1.000000
01/29/2018 20:22:09 [INFO] exp_shallowmodel: ________________________________________________________________________________
01/29/2018 20:22:09 [INFO] exp_shallowmodel: Training: 
01/29/2018 20:22:09 [INFO] exp_shallowmodel: LogisticRegression(C=1, class_weight=None, dual=False, fit_intercept=True,
          intercept_scaling=1, max_iter=100, multi_class='ovr', n_jobs=1,
          penalty='l1', random_state=None, solver='liblinear', tol=0.0001,
          verbose=0, warm_start=False)
01/29/2018 20:22:14 [INFO] exp_shallowmodel: train time: 4.921s
01/29/2018 20:22:14 [INFO] exp_shallowmodel: test time:  0.000s
01/29/2018 20:22:14 [INFO] exp_shallowmodel: accuracy:   0.753
01/29/2018 20:22:14 [INFO] exp_shallowmodel: f1_score:   0.630
01/29/2018 20:22:14 [INFO] exp_shallowmodel: classification report:
01/29/2018 20:22:14 [INFO] exp_shallowmodel:              precision    recall  f1-score   support

          A       0.50      0.29      0.36        14
          C       0.70      0.70      0.70       164
          F       0.86      0.90      0.88       268
          R       0.60      0.57      0.58       125

avg / total       0.75      0.75      0.75       571

01/29/2018 20:22:14 [INFO] exp_shallowmodel: confusion matrix:
01/29/2018 20:22:14 [INFO] exp_shallowmodel: 
[[  4   0   6   4]
 [  1 114  17  32]
 [  1  14 241  12]
 [  2  35  17  71]]
01/29/2018 20:22:14 [INFO] exp_shallowmodel: ******************** dstc2 - Round 18 
01/29/2018 20:22:14 [INFO] exp_shallowmodel: #(data) = 4583
01/29/2018 20:22:14 [INFO] exp_shallowmodel: #(feature) = 513
01/29/2018 20:22:14 [INFO] exp_shallowmodel: ================================================================================
01/29/2018 20:22:14 [INFO] exp_shallowmodel: LR.pen=l1.C=1.000000
01/29/2018 20:22:14 [INFO] exp_shallowmodel: ________________________________________________________________________________
01/29/2018 20:22:14 [INFO] exp_shallowmodel: Training: 
01/29/2018 20:22:14 [INFO] exp_shallowmodel: LogisticRegression(C=1, class_weight=None, dual=False, fit_intercept=True,
          intercept_scaling=1, max_iter=100, multi_class='ovr', n_jobs=1,
          penalty='l1', random_state=None, solver='liblinear', tol=0.0001,
          verbose=0, warm_start=False)
01/29/2018 20:22:19 [INFO] exp_shallowmodel: train time: 5.433s
01/29/2018 20:22:19 [INFO] exp_shallowmodel: test time:  0.001s
01/29/2018 20:22:19 [INFO] exp_shallowmodel: accuracy:   0.743
01/29/2018 20:22:19 [INFO] exp_shallowmodel: f1_score:   0.592
01/29/2018 20:22:19 [INFO] exp_shallowmodel: classification report:
01/29/2018 20:22:19 [INFO] exp_shallowmodel:              precision    recall  f1-score   support

          A       0.30      0.21      0.25        14
          C       0.70      0.73      0.71       164
          F       0.85      0.90      0.87       268
          R       0.58      0.50      0.54       125

avg / total       0.73      0.74      0.74       571

01/29/2018 20:22:19 [INFO] exp_shallowmodel: confusion matrix:
01/29/2018 20:22:19 [INFO] exp_shallowmodel: 
[[  3   0   9   2]
 [  3 119  14  28]
 [  1  13 240  14]
 [  3  39  21  62]]
01/29/2018 20:22:19 [INFO] exp_shallowmodel: ******************** dstc2 - Round 19 
01/29/2018 20:22:19 [INFO] exp_shallowmodel: #(data) = 4568
01/29/2018 20:22:19 [INFO] exp_shallowmodel: #(feature) = 513
01/29/2018 20:22:19 [INFO] exp_shallowmodel: ================================================================================
01/29/2018 20:22:19 [INFO] exp_shallowmodel: LR.pen=l1.C=1.000000
01/29/2018 20:22:19 [INFO] exp_shallowmodel: ________________________________________________________________________________
01/29/2018 20:22:19 [INFO] exp_shallowmodel: Training: 
01/29/2018 20:22:19 [INFO] exp_shallowmodel: LogisticRegression(C=1, class_weight=None, dual=False, fit_intercept=True,
          intercept_scaling=1, max_iter=100, multi_class='ovr', n_jobs=1,
          penalty='l1', random_state=None, solver='liblinear', tol=0.0001,
          verbose=0, warm_start=False)
01/29/2018 20:22:24 [INFO] exp_shallowmodel: train time: 4.605s
01/29/2018 20:22:24 [INFO] exp_shallowmodel: test time:  0.000s
01/29/2018 20:22:24 [INFO] exp_shallowmodel: accuracy:   0.747
01/29/2018 20:22:24 [INFO] exp_shallowmodel: f1_score:   0.630
01/29/2018 20:22:24 [INFO] exp_shallowmodel: classification report:
01/29/2018 20:22:24 [INFO] exp_shallowmodel:              precision    recall  f1-score   support

          A       0.45      0.31      0.37        16
          C       0.69      0.72      0.70       169
          F       0.85      0.89      0.87       271
          R       0.62      0.55      0.58       130

avg / total       0.74      0.75      0.74       586

01/29/2018 20:22:24 [INFO] exp_shallowmodel: confusion matrix:
01/29/2018 20:22:24 [INFO] exp_shallowmodel: 
[[  5   1   7   3]
 [  2 122  14  31]
 [  3  18 240  10]
 [  1  37  21  71]]
01/29/2018 20:22:24 [INFO] exp_shallowmodel: ******************** dstc2 - Round 20 
01/29/2018 20:22:24 [INFO] exp_shallowmodel: #(data) = 4583
01/29/2018 20:22:24 [INFO] exp_shallowmodel: #(feature) = 513
01/29/2018 20:22:24 [INFO] exp_shallowmodel: ================================================================================
01/29/2018 20:22:24 [INFO] exp_shallowmodel: LR.pen=l1.C=1.000000
01/29/2018 20:22:24 [INFO] exp_shallowmodel: ________________________________________________________________________________
01/29/2018 20:22:24 [INFO] exp_shallowmodel: Training: 
01/29/2018 20:22:24 [INFO] exp_shallowmodel: LogisticRegression(C=1, class_weight=None, dual=False, fit_intercept=True,
          intercept_scaling=1, max_iter=100, multi_class='ovr', n_jobs=1,
          penalty='l1', random_state=None, solver='liblinear', tol=0.0001,
          verbose=0, warm_start=False)
01/29/2018 20:22:29 [INFO] exp_shallowmodel: train time: 4.898s
01/29/2018 20:22:29 [INFO] exp_shallowmodel: test time:  0.001s
01/29/2018 20:22:29 [INFO] exp_shallowmodel: accuracy:   0.786
01/29/2018 20:22:29 [INFO] exp_shallowmodel: f1_score:   0.641
01/29/2018 20:22:29 [INFO] exp_shallowmodel: classification report:
01/29/2018 20:22:29 [INFO] exp_shallowmodel:              precision    recall  f1-score   support

          A       0.33      0.21      0.26        14
          C       0.76      0.75      0.75       164
          F       0.86      0.90      0.88       268
          R       0.69      0.65      0.67       125

avg / total       0.78      0.79      0.78       571

01/29/2018 20:22:29 [INFO] exp_shallowmodel: confusion matrix:
01/29/2018 20:22:29 [INFO] exp_shallowmodel: 
[[  3   3   6   2]
 [  2 123  13  26]
 [  3  14 242   9]
 [  1  22  21  81]]
01/29/2018 20:22:29 [INFO] exp_shallowmodel: ******************** dstc2 - Round 21 
01/29/2018 20:22:29 [INFO] exp_shallowmodel: #(data) = 4583
01/29/2018 20:22:29 [INFO] exp_shallowmodel: #(feature) = 513
01/29/2018 20:22:29 [INFO] exp_shallowmodel: ================================================================================
01/29/2018 20:22:29 [INFO] exp_shallowmodel: LR.pen=l1.C=1.000000
01/29/2018 20:22:29 [INFO] exp_shallowmodel: ________________________________________________________________________________
01/29/2018 20:22:29 [INFO] exp_shallowmodel: Training: 
01/29/2018 20:22:29 [INFO] exp_shallowmodel: LogisticRegression(C=1, class_weight=None, dual=False, fit_intercept=True,
          intercept_scaling=1, max_iter=100, multi_class='ovr', n_jobs=1,
          penalty='l1', random_state=None, solver='liblinear', tol=0.0001,
          verbose=0, warm_start=False)
01/29/2018 20:22:33 [INFO] exp_shallowmodel: train time: 4.804s
01/29/2018 20:22:33 [INFO] exp_shallowmodel: test time:  0.000s
01/29/2018 20:22:33 [INFO] exp_shallowmodel: accuracy:   0.779
01/29/2018 20:22:33 [INFO] exp_shallowmodel: f1_score:   0.625
01/29/2018 20:22:33 [INFO] exp_shallowmodel: classification report:
01/29/2018 20:22:33 [INFO] exp_shallowmodel:              precision    recall  f1-score   support

          A       0.30      0.21      0.25        14
          C       0.71      0.76      0.73       164
          F       0.89      0.92      0.90       268
          R       0.66      0.58      0.62       125

avg / total       0.77      0.78      0.77       571

01/29/2018 20:22:33 [INFO] exp_shallowmodel: confusion matrix:
01/29/2018 20:22:33 [INFO] exp_shallowmodel: 
[[  3   3   5   3]
 [  4 124  13  23]
 [  1  10 246  11]
 [  2  38  13  72]]
01/29/2018 20:22:33 [INFO] exp_shallowmodel: ******************** dstc2 - Round 22 
01/29/2018 20:22:33 [INFO] exp_shallowmodel: #(data) = 4583
01/29/2018 20:22:33 [INFO] exp_shallowmodel: #(feature) = 513
01/29/2018 20:22:33 [INFO] exp_shallowmodel: ================================================================================
01/29/2018 20:22:33 [INFO] exp_shallowmodel: LR.pen=l1.C=1.000000
01/29/2018 20:22:33 [INFO] exp_shallowmodel: ________________________________________________________________________________
01/29/2018 20:22:33 [INFO] exp_shallowmodel: Training: 
01/29/2018 20:22:33 [INFO] exp_shallowmodel: LogisticRegression(C=1, class_weight=None, dual=False, fit_intercept=True,
          intercept_scaling=1, max_iter=100, multi_class='ovr', n_jobs=1,
          penalty='l1', random_state=None, solver='liblinear', tol=0.0001,
          verbose=0, warm_start=False)
01/29/2018 20:22:38 [INFO] exp_shallowmodel: train time: 4.698s
01/29/2018 20:22:38 [INFO] exp_shallowmodel: test time:  0.001s
01/29/2018 20:22:38 [INFO] exp_shallowmodel: accuracy:   0.772
01/29/2018 20:22:38 [INFO] exp_shallowmodel: f1_score:   0.638
01/29/2018 20:22:38 [INFO] exp_shallowmodel: classification report:
01/29/2018 20:22:38 [INFO] exp_shallowmodel:              precision    recall  f1-score   support

          A       0.36      0.29      0.32        14
          C       0.73      0.76      0.74       164
          F       0.88      0.90      0.89       268
          R       0.63      0.58      0.60       125

avg / total       0.77      0.77      0.77       571

01/29/2018 20:22:38 [INFO] exp_shallowmodel: confusion matrix:
01/29/2018 20:22:38 [INFO] exp_shallowmodel: 
[[  4   1   4   5]
 [  2 124  14  24]
 [  5   9 241  13]
 [  0  37  16  72]]
01/29/2018 20:22:38 [INFO] exp_shallowmodel: ******************** dstc2 - Round 23 
01/29/2018 20:22:38 [INFO] exp_shallowmodel: #(data) = 4583
01/29/2018 20:22:38 [INFO] exp_shallowmodel: #(feature) = 513
01/29/2018 20:22:38 [INFO] exp_shallowmodel: ================================================================================
01/29/2018 20:22:38 [INFO] exp_shallowmodel: LR.pen=l1.C=1.000000
01/29/2018 20:22:38 [INFO] exp_shallowmodel: ________________________________________________________________________________
01/29/2018 20:22:38 [INFO] exp_shallowmodel: Training: 
01/29/2018 20:22:38 [INFO] exp_shallowmodel: LogisticRegression(C=1, class_weight=None, dual=False, fit_intercept=True,
          intercept_scaling=1, max_iter=100, multi_class='ovr', n_jobs=1,
          penalty='l1', random_state=None, solver='liblinear', tol=0.0001,
          verbose=0, warm_start=False)
01/29/2018 20:22:43 [INFO] exp_shallowmodel: train time: 4.749s
01/29/2018 20:22:43 [INFO] exp_shallowmodel: test time:  0.000s
01/29/2018 20:22:43 [INFO] exp_shallowmodel: accuracy:   0.750
01/29/2018 20:22:43 [INFO] exp_shallowmodel: f1_score:   0.622
01/29/2018 20:22:43 [INFO] exp_shallowmodel: classification report:
01/29/2018 20:22:43 [INFO] exp_shallowmodel:              precision    recall  f1-score   support

          A       0.31      0.36      0.33        14
          C       0.71      0.71      0.71       164
          F       0.85      0.89      0.87       268
          R       0.61      0.54      0.57       125

avg / total       0.75      0.75      0.75       571

01/29/2018 20:22:43 [INFO] exp_shallowmodel: confusion matrix:
01/29/2018 20:22:43 [INFO] exp_shallowmodel: 
[[  5   0   7   2]
 [  3 117  15  29]
 [  3  14 239  12]
 [  5  34  19  67]]
01/29/2018 20:22:43 [INFO] exp_shallowmodel: ******************** dstc2 - Round 24 
01/29/2018 20:22:43 [INFO] exp_shallowmodel: #(data) = 4583
01/29/2018 20:22:43 [INFO] exp_shallowmodel: #(feature) = 513
01/29/2018 20:22:43 [INFO] exp_shallowmodel: ================================================================================
01/29/2018 20:22:43 [INFO] exp_shallowmodel: LR.pen=l1.C=1.000000
01/29/2018 20:22:43 [INFO] exp_shallowmodel: ________________________________________________________________________________
01/29/2018 20:22:43 [INFO] exp_shallowmodel: Training: 
01/29/2018 20:22:43 [INFO] exp_shallowmodel: LogisticRegression(C=1, class_weight=None, dual=False, fit_intercept=True,
          intercept_scaling=1, max_iter=100, multi_class='ovr', n_jobs=1,
          penalty='l1', random_state=None, solver='liblinear', tol=0.0001,
          verbose=0, warm_start=False)
01/29/2018 20:22:48 [INFO] exp_shallowmodel: train time: 4.935s
01/29/2018 20:22:48 [INFO] exp_shallowmodel: test time:  0.000s
01/29/2018 20:22:48 [INFO] exp_shallowmodel: accuracy:   0.758
01/29/2018 20:22:48 [INFO] exp_shallowmodel: f1_score:   0.610
01/29/2018 20:22:48 [INFO] exp_shallowmodel: classification report:
01/29/2018 20:22:48 [INFO] exp_shallowmodel:              precision    recall  f1-score   support

          A       0.33      0.21      0.26        14
          C       0.69      0.70      0.70       164
          F       0.86      0.91      0.89       268
          R       0.63      0.57      0.60       125

avg / total       0.75      0.76      0.75       571

01/29/2018 20:22:48 [INFO] exp_shallowmodel: confusion matrix:
01/29/2018 20:22:48 [INFO] exp_shallowmodel: 
[[  3   2   5   4]
 [  1 115  16  32]
 [  3  15 244   6]
 [  2  34  18  71]]
01/29/2018 20:22:48 [INFO] exp_shallowmodel: ******************** dstc2 - Round 25 
01/29/2018 20:22:48 [INFO] exp_shallowmodel: #(data) = 4583
01/29/2018 20:22:48 [INFO] exp_shallowmodel: #(feature) = 513
01/29/2018 20:22:48 [INFO] exp_shallowmodel: ================================================================================
01/29/2018 20:22:48 [INFO] exp_shallowmodel: LR.pen=l1.C=1.000000
01/29/2018 20:22:48 [INFO] exp_shallowmodel: ________________________________________________________________________________
01/29/2018 20:22:48 [INFO] exp_shallowmodel: Training: 
01/29/2018 20:22:48 [INFO] exp_shallowmodel: LogisticRegression(C=1, class_weight=None, dual=False, fit_intercept=True,
          intercept_scaling=1, max_iter=100, multi_class='ovr', n_jobs=1,
          penalty='l1', random_state=None, solver='liblinear', tol=0.0001,
          verbose=0, warm_start=False)
01/29/2018 20:22:53 [INFO] exp_shallowmodel: train time: 5.089s
01/29/2018 20:22:53 [INFO] exp_shallowmodel: test time:  0.000s
01/29/2018 20:22:53 [INFO] exp_shallowmodel: accuracy:   0.785
01/29/2018 20:22:53 [INFO] exp_shallowmodel: f1_score:   0.595
01/29/2018 20:22:53 [INFO] exp_shallowmodel: classification report:
01/29/2018 20:22:53 [INFO] exp_shallowmodel:              precision    recall  f1-score   support

          A       0.10      0.07      0.08        14
          C       0.78      0.76      0.77       164
          F       0.87      0.91      0.89       268
          R       0.65      0.63      0.64       125

avg / total       0.78      0.78      0.78       571

01/29/2018 20:22:53 [INFO] exp_shallowmodel: confusion matrix:
01/29/2018 20:22:53 [INFO] exp_shallowmodel: 
[[  1   2   7   4]
 [  0 124  13  27]
 [  4   8 244  12]
 [  5  25  16  79]]
01/29/2018 20:22:53 [INFO] exp_shallowmodel: ******************** dstc2 - Round 26 
01/29/2018 20:22:53 [INFO] exp_shallowmodel: #(data) = 4583
01/29/2018 20:22:53 [INFO] exp_shallowmodel: #(feature) = 513
01/29/2018 20:22:53 [INFO] exp_shallowmodel: ================================================================================
01/29/2018 20:22:53 [INFO] exp_shallowmodel: LR.pen=l1.C=1.000000
01/29/2018 20:22:53 [INFO] exp_shallowmodel: ________________________________________________________________________________
01/29/2018 20:22:53 [INFO] exp_shallowmodel: Training: 
01/29/2018 20:22:53 [INFO] exp_shallowmodel: LogisticRegression(C=1, class_weight=None, dual=False, fit_intercept=True,
          intercept_scaling=1, max_iter=100, multi_class='ovr', n_jobs=1,
          penalty='l1', random_state=None, solver='liblinear', tol=0.0001,
          verbose=0, warm_start=False)
01/29/2018 20:22:58 [INFO] exp_shallowmodel: train time: 5.288s
01/29/2018 20:22:58 [INFO] exp_shallowmodel: test time:  0.001s
01/29/2018 20:22:58 [INFO] exp_shallowmodel: accuracy:   0.765
01/29/2018 20:22:58 [INFO] exp_shallowmodel: f1_score:   0.626
01/29/2018 20:22:58 [INFO] exp_shallowmodel: classification report:
01/29/2018 20:22:58 [INFO] exp_shallowmodel:              precision    recall  f1-score   support

          A       0.31      0.29      0.30        14
          C       0.74      0.71      0.72       164
          F       0.89      0.90      0.90       268
          R       0.58      0.60      0.59       125

avg / total       0.76      0.77      0.76       571

01/29/2018 20:22:58 [INFO] exp_shallowmodel: confusion matrix:
01/29/2018 20:22:58 [INFO] exp_shallowmodel: 
[[  4   1   7   2]
 [  3 116   8  37]
 [  3   8 242  15]
 [  3  32  15  75]]
01/29/2018 20:22:58 [INFO] exp_shallowmodel: ******************** dstc2 - Round 27 
01/29/2018 20:22:58 [INFO] exp_shallowmodel: #(data) = 4583
01/29/2018 20:22:58 [INFO] exp_shallowmodel: #(feature) = 513
01/29/2018 20:22:58 [INFO] exp_shallowmodel: ================================================================================
01/29/2018 20:22:58 [INFO] exp_shallowmodel: LR.pen=l1.C=1.000000
01/29/2018 20:22:58 [INFO] exp_shallowmodel: ________________________________________________________________________________
01/29/2018 20:22:58 [INFO] exp_shallowmodel: Training: 
01/29/2018 20:22:58 [INFO] exp_shallowmodel: LogisticRegression(C=1, class_weight=None, dual=False, fit_intercept=True,
          intercept_scaling=1, max_iter=100, multi_class='ovr', n_jobs=1,
          penalty='l1', random_state=None, solver='liblinear', tol=0.0001,
          verbose=0, warm_start=False)
01/29/2018 20:23:03 [INFO] exp_shallowmodel: train time: 4.706s
01/29/2018 20:23:03 [INFO] exp_shallowmodel: test time:  0.000s
01/29/2018 20:23:03 [INFO] exp_shallowmodel: accuracy:   0.785
01/29/2018 20:23:03 [INFO] exp_shallowmodel: f1_score:   0.692
01/29/2018 20:23:03 [INFO] exp_shallowmodel: classification report:
01/29/2018 20:23:03 [INFO] exp_shallowmodel:              precision    recall  f1-score   support

          A       0.60      0.43      0.50        14
          C       0.73      0.74      0.74       164
          F       0.90      0.90      0.90       268
          R       0.62      0.64      0.63       125

avg / total       0.78      0.78      0.78       571

01/29/2018 20:23:03 [INFO] exp_shallowmodel: confusion matrix:
01/29/2018 20:23:03 [INFO] exp_shallowmodel: 
[[  6   2   2   4]
 [  1 122  10  31]
 [  0  15 240  13]
 [  3  27  15  80]]
01/29/2018 20:23:03 [INFO] exp_shallowmodel: ******************** dstc2 - Round 28 
01/29/2018 20:23:03 [INFO] exp_shallowmodel: #(data) = 4583
01/29/2018 20:23:03 [INFO] exp_shallowmodel: #(feature) = 513
01/29/2018 20:23:03 [INFO] exp_shallowmodel: ================================================================================
01/29/2018 20:23:03 [INFO] exp_shallowmodel: LR.pen=l1.C=1.000000
01/29/2018 20:23:03 [INFO] exp_shallowmodel: ________________________________________________________________________________
01/29/2018 20:23:03 [INFO] exp_shallowmodel: Training: 
01/29/2018 20:23:03 [INFO] exp_shallowmodel: LogisticRegression(C=1, class_weight=None, dual=False, fit_intercept=True,
          intercept_scaling=1, max_iter=100, multi_class='ovr', n_jobs=1,
          penalty='l1', random_state=None, solver='liblinear', tol=0.0001,
          verbose=0, warm_start=False)
01/29/2018 20:23:08 [INFO] exp_shallowmodel: train time: 5.004s
01/29/2018 20:23:08 [INFO] exp_shallowmodel: test time:  0.000s
01/29/2018 20:23:08 [INFO] exp_shallowmodel: accuracy:   0.743
01/29/2018 20:23:08 [INFO] exp_shallowmodel: f1_score:   0.560
01/29/2018 20:23:08 [INFO] exp_shallowmodel: classification report:
01/29/2018 20:23:08 [INFO] exp_shallowmodel:              precision    recall  f1-score   support

          A       0.08      0.07      0.08        14
          C       0.74      0.70      0.71       164
          F       0.87      0.87      0.87       268
          R       0.56      0.60      0.58       125

avg / total       0.74      0.74      0.74       571

01/29/2018 20:23:08 [INFO] exp_shallowmodel: confusion matrix:
01/29/2018 20:23:08 [INFO] exp_shallowmodel: 
[[  1   2   5   6]
 [  1 114  13  36]
 [  6  11 234  17]
 [  4  28  18  75]]
01/29/2018 20:23:08 [INFO] exp_shallowmodel: ******************** dstc2 - Round 29 
01/29/2018 20:23:08 [INFO] exp_shallowmodel: #(data) = 4568
01/29/2018 20:23:08 [INFO] exp_shallowmodel: #(feature) = 513
01/29/2018 20:23:08 [INFO] exp_shallowmodel: ================================================================================
01/29/2018 20:23:08 [INFO] exp_shallowmodel: LR.pen=l1.C=1.000000
01/29/2018 20:23:08 [INFO] exp_shallowmodel: ________________________________________________________________________________
01/29/2018 20:23:08 [INFO] exp_shallowmodel: Training: 
01/29/2018 20:23:08 [INFO] exp_shallowmodel: LogisticRegression(C=1, class_weight=None, dual=False, fit_intercept=True,
          intercept_scaling=1, max_iter=100, multi_class='ovr', n_jobs=1,
          penalty='l1', random_state=None, solver='liblinear', tol=0.0001,
          verbose=0, warm_start=False)
01/29/2018 20:23:13 [INFO] exp_shallowmodel: train time: 4.919s
01/29/2018 20:23:13 [INFO] exp_shallowmodel: test time:  0.001s
01/29/2018 20:23:13 [INFO] exp_shallowmodel: accuracy:   0.756
01/29/2018 20:23:13 [INFO] exp_shallowmodel: f1_score:   0.667
01/29/2018 20:23:13 [INFO] exp_shallowmodel: classification report:
01/29/2018 20:23:13 [INFO] exp_shallowmodel:              precision    recall  f1-score   support

          A       0.75      0.38      0.50        16
          C       0.70      0.76      0.73       169
          F       0.85      0.88      0.86       271
          R       0.62      0.54      0.58       130

avg / total       0.75      0.76      0.75       586

01/29/2018 20:23:13 [INFO] exp_shallowmodel: confusion matrix:
01/29/2018 20:23:13 [INFO] exp_shallowmodel: 
[[  6   2   7   1]
 [  1 128  17  23]
 [  0  14 239  18]
 [  1  40  19  70]]
01/29/2018 20:23:13 [INFO] exp_shallowmodel: ******************** dstc2 - Round 30 
01/29/2018 20:23:13 [INFO] exp_shallowmodel: #(data) = 4583
01/29/2018 20:23:13 [INFO] exp_shallowmodel: #(feature) = 513
01/29/2018 20:23:13 [INFO] exp_shallowmodel: ================================================================================
01/29/2018 20:23:13 [INFO] exp_shallowmodel: LR.pen=l1.C=1.000000
01/29/2018 20:23:13 [INFO] exp_shallowmodel: ________________________________________________________________________________
01/29/2018 20:23:13 [INFO] exp_shallowmodel: Training: 
01/29/2018 20:23:13 [INFO] exp_shallowmodel: LogisticRegression(C=1, class_weight=None, dual=False, fit_intercept=True,
          intercept_scaling=1, max_iter=100, multi_class='ovr', n_jobs=1,
          penalty='l1', random_state=None, solver='liblinear', tol=0.0001,
          verbose=0, warm_start=False)
01/29/2018 20:23:19 [INFO] exp_shallowmodel: train time: 5.252s
01/29/2018 20:23:19 [INFO] exp_shallowmodel: test time:  0.001s
01/29/2018 20:23:19 [INFO] exp_shallowmodel: accuracy:   0.764
01/29/2018 20:23:19 [INFO] exp_shallowmodel: f1_score:   0.593
01/29/2018 20:23:19 [INFO] exp_shallowmodel: classification report:
01/29/2018 20:23:19 [INFO] exp_shallowmodel:              precision    recall  f1-score   support

          A       0.20      0.14      0.17        14
          C       0.71      0.75      0.73       164
          F       0.88      0.90      0.89       268
          R       0.62      0.56      0.59       125

avg / total       0.76      0.76      0.76       571

01/29/2018 20:23:19 [INFO] exp_shallowmodel: confusion matrix:
01/29/2018 20:23:19 [INFO] exp_shallowmodel: 
[[  2   3   8   1]
 [  2 123  13  26]
 [  3   8 241  16]
 [  3  39  13  70]]
01/29/2018 20:23:19 [INFO] exp_shallowmodel: ******************** dstc2 - Round 31 
01/29/2018 20:23:19 [INFO] exp_shallowmodel: #(data) = 4583
01/29/2018 20:23:19 [INFO] exp_shallowmodel: #(feature) = 513
01/29/2018 20:23:19 [INFO] exp_shallowmodel: ================================================================================
01/29/2018 20:23:19 [INFO] exp_shallowmodel: LR.pen=l1.C=1.000000
01/29/2018 20:23:19 [INFO] exp_shallowmodel: ________________________________________________________________________________
01/29/2018 20:23:19 [INFO] exp_shallowmodel: Training: 
01/29/2018 20:23:19 [INFO] exp_shallowmodel: LogisticRegression(C=1, class_weight=None, dual=False, fit_intercept=True,
          intercept_scaling=1, max_iter=100, multi_class='ovr', n_jobs=1,
          penalty='l1', random_state=None, solver='liblinear', tol=0.0001,
          verbose=0, warm_start=False)
01/29/2018 20:23:24 [INFO] exp_shallowmodel: train time: 5.369s
01/29/2018 20:23:24 [INFO] exp_shallowmodel: test time:  0.000s
01/29/2018 20:23:24 [INFO] exp_shallowmodel: accuracy:   0.778
01/29/2018 20:23:24 [INFO] exp_shallowmodel: f1_score:   0.609
01/29/2018 20:23:24 [INFO] exp_shallowmodel: classification report:
01/29/2018 20:23:24 [INFO] exp_shallowmodel:              precision    recall  f1-score   support

          A       0.22      0.14      0.17        14
          C       0.77      0.76      0.77       164
          F       0.85      0.91      0.88       268
          R       0.65      0.59      0.62       125

avg / total       0.77      0.78      0.77       571

01/29/2018 20:23:24 [INFO] exp_shallowmodel: confusion matrix:
01/29/2018 20:23:24 [INFO] exp_shallowmodel: 
[[  2   1   4   7]
 [  2 125  17  20]
 [  1  11 243  13]
 [  4  25  22  74]]
01/29/2018 20:23:24 [INFO] exp_shallowmodel: ******************** dstc2 - Round 32 
01/29/2018 20:23:24 [INFO] exp_shallowmodel: #(data) = 4583
01/29/2018 20:23:24 [INFO] exp_shallowmodel: #(feature) = 513
01/29/2018 20:23:24 [INFO] exp_shallowmodel: ================================================================================
01/29/2018 20:23:24 [INFO] exp_shallowmodel: LR.pen=l1.C=1.000000
01/29/2018 20:23:24 [INFO] exp_shallowmodel: ________________________________________________________________________________
01/29/2018 20:23:24 [INFO] exp_shallowmodel: Training: 
01/29/2018 20:23:24 [INFO] exp_shallowmodel: LogisticRegression(C=1, class_weight=None, dual=False, fit_intercept=True,
          intercept_scaling=1, max_iter=100, multi_class='ovr', n_jobs=1,
          penalty='l1', random_state=None, solver='liblinear', tol=0.0001,
          verbose=0, warm_start=False)
01/29/2018 20:23:29 [INFO] exp_shallowmodel: train time: 4.810s
01/29/2018 20:23:29 [INFO] exp_shallowmodel: test time:  0.000s
01/29/2018 20:23:29 [INFO] exp_shallowmodel: accuracy:   0.718
01/29/2018 20:23:29 [INFO] exp_shallowmodel: f1_score:   0.554
01/29/2018 20:23:29 [INFO] exp_shallowmodel: classification report:
01/29/2018 20:23:29 [INFO] exp_shallowmodel:              precision    recall  f1-score   support

          A       0.17      0.14      0.15        14
          C       0.68      0.66      0.67       164
          F       0.84      0.87      0.86       268
          R       0.54      0.54      0.54       125

avg / total       0.71      0.72      0.72       571

01/29/2018 20:23:29 [INFO] exp_shallowmodel: confusion matrix:
01/29/2018 20:23:29 [INFO] exp_shallowmodel: 
[[  2   2   8   2]
 [  4 108  11  41]
 [  4  17 233  14]
 [  2  32  24  67]]
01/29/2018 20:23:29 [INFO] exp_shallowmodel: ******************** dstc2 - Round 33 
01/29/2018 20:23:29 [INFO] exp_shallowmodel: #(data) = 4583
01/29/2018 20:23:29 [INFO] exp_shallowmodel: #(feature) = 513
01/29/2018 20:23:29 [INFO] exp_shallowmodel: ================================================================================
01/29/2018 20:23:29 [INFO] exp_shallowmodel: LR.pen=l1.C=1.000000
01/29/2018 20:23:29 [INFO] exp_shallowmodel: ________________________________________________________________________________
01/29/2018 20:23:29 [INFO] exp_shallowmodel: Training: 
01/29/2018 20:23:29 [INFO] exp_shallowmodel: LogisticRegression(C=1, class_weight=None, dual=False, fit_intercept=True,
          intercept_scaling=1, max_iter=100, multi_class='ovr', n_jobs=1,
          penalty='l1', random_state=None, solver='liblinear', tol=0.0001,
          verbose=0, warm_start=False)
01/29/2018 20:23:34 [INFO] exp_shallowmodel: train time: 5.422s
01/29/2018 20:23:34 [INFO] exp_shallowmodel: test time:  0.000s
01/29/2018 20:23:34 [INFO] exp_shallowmodel: accuracy:   0.793
01/29/2018 20:23:34 [INFO] exp_shallowmodel: f1_score:   0.581
01/29/2018 20:23:34 [INFO] exp_shallowmodel: classification report:
01/29/2018 20:23:34 [INFO] exp_shallowmodel:              precision    recall  f1-score   support

          A       0.00      0.00      0.00        14
          C       0.76      0.72      0.74       164
          F       0.90      0.93      0.91       268
          R       0.65      0.70      0.67       125

avg / total       0.78      0.79      0.79       571

01/29/2018 20:23:34 [INFO] exp_shallowmodel: confusion matrix:
01/29/2018 20:23:34 [INFO] exp_shallowmodel: 
[[  0   4   3   7]
 [  4 118  10  32]
 [  1  11 248   8]
 [  2  22  14  87]]
01/29/2018 20:23:34 [INFO] exp_shallowmodel: ******************** dstc2 - Round 34 
01/29/2018 20:23:34 [INFO] exp_shallowmodel: #(data) = 4583
01/29/2018 20:23:34 [INFO] exp_shallowmodel: #(feature) = 513
01/29/2018 20:23:34 [INFO] exp_shallowmodel: ================================================================================
01/29/2018 20:23:34 [INFO] exp_shallowmodel: LR.pen=l1.C=1.000000
01/29/2018 20:23:34 [INFO] exp_shallowmodel: ________________________________________________________________________________
01/29/2018 20:23:34 [INFO] exp_shallowmodel: Training: 
01/29/2018 20:23:34 [INFO] exp_shallowmodel: LogisticRegression(C=1, class_weight=None, dual=False, fit_intercept=True,
          intercept_scaling=1, max_iter=100, multi_class='ovr', n_jobs=1,
          penalty='l1', random_state=None, solver='liblinear', tol=0.0001,
          verbose=0, warm_start=False)
01/29/2018 20:23:39 [INFO] exp_shallowmodel: train time: 4.957s
01/29/2018 20:23:39 [INFO] exp_shallowmodel: test time:  0.001s
01/29/2018 20:23:39 [INFO] exp_shallowmodel: accuracy:   0.774
01/29/2018 20:23:39 [INFO] exp_shallowmodel: f1_score:   0.643
01/29/2018 20:23:39 [INFO] exp_shallowmodel: classification report:
01/29/2018 20:23:39 [INFO] exp_shallowmodel:              precision    recall  f1-score   support

          A       0.44      0.29      0.35        14
          C       0.71      0.74      0.73       164
          F       0.88      0.91      0.89       268
          R       0.65      0.57      0.60       125

avg / total       0.77      0.77      0.77       571

01/29/2018 20:23:39 [INFO] exp_shallowmodel: confusion matrix:
01/29/2018 20:23:39 [INFO] exp_shallowmodel: 
[[  4   0   8   2]
 [  0 122  15  27]
 [  3  10 245  10]
 [  2  40  12  71]]
01/29/2018 20:23:39 [INFO] exp_shallowmodel: ******************** dstc2 - Round 35 
01/29/2018 20:23:39 [INFO] exp_shallowmodel: #(data) = 4583
01/29/2018 20:23:39 [INFO] exp_shallowmodel: #(feature) = 513
01/29/2018 20:23:39 [INFO] exp_shallowmodel: ================================================================================
01/29/2018 20:23:39 [INFO] exp_shallowmodel: LR.pen=l1.C=1.000000
01/29/2018 20:23:39 [INFO] exp_shallowmodel: ________________________________________________________________________________
01/29/2018 20:23:39 [INFO] exp_shallowmodel: Training: 
01/29/2018 20:23:39 [INFO] exp_shallowmodel: LogisticRegression(C=1, class_weight=None, dual=False, fit_intercept=True,
          intercept_scaling=1, max_iter=100, multi_class='ovr', n_jobs=1,
          penalty='l1', random_state=None, solver='liblinear', tol=0.0001,
          verbose=0, warm_start=False)
01/29/2018 20:23:44 [INFO] exp_shallowmodel: train time: 4.872s
01/29/2018 20:23:44 [INFO] exp_shallowmodel: test time:  0.000s
01/29/2018 20:23:44 [INFO] exp_shallowmodel: accuracy:   0.774
01/29/2018 20:23:44 [INFO] exp_shallowmodel: f1_score:   0.628
01/29/2018 20:23:44 [INFO] exp_shallowmodel: classification report:
01/29/2018 20:23:44 [INFO] exp_shallowmodel:              precision    recall  f1-score   support

          A       0.33      0.21      0.26        14
          C       0.71      0.74      0.72       164
          F       0.90      0.89      0.89       268
          R       0.63      0.63      0.63       125

avg / total       0.77      0.77      0.77       571

01/29/2018 20:23:44 [INFO] exp_shallowmodel: confusion matrix:
01/29/2018 20:23:44 [INFO] exp_shallowmodel: 
[[  3   3   6   2]
 [  2 121  10  31]
 [  2  14 239  13]
 [  2  32  12  79]]
01/29/2018 20:23:44 [INFO] exp_shallowmodel: ******************** dstc2 - Round 36 
01/29/2018 20:23:44 [INFO] exp_shallowmodel: #(data) = 4583
01/29/2018 20:23:44 [INFO] exp_shallowmodel: #(feature) = 513
01/29/2018 20:23:44 [INFO] exp_shallowmodel: ================================================================================
01/29/2018 20:23:44 [INFO] exp_shallowmodel: LR.pen=l1.C=1.000000
01/29/2018 20:23:44 [INFO] exp_shallowmodel: ________________________________________________________________________________
01/29/2018 20:23:44 [INFO] exp_shallowmodel: Training: 
01/29/2018 20:23:44 [INFO] exp_shallowmodel: LogisticRegression(C=1, class_weight=None, dual=False, fit_intercept=True,
          intercept_scaling=1, max_iter=100, multi_class='ovr', n_jobs=1,
          penalty='l1', random_state=None, solver='liblinear', tol=0.0001,
          verbose=0, warm_start=False)
01/29/2018 20:23:49 [INFO] exp_shallowmodel: train time: 4.805s
01/29/2018 20:23:49 [INFO] exp_shallowmodel: test time:  0.000s
01/29/2018 20:23:49 [INFO] exp_shallowmodel: accuracy:   0.737
01/29/2018 20:23:49 [INFO] exp_shallowmodel: f1_score:   0.598
01/29/2018 20:23:49 [INFO] exp_shallowmodel: classification report:
01/29/2018 20:23:49 [INFO] exp_shallowmodel:              precision    recall  f1-score   support

          A       0.19      0.29      0.23        14
          C       0.71      0.75      0.73       164
          F       0.86      0.83      0.84       268
          R       0.61      0.57      0.59       125

avg / total       0.74      0.74      0.74       571

01/29/2018 20:23:49 [INFO] exp_shallowmodel: confusion matrix:
01/29/2018 20:23:49 [INFO] exp_shallowmodel: 
[[  4   4   5   1]
 [  4 123  14  23]
 [  8  15 223  22]
 [  5  31  18  71]]
01/29/2018 20:23:49 [INFO] exp_shallowmodel: ******************** dstc2 - Round 37 
01/29/2018 20:23:49 [INFO] exp_shallowmodel: #(data) = 4583
01/29/2018 20:23:49 [INFO] exp_shallowmodel: #(feature) = 513
01/29/2018 20:23:49 [INFO] exp_shallowmodel: ================================================================================
01/29/2018 20:23:49 [INFO] exp_shallowmodel: LR.pen=l1.C=1.000000
01/29/2018 20:23:49 [INFO] exp_shallowmodel: ________________________________________________________________________________
01/29/2018 20:23:49 [INFO] exp_shallowmodel: Training: 
01/29/2018 20:23:49 [INFO] exp_shallowmodel: LogisticRegression(C=1, class_weight=None, dual=False, fit_intercept=True,
          intercept_scaling=1, max_iter=100, multi_class='ovr', n_jobs=1,
          penalty='l1', random_state=None, solver='liblinear', tol=0.0001,
          verbose=0, warm_start=False)
01/29/2018 20:23:54 [INFO] exp_shallowmodel: train time: 4.656s
01/29/2018 20:23:54 [INFO] exp_shallowmodel: test time:  0.000s
01/29/2018 20:23:54 [INFO] exp_shallowmodel: accuracy:   0.779
01/29/2018 20:23:54 [INFO] exp_shallowmodel: f1_score:   0.639
01/29/2018 20:23:54 [INFO] exp_shallowmodel: classification report:
01/29/2018 20:23:54 [INFO] exp_shallowmodel:              precision    recall  f1-score   support

          A       0.31      0.29      0.30        14
          C       0.75      0.76      0.76       164
          F       0.88      0.90      0.89       268
          R       0.63      0.59      0.61       125

avg / total       0.78      0.78      0.78       571

01/29/2018 20:23:54 [INFO] exp_shallowmodel: confusion matrix:
01/29/2018 20:23:54 [INFO] exp_shallowmodel: 
[[  4   0  10   0]
 [  2 125   7  30]
 [  3   9 242  14]
 [  4  32  15  74]]
01/29/2018 20:23:54 [INFO] exp_shallowmodel: ******************** dstc2 - Round 38 
01/29/2018 20:23:54 [INFO] exp_shallowmodel: #(data) = 4583
01/29/2018 20:23:54 [INFO] exp_shallowmodel: #(feature) = 513
01/29/2018 20:23:54 [INFO] exp_shallowmodel: ================================================================================
01/29/2018 20:23:54 [INFO] exp_shallowmodel: LR.pen=l1.C=1.000000
01/29/2018 20:23:54 [INFO] exp_shallowmodel: ________________________________________________________________________________
01/29/2018 20:23:54 [INFO] exp_shallowmodel: Training: 
01/29/2018 20:23:54 [INFO] exp_shallowmodel: LogisticRegression(C=1, class_weight=None, dual=False, fit_intercept=True,
          intercept_scaling=1, max_iter=100, multi_class='ovr', n_jobs=1,
          penalty='l1', random_state=None, solver='liblinear', tol=0.0001,
          verbose=0, warm_start=False)
01/29/2018 20:23:59 [INFO] exp_shallowmodel: train time: 4.887s
01/29/2018 20:23:59 [INFO] exp_shallowmodel: test time:  0.000s
01/29/2018 20:23:59 [INFO] exp_shallowmodel: accuracy:   0.753
01/29/2018 20:23:59 [INFO] exp_shallowmodel: f1_score:   0.636
01/29/2018 20:23:59 [INFO] exp_shallowmodel: classification report:
01/29/2018 20:23:59 [INFO] exp_shallowmodel:              precision    recall  f1-score   support

          A       0.38      0.36      0.37        14
          C       0.70      0.70      0.70       164
          F       0.88      0.88      0.88       268
          R       0.59      0.59      0.59       125

avg / total       0.75      0.75      0.75       571

01/29/2018 20:23:59 [INFO] exp_shallowmodel: confusion matrix:
01/29/2018 20:23:59 [INFO] exp_shallowmodel: 
[[  5   2   4   3]
 [  2 115  10  37]
 [  5  16 236  11]
 [  1  32  18  74]]
01/29/2018 20:23:59 [INFO] exp_shallowmodel: ******************** dstc2 - Round 39 
01/29/2018 20:23:59 [INFO] exp_shallowmodel: #(data) = 4568
01/29/2018 20:23:59 [INFO] exp_shallowmodel: #(feature) = 513
01/29/2018 20:23:59 [INFO] exp_shallowmodel: ================================================================================
01/29/2018 20:23:59 [INFO] exp_shallowmodel: LR.pen=l1.C=1.000000
01/29/2018 20:23:59 [INFO] exp_shallowmodel: ________________________________________________________________________________
01/29/2018 20:23:59 [INFO] exp_shallowmodel: Training: 
01/29/2018 20:23:59 [INFO] exp_shallowmodel: LogisticRegression(C=1, class_weight=None, dual=False, fit_intercept=True,
          intercept_scaling=1, max_iter=100, multi_class='ovr', n_jobs=1,
          penalty='l1', random_state=None, solver='liblinear', tol=0.0001,
          verbose=0, warm_start=False)
01/29/2018 20:24:04 [INFO] exp_shallowmodel: train time: 5.490s
01/29/2018 20:24:04 [INFO] exp_shallowmodel: test time:  0.001s
01/29/2018 20:24:04 [INFO] exp_shallowmodel: accuracy:   0.749
01/29/2018 20:24:04 [INFO] exp_shallowmodel: f1_score:   0.566
01/29/2018 20:24:04 [INFO] exp_shallowmodel: classification report:
01/29/2018 20:24:04 [INFO] exp_shallowmodel:              precision    recall  f1-score   support

          A       0.08      0.06      0.07        16
          C       0.70      0.73      0.72       169
          F       0.86      0.88      0.87       271
          R       0.62      0.58      0.60       130

avg / total       0.74      0.75      0.75       586

01/29/2018 20:24:04 [INFO] exp_shallowmodel: confusion matrix:
01/29/2018 20:24:04 [INFO] exp_shallowmodel: 
[[  1   3  10   2]
 [  2 124  11  32]
 [  7  14 238  12]
 [  2  35  17  76]]
01/29/2018 20:24:04 [INFO] exp_shallowmodel: ******************** dstc2 - Round 40 
01/29/2018 20:24:04 [INFO] exp_shallowmodel: #(data) = 4583
01/29/2018 20:24:04 [INFO] exp_shallowmodel: #(feature) = 513
01/29/2018 20:24:04 [INFO] exp_shallowmodel: ================================================================================
01/29/2018 20:24:04 [INFO] exp_shallowmodel: LR.pen=l1.C=1.000000
01/29/2018 20:24:04 [INFO] exp_shallowmodel: ________________________________________________________________________________
01/29/2018 20:24:04 [INFO] exp_shallowmodel: Training: 
01/29/2018 20:24:04 [INFO] exp_shallowmodel: LogisticRegression(C=1, class_weight=None, dual=False, fit_intercept=True,
          intercept_scaling=1, max_iter=100, multi_class='ovr', n_jobs=1,
          penalty='l1', random_state=None, solver='liblinear', tol=0.0001,
          verbose=0, warm_start=False)
01/29/2018 20:24:10 [INFO] exp_shallowmodel: train time: 5.436s
01/29/2018 20:24:10 [INFO] exp_shallowmodel: test time:  0.000s
01/29/2018 20:24:10 [INFO] exp_shallowmodel: accuracy:   0.767
01/29/2018 20:24:10 [INFO] exp_shallowmodel: f1_score:   0.619
01/29/2018 20:24:10 [INFO] exp_shallowmodel: classification report:
01/29/2018 20:24:10 [INFO] exp_shallowmodel:              precision    recall  f1-score   support

          A       0.27      0.21      0.24        14
          C       0.71      0.76      0.73       164
          F       0.89      0.87      0.88       268
          R       0.63      0.62      0.62       125

avg / total       0.77      0.77      0.77       571

01/29/2018 20:24:10 [INFO] exp_shallowmodel: confusion matrix:
01/29/2018 20:24:10 [INFO] exp_shallowmodel: 
[[  3   4   3   4]
 [  1 124  11  28]
 [  4  16 234  14]
 [  3  30  15  77]]
01/29/2018 20:24:10 [INFO] exp_shallowmodel: ******************** dstc2 - Round 41 
01/29/2018 20:24:10 [INFO] exp_shallowmodel: #(data) = 4583
01/29/2018 20:24:10 [INFO] exp_shallowmodel: #(feature) = 513
01/29/2018 20:24:10 [INFO] exp_shallowmodel: ================================================================================
01/29/2018 20:24:10 [INFO] exp_shallowmodel: LR.pen=l1.C=1.000000
01/29/2018 20:24:10 [INFO] exp_shallowmodel: ________________________________________________________________________________
01/29/2018 20:24:10 [INFO] exp_shallowmodel: Training: 
01/29/2018 20:24:10 [INFO] exp_shallowmodel: LogisticRegression(C=1, class_weight=None, dual=False, fit_intercept=True,
          intercept_scaling=1, max_iter=100, multi_class='ovr', n_jobs=1,
          penalty='l1', random_state=None, solver='liblinear', tol=0.0001,
          verbose=0, warm_start=False)
01/29/2018 20:24:15 [INFO] exp_shallowmodel: train time: 4.825s
01/29/2018 20:24:15 [INFO] exp_shallowmodel: test time:  0.000s
01/29/2018 20:24:15 [INFO] exp_shallowmodel: accuracy:   0.765
01/29/2018 20:24:15 [INFO] exp_shallowmodel: f1_score:   0.639
01/29/2018 20:24:15 [INFO] exp_shallowmodel: classification report:
01/29/2018 20:24:15 [INFO] exp_shallowmodel:              precision    recall  f1-score   support

          A       0.40      0.29      0.33        14
          C       0.72      0.69      0.71       164
          F       0.88      0.89      0.88       268
          R       0.61      0.66      0.63       125

avg / total       0.76      0.77      0.76       571

01/29/2018 20:24:15 [INFO] exp_shallowmodel: confusion matrix:
01/29/2018 20:24:15 [INFO] exp_shallowmodel: 
[[  4   2   3   5]
 [  2 113  18  31]
 [  2  12 238  16]
 [  2  29  12  82]]
01/29/2018 20:24:15 [INFO] exp_shallowmodel: ******************** dstc2 - Round 42 
01/29/2018 20:24:15 [INFO] exp_shallowmodel: #(data) = 4583
01/29/2018 20:24:15 [INFO] exp_shallowmodel: #(feature) = 513
01/29/2018 20:24:15 [INFO] exp_shallowmodel: ================================================================================
01/29/2018 20:24:15 [INFO] exp_shallowmodel: LR.pen=l1.C=1.000000
01/29/2018 20:24:15 [INFO] exp_shallowmodel: ________________________________________________________________________________
01/29/2018 20:24:15 [INFO] exp_shallowmodel: Training: 
01/29/2018 20:24:15 [INFO] exp_shallowmodel: LogisticRegression(C=1, class_weight=None, dual=False, fit_intercept=True,
          intercept_scaling=1, max_iter=100, multi_class='ovr', n_jobs=1,
          penalty='l1', random_state=None, solver='liblinear', tol=0.0001,
          verbose=0, warm_start=False)
01/29/2018 20:24:20 [INFO] exp_shallowmodel: train time: 4.987s
01/29/2018 20:24:20 [INFO] exp_shallowmodel: test time:  0.000s
01/29/2018 20:24:20 [INFO] exp_shallowmodel: accuracy:   0.739
01/29/2018 20:24:20 [INFO] exp_shallowmodel: f1_score:   0.555
01/29/2018 20:24:20 [INFO] exp_shallowmodel: classification report:
01/29/2018 20:24:20 [INFO] exp_shallowmodel:              precision    recall  f1-score   support

          A       0.10      0.07      0.08        14
          C       0.70      0.68      0.69       164
          F       0.85      0.89      0.87       268
          R       0.59      0.57      0.58       125

avg / total       0.73      0.74      0.73       571

01/29/2018 20:24:20 [INFO] exp_shallowmodel: confusion matrix:
01/29/2018 20:24:20 [INFO] exp_shallowmodel: 
[[  1   1   7   5]
 [  3 112  14  35]
 [  5  16 238   9]
 [  1  32  21  71]]
01/29/2018 20:24:20 [INFO] exp_shallowmodel: ******************** dstc2 - Round 43 
01/29/2018 20:24:20 [INFO] exp_shallowmodel: #(data) = 4583
01/29/2018 20:24:20 [INFO] exp_shallowmodel: #(feature) = 513
01/29/2018 20:24:20 [INFO] exp_shallowmodel: ================================================================================
01/29/2018 20:24:20 [INFO] exp_shallowmodel: LR.pen=l1.C=1.000000
01/29/2018 20:24:20 [INFO] exp_shallowmodel: ________________________________________________________________________________
01/29/2018 20:24:20 [INFO] exp_shallowmodel: Training: 
01/29/2018 20:24:20 [INFO] exp_shallowmodel: LogisticRegression(C=1, class_weight=None, dual=False, fit_intercept=True,
          intercept_scaling=1, max_iter=100, multi_class='ovr', n_jobs=1,
          penalty='l1', random_state=None, solver='liblinear', tol=0.0001,
          verbose=0, warm_start=False)
01/29/2018 20:24:25 [INFO] exp_shallowmodel: train time: 5.088s
01/29/2018 20:24:25 [INFO] exp_shallowmodel: test time:  0.001s
01/29/2018 20:24:25 [INFO] exp_shallowmodel: accuracy:   0.760
01/29/2018 20:24:25 [INFO] exp_shallowmodel: f1_score:   0.665
01/29/2018 20:24:25 [INFO] exp_shallowmodel: classification report:
01/29/2018 20:24:25 [INFO] exp_shallowmodel:              precision    recall  f1-score   support

          A       0.47      0.50      0.48        14
          C       0.70      0.75      0.72       164
          F       0.86      0.88      0.87       268
          R       0.63      0.54      0.58       125

avg / total       0.76      0.76      0.76       571

01/29/2018 20:24:25 [INFO] exp_shallowmodel: confusion matrix:
01/29/2018 20:24:25 [INFO] exp_shallowmodel: 
[[  7   1   4   2]
 [  1 123  13  27]
 [  3  18 237  10]
 [  4  34  20  67]]
01/29/2018 20:24:25 [INFO] exp_shallowmodel: ******************** dstc2 - Round 44 
01/29/2018 20:24:25 [INFO] exp_shallowmodel: #(data) = 4583
01/29/2018 20:24:25 [INFO] exp_shallowmodel: #(feature) = 513
01/29/2018 20:24:25 [INFO] exp_shallowmodel: ================================================================================
01/29/2018 20:24:25 [INFO] exp_shallowmodel: LR.pen=l1.C=1.000000
01/29/2018 20:24:25 [INFO] exp_shallowmodel: ________________________________________________________________________________
01/29/2018 20:24:25 [INFO] exp_shallowmodel: Training: 
01/29/2018 20:24:25 [INFO] exp_shallowmodel: LogisticRegression(C=1, class_weight=None, dual=False, fit_intercept=True,
          intercept_scaling=1, max_iter=100, multi_class='ovr', n_jobs=1,
          penalty='l1', random_state=None, solver='liblinear', tol=0.0001,
          verbose=0, warm_start=False)
01/29/2018 20:24:29 [INFO] exp_shallowmodel: train time: 4.528s
01/29/2018 20:24:29 [INFO] exp_shallowmodel: test time:  0.000s
01/29/2018 20:24:29 [INFO] exp_shallowmodel: accuracy:   0.751
01/29/2018 20:24:29 [INFO] exp_shallowmodel: f1_score:   0.541
01/29/2018 20:24:29 [INFO] exp_shallowmodel: classification report:
01/29/2018 20:24:29 [INFO] exp_shallowmodel:              precision    recall  f1-score   support

          A       0.00      0.00      0.00        14
          C       0.71      0.71      0.71       164
          F       0.85      0.91      0.88       268
          R       0.61      0.54      0.57       125

avg / total       0.74      0.75      0.74       571

01/29/2018 20:24:29 [INFO] exp_shallowmodel: confusion matrix:
01/29/2018 20:24:29 [INFO] exp_shallowmodel: 
[[  0   5   5   4]
 [  4 117  15  28]
 [  3  10 245  10]
 [  2  32  24  67]]
01/29/2018 20:24:29 [INFO] exp_shallowmodel: ******************** dstc2 - Round 45 
01/29/2018 20:24:29 [INFO] exp_shallowmodel: #(data) = 4583
01/29/2018 20:24:29 [INFO] exp_shallowmodel: #(feature) = 513
01/29/2018 20:24:29 [INFO] exp_shallowmodel: ================================================================================
01/29/2018 20:24:29 [INFO] exp_shallowmodel: LR.pen=l1.C=1.000000
01/29/2018 20:24:29 [INFO] exp_shallowmodel: ________________________________________________________________________________
01/29/2018 20:24:29 [INFO] exp_shallowmodel: Training: 
01/29/2018 20:24:29 [INFO] exp_shallowmodel: LogisticRegression(C=1, class_weight=None, dual=False, fit_intercept=True,
          intercept_scaling=1, max_iter=100, multi_class='ovr', n_jobs=1,
          penalty='l1', random_state=None, solver='liblinear', tol=0.0001,
          verbose=0, warm_start=False)
01/29/2018 20:24:35 [INFO] exp_shallowmodel: train time: 5.811s
01/29/2018 20:24:35 [INFO] exp_shallowmodel: test time:  0.000s
01/29/2018 20:24:35 [INFO] exp_shallowmodel: accuracy:   0.776
01/29/2018 20:24:35 [INFO] exp_shallowmodel: f1_score:   0.634
01/29/2018 20:24:35 [INFO] exp_shallowmodel: classification report:
01/29/2018 20:24:35 [INFO] exp_shallowmodel:              precision    recall  f1-score   support

          A       0.43      0.21      0.29        14
          C       0.76      0.72      0.74       164
          F       0.86      0.91      0.89       268
          R       0.62      0.63      0.62       125

avg / total       0.77      0.78      0.77       571

01/29/2018 20:24:35 [INFO] exp_shallowmodel: confusion matrix:
01/29/2018 20:24:35 [INFO] exp_shallowmodel: 
[[  3   3   5   3]
 [  3 118  10  33]
 [  1  11 243  13]
 [  0  23  23  79]]
01/29/2018 20:24:35 [INFO] exp_shallowmodel: ******************** dstc2 - Round 46 
01/29/2018 20:24:35 [INFO] exp_shallowmodel: #(data) = 4583
01/29/2018 20:24:35 [INFO] exp_shallowmodel: #(feature) = 513
01/29/2018 20:24:35 [INFO] exp_shallowmodel: ================================================================================
01/29/2018 20:24:35 [INFO] exp_shallowmodel: LR.pen=l1.C=1.000000
01/29/2018 20:24:35 [INFO] exp_shallowmodel: ________________________________________________________________________________
01/29/2018 20:24:35 [INFO] exp_shallowmodel: Training: 
01/29/2018 20:24:35 [INFO] exp_shallowmodel: LogisticRegression(C=1, class_weight=None, dual=False, fit_intercept=True,
          intercept_scaling=1, max_iter=100, multi_class='ovr', n_jobs=1,
          penalty='l1', random_state=None, solver='liblinear', tol=0.0001,
          verbose=0, warm_start=False)
01/29/2018 20:24:40 [INFO] exp_shallowmodel: train time: 4.896s
01/29/2018 20:24:40 [INFO] exp_shallowmodel: test time:  0.000s
01/29/2018 20:24:40 [INFO] exp_shallowmodel: accuracy:   0.744
01/29/2018 20:24:40 [INFO] exp_shallowmodel: f1_score:   0.600
01/29/2018 20:24:40 [INFO] exp_shallowmodel: classification report:
01/29/2018 20:24:40 [INFO] exp_shallowmodel:              precision    recall  f1-score   support

          A       0.25      0.21      0.23        14
          C       0.67      0.69      0.68       164
          F       0.85      0.87      0.86       268
          R       0.64      0.61      0.63       125

avg / total       0.74      0.74      0.74       571

01/29/2018 20:24:40 [INFO] exp_shallowmodel: confusion matrix:
01/29/2018 20:24:40 [INFO] exp_shallowmodel: 
[[  3   0   8   3]
 [  3 113  21  27]
 [  5  18 233  12]
 [  1  37  11  76]]
01/29/2018 20:24:40 [INFO] exp_shallowmodel: ******************** dstc2 - Round 47 
01/29/2018 20:24:40 [INFO] exp_shallowmodel: #(data) = 4583
01/29/2018 20:24:40 [INFO] exp_shallowmodel: #(feature) = 513
01/29/2018 20:24:40 [INFO] exp_shallowmodel: ================================================================================
01/29/2018 20:24:40 [INFO] exp_shallowmodel: LR.pen=l1.C=1.000000
01/29/2018 20:24:40 [INFO] exp_shallowmodel: ________________________________________________________________________________
01/29/2018 20:24:40 [INFO] exp_shallowmodel: Training: 
01/29/2018 20:24:40 [INFO] exp_shallowmodel: LogisticRegression(C=1, class_weight=None, dual=False, fit_intercept=True,
          intercept_scaling=1, max_iter=100, multi_class='ovr', n_jobs=1,
          penalty='l1', random_state=None, solver='liblinear', tol=0.0001,
          verbose=0, warm_start=False)
01/29/2018 20:24:45 [INFO] exp_shallowmodel: train time: 4.696s
01/29/2018 20:24:45 [INFO] exp_shallowmodel: test time:  0.001s
01/29/2018 20:24:45 [INFO] exp_shallowmodel: accuracy:   0.795
01/29/2018 20:24:45 [INFO] exp_shallowmodel: f1_score:   0.675
01/29/2018 20:24:45 [INFO] exp_shallowmodel: classification report:
01/29/2018 20:24:45 [INFO] exp_shallowmodel:              precision    recall  f1-score   support

          A       0.45      0.36      0.40        14
          C       0.73      0.82      0.77       164
          F       0.90      0.90      0.90       268
          R       0.68      0.58      0.63       125

avg / total       0.79      0.80      0.79       571

01/29/2018 20:24:45 [INFO] exp_shallowmodel: confusion matrix:
01/29/2018 20:24:45 [INFO] exp_shallowmodel: 
[[  5   2   6   1]
 [  3 134   7  20]
 [  2  10 242  14]
 [  1  37  14  73]]
01/29/2018 20:24:45 [INFO] exp_shallowmodel: ******************** dstc2 - Round 48 
01/29/2018 20:24:45 [INFO] exp_shallowmodel: #(data) = 4583
01/29/2018 20:24:45 [INFO] exp_shallowmodel: #(feature) = 513
01/29/2018 20:24:45 [INFO] exp_shallowmodel: ================================================================================
01/29/2018 20:24:45 [INFO] exp_shallowmodel: LR.pen=l1.C=1.000000
01/29/2018 20:24:45 [INFO] exp_shallowmodel: ________________________________________________________________________________
01/29/2018 20:24:45 [INFO] exp_shallowmodel: Training: 
01/29/2018 20:24:45 [INFO] exp_shallowmodel: LogisticRegression(C=1, class_weight=None, dual=False, fit_intercept=True,
          intercept_scaling=1, max_iter=100, multi_class='ovr', n_jobs=1,
          penalty='l1', random_state=None, solver='liblinear', tol=0.0001,
          verbose=0, warm_start=False)
01/29/2018 20:24:50 [INFO] exp_shallowmodel: train time: 4.890s
01/29/2018 20:24:50 [INFO] exp_shallowmodel: test time:  0.000s
01/29/2018 20:24:50 [INFO] exp_shallowmodel: accuracy:   0.760
01/29/2018 20:24:50 [INFO] exp_shallowmodel: f1_score:   0.642
01/29/2018 20:24:50 [INFO] exp_shallowmodel: classification report:
01/29/2018 20:24:50 [INFO] exp_shallowmodel:              precision    recall  f1-score   support

          A       0.32      0.43      0.36        14
          C       0.75      0.73      0.74       164
          F       0.86      0.88      0.87       268
          R       0.62      0.58      0.60       125

avg / total       0.76      0.76      0.76       571

01/29/2018 20:24:50 [INFO] exp_shallowmodel: confusion matrix:
01/29/2018 20:24:50 [INFO] exp_shallowmodel: 
[[  6   0   7   1]
 [  4 120  11  29]
 [  5  13 236  14]
 [  4  28  21  72]]
01/29/2018 20:24:50 [INFO] exp_shallowmodel: ******************** dstc2 - Round 49 
01/29/2018 20:24:50 [INFO] exp_shallowmodel: #(data) = 4568
01/29/2018 20:24:50 [INFO] exp_shallowmodel: #(feature) = 513
01/29/2018 20:24:50 [INFO] exp_shallowmodel: ================================================================================
01/29/2018 20:24:50 [INFO] exp_shallowmodel: LR.pen=l1.C=1.000000
01/29/2018 20:24:50 [INFO] exp_shallowmodel: ________________________________________________________________________________
01/29/2018 20:24:50 [INFO] exp_shallowmodel: Training: 
01/29/2018 20:24:50 [INFO] exp_shallowmodel: LogisticRegression(C=1, class_weight=None, dual=False, fit_intercept=True,
          intercept_scaling=1, max_iter=100, multi_class='ovr', n_jobs=1,
          penalty='l1', random_state=None, solver='liblinear', tol=0.0001,
          verbose=0, warm_start=False)
01/29/2018 20:24:54 [INFO] exp_shallowmodel: train time: 4.541s
01/29/2018 20:24:54 [INFO] exp_shallowmodel: test time:  0.000s
01/29/2018 20:24:54 [INFO] exp_shallowmodel: accuracy:   0.744
01/29/2018 20:24:54 [INFO] exp_shallowmodel: f1_score:   0.560
01/29/2018 20:24:54 [INFO] exp_shallowmodel: classification report:
01/29/2018 20:24:54 [INFO] exp_shallowmodel:              precision    recall  f1-score   support

          A       0.08      0.06      0.07        16
          C       0.72      0.70      0.71       169
          F       0.86      0.89      0.87       271
          R       0.59      0.58      0.58       130

avg / total       0.74      0.74      0.74       586

01/29/2018 20:24:54 [INFO] exp_shallowmodel: confusion matrix:
01/29/2018 20:24:54 [INFO] exp_shallowmodel: 
[[  1   1  12   2]
 [  2 119  14  34]
 [  4  10 241  16]
 [  5  36  14  75]]
Traceback (most recent call last):
  File "/ihome/pbrusilosky/rum20/packages/anaconda3/lib/python3.6/runpy.py", line 193, in _run_module_as_main
    "__main__", mod_spec)
  File "/ihome/pbrusilosky/rum20/packages/anaconda3/lib/python3.6/runpy.py", line 85, in _run_code
    exec(code, run_globals)
  File "/ihome/pbrusilosky/rum20/y_classify/dialogue/classify/task_runner.py", line 220, in <module>
    worker(q, data_dict, opt)
  File "/ihome/pbrusilosky/rum20/y_classify/dialogue/classify/task_runner.py", line 183, in worker
    result = exp.run_cross_validation_with_continuous_feature_selection(X, Y, retained_feature_indices, retained_feature_names, opt.k_feature_to_keep, opt.k_component_for_pca)
  File "/ihome/pbrusilosky/rum20/y_classify/dialogue/classify/exp_shallowmodel.py", line 1307, in run_cross_validation_with_continuous_feature_selection
    chi2_stats, pvals        = chi2(X_discrete, Y)
  File "/ihome/pbrusilosky/rum20/packages/anaconda3/lib/python3.6/site-packages/sklearn/feature_selection/univariate_selection.py", line 213, in chi2
    X = check_array(X, accept_sparse='csr')
  File "/ihome/pbrusilosky/rum20/packages/anaconda3/lib/python3.6/site-packages/sklearn/utils/validation.py", line 470, in check_array
    context))
ValueError: Found array with 0 feature(s) (shape=(5725, 0)) while a minimum of 1 is required.
srun: error: smp-n18: task 0: Exited with exit code 1
