/ihome/pbrusilosky/rum20/packages/anaconda3/bin/python -m dialogue.classify.task_runner -experiment_mode continuous_feature_selection -selected_feature_set_id 8 -add_similarity_feature -selected_context_id 0 -k_feature_to_keep -1 -k_component_for_pca 9
No. of param settings = 1
[('experiment_mode', 'continuous_feature_selection'), ('deep_model', False), ('selected_context_id', 0), ('selected_feature_set_id', 8), ('similarity_feature', True), ('k_feature_to_keep', -1), ('k_component_for_pca', 9)]
Loading extracted features of dstc2
Loading extracted features of dstc3
Loading extracted features of family
Loading extracted features of ghome
01/29/2018 20:20:41 [INFO] configuration: experiment_mode  :   continuous_feature_selection
01/29/2018 20:20:41 [INFO] configuration: deep_model  :   False
01/29/2018 20:20:41 [INFO] configuration: selected_context_id  :   0
01/29/2018 20:20:41 [INFO] configuration: selected_feature_set_id  :   8
01/29/2018 20:20:41 [INFO] configuration: similarity_feature  :   True
01/29/2018 20:20:41 [INFO] configuration: k_feature_to_keep  :   -1
01/29/2018 20:20:41 [INFO] configuration: k_component_for_pca  :   9
01/29/2018 20:20:41 [INFO] configuration: seed  :   154316847
01/29/2018 20:20:41 [INFO] configuration: root_path  :   /ihome/pbrusilosky/rum20/y_classify
01/29/2018 20:20:41 [INFO] configuration: task_name  :   utterance_type
01/29/2018 20:20:41 [INFO] configuration: timemark  :   20180129-202040
01/29/2018 20:20:41 [INFO] configuration: context_set  :   next
01/29/2018 20:20:41 [INFO] configuration: utterance_names  :   ['last_user_utterance', 'last_system_utterance', 'current_user_utterance', 'next_system_utterance', 'next_user_utterance']
01/29/2018 20:20:41 [INFO] configuration: utterance_range  :   ['current_user_utterance', 'next_system_utterance', 'next_user_utterance']
01/29/2018 20:20:41 [INFO] configuration: feature_set  :   8-skipthought
01/29/2018 20:20:41 [INFO] configuration: feature_set_number  :   ['11']
01/29/2018 20:20:41 [INFO] configuration: experiment_name  :   20180129-202040.continuous_feature_selection.pca_component=9.feature_number=-1.context=next.feature=8-skipthought.similarity=true
01/29/2018 20:20:41 [INFO] configuration: experiment_path  :   /ihome/pbrusilosky/rum20/y_classify/output/20180129-202040.continuous_feature_selection.pca_component=9.feature_number=-1.context=next.feature=8-skipthought.similarity=true
01/29/2018 20:20:41 [INFO] configuration: log_path  :   /ihome/pbrusilosky/rum20/y_classify/output/20180129-202040.continuous_feature_selection.pca_component=9.feature_number=-1.context=next.feature=8-skipthought.similarity=true/output.log
01/29/2018 20:20:41 [INFO] configuration: valid_type  :   {'C', 'F', 'A', 'R'}
01/29/2018 20:20:41 [INFO] configuration: data_name  :   
01/29/2018 20:20:41 [INFO] configuration: data_names  :   ['dstc2', 'dstc3', 'family', 'ghome']
01/29/2018 20:20:41 [INFO] configuration: raw_feature_path  :   /ihome/pbrusilosky/rum20/y_classify/dataset/feature/%s.raw_feature.pkl
01/29/2018 20:20:41 [INFO] configuration: extracted_feature_path  :   /ihome/pbrusilosky/rum20/y_classify/dataset/feature/%s.extracted_feature.pkl
01/29/2018 20:20:41 [INFO] configuration: pipeline_path  :   /ihome/pbrusilosky/rum20/y_classify/dataset/feature/%s.pipeline.pkl
01/29/2018 20:20:41 [INFO] configuration: metrics  :   ['accuracy', 'precision', 'recall', 'f1_score', 'training_time', 'test_time']
01/29/2018 20:20:41 [INFO] configuration: do_cross_validation  :   True
01/29/2018 20:20:41 [INFO] configuration: #division  :   5
01/29/2018 20:20:41 [INFO] configuration: #cross_validation  :   10
01/29/2018 20:20:41 [INFO] configuration: cv_index_cache_path  :   
01/29/2018 20:20:41 [INFO] configuration: action_words  :   {'moder', 'show', 'shuffl', 'music', 'items', 'clear', 'stop', 'member', 'timer', 'findcare', 'price', 'reminds', 'time', 'part', 'ani', 'skip', 'snooze', 'shuffle', 'item', 'any', 'telephon', 'cheap', 'start', 'post', 'snooz', 'food', 'temperature', 'remove', 'help', 'north', 'south', 'phone', 'centr', 'reminder', 'alarm', 'telephone', 'centre', 'share', 'light', 'discard', 'matter', 'volume', 'area', 'temperatur', 'remov', 'remind', 'play', 'tell', 'else', 'reminders', 'expens', 'moderate', 'list', 'els', 'turn', 'weather', 'volum', 'watch', 'delet', 'findcar', 'next', 'room', 'add', 'delete', 'cast', 'address', 'expensive', 'video', 'number', 'song'}
01/29/2018 20:20:41 [INFO] configuration: corenlp_jars  :   ('/Users/memray/Project/stanford/stanford-corenlp-full-3.8.0/*', '/Users/memray/Project/stanford/stanford-corenlp-full-3.8.0/stanford-english-kbp-corenlp-2017-06-09-models.jar')
01/29/2018 20:20:41 [INFO] configuration: lda_topic_number  :   50
01/29/2018 20:20:41 [INFO] configuration: lda_path  :   /ihome/pbrusilosky/rum20/y_classify/dataset/feature/gensim/%s.topic=50.lda.pkl
01/29/2018 20:20:41 [INFO] configuration: gensim_corpus_path  :   /ihome/pbrusilosky/rum20/y_classify/dataset/feature/gensim/%s.corpus.pkl
01/29/2018 20:20:41 [INFO] configuration: gensim_dict_path  :   /ihome/pbrusilosky/rum20/y_classify/dataset/feature/gensim/%s.dict
01/29/2018 20:20:41 [INFO] configuration: w2v_path  :   /home/memray/Data/glove/GoogleNews-vectors-negative300.bin
01/29/2018 20:20:41 [INFO] configuration: w2v_vector_length  :   300
01/29/2018 20:20:41 [INFO] configuration: d2v_vector_length  :   300
01/29/2018 20:20:41 [INFO] configuration: d2v_window_size  :   5
01/29/2018 20:20:41 [INFO] configuration: d2v_min_count  :   2
01/29/2018 20:20:41 [INFO] configuration: d2v_model_path  :   /ihome/pbrusilosky/rum20/y_classify/dataset/feature/gensim/%s.doc2vec.dim=300.window=5.min_count=2.model
01/29/2018 20:20:41 [INFO] configuration: d2v_vector_path  :   /ihome/pbrusilosky/rum20/y_classify/dataset/feature/gensim/%s.doc2vec.dim=300.window=5.min_count=2.vector
01/29/2018 20:20:41 [INFO] configuration: num_word_keep  :   {'dstc2': 300, 'dstc3': 300, 'family': 1000, 'ghome': 1000}
01/29/2018 20:20:41 [INFO] configuration: batch_size  :   128
01/29/2018 20:20:41 [INFO] configuration: max_epoch  :   50
01/29/2018 20:20:41 [INFO] configuration: early_stop_tolerance  :   2
01/29/2018 20:20:41 [INFO] configuration: concat_sents  :   False
01/29/2018 20:20:41 [INFO] configuration: cnn_setting  :   {'model': 'multichannel', 'early_stopping': True, 'word_dim': 300, 'filters': [3, 4, 5], 'filter_num': [100, 100, 100], 'class_size': 4, 'batch_size': 128, 'learning_rate': 0.001, 'norm_limit': 10, 'dropout_prob': 0.0, 'sentence_num': 3}
01/29/2018 20:20:41 [INFO] configuration: skipthought_setting  :   {'skipthought_model_path': '/Users/memray/Data/skip-thought', 'skipthought_data_path': '/ihome/pbrusilosky/rum20/y_classify/dataset/feature/gensim/%s.skip-thought.biskip.vector', 'fixed_emb': True, 'sentence_num': 3, 'hidden_size': 2400, 'class_size': 4, 'learning_rate': 0.0001, 'norm_limit': 3, 'dropout_prob': 0.5}
01/29/2018 20:20:41 [INFO] configuration: lstm_setting  :   {'model': 'non-static', 'hidden_size': 32, 'embedding_size': 300, 'num_layers': 1, 'bidirectional': False, 'learning_rate': 0.001, 'class_size': 4, 'norm_limit': 2, 'clip_grad_norm': 2, 'dropout_prob': 0.1}
01/29/2018 20:23:43 [INFO] exp_shallowmodel: %%%%%%%%%%%%%%%%%%%%%%%%%%%%%%%%%%%%%%%%%%%%%%%%%%
01/29/2018 20:23:43 [INFO] exp_shallowmodel:           dataset=dstc2
01/29/2018 20:23:43 [INFO] exp_shallowmodel:           X_new.shape=(5725, 513)
01/29/2018 20:23:43 [INFO] exp_shallowmodel:           #(discrete_feature)=0
01/29/2018 20:23:43 [INFO] exp_shallowmodel:           #(continuous_feature)=512
01/29/2018 20:23:43 [INFO] exp_shallowmodel:           #(similarity_feature)=1
01/29/2018 20:23:43 [INFO] exp_shallowmodel: %%%%%%%%%%%%%%%%%%%%%%%%%%%%%%%%%%%%%%%%%%%%%%%%%%
01/29/2018 20:23:43 [INFO] exp_shallowmodel: ******************** dstc2 - Round 0 
01/29/2018 20:23:43 [INFO] exp_shallowmodel: #(data) = 4583
01/29/2018 20:23:43 [INFO] exp_shallowmodel: #(feature) = 513
01/29/2018 20:23:43 [INFO] exp_shallowmodel: ================================================================================
01/29/2018 20:23:43 [INFO] exp_shallowmodel: LR.pen=l1.C=1.000000
01/29/2018 20:23:43 [INFO] exp_shallowmodel: ________________________________________________________________________________
01/29/2018 20:23:43 [INFO] exp_shallowmodel: Training: 
01/29/2018 20:23:43 [INFO] exp_shallowmodel: LogisticRegression(C=1, class_weight=None, dual=False, fit_intercept=True,
          intercept_scaling=1, max_iter=100, multi_class='ovr', n_jobs=1,
          penalty='l1', random_state=None, solver='liblinear', tol=0.0001,
          verbose=0, warm_start=False)
01/29/2018 20:23:49 [INFO] exp_shallowmodel: train time: 6.010s
01/29/2018 20:23:49 [INFO] exp_shallowmodel: test time:  0.001s
01/29/2018 20:23:49 [INFO] exp_shallowmodel: accuracy:   0.813
01/29/2018 20:23:49 [INFO] exp_shallowmodel: f1_score:   0.693
01/29/2018 20:23:49 [INFO] exp_shallowmodel: classification report:
01/29/2018 20:23:49 [INFO] exp_shallowmodel:              precision    recall  f1-score   support

          A       0.50      0.36      0.42        14
          C       0.74      0.79      0.77       164
          F       0.92      0.93      0.92       268
          R       0.70      0.63      0.66       125

avg / total       0.81      0.81      0.81       571

01/29/2018 20:23:49 [INFO] exp_shallowmodel: confusion matrix:
01/29/2018 20:23:49 [INFO] exp_shallowmodel: 
[[  5   2   5   2]
 [  3 130   9  22]
 [  0   8 250  10]
 [  2  35   9  79]]
01/29/2018 20:23:49 [INFO] exp_shallowmodel: ******************** dstc2 - Round 1 
01/29/2018 20:23:49 [INFO] exp_shallowmodel: #(data) = 4583
01/29/2018 20:23:49 [INFO] exp_shallowmodel: #(feature) = 513
01/29/2018 20:23:49 [INFO] exp_shallowmodel: ================================================================================
01/29/2018 20:23:49 [INFO] exp_shallowmodel: LR.pen=l1.C=1.000000
01/29/2018 20:23:49 [INFO] exp_shallowmodel: ________________________________________________________________________________
01/29/2018 20:23:49 [INFO] exp_shallowmodel: Training: 
01/29/2018 20:23:49 [INFO] exp_shallowmodel: LogisticRegression(C=1, class_weight=None, dual=False, fit_intercept=True,
          intercept_scaling=1, max_iter=100, multi_class='ovr', n_jobs=1,
          penalty='l1', random_state=None, solver='liblinear', tol=0.0001,
          verbose=0, warm_start=False)
01/29/2018 20:23:55 [INFO] exp_shallowmodel: train time: 5.981s
01/29/2018 20:23:55 [INFO] exp_shallowmodel: test time:  0.001s
01/29/2018 20:23:55 [INFO] exp_shallowmodel: accuracy:   0.774
01/29/2018 20:23:55 [INFO] exp_shallowmodel: f1_score:   0.640
01/29/2018 20:23:55 [INFO] exp_shallowmodel: classification report:
01/29/2018 20:23:55 [INFO] exp_shallowmodel:              precision    recall  f1-score   support

          A       0.33      0.29      0.31        14
          C       0.72      0.69      0.71       164
          F       0.87      0.91      0.89       268
          R       0.67      0.65      0.66       125

avg / total       0.77      0.77      0.77       571

01/29/2018 20:23:55 [INFO] exp_shallowmodel: confusion matrix:
01/29/2018 20:23:55 [INFO] exp_shallowmodel: 
[[  4   2   7   1]
 [  3 113  19  29]
 [  3  11 244  10]
 [  2  30  12  81]]
01/29/2018 20:23:55 [INFO] exp_shallowmodel: ******************** dstc2 - Round 2 
01/29/2018 20:23:55 [INFO] exp_shallowmodel: #(data) = 4583
01/29/2018 20:23:55 [INFO] exp_shallowmodel: #(feature) = 513
01/29/2018 20:23:55 [INFO] exp_shallowmodel: ================================================================================
01/29/2018 20:23:55 [INFO] exp_shallowmodel: LR.pen=l1.C=1.000000
01/29/2018 20:23:55 [INFO] exp_shallowmodel: ________________________________________________________________________________
01/29/2018 20:23:55 [INFO] exp_shallowmodel: Training: 
01/29/2018 20:23:55 [INFO] exp_shallowmodel: LogisticRegression(C=1, class_weight=None, dual=False, fit_intercept=True,
          intercept_scaling=1, max_iter=100, multi_class='ovr', n_jobs=1,
          penalty='l1', random_state=None, solver='liblinear', tol=0.0001,
          verbose=0, warm_start=False)
01/29/2018 20:24:01 [INFO] exp_shallowmodel: train time: 6.161s
01/29/2018 20:24:01 [INFO] exp_shallowmodel: test time:  0.001s
01/29/2018 20:24:01 [INFO] exp_shallowmodel: accuracy:   0.804
01/29/2018 20:24:01 [INFO] exp_shallowmodel: f1_score:   0.677
01/29/2018 20:24:01 [INFO] exp_shallowmodel: classification report:
01/29/2018 20:24:01 [INFO] exp_shallowmodel:              precision    recall  f1-score   support

          A       0.50      0.29      0.36        14
          C       0.74      0.79      0.77       164
          F       0.90      0.91      0.90       268
          R       0.70      0.65      0.67       125

avg / total       0.80      0.80      0.80       571

01/29/2018 20:24:01 [INFO] exp_shallowmodel: confusion matrix:
01/29/2018 20:24:01 [INFO] exp_shallowmodel: 
[[  4   3   5   2]
 [  1 130  10  23]
 [  2  12 244  10]
 [  1  30  13  81]]
01/29/2018 20:24:02 [INFO] exp_shallowmodel: ******************** dstc2 - Round 3 
01/29/2018 20:24:02 [INFO] exp_shallowmodel: #(data) = 4583
01/29/2018 20:24:02 [INFO] exp_shallowmodel: #(feature) = 513
01/29/2018 20:24:02 [INFO] exp_shallowmodel: ================================================================================
01/29/2018 20:24:02 [INFO] exp_shallowmodel: LR.pen=l1.C=1.000000
01/29/2018 20:24:02 [INFO] exp_shallowmodel: ________________________________________________________________________________
01/29/2018 20:24:02 [INFO] exp_shallowmodel: Training: 
01/29/2018 20:24:02 [INFO] exp_shallowmodel: LogisticRegression(C=1, class_weight=None, dual=False, fit_intercept=True,
          intercept_scaling=1, max_iter=100, multi_class='ovr', n_jobs=1,
          penalty='l1', random_state=None, solver='liblinear', tol=0.0001,
          verbose=0, warm_start=False)
01/29/2018 20:24:07 [INFO] exp_shallowmodel: train time: 5.405s
01/29/2018 20:24:07 [INFO] exp_shallowmodel: test time:  0.000s
01/29/2018 20:24:07 [INFO] exp_shallowmodel: accuracy:   0.771
01/29/2018 20:24:07 [INFO] exp_shallowmodel: f1_score:   0.689
01/29/2018 20:24:07 [INFO] exp_shallowmodel: classification report:
01/29/2018 20:24:07 [INFO] exp_shallowmodel:              precision    recall  f1-score   support

          A       0.58      0.50      0.54        14
          C       0.71      0.78      0.74       164
          F       0.88      0.87      0.88       268
          R       0.62      0.57      0.59       125

avg / total       0.77      0.77      0.77       571

01/29/2018 20:24:07 [INFO] exp_shallowmodel: confusion matrix:
01/29/2018 20:24:07 [INFO] exp_shallowmodel: 
[[  7   3   3   1]
 [  2 128  10  24]
 [  0  16 234  18]
 [  3  33  18  71]]
01/29/2018 20:24:07 [INFO] exp_shallowmodel: ******************** dstc2 - Round 4 
01/29/2018 20:24:07 [INFO] exp_shallowmodel: #(data) = 4583
01/29/2018 20:24:07 [INFO] exp_shallowmodel: #(feature) = 513
01/29/2018 20:24:07 [INFO] exp_shallowmodel: ================================================================================
01/29/2018 20:24:07 [INFO] exp_shallowmodel: LR.pen=l1.C=1.000000
01/29/2018 20:24:07 [INFO] exp_shallowmodel: ________________________________________________________________________________
01/29/2018 20:24:07 [INFO] exp_shallowmodel: Training: 
01/29/2018 20:24:07 [INFO] exp_shallowmodel: LogisticRegression(C=1, class_weight=None, dual=False, fit_intercept=True,
          intercept_scaling=1, max_iter=100, multi_class='ovr', n_jobs=1,
          penalty='l1', random_state=None, solver='liblinear', tol=0.0001,
          verbose=0, warm_start=False)
01/29/2018 20:24:13 [INFO] exp_shallowmodel: train time: 5.863s
01/29/2018 20:24:13 [INFO] exp_shallowmodel: test time:  0.001s
01/29/2018 20:24:13 [INFO] exp_shallowmodel: accuracy:   0.781
01/29/2018 20:24:13 [INFO] exp_shallowmodel: f1_score:   0.641
01/29/2018 20:24:13 [INFO] exp_shallowmodel: classification report:
01/29/2018 20:24:13 [INFO] exp_shallowmodel:              precision    recall  f1-score   support

          A       0.38      0.21      0.27        14
          C       0.75      0.78      0.77       164
          F       0.86      0.87      0.87       268
          R       0.68      0.65      0.66       125

avg / total       0.78      0.78      0.78       571

01/29/2018 20:24:13 [INFO] exp_shallowmodel: confusion matrix:
01/29/2018 20:24:13 [INFO] exp_shallowmodel: 
[[  3   2   5   4]
 [  2 128  14  20]
 [  3  16 234  15]
 [  0  24  20  81]]
01/29/2018 20:24:13 [INFO] exp_shallowmodel: ******************** dstc2 - Round 5 
01/29/2018 20:24:13 [INFO] exp_shallowmodel: #(data) = 4583
01/29/2018 20:24:13 [INFO] exp_shallowmodel: #(feature) = 513
01/29/2018 20:24:13 [INFO] exp_shallowmodel: ================================================================================
01/29/2018 20:24:13 [INFO] exp_shallowmodel: LR.pen=l1.C=1.000000
01/29/2018 20:24:13 [INFO] exp_shallowmodel: ________________________________________________________________________________
01/29/2018 20:24:13 [INFO] exp_shallowmodel: Training: 
01/29/2018 20:24:13 [INFO] exp_shallowmodel: LogisticRegression(C=1, class_weight=None, dual=False, fit_intercept=True,
          intercept_scaling=1, max_iter=100, multi_class='ovr', n_jobs=1,
          penalty='l1', random_state=None, solver='liblinear', tol=0.0001,
          verbose=0, warm_start=False)
01/29/2018 20:24:19 [INFO] exp_shallowmodel: train time: 5.989s
01/29/2018 20:24:19 [INFO] exp_shallowmodel: test time:  0.000s
01/29/2018 20:24:19 [INFO] exp_shallowmodel: accuracy:   0.793
01/29/2018 20:24:19 [INFO] exp_shallowmodel: f1_score:   0.622
01/29/2018 20:24:19 [INFO] exp_shallowmodel: classification report:
01/29/2018 20:24:19 [INFO] exp_shallowmodel:              precision    recall  f1-score   support

          A       0.22      0.14      0.17        14
          C       0.75      0.76      0.76       164
          F       0.89      0.92      0.91       268
          R       0.66      0.64      0.65       125

avg / total       0.79      0.79      0.79       571

01/29/2018 20:24:19 [INFO] exp_shallowmodel: confusion matrix:
01/29/2018 20:24:19 [INFO] exp_shallowmodel: 
[[  2   3   6   3]
 [  2 125  10  27]
 [  1  10 246  11]
 [  4  28  13  80]]
01/29/2018 20:24:19 [INFO] exp_shallowmodel: ******************** dstc2 - Round 6 
01/29/2018 20:24:19 [INFO] exp_shallowmodel: #(data) = 4583
01/29/2018 20:24:19 [INFO] exp_shallowmodel: #(feature) = 513
01/29/2018 20:24:19 [INFO] exp_shallowmodel: ================================================================================
01/29/2018 20:24:19 [INFO] exp_shallowmodel: LR.pen=l1.C=1.000000
01/29/2018 20:24:19 [INFO] exp_shallowmodel: ________________________________________________________________________________
01/29/2018 20:24:19 [INFO] exp_shallowmodel: Training: 
01/29/2018 20:24:19 [INFO] exp_shallowmodel: LogisticRegression(C=1, class_weight=None, dual=False, fit_intercept=True,
          intercept_scaling=1, max_iter=100, multi_class='ovr', n_jobs=1,
          penalty='l1', random_state=None, solver='liblinear', tol=0.0001,
          verbose=0, warm_start=False)
01/29/2018 20:24:25 [INFO] exp_shallowmodel: train time: 5.944s
01/29/2018 20:24:25 [INFO] exp_shallowmodel: test time:  0.001s
01/29/2018 20:24:25 [INFO] exp_shallowmodel: accuracy:   0.793
01/29/2018 20:24:25 [INFO] exp_shallowmodel: f1_score:   0.641
01/29/2018 20:24:25 [INFO] exp_shallowmodel: classification report:
01/29/2018 20:24:25 [INFO] exp_shallowmodel:              precision    recall  f1-score   support

          A       0.33      0.21      0.26        14
          C       0.76      0.81      0.78       164
          F       0.88      0.91      0.89       268
          R       0.67      0.58      0.62       125

avg / total       0.79      0.79      0.79       571

01/29/2018 20:24:25 [INFO] exp_shallowmodel: confusion matrix:
01/29/2018 20:24:25 [INFO] exp_shallowmodel: 
[[  3   0   7   4]
 [  2 133  12  17]
 [  1   8 244  15]
 [  3  34  15  73]]
01/29/2018 20:24:25 [INFO] exp_shallowmodel: ******************** dstc2 - Round 7 
01/29/2018 20:24:25 [INFO] exp_shallowmodel: #(data) = 4583
01/29/2018 20:24:25 [INFO] exp_shallowmodel: #(feature) = 513
01/29/2018 20:24:25 [INFO] exp_shallowmodel: ================================================================================
01/29/2018 20:24:25 [INFO] exp_shallowmodel: LR.pen=l1.C=1.000000
01/29/2018 20:24:25 [INFO] exp_shallowmodel: ________________________________________________________________________________
01/29/2018 20:24:25 [INFO] exp_shallowmodel: Training: 
01/29/2018 20:24:25 [INFO] exp_shallowmodel: LogisticRegression(C=1, class_weight=None, dual=False, fit_intercept=True,
          intercept_scaling=1, max_iter=100, multi_class='ovr', n_jobs=1,
          penalty='l1', random_state=None, solver='liblinear', tol=0.0001,
          verbose=0, warm_start=False)
01/29/2018 20:24:31 [INFO] exp_shallowmodel: train time: 5.741s
01/29/2018 20:24:31 [INFO] exp_shallowmodel: test time:  0.000s
01/29/2018 20:24:31 [INFO] exp_shallowmodel: accuracy:   0.774
01/29/2018 20:24:31 [INFO] exp_shallowmodel: f1_score:   0.656
01/29/2018 20:24:31 [INFO] exp_shallowmodel: classification report:
01/29/2018 20:24:31 [INFO] exp_shallowmodel:              precision    recall  f1-score   support

          A       0.38      0.36      0.37        14
          C       0.73      0.71      0.72       164
          F       0.89      0.89      0.89       268
          R       0.64      0.66      0.65       125

avg / total       0.77      0.77      0.77       571

01/29/2018 20:24:31 [INFO] exp_shallowmodel: confusion matrix:
01/29/2018 20:24:31 [INFO] exp_shallowmodel: 
[[  5   2   4   3]
 [  3 116  16  29]
 [  3  11 239  15]
 [  2  30  11  82]]
01/29/2018 20:24:31 [INFO] exp_shallowmodel: ******************** dstc2 - Round 8 
01/29/2018 20:24:31 [INFO] exp_shallowmodel: #(data) = 4583
01/29/2018 20:24:31 [INFO] exp_shallowmodel: #(feature) = 513
01/29/2018 20:24:31 [INFO] exp_shallowmodel: ================================================================================
01/29/2018 20:24:31 [INFO] exp_shallowmodel: LR.pen=l1.C=1.000000
01/29/2018 20:24:31 [INFO] exp_shallowmodel: ________________________________________________________________________________
01/29/2018 20:24:31 [INFO] exp_shallowmodel: Training: 
01/29/2018 20:24:31 [INFO] exp_shallowmodel: LogisticRegression(C=1, class_weight=None, dual=False, fit_intercept=True,
          intercept_scaling=1, max_iter=100, multi_class='ovr', n_jobs=1,
          penalty='l1', random_state=None, solver='liblinear', tol=0.0001,
          verbose=0, warm_start=False)
01/29/2018 20:24:37 [INFO] exp_shallowmodel: train time: 6.116s
01/29/2018 20:24:37 [INFO] exp_shallowmodel: test time:  0.000s
01/29/2018 20:24:37 [INFO] exp_shallowmodel: accuracy:   0.785
01/29/2018 20:24:37 [INFO] exp_shallowmodel: f1_score:   0.650
01/29/2018 20:24:37 [INFO] exp_shallowmodel: classification report:
01/29/2018 20:24:37 [INFO] exp_shallowmodel:              precision    recall  f1-score   support

          A       0.60      0.21      0.32        14
          C       0.74      0.70      0.72       164
          F       0.87      0.91      0.89       268
          R       0.66      0.69      0.67       125

avg / total       0.78      0.78      0.78       571

01/29/2018 20:24:37 [INFO] exp_shallowmodel: confusion matrix:
01/29/2018 20:24:37 [INFO] exp_shallowmodel: 
[[  3   2   5   4]
 [  0 114  18  32]
 [  1  14 245   8]
 [  1  24  14  86]]
01/29/2018 20:24:37 [INFO] exp_shallowmodel: ******************** dstc2 - Round 9 
01/29/2018 20:24:37 [INFO] exp_shallowmodel: #(data) = 4568
01/29/2018 20:24:37 [INFO] exp_shallowmodel: #(feature) = 513
01/29/2018 20:24:37 [INFO] exp_shallowmodel: ================================================================================
01/29/2018 20:24:37 [INFO] exp_shallowmodel: LR.pen=l1.C=1.000000
01/29/2018 20:24:37 [INFO] exp_shallowmodel: ________________________________________________________________________________
01/29/2018 20:24:37 [INFO] exp_shallowmodel: Training: 
01/29/2018 20:24:37 [INFO] exp_shallowmodel: LogisticRegression(C=1, class_weight=None, dual=False, fit_intercept=True,
          intercept_scaling=1, max_iter=100, multi_class='ovr', n_jobs=1,
          penalty='l1', random_state=None, solver='liblinear', tol=0.0001,
          verbose=0, warm_start=False)
01/29/2018 20:24:43 [INFO] exp_shallowmodel: train time: 5.997s
01/29/2018 20:24:43 [INFO] exp_shallowmodel: test time:  0.001s
01/29/2018 20:24:43 [INFO] exp_shallowmodel: accuracy:   0.761
01/29/2018 20:24:43 [INFO] exp_shallowmodel: f1_score:   0.671
01/29/2018 20:24:43 [INFO] exp_shallowmodel: classification report:
01/29/2018 20:24:43 [INFO] exp_shallowmodel:              precision    recall  f1-score   support

          A       0.64      0.44      0.52        16
          C       0.68      0.70      0.69       169
          F       0.89      0.92      0.90       271
          R       0.60      0.55      0.58       130

avg / total       0.76      0.76      0.76       586

01/29/2018 20:24:43 [INFO] exp_shallowmodel: confusion matrix:
01/29/2018 20:24:43 [INFO] exp_shallowmodel: 
[[  7   2   3   4]
 [  1 118  15  35]
 [  2  11 249   9]
 [  1  43  14  72]]
01/29/2018 20:24:43 [INFO] exp_shallowmodel: ******************** dstc2 - Round 10 
01/29/2018 20:24:43 [INFO] exp_shallowmodel: #(data) = 4583
01/29/2018 20:24:43 [INFO] exp_shallowmodel: #(feature) = 513
01/29/2018 20:24:43 [INFO] exp_shallowmodel: ================================================================================
01/29/2018 20:24:43 [INFO] exp_shallowmodel: LR.pen=l1.C=1.000000
01/29/2018 20:24:43 [INFO] exp_shallowmodel: ________________________________________________________________________________
01/29/2018 20:24:43 [INFO] exp_shallowmodel: Training: 
01/29/2018 20:24:43 [INFO] exp_shallowmodel: LogisticRegression(C=1, class_weight=None, dual=False, fit_intercept=True,
          intercept_scaling=1, max_iter=100, multi_class='ovr', n_jobs=1,
          penalty='l1', random_state=None, solver='liblinear', tol=0.0001,
          verbose=0, warm_start=False)
01/29/2018 20:24:48 [INFO] exp_shallowmodel: train time: 5.440s
01/29/2018 20:24:48 [INFO] exp_shallowmodel: test time:  0.001s
01/29/2018 20:24:48 [INFO] exp_shallowmodel: accuracy:   0.806
01/29/2018 20:24:48 [INFO] exp_shallowmodel: f1_score:   0.594
01/29/2018 20:24:48 [INFO] exp_shallowmodel: classification report:
01/29/2018 20:24:48 [INFO] exp_shallowmodel:              precision    recall  f1-score   support

          A       0.00      0.00      0.00        14
          C       0.78      0.76      0.77       164
          F       0.89      0.93      0.91       268
          R       0.70      0.70      0.70       125

avg / total       0.79      0.81      0.80       571

01/29/2018 20:24:48 [INFO] exp_shallowmodel: confusion matrix:
01/29/2018 20:24:48 [INFO] exp_shallowmodel: 
[[  0   4   8   2]
 [  2 124  12  26]
 [  2   9 248   9]
 [  3  23  11  88]]
01/29/2018 20:24:48 [INFO] exp_shallowmodel: ******************** dstc2 - Round 11 
01/29/2018 20:24:48 [INFO] exp_shallowmodel: #(data) = 4583
01/29/2018 20:24:48 [INFO] exp_shallowmodel: #(feature) = 513
01/29/2018 20:24:48 [INFO] exp_shallowmodel: ================================================================================
01/29/2018 20:24:48 [INFO] exp_shallowmodel: LR.pen=l1.C=1.000000
01/29/2018 20:24:48 [INFO] exp_shallowmodel: ________________________________________________________________________________
01/29/2018 20:24:48 [INFO] exp_shallowmodel: Training: 
01/29/2018 20:24:48 [INFO] exp_shallowmodel: LogisticRegression(C=1, class_weight=None, dual=False, fit_intercept=True,
          intercept_scaling=1, max_iter=100, multi_class='ovr', n_jobs=1,
          penalty='l1', random_state=None, solver='liblinear', tol=0.0001,
          verbose=0, warm_start=False)
01/29/2018 20:24:54 [INFO] exp_shallowmodel: train time: 5.949s
01/29/2018 20:24:54 [INFO] exp_shallowmodel: test time:  0.000s
01/29/2018 20:24:54 [INFO] exp_shallowmodel: accuracy:   0.783
01/29/2018 20:24:54 [INFO] exp_shallowmodel: f1_score:   0.628
01/29/2018 20:24:54 [INFO] exp_shallowmodel: classification report:
01/29/2018 20:24:54 [INFO] exp_shallowmodel:              precision    recall  f1-score   support

          A       0.25      0.21      0.23        14
          C       0.74      0.74      0.74       164
          F       0.88      0.91      0.89       268
          R       0.68      0.62      0.64       125

avg / total       0.78      0.78      0.78       571

01/29/2018 20:24:54 [INFO] exp_shallowmodel: confusion matrix:
01/29/2018 20:24:54 [INFO] exp_shallowmodel: 
[[  3   2   6   3]
 [  3 122  14  25]
 [  3  11 245   9]
 [  3  30  15  77]]
01/29/2018 20:24:55 [INFO] exp_shallowmodel: ******************** dstc2 - Round 12 
01/29/2018 20:24:55 [INFO] exp_shallowmodel: #(data) = 4583
01/29/2018 20:24:55 [INFO] exp_shallowmodel: #(feature) = 513
01/29/2018 20:24:55 [INFO] exp_shallowmodel: ================================================================================
01/29/2018 20:24:55 [INFO] exp_shallowmodel: LR.pen=l1.C=1.000000
01/29/2018 20:24:55 [INFO] exp_shallowmodel: ________________________________________________________________________________
01/29/2018 20:24:55 [INFO] exp_shallowmodel: Training: 
01/29/2018 20:24:55 [INFO] exp_shallowmodel: LogisticRegression(C=1, class_weight=None, dual=False, fit_intercept=True,
          intercept_scaling=1, max_iter=100, multi_class='ovr', n_jobs=1,
          penalty='l1', random_state=None, solver='liblinear', tol=0.0001,
          verbose=0, warm_start=False)
01/29/2018 20:25:01 [INFO] exp_shallowmodel: train time: 6.266s
01/29/2018 20:25:01 [INFO] exp_shallowmodel: test time:  0.000s
01/29/2018 20:25:01 [INFO] exp_shallowmodel: accuracy:   0.797
01/29/2018 20:25:01 [INFO] exp_shallowmodel: f1_score:   0.735
01/29/2018 20:25:01 [INFO] exp_shallowmodel: classification report:
01/29/2018 20:25:01 [INFO] exp_shallowmodel:              precision    recall  f1-score   support

          A       0.88      0.50      0.64        14
          C       0.75      0.75      0.75       164
          F       0.89      0.90      0.90       268
          R       0.65      0.66      0.66       125

avg / total       0.80      0.80      0.80       571

01/29/2018 20:25:01 [INFO] exp_shallowmodel: confusion matrix:
01/29/2018 20:25:01 [INFO] exp_shallowmodel: 
[[  7   1   3   3]
 [  0 123  14  27]
 [  1  11 242  14]
 [  0  29  13  83]]
01/29/2018 20:25:01 [INFO] exp_shallowmodel: ******************** dstc2 - Round 13 
01/29/2018 20:25:01 [INFO] exp_shallowmodel: #(data) = 4583
01/29/2018 20:25:01 [INFO] exp_shallowmodel: #(feature) = 513
01/29/2018 20:25:01 [INFO] exp_shallowmodel: ================================================================================
01/29/2018 20:25:01 [INFO] exp_shallowmodel: LR.pen=l1.C=1.000000
01/29/2018 20:25:01 [INFO] exp_shallowmodel: ________________________________________________________________________________
01/29/2018 20:25:01 [INFO] exp_shallowmodel: Training: 
01/29/2018 20:25:01 [INFO] exp_shallowmodel: LogisticRegression(C=1, class_weight=None, dual=False, fit_intercept=True,
          intercept_scaling=1, max_iter=100, multi_class='ovr', n_jobs=1,
          penalty='l1', random_state=None, solver='liblinear', tol=0.0001,
          verbose=0, warm_start=False)
01/29/2018 20:25:07 [INFO] exp_shallowmodel: train time: 5.805s
01/29/2018 20:25:07 [INFO] exp_shallowmodel: test time:  0.001s
01/29/2018 20:25:07 [INFO] exp_shallowmodel: accuracy:   0.788
01/29/2018 20:25:07 [INFO] exp_shallowmodel: f1_score:   0.660
01/29/2018 20:25:07 [INFO] exp_shallowmodel: classification report:
01/29/2018 20:25:07 [INFO] exp_shallowmodel:              precision    recall  f1-score   support

          A       0.40      0.29      0.33        14
          C       0.73      0.74      0.74       164
          F       0.88      0.90      0.89       268
          R       0.69      0.67      0.68       125

avg / total       0.78      0.79      0.79       571

01/29/2018 20:25:07 [INFO] exp_shallowmodel: confusion matrix:
01/29/2018 20:25:07 [INFO] exp_shallowmodel: 
[[  4   2   5   3]
 [  2 122  16  24]
 [  4  14 240  10]
 [  0  29  12  84]]
01/29/2018 20:25:07 [INFO] exp_shallowmodel: ******************** dstc2 - Round 14 
01/29/2018 20:25:07 [INFO] exp_shallowmodel: #(data) = 4583
01/29/2018 20:25:07 [INFO] exp_shallowmodel: #(feature) = 513
01/29/2018 20:25:07 [INFO] exp_shallowmodel: ================================================================================
01/29/2018 20:25:07 [INFO] exp_shallowmodel: LR.pen=l1.C=1.000000
01/29/2018 20:25:07 [INFO] exp_shallowmodel: ________________________________________________________________________________
01/29/2018 20:25:07 [INFO] exp_shallowmodel: Training: 
01/29/2018 20:25:07 [INFO] exp_shallowmodel: LogisticRegression(C=1, class_weight=None, dual=False, fit_intercept=True,
          intercept_scaling=1, max_iter=100, multi_class='ovr', n_jobs=1,
          penalty='l1', random_state=None, solver='liblinear', tol=0.0001,
          verbose=0, warm_start=False)
01/29/2018 20:25:12 [INFO] exp_shallowmodel: train time: 5.642s
01/29/2018 20:25:12 [INFO] exp_shallowmodel: test time:  0.000s
01/29/2018 20:25:12 [INFO] exp_shallowmodel: accuracy:   0.799
01/29/2018 20:25:12 [INFO] exp_shallowmodel: f1_score:   0.674
01/29/2018 20:25:12 [INFO] exp_shallowmodel: classification report:
01/29/2018 20:25:12 [INFO] exp_shallowmodel:              precision    recall  f1-score   support

          A       0.36      0.36      0.36        14
          C       0.73      0.76      0.74       164
          F       0.90      0.91      0.90       268
          R       0.72      0.66      0.69       125

avg / total       0.80      0.80      0.80       571

01/29/2018 20:25:12 [INFO] exp_shallowmodel: confusion matrix:
01/29/2018 20:25:12 [INFO] exp_shallowmodel: 
[[  5   5   4   0]
 [  3 124  11  26]
 [  4  14 244   6]
 [  2  27  13  83]]
01/29/2018 20:25:12 [INFO] exp_shallowmodel: ******************** dstc2 - Round 15 
01/29/2018 20:25:12 [INFO] exp_shallowmodel: #(data) = 4583
01/29/2018 20:25:12 [INFO] exp_shallowmodel: #(feature) = 513
01/29/2018 20:25:12 [INFO] exp_shallowmodel: ================================================================================
01/29/2018 20:25:12 [INFO] exp_shallowmodel: LR.pen=l1.C=1.000000
01/29/2018 20:25:12 [INFO] exp_shallowmodel: ________________________________________________________________________________
01/29/2018 20:25:12 [INFO] exp_shallowmodel: Training: 
01/29/2018 20:25:12 [INFO] exp_shallowmodel: LogisticRegression(C=1, class_weight=None, dual=False, fit_intercept=True,
          intercept_scaling=1, max_iter=100, multi_class='ovr', n_jobs=1,
          penalty='l1', random_state=None, solver='liblinear', tol=0.0001,
          verbose=0, warm_start=False)
01/29/2018 20:25:18 [INFO] exp_shallowmodel: train time: 5.861s
01/29/2018 20:25:18 [INFO] exp_shallowmodel: test time:  0.001s
01/29/2018 20:25:18 [INFO] exp_shallowmodel: accuracy:   0.776
01/29/2018 20:25:18 [INFO] exp_shallowmodel: f1_score:   0.642
01/29/2018 20:25:18 [INFO] exp_shallowmodel: classification report:
01/29/2018 20:25:18 [INFO] exp_shallowmodel:              precision    recall  f1-score   support

          A       0.36      0.29      0.32        14
          C       0.73      0.73      0.73       164
          F       0.89      0.90      0.89       268
          R       0.62      0.62      0.62       125

avg / total       0.77      0.78      0.77       571

01/29/2018 20:25:18 [INFO] exp_shallowmodel: confusion matrix:
01/29/2018 20:25:18 [INFO] exp_shallowmodel: 
[[  4   0   5   5]
 [  0 120  12  32]
 [  3  14 241  10]
 [  4  30  13  78]]
01/29/2018 20:25:18 [INFO] exp_shallowmodel: ******************** dstc2 - Round 16 
01/29/2018 20:25:18 [INFO] exp_shallowmodel: #(data) = 4583
01/29/2018 20:25:18 [INFO] exp_shallowmodel: #(feature) = 513
01/29/2018 20:25:18 [INFO] exp_shallowmodel: ================================================================================
01/29/2018 20:25:18 [INFO] exp_shallowmodel: LR.pen=l1.C=1.000000
01/29/2018 20:25:18 [INFO] exp_shallowmodel: ________________________________________________________________________________
01/29/2018 20:25:18 [INFO] exp_shallowmodel: Training: 
01/29/2018 20:25:18 [INFO] exp_shallowmodel: LogisticRegression(C=1, class_weight=None, dual=False, fit_intercept=True,
          intercept_scaling=1, max_iter=100, multi_class='ovr', n_jobs=1,
          penalty='l1', random_state=None, solver='liblinear', tol=0.0001,
          verbose=0, warm_start=False)
01/29/2018 20:25:24 [INFO] exp_shallowmodel: train time: 5.784s
01/29/2018 20:25:24 [INFO] exp_shallowmodel: test time:  0.000s
01/29/2018 20:25:24 [INFO] exp_shallowmodel: accuracy:   0.774
01/29/2018 20:25:24 [INFO] exp_shallowmodel: f1_score:   0.608
01/29/2018 20:25:24 [INFO] exp_shallowmodel: classification report:
01/29/2018 20:25:24 [INFO] exp_shallowmodel:              precision    recall  f1-score   support

          A       0.18      0.14      0.16        14
          C       0.74      0.77      0.76       164
          F       0.86      0.88      0.87       268
          R       0.67      0.62      0.64       125

avg / total       0.77      0.77      0.77       571

01/29/2018 20:25:24 [INFO] exp_shallowmodel: confusion matrix:
01/29/2018 20:25:24 [INFO] exp_shallowmodel: 
[[  2   4   7   1]
 [  3 127  13  21]
 [  5  11 236  16]
 [  1  29  18  77]]
01/29/2018 20:25:24 [INFO] exp_shallowmodel: ******************** dstc2 - Round 17 
01/29/2018 20:25:24 [INFO] exp_shallowmodel: #(data) = 4583
01/29/2018 20:25:24 [INFO] exp_shallowmodel: #(feature) = 513
01/29/2018 20:25:24 [INFO] exp_shallowmodel: ================================================================================
01/29/2018 20:25:24 [INFO] exp_shallowmodel: LR.pen=l1.C=1.000000
01/29/2018 20:25:24 [INFO] exp_shallowmodel: ________________________________________________________________________________
01/29/2018 20:25:24 [INFO] exp_shallowmodel: Training: 
01/29/2018 20:25:24 [INFO] exp_shallowmodel: LogisticRegression(C=1, class_weight=None, dual=False, fit_intercept=True,
          intercept_scaling=1, max_iter=100, multi_class='ovr', n_jobs=1,
          penalty='l1', random_state=None, solver='liblinear', tol=0.0001,
          verbose=0, warm_start=False)
01/29/2018 20:25:30 [INFO] exp_shallowmodel: train time: 5.795s
01/29/2018 20:25:30 [INFO] exp_shallowmodel: test time:  0.001s
01/29/2018 20:25:30 [INFO] exp_shallowmodel: accuracy:   0.793
01/29/2018 20:25:30 [INFO] exp_shallowmodel: f1_score:   0.695
01/29/2018 20:25:30 [INFO] exp_shallowmodel: classification report:
01/29/2018 20:25:30 [INFO] exp_shallowmodel:              precision    recall  f1-score   support

          A       0.71      0.36      0.48        14
          C       0.74      0.77      0.76       164
          F       0.87      0.90      0.89       268
          R       0.69      0.63      0.66       125

avg / total       0.79      0.79      0.79       571

01/29/2018 20:25:30 [INFO] exp_shallowmodel: confusion matrix:
01/29/2018 20:25:30 [INFO] exp_shallowmodel: 
[[  5   1   5   3]
 [  0 127  16  21]
 [  1  13 242  12]
 [  1  30  15  79]]
01/29/2018 20:25:30 [INFO] exp_shallowmodel: ******************** dstc2 - Round 18 
01/29/2018 20:25:30 [INFO] exp_shallowmodel: #(data) = 4583
01/29/2018 20:25:30 [INFO] exp_shallowmodel: #(feature) = 513
01/29/2018 20:25:30 [INFO] exp_shallowmodel: ================================================================================
01/29/2018 20:25:30 [INFO] exp_shallowmodel: LR.pen=l1.C=1.000000
01/29/2018 20:25:30 [INFO] exp_shallowmodel: ________________________________________________________________________________
01/29/2018 20:25:30 [INFO] exp_shallowmodel: Training: 
01/29/2018 20:25:30 [INFO] exp_shallowmodel: LogisticRegression(C=1, class_weight=None, dual=False, fit_intercept=True,
          intercept_scaling=1, max_iter=100, multi_class='ovr', n_jobs=1,
          penalty='l1', random_state=None, solver='liblinear', tol=0.0001,
          verbose=0, warm_start=False)
01/29/2018 20:25:36 [INFO] exp_shallowmodel: train time: 5.523s
01/29/2018 20:25:36 [INFO] exp_shallowmodel: test time:  0.000s
01/29/2018 20:25:36 [INFO] exp_shallowmodel: accuracy:   0.765
01/29/2018 20:25:36 [INFO] exp_shallowmodel: f1_score:   0.601
01/29/2018 20:25:36 [INFO] exp_shallowmodel: classification report:
01/29/2018 20:25:36 [INFO] exp_shallowmodel:              precision    recall  f1-score   support

          A       0.33      0.14      0.20        14
          C       0.74      0.72      0.73       164
          F       0.86      0.91      0.88       268
          R       0.60      0.58      0.59       125

avg / total       0.76      0.77      0.76       571

01/29/2018 20:25:36 [INFO] exp_shallowmodel: confusion matrix:
01/29/2018 20:25:36 [INFO] exp_shallowmodel: 
[[  2   0   8   4]
 [  2 118  13  31]
 [  1   9 244  14]
 [  1  32  19  73]]
01/29/2018 20:25:36 [INFO] exp_shallowmodel: ******************** dstc2 - Round 19 
01/29/2018 20:25:36 [INFO] exp_shallowmodel: #(data) = 4568
01/29/2018 20:25:36 [INFO] exp_shallowmodel: #(feature) = 513
01/29/2018 20:25:36 [INFO] exp_shallowmodel: ================================================================================
01/29/2018 20:25:36 [INFO] exp_shallowmodel: LR.pen=l1.C=1.000000
01/29/2018 20:25:36 [INFO] exp_shallowmodel: ________________________________________________________________________________
01/29/2018 20:25:36 [INFO] exp_shallowmodel: Training: 
01/29/2018 20:25:36 [INFO] exp_shallowmodel: LogisticRegression(C=1, class_weight=None, dual=False, fit_intercept=True,
          intercept_scaling=1, max_iter=100, multi_class='ovr', n_jobs=1,
          penalty='l1', random_state=None, solver='liblinear', tol=0.0001,
          verbose=0, warm_start=False)
01/29/2018 20:25:41 [INFO] exp_shallowmodel: train time: 5.313s
01/29/2018 20:25:41 [INFO] exp_shallowmodel: test time:  0.000s
01/29/2018 20:25:41 [INFO] exp_shallowmodel: accuracy:   0.794
01/29/2018 20:25:41 [INFO] exp_shallowmodel: f1_score:   0.706
01/29/2018 20:25:41 [INFO] exp_shallowmodel: classification report:
01/29/2018 20:25:41 [INFO] exp_shallowmodel:              precision    recall  f1-score   support

          A       0.53      0.50      0.52        16
          C       0.75      0.80      0.77       169
          F       0.90      0.89      0.90       271
          R       0.65      0.62      0.64       130

avg / total       0.79      0.79      0.79       586

01/29/2018 20:25:41 [INFO] exp_shallowmodel: confusion matrix:
01/29/2018 20:25:41 [INFO] exp_shallowmodel: 
[[  8   0   4   4]
 [  1 135   8  25]
 [  5  11 241  14]
 [  1  34  14  81]]
01/29/2018 20:25:41 [INFO] exp_shallowmodel: ******************** dstc2 - Round 20 
01/29/2018 20:25:41 [INFO] exp_shallowmodel: #(data) = 4583
01/29/2018 20:25:41 [INFO] exp_shallowmodel: #(feature) = 513
01/29/2018 20:25:41 [INFO] exp_shallowmodel: ================================================================================
01/29/2018 20:25:41 [INFO] exp_shallowmodel: LR.pen=l1.C=1.000000
01/29/2018 20:25:41 [INFO] exp_shallowmodel: ________________________________________________________________________________
01/29/2018 20:25:41 [INFO] exp_shallowmodel: Training: 
01/29/2018 20:25:41 [INFO] exp_shallowmodel: LogisticRegression(C=1, class_weight=None, dual=False, fit_intercept=True,
          intercept_scaling=1, max_iter=100, multi_class='ovr', n_jobs=1,
          penalty='l1', random_state=None, solver='liblinear', tol=0.0001,
          verbose=0, warm_start=False)
01/29/2018 20:25:47 [INFO] exp_shallowmodel: train time: 5.782s
01/29/2018 20:25:47 [INFO] exp_shallowmodel: test time:  0.000s
01/29/2018 20:25:47 [INFO] exp_shallowmodel: accuracy:   0.783
01/29/2018 20:25:47 [INFO] exp_shallowmodel: f1_score:   0.661
01/29/2018 20:25:47 [INFO] exp_shallowmodel: classification report:
01/29/2018 20:25:47 [INFO] exp_shallowmodel:              precision    recall  f1-score   support

          A       0.57      0.29      0.38        14
          C       0.75      0.77      0.76       164
          F       0.87      0.90      0.89       268
          R       0.64      0.60      0.62       125

avg / total       0.78      0.78      0.78       571

01/29/2018 20:25:47 [INFO] exp_shallowmodel: confusion matrix:
01/29/2018 20:25:47 [INFO] exp_shallowmodel: 
[[  4   2   5   3]
 [  1 126  11  26]
 [  0  12 242  14]
 [  2  29  19  75]]
01/29/2018 20:25:47 [INFO] exp_shallowmodel: ******************** dstc2 - Round 21 
01/29/2018 20:25:47 [INFO] exp_shallowmodel: #(data) = 4583
01/29/2018 20:25:47 [INFO] exp_shallowmodel: #(feature) = 513
01/29/2018 20:25:47 [INFO] exp_shallowmodel: ================================================================================
01/29/2018 20:25:47 [INFO] exp_shallowmodel: LR.pen=l1.C=1.000000
01/29/2018 20:25:47 [INFO] exp_shallowmodel: ________________________________________________________________________________
01/29/2018 20:25:47 [INFO] exp_shallowmodel: Training: 
01/29/2018 20:25:47 [INFO] exp_shallowmodel: LogisticRegression(C=1, class_weight=None, dual=False, fit_intercept=True,
          intercept_scaling=1, max_iter=100, multi_class='ovr', n_jobs=1,
          penalty='l1', random_state=None, solver='liblinear', tol=0.0001,
          verbose=0, warm_start=False)
01/29/2018 20:25:53 [INFO] exp_shallowmodel: train time: 5.705s
01/29/2018 20:25:53 [INFO] exp_shallowmodel: test time:  0.001s
01/29/2018 20:25:53 [INFO] exp_shallowmodel: accuracy:   0.762
01/29/2018 20:25:53 [INFO] exp_shallowmodel: f1_score:   0.587
01/29/2018 20:25:53 [INFO] exp_shallowmodel: classification report:
01/29/2018 20:25:53 [INFO] exp_shallowmodel:              precision    recall  f1-score   support

          A       0.17      0.14      0.15        14
          C       0.69      0.75      0.72       164
          F       0.87      0.91      0.89       268
          R       0.65      0.53      0.58       125

avg / total       0.75      0.76      0.76       571

01/29/2018 20:25:53 [INFO] exp_shallowmodel: confusion matrix:
01/29/2018 20:25:53 [INFO] exp_shallowmodel: 
[[  2   5   4   3]
 [  4 123  15  22]
 [  3  11 244  10]
 [  3  39  17  66]]
01/29/2018 20:25:53 [INFO] exp_shallowmodel: ******************** dstc2 - Round 22 
01/29/2018 20:25:53 [INFO] exp_shallowmodel: #(data) = 4583
01/29/2018 20:25:53 [INFO] exp_shallowmodel: #(feature) = 513
01/29/2018 20:25:53 [INFO] exp_shallowmodel: ================================================================================
01/29/2018 20:25:53 [INFO] exp_shallowmodel: LR.pen=l1.C=1.000000
01/29/2018 20:25:53 [INFO] exp_shallowmodel: ________________________________________________________________________________
01/29/2018 20:25:53 [INFO] exp_shallowmodel: Training: 
01/29/2018 20:25:53 [INFO] exp_shallowmodel: LogisticRegression(C=1, class_weight=None, dual=False, fit_intercept=True,
          intercept_scaling=1, max_iter=100, multi_class='ovr', n_jobs=1,
          penalty='l1', random_state=None, solver='liblinear', tol=0.0001,
          verbose=0, warm_start=False)
01/29/2018 20:25:59 [INFO] exp_shallowmodel: train time: 6.060s
01/29/2018 20:25:59 [INFO] exp_shallowmodel: test time:  0.000s
01/29/2018 20:25:59 [INFO] exp_shallowmodel: accuracy:   0.806
01/29/2018 20:25:59 [INFO] exp_shallowmodel: f1_score:   0.695
01/29/2018 20:25:59 [INFO] exp_shallowmodel: classification report:
01/29/2018 20:25:59 [INFO] exp_shallowmodel:              precision    recall  f1-score   support

          A       0.43      0.43      0.43        14
          C       0.74      0.78      0.76       164
          F       0.92      0.91      0.91       268
          R       0.70      0.66      0.68       125

avg / total       0.81      0.81      0.81       571

01/29/2018 20:25:59 [INFO] exp_shallowmodel: confusion matrix:
01/29/2018 20:25:59 [INFO] exp_shallowmodel: 
[[  6   2   2   4]
 [  4 128   7  25]
 [  3  15 243   7]
 [  1  28  13  83]]
01/29/2018 20:25:59 [INFO] exp_shallowmodel: ******************** dstc2 - Round 23 
01/29/2018 20:25:59 [INFO] exp_shallowmodel: #(data) = 4583
01/29/2018 20:25:59 [INFO] exp_shallowmodel: #(feature) = 513
01/29/2018 20:25:59 [INFO] exp_shallowmodel: ================================================================================
01/29/2018 20:25:59 [INFO] exp_shallowmodel: LR.pen=l1.C=1.000000
01/29/2018 20:25:59 [INFO] exp_shallowmodel: ________________________________________________________________________________
01/29/2018 20:25:59 [INFO] exp_shallowmodel: Training: 
01/29/2018 20:25:59 [INFO] exp_shallowmodel: LogisticRegression(C=1, class_weight=None, dual=False, fit_intercept=True,
          intercept_scaling=1, max_iter=100, multi_class='ovr', n_jobs=1,
          penalty='l1', random_state=None, solver='liblinear', tol=0.0001,
          verbose=0, warm_start=False)
01/29/2018 20:26:05 [INFO] exp_shallowmodel: train time: 6.100s
01/29/2018 20:26:05 [INFO] exp_shallowmodel: test time:  0.000s
01/29/2018 20:26:05 [INFO] exp_shallowmodel: accuracy:   0.764
01/29/2018 20:26:05 [INFO] exp_shallowmodel: f1_score:   0.649
01/29/2018 20:26:05 [INFO] exp_shallowmodel: classification report:
01/29/2018 20:26:05 [INFO] exp_shallowmodel:              precision    recall  f1-score   support

          A       0.42      0.36      0.38        14
          C       0.72      0.72      0.72       164
          F       0.86      0.88      0.87       268
          R       0.63      0.61      0.62       125

avg / total       0.76      0.76      0.76       571

01/29/2018 20:26:05 [INFO] exp_shallowmodel: confusion matrix:
01/29/2018 20:26:05 [INFO] exp_shallowmodel: 
[[  5   1   7   1]
 [  3 118  15  28]
 [  1  14 237  16]
 [  3  31  15  76]]
01/29/2018 20:26:05 [INFO] exp_shallowmodel: ******************** dstc2 - Round 24 
01/29/2018 20:26:05 [INFO] exp_shallowmodel: #(data) = 4583
01/29/2018 20:26:05 [INFO] exp_shallowmodel: #(feature) = 513
01/29/2018 20:26:05 [INFO] exp_shallowmodel: ================================================================================
01/29/2018 20:26:05 [INFO] exp_shallowmodel: LR.pen=l1.C=1.000000
01/29/2018 20:26:05 [INFO] exp_shallowmodel: ________________________________________________________________________________
01/29/2018 20:26:05 [INFO] exp_shallowmodel: Training: 
01/29/2018 20:26:05 [INFO] exp_shallowmodel: LogisticRegression(C=1, class_weight=None, dual=False, fit_intercept=True,
          intercept_scaling=1, max_iter=100, multi_class='ovr', n_jobs=1,
          penalty='l1', random_state=None, solver='liblinear', tol=0.0001,
          verbose=0, warm_start=False)
01/29/2018 20:26:10 [INFO] exp_shallowmodel: train time: 5.517s
01/29/2018 20:26:10 [INFO] exp_shallowmodel: test time:  0.001s
01/29/2018 20:26:10 [INFO] exp_shallowmodel: accuracy:   0.765
01/29/2018 20:26:10 [INFO] exp_shallowmodel: f1_score:   0.628
01/29/2018 20:26:10 [INFO] exp_shallowmodel: classification report:
01/29/2018 20:26:10 [INFO] exp_shallowmodel:              precision    recall  f1-score   support

          A       0.50      0.21      0.30        14
          C       0.72      0.70      0.71       164
          F       0.84      0.91      0.87       268
          R       0.64      0.61      0.63       125

avg / total       0.76      0.77      0.76       571

01/29/2018 20:26:10 [INFO] exp_shallowmodel: confusion matrix:
01/29/2018 20:26:10 [INFO] exp_shallowmodel: 
[[  3   2   8   1]
 [  1 115  16  32]
 [  1  15 243   9]
 [  1  27  21  76]]
01/29/2018 20:26:10 [INFO] exp_shallowmodel: ******************** dstc2 - Round 25 
01/29/2018 20:26:10 [INFO] exp_shallowmodel: #(data) = 4583
01/29/2018 20:26:10 [INFO] exp_shallowmodel: #(feature) = 513
01/29/2018 20:26:10 [INFO] exp_shallowmodel: ================================================================================
01/29/2018 20:26:10 [INFO] exp_shallowmodel: LR.pen=l1.C=1.000000
01/29/2018 20:26:10 [INFO] exp_shallowmodel: ________________________________________________________________________________
01/29/2018 20:26:10 [INFO] exp_shallowmodel: Training: 
01/29/2018 20:26:10 [INFO] exp_shallowmodel: LogisticRegression(C=1, class_weight=None, dual=False, fit_intercept=True,
          intercept_scaling=1, max_iter=100, multi_class='ovr', n_jobs=1,
          penalty='l1', random_state=None, solver='liblinear', tol=0.0001,
          verbose=0, warm_start=False)
01/29/2018 20:26:16 [INFO] exp_shallowmodel: train time: 5.314s
01/29/2018 20:26:16 [INFO] exp_shallowmodel: test time:  0.001s
01/29/2018 20:26:16 [INFO] exp_shallowmodel: accuracy:   0.795
01/29/2018 20:26:16 [INFO] exp_shallowmodel: f1_score:   0.585
01/29/2018 20:26:16 [INFO] exp_shallowmodel: classification report:
01/29/2018 20:26:16 [INFO] exp_shallowmodel:              precision    recall  f1-score   support

          A       0.00      0.00      0.00        14
          C       0.77      0.76      0.76       164
          F       0.89      0.90      0.89       268
          R       0.67      0.70      0.68       125

avg / total       0.78      0.80      0.79       571

01/29/2018 20:26:16 [INFO] exp_shallowmodel: confusion matrix:
01/29/2018 20:26:16 [INFO] exp_shallowmodel: 
[[  0   4   7   3]
 [  0 124  12  28]
 [  2  11 242  13]
 [  2  23  12  88]]
01/29/2018 20:26:16 [INFO] exp_shallowmodel: ******************** dstc2 - Round 26 
01/29/2018 20:26:16 [INFO] exp_shallowmodel: #(data) = 4583
01/29/2018 20:26:16 [INFO] exp_shallowmodel: #(feature) = 513
01/29/2018 20:26:16 [INFO] exp_shallowmodel: ================================================================================
01/29/2018 20:26:16 [INFO] exp_shallowmodel: LR.pen=l1.C=1.000000
01/29/2018 20:26:16 [INFO] exp_shallowmodel: ________________________________________________________________________________
01/29/2018 20:26:16 [INFO] exp_shallowmodel: Training: 
01/29/2018 20:26:16 [INFO] exp_shallowmodel: LogisticRegression(C=1, class_weight=None, dual=False, fit_intercept=True,
          intercept_scaling=1, max_iter=100, multi_class='ovr', n_jobs=1,
          penalty='l1', random_state=None, solver='liblinear', tol=0.0001,
          verbose=0, warm_start=False)
01/29/2018 20:26:21 [INFO] exp_shallowmodel: train time: 5.268s
01/29/2018 20:26:21 [INFO] exp_shallowmodel: test time:  0.000s
01/29/2018 20:26:21 [INFO] exp_shallowmodel: accuracy:   0.781
01/29/2018 20:26:21 [INFO] exp_shallowmodel: f1_score:   0.647
01/29/2018 20:26:21 [INFO] exp_shallowmodel: classification report:
01/29/2018 20:26:21 [INFO] exp_shallowmodel:              precision    recall  f1-score   support

          A       0.40      0.29      0.33        14
          C       0.75      0.72      0.74       164
          F       0.86      0.93      0.90       268
          R       0.65      0.60      0.62       125

avg / total       0.77      0.78      0.78       571

01/29/2018 20:26:21 [INFO] exp_shallowmodel: confusion matrix:
01/29/2018 20:26:21 [INFO] exp_shallowmodel: 
[[  4   1   9   0]
 [  1 118  15  30]
 [  1   7 249  11]
 [  4  31  15  75]]
01/29/2018 20:26:21 [INFO] exp_shallowmodel: ******************** dstc2 - Round 27 
01/29/2018 20:26:21 [INFO] exp_shallowmodel: #(data) = 4583
01/29/2018 20:26:21 [INFO] exp_shallowmodel: #(feature) = 513
01/29/2018 20:26:21 [INFO] exp_shallowmodel: ================================================================================
01/29/2018 20:26:21 [INFO] exp_shallowmodel: LR.pen=l1.C=1.000000
01/29/2018 20:26:21 [INFO] exp_shallowmodel: ________________________________________________________________________________
01/29/2018 20:26:21 [INFO] exp_shallowmodel: Training: 
01/29/2018 20:26:21 [INFO] exp_shallowmodel: LogisticRegression(C=1, class_weight=None, dual=False, fit_intercept=True,
          intercept_scaling=1, max_iter=100, multi_class='ovr', n_jobs=1,
          penalty='l1', random_state=None, solver='liblinear', tol=0.0001,
          verbose=0, warm_start=False)
01/29/2018 20:26:28 [INFO] exp_shallowmodel: train time: 6.783s
01/29/2018 20:26:28 [INFO] exp_shallowmodel: test time:  0.000s
01/29/2018 20:26:28 [INFO] exp_shallowmodel: accuracy:   0.802
01/29/2018 20:26:28 [INFO] exp_shallowmodel: f1_score:   0.703
01/29/2018 20:26:28 [INFO] exp_shallowmodel: classification report:
01/29/2018 20:26:28 [INFO] exp_shallowmodel:              precision    recall  f1-score   support

          A       0.55      0.43      0.48        14
          C       0.75      0.74      0.75       164
          F       0.90      0.91      0.91       268
          R       0.67      0.68      0.68       125

avg / total       0.80      0.80      0.80       571

01/29/2018 20:26:28 [INFO] exp_shallowmodel: confusion matrix:
01/29/2018 20:26:28 [INFO] exp_shallowmodel: 
[[  6   2   3   3]
 [  2 122  13  27]
 [  1  11 245  11]
 [  2  28  10  85]]
01/29/2018 20:26:28 [INFO] exp_shallowmodel: ******************** dstc2 - Round 28 
01/29/2018 20:26:28 [INFO] exp_shallowmodel: #(data) = 4583
01/29/2018 20:26:28 [INFO] exp_shallowmodel: #(feature) = 513
01/29/2018 20:26:28 [INFO] exp_shallowmodel: ================================================================================
01/29/2018 20:26:28 [INFO] exp_shallowmodel: LR.pen=l1.C=1.000000
01/29/2018 20:26:28 [INFO] exp_shallowmodel: ________________________________________________________________________________
01/29/2018 20:26:28 [INFO] exp_shallowmodel: Training: 
01/29/2018 20:26:28 [INFO] exp_shallowmodel: LogisticRegression(C=1, class_weight=None, dual=False, fit_intercept=True,
          intercept_scaling=1, max_iter=100, multi_class='ovr', n_jobs=1,
          penalty='l1', random_state=None, solver='liblinear', tol=0.0001,
          verbose=0, warm_start=False)
01/29/2018 20:26:33 [INFO] exp_shallowmodel: train time: 5.400s
01/29/2018 20:26:33 [INFO] exp_shallowmodel: test time:  0.001s
01/29/2018 20:26:33 [INFO] exp_shallowmodel: accuracy:   0.779
01/29/2018 20:26:33 [INFO] exp_shallowmodel: f1_score:   0.664
01/29/2018 20:26:33 [INFO] exp_shallowmodel: classification report:
01/29/2018 20:26:33 [INFO] exp_shallowmodel:              precision    recall  f1-score   support

          A       0.50      0.36      0.42        14
          C       0.77      0.71      0.74       164
          F       0.87      0.93      0.90       268
          R       0.61      0.60      0.60       125

avg / total       0.77      0.78      0.78       571

01/29/2018 20:26:33 [INFO] exp_shallowmodel: confusion matrix:
01/29/2018 20:26:33 [INFO] exp_shallowmodel: 
[[  5   0   6   3]
 [  1 116  16  31]
 [  1   4 249  14]
 [  3  31  16  75]]
01/29/2018 20:26:33 [INFO] exp_shallowmodel: ******************** dstc2 - Round 29 
01/29/2018 20:26:33 [INFO] exp_shallowmodel: #(data) = 4568
01/29/2018 20:26:33 [INFO] exp_shallowmodel: #(feature) = 513
01/29/2018 20:26:33 [INFO] exp_shallowmodel: ================================================================================
01/29/2018 20:26:33 [INFO] exp_shallowmodel: LR.pen=l1.C=1.000000
01/29/2018 20:26:33 [INFO] exp_shallowmodel: ________________________________________________________________________________
01/29/2018 20:26:33 [INFO] exp_shallowmodel: Training: 
01/29/2018 20:26:33 [INFO] exp_shallowmodel: LogisticRegression(C=1, class_weight=None, dual=False, fit_intercept=True,
          intercept_scaling=1, max_iter=100, multi_class='ovr', n_jobs=1,
          penalty='l1', random_state=None, solver='liblinear', tol=0.0001,
          verbose=0, warm_start=False)
01/29/2018 20:26:39 [INFO] exp_shallowmodel: train time: 5.236s
01/29/2018 20:26:39 [INFO] exp_shallowmodel: test time:  0.000s
01/29/2018 20:26:39 [INFO] exp_shallowmodel: accuracy:   0.792
01/29/2018 20:26:39 [INFO] exp_shallowmodel: f1_score:   0.693
01/29/2018 20:26:39 [INFO] exp_shallowmodel: classification report:
01/29/2018 20:26:39 [INFO] exp_shallowmodel:              precision    recall  f1-score   support

          A       0.47      0.44      0.45        16
          C       0.75      0.80      0.77       169
          F       0.87      0.89      0.88       271
          R       0.71      0.63      0.67       130

avg / total       0.79      0.79      0.79       586

01/29/2018 20:26:39 [INFO] exp_shallowmodel: confusion matrix:
01/29/2018 20:26:39 [INFO] exp_shallowmodel: 
[[  7   1   6   2]
 [  3 135  12  19]
 [  4  14 240  13]
 [  1  30  17  82]]
01/29/2018 20:26:39 [INFO] exp_shallowmodel: ******************** dstc2 - Round 30 
01/29/2018 20:26:39 [INFO] exp_shallowmodel: #(data) = 4583
01/29/2018 20:26:39 [INFO] exp_shallowmodel: #(feature) = 513
01/29/2018 20:26:39 [INFO] exp_shallowmodel: ================================================================================
01/29/2018 20:26:39 [INFO] exp_shallowmodel: LR.pen=l1.C=1.000000
01/29/2018 20:26:39 [INFO] exp_shallowmodel: ________________________________________________________________________________
01/29/2018 20:26:39 [INFO] exp_shallowmodel: Training: 
01/29/2018 20:26:39 [INFO] exp_shallowmodel: LogisticRegression(C=1, class_weight=None, dual=False, fit_intercept=True,
          intercept_scaling=1, max_iter=100, multi_class='ovr', n_jobs=1,
          penalty='l1', random_state=None, solver='liblinear', tol=0.0001,
          verbose=0, warm_start=False)
01/29/2018 20:26:44 [INFO] exp_shallowmodel: train time: 5.170s
01/29/2018 20:26:44 [INFO] exp_shallowmodel: test time:  0.000s
01/29/2018 20:26:44 [INFO] exp_shallowmodel: accuracy:   0.785
01/29/2018 20:26:44 [INFO] exp_shallowmodel: f1_score:   0.663
01/29/2018 20:26:44 [INFO] exp_shallowmodel: classification report:
01/29/2018 20:26:44 [INFO] exp_shallowmodel:              precision    recall  f1-score   support

          A       0.57      0.29      0.38        14
          C       0.73      0.76      0.74       164
          F       0.88      0.90      0.89       268
          R       0.66      0.62      0.64       125

avg / total       0.78      0.78      0.78       571

01/29/2018 20:26:44 [INFO] exp_shallowmodel: confusion matrix:
01/29/2018 20:26:44 [INFO] exp_shallowmodel: 
[[  4   1   6   3]
 [  1 125  14  24]
 [  1  13 242  12]
 [  1  33  14  77]]
01/29/2018 20:26:44 [INFO] exp_shallowmodel: ******************** dstc2 - Round 31 
01/29/2018 20:26:44 [INFO] exp_shallowmodel: #(data) = 4583
01/29/2018 20:26:44 [INFO] exp_shallowmodel: #(feature) = 513
01/29/2018 20:26:44 [INFO] exp_shallowmodel: ================================================================================
01/29/2018 20:26:44 [INFO] exp_shallowmodel: LR.pen=l1.C=1.000000
01/29/2018 20:26:44 [INFO] exp_shallowmodel: ________________________________________________________________________________
01/29/2018 20:26:44 [INFO] exp_shallowmodel: Training: 
01/29/2018 20:26:44 [INFO] exp_shallowmodel: LogisticRegression(C=1, class_weight=None, dual=False, fit_intercept=True,
          intercept_scaling=1, max_iter=100, multi_class='ovr', n_jobs=1,
          penalty='l1', random_state=None, solver='liblinear', tol=0.0001,
          verbose=0, warm_start=False)
01/29/2018 20:26:50 [INFO] exp_shallowmodel: train time: 5.890s
01/29/2018 20:26:50 [INFO] exp_shallowmodel: test time:  0.000s
01/29/2018 20:26:50 [INFO] exp_shallowmodel: accuracy:   0.802
01/29/2018 20:26:50 [INFO] exp_shallowmodel: f1_score:   0.656
01/29/2018 20:26:50 [INFO] exp_shallowmodel: classification report:
01/29/2018 20:26:50 [INFO] exp_shallowmodel:              precision    recall  f1-score   support

          A       0.43      0.21      0.29        14
          C       0.75      0.79      0.77       164
          F       0.88      0.92      0.90       268
          R       0.71      0.63      0.67       125

avg / total       0.79      0.80      0.80       571

01/29/2018 20:26:50 [INFO] exp_shallowmodel: confusion matrix:
01/29/2018 20:26:50 [INFO] exp_shallowmodel: 
[[  3   1   5   5]
 [  3 130   8  23]
 [  1  16 246   5]
 [  0  26  20  79]]
01/29/2018 20:26:50 [INFO] exp_shallowmodel: ******************** dstc2 - Round 32 
01/29/2018 20:26:50 [INFO] exp_shallowmodel: #(data) = 4583
01/29/2018 20:26:50 [INFO] exp_shallowmodel: #(feature) = 513
01/29/2018 20:26:50 [INFO] exp_shallowmodel: ================================================================================
01/29/2018 20:26:50 [INFO] exp_shallowmodel: LR.pen=l1.C=1.000000
01/29/2018 20:26:50 [INFO] exp_shallowmodel: ________________________________________________________________________________
01/29/2018 20:26:50 [INFO] exp_shallowmodel: Training: 
01/29/2018 20:26:50 [INFO] exp_shallowmodel: LogisticRegression(C=1, class_weight=None, dual=False, fit_intercept=True,
          intercept_scaling=1, max_iter=100, multi_class='ovr', n_jobs=1,
          penalty='l1', random_state=None, solver='liblinear', tol=0.0001,
          verbose=0, warm_start=False)
01/29/2018 20:26:56 [INFO] exp_shallowmodel: train time: 6.021s
01/29/2018 20:26:56 [INFO] exp_shallowmodel: test time:  0.001s
01/29/2018 20:26:56 [INFO] exp_shallowmodel: accuracy:   0.755
01/29/2018 20:26:56 [INFO] exp_shallowmodel: f1_score:   0.690
01/29/2018 20:26:56 [INFO] exp_shallowmodel: classification report:
01/29/2018 20:26:56 [INFO] exp_shallowmodel:              precision    recall  f1-score   support

          A       0.67      0.57      0.62        14
          C       0.70      0.71      0.70       164
          F       0.86      0.89      0.88       268
          R       0.59      0.54      0.57       125

avg / total       0.75      0.75      0.75       571

01/29/2018 20:26:56 [INFO] exp_shallowmodel: confusion matrix:
01/29/2018 20:26:56 [INFO] exp_shallowmodel: 
[[  8   3   2   1]
 [  1 117  15  31]
 [  2  13 238  15]
 [  1  35  21  68]]
01/29/2018 20:26:56 [INFO] exp_shallowmodel: ******************** dstc2 - Round 33 
01/29/2018 20:26:56 [INFO] exp_shallowmodel: #(data) = 4583
01/29/2018 20:26:56 [INFO] exp_shallowmodel: #(feature) = 513
01/29/2018 20:26:56 [INFO] exp_shallowmodel: ================================================================================
01/29/2018 20:26:56 [INFO] exp_shallowmodel: LR.pen=l1.C=1.000000
01/29/2018 20:26:56 [INFO] exp_shallowmodel: ________________________________________________________________________________
01/29/2018 20:26:56 [INFO] exp_shallowmodel: Training: 
01/29/2018 20:26:56 [INFO] exp_shallowmodel: LogisticRegression(C=1, class_weight=None, dual=False, fit_intercept=True,
          intercept_scaling=1, max_iter=100, multi_class='ovr', n_jobs=1,
          penalty='l1', random_state=None, solver='liblinear', tol=0.0001,
          verbose=0, warm_start=False)
01/29/2018 20:27:02 [INFO] exp_shallowmodel: train time: 5.787s
01/29/2018 20:27:02 [INFO] exp_shallowmodel: test time:  0.000s
01/29/2018 20:27:02 [INFO] exp_shallowmodel: accuracy:   0.785
01/29/2018 20:27:02 [INFO] exp_shallowmodel: f1_score:   0.596
01/29/2018 20:27:02 [INFO] exp_shallowmodel: classification report:
01/29/2018 20:27:02 [INFO] exp_shallowmodel:              precision    recall  f1-score   support

          A       0.12      0.07      0.09        14
          C       0.73      0.68      0.70       164
          F       0.87      0.93      0.90       268
          R       0.70      0.68      0.69       125

avg / total       0.77      0.78      0.78       571

01/29/2018 20:27:02 [INFO] exp_shallowmodel: confusion matrix:
01/29/2018 20:27:02 [INFO] exp_shallowmodel: 
[[  1   6   5   2]
 [  3 112  19  30]
 [  2  11 250   5]
 [  2  25  13  85]]
01/29/2018 20:27:02 [INFO] exp_shallowmodel: ******************** dstc2 - Round 34 
01/29/2018 20:27:02 [INFO] exp_shallowmodel: #(data) = 4583
01/29/2018 20:27:02 [INFO] exp_shallowmodel: #(feature) = 513
01/29/2018 20:27:02 [INFO] exp_shallowmodel: ================================================================================
01/29/2018 20:27:02 [INFO] exp_shallowmodel: LR.pen=l1.C=1.000000
01/29/2018 20:27:02 [INFO] exp_shallowmodel: ________________________________________________________________________________
01/29/2018 20:27:02 [INFO] exp_shallowmodel: Training: 
01/29/2018 20:27:02 [INFO] exp_shallowmodel: LogisticRegression(C=1, class_weight=None, dual=False, fit_intercept=True,
          intercept_scaling=1, max_iter=100, multi_class='ovr', n_jobs=1,
          penalty='l1', random_state=None, solver='liblinear', tol=0.0001,
          verbose=0, warm_start=False)
01/29/2018 20:27:08 [INFO] exp_shallowmodel: train time: 6.344s
01/29/2018 20:27:08 [INFO] exp_shallowmodel: test time:  0.000s
01/29/2018 20:27:08 [INFO] exp_shallowmodel: accuracy:   0.779
01/29/2018 20:27:08 [INFO] exp_shallowmodel: f1_score:   0.667
01/29/2018 20:27:08 [INFO] exp_shallowmodel: classification report:
01/29/2018 20:27:08 [INFO] exp_shallowmodel:              precision    recall  f1-score   support

          A       0.45      0.36      0.40        14
          C       0.73      0.73      0.73       164
          F       0.87      0.90      0.88       268
          R       0.66      0.64      0.65       125

avg / total       0.78      0.78      0.78       571

01/29/2018 20:27:08 [INFO] exp_shallowmodel: confusion matrix:
01/29/2018 20:27:08 [INFO] exp_shallowmodel: 
[[  5   2   6   1]
 [  1 120  17  26]
 [  4  10 240  14]
 [  1  32  12  80]]
01/29/2018 20:27:08 [INFO] exp_shallowmodel: ******************** dstc2 - Round 35 
01/29/2018 20:27:08 [INFO] exp_shallowmodel: #(data) = 4583
01/29/2018 20:27:08 [INFO] exp_shallowmodel: #(feature) = 513
01/29/2018 20:27:08 [INFO] exp_shallowmodel: ================================================================================
01/29/2018 20:27:08 [INFO] exp_shallowmodel: LR.pen=l1.C=1.000000
01/29/2018 20:27:08 [INFO] exp_shallowmodel: ________________________________________________________________________________
01/29/2018 20:27:08 [INFO] exp_shallowmodel: Training: 
01/29/2018 20:27:08 [INFO] exp_shallowmodel: LogisticRegression(C=1, class_weight=None, dual=False, fit_intercept=True,
          intercept_scaling=1, max_iter=100, multi_class='ovr', n_jobs=1,
          penalty='l1', random_state=None, solver='liblinear', tol=0.0001,
          verbose=0, warm_start=False)
01/29/2018 20:27:14 [INFO] exp_shallowmodel: train time: 5.491s
01/29/2018 20:27:14 [INFO] exp_shallowmodel: test time:  0.001s
01/29/2018 20:27:14 [INFO] exp_shallowmodel: accuracy:   0.774
01/29/2018 20:27:14 [INFO] exp_shallowmodel: f1_score:   0.663
01/29/2018 20:27:14 [INFO] exp_shallowmodel: classification report:
01/29/2018 20:27:14 [INFO] exp_shallowmodel:              precision    recall  f1-score   support

          A       0.45      0.36      0.40        14
          C       0.73      0.74      0.74       164
          F       0.87      0.88      0.88       268
          R       0.64      0.63      0.64       125

avg / total       0.77      0.77      0.77       571

01/29/2018 20:27:14 [INFO] exp_shallowmodel: confusion matrix:
01/29/2018 20:27:14 [INFO] exp_shallowmodel: 
[[  5   1   5   3]
 [  0 122  16  26]
 [  3  14 236  15]
 [  3  29  14  79]]
01/29/2018 20:27:14 [INFO] exp_shallowmodel: ******************** dstc2 - Round 36 
01/29/2018 20:27:14 [INFO] exp_shallowmodel: #(data) = 4583
01/29/2018 20:27:14 [INFO] exp_shallowmodel: #(feature) = 513
01/29/2018 20:27:14 [INFO] exp_shallowmodel: ================================================================================
01/29/2018 20:27:14 [INFO] exp_shallowmodel: LR.pen=l1.C=1.000000
01/29/2018 20:27:14 [INFO] exp_shallowmodel: ________________________________________________________________________________
01/29/2018 20:27:14 [INFO] exp_shallowmodel: Training: 
01/29/2018 20:27:14 [INFO] exp_shallowmodel: LogisticRegression(C=1, class_weight=None, dual=False, fit_intercept=True,
          intercept_scaling=1, max_iter=100, multi_class='ovr', n_jobs=1,
          penalty='l1', random_state=None, solver='liblinear', tol=0.0001,
          verbose=0, warm_start=False)
01/29/2018 20:27:20 [INFO] exp_shallowmodel: train time: 5.739s
01/29/2018 20:27:20 [INFO] exp_shallowmodel: test time:  0.000s
01/29/2018 20:27:20 [INFO] exp_shallowmodel: accuracy:   0.753
01/29/2018 20:27:20 [INFO] exp_shallowmodel: f1_score:   0.606
01/29/2018 20:27:20 [INFO] exp_shallowmodel: classification report:
01/29/2018 20:27:20 [INFO] exp_shallowmodel:              precision    recall  f1-score   support

          A       0.25      0.21      0.23        14
          C       0.70      0.68      0.69       164
          F       0.87      0.88      0.87       268
          R       0.62      0.63      0.63       125

avg / total       0.75      0.75      0.75       571

01/29/2018 20:27:20 [INFO] exp_shallowmodel: confusion matrix:
01/29/2018 20:27:20 [INFO] exp_shallowmodel: 
[[  3   4   5   2]
 [  2 112  19  31]
 [  3  14 236  15]
 [  4  30  12  79]]
01/29/2018 20:27:20 [INFO] exp_shallowmodel: ******************** dstc2 - Round 37 
01/29/2018 20:27:20 [INFO] exp_shallowmodel: #(data) = 4583
01/29/2018 20:27:20 [INFO] exp_shallowmodel: #(feature) = 513
01/29/2018 20:27:20 [INFO] exp_shallowmodel: ================================================================================
01/29/2018 20:27:20 [INFO] exp_shallowmodel: LR.pen=l1.C=1.000000
01/29/2018 20:27:20 [INFO] exp_shallowmodel: ________________________________________________________________________________
01/29/2018 20:27:20 [INFO] exp_shallowmodel: Training: 
01/29/2018 20:27:20 [INFO] exp_shallowmodel: LogisticRegression(C=1, class_weight=None, dual=False, fit_intercept=True,
          intercept_scaling=1, max_iter=100, multi_class='ovr', n_jobs=1,
          penalty='l1', random_state=None, solver='liblinear', tol=0.0001,
          verbose=0, warm_start=False)
01/29/2018 20:27:26 [INFO] exp_shallowmodel: train time: 6.058s
01/29/2018 20:27:26 [INFO] exp_shallowmodel: test time:  0.000s
01/29/2018 20:27:26 [INFO] exp_shallowmodel: accuracy:   0.793
01/29/2018 20:27:26 [INFO] exp_shallowmodel: f1_score:   0.702
01/29/2018 20:27:26 [INFO] exp_shallowmodel: classification report:
01/29/2018 20:27:26 [INFO] exp_shallowmodel:              precision    recall  f1-score   support

          A       0.67      0.43      0.52        14
          C       0.76      0.80      0.78       164
          F       0.88      0.90      0.89       268
          R       0.64      0.59      0.62       125

avg / total       0.79      0.79      0.79       571

01/29/2018 20:27:26 [INFO] exp_shallowmodel: confusion matrix:
01/29/2018 20:27:26 [INFO] exp_shallowmodel: 
[[  6   0   7   1]
 [  1 131   8  24]
 [  1   9 242  16]
 [  1  33  17  74]]
01/29/2018 20:27:26 [INFO] exp_shallowmodel: ******************** dstc2 - Round 38 
01/29/2018 20:27:26 [INFO] exp_shallowmodel: #(data) = 4583
01/29/2018 20:27:26 [INFO] exp_shallowmodel: #(feature) = 513
01/29/2018 20:27:26 [INFO] exp_shallowmodel: ================================================================================
01/29/2018 20:27:26 [INFO] exp_shallowmodel: LR.pen=l1.C=1.000000
01/29/2018 20:27:26 [INFO] exp_shallowmodel: ________________________________________________________________________________
01/29/2018 20:27:26 [INFO] exp_shallowmodel: Training: 
01/29/2018 20:27:26 [INFO] exp_shallowmodel: LogisticRegression(C=1, class_weight=None, dual=False, fit_intercept=True,
          intercept_scaling=1, max_iter=100, multi_class='ovr', n_jobs=1,
          penalty='l1', random_state=None, solver='liblinear', tol=0.0001,
          verbose=0, warm_start=False)
01/29/2018 20:27:31 [INFO] exp_shallowmodel: train time: 5.676s
01/29/2018 20:27:31 [INFO] exp_shallowmodel: test time:  0.000s
01/29/2018 20:27:31 [INFO] exp_shallowmodel: accuracy:   0.799
01/29/2018 20:27:31 [INFO] exp_shallowmodel: f1_score:   0.662
01/29/2018 20:27:31 [INFO] exp_shallowmodel: classification report:
01/29/2018 20:27:31 [INFO] exp_shallowmodel:              precision    recall  f1-score   support

          A       0.33      0.29      0.31        14
          C       0.76      0.77      0.77       164
          F       0.90      0.90      0.90       268
          R       0.68      0.67      0.67       125

avg / total       0.80      0.80      0.80       571

01/29/2018 20:27:31 [INFO] exp_shallowmodel: confusion matrix:
01/29/2018 20:27:31 [INFO] exp_shallowmodel: 
[[  4   3   4   3]
 [  2 127  11  24]
 [  5   9 241  13]
 [  1  28  12  84]]
01/29/2018 20:27:31 [INFO] exp_shallowmodel: ******************** dstc2 - Round 39 
01/29/2018 20:27:31 [INFO] exp_shallowmodel: #(data) = 4568
01/29/2018 20:27:31 [INFO] exp_shallowmodel: #(feature) = 513
01/29/2018 20:27:31 [INFO] exp_shallowmodel: ================================================================================
01/29/2018 20:27:31 [INFO] exp_shallowmodel: LR.pen=l1.C=1.000000
01/29/2018 20:27:31 [INFO] exp_shallowmodel: ________________________________________________________________________________
01/29/2018 20:27:31 [INFO] exp_shallowmodel: Training: 
01/29/2018 20:27:31 [INFO] exp_shallowmodel: LogisticRegression(C=1, class_weight=None, dual=False, fit_intercept=True,
          intercept_scaling=1, max_iter=100, multi_class='ovr', n_jobs=1,
          penalty='l1', random_state=None, solver='liblinear', tol=0.0001,
          verbose=0, warm_start=False)
01/29/2018 20:27:37 [INFO] exp_shallowmodel: train time: 5.179s
01/29/2018 20:27:37 [INFO] exp_shallowmodel: test time:  0.001s
01/29/2018 20:27:37 [INFO] exp_shallowmodel: accuracy:   0.799
01/29/2018 20:27:37 [INFO] exp_shallowmodel: f1_score:   0.664
01/29/2018 20:27:37 [INFO] exp_shallowmodel: classification report:
01/29/2018 20:27:37 [INFO] exp_shallowmodel:              precision    recall  f1-score   support

          A       0.44      0.25      0.32        16
          C       0.75      0.78      0.77       169
          F       0.90      0.91      0.90       271
          R       0.67      0.65      0.66       130

avg / total       0.79      0.80      0.80       586

01/29/2018 20:27:37 [INFO] exp_shallowmodel: confusion matrix:
01/29/2018 20:27:37 [INFO] exp_shallowmodel: 
[[  4   3   5   4]
 [  0 132  11  26]
 [  1  12 247  11]
 [  4  29  12  85]]
01/29/2018 20:27:37 [INFO] exp_shallowmodel: ******************** dstc2 - Round 40 
01/29/2018 20:27:37 [INFO] exp_shallowmodel: #(data) = 4583
01/29/2018 20:27:37 [INFO] exp_shallowmodel: #(feature) = 513
01/29/2018 20:27:37 [INFO] exp_shallowmodel: ================================================================================
01/29/2018 20:27:37 [INFO] exp_shallowmodel: LR.pen=l1.C=1.000000
01/29/2018 20:27:37 [INFO] exp_shallowmodel: ________________________________________________________________________________
01/29/2018 20:27:37 [INFO] exp_shallowmodel: Training: 
01/29/2018 20:27:37 [INFO] exp_shallowmodel: LogisticRegression(C=1, class_weight=None, dual=False, fit_intercept=True,
          intercept_scaling=1, max_iter=100, multi_class='ovr', n_jobs=1,
          penalty='l1', random_state=None, solver='liblinear', tol=0.0001,
          verbose=0, warm_start=False)
01/29/2018 20:27:42 [INFO] exp_shallowmodel: train time: 5.039s
01/29/2018 20:27:42 [INFO] exp_shallowmodel: test time:  0.000s
01/29/2018 20:27:42 [INFO] exp_shallowmodel: accuracy:   0.785
01/29/2018 20:27:42 [INFO] exp_shallowmodel: f1_score:   0.650
01/29/2018 20:27:42 [INFO] exp_shallowmodel: classification report:
01/29/2018 20:27:42 [INFO] exp_shallowmodel:              precision    recall  f1-score   support

          A       0.33      0.29      0.31        14
          C       0.76      0.73      0.75       164
          F       0.89      0.90      0.89       268
          R       0.64      0.66      0.65       125

avg / total       0.78      0.78      0.78       571

01/29/2018 20:27:42 [INFO] exp_shallowmodel: confusion matrix:
01/29/2018 20:27:42 [INFO] exp_shallowmodel: 
[[  4   3   2   5]
 [  1 120  13  30]
 [  6   9 241  12]
 [  1  26  15  83]]
01/29/2018 20:27:42 [INFO] exp_shallowmodel: ******************** dstc2 - Round 41 
01/29/2018 20:27:42 [INFO] exp_shallowmodel: #(data) = 4583
01/29/2018 20:27:42 [INFO] exp_shallowmodel: #(feature) = 513
01/29/2018 20:27:42 [INFO] exp_shallowmodel: ================================================================================
01/29/2018 20:27:42 [INFO] exp_shallowmodel: LR.pen=l1.C=1.000000
01/29/2018 20:27:42 [INFO] exp_shallowmodel: ________________________________________________________________________________
01/29/2018 20:27:42 [INFO] exp_shallowmodel: Training: 
01/29/2018 20:27:42 [INFO] exp_shallowmodel: LogisticRegression(C=1, class_weight=None, dual=False, fit_intercept=True,
          intercept_scaling=1, max_iter=100, multi_class='ovr', n_jobs=1,
          penalty='l1', random_state=None, solver='liblinear', tol=0.0001,
          verbose=0, warm_start=False)
01/29/2018 20:27:47 [INFO] exp_shallowmodel: train time: 5.080s
01/29/2018 20:27:47 [INFO] exp_shallowmodel: test time:  0.000s
01/29/2018 20:27:47 [INFO] exp_shallowmodel: accuracy:   0.804
01/29/2018 20:27:47 [INFO] exp_shallowmodel: f1_score:   0.682
01/29/2018 20:27:47 [INFO] exp_shallowmodel: classification report:
01/29/2018 20:27:47 [INFO] exp_shallowmodel:              precision    recall  f1-score   support

          A       0.57      0.29      0.38        14
          C       0.76      0.76      0.76       164
          F       0.90      0.91      0.91       268
          R       0.66      0.70      0.68       125

avg / total       0.80      0.80      0.80       571

01/29/2018 20:27:47 [INFO] exp_shallowmodel: confusion matrix:
01/29/2018 20:27:47 [INFO] exp_shallowmodel: 
[[  4   1   6   3]
 [  2 125  10  27]
 [  0  11 243  14]
 [  1  27  10  87]]
01/29/2018 20:27:47 [INFO] exp_shallowmodel: ******************** dstc2 - Round 42 
01/29/2018 20:27:47 [INFO] exp_shallowmodel: #(data) = 4583
01/29/2018 20:27:47 [INFO] exp_shallowmodel: #(feature) = 513
01/29/2018 20:27:47 [INFO] exp_shallowmodel: ================================================================================
01/29/2018 20:27:47 [INFO] exp_shallowmodel: LR.pen=l1.C=1.000000
01/29/2018 20:27:47 [INFO] exp_shallowmodel: ________________________________________________________________________________
01/29/2018 20:27:47 [INFO] exp_shallowmodel: Training: 
01/29/2018 20:27:47 [INFO] exp_shallowmodel: LogisticRegression(C=1, class_weight=None, dual=False, fit_intercept=True,
          intercept_scaling=1, max_iter=100, multi_class='ovr', n_jobs=1,
          penalty='l1', random_state=None, solver='liblinear', tol=0.0001,
          verbose=0, warm_start=False)
01/29/2018 20:27:53 [INFO] exp_shallowmodel: train time: 5.879s
01/29/2018 20:27:53 [INFO] exp_shallowmodel: test time:  0.000s
01/29/2018 20:27:53 [INFO] exp_shallowmodel: accuracy:   0.772
01/29/2018 20:27:53 [INFO] exp_shallowmodel: f1_score:   0.648
01/29/2018 20:27:53 [INFO] exp_shallowmodel: classification report:
01/29/2018 20:27:53 [INFO] exp_shallowmodel:              precision    recall  f1-score   support

          A       0.50      0.29      0.36        14
          C       0.73      0.71      0.72       164
          F       0.88      0.90      0.89       268
          R       0.61      0.62      0.62       125

avg / total       0.77      0.77      0.77       571

01/29/2018 20:27:53 [INFO] exp_shallowmodel: confusion matrix:
01/29/2018 20:27:53 [INFO] exp_shallowmodel: 
[[  4   0   5   5]
 [  0 117  16  31]
 [  3   9 242  14]
 [  1  35  11  78]]
01/29/2018 20:27:53 [INFO] exp_shallowmodel: ******************** dstc2 - Round 43 
01/29/2018 20:27:53 [INFO] exp_shallowmodel: #(data) = 4583
01/29/2018 20:27:53 [INFO] exp_shallowmodel: #(feature) = 513
01/29/2018 20:27:53 [INFO] exp_shallowmodel: ================================================================================
01/29/2018 20:27:53 [INFO] exp_shallowmodel: LR.pen=l1.C=1.000000
01/29/2018 20:27:53 [INFO] exp_shallowmodel: ________________________________________________________________________________
01/29/2018 20:27:53 [INFO] exp_shallowmodel: Training: 
01/29/2018 20:27:53 [INFO] exp_shallowmodel: LogisticRegression(C=1, class_weight=None, dual=False, fit_intercept=True,
          intercept_scaling=1, max_iter=100, multi_class='ovr', n_jobs=1,
          penalty='l1', random_state=None, solver='liblinear', tol=0.0001,
          verbose=0, warm_start=False)
01/29/2018 20:27:58 [INFO] exp_shallowmodel: train time: 5.079s
01/29/2018 20:27:58 [INFO] exp_shallowmodel: test time:  0.001s
01/29/2018 20:27:58 [INFO] exp_shallowmodel: accuracy:   0.774
01/29/2018 20:27:58 [INFO] exp_shallowmodel: f1_score:   0.700
01/29/2018 20:27:58 [INFO] exp_shallowmodel: classification report:
01/29/2018 20:27:58 [INFO] exp_shallowmodel:              precision    recall  f1-score   support

          A       0.70      0.50      0.58        14
          C       0.69      0.74      0.71       164
          F       0.89      0.90      0.90       268
          R       0.63      0.58      0.61       125

avg / total       0.77      0.77      0.77       571

01/29/2018 20:27:58 [INFO] exp_shallowmodel: confusion matrix:
01/29/2018 20:27:58 [INFO] exp_shallowmodel: 
[[  7   1   5   1]
 [  1 121  12  30]
 [  1  14 241  12]
 [  1  39  12  73]]
01/29/2018 20:27:58 [INFO] exp_shallowmodel: ******************** dstc2 - Round 44 
01/29/2018 20:27:58 [INFO] exp_shallowmodel: #(data) = 4583
01/29/2018 20:27:58 [INFO] exp_shallowmodel: #(feature) = 513
01/29/2018 20:27:58 [INFO] exp_shallowmodel: ================================================================================
01/29/2018 20:27:58 [INFO] exp_shallowmodel: LR.pen=l1.C=1.000000
01/29/2018 20:27:58 [INFO] exp_shallowmodel: ________________________________________________________________________________
01/29/2018 20:27:58 [INFO] exp_shallowmodel: Training: 
01/29/2018 20:27:58 [INFO] exp_shallowmodel: LogisticRegression(C=1, class_weight=None, dual=False, fit_intercept=True,
          intercept_scaling=1, max_iter=100, multi_class='ovr', n_jobs=1,
          penalty='l1', random_state=None, solver='liblinear', tol=0.0001,
          verbose=0, warm_start=False)
01/29/2018 20:28:04 [INFO] exp_shallowmodel: train time: 5.867s
01/29/2018 20:28:04 [INFO] exp_shallowmodel: test time:  0.000s
01/29/2018 20:28:04 [INFO] exp_shallowmodel: accuracy:   0.785
01/29/2018 20:28:04 [INFO] exp_shallowmodel: f1_score:   0.618
01/29/2018 20:28:04 [INFO] exp_shallowmodel: classification report:
01/29/2018 20:28:04 [INFO] exp_shallowmodel:              precision    recall  f1-score   support

          A       0.29      0.14      0.19        14
          C       0.75      0.73      0.74       164
          F       0.86      0.92      0.89       268
          R       0.67      0.63      0.65       125

avg / total       0.77      0.78      0.78       571

01/29/2018 20:28:04 [INFO] exp_shallowmodel: confusion matrix:
01/29/2018 20:28:04 [INFO] exp_shallowmodel: 
[[  2   2   4   6]
 [  1 120  19  24]
 [  3   9 247   9]
 [  1  28  17  79]]
01/29/2018 20:28:04 [INFO] exp_shallowmodel: ******************** dstc2 - Round 45 
01/29/2018 20:28:04 [INFO] exp_shallowmodel: #(data) = 4583
01/29/2018 20:28:04 [INFO] exp_shallowmodel: #(feature) = 513
01/29/2018 20:28:04 [INFO] exp_shallowmodel: ================================================================================
01/29/2018 20:28:04 [INFO] exp_shallowmodel: LR.pen=l1.C=1.000000
01/29/2018 20:28:04 [INFO] exp_shallowmodel: ________________________________________________________________________________
01/29/2018 20:28:04 [INFO] exp_shallowmodel: Training: 
01/29/2018 20:28:04 [INFO] exp_shallowmodel: LogisticRegression(C=1, class_weight=None, dual=False, fit_intercept=True,
          intercept_scaling=1, max_iter=100, multi_class='ovr', n_jobs=1,
          penalty='l1', random_state=None, solver='liblinear', tol=0.0001,
          verbose=0, warm_start=False)
01/29/2018 20:28:10 [INFO] exp_shallowmodel: train time: 6.084s
01/29/2018 20:28:10 [INFO] exp_shallowmodel: test time:  0.000s
01/29/2018 20:28:10 [INFO] exp_shallowmodel: accuracy:   0.772
01/29/2018 20:28:10 [INFO] exp_shallowmodel: f1_score:   0.627
01/29/2018 20:28:10 [INFO] exp_shallowmodel: classification report:
01/29/2018 20:28:10 [INFO] exp_shallowmodel:              precision    recall  f1-score   support

          A       0.43      0.21      0.29        14
          C       0.71      0.77      0.74       164
          F       0.88      0.90      0.89       268
          R       0.62      0.56      0.59       125

avg / total       0.77      0.77      0.77       571

01/29/2018 20:28:10 [INFO] exp_shallowmodel: confusion matrix:
01/29/2018 20:28:10 [INFO] exp_shallowmodel: 
[[  3   5   4   2]
 [  0 126  10  28]
 [  3  11 242  12]
 [  1  36  18  70]]
01/29/2018 20:28:10 [INFO] exp_shallowmodel: ******************** dstc2 - Round 46 
01/29/2018 20:28:10 [INFO] exp_shallowmodel: #(data) = 4583
01/29/2018 20:28:10 [INFO] exp_shallowmodel: #(feature) = 513
01/29/2018 20:28:10 [INFO] exp_shallowmodel: ================================================================================
01/29/2018 20:28:10 [INFO] exp_shallowmodel: LR.pen=l1.C=1.000000
01/29/2018 20:28:10 [INFO] exp_shallowmodel: ________________________________________________________________________________
01/29/2018 20:28:10 [INFO] exp_shallowmodel: Training: 
01/29/2018 20:28:10 [INFO] exp_shallowmodel: LogisticRegression(C=1, class_weight=None, dual=False, fit_intercept=True,
          intercept_scaling=1, max_iter=100, multi_class='ovr', n_jobs=1,
          penalty='l1', random_state=None, solver='liblinear', tol=0.0001,
          verbose=0, warm_start=False)
01/29/2018 20:28:16 [INFO] exp_shallowmodel: train time: 5.574s
01/29/2018 20:28:16 [INFO] exp_shallowmodel: test time:  0.000s
01/29/2018 20:28:16 [INFO] exp_shallowmodel: accuracy:   0.760
01/29/2018 20:28:16 [INFO] exp_shallowmodel: f1_score:   0.626
01/29/2018 20:28:16 [INFO] exp_shallowmodel: classification report:
01/29/2018 20:28:16 [INFO] exp_shallowmodel:              precision    recall  f1-score   support

          A       0.31      0.29      0.30        14
          C       0.71      0.70      0.71       164
          F       0.86      0.89      0.88       268
          R       0.64      0.62      0.63       125

avg / total       0.76      0.76      0.76       571

01/29/2018 20:28:16 [INFO] exp_shallowmodel: confusion matrix:
01/29/2018 20:28:16 [INFO] exp_shallowmodel: 
[[  4   1   5   4]
 [  3 115  19  27]
 [  4  14 238  12]
 [  2  32  14  77]]
01/29/2018 20:28:16 [INFO] exp_shallowmodel: ******************** dstc2 - Round 47 
01/29/2018 20:28:16 [INFO] exp_shallowmodel: #(data) = 4583
01/29/2018 20:28:16 [INFO] exp_shallowmodel: #(feature) = 513
01/29/2018 20:28:16 [INFO] exp_shallowmodel: ================================================================================
01/29/2018 20:28:16 [INFO] exp_shallowmodel: LR.pen=l1.C=1.000000
01/29/2018 20:28:16 [INFO] exp_shallowmodel: ________________________________________________________________________________
01/29/2018 20:28:16 [INFO] exp_shallowmodel: Training: 
01/29/2018 20:28:16 [INFO] exp_shallowmodel: LogisticRegression(C=1, class_weight=None, dual=False, fit_intercept=True,
          intercept_scaling=1, max_iter=100, multi_class='ovr', n_jobs=1,
          penalty='l1', random_state=None, solver='liblinear', tol=0.0001,
          verbose=0, warm_start=False)
01/29/2018 20:28:21 [INFO] exp_shallowmodel: train time: 5.451s
01/29/2018 20:28:21 [INFO] exp_shallowmodel: test time:  0.001s
01/29/2018 20:28:21 [INFO] exp_shallowmodel: accuracy:   0.793
01/29/2018 20:28:21 [INFO] exp_shallowmodel: f1_score:   0.676
01/29/2018 20:28:21 [INFO] exp_shallowmodel: classification report:
01/29/2018 20:28:21 [INFO] exp_shallowmodel:              precision    recall  f1-score   support

          A       0.45      0.36      0.40        14
          C       0.71      0.74      0.72       164
          F       0.92      0.91      0.92       268
          R       0.66      0.66      0.66       125

avg / total       0.79      0.79      0.79       571

01/29/2018 20:28:21 [INFO] exp_shallowmodel: confusion matrix:
01/29/2018 20:28:21 [INFO] exp_shallowmodel: 
[[  5   2   7   0]
 [  3 121   6  34]
 [  2  14 244   8]
 [  1  33   8  83]]
01/29/2018 20:28:21 [INFO] exp_shallowmodel: ******************** dstc2 - Round 48 
01/29/2018 20:28:21 [INFO] exp_shallowmodel: #(data) = 4583
01/29/2018 20:28:21 [INFO] exp_shallowmodel: #(feature) = 513
01/29/2018 20:28:21 [INFO] exp_shallowmodel: ================================================================================
01/29/2018 20:28:21 [INFO] exp_shallowmodel: LR.pen=l1.C=1.000000
01/29/2018 20:28:21 [INFO] exp_shallowmodel: ________________________________________________________________________________
01/29/2018 20:28:21 [INFO] exp_shallowmodel: Training: 
01/29/2018 20:28:21 [INFO] exp_shallowmodel: LogisticRegression(C=1, class_weight=None, dual=False, fit_intercept=True,
          intercept_scaling=1, max_iter=100, multi_class='ovr', n_jobs=1,
          penalty='l1', random_state=None, solver='liblinear', tol=0.0001,
          verbose=0, warm_start=False)
01/29/2018 20:28:27 [INFO] exp_shallowmodel: train time: 5.742s
01/29/2018 20:28:27 [INFO] exp_shallowmodel: test time:  0.000s
01/29/2018 20:28:27 [INFO] exp_shallowmodel: accuracy:   0.788
01/29/2018 20:28:27 [INFO] exp_shallowmodel: f1_score:   0.661
01/29/2018 20:28:27 [INFO] exp_shallowmodel: classification report:
01/29/2018 20:28:27 [INFO] exp_shallowmodel:              precision    recall  f1-score   support

          A       0.44      0.29      0.35        14
          C       0.76      0.85      0.80       164
          F       0.86      0.87      0.87       268
          R       0.69      0.58      0.63       125

avg / total       0.78      0.79      0.78       571

01/29/2018 20:28:27 [INFO] exp_shallowmodel: confusion matrix:
01/29/2018 20:28:27 [INFO] exp_shallowmodel: 
[[  4   2   6   2]
 [  1 140  10  13]
 [  4  12 234  18]
 [  0  31  22  72]]
01/29/2018 20:28:27 [INFO] exp_shallowmodel: ******************** dstc2 - Round 49 
01/29/2018 20:28:27 [INFO] exp_shallowmodel: #(data) = 4568
01/29/2018 20:28:27 [INFO] exp_shallowmodel: #(feature) = 513
01/29/2018 20:28:27 [INFO] exp_shallowmodel: ================================================================================
01/29/2018 20:28:27 [INFO] exp_shallowmodel: LR.pen=l1.C=1.000000
01/29/2018 20:28:27 [INFO] exp_shallowmodel: ________________________________________________________________________________
01/29/2018 20:28:27 [INFO] exp_shallowmodel: Training: 
01/29/2018 20:28:27 [INFO] exp_shallowmodel: LogisticRegression(C=1, class_weight=None, dual=False, fit_intercept=True,
          intercept_scaling=1, max_iter=100, multi_class='ovr', n_jobs=1,
          penalty='l1', random_state=None, solver='liblinear', tol=0.0001,
          verbose=0, warm_start=False)
01/29/2018 20:28:33 [INFO] exp_shallowmodel: train time: 5.635s
01/29/2018 20:28:33 [INFO] exp_shallowmodel: test time:  0.000s
01/29/2018 20:28:33 [INFO] exp_shallowmodel: accuracy:   0.788
01/29/2018 20:28:33 [INFO] exp_shallowmodel: f1_score:   0.657
01/29/2018 20:28:33 [INFO] exp_shallowmodel: classification report:
01/29/2018 20:28:33 [INFO] exp_shallowmodel:              precision    recall  f1-score   support

          A       0.44      0.25      0.32        16
          C       0.76      0.75      0.75       169
          F       0.88      0.90      0.89       271
          R       0.66      0.67      0.67       130

avg / total       0.78      0.79      0.78       586

01/29/2018 20:28:33 [INFO] exp_shallowmodel: confusion matrix:
01/29/2018 20:28:33 [INFO] exp_shallowmodel: 
[[  4   3   7   2]
 [  0 126  12  31]
 [  2  13 245  11]
 [  3  24  16  87]]
Traceback (most recent call last):
  File "/ihome/pbrusilosky/rum20/packages/anaconda3/lib/python3.6/runpy.py", line 193, in _run_module_as_main
    "__main__", mod_spec)
  File "/ihome/pbrusilosky/rum20/packages/anaconda3/lib/python3.6/runpy.py", line 85, in _run_code
    exec(code, run_globals)
  File "/ihome/pbrusilosky/rum20/y_classify/dialogue/classify/task_runner.py", line 220, in <module>
    worker(q, data_dict, opt)
  File "/ihome/pbrusilosky/rum20/y_classify/dialogue/classify/task_runner.py", line 183, in worker
    result = exp.run_cross_validation_with_continuous_feature_selection(X, Y, retained_feature_indices, retained_feature_names, opt.k_feature_to_keep, opt.k_component_for_pca)
  File "/ihome/pbrusilosky/rum20/y_classify/dialogue/classify/exp_shallowmodel.py", line 1307, in run_cross_validation_with_continuous_feature_selection
    chi2_stats, pvals        = chi2(X_discrete, Y)
  File "/ihome/pbrusilosky/rum20/packages/anaconda3/lib/python3.6/site-packages/sklearn/feature_selection/univariate_selection.py", line 213, in chi2
    X = check_array(X, accept_sparse='csr')
  File "/ihome/pbrusilosky/rum20/packages/anaconda3/lib/python3.6/site-packages/sklearn/utils/validation.py", line 470, in check_array
    context))
ValueError: Found array with 0 feature(s) (shape=(5725, 0)) while a minimum of 1 is required.
srun: error: smp-n14: task 0: Exited with exit code 1
