/ihome/pbrusilosky/rum20/packages/anaconda3/bin/python -m dialogue.classify.task_runner -experiment_mode continuous_feature_selection -selected_feature_set_id 5 -add_similarity_feature -selected_context_id 0 -k_feature_to_keep -1 -k_component_for_pca 7
No. of param settings = 1
[('experiment_mode', 'continuous_feature_selection'), ('deep_model', False), ('selected_context_id', 0), ('selected_feature_set_id', 5), ('similarity_feature', True), ('k_feature_to_keep', -1), ('k_component_for_pca', 7)]
Loading extracted features of dstc2
Loading extracted features of dstc3
Loading extracted features of family
Loading extracted features of ghome
01/29/2018 20:20:41 [INFO] configuration: experiment_mode  :   continuous_feature_selection
01/29/2018 20:20:41 [INFO] configuration: deep_model  :   False
01/29/2018 20:20:41 [INFO] configuration: selected_context_id  :   0
01/29/2018 20:20:41 [INFO] configuration: selected_feature_set_id  :   5
01/29/2018 20:20:41 [INFO] configuration: similarity_feature  :   True
01/29/2018 20:20:41 [INFO] configuration: k_feature_to_keep  :   -1
01/29/2018 20:20:41 [INFO] configuration: k_component_for_pca  :   7
01/29/2018 20:20:41 [INFO] configuration: seed  :   154316847
01/29/2018 20:20:41 [INFO] configuration: root_path  :   /ihome/pbrusilosky/rum20/y_classify
01/29/2018 20:20:41 [INFO] configuration: task_name  :   utterance_type
01/29/2018 20:20:41 [INFO] configuration: timemark  :   20180129-202041
01/29/2018 20:20:41 [INFO] configuration: context_set  :   next
01/29/2018 20:20:41 [INFO] configuration: utterance_names  :   ['last_user_utterance', 'last_system_utterance', 'current_user_utterance', 'next_system_utterance', 'next_user_utterance']
01/29/2018 20:20:41 [INFO] configuration: utterance_range  :   ['current_user_utterance', 'next_system_utterance', 'next_user_utterance']
01/29/2018 20:20:41 [INFO] configuration: feature_set  :   5-lda
01/29/2018 20:20:41 [INFO] configuration: feature_set_number  :   ['8']
01/29/2018 20:20:41 [INFO] configuration: experiment_name  :   20180129-202041.continuous_feature_selection.pca_component=7.feature_number=-1.context=next.feature=5-lda.similarity=true
01/29/2018 20:20:41 [INFO] configuration: experiment_path  :   /ihome/pbrusilosky/rum20/y_classify/output/20180129-202041.continuous_feature_selection.pca_component=7.feature_number=-1.context=next.feature=5-lda.similarity=true
01/29/2018 20:20:41 [INFO] configuration: log_path  :   /ihome/pbrusilosky/rum20/y_classify/output/20180129-202041.continuous_feature_selection.pca_component=7.feature_number=-1.context=next.feature=5-lda.similarity=true/output.log
01/29/2018 20:20:41 [INFO] configuration: valid_type  :   {'A', 'C', 'F', 'R'}
01/29/2018 20:20:41 [INFO] configuration: data_name  :   
01/29/2018 20:20:41 [INFO] configuration: data_names  :   ['dstc2', 'dstc3', 'family', 'ghome']
01/29/2018 20:20:41 [INFO] configuration: raw_feature_path  :   /ihome/pbrusilosky/rum20/y_classify/dataset/feature/%s.raw_feature.pkl
01/29/2018 20:20:41 [INFO] configuration: extracted_feature_path  :   /ihome/pbrusilosky/rum20/y_classify/dataset/feature/%s.extracted_feature.pkl
01/29/2018 20:20:41 [INFO] configuration: pipeline_path  :   /ihome/pbrusilosky/rum20/y_classify/dataset/feature/%s.pipeline.pkl
01/29/2018 20:20:41 [INFO] configuration: metrics  :   ['accuracy', 'precision', 'recall', 'f1_score', 'training_time', 'test_time']
01/29/2018 20:20:41 [INFO] configuration: do_cross_validation  :   True
01/29/2018 20:20:41 [INFO] configuration: #division  :   5
01/29/2018 20:20:41 [INFO] configuration: #cross_validation  :   10
01/29/2018 20:20:41 [INFO] configuration: cv_index_cache_path  :   
01/29/2018 20:20:41 [INFO] configuration: action_words  :   {'help', 'weather', 'post', 'ani', 'list', 'any', 'south', 'skip', 'temperatur', 'volume', 'cheap', 'start', 'telephone', 'discard', 'play', 'expensive', 'findcare', 'light', 'snooz', 'centr', 'expens', 'matter', 'tell', 'cast', 'shuffl', 'volum', 'reminds', 'els', 'items', 'delet', 'video', 'area', 'item', 'remove', 'timer', 'show', 'song', 'food', 'part', 'stop', 'music', 'room', 'delete', 'share', 'telephon', 'remov', 'alarm', 'address', 'add', 'temperature', 'next', 'centre', 'else', 'remind', 'north', 'number', 'clear', 'snooze', 'reminders', 'phone', 'shuffle', 'findcar', 'turn', 'price', 'reminder', 'moderate', 'watch', 'moder', 'time', 'member'}
01/29/2018 20:20:41 [INFO] configuration: corenlp_jars  :   ('/Users/memray/Project/stanford/stanford-corenlp-full-3.8.0/*', '/Users/memray/Project/stanford/stanford-corenlp-full-3.8.0/stanford-english-kbp-corenlp-2017-06-09-models.jar')
01/29/2018 20:20:41 [INFO] configuration: lda_topic_number  :   50
01/29/2018 20:20:41 [INFO] configuration: lda_path  :   /ihome/pbrusilosky/rum20/y_classify/dataset/feature/gensim/%s.topic=50.lda.pkl
01/29/2018 20:20:41 [INFO] configuration: gensim_corpus_path  :   /ihome/pbrusilosky/rum20/y_classify/dataset/feature/gensim/%s.corpus.pkl
01/29/2018 20:20:41 [INFO] configuration: gensim_dict_path  :   /ihome/pbrusilosky/rum20/y_classify/dataset/feature/gensim/%s.dict
01/29/2018 20:20:41 [INFO] configuration: w2v_path  :   /home/memray/Data/glove/GoogleNews-vectors-negative300.bin
01/29/2018 20:20:41 [INFO] configuration: w2v_vector_length  :   300
01/29/2018 20:20:41 [INFO] configuration: d2v_vector_length  :   300
01/29/2018 20:20:41 [INFO] configuration: d2v_window_size  :   5
01/29/2018 20:20:41 [INFO] configuration: d2v_min_count  :   2
01/29/2018 20:20:41 [INFO] configuration: d2v_model_path  :   /ihome/pbrusilosky/rum20/y_classify/dataset/feature/gensim/%s.doc2vec.dim=300.window=5.min_count=2.model
01/29/2018 20:20:41 [INFO] configuration: d2v_vector_path  :   /ihome/pbrusilosky/rum20/y_classify/dataset/feature/gensim/%s.doc2vec.dim=300.window=5.min_count=2.vector
01/29/2018 20:20:41 [INFO] configuration: num_word_keep  :   {'dstc2': 300, 'dstc3': 300, 'family': 1000, 'ghome': 1000}
01/29/2018 20:20:41 [INFO] configuration: batch_size  :   128
01/29/2018 20:20:41 [INFO] configuration: max_epoch  :   50
01/29/2018 20:20:41 [INFO] configuration: early_stop_tolerance  :   2
01/29/2018 20:20:41 [INFO] configuration: concat_sents  :   False
01/29/2018 20:20:41 [INFO] configuration: cnn_setting  :   {'model': 'multichannel', 'early_stopping': True, 'word_dim': 300, 'filters': [3, 4, 5], 'filter_num': [100, 100, 100], 'class_size': 4, 'batch_size': 128, 'learning_rate': 0.001, 'norm_limit': 10, 'dropout_prob': 0.0, 'sentence_num': 3}
01/29/2018 20:20:41 [INFO] configuration: skipthought_setting  :   {'skipthought_model_path': '/Users/memray/Data/skip-thought', 'skipthought_data_path': '/ihome/pbrusilosky/rum20/y_classify/dataset/feature/gensim/%s.skip-thought.biskip.vector', 'fixed_emb': True, 'sentence_num': 3, 'hidden_size': 2400, 'class_size': 4, 'learning_rate': 0.0001, 'norm_limit': 3, 'dropout_prob': 0.5}
01/29/2018 20:20:41 [INFO] configuration: lstm_setting  :   {'model': 'non-static', 'hidden_size': 32, 'embedding_size': 300, 'num_layers': 1, 'bidirectional': False, 'learning_rate': 0.001, 'class_size': 4, 'norm_limit': 2, 'clip_grad_norm': 2, 'dropout_prob': 0.1}
01/29/2018 20:20:43 [INFO] exp_shallowmodel: %%%%%%%%%%%%%%%%%%%%%%%%%%%%%%%%%%%%%%%%%%%%%%%%%%
01/29/2018 20:20:43 [INFO] exp_shallowmodel:           dataset=dstc2
01/29/2018 20:20:43 [INFO] exp_shallowmodel:           X_new.shape=(5725, 129)
01/29/2018 20:20:43 [INFO] exp_shallowmodel:           #(discrete_feature)=0
01/29/2018 20:20:43 [INFO] exp_shallowmodel:           #(continuous_feature)=128
01/29/2018 20:20:43 [INFO] exp_shallowmodel:           #(similarity_feature)=1
01/29/2018 20:20:43 [INFO] exp_shallowmodel: %%%%%%%%%%%%%%%%%%%%%%%%%%%%%%%%%%%%%%%%%%%%%%%%%%
01/29/2018 20:20:43 [INFO] exp_shallowmodel: ******************** dstc2 - Round 0 
01/29/2018 20:20:43 [INFO] exp_shallowmodel: #(data) = 4583
01/29/2018 20:20:43 [INFO] exp_shallowmodel: #(feature) = 129
01/29/2018 20:20:43 [INFO] exp_shallowmodel: ================================================================================
01/29/2018 20:20:43 [INFO] exp_shallowmodel: LR.pen=l1.C=1.000000
01/29/2018 20:20:43 [INFO] exp_shallowmodel: ________________________________________________________________________________
01/29/2018 20:20:43 [INFO] exp_shallowmodel: Training: 
01/29/2018 20:20:43 [INFO] exp_shallowmodel: LogisticRegression(C=1, class_weight=None, dual=False, fit_intercept=True,
          intercept_scaling=1, max_iter=100, multi_class='ovr', n_jobs=1,
          penalty='l1', random_state=None, solver='liblinear', tol=0.0001,
          verbose=0, warm_start=False)
01/29/2018 20:20:44 [INFO] exp_shallowmodel: train time: 0.474s
01/29/2018 20:20:44 [INFO] exp_shallowmodel: test time:  0.000s
01/29/2018 20:20:44 [INFO] exp_shallowmodel: accuracy:   0.851
01/29/2018 20:20:44 [INFO] exp_shallowmodel: f1_score:   0.746
01/29/2018 20:20:44 [INFO] exp_shallowmodel: classification report:
01/29/2018 20:20:44 [INFO] exp_shallowmodel:              precision    recall  f1-score   support

          A       0.71      0.36      0.48        14
          C       0.80      0.82      0.81       164
          F       0.89      0.96      0.92       268
          R       0.84      0.72      0.78       125

avg / total       0.85      0.85      0.85       571

01/29/2018 20:20:44 [INFO] exp_shallowmodel: confusion matrix:
01/29/2018 20:20:44 [INFO] exp_shallowmodel: 
[[  5   2   7   0]
 [  1 135  13  15]
 [  1   9 256   2]
 [  0  23  12  90]]
01/29/2018 20:20:44 [INFO] exp_shallowmodel: ******************** dstc2 - Round 1 
01/29/2018 20:20:44 [INFO] exp_shallowmodel: #(data) = 4583
01/29/2018 20:20:44 [INFO] exp_shallowmodel: #(feature) = 129
01/29/2018 20:20:44 [INFO] exp_shallowmodel: ================================================================================
01/29/2018 20:20:44 [INFO] exp_shallowmodel: LR.pen=l1.C=1.000000
01/29/2018 20:20:44 [INFO] exp_shallowmodel: ________________________________________________________________________________
01/29/2018 20:20:44 [INFO] exp_shallowmodel: Training: 
01/29/2018 20:20:44 [INFO] exp_shallowmodel: LogisticRegression(C=1, class_weight=None, dual=False, fit_intercept=True,
          intercept_scaling=1, max_iter=100, multi_class='ovr', n_jobs=1,
          penalty='l1', random_state=None, solver='liblinear', tol=0.0001,
          verbose=0, warm_start=False)
01/29/2018 20:20:44 [INFO] exp_shallowmodel: train time: 0.510s
01/29/2018 20:20:44 [INFO] exp_shallowmodel: test time:  0.000s
01/29/2018 20:20:44 [INFO] exp_shallowmodel: accuracy:   0.820
01/29/2018 20:20:44 [INFO] exp_shallowmodel: f1_score:   0.639
01/29/2018 20:20:44 [INFO] exp_shallowmodel: classification report:
01/29/2018 20:20:44 [INFO] exp_shallowmodel:              precision    recall  f1-score   support

          A       1.00      0.07      0.13        14
          C       0.78      0.80      0.79       164
          F       0.87      0.91      0.89       268
          R       0.75      0.74      0.74       125

avg / total       0.82      0.82      0.81       571

01/29/2018 20:20:44 [INFO] exp_shallowmodel: confusion matrix:
01/29/2018 20:20:44 [INFO] exp_shallowmodel: 
[[  1   1  10   2]
 [  0 131  14  19]
 [  0  14 244  10]
 [  0  22  11  92]]
01/29/2018 20:20:44 [INFO] exp_shallowmodel: ******************** dstc2 - Round 2 
01/29/2018 20:20:44 [INFO] exp_shallowmodel: #(data) = 4583
01/29/2018 20:20:44 [INFO] exp_shallowmodel: #(feature) = 129
01/29/2018 20:20:44 [INFO] exp_shallowmodel: ================================================================================
01/29/2018 20:20:44 [INFO] exp_shallowmodel: LR.pen=l1.C=1.000000
01/29/2018 20:20:44 [INFO] exp_shallowmodel: ________________________________________________________________________________
01/29/2018 20:20:44 [INFO] exp_shallowmodel: Training: 
01/29/2018 20:20:44 [INFO] exp_shallowmodel: LogisticRegression(C=1, class_weight=None, dual=False, fit_intercept=True,
          intercept_scaling=1, max_iter=100, multi_class='ovr', n_jobs=1,
          penalty='l1', random_state=None, solver='liblinear', tol=0.0001,
          verbose=0, warm_start=False)
01/29/2018 20:20:45 [INFO] exp_shallowmodel: train time: 0.474s
01/29/2018 20:20:45 [INFO] exp_shallowmodel: test time:  0.000s
01/29/2018 20:20:45 [INFO] exp_shallowmodel: accuracy:   0.834
01/29/2018 20:20:45 [INFO] exp_shallowmodel: f1_score:   0.694
01/29/2018 20:20:45 [INFO] exp_shallowmodel: classification report:
01/29/2018 20:20:45 [INFO] exp_shallowmodel:              precision    recall  f1-score   support

          A       0.75      0.21      0.33        14
          C       0.74      0.79      0.76       164
          F       0.92      0.95      0.93       268
          R       0.78      0.72      0.75       125

avg / total       0.83      0.83      0.83       571

01/29/2018 20:20:45 [INFO] exp_shallowmodel: confusion matrix:
01/29/2018 20:20:45 [INFO] exp_shallowmodel: 
[[  3   4   6   1]
 [  1 129  12  22]
 [  0  11 254   3]
 [  0  31   4  90]]
01/29/2018 20:20:45 [INFO] exp_shallowmodel: ******************** dstc2 - Round 3 
01/29/2018 20:20:45 [INFO] exp_shallowmodel: #(data) = 4583
01/29/2018 20:20:45 [INFO] exp_shallowmodel: #(feature) = 129
01/29/2018 20:20:45 [INFO] exp_shallowmodel: ================================================================================
01/29/2018 20:20:45 [INFO] exp_shallowmodel: LR.pen=l1.C=1.000000
01/29/2018 20:20:45 [INFO] exp_shallowmodel: ________________________________________________________________________________
01/29/2018 20:20:45 [INFO] exp_shallowmodel: Training: 
01/29/2018 20:20:45 [INFO] exp_shallowmodel: LogisticRegression(C=1, class_weight=None, dual=False, fit_intercept=True,
          intercept_scaling=1, max_iter=100, multi_class='ovr', n_jobs=1,
          penalty='l1', random_state=None, solver='liblinear', tol=0.0001,
          verbose=0, warm_start=False)
01/29/2018 20:20:45 [INFO] exp_shallowmodel: train time: 0.468s
01/29/2018 20:20:45 [INFO] exp_shallowmodel: test time:  0.000s
01/29/2018 20:20:45 [INFO] exp_shallowmodel: accuracy:   0.825
01/29/2018 20:20:45 [INFO] exp_shallowmodel: f1_score:   0.655
01/29/2018 20:20:45 [INFO] exp_shallowmodel: classification report:
01/29/2018 20:20:45 [INFO] exp_shallowmodel:              precision    recall  f1-score   support

          A       0.33      0.14      0.20        14
          C       0.75      0.83      0.79       164
          F       0.89      0.94      0.92       268
          R       0.82      0.64      0.72       125

avg / total       0.82      0.82      0.82       571

01/29/2018 20:20:45 [INFO] exp_shallowmodel: confusion matrix:
01/29/2018 20:20:45 [INFO] exp_shallowmodel: 
[[  2   4   8   0]
 [  3 136   9  16]
 [  0  13 253   2]
 [  1  29  15  80]]
01/29/2018 20:20:45 [INFO] exp_shallowmodel: ******************** dstc2 - Round 4 
01/29/2018 20:20:45 [INFO] exp_shallowmodel: #(data) = 4583
01/29/2018 20:20:45 [INFO] exp_shallowmodel: #(feature) = 129
01/29/2018 20:20:45 [INFO] exp_shallowmodel: ================================================================================
01/29/2018 20:20:45 [INFO] exp_shallowmodel: LR.pen=l1.C=1.000000
01/29/2018 20:20:45 [INFO] exp_shallowmodel: ________________________________________________________________________________
01/29/2018 20:20:45 [INFO] exp_shallowmodel: Training: 
01/29/2018 20:20:45 [INFO] exp_shallowmodel: LogisticRegression(C=1, class_weight=None, dual=False, fit_intercept=True,
          intercept_scaling=1, max_iter=100, multi_class='ovr', n_jobs=1,
          penalty='l1', random_state=None, solver='liblinear', tol=0.0001,
          verbose=0, warm_start=False)
01/29/2018 20:20:46 [INFO] exp_shallowmodel: train time: 0.510s
01/29/2018 20:20:46 [INFO] exp_shallowmodel: test time:  0.000s
01/29/2018 20:20:46 [INFO] exp_shallowmodel: accuracy:   0.825
01/29/2018 20:20:46 [INFO] exp_shallowmodel: f1_score:   0.616
01/29/2018 20:20:46 [INFO] exp_shallowmodel: classification report:
01/29/2018 20:20:46 [INFO] exp_shallowmodel:              precision    recall  f1-score   support

          A       0.00      0.00      0.00        14
          C       0.78      0.84      0.81       164
          F       0.86      0.89      0.88       268
          R       0.81      0.75      0.78       125

avg / total       0.81      0.82      0.81       571

01/29/2018 20:20:46 [INFO] exp_shallowmodel: confusion matrix:
01/29/2018 20:20:46 [INFO] exp_shallowmodel: 
[[  0   3  10   1]
 [  0 138  17   9]
 [  0  17 239  12]
 [  0  20  11  94]]
01/29/2018 20:20:46 [INFO] exp_shallowmodel: ******************** dstc2 - Round 5 
01/29/2018 20:20:46 [INFO] exp_shallowmodel: #(data) = 4583
01/29/2018 20:20:46 [INFO] exp_shallowmodel: #(feature) = 129
01/29/2018 20:20:46 [INFO] exp_shallowmodel: ================================================================================
01/29/2018 20:20:46 [INFO] exp_shallowmodel: LR.pen=l1.C=1.000000
01/29/2018 20:20:46 [INFO] exp_shallowmodel: ________________________________________________________________________________
01/29/2018 20:20:46 [INFO] exp_shallowmodel: Training: 
01/29/2018 20:20:46 [INFO] exp_shallowmodel: LogisticRegression(C=1, class_weight=None, dual=False, fit_intercept=True,
          intercept_scaling=1, max_iter=100, multi_class='ovr', n_jobs=1,
          penalty='l1', random_state=None, solver='liblinear', tol=0.0001,
          verbose=0, warm_start=False)
01/29/2018 20:20:46 [INFO] exp_shallowmodel: train time: 0.505s
01/29/2018 20:20:46 [INFO] exp_shallowmodel: test time:  0.000s
01/29/2018 20:20:46 [INFO] exp_shallowmodel: accuracy:   0.820
01/29/2018 20:20:46 [INFO] exp_shallowmodel: f1_score:   0.680
01/29/2018 20:20:46 [INFO] exp_shallowmodel: classification report:
01/29/2018 20:20:46 [INFO] exp_shallowmodel:              precision    recall  f1-score   support

          A       0.60      0.21      0.32        14
          C       0.77      0.74      0.75       164
          F       0.89      0.94      0.91       268
          R       0.74      0.74      0.74       125

avg / total       0.81      0.82      0.81       571

01/29/2018 20:20:46 [INFO] exp_shallowmodel: confusion matrix:
01/29/2018 20:20:46 [INFO] exp_shallowmodel: 
[[  3   3   8   0]
 [  1 121  14  28]
 [  0  12 251   5]
 [  1  22   9  93]]
01/29/2018 20:20:46 [INFO] exp_shallowmodel: ******************** dstc2 - Round 6 
01/29/2018 20:20:46 [INFO] exp_shallowmodel: #(data) = 4583
01/29/2018 20:20:46 [INFO] exp_shallowmodel: #(feature) = 129
01/29/2018 20:20:46 [INFO] exp_shallowmodel: ================================================================================
01/29/2018 20:20:46 [INFO] exp_shallowmodel: LR.pen=l1.C=1.000000
01/29/2018 20:20:46 [INFO] exp_shallowmodel: ________________________________________________________________________________
01/29/2018 20:20:46 [INFO] exp_shallowmodel: Training: 
01/29/2018 20:20:46 [INFO] exp_shallowmodel: LogisticRegression(C=1, class_weight=None, dual=False, fit_intercept=True,
          intercept_scaling=1, max_iter=100, multi_class='ovr', n_jobs=1,
          penalty='l1', random_state=None, solver='liblinear', tol=0.0001,
          verbose=0, warm_start=False)
01/29/2018 20:20:47 [INFO] exp_shallowmodel: train time: 0.517s
01/29/2018 20:20:47 [INFO] exp_shallowmodel: test time:  0.000s
01/29/2018 20:20:47 [INFO] exp_shallowmodel: accuracy:   0.837
01/29/2018 20:20:47 [INFO] exp_shallowmodel: f1_score:   0.723
01/29/2018 20:20:47 [INFO] exp_shallowmodel: classification report:
01/29/2018 20:20:47 [INFO] exp_shallowmodel:              precision    recall  f1-score   support

          A       1.00      0.29      0.44        14
          C       0.78      0.85      0.81       164
          F       0.90      0.93      0.92       268
          R       0.76      0.68      0.72       125

avg / total       0.84      0.84      0.83       571

01/29/2018 20:20:47 [INFO] exp_shallowmodel: confusion matrix:
01/29/2018 20:20:47 [INFO] exp_shallowmodel: 
[[  4   1   7   2]
 [  0 139   8  17]
 [  0  10 250   8]
 [  0  28  12  85]]
01/29/2018 20:20:47 [INFO] exp_shallowmodel: ******************** dstc2 - Round 7 
01/29/2018 20:20:47 [INFO] exp_shallowmodel: #(data) = 4583
01/29/2018 20:20:47 [INFO] exp_shallowmodel: #(feature) = 129
01/29/2018 20:20:47 [INFO] exp_shallowmodel: ================================================================================
01/29/2018 20:20:47 [INFO] exp_shallowmodel: LR.pen=l1.C=1.000000
01/29/2018 20:20:47 [INFO] exp_shallowmodel: ________________________________________________________________________________
01/29/2018 20:20:47 [INFO] exp_shallowmodel: Training: 
01/29/2018 20:20:47 [INFO] exp_shallowmodel: LogisticRegression(C=1, class_weight=None, dual=False, fit_intercept=True,
          intercept_scaling=1, max_iter=100, multi_class='ovr', n_jobs=1,
          penalty='l1', random_state=None, solver='liblinear', tol=0.0001,
          verbose=0, warm_start=False)
01/29/2018 20:20:47 [INFO] exp_shallowmodel: train time: 0.614s
01/29/2018 20:20:47 [INFO] exp_shallowmodel: test time:  0.000s
01/29/2018 20:20:47 [INFO] exp_shallowmodel: accuracy:   0.799
01/29/2018 20:20:47 [INFO] exp_shallowmodel: f1_score:   0.660
01/29/2018 20:20:47 [INFO] exp_shallowmodel: classification report:
01/29/2018 20:20:47 [INFO] exp_shallowmodel:              precision    recall  f1-score   support

          A       0.50      0.21      0.30        14
          C       0.77      0.78      0.77       164
          F       0.89      0.90      0.89       268
          R       0.67      0.68      0.67       125

avg / total       0.79      0.80      0.80       571

01/29/2018 20:20:47 [INFO] exp_shallowmodel: confusion matrix:
01/29/2018 20:20:47 [INFO] exp_shallowmodel: 
[[  3   3   6   2]
 [  1 128   9  26]
 [  0  14 240  14]
 [  2  22  16  85]]
01/29/2018 20:20:47 [INFO] exp_shallowmodel: ******************** dstc2 - Round 8 
01/29/2018 20:20:47 [INFO] exp_shallowmodel: #(data) = 4583
01/29/2018 20:20:47 [INFO] exp_shallowmodel: #(feature) = 129
01/29/2018 20:20:47 [INFO] exp_shallowmodel: ================================================================================
01/29/2018 20:20:47 [INFO] exp_shallowmodel: LR.pen=l1.C=1.000000
01/29/2018 20:20:47 [INFO] exp_shallowmodel: ________________________________________________________________________________
01/29/2018 20:20:47 [INFO] exp_shallowmodel: Training: 
01/29/2018 20:20:47 [INFO] exp_shallowmodel: LogisticRegression(C=1, class_weight=None, dual=False, fit_intercept=True,
          intercept_scaling=1, max_iter=100, multi_class='ovr', n_jobs=1,
          penalty='l1', random_state=None, solver='liblinear', tol=0.0001,
          verbose=0, warm_start=False)
01/29/2018 20:20:48 [INFO] exp_shallowmodel: train time: 0.595s
01/29/2018 20:20:48 [INFO] exp_shallowmodel: test time:  0.000s
01/29/2018 20:20:48 [INFO] exp_shallowmodel: accuracy:   0.830
01/29/2018 20:20:48 [INFO] exp_shallowmodel: f1_score:   0.638
01/29/2018 20:20:48 [INFO] exp_shallowmodel: classification report:
01/29/2018 20:20:48 [INFO] exp_shallowmodel:              precision    recall  f1-score   support

          A       0.20      0.07      0.11        14
          C       0.80      0.79      0.80       164
          F       0.87      0.96      0.91       268
          R       0.78      0.70      0.74       125

avg / total       0.82      0.83      0.82       571

01/29/2018 20:20:48 [INFO] exp_shallowmodel: confusion matrix:
01/29/2018 20:20:48 [INFO] exp_shallowmodel: 
[[  1   0  11   2]
 [  1 130  13  20]
 [  2   8 256   2]
 [  1  24  13  87]]
01/29/2018 20:20:48 [INFO] exp_shallowmodel: ******************** dstc2 - Round 9 
01/29/2018 20:20:48 [INFO] exp_shallowmodel: #(data) = 4568
01/29/2018 20:20:48 [INFO] exp_shallowmodel: #(feature) = 129
01/29/2018 20:20:48 [INFO] exp_shallowmodel: ================================================================================
01/29/2018 20:20:48 [INFO] exp_shallowmodel: LR.pen=l1.C=1.000000
01/29/2018 20:20:48 [INFO] exp_shallowmodel: ________________________________________________________________________________
01/29/2018 20:20:48 [INFO] exp_shallowmodel: Training: 
01/29/2018 20:20:48 [INFO] exp_shallowmodel: LogisticRegression(C=1, class_weight=None, dual=False, fit_intercept=True,
          intercept_scaling=1, max_iter=100, multi_class='ovr', n_jobs=1,
          penalty='l1', random_state=None, solver='liblinear', tol=0.0001,
          verbose=0, warm_start=False)
01/29/2018 20:20:49 [INFO] exp_shallowmodel: train time: 0.508s
01/29/2018 20:20:49 [INFO] exp_shallowmodel: test time:  0.000s
01/29/2018 20:20:49 [INFO] exp_shallowmodel: accuracy:   0.804
01/29/2018 20:20:49 [INFO] exp_shallowmodel: f1_score:   0.674
01/29/2018 20:20:49 [INFO] exp_shallowmodel: classification report:
01/29/2018 20:20:49 [INFO] exp_shallowmodel:              precision    recall  f1-score   support

          A       0.67      0.25      0.36        16
          C       0.73      0.82      0.77       169
          F       0.90      0.92      0.91       271
          R       0.71      0.61      0.65       130

avg / total       0.80      0.80      0.80       586

01/29/2018 20:20:49 [INFO] exp_shallowmodel: confusion matrix:
01/29/2018 20:20:49 [INFO] exp_shallowmodel: 
[[  4   2   7   3]
 [  0 139   6  24]
 [  1  15 249   6]
 [  1  35  15  79]]
01/29/2018 20:20:49 [INFO] exp_shallowmodel: ******************** dstc2 - Round 10 
01/29/2018 20:20:49 [INFO] exp_shallowmodel: #(data) = 4583
01/29/2018 20:20:49 [INFO] exp_shallowmodel: #(feature) = 129
01/29/2018 20:20:49 [INFO] exp_shallowmodel: ================================================================================
01/29/2018 20:20:49 [INFO] exp_shallowmodel: LR.pen=l1.C=1.000000
01/29/2018 20:20:49 [INFO] exp_shallowmodel: ________________________________________________________________________________
01/29/2018 20:20:49 [INFO] exp_shallowmodel: Training: 
01/29/2018 20:20:49 [INFO] exp_shallowmodel: LogisticRegression(C=1, class_weight=None, dual=False, fit_intercept=True,
          intercept_scaling=1, max_iter=100, multi_class='ovr', n_jobs=1,
          penalty='l1', random_state=None, solver='liblinear', tol=0.0001,
          verbose=0, warm_start=False)
01/29/2018 20:20:49 [INFO] exp_shallowmodel: train time: 0.481s
01/29/2018 20:20:49 [INFO] exp_shallowmodel: test time:  0.000s
01/29/2018 20:20:49 [INFO] exp_shallowmodel: accuracy:   0.825
01/29/2018 20:20:49 [INFO] exp_shallowmodel: f1_score:   0.664
01/29/2018 20:20:49 [INFO] exp_shallowmodel: classification report:
01/29/2018 20:20:49 [INFO] exp_shallowmodel:              precision    recall  f1-score   support

          A       0.67      0.14      0.24        14
          C       0.77      0.80      0.78       164
          F       0.89      0.94      0.91       268
          R       0.76      0.70      0.73       125

avg / total       0.82      0.82      0.82       571

01/29/2018 20:20:49 [INFO] exp_shallowmodel: confusion matrix:
01/29/2018 20:20:49 [INFO] exp_shallowmodel: 
[[  2   1  10   1]
 [  0 131  12  21]
 [  1  11 251   5]
 [  0  28  10  87]]
01/29/2018 20:20:49 [INFO] exp_shallowmodel: ******************** dstc2 - Round 11 
01/29/2018 20:20:49 [INFO] exp_shallowmodel: #(data) = 4583
01/29/2018 20:20:49 [INFO] exp_shallowmodel: #(feature) = 129
01/29/2018 20:20:49 [INFO] exp_shallowmodel: ================================================================================
01/29/2018 20:20:49 [INFO] exp_shallowmodel: LR.pen=l1.C=1.000000
01/29/2018 20:20:49 [INFO] exp_shallowmodel: ________________________________________________________________________________
01/29/2018 20:20:49 [INFO] exp_shallowmodel: Training: 
01/29/2018 20:20:49 [INFO] exp_shallowmodel: LogisticRegression(C=1, class_weight=None, dual=False, fit_intercept=True,
          intercept_scaling=1, max_iter=100, multi_class='ovr', n_jobs=1,
          penalty='l1', random_state=None, solver='liblinear', tol=0.0001,
          verbose=0, warm_start=False)
01/29/2018 20:20:50 [INFO] exp_shallowmodel: train time: 0.482s
01/29/2018 20:20:50 [INFO] exp_shallowmodel: test time:  0.000s
01/29/2018 20:20:50 [INFO] exp_shallowmodel: accuracy:   0.806
01/29/2018 20:20:50 [INFO] exp_shallowmodel: f1_score:   0.690
01/29/2018 20:20:50 [INFO] exp_shallowmodel: classification report:
01/29/2018 20:20:50 [INFO] exp_shallowmodel:              precision    recall  f1-score   support

          A       0.50      0.36      0.42        14
          C       0.75      0.73      0.74       164
          F       0.87      0.94      0.91       268
          R       0.73      0.66      0.70       125

avg / total       0.80      0.81      0.80       571

01/29/2018 20:20:50 [INFO] exp_shallowmodel: confusion matrix:
01/29/2018 20:20:50 [INFO] exp_shallowmodel: 
[[  5   1   6   2]
 [  3 119  19  23]
 [  2   8 253   5]
 [  0  30  12  83]]
01/29/2018 20:20:50 [INFO] exp_shallowmodel: ******************** dstc2 - Round 12 
01/29/2018 20:20:50 [INFO] exp_shallowmodel: #(data) = 4583
01/29/2018 20:20:50 [INFO] exp_shallowmodel: #(feature) = 129
01/29/2018 20:20:50 [INFO] exp_shallowmodel: ================================================================================
01/29/2018 20:20:50 [INFO] exp_shallowmodel: LR.pen=l1.C=1.000000
01/29/2018 20:20:50 [INFO] exp_shallowmodel: ________________________________________________________________________________
01/29/2018 20:20:50 [INFO] exp_shallowmodel: Training: 
01/29/2018 20:20:50 [INFO] exp_shallowmodel: LogisticRegression(C=1, class_weight=None, dual=False, fit_intercept=True,
          intercept_scaling=1, max_iter=100, multi_class='ovr', n_jobs=1,
          penalty='l1', random_state=None, solver='liblinear', tol=0.0001,
          verbose=0, warm_start=False)
01/29/2018 20:20:50 [INFO] exp_shallowmodel: train time: 0.490s
01/29/2018 20:20:50 [INFO] exp_shallowmodel: test time:  0.000s
01/29/2018 20:20:50 [INFO] exp_shallowmodel: accuracy:   0.816
01/29/2018 20:20:50 [INFO] exp_shallowmodel: f1_score:   0.658
01/29/2018 20:20:50 [INFO] exp_shallowmodel: classification report:
01/29/2018 20:20:50 [INFO] exp_shallowmodel:              precision    recall  f1-score   support

          A       0.67      0.14      0.24        14
          C       0.74      0.80      0.77       164
          F       0.89      0.92      0.90       268
          R       0.77      0.69      0.73       125

avg / total       0.81      0.82      0.81       571

01/29/2018 20:20:50 [INFO] exp_shallowmodel: confusion matrix:
01/29/2018 20:20:50 [INFO] exp_shallowmodel: 
[[  2   4   7   1]
 [  0 131  14  19]
 [  0  15 247   6]
 [  1  28  10  86]]
01/29/2018 20:20:50 [INFO] exp_shallowmodel: ******************** dstc2 - Round 13 
01/29/2018 20:20:50 [INFO] exp_shallowmodel: #(data) = 4583
01/29/2018 20:20:50 [INFO] exp_shallowmodel: #(feature) = 129
01/29/2018 20:20:50 [INFO] exp_shallowmodel: ================================================================================
01/29/2018 20:20:50 [INFO] exp_shallowmodel: LR.pen=l1.C=1.000000
01/29/2018 20:20:50 [INFO] exp_shallowmodel: ________________________________________________________________________________
01/29/2018 20:20:50 [INFO] exp_shallowmodel: Training: 
01/29/2018 20:20:50 [INFO] exp_shallowmodel: LogisticRegression(C=1, class_weight=None, dual=False, fit_intercept=True,
          intercept_scaling=1, max_iter=100, multi_class='ovr', n_jobs=1,
          penalty='l1', random_state=None, solver='liblinear', tol=0.0001,
          verbose=0, warm_start=False)
01/29/2018 20:20:51 [INFO] exp_shallowmodel: train time: 0.501s
01/29/2018 20:20:51 [INFO] exp_shallowmodel: test time:  0.000s
01/29/2018 20:20:51 [INFO] exp_shallowmodel: accuracy:   0.834
01/29/2018 20:20:51 [INFO] exp_shallowmodel: f1_score:   0.686
01/29/2018 20:20:51 [INFO] exp_shallowmodel: classification report:
01/29/2018 20:20:51 [INFO] exp_shallowmodel:              precision    recall  f1-score   support

          A       0.50      0.21      0.30        14
          C       0.75      0.82      0.79       164
          F       0.92      0.94      0.93       268
          R       0.77      0.69      0.73       125

avg / total       0.83      0.83      0.83       571

01/29/2018 20:20:51 [INFO] exp_shallowmodel: confusion matrix:
01/29/2018 20:20:51 [INFO] exp_shallowmodel: 
[[  3   3   6   2]
 [  1 135   9  19]
 [  1  10 252   5]
 [  1  31   7  86]]
01/29/2018 20:20:51 [INFO] exp_shallowmodel: ******************** dstc2 - Round 14 
01/29/2018 20:20:51 [INFO] exp_shallowmodel: #(data) = 4583
01/29/2018 20:20:51 [INFO] exp_shallowmodel: #(feature) = 129
01/29/2018 20:20:51 [INFO] exp_shallowmodel: ================================================================================
01/29/2018 20:20:51 [INFO] exp_shallowmodel: LR.pen=l1.C=1.000000
01/29/2018 20:20:51 [INFO] exp_shallowmodel: ________________________________________________________________________________
01/29/2018 20:20:51 [INFO] exp_shallowmodel: Training: 
01/29/2018 20:20:51 [INFO] exp_shallowmodel: LogisticRegression(C=1, class_weight=None, dual=False, fit_intercept=True,
          intercept_scaling=1, max_iter=100, multi_class='ovr', n_jobs=1,
          penalty='l1', random_state=None, solver='liblinear', tol=0.0001,
          verbose=0, warm_start=False)
01/29/2018 20:20:51 [INFO] exp_shallowmodel: train time: 0.458s
01/29/2018 20:20:51 [INFO] exp_shallowmodel: test time:  0.000s
01/29/2018 20:20:51 [INFO] exp_shallowmodel: accuracy:   0.811
01/29/2018 20:20:51 [INFO] exp_shallowmodel: f1_score:   0.622
01/29/2018 20:20:51 [INFO] exp_shallowmodel: classification report:
01/29/2018 20:20:51 [INFO] exp_shallowmodel:              precision    recall  f1-score   support

          A       0.17      0.07      0.10        14
          C       0.77      0.78      0.78       164
          F       0.90      0.92      0.91       268
          R       0.70      0.70      0.70       125

avg / total       0.80      0.81      0.81       571

01/29/2018 20:20:51 [INFO] exp_shallowmodel: confusion matrix:
01/29/2018 20:20:51 [INFO] exp_shallowmodel: 
[[  1   3  10   0]
 [  3 128   8  25]
 [  0   9 246  13]
 [  2  26   9  88]]
01/29/2018 20:20:51 [INFO] exp_shallowmodel: ******************** dstc2 - Round 15 
01/29/2018 20:20:51 [INFO] exp_shallowmodel: #(data) = 4583
01/29/2018 20:20:51 [INFO] exp_shallowmodel: #(feature) = 129
01/29/2018 20:20:51 [INFO] exp_shallowmodel: ================================================================================
01/29/2018 20:20:51 [INFO] exp_shallowmodel: LR.pen=l1.C=1.000000
01/29/2018 20:20:51 [INFO] exp_shallowmodel: ________________________________________________________________________________
01/29/2018 20:20:51 [INFO] exp_shallowmodel: Training: 
01/29/2018 20:20:51 [INFO] exp_shallowmodel: LogisticRegression(C=1, class_weight=None, dual=False, fit_intercept=True,
          intercept_scaling=1, max_iter=100, multi_class='ovr', n_jobs=1,
          penalty='l1', random_state=None, solver='liblinear', tol=0.0001,
          verbose=0, warm_start=False)
01/29/2018 20:20:51 [INFO] exp_shallowmodel: train time: 0.416s
01/29/2018 20:20:51 [INFO] exp_shallowmodel: test time:  0.000s
01/29/2018 20:20:51 [INFO] exp_shallowmodel: accuracy:   0.832
01/29/2018 20:20:51 [INFO] exp_shallowmodel: f1_score:   0.721
01/29/2018 20:20:51 [INFO] exp_shallowmodel: classification report:
01/29/2018 20:20:51 [INFO] exp_shallowmodel:              precision    recall  f1-score   support

          A       1.00      0.29      0.44        14
          C       0.75      0.82      0.78       164
          F       0.91      0.93      0.92       268
          R       0.78      0.70      0.74       125

avg / total       0.83      0.83      0.83       571

01/29/2018 20:20:51 [INFO] exp_shallowmodel: confusion matrix:
01/29/2018 20:20:51 [INFO] exp_shallowmodel: 
[[  4   2   5   3]
 [  0 134  11  19]
 [  0  16 249   3]
 [  0  27  10  88]]
01/29/2018 20:20:51 [INFO] exp_shallowmodel: ******************** dstc2 - Round 16 
01/29/2018 20:20:51 [INFO] exp_shallowmodel: #(data) = 4583
01/29/2018 20:20:51 [INFO] exp_shallowmodel: #(feature) = 129
01/29/2018 20:20:51 [INFO] exp_shallowmodel: ================================================================================
01/29/2018 20:20:51 [INFO] exp_shallowmodel: LR.pen=l1.C=1.000000
01/29/2018 20:20:51 [INFO] exp_shallowmodel: ________________________________________________________________________________
01/29/2018 20:20:51 [INFO] exp_shallowmodel: Training: 
01/29/2018 20:20:51 [INFO] exp_shallowmodel: LogisticRegression(C=1, class_weight=None, dual=False, fit_intercept=True,
          intercept_scaling=1, max_iter=100, multi_class='ovr', n_jobs=1,
          penalty='l1', random_state=None, solver='liblinear', tol=0.0001,
          verbose=0, warm_start=False)
01/29/2018 20:20:52 [INFO] exp_shallowmodel: train time: 0.522s
01/29/2018 20:20:52 [INFO] exp_shallowmodel: test time:  0.000s
01/29/2018 20:20:52 [INFO] exp_shallowmodel: accuracy:   0.821
01/29/2018 20:20:52 [INFO] exp_shallowmodel: f1_score:   0.665
01/29/2018 20:20:52 [INFO] exp_shallowmodel: classification report:
01/29/2018 20:20:52 [INFO] exp_shallowmodel:              precision    recall  f1-score   support

          A       1.00      0.14      0.25        14
          C       0.76      0.85      0.80       164
          F       0.89      0.91      0.90       268
          R       0.76      0.66      0.71       125

avg / total       0.82      0.82      0.81       571

01/29/2018 20:20:52 [INFO] exp_shallowmodel: confusion matrix:
01/29/2018 20:20:52 [INFO] exp_shallowmodel: 
[[  2   4   7   1]
 [  0 139   9  16]
 [  0  14 245   9]
 [  0  27  15  83]]
01/29/2018 20:20:52 [INFO] exp_shallowmodel: ******************** dstc2 - Round 17 
01/29/2018 20:20:52 [INFO] exp_shallowmodel: #(data) = 4583
01/29/2018 20:20:52 [INFO] exp_shallowmodel: #(feature) = 129
01/29/2018 20:20:52 [INFO] exp_shallowmodel: ================================================================================
01/29/2018 20:20:52 [INFO] exp_shallowmodel: LR.pen=l1.C=1.000000
01/29/2018 20:20:52 [INFO] exp_shallowmodel: ________________________________________________________________________________
01/29/2018 20:20:52 [INFO] exp_shallowmodel: Training: 
01/29/2018 20:20:52 [INFO] exp_shallowmodel: LogisticRegression(C=1, class_weight=None, dual=False, fit_intercept=True,
          intercept_scaling=1, max_iter=100, multi_class='ovr', n_jobs=1,
          penalty='l1', random_state=None, solver='liblinear', tol=0.0001,
          verbose=0, warm_start=False)
01/29/2018 20:20:53 [INFO] exp_shallowmodel: train time: 0.515s
01/29/2018 20:20:53 [INFO] exp_shallowmodel: test time:  0.000s
01/29/2018 20:20:53 [INFO] exp_shallowmodel: accuracy:   0.830
01/29/2018 20:20:53 [INFO] exp_shallowmodel: f1_score:   0.725
01/29/2018 20:20:53 [INFO] exp_shallowmodel: classification report:
01/29/2018 20:20:53 [INFO] exp_shallowmodel:              precision    recall  f1-score   support

          A       1.00      0.29      0.44        14
          C       0.77      0.77      0.77       164
          F       0.88      0.92      0.90       268
          R       0.80      0.78      0.79       125

avg / total       0.83      0.83      0.83       571

01/29/2018 20:20:53 [INFO] exp_shallowmodel: confusion matrix:
01/29/2018 20:20:53 [INFO] exp_shallowmodel: 
[[  4   2   7   1]
 [  0 126  19  19]
 [  0  17 246   5]
 [  0  18   9  98]]
01/29/2018 20:20:53 [INFO] exp_shallowmodel: ******************** dstc2 - Round 18 
01/29/2018 20:20:53 [INFO] exp_shallowmodel: #(data) = 4583
01/29/2018 20:20:53 [INFO] exp_shallowmodel: #(feature) = 129
01/29/2018 20:20:53 [INFO] exp_shallowmodel: ================================================================================
01/29/2018 20:20:53 [INFO] exp_shallowmodel: LR.pen=l1.C=1.000000
01/29/2018 20:20:53 [INFO] exp_shallowmodel: ________________________________________________________________________________
01/29/2018 20:20:53 [INFO] exp_shallowmodel: Training: 
01/29/2018 20:20:53 [INFO] exp_shallowmodel: LogisticRegression(C=1, class_weight=None, dual=False, fit_intercept=True,
          intercept_scaling=1, max_iter=100, multi_class='ovr', n_jobs=1,
          penalty='l1', random_state=None, solver='liblinear', tol=0.0001,
          verbose=0, warm_start=False)
01/29/2018 20:20:53 [INFO] exp_shallowmodel: train time: 0.408s
01/29/2018 20:20:53 [INFO] exp_shallowmodel: test time:  0.000s
01/29/2018 20:20:53 [INFO] exp_shallowmodel: accuracy:   0.813
01/29/2018 20:20:53 [INFO] exp_shallowmodel: f1_score:   0.654
01/29/2018 20:20:53 [INFO] exp_shallowmodel: classification report:
01/29/2018 20:20:53 [INFO] exp_shallowmodel:              precision    recall  f1-score   support

          A       0.67      0.14      0.24        14
          C       0.77      0.80      0.79       164
          F       0.87      0.92      0.89       268
          R       0.74      0.66      0.70       125

avg / total       0.81      0.81      0.80       571

01/29/2018 20:20:53 [INFO] exp_shallowmodel: confusion matrix:
01/29/2018 20:20:53 [INFO] exp_shallowmodel: 
[[  2   0  11   1]
 [  1 132  14  17]
 [  0  10 247  11]
 [  0  30  12  83]]
01/29/2018 20:20:53 [INFO] exp_shallowmodel: ******************** dstc2 - Round 19 
01/29/2018 20:20:53 [INFO] exp_shallowmodel: #(data) = 4568
01/29/2018 20:20:53 [INFO] exp_shallowmodel: #(feature) = 129
01/29/2018 20:20:53 [INFO] exp_shallowmodel: ================================================================================
01/29/2018 20:20:53 [INFO] exp_shallowmodel: LR.pen=l1.C=1.000000
01/29/2018 20:20:53 [INFO] exp_shallowmodel: ________________________________________________________________________________
01/29/2018 20:20:53 [INFO] exp_shallowmodel: Training: 
01/29/2018 20:20:53 [INFO] exp_shallowmodel: LogisticRegression(C=1, class_weight=None, dual=False, fit_intercept=True,
          intercept_scaling=1, max_iter=100, multi_class='ovr', n_jobs=1,
          penalty='l1', random_state=None, solver='liblinear', tol=0.0001,
          verbose=0, warm_start=False)
01/29/2018 20:20:53 [INFO] exp_shallowmodel: train time: 0.390s
01/29/2018 20:20:53 [INFO] exp_shallowmodel: test time:  0.000s
01/29/2018 20:20:53 [INFO] exp_shallowmodel: accuracy:   0.814
01/29/2018 20:20:53 [INFO] exp_shallowmodel: f1_score:   0.671
01/29/2018 20:20:53 [INFO] exp_shallowmodel: classification report:
01/29/2018 20:20:53 [INFO] exp_shallowmodel:              precision    recall  f1-score   support

          A       0.60      0.19      0.29        16
          C       0.77      0.84      0.80       169
          F       0.87      0.91      0.89       271
          R       0.77      0.66      0.71       130

avg / total       0.81      0.81      0.81       586

01/29/2018 20:20:53 [INFO] exp_shallowmodel: confusion matrix:
01/29/2018 20:20:53 [INFO] exp_shallowmodel: 
[[  3   3   8   2]
 [  0 142  11  16]
 [  0  17 246   8]
 [  2  23  19  86]]
01/29/2018 20:20:53 [INFO] exp_shallowmodel: ******************** dstc2 - Round 20 
01/29/2018 20:20:53 [INFO] exp_shallowmodel: #(data) = 4583
01/29/2018 20:20:53 [INFO] exp_shallowmodel: #(feature) = 129
01/29/2018 20:20:53 [INFO] exp_shallowmodel: ================================================================================
01/29/2018 20:20:53 [INFO] exp_shallowmodel: LR.pen=l1.C=1.000000
01/29/2018 20:20:53 [INFO] exp_shallowmodel: ________________________________________________________________________________
01/29/2018 20:20:53 [INFO] exp_shallowmodel: Training: 
01/29/2018 20:20:53 [INFO] exp_shallowmodel: LogisticRegression(C=1, class_weight=None, dual=False, fit_intercept=True,
          intercept_scaling=1, max_iter=100, multi_class='ovr', n_jobs=1,
          penalty='l1', random_state=None, solver='liblinear', tol=0.0001,
          verbose=0, warm_start=False)
01/29/2018 20:20:54 [INFO] exp_shallowmodel: train time: 0.488s
01/29/2018 20:20:54 [INFO] exp_shallowmodel: test time:  0.000s
01/29/2018 20:20:54 [INFO] exp_shallowmodel: accuracy:   0.814
01/29/2018 20:20:54 [INFO] exp_shallowmodel: f1_score:   0.656
01/29/2018 20:20:54 [INFO] exp_shallowmodel: classification report:
01/29/2018 20:20:54 [INFO] exp_shallowmodel:              precision    recall  f1-score   support

          A       0.50      0.14      0.22        14
          C       0.76      0.80      0.78       164
          F       0.87      0.91      0.89       268
          R       0.78      0.69      0.73       125

avg / total       0.81      0.81      0.81       571

01/29/2018 20:20:54 [INFO] exp_shallowmodel: confusion matrix:
01/29/2018 20:20:54 [INFO] exp_shallowmodel: 
[[  2   4   7   1]
 [  1 132  16  15]
 [  1  14 245   8]
 [  0  24  15  86]]
01/29/2018 20:20:54 [INFO] exp_shallowmodel: ******************** dstc2 - Round 21 
01/29/2018 20:20:54 [INFO] exp_shallowmodel: #(data) = 4583
01/29/2018 20:20:54 [INFO] exp_shallowmodel: #(feature) = 129
01/29/2018 20:20:54 [INFO] exp_shallowmodel: ================================================================================
01/29/2018 20:20:54 [INFO] exp_shallowmodel: LR.pen=l1.C=1.000000
01/29/2018 20:20:54 [INFO] exp_shallowmodel: ________________________________________________________________________________
01/29/2018 20:20:54 [INFO] exp_shallowmodel: Training: 
01/29/2018 20:20:54 [INFO] exp_shallowmodel: LogisticRegression(C=1, class_weight=None, dual=False, fit_intercept=True,
          intercept_scaling=1, max_iter=100, multi_class='ovr', n_jobs=1,
          penalty='l1', random_state=None, solver='liblinear', tol=0.0001,
          verbose=0, warm_start=False)
01/29/2018 20:20:54 [INFO] exp_shallowmodel: train time: 0.516s
01/29/2018 20:20:54 [INFO] exp_shallowmodel: test time:  0.000s
01/29/2018 20:20:54 [INFO] exp_shallowmodel: accuracy:   0.807
01/29/2018 20:20:54 [INFO] exp_shallowmodel: f1_score:   0.622
01/29/2018 20:20:54 [INFO] exp_shallowmodel: classification report:
01/29/2018 20:20:54 [INFO] exp_shallowmodel:              precision    recall  f1-score   support

          A       0.33      0.07      0.12        14
          C       0.73      0.78      0.75       164
          F       0.89      0.92      0.90       268
          R       0.74      0.69      0.71       125

avg / total       0.80      0.81      0.80       571

01/29/2018 20:20:54 [INFO] exp_shallowmodel: confusion matrix:
01/29/2018 20:20:54 [INFO] exp_shallowmodel: 
[[  1   2   8   3]
 [  0 128  14  22]
 [  1  16 246   5]
 [  1  30   8  86]]
01/29/2018 20:20:54 [INFO] exp_shallowmodel: ******************** dstc2 - Round 22 
01/29/2018 20:20:54 [INFO] exp_shallowmodel: #(data) = 4583
01/29/2018 20:20:54 [INFO] exp_shallowmodel: #(feature) = 129
01/29/2018 20:20:54 [INFO] exp_shallowmodel: ================================================================================
01/29/2018 20:20:54 [INFO] exp_shallowmodel: LR.pen=l1.C=1.000000
01/29/2018 20:20:54 [INFO] exp_shallowmodel: ________________________________________________________________________________
01/29/2018 20:20:54 [INFO] exp_shallowmodel: Training: 
01/29/2018 20:20:54 [INFO] exp_shallowmodel: LogisticRegression(C=1, class_weight=None, dual=False, fit_intercept=True,
          intercept_scaling=1, max_iter=100, multi_class='ovr', n_jobs=1,
          penalty='l1', random_state=None, solver='liblinear', tol=0.0001,
          verbose=0, warm_start=False)
01/29/2018 20:20:55 [INFO] exp_shallowmodel: train time: 0.431s
01/29/2018 20:20:55 [INFO] exp_shallowmodel: test time:  0.000s
01/29/2018 20:20:55 [INFO] exp_shallowmodel: accuracy:   0.865
01/29/2018 20:20:55 [INFO] exp_shallowmodel: f1_score:   0.727
01/29/2018 20:20:55 [INFO] exp_shallowmodel: classification report:
01/29/2018 20:20:55 [INFO] exp_shallowmodel:              precision    recall  f1-score   support

          A       1.00      0.21      0.35        14
          C       0.80      0.88      0.84       164
          F       0.91      0.96      0.93       268
          R       0.87      0.72      0.79       125

avg / total       0.87      0.87      0.86       571

01/29/2018 20:20:55 [INFO] exp_shallowmodel: confusion matrix:
01/29/2018 20:20:55 [INFO] exp_shallowmodel: 
[[  3   3   7   1]
 [  0 145   8  11]
 [  0  10 256   2]
 [  0  24  11  90]]
01/29/2018 20:20:55 [INFO] exp_shallowmodel: ******************** dstc2 - Round 23 
01/29/2018 20:20:55 [INFO] exp_shallowmodel: #(data) = 4583
01/29/2018 20:20:55 [INFO] exp_shallowmodel: #(feature) = 129
01/29/2018 20:20:55 [INFO] exp_shallowmodel: ================================================================================
01/29/2018 20:20:55 [INFO] exp_shallowmodel: LR.pen=l1.C=1.000000
01/29/2018 20:20:55 [INFO] exp_shallowmodel: ________________________________________________________________________________
01/29/2018 20:20:55 [INFO] exp_shallowmodel: Training: 
01/29/2018 20:20:55 [INFO] exp_shallowmodel: LogisticRegression(C=1, class_weight=None, dual=False, fit_intercept=True,
          intercept_scaling=1, max_iter=100, multi_class='ovr', n_jobs=1,
          penalty='l1', random_state=None, solver='liblinear', tol=0.0001,
          verbose=0, warm_start=False)
01/29/2018 20:20:55 [INFO] exp_shallowmodel: train time: 0.413s
01/29/2018 20:20:55 [INFO] exp_shallowmodel: test time:  0.000s
01/29/2018 20:20:55 [INFO] exp_shallowmodel: accuracy:   0.814
01/29/2018 20:20:55 [INFO] exp_shallowmodel: f1_score:   0.687
01/29/2018 20:20:55 [INFO] exp_shallowmodel: classification report:
01/29/2018 20:20:55 [INFO] exp_shallowmodel:              precision    recall  f1-score   support

          A       0.44      0.29      0.35        14
          C       0.75      0.76      0.76       164
          F       0.89      0.92      0.90       268
          R       0.76      0.72      0.74       125

avg / total       0.81      0.81      0.81       571

01/29/2018 20:20:55 [INFO] exp_shallowmodel: confusion matrix:
01/29/2018 20:20:55 [INFO] exp_shallowmodel: 
[[  4   1   9   0]
 [  2 125  15  22]
 [  1  15 246   6]
 [  2  26   7  90]]
01/29/2018 20:20:55 [INFO] exp_shallowmodel: ******************** dstc2 - Round 24 
01/29/2018 20:20:55 [INFO] exp_shallowmodel: #(data) = 4583
01/29/2018 20:20:55 [INFO] exp_shallowmodel: #(feature) = 129
01/29/2018 20:20:55 [INFO] exp_shallowmodel: ================================================================================
01/29/2018 20:20:55 [INFO] exp_shallowmodel: LR.pen=l1.C=1.000000
01/29/2018 20:20:55 [INFO] exp_shallowmodel: ________________________________________________________________________________
01/29/2018 20:20:55 [INFO] exp_shallowmodel: Training: 
01/29/2018 20:20:55 [INFO] exp_shallowmodel: LogisticRegression(C=1, class_weight=None, dual=False, fit_intercept=True,
          intercept_scaling=1, max_iter=100, multi_class='ovr', n_jobs=1,
          penalty='l1', random_state=None, solver='liblinear', tol=0.0001,
          verbose=0, warm_start=False)
01/29/2018 20:20:56 [INFO] exp_shallowmodel: train time: 0.386s
01/29/2018 20:20:56 [INFO] exp_shallowmodel: test time:  0.000s
01/29/2018 20:20:56 [INFO] exp_shallowmodel: accuracy:   0.807
01/29/2018 20:20:56 [INFO] exp_shallowmodel: f1_score:   0.739
01/29/2018 20:20:56 [INFO] exp_shallowmodel: classification report:
01/29/2018 20:20:56 [INFO] exp_shallowmodel:              precision    recall  f1-score   support

          A       0.78      0.50      0.61        14
          C       0.73      0.77      0.75       164
          F       0.87      0.92      0.89       268
          R       0.78      0.64      0.70       125

avg / total       0.81      0.81      0.80       571

01/29/2018 20:20:56 [INFO] exp_shallowmodel: confusion matrix:
01/29/2018 20:20:56 [INFO] exp_shallowmodel: 
[[  7   3   3   1]
 [  0 127  18  19]
 [  1  17 247   3]
 [  1  27  17  80]]
01/29/2018 20:20:56 [INFO] exp_shallowmodel: ******************** dstc2 - Round 25 
01/29/2018 20:20:56 [INFO] exp_shallowmodel: #(data) = 4583
01/29/2018 20:20:56 [INFO] exp_shallowmodel: #(feature) = 129
01/29/2018 20:20:56 [INFO] exp_shallowmodel: ================================================================================
01/29/2018 20:20:56 [INFO] exp_shallowmodel: LR.pen=l1.C=1.000000
01/29/2018 20:20:56 [INFO] exp_shallowmodel: ________________________________________________________________________________
01/29/2018 20:20:56 [INFO] exp_shallowmodel: Training: 
01/29/2018 20:20:56 [INFO] exp_shallowmodel: LogisticRegression(C=1, class_weight=None, dual=False, fit_intercept=True,
          intercept_scaling=1, max_iter=100, multi_class='ovr', n_jobs=1,
          penalty='l1', random_state=None, solver='liblinear', tol=0.0001,
          verbose=0, warm_start=False)
01/29/2018 20:20:56 [INFO] exp_shallowmodel: train time: 0.398s
01/29/2018 20:20:56 [INFO] exp_shallowmodel: test time:  0.000s
01/29/2018 20:20:56 [INFO] exp_shallowmodel: accuracy:   0.828
01/29/2018 20:20:56 [INFO] exp_shallowmodel: f1_score:   0.610
01/29/2018 20:20:56 [INFO] exp_shallowmodel: classification report:
01/29/2018 20:20:56 [INFO] exp_shallowmodel:              precision    recall  f1-score   support

          A       0.00      0.00      0.00        14
          C       0.78      0.81      0.80       164
          F       0.89      0.94      0.91       268
          R       0.75      0.70      0.73       125

avg / total       0.81      0.83      0.82       571

01/29/2018 20:20:56 [INFO] exp_shallowmodel: confusion matrix:
01/29/2018 20:20:56 [INFO] exp_shallowmodel: 
[[  0   4  10   0]
 [  1 133   7  23]
 [  0  10 252   6]
 [  0  23  14  88]]
01/29/2018 20:20:56 [INFO] exp_shallowmodel: ******************** dstc2 - Round 26 
01/29/2018 20:20:56 [INFO] exp_shallowmodel: #(data) = 4583
01/29/2018 20:20:56 [INFO] exp_shallowmodel: #(feature) = 129
01/29/2018 20:20:56 [INFO] exp_shallowmodel: ================================================================================
01/29/2018 20:20:56 [INFO] exp_shallowmodel: LR.pen=l1.C=1.000000
01/29/2018 20:20:56 [INFO] exp_shallowmodel: ________________________________________________________________________________
01/29/2018 20:20:56 [INFO] exp_shallowmodel: Training: 
01/29/2018 20:20:56 [INFO] exp_shallowmodel: LogisticRegression(C=1, class_weight=None, dual=False, fit_intercept=True,
          intercept_scaling=1, max_iter=100, multi_class='ovr', n_jobs=1,
          penalty='l1', random_state=None, solver='liblinear', tol=0.0001,
          verbose=0, warm_start=False)
01/29/2018 20:20:56 [INFO] exp_shallowmodel: train time: 0.417s
01/29/2018 20:20:56 [INFO] exp_shallowmodel: test time:  0.000s
01/29/2018 20:20:56 [INFO] exp_shallowmodel: accuracy:   0.828
01/29/2018 20:20:56 [INFO] exp_shallowmodel: f1_score:   0.642
01/29/2018 20:20:56 [INFO] exp_shallowmodel: classification report:
01/29/2018 20:20:56 [INFO] exp_shallowmodel:              precision    recall  f1-score   support

          A       1.00      0.07      0.13        14
          C       0.76      0.80      0.78       164
          F       0.89      0.94      0.91       268
          R       0.78      0.70      0.74       125

avg / total       0.83      0.83      0.82       571

01/29/2018 20:20:56 [INFO] exp_shallowmodel: confusion matrix:
01/29/2018 20:20:56 [INFO] exp_shallowmodel: 
[[  1   2  11   0]
 [  0 132  12  20]
 [  0  11 252   5]
 [  0  28   9  88]]
01/29/2018 20:20:56 [INFO] exp_shallowmodel: ******************** dstc2 - Round 27 
01/29/2018 20:20:56 [INFO] exp_shallowmodel: #(data) = 4583
01/29/2018 20:20:56 [INFO] exp_shallowmodel: #(feature) = 129
01/29/2018 20:20:56 [INFO] exp_shallowmodel: ================================================================================
01/29/2018 20:20:56 [INFO] exp_shallowmodel: LR.pen=l1.C=1.000000
01/29/2018 20:20:56 [INFO] exp_shallowmodel: ________________________________________________________________________________
01/29/2018 20:20:56 [INFO] exp_shallowmodel: Training: 
01/29/2018 20:20:56 [INFO] exp_shallowmodel: LogisticRegression(C=1, class_weight=None, dual=False, fit_intercept=True,
          intercept_scaling=1, max_iter=100, multi_class='ovr', n_jobs=1,
          penalty='l1', random_state=None, solver='liblinear', tol=0.0001,
          verbose=0, warm_start=False)
01/29/2018 20:20:57 [INFO] exp_shallowmodel: train time: 0.405s
01/29/2018 20:20:57 [INFO] exp_shallowmodel: test time:  0.000s
01/29/2018 20:20:57 [INFO] exp_shallowmodel: accuracy:   0.825
01/29/2018 20:20:57 [INFO] exp_shallowmodel: f1_score:   0.714
01/29/2018 20:20:57 [INFO] exp_shallowmodel: classification report:
01/29/2018 20:20:57 [INFO] exp_shallowmodel:              precision    recall  f1-score   support

          A       1.00      0.29      0.44        14
          C       0.76      0.84      0.80       164
          F       0.90      0.91      0.91       268
          R       0.74      0.68      0.71       125

avg / total       0.83      0.82      0.82       571

01/29/2018 20:20:57 [INFO] exp_shallowmodel: confusion matrix:
01/29/2018 20:20:57 [INFO] exp_shallowmodel: 
[[  4   1   9   0]
 [  0 138   7  19]
 [  0  13 244  11]
 [  0  30  10  85]]
01/29/2018 20:20:57 [INFO] exp_shallowmodel: ******************** dstc2 - Round 28 
01/29/2018 20:20:57 [INFO] exp_shallowmodel: #(data) = 4583
01/29/2018 20:20:57 [INFO] exp_shallowmodel: #(feature) = 129
01/29/2018 20:20:57 [INFO] exp_shallowmodel: ================================================================================
01/29/2018 20:20:57 [INFO] exp_shallowmodel: LR.pen=l1.C=1.000000
01/29/2018 20:20:57 [INFO] exp_shallowmodel: ________________________________________________________________________________
01/29/2018 20:20:57 [INFO] exp_shallowmodel: Training: 
01/29/2018 20:20:57 [INFO] exp_shallowmodel: LogisticRegression(C=1, class_weight=None, dual=False, fit_intercept=True,
          intercept_scaling=1, max_iter=100, multi_class='ovr', n_jobs=1,
          penalty='l1', random_state=None, solver='liblinear', tol=0.0001,
          verbose=0, warm_start=False)
01/29/2018 20:20:57 [INFO] exp_shallowmodel: train time: 0.422s
01/29/2018 20:20:57 [INFO] exp_shallowmodel: test time:  0.000s
01/29/2018 20:20:57 [INFO] exp_shallowmodel: accuracy:   0.807
01/29/2018 20:20:57 [INFO] exp_shallowmodel: f1_score:   0.649
01/29/2018 20:20:57 [INFO] exp_shallowmodel: classification report:
01/29/2018 20:20:57 [INFO] exp_shallowmodel:              precision    recall  f1-score   support

          A       0.67      0.14      0.24        14
          C       0.77      0.76      0.76       164
          F       0.88      0.93      0.90       268
          R       0.70      0.69      0.69       125

avg / total       0.80      0.81      0.80       571

01/29/2018 20:20:57 [INFO] exp_shallowmodel: confusion matrix:
01/29/2018 20:20:57 [INFO] exp_shallowmodel: 
[[  2   0   9   3]
 [  0 125  15  24]
 [  1   9 248  10]
 [  0  29  10  86]]
01/29/2018 20:20:57 [INFO] exp_shallowmodel: ******************** dstc2 - Round 29 
01/29/2018 20:20:57 [INFO] exp_shallowmodel: #(data) = 4568
01/29/2018 20:20:57 [INFO] exp_shallowmodel: #(feature) = 129
01/29/2018 20:20:57 [INFO] exp_shallowmodel: ================================================================================
01/29/2018 20:20:57 [INFO] exp_shallowmodel: LR.pen=l1.C=1.000000
01/29/2018 20:20:57 [INFO] exp_shallowmodel: ________________________________________________________________________________
01/29/2018 20:20:57 [INFO] exp_shallowmodel: Training: 
01/29/2018 20:20:57 [INFO] exp_shallowmodel: LogisticRegression(C=1, class_weight=None, dual=False, fit_intercept=True,
          intercept_scaling=1, max_iter=100, multi_class='ovr', n_jobs=1,
          penalty='l1', random_state=None, solver='liblinear', tol=0.0001,
          verbose=0, warm_start=False)
01/29/2018 20:20:58 [INFO] exp_shallowmodel: train time: 0.455s
01/29/2018 20:20:58 [INFO] exp_shallowmodel: test time:  0.000s
01/29/2018 20:20:58 [INFO] exp_shallowmodel: accuracy:   0.833
01/29/2018 20:20:58 [INFO] exp_shallowmodel: f1_score:   0.707
01/29/2018 20:20:58 [INFO] exp_shallowmodel: classification report:
01/29/2018 20:20:58 [INFO] exp_shallowmodel:              precision    recall  f1-score   support

          A       0.57      0.25      0.35        16
          C       0.80      0.82      0.81       169
          F       0.86      0.92      0.89       271
          R       0.82      0.75      0.78       130

avg / total       0.83      0.83      0.83       586

01/29/2018 20:20:58 [INFO] exp_shallowmodel: confusion matrix:
01/29/2018 20:20:58 [INFO] exp_shallowmodel: 
[[  4   3   9   0]
 [  1 138  16  14]
 [  2  13 249   7]
 [  0  19  14  97]]
01/29/2018 20:20:58 [INFO] exp_shallowmodel: ******************** dstc2 - Round 30 
01/29/2018 20:20:58 [INFO] exp_shallowmodel: #(data) = 4583
01/29/2018 20:20:58 [INFO] exp_shallowmodel: #(feature) = 129
01/29/2018 20:20:58 [INFO] exp_shallowmodel: ================================================================================
01/29/2018 20:20:58 [INFO] exp_shallowmodel: LR.pen=l1.C=1.000000
01/29/2018 20:20:58 [INFO] exp_shallowmodel: ________________________________________________________________________________
01/29/2018 20:20:58 [INFO] exp_shallowmodel: Training: 
01/29/2018 20:20:58 [INFO] exp_shallowmodel: LogisticRegression(C=1, class_weight=None, dual=False, fit_intercept=True,
          intercept_scaling=1, max_iter=100, multi_class='ovr', n_jobs=1,
          penalty='l1', random_state=None, solver='liblinear', tol=0.0001,
          verbose=0, warm_start=False)
01/29/2018 20:20:58 [INFO] exp_shallowmodel: train time: 0.402s
01/29/2018 20:20:58 [INFO] exp_shallowmodel: test time:  0.000s
01/29/2018 20:20:58 [INFO] exp_shallowmodel: accuracy:   0.806
01/29/2018 20:20:58 [INFO] exp_shallowmodel: f1_score:   0.674
01/29/2018 20:20:58 [INFO] exp_shallowmodel: classification report:
01/29/2018 20:20:58 [INFO] exp_shallowmodel:              precision    recall  f1-score   support

          A       1.00      0.21      0.35        14
          C       0.74      0.80      0.77       164
          F       0.90      0.91      0.91       268
          R       0.69      0.65      0.67       125

avg / total       0.81      0.81      0.80       571

01/29/2018 20:20:58 [INFO] exp_shallowmodel: confusion matrix:
01/29/2018 20:20:58 [INFO] exp_shallowmodel: 
[[  3   1   7   3]
 [  0 132  12  20]
 [  0  10 244  14]
 [  0  36   8  81]]
01/29/2018 20:20:58 [INFO] exp_shallowmodel: ******************** dstc2 - Round 31 
01/29/2018 20:20:58 [INFO] exp_shallowmodel: #(data) = 4583
01/29/2018 20:20:58 [INFO] exp_shallowmodel: #(feature) = 129
01/29/2018 20:20:58 [INFO] exp_shallowmodel: ================================================================================
01/29/2018 20:20:58 [INFO] exp_shallowmodel: LR.pen=l1.C=1.000000
01/29/2018 20:20:58 [INFO] exp_shallowmodel: ________________________________________________________________________________
01/29/2018 20:20:58 [INFO] exp_shallowmodel: Training: 
01/29/2018 20:20:58 [INFO] exp_shallowmodel: LogisticRegression(C=1, class_weight=None, dual=False, fit_intercept=True,
          intercept_scaling=1, max_iter=100, multi_class='ovr', n_jobs=1,
          penalty='l1', random_state=None, solver='liblinear', tol=0.0001,
          verbose=0, warm_start=False)
01/29/2018 20:20:59 [INFO] exp_shallowmodel: train time: 0.483s
01/29/2018 20:20:59 [INFO] exp_shallowmodel: test time:  0.000s
01/29/2018 20:20:59 [INFO] exp_shallowmodel: accuracy:   0.832
01/29/2018 20:20:59 [INFO] exp_shallowmodel: f1_score:   0.695
01/29/2018 20:20:59 [INFO] exp_shallowmodel: classification report:
01/29/2018 20:20:59 [INFO] exp_shallowmodel:              precision    recall  f1-score   support

          A       0.60      0.21      0.32        14
          C       0.79      0.82      0.80       164
          F       0.89      0.91      0.90       268
          R       0.77      0.75      0.76       125

avg / total       0.83      0.83      0.83       571

01/29/2018 20:20:59 [INFO] exp_shallowmodel: confusion matrix:
01/29/2018 20:20:59 [INFO] exp_shallowmodel: 
[[  3   1   9   1]
 [  1 134  10  19]
 [  0  16 244   8]
 [  1  18  12  94]]
01/29/2018 20:20:59 [INFO] exp_shallowmodel: ******************** dstc2 - Round 32 
01/29/2018 20:20:59 [INFO] exp_shallowmodel: #(data) = 4583
01/29/2018 20:20:59 [INFO] exp_shallowmodel: #(feature) = 129
01/29/2018 20:20:59 [INFO] exp_shallowmodel: ================================================================================
01/29/2018 20:20:59 [INFO] exp_shallowmodel: LR.pen=l1.C=1.000000
01/29/2018 20:20:59 [INFO] exp_shallowmodel: ________________________________________________________________________________
01/29/2018 20:20:59 [INFO] exp_shallowmodel: Training: 
01/29/2018 20:20:59 [INFO] exp_shallowmodel: LogisticRegression(C=1, class_weight=None, dual=False, fit_intercept=True,
          intercept_scaling=1, max_iter=100, multi_class='ovr', n_jobs=1,
          penalty='l1', random_state=None, solver='liblinear', tol=0.0001,
          verbose=0, warm_start=False)
01/29/2018 20:20:59 [INFO] exp_shallowmodel: train time: 0.391s
01/29/2018 20:20:59 [INFO] exp_shallowmodel: test time:  0.000s
01/29/2018 20:20:59 [INFO] exp_shallowmodel: accuracy:   0.820
01/29/2018 20:20:59 [INFO] exp_shallowmodel: f1_score:   0.724
01/29/2018 20:20:59 [INFO] exp_shallowmodel: classification report:
01/29/2018 20:20:59 [INFO] exp_shallowmodel:              precision    recall  f1-score   support

          A       0.60      0.43      0.50        14
          C       0.75      0.79      0.77       164
          F       0.89      0.93      0.91       268
          R       0.78      0.67      0.72       125

avg / total       0.82      0.82      0.82       571

01/29/2018 20:20:59 [INFO] exp_shallowmodel: confusion matrix:
01/29/2018 20:20:59 [INFO] exp_shallowmodel: 
[[  6   3   5   0]
 [  2 130  12  20]
 [  2  14 248   4]
 [  0  26  15  84]]
01/29/2018 20:20:59 [INFO] exp_shallowmodel: ******************** dstc2 - Round 33 
01/29/2018 20:20:59 [INFO] exp_shallowmodel: #(data) = 4583
01/29/2018 20:20:59 [INFO] exp_shallowmodel: #(feature) = 129
01/29/2018 20:20:59 [INFO] exp_shallowmodel: ================================================================================
01/29/2018 20:20:59 [INFO] exp_shallowmodel: LR.pen=l1.C=1.000000
01/29/2018 20:20:59 [INFO] exp_shallowmodel: ________________________________________________________________________________
01/29/2018 20:20:59 [INFO] exp_shallowmodel: Training: 
01/29/2018 20:20:59 [INFO] exp_shallowmodel: LogisticRegression(C=1, class_weight=None, dual=False, fit_intercept=True,
          intercept_scaling=1, max_iter=100, multi_class='ovr', n_jobs=1,
          penalty='l1', random_state=None, solver='liblinear', tol=0.0001,
          verbose=0, warm_start=False)
01/29/2018 20:20:59 [INFO] exp_shallowmodel: train time: 0.374s
01/29/2018 20:20:59 [INFO] exp_shallowmodel: test time:  0.000s
01/29/2018 20:21:00 [INFO] exp_shallowmodel: accuracy:   0.834
01/29/2018 20:21:00 [INFO] exp_shallowmodel: f1_score:   0.672
01/29/2018 20:21:00 [INFO] exp_shallowmodel: classification report:
01/29/2018 20:21:00 [INFO] exp_shallowmodel:              precision    recall  f1-score   support

          A       1.00      0.14      0.25        14
          C       0.82      0.80      0.81       164
          F       0.89      0.96      0.92       268
          R       0.72      0.70      0.71       125

avg / total       0.83      0.83      0.83       571

01/29/2018 20:21:00 [INFO] exp_shallowmodel: confusion matrix:
01/29/2018 20:21:00 [INFO] exp_shallowmodel: 
[[  2   6   4   2]
 [  0 131   8  25]
 [  0   5 256   7]
 [  0  18  20  87]]
01/29/2018 20:21:00 [INFO] exp_shallowmodel: ******************** dstc2 - Round 34 
01/29/2018 20:21:00 [INFO] exp_shallowmodel: #(data) = 4583
01/29/2018 20:21:00 [INFO] exp_shallowmodel: #(feature) = 129
01/29/2018 20:21:00 [INFO] exp_shallowmodel: ================================================================================
01/29/2018 20:21:00 [INFO] exp_shallowmodel: LR.pen=l1.C=1.000000
01/29/2018 20:21:00 [INFO] exp_shallowmodel: ________________________________________________________________________________
01/29/2018 20:21:00 [INFO] exp_shallowmodel: Training: 
01/29/2018 20:21:00 [INFO] exp_shallowmodel: LogisticRegression(C=1, class_weight=None, dual=False, fit_intercept=True,
          intercept_scaling=1, max_iter=100, multi_class='ovr', n_jobs=1,
          penalty='l1', random_state=None, solver='liblinear', tol=0.0001,
          verbose=0, warm_start=False)
01/29/2018 20:21:00 [INFO] exp_shallowmodel: train time: 0.456s
01/29/2018 20:21:00 [INFO] exp_shallowmodel: test time:  0.000s
01/29/2018 20:21:00 [INFO] exp_shallowmodel: accuracy:   0.834
01/29/2018 20:21:00 [INFO] exp_shallowmodel: f1_score:   0.734
01/29/2018 20:21:00 [INFO] exp_shallowmodel: classification report:
01/29/2018 20:21:00 [INFO] exp_shallowmodel:              precision    recall  f1-score   support

          A       0.83      0.36      0.50        14
          C       0.76      0.79      0.77       164
          F       0.90      0.95      0.92       268
          R       0.78      0.70      0.74       125

avg / total       0.83      0.83      0.83       571

01/29/2018 20:21:00 [INFO] exp_shallowmodel: confusion matrix:
01/29/2018 20:21:00 [INFO] exp_shallowmodel: 
[[  5   0   8   1]
 [  0 129  15  20]
 [  0  10 254   4]
 [  1  31   5  88]]
01/29/2018 20:21:00 [INFO] exp_shallowmodel: ******************** dstc2 - Round 35 
01/29/2018 20:21:00 [INFO] exp_shallowmodel: #(data) = 4583
01/29/2018 20:21:00 [INFO] exp_shallowmodel: #(feature) = 129
01/29/2018 20:21:00 [INFO] exp_shallowmodel: ================================================================================
01/29/2018 20:21:00 [INFO] exp_shallowmodel: LR.pen=l1.C=1.000000
01/29/2018 20:21:00 [INFO] exp_shallowmodel: ________________________________________________________________________________
01/29/2018 20:21:00 [INFO] exp_shallowmodel: Training: 
01/29/2018 20:21:00 [INFO] exp_shallowmodel: LogisticRegression(C=1, class_weight=None, dual=False, fit_intercept=True,
          intercept_scaling=1, max_iter=100, multi_class='ovr', n_jobs=1,
          penalty='l1', random_state=None, solver='liblinear', tol=0.0001,
          verbose=0, warm_start=False)
01/29/2018 20:21:00 [INFO] exp_shallowmodel: train time: 0.392s
01/29/2018 20:21:00 [INFO] exp_shallowmodel: test time:  0.000s
01/29/2018 20:21:00 [INFO] exp_shallowmodel: accuracy:   0.844
01/29/2018 20:21:00 [INFO] exp_shallowmodel: f1_score:   0.660
01/29/2018 20:21:00 [INFO] exp_shallowmodel: classification report:
01/29/2018 20:21:00 [INFO] exp_shallowmodel:              precision    recall  f1-score   support

          A       0.50      0.07      0.12        14
          C       0.82      0.84      0.83       164
          F       0.88      0.93      0.90       268
          R       0.81      0.77      0.79       125

avg / total       0.84      0.84      0.84       571

01/29/2018 20:21:00 [INFO] exp_shallowmodel: confusion matrix:
01/29/2018 20:21:00 [INFO] exp_shallowmodel: 
[[  1   2  10   1]
 [  0 137  14  13]
 [  0  12 248   8]
 [  1  17  11  96]]
01/29/2018 20:21:00 [INFO] exp_shallowmodel: ******************** dstc2 - Round 36 
01/29/2018 20:21:00 [INFO] exp_shallowmodel: #(data) = 4583
01/29/2018 20:21:00 [INFO] exp_shallowmodel: #(feature) = 129
01/29/2018 20:21:00 [INFO] exp_shallowmodel: ================================================================================
01/29/2018 20:21:00 [INFO] exp_shallowmodel: LR.pen=l1.C=1.000000
01/29/2018 20:21:00 [INFO] exp_shallowmodel: ________________________________________________________________________________
01/29/2018 20:21:00 [INFO] exp_shallowmodel: Training: 
01/29/2018 20:21:00 [INFO] exp_shallowmodel: LogisticRegression(C=1, class_weight=None, dual=False, fit_intercept=True,
          intercept_scaling=1, max_iter=100, multi_class='ovr', n_jobs=1,
          penalty='l1', random_state=None, solver='liblinear', tol=0.0001,
          verbose=0, warm_start=False)
01/29/2018 20:21:01 [INFO] exp_shallowmodel: train time: 0.374s
01/29/2018 20:21:01 [INFO] exp_shallowmodel: test time:  0.000s
01/29/2018 20:21:01 [INFO] exp_shallowmodel: accuracy:   0.825
01/29/2018 20:21:01 [INFO] exp_shallowmodel: f1_score:   0.688
01/29/2018 20:21:01 [INFO] exp_shallowmodel: classification report:
01/29/2018 20:21:01 [INFO] exp_shallowmodel:              precision    recall  f1-score   support

          A       0.60      0.21      0.32        14
          C       0.74      0.85      0.79       164
          F       0.90      0.90      0.90       268
          R       0.79      0.70      0.75       125

avg / total       0.82      0.82      0.82       571

01/29/2018 20:21:01 [INFO] exp_shallowmodel: confusion matrix:
01/29/2018 20:21:01 [INFO] exp_shallowmodel: 
[[  3   4   6   1]
 [  0 140  10  14]
 [  0  20 240   8]
 [  2  25  10  88]]
01/29/2018 20:21:01 [INFO] exp_shallowmodel: ******************** dstc2 - Round 37 
01/29/2018 20:21:01 [INFO] exp_shallowmodel: #(data) = 4583
01/29/2018 20:21:01 [INFO] exp_shallowmodel: #(feature) = 129
01/29/2018 20:21:01 [INFO] exp_shallowmodel: ================================================================================
01/29/2018 20:21:01 [INFO] exp_shallowmodel: LR.pen=l1.C=1.000000
01/29/2018 20:21:01 [INFO] exp_shallowmodel: ________________________________________________________________________________
01/29/2018 20:21:01 [INFO] exp_shallowmodel: Training: 
01/29/2018 20:21:01 [INFO] exp_shallowmodel: LogisticRegression(C=1, class_weight=None, dual=False, fit_intercept=True,
          intercept_scaling=1, max_iter=100, multi_class='ovr', n_jobs=1,
          penalty='l1', random_state=None, solver='liblinear', tol=0.0001,
          verbose=0, warm_start=False)
01/29/2018 20:21:01 [INFO] exp_shallowmodel: train time: 0.400s
01/29/2018 20:21:01 [INFO] exp_shallowmodel: test time:  0.000s
01/29/2018 20:21:01 [INFO] exp_shallowmodel: accuracy:   0.818
01/29/2018 20:21:01 [INFO] exp_shallowmodel: f1_score:   0.629
01/29/2018 20:21:01 [INFO] exp_shallowmodel: classification report:
01/29/2018 20:21:01 [INFO] exp_shallowmodel:              precision    recall  f1-score   support

          A       0.33      0.07      0.12        14
          C       0.76      0.80      0.78       164
          F       0.88      0.94      0.91       268
          R       0.76      0.66      0.71       125

avg / total       0.81      0.82      0.81       571

01/29/2018 20:21:01 [INFO] exp_shallowmodel: confusion matrix:
01/29/2018 20:21:01 [INFO] exp_shallowmodel: 
[[  1   0  13   0]
 [  2 131  10  21]
 [  0  11 252   5]
 [  0  31  11  83]]
01/29/2018 20:21:01 [INFO] exp_shallowmodel: ******************** dstc2 - Round 38 
01/29/2018 20:21:01 [INFO] exp_shallowmodel: #(data) = 4583
01/29/2018 20:21:01 [INFO] exp_shallowmodel: #(feature) = 129
01/29/2018 20:21:01 [INFO] exp_shallowmodel: ================================================================================
01/29/2018 20:21:01 [INFO] exp_shallowmodel: LR.pen=l1.C=1.000000
01/29/2018 20:21:01 [INFO] exp_shallowmodel: ________________________________________________________________________________
01/29/2018 20:21:01 [INFO] exp_shallowmodel: Training: 
01/29/2018 20:21:01 [INFO] exp_shallowmodel: LogisticRegression(C=1, class_weight=None, dual=False, fit_intercept=True,
          intercept_scaling=1, max_iter=100, multi_class='ovr', n_jobs=1,
          penalty='l1', random_state=None, solver='liblinear', tol=0.0001,
          verbose=0, warm_start=False)
01/29/2018 20:21:02 [INFO] exp_shallowmodel: train time: 0.363s
01/29/2018 20:21:02 [INFO] exp_shallowmodel: test time:  0.000s
01/29/2018 20:21:02 [INFO] exp_shallowmodel: accuracy:   0.823
01/29/2018 20:21:02 [INFO] exp_shallowmodel: f1_score:   0.681
01/29/2018 20:21:02 [INFO] exp_shallowmodel: classification report:
01/29/2018 20:21:02 [INFO] exp_shallowmodel:              precision    recall  f1-score   support

          A       0.50      0.21      0.30        14
          C       0.76      0.75      0.76       164
          F       0.88      0.94      0.91       268
          R       0.78      0.73      0.76       125

avg / total       0.82      0.82      0.82       571

01/29/2018 20:21:02 [INFO] exp_shallowmodel: confusion matrix:
01/29/2018 20:21:02 [INFO] exp_shallowmodel: 
[[  3   2   7   2]
 [  1 123  20  20]
 [  2  10 253   3]
 [  0  26   8  91]]
01/29/2018 20:21:02 [INFO] exp_shallowmodel: ******************** dstc2 - Round 39 
01/29/2018 20:21:02 [INFO] exp_shallowmodel: #(data) = 4568
01/29/2018 20:21:02 [INFO] exp_shallowmodel: #(feature) = 129
01/29/2018 20:21:02 [INFO] exp_shallowmodel: ================================================================================
01/29/2018 20:21:02 [INFO] exp_shallowmodel: LR.pen=l1.C=1.000000
01/29/2018 20:21:02 [INFO] exp_shallowmodel: ________________________________________________________________________________
01/29/2018 20:21:02 [INFO] exp_shallowmodel: Training: 
01/29/2018 20:21:02 [INFO] exp_shallowmodel: LogisticRegression(C=1, class_weight=None, dual=False, fit_intercept=True,
          intercept_scaling=1, max_iter=100, multi_class='ovr', n_jobs=1,
          penalty='l1', random_state=None, solver='liblinear', tol=0.0001,
          verbose=0, warm_start=False)
01/29/2018 20:21:02 [INFO] exp_shallowmodel: train time: 0.388s
01/29/2018 20:21:02 [INFO] exp_shallowmodel: test time:  0.000s
01/29/2018 20:21:02 [INFO] exp_shallowmodel: accuracy:   0.819
01/29/2018 20:21:02 [INFO] exp_shallowmodel: f1_score:   0.681
01/29/2018 20:21:02 [INFO] exp_shallowmodel: classification report:
01/29/2018 20:21:02 [INFO] exp_shallowmodel:              precision    recall  f1-score   support

          A       1.00      0.19      0.32        16
          C       0.74      0.80      0.77       169
          F       0.89      0.93      0.91       271
          R       0.76      0.69      0.73       130

avg / total       0.82      0.82      0.81       586

01/29/2018 20:21:02 [INFO] exp_shallowmodel: confusion matrix:
01/29/2018 20:21:02 [INFO] exp_shallowmodel: 
[[  3   3   9   1]
 [  0 136  10  23]
 [  0  16 251   4]
 [  0  28  12  90]]
01/29/2018 20:21:02 [INFO] exp_shallowmodel: ******************** dstc2 - Round 40 
01/29/2018 20:21:02 [INFO] exp_shallowmodel: #(data) = 4583
01/29/2018 20:21:02 [INFO] exp_shallowmodel: #(feature) = 129
01/29/2018 20:21:02 [INFO] exp_shallowmodel: ================================================================================
01/29/2018 20:21:02 [INFO] exp_shallowmodel: LR.pen=l1.C=1.000000
01/29/2018 20:21:02 [INFO] exp_shallowmodel: ________________________________________________________________________________
01/29/2018 20:21:02 [INFO] exp_shallowmodel: Training: 
01/29/2018 20:21:02 [INFO] exp_shallowmodel: LogisticRegression(C=1, class_weight=None, dual=False, fit_intercept=True,
          intercept_scaling=1, max_iter=100, multi_class='ovr', n_jobs=1,
          penalty='l1', random_state=None, solver='liblinear', tol=0.0001,
          verbose=0, warm_start=False)
01/29/2018 20:21:02 [INFO] exp_shallowmodel: train time: 0.380s
01/29/2018 20:21:02 [INFO] exp_shallowmodel: test time:  0.000s
01/29/2018 20:21:02 [INFO] exp_shallowmodel: accuracy:   0.835
01/29/2018 20:21:02 [INFO] exp_shallowmodel: f1_score:   0.697
01/29/2018 20:21:02 [INFO] exp_shallowmodel: classification report:
01/29/2018 20:21:02 [INFO] exp_shallowmodel:              precision    recall  f1-score   support

          A       0.75      0.21      0.33        14
          C       0.77      0.80      0.78       164
          F       0.90      0.94      0.92       268
          R       0.77      0.73      0.75       125

avg / total       0.83      0.84      0.83       571

01/29/2018 20:21:02 [INFO] exp_shallowmodel: confusion matrix:
01/29/2018 20:21:02 [INFO] exp_shallowmodel: 
[[  3   5   5   1]
 [  0 131  11  22]
 [  1  11 252   4]
 [  0  23  11  91]]
01/29/2018 20:21:02 [INFO] exp_shallowmodel: ******************** dstc2 - Round 41 
01/29/2018 20:21:02 [INFO] exp_shallowmodel: #(data) = 4583
01/29/2018 20:21:02 [INFO] exp_shallowmodel: #(feature) = 129
01/29/2018 20:21:02 [INFO] exp_shallowmodel: ================================================================================
01/29/2018 20:21:02 [INFO] exp_shallowmodel: LR.pen=l1.C=1.000000
01/29/2018 20:21:02 [INFO] exp_shallowmodel: ________________________________________________________________________________
01/29/2018 20:21:02 [INFO] exp_shallowmodel: Training: 
01/29/2018 20:21:02 [INFO] exp_shallowmodel: LogisticRegression(C=1, class_weight=None, dual=False, fit_intercept=True,
          intercept_scaling=1, max_iter=100, multi_class='ovr', n_jobs=1,
          penalty='l1', random_state=None, solver='liblinear', tol=0.0001,
          verbose=0, warm_start=False)
01/29/2018 20:21:03 [INFO] exp_shallowmodel: train time: 0.352s
01/29/2018 20:21:03 [INFO] exp_shallowmodel: test time:  0.000s
01/29/2018 20:21:03 [INFO] exp_shallowmodel: accuracy:   0.844
01/29/2018 20:21:03 [INFO] exp_shallowmodel: f1_score:   0.726
01/29/2018 20:21:03 [INFO] exp_shallowmodel: classification report:
01/29/2018 20:21:03 [INFO] exp_shallowmodel:              precision    recall  f1-score   support

          A       0.80      0.29      0.42        14
          C       0.81      0.80      0.80       164
          F       0.90      0.94      0.92       268
          R       0.77      0.75      0.76       125

avg / total       0.84      0.84      0.84       571

01/29/2018 20:21:03 [INFO] exp_shallowmodel: confusion matrix:
01/29/2018 20:21:03 [INFO] exp_shallowmodel: 
[[  4   2   5   3]
 [  1 131  13  19]
 [  0   9 253   6]
 [  0  20  11  94]]
01/29/2018 20:21:03 [INFO] exp_shallowmodel: ******************** dstc2 - Round 42 
01/29/2018 20:21:03 [INFO] exp_shallowmodel: #(data) = 4583
01/29/2018 20:21:03 [INFO] exp_shallowmodel: #(feature) = 129
01/29/2018 20:21:03 [INFO] exp_shallowmodel: ================================================================================
01/29/2018 20:21:03 [INFO] exp_shallowmodel: LR.pen=l1.C=1.000000
01/29/2018 20:21:03 [INFO] exp_shallowmodel: ________________________________________________________________________________
01/29/2018 20:21:03 [INFO] exp_shallowmodel: Training: 
01/29/2018 20:21:03 [INFO] exp_shallowmodel: LogisticRegression(C=1, class_weight=None, dual=False, fit_intercept=True,
          intercept_scaling=1, max_iter=100, multi_class='ovr', n_jobs=1,
          penalty='l1', random_state=None, solver='liblinear', tol=0.0001,
          verbose=0, warm_start=False)
01/29/2018 20:21:03 [INFO] exp_shallowmodel: train time: 0.328s
01/29/2018 20:21:03 [INFO] exp_shallowmodel: test time:  0.000s
01/29/2018 20:21:03 [INFO] exp_shallowmodel: accuracy:   0.804
01/29/2018 20:21:03 [INFO] exp_shallowmodel: f1_score:   0.645
01/29/2018 20:21:03 [INFO] exp_shallowmodel: classification report:
01/29/2018 20:21:03 [INFO] exp_shallowmodel:              precision    recall  f1-score   support

          A       0.67      0.14      0.24        14
          C       0.73      0.76      0.74       164
          F       0.87      0.93      0.90       268
          R       0.74      0.66      0.70       125

avg / total       0.80      0.80      0.80       571

01/29/2018 20:21:03 [INFO] exp_shallowmodel: confusion matrix:
01/29/2018 20:21:03 [INFO] exp_shallowmodel: 
[[  2   0  11   1]
 [  1 124  15  24]
 [  0  14 250   4]
 [  0  31  11  83]]
01/29/2018 20:21:03 [INFO] exp_shallowmodel: ******************** dstc2 - Round 43 
01/29/2018 20:21:03 [INFO] exp_shallowmodel: #(data) = 4583
01/29/2018 20:21:03 [INFO] exp_shallowmodel: #(feature) = 129
01/29/2018 20:21:03 [INFO] exp_shallowmodel: ================================================================================
01/29/2018 20:21:03 [INFO] exp_shallowmodel: LR.pen=l1.C=1.000000
01/29/2018 20:21:03 [INFO] exp_shallowmodel: ________________________________________________________________________________
01/29/2018 20:21:03 [INFO] exp_shallowmodel: Training: 
01/29/2018 20:21:03 [INFO] exp_shallowmodel: LogisticRegression(C=1, class_weight=None, dual=False, fit_intercept=True,
          intercept_scaling=1, max_iter=100, multi_class='ovr', n_jobs=1,
          penalty='l1', random_state=None, solver='liblinear', tol=0.0001,
          verbose=0, warm_start=False)
01/29/2018 20:21:03 [INFO] exp_shallowmodel: train time: 0.377s
01/29/2018 20:21:03 [INFO] exp_shallowmodel: test time:  0.000s
01/29/2018 20:21:03 [INFO] exp_shallowmodel: accuracy:   0.834
01/29/2018 20:21:03 [INFO] exp_shallowmodel: f1_score:   0.731
01/29/2018 20:21:03 [INFO] exp_shallowmodel: classification report:
01/29/2018 20:21:03 [INFO] exp_shallowmodel:              precision    recall  f1-score   support

          A       0.71      0.36      0.48        14
          C       0.75      0.82      0.78       164
          F       0.91      0.93      0.92       268
          R       0.79      0.71      0.75       125

avg / total       0.83      0.83      0.83       571

01/29/2018 20:21:03 [INFO] exp_shallowmodel: confusion matrix:
01/29/2018 20:21:03 [INFO] exp_shallowmodel: 
[[  5   2   7   0]
 [  0 134  11  19]
 [  0  15 248   5]
 [  2  27   7  89]]
01/29/2018 20:21:03 [INFO] exp_shallowmodel: ******************** dstc2 - Round 44 
01/29/2018 20:21:03 [INFO] exp_shallowmodel: #(data) = 4583
01/29/2018 20:21:03 [INFO] exp_shallowmodel: #(feature) = 129
01/29/2018 20:21:03 [INFO] exp_shallowmodel: ================================================================================
01/29/2018 20:21:03 [INFO] exp_shallowmodel: LR.pen=l1.C=1.000000
01/29/2018 20:21:03 [INFO] exp_shallowmodel: ________________________________________________________________________________
01/29/2018 20:21:03 [INFO] exp_shallowmodel: Training: 
01/29/2018 20:21:03 [INFO] exp_shallowmodel: LogisticRegression(C=1, class_weight=None, dual=False, fit_intercept=True,
          intercept_scaling=1, max_iter=100, multi_class='ovr', n_jobs=1,
          penalty='l1', random_state=None, solver='liblinear', tol=0.0001,
          verbose=0, warm_start=False)
01/29/2018 20:21:04 [INFO] exp_shallowmodel: train time: 0.420s
01/29/2018 20:21:04 [INFO] exp_shallowmodel: test time:  0.000s
01/29/2018 20:21:04 [INFO] exp_shallowmodel: accuracy:   0.818
01/29/2018 20:21:04 [INFO] exp_shallowmodel: f1_score:   0.596
01/29/2018 20:21:04 [INFO] exp_shallowmodel: classification report:
01/29/2018 20:21:04 [INFO] exp_shallowmodel:              precision    recall  f1-score   support

          A       0.00      0.00      0.00        14
          C       0.76      0.84      0.80       164
          F       0.87      0.94      0.91       268
          R       0.77      0.61      0.68       125

avg / total       0.80      0.82      0.80       571

01/29/2018 20:21:04 [INFO] exp_shallowmodel: confusion matrix:
01/29/2018 20:21:04 [INFO] exp_shallowmodel: 
[[  0   3   8   3]
 [  0 138  11  15]
 [  0  10 253   5]
 [  0  31  18  76]]
01/29/2018 20:21:04 [INFO] exp_shallowmodel: ******************** dstc2 - Round 45 
01/29/2018 20:21:04 [INFO] exp_shallowmodel: #(data) = 4583
01/29/2018 20:21:04 [INFO] exp_shallowmodel: #(feature) = 129
01/29/2018 20:21:04 [INFO] exp_shallowmodel: ================================================================================
01/29/2018 20:21:04 [INFO] exp_shallowmodel: LR.pen=l1.C=1.000000
01/29/2018 20:21:04 [INFO] exp_shallowmodel: ________________________________________________________________________________
01/29/2018 20:21:04 [INFO] exp_shallowmodel: Training: 
01/29/2018 20:21:04 [INFO] exp_shallowmodel: LogisticRegression(C=1, class_weight=None, dual=False, fit_intercept=True,
          intercept_scaling=1, max_iter=100, multi_class='ovr', n_jobs=1,
          penalty='l1', random_state=None, solver='liblinear', tol=0.0001,
          verbose=0, warm_start=False)
01/29/2018 20:21:04 [INFO] exp_shallowmodel: train time: 0.420s
01/29/2018 20:21:04 [INFO] exp_shallowmodel: test time:  0.000s
01/29/2018 20:21:04 [INFO] exp_shallowmodel: accuracy:   0.814
01/29/2018 20:21:04 [INFO] exp_shallowmodel: f1_score:   0.675
01/29/2018 20:21:04 [INFO] exp_shallowmodel: classification report:
01/29/2018 20:21:04 [INFO] exp_shallowmodel:              precision    recall  f1-score   support

          A       0.60      0.21      0.32        14
          C       0.75      0.76      0.76       164
          F       0.88      0.93      0.91       268
          R       0.74      0.70      0.72       125

avg / total       0.81      0.81      0.81       571

01/29/2018 20:21:04 [INFO] exp_shallowmodel: confusion matrix:
01/29/2018 20:21:04 [INFO] exp_shallowmodel: 
[[  3   5   5   1]
 [  1 125  15  23]
 [  1  11 250   6]
 [  0  25  13  87]]
01/29/2018 20:21:04 [INFO] exp_shallowmodel: ******************** dstc2 - Round 46 
01/29/2018 20:21:04 [INFO] exp_shallowmodel: #(data) = 4583
01/29/2018 20:21:04 [INFO] exp_shallowmodel: #(feature) = 129
01/29/2018 20:21:04 [INFO] exp_shallowmodel: ================================================================================
01/29/2018 20:21:04 [INFO] exp_shallowmodel: LR.pen=l1.C=1.000000
01/29/2018 20:21:04 [INFO] exp_shallowmodel: ________________________________________________________________________________
01/29/2018 20:21:04 [INFO] exp_shallowmodel: Training: 
01/29/2018 20:21:04 [INFO] exp_shallowmodel: LogisticRegression(C=1, class_weight=None, dual=False, fit_intercept=True,
          intercept_scaling=1, max_iter=100, multi_class='ovr', n_jobs=1,
          penalty='l1', random_state=None, solver='liblinear', tol=0.0001,
          verbose=0, warm_start=False)
01/29/2018 20:21:05 [INFO] exp_shallowmodel: train time: 0.389s
01/29/2018 20:21:05 [INFO] exp_shallowmodel: test time:  0.000s
01/29/2018 20:21:05 [INFO] exp_shallowmodel: accuracy:   0.825
01/29/2018 20:21:05 [INFO] exp_shallowmodel: f1_score:   0.668
01/29/2018 20:21:05 [INFO] exp_shallowmodel: classification report:
01/29/2018 20:21:05 [INFO] exp_shallowmodel:              precision    recall  f1-score   support

          A       0.67      0.14      0.24        14
          C       0.77      0.82      0.79       164
          F       0.87      0.92      0.90       268
          R       0.80      0.70      0.75       125

avg / total       0.82      0.82      0.82       571

01/29/2018 20:21:05 [INFO] exp_shallowmodel: confusion matrix:
01/29/2018 20:21:05 [INFO] exp_shallowmodel: 
[[  2   1  11   0]
 [  1 134  16  13]
 [  0  12 247   9]
 [  0  28   9  88]]
01/29/2018 20:21:05 [INFO] exp_shallowmodel: ******************** dstc2 - Round 47 
01/29/2018 20:21:05 [INFO] exp_shallowmodel: #(data) = 4583
01/29/2018 20:21:05 [INFO] exp_shallowmodel: #(feature) = 129
01/29/2018 20:21:05 [INFO] exp_shallowmodel: ================================================================================
01/29/2018 20:21:05 [INFO] exp_shallowmodel: LR.pen=l1.C=1.000000
01/29/2018 20:21:05 [INFO] exp_shallowmodel: ________________________________________________________________________________
01/29/2018 20:21:05 [INFO] exp_shallowmodel: Training: 
01/29/2018 20:21:05 [INFO] exp_shallowmodel: LogisticRegression(C=1, class_weight=None, dual=False, fit_intercept=True,
          intercept_scaling=1, max_iter=100, multi_class='ovr', n_jobs=1,
          penalty='l1', random_state=None, solver='liblinear', tol=0.0001,
          verbose=0, warm_start=False)
01/29/2018 20:21:05 [INFO] exp_shallowmodel: train time: 0.371s
01/29/2018 20:21:05 [INFO] exp_shallowmodel: test time:  0.000s
01/29/2018 20:21:05 [INFO] exp_shallowmodel: accuracy:   0.830
01/29/2018 20:21:05 [INFO] exp_shallowmodel: f1_score:   0.668
01/29/2018 20:21:05 [INFO] exp_shallowmodel: classification report:
01/29/2018 20:21:05 [INFO] exp_shallowmodel:              precision    recall  f1-score   support

          A       0.50      0.14      0.22        14
          C       0.76      0.84      0.79       164
          F       0.90      0.93      0.91       268
          R       0.80      0.70      0.74       125

avg / total       0.82      0.83      0.82       571

01/29/2018 20:21:05 [INFO] exp_shallowmodel: confusion matrix:
01/29/2018 20:21:05 [INFO] exp_shallowmodel: 
[[  2   2  10   0]
 [  0 137  10  17]
 [  0  15 248   5]
 [  2  27   9  87]]
01/29/2018 20:21:05 [INFO] exp_shallowmodel: ******************** dstc2 - Round 48 
01/29/2018 20:21:05 [INFO] exp_shallowmodel: #(data) = 4583
01/29/2018 20:21:05 [INFO] exp_shallowmodel: #(feature) = 129
01/29/2018 20:21:05 [INFO] exp_shallowmodel: ================================================================================
01/29/2018 20:21:05 [INFO] exp_shallowmodel: LR.pen=l1.C=1.000000
01/29/2018 20:21:05 [INFO] exp_shallowmodel: ________________________________________________________________________________
01/29/2018 20:21:05 [INFO] exp_shallowmodel: Training: 
01/29/2018 20:21:05 [INFO] exp_shallowmodel: LogisticRegression(C=1, class_weight=None, dual=False, fit_intercept=True,
          intercept_scaling=1, max_iter=100, multi_class='ovr', n_jobs=1,
          penalty='l1', random_state=None, solver='liblinear', tol=0.0001,
          verbose=0, warm_start=False)
01/29/2018 20:21:06 [INFO] exp_shallowmodel: train time: 0.397s
01/29/2018 20:21:06 [INFO] exp_shallowmodel: test time:  0.000s
01/29/2018 20:21:06 [INFO] exp_shallowmodel: accuracy:   0.828
01/29/2018 20:21:06 [INFO] exp_shallowmodel: f1_score:   0.715
01/29/2018 20:21:06 [INFO] exp_shallowmodel: classification report:
01/29/2018 20:21:06 [INFO] exp_shallowmodel:              precision    recall  f1-score   support

          A       0.80      0.29      0.42        14
          C       0.78      0.84      0.81       164
          F       0.89      0.91      0.90       268
          R       0.75      0.71      0.73       125

avg / total       0.83      0.83      0.82       571

01/29/2018 20:21:06 [INFO] exp_shallowmodel: confusion matrix:
01/29/2018 20:21:06 [INFO] exp_shallowmodel: 
[[  4   1   9   0]
 [  1 137   8  18]
 [  0  13 243  12]
 [  0  24  12  89]]
01/29/2018 20:21:06 [INFO] exp_shallowmodel: ******************** dstc2 - Round 49 
01/29/2018 20:21:06 [INFO] exp_shallowmodel: #(data) = 4568
01/29/2018 20:21:06 [INFO] exp_shallowmodel: #(feature) = 129
01/29/2018 20:21:06 [INFO] exp_shallowmodel: ================================================================================
01/29/2018 20:21:06 [INFO] exp_shallowmodel: LR.pen=l1.C=1.000000
01/29/2018 20:21:06 [INFO] exp_shallowmodel: ________________________________________________________________________________
01/29/2018 20:21:06 [INFO] exp_shallowmodel: Training: 
01/29/2018 20:21:06 [INFO] exp_shallowmodel: LogisticRegression(C=1, class_weight=None, dual=False, fit_intercept=True,
          intercept_scaling=1, max_iter=100, multi_class='ovr', n_jobs=1,
          penalty='l1', random_state=None, solver='liblinear', tol=0.0001,
          verbose=0, warm_start=False)
01/29/2018 20:21:06 [INFO] exp_shallowmodel: train time: 0.484s
01/29/2018 20:21:06 [INFO] exp_shallowmodel: test time:  0.000s
01/29/2018 20:21:06 [INFO] exp_shallowmodel: accuracy:   0.821
01/29/2018 20:21:06 [INFO] exp_shallowmodel: f1_score:   0.681
01/29/2018 20:21:06 [INFO] exp_shallowmodel: classification report:
01/29/2018 20:21:06 [INFO] exp_shallowmodel:              precision    recall  f1-score   support

          A       0.75      0.19      0.30        16
          C       0.78      0.83      0.80       169
          F       0.87      0.92      0.89       271
          R       0.77      0.69      0.73       130

avg / total       0.82      0.82      0.81       586

01/29/2018 20:21:06 [INFO] exp_shallowmodel: confusion matrix:
01/29/2018 20:21:06 [INFO] exp_shallowmodel: 
[[  3   2  11   0]
 [  0 140  11  18]
 [  1  13 248   9]
 [  0  25  15  90]]
/ihome/pbrusilosky/rum20/packages/anaconda3/lib/python3.6/site-packages/sklearn/metrics/classification.py:1135: UndefinedMetricWarning: Precision is ill-defined and being set to 0.0 in labels with no predicted samples.
  'precision', 'predicted', average, warn_for)
/ihome/pbrusilosky/rum20/packages/anaconda3/lib/python3.6/site-packages/sklearn/metrics/classification.py:1135: UndefinedMetricWarning: F-score is ill-defined and being set to 0.0 in labels with no predicted samples.
  'precision', 'predicted', average, warn_for)
/ihome/pbrusilosky/rum20/packages/anaconda3/lib/python3.6/site-packages/sklearn/metrics/classification.py:1135: UndefinedMetricWarning: Precision and F-score are ill-defined and being set to 0.0 in labels with no predicted samples.
  'precision', 'predicted', average, warn_for)
/ihome/pbrusilosky/rum20/packages/anaconda3/lib/python3.6/site-packages/sklearn/metrics/classification.py:1135: UndefinedMetricWarning: Precision is ill-defined and being set to 0.0 in labels with no predicted samples.
  'precision', 'predicted', average, warn_for)
/ihome/pbrusilosky/rum20/packages/anaconda3/lib/python3.6/site-packages/sklearn/metrics/classification.py:1135: UndefinedMetricWarning: F-score is ill-defined and being set to 0.0 in labels with no predicted samples.
  'precision', 'predicted', average, warn_for)
/ihome/pbrusilosky/rum20/packages/anaconda3/lib/python3.6/site-packages/sklearn/metrics/classification.py:1135: UndefinedMetricWarning: Precision and F-score are ill-defined and being set to 0.0 in labels with no predicted samples.
  'precision', 'predicted', average, warn_for)
Traceback (most recent call last):
  File "/ihome/pbrusilosky/rum20/packages/anaconda3/lib/python3.6/runpy.py", line 193, in _run_module_as_main
    "__main__", mod_spec)
  File "/ihome/pbrusilosky/rum20/packages/anaconda3/lib/python3.6/runpy.py", line 85, in _run_code
    exec(code, run_globals)
  File "/ihome/pbrusilosky/rum20/y_classify/dialogue/classify/task_runner.py", line 220, in <module>
    worker(q, data_dict, opt)
  File "/ihome/pbrusilosky/rum20/y_classify/dialogue/classify/task_runner.py", line 183, in worker
    result = exp.run_cross_validation_with_continuous_feature_selection(X, Y, retained_feature_indices, retained_feature_names, opt.k_feature_to_keep, opt.k_component_for_pca)
  File "/ihome/pbrusilosky/rum20/y_classify/dialogue/classify/exp_shallowmodel.py", line 1307, in run_cross_validation_with_continuous_feature_selection
    chi2_stats, pvals        = chi2(X_discrete, Y)
  File "/ihome/pbrusilosky/rum20/packages/anaconda3/lib/python3.6/site-packages/sklearn/feature_selection/univariate_selection.py", line 213, in chi2
    X = check_array(X, accept_sparse='csr')
  File "/ihome/pbrusilosky/rum20/packages/anaconda3/lib/python3.6/site-packages/sklearn/utils/validation.py", line 470, in check_array
    context))
ValueError: Found array with 0 feature(s) (shape=(5725, 0)) while a minimum of 1 is required.
srun: error: smp-n1: task 0: Exited with exit code 1
