/ihome/pbrusilosky/rum20/packages/anaconda3/bin/python -m dialogue.classify.task_runner -experiment_mode continuous_feature_selection -selected_feature_set_id 8 -add_similarity_feature -selected_context_id 0 -k_feature_to_keep -1 -k_component_for_pca -1
No. of param settings = 1
[('experiment_mode', 'continuous_feature_selection'), ('deep_model', False), ('selected_context_id', 0), ('selected_feature_set_id', 8), ('similarity_feature', True), ('k_feature_to_keep', -1), ('k_component_for_pca', -1)]
Loading extracted features of dstc2
Loading extracted features of dstc3
Loading extracted features of family
Loading extracted features of ghome
01/29/2018 20:20:41 [INFO] configuration: experiment_mode  :   continuous_feature_selection
01/29/2018 20:20:41 [INFO] configuration: deep_model  :   False
01/29/2018 20:20:41 [INFO] configuration: selected_context_id  :   0
01/29/2018 20:20:41 [INFO] configuration: selected_feature_set_id  :   8
01/29/2018 20:20:41 [INFO] configuration: similarity_feature  :   True
01/29/2018 20:20:41 [INFO] configuration: k_feature_to_keep  :   -1
01/29/2018 20:20:41 [INFO] configuration: k_component_for_pca  :   -1
01/29/2018 20:20:41 [INFO] configuration: seed  :   154316847
01/29/2018 20:20:41 [INFO] configuration: root_path  :   /ihome/pbrusilosky/rum20/y_classify
01/29/2018 20:20:41 [INFO] configuration: task_name  :   utterance_type
01/29/2018 20:20:41 [INFO] configuration: timemark  :   20180129-202041
01/29/2018 20:20:41 [INFO] configuration: context_set  :   next
01/29/2018 20:20:41 [INFO] configuration: utterance_names  :   ['last_user_utterance', 'last_system_utterance', 'current_user_utterance', 'next_system_utterance', 'next_user_utterance']
01/29/2018 20:20:41 [INFO] configuration: utterance_range  :   ['current_user_utterance', 'next_system_utterance', 'next_user_utterance']
01/29/2018 20:20:41 [INFO] configuration: feature_set  :   8-skipthought
01/29/2018 20:20:41 [INFO] configuration: feature_set_number  :   ['11']
01/29/2018 20:20:41 [INFO] configuration: experiment_name  :   20180129-202041.continuous_feature_selection.pca_component=-1.feature_number=-1.context=next.feature=8-skipthought.similarity=true
01/29/2018 20:20:41 [INFO] configuration: experiment_path  :   /ihome/pbrusilosky/rum20/y_classify/output/20180129-202041.continuous_feature_selection.pca_component=-1.feature_number=-1.context=next.feature=8-skipthought.similarity=true
01/29/2018 20:20:41 [INFO] configuration: log_path  :   /ihome/pbrusilosky/rum20/y_classify/output/20180129-202041.continuous_feature_selection.pca_component=-1.feature_number=-1.context=next.feature=8-skipthought.similarity=true/output.log
01/29/2018 20:20:41 [INFO] configuration: valid_type  :   {'A', 'C', 'F', 'R'}
01/29/2018 20:20:41 [INFO] configuration: data_name  :   
01/29/2018 20:20:41 [INFO] configuration: data_names  :   ['dstc2', 'dstc3', 'family', 'ghome']
01/29/2018 20:20:41 [INFO] configuration: raw_feature_path  :   /ihome/pbrusilosky/rum20/y_classify/dataset/feature/%s.raw_feature.pkl
01/29/2018 20:20:41 [INFO] configuration: extracted_feature_path  :   /ihome/pbrusilosky/rum20/y_classify/dataset/feature/%s.extracted_feature.pkl
01/29/2018 20:20:41 [INFO] configuration: pipeline_path  :   /ihome/pbrusilosky/rum20/y_classify/dataset/feature/%s.pipeline.pkl
01/29/2018 20:20:41 [INFO] configuration: metrics  :   ['accuracy', 'precision', 'recall', 'f1_score', 'training_time', 'test_time']
01/29/2018 20:20:41 [INFO] configuration: do_cross_validation  :   True
01/29/2018 20:20:41 [INFO] configuration: #division  :   5
01/29/2018 20:20:41 [INFO] configuration: #cross_validation  :   10
01/29/2018 20:20:41 [INFO] configuration: cv_index_cache_path  :   
01/29/2018 20:20:41 [INFO] configuration: action_words  :   {'turn', 'telephone', 'add', 'expens', 'remind', 'next', 'part', 'volum', 'song', 'centr', 'list', 'expensive', 'temperature', 'telephon', 'north', 'els', 'time', 'findcare', 'temperatur', 'centre', 'discard', 'skip', 'item', 'reminder', 'number', 'watch', 'food', 'price', 'ani', 'cheap', 'share', 'snooze', 'shuffl', 'timer', 'remove', 'remov', 'stop', 'help', 'shuffle', 'address', 'items', 'reminders', 'show', 'snooz', 'phone', 'post', 'else', 'alarm', 'delete', 'volume', 'start', 'tell', 'matter', 'area', 'clear', 'video', 'moder', 'reminds', 'light', 'weather', 'findcar', 'room', 'cast', 'delet', 'play', 'south', 'any', 'member', 'music', 'moderate'}
01/29/2018 20:20:41 [INFO] configuration: corenlp_jars  :   ('/Users/memray/Project/stanford/stanford-corenlp-full-3.8.0/*', '/Users/memray/Project/stanford/stanford-corenlp-full-3.8.0/stanford-english-kbp-corenlp-2017-06-09-models.jar')
01/29/2018 20:20:41 [INFO] configuration: lda_topic_number  :   50
01/29/2018 20:20:41 [INFO] configuration: lda_path  :   /ihome/pbrusilosky/rum20/y_classify/dataset/feature/gensim/%s.topic=50.lda.pkl
01/29/2018 20:20:41 [INFO] configuration: gensim_corpus_path  :   /ihome/pbrusilosky/rum20/y_classify/dataset/feature/gensim/%s.corpus.pkl
01/29/2018 20:20:41 [INFO] configuration: gensim_dict_path  :   /ihome/pbrusilosky/rum20/y_classify/dataset/feature/gensim/%s.dict
01/29/2018 20:20:41 [INFO] configuration: w2v_path  :   /home/memray/Data/glove/GoogleNews-vectors-negative300.bin
01/29/2018 20:20:41 [INFO] configuration: w2v_vector_length  :   300
01/29/2018 20:20:41 [INFO] configuration: d2v_vector_length  :   300
01/29/2018 20:20:41 [INFO] configuration: d2v_window_size  :   5
01/29/2018 20:20:41 [INFO] configuration: d2v_min_count  :   2
01/29/2018 20:20:41 [INFO] configuration: d2v_model_path  :   /ihome/pbrusilosky/rum20/y_classify/dataset/feature/gensim/%s.doc2vec.dim=300.window=5.min_count=2.model
01/29/2018 20:20:41 [INFO] configuration: d2v_vector_path  :   /ihome/pbrusilosky/rum20/y_classify/dataset/feature/gensim/%s.doc2vec.dim=300.window=5.min_count=2.vector
01/29/2018 20:20:41 [INFO] configuration: num_word_keep  :   {'dstc2': 300, 'dstc3': 300, 'family': 1000, 'ghome': 1000}
01/29/2018 20:20:41 [INFO] configuration: batch_size  :   128
01/29/2018 20:20:41 [INFO] configuration: max_epoch  :   50
01/29/2018 20:20:41 [INFO] configuration: early_stop_tolerance  :   2
01/29/2018 20:20:41 [INFO] configuration: concat_sents  :   False
01/29/2018 20:20:41 [INFO] configuration: cnn_setting  :   {'model': 'multichannel', 'early_stopping': True, 'word_dim': 300, 'filters': [3, 4, 5], 'filter_num': [100, 100, 100], 'class_size': 4, 'batch_size': 128, 'learning_rate': 0.001, 'norm_limit': 10, 'dropout_prob': 0.0, 'sentence_num': 3}
01/29/2018 20:20:41 [INFO] configuration: skipthought_setting  :   {'skipthought_model_path': '/Users/memray/Data/skip-thought', 'skipthought_data_path': '/ihome/pbrusilosky/rum20/y_classify/dataset/feature/gensim/%s.skip-thought.biskip.vector', 'fixed_emb': True, 'sentence_num': 3, 'hidden_size': 2400, 'class_size': 4, 'learning_rate': 0.0001, 'norm_limit': 3, 'dropout_prob': 0.5}
01/29/2018 20:20:41 [INFO] configuration: lstm_setting  :   {'model': 'non-static', 'hidden_size': 32, 'embedding_size': 300, 'num_layers': 1, 'bidirectional': False, 'learning_rate': 0.001, 'class_size': 4, 'norm_limit': 2, 'clip_grad_norm': 2, 'dropout_prob': 0.1}
01/29/2018 20:20:44 [INFO] exp_shallowmodel: %%%%%%%%%%%%%%%%%%%%%%%%%%%%%%%%%%%%%%%%%%%%%%%%%%
01/29/2018 20:20:44 [INFO] exp_shallowmodel:           dataset=dstc2
01/29/2018 20:20:44 [INFO] exp_shallowmodel:           X_new.shape=(5725, 7201)
01/29/2018 20:20:44 [INFO] exp_shallowmodel:           #(discrete_feature)=0
01/29/2018 20:20:44 [INFO] exp_shallowmodel:           #(continuous_feature)=7200
01/29/2018 20:20:44 [INFO] exp_shallowmodel:           #(similarity_feature)=1
01/29/2018 20:20:44 [INFO] exp_shallowmodel: %%%%%%%%%%%%%%%%%%%%%%%%%%%%%%%%%%%%%%%%%%%%%%%%%%
01/29/2018 20:20:45 [INFO] exp_shallowmodel: ******************** dstc2 - Round 0 
01/29/2018 20:20:45 [INFO] exp_shallowmodel: #(data) = 4583
01/29/2018 20:20:45 [INFO] exp_shallowmodel: #(feature) = 7201
01/29/2018 20:20:45 [INFO] exp_shallowmodel: ================================================================================
01/29/2018 20:20:45 [INFO] exp_shallowmodel: LR.pen=l1.C=1.000000
01/29/2018 20:20:45 [INFO] exp_shallowmodel: ________________________________________________________________________________
01/29/2018 20:20:45 [INFO] exp_shallowmodel: Training: 
01/29/2018 20:20:45 [INFO] exp_shallowmodel: LogisticRegression(C=1, class_weight=None, dual=False, fit_intercept=True,
          intercept_scaling=1, max_iter=100, multi_class='ovr', n_jobs=1,
          penalty='l1', random_state=None, solver='liblinear', tol=0.0001,
          verbose=0, warm_start=False)
01/29/2018 20:21:37 [INFO] exp_shallowmodel: train time: 51.167s
01/29/2018 20:21:37 [INFO] exp_shallowmodel: test time:  0.008s
01/29/2018 20:21:37 [INFO] exp_shallowmodel: accuracy:   0.813
01/29/2018 20:21:37 [INFO] exp_shallowmodel: f1_score:   0.727
01/29/2018 20:21:37 [INFO] exp_shallowmodel: classification report:
01/29/2018 20:21:37 [INFO] exp_shallowmodel:              precision    recall  f1-score   support

          A       0.58      0.50      0.54        14
          C       0.78      0.80      0.79       164
          F       0.91      0.90      0.91       268
          R       0.67      0.68      0.67       125

avg / total       0.81      0.81      0.81       571

01/29/2018 20:21:37 [INFO] exp_shallowmodel: confusion matrix:
01/29/2018 20:21:37 [INFO] exp_shallowmodel: 
[[  7   2   3   2]
 [  1 131   7  25]
 [  4   8 241  15]
 [  0  27  13  85]]
01/29/2018 20:21:38 [INFO] exp_shallowmodel: ******************** dstc2 - Round 1 
01/29/2018 20:21:38 [INFO] exp_shallowmodel: #(data) = 4583
01/29/2018 20:21:38 [INFO] exp_shallowmodel: #(feature) = 7201
01/29/2018 20:21:38 [INFO] exp_shallowmodel: ================================================================================
01/29/2018 20:21:38 [INFO] exp_shallowmodel: LR.pen=l1.C=1.000000
01/29/2018 20:21:38 [INFO] exp_shallowmodel: ________________________________________________________________________________
01/29/2018 20:21:38 [INFO] exp_shallowmodel: Training: 
01/29/2018 20:21:38 [INFO] exp_shallowmodel: LogisticRegression(C=1, class_weight=None, dual=False, fit_intercept=True,
          intercept_scaling=1, max_iter=100, multi_class='ovr', n_jobs=1,
          penalty='l1', random_state=None, solver='liblinear', tol=0.0001,
          verbose=0, warm_start=False)
01/29/2018 20:22:26 [INFO] exp_shallowmodel: train time: 48.145s
01/29/2018 20:22:26 [INFO] exp_shallowmodel: test time:  0.008s
01/29/2018 20:22:26 [INFO] exp_shallowmodel: accuracy:   0.779
01/29/2018 20:22:26 [INFO] exp_shallowmodel: f1_score:   0.681
01/29/2018 20:22:26 [INFO] exp_shallowmodel: classification report:
01/29/2018 20:22:26 [INFO] exp_shallowmodel:              precision    recall  f1-score   support

          A       0.55      0.43      0.48        14
          C       0.73      0.69      0.71       164
          F       0.88      0.92      0.90       268
          R       0.64      0.63      0.64       125

avg / total       0.77      0.78      0.78       571

01/29/2018 20:22:26 [INFO] exp_shallowmodel: confusion matrix:
01/29/2018 20:22:26 [INFO] exp_shallowmodel: 
[[  6   1   5   2]
 [  2 113  18  31]
 [  3   7 247  11]
 [  0  34  12  79]]
01/29/2018 20:22:27 [INFO] exp_shallowmodel: ******************** dstc2 - Round 2 
01/29/2018 20:22:27 [INFO] exp_shallowmodel: #(data) = 4583
01/29/2018 20:22:27 [INFO] exp_shallowmodel: #(feature) = 7201
01/29/2018 20:22:27 [INFO] exp_shallowmodel: ================================================================================
01/29/2018 20:22:27 [INFO] exp_shallowmodel: LR.pen=l1.C=1.000000
01/29/2018 20:22:27 [INFO] exp_shallowmodel: ________________________________________________________________________________
01/29/2018 20:22:27 [INFO] exp_shallowmodel: Training: 
01/29/2018 20:22:27 [INFO] exp_shallowmodel: LogisticRegression(C=1, class_weight=None, dual=False, fit_intercept=True,
          intercept_scaling=1, max_iter=100, multi_class='ovr', n_jobs=1,
          penalty='l1', random_state=None, solver='liblinear', tol=0.0001,
          verbose=0, warm_start=False)
01/29/2018 20:23:13 [INFO] exp_shallowmodel: train time: 46.157s
01/29/2018 20:23:13 [INFO] exp_shallowmodel: test time:  0.008s
01/29/2018 20:23:13 [INFO] exp_shallowmodel: accuracy:   0.809
01/29/2018 20:23:13 [INFO] exp_shallowmodel: f1_score:   0.694
01/29/2018 20:23:13 [INFO] exp_shallowmodel: classification report:
01/29/2018 20:23:13 [INFO] exp_shallowmodel:              precision    recall  f1-score   support

          A       0.56      0.36      0.43        14
          C       0.76      0.74      0.75       164
          F       0.91      0.94      0.93       268
          R       0.66      0.67      0.67       125

avg / total       0.81      0.81      0.81       571

01/29/2018 20:23:13 [INFO] exp_shallowmodel: confusion matrix:
01/29/2018 20:23:13 [INFO] exp_shallowmodel: 
[[  5   2   3   4]
 [  1 121   9  33]
 [  1   9 252   6]
 [  2  27  12  84]]
01/29/2018 20:23:15 [INFO] exp_shallowmodel: ******************** dstc2 - Round 3 
01/29/2018 20:23:15 [INFO] exp_shallowmodel: #(data) = 4583
01/29/2018 20:23:15 [INFO] exp_shallowmodel: #(feature) = 7201
01/29/2018 20:23:15 [INFO] exp_shallowmodel: ================================================================================
01/29/2018 20:23:15 [INFO] exp_shallowmodel: LR.pen=l1.C=1.000000
01/29/2018 20:23:15 [INFO] exp_shallowmodel: ________________________________________________________________________________
01/29/2018 20:23:15 [INFO] exp_shallowmodel: Training: 
01/29/2018 20:23:15 [INFO] exp_shallowmodel: LogisticRegression(C=1, class_weight=None, dual=False, fit_intercept=True,
          intercept_scaling=1, max_iter=100, multi_class='ovr', n_jobs=1,
          penalty='l1', random_state=None, solver='liblinear', tol=0.0001,
          verbose=0, warm_start=False)
01/29/2018 20:23:49 [INFO] exp_shallowmodel: train time: 34.029s
01/29/2018 20:23:49 [INFO] exp_shallowmodel: test time:  0.006s
01/29/2018 20:23:49 [INFO] exp_shallowmodel: accuracy:   0.771
01/29/2018 20:23:49 [INFO] exp_shallowmodel: f1_score:   0.675
01/29/2018 20:23:49 [INFO] exp_shallowmodel: classification report:
01/29/2018 20:23:49 [INFO] exp_shallowmodel:              precision    recall  f1-score   support

          A       0.55      0.43      0.48        14
          C       0.70      0.72      0.71       164
          F       0.90      0.89      0.89       268
          R       0.62      0.62      0.62       125

avg / total       0.77      0.77      0.77       571

01/29/2018 20:23:49 [INFO] exp_shallowmodel: confusion matrix:
01/29/2018 20:23:49 [INFO] exp_shallowmodel: 
[[  6   2   3   3]
 [  3 118  13  30]
 [  0  15 239  14]
 [  2  34  12  77]]
01/29/2018 20:23:50 [INFO] exp_shallowmodel: ******************** dstc2 - Round 4 
01/29/2018 20:23:50 [INFO] exp_shallowmodel: #(data) = 4583
01/29/2018 20:23:50 [INFO] exp_shallowmodel: #(feature) = 7201
01/29/2018 20:23:50 [INFO] exp_shallowmodel: ================================================================================
01/29/2018 20:23:50 [INFO] exp_shallowmodel: LR.pen=l1.C=1.000000
01/29/2018 20:23:50 [INFO] exp_shallowmodel: ________________________________________________________________________________
01/29/2018 20:23:50 [INFO] exp_shallowmodel: Training: 
01/29/2018 20:23:50 [INFO] exp_shallowmodel: LogisticRegression(C=1, class_weight=None, dual=False, fit_intercept=True,
          intercept_scaling=1, max_iter=100, multi_class='ovr', n_jobs=1,
          penalty='l1', random_state=None, solver='liblinear', tol=0.0001,
          verbose=0, warm_start=False)
01/29/2018 20:24:24 [INFO] exp_shallowmodel: train time: 34.242s
01/29/2018 20:24:24 [INFO] exp_shallowmodel: test time:  0.006s
01/29/2018 20:24:24 [INFO] exp_shallowmodel: accuracy:   0.765
01/29/2018 20:24:24 [INFO] exp_shallowmodel: f1_score:   0.616
01/29/2018 20:24:24 [INFO] exp_shallowmodel: classification report:
01/29/2018 20:24:24 [INFO] exp_shallowmodel:              precision    recall  f1-score   support

          A       0.25      0.21      0.23        14
          C       0.73      0.74      0.74       164
          F       0.85      0.88      0.87       268
          R       0.66      0.60      0.63       125

avg / total       0.76      0.77      0.76       571

01/29/2018 20:24:24 [INFO] exp_shallowmodel: confusion matrix:
01/29/2018 20:24:24 [INFO] exp_shallowmodel: 
[[  3   1   7   3]
 [  2 122  16  24]
 [  4  16 237  11]
 [  3  28  19  75]]
01/29/2018 20:24:25 [INFO] exp_shallowmodel: ******************** dstc2 - Round 5 
01/29/2018 20:24:25 [INFO] exp_shallowmodel: #(data) = 4583
01/29/2018 20:24:25 [INFO] exp_shallowmodel: #(feature) = 7201
01/29/2018 20:24:25 [INFO] exp_shallowmodel: ================================================================================
01/29/2018 20:24:25 [INFO] exp_shallowmodel: LR.pen=l1.C=1.000000
01/29/2018 20:24:25 [INFO] exp_shallowmodel: ________________________________________________________________________________
01/29/2018 20:24:25 [INFO] exp_shallowmodel: Training: 
01/29/2018 20:24:25 [INFO] exp_shallowmodel: LogisticRegression(C=1, class_weight=None, dual=False, fit_intercept=True,
          intercept_scaling=1, max_iter=100, multi_class='ovr', n_jobs=1,
          penalty='l1', random_state=None, solver='liblinear', tol=0.0001,
          verbose=0, warm_start=False)
01/29/2018 20:24:59 [INFO] exp_shallowmodel: train time: 33.966s
01/29/2018 20:24:59 [INFO] exp_shallowmodel: test time:  0.006s
01/29/2018 20:24:59 [INFO] exp_shallowmodel: accuracy:   0.785
01/29/2018 20:24:59 [INFO] exp_shallowmodel: f1_score:   0.623
01/29/2018 20:24:59 [INFO] exp_shallowmodel: classification report:
01/29/2018 20:24:59 [INFO] exp_shallowmodel:              precision    recall  f1-score   support

          A       0.50      0.14      0.22        14
          C       0.74      0.73      0.74       164
          F       0.89      0.92      0.90       268
          R       0.62      0.63      0.63       125

avg / total       0.78      0.78      0.78       571

01/29/2018 20:24:59 [INFO] exp_shallowmodel: confusion matrix:
01/29/2018 20:24:59 [INFO] exp_shallowmodel: 
[[  2   0   7   5]
 [  0 120  10  34]
 [  0  12 247   9]
 [  2  30  14  79]]
01/29/2018 20:25:00 [INFO] exp_shallowmodel: ******************** dstc2 - Round 6 
01/29/2018 20:25:00 [INFO] exp_shallowmodel: #(data) = 4583
01/29/2018 20:25:00 [INFO] exp_shallowmodel: #(feature) = 7201
01/29/2018 20:25:00 [INFO] exp_shallowmodel: ================================================================================
01/29/2018 20:25:00 [INFO] exp_shallowmodel: LR.pen=l1.C=1.000000
01/29/2018 20:25:00 [INFO] exp_shallowmodel: ________________________________________________________________________________
01/29/2018 20:25:00 [INFO] exp_shallowmodel: Training: 
01/29/2018 20:25:00 [INFO] exp_shallowmodel: LogisticRegression(C=1, class_weight=None, dual=False, fit_intercept=True,
          intercept_scaling=1, max_iter=100, multi_class='ovr', n_jobs=1,
          penalty='l1', random_state=None, solver='liblinear', tol=0.0001,
          verbose=0, warm_start=False)
01/29/2018 20:25:35 [INFO] exp_shallowmodel: train time: 34.912s
01/29/2018 20:25:35 [INFO] exp_shallowmodel: test time:  0.006s
01/29/2018 20:25:35 [INFO] exp_shallowmodel: accuracy:   0.788
01/29/2018 20:25:35 [INFO] exp_shallowmodel: f1_score:   0.679
01/29/2018 20:25:35 [INFO] exp_shallowmodel: classification report:
01/29/2018 20:25:35 [INFO] exp_shallowmodel:              precision    recall  f1-score   support

          A       0.56      0.36      0.43        14
          C       0.74      0.76      0.75       164
          F       0.88      0.90      0.89       268
          R       0.66      0.62      0.64       125

avg / total       0.78      0.79      0.79       571

01/29/2018 20:25:35 [INFO] exp_shallowmodel: confusion matrix:
01/29/2018 20:25:35 [INFO] exp_shallowmodel: 
[[  5   1   7   1]
 [  2 125  14  23]
 [  2   7 242  17]
 [  0  36  11  78]]
01/29/2018 20:25:36 [INFO] exp_shallowmodel: ******************** dstc2 - Round 7 
01/29/2018 20:25:36 [INFO] exp_shallowmodel: #(data) = 4583
01/29/2018 20:25:36 [INFO] exp_shallowmodel: #(feature) = 7201
01/29/2018 20:25:36 [INFO] exp_shallowmodel: ================================================================================
01/29/2018 20:25:36 [INFO] exp_shallowmodel: LR.pen=l1.C=1.000000
01/29/2018 20:25:36 [INFO] exp_shallowmodel: ________________________________________________________________________________
01/29/2018 20:25:36 [INFO] exp_shallowmodel: Training: 
01/29/2018 20:25:36 [INFO] exp_shallowmodel: LogisticRegression(C=1, class_weight=None, dual=False, fit_intercept=True,
          intercept_scaling=1, max_iter=100, multi_class='ovr', n_jobs=1,
          penalty='l1', random_state=None, solver='liblinear', tol=0.0001,
          verbose=0, warm_start=False)
01/29/2018 20:26:09 [INFO] exp_shallowmodel: train time: 33.904s
01/29/2018 20:26:09 [INFO] exp_shallowmodel: test time:  0.006s
01/29/2018 20:26:09 [INFO] exp_shallowmodel: accuracy:   0.781
01/29/2018 20:26:09 [INFO] exp_shallowmodel: f1_score:   0.612
01/29/2018 20:26:09 [INFO] exp_shallowmodel: classification report:
01/29/2018 20:26:09 [INFO] exp_shallowmodel:              precision    recall  f1-score   support

          A       0.25      0.14      0.18        14
          C       0.72      0.71      0.72       164
          F       0.89      0.93      0.91       268
          R       0.65      0.63      0.64       125

avg / total       0.77      0.78      0.78       571

01/29/2018 20:26:09 [INFO] exp_shallowmodel: confusion matrix:
01/29/2018 20:26:09 [INFO] exp_shallowmodel: 
[[  2   3   3   6]
 [  2 117  16  29]
 [  3   9 248   8]
 [  1  33  12  79]]
01/29/2018 20:26:10 [INFO] exp_shallowmodel: ******************** dstc2 - Round 8 
01/29/2018 20:26:10 [INFO] exp_shallowmodel: #(data) = 4583
01/29/2018 20:26:10 [INFO] exp_shallowmodel: #(feature) = 7201
01/29/2018 20:26:10 [INFO] exp_shallowmodel: ================================================================================
01/29/2018 20:26:10 [INFO] exp_shallowmodel: LR.pen=l1.C=1.000000
01/29/2018 20:26:10 [INFO] exp_shallowmodel: ________________________________________________________________________________
01/29/2018 20:26:10 [INFO] exp_shallowmodel: Training: 
01/29/2018 20:26:10 [INFO] exp_shallowmodel: LogisticRegression(C=1, class_weight=None, dual=False, fit_intercept=True,
          intercept_scaling=1, max_iter=100, multi_class='ovr', n_jobs=1,
          penalty='l1', random_state=None, solver='liblinear', tol=0.0001,
          verbose=0, warm_start=False)
01/29/2018 20:26:43 [INFO] exp_shallowmodel: train time: 32.197s
01/29/2018 20:26:43 [INFO] exp_shallowmodel: test time:  0.006s
01/29/2018 20:26:43 [INFO] exp_shallowmodel: accuracy:   0.783
01/29/2018 20:26:43 [INFO] exp_shallowmodel: f1_score:   0.626
01/29/2018 20:26:43 [INFO] exp_shallowmodel: classification report:
01/29/2018 20:26:43 [INFO] exp_shallowmodel:              precision    recall  f1-score   support

          A       0.67      0.14      0.24        14
          C       0.74      0.69      0.71       164
          F       0.86      0.93      0.89       268
          R       0.66      0.67      0.66       125

avg / total       0.78      0.78      0.78       571

01/29/2018 20:26:43 [INFO] exp_shallowmodel: confusion matrix:
01/29/2018 20:26:43 [INFO] exp_shallowmodel: 
[[  2   2   7   3]
 [  0 113  15  36]
 [  1  14 248   5]
 [  0  24  17  84]]
01/29/2018 20:26:44 [INFO] exp_shallowmodel: ******************** dstc2 - Round 9 
01/29/2018 20:26:44 [INFO] exp_shallowmodel: #(data) = 4568
01/29/2018 20:26:44 [INFO] exp_shallowmodel: #(feature) = 7201
01/29/2018 20:26:44 [INFO] exp_shallowmodel: ================================================================================
01/29/2018 20:26:44 [INFO] exp_shallowmodel: LR.pen=l1.C=1.000000
01/29/2018 20:26:44 [INFO] exp_shallowmodel: ________________________________________________________________________________
01/29/2018 20:26:44 [INFO] exp_shallowmodel: Training: 
01/29/2018 20:26:44 [INFO] exp_shallowmodel: LogisticRegression(C=1, class_weight=None, dual=False, fit_intercept=True,
          intercept_scaling=1, max_iter=100, multi_class='ovr', n_jobs=1,
          penalty='l1', random_state=None, solver='liblinear', tol=0.0001,
          verbose=0, warm_start=False)
01/29/2018 20:27:16 [INFO] exp_shallowmodel: train time: 32.541s
01/29/2018 20:27:16 [INFO] exp_shallowmodel: test time:  0.006s
01/29/2018 20:27:16 [INFO] exp_shallowmodel: accuracy:   0.756
01/29/2018 20:27:16 [INFO] exp_shallowmodel: f1_score:   0.625
01/29/2018 20:27:16 [INFO] exp_shallowmodel: classification report:
01/29/2018 20:27:16 [INFO] exp_shallowmodel:              precision    recall  f1-score   support

          A       0.50      0.25      0.33        16
          C       0.67      0.69      0.68       169
          F       0.88      0.92      0.90       271
          R       0.61      0.58      0.59       130

avg / total       0.75      0.76      0.75       586

01/29/2018 20:27:16 [INFO] exp_shallowmodel: confusion matrix:
01/29/2018 20:27:16 [INFO] exp_shallowmodel: 
[[  4   3   3   6]
 [  2 116  19  32]
 [  2  11 248  10]
 [  0  42  13  75]]
01/29/2018 20:27:17 [INFO] exp_shallowmodel: ******************** dstc2 - Round 10 
01/29/2018 20:27:17 [INFO] exp_shallowmodel: #(data) = 4583
01/29/2018 20:27:17 [INFO] exp_shallowmodel: #(feature) = 7201
01/29/2018 20:27:17 [INFO] exp_shallowmodel: ================================================================================
01/29/2018 20:27:17 [INFO] exp_shallowmodel: LR.pen=l1.C=1.000000
01/29/2018 20:27:17 [INFO] exp_shallowmodel: ________________________________________________________________________________
01/29/2018 20:27:17 [INFO] exp_shallowmodel: Training: 
01/29/2018 20:27:17 [INFO] exp_shallowmodel: LogisticRegression(C=1, class_weight=None, dual=False, fit_intercept=True,
          intercept_scaling=1, max_iter=100, multi_class='ovr', n_jobs=1,
          penalty='l1', random_state=None, solver='liblinear', tol=0.0001,
          verbose=0, warm_start=False)
01/29/2018 20:27:50 [INFO] exp_shallowmodel: train time: 32.800s
01/29/2018 20:27:50 [INFO] exp_shallowmodel: test time:  0.006s
01/29/2018 20:27:50 [INFO] exp_shallowmodel: accuracy:   0.783
01/29/2018 20:27:50 [INFO] exp_shallowmodel: f1_score:   0.636
01/29/2018 20:27:50 [INFO] exp_shallowmodel: classification report:
01/29/2018 20:27:50 [INFO] exp_shallowmodel:              precision    recall  f1-score   support

          A       0.38      0.21      0.27        14
          C       0.72      0.72      0.72       164
          F       0.89      0.91      0.90       268
          R       0.65      0.65      0.65       125

avg / total       0.78      0.78      0.78       571

01/29/2018 20:27:50 [INFO] exp_shallowmodel: confusion matrix:
01/29/2018 20:27:50 [INFO] exp_shallowmodel: 
[[  3   4   6   1]
 [  0 118  12  34]
 [  4  11 245   8]
 [  1  32  11  81]]
01/29/2018 20:27:51 [INFO] exp_shallowmodel: ******************** dstc2 - Round 11 
01/29/2018 20:27:51 [INFO] exp_shallowmodel: #(data) = 4583
01/29/2018 20:27:51 [INFO] exp_shallowmodel: #(feature) = 7201
01/29/2018 20:27:51 [INFO] exp_shallowmodel: ================================================================================
01/29/2018 20:27:51 [INFO] exp_shallowmodel: LR.pen=l1.C=1.000000
01/29/2018 20:27:51 [INFO] exp_shallowmodel: ________________________________________________________________________________
01/29/2018 20:27:51 [INFO] exp_shallowmodel: Training: 
01/29/2018 20:27:51 [INFO] exp_shallowmodel: LogisticRegression(C=1, class_weight=None, dual=False, fit_intercept=True,
          intercept_scaling=1, max_iter=100, multi_class='ovr', n_jobs=1,
          penalty='l1', random_state=None, solver='liblinear', tol=0.0001,
          verbose=0, warm_start=False)
01/29/2018 20:28:25 [INFO] exp_shallowmodel: train time: 33.949s
01/29/2018 20:28:25 [INFO] exp_shallowmodel: test time:  0.006s
01/29/2018 20:28:25 [INFO] exp_shallowmodel: accuracy:   0.792
01/29/2018 20:28:25 [INFO] exp_shallowmodel: f1_score:   0.658
01/29/2018 20:28:25 [INFO] exp_shallowmodel: classification report:
01/29/2018 20:28:25 [INFO] exp_shallowmodel:              precision    recall  f1-score   support

          A       0.44      0.29      0.35        14
          C       0.75      0.70      0.72       164
          F       0.89      0.94      0.91       268
          R       0.65      0.65      0.65       125

avg / total       0.79      0.79      0.79       571

01/29/2018 20:28:25 [INFO] exp_shallowmodel: confusion matrix:
01/29/2018 20:28:25 [INFO] exp_shallowmodel: 
[[  4   2   6   2]
 [  2 115  15  32]
 [  3   3 252  10]
 [  0  34  10  81]]
01/29/2018 20:28:26 [INFO] exp_shallowmodel: ******************** dstc2 - Round 12 
01/29/2018 20:28:26 [INFO] exp_shallowmodel: #(data) = 4583
01/29/2018 20:28:26 [INFO] exp_shallowmodel: #(feature) = 7201
01/29/2018 20:28:26 [INFO] exp_shallowmodel: ================================================================================
01/29/2018 20:28:26 [INFO] exp_shallowmodel: LR.pen=l1.C=1.000000
01/29/2018 20:28:26 [INFO] exp_shallowmodel: ________________________________________________________________________________
01/29/2018 20:28:26 [INFO] exp_shallowmodel: Training: 
01/29/2018 20:28:26 [INFO] exp_shallowmodel: LogisticRegression(C=1, class_weight=None, dual=False, fit_intercept=True,
          intercept_scaling=1, max_iter=100, multi_class='ovr', n_jobs=1,
          penalty='l1', random_state=None, solver='liblinear', tol=0.0001,
          verbose=0, warm_start=False)
01/29/2018 20:28:58 [INFO] exp_shallowmodel: train time: 32.149s
01/29/2018 20:28:58 [INFO] exp_shallowmodel: test time:  0.006s
01/29/2018 20:28:58 [INFO] exp_shallowmodel: accuracy:   0.788
01/29/2018 20:28:58 [INFO] exp_shallowmodel: f1_score:   0.734
01/29/2018 20:28:58 [INFO] exp_shallowmodel: classification report:
01/29/2018 20:28:58 [INFO] exp_shallowmodel:              precision    recall  f1-score   support

          A       0.80      0.57      0.67        14
          C       0.72      0.67      0.70       164
          F       0.88      0.92      0.90       268
          R       0.66      0.68      0.67       125

avg / total       0.79      0.79      0.79       571

01/29/2018 20:28:58 [INFO] exp_shallowmodel: confusion matrix:
01/29/2018 20:28:58 [INFO] exp_shallowmodel: 
[[  8   0   4   2]
 [  0 110  19  35]
 [  2  13 247   6]
 [  0  29  11  85]]
01/29/2018 20:28:59 [INFO] exp_shallowmodel: ******************** dstc2 - Round 13 
01/29/2018 20:28:59 [INFO] exp_shallowmodel: #(data) = 4583
01/29/2018 20:28:59 [INFO] exp_shallowmodel: #(feature) = 7201
01/29/2018 20:28:59 [INFO] exp_shallowmodel: ================================================================================
01/29/2018 20:28:59 [INFO] exp_shallowmodel: LR.pen=l1.C=1.000000
01/29/2018 20:28:59 [INFO] exp_shallowmodel: ________________________________________________________________________________
01/29/2018 20:28:59 [INFO] exp_shallowmodel: Training: 
01/29/2018 20:28:59 [INFO] exp_shallowmodel: LogisticRegression(C=1, class_weight=None, dual=False, fit_intercept=True,
          intercept_scaling=1, max_iter=100, multi_class='ovr', n_jobs=1,
          penalty='l1', random_state=None, solver='liblinear', tol=0.0001,
          verbose=0, warm_start=False)
01/29/2018 20:29:32 [INFO] exp_shallowmodel: train time: 32.987s
01/29/2018 20:29:32 [INFO] exp_shallowmodel: test time:  0.006s
01/29/2018 20:29:32 [INFO] exp_shallowmodel: accuracy:   0.781
01/29/2018 20:29:32 [INFO] exp_shallowmodel: f1_score:   0.636
01/29/2018 20:29:32 [INFO] exp_shallowmodel: classification report:
01/29/2018 20:29:32 [INFO] exp_shallowmodel:              precision    recall  f1-score   support

          A       0.33      0.21      0.26        14
          C       0.73      0.73      0.73       164
          F       0.88      0.90      0.89       268
          R       0.66      0.66      0.66       125

avg / total       0.78      0.78      0.78       571

01/29/2018 20:29:32 [INFO] exp_shallowmodel: confusion matrix:
01/29/2018 20:29:32 [INFO] exp_shallowmodel: 
[[  3   1   4   6]
 [  1 119  15  29]
 [  4  16 241   7]
 [  1  26  15  83]]
01/29/2018 20:29:33 [INFO] exp_shallowmodel: ******************** dstc2 - Round 14 
01/29/2018 20:29:33 [INFO] exp_shallowmodel: #(data) = 4583
01/29/2018 20:29:33 [INFO] exp_shallowmodel: #(feature) = 7201
01/29/2018 20:29:33 [INFO] exp_shallowmodel: ================================================================================
01/29/2018 20:29:33 [INFO] exp_shallowmodel: LR.pen=l1.C=1.000000
01/29/2018 20:29:33 [INFO] exp_shallowmodel: ________________________________________________________________________________
01/29/2018 20:29:33 [INFO] exp_shallowmodel: Training: 
01/29/2018 20:29:33 [INFO] exp_shallowmodel: LogisticRegression(C=1, class_weight=None, dual=False, fit_intercept=True,
          intercept_scaling=1, max_iter=100, multi_class='ovr', n_jobs=1,
          penalty='l1', random_state=None, solver='liblinear', tol=0.0001,
          verbose=0, warm_start=False)
01/29/2018 20:30:06 [INFO] exp_shallowmodel: train time: 33.075s
01/29/2018 20:30:06 [INFO] exp_shallowmodel: test time:  0.006s
01/29/2018 20:30:06 [INFO] exp_shallowmodel: accuracy:   0.783
01/29/2018 20:30:06 [INFO] exp_shallowmodel: f1_score:   0.645
01/29/2018 20:30:06 [INFO] exp_shallowmodel: classification report:
01/29/2018 20:30:06 [INFO] exp_shallowmodel:              precision    recall  f1-score   support

          A       0.31      0.29      0.30        14
          C       0.73      0.74      0.74       164
          F       0.88      0.91      0.89       268
          R       0.68      0.63      0.66       125

avg / total       0.78      0.78      0.78       571

01/29/2018 20:30:06 [INFO] exp_shallowmodel: confusion matrix:
01/29/2018 20:30:06 [INFO] exp_shallowmodel: 
[[  4   4   5   1]
 [  3 121  12  28]
 [  3  14 243   8]
 [  3  26  17  79]]
01/29/2018 20:30:07 [INFO] exp_shallowmodel: ******************** dstc2 - Round 15 
01/29/2018 20:30:07 [INFO] exp_shallowmodel: #(data) = 4583
01/29/2018 20:30:07 [INFO] exp_shallowmodel: #(feature) = 7201
01/29/2018 20:30:07 [INFO] exp_shallowmodel: ================================================================================
01/29/2018 20:30:07 [INFO] exp_shallowmodel: LR.pen=l1.C=1.000000
01/29/2018 20:30:07 [INFO] exp_shallowmodel: ________________________________________________________________________________
01/29/2018 20:30:07 [INFO] exp_shallowmodel: Training: 
01/29/2018 20:30:07 [INFO] exp_shallowmodel: LogisticRegression(C=1, class_weight=None, dual=False, fit_intercept=True,
          intercept_scaling=1, max_iter=100, multi_class='ovr', n_jobs=1,
          penalty='l1', random_state=None, solver='liblinear', tol=0.0001,
          verbose=0, warm_start=False)
01/29/2018 20:30:39 [INFO] exp_shallowmodel: train time: 32.877s
01/29/2018 20:30:39 [INFO] exp_shallowmodel: test time:  0.006s
01/29/2018 20:30:39 [INFO] exp_shallowmodel: accuracy:   0.765
01/29/2018 20:30:39 [INFO] exp_shallowmodel: f1_score:   0.652
01/29/2018 20:30:39 [INFO] exp_shallowmodel: classification report:
01/29/2018 20:30:39 [INFO] exp_shallowmodel:              precision    recall  f1-score   support

          A       0.45      0.36      0.40        14
          C       0.69      0.71      0.70       164
          F       0.89      0.90      0.89       268
          R       0.63      0.61      0.62       125

avg / total       0.76      0.77      0.76       571

01/29/2018 20:30:39 [INFO] exp_shallowmodel: confusion matrix:
01/29/2018 20:30:39 [INFO] exp_shallowmodel: 
[[  5   1   5   3]
 [  0 116  15  33]
 [  2  17 240   9]
 [  4  34  11  76]]
01/29/2018 20:30:40 [INFO] exp_shallowmodel: ******************** dstc2 - Round 16 
01/29/2018 20:30:40 [INFO] exp_shallowmodel: #(data) = 4583
01/29/2018 20:30:40 [INFO] exp_shallowmodel: #(feature) = 7201
01/29/2018 20:30:40 [INFO] exp_shallowmodel: ================================================================================
01/29/2018 20:30:40 [INFO] exp_shallowmodel: LR.pen=l1.C=1.000000
01/29/2018 20:30:40 [INFO] exp_shallowmodel: ________________________________________________________________________________
01/29/2018 20:30:40 [INFO] exp_shallowmodel: Training: 
01/29/2018 20:30:40 [INFO] exp_shallowmodel: LogisticRegression(C=1, class_weight=None, dual=False, fit_intercept=True,
          intercept_scaling=1, max_iter=100, multi_class='ovr', n_jobs=1,
          penalty='l1', random_state=None, solver='liblinear', tol=0.0001,
          verbose=0, warm_start=False)
01/29/2018 20:31:13 [INFO] exp_shallowmodel: train time: 32.907s
01/29/2018 20:31:13 [INFO] exp_shallowmodel: test time:  0.006s
01/29/2018 20:31:13 [INFO] exp_shallowmodel: accuracy:   0.802
01/29/2018 20:31:13 [INFO] exp_shallowmodel: f1_score:   0.657
01/29/2018 20:31:13 [INFO] exp_shallowmodel: classification report:
01/29/2018 20:31:13 [INFO] exp_shallowmodel:              precision    recall  f1-score   support

          A       0.43      0.21      0.29        14
          C       0.77      0.79      0.78       164
          F       0.89      0.91      0.90       268
          R       0.67      0.66      0.66       125

avg / total       0.80      0.80      0.80       571

01/29/2018 20:31:13 [INFO] exp_shallowmodel: confusion matrix:
01/29/2018 20:31:13 [INFO] exp_shallowmodel: 
[[  3   4   5   2]
 [  0 130   9  25]
 [  4   7 243  14]
 [  0  28  15  82]]
01/29/2018 20:31:14 [INFO] exp_shallowmodel: ******************** dstc2 - Round 17 
01/29/2018 20:31:14 [INFO] exp_shallowmodel: #(data) = 4583
01/29/2018 20:31:14 [INFO] exp_shallowmodel: #(feature) = 7201
01/29/2018 20:31:14 [INFO] exp_shallowmodel: ================================================================================
01/29/2018 20:31:14 [INFO] exp_shallowmodel: LR.pen=l1.C=1.000000
01/29/2018 20:31:14 [INFO] exp_shallowmodel: ________________________________________________________________________________
01/29/2018 20:31:14 [INFO] exp_shallowmodel: Training: 
01/29/2018 20:31:14 [INFO] exp_shallowmodel: LogisticRegression(C=1, class_weight=None, dual=False, fit_intercept=True,
          intercept_scaling=1, max_iter=100, multi_class='ovr', n_jobs=1,
          penalty='l1', random_state=None, solver='liblinear', tol=0.0001,
          verbose=0, warm_start=False)
01/29/2018 20:31:46 [INFO] exp_shallowmodel: train time: 31.985s
01/29/2018 20:31:46 [INFO] exp_shallowmodel: test time:  0.006s
01/29/2018 20:31:46 [INFO] exp_shallowmodel: accuracy:   0.807
01/29/2018 20:31:46 [INFO] exp_shallowmodel: f1_score:   0.704
01/29/2018 20:31:46 [INFO] exp_shallowmodel: classification report:
01/29/2018 20:31:46 [INFO] exp_shallowmodel:              precision    recall  f1-score   support

          A       0.62      0.36      0.45        14
          C       0.74      0.74      0.74       164
          F       0.90      0.91      0.90       268
          R       0.71      0.72      0.71       125

avg / total       0.81      0.81      0.81       571

01/29/2018 20:31:46 [INFO] exp_shallowmodel: confusion matrix:
01/29/2018 20:31:46 [INFO] exp_shallowmodel: 
[[  5   1   5   3]
 [  0 122  18  24]
 [  1  13 244  10]
 [  2  28   5  90]]
01/29/2018 20:31:47 [INFO] exp_shallowmodel: ******************** dstc2 - Round 18 
01/29/2018 20:31:47 [INFO] exp_shallowmodel: #(data) = 4583
01/29/2018 20:31:47 [INFO] exp_shallowmodel: #(feature) = 7201
01/29/2018 20:31:47 [INFO] exp_shallowmodel: ================================================================================
01/29/2018 20:31:47 [INFO] exp_shallowmodel: LR.pen=l1.C=1.000000
01/29/2018 20:31:47 [INFO] exp_shallowmodel: ________________________________________________________________________________
01/29/2018 20:31:47 [INFO] exp_shallowmodel: Training: 
01/29/2018 20:31:47 [INFO] exp_shallowmodel: LogisticRegression(C=1, class_weight=None, dual=False, fit_intercept=True,
          intercept_scaling=1, max_iter=100, multi_class='ovr', n_jobs=1,
          penalty='l1', random_state=None, solver='liblinear', tol=0.0001,
          verbose=0, warm_start=False)
01/29/2018 20:32:20 [INFO] exp_shallowmodel: train time: 32.767s
01/29/2018 20:32:20 [INFO] exp_shallowmodel: test time:  0.006s
01/29/2018 20:32:20 [INFO] exp_shallowmodel: accuracy:   0.785
01/29/2018 20:32:20 [INFO] exp_shallowmodel: f1_score:   0.687
01/29/2018 20:32:20 [INFO] exp_shallowmodel: classification report:
01/29/2018 20:32:20 [INFO] exp_shallowmodel:              precision    recall  f1-score   support

          A       0.83      0.36      0.50        14
          C       0.74      0.74      0.74       164
          F       0.88      0.92      0.90       268
          R       0.62      0.59      0.60       125

avg / total       0.78      0.78      0.78       571

01/29/2018 20:32:20 [INFO] exp_shallowmodel: confusion matrix:
01/29/2018 20:32:20 [INFO] exp_shallowmodel: 
[[  5   0   5   4]
 [  0 122  15  27]
 [  0   6 247  15]
 [  1  36  14  74]]
01/29/2018 20:32:21 [INFO] exp_shallowmodel: ******************** dstc2 - Round 19 
01/29/2018 20:32:21 [INFO] exp_shallowmodel: #(data) = 4568
01/29/2018 20:32:21 [INFO] exp_shallowmodel: #(feature) = 7201
01/29/2018 20:32:21 [INFO] exp_shallowmodel: ================================================================================
01/29/2018 20:32:21 [INFO] exp_shallowmodel: LR.pen=l1.C=1.000000
01/29/2018 20:32:21 [INFO] exp_shallowmodel: ________________________________________________________________________________
01/29/2018 20:32:21 [INFO] exp_shallowmodel: Training: 
01/29/2018 20:32:21 [INFO] exp_shallowmodel: LogisticRegression(C=1, class_weight=None, dual=False, fit_intercept=True,
          intercept_scaling=1, max_iter=100, multi_class='ovr', n_jobs=1,
          penalty='l1', random_state=None, solver='liblinear', tol=0.0001,
          verbose=0, warm_start=False)
01/29/2018 20:32:53 [INFO] exp_shallowmodel: train time: 32.578s
01/29/2018 20:32:53 [INFO] exp_shallowmodel: test time:  0.006s
01/29/2018 20:32:53 [INFO] exp_shallowmodel: accuracy:   0.799
01/29/2018 20:32:53 [INFO] exp_shallowmodel: f1_score:   0.728
01/29/2018 20:32:53 [INFO] exp_shallowmodel: classification report:
01/29/2018 20:32:53 [INFO] exp_shallowmodel:              precision    recall  f1-score   support

          A       0.73      0.50      0.59        16
          C       0.76      0.76      0.76       169
          F       0.89      0.90      0.90       271
          R       0.66      0.67      0.66       130

avg / total       0.80      0.80      0.80       586

01/29/2018 20:32:53 [INFO] exp_shallowmodel: confusion matrix:
01/29/2018 20:32:53 [INFO] exp_shallowmodel: 
[[  8   1   4   3]
 [  0 128  13  28]
 [  3   9 245  14]
 [  0  31  12  87]]
01/29/2018 20:32:54 [INFO] exp_shallowmodel: ******************** dstc2 - Round 20 
01/29/2018 20:32:54 [INFO] exp_shallowmodel: #(data) = 4583
01/29/2018 20:32:54 [INFO] exp_shallowmodel: #(feature) = 7201
01/29/2018 20:32:54 [INFO] exp_shallowmodel: ================================================================================
01/29/2018 20:32:54 [INFO] exp_shallowmodel: LR.pen=l1.C=1.000000
01/29/2018 20:32:54 [INFO] exp_shallowmodel: ________________________________________________________________________________
01/29/2018 20:32:54 [INFO] exp_shallowmodel: Training: 
01/29/2018 20:32:54 [INFO] exp_shallowmodel: LogisticRegression(C=1, class_weight=None, dual=False, fit_intercept=True,
          intercept_scaling=1, max_iter=100, multi_class='ovr', n_jobs=1,
          penalty='l1', random_state=None, solver='liblinear', tol=0.0001,
          verbose=0, warm_start=False)
01/29/2018 20:33:27 [INFO] exp_shallowmodel: train time: 32.853s
01/29/2018 20:33:27 [INFO] exp_shallowmodel: test time:  0.006s
01/29/2018 20:33:27 [INFO] exp_shallowmodel: accuracy:   0.783
01/29/2018 20:33:27 [INFO] exp_shallowmodel: f1_score:   0.645
01/29/2018 20:33:27 [INFO] exp_shallowmodel: classification report:
01/29/2018 20:33:27 [INFO] exp_shallowmodel:              precision    recall  f1-score   support

          A       0.60      0.21      0.32        14
          C       0.71      0.73      0.72       164
          F       0.89      0.91      0.90       268
          R       0.65      0.64      0.64       125

avg / total       0.78      0.78      0.78       571

01/29/2018 20:33:27 [INFO] exp_shallowmodel: confusion matrix:
01/29/2018 20:33:27 [INFO] exp_shallowmodel: 
[[  3   3   4   4]
 [  1 119  14  30]
 [  1  12 245  10]
 [  0  34  11  80]]
01/29/2018 20:33:28 [INFO] exp_shallowmodel: ******************** dstc2 - Round 21 
01/29/2018 20:33:28 [INFO] exp_shallowmodel: #(data) = 4583
01/29/2018 20:33:28 [INFO] exp_shallowmodel: #(feature) = 7201
01/29/2018 20:33:28 [INFO] exp_shallowmodel: ================================================================================
01/29/2018 20:33:28 [INFO] exp_shallowmodel: LR.pen=l1.C=1.000000
01/29/2018 20:33:28 [INFO] exp_shallowmodel: ________________________________________________________________________________
01/29/2018 20:33:28 [INFO] exp_shallowmodel: Training: 
01/29/2018 20:33:28 [INFO] exp_shallowmodel: LogisticRegression(C=1, class_weight=None, dual=False, fit_intercept=True,
          intercept_scaling=1, max_iter=100, multi_class='ovr', n_jobs=1,
          penalty='l1', random_state=None, solver='liblinear', tol=0.0001,
          verbose=0, warm_start=False)
01/29/2018 20:34:00 [INFO] exp_shallowmodel: train time: 32.082s
01/29/2018 20:34:00 [INFO] exp_shallowmodel: test time:  0.006s
01/29/2018 20:34:00 [INFO] exp_shallowmodel: accuracy:   0.764
01/29/2018 20:34:00 [INFO] exp_shallowmodel: f1_score:   0.640
01/29/2018 20:34:00 [INFO] exp_shallowmodel: classification report:
01/29/2018 20:34:00 [INFO] exp_shallowmodel:              precision    recall  f1-score   support

          A       0.44      0.29      0.35        14
          C       0.68      0.77      0.72       164
          F       0.86      0.87      0.87       268
          R       0.67      0.58      0.62       125

avg / total       0.76      0.76      0.76       571

01/29/2018 20:34:00 [INFO] exp_shallowmodel: confusion matrix:
01/29/2018 20:34:00 [INFO] exp_shallowmodel: 
[[  4   3   5   2]
 [  0 126  19  19]
 [  5  15 234  14]
 [  0  40  13  72]]
01/29/2018 20:34:01 [INFO] exp_shallowmodel: ******************** dstc2 - Round 22 
01/29/2018 20:34:01 [INFO] exp_shallowmodel: #(data) = 4583
01/29/2018 20:34:01 [INFO] exp_shallowmodel: #(feature) = 7201
01/29/2018 20:34:01 [INFO] exp_shallowmodel: ================================================================================
01/29/2018 20:34:01 [INFO] exp_shallowmodel: LR.pen=l1.C=1.000000
01/29/2018 20:34:01 [INFO] exp_shallowmodel: ________________________________________________________________________________
01/29/2018 20:34:01 [INFO] exp_shallowmodel: Training: 
01/29/2018 20:34:01 [INFO] exp_shallowmodel: LogisticRegression(C=1, class_weight=None, dual=False, fit_intercept=True,
          intercept_scaling=1, max_iter=100, multi_class='ovr', n_jobs=1,
          penalty='l1', random_state=None, solver='liblinear', tol=0.0001,
          verbose=0, warm_start=False)
01/29/2018 20:34:34 [INFO] exp_shallowmodel: train time: 33.422s
01/29/2018 20:34:34 [INFO] exp_shallowmodel: test time:  0.006s
01/29/2018 20:34:34 [INFO] exp_shallowmodel: accuracy:   0.818
01/29/2018 20:34:34 [INFO] exp_shallowmodel: f1_score:   0.683
01/29/2018 20:34:34 [INFO] exp_shallowmodel: classification report:
01/29/2018 20:34:34 [INFO] exp_shallowmodel:              precision    recall  f1-score   support

          A       0.44      0.29      0.35        14
          C       0.73      0.80      0.77       164
          F       0.93      0.93      0.93       268
          R       0.73      0.66      0.69       125

avg / total       0.82      0.82      0.82       571

01/29/2018 20:34:34 [INFO] exp_shallowmodel: confusion matrix:
01/29/2018 20:34:34 [INFO] exp_shallowmodel: 
[[  4   2   3   5]
 [  3 132   8  21]
 [  2  12 249   5]
 [  0  35   8  82]]
01/29/2018 20:34:35 [INFO] exp_shallowmodel: ******************** dstc2 - Round 23 
01/29/2018 20:34:35 [INFO] exp_shallowmodel: #(data) = 4583
01/29/2018 20:34:35 [INFO] exp_shallowmodel: #(feature) = 7201
01/29/2018 20:34:35 [INFO] exp_shallowmodel: ================================================================================
01/29/2018 20:34:35 [INFO] exp_shallowmodel: LR.pen=l1.C=1.000000
01/29/2018 20:34:35 [INFO] exp_shallowmodel: ________________________________________________________________________________
01/29/2018 20:34:35 [INFO] exp_shallowmodel: Training: 
01/29/2018 20:34:35 [INFO] exp_shallowmodel: LogisticRegression(C=1, class_weight=None, dual=False, fit_intercept=True,
          intercept_scaling=1, max_iter=100, multi_class='ovr', n_jobs=1,
          penalty='l1', random_state=None, solver='liblinear', tol=0.0001,
          verbose=0, warm_start=False)
01/29/2018 20:35:07 [INFO] exp_shallowmodel: train time: 32.029s
01/29/2018 20:35:07 [INFO] exp_shallowmodel: test time:  0.006s
01/29/2018 20:35:07 [INFO] exp_shallowmodel: accuracy:   0.781
01/29/2018 20:35:07 [INFO] exp_shallowmodel: f1_score:   0.702
01/29/2018 20:35:07 [INFO] exp_shallowmodel: classification report:
01/29/2018 20:35:07 [INFO] exp_shallowmodel:              precision    recall  f1-score   support

          A       0.58      0.50      0.54        14
          C       0.72      0.74      0.73       164
          F       0.87      0.88      0.88       268
          R       0.68      0.64      0.66       125

avg / total       0.78      0.78      0.78       571

01/29/2018 20:35:07 [INFO] exp_shallowmodel: confusion matrix:
01/29/2018 20:35:07 [INFO] exp_shallowmodel: 
[[  7   1   5   1]
 [  2 122  17  23]
 [  2  16 237  13]
 [  1  30  14  80]]
01/29/2018 20:35:08 [INFO] exp_shallowmodel: ******************** dstc2 - Round 24 
01/29/2018 20:35:08 [INFO] exp_shallowmodel: #(data) = 4583
01/29/2018 20:35:08 [INFO] exp_shallowmodel: #(feature) = 7201
01/29/2018 20:35:08 [INFO] exp_shallowmodel: ================================================================================
01/29/2018 20:35:08 [INFO] exp_shallowmodel: LR.pen=l1.C=1.000000
01/29/2018 20:35:08 [INFO] exp_shallowmodel: ________________________________________________________________________________
01/29/2018 20:35:08 [INFO] exp_shallowmodel: Training: 
01/29/2018 20:35:08 [INFO] exp_shallowmodel: LogisticRegression(C=1, class_weight=None, dual=False, fit_intercept=True,
          intercept_scaling=1, max_iter=100, multi_class='ovr', n_jobs=1,
          penalty='l1', random_state=None, solver='liblinear', tol=0.0001,
          verbose=0, warm_start=False)
01/29/2018 20:35:41 [INFO] exp_shallowmodel: train time: 32.266s
01/29/2018 20:35:41 [INFO] exp_shallowmodel: test time:  0.006s
01/29/2018 20:35:41 [INFO] exp_shallowmodel: accuracy:   0.771
01/29/2018 20:35:41 [INFO] exp_shallowmodel: f1_score:   0.675
01/29/2018 20:35:41 [INFO] exp_shallowmodel: classification report:
01/29/2018 20:35:41 [INFO] exp_shallowmodel:              precision    recall  f1-score   support

          A       0.83      0.36      0.50        14
          C       0.69      0.68      0.68       164
          F       0.86      0.93      0.90       268
          R       0.65      0.60      0.63       125

avg / total       0.77      0.77      0.77       571

01/29/2018 20:35:41 [INFO] exp_shallowmodel: confusion matrix:
01/29/2018 20:35:41 [INFO] exp_shallowmodel: 
[[  5   3   5   1]
 [  0 111  19  34]
 [  1  13 249   5]
 [  0  35  15  75]]
01/29/2018 20:35:41 [INFO] exp_shallowmodel: ******************** dstc2 - Round 25 
01/29/2018 20:35:41 [INFO] exp_shallowmodel: #(data) = 4583
01/29/2018 20:35:41 [INFO] exp_shallowmodel: #(feature) = 7201
01/29/2018 20:35:41 [INFO] exp_shallowmodel: ================================================================================
01/29/2018 20:35:41 [INFO] exp_shallowmodel: LR.pen=l1.C=1.000000
01/29/2018 20:35:41 [INFO] exp_shallowmodel: ________________________________________________________________________________
01/29/2018 20:35:41 [INFO] exp_shallowmodel: Training: 
01/29/2018 20:35:41 [INFO] exp_shallowmodel: LogisticRegression(C=1, class_weight=None, dual=False, fit_intercept=True,
          intercept_scaling=1, max_iter=100, multi_class='ovr', n_jobs=1,
          penalty='l1', random_state=None, solver='liblinear', tol=0.0001,
          verbose=0, warm_start=False)
01/29/2018 20:36:14 [INFO] exp_shallowmodel: train time: 32.157s
01/29/2018 20:36:14 [INFO] exp_shallowmodel: test time:  0.006s
01/29/2018 20:36:14 [INFO] exp_shallowmodel: accuracy:   0.797
01/29/2018 20:36:14 [INFO] exp_shallowmodel: f1_score:   0.611
01/29/2018 20:36:14 [INFO] exp_shallowmodel: classification report:
01/29/2018 20:36:14 [INFO] exp_shallowmodel:              precision    recall  f1-score   support

          A       0.25      0.07      0.11        14
          C       0.76      0.74      0.75       164
          F       0.88      0.92      0.90       268
          R       0.67      0.69      0.68       125

avg / total       0.79      0.80      0.79       571

01/29/2018 20:36:14 [INFO] exp_shallowmodel: confusion matrix:
01/29/2018 20:36:14 [INFO] exp_shallowmodel: 
[[  1   1   8   4]
 [  0 122  12  30]
 [  2  12 246   8]
 [  1  25  13  86]]
01/29/2018 20:36:15 [INFO] exp_shallowmodel: ******************** dstc2 - Round 26 
01/29/2018 20:36:15 [INFO] exp_shallowmodel: #(data) = 4583
01/29/2018 20:36:15 [INFO] exp_shallowmodel: #(feature) = 7201
01/29/2018 20:36:15 [INFO] exp_shallowmodel: ================================================================================
01/29/2018 20:36:15 [INFO] exp_shallowmodel: LR.pen=l1.C=1.000000
01/29/2018 20:36:15 [INFO] exp_shallowmodel: ________________________________________________________________________________
01/29/2018 20:36:15 [INFO] exp_shallowmodel: Training: 
01/29/2018 20:36:15 [INFO] exp_shallowmodel: LogisticRegression(C=1, class_weight=None, dual=False, fit_intercept=True,
          intercept_scaling=1, max_iter=100, multi_class='ovr', n_jobs=1,
          penalty='l1', random_state=None, solver='liblinear', tol=0.0001,
          verbose=0, warm_start=False)
01/29/2018 20:36:46 [INFO] exp_shallowmodel: train time: 31.779s
01/29/2018 20:36:46 [INFO] exp_shallowmodel: test time:  0.006s
01/29/2018 20:36:46 [INFO] exp_shallowmodel: accuracy:   0.792
01/29/2018 20:36:46 [INFO] exp_shallowmodel: f1_score:   0.691
01/29/2018 20:36:46 [INFO] exp_shallowmodel: classification report:
01/29/2018 20:36:46 [INFO] exp_shallowmodel:              precision    recall  f1-score   support

          A       0.55      0.43      0.48        14
          C       0.74      0.72      0.73       164
          F       0.91      0.92      0.92       268
          R       0.62      0.65      0.64       125

avg / total       0.79      0.79      0.79       571

01/29/2018 20:36:46 [INFO] exp_shallowmodel: confusion matrix:
01/29/2018 20:36:46 [INFO] exp_shallowmodel: 
[[  6   2   6   0]
 [  0 118   9  37]
 [  0   9 247  12]
 [  5  30   9  81]]
01/29/2018 20:36:47 [INFO] exp_shallowmodel: ******************** dstc2 - Round 27 
01/29/2018 20:36:47 [INFO] exp_shallowmodel: #(data) = 4583
01/29/2018 20:36:47 [INFO] exp_shallowmodel: #(feature) = 7201
01/29/2018 20:36:47 [INFO] exp_shallowmodel: ================================================================================
01/29/2018 20:36:47 [INFO] exp_shallowmodel: LR.pen=l1.C=1.000000
01/29/2018 20:36:47 [INFO] exp_shallowmodel: ________________________________________________________________________________
01/29/2018 20:36:47 [INFO] exp_shallowmodel: Training: 
01/29/2018 20:36:47 [INFO] exp_shallowmodel: LogisticRegression(C=1, class_weight=None, dual=False, fit_intercept=True,
          intercept_scaling=1, max_iter=100, multi_class='ovr', n_jobs=1,
          penalty='l1', random_state=None, solver='liblinear', tol=0.0001,
          verbose=0, warm_start=False)
01/29/2018 20:37:18 [INFO] exp_shallowmodel: train time: 30.494s
01/29/2018 20:37:18 [INFO] exp_shallowmodel: test time:  0.006s
01/29/2018 20:37:18 [INFO] exp_shallowmodel: accuracy:   0.795
01/29/2018 20:37:18 [INFO] exp_shallowmodel: f1_score:   0.706
01/29/2018 20:37:18 [INFO] exp_shallowmodel: classification report:
01/29/2018 20:37:18 [INFO] exp_shallowmodel:              precision    recall  f1-score   support

          A       0.67      0.43      0.52        14
          C       0.72      0.76      0.74       164
          F       0.91      0.90      0.91       268
          R       0.66      0.65      0.66       125

avg / total       0.80      0.80      0.79       571

01/29/2018 20:37:18 [INFO] exp_shallowmodel: confusion matrix:
01/29/2018 20:37:18 [INFO] exp_shallowmodel: 
[[  6   2   3   3]
 [  1 125  13  25]
 [  2  11 242  13]
 [  0  36   8  81]]
01/29/2018 20:37:19 [INFO] exp_shallowmodel: ******************** dstc2 - Round 28 
01/29/2018 20:37:19 [INFO] exp_shallowmodel: #(data) = 4583
01/29/2018 20:37:19 [INFO] exp_shallowmodel: #(feature) = 7201
01/29/2018 20:37:19 [INFO] exp_shallowmodel: ================================================================================
01/29/2018 20:37:19 [INFO] exp_shallowmodel: LR.pen=l1.C=1.000000
01/29/2018 20:37:19 [INFO] exp_shallowmodel: ________________________________________________________________________________
01/29/2018 20:37:19 [INFO] exp_shallowmodel: Training: 
01/29/2018 20:37:19 [INFO] exp_shallowmodel: LogisticRegression(C=1, class_weight=None, dual=False, fit_intercept=True,
          intercept_scaling=1, max_iter=100, multi_class='ovr', n_jobs=1,
          penalty='l1', random_state=None, solver='liblinear', tol=0.0001,
          verbose=0, warm_start=False)
01/29/2018 20:37:49 [INFO] exp_shallowmodel: train time: 30.819s
01/29/2018 20:37:49 [INFO] exp_shallowmodel: test time:  0.006s
01/29/2018 20:37:49 [INFO] exp_shallowmodel: accuracy:   0.760
01/29/2018 20:37:49 [INFO] exp_shallowmodel: f1_score:   0.636
01/29/2018 20:37:49 [INFO] exp_shallowmodel: classification report:
01/29/2018 20:37:49 [INFO] exp_shallowmodel:              precision    recall  f1-score   support

          A       0.50      0.29      0.36        14
          C       0.70      0.67      0.68       164
          F       0.87      0.91      0.89       268
          R       0.61      0.60      0.61       125

avg / total       0.75      0.76      0.76       571

01/29/2018 20:37:49 [INFO] exp_shallowmodel: confusion matrix:
01/29/2018 20:37:49 [INFO] exp_shallowmodel: 
[[  4   1   5   4]
 [  0 110  20  34]
 [  2  12 245   9]
 [  2  35  13  75]]
01/29/2018 20:37:50 [INFO] exp_shallowmodel: ******************** dstc2 - Round 29 
01/29/2018 20:37:50 [INFO] exp_shallowmodel: #(data) = 4568
01/29/2018 20:37:50 [INFO] exp_shallowmodel: #(feature) = 7201
01/29/2018 20:37:50 [INFO] exp_shallowmodel: ================================================================================
01/29/2018 20:37:50 [INFO] exp_shallowmodel: LR.pen=l1.C=1.000000
01/29/2018 20:37:50 [INFO] exp_shallowmodel: ________________________________________________________________________________
01/29/2018 20:37:50 [INFO] exp_shallowmodel: Training: 
01/29/2018 20:37:50 [INFO] exp_shallowmodel: LogisticRegression(C=1, class_weight=None, dual=False, fit_intercept=True,
          intercept_scaling=1, max_iter=100, multi_class='ovr', n_jobs=1,
          penalty='l1', random_state=None, solver='liblinear', tol=0.0001,
          verbose=0, warm_start=False)
01/29/2018 20:38:21 [INFO] exp_shallowmodel: train time: 30.664s
01/29/2018 20:38:21 [INFO] exp_shallowmodel: test time:  0.006s
01/29/2018 20:38:21 [INFO] exp_shallowmodel: accuracy:   0.783
01/29/2018 20:38:21 [INFO] exp_shallowmodel: f1_score:   0.703
01/29/2018 20:38:21 [INFO] exp_shallowmodel: classification report:
01/29/2018 20:38:21 [INFO] exp_shallowmodel:              precision    recall  f1-score   support

          A       0.70      0.44      0.54        16
          C       0.73      0.73      0.73       169
          F       0.88      0.90      0.89       271
          R       0.65      0.66      0.66       130

avg / total       0.78      0.78      0.78       586

01/29/2018 20:38:21 [INFO] exp_shallowmodel: confusion matrix:
01/29/2018 20:38:21 [INFO] exp_shallowmodel: 
[[  7   2   5   2]
 [  1 123  14  31]
 [  1  14 243  13]
 [  1  30  13  86]]
01/29/2018 20:38:22 [INFO] exp_shallowmodel: ******************** dstc2 - Round 30 
01/29/2018 20:38:22 [INFO] exp_shallowmodel: #(data) = 4583
01/29/2018 20:38:22 [INFO] exp_shallowmodel: #(feature) = 7201
01/29/2018 20:38:22 [INFO] exp_shallowmodel: ================================================================================
01/29/2018 20:38:22 [INFO] exp_shallowmodel: LR.pen=l1.C=1.000000
01/29/2018 20:38:22 [INFO] exp_shallowmodel: ________________________________________________________________________________
01/29/2018 20:38:22 [INFO] exp_shallowmodel: Training: 
01/29/2018 20:38:22 [INFO] exp_shallowmodel: LogisticRegression(C=1, class_weight=None, dual=False, fit_intercept=True,
          intercept_scaling=1, max_iter=100, multi_class='ovr', n_jobs=1,
          penalty='l1', random_state=None, solver='liblinear', tol=0.0001,
          verbose=0, warm_start=False)
01/29/2018 20:38:53 [INFO] exp_shallowmodel: train time: 31.462s
01/29/2018 20:38:53 [INFO] exp_shallowmodel: test time:  0.006s
01/29/2018 20:38:53 [INFO] exp_shallowmodel: accuracy:   0.776
01/29/2018 20:38:53 [INFO] exp_shallowmodel: f1_score:   0.645
01/29/2018 20:38:53 [INFO] exp_shallowmodel: classification report:
01/29/2018 20:38:53 [INFO] exp_shallowmodel:              precision    recall  f1-score   support

          A       0.44      0.29      0.35        14
          C       0.70      0.72      0.71       164
          F       0.89      0.92      0.90       268
          R       0.64      0.60      0.62       125

avg / total       0.77      0.78      0.77       571

01/29/2018 20:38:53 [INFO] exp_shallowmodel: confusion matrix:
01/29/2018 20:38:53 [INFO] exp_shallowmodel: 
[[  4   1   5   4]
 [  2 118  15  29]
 [  3  10 246   9]
 [  0  39  11  75]]
01/29/2018 20:38:54 [INFO] exp_shallowmodel: ******************** dstc2 - Round 31 
01/29/2018 20:38:54 [INFO] exp_shallowmodel: #(data) = 4583
01/29/2018 20:38:54 [INFO] exp_shallowmodel: #(feature) = 7201
01/29/2018 20:38:54 [INFO] exp_shallowmodel: ================================================================================
01/29/2018 20:38:54 [INFO] exp_shallowmodel: LR.pen=l1.C=1.000000
01/29/2018 20:38:54 [INFO] exp_shallowmodel: ________________________________________________________________________________
01/29/2018 20:38:54 [INFO] exp_shallowmodel: Training: 
01/29/2018 20:38:54 [INFO] exp_shallowmodel: LogisticRegression(C=1, class_weight=None, dual=False, fit_intercept=True,
          intercept_scaling=1, max_iter=100, multi_class='ovr', n_jobs=1,
          penalty='l1', random_state=None, solver='liblinear', tol=0.0001,
          verbose=0, warm_start=False)
01/29/2018 20:39:26 [INFO] exp_shallowmodel: train time: 31.610s
01/29/2018 20:39:26 [INFO] exp_shallowmodel: test time:  0.006s
01/29/2018 20:39:26 [INFO] exp_shallowmodel: accuracy:   0.800
01/29/2018 20:39:26 [INFO] exp_shallowmodel: f1_score:   0.635
01/29/2018 20:39:26 [INFO] exp_shallowmodel: classification report:
01/29/2018 20:39:26 [INFO] exp_shallowmodel:              precision    recall  f1-score   support

          A       0.40      0.14      0.21        14
          C       0.76      0.75      0.76       164
          F       0.87      0.94      0.90       268
          R       0.69      0.65      0.67       125

avg / total       0.79      0.80      0.79       571

01/29/2018 20:39:26 [INFO] exp_shallowmodel: confusion matrix:
01/29/2018 20:39:26 [INFO] exp_shallowmodel: 
[[  2   0   3   9]
 [  0 123  17  24]
 [  1  13 251   3]
 [  2  25  17  81]]
01/29/2018 20:39:27 [INFO] exp_shallowmodel: ******************** dstc2 - Round 32 
01/29/2018 20:39:27 [INFO] exp_shallowmodel: #(data) = 4583
01/29/2018 20:39:27 [INFO] exp_shallowmodel: #(feature) = 7201
01/29/2018 20:39:27 [INFO] exp_shallowmodel: ================================================================================
01/29/2018 20:39:27 [INFO] exp_shallowmodel: LR.pen=l1.C=1.000000
01/29/2018 20:39:27 [INFO] exp_shallowmodel: ________________________________________________________________________________
01/29/2018 20:39:27 [INFO] exp_shallowmodel: Training: 
01/29/2018 20:39:27 [INFO] exp_shallowmodel: LogisticRegression(C=1, class_weight=None, dual=False, fit_intercept=True,
          intercept_scaling=1, max_iter=100, multi_class='ovr', n_jobs=1,
          penalty='l1', random_state=None, solver='liblinear', tol=0.0001,
          verbose=0, warm_start=False)
01/29/2018 20:39:57 [INFO] exp_shallowmodel: train time: 30.244s
01/29/2018 20:39:57 [INFO] exp_shallowmodel: test time:  0.006s
01/29/2018 20:39:57 [INFO] exp_shallowmodel: accuracy:   0.779
01/29/2018 20:39:57 [INFO] exp_shallowmodel: f1_score:   0.700
01/29/2018 20:39:57 [INFO] exp_shallowmodel: classification report:
01/29/2018 20:39:57 [INFO] exp_shallowmodel:              precision    recall  f1-score   support

          A       0.64      0.50      0.56        14
          C       0.73      0.70      0.71       164
          F       0.88      0.91      0.90       268
          R       0.62      0.64      0.63       125

avg / total       0.78      0.78      0.78       571

01/29/2018 20:39:57 [INFO] exp_shallowmodel: confusion matrix:
01/29/2018 20:39:57 [INFO] exp_shallowmodel: 
[[  7   3   2   2]
 [  1 114  15  34]
 [  2  10 244  12]
 [  1  29  15  80]]
01/29/2018 20:39:58 [INFO] exp_shallowmodel: ******************** dstc2 - Round 33 
01/29/2018 20:39:58 [INFO] exp_shallowmodel: #(data) = 4583
01/29/2018 20:39:58 [INFO] exp_shallowmodel: #(feature) = 7201
01/29/2018 20:39:58 [INFO] exp_shallowmodel: ================================================================================
01/29/2018 20:39:58 [INFO] exp_shallowmodel: LR.pen=l1.C=1.000000
01/29/2018 20:39:58 [INFO] exp_shallowmodel: ________________________________________________________________________________
01/29/2018 20:39:58 [INFO] exp_shallowmodel: Training: 
01/29/2018 20:39:58 [INFO] exp_shallowmodel: LogisticRegression(C=1, class_weight=None, dual=False, fit_intercept=True,
          intercept_scaling=1, max_iter=100, multi_class='ovr', n_jobs=1,
          penalty='l1', random_state=None, solver='liblinear', tol=0.0001,
          verbose=0, warm_start=False)
01/29/2018 20:40:29 [INFO] exp_shallowmodel: train time: 30.979s
01/29/2018 20:40:29 [INFO] exp_shallowmodel: test time:  0.006s
01/29/2018 20:40:29 [INFO] exp_shallowmodel: accuracy:   0.779
01/29/2018 20:40:29 [INFO] exp_shallowmodel: f1_score:   0.591
01/29/2018 20:40:29 [INFO] exp_shallowmodel: classification report:
01/29/2018 20:40:29 [INFO] exp_shallowmodel:              precision    recall  f1-score   support

          A       0.14      0.07      0.10        14
          C       0.75      0.70      0.73       164
          F       0.87      0.93      0.90       268
          R       0.64      0.65      0.65       125

avg / total       0.77      0.78      0.77       571

01/29/2018 20:40:29 [INFO] exp_shallowmodel: confusion matrix:
01/29/2018 20:40:29 [INFO] exp_shallowmodel: 
[[  1   5   5   3]
 [  0 115  17  32]
 [  3   7 248  10]
 [  3  26  15  81]]
01/29/2018 20:40:30 [INFO] exp_shallowmodel: ******************** dstc2 - Round 34 
01/29/2018 20:40:30 [INFO] exp_shallowmodel: #(data) = 4583
01/29/2018 20:40:30 [INFO] exp_shallowmodel: #(feature) = 7201
01/29/2018 20:40:30 [INFO] exp_shallowmodel: ================================================================================
01/29/2018 20:40:30 [INFO] exp_shallowmodel: LR.pen=l1.C=1.000000
01/29/2018 20:40:30 [INFO] exp_shallowmodel: ________________________________________________________________________________
01/29/2018 20:40:30 [INFO] exp_shallowmodel: Training: 
01/29/2018 20:40:30 [INFO] exp_shallowmodel: LogisticRegression(C=1, class_weight=None, dual=False, fit_intercept=True,
          intercept_scaling=1, max_iter=100, multi_class='ovr', n_jobs=1,
          penalty='l1', random_state=None, solver='liblinear', tol=0.0001,
          verbose=0, warm_start=False)
01/29/2018 20:41:02 [INFO] exp_shallowmodel: train time: 32.404s
01/29/2018 20:41:02 [INFO] exp_shallowmodel: test time:  0.006s
01/29/2018 20:41:02 [INFO] exp_shallowmodel: accuracy:   0.802
01/29/2018 20:41:02 [INFO] exp_shallowmodel: f1_score:   0.667
01/29/2018 20:41:02 [INFO] exp_shallowmodel: classification report:
01/29/2018 20:41:02 [INFO] exp_shallowmodel:              precision    recall  f1-score   support

          A       0.40      0.29      0.33        14
          C       0.76      0.77      0.77       164
          F       0.91      0.91      0.91       268
          R       0.66      0.66      0.66       125

avg / total       0.80      0.80      0.80       571

01/29/2018 20:41:02 [INFO] exp_shallowmodel: confusion matrix:
01/29/2018 20:41:02 [INFO] exp_shallowmodel: 
[[  4   3   6   1]
 [  2 127   7  28]
 [  3   6 245  14]
 [  1  31  11  82]]
01/29/2018 20:41:03 [INFO] exp_shallowmodel: ******************** dstc2 - Round 35 
01/29/2018 20:41:03 [INFO] exp_shallowmodel: #(data) = 4583
01/29/2018 20:41:03 [INFO] exp_shallowmodel: #(feature) = 7201
01/29/2018 20:41:03 [INFO] exp_shallowmodel: ================================================================================
01/29/2018 20:41:03 [INFO] exp_shallowmodel: LR.pen=l1.C=1.000000
01/29/2018 20:41:03 [INFO] exp_shallowmodel: ________________________________________________________________________________
01/29/2018 20:41:03 [INFO] exp_shallowmodel: Training: 
01/29/2018 20:41:03 [INFO] exp_shallowmodel: LogisticRegression(C=1, class_weight=None, dual=False, fit_intercept=True,
          intercept_scaling=1, max_iter=100, multi_class='ovr', n_jobs=1,
          penalty='l1', random_state=None, solver='liblinear', tol=0.0001,
          verbose=0, warm_start=False)
01/29/2018 20:41:34 [INFO] exp_shallowmodel: train time: 30.778s
01/29/2018 20:41:34 [INFO] exp_shallowmodel: test time:  0.006s
01/29/2018 20:41:34 [INFO] exp_shallowmodel: accuracy:   0.790
01/29/2018 20:41:34 [INFO] exp_shallowmodel: f1_score:   0.706
01/29/2018 20:41:34 [INFO] exp_shallowmodel: classification report:
01/29/2018 20:41:34 [INFO] exp_shallowmodel:              precision    recall  f1-score   support

          A       0.75      0.43      0.55        14
          C       0.72      0.71      0.72       164
          F       0.86      0.93      0.90       268
          R       0.71      0.63      0.67       125

avg / total       0.78      0.79      0.79       571

01/29/2018 20:41:34 [INFO] exp_shallowmodel: confusion matrix:
01/29/2018 20:41:34 [INFO] exp_shallowmodel: 
[[  6   0   6   2]
 [  1 117  24  22]
 [  0  10 249   9]
 [  1  36   9  79]]
01/29/2018 20:41:35 [INFO] exp_shallowmodel: ******************** dstc2 - Round 36 
01/29/2018 20:41:35 [INFO] exp_shallowmodel: #(data) = 4583
01/29/2018 20:41:35 [INFO] exp_shallowmodel: #(feature) = 7201
01/29/2018 20:41:35 [INFO] exp_shallowmodel: ================================================================================
01/29/2018 20:41:35 [INFO] exp_shallowmodel: LR.pen=l1.C=1.000000
01/29/2018 20:41:35 [INFO] exp_shallowmodel: ________________________________________________________________________________
01/29/2018 20:41:35 [INFO] exp_shallowmodel: Training: 
01/29/2018 20:41:35 [INFO] exp_shallowmodel: LogisticRegression(C=1, class_weight=None, dual=False, fit_intercept=True,
          intercept_scaling=1, max_iter=100, multi_class='ovr', n_jobs=1,
          penalty='l1', random_state=None, solver='liblinear', tol=0.0001,
          verbose=0, warm_start=False)
01/29/2018 20:42:07 [INFO] exp_shallowmodel: train time: 31.944s
01/29/2018 20:42:07 [INFO] exp_shallowmodel: test time:  0.006s
01/29/2018 20:42:07 [INFO] exp_shallowmodel: accuracy:   0.779
01/29/2018 20:42:07 [INFO] exp_shallowmodel: f1_score:   0.666
01/29/2018 20:42:07 [INFO] exp_shallowmodel: classification report:
01/29/2018 20:42:07 [INFO] exp_shallowmodel:              precision    recall  f1-score   support

          A       0.67      0.29      0.40        14
          C       0.71      0.73      0.72       164
          F       0.89      0.89      0.89       268
          R       0.65      0.66      0.65       125

avg / total       0.78      0.78      0.78       571

01/29/2018 20:42:07 [INFO] exp_shallowmodel: confusion matrix:
01/29/2018 20:42:07 [INFO] exp_shallowmodel: 
[[  4   4   4   2]
 [  0 120  13  31]
 [  2  16 239  11]
 [  0  30  13  82]]
01/29/2018 20:42:07 [INFO] exp_shallowmodel: ******************** dstc2 - Round 37 
01/29/2018 20:42:07 [INFO] exp_shallowmodel: #(data) = 4583
01/29/2018 20:42:07 [INFO] exp_shallowmodel: #(feature) = 7201
01/29/2018 20:42:07 [INFO] exp_shallowmodel: ================================================================================
01/29/2018 20:42:07 [INFO] exp_shallowmodel: LR.pen=l1.C=1.000000
01/29/2018 20:42:07 [INFO] exp_shallowmodel: ________________________________________________________________________________
01/29/2018 20:42:07 [INFO] exp_shallowmodel: Training: 
01/29/2018 20:42:07 [INFO] exp_shallowmodel: LogisticRegression(C=1, class_weight=None, dual=False, fit_intercept=True,
          intercept_scaling=1, max_iter=100, multi_class='ovr', n_jobs=1,
          penalty='l1', random_state=None, solver='liblinear', tol=0.0001,
          verbose=0, warm_start=False)
01/29/2018 20:42:39 [INFO] exp_shallowmodel: train time: 31.689s
01/29/2018 20:42:39 [INFO] exp_shallowmodel: test time:  0.006s
01/29/2018 20:42:39 [INFO] exp_shallowmodel: accuracy:   0.786
01/29/2018 20:42:39 [INFO] exp_shallowmodel: f1_score:   0.712
01/29/2018 20:42:39 [INFO] exp_shallowmodel: classification report:
01/29/2018 20:42:39 [INFO] exp_shallowmodel:              precision    recall  f1-score   support

          A       0.70      0.50      0.58        14
          C       0.75      0.74      0.74       164
          F       0.89      0.91      0.90       268
          R       0.62      0.62      0.62       125

avg / total       0.78      0.79      0.78       571

01/29/2018 20:42:39 [INFO] exp_shallowmodel: confusion matrix:
01/29/2018 20:42:39 [INFO] exp_shallowmodel: 
[[  7   0   6   1]
 [  0 121  11  32]
 [  2   9 243  14]
 [  1  32  14  78]]
01/29/2018 20:42:40 [INFO] exp_shallowmodel: ******************** dstc2 - Round 38 
01/29/2018 20:42:40 [INFO] exp_shallowmodel: #(data) = 4583
01/29/2018 20:42:40 [INFO] exp_shallowmodel: #(feature) = 7201
01/29/2018 20:42:40 [INFO] exp_shallowmodel: ================================================================================
01/29/2018 20:42:40 [INFO] exp_shallowmodel: LR.pen=l1.C=1.000000
01/29/2018 20:42:40 [INFO] exp_shallowmodel: ________________________________________________________________________________
01/29/2018 20:42:40 [INFO] exp_shallowmodel: Training: 
01/29/2018 20:42:40 [INFO] exp_shallowmodel: LogisticRegression(C=1, class_weight=None, dual=False, fit_intercept=True,
          intercept_scaling=1, max_iter=100, multi_class='ovr', n_jobs=1,
          penalty='l1', random_state=None, solver='liblinear', tol=0.0001,
          verbose=0, warm_start=False)
01/29/2018 20:43:12 [INFO] exp_shallowmodel: train time: 31.941s
01/29/2018 20:43:12 [INFO] exp_shallowmodel: test time:  0.006s
01/29/2018 20:43:12 [INFO] exp_shallowmodel: accuracy:   0.778
01/29/2018 20:43:12 [INFO] exp_shallowmodel: f1_score:   0.644
01/29/2018 20:43:12 [INFO] exp_shallowmodel: classification report:
01/29/2018 20:43:12 [INFO] exp_shallowmodel:              precision    recall  f1-score   support

          A       0.36      0.29      0.32        14
          C       0.72      0.70      0.71       164
          F       0.89      0.91      0.90       268
          R       0.64      0.66      0.65       125

avg / total       0.78      0.78      0.78       571

01/29/2018 20:43:12 [INFO] exp_shallowmodel: confusion matrix:
01/29/2018 20:43:12 [INFO] exp_shallowmodel: 
[[  4   2   5   3]
 [  2 115  13  34]
 [  3  12 243  10]
 [  2  30  11  82]]
01/29/2018 20:43:13 [INFO] exp_shallowmodel: ******************** dstc2 - Round 39 
01/29/2018 20:43:13 [INFO] exp_shallowmodel: #(data) = 4568
01/29/2018 20:43:13 [INFO] exp_shallowmodel: #(feature) = 7201
01/29/2018 20:43:13 [INFO] exp_shallowmodel: ================================================================================
01/29/2018 20:43:13 [INFO] exp_shallowmodel: LR.pen=l1.C=1.000000
01/29/2018 20:43:13 [INFO] exp_shallowmodel: ________________________________________________________________________________
01/29/2018 20:43:13 [INFO] exp_shallowmodel: Training: 
01/29/2018 20:43:13 [INFO] exp_shallowmodel: LogisticRegression(C=1, class_weight=None, dual=False, fit_intercept=True,
          intercept_scaling=1, max_iter=100, multi_class='ovr', n_jobs=1,
          penalty='l1', random_state=None, solver='liblinear', tol=0.0001,
          verbose=0, warm_start=False)
01/29/2018 20:43:44 [INFO] exp_shallowmodel: train time: 31.265s
01/29/2018 20:43:44 [INFO] exp_shallowmodel: test time:  0.006s
01/29/2018 20:43:44 [INFO] exp_shallowmodel: accuracy:   0.780
01/29/2018 20:43:44 [INFO] exp_shallowmodel: f1_score:   0.652
01/29/2018 20:43:44 [INFO] exp_shallowmodel: classification report:
01/29/2018 20:43:44 [INFO] exp_shallowmodel:              precision    recall  f1-score   support

          A       0.50      0.25      0.33        16
          C       0.74      0.73      0.74       169
          F       0.87      0.90      0.89       271
          R       0.65      0.65      0.65       130

avg / total       0.77      0.78      0.78       586

01/29/2018 20:43:44 [INFO] exp_shallowmodel: confusion matrix:
01/29/2018 20:43:44 [INFO] exp_shallowmodel: 
[[  4   2   7   3]
 [  0 124  14  31]
 [  1  14 244  12]
 [  3  28  14  85]]
01/29/2018 20:43:45 [INFO] exp_shallowmodel: ******************** dstc2 - Round 40 
01/29/2018 20:43:45 [INFO] exp_shallowmodel: #(data) = 4583
01/29/2018 20:43:45 [INFO] exp_shallowmodel: #(feature) = 7201
01/29/2018 20:43:45 [INFO] exp_shallowmodel: ================================================================================
01/29/2018 20:43:45 [INFO] exp_shallowmodel: LR.pen=l1.C=1.000000
01/29/2018 20:43:45 [INFO] exp_shallowmodel: ________________________________________________________________________________
01/29/2018 20:43:45 [INFO] exp_shallowmodel: Training: 
01/29/2018 20:43:45 [INFO] exp_shallowmodel: LogisticRegression(C=1, class_weight=None, dual=False, fit_intercept=True,
          intercept_scaling=1, max_iter=100, multi_class='ovr', n_jobs=1,
          penalty='l1', random_state=None, solver='liblinear', tol=0.0001,
          verbose=0, warm_start=False)
01/29/2018 20:44:17 [INFO] exp_shallowmodel: train time: 32.167s
01/29/2018 20:44:17 [INFO] exp_shallowmodel: test time:  0.006s
01/29/2018 20:44:17 [INFO] exp_shallowmodel: accuracy:   0.795
01/29/2018 20:44:17 [INFO] exp_shallowmodel: f1_score:   0.689
01/29/2018 20:44:17 [INFO] exp_shallowmodel: classification report:
01/29/2018 20:44:17 [INFO] exp_shallowmodel:              precision    recall  f1-score   support

          A       0.62      0.36      0.45        14
          C       0.73      0.76      0.75       164
          F       0.90      0.91      0.90       268
          R       0.67      0.64      0.65       125

avg / total       0.79      0.80      0.79       571

01/29/2018 20:44:17 [INFO] exp_shallowmodel: confusion matrix:
01/29/2018 20:44:17 [INFO] exp_shallowmodel: 
[[  5   5   1   3]
 [  0 125  11  28]
 [  2  13 244   9]
 [  1  28  16  80]]
01/29/2018 20:44:18 [INFO] exp_shallowmodel: ******************** dstc2 - Round 41 
01/29/2018 20:44:18 [INFO] exp_shallowmodel: #(data) = 4583
01/29/2018 20:44:18 [INFO] exp_shallowmodel: #(feature) = 7201
01/29/2018 20:44:18 [INFO] exp_shallowmodel: ================================================================================
01/29/2018 20:44:18 [INFO] exp_shallowmodel: LR.pen=l1.C=1.000000
01/29/2018 20:44:18 [INFO] exp_shallowmodel: ________________________________________________________________________________
01/29/2018 20:44:18 [INFO] exp_shallowmodel: Training: 
01/29/2018 20:44:18 [INFO] exp_shallowmodel: LogisticRegression(C=1, class_weight=None, dual=False, fit_intercept=True,
          intercept_scaling=1, max_iter=100, multi_class='ovr', n_jobs=1,
          penalty='l1', random_state=None, solver='liblinear', tol=0.0001,
          verbose=0, warm_start=False)
01/29/2018 20:44:49 [INFO] exp_shallowmodel: train time: 30.889s
01/29/2018 20:44:49 [INFO] exp_shallowmodel: test time:  0.006s
01/29/2018 20:44:49 [INFO] exp_shallowmodel: accuracy:   0.799
01/29/2018 20:44:49 [INFO] exp_shallowmodel: f1_score:   0.691
01/29/2018 20:44:49 [INFO] exp_shallowmodel: classification report:
01/29/2018 20:44:49 [INFO] exp_shallowmodel:              precision    recall  f1-score   support

          A       0.62      0.36      0.45        14
          C       0.75      0.73      0.74       164
          F       0.91      0.93      0.92       268
          R       0.65      0.67      0.66       125

avg / total       0.80      0.80      0.80       571

01/29/2018 20:44:49 [INFO] exp_shallowmodel: confusion matrix:
01/29/2018 20:44:49 [INFO] exp_shallowmodel: 
[[  5   1   4   4]
 [  1 119  13  31]
 [  1   8 248  11]
 [  1  31   9  84]]
01/29/2018 20:44:50 [INFO] exp_shallowmodel: ******************** dstc2 - Round 42 
01/29/2018 20:44:50 [INFO] exp_shallowmodel: #(data) = 4583
01/29/2018 20:44:50 [INFO] exp_shallowmodel: #(feature) = 7201
01/29/2018 20:44:50 [INFO] exp_shallowmodel: ================================================================================
01/29/2018 20:44:50 [INFO] exp_shallowmodel: LR.pen=l1.C=1.000000
01/29/2018 20:44:50 [INFO] exp_shallowmodel: ________________________________________________________________________________
01/29/2018 20:44:50 [INFO] exp_shallowmodel: Training: 
01/29/2018 20:44:50 [INFO] exp_shallowmodel: LogisticRegression(C=1, class_weight=None, dual=False, fit_intercept=True,
          intercept_scaling=1, max_iter=100, multi_class='ovr', n_jobs=1,
          penalty='l1', random_state=None, solver='liblinear', tol=0.0001,
          verbose=0, warm_start=False)
01/29/2018 20:45:21 [INFO] exp_shallowmodel: train time: 31.614s
01/29/2018 20:45:21 [INFO] exp_shallowmodel: test time:  0.006s
01/29/2018 20:45:21 [INFO] exp_shallowmodel: accuracy:   0.785
01/29/2018 20:45:21 [INFO] exp_shallowmodel: f1_score:   0.622
01/29/2018 20:45:21 [INFO] exp_shallowmodel: classification report:
01/29/2018 20:45:21 [INFO] exp_shallowmodel:              precision    recall  f1-score   support

          A       0.40      0.14      0.21        14
          C       0.76      0.72      0.74       164
          F       0.86      0.93      0.89       268
          R       0.66      0.64      0.65       125

avg / total       0.77      0.78      0.78       571

01/29/2018 20:45:21 [INFO] exp_shallowmodel: confusion matrix:
01/29/2018 20:45:21 [INFO] exp_shallowmodel: 
[[  2   0   8   4]
 [  0 118  16  30]
 [  3  10 248   7]
 [  0  28  17  80]]
01/29/2018 20:45:22 [INFO] exp_shallowmodel: ******************** dstc2 - Round 43 
01/29/2018 20:45:22 [INFO] exp_shallowmodel: #(data) = 4583
01/29/2018 20:45:22 [INFO] exp_shallowmodel: #(feature) = 7201
01/29/2018 20:45:22 [INFO] exp_shallowmodel: ================================================================================
01/29/2018 20:45:22 [INFO] exp_shallowmodel: LR.pen=l1.C=1.000000
01/29/2018 20:45:22 [INFO] exp_shallowmodel: ________________________________________________________________________________
01/29/2018 20:45:22 [INFO] exp_shallowmodel: Training: 
01/29/2018 20:45:22 [INFO] exp_shallowmodel: LogisticRegression(C=1, class_weight=None, dual=False, fit_intercept=True,
          intercept_scaling=1, max_iter=100, multi_class='ovr', n_jobs=1,
          penalty='l1', random_state=None, solver='liblinear', tol=0.0001,
          verbose=0, warm_start=False)
01/29/2018 20:45:53 [INFO] exp_shallowmodel: train time: 30.370s
01/29/2018 20:45:53 [INFO] exp_shallowmodel: test time:  0.006s
01/29/2018 20:45:53 [INFO] exp_shallowmodel: accuracy:   0.774
01/29/2018 20:45:53 [INFO] exp_shallowmodel: f1_score:   0.680
01/29/2018 20:45:53 [INFO] exp_shallowmodel: classification report:
01/29/2018 20:45:53 [INFO] exp_shallowmodel:              precision    recall  f1-score   support

          A       0.60      0.43      0.50        14
          C       0.72      0.75      0.73       164
          F       0.87      0.90      0.88       268
          R       0.64      0.57      0.60       125

avg / total       0.77      0.77      0.77       571

01/29/2018 20:45:53 [INFO] exp_shallowmodel: confusion matrix:
01/29/2018 20:45:53 [INFO] exp_shallowmodel: 
[[  6   0   6   2]
 [  2 123  13  26]
 [  1  13 242  12]
 [  1  35  18  71]]
01/29/2018 20:45:53 [INFO] exp_shallowmodel: ******************** dstc2 - Round 44 
01/29/2018 20:45:53 [INFO] exp_shallowmodel: #(data) = 4583
01/29/2018 20:45:53 [INFO] exp_shallowmodel: #(feature) = 7201
01/29/2018 20:45:53 [INFO] exp_shallowmodel: ================================================================================
01/29/2018 20:45:53 [INFO] exp_shallowmodel: LR.pen=l1.C=1.000000
01/29/2018 20:45:53 [INFO] exp_shallowmodel: ________________________________________________________________________________
01/29/2018 20:45:53 [INFO] exp_shallowmodel: Training: 
01/29/2018 20:45:53 [INFO] exp_shallowmodel: LogisticRegression(C=1, class_weight=None, dual=False, fit_intercept=True,
          intercept_scaling=1, max_iter=100, multi_class='ovr', n_jobs=1,
          penalty='l1', random_state=None, solver='liblinear', tol=0.0001,
          verbose=0, warm_start=False)
01/29/2018 20:46:23 [INFO] exp_shallowmodel: train time: 29.792s
01/29/2018 20:46:23 [INFO] exp_shallowmodel: test time:  0.006s
01/29/2018 20:46:23 [INFO] exp_shallowmodel: accuracy:   0.765
01/29/2018 20:46:23 [INFO] exp_shallowmodel: f1_score:   0.585
01/29/2018 20:46:23 [INFO] exp_shallowmodel: classification report:
01/29/2018 20:46:23 [INFO] exp_shallowmodel:              precision    recall  f1-score   support

          A       0.17      0.07      0.10        14
          C       0.75      0.70      0.73       164
          F       0.83      0.90      0.86       268
          R       0.67      0.64      0.65       125

avg / total       0.75      0.77      0.76       571

01/29/2018 20:46:23 [INFO] exp_shallowmodel: confusion matrix:
01/29/2018 20:46:23 [INFO] exp_shallowmodel: 
[[  1   3   6   4]
 [  0 115  24  25]
 [  5  11 241  11]
 [  0  24  21  80]]
01/29/2018 20:46:24 [INFO] exp_shallowmodel: ******************** dstc2 - Round 45 
01/29/2018 20:46:24 [INFO] exp_shallowmodel: #(data) = 4583
01/29/2018 20:46:24 [INFO] exp_shallowmodel: #(feature) = 7201
01/29/2018 20:46:24 [INFO] exp_shallowmodel: ================================================================================
01/29/2018 20:46:24 [INFO] exp_shallowmodel: LR.pen=l1.C=1.000000
01/29/2018 20:46:24 [INFO] exp_shallowmodel: ________________________________________________________________________________
01/29/2018 20:46:24 [INFO] exp_shallowmodel: Training: 
01/29/2018 20:46:24 [INFO] exp_shallowmodel: LogisticRegression(C=1, class_weight=None, dual=False, fit_intercept=True,
          intercept_scaling=1, max_iter=100, multi_class='ovr', n_jobs=1,
          penalty='l1', random_state=None, solver='liblinear', tol=0.0001,
          verbose=0, warm_start=False)
01/29/2018 20:46:54 [INFO] exp_shallowmodel: train time: 29.940s
01/29/2018 20:46:54 [INFO] exp_shallowmodel: test time:  0.006s
01/29/2018 20:46:54 [INFO] exp_shallowmodel: accuracy:   0.776
01/29/2018 20:46:54 [INFO] exp_shallowmodel: f1_score:   0.672
01/29/2018 20:46:54 [INFO] exp_shallowmodel: classification report:
01/29/2018 20:46:54 [INFO] exp_shallowmodel:              precision    recall  f1-score   support

          A       0.71      0.36      0.48        14
          C       0.67      0.72      0.70       164
          F       0.91      0.92      0.92       268
          R       0.62      0.58      0.60       125

avg / total       0.77      0.78      0.77       571

01/29/2018 20:46:54 [INFO] exp_shallowmodel: confusion matrix:
01/29/2018 20:46:54 [INFO] exp_shallowmodel: 
[[  5   3   4   2]
 [  1 118   8  37]
 [  0  15 247   6]
 [  1  39  12  73]]
01/29/2018 20:46:55 [INFO] exp_shallowmodel: ******************** dstc2 - Round 46 
01/29/2018 20:46:55 [INFO] exp_shallowmodel: #(data) = 4583
01/29/2018 20:46:55 [INFO] exp_shallowmodel: #(feature) = 7201
01/29/2018 20:46:55 [INFO] exp_shallowmodel: ================================================================================
01/29/2018 20:46:55 [INFO] exp_shallowmodel: LR.pen=l1.C=1.000000
01/29/2018 20:46:55 [INFO] exp_shallowmodel: ________________________________________________________________________________
01/29/2018 20:46:55 [INFO] exp_shallowmodel: Training: 
01/29/2018 20:46:55 [INFO] exp_shallowmodel: LogisticRegression(C=1, class_weight=None, dual=False, fit_intercept=True,
          intercept_scaling=1, max_iter=100, multi_class='ovr', n_jobs=1,
          penalty='l1', random_state=None, solver='liblinear', tol=0.0001,
          verbose=0, warm_start=False)
01/29/2018 20:47:27 [INFO] exp_shallowmodel: train time: 31.603s
01/29/2018 20:47:27 [INFO] exp_shallowmodel: test time:  0.006s
01/29/2018 20:47:27 [INFO] exp_shallowmodel: accuracy:   0.771
01/29/2018 20:47:27 [INFO] exp_shallowmodel: f1_score:   0.665
01/29/2018 20:47:27 [INFO] exp_shallowmodel: classification report:
01/29/2018 20:47:27 [INFO] exp_shallowmodel:              precision    recall  f1-score   support

          A       0.56      0.36      0.43        14
          C       0.70      0.71      0.70       164
          F       0.87      0.90      0.88       268
          R       0.66      0.62      0.64       125

avg / total       0.77      0.77      0.77       571

01/29/2018 20:47:27 [INFO] exp_shallowmodel: confusion matrix:
01/29/2018 20:47:27 [INFO] exp_shallowmodel: 
[[  5   0   4   5]
 [  2 116  20  26]
 [  2  15 241  10]
 [  0  35  12  78]]
01/29/2018 20:47:27 [INFO] exp_shallowmodel: ******************** dstc2 - Round 47 
01/29/2018 20:47:27 [INFO] exp_shallowmodel: #(data) = 4583
01/29/2018 20:47:27 [INFO] exp_shallowmodel: #(feature) = 7201
01/29/2018 20:47:27 [INFO] exp_shallowmodel: ================================================================================
01/29/2018 20:47:27 [INFO] exp_shallowmodel: LR.pen=l1.C=1.000000
01/29/2018 20:47:27 [INFO] exp_shallowmodel: ________________________________________________________________________________
01/29/2018 20:47:27 [INFO] exp_shallowmodel: Training: 
01/29/2018 20:47:27 [INFO] exp_shallowmodel: LogisticRegression(C=1, class_weight=None, dual=False, fit_intercept=True,
          intercept_scaling=1, max_iter=100, multi_class='ovr', n_jobs=1,
          penalty='l1', random_state=None, solver='liblinear', tol=0.0001,
          verbose=0, warm_start=False)
01/29/2018 20:47:59 [INFO] exp_shallowmodel: train time: 31.782s
01/29/2018 20:47:59 [INFO] exp_shallowmodel: test time:  0.006s
01/29/2018 20:47:59 [INFO] exp_shallowmodel: accuracy:   0.800
01/29/2018 20:47:59 [INFO] exp_shallowmodel: f1_score:   0.725
01/29/2018 20:47:59 [INFO] exp_shallowmodel: classification report:
01/29/2018 20:47:59 [INFO] exp_shallowmodel:              precision    recall  f1-score   support

          A       0.70      0.50      0.58        14
          C       0.73      0.76      0.74       164
          F       0.90      0.91      0.91       268
          R       0.69      0.65      0.67       125

avg / total       0.80      0.80      0.80       571

01/29/2018 20:47:59 [INFO] exp_shallowmodel: confusion matrix:
01/29/2018 20:47:59 [INFO] exp_shallowmodel: 
[[  7   1   6   0]
 [  1 124  12  27]
 [  2  12 245   9]
 [  0  34  10  81]]
01/29/2018 20:48:00 [INFO] exp_shallowmodel: ******************** dstc2 - Round 48 
01/29/2018 20:48:00 [INFO] exp_shallowmodel: #(data) = 4583
01/29/2018 20:48:00 [INFO] exp_shallowmodel: #(feature) = 7201
01/29/2018 20:48:00 [INFO] exp_shallowmodel: ================================================================================
01/29/2018 20:48:00 [INFO] exp_shallowmodel: LR.pen=l1.C=1.000000
01/29/2018 20:48:00 [INFO] exp_shallowmodel: ________________________________________________________________________________
01/29/2018 20:48:00 [INFO] exp_shallowmodel: Training: 
01/29/2018 20:48:00 [INFO] exp_shallowmodel: LogisticRegression(C=1, class_weight=None, dual=False, fit_intercept=True,
          intercept_scaling=1, max_iter=100, multi_class='ovr', n_jobs=1,
          penalty='l1', random_state=None, solver='liblinear', tol=0.0001,
          verbose=0, warm_start=False)
01/29/2018 20:48:31 [INFO] exp_shallowmodel: train time: 31.026s
01/29/2018 20:48:31 [INFO] exp_shallowmodel: test time:  0.006s
01/29/2018 20:48:31 [INFO] exp_shallowmodel: accuracy:   0.783
01/29/2018 20:48:31 [INFO] exp_shallowmodel: f1_score:   0.671
01/29/2018 20:48:31 [INFO] exp_shallowmodel: classification report:
01/29/2018 20:48:31 [INFO] exp_shallowmodel:              precision    recall  f1-score   support

          A       0.45      0.36      0.40        14
          C       0.73      0.76      0.74       164
          F       0.87      0.89      0.88       268
          R       0.68      0.64      0.66       125

avg / total       0.78      0.78      0.78       571

01/29/2018 20:48:31 [INFO] exp_shallowmodel: confusion matrix:
01/29/2018 20:48:31 [INFO] exp_shallowmodel: 
[[  5   3   3   3]
 [  2 124  16  22]
 [  3  14 238  13]
 [  1  28  16  80]]
01/29/2018 20:48:32 [INFO] exp_shallowmodel: ******************** dstc2 - Round 49 
01/29/2018 20:48:32 [INFO] exp_shallowmodel: #(data) = 4568
01/29/2018 20:48:32 [INFO] exp_shallowmodel: #(feature) = 7201
01/29/2018 20:48:32 [INFO] exp_shallowmodel: ================================================================================
01/29/2018 20:48:32 [INFO] exp_shallowmodel: LR.pen=l1.C=1.000000
01/29/2018 20:48:32 [INFO] exp_shallowmodel: ________________________________________________________________________________
01/29/2018 20:48:32 [INFO] exp_shallowmodel: Training: 
01/29/2018 20:48:32 [INFO] exp_shallowmodel: LogisticRegression(C=1, class_weight=None, dual=False, fit_intercept=True,
          intercept_scaling=1, max_iter=100, multi_class='ovr', n_jobs=1,
          penalty='l1', random_state=None, solver='liblinear', tol=0.0001,
          verbose=0, warm_start=False)
01/29/2018 20:49:03 [INFO] exp_shallowmodel: train time: 30.664s
01/29/2018 20:49:03 [INFO] exp_shallowmodel: test time:  0.006s
01/29/2018 20:49:03 [INFO] exp_shallowmodel: accuracy:   0.792
01/29/2018 20:49:03 [INFO] exp_shallowmodel: f1_score:   0.664
01/29/2018 20:49:03 [INFO] exp_shallowmodel: classification report:
01/29/2018 20:49:03 [INFO] exp_shallowmodel:              precision    recall  f1-score   support

          A       0.50      0.25      0.33        16
          C       0.75      0.74      0.75       169
          F       0.88      0.90      0.89       271
          R       0.67      0.70      0.69       130

avg / total       0.79      0.79      0.79       586

01/29/2018 20:49:03 [INFO] exp_shallowmodel: confusion matrix:
01/29/2018 20:49:03 [INFO] exp_shallowmodel: 
[[  4   3   7   2]
 [  1 125  12  31]
 [  1  15 244  11]
 [  2  23  14  91]]
Traceback (most recent call last):
  File "/ihome/pbrusilosky/rum20/packages/anaconda3/lib/python3.6/runpy.py", line 193, in _run_module_as_main
    "__main__", mod_spec)
  File "/ihome/pbrusilosky/rum20/packages/anaconda3/lib/python3.6/runpy.py", line 85, in _run_code
    exec(code, run_globals)
  File "/ihome/pbrusilosky/rum20/y_classify/dialogue/classify/task_runner.py", line 220, in <module>
    worker(q, data_dict, opt)
  File "/ihome/pbrusilosky/rum20/y_classify/dialogue/classify/task_runner.py", line 183, in worker
    result = exp.run_cross_validation_with_continuous_feature_selection(X, Y, retained_feature_indices, retained_feature_names, opt.k_feature_to_keep, opt.k_component_for_pca)
  File "/ihome/pbrusilosky/rum20/y_classify/dialogue/classify/exp_shallowmodel.py", line 1307, in run_cross_validation_with_continuous_feature_selection
    chi2_stats, pvals        = chi2(X_discrete, Y)
  File "/ihome/pbrusilosky/rum20/packages/anaconda3/lib/python3.6/site-packages/sklearn/feature_selection/univariate_selection.py", line 213, in chi2
    X = check_array(X, accept_sparse='csr')
  File "/ihome/pbrusilosky/rum20/packages/anaconda3/lib/python3.6/site-packages/sklearn/utils/validation.py", line 470, in check_array
    context))
ValueError: Found array with 0 feature(s) (shape=(5725, 0)) while a minimum of 1 is required.
srun: error: smp-n14: task 0: Exited with exit code 1
