/ihome/pbrusilosky/rum20/packages/anaconda3/bin/python -m dialogue.classify.task_runner -experiment_mode continuous_feature_selection -selected_feature_set_id 8 -add_similarity_feature -selected_context_id 0 -k_feature_to_keep -1 -k_component_for_pca 8
No. of param settings = 1
[('experiment_mode', 'continuous_feature_selection'), ('deep_model', False), ('selected_context_id', 0), ('selected_feature_set_id', 8), ('similarity_feature', True), ('k_feature_to_keep', -1), ('k_component_for_pca', 8)]
Loading extracted features of dstc2
Loading extracted features of dstc3
Loading extracted features of family
Loading extracted features of ghome
01/29/2018 20:20:41 [INFO] configuration: experiment_mode  :   continuous_feature_selection
01/29/2018 20:20:41 [INFO] configuration: deep_model  :   False
01/29/2018 20:20:41 [INFO] configuration: selected_context_id  :   0
01/29/2018 20:20:41 [INFO] configuration: selected_feature_set_id  :   8
01/29/2018 20:20:41 [INFO] configuration: similarity_feature  :   True
01/29/2018 20:20:41 [INFO] configuration: k_feature_to_keep  :   -1
01/29/2018 20:20:41 [INFO] configuration: k_component_for_pca  :   8
01/29/2018 20:20:41 [INFO] configuration: seed  :   154316847
01/29/2018 20:20:41 [INFO] configuration: root_path  :   /ihome/pbrusilosky/rum20/y_classify
01/29/2018 20:20:41 [INFO] configuration: task_name  :   utterance_type
01/29/2018 20:20:41 [INFO] configuration: timemark  :   20180129-202041
01/29/2018 20:20:41 [INFO] configuration: context_set  :   next
01/29/2018 20:20:41 [INFO] configuration: utterance_names  :   ['last_user_utterance', 'last_system_utterance', 'current_user_utterance', 'next_system_utterance', 'next_user_utterance']
01/29/2018 20:20:41 [INFO] configuration: utterance_range  :   ['current_user_utterance', 'next_system_utterance', 'next_user_utterance']
01/29/2018 20:20:41 [INFO] configuration: feature_set  :   8-skipthought
01/29/2018 20:20:41 [INFO] configuration: feature_set_number  :   ['11']
01/29/2018 20:20:41 [INFO] configuration: experiment_name  :   20180129-202041.continuous_feature_selection.pca_component=8.feature_number=-1.context=next.feature=8-skipthought.similarity=true
01/29/2018 20:20:41 [INFO] configuration: experiment_path  :   /ihome/pbrusilosky/rum20/y_classify/output/20180129-202041.continuous_feature_selection.pca_component=8.feature_number=-1.context=next.feature=8-skipthought.similarity=true
01/29/2018 20:20:41 [INFO] configuration: log_path  :   /ihome/pbrusilosky/rum20/y_classify/output/20180129-202041.continuous_feature_selection.pca_component=8.feature_number=-1.context=next.feature=8-skipthought.similarity=true/output.log
01/29/2018 20:20:41 [INFO] configuration: valid_type  :   {'F', 'A', 'R', 'C'}
01/29/2018 20:20:41 [INFO] configuration: data_name  :   
01/29/2018 20:20:41 [INFO] configuration: data_names  :   ['dstc2', 'dstc3', 'family', 'ghome']
01/29/2018 20:20:41 [INFO] configuration: raw_feature_path  :   /ihome/pbrusilosky/rum20/y_classify/dataset/feature/%s.raw_feature.pkl
01/29/2018 20:20:41 [INFO] configuration: extracted_feature_path  :   /ihome/pbrusilosky/rum20/y_classify/dataset/feature/%s.extracted_feature.pkl
01/29/2018 20:20:41 [INFO] configuration: pipeline_path  :   /ihome/pbrusilosky/rum20/y_classify/dataset/feature/%s.pipeline.pkl
01/29/2018 20:20:41 [INFO] configuration: metrics  :   ['accuracy', 'precision', 'recall', 'f1_score', 'training_time', 'test_time']
01/29/2018 20:20:41 [INFO] configuration: do_cross_validation  :   True
01/29/2018 20:20:41 [INFO] configuration: #division  :   5
01/29/2018 20:20:41 [INFO] configuration: #cross_validation  :   10
01/29/2018 20:20:41 [INFO] configuration: cv_index_cache_path  :   
01/29/2018 20:20:41 [INFO] configuration: action_words  :   {'ani', 'next', 'price', 'part', 'item', 'song', 'volume', 'shuffle', 'expens', 'clear', 'findcare', 'centre', 'video', 'moder', 'help', 'reminds', 'share', 'matter', 'member', 'cheap', 'telephon', 'snooze', 'reminders', 'light', 'delet', 'tell', 'remove', 'number', 'stop', 'weather', 'list', 'area', 'temperature', 'time', 'reminder', 'phone', 'else', 'telephone', 'els', 'items', 'volum', 'findcar', 'remov', 'post', 'any', 'temperatur', 'turn', 'add', 'address', 'north', 'south', 'alarm', 'centr', 'start', 'expensive', 'shuffl', 'discard', 'watch', 'music', 'moderate', 'show', 'remind', 'delete', 'room', 'play', 'timer', 'food', 'snooz', 'cast', 'skip'}
01/29/2018 20:20:41 [INFO] configuration: corenlp_jars  :   ('/Users/memray/Project/stanford/stanford-corenlp-full-3.8.0/*', '/Users/memray/Project/stanford/stanford-corenlp-full-3.8.0/stanford-english-kbp-corenlp-2017-06-09-models.jar')
01/29/2018 20:20:41 [INFO] configuration: lda_topic_number  :   50
01/29/2018 20:20:41 [INFO] configuration: lda_path  :   /ihome/pbrusilosky/rum20/y_classify/dataset/feature/gensim/%s.topic=50.lda.pkl
01/29/2018 20:20:41 [INFO] configuration: gensim_corpus_path  :   /ihome/pbrusilosky/rum20/y_classify/dataset/feature/gensim/%s.corpus.pkl
01/29/2018 20:20:41 [INFO] configuration: gensim_dict_path  :   /ihome/pbrusilosky/rum20/y_classify/dataset/feature/gensim/%s.dict
01/29/2018 20:20:41 [INFO] configuration: w2v_path  :   /home/memray/Data/glove/GoogleNews-vectors-negative300.bin
01/29/2018 20:20:41 [INFO] configuration: w2v_vector_length  :   300
01/29/2018 20:20:41 [INFO] configuration: d2v_vector_length  :   300
01/29/2018 20:20:41 [INFO] configuration: d2v_window_size  :   5
01/29/2018 20:20:41 [INFO] configuration: d2v_min_count  :   2
01/29/2018 20:20:41 [INFO] configuration: d2v_model_path  :   /ihome/pbrusilosky/rum20/y_classify/dataset/feature/gensim/%s.doc2vec.dim=300.window=5.min_count=2.model
01/29/2018 20:20:41 [INFO] configuration: d2v_vector_path  :   /ihome/pbrusilosky/rum20/y_classify/dataset/feature/gensim/%s.doc2vec.dim=300.window=5.min_count=2.vector
01/29/2018 20:20:41 [INFO] configuration: num_word_keep  :   {'dstc2': 300, 'dstc3': 300, 'family': 1000, 'ghome': 1000}
01/29/2018 20:20:41 [INFO] configuration: batch_size  :   128
01/29/2018 20:20:41 [INFO] configuration: max_epoch  :   50
01/29/2018 20:20:41 [INFO] configuration: early_stop_tolerance  :   2
01/29/2018 20:20:41 [INFO] configuration: concat_sents  :   False
01/29/2018 20:20:41 [INFO] configuration: cnn_setting  :   {'model': 'multichannel', 'early_stopping': True, 'word_dim': 300, 'filters': [3, 4, 5], 'filter_num': [100, 100, 100], 'class_size': 4, 'batch_size': 128, 'learning_rate': 0.001, 'norm_limit': 10, 'dropout_prob': 0.0, 'sentence_num': 3}
01/29/2018 20:20:41 [INFO] configuration: skipthought_setting  :   {'skipthought_model_path': '/Users/memray/Data/skip-thought', 'skipthought_data_path': '/ihome/pbrusilosky/rum20/y_classify/dataset/feature/gensim/%s.skip-thought.biskip.vector', 'fixed_emb': True, 'sentence_num': 3, 'hidden_size': 2400, 'class_size': 4, 'learning_rate': 0.0001, 'norm_limit': 3, 'dropout_prob': 0.5}
01/29/2018 20:20:41 [INFO] configuration: lstm_setting  :   {'model': 'non-static', 'hidden_size': 32, 'embedding_size': 300, 'num_layers': 1, 'bidirectional': False, 'learning_rate': 0.001, 'class_size': 4, 'norm_limit': 2, 'clip_grad_norm': 2, 'dropout_prob': 0.1}
01/29/2018 20:23:43 [INFO] exp_shallowmodel: %%%%%%%%%%%%%%%%%%%%%%%%%%%%%%%%%%%%%%%%%%%%%%%%%%
01/29/2018 20:23:43 [INFO] exp_shallowmodel:           dataset=dstc2
01/29/2018 20:23:43 [INFO] exp_shallowmodel:           X_new.shape=(5725, 257)
01/29/2018 20:23:43 [INFO] exp_shallowmodel:           #(discrete_feature)=0
01/29/2018 20:23:43 [INFO] exp_shallowmodel:           #(continuous_feature)=256
01/29/2018 20:23:43 [INFO] exp_shallowmodel:           #(similarity_feature)=1
01/29/2018 20:23:43 [INFO] exp_shallowmodel: %%%%%%%%%%%%%%%%%%%%%%%%%%%%%%%%%%%%%%%%%%%%%%%%%%
01/29/2018 20:23:43 [INFO] exp_shallowmodel: ******************** dstc2 - Round 0 
01/29/2018 20:23:43 [INFO] exp_shallowmodel: #(data) = 4583
01/29/2018 20:23:43 [INFO] exp_shallowmodel: #(feature) = 257
01/29/2018 20:23:43 [INFO] exp_shallowmodel: ================================================================================
01/29/2018 20:23:43 [INFO] exp_shallowmodel: LR.pen=l1.C=1.000000
01/29/2018 20:23:43 [INFO] exp_shallowmodel: ________________________________________________________________________________
01/29/2018 20:23:43 [INFO] exp_shallowmodel: Training: 
01/29/2018 20:23:43 [INFO] exp_shallowmodel: LogisticRegression(C=1, class_weight=None, dual=False, fit_intercept=True,
          intercept_scaling=1, max_iter=100, multi_class='ovr', n_jobs=1,
          penalty='l1', random_state=None, solver='liblinear', tol=0.0001,
          verbose=0, warm_start=False)
01/29/2018 20:23:45 [INFO] exp_shallowmodel: train time: 1.921s
01/29/2018 20:23:45 [INFO] exp_shallowmodel: test time:  0.000s
01/29/2018 20:23:45 [INFO] exp_shallowmodel: accuracy:   0.828
01/29/2018 20:23:45 [INFO] exp_shallowmodel: f1_score:   0.728
01/29/2018 20:23:45 [INFO] exp_shallowmodel: classification report:
01/29/2018 20:23:45 [INFO] exp_shallowmodel:              precision    recall  f1-score   support

          A       0.60      0.43      0.50        14
          C       0.77      0.82      0.79       164
          F       0.90      0.94      0.92       268
          R       0.76      0.65      0.70       125

avg / total       0.82      0.83      0.82       571

01/29/2018 20:23:45 [INFO] exp_shallowmodel: confusion matrix:
01/29/2018 20:23:45 [INFO] exp_shallowmodel: 
[[  6   2   4   2]
 [  1 134  10  19]
 [  2   9 252   5]
 [  1  30  13  81]]
01/29/2018 20:23:45 [INFO] exp_shallowmodel: ******************** dstc2 - Round 1 
01/29/2018 20:23:45 [INFO] exp_shallowmodel: #(data) = 4583
01/29/2018 20:23:45 [INFO] exp_shallowmodel: #(feature) = 257
01/29/2018 20:23:45 [INFO] exp_shallowmodel: ================================================================================
01/29/2018 20:23:45 [INFO] exp_shallowmodel: LR.pen=l1.C=1.000000
01/29/2018 20:23:45 [INFO] exp_shallowmodel: ________________________________________________________________________________
01/29/2018 20:23:45 [INFO] exp_shallowmodel: Training: 
01/29/2018 20:23:45 [INFO] exp_shallowmodel: LogisticRegression(C=1, class_weight=None, dual=False, fit_intercept=True,
          intercept_scaling=1, max_iter=100, multi_class='ovr', n_jobs=1,
          penalty='l1', random_state=None, solver='liblinear', tol=0.0001,
          verbose=0, warm_start=False)
01/29/2018 20:23:47 [INFO] exp_shallowmodel: train time: 2.057s
01/29/2018 20:23:47 [INFO] exp_shallowmodel: test time:  0.000s
01/29/2018 20:23:47 [INFO] exp_shallowmodel: accuracy:   0.800
01/29/2018 20:23:47 [INFO] exp_shallowmodel: f1_score:   0.651
01/29/2018 20:23:47 [INFO] exp_shallowmodel: classification report:
01/29/2018 20:23:47 [INFO] exp_shallowmodel:              precision    recall  f1-score   support

          A       0.33      0.21      0.26        14
          C       0.75      0.76      0.76       164
          F       0.89      0.91      0.90       268
          R       0.69      0.67      0.68       125

avg / total       0.79      0.80      0.80       571

01/29/2018 20:23:47 [INFO] exp_shallowmodel: confusion matrix:
01/29/2018 20:23:47 [INFO] exp_shallowmodel: 
[[  3   2   6   3]
 [  2 125  13  24]
 [  2  11 245  10]
 [  2  29  10  84]]
01/29/2018 20:23:47 [INFO] exp_shallowmodel: ******************** dstc2 - Round 2 
01/29/2018 20:23:47 [INFO] exp_shallowmodel: #(data) = 4583
01/29/2018 20:23:47 [INFO] exp_shallowmodel: #(feature) = 257
01/29/2018 20:23:47 [INFO] exp_shallowmodel: ================================================================================
01/29/2018 20:23:47 [INFO] exp_shallowmodel: LR.pen=l1.C=1.000000
01/29/2018 20:23:47 [INFO] exp_shallowmodel: ________________________________________________________________________________
01/29/2018 20:23:47 [INFO] exp_shallowmodel: Training: 
01/29/2018 20:23:47 [INFO] exp_shallowmodel: LogisticRegression(C=1, class_weight=None, dual=False, fit_intercept=True,
          intercept_scaling=1, max_iter=100, multi_class='ovr', n_jobs=1,
          penalty='l1', random_state=None, solver='liblinear', tol=0.0001,
          verbose=0, warm_start=False)
01/29/2018 20:23:49 [INFO] exp_shallowmodel: train time: 1.893s
01/29/2018 20:23:49 [INFO] exp_shallowmodel: test time:  0.000s
01/29/2018 20:23:49 [INFO] exp_shallowmodel: accuracy:   0.809
01/29/2018 20:23:49 [INFO] exp_shallowmodel: f1_score:   0.712
01/29/2018 20:23:49 [INFO] exp_shallowmodel: classification report:
01/29/2018 20:23:49 [INFO] exp_shallowmodel:              precision    recall  f1-score   support

          A       0.83      0.36      0.50        14
          C       0.75      0.77      0.76       164
          F       0.90      0.92      0.91       268
          R       0.69      0.67      0.68       125

avg / total       0.81      0.81      0.81       571

01/29/2018 20:23:49 [INFO] exp_shallowmodel: confusion matrix:
01/29/2018 20:23:49 [INFO] exp_shallowmodel: 
[[  5   2   4   3]
 [  1 126  12  25]
 [  0  11 247  10]
 [  0  30  11  84]]
01/29/2018 20:23:49 [INFO] exp_shallowmodel: ******************** dstc2 - Round 3 
01/29/2018 20:23:49 [INFO] exp_shallowmodel: #(data) = 4583
01/29/2018 20:23:49 [INFO] exp_shallowmodel: #(feature) = 257
01/29/2018 20:23:49 [INFO] exp_shallowmodel: ================================================================================
01/29/2018 20:23:49 [INFO] exp_shallowmodel: LR.pen=l1.C=1.000000
01/29/2018 20:23:49 [INFO] exp_shallowmodel: ________________________________________________________________________________
01/29/2018 20:23:49 [INFO] exp_shallowmodel: Training: 
01/29/2018 20:23:49 [INFO] exp_shallowmodel: LogisticRegression(C=1, class_weight=None, dual=False, fit_intercept=True,
          intercept_scaling=1, max_iter=100, multi_class='ovr', n_jobs=1,
          penalty='l1', random_state=None, solver='liblinear', tol=0.0001,
          verbose=0, warm_start=False)
01/29/2018 20:23:51 [INFO] exp_shallowmodel: train time: 2.008s
01/29/2018 20:23:51 [INFO] exp_shallowmodel: test time:  0.000s
01/29/2018 20:23:51 [INFO] exp_shallowmodel: accuracy:   0.797
01/29/2018 20:23:51 [INFO] exp_shallowmodel: f1_score:   0.649
01/29/2018 20:23:51 [INFO] exp_shallowmodel: classification report:
01/29/2018 20:23:51 [INFO] exp_shallowmodel:              precision    recall  f1-score   support

          A       0.43      0.21      0.29        14
          C       0.75      0.80      0.78       164
          F       0.88      0.91      0.90       268
          R       0.68      0.60      0.64       125

avg / total       0.79      0.80      0.79       571

01/29/2018 20:23:51 [INFO] exp_shallowmodel: confusion matrix:
01/29/2018 20:23:51 [INFO] exp_shallowmodel: 
[[  3   3   6   2]
 [  1 132   8  23]
 [  1  11 245  11]
 [  2  29  19  75]]
01/29/2018 20:23:51 [INFO] exp_shallowmodel: ******************** dstc2 - Round 4 
01/29/2018 20:23:51 [INFO] exp_shallowmodel: #(data) = 4583
01/29/2018 20:23:51 [INFO] exp_shallowmodel: #(feature) = 257
01/29/2018 20:23:51 [INFO] exp_shallowmodel: ================================================================================
01/29/2018 20:23:51 [INFO] exp_shallowmodel: LR.pen=l1.C=1.000000
01/29/2018 20:23:51 [INFO] exp_shallowmodel: ________________________________________________________________________________
01/29/2018 20:23:51 [INFO] exp_shallowmodel: Training: 
01/29/2018 20:23:51 [INFO] exp_shallowmodel: LogisticRegression(C=1, class_weight=None, dual=False, fit_intercept=True,
          intercept_scaling=1, max_iter=100, multi_class='ovr', n_jobs=1,
          penalty='l1', random_state=None, solver='liblinear', tol=0.0001,
          verbose=0, warm_start=False)
01/29/2018 20:23:53 [INFO] exp_shallowmodel: train time: 2.144s
01/29/2018 20:23:53 [INFO] exp_shallowmodel: test time:  0.000s
01/29/2018 20:23:53 [INFO] exp_shallowmodel: accuracy:   0.785
01/29/2018 20:23:53 [INFO] exp_shallowmodel: f1_score:   0.604
01/29/2018 20:23:53 [INFO] exp_shallowmodel: classification report:
01/29/2018 20:23:53 [INFO] exp_shallowmodel:              precision    recall  f1-score   support

          A       0.17      0.07      0.10        14
          C       0.76      0.81      0.79       164
          F       0.84      0.88      0.86       268
          R       0.72      0.63      0.67       125

avg / total       0.77      0.78      0.78       571

01/29/2018 20:23:53 [INFO] exp_shallowmodel: confusion matrix:
01/29/2018 20:23:53 [INFO] exp_shallowmodel: 
[[  1   2   8   3]
 [  1 133  17  13]
 [  2  16 235  15]
 [  2  23  21  79]]
01/29/2018 20:23:53 [INFO] exp_shallowmodel: ******************** dstc2 - Round 5 
01/29/2018 20:23:53 [INFO] exp_shallowmodel: #(data) = 4583
01/29/2018 20:23:53 [INFO] exp_shallowmodel: #(feature) = 257
01/29/2018 20:23:53 [INFO] exp_shallowmodel: ================================================================================
01/29/2018 20:23:53 [INFO] exp_shallowmodel: LR.pen=l1.C=1.000000
01/29/2018 20:23:53 [INFO] exp_shallowmodel: ________________________________________________________________________________
01/29/2018 20:23:53 [INFO] exp_shallowmodel: Training: 
01/29/2018 20:23:53 [INFO] exp_shallowmodel: LogisticRegression(C=1, class_weight=None, dual=False, fit_intercept=True,
          intercept_scaling=1, max_iter=100, multi_class='ovr', n_jobs=1,
          penalty='l1', random_state=None, solver='liblinear', tol=0.0001,
          verbose=0, warm_start=False)
01/29/2018 20:23:55 [INFO] exp_shallowmodel: train time: 2.223s
01/29/2018 20:23:55 [INFO] exp_shallowmodel: test time:  0.000s
01/29/2018 20:23:55 [INFO] exp_shallowmodel: accuracy:   0.811
01/29/2018 20:23:55 [INFO] exp_shallowmodel: f1_score:   0.649
01/29/2018 20:23:55 [INFO] exp_shallowmodel: classification report:
01/29/2018 20:23:55 [INFO] exp_shallowmodel:              precision    recall  f1-score   support

          A       0.50      0.14      0.22        14
          C       0.76      0.78      0.77       164
          F       0.88      0.93      0.90       268
          R       0.72      0.68      0.70       125

avg / total       0.80      0.81      0.80       571

01/29/2018 20:23:55 [INFO] exp_shallowmodel: confusion matrix:
01/29/2018 20:23:55 [INFO] exp_shallowmodel: 
[[  2   3   7   2]
 [  1 128  14  21]
 [  0  10 248  10]
 [  1  27  12  85]]
01/29/2018 20:23:55 [INFO] exp_shallowmodel: ******************** dstc2 - Round 6 
01/29/2018 20:23:55 [INFO] exp_shallowmodel: #(data) = 4583
01/29/2018 20:23:55 [INFO] exp_shallowmodel: #(feature) = 257
01/29/2018 20:23:55 [INFO] exp_shallowmodel: ================================================================================
01/29/2018 20:23:55 [INFO] exp_shallowmodel: LR.pen=l1.C=1.000000
01/29/2018 20:23:55 [INFO] exp_shallowmodel: ________________________________________________________________________________
01/29/2018 20:23:55 [INFO] exp_shallowmodel: Training: 
01/29/2018 20:23:55 [INFO] exp_shallowmodel: LogisticRegression(C=1, class_weight=None, dual=False, fit_intercept=True,
          intercept_scaling=1, max_iter=100, multi_class='ovr', n_jobs=1,
          penalty='l1', random_state=None, solver='liblinear', tol=0.0001,
          verbose=0, warm_start=False)
01/29/2018 20:23:58 [INFO] exp_shallowmodel: train time: 2.118s
01/29/2018 20:23:58 [INFO] exp_shallowmodel: test time:  0.000s
01/29/2018 20:23:58 [INFO] exp_shallowmodel: accuracy:   0.800
01/29/2018 20:23:58 [INFO] exp_shallowmodel: f1_score:   0.647
01/29/2018 20:23:58 [INFO] exp_shallowmodel: classification report:
01/29/2018 20:23:58 [INFO] exp_shallowmodel:              precision    recall  f1-score   support

          A       0.30      0.21      0.25        14
          C       0.79      0.80      0.80       164
          F       0.87      0.91      0.89       268
          R       0.68      0.62      0.65       125

avg / total       0.79      0.80      0.80       571

01/29/2018 20:23:58 [INFO] exp_shallowmodel: confusion matrix:
01/29/2018 20:23:58 [INFO] exp_shallowmodel: 
[[  3   0   9   2]
 [  2 132   9  21]
 [  1   9 244  14]
 [  4  26  17  78]]
01/29/2018 20:23:58 [INFO] exp_shallowmodel: ******************** dstc2 - Round 7 
01/29/2018 20:23:58 [INFO] exp_shallowmodel: #(data) = 4583
01/29/2018 20:23:58 [INFO] exp_shallowmodel: #(feature) = 257
01/29/2018 20:23:58 [INFO] exp_shallowmodel: ================================================================================
01/29/2018 20:23:58 [INFO] exp_shallowmodel: LR.pen=l1.C=1.000000
01/29/2018 20:23:58 [INFO] exp_shallowmodel: ________________________________________________________________________________
01/29/2018 20:23:58 [INFO] exp_shallowmodel: Training: 
01/29/2018 20:23:58 [INFO] exp_shallowmodel: LogisticRegression(C=1, class_weight=None, dual=False, fit_intercept=True,
          intercept_scaling=1, max_iter=100, multi_class='ovr', n_jobs=1,
          penalty='l1', random_state=None, solver='liblinear', tol=0.0001,
          verbose=0, warm_start=False)
01/29/2018 20:24:00 [INFO] exp_shallowmodel: train time: 2.008s
01/29/2018 20:24:00 [INFO] exp_shallowmodel: test time:  0.000s
01/29/2018 20:24:00 [INFO] exp_shallowmodel: accuracy:   0.776
01/29/2018 20:24:00 [INFO] exp_shallowmodel: f1_score:   0.613
01/29/2018 20:24:00 [INFO] exp_shallowmodel: classification report:
01/29/2018 20:24:00 [INFO] exp_shallowmodel:              precision    recall  f1-score   support

          A       0.33      0.14      0.20        14
          C       0.74      0.73      0.74       164
          F       0.87      0.91      0.89       268
          R       0.63      0.62      0.63       125

avg / total       0.77      0.78      0.77       571

01/29/2018 20:24:00 [INFO] exp_shallowmodel: confusion matrix:
01/29/2018 20:24:00 [INFO] exp_shallowmodel: 
[[  2   3   4   5]
 [  1 120  14  29]
 [  2  11 243  12]
 [  1  28  18  78]]
01/29/2018 20:24:00 [INFO] exp_shallowmodel: ******************** dstc2 - Round 8 
01/29/2018 20:24:00 [INFO] exp_shallowmodel: #(data) = 4583
01/29/2018 20:24:00 [INFO] exp_shallowmodel: #(feature) = 257
01/29/2018 20:24:00 [INFO] exp_shallowmodel: ================================================================================
01/29/2018 20:24:00 [INFO] exp_shallowmodel: LR.pen=l1.C=1.000000
01/29/2018 20:24:00 [INFO] exp_shallowmodel: ________________________________________________________________________________
01/29/2018 20:24:00 [INFO] exp_shallowmodel: Training: 
01/29/2018 20:24:00 [INFO] exp_shallowmodel: LogisticRegression(C=1, class_weight=None, dual=False, fit_intercept=True,
          intercept_scaling=1, max_iter=100, multi_class='ovr', n_jobs=1,
          penalty='l1', random_state=None, solver='liblinear', tol=0.0001,
          verbose=0, warm_start=False)
01/29/2018 20:24:02 [INFO] exp_shallowmodel: train time: 2.130s
01/29/2018 20:24:02 [INFO] exp_shallowmodel: test time:  0.000s
01/29/2018 20:24:02 [INFO] exp_shallowmodel: accuracy:   0.818
01/29/2018 20:24:02 [INFO] exp_shallowmodel: f1_score:   0.677
01/29/2018 20:24:02 [INFO] exp_shallowmodel: classification report:
01/29/2018 20:24:02 [INFO] exp_shallowmodel:              precision    recall  f1-score   support

          A       0.60      0.21      0.32        14
          C       0.77      0.74      0.76       164
          F       0.90      0.94      0.92       268
          R       0.71      0.73      0.72       125

avg / total       0.81      0.82      0.81       571

01/29/2018 20:24:02 [INFO] exp_shallowmodel: confusion matrix:
01/29/2018 20:24:02 [INFO] exp_shallowmodel: 
[[  3   2   7   2]
 [  1 122  10  31]
 [  1  11 251   5]
 [  0  24  10  91]]
01/29/2018 20:24:02 [INFO] exp_shallowmodel: ******************** dstc2 - Round 9 
01/29/2018 20:24:02 [INFO] exp_shallowmodel: #(data) = 4568
01/29/2018 20:24:02 [INFO] exp_shallowmodel: #(feature) = 257
01/29/2018 20:24:02 [INFO] exp_shallowmodel: ================================================================================
01/29/2018 20:24:02 [INFO] exp_shallowmodel: LR.pen=l1.C=1.000000
01/29/2018 20:24:02 [INFO] exp_shallowmodel: ________________________________________________________________________________
01/29/2018 20:24:02 [INFO] exp_shallowmodel: Training: 
01/29/2018 20:24:02 [INFO] exp_shallowmodel: LogisticRegression(C=1, class_weight=None, dual=False, fit_intercept=True,
          intercept_scaling=1, max_iter=100, multi_class='ovr', n_jobs=1,
          penalty='l1', random_state=None, solver='liblinear', tol=0.0001,
          verbose=0, warm_start=False)
01/29/2018 20:24:04 [INFO] exp_shallowmodel: train time: 1.931s
01/29/2018 20:24:04 [INFO] exp_shallowmodel: test time:  0.000s
01/29/2018 20:24:04 [INFO] exp_shallowmodel: accuracy:   0.783
01/29/2018 20:24:04 [INFO] exp_shallowmodel: f1_score:   0.649
01/29/2018 20:24:04 [INFO] exp_shallowmodel: classification report:
01/29/2018 20:24:04 [INFO] exp_shallowmodel:              precision    recall  f1-score   support

          A       0.50      0.25      0.33        16
          C       0.73      0.76      0.75       169
          F       0.89      0.92      0.90       271
          R       0.64      0.59      0.62       130

avg / total       0.78      0.78      0.78       586

01/29/2018 20:24:04 [INFO] exp_shallowmodel: confusion matrix:
01/29/2018 20:24:04 [INFO] exp_shallowmodel: 
[[  4   2   5   5]
 [  0 129  10  30]
 [  3  11 249   8]
 [  1  35  17  77]]
01/29/2018 20:24:04 [INFO] exp_shallowmodel: ******************** dstc2 - Round 10 
01/29/2018 20:24:04 [INFO] exp_shallowmodel: #(data) = 4583
01/29/2018 20:24:04 [INFO] exp_shallowmodel: #(feature) = 257
01/29/2018 20:24:04 [INFO] exp_shallowmodel: ================================================================================
01/29/2018 20:24:04 [INFO] exp_shallowmodel: LR.pen=l1.C=1.000000
01/29/2018 20:24:04 [INFO] exp_shallowmodel: ________________________________________________________________________________
01/29/2018 20:24:04 [INFO] exp_shallowmodel: Training: 
01/29/2018 20:24:04 [INFO] exp_shallowmodel: LogisticRegression(C=1, class_weight=None, dual=False, fit_intercept=True,
          intercept_scaling=1, max_iter=100, multi_class='ovr', n_jobs=1,
          penalty='l1', random_state=None, solver='liblinear', tol=0.0001,
          verbose=0, warm_start=False)
01/29/2018 20:24:06 [INFO] exp_shallowmodel: train time: 1.878s
01/29/2018 20:24:06 [INFO] exp_shallowmodel: test time:  0.000s
01/29/2018 20:24:06 [INFO] exp_shallowmodel: accuracy:   0.816
01/29/2018 20:24:06 [INFO] exp_shallowmodel: f1_score:   0.623
01/29/2018 20:24:06 [INFO] exp_shallowmodel: classification report:
01/29/2018 20:24:06 [INFO] exp_shallowmodel:              precision    recall  f1-score   support

          A       0.17      0.07      0.10        14
          C       0.76      0.79      0.77       164
          F       0.90      0.94      0.92       268
          R       0.73      0.67      0.70       125

avg / total       0.80      0.82      0.81       571

01/29/2018 20:24:06 [INFO] exp_shallowmodel: confusion matrix:
01/29/2018 20:24:06 [INFO] exp_shallowmodel: 
[[  1   4   7   2]
 [  0 129  10  25]
 [  1  11 252   4]
 [  4  26  11  84]]
01/29/2018 20:24:06 [INFO] exp_shallowmodel: ******************** dstc2 - Round 11 
01/29/2018 20:24:06 [INFO] exp_shallowmodel: #(data) = 4583
01/29/2018 20:24:06 [INFO] exp_shallowmodel: #(feature) = 257
01/29/2018 20:24:06 [INFO] exp_shallowmodel: ================================================================================
01/29/2018 20:24:06 [INFO] exp_shallowmodel: LR.pen=l1.C=1.000000
01/29/2018 20:24:06 [INFO] exp_shallowmodel: ________________________________________________________________________________
01/29/2018 20:24:06 [INFO] exp_shallowmodel: Training: 
01/29/2018 20:24:06 [INFO] exp_shallowmodel: LogisticRegression(C=1, class_weight=None, dual=False, fit_intercept=True,
          intercept_scaling=1, max_iter=100, multi_class='ovr', n_jobs=1,
          penalty='l1', random_state=None, solver='liblinear', tol=0.0001,
          verbose=0, warm_start=False)
01/29/2018 20:24:08 [INFO] exp_shallowmodel: train time: 1.923s
01/29/2018 20:24:08 [INFO] exp_shallowmodel: test time:  0.000s
01/29/2018 20:24:08 [INFO] exp_shallowmodel: accuracy:   0.813
01/29/2018 20:24:08 [INFO] exp_shallowmodel: f1_score:   0.695
01/29/2018 20:24:08 [INFO] exp_shallowmodel: classification report:
01/29/2018 20:24:08 [INFO] exp_shallowmodel:              precision    recall  f1-score   support

          A       0.50      0.36      0.42        14
          C       0.78      0.76      0.77       164
          F       0.88      0.94      0.91       268
          R       0.71      0.66      0.68       125

avg / total       0.81      0.81      0.81       571

01/29/2018 20:24:08 [INFO] exp_shallowmodel: confusion matrix:
01/29/2018 20:24:08 [INFO] exp_shallowmodel: 
[[  5   1   5   3]
 [  3 125  14  22]
 [  2   6 252   8]
 [  0  28  15  82]]
01/29/2018 20:24:08 [INFO] exp_shallowmodel: ******************** dstc2 - Round 12 
01/29/2018 20:24:08 [INFO] exp_shallowmodel: #(data) = 4583
01/29/2018 20:24:08 [INFO] exp_shallowmodel: #(feature) = 257
01/29/2018 20:24:08 [INFO] exp_shallowmodel: ================================================================================
01/29/2018 20:24:08 [INFO] exp_shallowmodel: LR.pen=l1.C=1.000000
01/29/2018 20:24:08 [INFO] exp_shallowmodel: ________________________________________________________________________________
01/29/2018 20:24:08 [INFO] exp_shallowmodel: Training: 
01/29/2018 20:24:08 [INFO] exp_shallowmodel: LogisticRegression(C=1, class_weight=None, dual=False, fit_intercept=True,
          intercept_scaling=1, max_iter=100, multi_class='ovr', n_jobs=1,
          penalty='l1', random_state=None, solver='liblinear', tol=0.0001,
          verbose=0, warm_start=False)
01/29/2018 20:24:10 [INFO] exp_shallowmodel: train time: 2.072s
01/29/2018 20:24:10 [INFO] exp_shallowmodel: test time:  0.000s
01/29/2018 20:24:10 [INFO] exp_shallowmodel: accuracy:   0.804
01/29/2018 20:24:10 [INFO] exp_shallowmodel: f1_score:   0.716
01/29/2018 20:24:10 [INFO] exp_shallowmodel: classification report:
01/29/2018 20:24:10 [INFO] exp_shallowmodel:              precision    recall  f1-score   support

          A       1.00      0.36      0.53        14
          C       0.75      0.79      0.77       164
          F       0.88      0.91      0.89       268
          R       0.69      0.66      0.67       125

avg / total       0.81      0.80      0.80       571

01/29/2018 20:24:10 [INFO] exp_shallowmodel: confusion matrix:
01/29/2018 20:24:10 [INFO] exp_shallowmodel: 
[[  5   1   5   3]
 [  0 129  14  21]
 [  0  13 243  12]
 [  0  28  15  82]]
01/29/2018 20:24:10 [INFO] exp_shallowmodel: ******************** dstc2 - Round 13 
01/29/2018 20:24:10 [INFO] exp_shallowmodel: #(data) = 4583
01/29/2018 20:24:10 [INFO] exp_shallowmodel: #(feature) = 257
01/29/2018 20:24:10 [INFO] exp_shallowmodel: ================================================================================
01/29/2018 20:24:10 [INFO] exp_shallowmodel: LR.pen=l1.C=1.000000
01/29/2018 20:24:10 [INFO] exp_shallowmodel: ________________________________________________________________________________
01/29/2018 20:24:10 [INFO] exp_shallowmodel: Training: 
01/29/2018 20:24:10 [INFO] exp_shallowmodel: LogisticRegression(C=1, class_weight=None, dual=False, fit_intercept=True,
          intercept_scaling=1, max_iter=100, multi_class='ovr', n_jobs=1,
          penalty='l1', random_state=None, solver='liblinear', tol=0.0001,
          verbose=0, warm_start=False)
01/29/2018 20:24:12 [INFO] exp_shallowmodel: train time: 2.187s
01/29/2018 20:24:12 [INFO] exp_shallowmodel: test time:  0.000s
01/29/2018 20:24:12 [INFO] exp_shallowmodel: accuracy:   0.809
01/29/2018 20:24:12 [INFO] exp_shallowmodel: f1_score:   0.670
01/29/2018 20:24:12 [INFO] exp_shallowmodel: classification report:
01/29/2018 20:24:12 [INFO] exp_shallowmodel:              precision    recall  f1-score   support

          A       0.75      0.21      0.33        14
          C       0.76      0.80      0.78       164
          F       0.91      0.93      0.92       268
          R       0.66      0.64      0.65       125

avg / total       0.81      0.81      0.80       571

01/29/2018 20:24:12 [INFO] exp_shallowmodel: confusion matrix:
01/29/2018 20:24:12 [INFO] exp_shallowmodel: 
[[  3   2   5   4]
 [  0 131   8  25]
 [  0   8 248  12]
 [  1  31  13  80]]
01/29/2018 20:24:12 [INFO] exp_shallowmodel: ******************** dstc2 - Round 14 
01/29/2018 20:24:12 [INFO] exp_shallowmodel: #(data) = 4583
01/29/2018 20:24:12 [INFO] exp_shallowmodel: #(feature) = 257
01/29/2018 20:24:12 [INFO] exp_shallowmodel: ================================================================================
01/29/2018 20:24:12 [INFO] exp_shallowmodel: LR.pen=l1.C=1.000000
01/29/2018 20:24:12 [INFO] exp_shallowmodel: ________________________________________________________________________________
01/29/2018 20:24:12 [INFO] exp_shallowmodel: Training: 
01/29/2018 20:24:12 [INFO] exp_shallowmodel: LogisticRegression(C=1, class_weight=None, dual=False, fit_intercept=True,
          intercept_scaling=1, max_iter=100, multi_class='ovr', n_jobs=1,
          penalty='l1', random_state=None, solver='liblinear', tol=0.0001,
          verbose=0, warm_start=False)
01/29/2018 20:24:14 [INFO] exp_shallowmodel: train time: 1.983s
01/29/2018 20:24:14 [INFO] exp_shallowmodel: test time:  0.000s
01/29/2018 20:24:14 [INFO] exp_shallowmodel: accuracy:   0.827
01/29/2018 20:24:14 [INFO] exp_shallowmodel: f1_score:   0.733
01/29/2018 20:24:14 [INFO] exp_shallowmodel: classification report:
01/29/2018 20:24:14 [INFO] exp_shallowmodel:              precision    recall  f1-score   support

          A       0.67      0.43      0.52        14
          C       0.79      0.79      0.79       164
          F       0.89      0.94      0.91       268
          R       0.73      0.68      0.71       125

avg / total       0.82      0.83      0.82       571

01/29/2018 20:24:14 [INFO] exp_shallowmodel: confusion matrix:
01/29/2018 20:24:14 [INFO] exp_shallowmodel: 
[[  6   2   5   1]
 [  1 130  11  22]
 [  0   9 251   8]
 [  2  24  14  85]]
01/29/2018 20:24:14 [INFO] exp_shallowmodel: ******************** dstc2 - Round 15 
01/29/2018 20:24:14 [INFO] exp_shallowmodel: #(data) = 4583
01/29/2018 20:24:14 [INFO] exp_shallowmodel: #(feature) = 257
01/29/2018 20:24:14 [INFO] exp_shallowmodel: ================================================================================
01/29/2018 20:24:14 [INFO] exp_shallowmodel: LR.pen=l1.C=1.000000
01/29/2018 20:24:14 [INFO] exp_shallowmodel: ________________________________________________________________________________
01/29/2018 20:24:14 [INFO] exp_shallowmodel: Training: 
01/29/2018 20:24:14 [INFO] exp_shallowmodel: LogisticRegression(C=1, class_weight=None, dual=False, fit_intercept=True,
          intercept_scaling=1, max_iter=100, multi_class='ovr', n_jobs=1,
          penalty='l1', random_state=None, solver='liblinear', tol=0.0001,
          verbose=0, warm_start=False)
01/29/2018 20:24:16 [INFO] exp_shallowmodel: train time: 2.187s
01/29/2018 20:24:16 [INFO] exp_shallowmodel: test time:  0.000s
01/29/2018 20:24:16 [INFO] exp_shallowmodel: accuracy:   0.786
01/29/2018 20:24:16 [INFO] exp_shallowmodel: f1_score:   0.662
01/29/2018 20:24:16 [INFO] exp_shallowmodel: classification report:
01/29/2018 20:24:16 [INFO] exp_shallowmodel:              precision    recall  f1-score   support

          A       0.57      0.29      0.38        14
          C       0.75      0.74      0.74       164
          F       0.86      0.93      0.90       268
          R       0.65      0.60      0.63       125

avg / total       0.78      0.79      0.78       571

01/29/2018 20:24:16 [INFO] exp_shallowmodel: confusion matrix:
01/29/2018 20:24:16 [INFO] exp_shallowmodel: 
[[  4   0   6   4]
 [  0 121  14  29]
 [  0  12 249   7]
 [  3  28  19  75]]
01/29/2018 20:24:16 [INFO] exp_shallowmodel: ******************** dstc2 - Round 16 
01/29/2018 20:24:16 [INFO] exp_shallowmodel: #(data) = 4583
01/29/2018 20:24:16 [INFO] exp_shallowmodel: #(feature) = 257
01/29/2018 20:24:16 [INFO] exp_shallowmodel: ================================================================================
01/29/2018 20:24:16 [INFO] exp_shallowmodel: LR.pen=l1.C=1.000000
01/29/2018 20:24:16 [INFO] exp_shallowmodel: ________________________________________________________________________________
01/29/2018 20:24:16 [INFO] exp_shallowmodel: Training: 
01/29/2018 20:24:16 [INFO] exp_shallowmodel: LogisticRegression(C=1, class_weight=None, dual=False, fit_intercept=True,
          intercept_scaling=1, max_iter=100, multi_class='ovr', n_jobs=1,
          penalty='l1', random_state=None, solver='liblinear', tol=0.0001,
          verbose=0, warm_start=False)
01/29/2018 20:24:18 [INFO] exp_shallowmodel: train time: 2.122s
01/29/2018 20:24:18 [INFO] exp_shallowmodel: test time:  0.000s
01/29/2018 20:24:18 [INFO] exp_shallowmodel: accuracy:   0.807
01/29/2018 20:24:18 [INFO] exp_shallowmodel: f1_score:   0.661
01/29/2018 20:24:18 [INFO] exp_shallowmodel: classification report:
01/29/2018 20:24:18 [INFO] exp_shallowmodel:              precision    recall  f1-score   support

          A       0.43      0.21      0.29        14
          C       0.76      0.81      0.78       164
          F       0.88      0.91      0.90       268
          R       0.72      0.64      0.68       125

avg / total       0.80      0.81      0.80       571

01/29/2018 20:24:18 [INFO] exp_shallowmodel: confusion matrix:
01/29/2018 20:24:18 [INFO] exp_shallowmodel: 
[[  3   3   7   1]
 [  1 133  10  20]
 [  1  12 245  10]
 [  2  28  15  80]]
01/29/2018 20:24:18 [INFO] exp_shallowmodel: ******************** dstc2 - Round 17 
01/29/2018 20:24:18 [INFO] exp_shallowmodel: #(data) = 4583
01/29/2018 20:24:18 [INFO] exp_shallowmodel: #(feature) = 257
01/29/2018 20:24:18 [INFO] exp_shallowmodel: ================================================================================
01/29/2018 20:24:18 [INFO] exp_shallowmodel: LR.pen=l1.C=1.000000
01/29/2018 20:24:18 [INFO] exp_shallowmodel: ________________________________________________________________________________
01/29/2018 20:24:18 [INFO] exp_shallowmodel: Training: 
01/29/2018 20:24:18 [INFO] exp_shallowmodel: LogisticRegression(C=1, class_weight=None, dual=False, fit_intercept=True,
          intercept_scaling=1, max_iter=100, multi_class='ovr', n_jobs=1,
          penalty='l1', random_state=None, solver='liblinear', tol=0.0001,
          verbose=0, warm_start=False)
01/29/2018 20:24:20 [INFO] exp_shallowmodel: train time: 2.094s
01/29/2018 20:24:20 [INFO] exp_shallowmodel: test time:  0.000s
01/29/2018 20:24:20 [INFO] exp_shallowmodel: accuracy:   0.795
01/29/2018 20:24:20 [INFO] exp_shallowmodel: f1_score:   0.690
01/29/2018 20:24:20 [INFO] exp_shallowmodel: classification report:
01/29/2018 20:24:20 [INFO] exp_shallowmodel:              precision    recall  f1-score   support

          A       0.56      0.36      0.43        14
          C       0.73      0.75      0.74       164
          F       0.88      0.90      0.89       268
          R       0.71      0.68      0.69       125

avg / total       0.79      0.80      0.79       571

01/29/2018 20:24:20 [INFO] exp_shallowmodel: confusion matrix:
01/29/2018 20:24:20 [INFO] exp_shallowmodel: 
[[  5   2   5   2]
 [  1 123  19  21]
 [  1  14 241  12]
 [  2  29   9  85]]
01/29/2018 20:24:20 [INFO] exp_shallowmodel: ******************** dstc2 - Round 18 
01/29/2018 20:24:20 [INFO] exp_shallowmodel: #(data) = 4583
01/29/2018 20:24:20 [INFO] exp_shallowmodel: #(feature) = 257
01/29/2018 20:24:20 [INFO] exp_shallowmodel: ================================================================================
01/29/2018 20:24:20 [INFO] exp_shallowmodel: LR.pen=l1.C=1.000000
01/29/2018 20:24:20 [INFO] exp_shallowmodel: ________________________________________________________________________________
01/29/2018 20:24:20 [INFO] exp_shallowmodel: Training: 
01/29/2018 20:24:20 [INFO] exp_shallowmodel: LogisticRegression(C=1, class_weight=None, dual=False, fit_intercept=True,
          intercept_scaling=1, max_iter=100, multi_class='ovr', n_jobs=1,
          penalty='l1', random_state=None, solver='liblinear', tol=0.0001,
          verbose=0, warm_start=False)
01/29/2018 20:24:22 [INFO] exp_shallowmodel: train time: 1.833s
01/29/2018 20:24:22 [INFO] exp_shallowmodel: test time:  0.001s
01/29/2018 20:24:22 [INFO] exp_shallowmodel: accuracy:   0.776
01/29/2018 20:24:22 [INFO] exp_shallowmodel: f1_score:   0.619
01/29/2018 20:24:22 [INFO] exp_shallowmodel: classification report:
01/29/2018 20:24:22 [INFO] exp_shallowmodel:              precision    recall  f1-score   support

          A       0.67      0.14      0.24        14
          C       0.73      0.73      0.73       164
          F       0.87      0.91      0.89       268
          R       0.63      0.62      0.62       125

avg / total       0.77      0.78      0.77       571

01/29/2018 20:24:22 [INFO] exp_shallowmodel: confusion matrix:
01/29/2018 20:24:22 [INFO] exp_shallowmodel: 
[[  2   0   9   3]
 [  1 120  13  30]
 [  0  12 244  12]
 [  0  32  16  77]]
01/29/2018 20:24:22 [INFO] exp_shallowmodel: ******************** dstc2 - Round 19 
01/29/2018 20:24:22 [INFO] exp_shallowmodel: #(data) = 4568
01/29/2018 20:24:22 [INFO] exp_shallowmodel: #(feature) = 257
01/29/2018 20:24:22 [INFO] exp_shallowmodel: ================================================================================
01/29/2018 20:24:22 [INFO] exp_shallowmodel: LR.pen=l1.C=1.000000
01/29/2018 20:24:22 [INFO] exp_shallowmodel: ________________________________________________________________________________
01/29/2018 20:24:22 [INFO] exp_shallowmodel: Training: 
01/29/2018 20:24:22 [INFO] exp_shallowmodel: LogisticRegression(C=1, class_weight=None, dual=False, fit_intercept=True,
          intercept_scaling=1, max_iter=100, multi_class='ovr', n_jobs=1,
          penalty='l1', random_state=None, solver='liblinear', tol=0.0001,
          verbose=0, warm_start=False)
01/29/2018 20:24:24 [INFO] exp_shallowmodel: train time: 1.766s
01/29/2018 20:24:24 [INFO] exp_shallowmodel: test time:  0.000s
01/29/2018 20:24:24 [INFO] exp_shallowmodel: accuracy:   0.785
01/29/2018 20:24:24 [INFO] exp_shallowmodel: f1_score:   0.632
01/29/2018 20:24:24 [INFO] exp_shallowmodel: classification report:
01/29/2018 20:24:24 [INFO] exp_shallowmodel:              precision    recall  f1-score   support

          A       0.33      0.19      0.24        16
          C       0.76      0.79      0.77       169
          F       0.88      0.90      0.89       271
          R       0.65      0.60      0.62       130

avg / total       0.78      0.78      0.78       586

01/29/2018 20:24:24 [INFO] exp_shallowmodel: confusion matrix:
01/29/2018 20:24:24 [INFO] exp_shallowmodel: 
[[  3   1   7   5]
 [  1 134   9  25]
 [  4  10 245  12]
 [  1  32  19  78]]
01/29/2018 20:24:24 [INFO] exp_shallowmodel: ******************** dstc2 - Round 20 
01/29/2018 20:24:24 [INFO] exp_shallowmodel: #(data) = 4583
01/29/2018 20:24:24 [INFO] exp_shallowmodel: #(feature) = 257
01/29/2018 20:24:24 [INFO] exp_shallowmodel: ================================================================================
01/29/2018 20:24:24 [INFO] exp_shallowmodel: LR.pen=l1.C=1.000000
01/29/2018 20:24:24 [INFO] exp_shallowmodel: ________________________________________________________________________________
01/29/2018 20:24:24 [INFO] exp_shallowmodel: Training: 
01/29/2018 20:24:24 [INFO] exp_shallowmodel: LogisticRegression(C=1, class_weight=None, dual=False, fit_intercept=True,
          intercept_scaling=1, max_iter=100, multi_class='ovr', n_jobs=1,
          penalty='l1', random_state=None, solver='liblinear', tol=0.0001,
          verbose=0, warm_start=False)
01/29/2018 20:24:26 [INFO] exp_shallowmodel: train time: 2.037s
01/29/2018 20:24:26 [INFO] exp_shallowmodel: test time:  0.000s
01/29/2018 20:24:26 [INFO] exp_shallowmodel: accuracy:   0.788
01/29/2018 20:24:26 [INFO] exp_shallowmodel: f1_score:   0.629
01/29/2018 20:24:26 [INFO] exp_shallowmodel: classification report:
01/29/2018 20:24:26 [INFO] exp_shallowmodel:              precision    recall  f1-score   support

          A       0.40      0.14      0.21        14
          C       0.74      0.78      0.76       164
          F       0.87      0.90      0.88       268
          R       0.69      0.64      0.66       125

avg / total       0.78      0.79      0.78       571

01/29/2018 20:24:26 [INFO] exp_shallowmodel: confusion matrix:
01/29/2018 20:24:26 [INFO] exp_shallowmodel: 
[[  2   3   6   3]
 [  2 128  16  18]
 [  0  13 240  15]
 [  1  29  15  80]]
01/29/2018 20:24:26 [INFO] exp_shallowmodel: ******************** dstc2 - Round 21 
01/29/2018 20:24:26 [INFO] exp_shallowmodel: #(data) = 4583
01/29/2018 20:24:26 [INFO] exp_shallowmodel: #(feature) = 257
01/29/2018 20:24:26 [INFO] exp_shallowmodel: ================================================================================
01/29/2018 20:24:26 [INFO] exp_shallowmodel: LR.pen=l1.C=1.000000
01/29/2018 20:24:26 [INFO] exp_shallowmodel: ________________________________________________________________________________
01/29/2018 20:24:26 [INFO] exp_shallowmodel: Training: 
01/29/2018 20:24:26 [INFO] exp_shallowmodel: LogisticRegression(C=1, class_weight=None, dual=False, fit_intercept=True,
          intercept_scaling=1, max_iter=100, multi_class='ovr', n_jobs=1,
          penalty='l1', random_state=None, solver='liblinear', tol=0.0001,
          verbose=0, warm_start=False)
01/29/2018 20:24:28 [INFO] exp_shallowmodel: train time: 2.054s
01/29/2018 20:24:28 [INFO] exp_shallowmodel: test time:  0.000s
01/29/2018 20:24:28 [INFO] exp_shallowmodel: accuracy:   0.783
01/29/2018 20:24:28 [INFO] exp_shallowmodel: f1_score:   0.631
01/29/2018 20:24:28 [INFO] exp_shallowmodel: classification report:
01/29/2018 20:24:28 [INFO] exp_shallowmodel:              precision    recall  f1-score   support

          A       0.33      0.21      0.26        14
          C       0.70      0.77      0.74       164
          F       0.88      0.92      0.90       268
          R       0.70      0.57      0.63       125

avg / total       0.78      0.78      0.78       571

01/29/2018 20:24:28 [INFO] exp_shallowmodel: confusion matrix:
01/29/2018 20:24:28 [INFO] exp_shallowmodel: 
[[  3   3   5   3]
 [  2 127  13  22]
 [  2  15 246   5]
 [  2  36  16  71]]
01/29/2018 20:24:28 [INFO] exp_shallowmodel: ******************** dstc2 - Round 22 
01/29/2018 20:24:28 [INFO] exp_shallowmodel: #(data) = 4583
01/29/2018 20:24:28 [INFO] exp_shallowmodel: #(feature) = 257
01/29/2018 20:24:28 [INFO] exp_shallowmodel: ================================================================================
01/29/2018 20:24:28 [INFO] exp_shallowmodel: LR.pen=l1.C=1.000000
01/29/2018 20:24:28 [INFO] exp_shallowmodel: ________________________________________________________________________________
01/29/2018 20:24:28 [INFO] exp_shallowmodel: Training: 
01/29/2018 20:24:28 [INFO] exp_shallowmodel: LogisticRegression(C=1, class_weight=None, dual=False, fit_intercept=True,
          intercept_scaling=1, max_iter=100, multi_class='ovr', n_jobs=1,
          penalty='l1', random_state=None, solver='liblinear', tol=0.0001,
          verbose=0, warm_start=False)
01/29/2018 20:24:30 [INFO] exp_shallowmodel: train time: 1.977s
01/29/2018 20:24:30 [INFO] exp_shallowmodel: test time:  0.000s
01/29/2018 20:24:30 [INFO] exp_shallowmodel: accuracy:   0.841
01/29/2018 20:24:30 [INFO] exp_shallowmodel: f1_score:   0.729
01/29/2018 20:24:30 [INFO] exp_shallowmodel: classification report:
01/29/2018 20:24:30 [INFO] exp_shallowmodel:              precision    recall  f1-score   support

          A       0.50      0.43      0.46        14
          C       0.79      0.85      0.82       164
          F       0.92      0.94      0.93       268
          R       0.77      0.66      0.71       125

avg / total       0.84      0.84      0.84       571

01/29/2018 20:24:30 [INFO] exp_shallowmodel: confusion matrix:
01/29/2018 20:24:30 [INFO] exp_shallowmodel: 
[[  6   2   2   4]
 [  2 140   7  15]
 [  1   9 252   6]
 [  3  27  13  82]]
01/29/2018 20:24:30 [INFO] exp_shallowmodel: ******************** dstc2 - Round 23 
01/29/2018 20:24:30 [INFO] exp_shallowmodel: #(data) = 4583
01/29/2018 20:24:30 [INFO] exp_shallowmodel: #(feature) = 257
01/29/2018 20:24:30 [INFO] exp_shallowmodel: ================================================================================
01/29/2018 20:24:30 [INFO] exp_shallowmodel: LR.pen=l1.C=1.000000
01/29/2018 20:24:30 [INFO] exp_shallowmodel: ________________________________________________________________________________
01/29/2018 20:24:30 [INFO] exp_shallowmodel: Training: 
01/29/2018 20:24:30 [INFO] exp_shallowmodel: LogisticRegression(C=1, class_weight=None, dual=False, fit_intercept=True,
          intercept_scaling=1, max_iter=100, multi_class='ovr', n_jobs=1,
          penalty='l1', random_state=None, solver='liblinear', tol=0.0001,
          verbose=0, warm_start=False)
01/29/2018 20:24:32 [INFO] exp_shallowmodel: train time: 1.878s
01/29/2018 20:24:32 [INFO] exp_shallowmodel: test time:  0.000s
01/29/2018 20:24:32 [INFO] exp_shallowmodel: accuracy:   0.769
01/29/2018 20:24:32 [INFO] exp_shallowmodel: f1_score:   0.652
01/29/2018 20:24:32 [INFO] exp_shallowmodel: classification report:
01/29/2018 20:24:32 [INFO] exp_shallowmodel:              precision    recall  f1-score   support

          A       0.57      0.29      0.38        14
          C       0.72      0.76      0.74       164
          F       0.86      0.88      0.87       268
          R       0.64      0.59      0.62       125

avg / total       0.76      0.77      0.76       571

01/29/2018 20:24:32 [INFO] exp_shallowmodel: confusion matrix:
01/29/2018 20:24:32 [INFO] exp_shallowmodel: 
[[  4   1   8   1]
 [  0 125  13  26]
 [  2  16 236  14]
 [  1  32  18  74]]
01/29/2018 20:24:32 [INFO] exp_shallowmodel: ******************** dstc2 - Round 24 
01/29/2018 20:24:32 [INFO] exp_shallowmodel: #(data) = 4583
01/29/2018 20:24:32 [INFO] exp_shallowmodel: #(feature) = 257
01/29/2018 20:24:32 [INFO] exp_shallowmodel: ================================================================================
01/29/2018 20:24:32 [INFO] exp_shallowmodel: LR.pen=l1.C=1.000000
01/29/2018 20:24:32 [INFO] exp_shallowmodel: ________________________________________________________________________________
01/29/2018 20:24:32 [INFO] exp_shallowmodel: Training: 
01/29/2018 20:24:32 [INFO] exp_shallowmodel: LogisticRegression(C=1, class_weight=None, dual=False, fit_intercept=True,
          intercept_scaling=1, max_iter=100, multi_class='ovr', n_jobs=1,
          penalty='l1', random_state=None, solver='liblinear', tol=0.0001,
          verbose=0, warm_start=False)
01/29/2018 20:24:34 [INFO] exp_shallowmodel: train time: 1.955s
01/29/2018 20:24:34 [INFO] exp_shallowmodel: test time:  0.000s
01/29/2018 20:24:34 [INFO] exp_shallowmodel: accuracy:   0.795
01/29/2018 20:24:34 [INFO] exp_shallowmodel: f1_score:   0.698
01/29/2018 20:24:34 [INFO] exp_shallowmodel: classification report:
01/29/2018 20:24:34 [INFO] exp_shallowmodel:              precision    recall  f1-score   support

          A       0.60      0.43      0.50        14
          C       0.74      0.76      0.75       164
          F       0.89      0.93      0.91       268
          R       0.67      0.61      0.64       125

avg / total       0.79      0.80      0.79       571

01/29/2018 20:24:34 [INFO] exp_shallowmodel: confusion matrix:
01/29/2018 20:24:34 [INFO] exp_shallowmodel: 
[[  6   3   4   1]
 [  1 124   9  30]
 [  0  13 248   7]
 [  3  27  19  76]]
01/29/2018 20:24:34 [INFO] exp_shallowmodel: ******************** dstc2 - Round 25 
01/29/2018 20:24:34 [INFO] exp_shallowmodel: #(data) = 4583
01/29/2018 20:24:34 [INFO] exp_shallowmodel: #(feature) = 257
01/29/2018 20:24:34 [INFO] exp_shallowmodel: ================================================================================
01/29/2018 20:24:34 [INFO] exp_shallowmodel: LR.pen=l1.C=1.000000
01/29/2018 20:24:34 [INFO] exp_shallowmodel: ________________________________________________________________________________
01/29/2018 20:24:34 [INFO] exp_shallowmodel: Training: 
01/29/2018 20:24:34 [INFO] exp_shallowmodel: LogisticRegression(C=1, class_weight=None, dual=False, fit_intercept=True,
          intercept_scaling=1, max_iter=100, multi_class='ovr', n_jobs=1,
          penalty='l1', random_state=None, solver='liblinear', tol=0.0001,
          verbose=0, warm_start=False)
01/29/2018 20:24:36 [INFO] exp_shallowmodel: train time: 2.023s
01/29/2018 20:24:36 [INFO] exp_shallowmodel: test time:  0.000s
01/29/2018 20:24:36 [INFO] exp_shallowmodel: accuracy:   0.830
01/29/2018 20:24:36 [INFO] exp_shallowmodel: f1_score:   0.613
01/29/2018 20:24:36 [INFO] exp_shallowmodel: classification report:
01/29/2018 20:24:36 [INFO] exp_shallowmodel:              precision    recall  f1-score   support

          A       0.00      0.00      0.00        14
          C       0.80      0.81      0.80       164
          F       0.90      0.94      0.92       268
          R       0.74      0.72      0.73       125

avg / total       0.81      0.83      0.82       571

01/29/2018 20:24:36 [INFO] exp_shallowmodel: confusion matrix:
01/29/2018 20:24:36 [INFO] exp_shallowmodel: 
[[  0   3   7   4]
 [  0 133   9  22]
 [  2   9 251   6]
 [  1  22  12  90]]
01/29/2018 20:24:36 [INFO] exp_shallowmodel: ******************** dstc2 - Round 26 
01/29/2018 20:24:36 [INFO] exp_shallowmodel: #(data) = 4583
01/29/2018 20:24:36 [INFO] exp_shallowmodel: #(feature) = 257
01/29/2018 20:24:36 [INFO] exp_shallowmodel: ================================================================================
01/29/2018 20:24:36 [INFO] exp_shallowmodel: LR.pen=l1.C=1.000000
01/29/2018 20:24:36 [INFO] exp_shallowmodel: ________________________________________________________________________________
01/29/2018 20:24:36 [INFO] exp_shallowmodel: Training: 
01/29/2018 20:24:36 [INFO] exp_shallowmodel: LogisticRegression(C=1, class_weight=None, dual=False, fit_intercept=True,
          intercept_scaling=1, max_iter=100, multi_class='ovr', n_jobs=1,
          penalty='l1', random_state=None, solver='liblinear', tol=0.0001,
          verbose=0, warm_start=False)
01/29/2018 20:24:38 [INFO] exp_shallowmodel: train time: 1.853s
01/29/2018 20:24:38 [INFO] exp_shallowmodel: test time:  0.000s
01/29/2018 20:24:38 [INFO] exp_shallowmodel: accuracy:   0.795
01/29/2018 20:24:38 [INFO] exp_shallowmodel: f1_score:   0.663
01/29/2018 20:24:38 [INFO] exp_shallowmodel: classification report:
01/29/2018 20:24:38 [INFO] exp_shallowmodel:              precision    recall  f1-score   support

          A       0.50      0.29      0.36        14
          C       0.74      0.77      0.76       164
          F       0.87      0.94      0.90       268
          R       0.69      0.58      0.63       125

avg / total       0.79      0.80      0.79       571

01/29/2018 20:24:38 [INFO] exp_shallowmodel: confusion matrix:
01/29/2018 20:24:38 [INFO] exp_shallowmodel: 
[[  4   1   8   1]
 [  1 127  12  24]
 [  0  10 251   7]
 [  3  34  16  72]]
01/29/2018 20:24:38 [INFO] exp_shallowmodel: ******************** dstc2 - Round 27 
01/29/2018 20:24:38 [INFO] exp_shallowmodel: #(data) = 4583
01/29/2018 20:24:38 [INFO] exp_shallowmodel: #(feature) = 257
01/29/2018 20:24:38 [INFO] exp_shallowmodel: ================================================================================
01/29/2018 20:24:38 [INFO] exp_shallowmodel: LR.pen=l1.C=1.000000
01/29/2018 20:24:38 [INFO] exp_shallowmodel: ________________________________________________________________________________
01/29/2018 20:24:38 [INFO] exp_shallowmodel: Training: 
01/29/2018 20:24:38 [INFO] exp_shallowmodel: LogisticRegression(C=1, class_weight=None, dual=False, fit_intercept=True,
          intercept_scaling=1, max_iter=100, multi_class='ovr', n_jobs=1,
          penalty='l1', random_state=None, solver='liblinear', tol=0.0001,
          verbose=0, warm_start=False)
01/29/2018 20:24:40 [INFO] exp_shallowmodel: train time: 2.074s
01/29/2018 20:24:40 [INFO] exp_shallowmodel: test time:  0.000s
01/29/2018 20:24:40 [INFO] exp_shallowmodel: accuracy:   0.807
01/29/2018 20:24:40 [INFO] exp_shallowmodel: f1_score:   0.729
01/29/2018 20:24:40 [INFO] exp_shallowmodel: classification report:
01/29/2018 20:24:40 [INFO] exp_shallowmodel:              precision    recall  f1-score   support

          A       0.86      0.43      0.57        14
          C       0.75      0.74      0.75       164
          F       0.89      0.92      0.90       268
          R       0.69      0.70      0.69       125

avg / total       0.81      0.81      0.81       571

01/29/2018 20:24:40 [INFO] exp_shallowmodel: confusion matrix:
01/29/2018 20:24:40 [INFO] exp_shallowmodel: 
[[  6   2   4   2]
 [  0 122  15  27]
 [  0  12 246  10]
 [  1  26  11  87]]
01/29/2018 20:24:40 [INFO] exp_shallowmodel: ******************** dstc2 - Round 28 
01/29/2018 20:24:40 [INFO] exp_shallowmodel: #(data) = 4583
01/29/2018 20:24:40 [INFO] exp_shallowmodel: #(feature) = 257
01/29/2018 20:24:40 [INFO] exp_shallowmodel: ================================================================================
01/29/2018 20:24:40 [INFO] exp_shallowmodel: LR.pen=l1.C=1.000000
01/29/2018 20:24:40 [INFO] exp_shallowmodel: ________________________________________________________________________________
01/29/2018 20:24:40 [INFO] exp_shallowmodel: Training: 
01/29/2018 20:24:40 [INFO] exp_shallowmodel: LogisticRegression(C=1, class_weight=None, dual=False, fit_intercept=True,
          intercept_scaling=1, max_iter=100, multi_class='ovr', n_jobs=1,
          penalty='l1', random_state=None, solver='liblinear', tol=0.0001,
          verbose=0, warm_start=False)
01/29/2018 20:24:42 [INFO] exp_shallowmodel: train time: 2.081s
01/29/2018 20:24:42 [INFO] exp_shallowmodel: test time:  0.000s
01/29/2018 20:24:42 [INFO] exp_shallowmodel: accuracy:   0.781
01/29/2018 20:24:42 [INFO] exp_shallowmodel: f1_score:   0.645
01/29/2018 20:24:42 [INFO] exp_shallowmodel: classification report:
01/29/2018 20:24:42 [INFO] exp_shallowmodel:              precision    recall  f1-score   support

          A       0.60      0.21      0.32        14
          C       0.74      0.75      0.75       164
          F       0.87      0.90      0.89       268
          R       0.64      0.63      0.63       125

avg / total       0.78      0.78      0.78       571

01/29/2018 20:24:42 [INFO] exp_shallowmodel: confusion matrix:
01/29/2018 20:24:42 [INFO] exp_shallowmodel: 
[[  3   0   8   3]
 [  0 123  13  28]
 [  1  12 241  14]
 [  1  31  14  79]]
01/29/2018 20:24:42 [INFO] exp_shallowmodel: ******************** dstc2 - Round 29 
01/29/2018 20:24:42 [INFO] exp_shallowmodel: #(data) = 4568
01/29/2018 20:24:42 [INFO] exp_shallowmodel: #(feature) = 257
01/29/2018 20:24:42 [INFO] exp_shallowmodel: ================================================================================
01/29/2018 20:24:42 [INFO] exp_shallowmodel: LR.pen=l1.C=1.000000
01/29/2018 20:24:42 [INFO] exp_shallowmodel: ________________________________________________________________________________
01/29/2018 20:24:42 [INFO] exp_shallowmodel: Training: 
01/29/2018 20:24:42 [INFO] exp_shallowmodel: LogisticRegression(C=1, class_weight=None, dual=False, fit_intercept=True,
          intercept_scaling=1, max_iter=100, multi_class='ovr', n_jobs=1,
          penalty='l1', random_state=None, solver='liblinear', tol=0.0001,
          verbose=0, warm_start=False)
01/29/2018 20:24:44 [INFO] exp_shallowmodel: train time: 1.768s
01/29/2018 20:24:44 [INFO] exp_shallowmodel: test time:  0.000s
01/29/2018 20:24:44 [INFO] exp_shallowmodel: accuracy:   0.800
01/29/2018 20:24:44 [INFO] exp_shallowmodel: f1_score:   0.708
01/29/2018 20:24:44 [INFO] exp_shallowmodel: classification report:
01/29/2018 20:24:44 [INFO] exp_shallowmodel:              precision    recall  f1-score   support

          A       0.75      0.38      0.50        16
          C       0.75      0.77      0.76       169
          F       0.87      0.92      0.89       271
          R       0.70      0.65      0.68       130

avg / total       0.80      0.80      0.80       586

01/29/2018 20:24:44 [INFO] exp_shallowmodel: confusion matrix:
01/29/2018 20:24:44 [INFO] exp_shallowmodel: 
[[  6   2   7   1]
 [  1 130  13  25]
 [  1  12 248  10]
 [  0  29  16  85]]
01/29/2018 20:24:44 [INFO] exp_shallowmodel: ******************** dstc2 - Round 30 
01/29/2018 20:24:44 [INFO] exp_shallowmodel: #(data) = 4583
01/29/2018 20:24:44 [INFO] exp_shallowmodel: #(feature) = 257
01/29/2018 20:24:44 [INFO] exp_shallowmodel: ================================================================================
01/29/2018 20:24:44 [INFO] exp_shallowmodel: LR.pen=l1.C=1.000000
01/29/2018 20:24:44 [INFO] exp_shallowmodel: ________________________________________________________________________________
01/29/2018 20:24:44 [INFO] exp_shallowmodel: Training: 
01/29/2018 20:24:44 [INFO] exp_shallowmodel: LogisticRegression(C=1, class_weight=None, dual=False, fit_intercept=True,
          intercept_scaling=1, max_iter=100, multi_class='ovr', n_jobs=1,
          penalty='l1', random_state=None, solver='liblinear', tol=0.0001,
          verbose=0, warm_start=False)
01/29/2018 20:24:46 [INFO] exp_shallowmodel: train time: 2.075s
01/29/2018 20:24:46 [INFO] exp_shallowmodel: test time:  0.000s
01/29/2018 20:24:46 [INFO] exp_shallowmodel: accuracy:   0.793
01/29/2018 20:24:46 [INFO] exp_shallowmodel: f1_score:   0.650
01/29/2018 20:24:46 [INFO] exp_shallowmodel: classification report:
01/29/2018 20:24:46 [INFO] exp_shallowmodel:              precision    recall  f1-score   support

          A       0.43      0.21      0.29        14
          C       0.75      0.77      0.76       164
          F       0.88      0.91      0.89       268
          R       0.68      0.65      0.66       125

avg / total       0.79      0.79      0.79       571

01/29/2018 20:24:46 [INFO] exp_shallowmodel: confusion matrix:
01/29/2018 20:24:46 [INFO] exp_shallowmodel: 
[[  3   1   8   2]
 [  1 126  13  24]
 [  2  11 243  12]
 [  1  31  12  81]]
01/29/2018 20:24:46 [INFO] exp_shallowmodel: ******************** dstc2 - Round 31 
01/29/2018 20:24:46 [INFO] exp_shallowmodel: #(data) = 4583
01/29/2018 20:24:46 [INFO] exp_shallowmodel: #(feature) = 257
01/29/2018 20:24:46 [INFO] exp_shallowmodel: ================================================================================
01/29/2018 20:24:46 [INFO] exp_shallowmodel: LR.pen=l1.C=1.000000
01/29/2018 20:24:46 [INFO] exp_shallowmodel: ________________________________________________________________________________
01/29/2018 20:24:46 [INFO] exp_shallowmodel: Training: 
01/29/2018 20:24:46 [INFO] exp_shallowmodel: LogisticRegression(C=1, class_weight=None, dual=False, fit_intercept=True,
          intercept_scaling=1, max_iter=100, multi_class='ovr', n_jobs=1,
          penalty='l1', random_state=None, solver='liblinear', tol=0.0001,
          verbose=0, warm_start=False)
01/29/2018 20:24:48 [INFO] exp_shallowmodel: train time: 2.205s
01/29/2018 20:24:48 [INFO] exp_shallowmodel: test time:  0.000s
01/29/2018 20:24:48 [INFO] exp_shallowmodel: accuracy:   0.802
01/29/2018 20:24:48 [INFO] exp_shallowmodel: f1_score:   0.656
01/29/2018 20:24:48 [INFO] exp_shallowmodel: classification report:
01/29/2018 20:24:48 [INFO] exp_shallowmodel:              precision    recall  f1-score   support

          A       0.43      0.21      0.29        14
          C       0.77      0.80      0.78       164
          F       0.86      0.92      0.89       268
          R       0.72      0.62      0.66       125

avg / total       0.79      0.80      0.80       571

01/29/2018 20:24:48 [INFO] exp_shallowmodel: confusion matrix:
01/29/2018 20:24:48 [INFO] exp_shallowmodel: 
[[  3   0   6   5]
 [  1 131  10  22]
 [  3  15 247   3]
 [  0  24  24  77]]
01/29/2018 20:24:48 [INFO] exp_shallowmodel: ******************** dstc2 - Round 32 
01/29/2018 20:24:48 [INFO] exp_shallowmodel: #(data) = 4583
01/29/2018 20:24:48 [INFO] exp_shallowmodel: #(feature) = 257
01/29/2018 20:24:48 [INFO] exp_shallowmodel: ================================================================================
01/29/2018 20:24:48 [INFO] exp_shallowmodel: LR.pen=l1.C=1.000000
01/29/2018 20:24:48 [INFO] exp_shallowmodel: ________________________________________________________________________________
01/29/2018 20:24:48 [INFO] exp_shallowmodel: Training: 
01/29/2018 20:24:48 [INFO] exp_shallowmodel: LogisticRegression(C=1, class_weight=None, dual=False, fit_intercept=True,
          intercept_scaling=1, max_iter=100, multi_class='ovr', n_jobs=1,
          penalty='l1', random_state=None, solver='liblinear', tol=0.0001,
          verbose=0, warm_start=False)
01/29/2018 20:24:51 [INFO] exp_shallowmodel: train time: 2.074s
01/29/2018 20:24:51 [INFO] exp_shallowmodel: test time:  0.000s
01/29/2018 20:24:51 [INFO] exp_shallowmodel: accuracy:   0.785
01/29/2018 20:24:51 [INFO] exp_shallowmodel: f1_score:   0.704
01/29/2018 20:24:51 [INFO] exp_shallowmodel: classification report:
01/29/2018 20:24:51 [INFO] exp_shallowmodel:              precision    recall  f1-score   support

          A       0.64      0.50      0.56        14
          C       0.72      0.75      0.73       164
          F       0.87      0.91      0.89       268
          R       0.68      0.59      0.63       125

avg / total       0.78      0.78      0.78       571

01/29/2018 20:24:51 [INFO] exp_shallowmodel: confusion matrix:
01/29/2018 20:24:51 [INFO] exp_shallowmodel: 
[[  7   3   3   1]
 [  1 123  14  26]
 [  1  15 244   8]
 [  2  31  18  74]]
01/29/2018 20:24:51 [INFO] exp_shallowmodel: ******************** dstc2 - Round 33 
01/29/2018 20:24:51 [INFO] exp_shallowmodel: #(data) = 4583
01/29/2018 20:24:51 [INFO] exp_shallowmodel: #(feature) = 257
01/29/2018 20:24:51 [INFO] exp_shallowmodel: ================================================================================
01/29/2018 20:24:51 [INFO] exp_shallowmodel: LR.pen=l1.C=1.000000
01/29/2018 20:24:51 [INFO] exp_shallowmodel: ________________________________________________________________________________
01/29/2018 20:24:51 [INFO] exp_shallowmodel: Training: 
01/29/2018 20:24:51 [INFO] exp_shallowmodel: LogisticRegression(C=1, class_weight=None, dual=False, fit_intercept=True,
          intercept_scaling=1, max_iter=100, multi_class='ovr', n_jobs=1,
          penalty='l1', random_state=None, solver='liblinear', tol=0.0001,
          verbose=0, warm_start=False)
01/29/2018 20:24:52 [INFO] exp_shallowmodel: train time: 1.878s
01/29/2018 20:24:52 [INFO] exp_shallowmodel: test time:  0.000s
01/29/2018 20:24:52 [INFO] exp_shallowmodel: accuracy:   0.797
01/29/2018 20:24:52 [INFO] exp_shallowmodel: f1_score:   0.607
01/29/2018 20:24:52 [INFO] exp_shallowmodel: classification report:
01/29/2018 20:24:52 [INFO] exp_shallowmodel:              precision    recall  f1-score   support

          A       0.20      0.07      0.11        14
          C       0.75      0.74      0.74       164
          F       0.88      0.94      0.91       268
          R       0.69      0.66      0.67       125

avg / total       0.78      0.80      0.79       571

01/29/2018 20:24:52 [INFO] exp_shallowmodel: confusion matrix:
01/29/2018 20:24:52 [INFO] exp_shallowmodel: 
[[  1   6   4   3]
 [  4 121  13  26]
 [  0  10 251   7]
 [  0  25  18  82]]
01/29/2018 20:24:52 [INFO] exp_shallowmodel: ******************** dstc2 - Round 34 
01/29/2018 20:24:52 [INFO] exp_shallowmodel: #(data) = 4583
01/29/2018 20:24:52 [INFO] exp_shallowmodel: #(feature) = 257
01/29/2018 20:24:52 [INFO] exp_shallowmodel: ================================================================================
01/29/2018 20:24:52 [INFO] exp_shallowmodel: LR.pen=l1.C=1.000000
01/29/2018 20:24:52 [INFO] exp_shallowmodel: ________________________________________________________________________________
01/29/2018 20:24:52 [INFO] exp_shallowmodel: Training: 
01/29/2018 20:24:52 [INFO] exp_shallowmodel: LogisticRegression(C=1, class_weight=None, dual=False, fit_intercept=True,
          intercept_scaling=1, max_iter=100, multi_class='ovr', n_jobs=1,
          penalty='l1', random_state=None, solver='liblinear', tol=0.0001,
          verbose=0, warm_start=False)
01/29/2018 20:24:54 [INFO] exp_shallowmodel: train time: 1.802s
01/29/2018 20:24:54 [INFO] exp_shallowmodel: test time:  0.000s
01/29/2018 20:24:54 [INFO] exp_shallowmodel: accuracy:   0.827
01/29/2018 20:24:54 [INFO] exp_shallowmodel: f1_score:   0.728
01/29/2018 20:24:54 [INFO] exp_shallowmodel: classification report:
01/29/2018 20:24:54 [INFO] exp_shallowmodel:              precision    recall  f1-score   support

          A       0.83      0.36      0.50        14
          C       0.77      0.78      0.78       164
          F       0.91      0.93      0.92       268
          R       0.72      0.71      0.72       125

avg / total       0.83      0.83      0.82       571

01/29/2018 20:24:54 [INFO] exp_shallowmodel: confusion matrix:
01/29/2018 20:24:54 [INFO] exp_shallowmodel: 
[[  5   2   6   1]
 [  0 128  12  24]
 [  0   9 250   9]
 [  1  27   8  89]]
01/29/2018 20:24:54 [INFO] exp_shallowmodel: ******************** dstc2 - Round 35 
01/29/2018 20:24:54 [INFO] exp_shallowmodel: #(data) = 4583
01/29/2018 20:24:54 [INFO] exp_shallowmodel: #(feature) = 257
01/29/2018 20:24:54 [INFO] exp_shallowmodel: ================================================================================
01/29/2018 20:24:54 [INFO] exp_shallowmodel: LR.pen=l1.C=1.000000
01/29/2018 20:24:54 [INFO] exp_shallowmodel: ________________________________________________________________________________
01/29/2018 20:24:54 [INFO] exp_shallowmodel: Training: 
01/29/2018 20:24:54 [INFO] exp_shallowmodel: LogisticRegression(C=1, class_weight=None, dual=False, fit_intercept=True,
          intercept_scaling=1, max_iter=100, multi_class='ovr', n_jobs=1,
          penalty='l1', random_state=None, solver='liblinear', tol=0.0001,
          verbose=0, warm_start=False)
01/29/2018 20:24:56 [INFO] exp_shallowmodel: train time: 1.904s
01/29/2018 20:24:56 [INFO] exp_shallowmodel: test time:  0.000s
01/29/2018 20:24:56 [INFO] exp_shallowmodel: accuracy:   0.793
01/29/2018 20:24:56 [INFO] exp_shallowmodel: f1_score:   0.636
01/29/2018 20:24:56 [INFO] exp_shallowmodel: classification report:
01/29/2018 20:24:56 [INFO] exp_shallowmodel:              precision    recall  f1-score   support

          A       0.50      0.14      0.22        14
          C       0.76      0.78      0.77       164
          F       0.85      0.90      0.88       268
          R       0.71      0.65      0.68       125

avg / total       0.79      0.79      0.79       571

01/29/2018 20:24:56 [INFO] exp_shallowmodel: confusion matrix:
01/29/2018 20:24:56 [INFO] exp_shallowmodel: 
[[  2   1   8   3]
 [  1 128  18  17]
 [  1  12 242  13]
 [  0  28  16  81]]
01/29/2018 20:24:56 [INFO] exp_shallowmodel: ******************** dstc2 - Round 36 
01/29/2018 20:24:56 [INFO] exp_shallowmodel: #(data) = 4583
01/29/2018 20:24:56 [INFO] exp_shallowmodel: #(feature) = 257
01/29/2018 20:24:56 [INFO] exp_shallowmodel: ================================================================================
01/29/2018 20:24:56 [INFO] exp_shallowmodel: LR.pen=l1.C=1.000000
01/29/2018 20:24:56 [INFO] exp_shallowmodel: ________________________________________________________________________________
01/29/2018 20:24:56 [INFO] exp_shallowmodel: Training: 
01/29/2018 20:24:56 [INFO] exp_shallowmodel: LogisticRegression(C=1, class_weight=None, dual=False, fit_intercept=True,
          intercept_scaling=1, max_iter=100, multi_class='ovr', n_jobs=1,
          penalty='l1', random_state=None, solver='liblinear', tol=0.0001,
          verbose=0, warm_start=False)
01/29/2018 20:24:58 [INFO] exp_shallowmodel: train time: 1.983s
01/29/2018 20:24:58 [INFO] exp_shallowmodel: test time:  0.000s
01/29/2018 20:24:58 [INFO] exp_shallowmodel: accuracy:   0.785
01/29/2018 20:24:58 [INFO] exp_shallowmodel: f1_score:   0.625
01/29/2018 20:24:58 [INFO] exp_shallowmodel: classification report:
01/29/2018 20:24:58 [INFO] exp_shallowmodel:              precision    recall  f1-score   support

          A       0.33      0.14      0.20        14
          C       0.74      0.78      0.76       164
          F       0.87      0.88      0.88       268
          R       0.68      0.65      0.66       125

avg / total       0.78      0.78      0.78       571

01/29/2018 20:24:58 [INFO] exp_shallowmodel: confusion matrix:
01/29/2018 20:24:58 [INFO] exp_shallowmodel: 
[[  2   4   6   2]
 [  1 128  12  23]
 [  3  15 237  13]
 [  0  27  17  81]]
01/29/2018 20:24:58 [INFO] exp_shallowmodel: ******************** dstc2 - Round 37 
01/29/2018 20:24:58 [INFO] exp_shallowmodel: #(data) = 4583
01/29/2018 20:24:58 [INFO] exp_shallowmodel: #(feature) = 257
01/29/2018 20:24:58 [INFO] exp_shallowmodel: ================================================================================
01/29/2018 20:24:58 [INFO] exp_shallowmodel: LR.pen=l1.C=1.000000
01/29/2018 20:24:58 [INFO] exp_shallowmodel: ________________________________________________________________________________
01/29/2018 20:24:58 [INFO] exp_shallowmodel: Training: 
01/29/2018 20:24:58 [INFO] exp_shallowmodel: LogisticRegression(C=1, class_weight=None, dual=False, fit_intercept=True,
          intercept_scaling=1, max_iter=100, multi_class='ovr', n_jobs=1,
          penalty='l1', random_state=None, solver='liblinear', tol=0.0001,
          verbose=0, warm_start=False)
01/29/2018 20:25:00 [INFO] exp_shallowmodel: train time: 2.093s
01/29/2018 20:25:00 [INFO] exp_shallowmodel: test time:  0.000s
01/29/2018 20:25:00 [INFO] exp_shallowmodel: accuracy:   0.820
01/29/2018 20:25:00 [INFO] exp_shallowmodel: f1_score:   0.734
01/29/2018 20:25:00 [INFO] exp_shallowmodel: classification report:
01/29/2018 20:25:00 [INFO] exp_shallowmodel:              precision    recall  f1-score   support

          A       0.75      0.43      0.55        14
          C       0.80      0.78      0.79       164
          F       0.88      0.93      0.90       268
          R       0.70      0.69      0.70       125

avg / total       0.82      0.82      0.82       571

01/29/2018 20:25:00 [INFO] exp_shallowmodel: confusion matrix:
01/29/2018 20:25:00 [INFO] exp_shallowmodel: 
[[  6   0   7   1]
 [  0 128  11  25]
 [  0  10 248  10]
 [  2  22  15  86]]
01/29/2018 20:25:00 [INFO] exp_shallowmodel: ******************** dstc2 - Round 38 
01/29/2018 20:25:00 [INFO] exp_shallowmodel: #(data) = 4583
01/29/2018 20:25:00 [INFO] exp_shallowmodel: #(feature) = 257
01/29/2018 20:25:00 [INFO] exp_shallowmodel: ================================================================================
01/29/2018 20:25:00 [INFO] exp_shallowmodel: LR.pen=l1.C=1.000000
01/29/2018 20:25:00 [INFO] exp_shallowmodel: ________________________________________________________________________________
01/29/2018 20:25:00 [INFO] exp_shallowmodel: Training: 
01/29/2018 20:25:00 [INFO] exp_shallowmodel: LogisticRegression(C=1, class_weight=None, dual=False, fit_intercept=True,
          intercept_scaling=1, max_iter=100, multi_class='ovr', n_jobs=1,
          penalty='l1', random_state=None, solver='liblinear', tol=0.0001,
          verbose=0, warm_start=False)
01/29/2018 20:25:02 [INFO] exp_shallowmodel: train time: 1.843s
01/29/2018 20:25:02 [INFO] exp_shallowmodel: test time:  0.001s
01/29/2018 20:25:02 [INFO] exp_shallowmodel: accuracy:   0.816
01/29/2018 20:25:02 [INFO] exp_shallowmodel: f1_score:   0.693
01/29/2018 20:25:02 [INFO] exp_shallowmodel: classification report:
01/29/2018 20:25:02 [INFO] exp_shallowmodel:              precision    recall  f1-score   support

          A       0.57      0.29      0.38        14
          C       0.78      0.79      0.78       164
          F       0.89      0.92      0.91       268
          R       0.70      0.70      0.70       125

avg / total       0.81      0.82      0.81       571

01/29/2018 20:25:02 [INFO] exp_shallowmodel: confusion matrix:
01/29/2018 20:25:02 [INFO] exp_shallowmodel: 
[[  4   3   4   3]
 [  0 129  12  23]
 [  1  10 246  11]
 [  2  23  13  87]]
01/29/2018 20:25:02 [INFO] exp_shallowmodel: ******************** dstc2 - Round 39 
01/29/2018 20:25:02 [INFO] exp_shallowmodel: #(data) = 4568
01/29/2018 20:25:02 [INFO] exp_shallowmodel: #(feature) = 257
01/29/2018 20:25:02 [INFO] exp_shallowmodel: ================================================================================
01/29/2018 20:25:02 [INFO] exp_shallowmodel: LR.pen=l1.C=1.000000
01/29/2018 20:25:02 [INFO] exp_shallowmodel: ________________________________________________________________________________
01/29/2018 20:25:02 [INFO] exp_shallowmodel: Training: 
01/29/2018 20:25:02 [INFO] exp_shallowmodel: LogisticRegression(C=1, class_weight=None, dual=False, fit_intercept=True,
          intercept_scaling=1, max_iter=100, multi_class='ovr', n_jobs=1,
          penalty='l1', random_state=None, solver='liblinear', tol=0.0001,
          verbose=0, warm_start=False)
01/29/2018 20:25:04 [INFO] exp_shallowmodel: train time: 1.854s
01/29/2018 20:25:04 [INFO] exp_shallowmodel: test time:  0.000s
01/29/2018 20:25:04 [INFO] exp_shallowmodel: accuracy:   0.799
01/29/2018 20:25:04 [INFO] exp_shallowmodel: f1_score:   0.676
01/29/2018 20:25:04 [INFO] exp_shallowmodel: classification report:
01/29/2018 20:25:04 [INFO] exp_shallowmodel:              precision    recall  f1-score   support

          A       0.67      0.25      0.36        16
          C       0.73      0.80      0.76       169
          F       0.89      0.90      0.89       271
          R       0.72      0.66      0.69       130

avg / total       0.80      0.80      0.79       586

01/29/2018 20:25:04 [INFO] exp_shallowmodel: confusion matrix:
01/29/2018 20:25:04 [INFO] exp_shallowmodel: 
[[  4   2   7   3]
 [  0 135  11  23]
 [  0  20 243   8]
 [  2  29  13  86]]
01/29/2018 20:25:04 [INFO] exp_shallowmodel: ******************** dstc2 - Round 40 
01/29/2018 20:25:04 [INFO] exp_shallowmodel: #(data) = 4583
01/29/2018 20:25:04 [INFO] exp_shallowmodel: #(feature) = 257
01/29/2018 20:25:04 [INFO] exp_shallowmodel: ================================================================================
01/29/2018 20:25:04 [INFO] exp_shallowmodel: LR.pen=l1.C=1.000000
01/29/2018 20:25:04 [INFO] exp_shallowmodel: ________________________________________________________________________________
01/29/2018 20:25:04 [INFO] exp_shallowmodel: Training: 
01/29/2018 20:25:04 [INFO] exp_shallowmodel: LogisticRegression(C=1, class_weight=None, dual=False, fit_intercept=True,
          intercept_scaling=1, max_iter=100, multi_class='ovr', n_jobs=1,
          penalty='l1', random_state=None, solver='liblinear', tol=0.0001,
          verbose=0, warm_start=False)
01/29/2018 20:25:06 [INFO] exp_shallowmodel: train time: 2.206s
01/29/2018 20:25:06 [INFO] exp_shallowmodel: test time:  0.000s
01/29/2018 20:25:06 [INFO] exp_shallowmodel: accuracy:   0.814
01/29/2018 20:25:06 [INFO] exp_shallowmodel: f1_score:   0.671
01/29/2018 20:25:06 [INFO] exp_shallowmodel: classification report:
01/29/2018 20:25:06 [INFO] exp_shallowmodel:              precision    recall  f1-score   support

          A       0.50      0.21      0.30        14
          C       0.81      0.78      0.80       164
          F       0.89      0.93      0.91       268
          R       0.68      0.69      0.68       125

avg / total       0.81      0.81      0.81       571

01/29/2018 20:25:06 [INFO] exp_shallowmodel: confusion matrix:
01/29/2018 20:25:06 [INFO] exp_shallowmodel: 
[[  3   3   3   5]
 [  0 128  10  26]
 [  3   7 248  10]
 [  0  20  19  86]]
01/29/2018 20:25:06 [INFO] exp_shallowmodel: ******************** dstc2 - Round 41 
01/29/2018 20:25:06 [INFO] exp_shallowmodel: #(data) = 4583
01/29/2018 20:25:06 [INFO] exp_shallowmodel: #(feature) = 257
01/29/2018 20:25:06 [INFO] exp_shallowmodel: ================================================================================
01/29/2018 20:25:06 [INFO] exp_shallowmodel: LR.pen=l1.C=1.000000
01/29/2018 20:25:06 [INFO] exp_shallowmodel: ________________________________________________________________________________
01/29/2018 20:25:06 [INFO] exp_shallowmodel: Training: 
01/29/2018 20:25:06 [INFO] exp_shallowmodel: LogisticRegression(C=1, class_weight=None, dual=False, fit_intercept=True,
          intercept_scaling=1, max_iter=100, multi_class='ovr', n_jobs=1,
          penalty='l1', random_state=None, solver='liblinear', tol=0.0001,
          verbose=0, warm_start=False)
01/29/2018 20:25:08 [INFO] exp_shallowmodel: train time: 1.833s
01/29/2018 20:25:08 [INFO] exp_shallowmodel: test time:  0.000s
01/29/2018 20:25:08 [INFO] exp_shallowmodel: accuracy:   0.823
01/29/2018 20:25:08 [INFO] exp_shallowmodel: f1_score:   0.732
01/29/2018 20:25:08 [INFO] exp_shallowmodel: classification report:
01/29/2018 20:25:08 [INFO] exp_shallowmodel:              precision    recall  f1-score   support

          A       1.00      0.36      0.53        14
          C       0.75      0.84      0.79       164
          F       0.92      0.90      0.91       268
          R       0.71      0.69      0.70       125

avg / total       0.83      0.82      0.82       571

01/29/2018 20:25:08 [INFO] exp_shallowmodel: confusion matrix:
01/29/2018 20:25:08 [INFO] exp_shallowmodel: 
[[  5   1   6   2]
 [  0 137   9  18]
 [  0  11 242  15]
 [  0  33   6  86]]
01/29/2018 20:25:08 [INFO] exp_shallowmodel: ******************** dstc2 - Round 42 
01/29/2018 20:25:08 [INFO] exp_shallowmodel: #(data) = 4583
01/29/2018 20:25:08 [INFO] exp_shallowmodel: #(feature) = 257
01/29/2018 20:25:08 [INFO] exp_shallowmodel: ================================================================================
01/29/2018 20:25:08 [INFO] exp_shallowmodel: LR.pen=l1.C=1.000000
01/29/2018 20:25:08 [INFO] exp_shallowmodel: ________________________________________________________________________________
01/29/2018 20:25:08 [INFO] exp_shallowmodel: Training: 
01/29/2018 20:25:08 [INFO] exp_shallowmodel: LogisticRegression(C=1, class_weight=None, dual=False, fit_intercept=True,
          intercept_scaling=1, max_iter=100, multi_class='ovr', n_jobs=1,
          penalty='l1', random_state=None, solver='liblinear', tol=0.0001,
          verbose=0, warm_start=False)
01/29/2018 20:25:10 [INFO] exp_shallowmodel: train time: 1.914s
01/29/2018 20:25:10 [INFO] exp_shallowmodel: test time:  0.000s
01/29/2018 20:25:10 [INFO] exp_shallowmodel: accuracy:   0.776
01/29/2018 20:25:10 [INFO] exp_shallowmodel: f1_score:   0.609
01/29/2018 20:25:10 [INFO] exp_shallowmodel: classification report:
01/29/2018 20:25:10 [INFO] exp_shallowmodel:              precision    recall  f1-score   support

          A       0.25      0.14      0.18        14
          C       0.74      0.73      0.73       164
          F       0.86      0.91      0.89       268
          R       0.65      0.62      0.63       125

avg / total       0.77      0.78      0.77       571

01/29/2018 20:25:10 [INFO] exp_shallowmodel: confusion matrix:
01/29/2018 20:25:10 [INFO] exp_shallowmodel: 
[[  2   1   6   5]
 [  1 119  17  27]
 [  2  11 245  10]
 [  3  29  16  77]]
01/29/2018 20:25:10 [INFO] exp_shallowmodel: ******************** dstc2 - Round 43 
01/29/2018 20:25:10 [INFO] exp_shallowmodel: #(data) = 4583
01/29/2018 20:25:10 [INFO] exp_shallowmodel: #(feature) = 257
01/29/2018 20:25:10 [INFO] exp_shallowmodel: ================================================================================
01/29/2018 20:25:10 [INFO] exp_shallowmodel: LR.pen=l1.C=1.000000
01/29/2018 20:25:10 [INFO] exp_shallowmodel: ________________________________________________________________________________
01/29/2018 20:25:10 [INFO] exp_shallowmodel: Training: 
01/29/2018 20:25:10 [INFO] exp_shallowmodel: LogisticRegression(C=1, class_weight=None, dual=False, fit_intercept=True,
          intercept_scaling=1, max_iter=100, multi_class='ovr', n_jobs=1,
          penalty='l1', random_state=None, solver='liblinear', tol=0.0001,
          verbose=0, warm_start=False)
01/29/2018 20:25:12 [INFO] exp_shallowmodel: train time: 2.062s
01/29/2018 20:25:12 [INFO] exp_shallowmodel: test time:  0.000s
01/29/2018 20:25:12 [INFO] exp_shallowmodel: accuracy:   0.811
01/29/2018 20:25:12 [INFO] exp_shallowmodel: f1_score:   0.732
01/29/2018 20:25:12 [INFO] exp_shallowmodel: classification report:
01/29/2018 20:25:12 [INFO] exp_shallowmodel:              precision    recall  f1-score   support

          A       0.86      0.43      0.57        14
          C       0.73      0.77      0.75       164
          F       0.90      0.91      0.91       268
          R       0.71      0.68      0.70       125

avg / total       0.81      0.81      0.81       571

01/29/2018 20:25:12 [INFO] exp_shallowmodel: confusion matrix:
01/29/2018 20:25:12 [INFO] exp_shallowmodel: 
[[  6   1   6   1]
 [  0 127  12  25]
 [  0  15 245   8]
 [  1  30   9  85]]
01/29/2018 20:25:12 [INFO] exp_shallowmodel: ******************** dstc2 - Round 44 
01/29/2018 20:25:12 [INFO] exp_shallowmodel: #(data) = 4583
01/29/2018 20:25:12 [INFO] exp_shallowmodel: #(feature) = 257
01/29/2018 20:25:12 [INFO] exp_shallowmodel: ================================================================================
01/29/2018 20:25:12 [INFO] exp_shallowmodel: LR.pen=l1.C=1.000000
01/29/2018 20:25:12 [INFO] exp_shallowmodel: ________________________________________________________________________________
01/29/2018 20:25:12 [INFO] exp_shallowmodel: Training: 
01/29/2018 20:25:12 [INFO] exp_shallowmodel: LogisticRegression(C=1, class_weight=None, dual=False, fit_intercept=True,
          intercept_scaling=1, max_iter=100, multi_class='ovr', n_jobs=1,
          penalty='l1', random_state=None, solver='liblinear', tol=0.0001,
          verbose=0, warm_start=False)
01/29/2018 20:25:14 [INFO] exp_shallowmodel: train time: 2.071s
01/29/2018 20:25:14 [INFO] exp_shallowmodel: test time:  0.000s
01/29/2018 20:25:14 [INFO] exp_shallowmodel: accuracy:   0.785
01/29/2018 20:25:14 [INFO] exp_shallowmodel: f1_score:   0.574
01/29/2018 20:25:14 [INFO] exp_shallowmodel: classification report:
01/29/2018 20:25:14 [INFO] exp_shallowmodel:              precision    recall  f1-score   support

          A       0.00      0.00      0.00        14
          C       0.75      0.74      0.74       164
          F       0.87      0.91      0.89       268
          R       0.67      0.66      0.66       125

avg / total       0.77      0.78      0.78       571

01/29/2018 20:25:14 [INFO] exp_shallowmodel: confusion matrix:
01/29/2018 20:25:14 [INFO] exp_shallowmodel: 
[[  0   3   6   5]
 [  2 121  15  26]
 [  2  11 245  10]
 [  0  26  17  82]]
01/29/2018 20:25:14 [INFO] exp_shallowmodel: ******************** dstc2 - Round 45 
01/29/2018 20:25:14 [INFO] exp_shallowmodel: #(data) = 4583
01/29/2018 20:25:14 [INFO] exp_shallowmodel: #(feature) = 257
01/29/2018 20:25:14 [INFO] exp_shallowmodel: ================================================================================
01/29/2018 20:25:14 [INFO] exp_shallowmodel: LR.pen=l1.C=1.000000
01/29/2018 20:25:14 [INFO] exp_shallowmodel: ________________________________________________________________________________
01/29/2018 20:25:14 [INFO] exp_shallowmodel: Training: 
01/29/2018 20:25:14 [INFO] exp_shallowmodel: LogisticRegression(C=1, class_weight=None, dual=False, fit_intercept=True,
          intercept_scaling=1, max_iter=100, multi_class='ovr', n_jobs=1,
          penalty='l1', random_state=None, solver='liblinear', tol=0.0001,
          verbose=0, warm_start=False)
01/29/2018 20:25:16 [INFO] exp_shallowmodel: train time: 2.129s
01/29/2018 20:25:16 [INFO] exp_shallowmodel: test time:  0.000s
01/29/2018 20:25:16 [INFO] exp_shallowmodel: accuracy:   0.809
01/29/2018 20:25:16 [INFO] exp_shallowmodel: f1_score:   0.700
01/29/2018 20:25:16 [INFO] exp_shallowmodel: classification report:
01/29/2018 20:25:16 [INFO] exp_shallowmodel:              precision    recall  f1-score   support

          A       0.62      0.36      0.45        14
          C       0.76      0.79      0.77       164
          F       0.89      0.93      0.91       268
          R       0.69      0.63      0.66       125

avg / total       0.80      0.81      0.81       571

01/29/2018 20:25:16 [INFO] exp_shallowmodel: confusion matrix:
01/29/2018 20:25:16 [INFO] exp_shallowmodel: 
[[  5   4   3   2]
 [  1 129  10  24]
 [  1   9 249   9]
 [  1  28  17  79]]
01/29/2018 20:25:16 [INFO] exp_shallowmodel: ******************** dstc2 - Round 46 
01/29/2018 20:25:16 [INFO] exp_shallowmodel: #(data) = 4583
01/29/2018 20:25:16 [INFO] exp_shallowmodel: #(feature) = 257
01/29/2018 20:25:16 [INFO] exp_shallowmodel: ================================================================================
01/29/2018 20:25:16 [INFO] exp_shallowmodel: LR.pen=l1.C=1.000000
01/29/2018 20:25:16 [INFO] exp_shallowmodel: ________________________________________________________________________________
01/29/2018 20:25:16 [INFO] exp_shallowmodel: Training: 
01/29/2018 20:25:16 [INFO] exp_shallowmodel: LogisticRegression(C=1, class_weight=None, dual=False, fit_intercept=True,
          intercept_scaling=1, max_iter=100, multi_class='ovr', n_jobs=1,
          penalty='l1', random_state=None, solver='liblinear', tol=0.0001,
          verbose=0, warm_start=False)
01/29/2018 20:25:19 [INFO] exp_shallowmodel: train time: 2.046s
01/29/2018 20:25:19 [INFO] exp_shallowmodel: test time:  0.000s
01/29/2018 20:25:19 [INFO] exp_shallowmodel: accuracy:   0.788
01/29/2018 20:25:19 [INFO] exp_shallowmodel: f1_score:   0.670
01/29/2018 20:25:19 [INFO] exp_shallowmodel: classification report:
01/29/2018 20:25:19 [INFO] exp_shallowmodel:              precision    recall  f1-score   support

          A       0.67      0.29      0.40        14
          C       0.73      0.76      0.74       164
          F       0.86      0.92      0.89       268
          R       0.70      0.61      0.65       125

avg / total       0.78      0.79      0.78       571

01/29/2018 20:25:19 [INFO] exp_shallowmodel: confusion matrix:
01/29/2018 20:25:19 [INFO] exp_shallowmodel: 
[[  4   1   6   3]
 [  1 124  18  21]
 [  1  12 246   9]
 [  0  34  15  76]]
01/29/2018 20:25:19 [INFO] exp_shallowmodel: ******************** dstc2 - Round 47 
01/29/2018 20:25:19 [INFO] exp_shallowmodel: #(data) = 4583
01/29/2018 20:25:19 [INFO] exp_shallowmodel: #(feature) = 257
01/29/2018 20:25:19 [INFO] exp_shallowmodel: ================================================================================
01/29/2018 20:25:19 [INFO] exp_shallowmodel: LR.pen=l1.C=1.000000
01/29/2018 20:25:19 [INFO] exp_shallowmodel: ________________________________________________________________________________
01/29/2018 20:25:19 [INFO] exp_shallowmodel: Training: 
01/29/2018 20:25:19 [INFO] exp_shallowmodel: LogisticRegression(C=1, class_weight=None, dual=False, fit_intercept=True,
          intercept_scaling=1, max_iter=100, multi_class='ovr', n_jobs=1,
          penalty='l1', random_state=None, solver='liblinear', tol=0.0001,
          verbose=0, warm_start=False)
01/29/2018 20:25:20 [INFO] exp_shallowmodel: train time: 1.886s
01/29/2018 20:25:20 [INFO] exp_shallowmodel: test time:  0.000s
01/29/2018 20:25:20 [INFO] exp_shallowmodel: accuracy:   0.811
01/29/2018 20:25:20 [INFO] exp_shallowmodel: f1_score:   0.705
01/29/2018 20:25:20 [INFO] exp_shallowmodel: classification report:
01/29/2018 20:25:20 [INFO] exp_shallowmodel:              precision    recall  f1-score   support

          A       0.71      0.36      0.48        14
          C       0.72      0.78      0.75       164
          F       0.90      0.94      0.92       268
          R       0.73      0.62      0.67       125

avg / total       0.81      0.81      0.81       571

01/29/2018 20:25:20 [INFO] exp_shallowmodel: confusion matrix:
01/29/2018 20:25:20 [INFO] exp_shallowmodel: 
[[  5   2   6   1]
 [  0 128  11  25]
 [  1  12 252   3]
 [  1  36  10  78]]
01/29/2018 20:25:20 [INFO] exp_shallowmodel: ******************** dstc2 - Round 48 
01/29/2018 20:25:20 [INFO] exp_shallowmodel: #(data) = 4583
01/29/2018 20:25:20 [INFO] exp_shallowmodel: #(feature) = 257
01/29/2018 20:25:20 [INFO] exp_shallowmodel: ================================================================================
01/29/2018 20:25:20 [INFO] exp_shallowmodel: LR.pen=l1.C=1.000000
01/29/2018 20:25:20 [INFO] exp_shallowmodel: ________________________________________________________________________________
01/29/2018 20:25:20 [INFO] exp_shallowmodel: Training: 
01/29/2018 20:25:20 [INFO] exp_shallowmodel: LogisticRegression(C=1, class_weight=None, dual=False, fit_intercept=True,
          intercept_scaling=1, max_iter=100, multi_class='ovr', n_jobs=1,
          penalty='l1', random_state=None, solver='liblinear', tol=0.0001,
          verbose=0, warm_start=False)
01/29/2018 20:25:22 [INFO] exp_shallowmodel: train time: 1.941s
01/29/2018 20:25:22 [INFO] exp_shallowmodel: test time:  0.001s
01/29/2018 20:25:22 [INFO] exp_shallowmodel: accuracy:   0.806
01/29/2018 20:25:22 [INFO] exp_shallowmodel: f1_score:   0.690
01/29/2018 20:25:22 [INFO] exp_shallowmodel: classification report:
01/29/2018 20:25:22 [INFO] exp_shallowmodel:              precision    recall  f1-score   support

          A       0.67      0.29      0.40        14
          C       0.78      0.84      0.81       164
          F       0.85      0.89      0.87       268
          R       0.73      0.64      0.68       125

avg / total       0.80      0.81      0.80       571

01/29/2018 20:25:22 [INFO] exp_shallowmodel: confusion matrix:
01/29/2018 20:25:22 [INFO] exp_shallowmodel: 
[[  4   1   7   2]
 [  0 137  11  16]
 [  2  16 239  11]
 [  0  22  23  80]]
01/29/2018 20:25:22 [INFO] exp_shallowmodel: ******************** dstc2 - Round 49 
01/29/2018 20:25:22 [INFO] exp_shallowmodel: #(data) = 4568
01/29/2018 20:25:22 [INFO] exp_shallowmodel: #(feature) = 257
01/29/2018 20:25:22 [INFO] exp_shallowmodel: ================================================================================
01/29/2018 20:25:22 [INFO] exp_shallowmodel: LR.pen=l1.C=1.000000
01/29/2018 20:25:22 [INFO] exp_shallowmodel: ________________________________________________________________________________
01/29/2018 20:25:22 [INFO] exp_shallowmodel: Training: 
01/29/2018 20:25:22 [INFO] exp_shallowmodel: LogisticRegression(C=1, class_weight=None, dual=False, fit_intercept=True,
          intercept_scaling=1, max_iter=100, multi_class='ovr', n_jobs=1,
          penalty='l1', random_state=None, solver='liblinear', tol=0.0001,
          verbose=0, warm_start=False)
01/29/2018 20:25:25 [INFO] exp_shallowmodel: train time: 2.280s
01/29/2018 20:25:25 [INFO] exp_shallowmodel: test time:  0.000s
01/29/2018 20:25:25 [INFO] exp_shallowmodel: accuracy:   0.787
01/29/2018 20:25:25 [INFO] exp_shallowmodel: f1_score:   0.663
01/29/2018 20:25:25 [INFO] exp_shallowmodel: classification report:
01/29/2018 20:25:25 [INFO] exp_shallowmodel:              precision    recall  f1-score   support

          A       0.67      0.25      0.36        16
          C       0.76      0.74      0.75       169
          F       0.87      0.91      0.89       271
          R       0.64      0.65      0.65       130

avg / total       0.78      0.79      0.78       586

01/29/2018 20:25:25 [INFO] exp_shallowmodel: confusion matrix:
01/29/2018 20:25:25 [INFO] exp_shallowmodel: 
[[  4   3   8   1]
 [  0 125  12  32]
 [  0  10 247  14]
 [  2  26  17  85]]
Traceback (most recent call last):
  File "/ihome/pbrusilosky/rum20/packages/anaconda3/lib/python3.6/runpy.py", line 193, in _run_module_as_main
    "__main__", mod_spec)
  File "/ihome/pbrusilosky/rum20/packages/anaconda3/lib/python3.6/runpy.py", line 85, in _run_code
    exec(code, run_globals)
  File "/ihome/pbrusilosky/rum20/y_classify/dialogue/classify/task_runner.py", line 220, in <module>
    worker(q, data_dict, opt)
  File "/ihome/pbrusilosky/rum20/y_classify/dialogue/classify/task_runner.py", line 183, in worker
    result = exp.run_cross_validation_with_continuous_feature_selection(X, Y, retained_feature_indices, retained_feature_names, opt.k_feature_to_keep, opt.k_component_for_pca)
  File "/ihome/pbrusilosky/rum20/y_classify/dialogue/classify/exp_shallowmodel.py", line 1307, in run_cross_validation_with_continuous_feature_selection
    chi2_stats, pvals        = chi2(X_discrete, Y)
  File "/ihome/pbrusilosky/rum20/packages/anaconda3/lib/python3.6/site-packages/sklearn/feature_selection/univariate_selection.py", line 213, in chi2
    X = check_array(X, accept_sparse='csr')
  File "/ihome/pbrusilosky/rum20/packages/anaconda3/lib/python3.6/site-packages/sklearn/utils/validation.py", line 470, in check_array
    context))
ValueError: Found array with 0 feature(s) (shape=(5725, 0)) while a minimum of 1 is required.
srun: error: smp-n14: task 0: Exited with exit code 1
