/ihome/pbrusilosky/rum20/packages/anaconda3/bin/python -m dialogue.classify.task_runner -experiment_mode continuous_feature_selection -selected_feature_set_id 8 -add_similarity_feature -selected_context_id 0 -k_feature_to_keep -1 -k_component_for_pca 7
No. of param settings = 1
[('experiment_mode', 'continuous_feature_selection'), ('deep_model', False), ('selected_context_id', 0), ('selected_feature_set_id', 8), ('similarity_feature', True), ('k_feature_to_keep', -1), ('k_component_for_pca', 7)]
Loading extracted features of dstc2
Loading extracted features of dstc3
Loading extracted features of family
Loading extracted features of ghome
01/29/2018 20:20:41 [INFO] configuration: experiment_mode  :   continuous_feature_selection
01/29/2018 20:20:41 [INFO] configuration: deep_model  :   False
01/29/2018 20:20:41 [INFO] configuration: selected_context_id  :   0
01/29/2018 20:20:41 [INFO] configuration: selected_feature_set_id  :   8
01/29/2018 20:20:41 [INFO] configuration: similarity_feature  :   True
01/29/2018 20:20:41 [INFO] configuration: k_feature_to_keep  :   -1
01/29/2018 20:20:41 [INFO] configuration: k_component_for_pca  :   7
01/29/2018 20:20:41 [INFO] configuration: seed  :   154316847
01/29/2018 20:20:41 [INFO] configuration: root_path  :   /ihome/pbrusilosky/rum20/y_classify
01/29/2018 20:20:41 [INFO] configuration: task_name  :   utterance_type
01/29/2018 20:20:41 [INFO] configuration: timemark  :   20180129-202041
01/29/2018 20:20:41 [INFO] configuration: context_set  :   next
01/29/2018 20:20:41 [INFO] configuration: utterance_names  :   ['last_user_utterance', 'last_system_utterance', 'current_user_utterance', 'next_system_utterance', 'next_user_utterance']
01/29/2018 20:20:41 [INFO] configuration: utterance_range  :   ['current_user_utterance', 'next_system_utterance', 'next_user_utterance']
01/29/2018 20:20:41 [INFO] configuration: feature_set  :   8-skipthought
01/29/2018 20:20:41 [INFO] configuration: feature_set_number  :   ['11']
01/29/2018 20:20:41 [INFO] configuration: experiment_name  :   20180129-202041.continuous_feature_selection.pca_component=7.feature_number=-1.context=next.feature=8-skipthought.similarity=true
01/29/2018 20:20:41 [INFO] configuration: experiment_path  :   /ihome/pbrusilosky/rum20/y_classify/output/20180129-202041.continuous_feature_selection.pca_component=7.feature_number=-1.context=next.feature=8-skipthought.similarity=true
01/29/2018 20:20:41 [INFO] configuration: log_path  :   /ihome/pbrusilosky/rum20/y_classify/output/20180129-202041.continuous_feature_selection.pca_component=7.feature_number=-1.context=next.feature=8-skipthought.similarity=true/output.log
01/29/2018 20:20:41 [INFO] configuration: valid_type  :   {'R', 'C', 'A', 'F'}
01/29/2018 20:20:41 [INFO] configuration: data_name  :   
01/29/2018 20:20:41 [INFO] configuration: data_names  :   ['dstc2', 'dstc3', 'family', 'ghome']
01/29/2018 20:20:41 [INFO] configuration: raw_feature_path  :   /ihome/pbrusilosky/rum20/y_classify/dataset/feature/%s.raw_feature.pkl
01/29/2018 20:20:41 [INFO] configuration: extracted_feature_path  :   /ihome/pbrusilosky/rum20/y_classify/dataset/feature/%s.extracted_feature.pkl
01/29/2018 20:20:41 [INFO] configuration: pipeline_path  :   /ihome/pbrusilosky/rum20/y_classify/dataset/feature/%s.pipeline.pkl
01/29/2018 20:20:41 [INFO] configuration: metrics  :   ['accuracy', 'precision', 'recall', 'f1_score', 'training_time', 'test_time']
01/29/2018 20:20:41 [INFO] configuration: do_cross_validation  :   True
01/29/2018 20:20:41 [INFO] configuration: #division  :   5
01/29/2018 20:20:41 [INFO] configuration: #cross_validation  :   10
01/29/2018 20:20:41 [INFO] configuration: cv_index_cache_path  :   
01/29/2018 20:20:41 [INFO] configuration: action_words  :   {'food', 'temperatur', 'tell', 'post', 'member', 'reminds', 'turn', 'timer', 'room', 'matter', 'share', 'else', 'any', 'snooz', 'reminder', 'cast', 'reminders', 'findcare', 'price', 'video', 'number', 'centr', 'telephon', 'remov', 'music', 'ani', 'alarm', 'north', 'expens', 'time', 'els', 'cheap', 'delet', 'findcar', 'moderate', 'shuffl', 'clear', 'centre', 'expensive', 'telephone', 'stop', 'volum', 'show', 'song', 'shuffle', 'weather', 'start', 'temperature', 'list', 'item', 'remove', 'snooze', 'part', 'delete', 'next', 'discard', 'volume', 'add', 'area', 'skip', 'phone', 'help', 'remind', 'moder', 'items', 'south', 'watch', 'address', 'light', 'play'}
01/29/2018 20:20:41 [INFO] configuration: corenlp_jars  :   ('/Users/memray/Project/stanford/stanford-corenlp-full-3.8.0/*', '/Users/memray/Project/stanford/stanford-corenlp-full-3.8.0/stanford-english-kbp-corenlp-2017-06-09-models.jar')
01/29/2018 20:20:41 [INFO] configuration: lda_topic_number  :   50
01/29/2018 20:20:41 [INFO] configuration: lda_path  :   /ihome/pbrusilosky/rum20/y_classify/dataset/feature/gensim/%s.topic=50.lda.pkl
01/29/2018 20:20:41 [INFO] configuration: gensim_corpus_path  :   /ihome/pbrusilosky/rum20/y_classify/dataset/feature/gensim/%s.corpus.pkl
01/29/2018 20:20:41 [INFO] configuration: gensim_dict_path  :   /ihome/pbrusilosky/rum20/y_classify/dataset/feature/gensim/%s.dict
01/29/2018 20:20:41 [INFO] configuration: w2v_path  :   /home/memray/Data/glove/GoogleNews-vectors-negative300.bin
01/29/2018 20:20:41 [INFO] configuration: w2v_vector_length  :   300
01/29/2018 20:20:41 [INFO] configuration: d2v_vector_length  :   300
01/29/2018 20:20:41 [INFO] configuration: d2v_window_size  :   5
01/29/2018 20:20:41 [INFO] configuration: d2v_min_count  :   2
01/29/2018 20:20:41 [INFO] configuration: d2v_model_path  :   /ihome/pbrusilosky/rum20/y_classify/dataset/feature/gensim/%s.doc2vec.dim=300.window=5.min_count=2.model
01/29/2018 20:20:41 [INFO] configuration: d2v_vector_path  :   /ihome/pbrusilosky/rum20/y_classify/dataset/feature/gensim/%s.doc2vec.dim=300.window=5.min_count=2.vector
01/29/2018 20:20:41 [INFO] configuration: num_word_keep  :   {'dstc2': 300, 'dstc3': 300, 'family': 1000, 'ghome': 1000}
01/29/2018 20:20:41 [INFO] configuration: batch_size  :   128
01/29/2018 20:20:41 [INFO] configuration: max_epoch  :   50
01/29/2018 20:20:41 [INFO] configuration: early_stop_tolerance  :   2
01/29/2018 20:20:41 [INFO] configuration: concat_sents  :   False
01/29/2018 20:20:41 [INFO] configuration: cnn_setting  :   {'model': 'multichannel', 'early_stopping': True, 'word_dim': 300, 'filters': [3, 4, 5], 'filter_num': [100, 100, 100], 'class_size': 4, 'batch_size': 128, 'learning_rate': 0.001, 'norm_limit': 10, 'dropout_prob': 0.0, 'sentence_num': 3}
01/29/2018 20:20:41 [INFO] configuration: skipthought_setting  :   {'skipthought_model_path': '/Users/memray/Data/skip-thought', 'skipthought_data_path': '/ihome/pbrusilosky/rum20/y_classify/dataset/feature/gensim/%s.skip-thought.biskip.vector', 'fixed_emb': True, 'sentence_num': 3, 'hidden_size': 2400, 'class_size': 4, 'learning_rate': 0.0001, 'norm_limit': 3, 'dropout_prob': 0.5}
01/29/2018 20:20:41 [INFO] configuration: lstm_setting  :   {'model': 'non-static', 'hidden_size': 32, 'embedding_size': 300, 'num_layers': 1, 'bidirectional': False, 'learning_rate': 0.001, 'class_size': 4, 'norm_limit': 2, 'clip_grad_norm': 2, 'dropout_prob': 0.1}
01/29/2018 20:23:43 [INFO] exp_shallowmodel: %%%%%%%%%%%%%%%%%%%%%%%%%%%%%%%%%%%%%%%%%%%%%%%%%%
01/29/2018 20:23:43 [INFO] exp_shallowmodel:           dataset=dstc2
01/29/2018 20:23:43 [INFO] exp_shallowmodel:           X_new.shape=(5725, 129)
01/29/2018 20:23:43 [INFO] exp_shallowmodel:           #(discrete_feature)=0
01/29/2018 20:23:43 [INFO] exp_shallowmodel:           #(continuous_feature)=128
01/29/2018 20:23:43 [INFO] exp_shallowmodel:           #(similarity_feature)=1
01/29/2018 20:23:43 [INFO] exp_shallowmodel: %%%%%%%%%%%%%%%%%%%%%%%%%%%%%%%%%%%%%%%%%%%%%%%%%%
01/29/2018 20:23:43 [INFO] exp_shallowmodel: ******************** dstc2 - Round 0 
01/29/2018 20:23:43 [INFO] exp_shallowmodel: #(data) = 4583
01/29/2018 20:23:43 [INFO] exp_shallowmodel: #(feature) = 129
01/29/2018 20:23:43 [INFO] exp_shallowmodel: ================================================================================
01/29/2018 20:23:43 [INFO] exp_shallowmodel: LR.pen=l1.C=1.000000
01/29/2018 20:23:43 [INFO] exp_shallowmodel: ________________________________________________________________________________
01/29/2018 20:23:43 [INFO] exp_shallowmodel: Training: 
01/29/2018 20:23:43 [INFO] exp_shallowmodel: LogisticRegression(C=1, class_weight=None, dual=False, fit_intercept=True,
          intercept_scaling=1, max_iter=100, multi_class='ovr', n_jobs=1,
          penalty='l1', random_state=None, solver='liblinear', tol=0.0001,
          verbose=0, warm_start=False)
01/29/2018 20:23:44 [INFO] exp_shallowmodel: train time: 0.710s
01/29/2018 20:23:44 [INFO] exp_shallowmodel: test time:  0.000s
01/29/2018 20:23:44 [INFO] exp_shallowmodel: accuracy:   0.839
01/29/2018 20:23:44 [INFO] exp_shallowmodel: f1_score:   0.741
01/29/2018 20:23:44 [INFO] exp_shallowmodel: classification report:
01/29/2018 20:23:44 [INFO] exp_shallowmodel:              precision    recall  f1-score   support

          A       1.00      0.36      0.53        14
          C       0.79      0.84      0.81       164
          F       0.89      0.96      0.92       268
          R       0.77      0.65      0.70       125

avg / total       0.84      0.84      0.83       571

01/29/2018 20:23:44 [INFO] exp_shallowmodel: confusion matrix:
01/29/2018 20:23:44 [INFO] exp_shallowmodel: 
[[  5   2   5   2]
 [  0 137  10  17]
 [  0   7 256   5]
 [  0  28  16  81]]
01/29/2018 20:23:44 [INFO] exp_shallowmodel: ******************** dstc2 - Round 1 
01/29/2018 20:23:44 [INFO] exp_shallowmodel: #(data) = 4583
01/29/2018 20:23:44 [INFO] exp_shallowmodel: #(feature) = 129
01/29/2018 20:23:44 [INFO] exp_shallowmodel: ================================================================================
01/29/2018 20:23:44 [INFO] exp_shallowmodel: LR.pen=l1.C=1.000000
01/29/2018 20:23:44 [INFO] exp_shallowmodel: ________________________________________________________________________________
01/29/2018 20:23:44 [INFO] exp_shallowmodel: Training: 
01/29/2018 20:23:44 [INFO] exp_shallowmodel: LogisticRegression(C=1, class_weight=None, dual=False, fit_intercept=True,
          intercept_scaling=1, max_iter=100, multi_class='ovr', n_jobs=1,
          penalty='l1', random_state=None, solver='liblinear', tol=0.0001,
          verbose=0, warm_start=False)
01/29/2018 20:23:45 [INFO] exp_shallowmodel: train time: 0.744s
01/29/2018 20:23:45 [INFO] exp_shallowmodel: test time:  0.000s
01/29/2018 20:23:45 [INFO] exp_shallowmodel: accuracy:   0.807
01/29/2018 20:23:45 [INFO] exp_shallowmodel: f1_score:   0.652
01/29/2018 20:23:45 [INFO] exp_shallowmodel: classification report:
01/29/2018 20:23:45 [INFO] exp_shallowmodel:              precision    recall  f1-score   support

          A       1.00      0.14      0.25        14
          C       0.75      0.77      0.76       164
          F       0.89      0.92      0.90       268
          R       0.70      0.68      0.69       125

avg / total       0.81      0.81      0.80       571

01/29/2018 20:23:45 [INFO] exp_shallowmodel: confusion matrix:
01/29/2018 20:23:45 [INFO] exp_shallowmodel: 
[[  2   3   7   2]
 [  0 127  13  24]
 [  0  11 247  10]
 [  0  28  12  85]]
01/29/2018 20:23:45 [INFO] exp_shallowmodel: ******************** dstc2 - Round 2 
01/29/2018 20:23:45 [INFO] exp_shallowmodel: #(data) = 4583
01/29/2018 20:23:45 [INFO] exp_shallowmodel: #(feature) = 129
01/29/2018 20:23:45 [INFO] exp_shallowmodel: ================================================================================
01/29/2018 20:23:45 [INFO] exp_shallowmodel: LR.pen=l1.C=1.000000
01/29/2018 20:23:45 [INFO] exp_shallowmodel: ________________________________________________________________________________
01/29/2018 20:23:45 [INFO] exp_shallowmodel: Training: 
01/29/2018 20:23:45 [INFO] exp_shallowmodel: LogisticRegression(C=1, class_weight=None, dual=False, fit_intercept=True,
          intercept_scaling=1, max_iter=100, multi_class='ovr', n_jobs=1,
          penalty='l1', random_state=None, solver='liblinear', tol=0.0001,
          verbose=0, warm_start=False)
01/29/2018 20:23:45 [INFO] exp_shallowmodel: train time: 0.713s
01/29/2018 20:23:45 [INFO] exp_shallowmodel: test time:  0.000s
01/29/2018 20:23:45 [INFO] exp_shallowmodel: accuracy:   0.811
01/29/2018 20:23:45 [INFO] exp_shallowmodel: f1_score:   0.627
01/29/2018 20:23:45 [INFO] exp_shallowmodel: classification report:
01/29/2018 20:23:45 [INFO] exp_shallowmodel:              precision    recall  f1-score   support

          A       1.00      0.07      0.13        14
          C       0.73      0.79      0.76       164
          F       0.89      0.93      0.91       268
          R       0.76      0.67      0.71       125

avg / total       0.81      0.81      0.80       571

01/29/2018 20:23:45 [INFO] exp_shallowmodel: confusion matrix:
01/29/2018 20:23:45 [INFO] exp_shallowmodel: 
[[  1   3   7   3]
 [  0 130  16  18]
 [  0  14 248   6]
 [  0  32   9  84]]
01/29/2018 20:23:45 [INFO] exp_shallowmodel: ******************** dstc2 - Round 3 
01/29/2018 20:23:45 [INFO] exp_shallowmodel: #(data) = 4583
01/29/2018 20:23:45 [INFO] exp_shallowmodel: #(feature) = 129
01/29/2018 20:23:45 [INFO] exp_shallowmodel: ================================================================================
01/29/2018 20:23:45 [INFO] exp_shallowmodel: LR.pen=l1.C=1.000000
01/29/2018 20:23:45 [INFO] exp_shallowmodel: ________________________________________________________________________________
01/29/2018 20:23:45 [INFO] exp_shallowmodel: Training: 
01/29/2018 20:23:45 [INFO] exp_shallowmodel: LogisticRegression(C=1, class_weight=None, dual=False, fit_intercept=True,
          intercept_scaling=1, max_iter=100, multi_class='ovr', n_jobs=1,
          penalty='l1', random_state=None, solver='liblinear', tol=0.0001,
          verbose=0, warm_start=False)
01/29/2018 20:23:46 [INFO] exp_shallowmodel: train time: 0.688s
01/29/2018 20:23:46 [INFO] exp_shallowmodel: test time:  0.000s
01/29/2018 20:23:46 [INFO] exp_shallowmodel: accuracy:   0.792
01/29/2018 20:23:46 [INFO] exp_shallowmodel: f1_score:   0.651
01/29/2018 20:23:46 [INFO] exp_shallowmodel: classification report:
01/29/2018 20:23:46 [INFO] exp_shallowmodel:              precision    recall  f1-score   support

          A       0.60      0.21      0.32        14
          C       0.75      0.79      0.77       164
          F       0.87      0.92      0.89       268
          R       0.65      0.59      0.62       125

avg / total       0.78      0.79      0.78       571

01/29/2018 20:23:46 [INFO] exp_shallowmodel: confusion matrix:
01/29/2018 20:23:46 [INFO] exp_shallowmodel: 
[[  3   2   7   2]
 [  1 129   9  25]
 [  0  10 246  12]
 [  1  30  20  74]]
01/29/2018 20:23:46 [INFO] exp_shallowmodel: ******************** dstc2 - Round 4 
01/29/2018 20:23:46 [INFO] exp_shallowmodel: #(data) = 4583
01/29/2018 20:23:46 [INFO] exp_shallowmodel: #(feature) = 129
01/29/2018 20:23:46 [INFO] exp_shallowmodel: ================================================================================
01/29/2018 20:23:46 [INFO] exp_shallowmodel: LR.pen=l1.C=1.000000
01/29/2018 20:23:46 [INFO] exp_shallowmodel: ________________________________________________________________________________
01/29/2018 20:23:46 [INFO] exp_shallowmodel: Training: 
01/29/2018 20:23:46 [INFO] exp_shallowmodel: LogisticRegression(C=1, class_weight=None, dual=False, fit_intercept=True,
          intercept_scaling=1, max_iter=100, multi_class='ovr', n_jobs=1,
          penalty='l1', random_state=None, solver='liblinear', tol=0.0001,
          verbose=0, warm_start=False)
01/29/2018 20:23:47 [INFO] exp_shallowmodel: train time: 0.729s
01/29/2018 20:23:47 [INFO] exp_shallowmodel: test time:  0.000s
01/29/2018 20:23:47 [INFO] exp_shallowmodel: accuracy:   0.785
01/29/2018 20:23:47 [INFO] exp_shallowmodel: f1_score:   0.578
01/29/2018 20:23:47 [INFO] exp_shallowmodel: classification report:
01/29/2018 20:23:47 [INFO] exp_shallowmodel:              precision    recall  f1-score   support

          A       0.00      0.00      0.00        14
          C       0.76      0.78      0.77       164
          F       0.83      0.89      0.86       268
          R       0.72      0.66      0.69       125

avg / total       0.76      0.78      0.77       571

01/29/2018 20:23:47 [INFO] exp_shallowmodel: confusion matrix:
01/29/2018 20:23:47 [INFO] exp_shallowmodel: 
[[  0   1  11   2]
 [  0 128  19  17]
 [  0  17 238  13]
 [  0  23  20  82]]
01/29/2018 20:23:47 [INFO] exp_shallowmodel: ******************** dstc2 - Round 5 
01/29/2018 20:23:47 [INFO] exp_shallowmodel: #(data) = 4583
01/29/2018 20:23:47 [INFO] exp_shallowmodel: #(feature) = 129
01/29/2018 20:23:47 [INFO] exp_shallowmodel: ================================================================================
01/29/2018 20:23:47 [INFO] exp_shallowmodel: LR.pen=l1.C=1.000000
01/29/2018 20:23:47 [INFO] exp_shallowmodel: ________________________________________________________________________________
01/29/2018 20:23:47 [INFO] exp_shallowmodel: Training: 
01/29/2018 20:23:47 [INFO] exp_shallowmodel: LogisticRegression(C=1, class_weight=None, dual=False, fit_intercept=True,
          intercept_scaling=1, max_iter=100, multi_class='ovr', n_jobs=1,
          penalty='l1', random_state=None, solver='liblinear', tol=0.0001,
          verbose=0, warm_start=False)
01/29/2018 20:23:47 [INFO] exp_shallowmodel: train time: 0.750s
01/29/2018 20:23:47 [INFO] exp_shallowmodel: test time:  0.000s
01/29/2018 20:23:47 [INFO] exp_shallowmodel: accuracy:   0.800
01/29/2018 20:23:47 [INFO] exp_shallowmodel: f1_score:   0.616
01/29/2018 20:23:47 [INFO] exp_shallowmodel: classification report:
01/29/2018 20:23:47 [INFO] exp_shallowmodel:              precision    recall  f1-score   support

          A       1.00      0.07      0.13        14
          C       0.76      0.79      0.77       164
          F       0.88      0.92      0.90       268
          R       0.68      0.65      0.66       125

avg / total       0.80      0.80      0.79       571

01/29/2018 20:23:47 [INFO] exp_shallowmodel: confusion matrix:
01/29/2018 20:23:47 [INFO] exp_shallowmodel: 
[[  1   3   8   2]
 [  0 129  11  24]
 [  0   9 246  13]
 [  0  29  15  81]]
01/29/2018 20:23:47 [INFO] exp_shallowmodel: ******************** dstc2 - Round 6 
01/29/2018 20:23:47 [INFO] exp_shallowmodel: #(data) = 4583
01/29/2018 20:23:47 [INFO] exp_shallowmodel: #(feature) = 129
01/29/2018 20:23:47 [INFO] exp_shallowmodel: ================================================================================
01/29/2018 20:23:47 [INFO] exp_shallowmodel: LR.pen=l1.C=1.000000
01/29/2018 20:23:47 [INFO] exp_shallowmodel: ________________________________________________________________________________
01/29/2018 20:23:47 [INFO] exp_shallowmodel: Training: 
01/29/2018 20:23:47 [INFO] exp_shallowmodel: LogisticRegression(C=1, class_weight=None, dual=False, fit_intercept=True,
          intercept_scaling=1, max_iter=100, multi_class='ovr', n_jobs=1,
          penalty='l1', random_state=None, solver='liblinear', tol=0.0001,
          verbose=0, warm_start=False)
01/29/2018 20:23:48 [INFO] exp_shallowmodel: train time: 0.747s
01/29/2018 20:23:48 [INFO] exp_shallowmodel: test time:  0.000s
01/29/2018 20:23:48 [INFO] exp_shallowmodel: accuracy:   0.813
01/29/2018 20:23:48 [INFO] exp_shallowmodel: f1_score:   0.695
01/29/2018 20:23:48 [INFO] exp_shallowmodel: classification report:
01/29/2018 20:23:48 [INFO] exp_shallowmodel:              precision    recall  f1-score   support

          A       0.80      0.29      0.42        14
          C       0.78      0.83      0.80       164
          F       0.88      0.92      0.90       268
          R       0.70      0.62      0.66       125

avg / total       0.81      0.81      0.81       571

01/29/2018 20:23:48 [INFO] exp_shallowmodel: confusion matrix:
01/29/2018 20:23:48 [INFO] exp_shallowmodel: 
[[  4   1   8   1]
 [  0 136   8  20]
 [  1   8 246  13]
 [  0  30  17  78]]
01/29/2018 20:23:48 [INFO] exp_shallowmodel: ******************** dstc2 - Round 7 
01/29/2018 20:23:48 [INFO] exp_shallowmodel: #(data) = 4583
01/29/2018 20:23:48 [INFO] exp_shallowmodel: #(feature) = 129
01/29/2018 20:23:48 [INFO] exp_shallowmodel: ================================================================================
01/29/2018 20:23:48 [INFO] exp_shallowmodel: LR.pen=l1.C=1.000000
01/29/2018 20:23:48 [INFO] exp_shallowmodel: ________________________________________________________________________________
01/29/2018 20:23:48 [INFO] exp_shallowmodel: Training: 
01/29/2018 20:23:48 [INFO] exp_shallowmodel: LogisticRegression(C=1, class_weight=None, dual=False, fit_intercept=True,
          intercept_scaling=1, max_iter=100, multi_class='ovr', n_jobs=1,
          penalty='l1', random_state=None, solver='liblinear', tol=0.0001,
          verbose=0, warm_start=False)
01/29/2018 20:23:49 [INFO] exp_shallowmodel: train time: 0.761s
01/29/2018 20:23:49 [INFO] exp_shallowmodel: test time:  0.000s
01/29/2018 20:23:49 [INFO] exp_shallowmodel: accuracy:   0.778
01/29/2018 20:23:49 [INFO] exp_shallowmodel: f1_score:   0.589
01/29/2018 20:23:49 [INFO] exp_shallowmodel: classification report:
01/29/2018 20:23:49 [INFO] exp_shallowmodel:              precision    recall  f1-score   support

          A       0.25      0.07      0.11        14
          C       0.75      0.74      0.74       164
          F       0.86      0.93      0.89       268
          R       0.63      0.59      0.61       125

avg / total       0.76      0.78      0.77       571

01/29/2018 20:23:49 [INFO] exp_shallowmodel: confusion matrix:
01/29/2018 20:23:49 [INFO] exp_shallowmodel: 
[[  1   3   5   5]
 [  0 121  15  28]
 [  2   8 248  10]
 [  1  29  21  74]]
01/29/2018 20:23:49 [INFO] exp_shallowmodel: ******************** dstc2 - Round 8 
01/29/2018 20:23:49 [INFO] exp_shallowmodel: #(data) = 4583
01/29/2018 20:23:49 [INFO] exp_shallowmodel: #(feature) = 129
01/29/2018 20:23:49 [INFO] exp_shallowmodel: ================================================================================
01/29/2018 20:23:49 [INFO] exp_shallowmodel: LR.pen=l1.C=1.000000
01/29/2018 20:23:49 [INFO] exp_shallowmodel: ________________________________________________________________________________
01/29/2018 20:23:49 [INFO] exp_shallowmodel: Training: 
01/29/2018 20:23:49 [INFO] exp_shallowmodel: LogisticRegression(C=1, class_weight=None, dual=False, fit_intercept=True,
          intercept_scaling=1, max_iter=100, multi_class='ovr', n_jobs=1,
          penalty='l1', random_state=None, solver='liblinear', tol=0.0001,
          verbose=0, warm_start=False)
01/29/2018 20:23:50 [INFO] exp_shallowmodel: train time: 0.773s
01/29/2018 20:23:50 [INFO] exp_shallowmodel: test time:  0.000s
01/29/2018 20:23:50 [INFO] exp_shallowmodel: accuracy:   0.809
01/29/2018 20:23:50 [INFO] exp_shallowmodel: f1_score:   0.654
01/29/2018 20:23:50 [INFO] exp_shallowmodel: classification report:
01/29/2018 20:23:50 [INFO] exp_shallowmodel:              precision    recall  f1-score   support

          A       1.00      0.14      0.25        14
          C       0.77      0.74      0.76       164
          F       0.89      0.93      0.91       268
          R       0.68      0.72      0.70       125

avg / total       0.81      0.81      0.80       571

01/29/2018 20:23:50 [INFO] exp_shallowmodel: confusion matrix:
01/29/2018 20:23:50 [INFO] exp_shallowmodel: 
[[  2   2   9   1]
 [  0 122   9  33]
 [  0  12 248   8]
 [  0  23  12  90]]
01/29/2018 20:23:50 [INFO] exp_shallowmodel: ******************** dstc2 - Round 9 
01/29/2018 20:23:50 [INFO] exp_shallowmodel: #(data) = 4568
01/29/2018 20:23:50 [INFO] exp_shallowmodel: #(feature) = 129
01/29/2018 20:23:50 [INFO] exp_shallowmodel: ================================================================================
01/29/2018 20:23:50 [INFO] exp_shallowmodel: LR.pen=l1.C=1.000000
01/29/2018 20:23:50 [INFO] exp_shallowmodel: ________________________________________________________________________________
01/29/2018 20:23:50 [INFO] exp_shallowmodel: Training: 
01/29/2018 20:23:50 [INFO] exp_shallowmodel: LogisticRegression(C=1, class_weight=None, dual=False, fit_intercept=True,
          intercept_scaling=1, max_iter=100, multi_class='ovr', n_jobs=1,
          penalty='l1', random_state=None, solver='liblinear', tol=0.0001,
          verbose=0, warm_start=False)
01/29/2018 20:23:51 [INFO] exp_shallowmodel: train time: 0.683s
01/29/2018 20:23:51 [INFO] exp_shallowmodel: test time:  0.000s
01/29/2018 20:23:51 [INFO] exp_shallowmodel: accuracy:   0.771
01/29/2018 20:23:51 [INFO] exp_shallowmodel: f1_score:   0.666
01/29/2018 20:23:51 [INFO] exp_shallowmodel: classification report:
01/29/2018 20:23:51 [INFO] exp_shallowmodel:              precision    recall  f1-score   support

          A       0.83      0.31      0.45        16
          C       0.70      0.76      0.73       169
          F       0.87      0.91      0.89       271
          R       0.64      0.55      0.59       130

avg / total       0.77      0.77      0.76       586

01/29/2018 20:23:51 [INFO] exp_shallowmodel: confusion matrix:
01/29/2018 20:23:51 [INFO] exp_shallowmodel: 
[[  5   2   6   3]
 [  0 129  13  27]
 [  1  13 247  10]
 [  0  41  18  71]]
01/29/2018 20:23:51 [INFO] exp_shallowmodel: ******************** dstc2 - Round 10 
01/29/2018 20:23:51 [INFO] exp_shallowmodel: #(data) = 4583
01/29/2018 20:23:51 [INFO] exp_shallowmodel: #(feature) = 129
01/29/2018 20:23:51 [INFO] exp_shallowmodel: ================================================================================
01/29/2018 20:23:51 [INFO] exp_shallowmodel: LR.pen=l1.C=1.000000
01/29/2018 20:23:51 [INFO] exp_shallowmodel: ________________________________________________________________________________
01/29/2018 20:23:51 [INFO] exp_shallowmodel: Training: 
01/29/2018 20:23:51 [INFO] exp_shallowmodel: LogisticRegression(C=1, class_weight=None, dual=False, fit_intercept=True,
          intercept_scaling=1, max_iter=100, multi_class='ovr', n_jobs=1,
          penalty='l1', random_state=None, solver='liblinear', tol=0.0001,
          verbose=0, warm_start=False)
01/29/2018 20:23:51 [INFO] exp_shallowmodel: train time: 0.634s
01/29/2018 20:23:51 [INFO] exp_shallowmodel: test time:  0.000s
01/29/2018 20:23:51 [INFO] exp_shallowmodel: accuracy:   0.835
01/29/2018 20:23:51 [INFO] exp_shallowmodel: f1_score:   0.648
01/29/2018 20:23:51 [INFO] exp_shallowmodel: classification report:
01/29/2018 20:23:51 [INFO] exp_shallowmodel:              precision    recall  f1-score   support

          A       1.00      0.07      0.13        14
          C       0.78      0.80      0.79       164
          F       0.88      0.96      0.92       268
          R       0.79      0.71      0.75       125

avg / total       0.84      0.84      0.82       571

01/29/2018 20:23:51 [INFO] exp_shallowmodel: confusion matrix:
01/29/2018 20:23:51 [INFO] exp_shallowmodel: 
[[  1   3   9   1]
 [  0 131  15  18]
 [  0   7 256   5]
 [  0  26  10  89]]
01/29/2018 20:23:51 [INFO] exp_shallowmodel: ******************** dstc2 - Round 11 
01/29/2018 20:23:51 [INFO] exp_shallowmodel: #(data) = 4583
01/29/2018 20:23:51 [INFO] exp_shallowmodel: #(feature) = 129
01/29/2018 20:23:51 [INFO] exp_shallowmodel: ================================================================================
01/29/2018 20:23:51 [INFO] exp_shallowmodel: LR.pen=l1.C=1.000000
01/29/2018 20:23:51 [INFO] exp_shallowmodel: ________________________________________________________________________________
01/29/2018 20:23:51 [INFO] exp_shallowmodel: Training: 
01/29/2018 20:23:51 [INFO] exp_shallowmodel: LogisticRegression(C=1, class_weight=None, dual=False, fit_intercept=True,
          intercept_scaling=1, max_iter=100, multi_class='ovr', n_jobs=1,
          penalty='l1', random_state=None, solver='liblinear', tol=0.0001,
          verbose=0, warm_start=False)
01/29/2018 20:23:52 [INFO] exp_shallowmodel: train time: 0.705s
01/29/2018 20:23:52 [INFO] exp_shallowmodel: test time:  0.000s
01/29/2018 20:23:52 [INFO] exp_shallowmodel: accuracy:   0.806
01/29/2018 20:23:52 [INFO] exp_shallowmodel: f1_score:   0.681
01/29/2018 20:23:52 [INFO] exp_shallowmodel: classification report:
01/29/2018 20:23:52 [INFO] exp_shallowmodel:              precision    recall  f1-score   support

          A       0.57      0.29      0.38        14
          C       0.76      0.76      0.76       164
          F       0.87      0.94      0.90       268
          R       0.72      0.65      0.68       125

avg / total       0.80      0.81      0.80       571

01/29/2018 20:23:52 [INFO] exp_shallowmodel: confusion matrix:
01/29/2018 20:23:52 [INFO] exp_shallowmodel: 
[[  4   2   6   2]
 [  0 124  17  23]
 [  2   9 251   6]
 [  1  28  15  81]]
01/29/2018 20:23:52 [INFO] exp_shallowmodel: ******************** dstc2 - Round 12 
01/29/2018 20:23:52 [INFO] exp_shallowmodel: #(data) = 4583
01/29/2018 20:23:52 [INFO] exp_shallowmodel: #(feature) = 129
01/29/2018 20:23:52 [INFO] exp_shallowmodel: ================================================================================
01/29/2018 20:23:52 [INFO] exp_shallowmodel: LR.pen=l1.C=1.000000
01/29/2018 20:23:52 [INFO] exp_shallowmodel: ________________________________________________________________________________
01/29/2018 20:23:52 [INFO] exp_shallowmodel: Training: 
01/29/2018 20:23:52 [INFO] exp_shallowmodel: LogisticRegression(C=1, class_weight=None, dual=False, fit_intercept=True,
          intercept_scaling=1, max_iter=100, multi_class='ovr', n_jobs=1,
          penalty='l1', random_state=None, solver='liblinear', tol=0.0001,
          verbose=0, warm_start=False)
01/29/2018 20:23:53 [INFO] exp_shallowmodel: train time: 0.769s
01/29/2018 20:23:53 [INFO] exp_shallowmodel: test time:  0.000s
01/29/2018 20:23:53 [INFO] exp_shallowmodel: accuracy:   0.778
01/29/2018 20:23:53 [INFO] exp_shallowmodel: f1_score:   0.645
01/29/2018 20:23:53 [INFO] exp_shallowmodel: classification report:
01/29/2018 20:23:53 [INFO] exp_shallowmodel:              precision    recall  f1-score   support

          A       0.75      0.21      0.33        14
          C       0.72      0.74      0.73       164
          F       0.87      0.91      0.89       268
          R       0.65      0.62      0.63       125

avg / total       0.77      0.78      0.77       571

01/29/2018 20:23:53 [INFO] exp_shallowmodel: confusion matrix:
01/29/2018 20:23:53 [INFO] exp_shallowmodel: 
[[  3   1   7   3]
 [  0 121  14  29]
 [  1  14 243  10]
 [  0  32  16  77]]
01/29/2018 20:23:53 [INFO] exp_shallowmodel: ******************** dstc2 - Round 13 
01/29/2018 20:23:53 [INFO] exp_shallowmodel: #(data) = 4583
01/29/2018 20:23:53 [INFO] exp_shallowmodel: #(feature) = 129
01/29/2018 20:23:53 [INFO] exp_shallowmodel: ================================================================================
01/29/2018 20:23:53 [INFO] exp_shallowmodel: LR.pen=l1.C=1.000000
01/29/2018 20:23:53 [INFO] exp_shallowmodel: ________________________________________________________________________________
01/29/2018 20:23:53 [INFO] exp_shallowmodel: Training: 
01/29/2018 20:23:53 [INFO] exp_shallowmodel: LogisticRegression(C=1, class_weight=None, dual=False, fit_intercept=True,
          intercept_scaling=1, max_iter=100, multi_class='ovr', n_jobs=1,
          penalty='l1', random_state=None, solver='liblinear', tol=0.0001,
          verbose=0, warm_start=False)
01/29/2018 20:23:53 [INFO] exp_shallowmodel: train time: 0.761s
01/29/2018 20:23:53 [INFO] exp_shallowmodel: test time:  0.000s
01/29/2018 20:23:53 [INFO] exp_shallowmodel: accuracy:   0.802
01/29/2018 20:23:53 [INFO] exp_shallowmodel: f1_score:   0.586
01/29/2018 20:23:53 [INFO] exp_shallowmodel: classification report:
01/29/2018 20:23:53 [INFO] exp_shallowmodel:              precision    recall  f1-score   support

          A       0.00      0.00      0.00        14
          C       0.76      0.79      0.78       164
          F       0.88      0.93      0.90       268
          R       0.69      0.64      0.66       125

avg / total       0.78      0.80      0.79       571

01/29/2018 20:23:53 [INFO] exp_shallowmodel: confusion matrix:
01/29/2018 20:23:53 [INFO] exp_shallowmodel: 
[[  0   2   8   4]
 [  1 130  11  22]
 [  1   9 248  10]
 [  0  29  16  80]]
01/29/2018 20:23:53 [INFO] exp_shallowmodel: ******************** dstc2 - Round 14 
01/29/2018 20:23:53 [INFO] exp_shallowmodel: #(data) = 4583
01/29/2018 20:23:53 [INFO] exp_shallowmodel: #(feature) = 129
01/29/2018 20:23:53 [INFO] exp_shallowmodel: ================================================================================
01/29/2018 20:23:53 [INFO] exp_shallowmodel: LR.pen=l1.C=1.000000
01/29/2018 20:23:53 [INFO] exp_shallowmodel: ________________________________________________________________________________
01/29/2018 20:23:53 [INFO] exp_shallowmodel: Training: 
01/29/2018 20:23:53 [INFO] exp_shallowmodel: LogisticRegression(C=1, class_weight=None, dual=False, fit_intercept=True,
          intercept_scaling=1, max_iter=100, multi_class='ovr', n_jobs=1,
          penalty='l1', random_state=None, solver='liblinear', tol=0.0001,
          verbose=0, warm_start=False)
01/29/2018 20:23:54 [INFO] exp_shallowmodel: train time: 0.685s
01/29/2018 20:23:54 [INFO] exp_shallowmodel: test time:  0.000s
01/29/2018 20:23:54 [INFO] exp_shallowmodel: accuracy:   0.800
01/29/2018 20:23:54 [INFO] exp_shallowmodel: f1_score:   0.668
01/29/2018 20:23:54 [INFO] exp_shallowmodel: classification report:
01/29/2018 20:23:54 [INFO] exp_shallowmodel:              precision    recall  f1-score   support

          A       1.00      0.21      0.35        14
          C       0.75      0.77      0.76       164
          F       0.88      0.93      0.90       268
          R       0.68      0.63      0.66       125

avg / total       0.80      0.80      0.79       571

01/29/2018 20:23:54 [INFO] exp_shallowmodel: confusion matrix:
01/29/2018 20:23:54 [INFO] exp_shallowmodel: 
[[  3   4   7   0]
 [  0 127  11  26]
 [  0   9 248  11]
 [  0  30  16  79]]
01/29/2018 20:23:54 [INFO] exp_shallowmodel: ******************** dstc2 - Round 15 
01/29/2018 20:23:54 [INFO] exp_shallowmodel: #(data) = 4583
01/29/2018 20:23:54 [INFO] exp_shallowmodel: #(feature) = 129
01/29/2018 20:23:54 [INFO] exp_shallowmodel: ================================================================================
01/29/2018 20:23:54 [INFO] exp_shallowmodel: LR.pen=l1.C=1.000000
01/29/2018 20:23:54 [INFO] exp_shallowmodel: ________________________________________________________________________________
01/29/2018 20:23:54 [INFO] exp_shallowmodel: Training: 
01/29/2018 20:23:54 [INFO] exp_shallowmodel: LogisticRegression(C=1, class_weight=None, dual=False, fit_intercept=True,
          intercept_scaling=1, max_iter=100, multi_class='ovr', n_jobs=1,
          penalty='l1', random_state=None, solver='liblinear', tol=0.0001,
          verbose=0, warm_start=False)
01/29/2018 20:23:55 [INFO] exp_shallowmodel: train time: 0.713s
01/29/2018 20:23:55 [INFO] exp_shallowmodel: test time:  0.000s
01/29/2018 20:23:55 [INFO] exp_shallowmodel: accuracy:   0.795
01/29/2018 20:23:55 [INFO] exp_shallowmodel: f1_score:   0.655
01/29/2018 20:23:55 [INFO] exp_shallowmodel: classification report:
01/29/2018 20:23:55 [INFO] exp_shallowmodel:              precision    recall  f1-score   support

          A       0.60      0.21      0.32        14
          C       0.75      0.77      0.76       164
          F       0.87      0.93      0.90       268
          R       0.68      0.62      0.65       125

avg / total       0.79      0.80      0.79       571

01/29/2018 20:23:55 [INFO] exp_shallowmodel: confusion matrix:
01/29/2018 20:23:55 [INFO] exp_shallowmodel: 
[[  3   1   6   4]
 [  0 126  12  26]
 [  1  13 248   6]
 [  1  27  20  77]]
01/29/2018 20:23:55 [INFO] exp_shallowmodel: ******************** dstc2 - Round 16 
01/29/2018 20:23:55 [INFO] exp_shallowmodel: #(data) = 4583
01/29/2018 20:23:55 [INFO] exp_shallowmodel: #(feature) = 129
01/29/2018 20:23:55 [INFO] exp_shallowmodel: ================================================================================
01/29/2018 20:23:55 [INFO] exp_shallowmodel: LR.pen=l1.C=1.000000
01/29/2018 20:23:55 [INFO] exp_shallowmodel: ________________________________________________________________________________
01/29/2018 20:23:55 [INFO] exp_shallowmodel: Training: 
01/29/2018 20:23:55 [INFO] exp_shallowmodel: LogisticRegression(C=1, class_weight=None, dual=False, fit_intercept=True,
          intercept_scaling=1, max_iter=100, multi_class='ovr', n_jobs=1,
          penalty='l1', random_state=None, solver='liblinear', tol=0.0001,
          verbose=0, warm_start=False)
01/29/2018 20:23:56 [INFO] exp_shallowmodel: train time: 0.760s
01/29/2018 20:23:56 [INFO] exp_shallowmodel: test time:  0.000s
01/29/2018 20:23:56 [INFO] exp_shallowmodel: accuracy:   0.793
01/29/2018 20:23:56 [INFO] exp_shallowmodel: f1_score:   0.611
01/29/2018 20:23:56 [INFO] exp_shallowmodel: classification report:
01/29/2018 20:23:56 [INFO] exp_shallowmodel:              precision    recall  f1-score   support

          A       1.00      0.07      0.13        14
          C       0.76      0.80      0.78       164
          F       0.86      0.91      0.88       268
          R       0.68      0.62      0.65       125

avg / total       0.79      0.79      0.78       571

01/29/2018 20:23:56 [INFO] exp_shallowmodel: confusion matrix:
01/29/2018 20:23:56 [INFO] exp_shallowmodel: 
[[  1   3   8   2]
 [  0 131  11  22]
 [  0  12 244  12]
 [  0  26  22  77]]
01/29/2018 20:23:56 [INFO] exp_shallowmodel: ******************** dstc2 - Round 17 
01/29/2018 20:23:56 [INFO] exp_shallowmodel: #(data) = 4583
01/29/2018 20:23:56 [INFO] exp_shallowmodel: #(feature) = 129
01/29/2018 20:23:56 [INFO] exp_shallowmodel: ================================================================================
01/29/2018 20:23:56 [INFO] exp_shallowmodel: LR.pen=l1.C=1.000000
01/29/2018 20:23:56 [INFO] exp_shallowmodel: ________________________________________________________________________________
01/29/2018 20:23:56 [INFO] exp_shallowmodel: Training: 
01/29/2018 20:23:56 [INFO] exp_shallowmodel: LogisticRegression(C=1, class_weight=None, dual=False, fit_intercept=True,
          intercept_scaling=1, max_iter=100, multi_class='ovr', n_jobs=1,
          penalty='l1', random_state=None, solver='liblinear', tol=0.0001,
          verbose=0, warm_start=False)
01/29/2018 20:23:56 [INFO] exp_shallowmodel: train time: 0.741s
01/29/2018 20:23:56 [INFO] exp_shallowmodel: test time:  0.000s
01/29/2018 20:23:56 [INFO] exp_shallowmodel: accuracy:   0.790
01/29/2018 20:23:56 [INFO] exp_shallowmodel: f1_score:   0.686
01/29/2018 20:23:56 [INFO] exp_shallowmodel: classification report:
01/29/2018 20:23:56 [INFO] exp_shallowmodel:              precision    recall  f1-score   support

          A       1.00      0.29      0.44        14
          C       0.74      0.76      0.75       164
          F       0.86      0.90      0.88       268
          R       0.69      0.66      0.67       125

avg / total       0.79      0.79      0.79       571

01/29/2018 20:23:56 [INFO] exp_shallowmodel: confusion matrix:
01/29/2018 20:23:56 [INFO] exp_shallowmodel: 
[[  4   3   5   2]
 [  0 125  18  21]
 [  0  14 240  14]
 [  0  27  16  82]]
01/29/2018 20:23:56 [INFO] exp_shallowmodel: ******************** dstc2 - Round 18 
01/29/2018 20:23:56 [INFO] exp_shallowmodel: #(data) = 4583
01/29/2018 20:23:56 [INFO] exp_shallowmodel: #(feature) = 129
01/29/2018 20:23:56 [INFO] exp_shallowmodel: ================================================================================
01/29/2018 20:23:56 [INFO] exp_shallowmodel: LR.pen=l1.C=1.000000
01/29/2018 20:23:56 [INFO] exp_shallowmodel: ________________________________________________________________________________
01/29/2018 20:23:56 [INFO] exp_shallowmodel: Training: 
01/29/2018 20:23:56 [INFO] exp_shallowmodel: LogisticRegression(C=1, class_weight=None, dual=False, fit_intercept=True,
          intercept_scaling=1, max_iter=100, multi_class='ovr', n_jobs=1,
          penalty='l1', random_state=None, solver='liblinear', tol=0.0001,
          verbose=0, warm_start=False)
01/29/2018 20:23:57 [INFO] exp_shallowmodel: train time: 0.682s
01/29/2018 20:23:57 [INFO] exp_shallowmodel: test time:  0.000s
01/29/2018 20:23:57 [INFO] exp_shallowmodel: accuracy:   0.793
01/29/2018 20:23:57 [INFO] exp_shallowmodel: f1_score:   0.657
01/29/2018 20:23:57 [INFO] exp_shallowmodel: classification report:
01/29/2018 20:23:57 [INFO] exp_shallowmodel:              precision    recall  f1-score   support

          A       0.75      0.21      0.33        14
          C       0.76      0.79      0.78       164
          F       0.87      0.91      0.89       268
          R       0.65      0.60      0.63       125

avg / total       0.79      0.79      0.79       571

01/29/2018 20:23:57 [INFO] exp_shallowmodel: confusion matrix:
01/29/2018 20:23:57 [INFO] exp_shallowmodel: 
[[  3   0   9   2]
 [  0 130   8  26]
 [  0  11 245  12]
 [  1  29  20  75]]
01/29/2018 20:23:57 [INFO] exp_shallowmodel: ******************** dstc2 - Round 19 
01/29/2018 20:23:57 [INFO] exp_shallowmodel: #(data) = 4568
01/29/2018 20:23:57 [INFO] exp_shallowmodel: #(feature) = 129
01/29/2018 20:23:57 [INFO] exp_shallowmodel: ================================================================================
01/29/2018 20:23:57 [INFO] exp_shallowmodel: LR.pen=l1.C=1.000000
01/29/2018 20:23:57 [INFO] exp_shallowmodel: ________________________________________________________________________________
01/29/2018 20:23:57 [INFO] exp_shallowmodel: Training: 
01/29/2018 20:23:57 [INFO] exp_shallowmodel: LogisticRegression(C=1, class_weight=None, dual=False, fit_intercept=True,
          intercept_scaling=1, max_iter=100, multi_class='ovr', n_jobs=1,
          penalty='l1', random_state=None, solver='liblinear', tol=0.0001,
          verbose=0, warm_start=False)
01/29/2018 20:23:58 [INFO] exp_shallowmodel: train time: 0.682s
01/29/2018 20:23:58 [INFO] exp_shallowmodel: test time:  0.000s
01/29/2018 20:23:58 [INFO] exp_shallowmodel: accuracy:   0.792
01/29/2018 20:23:58 [INFO] exp_shallowmodel: f1_score:   0.675
01/29/2018 20:23:58 [INFO] exp_shallowmodel: classification report:
01/29/2018 20:23:58 [INFO] exp_shallowmodel:              precision    recall  f1-score   support

          A       1.00      0.25      0.40        16
          C       0.75      0.80      0.78       169
          F       0.87      0.90      0.89       271
          R       0.66      0.62      0.63       130

avg / total       0.79      0.79      0.79       586

01/29/2018 20:23:58 [INFO] exp_shallowmodel: confusion matrix:
01/29/2018 20:23:58 [INFO] exp_shallowmodel: 
[[  4   1   9   2]
 [  0 136   9  24]
 [  0  11 244  16]
 [  0  33  17  80]]
01/29/2018 20:23:58 [INFO] exp_shallowmodel: ******************** dstc2 - Round 20 
01/29/2018 20:23:58 [INFO] exp_shallowmodel: #(data) = 4583
01/29/2018 20:23:58 [INFO] exp_shallowmodel: #(feature) = 129
01/29/2018 20:23:58 [INFO] exp_shallowmodel: ================================================================================
01/29/2018 20:23:58 [INFO] exp_shallowmodel: LR.pen=l1.C=1.000000
01/29/2018 20:23:58 [INFO] exp_shallowmodel: ________________________________________________________________________________
01/29/2018 20:23:58 [INFO] exp_shallowmodel: Training: 
01/29/2018 20:23:58 [INFO] exp_shallowmodel: LogisticRegression(C=1, class_weight=None, dual=False, fit_intercept=True,
          intercept_scaling=1, max_iter=100, multi_class='ovr', n_jobs=1,
          penalty='l1', random_state=None, solver='liblinear', tol=0.0001,
          verbose=0, warm_start=False)
01/29/2018 20:23:59 [INFO] exp_shallowmodel: train time: 0.790s
01/29/2018 20:23:59 [INFO] exp_shallowmodel: test time:  0.000s
01/29/2018 20:23:59 [INFO] exp_shallowmodel: accuracy:   0.795
01/29/2018 20:23:59 [INFO] exp_shallowmodel: f1_score:   0.667
01/29/2018 20:23:59 [INFO] exp_shallowmodel: classification report:
01/29/2018 20:23:59 [INFO] exp_shallowmodel:              precision    recall  f1-score   support

          A       1.00      0.21      0.35        14
          C       0.76      0.79      0.77       164
          F       0.86      0.90      0.88       268
          R       0.68      0.64      0.66       125

avg / total       0.80      0.80      0.79       571

01/29/2018 20:23:59 [INFO] exp_shallowmodel: confusion matrix:
01/29/2018 20:23:59 [INFO] exp_shallowmodel: 
[[  3   2   5   4]
 [  0 129  16  19]
 [  0  12 242  14]
 [  0  27  18  80]]
01/29/2018 20:23:59 [INFO] exp_shallowmodel: ******************** dstc2 - Round 21 
01/29/2018 20:23:59 [INFO] exp_shallowmodel: #(data) = 4583
01/29/2018 20:23:59 [INFO] exp_shallowmodel: #(feature) = 129
01/29/2018 20:23:59 [INFO] exp_shallowmodel: ================================================================================
01/29/2018 20:23:59 [INFO] exp_shallowmodel: LR.pen=l1.C=1.000000
01/29/2018 20:23:59 [INFO] exp_shallowmodel: ________________________________________________________________________________
01/29/2018 20:23:59 [INFO] exp_shallowmodel: Training: 
01/29/2018 20:23:59 [INFO] exp_shallowmodel: LogisticRegression(C=1, class_weight=None, dual=False, fit_intercept=True,
          intercept_scaling=1, max_iter=100, multi_class='ovr', n_jobs=1,
          penalty='l1', random_state=None, solver='liblinear', tol=0.0001,
          verbose=0, warm_start=False)
01/29/2018 20:23:59 [INFO] exp_shallowmodel: train time: 0.784s
01/29/2018 20:23:59 [INFO] exp_shallowmodel: test time:  0.000s
01/29/2018 20:23:59 [INFO] exp_shallowmodel: accuracy:   0.779
01/29/2018 20:23:59 [INFO] exp_shallowmodel: f1_score:   0.596
01/29/2018 20:23:59 [INFO] exp_shallowmodel: classification report:
01/29/2018 20:23:59 [INFO] exp_shallowmodel:              precision    recall  f1-score   support

          A       0.50      0.07      0.12        14
          C       0.70      0.77      0.73       164
          F       0.88      0.90      0.89       268
          R       0.67      0.61      0.64       125

avg / total       0.77      0.78      0.77       571

01/29/2018 20:23:59 [INFO] exp_shallowmodel: confusion matrix:
01/29/2018 20:23:59 [INFO] exp_shallowmodel: 
[[  1   3   7   3]
 [  0 126  11  27]
 [  1  18 242   7]
 [  0  34  15  76]]
01/29/2018 20:23:59 [INFO] exp_shallowmodel: ******************** dstc2 - Round 22 
01/29/2018 20:23:59 [INFO] exp_shallowmodel: #(data) = 4583
01/29/2018 20:23:59 [INFO] exp_shallowmodel: #(feature) = 129
01/29/2018 20:23:59 [INFO] exp_shallowmodel: ================================================================================
01/29/2018 20:23:59 [INFO] exp_shallowmodel: LR.pen=l1.C=1.000000
01/29/2018 20:23:59 [INFO] exp_shallowmodel: ________________________________________________________________________________
01/29/2018 20:23:59 [INFO] exp_shallowmodel: Training: 
01/29/2018 20:23:59 [INFO] exp_shallowmodel: LogisticRegression(C=1, class_weight=None, dual=False, fit_intercept=True,
          intercept_scaling=1, max_iter=100, multi_class='ovr', n_jobs=1,
          penalty='l1', random_state=None, solver='liblinear', tol=0.0001,
          verbose=0, warm_start=False)
01/29/2018 20:24:00 [INFO] exp_shallowmodel: train time: 0.743s
01/29/2018 20:24:00 [INFO] exp_shallowmodel: test time:  0.000s
01/29/2018 20:24:00 [INFO] exp_shallowmodel: accuracy:   0.835
01/29/2018 20:24:00 [INFO] exp_shallowmodel: f1_score:   0.674
01/29/2018 20:24:00 [INFO] exp_shallowmodel: classification report:
01/29/2018 20:24:00 [INFO] exp_shallowmodel:              precision    recall  f1-score   support

          A       1.00      0.14      0.25        14
          C       0.77      0.86      0.82       164
          F       0.90      0.94      0.92       268
          R       0.77      0.66      0.71       125

avg / total       0.84      0.84      0.83       571

01/29/2018 20:24:00 [INFO] exp_shallowmodel: confusion matrix:
01/29/2018 20:24:00 [INFO] exp_shallowmodel: 
[[  2   2   7   3]
 [  0 141   8  15]
 [  0  10 251   7]
 [  0  29  13  83]]
01/29/2018 20:24:00 [INFO] exp_shallowmodel: ******************** dstc2 - Round 23 
01/29/2018 20:24:00 [INFO] exp_shallowmodel: #(data) = 4583
01/29/2018 20:24:00 [INFO] exp_shallowmodel: #(feature) = 129
01/29/2018 20:24:00 [INFO] exp_shallowmodel: ================================================================================
01/29/2018 20:24:00 [INFO] exp_shallowmodel: LR.pen=l1.C=1.000000
01/29/2018 20:24:00 [INFO] exp_shallowmodel: ________________________________________________________________________________
01/29/2018 20:24:00 [INFO] exp_shallowmodel: Training: 
01/29/2018 20:24:00 [INFO] exp_shallowmodel: LogisticRegression(C=1, class_weight=None, dual=False, fit_intercept=True,
          intercept_scaling=1, max_iter=100, multi_class='ovr', n_jobs=1,
          penalty='l1', random_state=None, solver='liblinear', tol=0.0001,
          verbose=0, warm_start=False)
01/29/2018 20:24:01 [INFO] exp_shallowmodel: train time: 0.671s
01/29/2018 20:24:01 [INFO] exp_shallowmodel: test time:  0.000s
01/29/2018 20:24:01 [INFO] exp_shallowmodel: accuracy:   0.781
01/29/2018 20:24:01 [INFO] exp_shallowmodel: f1_score:   0.624
01/29/2018 20:24:01 [INFO] exp_shallowmodel: classification report:
01/29/2018 20:24:01 [INFO] exp_shallowmodel:              precision    recall  f1-score   support

          A       0.50      0.14      0.22        14
          C       0.73      0.77      0.75       164
          F       0.86      0.90      0.88       268
          R       0.67      0.62      0.65       125

avg / total       0.77      0.78      0.77       571

01/29/2018 20:24:01 [INFO] exp_shallowmodel: confusion matrix:
01/29/2018 20:24:01 [INFO] exp_shallowmodel: 
[[  2   1  10   1]
 [  0 126  14  24]
 [  1  14 240  13]
 [  1  32  14  78]]
01/29/2018 20:24:01 [INFO] exp_shallowmodel: ******************** dstc2 - Round 24 
01/29/2018 20:24:01 [INFO] exp_shallowmodel: #(data) = 4583
01/29/2018 20:24:01 [INFO] exp_shallowmodel: #(feature) = 129
01/29/2018 20:24:01 [INFO] exp_shallowmodel: ================================================================================
01/29/2018 20:24:01 [INFO] exp_shallowmodel: LR.pen=l1.C=1.000000
01/29/2018 20:24:01 [INFO] exp_shallowmodel: ________________________________________________________________________________
01/29/2018 20:24:01 [INFO] exp_shallowmodel: Training: 
01/29/2018 20:24:01 [INFO] exp_shallowmodel: LogisticRegression(C=1, class_weight=None, dual=False, fit_intercept=True,
          intercept_scaling=1, max_iter=100, multi_class='ovr', n_jobs=1,
          penalty='l1', random_state=None, solver='liblinear', tol=0.0001,
          verbose=0, warm_start=False)
01/29/2018 20:24:02 [INFO] exp_shallowmodel: train time: 0.679s
01/29/2018 20:24:02 [INFO] exp_shallowmodel: test time:  0.000s
01/29/2018 20:24:02 [INFO] exp_shallowmodel: accuracy:   0.786
01/29/2018 20:24:02 [INFO] exp_shallowmodel: f1_score:   0.684
01/29/2018 20:24:02 [INFO] exp_shallowmodel: classification report:
01/29/2018 20:24:02 [INFO] exp_shallowmodel:              precision    recall  f1-score   support

          A       0.71      0.36      0.48        14
          C       0.74      0.73      0.73       164
          F       0.87      0.93      0.90       268
          R       0.66      0.60      0.63       125

avg / total       0.78      0.79      0.78       571

01/29/2018 20:24:02 [INFO] exp_shallowmodel: confusion matrix:
01/29/2018 20:24:02 [INFO] exp_shallowmodel: 
[[  5   3   6   0]
 [  0 120  12  32]
 [  0  12 249   7]
 [  2  28  20  75]]
01/29/2018 20:24:02 [INFO] exp_shallowmodel: ******************** dstc2 - Round 25 
01/29/2018 20:24:02 [INFO] exp_shallowmodel: #(data) = 4583
01/29/2018 20:24:02 [INFO] exp_shallowmodel: #(feature) = 129
01/29/2018 20:24:02 [INFO] exp_shallowmodel: ================================================================================
01/29/2018 20:24:02 [INFO] exp_shallowmodel: LR.pen=l1.C=1.000000
01/29/2018 20:24:02 [INFO] exp_shallowmodel: ________________________________________________________________________________
01/29/2018 20:24:02 [INFO] exp_shallowmodel: Training: 
01/29/2018 20:24:02 [INFO] exp_shallowmodel: LogisticRegression(C=1, class_weight=None, dual=False, fit_intercept=True,
          intercept_scaling=1, max_iter=100, multi_class='ovr', n_jobs=1,
          penalty='l1', random_state=None, solver='liblinear', tol=0.0001,
          verbose=0, warm_start=False)
01/29/2018 20:24:02 [INFO] exp_shallowmodel: train time: 0.714s
01/29/2018 20:24:02 [INFO] exp_shallowmodel: test time:  0.000s
01/29/2018 20:24:02 [INFO] exp_shallowmodel: accuracy:   0.823
01/29/2018 20:24:02 [INFO] exp_shallowmodel: f1_score:   0.606
01/29/2018 20:24:02 [INFO] exp_shallowmodel: classification report:
01/29/2018 20:24:02 [INFO] exp_shallowmodel:              precision    recall  f1-score   support

          A       0.00      0.00      0.00        14
          C       0.79      0.81      0.80       164
          F       0.89      0.93      0.91       268
          R       0.73      0.71      0.72       125

avg / total       0.80      0.82      0.81       571

01/29/2018 20:24:02 [INFO] exp_shallowmodel: confusion matrix:
01/29/2018 20:24:02 [INFO] exp_shallowmodel: 
[[  0   4   7   3]
 [  0 133  13  18]
 [  0   8 248  12]
 [  0  24  12  89]]
01/29/2018 20:24:02 [INFO] exp_shallowmodel: ******************** dstc2 - Round 26 
01/29/2018 20:24:02 [INFO] exp_shallowmodel: #(data) = 4583
01/29/2018 20:24:02 [INFO] exp_shallowmodel: #(feature) = 129
01/29/2018 20:24:02 [INFO] exp_shallowmodel: ================================================================================
01/29/2018 20:24:02 [INFO] exp_shallowmodel: LR.pen=l1.C=1.000000
01/29/2018 20:24:02 [INFO] exp_shallowmodel: ________________________________________________________________________________
01/29/2018 20:24:02 [INFO] exp_shallowmodel: Training: 
01/29/2018 20:24:02 [INFO] exp_shallowmodel: LogisticRegression(C=1, class_weight=None, dual=False, fit_intercept=True,
          intercept_scaling=1, max_iter=100, multi_class='ovr', n_jobs=1,
          penalty='l1', random_state=None, solver='liblinear', tol=0.0001,
          verbose=0, warm_start=False)
01/29/2018 20:24:03 [INFO] exp_shallowmodel: train time: 0.708s
01/29/2018 20:24:03 [INFO] exp_shallowmodel: test time:  0.000s
01/29/2018 20:24:03 [INFO] exp_shallowmodel: accuracy:   0.790
01/29/2018 20:24:03 [INFO] exp_shallowmodel: f1_score:   0.651
01/29/2018 20:24:03 [INFO] exp_shallowmodel: classification report:
01/29/2018 20:24:03 [INFO] exp_shallowmodel:              precision    recall  f1-score   support

          A       0.75      0.21      0.33        14
          C       0.74      0.73      0.73       164
          F       0.87      0.94      0.90       268
          R       0.66      0.61      0.63       125

avg / total       0.78      0.79      0.78       571

01/29/2018 20:24:03 [INFO] exp_shallowmodel: confusion matrix:
01/29/2018 20:24:03 [INFO] exp_shallowmodel: 
[[  3   2   8   1]
 [  0 119  12  33]
 [  0  10 253   5]
 [  1  29  19  76]]
01/29/2018 20:24:03 [INFO] exp_shallowmodel: ******************** dstc2 - Round 27 
01/29/2018 20:24:03 [INFO] exp_shallowmodel: #(data) = 4583
01/29/2018 20:24:03 [INFO] exp_shallowmodel: #(feature) = 129
01/29/2018 20:24:03 [INFO] exp_shallowmodel: ================================================================================
01/29/2018 20:24:03 [INFO] exp_shallowmodel: LR.pen=l1.C=1.000000
01/29/2018 20:24:03 [INFO] exp_shallowmodel: ________________________________________________________________________________
01/29/2018 20:24:03 [INFO] exp_shallowmodel: Training: 
01/29/2018 20:24:03 [INFO] exp_shallowmodel: LogisticRegression(C=1, class_weight=None, dual=False, fit_intercept=True,
          intercept_scaling=1, max_iter=100, multi_class='ovr', n_jobs=1,
          penalty='l1', random_state=None, solver='liblinear', tol=0.0001,
          verbose=0, warm_start=False)
01/29/2018 20:24:04 [INFO] exp_shallowmodel: train time: 0.755s
01/29/2018 20:24:04 [INFO] exp_shallowmodel: test time:  0.000s
01/29/2018 20:24:04 [INFO] exp_shallowmodel: accuracy:   0.793
01/29/2018 20:24:04 [INFO] exp_shallowmodel: f1_score:   0.661
01/29/2018 20:24:04 [INFO] exp_shallowmodel: classification report:
01/29/2018 20:24:04 [INFO] exp_shallowmodel:              precision    recall  f1-score   support

          A       0.75      0.21      0.33        14
          C       0.76      0.76      0.76       164
          F       0.87      0.91      0.89       268
          R       0.67      0.66      0.67       125

avg / total       0.79      0.79      0.79       571

01/29/2018 20:24:04 [INFO] exp_shallowmodel: confusion matrix:
01/29/2018 20:24:04 [INFO] exp_shallowmodel: 
[[  3   2   8   1]
 [  0 124  13  27]
 [  1  11 243  13]
 [  0  27  15  83]]
01/29/2018 20:24:04 [INFO] exp_shallowmodel: ******************** dstc2 - Round 28 
01/29/2018 20:24:04 [INFO] exp_shallowmodel: #(data) = 4583
01/29/2018 20:24:04 [INFO] exp_shallowmodel: #(feature) = 129
01/29/2018 20:24:04 [INFO] exp_shallowmodel: ================================================================================
01/29/2018 20:24:04 [INFO] exp_shallowmodel: LR.pen=l1.C=1.000000
01/29/2018 20:24:04 [INFO] exp_shallowmodel: ________________________________________________________________________________
01/29/2018 20:24:04 [INFO] exp_shallowmodel: Training: 
01/29/2018 20:24:04 [INFO] exp_shallowmodel: LogisticRegression(C=1, class_weight=None, dual=False, fit_intercept=True,
          intercept_scaling=1, max_iter=100, multi_class='ovr', n_jobs=1,
          penalty='l1', random_state=None, solver='liblinear', tol=0.0001,
          verbose=0, warm_start=False)
01/29/2018 20:24:05 [INFO] exp_shallowmodel: train time: 0.764s
01/29/2018 20:24:05 [INFO] exp_shallowmodel: test time:  0.000s
01/29/2018 20:24:05 [INFO] exp_shallowmodel: accuracy:   0.788
01/29/2018 20:24:05 [INFO] exp_shallowmodel: f1_score:   0.648
01/29/2018 20:24:05 [INFO] exp_shallowmodel: classification report:
01/29/2018 20:24:05 [INFO] exp_shallowmodel:              precision    recall  f1-score   support

          A       0.60      0.21      0.32        14
          C       0.76      0.76      0.76       164
          F       0.87      0.92      0.89       268
          R       0.64      0.60      0.62       125

avg / total       0.78      0.79      0.78       571

01/29/2018 20:24:05 [INFO] exp_shallowmodel: confusion matrix:
01/29/2018 20:24:05 [INFO] exp_shallowmodel: 
[[  3   1   6   4]
 [  1 125  12  26]
 [  1   8 247  12]
 [  0  31  19  75]]
01/29/2018 20:24:05 [INFO] exp_shallowmodel: ******************** dstc2 - Round 29 
01/29/2018 20:24:05 [INFO] exp_shallowmodel: #(data) = 4568
01/29/2018 20:24:05 [INFO] exp_shallowmodel: #(feature) = 129
01/29/2018 20:24:05 [INFO] exp_shallowmodel: ================================================================================
01/29/2018 20:24:05 [INFO] exp_shallowmodel: LR.pen=l1.C=1.000000
01/29/2018 20:24:05 [INFO] exp_shallowmodel: ________________________________________________________________________________
01/29/2018 20:24:05 [INFO] exp_shallowmodel: Training: 
01/29/2018 20:24:05 [INFO] exp_shallowmodel: LogisticRegression(C=1, class_weight=None, dual=False, fit_intercept=True,
          intercept_scaling=1, max_iter=100, multi_class='ovr', n_jobs=1,
          penalty='l1', random_state=None, solver='liblinear', tol=0.0001,
          verbose=0, warm_start=False)
01/29/2018 20:24:05 [INFO] exp_shallowmodel: train time: 0.696s
01/29/2018 20:24:05 [INFO] exp_shallowmodel: test time:  0.000s
01/29/2018 20:24:05 [INFO] exp_shallowmodel: accuracy:   0.797
01/29/2018 20:24:05 [INFO] exp_shallowmodel: f1_score:   0.659
01/29/2018 20:24:05 [INFO] exp_shallowmodel: classification report:
01/29/2018 20:24:05 [INFO] exp_shallowmodel:              precision    recall  f1-score   support

          A       1.00      0.19      0.32        16
          C       0.76      0.78      0.77       169
          F       0.84      0.93      0.88       271
          R       0.73      0.62      0.67       130

avg / total       0.80      0.80      0.79       586

01/29/2018 20:24:05 [INFO] exp_shallowmodel: confusion matrix:
01/29/2018 20:24:05 [INFO] exp_shallowmodel: 
[[  3   3   9   1]
 [  0 131  16  22]
 [  0  12 253   6]
 [  0  26  24  80]]
01/29/2018 20:24:05 [INFO] exp_shallowmodel: ******************** dstc2 - Round 30 
01/29/2018 20:24:05 [INFO] exp_shallowmodel: #(data) = 4583
01/29/2018 20:24:05 [INFO] exp_shallowmodel: #(feature) = 129
01/29/2018 20:24:05 [INFO] exp_shallowmodel: ================================================================================
01/29/2018 20:24:05 [INFO] exp_shallowmodel: LR.pen=l1.C=1.000000
01/29/2018 20:24:05 [INFO] exp_shallowmodel: ________________________________________________________________________________
01/29/2018 20:24:05 [INFO] exp_shallowmodel: Training: 
01/29/2018 20:24:05 [INFO] exp_shallowmodel: LogisticRegression(C=1, class_weight=None, dual=False, fit_intercept=True,
          intercept_scaling=1, max_iter=100, multi_class='ovr', n_jobs=1,
          penalty='l1', random_state=None, solver='liblinear', tol=0.0001,
          verbose=0, warm_start=False)
01/29/2018 20:24:06 [INFO] exp_shallowmodel: train time: 0.766s
01/29/2018 20:24:06 [INFO] exp_shallowmodel: test time:  0.000s
01/29/2018 20:24:06 [INFO] exp_shallowmodel: accuracy:   0.788
01/29/2018 20:24:06 [INFO] exp_shallowmodel: f1_score:   0.653
01/29/2018 20:24:06 [INFO] exp_shallowmodel: classification report:
01/29/2018 20:24:06 [INFO] exp_shallowmodel:              precision    recall  f1-score   support

          A       0.75      0.21      0.33        14
          C       0.73      0.77      0.75       164
          F       0.88      0.91      0.89       268
          R       0.66      0.62      0.64       125

avg / total       0.78      0.79      0.78       571

01/29/2018 20:24:06 [INFO] exp_shallowmodel: confusion matrix:
01/29/2018 20:24:06 [INFO] exp_shallowmodel: 
[[  3   1   6   4]
 [  0 126  15  23]
 [  0  11 244  13]
 [  1  34  13  77]]
01/29/2018 20:24:06 [INFO] exp_shallowmodel: ******************** dstc2 - Round 31 
01/29/2018 20:24:06 [INFO] exp_shallowmodel: #(data) = 4583
01/29/2018 20:24:06 [INFO] exp_shallowmodel: #(feature) = 129
01/29/2018 20:24:06 [INFO] exp_shallowmodel: ================================================================================
01/29/2018 20:24:06 [INFO] exp_shallowmodel: LR.pen=l1.C=1.000000
01/29/2018 20:24:06 [INFO] exp_shallowmodel: ________________________________________________________________________________
01/29/2018 20:24:06 [INFO] exp_shallowmodel: Training: 
01/29/2018 20:24:06 [INFO] exp_shallowmodel: LogisticRegression(C=1, class_weight=None, dual=False, fit_intercept=True,
          intercept_scaling=1, max_iter=100, multi_class='ovr', n_jobs=1,
          penalty='l1', random_state=None, solver='liblinear', tol=0.0001,
          verbose=0, warm_start=False)
01/29/2018 20:24:07 [INFO] exp_shallowmodel: train time: 0.720s
01/29/2018 20:24:07 [INFO] exp_shallowmodel: test time:  0.000s
01/29/2018 20:24:07 [INFO] exp_shallowmodel: accuracy:   0.809
01/29/2018 20:24:07 [INFO] exp_shallowmodel: f1_score:   0.651
01/29/2018 20:24:07 [INFO] exp_shallowmodel: classification report:
01/29/2018 20:24:07 [INFO] exp_shallowmodel:              precision    recall  f1-score   support

          A       1.00      0.14      0.25        14
          C       0.75      0.83      0.79       164
          F       0.87      0.92      0.90       268
          R       0.73      0.62      0.67       125

avg / total       0.81      0.81      0.80       571

01/29/2018 20:24:07 [INFO] exp_shallowmodel: confusion matrix:
01/29/2018 20:24:07 [INFO] exp_shallowmodel: 
[[  2   0   7   5]
 [  0 136   8  20]
 [  0  18 247   3]
 [  0  27  21  77]]
01/29/2018 20:24:07 [INFO] exp_shallowmodel: ******************** dstc2 - Round 32 
01/29/2018 20:24:07 [INFO] exp_shallowmodel: #(data) = 4583
01/29/2018 20:24:07 [INFO] exp_shallowmodel: #(feature) = 129
01/29/2018 20:24:07 [INFO] exp_shallowmodel: ================================================================================
01/29/2018 20:24:07 [INFO] exp_shallowmodel: LR.pen=l1.C=1.000000
01/29/2018 20:24:07 [INFO] exp_shallowmodel: ________________________________________________________________________________
01/29/2018 20:24:07 [INFO] exp_shallowmodel: Training: 
01/29/2018 20:24:07 [INFO] exp_shallowmodel: LogisticRegression(C=1, class_weight=None, dual=False, fit_intercept=True,
          intercept_scaling=1, max_iter=100, multi_class='ovr', n_jobs=1,
          penalty='l1', random_state=None, solver='liblinear', tol=0.0001,
          verbose=0, warm_start=False)
01/29/2018 20:24:08 [INFO] exp_shallowmodel: train time: 0.730s
01/29/2018 20:24:08 [INFO] exp_shallowmodel: test time:  0.000s
01/29/2018 20:24:08 [INFO] exp_shallowmodel: accuracy:   0.776
01/29/2018 20:24:08 [INFO] exp_shallowmodel: f1_score:   0.637
01/29/2018 20:24:08 [INFO] exp_shallowmodel: classification report:
01/29/2018 20:24:08 [INFO] exp_shallowmodel:              precision    recall  f1-score   support

          A       0.60      0.21      0.32        14
          C       0.71      0.74      0.73       164
          F       0.87      0.91      0.89       268
          R       0.66      0.58      0.62       125

avg / total       0.77      0.78      0.77       571

01/29/2018 20:24:08 [INFO] exp_shallowmodel: confusion matrix:
01/29/2018 20:24:08 [INFO] exp_shallowmodel: 
[[  3   3   7   1]
 [  0 122  13  29]
 [  2  13 245   8]
 [  0  34  18  73]]
01/29/2018 20:24:08 [INFO] exp_shallowmodel: ******************** dstc2 - Round 33 
01/29/2018 20:24:08 [INFO] exp_shallowmodel: #(data) = 4583
01/29/2018 20:24:08 [INFO] exp_shallowmodel: #(feature) = 129
01/29/2018 20:24:08 [INFO] exp_shallowmodel: ================================================================================
01/29/2018 20:24:08 [INFO] exp_shallowmodel: LR.pen=l1.C=1.000000
01/29/2018 20:24:08 [INFO] exp_shallowmodel: ________________________________________________________________________________
01/29/2018 20:24:08 [INFO] exp_shallowmodel: Training: 
01/29/2018 20:24:08 [INFO] exp_shallowmodel: LogisticRegression(C=1, class_weight=None, dual=False, fit_intercept=True,
          intercept_scaling=1, max_iter=100, multi_class='ovr', n_jobs=1,
          penalty='l1', random_state=None, solver='liblinear', tol=0.0001,
          verbose=0, warm_start=False)
01/29/2018 20:24:08 [INFO] exp_shallowmodel: train time: 0.691s
01/29/2018 20:24:08 [INFO] exp_shallowmodel: test time:  0.000s
01/29/2018 20:24:08 [INFO] exp_shallowmodel: accuracy:   0.809
01/29/2018 20:24:08 [INFO] exp_shallowmodel: f1_score:   0.624
01/29/2018 20:24:08 [INFO] exp_shallowmodel: classification report:
01/29/2018 20:24:08 [INFO] exp_shallowmodel:              precision    recall  f1-score   support

          A       1.00      0.07      0.13        14
          C       0.79      0.76      0.77       164
          F       0.87      0.94      0.90       268
          R       0.70      0.67      0.69       125

avg / total       0.81      0.81      0.80       571

01/29/2018 20:24:08 [INFO] exp_shallowmodel: confusion matrix:
01/29/2018 20:24:08 [INFO] exp_shallowmodel: 
[[  1   7   3   3]
 [  0 125  14  25]
 [  0   8 252   8]
 [  0  19  22  84]]
01/29/2018 20:24:08 [INFO] exp_shallowmodel: ******************** dstc2 - Round 34 
01/29/2018 20:24:08 [INFO] exp_shallowmodel: #(data) = 4583
01/29/2018 20:24:08 [INFO] exp_shallowmodel: #(feature) = 129
01/29/2018 20:24:08 [INFO] exp_shallowmodel: ================================================================================
01/29/2018 20:24:08 [INFO] exp_shallowmodel: LR.pen=l1.C=1.000000
01/29/2018 20:24:08 [INFO] exp_shallowmodel: ________________________________________________________________________________
01/29/2018 20:24:08 [INFO] exp_shallowmodel: Training: 
01/29/2018 20:24:08 [INFO] exp_shallowmodel: LogisticRegression(C=1, class_weight=None, dual=False, fit_intercept=True,
          intercept_scaling=1, max_iter=100, multi_class='ovr', n_jobs=1,
          penalty='l1', random_state=None, solver='liblinear', tol=0.0001,
          verbose=0, warm_start=False)
01/29/2018 20:24:09 [INFO] exp_shallowmodel: train time: 0.696s
01/29/2018 20:24:09 [INFO] exp_shallowmodel: test time:  0.000s
01/29/2018 20:24:09 [INFO] exp_shallowmodel: accuracy:   0.816
01/29/2018 20:24:09 [INFO] exp_shallowmodel: f1_score:   0.657
01/29/2018 20:24:09 [INFO] exp_shallowmodel: classification report:
01/29/2018 20:24:09 [INFO] exp_shallowmodel:              precision    recall  f1-score   support

          A       1.00      0.14      0.25        14
          C       0.77      0.79      0.78       164
          F       0.89      0.94      0.91       268
          R       0.71      0.66      0.69       125

avg / total       0.82      0.82      0.81       571

01/29/2018 20:24:09 [INFO] exp_shallowmodel: confusion matrix:
01/29/2018 20:24:09 [INFO] exp_shallowmodel: 
[[  2   1   9   2]
 [  0 129  12  23]
 [  0   7 252   9]
 [  0  31  11  83]]
01/29/2018 20:24:09 [INFO] exp_shallowmodel: ******************** dstc2 - Round 35 
01/29/2018 20:24:09 [INFO] exp_shallowmodel: #(data) = 4583
01/29/2018 20:24:09 [INFO] exp_shallowmodel: #(feature) = 129
01/29/2018 20:24:09 [INFO] exp_shallowmodel: ================================================================================
01/29/2018 20:24:09 [INFO] exp_shallowmodel: LR.pen=l1.C=1.000000
01/29/2018 20:24:09 [INFO] exp_shallowmodel: ________________________________________________________________________________
01/29/2018 20:24:09 [INFO] exp_shallowmodel: Training: 
01/29/2018 20:24:09 [INFO] exp_shallowmodel: LogisticRegression(C=1, class_weight=None, dual=False, fit_intercept=True,
          intercept_scaling=1, max_iter=100, multi_class='ovr', n_jobs=1,
          penalty='l1', random_state=None, solver='liblinear', tol=0.0001,
          verbose=0, warm_start=False)
01/29/2018 20:24:10 [INFO] exp_shallowmodel: train time: 0.696s
01/29/2018 20:24:10 [INFO] exp_shallowmodel: test time:  0.000s
01/29/2018 20:24:10 [INFO] exp_shallowmodel: accuracy:   0.814
01/29/2018 20:24:10 [INFO] exp_shallowmodel: f1_score:   0.631
01/29/2018 20:24:10 [INFO] exp_shallowmodel: classification report:
01/29/2018 20:24:10 [INFO] exp_shallowmodel:              precision    recall  f1-score   support

          A       1.00      0.07      0.13        14
          C       0.77      0.80      0.79       164
          F       0.87      0.93      0.90       268
          R       0.75      0.67      0.71       125

avg / total       0.82      0.81      0.80       571

01/29/2018 20:24:10 [INFO] exp_shallowmodel: confusion matrix:
01/29/2018 20:24:10 [INFO] exp_shallowmodel: 
[[  1   0   9   4]
 [  0 132  16  16]
 [  0  12 248   8]
 [  0  28  13  84]]
01/29/2018 20:24:10 [INFO] exp_shallowmodel: ******************** dstc2 - Round 36 
01/29/2018 20:24:10 [INFO] exp_shallowmodel: #(data) = 4583
01/29/2018 20:24:10 [INFO] exp_shallowmodel: #(feature) = 129
01/29/2018 20:24:10 [INFO] exp_shallowmodel: ================================================================================
01/29/2018 20:24:10 [INFO] exp_shallowmodel: LR.pen=l1.C=1.000000
01/29/2018 20:24:10 [INFO] exp_shallowmodel: ________________________________________________________________________________
01/29/2018 20:24:10 [INFO] exp_shallowmodel: Training: 
01/29/2018 20:24:10 [INFO] exp_shallowmodel: LogisticRegression(C=1, class_weight=None, dual=False, fit_intercept=True,
          intercept_scaling=1, max_iter=100, multi_class='ovr', n_jobs=1,
          penalty='l1', random_state=None, solver='liblinear', tol=0.0001,
          verbose=0, warm_start=False)
01/29/2018 20:24:10 [INFO] exp_shallowmodel: train time: 0.736s
01/29/2018 20:24:10 [INFO] exp_shallowmodel: test time:  0.000s
01/29/2018 20:24:10 [INFO] exp_shallowmodel: accuracy:   0.786
01/29/2018 20:24:10 [INFO] exp_shallowmodel: f1_score:   0.661
01/29/2018 20:24:10 [INFO] exp_shallowmodel: classification report:
01/29/2018 20:24:10 [INFO] exp_shallowmodel:              precision    recall  f1-score   support

          A       1.00      0.21      0.35        14
          C       0.71      0.77      0.74       164
          F       0.87      0.89      0.88       268
          R       0.70      0.65      0.67       125

avg / total       0.79      0.79      0.78       571

01/29/2018 20:24:10 [INFO] exp_shallowmodel: confusion matrix:
01/29/2018 20:24:10 [INFO] exp_shallowmodel: 
[[  3   4   5   2]
 [  0 127  16  21]
 [  0  18 238  12]
 [  0  30  14  81]]
01/29/2018 20:24:10 [INFO] exp_shallowmodel: ******************** dstc2 - Round 37 
01/29/2018 20:24:10 [INFO] exp_shallowmodel: #(data) = 4583
01/29/2018 20:24:10 [INFO] exp_shallowmodel: #(feature) = 129
01/29/2018 20:24:10 [INFO] exp_shallowmodel: ================================================================================
01/29/2018 20:24:10 [INFO] exp_shallowmodel: LR.pen=l1.C=1.000000
01/29/2018 20:24:10 [INFO] exp_shallowmodel: ________________________________________________________________________________
01/29/2018 20:24:10 [INFO] exp_shallowmodel: Training: 
01/29/2018 20:24:10 [INFO] exp_shallowmodel: LogisticRegression(C=1, class_weight=None, dual=False, fit_intercept=True,
          intercept_scaling=1, max_iter=100, multi_class='ovr', n_jobs=1,
          penalty='l1', random_state=None, solver='liblinear', tol=0.0001,
          verbose=0, warm_start=False)
01/29/2018 20:24:11 [INFO] exp_shallowmodel: train time: 0.720s
01/29/2018 20:24:11 [INFO] exp_shallowmodel: test time:  0.000s
01/29/2018 20:24:11 [INFO] exp_shallowmodel: accuracy:   0.818
01/29/2018 20:24:11 [INFO] exp_shallowmodel: f1_score:   0.702
01/29/2018 20:24:11 [INFO] exp_shallowmodel: classification report:
01/29/2018 20:24:11 [INFO] exp_shallowmodel:              precision    recall  f1-score   support

          A       0.80      0.29      0.42        14
          C       0.81      0.79      0.80       164
          F       0.87      0.93      0.90       268
          R       0.71      0.67      0.69       125

avg / total       0.81      0.82      0.81       571

01/29/2018 20:24:11 [INFO] exp_shallowmodel: confusion matrix:
01/29/2018 20:24:11 [INFO] exp_shallowmodel: 
[[  4   0   9   1]
 [  0 130  13  21]
 [  0   6 249  13]
 [  1  25  15  84]]
01/29/2018 20:24:11 [INFO] exp_shallowmodel: ******************** dstc2 - Round 38 
01/29/2018 20:24:11 [INFO] exp_shallowmodel: #(data) = 4583
01/29/2018 20:24:11 [INFO] exp_shallowmodel: #(feature) = 129
01/29/2018 20:24:11 [INFO] exp_shallowmodel: ================================================================================
01/29/2018 20:24:11 [INFO] exp_shallowmodel: LR.pen=l1.C=1.000000
01/29/2018 20:24:11 [INFO] exp_shallowmodel: ________________________________________________________________________________
01/29/2018 20:24:11 [INFO] exp_shallowmodel: Training: 
01/29/2018 20:24:11 [INFO] exp_shallowmodel: LogisticRegression(C=1, class_weight=None, dual=False, fit_intercept=True,
          intercept_scaling=1, max_iter=100, multi_class='ovr', n_jobs=1,
          penalty='l1', random_state=None, solver='liblinear', tol=0.0001,
          verbose=0, warm_start=False)
01/29/2018 20:24:12 [INFO] exp_shallowmodel: train time: 0.684s
01/29/2018 20:24:12 [INFO] exp_shallowmodel: test time:  0.000s
01/29/2018 20:24:12 [INFO] exp_shallowmodel: accuracy:   0.779
01/29/2018 20:24:12 [INFO] exp_shallowmodel: f1_score:   0.659
01/29/2018 20:24:12 [INFO] exp_shallowmodel: classification report:
01/29/2018 20:24:12 [INFO] exp_shallowmodel:              precision    recall  f1-score   support

          A       0.67      0.29      0.40        14
          C       0.76      0.75      0.75       164
          F       0.86      0.92      0.89       268
          R       0.61      0.58      0.59       125

avg / total       0.77      0.78      0.77       571

01/29/2018 20:24:12 [INFO] exp_shallowmodel: confusion matrix:
01/29/2018 20:24:12 [INFO] exp_shallowmodel: 
[[  4   2   5   3]
 [  0 123  10  31]
 [  2   8 246  12]
 [  0  29  24  72]]
01/29/2018 20:24:12 [INFO] exp_shallowmodel: ******************** dstc2 - Round 39 
01/29/2018 20:24:12 [INFO] exp_shallowmodel: #(data) = 4568
01/29/2018 20:24:12 [INFO] exp_shallowmodel: #(feature) = 129
01/29/2018 20:24:12 [INFO] exp_shallowmodel: ================================================================================
01/29/2018 20:24:12 [INFO] exp_shallowmodel: LR.pen=l1.C=1.000000
01/29/2018 20:24:12 [INFO] exp_shallowmodel: ________________________________________________________________________________
01/29/2018 20:24:12 [INFO] exp_shallowmodel: Training: 
01/29/2018 20:24:12 [INFO] exp_shallowmodel: LogisticRegression(C=1, class_weight=None, dual=False, fit_intercept=True,
          intercept_scaling=1, max_iter=100, multi_class='ovr', n_jobs=1,
          penalty='l1', random_state=None, solver='liblinear', tol=0.0001,
          verbose=0, warm_start=False)
01/29/2018 20:24:13 [INFO] exp_shallowmodel: train time: 0.692s
01/29/2018 20:24:13 [INFO] exp_shallowmodel: test time:  0.000s
01/29/2018 20:24:13 [INFO] exp_shallowmodel: accuracy:   0.776
01/29/2018 20:24:13 [INFO] exp_shallowmodel: f1_score:   0.596
01/29/2018 20:24:13 [INFO] exp_shallowmodel: classification report:
01/29/2018 20:24:13 [INFO] exp_shallowmodel:              precision    recall  f1-score   support

          A       0.50      0.06      0.11        16
          C       0.72      0.78      0.75       169
          F       0.86      0.89      0.87       271
          R       0.67      0.63      0.65       130

avg / total       0.77      0.78      0.77       586

01/29/2018 20:24:13 [INFO] exp_shallowmodel: confusion matrix:
01/29/2018 20:24:13 [INFO] exp_shallowmodel: 
[[  1   3  10   2]
 [  0 132  10  27]
 [  0  19 240  12]
 [  1  29  18  82]]
01/29/2018 20:24:13 [INFO] exp_shallowmodel: ******************** dstc2 - Round 40 
01/29/2018 20:24:13 [INFO] exp_shallowmodel: #(data) = 4583
01/29/2018 20:24:13 [INFO] exp_shallowmodel: #(feature) = 129
01/29/2018 20:24:13 [INFO] exp_shallowmodel: ================================================================================
01/29/2018 20:24:13 [INFO] exp_shallowmodel: LR.pen=l1.C=1.000000
01/29/2018 20:24:13 [INFO] exp_shallowmodel: ________________________________________________________________________________
01/29/2018 20:24:13 [INFO] exp_shallowmodel: Training: 
01/29/2018 20:24:13 [INFO] exp_shallowmodel: LogisticRegression(C=1, class_weight=None, dual=False, fit_intercept=True,
          intercept_scaling=1, max_iter=100, multi_class='ovr', n_jobs=1,
          penalty='l1', random_state=None, solver='liblinear', tol=0.0001,
          verbose=0, warm_start=False)
01/29/2018 20:24:13 [INFO] exp_shallowmodel: train time: 0.763s
01/29/2018 20:24:13 [INFO] exp_shallowmodel: test time:  0.000s
01/29/2018 20:24:13 [INFO] exp_shallowmodel: accuracy:   0.809
01/29/2018 20:24:13 [INFO] exp_shallowmodel: f1_score:   0.646
01/29/2018 20:24:13 [INFO] exp_shallowmodel: classification report:
01/29/2018 20:24:13 [INFO] exp_shallowmodel:              precision    recall  f1-score   support

          A       0.50      0.14      0.22        14
          C       0.79      0.79      0.79       164
          F       0.89      0.92      0.90       268
          R       0.66      0.67      0.67       125

avg / total       0.80      0.81      0.80       571

01/29/2018 20:24:13 [INFO] exp_shallowmodel: confusion matrix:
01/29/2018 20:24:13 [INFO] exp_shallowmodel: 
[[  2   5   4   3]
 [  0 130   8  26]
 [  1   7 246  14]
 [  1  22  18  84]]
01/29/2018 20:24:13 [INFO] exp_shallowmodel: ******************** dstc2 - Round 41 
01/29/2018 20:24:13 [INFO] exp_shallowmodel: #(data) = 4583
01/29/2018 20:24:13 [INFO] exp_shallowmodel: #(feature) = 129
01/29/2018 20:24:13 [INFO] exp_shallowmodel: ================================================================================
01/29/2018 20:24:13 [INFO] exp_shallowmodel: LR.pen=l1.C=1.000000
01/29/2018 20:24:13 [INFO] exp_shallowmodel: ________________________________________________________________________________
01/29/2018 20:24:13 [INFO] exp_shallowmodel: Training: 
01/29/2018 20:24:13 [INFO] exp_shallowmodel: LogisticRegression(C=1, class_weight=None, dual=False, fit_intercept=True,
          intercept_scaling=1, max_iter=100, multi_class='ovr', n_jobs=1,
          penalty='l1', random_state=None, solver='liblinear', tol=0.0001,
          verbose=0, warm_start=False)
01/29/2018 20:24:14 [INFO] exp_shallowmodel: train time: 0.666s
01/29/2018 20:24:14 [INFO] exp_shallowmodel: test time:  0.000s
01/29/2018 20:24:14 [INFO] exp_shallowmodel: accuracy:   0.814
01/29/2018 20:24:14 [INFO] exp_shallowmodel: f1_score:   0.702
01/29/2018 20:24:14 [INFO] exp_shallowmodel: classification report:
01/29/2018 20:24:14 [INFO] exp_shallowmodel:              precision    recall  f1-score   support

          A       0.80      0.29      0.42        14
          C       0.77      0.84      0.80       164
          F       0.89      0.90      0.89       268
          R       0.72      0.67      0.69       125

avg / total       0.81      0.81      0.81       571

01/29/2018 20:24:14 [INFO] exp_shallowmodel: confusion matrix:
01/29/2018 20:24:14 [INFO] exp_shallowmodel: 
[[  4   2   6   2]
 [  0 137  11  16]
 [  1  12 240  15]
 [  0  28  13  84]]
01/29/2018 20:24:14 [INFO] exp_shallowmodel: ******************** dstc2 - Round 42 
01/29/2018 20:24:14 [INFO] exp_shallowmodel: #(data) = 4583
01/29/2018 20:24:14 [INFO] exp_shallowmodel: #(feature) = 129
01/29/2018 20:24:14 [INFO] exp_shallowmodel: ================================================================================
01/29/2018 20:24:14 [INFO] exp_shallowmodel: LR.pen=l1.C=1.000000
01/29/2018 20:24:14 [INFO] exp_shallowmodel: ________________________________________________________________________________
01/29/2018 20:24:14 [INFO] exp_shallowmodel: Training: 
01/29/2018 20:24:14 [INFO] exp_shallowmodel: LogisticRegression(C=1, class_weight=None, dual=False, fit_intercept=True,
          intercept_scaling=1, max_iter=100, multi_class='ovr', n_jobs=1,
          penalty='l1', random_state=None, solver='liblinear', tol=0.0001,
          verbose=0, warm_start=False)
01/29/2018 20:24:15 [INFO] exp_shallowmodel: train time: 0.697s
01/29/2018 20:24:15 [INFO] exp_shallowmodel: test time:  0.000s
01/29/2018 20:24:15 [INFO] exp_shallowmodel: accuracy:   0.779
01/29/2018 20:24:15 [INFO] exp_shallowmodel: f1_score:   0.626
01/29/2018 20:24:15 [INFO] exp_shallowmodel: classification report:
01/29/2018 20:24:15 [INFO] exp_shallowmodel:              precision    recall  f1-score   support

          A       1.00      0.14      0.25        14
          C       0.74      0.70      0.72       164
          F       0.85      0.93      0.89       268
          R       0.66      0.64      0.65       125

avg / total       0.78      0.78      0.77       571

01/29/2018 20:24:15 [INFO] exp_shallowmodel: confusion matrix:
01/29/2018 20:24:15 [INFO] exp_shallowmodel: 
[[  2   0   8   4]
 [  0 114  18  32]
 [  0  13 249   6]
 [  0  27  18  80]]
01/29/2018 20:24:15 [INFO] exp_shallowmodel: ******************** dstc2 - Round 43 
01/29/2018 20:24:15 [INFO] exp_shallowmodel: #(data) = 4583
01/29/2018 20:24:15 [INFO] exp_shallowmodel: #(feature) = 129
01/29/2018 20:24:15 [INFO] exp_shallowmodel: ================================================================================
01/29/2018 20:24:15 [INFO] exp_shallowmodel: LR.pen=l1.C=1.000000
01/29/2018 20:24:15 [INFO] exp_shallowmodel: ________________________________________________________________________________
01/29/2018 20:24:15 [INFO] exp_shallowmodel: Training: 
01/29/2018 20:24:15 [INFO] exp_shallowmodel: LogisticRegression(C=1, class_weight=None, dual=False, fit_intercept=True,
          intercept_scaling=1, max_iter=100, multi_class='ovr', n_jobs=1,
          penalty='l1', random_state=None, solver='liblinear', tol=0.0001,
          verbose=0, warm_start=False)
01/29/2018 20:24:16 [INFO] exp_shallowmodel: train time: 0.722s
01/29/2018 20:24:16 [INFO] exp_shallowmodel: test time:  0.000s
01/29/2018 20:24:16 [INFO] exp_shallowmodel: accuracy:   0.804
01/29/2018 20:24:16 [INFO] exp_shallowmodel: f1_score:   0.670
01/29/2018 20:24:16 [INFO] exp_shallowmodel: classification report:
01/29/2018 20:24:16 [INFO] exp_shallowmodel:              precision    recall  f1-score   support

          A       0.75      0.21      0.33        14
          C       0.73      0.77      0.75       164
          F       0.88      0.92      0.90       268
          R       0.72      0.67      0.70       125

avg / total       0.80      0.80      0.80       571

01/29/2018 20:24:16 [INFO] exp_shallowmodel: confusion matrix:
01/29/2018 20:24:16 [INFO] exp_shallowmodel: 
[[  3   3   8   0]
 [  0 126  13  25]
 [  0  15 246   7]
 [  1  29  11  84]]
01/29/2018 20:24:16 [INFO] exp_shallowmodel: ******************** dstc2 - Round 44 
01/29/2018 20:24:16 [INFO] exp_shallowmodel: #(data) = 4583
01/29/2018 20:24:16 [INFO] exp_shallowmodel: #(feature) = 129
01/29/2018 20:24:16 [INFO] exp_shallowmodel: ================================================================================
01/29/2018 20:24:16 [INFO] exp_shallowmodel: LR.pen=l1.C=1.000000
01/29/2018 20:24:16 [INFO] exp_shallowmodel: ________________________________________________________________________________
01/29/2018 20:24:16 [INFO] exp_shallowmodel: Training: 
01/29/2018 20:24:16 [INFO] exp_shallowmodel: LogisticRegression(C=1, class_weight=None, dual=False, fit_intercept=True,
          intercept_scaling=1, max_iter=100, multi_class='ovr', n_jobs=1,
          penalty='l1', random_state=None, solver='liblinear', tol=0.0001,
          verbose=0, warm_start=False)
01/29/2018 20:24:16 [INFO] exp_shallowmodel: train time: 0.747s
01/29/2018 20:24:16 [INFO] exp_shallowmodel: test time:  0.000s
01/29/2018 20:24:16 [INFO] exp_shallowmodel: accuracy:   0.786
01/29/2018 20:24:16 [INFO] exp_shallowmodel: f1_score:   0.572
01/29/2018 20:24:16 [INFO] exp_shallowmodel: classification report:
01/29/2018 20:24:16 [INFO] exp_shallowmodel:              precision    recall  f1-score   support

          A       0.00      0.00      0.00        14
          C       0.75      0.75      0.75       164
          F       0.86      0.92      0.89       268
          R       0.67      0.63      0.65       125

avg / total       0.76      0.79      0.77       571

01/29/2018 20:24:16 [INFO] exp_shallowmodel: confusion matrix:
01/29/2018 20:24:16 [INFO] exp_shallowmodel: 
[[  0   3   6   5]
 [  0 123  17  24]
 [  0  11 247  10]
 [  0  28  18  79]]
01/29/2018 20:24:16 [INFO] exp_shallowmodel: ******************** dstc2 - Round 45 
01/29/2018 20:24:16 [INFO] exp_shallowmodel: #(data) = 4583
01/29/2018 20:24:16 [INFO] exp_shallowmodel: #(feature) = 129
01/29/2018 20:24:16 [INFO] exp_shallowmodel: ================================================================================
01/29/2018 20:24:16 [INFO] exp_shallowmodel: LR.pen=l1.C=1.000000
01/29/2018 20:24:16 [INFO] exp_shallowmodel: ________________________________________________________________________________
01/29/2018 20:24:16 [INFO] exp_shallowmodel: Training: 
01/29/2018 20:24:16 [INFO] exp_shallowmodel: LogisticRegression(C=1, class_weight=None, dual=False, fit_intercept=True,
          intercept_scaling=1, max_iter=100, multi_class='ovr', n_jobs=1,
          penalty='l1', random_state=None, solver='liblinear', tol=0.0001,
          verbose=0, warm_start=False)
01/29/2018 20:24:17 [INFO] exp_shallowmodel: train time: 0.742s
01/29/2018 20:24:17 [INFO] exp_shallowmodel: test time:  0.000s
01/29/2018 20:24:17 [INFO] exp_shallowmodel: accuracy:   0.793
01/29/2018 20:24:17 [INFO] exp_shallowmodel: f1_score:   0.609
01/29/2018 20:24:17 [INFO] exp_shallowmodel: classification report:
01/29/2018 20:24:17 [INFO] exp_shallowmodel:              precision    recall  f1-score   support

          A       1.00      0.07      0.13        14
          C       0.75      0.77      0.76       164
          F       0.86      0.93      0.89       268
          R       0.68      0.62      0.65       125

avg / total       0.79      0.79      0.78       571

01/29/2018 20:24:17 [INFO] exp_shallowmodel: confusion matrix:
01/29/2018 20:24:17 [INFO] exp_shallowmodel: 
[[  1   3   7   3]
 [  0 126  14  24]
 [  0  10 248  10]
 [  0  29  18  78]]
01/29/2018 20:24:17 [INFO] exp_shallowmodel: ******************** dstc2 - Round 46 
01/29/2018 20:24:17 [INFO] exp_shallowmodel: #(data) = 4583
01/29/2018 20:24:17 [INFO] exp_shallowmodel: #(feature) = 129
01/29/2018 20:24:17 [INFO] exp_shallowmodel: ================================================================================
01/29/2018 20:24:17 [INFO] exp_shallowmodel: LR.pen=l1.C=1.000000
01/29/2018 20:24:17 [INFO] exp_shallowmodel: ________________________________________________________________________________
01/29/2018 20:24:17 [INFO] exp_shallowmodel: Training: 
01/29/2018 20:24:17 [INFO] exp_shallowmodel: LogisticRegression(C=1, class_weight=None, dual=False, fit_intercept=True,
          intercept_scaling=1, max_iter=100, multi_class='ovr', n_jobs=1,
          penalty='l1', random_state=None, solver='liblinear', tol=0.0001,
          verbose=0, warm_start=False)
01/29/2018 20:24:18 [INFO] exp_shallowmodel: train time: 0.735s
01/29/2018 20:24:18 [INFO] exp_shallowmodel: test time:  0.000s
01/29/2018 20:24:18 [INFO] exp_shallowmodel: accuracy:   0.785
01/29/2018 20:24:18 [INFO] exp_shallowmodel: f1_score:   0.677
01/29/2018 20:24:18 [INFO] exp_shallowmodel: classification report:
01/29/2018 20:24:18 [INFO] exp_shallowmodel:              precision    recall  f1-score   support

          A       1.00      0.29      0.44        14
          C       0.73      0.77      0.75       164
          F       0.87      0.90      0.89       268
          R       0.65      0.60      0.63       125

avg / total       0.79      0.78      0.78       571

01/29/2018 20:24:18 [INFO] exp_shallowmodel: confusion matrix:
01/29/2018 20:24:18 [INFO] exp_shallowmodel: 
[[  4   1   6   3]
 [  0 127  15  22]
 [  0  11 242  15]
 [  0  36  14  75]]
01/29/2018 20:24:18 [INFO] exp_shallowmodel: ******************** dstc2 - Round 47 
01/29/2018 20:24:18 [INFO] exp_shallowmodel: #(data) = 4583
01/29/2018 20:24:18 [INFO] exp_shallowmodel: #(feature) = 129
01/29/2018 20:24:18 [INFO] exp_shallowmodel: ================================================================================
01/29/2018 20:24:18 [INFO] exp_shallowmodel: LR.pen=l1.C=1.000000
01/29/2018 20:24:18 [INFO] exp_shallowmodel: ________________________________________________________________________________
01/29/2018 20:24:18 [INFO] exp_shallowmodel: Training: 
01/29/2018 20:24:18 [INFO] exp_shallowmodel: LogisticRegression(C=1, class_weight=None, dual=False, fit_intercept=True,
          intercept_scaling=1, max_iter=100, multi_class='ovr', n_jobs=1,
          penalty='l1', random_state=None, solver='liblinear', tol=0.0001,
          verbose=0, warm_start=False)
01/29/2018 20:24:19 [INFO] exp_shallowmodel: train time: 0.718s
01/29/2018 20:24:19 [INFO] exp_shallowmodel: test time:  0.000s
01/29/2018 20:24:19 [INFO] exp_shallowmodel: accuracy:   0.816
01/29/2018 20:24:19 [INFO] exp_shallowmodel: f1_score:   0.695
01/29/2018 20:24:19 [INFO] exp_shallowmodel: classification report:
01/29/2018 20:24:19 [INFO] exp_shallowmodel:              precision    recall  f1-score   support

          A       0.80      0.29      0.42        14
          C       0.73      0.78      0.75       164
          F       0.91      0.95      0.93       268
          R       0.73      0.64      0.68       125

avg / total       0.81      0.82      0.81       571

01/29/2018 20:24:19 [INFO] exp_shallowmodel: confusion matrix:
01/29/2018 20:24:19 [INFO] exp_shallowmodel: 
[[  4   2   7   1]
 [  0 128  10  26]
 [  1  10 254   3]
 [  0  36   9  80]]
01/29/2018 20:24:19 [INFO] exp_shallowmodel: ******************** dstc2 - Round 48 
01/29/2018 20:24:19 [INFO] exp_shallowmodel: #(data) = 4583
01/29/2018 20:24:19 [INFO] exp_shallowmodel: #(feature) = 129
01/29/2018 20:24:19 [INFO] exp_shallowmodel: ================================================================================
01/29/2018 20:24:19 [INFO] exp_shallowmodel: LR.pen=l1.C=1.000000
01/29/2018 20:24:19 [INFO] exp_shallowmodel: ________________________________________________________________________________
01/29/2018 20:24:19 [INFO] exp_shallowmodel: Training: 
01/29/2018 20:24:19 [INFO] exp_shallowmodel: LogisticRegression(C=1, class_weight=None, dual=False, fit_intercept=True,
          intercept_scaling=1, max_iter=100, multi_class='ovr', n_jobs=1,
          penalty='l1', random_state=None, solver='liblinear', tol=0.0001,
          verbose=0, warm_start=False)
01/29/2018 20:24:19 [INFO] exp_shallowmodel: train time: 0.730s
01/29/2018 20:24:19 [INFO] exp_shallowmodel: test time:  0.000s
01/29/2018 20:24:19 [INFO] exp_shallowmodel: accuracy:   0.800
01/29/2018 20:24:19 [INFO] exp_shallowmodel: f1_score:   0.708
01/29/2018 20:24:19 [INFO] exp_shallowmodel: classification report:
01/29/2018 20:24:19 [INFO] exp_shallowmodel:              precision    recall  f1-score   support

          A       0.83      0.36      0.50        14
          C       0.77      0.83      0.80       164
          F       0.85      0.89      0.87       268
          R       0.71      0.62      0.66       125

avg / total       0.80      0.80      0.80       571

01/29/2018 20:24:19 [INFO] exp_shallowmodel: confusion matrix:
01/29/2018 20:24:19 [INFO] exp_shallowmodel: 
[[  5   0   8   1]
 [  0 136   9  19]
 [  1  17 239  11]
 [  0  23  25  77]]
01/29/2018 20:24:19 [INFO] exp_shallowmodel: ******************** dstc2 - Round 49 
01/29/2018 20:24:19 [INFO] exp_shallowmodel: #(data) = 4568
01/29/2018 20:24:19 [INFO] exp_shallowmodel: #(feature) = 129
01/29/2018 20:24:19 [INFO] exp_shallowmodel: ================================================================================
01/29/2018 20:24:19 [INFO] exp_shallowmodel: LR.pen=l1.C=1.000000
01/29/2018 20:24:19 [INFO] exp_shallowmodel: ________________________________________________________________________________
01/29/2018 20:24:19 [INFO] exp_shallowmodel: Training: 
01/29/2018 20:24:19 [INFO] exp_shallowmodel: LogisticRegression(C=1, class_weight=None, dual=False, fit_intercept=True,
          intercept_scaling=1, max_iter=100, multi_class='ovr', n_jobs=1,
          penalty='l1', random_state=None, solver='liblinear', tol=0.0001,
          verbose=0, warm_start=False)
01/29/2018 20:24:20 [INFO] exp_shallowmodel: train time: 0.764s
01/29/2018 20:24:20 [INFO] exp_shallowmodel: test time:  0.000s
01/29/2018 20:24:20 [INFO] exp_shallowmodel: accuracy:   0.805
01/29/2018 20:24:20 [INFO] exp_shallowmodel: f1_score:   0.685
01/29/2018 20:24:20 [INFO] exp_shallowmodel: classification report:
01/29/2018 20:24:20 [INFO] exp_shallowmodel:              precision    recall  f1-score   support

          A       0.80      0.25      0.38        16
          C       0.77      0.76      0.76       169
          F       0.87      0.92      0.90       271
          R       0.71      0.69      0.70       130

avg / total       0.80      0.81      0.80       586

01/29/2018 20:24:20 [INFO] exp_shallowmodel: confusion matrix:
01/29/2018 20:24:20 [INFO] exp_shallowmodel: 
[[  4   1   9   2]
 [  1 128  16  24]
 [  0  10 250  11]
 [  0  28  12  90]]
/ihome/pbrusilosky/rum20/packages/anaconda3/lib/python3.6/site-packages/sklearn/metrics/classification.py:1135: UndefinedMetricWarning: Precision is ill-defined and being set to 0.0 in labels with no predicted samples.
  'precision', 'predicted', average, warn_for)
/ihome/pbrusilosky/rum20/packages/anaconda3/lib/python3.6/site-packages/sklearn/metrics/classification.py:1135: UndefinedMetricWarning: F-score is ill-defined and being set to 0.0 in labels with no predicted samples.
  'precision', 'predicted', average, warn_for)
/ihome/pbrusilosky/rum20/packages/anaconda3/lib/python3.6/site-packages/sklearn/metrics/classification.py:1135: UndefinedMetricWarning: Precision and F-score are ill-defined and being set to 0.0 in labels with no predicted samples.
  'precision', 'predicted', average, warn_for)
/ihome/pbrusilosky/rum20/packages/anaconda3/lib/python3.6/site-packages/sklearn/metrics/classification.py:1135: UndefinedMetricWarning: Precision is ill-defined and being set to 0.0 in labels with no predicted samples.
  'precision', 'predicted', average, warn_for)
/ihome/pbrusilosky/rum20/packages/anaconda3/lib/python3.6/site-packages/sklearn/metrics/classification.py:1135: UndefinedMetricWarning: F-score is ill-defined and being set to 0.0 in labels with no predicted samples.
  'precision', 'predicted', average, warn_for)
/ihome/pbrusilosky/rum20/packages/anaconda3/lib/python3.6/site-packages/sklearn/metrics/classification.py:1135: UndefinedMetricWarning: Precision and F-score are ill-defined and being set to 0.0 in labels with no predicted samples.
  'precision', 'predicted', average, warn_for)
/ihome/pbrusilosky/rum20/packages/anaconda3/lib/python3.6/site-packages/sklearn/metrics/classification.py:1135: UndefinedMetricWarning: Precision is ill-defined and being set to 0.0 in labels with no predicted samples.
  'precision', 'predicted', average, warn_for)
/ihome/pbrusilosky/rum20/packages/anaconda3/lib/python3.6/site-packages/sklearn/metrics/classification.py:1135: UndefinedMetricWarning: F-score is ill-defined and being set to 0.0 in labels with no predicted samples.
  'precision', 'predicted', average, warn_for)
/ihome/pbrusilosky/rum20/packages/anaconda3/lib/python3.6/site-packages/sklearn/metrics/classification.py:1135: UndefinedMetricWarning: Precision and F-score are ill-defined and being set to 0.0 in labels with no predicted samples.
  'precision', 'predicted', average, warn_for)
Traceback (most recent call last):
  File "/ihome/pbrusilosky/rum20/packages/anaconda3/lib/python3.6/runpy.py", line 193, in _run_module_as_main
    "__main__", mod_spec)
  File "/ihome/pbrusilosky/rum20/packages/anaconda3/lib/python3.6/runpy.py", line 85, in _run_code
    exec(code, run_globals)
  File "/ihome/pbrusilosky/rum20/y_classify/dialogue/classify/task_runner.py", line 220, in <module>
    worker(q, data_dict, opt)
  File "/ihome/pbrusilosky/rum20/y_classify/dialogue/classify/task_runner.py", line 183, in worker
    result = exp.run_cross_validation_with_continuous_feature_selection(X, Y, retained_feature_indices, retained_feature_names, opt.k_feature_to_keep, opt.k_component_for_pca)
  File "/ihome/pbrusilosky/rum20/y_classify/dialogue/classify/exp_shallowmodel.py", line 1307, in run_cross_validation_with_continuous_feature_selection
    chi2_stats, pvals        = chi2(X_discrete, Y)
  File "/ihome/pbrusilosky/rum20/packages/anaconda3/lib/python3.6/site-packages/sklearn/feature_selection/univariate_selection.py", line 213, in chi2
    X = check_array(X, accept_sparse='csr')
  File "/ihome/pbrusilosky/rum20/packages/anaconda3/lib/python3.6/site-packages/sklearn/utils/validation.py", line 470, in check_array
    context))
ValueError: Found array with 0 feature(s) (shape=(5725, 0)) while a minimum of 1 is required.
srun: error: smp-n14: task 0: Exited with exit code 1
