/ihome/pbrusilosky/rum20/packages/anaconda3/bin/python -m dialogue.classify.task_runner -experiment_mode continuous_feature_selection -selected_feature_set_id 5 -add_similarity_feature -selected_context_id 0 -k_feature_to_keep -1 -k_component_for_pca -1
No. of param settings = 1
[('experiment_mode', 'continuous_feature_selection'), ('deep_model', False), ('selected_context_id', 0), ('selected_feature_set_id', 5), ('similarity_feature', True), ('k_feature_to_keep', -1), ('k_component_for_pca', -1)]
Loading extracted features of dstc2
Loading extracted features of dstc3
Loading extracted features of family
Loading extracted features of ghome
01/29/2018 20:20:41 [INFO] configuration: experiment_mode  :   continuous_feature_selection
01/29/2018 20:20:41 [INFO] configuration: deep_model  :   False
01/29/2018 20:20:41 [INFO] configuration: selected_context_id  :   0
01/29/2018 20:20:41 [INFO] configuration: selected_feature_set_id  :   5
01/29/2018 20:20:41 [INFO] configuration: similarity_feature  :   True
01/29/2018 20:20:41 [INFO] configuration: k_feature_to_keep  :   -1
01/29/2018 20:20:41 [INFO] configuration: k_component_for_pca  :   -1
01/29/2018 20:20:41 [INFO] configuration: seed  :   154316847
01/29/2018 20:20:41 [INFO] configuration: root_path  :   /ihome/pbrusilosky/rum20/y_classify
01/29/2018 20:20:41 [INFO] configuration: task_name  :   utterance_type
01/29/2018 20:20:41 [INFO] configuration: timemark  :   20180129-202041
01/29/2018 20:20:41 [INFO] configuration: context_set  :   next
01/29/2018 20:20:41 [INFO] configuration: utterance_names  :   ['last_user_utterance', 'last_system_utterance', 'current_user_utterance', 'next_system_utterance', 'next_user_utterance']
01/29/2018 20:20:41 [INFO] configuration: utterance_range  :   ['current_user_utterance', 'next_system_utterance', 'next_user_utterance']
01/29/2018 20:20:41 [INFO] configuration: feature_set  :   5-lda
01/29/2018 20:20:41 [INFO] configuration: feature_set_number  :   ['8']
01/29/2018 20:20:41 [INFO] configuration: experiment_name  :   20180129-202041.continuous_feature_selection.pca_component=-1.feature_number=-1.context=next.feature=5-lda.similarity=true
01/29/2018 20:20:41 [INFO] configuration: experiment_path  :   /ihome/pbrusilosky/rum20/y_classify/output/20180129-202041.continuous_feature_selection.pca_component=-1.feature_number=-1.context=next.feature=5-lda.similarity=true
01/29/2018 20:20:41 [INFO] configuration: log_path  :   /ihome/pbrusilosky/rum20/y_classify/output/20180129-202041.continuous_feature_selection.pca_component=-1.feature_number=-1.context=next.feature=5-lda.similarity=true/output.log
01/29/2018 20:20:41 [INFO] configuration: valid_type  :   {'A', 'C', 'R', 'F'}
01/29/2018 20:20:41 [INFO] configuration: data_name  :   
01/29/2018 20:20:41 [INFO] configuration: data_names  :   ['dstc2', 'dstc3', 'family', 'ghome']
01/29/2018 20:20:41 [INFO] configuration: raw_feature_path  :   /ihome/pbrusilosky/rum20/y_classify/dataset/feature/%s.raw_feature.pkl
01/29/2018 20:20:41 [INFO] configuration: extracted_feature_path  :   /ihome/pbrusilosky/rum20/y_classify/dataset/feature/%s.extracted_feature.pkl
01/29/2018 20:20:41 [INFO] configuration: pipeline_path  :   /ihome/pbrusilosky/rum20/y_classify/dataset/feature/%s.pipeline.pkl
01/29/2018 20:20:41 [INFO] configuration: metrics  :   ['accuracy', 'precision', 'recall', 'f1_score', 'training_time', 'test_time']
01/29/2018 20:20:41 [INFO] configuration: do_cross_validation  :   True
01/29/2018 20:20:41 [INFO] configuration: #division  :   5
01/29/2018 20:20:41 [INFO] configuration: #cross_validation  :   10
01/29/2018 20:20:41 [INFO] configuration: cv_index_cache_path  :   
01/29/2018 20:20:41 [INFO] configuration: action_words  :   {'items', 'stop', 'centr', 'expens', 'delet', 'time', 'weather', 'start', 'else', 'room', 'watch', 'volum', 'centre', 'moderate', 'north', 'findcar', 'timer', 'light', 'phone', 'item', 'remind', 'list', 'snooze', 'reminders', 'remove', 'tell', 'discard', 'address', 'number', 'food', 'price', 'post', 'ani', 'cast', 'turn', 'expensive', 'clear', 'add', 'next', 'area', 'delete', 'temperature', 'reminds', 'part', 'south', 'show', 'any', 'alarm', 'snooz', 'skip', 'remov', 'matter', 'music', 'volume', 'findcare', 'video', 'telephone', 'telephon', 'member', 'reminder', 'share', 'help', 'song', 'shuffl', 'els', 'temperatur', 'play', 'shuffle', 'cheap', 'moder'}
01/29/2018 20:20:41 [INFO] configuration: corenlp_jars  :   ('/Users/memray/Project/stanford/stanford-corenlp-full-3.8.0/*', '/Users/memray/Project/stanford/stanford-corenlp-full-3.8.0/stanford-english-kbp-corenlp-2017-06-09-models.jar')
01/29/2018 20:20:41 [INFO] configuration: lda_topic_number  :   50
01/29/2018 20:20:41 [INFO] configuration: lda_path  :   /ihome/pbrusilosky/rum20/y_classify/dataset/feature/gensim/%s.topic=50.lda.pkl
01/29/2018 20:20:41 [INFO] configuration: gensim_corpus_path  :   /ihome/pbrusilosky/rum20/y_classify/dataset/feature/gensim/%s.corpus.pkl
01/29/2018 20:20:41 [INFO] configuration: gensim_dict_path  :   /ihome/pbrusilosky/rum20/y_classify/dataset/feature/gensim/%s.dict
01/29/2018 20:20:41 [INFO] configuration: w2v_path  :   /home/memray/Data/glove/GoogleNews-vectors-negative300.bin
01/29/2018 20:20:41 [INFO] configuration: w2v_vector_length  :   300
01/29/2018 20:20:41 [INFO] configuration: d2v_vector_length  :   300
01/29/2018 20:20:41 [INFO] configuration: d2v_window_size  :   5
01/29/2018 20:20:41 [INFO] configuration: d2v_min_count  :   2
01/29/2018 20:20:41 [INFO] configuration: d2v_model_path  :   /ihome/pbrusilosky/rum20/y_classify/dataset/feature/gensim/%s.doc2vec.dim=300.window=5.min_count=2.model
01/29/2018 20:20:41 [INFO] configuration: d2v_vector_path  :   /ihome/pbrusilosky/rum20/y_classify/dataset/feature/gensim/%s.doc2vec.dim=300.window=5.min_count=2.vector
01/29/2018 20:20:41 [INFO] configuration: num_word_keep  :   {'dstc2': 300, 'dstc3': 300, 'family': 1000, 'ghome': 1000}
01/29/2018 20:20:41 [INFO] configuration: batch_size  :   128
01/29/2018 20:20:41 [INFO] configuration: max_epoch  :   50
01/29/2018 20:20:41 [INFO] configuration: early_stop_tolerance  :   2
01/29/2018 20:20:41 [INFO] configuration: concat_sents  :   False
01/29/2018 20:20:41 [INFO] configuration: cnn_setting  :   {'model': 'multichannel', 'early_stopping': True, 'word_dim': 300, 'filters': [3, 4, 5], 'filter_num': [100, 100, 100], 'class_size': 4, 'batch_size': 128, 'learning_rate': 0.001, 'norm_limit': 10, 'dropout_prob': 0.0, 'sentence_num': 3}
01/29/2018 20:20:41 [INFO] configuration: skipthought_setting  :   {'skipthought_model_path': '/Users/memray/Data/skip-thought', 'skipthought_data_path': '/ihome/pbrusilosky/rum20/y_classify/dataset/feature/gensim/%s.skip-thought.biskip.vector', 'fixed_emb': True, 'sentence_num': 3, 'hidden_size': 2400, 'class_size': 4, 'learning_rate': 0.0001, 'norm_limit': 3, 'dropout_prob': 0.5}
01/29/2018 20:20:41 [INFO] configuration: lstm_setting  :   {'model': 'non-static', 'hidden_size': 32, 'embedding_size': 300, 'num_layers': 1, 'bidirectional': False, 'learning_rate': 0.001, 'class_size': 4, 'norm_limit': 2, 'clip_grad_norm': 2, 'dropout_prob': 0.1}
01/29/2018 20:20:43 [INFO] exp_shallowmodel: %%%%%%%%%%%%%%%%%%%%%%%%%%%%%%%%%%%%%%%%%%%%%%%%%%
01/29/2018 20:20:43 [INFO] exp_shallowmodel:           dataset=dstc2
01/29/2018 20:20:43 [INFO] exp_shallowmodel:           X_new.shape=(5725, 151)
01/29/2018 20:20:43 [INFO] exp_shallowmodel:           #(discrete_feature)=0
01/29/2018 20:20:43 [INFO] exp_shallowmodel:           #(continuous_feature)=150
01/29/2018 20:20:43 [INFO] exp_shallowmodel:           #(similarity_feature)=1
01/29/2018 20:20:43 [INFO] exp_shallowmodel: %%%%%%%%%%%%%%%%%%%%%%%%%%%%%%%%%%%%%%%%%%%%%%%%%%
01/29/2018 20:20:43 [INFO] exp_shallowmodel: ******************** dstc2 - Round 0 
01/29/2018 20:20:43 [INFO] exp_shallowmodel: #(data) = 4583
01/29/2018 20:20:43 [INFO] exp_shallowmodel: #(feature) = 151
01/29/2018 20:20:43 [INFO] exp_shallowmodel: ================================================================================
01/29/2018 20:20:43 [INFO] exp_shallowmodel: LR.pen=l1.C=1.000000
01/29/2018 20:20:43 [INFO] exp_shallowmodel: ________________________________________________________________________________
01/29/2018 20:20:43 [INFO] exp_shallowmodel: Training: 
01/29/2018 20:20:43 [INFO] exp_shallowmodel: LogisticRegression(C=1, class_weight=None, dual=False, fit_intercept=True,
          intercept_scaling=1, max_iter=100, multi_class='ovr', n_jobs=1,
          penalty='l1', random_state=None, solver='liblinear', tol=0.0001,
          verbose=0, warm_start=False)
01/29/2018 20:20:46 [INFO] exp_shallowmodel: train time: 2.498s
01/29/2018 20:20:46 [INFO] exp_shallowmodel: test time:  0.000s
01/29/2018 20:20:46 [INFO] exp_shallowmodel: accuracy:   0.855
01/29/2018 20:20:46 [INFO] exp_shallowmodel: f1_score:   0.749
01/29/2018 20:20:46 [INFO] exp_shallowmodel: classification report:
01/29/2018 20:20:46 [INFO] exp_shallowmodel:              precision    recall  f1-score   support

          A       0.71      0.36      0.48        14
          C       0.81      0.82      0.81       164
          F       0.89      0.96      0.92       268
          R       0.84      0.74      0.78       125

avg / total       0.85      0.85      0.85       571

01/29/2018 20:20:46 [INFO] exp_shallowmodel: confusion matrix:
01/29/2018 20:20:46 [INFO] exp_shallowmodel: 
[[  5   1   8   0]
 [  1 134  13  16]
 [  1   8 257   2]
 [  0  22  11  92]]
01/29/2018 20:20:46 [INFO] exp_shallowmodel: ******************** dstc2 - Round 1 
01/29/2018 20:20:46 [INFO] exp_shallowmodel: #(data) = 4583
01/29/2018 20:20:46 [INFO] exp_shallowmodel: #(feature) = 151
01/29/2018 20:20:46 [INFO] exp_shallowmodel: ================================================================================
01/29/2018 20:20:46 [INFO] exp_shallowmodel: LR.pen=l1.C=1.000000
01/29/2018 20:20:46 [INFO] exp_shallowmodel: ________________________________________________________________________________
01/29/2018 20:20:46 [INFO] exp_shallowmodel: Training: 
01/29/2018 20:20:46 [INFO] exp_shallowmodel: LogisticRegression(C=1, class_weight=None, dual=False, fit_intercept=True,
          intercept_scaling=1, max_iter=100, multi_class='ovr', n_jobs=1,
          penalty='l1', random_state=None, solver='liblinear', tol=0.0001,
          verbose=0, warm_start=False)
01/29/2018 20:20:47 [INFO] exp_shallowmodel: train time: 1.616s
01/29/2018 20:20:47 [INFO] exp_shallowmodel: test time:  0.000s
01/29/2018 20:20:47 [INFO] exp_shallowmodel: accuracy:   0.813
01/29/2018 20:20:47 [INFO] exp_shallowmodel: f1_score:   0.600
01/29/2018 20:20:47 [INFO] exp_shallowmodel: classification report:
01/29/2018 20:20:47 [INFO] exp_shallowmodel:              precision    recall  f1-score   support

          A       0.00      0.00      0.00        14
          C       0.78      0.76      0.77       164
          F       0.87      0.92      0.89       268
          R       0.73      0.75      0.74       125

avg / total       0.79      0.81      0.80       571

01/29/2018 20:20:47 [INFO] exp_shallowmodel: confusion matrix:
01/29/2018 20:20:47 [INFO] exp_shallowmodel: 
[[  0   1  11   2]
 [  0 124  16  24]
 [  0  13 246   9]
 [  0  22   9  94]]
01/29/2018 20:20:47 [INFO] exp_shallowmodel: ******************** dstc2 - Round 2 
01/29/2018 20:20:47 [INFO] exp_shallowmodel: #(data) = 4583
01/29/2018 20:20:47 [INFO] exp_shallowmodel: #(feature) = 151
01/29/2018 20:20:47 [INFO] exp_shallowmodel: ================================================================================
01/29/2018 20:20:47 [INFO] exp_shallowmodel: LR.pen=l1.C=1.000000
01/29/2018 20:20:47 [INFO] exp_shallowmodel: ________________________________________________________________________________
01/29/2018 20:20:47 [INFO] exp_shallowmodel: Training: 
01/29/2018 20:20:47 [INFO] exp_shallowmodel: LogisticRegression(C=1, class_weight=None, dual=False, fit_intercept=True,
          intercept_scaling=1, max_iter=100, multi_class='ovr', n_jobs=1,
          penalty='l1', random_state=None, solver='liblinear', tol=0.0001,
          verbose=0, warm_start=False)
01/29/2018 20:20:51 [INFO] exp_shallowmodel: train time: 4.201s
01/29/2018 20:20:51 [INFO] exp_shallowmodel: test time:  0.000s
01/29/2018 20:20:51 [INFO] exp_shallowmodel: accuracy:   0.844
01/29/2018 20:20:51 [INFO] exp_shallowmodel: f1_score:   0.708
01/29/2018 20:20:51 [INFO] exp_shallowmodel: classification report:
01/29/2018 20:20:51 [INFO] exp_shallowmodel:              precision    recall  f1-score   support

          A       1.00      0.21      0.35        14
          C       0.75      0.80      0.77       164
          F       0.91      0.96      0.93       268
          R       0.81      0.74      0.77       125

avg / total       0.85      0.84      0.84       571

01/29/2018 20:20:51 [INFO] exp_shallowmodel: confusion matrix:
01/29/2018 20:20:51 [INFO] exp_shallowmodel: 
[[  3   4   7   0]
 [  0 131  13  20]
 [  0  11 256   1]
 [  0  29   4  92]]
01/29/2018 20:20:51 [INFO] exp_shallowmodel: ******************** dstc2 - Round 3 
01/29/2018 20:20:51 [INFO] exp_shallowmodel: #(data) = 4583
01/29/2018 20:20:51 [INFO] exp_shallowmodel: #(feature) = 151
01/29/2018 20:20:51 [INFO] exp_shallowmodel: ================================================================================
01/29/2018 20:20:51 [INFO] exp_shallowmodel: LR.pen=l1.C=1.000000
01/29/2018 20:20:51 [INFO] exp_shallowmodel: ________________________________________________________________________________
01/29/2018 20:20:51 [INFO] exp_shallowmodel: Training: 
01/29/2018 20:20:51 [INFO] exp_shallowmodel: LogisticRegression(C=1, class_weight=None, dual=False, fit_intercept=True,
          intercept_scaling=1, max_iter=100, multi_class='ovr', n_jobs=1,
          penalty='l1', random_state=None, solver='liblinear', tol=0.0001,
          verbose=0, warm_start=False)
01/29/2018 20:20:54 [INFO] exp_shallowmodel: train time: 2.724s
01/29/2018 20:20:54 [INFO] exp_shallowmodel: test time:  0.000s
01/29/2018 20:20:54 [INFO] exp_shallowmodel: accuracy:   0.827
01/29/2018 20:20:54 [INFO] exp_shallowmodel: f1_score:   0.700
01/29/2018 20:20:54 [INFO] exp_shallowmodel: classification report:
01/29/2018 20:20:54 [INFO] exp_shallowmodel:              precision    recall  f1-score   support

          A       0.57      0.29      0.38        14
          C       0.75      0.83      0.79       164
          F       0.90      0.93      0.92       268
          R       0.79      0.66      0.72       125

avg / total       0.82      0.83      0.82       571

01/29/2018 20:20:54 [INFO] exp_shallowmodel: confusion matrix:
01/29/2018 20:20:54 [INFO] exp_shallowmodel: 
[[  4   5   5   0]
 [  1 136   9  18]
 [  1  13 250   4]
 [  1  28  14  82]]
01/29/2018 20:20:54 [INFO] exp_shallowmodel: ******************** dstc2 - Round 4 
01/29/2018 20:20:54 [INFO] exp_shallowmodel: #(data) = 4583
01/29/2018 20:20:54 [INFO] exp_shallowmodel: #(feature) = 151
01/29/2018 20:20:54 [INFO] exp_shallowmodel: ================================================================================
01/29/2018 20:20:54 [INFO] exp_shallowmodel: LR.pen=l1.C=1.000000
01/29/2018 20:20:54 [INFO] exp_shallowmodel: ________________________________________________________________________________
01/29/2018 20:20:54 [INFO] exp_shallowmodel: Training: 
01/29/2018 20:20:54 [INFO] exp_shallowmodel: LogisticRegression(C=1, class_weight=None, dual=False, fit_intercept=True,
          intercept_scaling=1, max_iter=100, multi_class='ovr', n_jobs=1,
          penalty='l1', random_state=None, solver='liblinear', tol=0.0001,
          verbose=0, warm_start=False)
01/29/2018 20:20:57 [INFO] exp_shallowmodel: train time: 2.402s
01/29/2018 20:20:57 [INFO] exp_shallowmodel: test time:  0.000s
01/29/2018 20:20:57 [INFO] exp_shallowmodel: accuracy:   0.820
01/29/2018 20:20:57 [INFO] exp_shallowmodel: f1_score:   0.610
01/29/2018 20:20:57 [INFO] exp_shallowmodel: classification report:
01/29/2018 20:20:57 [INFO] exp_shallowmodel:              precision    recall  f1-score   support

          A       0.00      0.00      0.00        14
          C       0.76      0.84      0.79       164
          F       0.88      0.89      0.88       268
          R       0.78      0.74      0.76       125

avg / total       0.80      0.82      0.81       571

01/29/2018 20:20:57 [INFO] exp_shallowmodel: confusion matrix:
01/29/2018 20:20:57 [INFO] exp_shallowmodel: 
[[  0   3  10   1]
 [  0 137  13  14]
 [  0  19 238  11]
 [  0  22  10  93]]
01/29/2018 20:20:57 [INFO] exp_shallowmodel: ******************** dstc2 - Round 5 
01/29/2018 20:20:57 [INFO] exp_shallowmodel: #(data) = 4583
01/29/2018 20:20:57 [INFO] exp_shallowmodel: #(feature) = 151
01/29/2018 20:20:57 [INFO] exp_shallowmodel: ================================================================================
01/29/2018 20:20:57 [INFO] exp_shallowmodel: LR.pen=l1.C=1.000000
01/29/2018 20:20:57 [INFO] exp_shallowmodel: ________________________________________________________________________________
01/29/2018 20:20:57 [INFO] exp_shallowmodel: Training: 
01/29/2018 20:20:57 [INFO] exp_shallowmodel: LogisticRegression(C=1, class_weight=None, dual=False, fit_intercept=True,
          intercept_scaling=1, max_iter=100, multi_class='ovr', n_jobs=1,
          penalty='l1', random_state=None, solver='liblinear', tol=0.0001,
          verbose=0, warm_start=False)
01/29/2018 20:20:58 [INFO] exp_shallowmodel: train time: 1.210s
01/29/2018 20:20:58 [INFO] exp_shallowmodel: test time:  0.000s
01/29/2018 20:20:58 [INFO] exp_shallowmodel: accuracy:   0.811
01/29/2018 20:20:58 [INFO] exp_shallowmodel: f1_score:   0.666
01/29/2018 20:20:58 [INFO] exp_shallowmodel: classification report:
01/29/2018 20:20:58 [INFO] exp_shallowmodel:              precision    recall  f1-score   support

          A       0.43      0.21      0.29        14
          C       0.75      0.72      0.73       164
          F       0.90      0.93      0.91       268
          R       0.72      0.74      0.73       125

avg / total       0.80      0.81      0.81       571

01/29/2018 20:20:58 [INFO] exp_shallowmodel: confusion matrix:
01/29/2018 20:20:58 [INFO] exp_shallowmodel: 
[[  3   3   8   0]
 [  3 118  13  30]
 [  0  13 250   5]
 [  1  24   8  92]]
01/29/2018 20:20:58 [INFO] exp_shallowmodel: ******************** dstc2 - Round 6 
01/29/2018 20:20:58 [INFO] exp_shallowmodel: #(data) = 4583
01/29/2018 20:20:58 [INFO] exp_shallowmodel: #(feature) = 151
01/29/2018 20:20:58 [INFO] exp_shallowmodel: ================================================================================
01/29/2018 20:20:58 [INFO] exp_shallowmodel: LR.pen=l1.C=1.000000
01/29/2018 20:20:58 [INFO] exp_shallowmodel: ________________________________________________________________________________
01/29/2018 20:20:58 [INFO] exp_shallowmodel: Training: 
01/29/2018 20:20:58 [INFO] exp_shallowmodel: LogisticRegression(C=1, class_weight=None, dual=False, fit_intercept=True,
          intercept_scaling=1, max_iter=100, multi_class='ovr', n_jobs=1,
          penalty='l1', random_state=None, solver='liblinear', tol=0.0001,
          verbose=0, warm_start=False)
01/29/2018 20:21:01 [INFO] exp_shallowmodel: train time: 2.805s
01/29/2018 20:21:01 [INFO] exp_shallowmodel: test time:  0.000s
01/29/2018 20:21:01 [INFO] exp_shallowmodel: accuracy:   0.837
01/29/2018 20:21:01 [INFO] exp_shallowmodel: f1_score:   0.677
01/29/2018 20:21:01 [INFO] exp_shallowmodel: classification report:
01/29/2018 20:21:01 [INFO] exp_shallowmodel:              precision    recall  f1-score   support

          A       1.00      0.14      0.25        14
          C       0.79      0.85      0.82       164
          F       0.89      0.93      0.91       268
          R       0.77      0.69      0.73       125

avg / total       0.84      0.84      0.83       571

01/29/2018 20:21:01 [INFO] exp_shallowmodel: confusion matrix:
01/29/2018 20:21:01 [INFO] exp_shallowmodel: 
[[  2   1   9   2]
 [  0 140  10  14]
 [  0   9 250   9]
 [  0  28  11  86]]
01/29/2018 20:21:01 [INFO] exp_shallowmodel: ******************** dstc2 - Round 7 
01/29/2018 20:21:01 [INFO] exp_shallowmodel: #(data) = 4583
01/29/2018 20:21:01 [INFO] exp_shallowmodel: #(feature) = 151
01/29/2018 20:21:01 [INFO] exp_shallowmodel: ================================================================================
01/29/2018 20:21:01 [INFO] exp_shallowmodel: LR.pen=l1.C=1.000000
01/29/2018 20:21:01 [INFO] exp_shallowmodel: ________________________________________________________________________________
01/29/2018 20:21:01 [INFO] exp_shallowmodel: Training: 
01/29/2018 20:21:01 [INFO] exp_shallowmodel: LogisticRegression(C=1, class_weight=None, dual=False, fit_intercept=True,
          intercept_scaling=1, max_iter=100, multi_class='ovr', n_jobs=1,
          penalty='l1', random_state=None, solver='liblinear', tol=0.0001,
          verbose=0, warm_start=False)
01/29/2018 20:21:04 [INFO] exp_shallowmodel: train time: 3.445s
01/29/2018 20:21:04 [INFO] exp_shallowmodel: test time:  0.000s
01/29/2018 20:21:04 [INFO] exp_shallowmodel: accuracy:   0.814
01/29/2018 20:21:04 [INFO] exp_shallowmodel: f1_score:   0.682
01/29/2018 20:21:04 [INFO] exp_shallowmodel: classification report:
01/29/2018 20:21:04 [INFO] exp_shallowmodel:              precision    recall  f1-score   support

          A       0.75      0.21      0.33        14
          C       0.77      0.81      0.79       164
          F       0.89      0.90      0.89       268
          R       0.71      0.70      0.71       125

avg / total       0.81      0.81      0.81       571

01/29/2018 20:21:04 [INFO] exp_shallowmodel: confusion matrix:
01/29/2018 20:21:04 [INFO] exp_shallowmodel: 
[[  3   3   6   2]
 [  1 133   9  21]
 [  0  14 241  13]
 [  0  22  15  88]]
01/29/2018 20:21:04 [INFO] exp_shallowmodel: ******************** dstc2 - Round 8 
01/29/2018 20:21:04 [INFO] exp_shallowmodel: #(data) = 4583
01/29/2018 20:21:04 [INFO] exp_shallowmodel: #(feature) = 151
01/29/2018 20:21:04 [INFO] exp_shallowmodel: ================================================================================
01/29/2018 20:21:04 [INFO] exp_shallowmodel: LR.pen=l1.C=1.000000
01/29/2018 20:21:04 [INFO] exp_shallowmodel: ________________________________________________________________________________
01/29/2018 20:21:04 [INFO] exp_shallowmodel: Training: 
01/29/2018 20:21:04 [INFO] exp_shallowmodel: LogisticRegression(C=1, class_weight=None, dual=False, fit_intercept=True,
          intercept_scaling=1, max_iter=100, multi_class='ovr', n_jobs=1,
          penalty='l1', random_state=None, solver='liblinear', tol=0.0001,
          verbose=0, warm_start=False)
01/29/2018 20:21:07 [INFO] exp_shallowmodel: train time: 2.628s
01/29/2018 20:21:07 [INFO] exp_shallowmodel: test time:  0.000s
01/29/2018 20:21:07 [INFO] exp_shallowmodel: accuracy:   0.820
01/29/2018 20:21:07 [INFO] exp_shallowmodel: f1_score:   0.656
01/29/2018 20:21:07 [INFO] exp_shallowmodel: classification report:
01/29/2018 20:21:07 [INFO] exp_shallowmodel:              precision    recall  f1-score   support

          A       0.67      0.14      0.24        14
          C       0.77      0.78      0.78       164
          F       0.88      0.95      0.91       268
          R       0.74      0.66      0.70       125

avg / total       0.81      0.82      0.81       571

01/29/2018 20:21:07 [INFO] exp_shallowmodel: confusion matrix:
01/29/2018 20:21:07 [INFO] exp_shallowmodel: 
[[  2   0  10   2]
 [  0 128  13  23]
 [  0   9 255   4]
 [  1  29  12  83]]
01/29/2018 20:21:07 [INFO] exp_shallowmodel: ******************** dstc2 - Round 9 
01/29/2018 20:21:07 [INFO] exp_shallowmodel: #(data) = 4568
01/29/2018 20:21:07 [INFO] exp_shallowmodel: #(feature) = 151
01/29/2018 20:21:07 [INFO] exp_shallowmodel: ================================================================================
01/29/2018 20:21:07 [INFO] exp_shallowmodel: LR.pen=l1.C=1.000000
01/29/2018 20:21:07 [INFO] exp_shallowmodel: ________________________________________________________________________________
01/29/2018 20:21:07 [INFO] exp_shallowmodel: Training: 
01/29/2018 20:21:07 [INFO] exp_shallowmodel: LogisticRegression(C=1, class_weight=None, dual=False, fit_intercept=True,
          intercept_scaling=1, max_iter=100, multi_class='ovr', n_jobs=1,
          penalty='l1', random_state=None, solver='liblinear', tol=0.0001,
          verbose=0, warm_start=False)
01/29/2018 20:21:08 [INFO] exp_shallowmodel: train time: 1.599s
01/29/2018 20:21:08 [INFO] exp_shallowmodel: test time:  0.000s
01/29/2018 20:21:08 [INFO] exp_shallowmodel: accuracy:   0.799
01/29/2018 20:21:08 [INFO] exp_shallowmodel: f1_score:   0.668
01/29/2018 20:21:08 [INFO] exp_shallowmodel: classification report:
01/29/2018 20:21:08 [INFO] exp_shallowmodel:              precision    recall  f1-score   support

          A       0.57      0.25      0.35        16
          C       0.72      0.82      0.77       169
          F       0.89      0.91      0.90       271
          R       0.71      0.61      0.66       130

avg / total       0.79      0.80      0.79       586

01/29/2018 20:21:08 [INFO] exp_shallowmodel: confusion matrix:
01/29/2018 20:21:08 [INFO] exp_shallowmodel: 
[[  4   2   7   3]
 [  1 138   8  22]
 [  1  16 247   7]
 [  1  35  15  79]]
01/29/2018 20:21:08 [INFO] exp_shallowmodel: ******************** dstc2 - Round 10 
01/29/2018 20:21:08 [INFO] exp_shallowmodel: #(data) = 4583
01/29/2018 20:21:08 [INFO] exp_shallowmodel: #(feature) = 151
01/29/2018 20:21:08 [INFO] exp_shallowmodel: ================================================================================
01/29/2018 20:21:08 [INFO] exp_shallowmodel: LR.pen=l1.C=1.000000
01/29/2018 20:21:08 [INFO] exp_shallowmodel: ________________________________________________________________________________
01/29/2018 20:21:08 [INFO] exp_shallowmodel: Training: 
01/29/2018 20:21:08 [INFO] exp_shallowmodel: LogisticRegression(C=1, class_weight=None, dual=False, fit_intercept=True,
          intercept_scaling=1, max_iter=100, multi_class='ovr', n_jobs=1,
          penalty='l1', random_state=None, solver='liblinear', tol=0.0001,
          verbose=0, warm_start=False)
01/29/2018 20:21:10 [INFO] exp_shallowmodel: train time: 1.794s
01/29/2018 20:21:10 [INFO] exp_shallowmodel: test time:  0.000s
01/29/2018 20:21:10 [INFO] exp_shallowmodel: accuracy:   0.828
01/29/2018 20:21:10 [INFO] exp_shallowmodel: f1_score:   0.667
01/29/2018 20:21:10 [INFO] exp_shallowmodel: classification report:
01/29/2018 20:21:10 [INFO] exp_shallowmodel:              precision    recall  f1-score   support

          A       0.67      0.14      0.24        14
          C       0.78      0.79      0.78       164
          F       0.88      0.95      0.91       268
          R       0.77      0.70      0.74       125

avg / total       0.82      0.83      0.82       571

01/29/2018 20:21:10 [INFO] exp_shallowmodel: confusion matrix:
01/29/2018 20:21:10 [INFO] exp_shallowmodel: 
[[  2   1  10   1]
 [  0 129  13  22]
 [  1  10 254   3]
 [  0  26  11  88]]
01/29/2018 20:21:10 [INFO] exp_shallowmodel: ******************** dstc2 - Round 11 
01/29/2018 20:21:10 [INFO] exp_shallowmodel: #(data) = 4583
01/29/2018 20:21:10 [INFO] exp_shallowmodel: #(feature) = 151
01/29/2018 20:21:10 [INFO] exp_shallowmodel: ================================================================================
01/29/2018 20:21:10 [INFO] exp_shallowmodel: LR.pen=l1.C=1.000000
01/29/2018 20:21:10 [INFO] exp_shallowmodel: ________________________________________________________________________________
01/29/2018 20:21:10 [INFO] exp_shallowmodel: Training: 
01/29/2018 20:21:10 [INFO] exp_shallowmodel: LogisticRegression(C=1, class_weight=None, dual=False, fit_intercept=True,
          intercept_scaling=1, max_iter=100, multi_class='ovr', n_jobs=1,
          penalty='l1', random_state=None, solver='liblinear', tol=0.0001,
          verbose=0, warm_start=False)
01/29/2018 20:21:12 [INFO] exp_shallowmodel: train time: 1.516s
01/29/2018 20:21:12 [INFO] exp_shallowmodel: test time:  0.000s
01/29/2018 20:21:12 [INFO] exp_shallowmodel: accuracy:   0.807
01/29/2018 20:21:12 [INFO] exp_shallowmodel: f1_score:   0.676
01/29/2018 20:21:12 [INFO] exp_shallowmodel: classification report:
01/29/2018 20:21:12 [INFO] exp_shallowmodel:              precision    recall  f1-score   support

          A       0.44      0.29      0.35        14
          C       0.76      0.74      0.75       164
          F       0.87      0.94      0.90       268
          R       0.74      0.67      0.71       125

avg / total       0.80      0.81      0.80       571

01/29/2018 20:21:12 [INFO] exp_shallowmodel: confusion matrix:
01/29/2018 20:21:12 [INFO] exp_shallowmodel: 
[[  4   1   7   2]
 [  3 121  19  21]
 [  2   8 252   6]
 [  0  30  11  84]]
01/29/2018 20:21:12 [INFO] exp_shallowmodel: ******************** dstc2 - Round 12 
01/29/2018 20:21:12 [INFO] exp_shallowmodel: #(data) = 4583
01/29/2018 20:21:12 [INFO] exp_shallowmodel: #(feature) = 151
01/29/2018 20:21:12 [INFO] exp_shallowmodel: ================================================================================
01/29/2018 20:21:12 [INFO] exp_shallowmodel: LR.pen=l1.C=1.000000
01/29/2018 20:21:12 [INFO] exp_shallowmodel: ________________________________________________________________________________
01/29/2018 20:21:12 [INFO] exp_shallowmodel: Training: 
01/29/2018 20:21:12 [INFO] exp_shallowmodel: LogisticRegression(C=1, class_weight=None, dual=False, fit_intercept=True,
          intercept_scaling=1, max_iter=100, multi_class='ovr', n_jobs=1,
          penalty='l1', random_state=None, solver='liblinear', tol=0.0001,
          verbose=0, warm_start=False)
01/29/2018 20:21:14 [INFO] exp_shallowmodel: train time: 2.372s
01/29/2018 20:21:14 [INFO] exp_shallowmodel: test time:  0.000s
01/29/2018 20:21:14 [INFO] exp_shallowmodel: accuracy:   0.825
01/29/2018 20:21:14 [INFO] exp_shallowmodel: f1_score:   0.665
01/29/2018 20:21:14 [INFO] exp_shallowmodel: classification report:
01/29/2018 20:21:14 [INFO] exp_shallowmodel:              precision    recall  f1-score   support

          A       0.67      0.14      0.24        14
          C       0.74      0.82      0.78       164
          F       0.90      0.93      0.91       268
          R       0.78      0.70      0.74       125

avg / total       0.82      0.82      0.82       571

01/29/2018 20:21:14 [INFO] exp_shallowmodel: confusion matrix:
01/29/2018 20:21:14 [INFO] exp_shallowmodel: 
[[  2   4   7   1]
 [  0 134  13  17]
 [  0  14 248   6]
 [  1  28   9  87]]
01/29/2018 20:21:14 [INFO] exp_shallowmodel: ******************** dstc2 - Round 13 
01/29/2018 20:21:14 [INFO] exp_shallowmodel: #(data) = 4583
01/29/2018 20:21:14 [INFO] exp_shallowmodel: #(feature) = 151
01/29/2018 20:21:14 [INFO] exp_shallowmodel: ================================================================================
01/29/2018 20:21:14 [INFO] exp_shallowmodel: LR.pen=l1.C=1.000000
01/29/2018 20:21:14 [INFO] exp_shallowmodel: ________________________________________________________________________________
01/29/2018 20:21:14 [INFO] exp_shallowmodel: Training: 
01/29/2018 20:21:14 [INFO] exp_shallowmodel: LogisticRegression(C=1, class_weight=None, dual=False, fit_intercept=True,
          intercept_scaling=1, max_iter=100, multi_class='ovr', n_jobs=1,
          penalty='l1', random_state=None, solver='liblinear', tol=0.0001,
          verbose=0, warm_start=False)
01/29/2018 20:21:16 [INFO] exp_shallowmodel: train time: 1.407s
01/29/2018 20:21:16 [INFO] exp_shallowmodel: test time:  0.000s
01/29/2018 20:21:16 [INFO] exp_shallowmodel: accuracy:   0.832
01/29/2018 20:21:16 [INFO] exp_shallowmodel: f1_score:   0.709
01/29/2018 20:21:16 [INFO] exp_shallowmodel: classification report:
01/29/2018 20:21:16 [INFO] exp_shallowmodel:              precision    recall  f1-score   support

          A       0.67      0.29      0.40        14
          C       0.76      0.81      0.79       164
          F       0.92      0.93      0.92       268
          R       0.75      0.70      0.72       125

avg / total       0.83      0.83      0.83       571

01/29/2018 20:21:16 [INFO] exp_shallowmodel: confusion matrix:
01/29/2018 20:21:16 [INFO] exp_shallowmodel: 
[[  4   3   6   1]
 [  1 133   7  23]
 [  1  11 250   6]
 [  0  27  10  88]]
01/29/2018 20:21:16 [INFO] exp_shallowmodel: ******************** dstc2 - Round 14 
01/29/2018 20:21:16 [INFO] exp_shallowmodel: #(data) = 4583
01/29/2018 20:21:16 [INFO] exp_shallowmodel: #(feature) = 151
01/29/2018 20:21:16 [INFO] exp_shallowmodel: ================================================================================
01/29/2018 20:21:16 [INFO] exp_shallowmodel: LR.pen=l1.C=1.000000
01/29/2018 20:21:16 [INFO] exp_shallowmodel: ________________________________________________________________________________
01/29/2018 20:21:16 [INFO] exp_shallowmodel: Training: 
01/29/2018 20:21:16 [INFO] exp_shallowmodel: LogisticRegression(C=1, class_weight=None, dual=False, fit_intercept=True,
          intercept_scaling=1, max_iter=100, multi_class='ovr', n_jobs=1,
          penalty='l1', random_state=None, solver='liblinear', tol=0.0001,
          verbose=0, warm_start=False)
01/29/2018 20:21:18 [INFO] exp_shallowmodel: train time: 2.653s
01/29/2018 20:21:18 [INFO] exp_shallowmodel: test time:  0.000s
01/29/2018 20:21:18 [INFO] exp_shallowmodel: accuracy:   0.809
01/29/2018 20:21:18 [INFO] exp_shallowmodel: f1_score:   0.622
01/29/2018 20:21:18 [INFO] exp_shallowmodel: classification report:
01/29/2018 20:21:18 [INFO] exp_shallowmodel:              precision    recall  f1-score   support

          A       0.33      0.07      0.12        14
          C       0.77      0.77      0.77       164
          F       0.89      0.93      0.91       268
          R       0.69      0.69      0.69       125

avg / total       0.80      0.81      0.80       571

01/29/2018 20:21:18 [INFO] exp_shallowmodel: confusion matrix:
01/29/2018 20:21:18 [INFO] exp_shallowmodel: 
[[  1   2  10   1]
 [  1 127  10  26]
 [  0   9 248  11]
 [  1  28  10  86]]
01/29/2018 20:21:18 [INFO] exp_shallowmodel: ******************** dstc2 - Round 15 
01/29/2018 20:21:18 [INFO] exp_shallowmodel: #(data) = 4583
01/29/2018 20:21:18 [INFO] exp_shallowmodel: #(feature) = 151
01/29/2018 20:21:18 [INFO] exp_shallowmodel: ================================================================================
01/29/2018 20:21:18 [INFO] exp_shallowmodel: LR.pen=l1.C=1.000000
01/29/2018 20:21:18 [INFO] exp_shallowmodel: ________________________________________________________________________________
01/29/2018 20:21:18 [INFO] exp_shallowmodel: Training: 
01/29/2018 20:21:18 [INFO] exp_shallowmodel: LogisticRegression(C=1, class_weight=None, dual=False, fit_intercept=True,
          intercept_scaling=1, max_iter=100, multi_class='ovr', n_jobs=1,
          penalty='l1', random_state=None, solver='liblinear', tol=0.0001,
          verbose=0, warm_start=False)
01/29/2018 20:21:22 [INFO] exp_shallowmodel: train time: 3.392s
01/29/2018 20:21:22 [INFO] exp_shallowmodel: test time:  0.000s
01/29/2018 20:21:22 [INFO] exp_shallowmodel: accuracy:   0.837
01/29/2018 20:21:22 [INFO] exp_shallowmodel: f1_score:   0.720
01/29/2018 20:21:22 [INFO] exp_shallowmodel: classification report:
01/29/2018 20:21:22 [INFO] exp_shallowmodel:              precision    recall  f1-score   support

          A       0.80      0.29      0.42        14
          C       0.77      0.83      0.80       164
          F       0.91      0.93      0.92       268
          R       0.77      0.72      0.74       125

avg / total       0.84      0.84      0.83       571

01/29/2018 20:21:22 [INFO] exp_shallowmodel: confusion matrix:
01/29/2018 20:21:22 [INFO] exp_shallowmodel: 
[[  4   2   5   3]
 [  1 136   9  18]
 [  0  14 248   6]
 [  0  24  11  90]]
01/29/2018 20:21:22 [INFO] exp_shallowmodel: ******************** dstc2 - Round 16 
01/29/2018 20:21:22 [INFO] exp_shallowmodel: #(data) = 4583
01/29/2018 20:21:22 [INFO] exp_shallowmodel: #(feature) = 151
01/29/2018 20:21:22 [INFO] exp_shallowmodel: ================================================================================
01/29/2018 20:21:22 [INFO] exp_shallowmodel: LR.pen=l1.C=1.000000
01/29/2018 20:21:22 [INFO] exp_shallowmodel: ________________________________________________________________________________
01/29/2018 20:21:22 [INFO] exp_shallowmodel: Training: 
01/29/2018 20:21:22 [INFO] exp_shallowmodel: LogisticRegression(C=1, class_weight=None, dual=False, fit_intercept=True,
          intercept_scaling=1, max_iter=100, multi_class='ovr', n_jobs=1,
          penalty='l1', random_state=None, solver='liblinear', tol=0.0001,
          verbose=0, warm_start=False)
01/29/2018 20:21:28 [INFO] exp_shallowmodel: train time: 6.687s
01/29/2018 20:21:28 [INFO] exp_shallowmodel: test time:  0.000s
01/29/2018 20:21:28 [INFO] exp_shallowmodel: accuracy:   0.821
01/29/2018 20:21:28 [INFO] exp_shallowmodel: f1_score:   0.666
01/29/2018 20:21:28 [INFO] exp_shallowmodel: classification report:
01/29/2018 20:21:28 [INFO] exp_shallowmodel:              precision    recall  f1-score   support

          A       1.00      0.14      0.25        14
          C       0.75      0.83      0.79       164
          F       0.89      0.91      0.90       268
          R       0.76      0.70      0.72       125

avg / total       0.83      0.82      0.81       571

01/29/2018 20:21:28 [INFO] exp_shallowmodel: confusion matrix:
01/29/2018 20:21:28 [INFO] exp_shallowmodel: 
[[  2   5   6   1]
 [  0 136  11  17]
 [  0  14 244  10]
 [  0  26  12  87]]
01/29/2018 20:21:28 [INFO] exp_shallowmodel: ******************** dstc2 - Round 17 
01/29/2018 20:21:28 [INFO] exp_shallowmodel: #(data) = 4583
01/29/2018 20:21:28 [INFO] exp_shallowmodel: #(feature) = 151
01/29/2018 20:21:28 [INFO] exp_shallowmodel: ================================================================================
01/29/2018 20:21:28 [INFO] exp_shallowmodel: LR.pen=l1.C=1.000000
01/29/2018 20:21:28 [INFO] exp_shallowmodel: ________________________________________________________________________________
01/29/2018 20:21:28 [INFO] exp_shallowmodel: Training: 
01/29/2018 20:21:28 [INFO] exp_shallowmodel: LogisticRegression(C=1, class_weight=None, dual=False, fit_intercept=True,
          intercept_scaling=1, max_iter=100, multi_class='ovr', n_jobs=1,
          penalty='l1', random_state=None, solver='liblinear', tol=0.0001,
          verbose=0, warm_start=False)
01/29/2018 20:21:31 [INFO] exp_shallowmodel: train time: 2.380s
01/29/2018 20:21:31 [INFO] exp_shallowmodel: test time:  0.000s
01/29/2018 20:21:31 [INFO] exp_shallowmodel: accuracy:   0.823
01/29/2018 20:21:31 [INFO] exp_shallowmodel: f1_score:   0.719
01/29/2018 20:21:31 [INFO] exp_shallowmodel: classification report:
01/29/2018 20:21:31 [INFO] exp_shallowmodel:              precision    recall  f1-score   support

          A       1.00      0.29      0.44        14
          C       0.76      0.76      0.76       164
          F       0.88      0.91      0.89       268
          R       0.79      0.77      0.78       125

avg / total       0.83      0.82      0.82       571

01/29/2018 20:21:31 [INFO] exp_shallowmodel: confusion matrix:
01/29/2018 20:21:31 [INFO] exp_shallowmodel: 
[[  4   2   7   1]
 [  0 125  19  20]
 [  0  18 245   5]
 [  0  20   9  96]]
01/29/2018 20:21:31 [INFO] exp_shallowmodel: ******************** dstc2 - Round 18 
01/29/2018 20:21:31 [INFO] exp_shallowmodel: #(data) = 4583
01/29/2018 20:21:31 [INFO] exp_shallowmodel: #(feature) = 151
01/29/2018 20:21:31 [INFO] exp_shallowmodel: ================================================================================
01/29/2018 20:21:31 [INFO] exp_shallowmodel: LR.pen=l1.C=1.000000
01/29/2018 20:21:31 [INFO] exp_shallowmodel: ________________________________________________________________________________
01/29/2018 20:21:31 [INFO] exp_shallowmodel: Training: 
01/29/2018 20:21:31 [INFO] exp_shallowmodel: LogisticRegression(C=1, class_weight=None, dual=False, fit_intercept=True,
          intercept_scaling=1, max_iter=100, multi_class='ovr', n_jobs=1,
          penalty='l1', random_state=None, solver='liblinear', tol=0.0001,
          verbose=0, warm_start=False)
01/29/2018 20:21:33 [INFO] exp_shallowmodel: train time: 2.135s
01/29/2018 20:21:33 [INFO] exp_shallowmodel: test time:  0.000s
01/29/2018 20:21:33 [INFO] exp_shallowmodel: accuracy:   0.823
01/29/2018 20:21:33 [INFO] exp_shallowmodel: f1_score:   0.689
01/29/2018 20:21:33 [INFO] exp_shallowmodel: classification report:
01/29/2018 20:21:33 [INFO] exp_shallowmodel:              precision    recall  f1-score   support

          A       0.75      0.21      0.33        14
          C       0.79      0.80      0.79       164
          F       0.87      0.93      0.90       268
          R       0.77      0.70      0.73       125

avg / total       0.82      0.82      0.82       571

01/29/2018 20:21:33 [INFO] exp_shallowmodel: confusion matrix:
01/29/2018 20:21:33 [INFO] exp_shallowmodel: 
[[  3   0  11   0]
 [  1 131  14  18]
 [  0  11 248   9]
 [  0  24  13  88]]
01/29/2018 20:21:33 [INFO] exp_shallowmodel: ******************** dstc2 - Round 19 
01/29/2018 20:21:33 [INFO] exp_shallowmodel: #(data) = 4568
01/29/2018 20:21:33 [INFO] exp_shallowmodel: #(feature) = 151
01/29/2018 20:21:33 [INFO] exp_shallowmodel: ================================================================================
01/29/2018 20:21:33 [INFO] exp_shallowmodel: LR.pen=l1.C=1.000000
01/29/2018 20:21:33 [INFO] exp_shallowmodel: ________________________________________________________________________________
01/29/2018 20:21:33 [INFO] exp_shallowmodel: Training: 
01/29/2018 20:21:33 [INFO] exp_shallowmodel: LogisticRegression(C=1, class_weight=None, dual=False, fit_intercept=True,
          intercept_scaling=1, max_iter=100, multi_class='ovr', n_jobs=1,
          penalty='l1', random_state=None, solver='liblinear', tol=0.0001,
          verbose=0, warm_start=False)
01/29/2018 20:21:35 [INFO] exp_shallowmodel: train time: 1.672s
01/29/2018 20:21:35 [INFO] exp_shallowmodel: test time:  0.000s
01/29/2018 20:21:35 [INFO] exp_shallowmodel: accuracy:   0.809
01/29/2018 20:21:35 [INFO] exp_shallowmodel: f1_score:   0.665
01/29/2018 20:21:35 [INFO] exp_shallowmodel: classification report:
01/29/2018 20:21:35 [INFO] exp_shallowmodel:              precision    recall  f1-score   support

          A       0.60      0.19      0.29        16
          C       0.75      0.82      0.79       169
          F       0.87      0.92      0.89       271
          R       0.76      0.65      0.70       130

avg / total       0.80      0.81      0.80       586

01/29/2018 20:21:35 [INFO] exp_shallowmodel: confusion matrix:
01/29/2018 20:21:35 [INFO] exp_shallowmodel: 
[[  3   3  10   0]
 [  0 139  10  20]
 [  0  17 248   6]
 [  2  26  18  84]]
01/29/2018 20:21:35 [INFO] exp_shallowmodel: ******************** dstc2 - Round 20 
01/29/2018 20:21:35 [INFO] exp_shallowmodel: #(data) = 4583
01/29/2018 20:21:35 [INFO] exp_shallowmodel: #(feature) = 151
01/29/2018 20:21:35 [INFO] exp_shallowmodel: ================================================================================
01/29/2018 20:21:35 [INFO] exp_shallowmodel: LR.pen=l1.C=1.000000
01/29/2018 20:21:35 [INFO] exp_shallowmodel: ________________________________________________________________________________
01/29/2018 20:21:35 [INFO] exp_shallowmodel: Training: 
01/29/2018 20:21:35 [INFO] exp_shallowmodel: LogisticRegression(C=1, class_weight=None, dual=False, fit_intercept=True,
          intercept_scaling=1, max_iter=100, multi_class='ovr', n_jobs=1,
          penalty='l1', random_state=None, solver='liblinear', tol=0.0001,
          verbose=0, warm_start=False)
01/29/2018 20:21:38 [INFO] exp_shallowmodel: train time: 3.070s
01/29/2018 20:21:38 [INFO] exp_shallowmodel: test time:  0.000s
01/29/2018 20:21:38 [INFO] exp_shallowmodel: accuracy:   0.816
01/29/2018 20:21:38 [INFO] exp_shallowmodel: f1_score:   0.634
01/29/2018 20:21:38 [INFO] exp_shallowmodel: classification report:
01/29/2018 20:21:38 [INFO] exp_shallowmodel:              precision    recall  f1-score   support

          A       1.00      0.07      0.13        14
          C       0.77      0.80      0.78       164
          F       0.86      0.93      0.89       268
          R       0.78      0.69      0.73       125

avg / total       0.82      0.82      0.81       571

01/29/2018 20:21:38 [INFO] exp_shallowmodel: confusion matrix:
01/29/2018 20:21:38 [INFO] exp_shallowmodel: 
[[  1   4   7   2]
 [  0 131  19  14]
 [  0  12 248   8]
 [  0  24  15  86]]
01/29/2018 20:21:38 [INFO] exp_shallowmodel: ******************** dstc2 - Round 21 
01/29/2018 20:21:38 [INFO] exp_shallowmodel: #(data) = 4583
01/29/2018 20:21:38 [INFO] exp_shallowmodel: #(feature) = 151
01/29/2018 20:21:38 [INFO] exp_shallowmodel: ================================================================================
01/29/2018 20:21:38 [INFO] exp_shallowmodel: LR.pen=l1.C=1.000000
01/29/2018 20:21:38 [INFO] exp_shallowmodel: ________________________________________________________________________________
01/29/2018 20:21:38 [INFO] exp_shallowmodel: Training: 
01/29/2018 20:21:38 [INFO] exp_shallowmodel: LogisticRegression(C=1, class_weight=None, dual=False, fit_intercept=True,
          intercept_scaling=1, max_iter=100, multi_class='ovr', n_jobs=1,
          penalty='l1', random_state=None, solver='liblinear', tol=0.0001,
          verbose=0, warm_start=False)
01/29/2018 20:21:44 [INFO] exp_shallowmodel: train time: 6.476s
01/29/2018 20:21:44 [INFO] exp_shallowmodel: test time:  0.000s
01/29/2018 20:21:44 [INFO] exp_shallowmodel: accuracy:   0.809
01/29/2018 20:21:44 [INFO] exp_shallowmodel: f1_score:   0.624
01/29/2018 20:21:44 [INFO] exp_shallowmodel: classification report:
01/29/2018 20:21:44 [INFO] exp_shallowmodel:              precision    recall  f1-score   support

          A       0.50      0.07      0.12        14
          C       0.73      0.79      0.76       164
          F       0.89      0.93      0.91       268
          R       0.75      0.67      0.71       125

avg / total       0.80      0.81      0.80       571

01/29/2018 20:21:44 [INFO] exp_shallowmodel: confusion matrix:
01/29/2018 20:21:44 [INFO] exp_shallowmodel: 
[[  1   2   8   3]
 [  0 129  16  19]
 [  0  14 248   6]
 [  1  32   8  84]]
01/29/2018 20:21:44 [INFO] exp_shallowmodel: ******************** dstc2 - Round 22 
01/29/2018 20:21:44 [INFO] exp_shallowmodel: #(data) = 4583
01/29/2018 20:21:44 [INFO] exp_shallowmodel: #(feature) = 151
01/29/2018 20:21:44 [INFO] exp_shallowmodel: ================================================================================
01/29/2018 20:21:44 [INFO] exp_shallowmodel: LR.pen=l1.C=1.000000
01/29/2018 20:21:44 [INFO] exp_shallowmodel: ________________________________________________________________________________
01/29/2018 20:21:44 [INFO] exp_shallowmodel: Training: 
01/29/2018 20:21:44 [INFO] exp_shallowmodel: LogisticRegression(C=1, class_weight=None, dual=False, fit_intercept=True,
          intercept_scaling=1, max_iter=100, multi_class='ovr', n_jobs=1,
          penalty='l1', random_state=None, solver='liblinear', tol=0.0001,
          verbose=0, warm_start=False)
01/29/2018 20:21:45 [INFO] exp_shallowmodel: train time: 1.235s
01/29/2018 20:21:45 [INFO] exp_shallowmodel: test time:  0.000s
01/29/2018 20:21:45 [INFO] exp_shallowmodel: accuracy:   0.858
01/29/2018 20:21:45 [INFO] exp_shallowmodel: f1_score:   0.720
01/29/2018 20:21:45 [INFO] exp_shallowmodel: classification report:
01/29/2018 20:21:45 [INFO] exp_shallowmodel:              precision    recall  f1-score   support

          A       1.00      0.21      0.35        14
          C       0.79      0.87      0.83       164
          F       0.90      0.96      0.93       268
          R       0.85      0.70      0.77       125

avg / total       0.86      0.86      0.85       571

01/29/2018 20:21:45 [INFO] exp_shallowmodel: confusion matrix:
01/29/2018 20:21:45 [INFO] exp_shallowmodel: 
[[  3   3   7   1]
 [  0 143  10  11]
 [  0   9 256   3]
 [  0  26  11  88]]
01/29/2018 20:21:45 [INFO] exp_shallowmodel: ******************** dstc2 - Round 23 
01/29/2018 20:21:45 [INFO] exp_shallowmodel: #(data) = 4583
01/29/2018 20:21:45 [INFO] exp_shallowmodel: #(feature) = 151
01/29/2018 20:21:45 [INFO] exp_shallowmodel: ================================================================================
01/29/2018 20:21:45 [INFO] exp_shallowmodel: LR.pen=l1.C=1.000000
01/29/2018 20:21:45 [INFO] exp_shallowmodel: ________________________________________________________________________________
01/29/2018 20:21:45 [INFO] exp_shallowmodel: Training: 
01/29/2018 20:21:45 [INFO] exp_shallowmodel: LogisticRegression(C=1, class_weight=None, dual=False, fit_intercept=True,
          intercept_scaling=1, max_iter=100, multi_class='ovr', n_jobs=1,
          penalty='l1', random_state=None, solver='liblinear', tol=0.0001,
          verbose=0, warm_start=False)
01/29/2018 20:21:46 [INFO] exp_shallowmodel: train time: 1.093s
01/29/2018 20:21:46 [INFO] exp_shallowmodel: test time:  0.000s
01/29/2018 20:21:46 [INFO] exp_shallowmodel: accuracy:   0.825
01/29/2018 20:21:46 [INFO] exp_shallowmodel: f1_score:   0.731
01/29/2018 20:21:46 [INFO] exp_shallowmodel: classification report:
01/29/2018 20:21:46 [INFO] exp_shallowmodel:              precision    recall  f1-score   support

          A       0.60      0.43      0.50        14
          C       0.77      0.77      0.77       164
          F       0.89      0.92      0.91       268
          R       0.75      0.74      0.74       125

avg / total       0.82      0.82      0.82       571

01/29/2018 20:21:46 [INFO] exp_shallowmodel: confusion matrix:
01/29/2018 20:21:46 [INFO] exp_shallowmodel: 
[[  6   1   7   0]
 [  2 126  13  23]
 [  1  13 247   7]
 [  1  23   9  92]]
01/29/2018 20:21:46 [INFO] exp_shallowmodel: ******************** dstc2 - Round 24 
01/29/2018 20:21:46 [INFO] exp_shallowmodel: #(data) = 4583
01/29/2018 20:21:46 [INFO] exp_shallowmodel: #(feature) = 151
01/29/2018 20:21:46 [INFO] exp_shallowmodel: ================================================================================
01/29/2018 20:21:46 [INFO] exp_shallowmodel: LR.pen=l1.C=1.000000
01/29/2018 20:21:46 [INFO] exp_shallowmodel: ________________________________________________________________________________
01/29/2018 20:21:46 [INFO] exp_shallowmodel: Training: 
01/29/2018 20:21:46 [INFO] exp_shallowmodel: LogisticRegression(C=1, class_weight=None, dual=False, fit_intercept=True,
          intercept_scaling=1, max_iter=100, multi_class='ovr', n_jobs=1,
          penalty='l1', random_state=None, solver='liblinear', tol=0.0001,
          verbose=0, warm_start=False)
01/29/2018 20:21:47 [INFO] exp_shallowmodel: train time: 0.923s
01/29/2018 20:21:47 [INFO] exp_shallowmodel: test time:  0.000s
01/29/2018 20:21:47 [INFO] exp_shallowmodel: accuracy:   0.807
01/29/2018 20:21:47 [INFO] exp_shallowmodel: f1_score:   0.745
01/29/2018 20:21:47 [INFO] exp_shallowmodel: classification report:
01/29/2018 20:21:47 [INFO] exp_shallowmodel:              precision    recall  f1-score   support

          A       0.88      0.50      0.64        14
          C       0.73      0.77      0.75       164
          F       0.88      0.92      0.90       268
          R       0.74      0.66      0.69       125

avg / total       0.81      0.81      0.80       571

01/29/2018 20:21:47 [INFO] exp_shallowmodel: confusion matrix:
01/29/2018 20:21:47 [INFO] exp_shallowmodel: 
[[  7   3   1   3]
 [  0 126  17  21]
 [  0  17 246   5]
 [  1  26  16  82]]
01/29/2018 20:21:47 [INFO] exp_shallowmodel: ******************** dstc2 - Round 25 
01/29/2018 20:21:47 [INFO] exp_shallowmodel: #(data) = 4583
01/29/2018 20:21:47 [INFO] exp_shallowmodel: #(feature) = 151
01/29/2018 20:21:47 [INFO] exp_shallowmodel: ================================================================================
01/29/2018 20:21:47 [INFO] exp_shallowmodel: LR.pen=l1.C=1.000000
01/29/2018 20:21:47 [INFO] exp_shallowmodel: ________________________________________________________________________________
01/29/2018 20:21:47 [INFO] exp_shallowmodel: Training: 
01/29/2018 20:21:47 [INFO] exp_shallowmodel: LogisticRegression(C=1, class_weight=None, dual=False, fit_intercept=True,
          intercept_scaling=1, max_iter=100, multi_class='ovr', n_jobs=1,
          penalty='l1', random_state=None, solver='liblinear', tol=0.0001,
          verbose=0, warm_start=False)
01/29/2018 20:21:48 [INFO] exp_shallowmodel: train time: 1.052s
01/29/2018 20:21:48 [INFO] exp_shallowmodel: test time:  0.000s
01/29/2018 20:21:48 [INFO] exp_shallowmodel: accuracy:   0.823
01/29/2018 20:21:48 [INFO] exp_shallowmodel: f1_score:   0.605
01/29/2018 20:21:48 [INFO] exp_shallowmodel: classification report:
01/29/2018 20:21:48 [INFO] exp_shallowmodel:              precision    recall  f1-score   support

          A       0.00      0.00      0.00        14
          C       0.77      0.80      0.78       164
          F       0.89      0.94      0.91       268
          R       0.74      0.70      0.72       125

avg / total       0.80      0.82      0.81       571

01/29/2018 20:21:48 [INFO] exp_shallowmodel: confusion matrix:
01/29/2018 20:21:48 [INFO] exp_shallowmodel: 
[[  0   4  10   0]
 [  1 131   8  24]
 [  0  10 251   7]
 [  0  25  12  88]]
01/29/2018 20:21:48 [INFO] exp_shallowmodel: ******************** dstc2 - Round 26 
01/29/2018 20:21:48 [INFO] exp_shallowmodel: #(data) = 4583
01/29/2018 20:21:48 [INFO] exp_shallowmodel: #(feature) = 151
01/29/2018 20:21:48 [INFO] exp_shallowmodel: ================================================================================
01/29/2018 20:21:48 [INFO] exp_shallowmodel: LR.pen=l1.C=1.000000
01/29/2018 20:21:48 [INFO] exp_shallowmodel: ________________________________________________________________________________
01/29/2018 20:21:48 [INFO] exp_shallowmodel: Training: 
01/29/2018 20:21:48 [INFO] exp_shallowmodel: LogisticRegression(C=1, class_weight=None, dual=False, fit_intercept=True,
          intercept_scaling=1, max_iter=100, multi_class='ovr', n_jobs=1,
          penalty='l1', random_state=None, solver='liblinear', tol=0.0001,
          verbose=0, warm_start=False)
01/29/2018 20:21:50 [INFO] exp_shallowmodel: train time: 1.361s
01/29/2018 20:21:50 [INFO] exp_shallowmodel: test time:  0.000s
01/29/2018 20:21:50 [INFO] exp_shallowmodel: accuracy:   0.830
01/29/2018 20:21:50 [INFO] exp_shallowmodel: f1_score:   0.696
01/29/2018 20:21:50 [INFO] exp_shallowmodel: classification report:
01/29/2018 20:21:50 [INFO] exp_shallowmodel:              precision    recall  f1-score   support

          A       1.00      0.21      0.35        14
          C       0.78      0.78      0.78       164
          F       0.89      0.94      0.92       268
          R       0.76      0.72      0.74       125

avg / total       0.83      0.83      0.82       571

01/29/2018 20:21:50 [INFO] exp_shallowmodel: confusion matrix:
01/29/2018 20:21:50 [INFO] exp_shallowmodel: 
[[  3   2   9   0]
 [  0 128  12  24]
 [  0  10 253   5]
 [  0  25  10  90]]
01/29/2018 20:21:50 [INFO] exp_shallowmodel: ******************** dstc2 - Round 27 
01/29/2018 20:21:50 [INFO] exp_shallowmodel: #(data) = 4583
01/29/2018 20:21:50 [INFO] exp_shallowmodel: #(feature) = 151
01/29/2018 20:21:50 [INFO] exp_shallowmodel: ================================================================================
01/29/2018 20:21:50 [INFO] exp_shallowmodel: LR.pen=l1.C=1.000000
01/29/2018 20:21:50 [INFO] exp_shallowmodel: ________________________________________________________________________________
01/29/2018 20:21:50 [INFO] exp_shallowmodel: Training: 
01/29/2018 20:21:50 [INFO] exp_shallowmodel: LogisticRegression(C=1, class_weight=None, dual=False, fit_intercept=True,
          intercept_scaling=1, max_iter=100, multi_class='ovr', n_jobs=1,
          penalty='l1', random_state=None, solver='liblinear', tol=0.0001,
          verbose=0, warm_start=False)
01/29/2018 20:21:51 [INFO] exp_shallowmodel: train time: 1.306s
01/29/2018 20:21:51 [INFO] exp_shallowmodel: test time:  0.000s
01/29/2018 20:21:51 [INFO] exp_shallowmodel: accuracy:   0.825
01/29/2018 20:21:51 [INFO] exp_shallowmodel: f1_score:   0.714
01/29/2018 20:21:51 [INFO] exp_shallowmodel: classification report:
01/29/2018 20:21:51 [INFO] exp_shallowmodel:              precision    recall  f1-score   support

          A       1.00      0.29      0.44        14
          C       0.75      0.84      0.79       164
          F       0.91      0.91      0.91       268
          R       0.74      0.69      0.71       125

avg / total       0.83      0.82      0.82       571

01/29/2018 20:21:51 [INFO] exp_shallowmodel: confusion matrix:
01/29/2018 20:21:51 [INFO] exp_shallowmodel: 
[[  4   1   8   1]
 [  0 137   7  20]
 [  0  14 244  10]
 [  0  30   9  86]]
01/29/2018 20:21:51 [INFO] exp_shallowmodel: ******************** dstc2 - Round 28 
01/29/2018 20:21:51 [INFO] exp_shallowmodel: #(data) = 4583
01/29/2018 20:21:51 [INFO] exp_shallowmodel: #(feature) = 151
01/29/2018 20:21:51 [INFO] exp_shallowmodel: ================================================================================
01/29/2018 20:21:51 [INFO] exp_shallowmodel: LR.pen=l1.C=1.000000
01/29/2018 20:21:51 [INFO] exp_shallowmodel: ________________________________________________________________________________
01/29/2018 20:21:51 [INFO] exp_shallowmodel: Training: 
01/29/2018 20:21:51 [INFO] exp_shallowmodel: LogisticRegression(C=1, class_weight=None, dual=False, fit_intercept=True,
          intercept_scaling=1, max_iter=100, multi_class='ovr', n_jobs=1,
          penalty='l1', random_state=None, solver='liblinear', tol=0.0001,
          verbose=0, warm_start=False)
01/29/2018 20:21:53 [INFO] exp_shallowmodel: train time: 1.527s
01/29/2018 20:21:53 [INFO] exp_shallowmodel: test time:  0.000s
01/29/2018 20:21:53 [INFO] exp_shallowmodel: accuracy:   0.804
01/29/2018 20:21:53 [INFO] exp_shallowmodel: f1_score:   0.670
01/29/2018 20:21:53 [INFO] exp_shallowmodel: classification report:
01/29/2018 20:21:53 [INFO] exp_shallowmodel:              precision    recall  f1-score   support

          A       0.75      0.21      0.33        14
          C       0.73      0.77      0.75       164
          F       0.89      0.91      0.90       268
          R       0.71      0.68      0.69       125

avg / total       0.80      0.80      0.80       571

01/29/2018 20:21:53 [INFO] exp_shallowmodel: confusion matrix:
01/29/2018 20:21:53 [INFO] exp_shallowmodel: 
[[  3   2   8   1]
 [  0 127  12  25]
 [  1  14 244   9]
 [  0  31   9  85]]
01/29/2018 20:21:53 [INFO] exp_shallowmodel: ******************** dstc2 - Round 29 
01/29/2018 20:21:53 [INFO] exp_shallowmodel: #(data) = 4568
01/29/2018 20:21:53 [INFO] exp_shallowmodel: #(feature) = 151
01/29/2018 20:21:53 [INFO] exp_shallowmodel: ================================================================================
01/29/2018 20:21:53 [INFO] exp_shallowmodel: LR.pen=l1.C=1.000000
01/29/2018 20:21:53 [INFO] exp_shallowmodel: ________________________________________________________________________________
01/29/2018 20:21:53 [INFO] exp_shallowmodel: Training: 
01/29/2018 20:21:53 [INFO] exp_shallowmodel: LogisticRegression(C=1, class_weight=None, dual=False, fit_intercept=True,
          intercept_scaling=1, max_iter=100, multi_class='ovr', n_jobs=1,
          penalty='l1', random_state=None, solver='liblinear', tol=0.0001,
          verbose=0, warm_start=False)
01/29/2018 20:21:56 [INFO] exp_shallowmodel: train time: 3.643s
01/29/2018 20:21:56 [INFO] exp_shallowmodel: test time:  0.000s
01/29/2018 20:21:56 [INFO] exp_shallowmodel: accuracy:   0.834
01/29/2018 20:21:56 [INFO] exp_shallowmodel: f1_score:   0.670
01/29/2018 20:21:56 [INFO] exp_shallowmodel: classification report:
01/29/2018 20:21:56 [INFO] exp_shallowmodel:              precision    recall  f1-score   support

          A       0.33      0.12      0.18        16
          C       0.81      0.83      0.82       169
          F       0.87      0.91      0.89       271
          R       0.80      0.76      0.78       130

avg / total       0.82      0.83      0.83       586

01/29/2018 20:21:56 [INFO] exp_shallowmodel: confusion matrix:
01/29/2018 20:21:56 [INFO] exp_shallowmodel: 
[[  2   3  11   0]
 [  2 141  12  14]
 [  1  13 247  10]
 [  1  17  13  99]]
01/29/2018 20:21:56 [INFO] exp_shallowmodel: ******************** dstc2 - Round 30 
01/29/2018 20:21:56 [INFO] exp_shallowmodel: #(data) = 4583
01/29/2018 20:21:56 [INFO] exp_shallowmodel: #(feature) = 151
01/29/2018 20:21:56 [INFO] exp_shallowmodel: ================================================================================
01/29/2018 20:21:56 [INFO] exp_shallowmodel: LR.pen=l1.C=1.000000
01/29/2018 20:21:56 [INFO] exp_shallowmodel: ________________________________________________________________________________
01/29/2018 20:21:56 [INFO] exp_shallowmodel: Training: 
01/29/2018 20:21:56 [INFO] exp_shallowmodel: LogisticRegression(C=1, class_weight=None, dual=False, fit_intercept=True,
          intercept_scaling=1, max_iter=100, multi_class='ovr', n_jobs=1,
          penalty='l1', random_state=None, solver='liblinear', tol=0.0001,
          verbose=0, warm_start=False)
01/29/2018 20:22:03 [INFO] exp_shallowmodel: train time: 6.746s
01/29/2018 20:22:03 [INFO] exp_shallowmodel: test time:  0.000s
01/29/2018 20:22:03 [INFO] exp_shallowmodel: accuracy:   0.811
01/29/2018 20:22:03 [INFO] exp_shallowmodel: f1_score:   0.674
01/29/2018 20:22:03 [INFO] exp_shallowmodel: classification report:
01/29/2018 20:22:03 [INFO] exp_shallowmodel:              precision    recall  f1-score   support

          A       0.60      0.21      0.32        14
          C       0.77      0.82      0.80       164
          F       0.90      0.89      0.89       268
          R       0.69      0.69      0.69       125

avg / total       0.81      0.81      0.81       571

01/29/2018 20:22:03 [INFO] exp_shallowmodel: confusion matrix:
01/29/2018 20:22:03 [INFO] exp_shallowmodel: 
[[  3   1   8   2]
 [  0 135  10  19]
 [  1  11 239  17]
 [  1  28  10  86]]
01/29/2018 20:22:03 [INFO] exp_shallowmodel: ******************** dstc2 - Round 31 
01/29/2018 20:22:03 [INFO] exp_shallowmodel: #(data) = 4583
01/29/2018 20:22:03 [INFO] exp_shallowmodel: #(feature) = 151
01/29/2018 20:22:03 [INFO] exp_shallowmodel: ================================================================================
01/29/2018 20:22:03 [INFO] exp_shallowmodel: LR.pen=l1.C=1.000000
01/29/2018 20:22:03 [INFO] exp_shallowmodel: ________________________________________________________________________________
01/29/2018 20:22:03 [INFO] exp_shallowmodel: Training: 
01/29/2018 20:22:03 [INFO] exp_shallowmodel: LogisticRegression(C=1, class_weight=None, dual=False, fit_intercept=True,
          intercept_scaling=1, max_iter=100, multi_class='ovr', n_jobs=1,
          penalty='l1', random_state=None, solver='liblinear', tol=0.0001,
          verbose=0, warm_start=False)
01/29/2018 20:22:04 [INFO] exp_shallowmodel: train time: 1.003s
01/29/2018 20:22:04 [INFO] exp_shallowmodel: test time:  0.000s
01/29/2018 20:22:04 [INFO] exp_shallowmodel: accuracy:   0.825
01/29/2018 20:22:04 [INFO] exp_shallowmodel: f1_score:   0.682
01/29/2018 20:22:04 [INFO] exp_shallowmodel: classification report:
01/29/2018 20:22:04 [INFO] exp_shallowmodel:              precision    recall  f1-score   support

          A       0.43      0.21      0.29        14
          C       0.79      0.80      0.79       164
          F       0.89      0.91      0.90       268
          R       0.76      0.74      0.75       125

avg / total       0.82      0.82      0.82       571

01/29/2018 20:22:04 [INFO] exp_shallowmodel: confusion matrix:
01/29/2018 20:22:04 [INFO] exp_shallowmodel: 
[[  3   1   8   2]
 [  2 131  12  19]
 [  0  15 244   9]
 [  2  19  11  93]]
01/29/2018 20:22:04 [INFO] exp_shallowmodel: ******************** dstc2 - Round 32 
01/29/2018 20:22:04 [INFO] exp_shallowmodel: #(data) = 4583
01/29/2018 20:22:04 [INFO] exp_shallowmodel: #(feature) = 151
01/29/2018 20:22:04 [INFO] exp_shallowmodel: ================================================================================
01/29/2018 20:22:04 [INFO] exp_shallowmodel: LR.pen=l1.C=1.000000
01/29/2018 20:22:04 [INFO] exp_shallowmodel: ________________________________________________________________________________
01/29/2018 20:22:04 [INFO] exp_shallowmodel: Training: 
01/29/2018 20:22:04 [INFO] exp_shallowmodel: LogisticRegression(C=1, class_weight=None, dual=False, fit_intercept=True,
          intercept_scaling=1, max_iter=100, multi_class='ovr', n_jobs=1,
          penalty='l1', random_state=None, solver='liblinear', tol=0.0001,
          verbose=0, warm_start=False)
01/29/2018 20:22:06 [INFO] exp_shallowmodel: train time: 1.358s
01/29/2018 20:22:06 [INFO] exp_shallowmodel: test time:  0.000s
01/29/2018 20:22:06 [INFO] exp_shallowmodel: accuracy:   0.820
01/29/2018 20:22:06 [INFO] exp_shallowmodel: f1_score:   0.719
01/29/2018 20:22:06 [INFO] exp_shallowmodel: classification report:
01/29/2018 20:22:06 [INFO] exp_shallowmodel:              precision    recall  f1-score   support

          A       0.55      0.43      0.48        14
          C       0.77      0.79      0.78       164
          F       0.88      0.93      0.90       268
          R       0.77      0.66      0.71       125

avg / total       0.82      0.82      0.82       571

01/29/2018 20:22:06 [INFO] exp_shallowmodel: confusion matrix:
01/29/2018 20:22:06 [INFO] exp_shallowmodel: 
[[  6   3   5   0]
 [  2 130  12  20]
 [  3  11 249   5]
 [  0  25  17  83]]
01/29/2018 20:22:06 [INFO] exp_shallowmodel: ******************** dstc2 - Round 33 
01/29/2018 20:22:06 [INFO] exp_shallowmodel: #(data) = 4583
01/29/2018 20:22:06 [INFO] exp_shallowmodel: #(feature) = 151
01/29/2018 20:22:06 [INFO] exp_shallowmodel: ================================================================================
01/29/2018 20:22:06 [INFO] exp_shallowmodel: LR.pen=l1.C=1.000000
01/29/2018 20:22:06 [INFO] exp_shallowmodel: ________________________________________________________________________________
01/29/2018 20:22:06 [INFO] exp_shallowmodel: Training: 
01/29/2018 20:22:06 [INFO] exp_shallowmodel: LogisticRegression(C=1, class_weight=None, dual=False, fit_intercept=True,
          intercept_scaling=1, max_iter=100, multi_class='ovr', n_jobs=1,
          penalty='l1', random_state=None, solver='liblinear', tol=0.0001,
          verbose=0, warm_start=False)
01/29/2018 20:22:08 [INFO] exp_shallowmodel: train time: 2.751s
01/29/2018 20:22:08 [INFO] exp_shallowmodel: test time:  0.000s
01/29/2018 20:22:08 [INFO] exp_shallowmodel: accuracy:   0.828
01/29/2018 20:22:08 [INFO] exp_shallowmodel: f1_score:   0.668
01/29/2018 20:22:08 [INFO] exp_shallowmodel: classification report:
01/29/2018 20:22:08 [INFO] exp_shallowmodel:              precision    recall  f1-score   support

          A       1.00      0.14      0.25        14
          C       0.81      0.77      0.79       164
          F       0.89      0.95      0.92       268
          R       0.70      0.72      0.71       125

avg / total       0.83      0.83      0.82       571

01/29/2018 20:22:08 [INFO] exp_shallowmodel: confusion matrix:
01/29/2018 20:22:08 [INFO] exp_shallowmodel: 
[[  2   7   4   1]
 [  0 127   8  29]
 [  0   6 254   8]
 [  0  16  19  90]]
01/29/2018 20:22:08 [INFO] exp_shallowmodel: ******************** dstc2 - Round 34 
01/29/2018 20:22:08 [INFO] exp_shallowmodel: #(data) = 4583
01/29/2018 20:22:08 [INFO] exp_shallowmodel: #(feature) = 151
01/29/2018 20:22:08 [INFO] exp_shallowmodel: ================================================================================
01/29/2018 20:22:08 [INFO] exp_shallowmodel: LR.pen=l1.C=1.000000
01/29/2018 20:22:08 [INFO] exp_shallowmodel: ________________________________________________________________________________
01/29/2018 20:22:08 [INFO] exp_shallowmodel: Training: 
01/29/2018 20:22:08 [INFO] exp_shallowmodel: LogisticRegression(C=1, class_weight=None, dual=False, fit_intercept=True,
          intercept_scaling=1, max_iter=100, multi_class='ovr', n_jobs=1,
          penalty='l1', random_state=None, solver='liblinear', tol=0.0001,
          verbose=0, warm_start=False)
01/29/2018 20:22:13 [INFO] exp_shallowmodel: train time: 5.184s
01/29/2018 20:22:13 [INFO] exp_shallowmodel: test time:  0.000s
01/29/2018 20:22:13 [INFO] exp_shallowmodel: accuracy:   0.841
01/29/2018 20:22:13 [INFO] exp_shallowmodel: f1_score:   0.722
01/29/2018 20:22:13 [INFO] exp_shallowmodel: classification report:
01/29/2018 20:22:13 [INFO] exp_shallowmodel:              precision    recall  f1-score   support

          A       0.80      0.29      0.42        14
          C       0.76      0.82      0.79       164
          F       0.91      0.95      0.93       268
          R       0.81      0.70      0.75       125

avg / total       0.84      0.84      0.84       571

01/29/2018 20:22:13 [INFO] exp_shallowmodel: confusion matrix:
01/29/2018 20:22:13 [INFO] exp_shallowmodel: 
[[  4   1   8   1]
 [  0 134  14  16]
 [  0  10 254   4]
 [  1  32   4  88]]
01/29/2018 20:22:13 [INFO] exp_shallowmodel: ******************** dstc2 - Round 35 
01/29/2018 20:22:13 [INFO] exp_shallowmodel: #(data) = 4583
01/29/2018 20:22:13 [INFO] exp_shallowmodel: #(feature) = 151
01/29/2018 20:22:13 [INFO] exp_shallowmodel: ================================================================================
01/29/2018 20:22:13 [INFO] exp_shallowmodel: LR.pen=l1.C=1.000000
01/29/2018 20:22:13 [INFO] exp_shallowmodel: ________________________________________________________________________________
01/29/2018 20:22:13 [INFO] exp_shallowmodel: Training: 
01/29/2018 20:22:13 [INFO] exp_shallowmodel: LogisticRegression(C=1, class_weight=None, dual=False, fit_intercept=True,
          intercept_scaling=1, max_iter=100, multi_class='ovr', n_jobs=1,
          penalty='l1', random_state=None, solver='liblinear', tol=0.0001,
          verbose=0, warm_start=False)
01/29/2018 20:22:20 [INFO] exp_shallowmodel: train time: 6.741s
01/29/2018 20:22:20 [INFO] exp_shallowmodel: test time:  0.000s
01/29/2018 20:22:20 [INFO] exp_shallowmodel: accuracy:   0.842
01/29/2018 20:22:20 [INFO] exp_shallowmodel: f1_score:   0.657
01/29/2018 20:22:20 [INFO] exp_shallowmodel: classification report:
01/29/2018 20:22:20 [INFO] exp_shallowmodel:              precision    recall  f1-score   support

          A       0.25      0.07      0.11        14
          C       0.79      0.84      0.81       164
          F       0.88      0.93      0.90       268
          R       0.85      0.75      0.80       125

avg / total       0.83      0.84      0.83       571

01/29/2018 20:22:20 [INFO] exp_shallowmodel: confusion matrix:
01/29/2018 20:22:20 [INFO] exp_shallowmodel: 
[[  1   4   8   1]
 [  2 138  14  10]
 [  0  15 248   5]
 [  1  18  12  94]]
01/29/2018 20:22:20 [INFO] exp_shallowmodel: ******************** dstc2 - Round 36 
01/29/2018 20:22:20 [INFO] exp_shallowmodel: #(data) = 4583
01/29/2018 20:22:20 [INFO] exp_shallowmodel: #(feature) = 151
01/29/2018 20:22:20 [INFO] exp_shallowmodel: ================================================================================
01/29/2018 20:22:20 [INFO] exp_shallowmodel: LR.pen=l1.C=1.000000
01/29/2018 20:22:20 [INFO] exp_shallowmodel: ________________________________________________________________________________
01/29/2018 20:22:20 [INFO] exp_shallowmodel: Training: 
01/29/2018 20:22:20 [INFO] exp_shallowmodel: LogisticRegression(C=1, class_weight=None, dual=False, fit_intercept=True,
          intercept_scaling=1, max_iter=100, multi_class='ovr', n_jobs=1,
          penalty='l1', random_state=None, solver='liblinear', tol=0.0001,
          verbose=0, warm_start=False)
01/29/2018 20:22:21 [INFO] exp_shallowmodel: train time: 0.883s
01/29/2018 20:22:21 [INFO] exp_shallowmodel: test time:  0.000s
01/29/2018 20:22:21 [INFO] exp_shallowmodel: accuracy:   0.827
01/29/2018 20:22:21 [INFO] exp_shallowmodel: f1_score:   0.669
01/29/2018 20:22:21 [INFO] exp_shallowmodel: classification report:
01/29/2018 20:22:21 [INFO] exp_shallowmodel:              precision    recall  f1-score   support

          A       0.50      0.14      0.22        14
          C       0.75      0.85      0.80       164
          F       0.90      0.90      0.90       268
          R       0.79      0.73      0.76       125

avg / total       0.82      0.83      0.82       571

01/29/2018 20:22:21 [INFO] exp_shallowmodel: confusion matrix:
01/29/2018 20:22:21 [INFO] exp_shallowmodel: 
[[  2   4   7   1]
 [  0 139  11  14]
 [  0  19 240   9]
 [  2  23   9  91]]
01/29/2018 20:22:21 [INFO] exp_shallowmodel: ******************** dstc2 - Round 37 
01/29/2018 20:22:21 [INFO] exp_shallowmodel: #(data) = 4583
01/29/2018 20:22:21 [INFO] exp_shallowmodel: #(feature) = 151
01/29/2018 20:22:21 [INFO] exp_shallowmodel: ================================================================================
01/29/2018 20:22:21 [INFO] exp_shallowmodel: LR.pen=l1.C=1.000000
01/29/2018 20:22:21 [INFO] exp_shallowmodel: ________________________________________________________________________________
01/29/2018 20:22:21 [INFO] exp_shallowmodel: Training: 
01/29/2018 20:22:21 [INFO] exp_shallowmodel: LogisticRegression(C=1, class_weight=None, dual=False, fit_intercept=True,
          intercept_scaling=1, max_iter=100, multi_class='ovr', n_jobs=1,
          penalty='l1', random_state=None, solver='liblinear', tol=0.0001,
          verbose=0, warm_start=False)
01/29/2018 20:22:22 [INFO] exp_shallowmodel: train time: 1.323s
01/29/2018 20:22:22 [INFO] exp_shallowmodel: test time:  0.000s
01/29/2018 20:22:22 [INFO] exp_shallowmodel: accuracy:   0.818
01/29/2018 20:22:22 [INFO] exp_shallowmodel: f1_score:   0.656
01/29/2018 20:22:22 [INFO] exp_shallowmodel: classification report:
01/29/2018 20:22:22 [INFO] exp_shallowmodel:              precision    recall  f1-score   support

          A       0.67      0.14      0.24        14
          C       0.75      0.79      0.77       164
          F       0.88      0.94      0.91       268
          R       0.75      0.66      0.71       125

avg / total       0.81      0.82      0.81       571

01/29/2018 20:22:22 [INFO] exp_shallowmodel: confusion matrix:
01/29/2018 20:22:22 [INFO] exp_shallowmodel: 
[[  2   0  12   0]
 [  1 129  11  23]
 [  0  11 253   4]
 [  0  31  11  83]]
01/29/2018 20:22:22 [INFO] exp_shallowmodel: ******************** dstc2 - Round 38 
01/29/2018 20:22:22 [INFO] exp_shallowmodel: #(data) = 4583
01/29/2018 20:22:22 [INFO] exp_shallowmodel: #(feature) = 151
01/29/2018 20:22:22 [INFO] exp_shallowmodel: ================================================================================
01/29/2018 20:22:22 [INFO] exp_shallowmodel: LR.pen=l1.C=1.000000
01/29/2018 20:22:22 [INFO] exp_shallowmodel: ________________________________________________________________________________
01/29/2018 20:22:22 [INFO] exp_shallowmodel: Training: 
01/29/2018 20:22:22 [INFO] exp_shallowmodel: LogisticRegression(C=1, class_weight=None, dual=False, fit_intercept=True,
          intercept_scaling=1, max_iter=100, multi_class='ovr', n_jobs=1,
          penalty='l1', random_state=None, solver='liblinear', tol=0.0001,
          verbose=0, warm_start=False)
01/29/2018 20:22:23 [INFO] exp_shallowmodel: train time: 0.988s
01/29/2018 20:22:23 [INFO] exp_shallowmodel: test time:  0.000s
01/29/2018 20:22:23 [INFO] exp_shallowmodel: accuracy:   0.811
01/29/2018 20:22:23 [INFO] exp_shallowmodel: f1_score:   0.649
01/29/2018 20:22:23 [INFO] exp_shallowmodel: classification report:
01/29/2018 20:22:23 [INFO] exp_shallowmodel:              precision    recall  f1-score   support

          A       0.50      0.14      0.22        14
          C       0.74      0.77      0.75       164
          F       0.87      0.94      0.90       268
          R       0.77      0.67      0.72       125

avg / total       0.80      0.81      0.80       571

01/29/2018 20:22:23 [INFO] exp_shallowmodel: confusion matrix:
01/29/2018 20:22:23 [INFO] exp_shallowmodel: 
[[  2   2   9   1]
 [  0 126  18  20]
 [  2  11 251   4]
 [  0  32   9  84]]
01/29/2018 20:22:23 [INFO] exp_shallowmodel: ******************** dstc2 - Round 39 
01/29/2018 20:22:23 [INFO] exp_shallowmodel: #(data) = 4568
01/29/2018 20:22:23 [INFO] exp_shallowmodel: #(feature) = 151
01/29/2018 20:22:23 [INFO] exp_shallowmodel: ================================================================================
01/29/2018 20:22:23 [INFO] exp_shallowmodel: LR.pen=l1.C=1.000000
01/29/2018 20:22:23 [INFO] exp_shallowmodel: ________________________________________________________________________________
01/29/2018 20:22:23 [INFO] exp_shallowmodel: Training: 
01/29/2018 20:22:23 [INFO] exp_shallowmodel: LogisticRegression(C=1, class_weight=None, dual=False, fit_intercept=True,
          intercept_scaling=1, max_iter=100, multi_class='ovr', n_jobs=1,
          penalty='l1', random_state=None, solver='liblinear', tol=0.0001,
          verbose=0, warm_start=False)
01/29/2018 20:22:25 [INFO] exp_shallowmodel: train time: 1.264s
01/29/2018 20:22:25 [INFO] exp_shallowmodel: test time:  0.000s
01/29/2018 20:22:25 [INFO] exp_shallowmodel: accuracy:   0.807
01/29/2018 20:22:25 [INFO] exp_shallowmodel: f1_score:   0.671
01/29/2018 20:22:25 [INFO] exp_shallowmodel: classification report:
01/29/2018 20:22:25 [INFO] exp_shallowmodel:              precision    recall  f1-score   support

          A       1.00      0.19      0.32        16
          C       0.72      0.80      0.76       169
          F       0.89      0.91      0.90       271
          R       0.75      0.67      0.71       130

avg / total       0.81      0.81      0.80       586

01/29/2018 20:22:25 [INFO] exp_shallowmodel: confusion matrix:
01/29/2018 20:22:25 [INFO] exp_shallowmodel: 
[[  3   3   9   1]
 [  0 136  11  22]
 [  0  18 247   6]
 [  0  33  10  87]]
01/29/2018 20:22:25 [INFO] exp_shallowmodel: ******************** dstc2 - Round 40 
01/29/2018 20:22:25 [INFO] exp_shallowmodel: #(data) = 4583
01/29/2018 20:22:25 [INFO] exp_shallowmodel: #(feature) = 151
01/29/2018 20:22:25 [INFO] exp_shallowmodel: ================================================================================
01/29/2018 20:22:25 [INFO] exp_shallowmodel: LR.pen=l1.C=1.000000
01/29/2018 20:22:25 [INFO] exp_shallowmodel: ________________________________________________________________________________
01/29/2018 20:22:25 [INFO] exp_shallowmodel: Training: 
01/29/2018 20:22:25 [INFO] exp_shallowmodel: LogisticRegression(C=1, class_weight=None, dual=False, fit_intercept=True,
          intercept_scaling=1, max_iter=100, multi_class='ovr', n_jobs=1,
          penalty='l1', random_state=None, solver='liblinear', tol=0.0001,
          verbose=0, warm_start=False)
01/29/2018 20:22:26 [INFO] exp_shallowmodel: train time: 0.868s
01/29/2018 20:22:26 [INFO] exp_shallowmodel: test time:  0.000s
01/29/2018 20:22:26 [INFO] exp_shallowmodel: accuracy:   0.825
01/29/2018 20:22:26 [INFO] exp_shallowmodel: f1_score:   0.664
01/29/2018 20:22:26 [INFO] exp_shallowmodel: classification report:
01/29/2018 20:22:26 [INFO] exp_shallowmodel:              precision    recall  f1-score   support

          A       0.50      0.14      0.22        14
          C       0.77      0.80      0.79       164
          F       0.89      0.92      0.91       268
          R       0.76      0.72      0.74       125

avg / total       0.82      0.82      0.82       571

01/29/2018 20:22:26 [INFO] exp_shallowmodel: confusion matrix:
01/29/2018 20:22:26 [INFO] exp_shallowmodel: 
[[  2   4   7   1]
 [  1 132  11  20]
 [  1  13 247   7]
 [  0  23  12  90]]
01/29/2018 20:22:26 [INFO] exp_shallowmodel: ******************** dstc2 - Round 41 
01/29/2018 20:22:26 [INFO] exp_shallowmodel: #(data) = 4583
01/29/2018 20:22:26 [INFO] exp_shallowmodel: #(feature) = 151
01/29/2018 20:22:26 [INFO] exp_shallowmodel: ================================================================================
01/29/2018 20:22:26 [INFO] exp_shallowmodel: LR.pen=l1.C=1.000000
01/29/2018 20:22:26 [INFO] exp_shallowmodel: ________________________________________________________________________________
01/29/2018 20:22:26 [INFO] exp_shallowmodel: Training: 
01/29/2018 20:22:26 [INFO] exp_shallowmodel: LogisticRegression(C=1, class_weight=None, dual=False, fit_intercept=True,
          intercept_scaling=1, max_iter=100, multi_class='ovr', n_jobs=1,
          penalty='l1', random_state=None, solver='liblinear', tol=0.0001,
          verbose=0, warm_start=False)
01/29/2018 20:22:27 [INFO] exp_shallowmodel: train time: 1.480s
01/29/2018 20:22:27 [INFO] exp_shallowmodel: test time:  0.000s
01/29/2018 20:22:27 [INFO] exp_shallowmodel: accuracy:   0.848
01/29/2018 20:22:27 [INFO] exp_shallowmodel: f1_score:   0.724
01/29/2018 20:22:27 [INFO] exp_shallowmodel: classification report:
01/29/2018 20:22:27 [INFO] exp_shallowmodel:              precision    recall  f1-score   support

          A       0.67      0.29      0.40        14
          C       0.80      0.81      0.81       164
          F       0.91      0.95      0.93       268
          R       0.78      0.74      0.76       125

avg / total       0.84      0.85      0.84       571

01/29/2018 20:22:27 [INFO] exp_shallowmodel: confusion matrix:
01/29/2018 20:22:27 [INFO] exp_shallowmodel: 
[[  4   2   5   3]
 [  2 133  10  19]
 [  0  10 254   4]
 [  0  21  11  93]]
01/29/2018 20:22:27 [INFO] exp_shallowmodel: ******************** dstc2 - Round 42 
01/29/2018 20:22:27 [INFO] exp_shallowmodel: #(data) = 4583
01/29/2018 20:22:27 [INFO] exp_shallowmodel: #(feature) = 151
01/29/2018 20:22:27 [INFO] exp_shallowmodel: ================================================================================
01/29/2018 20:22:27 [INFO] exp_shallowmodel: LR.pen=l1.C=1.000000
01/29/2018 20:22:27 [INFO] exp_shallowmodel: ________________________________________________________________________________
01/29/2018 20:22:27 [INFO] exp_shallowmodel: Training: 
01/29/2018 20:22:27 [INFO] exp_shallowmodel: LogisticRegression(C=1, class_weight=None, dual=False, fit_intercept=True,
          intercept_scaling=1, max_iter=100, multi_class='ovr', n_jobs=1,
          penalty='l1', random_state=None, solver='liblinear', tol=0.0001,
          verbose=0, warm_start=False)
01/29/2018 20:22:29 [INFO] exp_shallowmodel: train time: 1.419s
01/29/2018 20:22:29 [INFO] exp_shallowmodel: test time:  0.000s
01/29/2018 20:22:29 [INFO] exp_shallowmodel: accuracy:   0.793
01/29/2018 20:22:29 [INFO] exp_shallowmodel: f1_score:   0.637
01/29/2018 20:22:29 [INFO] exp_shallowmodel: classification report:
01/29/2018 20:22:29 [INFO] exp_shallowmodel:              precision    recall  f1-score   support

          A       1.00      0.14      0.25        14
          C       0.71      0.74      0.73       164
          F       0.89      0.93      0.91       268
          R       0.68      0.65      0.66       125

avg / total       0.80      0.79      0.79       571

01/29/2018 20:22:29 [INFO] exp_shallowmodel: confusion matrix:
01/29/2018 20:22:29 [INFO] exp_shallowmodel: 
[[  2   1   8   3]
 [  0 122  14  28]
 [  0  13 248   7]
 [  0  35   9  81]]
01/29/2018 20:22:29 [INFO] exp_shallowmodel: ******************** dstc2 - Round 43 
01/29/2018 20:22:29 [INFO] exp_shallowmodel: #(data) = 4583
01/29/2018 20:22:29 [INFO] exp_shallowmodel: #(feature) = 151
01/29/2018 20:22:29 [INFO] exp_shallowmodel: ================================================================================
01/29/2018 20:22:29 [INFO] exp_shallowmodel: LR.pen=l1.C=1.000000
01/29/2018 20:22:29 [INFO] exp_shallowmodel: ________________________________________________________________________________
01/29/2018 20:22:29 [INFO] exp_shallowmodel: Training: 
01/29/2018 20:22:29 [INFO] exp_shallowmodel: LogisticRegression(C=1, class_weight=None, dual=False, fit_intercept=True,
          intercept_scaling=1, max_iter=100, multi_class='ovr', n_jobs=1,
          penalty='l1', random_state=None, solver='liblinear', tol=0.0001,
          verbose=0, warm_start=False)
01/29/2018 20:22:31 [INFO] exp_shallowmodel: train time: 2.322s
01/29/2018 20:22:31 [INFO] exp_shallowmodel: test time:  0.000s
01/29/2018 20:22:31 [INFO] exp_shallowmodel: accuracy:   0.844
01/29/2018 20:22:31 [INFO] exp_shallowmodel: f1_score:   0.769
01/29/2018 20:22:31 [INFO] exp_shallowmodel: classification report:
01/29/2018 20:22:31 [INFO] exp_shallowmodel:              precision    recall  f1-score   support

          A       0.78      0.50      0.61        14
          C       0.76      0.82      0.79       164
          F       0.92      0.94      0.93       268
          R       0.80      0.70      0.75       125

avg / total       0.84      0.84      0.84       571

01/29/2018 20:22:31 [INFO] exp_shallowmodel: confusion matrix:
01/29/2018 20:22:31 [INFO] exp_shallowmodel: 
[[  7   1   6   0]
 [  0 135  10  19]
 [  0  13 252   3]
 [  2  28   7  88]]
01/29/2018 20:22:31 [INFO] exp_shallowmodel: ******************** dstc2 - Round 44 
01/29/2018 20:22:31 [INFO] exp_shallowmodel: #(data) = 4583
01/29/2018 20:22:31 [INFO] exp_shallowmodel: #(feature) = 151
01/29/2018 20:22:31 [INFO] exp_shallowmodel: ================================================================================
01/29/2018 20:22:31 [INFO] exp_shallowmodel: LR.pen=l1.C=1.000000
01/29/2018 20:22:31 [INFO] exp_shallowmodel: ________________________________________________________________________________
01/29/2018 20:22:31 [INFO] exp_shallowmodel: Training: 
01/29/2018 20:22:31 [INFO] exp_shallowmodel: LogisticRegression(C=1, class_weight=None, dual=False, fit_intercept=True,
          intercept_scaling=1, max_iter=100, multi_class='ovr', n_jobs=1,
          penalty='l1', random_state=None, solver='liblinear', tol=0.0001,
          verbose=0, warm_start=False)
01/29/2018 20:22:33 [INFO] exp_shallowmodel: train time: 2.000s
01/29/2018 20:22:33 [INFO] exp_shallowmodel: test time:  0.000s
01/29/2018 20:22:33 [INFO] exp_shallowmodel: accuracy:   0.813
01/29/2018 20:22:33 [INFO] exp_shallowmodel: f1_score:   0.624
01/29/2018 20:22:33 [INFO] exp_shallowmodel: classification report:
01/29/2018 20:22:33 [INFO] exp_shallowmodel:              precision    recall  f1-score   support

          A       1.00      0.07      0.13        14
          C       0.75      0.81      0.78       164
          F       0.87      0.94      0.91       268
          R       0.75      0.62      0.68       125

avg / total       0.81      0.81      0.80       571

01/29/2018 20:22:33 [INFO] exp_shallowmodel: confusion matrix:
01/29/2018 20:22:33 [INFO] exp_shallowmodel: 
[[  1   5   6   2]
 [  0 133  13  18]
 [  0  10 253   5]
 [  0  30  18  77]]
01/29/2018 20:22:33 [INFO] exp_shallowmodel: ******************** dstc2 - Round 45 
01/29/2018 20:22:33 [INFO] exp_shallowmodel: #(data) = 4583
01/29/2018 20:22:33 [INFO] exp_shallowmodel: #(feature) = 151
01/29/2018 20:22:33 [INFO] exp_shallowmodel: ================================================================================
01/29/2018 20:22:33 [INFO] exp_shallowmodel: LR.pen=l1.C=1.000000
01/29/2018 20:22:33 [INFO] exp_shallowmodel: ________________________________________________________________________________
01/29/2018 20:22:33 [INFO] exp_shallowmodel: Training: 
01/29/2018 20:22:33 [INFO] exp_shallowmodel: LogisticRegression(C=1, class_weight=None, dual=False, fit_intercept=True,
          intercept_scaling=1, max_iter=100, multi_class='ovr', n_jobs=1,
          penalty='l1', random_state=None, solver='liblinear', tol=0.0001,
          verbose=0, warm_start=False)
01/29/2018 20:22:34 [INFO] exp_shallowmodel: train time: 1.163s
01/29/2018 20:22:34 [INFO] exp_shallowmodel: test time:  0.000s
01/29/2018 20:22:34 [INFO] exp_shallowmodel: accuracy:   0.811
01/29/2018 20:22:34 [INFO] exp_shallowmodel: f1_score:   0.673
01/29/2018 20:22:34 [INFO] exp_shallowmodel: classification report:
01/29/2018 20:22:34 [INFO] exp_shallowmodel:              precision    recall  f1-score   support

          A       0.60      0.21      0.32        14
          C       0.75      0.77      0.76       164
          F       0.88      0.93      0.90       268
          R       0.75      0.69      0.72       125

avg / total       0.81      0.81      0.81       571

01/29/2018 20:22:34 [INFO] exp_shallowmodel: confusion matrix:
01/29/2018 20:22:34 [INFO] exp_shallowmodel: 
[[  3   4   7   0]
 [  1 126  15  22]
 [  1  12 248   7]
 [  0  27  12  86]]
01/29/2018 20:22:34 [INFO] exp_shallowmodel: ******************** dstc2 - Round 46 
01/29/2018 20:22:34 [INFO] exp_shallowmodel: #(data) = 4583
01/29/2018 20:22:34 [INFO] exp_shallowmodel: #(feature) = 151
01/29/2018 20:22:34 [INFO] exp_shallowmodel: ================================================================================
01/29/2018 20:22:34 [INFO] exp_shallowmodel: LR.pen=l1.C=1.000000
01/29/2018 20:22:34 [INFO] exp_shallowmodel: ________________________________________________________________________________
01/29/2018 20:22:34 [INFO] exp_shallowmodel: Training: 
01/29/2018 20:22:34 [INFO] exp_shallowmodel: LogisticRegression(C=1, class_weight=None, dual=False, fit_intercept=True,
          intercept_scaling=1, max_iter=100, multi_class='ovr', n_jobs=1,
          penalty='l1', random_state=None, solver='liblinear', tol=0.0001,
          verbose=0, warm_start=False)
01/29/2018 20:22:37 [INFO] exp_shallowmodel: train time: 2.727s
01/29/2018 20:22:37 [INFO] exp_shallowmodel: test time:  0.000s
01/29/2018 20:22:37 [INFO] exp_shallowmodel: accuracy:   0.832
01/29/2018 20:22:37 [INFO] exp_shallowmodel: f1_score:   0.673
01/29/2018 20:22:37 [INFO] exp_shallowmodel: classification report:
01/29/2018 20:22:37 [INFO] exp_shallowmodel:              precision    recall  f1-score   support

          A       0.67      0.14      0.24        14
          C       0.78      0.80      0.79       164
          F       0.89      0.93      0.91       268
          R       0.78      0.74      0.76       125

avg / total       0.83      0.83      0.83       571

01/29/2018 20:22:37 [INFO] exp_shallowmodel: confusion matrix:
01/29/2018 20:22:37 [INFO] exp_shallowmodel: 
[[  2   1  11   0]
 [  1 131  14  18]
 [  0  10 249   9]
 [  0  25   7  93]]
01/29/2018 20:22:37 [INFO] exp_shallowmodel: ******************** dstc2 - Round 47 
01/29/2018 20:22:37 [INFO] exp_shallowmodel: #(data) = 4583
01/29/2018 20:22:37 [INFO] exp_shallowmodel: #(feature) = 151
01/29/2018 20:22:37 [INFO] exp_shallowmodel: ================================================================================
01/29/2018 20:22:37 [INFO] exp_shallowmodel: LR.pen=l1.C=1.000000
01/29/2018 20:22:37 [INFO] exp_shallowmodel: ________________________________________________________________________________
01/29/2018 20:22:37 [INFO] exp_shallowmodel: Training: 
01/29/2018 20:22:37 [INFO] exp_shallowmodel: LogisticRegression(C=1, class_weight=None, dual=False, fit_intercept=True,
          intercept_scaling=1, max_iter=100, multi_class='ovr', n_jobs=1,
          penalty='l1', random_state=None, solver='liblinear', tol=0.0001,
          verbose=0, warm_start=False)
01/29/2018 20:22:38 [INFO] exp_shallowmodel: train time: 1.481s
01/29/2018 20:22:38 [INFO] exp_shallowmodel: test time:  0.000s
01/29/2018 20:22:38 [INFO] exp_shallowmodel: accuracy:   0.834
01/29/2018 20:22:38 [INFO] exp_shallowmodel: f1_score:   0.693
01/29/2018 20:22:38 [INFO] exp_shallowmodel: classification report:
01/29/2018 20:22:38 [INFO] exp_shallowmodel:              precision    recall  f1-score   support

          A       0.60      0.21      0.32        14
          C       0.76      0.82      0.79       164
          F       0.90      0.93      0.92       268
          R       0.79      0.71      0.75       125

avg / total       0.83      0.83      0.83       571

01/29/2018 20:22:38 [INFO] exp_shallowmodel: confusion matrix:
01/29/2018 20:22:38 [INFO] exp_shallowmodel: 
[[  3   2   9   0]
 [  1 135  10  18]
 [  1  12 249   6]
 [  0  28   8  89]]
01/29/2018 20:22:38 [INFO] exp_shallowmodel: ******************** dstc2 - Round 48 
01/29/2018 20:22:38 [INFO] exp_shallowmodel: #(data) = 4583
01/29/2018 20:22:38 [INFO] exp_shallowmodel: #(feature) = 151
01/29/2018 20:22:38 [INFO] exp_shallowmodel: ================================================================================
01/29/2018 20:22:38 [INFO] exp_shallowmodel: LR.pen=l1.C=1.000000
01/29/2018 20:22:38 [INFO] exp_shallowmodel: ________________________________________________________________________________
01/29/2018 20:22:38 [INFO] exp_shallowmodel: Training: 
01/29/2018 20:22:38 [INFO] exp_shallowmodel: LogisticRegression(C=1, class_weight=None, dual=False, fit_intercept=True,
          intercept_scaling=1, max_iter=100, multi_class='ovr', n_jobs=1,
          penalty='l1', random_state=None, solver='liblinear', tol=0.0001,
          verbose=0, warm_start=False)
01/29/2018 20:22:42 [INFO] exp_shallowmodel: train time: 3.308s
01/29/2018 20:22:42 [INFO] exp_shallowmodel: test time:  0.000s
01/29/2018 20:22:42 [INFO] exp_shallowmodel: accuracy:   0.834
01/29/2018 20:22:42 [INFO] exp_shallowmodel: f1_score:   0.738
01/29/2018 20:22:42 [INFO] exp_shallowmodel: classification report:
01/29/2018 20:22:42 [INFO] exp_shallowmodel:              precision    recall  f1-score   support

          A       0.83      0.36      0.50        14
          C       0.78      0.82      0.80       164
          F       0.91      0.91      0.91       268
          R       0.74      0.74      0.74       125

avg / total       0.83      0.83      0.83       571

01/29/2018 20:22:42 [INFO] exp_shallowmodel: confusion matrix:
01/29/2018 20:22:42 [INFO] exp_shallowmodel: 
[[  5   0   8   1]
 [  1 134   9  20]
 [  0  13 244  11]
 [  0  24   8  93]]
01/29/2018 20:22:42 [INFO] exp_shallowmodel: ******************** dstc2 - Round 49 
01/29/2018 20:22:42 [INFO] exp_shallowmodel: #(data) = 4568
01/29/2018 20:22:42 [INFO] exp_shallowmodel: #(feature) = 151
01/29/2018 20:22:42 [INFO] exp_shallowmodel: ================================================================================
01/29/2018 20:22:42 [INFO] exp_shallowmodel: LR.pen=l1.C=1.000000
01/29/2018 20:22:42 [INFO] exp_shallowmodel: ________________________________________________________________________________
01/29/2018 20:22:42 [INFO] exp_shallowmodel: Training: 
01/29/2018 20:22:42 [INFO] exp_shallowmodel: LogisticRegression(C=1, class_weight=None, dual=False, fit_intercept=True,
          intercept_scaling=1, max_iter=100, multi_class='ovr', n_jobs=1,
          penalty='l1', random_state=None, solver='liblinear', tol=0.0001,
          verbose=0, warm_start=False)
01/29/2018 20:22:44 [INFO] exp_shallowmodel: train time: 2.372s
01/29/2018 20:22:44 [INFO] exp_shallowmodel: test time:  0.000s
01/29/2018 20:22:44 [INFO] exp_shallowmodel: accuracy:   0.809
01/29/2018 20:22:44 [INFO] exp_shallowmodel: f1_score:   0.669
01/29/2018 20:22:44 [INFO] exp_shallowmodel: classification report:
01/29/2018 20:22:44 [INFO] exp_shallowmodel:              precision    recall  f1-score   support

          A       0.75      0.19      0.30        16
          C       0.76      0.80      0.78       169
          F       0.86      0.92      0.89       271
          R       0.77      0.66      0.71       130

avg / total       0.81      0.81      0.80       586

01/29/2018 20:22:44 [INFO] exp_shallowmodel: confusion matrix:
01/29/2018 20:22:44 [INFO] exp_shallowmodel: 
[[  3   2  11   0]
 [  1 136  15  17]
 [  0  13 249   9]
 [  0  29  15  86]]
/ihome/pbrusilosky/rum20/packages/anaconda3/lib/python3.6/site-packages/sklearn/metrics/classification.py:1135: UndefinedMetricWarning: Precision is ill-defined and being set to 0.0 in labels with no predicted samples.
  'precision', 'predicted', average, warn_for)
/ihome/pbrusilosky/rum20/packages/anaconda3/lib/python3.6/site-packages/sklearn/metrics/classification.py:1135: UndefinedMetricWarning: F-score is ill-defined and being set to 0.0 in labels with no predicted samples.
  'precision', 'predicted', average, warn_for)
/ihome/pbrusilosky/rum20/packages/anaconda3/lib/python3.6/site-packages/sklearn/metrics/classification.py:1135: UndefinedMetricWarning: Precision and F-score are ill-defined and being set to 0.0 in labels with no predicted samples.
  'precision', 'predicted', average, warn_for)
/ihome/pbrusilosky/rum20/packages/anaconda3/lib/python3.6/site-packages/sklearn/metrics/classification.py:1135: UndefinedMetricWarning: Precision is ill-defined and being set to 0.0 in labels with no predicted samples.
  'precision', 'predicted', average, warn_for)
/ihome/pbrusilosky/rum20/packages/anaconda3/lib/python3.6/site-packages/sklearn/metrics/classification.py:1135: UndefinedMetricWarning: F-score is ill-defined and being set to 0.0 in labels with no predicted samples.
  'precision', 'predicted', average, warn_for)
/ihome/pbrusilosky/rum20/packages/anaconda3/lib/python3.6/site-packages/sklearn/metrics/classification.py:1135: UndefinedMetricWarning: Precision and F-score are ill-defined and being set to 0.0 in labels with no predicted samples.
  'precision', 'predicted', average, warn_for)
Traceback (most recent call last):
  File "/ihome/pbrusilosky/rum20/packages/anaconda3/lib/python3.6/runpy.py", line 193, in _run_module_as_main
    "__main__", mod_spec)
  File "/ihome/pbrusilosky/rum20/packages/anaconda3/lib/python3.6/runpy.py", line 85, in _run_code
    exec(code, run_globals)
  File "/ihome/pbrusilosky/rum20/y_classify/dialogue/classify/task_runner.py", line 220, in <module>
    worker(q, data_dict, opt)
  File "/ihome/pbrusilosky/rum20/y_classify/dialogue/classify/task_runner.py", line 183, in worker
    result = exp.run_cross_validation_with_continuous_feature_selection(X, Y, retained_feature_indices, retained_feature_names, opt.k_feature_to_keep, opt.k_component_for_pca)
  File "/ihome/pbrusilosky/rum20/y_classify/dialogue/classify/exp_shallowmodel.py", line 1307, in run_cross_validation_with_continuous_feature_selection
    chi2_stats, pvals        = chi2(X_discrete, Y)
  File "/ihome/pbrusilosky/rum20/packages/anaconda3/lib/python3.6/site-packages/sklearn/feature_selection/univariate_selection.py", line 213, in chi2
    X = check_array(X, accept_sparse='csr')
  File "/ihome/pbrusilosky/rum20/packages/anaconda3/lib/python3.6/site-packages/sklearn/utils/validation.py", line 470, in check_array
    context))
ValueError: Found array with 0 feature(s) (shape=(5725, 0)) while a minimum of 1 is required.
srun: error: smp-n4: task 0: Exited with exit code 1
