/ihome/pbrusilosky/rum20/packages/anaconda3/bin/python -m dialogue.classify.task_runner -experiment_mode discrete_feature_selection -selected_feature_set_id 0 -add_similarity_feature -selected_context_id 0 -k_feature_to_keep -1
No. of param settings = 1
[('experiment_mode', 'discrete_feature_selection'), ('deep_model', False), ('selected_context_id', 0), ('selected_feature_set_id', 0), ('similarity_feature', True), ('k_feature_to_keep', -1)]
01/04/2018 17:31:27 [INFO] configuration: experiment_mode  :   discrete_feature_selection
01/04/2018 17:31:27 [INFO] configuration: deep_model  :   False
01/04/2018 17:31:27 [INFO] configuration: selected_context_id  :   0
01/04/2018 17:31:27 [INFO] configuration: selected_feature_set_id  :   0
01/04/2018 17:31:27 [INFO] configuration: similarity_feature  :   True
01/04/2018 17:31:27 [INFO] configuration: k_feature_to_keep  :   -1
01/04/2018 17:31:27 [INFO] configuration: seed  :   154316847
01/04/2018 17:31:27 [INFO] configuration: root_path  :   /ihome/pbrusilosky/rum20/y_classify
01/04/2018 17:31:27 [INFO] configuration: task_name  :   utterance_type
01/04/2018 17:31:27 [INFO] configuration: timemark  :   20180104-173127
01/04/2018 17:31:27 [INFO] configuration: context_set  :   next
01/04/2018 17:31:27 [INFO] configuration: utterance_names  :   ['last_user_utterance', 'last_system_utterance', 'current_user_utterance', 'next_system_utterance', 'next_user_utterance']
01/04/2018 17:31:27 [INFO] configuration: utterance_range  :   ['current_user_utterance', 'next_system_utterance', 'next_user_utterance']
01/04/2018 17:31:27 [INFO] configuration: feature_set  :   0-all
01/04/2018 17:31:27 [INFO] configuration: feature_set_number  :   ['1', '2', '3', '4', '5', '6', '7', '8', '9', '10', '11']
01/04/2018 17:31:27 [INFO] configuration: experiment_name  :   20180104-173127.discrete_feature_selection.feature_number=-1.context=next.feature=0-all.similarity=true
01/04/2018 17:31:27 [INFO] configuration: experiment_path  :   /ihome/pbrusilosky/rum20/y_classify/output/20180104-173127.discrete_feature_selection.feature_number=-1.context=next.feature=0-all.similarity=true
01/04/2018 17:31:27 [INFO] configuration: log_path  :   /ihome/pbrusilosky/rum20/y_classify/output/20180104-173127.discrete_feature_selection.feature_number=-1.context=next.feature=0-all.similarity=true/output.log
01/04/2018 17:31:27 [INFO] configuration: valid_type  :   {'A', 'F', 'R', 'C'}
01/04/2018 17:31:27 [INFO] configuration: data_name  :   
01/04/2018 17:31:27 [INFO] configuration: data_names  :   ['dstc2', 'dstc3', 'family', 'ghome']
01/04/2018 17:31:27 [INFO] configuration: raw_feature_path  :   /ihome/pbrusilosky/rum20/y_classify/dataset/feature/%s.raw_feature.pkl
01/04/2018 17:31:27 [INFO] configuration: extracted_feature_path  :   /ihome/pbrusilosky/rum20/y_classify/dataset/feature/%s.extracted_feature.pkl
01/04/2018 17:31:27 [INFO] configuration: pipeline_path  :   /ihome/pbrusilosky/rum20/y_classify/dataset/feature/%s.pipeline.pkl
01/04/2018 17:31:27 [INFO] configuration: metrics  :   ['accuracy', 'precision', 'recall', 'f1_score', 'training_time', 'test_time']
01/04/2018 17:31:27 [INFO] configuration: do_cross_validation  :   True
01/04/2018 17:31:27 [INFO] configuration: #division  :   5
01/04/2018 17:31:27 [INFO] configuration: #cross_validation  :   10
01/04/2018 17:31:27 [INFO] configuration: cv_index_cache_path  :   
01/04/2018 17:31:27 [INFO] configuration: action_words  :   {'delete', 'reminds', 'delet', 'share', 'reminder', 'video', 'watch', 'moderate', 'expensive', 'help', 'shuffl', 'timer', 'snooze', 'music', 'else', 'turn', 'centre', 'temperatur', 'discard', 'findcare', 'snooz', 'stop', 'skip', 'findcar', 'items', 'clear', 'start', 'remov', 'price', 'add', 'south', 'telephone', 'volume', 'volum', 'shuffle', 'number', 'expens', 'els', 'light', 'next', 'telephon', 'part', 'post', 'song', 'area', 'remind', 'food', 'time', 'member', 'cheap', 'room', 'list', 'remove', 'cast', 'weather', 'item', 'address', 'moder', 'play', 'ani', 'reminders', 'phone', 'alarm', 'matter', 'show', 'centr', 'tell', 'temperature', 'north', 'any'}
01/04/2018 17:31:27 [INFO] configuration: corenlp_jars  :   ('/Users/memray/Project/stanford/stanford-corenlp-full-3.8.0/*', '/Users/memray/Project/stanford/stanford-corenlp-full-3.8.0/stanford-english-kbp-corenlp-2017-06-09-models.jar')
01/04/2018 17:31:27 [INFO] configuration: lda_topic_number  :   50
01/04/2018 17:31:27 [INFO] configuration: lda_path  :   /ihome/pbrusilosky/rum20/y_classify/dataset/feature/gensim/%s.topic=50.lda.pkl
01/04/2018 17:31:27 [INFO] configuration: gensim_corpus_path  :   /ihome/pbrusilosky/rum20/y_classify/dataset/feature/gensim/%s.corpus.pkl
01/04/2018 17:31:27 [INFO] configuration: gensim_dict_path  :   /ihome/pbrusilosky/rum20/y_classify/dataset/feature/gensim/%s.dict
01/04/2018 17:31:27 [INFO] configuration: w2v_path  :   /home/memray/Data/glove/GoogleNews-vectors-negative300.bin
01/04/2018 17:31:27 [INFO] configuration: w2v_vector_length  :   300
01/04/2018 17:31:27 [INFO] configuration: d2v_vector_length  :   300
01/04/2018 17:31:27 [INFO] configuration: d2v_window_size  :   5
01/04/2018 17:31:27 [INFO] configuration: d2v_min_count  :   2
01/04/2018 17:31:27 [INFO] configuration: d2v_model_path  :   /ihome/pbrusilosky/rum20/y_classify/dataset/feature/gensim/%s.doc2vec.dim=300.window=5.min_count=2.model
01/04/2018 17:31:27 [INFO] configuration: d2v_vector_path  :   /ihome/pbrusilosky/rum20/y_classify/dataset/feature/gensim/%s.doc2vec.dim=300.window=5.min_count=2.vector
01/04/2018 17:31:27 [INFO] configuration: num_word_keep  :   {'dstc2': 300, 'dstc3': 300, 'family': 1000, 'ghome': 1000}
01/04/2018 17:31:27 [INFO] configuration: batch_size  :   128
01/04/2018 17:31:27 [INFO] configuration: max_epoch  :   50
01/04/2018 17:31:27 [INFO] configuration: early_stop_tolerance  :   2
01/04/2018 17:31:27 [INFO] configuration: concat_sents  :   False
01/04/2018 17:31:27 [INFO] configuration: cnn_setting  :   {'model': 'multichannel', 'early_stopping': True, 'word_dim': 300, 'filters': [3, 4, 5], 'filter_num': [100, 100, 100], 'class_size': 4, 'batch_size': 128, 'learning_rate': 0.001, 'norm_limit': 10, 'dropout_prob': 0.0, 'sentence_num': 3}
01/04/2018 17:31:27 [INFO] configuration: skipthought_setting  :   {'skipthought_model_path': '/Users/memray/Data/skip-thought', 'skipthought_data_path': '/ihome/pbrusilosky/rum20/y_classify/dataset/feature/gensim/%s.skip-thought.biskip.vector', 'fixed_emb': True, 'sentence_num': 3, 'hidden_size': 2400, 'class_size': 4, 'learning_rate': 0.0001, 'norm_limit': 3, 'dropout_prob': 0.5}
01/04/2018 17:31:27 [INFO] configuration: lstm_setting  :   {'model': 'non-static', 'hidden_size': 32, 'embedding_size': 300, 'num_layers': 1, 'bidirectional': False, 'learning_rate': 0.001, 'class_size': 4, 'norm_limit': 2, 'clip_grad_norm': 2, 'dropout_prob': 0.1}
01/04/2018 17:31:32 [INFO] exp_shallowmodel: %%%%%%%%%%%%%%%%%%%%%%%%%%%%%%%%%%%%%%%%%%%%%%%%%%
01/04/2018 17:31:32 [INFO] exp_shallowmodel:           dataset=dstc2
01/04/2018 17:31:32 [INFO] exp_shallowmodel:           k_feature_to_keep=-1
01/04/2018 17:31:32 [INFO] exp_shallowmodel:           X_new.shape=(5725, 17731)
01/04/2018 17:31:32 [INFO] exp_shallowmodel:           #(X_selected)=8564
01/04/2018 17:31:32 [INFO] exp_shallowmodel:           #(X_not_selectable)=9167
01/04/2018 17:31:32 [INFO] exp_shallowmodel: %%%%%%%%%%%%%%%%%%%%%%%%%%%%%%%%%%%%%%%%%%%%%%%%%%
01/04/2018 17:31:35 [INFO] exp_shallowmodel: ******************** dstc2 - Round 0 
01/04/2018 17:31:35 [INFO] exp_shallowmodel: #(data) = 4583
01/04/2018 17:31:35 [INFO] exp_shallowmodel: #(feature) = 17731
01/04/2018 17:31:35 [INFO] exp_shallowmodel: ================================================================================
01/04/2018 17:31:35 [INFO] exp_shallowmodel: LR.pen=l1.C=1.000000
01/04/2018 17:31:35 [INFO] exp_shallowmodel: ________________________________________________________________________________
01/04/2018 17:31:35 [INFO] exp_shallowmodel: Training: 
01/04/2018 17:31:35 [INFO] exp_shallowmodel: LogisticRegression(C=1, class_weight=None, dual=False, fit_intercept=True,
          intercept_scaling=1, max_iter=100, multi_class='ovr', n_jobs=1,
          penalty='l1', random_state=None, solver='liblinear', tol=0.0001,
          verbose=0, warm_start=False)
01/04/2018 17:32:11 [INFO] exp_shallowmodel: train time: 35.918s
01/04/2018 17:32:11 [INFO] exp_shallowmodel: test time:  0.014s
01/04/2018 17:32:11 [INFO] exp_shallowmodel: accuracy:   0.860
01/04/2018 17:32:11 [INFO] exp_shallowmodel: f1_score:   0.735
01/04/2018 17:32:11 [INFO] exp_shallowmodel: classification report:
01/04/2018 17:32:11 [INFO] exp_shallowmodel:              precision    recall  f1-score   support

          A       0.67      0.29      0.40        14
          C       0.81      0.85      0.83       164
          F       0.92      0.94      0.93       268
          R       0.80      0.76      0.78       125

avg / total       0.86      0.86      0.86       571

01/04/2018 17:32:11 [INFO] exp_shallowmodel: confusion matrix:
01/04/2018 17:32:11 [INFO] exp_shallowmodel: 
[[  4   2   7   1]
 [  0 139   8  17]
 [  1   8 253   6]
 [  1  23   6  95]]
01/04/2018 17:32:14 [INFO] exp_shallowmodel: ******************** dstc2 - Round 1 
01/04/2018 17:32:14 [INFO] exp_shallowmodel: #(data) = 4583
01/04/2018 17:32:14 [INFO] exp_shallowmodel: #(feature) = 17731
01/04/2018 17:32:14 [INFO] exp_shallowmodel: ================================================================================
01/04/2018 17:32:14 [INFO] exp_shallowmodel: LR.pen=l1.C=1.000000
01/04/2018 17:32:14 [INFO] exp_shallowmodel: ________________________________________________________________________________
01/04/2018 17:32:14 [INFO] exp_shallowmodel: Training: 
01/04/2018 17:32:14 [INFO] exp_shallowmodel: LogisticRegression(C=1, class_weight=None, dual=False, fit_intercept=True,
          intercept_scaling=1, max_iter=100, multi_class='ovr', n_jobs=1,
          penalty='l1', random_state=None, solver='liblinear', tol=0.0001,
          verbose=0, warm_start=False)
01/04/2018 17:32:52 [INFO] exp_shallowmodel: train time: 37.240s
01/04/2018 17:32:52 [INFO] exp_shallowmodel: test time:  0.014s
01/04/2018 17:32:52 [INFO] exp_shallowmodel: accuracy:   0.839
01/04/2018 17:32:52 [INFO] exp_shallowmodel: f1_score:   0.709
01/04/2018 17:32:52 [INFO] exp_shallowmodel: classification report:
01/04/2018 17:32:52 [INFO] exp_shallowmodel:              precision    recall  f1-score   support

          A       0.50      0.29      0.36        14
          C       0.81      0.76      0.79       164
          F       0.91      0.94      0.92       268
          R       0.74      0.78      0.76       125

avg / total       0.83      0.84      0.84       571

01/04/2018 17:32:52 [INFO] exp_shallowmodel: confusion matrix:
01/04/2018 17:32:52 [INFO] exp_shallowmodel: 
[[  4   2   6   2]
 [  1 125  15  23]
 [  1   6 252   9]
 [  2  21   4  98]]
01/04/2018 17:32:52 [INFO] exp_shallowmodel: Feature selection of top 100, ranked by LR weights (selectable:non-selectable=42:58)
01/04/2018 17:32:58 [INFO] exp_shallowmodel: %%%%%%%%%%%%%%%%%%%%%%%%%%%%%%%%%%%%%%%%%%%%%%%%%%
01/04/2018 17:32:58 [INFO] exp_shallowmodel:           dataset=dstc3
01/04/2018 17:32:58 [INFO] exp_shallowmodel:           k_feature_to_keep=-1
01/04/2018 17:32:58 [INFO] exp_shallowmodel:           X_new.shape=(5934, 21307)
01/04/2018 17:32:58 [INFO] exp_shallowmodel:           #(X_selected)=12140
01/04/2018 17:32:58 [INFO] exp_shallowmodel:           #(X_not_selectable)=9167
01/04/2018 17:32:58 [INFO] exp_shallowmodel: %%%%%%%%%%%%%%%%%%%%%%%%%%%%%%%%%%%%%%%%%%%%%%%%%%
01/04/2018 17:33:03 [INFO] exp_shallowmodel: ******************** dstc3 - Round 0 
01/04/2018 17:33:03 [INFO] exp_shallowmodel: #(data) = 4750
01/04/2018 17:33:03 [INFO] exp_shallowmodel: #(feature) = 21307
01/04/2018 17:33:03 [INFO] exp_shallowmodel: ================================================================================
01/04/2018 17:33:03 [INFO] exp_shallowmodel: LR.pen=l1.C=1.000000
01/04/2018 17:33:03 [INFO] exp_shallowmodel: ________________________________________________________________________________
01/04/2018 17:33:03 [INFO] exp_shallowmodel: Training: 
01/04/2018 17:33:03 [INFO] exp_shallowmodel: LogisticRegression(C=1, class_weight=None, dual=False, fit_intercept=True,
          intercept_scaling=1, max_iter=100, multi_class='ovr', n_jobs=1,
          penalty='l1', random_state=None, solver='liblinear', tol=0.0001,
          verbose=0, warm_start=False)
01/04/2018 17:33:47 [INFO] exp_shallowmodel: train time: 43.916s
01/04/2018 17:33:47 [INFO] exp_shallowmodel: test time:  0.018s
01/04/2018 17:33:47 [INFO] exp_shallowmodel: accuracy:   0.804
01/04/2018 17:33:47 [INFO] exp_shallowmodel: f1_score:   0.720
01/04/2018 17:33:47 [INFO] exp_shallowmodel: classification report:
01/04/2018 17:33:47 [INFO] exp_shallowmodel:              precision    recall  f1-score   support

          A       0.82      0.45      0.58        20
          C       0.75      0.80      0.77       169
          F       0.89      0.93      0.91       281
          R       0.67      0.57      0.62       122

avg / total       0.80      0.80      0.80       592

01/04/2018 17:33:47 [INFO] exp_shallowmodel: confusion matrix:
01/04/2018 17:33:47 [INFO] exp_shallowmodel: 
[[  9   1   9   1]
 [  0 136  11  22]
 [  1   7 261  12]
 [  1  38  13  70]]
01/04/2018 17:33:51 [INFO] exp_shallowmodel: ******************** dstc3 - Round 1 
01/04/2018 17:33:51 [INFO] exp_shallowmodel: #(data) = 4750
01/04/2018 17:33:51 [INFO] exp_shallowmodel: #(feature) = 21307
01/04/2018 17:33:51 [INFO] exp_shallowmodel: ================================================================================
01/04/2018 17:33:51 [INFO] exp_shallowmodel: LR.pen=l1.C=1.000000
01/04/2018 17:33:51 [INFO] exp_shallowmodel: ________________________________________________________________________________
01/04/2018 17:33:51 [INFO] exp_shallowmodel: Training: 
01/04/2018 17:33:51 [INFO] exp_shallowmodel: LogisticRegression(C=1, class_weight=None, dual=False, fit_intercept=True,
          intercept_scaling=1, max_iter=100, multi_class='ovr', n_jobs=1,
          penalty='l1', random_state=None, solver='liblinear', tol=0.0001,
          verbose=0, warm_start=False)
01/04/2018 17:34:37 [INFO] exp_shallowmodel: train time: 46.063s
01/04/2018 17:34:37 [INFO] exp_shallowmodel: test time:  0.018s
01/04/2018 17:34:37 [INFO] exp_shallowmodel: accuracy:   0.801
01/04/2018 17:34:37 [INFO] exp_shallowmodel: f1_score:   0.705
01/04/2018 17:34:37 [INFO] exp_shallowmodel: classification report:
01/04/2018 17:34:37 [INFO] exp_shallowmodel:              precision    recall  f1-score   support

          A       0.73      0.40      0.52        20
          C       0.75      0.76      0.76       169
          F       0.89      0.93      0.91       281
          R       0.66      0.62      0.64       122

avg / total       0.80      0.80      0.80       592

01/04/2018 17:34:37 [INFO] exp_shallowmodel: confusion matrix:
01/04/2018 17:34:37 [INFO] exp_shallowmodel: 
[[  8   4   6   2]
 [  1 129  13  26]
 [  2   6 261  12]
 [  0  33  13  76]]
01/04/2018 17:34:38 [INFO] exp_shallowmodel: Feature selection of top 100, ranked by LR weights (selectable:non-selectable=50:50)
01/04/2018 17:34:48 [INFO] exp_shallowmodel: %%%%%%%%%%%%%%%%%%%%%%%%%%%%%%%%%%%%%%%%%%%%%%%%%%
01/04/2018 17:34:48 [INFO] exp_shallowmodel:           dataset=family
01/04/2018 17:34:48 [INFO] exp_shallowmodel:           k_feature_to_keep=-1
01/04/2018 17:34:48 [INFO] exp_shallowmodel:           X_new.shape=(3530, 56179)
01/04/2018 17:34:48 [INFO] exp_shallowmodel:           #(X_selected)=47004
01/04/2018 17:34:48 [INFO] exp_shallowmodel:           #(X_not_selectable)=9175
01/04/2018 17:34:48 [INFO] exp_shallowmodel: %%%%%%%%%%%%%%%%%%%%%%%%%%%%%%%%%%%%%%%%%%%%%%%%%%
01/04/2018 17:34:54 [INFO] exp_shallowmodel: ******************** family - Round 0 
01/04/2018 17:34:54 [INFO] exp_shallowmodel: #(data) = 2826
01/04/2018 17:34:54 [INFO] exp_shallowmodel: #(feature) = 56179
01/04/2018 17:34:54 [INFO] exp_shallowmodel: ================================================================================
01/04/2018 17:34:54 [INFO] exp_shallowmodel: LR.pen=l1.C=1.000000
01/04/2018 17:34:54 [INFO] exp_shallowmodel: ________________________________________________________________________________
01/04/2018 17:34:54 [INFO] exp_shallowmodel: Training: 
01/04/2018 17:34:54 [INFO] exp_shallowmodel: LogisticRegression(C=1, class_weight=None, dual=False, fit_intercept=True,
          intercept_scaling=1, max_iter=100, multi_class='ovr', n_jobs=1,
          penalty='l1', random_state=None, solver='liblinear', tol=0.0001,
          verbose=0, warm_start=False)
01/04/2018 17:35:55 [INFO] exp_shallowmodel: train time: 60.769s
01/04/2018 17:35:55 [INFO] exp_shallowmodel: test time:  0.024s
01/04/2018 17:35:55 [INFO] exp_shallowmodel: accuracy:   0.875
01/04/2018 17:35:55 [INFO] exp_shallowmodel: f1_score:   0.661
01/04/2018 17:35:55 [INFO] exp_shallowmodel: classification report:
01/04/2018 17:35:55 [INFO] exp_shallowmodel:              precision    recall  f1-score   support

          A       0.50      0.22      0.30        23
          C       0.65      0.74      0.69        27
          F       0.95      1.00      0.97       250
          R       0.71      0.65      0.68        52

avg / total       0.86      0.88      0.86       352

01/04/2018 17:35:55 [INFO] exp_shallowmodel: confusion matrix:
01/04/2018 17:35:55 [INFO] exp_shallowmodel: 
[[  5   4   6   8]
 [  2  20   0   5]
 [  0   0 249   1]
 [  3   7   8  34]]
01/04/2018 17:36:01 [INFO] exp_shallowmodel: ******************** family - Round 1 
01/04/2018 17:36:01 [INFO] exp_shallowmodel: #(data) = 2826
01/04/2018 17:36:01 [INFO] exp_shallowmodel: #(feature) = 56179
01/04/2018 17:36:01 [INFO] exp_shallowmodel: ================================================================================
01/04/2018 17:36:01 [INFO] exp_shallowmodel: LR.pen=l1.C=1.000000
01/04/2018 17:36:01 [INFO] exp_shallowmodel: ________________________________________________________________________________
01/04/2018 17:36:01 [INFO] exp_shallowmodel: Training: 
01/04/2018 17:36:01 [INFO] exp_shallowmodel: LogisticRegression(C=1, class_weight=None, dual=False, fit_intercept=True,
          intercept_scaling=1, max_iter=100, multi_class='ovr', n_jobs=1,
          penalty='l1', random_state=None, solver='liblinear', tol=0.0001,
          verbose=0, warm_start=False)
01/04/2018 17:36:45 [INFO] exp_shallowmodel: train time: 43.966s
01/04/2018 17:36:45 [INFO] exp_shallowmodel: test time:  0.024s
01/04/2018 17:36:45 [INFO] exp_shallowmodel: accuracy:   0.884
01/04/2018 17:36:45 [INFO] exp_shallowmodel: f1_score:   0.704
01/04/2018 17:36:45 [INFO] exp_shallowmodel: classification report:
01/04/2018 17:36:45 [INFO] exp_shallowmodel:              precision    recall  f1-score   support

          A       0.71      0.22      0.33        23
          C       0.74      0.96      0.84        27
          F       0.92      0.99      0.96       250
          R       0.78      0.62      0.69        52

avg / total       0.87      0.88      0.87       352

01/04/2018 17:36:45 [INFO] exp_shallowmodel: confusion matrix:
01/04/2018 17:36:45 [INFO] exp_shallowmodel: 
[[  5   3   8   7]
 [  0  26   0   1]
 [  1   0 248   1]
 [  1   6  13  32]]
01/04/2018 17:36:47 [INFO] exp_shallowmodel: Feature selection of top 100, ranked by LR weights (selectable:non-selectable=67:33)
01/04/2018 17:36:57 [INFO] exp_shallowmodel: %%%%%%%%%%%%%%%%%%%%%%%%%%%%%%%%%%%%%%%%%%%%%%%%%%
01/04/2018 17:36:57 [INFO] exp_shallowmodel:           dataset=ghome
01/04/2018 17:36:57 [INFO] exp_shallowmodel:           k_feature_to_keep=-1
01/04/2018 17:36:57 [INFO] exp_shallowmodel:           X_new.shape=(5241, 44132)
01/04/2018 17:36:57 [INFO] exp_shallowmodel:           #(X_selected)=34964
01/04/2018 17:36:57 [INFO] exp_shallowmodel:           #(X_not_selectable)=9168
01/04/2018 17:36:57 [INFO] exp_shallowmodel: %%%%%%%%%%%%%%%%%%%%%%%%%%%%%%%%%%%%%%%%%%%%%%%%%%
01/04/2018 17:37:05 [INFO] exp_shallowmodel: ******************** ghome - Round 0 
01/04/2018 17:37:05 [INFO] exp_shallowmodel: #(data) = 4197
01/04/2018 17:37:05 [INFO] exp_shallowmodel: #(feature) = 44132
01/04/2018 17:37:05 [INFO] exp_shallowmodel: ================================================================================
01/04/2018 17:37:05 [INFO] exp_shallowmodel: LR.pen=l1.C=1.000000
01/04/2018 17:37:05 [INFO] exp_shallowmodel: ________________________________________________________________________________
01/04/2018 17:37:05 [INFO] exp_shallowmodel: Training: 
01/04/2018 17:37:05 [INFO] exp_shallowmodel: LogisticRegression(C=1, class_weight=None, dual=False, fit_intercept=True,
          intercept_scaling=1, max_iter=100, multi_class='ovr', n_jobs=1,
          penalty='l1', random_state=None, solver='liblinear', tol=0.0001,
          verbose=0, warm_start=False)
01/04/2018 17:38:01 [INFO] exp_shallowmodel: train time: 56.219s
01/04/2018 17:38:01 [INFO] exp_shallowmodel: test time:  0.028s
01/04/2018 17:38:01 [INFO] exp_shallowmodel: accuracy:   0.891
01/04/2018 17:38:01 [INFO] exp_shallowmodel: f1_score:   0.610
01/04/2018 17:38:01 [INFO] exp_shallowmodel: classification report:
01/04/2018 17:38:01 [INFO] exp_shallowmodel:              precision    recall  f1-score   support

          A       0.68      0.54      0.60        59
          C       1.00      0.08      0.15        12
          F       0.93      0.99      0.96       396
          R       0.74      0.71      0.72        55

avg / total       0.89      0.89      0.88       522

01/04/2018 17:38:01 [INFO] exp_shallowmodel: confusion matrix:
01/04/2018 17:38:01 [INFO] exp_shallowmodel: 
[[ 32   0  14  13]
 [  3   1   7   1]
 [  3   0 393   0]
 [  9   0   7  39]]
01/04/2018 17:38:08 [INFO] exp_shallowmodel: ******************** ghome - Round 1 
01/04/2018 17:38:08 [INFO] exp_shallowmodel: #(data) = 4197
01/04/2018 17:38:08 [INFO] exp_shallowmodel: #(feature) = 44132
01/04/2018 17:38:08 [INFO] exp_shallowmodel: ================================================================================
01/04/2018 17:38:08 [INFO] exp_shallowmodel: LR.pen=l1.C=1.000000
01/04/2018 17:38:08 [INFO] exp_shallowmodel: ________________________________________________________________________________
01/04/2018 17:38:08 [INFO] exp_shallowmodel: Training: 
01/04/2018 17:38:08 [INFO] exp_shallowmodel: LogisticRegression(C=1, class_weight=None, dual=False, fit_intercept=True,
          intercept_scaling=1, max_iter=100, multi_class='ovr', n_jobs=1,
          penalty='l1', random_state=None, solver='liblinear', tol=0.0001,
          verbose=0, warm_start=False)
01/04/2018 17:39:04 [INFO] exp_shallowmodel: train time: 55.547s
01/04/2018 17:39:04 [INFO] exp_shallowmodel: test time:  0.027s
01/04/2018 17:39:04 [INFO] exp_shallowmodel: accuracy:   0.898
01/04/2018 17:39:04 [INFO] exp_shallowmodel: f1_score:   0.628
01/04/2018 17:39:04 [INFO] exp_shallowmodel: classification report:
01/04/2018 17:39:04 [INFO] exp_shallowmodel:              precision    recall  f1-score   support

          A       0.72      0.66      0.69        59
          C       1.00      0.08      0.15        12
          F       0.94      0.99      0.96       396
          R       0.74      0.67      0.70        55

avg / total       0.90      0.90      0.89       522

01/04/2018 17:39:04 [INFO] exp_shallowmodel: confusion matrix:
01/04/2018 17:39:04 [INFO] exp_shallowmodel: 
[[ 39   0  10  10]
 [  5   1   4   2]
 [  3   0 392   1]
 [  7   0  11  37]]
01/04/2018 17:39:05 [INFO] exp_shallowmodel: Feature selection of top 100, ranked by LR weights (selectable:non-selectable=56:44)
Done: 20180104-173906
/ihome/pbrusilosky/rum20/packages/anaconda3/lib/python3.6/site-packages/sklearn/preprocessing/data.py:164: UserWarning: Numerical issues were encountered when centering the data and might not be solved. Dataset may contain too large values. You may need to prescale your features.
  warnings.warn("Numerical issues were encountered "
/ihome/pbrusilosky/rum20/packages/anaconda3/lib/python3.6/site-packages/sklearn/preprocessing/data.py:169: RuntimeWarning: invalid value encountered in subtract
  Xr -= mean_1
/ihome/pbrusilosky/rum20/packages/anaconda3/lib/python3.6/site-packages/sklearn/preprocessing/data.py:181: UserWarning: Numerical issues were encountered when scaling the data and might not be solved. The standard deviation of the data is probably very close to 0. 
  warnings.warn("Numerical issues were encountered "
/ihome/pbrusilosky/rum20/packages/anaconda3/lib/python3.6/site-packages/sklearn/preprocessing/data.py:164: UserWarning: Numerical issues were encountered when centering the data and might not be solved. Dataset may contain too large values. You may need to prescale your features.
  warnings.warn("Numerical issues were encountered "
/ihome/pbrusilosky/rum20/packages/anaconda3/lib/python3.6/site-packages/sklearn/preprocessing/data.py:169: RuntimeWarning: invalid value encountered in subtract
  Xr -= mean_1
/ihome/pbrusilosky/rum20/packages/anaconda3/lib/python3.6/site-packages/sklearn/preprocessing/data.py:181: UserWarning: Numerical issues were encountered when scaling the data and might not be solved. The standard deviation of the data is probably very close to 0. 
  warnings.warn("Numerical issues were encountered "
/ihome/pbrusilosky/rum20/packages/anaconda3/lib/python3.6/site-packages/sklearn/preprocessing/data.py:164: UserWarning: Numerical issues were encountered when centering the data and might not be solved. Dataset may contain too large values. You may need to prescale your features.
  warnings.warn("Numerical issues were encountered "
/ihome/pbrusilosky/rum20/packages/anaconda3/lib/python3.6/site-packages/sklearn/preprocessing/data.py:169: RuntimeWarning: invalid value encountered in subtract
  Xr -= mean_1
/ihome/pbrusilosky/rum20/packages/anaconda3/lib/python3.6/site-packages/sklearn/preprocessing/data.py:181: UserWarning: Numerical issues were encountered when scaling the data and might not be solved. The standard deviation of the data is probably very close to 0. 
  warnings.warn("Numerical issues were encountered "
/ihome/pbrusilosky/rum20/packages/anaconda3/lib/python3.6/site-packages/sklearn/preprocessing/data.py:164: UserWarning: Numerical issues were encountered when centering the data and might not be solved. Dataset may contain too large values. You may need to prescale your features.
  warnings.warn("Numerical issues were encountered "
/ihome/pbrusilosky/rum20/packages/anaconda3/lib/python3.6/site-packages/sklearn/preprocessing/data.py:169: RuntimeWarning: invalid value encountered in subtract
  Xr -= mean_1
/ihome/pbrusilosky/rum20/packages/anaconda3/lib/python3.6/site-packages/sklearn/preprocessing/data.py:181: UserWarning: Numerical issues were encountered when scaling the data and might not be solved. The standard deviation of the data is probably very close to 0. 
  warnings.warn("Numerical issues were encountered "
/ihome/pbrusilosky/rum20/packages/anaconda3/lib/python3.6/site-packages/sklearn/preprocessing/data.py:164: UserWarning: Numerical issues were encountered when centering the data and might not be solved. Dataset may contain too large values. You may need to prescale your features.
  warnings.warn("Numerical issues were encountered "
/ihome/pbrusilosky/rum20/packages/anaconda3/lib/python3.6/site-packages/sklearn/preprocessing/data.py:169: RuntimeWarning: invalid value encountered in subtract
  Xr -= mean_1
/ihome/pbrusilosky/rum20/packages/anaconda3/lib/python3.6/site-packages/sklearn/preprocessing/data.py:181: UserWarning: Numerical issues were encountered when scaling the data and might not be solved. The standard deviation of the data is probably very close to 0. 
  warnings.warn("Numerical issues were encountered "
/ihome/pbrusilosky/rum20/packages/anaconda3/lib/python3.6/site-packages/sklearn/preprocessing/data.py:164: UserWarning: Numerical issues were encountered when centering the data and might not be solved. Dataset may contain too large values. You may need to prescale your features.
  warnings.warn("Numerical issues were encountered "
/ihome/pbrusilosky/rum20/packages/anaconda3/lib/python3.6/site-packages/sklearn/preprocessing/data.py:169: RuntimeWarning: invalid value encountered in subtract
  Xr -= mean_1
/ihome/pbrusilosky/rum20/packages/anaconda3/lib/python3.6/site-packages/sklearn/preprocessing/data.py:181: UserWarning: Numerical issues were encountered when scaling the data and might not be solved. The standard deviation of the data is probably very close to 0. 
  warnings.warn("Numerical issues were encountered "
/ihome/pbrusilosky/rum20/packages/anaconda3/lib/python3.6/site-packages/sklearn/preprocessing/data.py:164: UserWarning: Numerical issues were encountered when centering the data and might not be solved. Dataset may contain too large values. You may need to prescale your features.
  warnings.warn("Numerical issues were encountered "
/ihome/pbrusilosky/rum20/packages/anaconda3/lib/python3.6/site-packages/sklearn/preprocessing/data.py:169: RuntimeWarning: invalid value encountered in subtract
  Xr -= mean_1
/ihome/pbrusilosky/rum20/packages/anaconda3/lib/python3.6/site-packages/sklearn/preprocessing/data.py:181: UserWarning: Numerical issues were encountered when scaling the data and might not be solved. The standard deviation of the data is probably very close to 0. 
  warnings.warn("Numerical issues were encountered "
/ihome/pbrusilosky/rum20/packages/anaconda3/lib/python3.6/site-packages/sklearn/preprocessing/data.py:164: UserWarning: Numerical issues were encountered when centering the data and might not be solved. Dataset may contain too large values. You may need to prescale your features.
  warnings.warn("Numerical issues were encountered "
/ihome/pbrusilosky/rum20/packages/anaconda3/lib/python3.6/site-packages/sklearn/preprocessing/data.py:169: RuntimeWarning: invalid value encountered in subtract
  Xr -= mean_1
/ihome/pbrusilosky/rum20/packages/anaconda3/lib/python3.6/site-packages/sklearn/preprocessing/data.py:181: UserWarning: Numerical issues were encountered when scaling the data and might not be solved. The standard deviation of the data is probably very close to 0. 
  warnings.warn("Numerical issues were encountered "
