/ihome/pbrusilosky/rum20/packages/anaconda3/bin/python -m dialogue.classify.task_runner -experiment_mode discrete_feature_selection -selected_feature_set_id 11 -add_similarity_feature -selected_context_id 0 -k_feature_to_keep 11
No. of param settings = 1
[('experiment_mode', 'discrete_feature_selection'), ('deep_model', False), ('selected_context_id', 0), ('selected_feature_set_id', 11), ('similarity_feature', True), ('k_feature_to_keep', 11)]
01/04/2018 17:31:29 [INFO] configuration: experiment_mode  :   discrete_feature_selection
01/04/2018 17:31:29 [INFO] configuration: deep_model  :   False
01/04/2018 17:31:29 [INFO] configuration: selected_context_id  :   0
01/04/2018 17:31:29 [INFO] configuration: selected_feature_set_id  :   11
01/04/2018 17:31:29 [INFO] configuration: similarity_feature  :   True
01/04/2018 17:31:29 [INFO] configuration: k_feature_to_keep  :   11
01/04/2018 17:31:29 [INFO] configuration: seed  :   154316847
01/04/2018 17:31:29 [INFO] configuration: root_path  :   /ihome/pbrusilosky/rum20/y_classify
01/04/2018 17:31:29 [INFO] configuration: task_name  :   utterance_type
01/04/2018 17:31:29 [INFO] configuration: timemark  :   20180104-173129
01/04/2018 17:31:29 [INFO] configuration: context_set  :   next
01/04/2018 17:31:29 [INFO] configuration: utterance_names  :   ['last_user_utterance', 'last_system_utterance', 'current_user_utterance', 'next_system_utterance', 'next_user_utterance']
01/04/2018 17:31:29 [INFO] configuration: utterance_range  :   ['current_user_utterance', 'next_system_utterance', 'next_user_utterance']
01/04/2018 17:31:29 [INFO] configuration: feature_set  :   11-[6+1.3.4]
01/04/2018 17:31:29 [INFO] configuration: feature_set_number  :   ['1', '2', '3', '5', '6', '7', '9']
01/04/2018 17:31:29 [INFO] configuration: experiment_name  :   20180104-173129.discrete_feature_selection.feature_number=11.context=next.feature=11-[6+1.3.4].similarity=true
01/04/2018 17:31:29 [INFO] configuration: experiment_path  :   /ihome/pbrusilosky/rum20/y_classify/output/20180104-173129.discrete_feature_selection.feature_number=11.context=next.feature=11-[6+1.3.4].similarity=true
01/04/2018 17:31:29 [INFO] configuration: log_path  :   /ihome/pbrusilosky/rum20/y_classify/output/20180104-173129.discrete_feature_selection.feature_number=11.context=next.feature=11-[6+1.3.4].similarity=true/output.log
01/04/2018 17:31:29 [INFO] configuration: valid_type  :   {'A', 'F', 'C', 'R'}
01/04/2018 17:31:29 [INFO] configuration: data_name  :   
01/04/2018 17:31:29 [INFO] configuration: data_names  :   ['dstc2', 'dstc3', 'family', 'ghome']
01/04/2018 17:31:29 [INFO] configuration: raw_feature_path  :   /ihome/pbrusilosky/rum20/y_classify/dataset/feature/%s.raw_feature.pkl
01/04/2018 17:31:29 [INFO] configuration: extracted_feature_path  :   /ihome/pbrusilosky/rum20/y_classify/dataset/feature/%s.extracted_feature.pkl
01/04/2018 17:31:29 [INFO] configuration: pipeline_path  :   /ihome/pbrusilosky/rum20/y_classify/dataset/feature/%s.pipeline.pkl
01/04/2018 17:31:29 [INFO] configuration: metrics  :   ['accuracy', 'precision', 'recall', 'f1_score', 'training_time', 'test_time']
01/04/2018 17:31:29 [INFO] configuration: do_cross_validation  :   True
01/04/2018 17:31:29 [INFO] configuration: #division  :   5
01/04/2018 17:31:29 [INFO] configuration: #cross_validation  :   10
01/04/2018 17:31:29 [INFO] configuration: cv_index_cache_path  :   
01/04/2018 17:31:29 [INFO] configuration: action_words  :   {'ani', 'food', 'area', 'centr', 'findcar', 'temperatur', 'watch', 'north', 'delete', 'address', 'turn', 'volume', 'shuffl', 'list', 'timer', 'discard', 'telephone', 'music', 'centre', 'moder', 'price', 'findcare', 'temperature', 'light', 'telephon', 'snooze', 'alarm', 'cast', 'member', 'next', 'video', 'remov', 'snooz', 'reminds', 'expens', 'stop', 'play', 'weather', 'remove', 'clear', 'room', 'remind', 'skip', 'add', 'help', 'expensive', 'number', 'els', 'share', 'matter', 'start', 'show', 'cheap', 'tell', 'shuffle', 'delet', 'south', 'part', 'moderate', 'post', 'song', 'reminder', 'else', 'item', 'any', 'items', 'volum', 'phone', 'reminders', 'time'}
01/04/2018 17:31:29 [INFO] configuration: corenlp_jars  :   ('/Users/memray/Project/stanford/stanford-corenlp-full-3.8.0/*', '/Users/memray/Project/stanford/stanford-corenlp-full-3.8.0/stanford-english-kbp-corenlp-2017-06-09-models.jar')
01/04/2018 17:31:29 [INFO] configuration: lda_topic_number  :   50
01/04/2018 17:31:29 [INFO] configuration: lda_path  :   /ihome/pbrusilosky/rum20/y_classify/dataset/feature/gensim/%s.topic=50.lda.pkl
01/04/2018 17:31:29 [INFO] configuration: gensim_corpus_path  :   /ihome/pbrusilosky/rum20/y_classify/dataset/feature/gensim/%s.corpus.pkl
01/04/2018 17:31:29 [INFO] configuration: gensim_dict_path  :   /ihome/pbrusilosky/rum20/y_classify/dataset/feature/gensim/%s.dict
01/04/2018 17:31:29 [INFO] configuration: w2v_path  :   /home/memray/Data/glove/GoogleNews-vectors-negative300.bin
01/04/2018 17:31:29 [INFO] configuration: w2v_vector_length  :   300
01/04/2018 17:31:29 [INFO] configuration: d2v_vector_length  :   300
01/04/2018 17:31:29 [INFO] configuration: d2v_window_size  :   5
01/04/2018 17:31:29 [INFO] configuration: d2v_min_count  :   2
01/04/2018 17:31:29 [INFO] configuration: d2v_model_path  :   /ihome/pbrusilosky/rum20/y_classify/dataset/feature/gensim/%s.doc2vec.dim=300.window=5.min_count=2.model
01/04/2018 17:31:29 [INFO] configuration: d2v_vector_path  :   /ihome/pbrusilosky/rum20/y_classify/dataset/feature/gensim/%s.doc2vec.dim=300.window=5.min_count=2.vector
01/04/2018 17:31:29 [INFO] configuration: num_word_keep  :   {'dstc2': 300, 'dstc3': 300, 'family': 1000, 'ghome': 1000}
01/04/2018 17:31:29 [INFO] configuration: batch_size  :   128
01/04/2018 17:31:29 [INFO] configuration: max_epoch  :   50
01/04/2018 17:31:29 [INFO] configuration: early_stop_tolerance  :   2
01/04/2018 17:31:29 [INFO] configuration: concat_sents  :   False
01/04/2018 17:31:29 [INFO] configuration: cnn_setting  :   {'model': 'multichannel', 'early_stopping': True, 'word_dim': 300, 'filters': [3, 4, 5], 'filter_num': [100, 100, 100], 'class_size': 4, 'batch_size': 128, 'learning_rate': 0.001, 'norm_limit': 10, 'dropout_prob': 0.0, 'sentence_num': 3}
01/04/2018 17:31:29 [INFO] configuration: skipthought_setting  :   {'skipthought_model_path': '/Users/memray/Data/skip-thought', 'skipthought_data_path': '/ihome/pbrusilosky/rum20/y_classify/dataset/feature/gensim/%s.skip-thought.biskip.vector', 'fixed_emb': True, 'sentence_num': 3, 'hidden_size': 2400, 'class_size': 4, 'learning_rate': 0.0001, 'norm_limit': 3, 'dropout_prob': 0.5}
01/04/2018 17:31:29 [INFO] configuration: lstm_setting  :   {'model': 'non-static', 'hidden_size': 32, 'embedding_size': 300, 'num_layers': 1, 'bidirectional': False, 'learning_rate': 0.001, 'class_size': 4, 'norm_limit': 2, 'clip_grad_norm': 2, 'dropout_prob': 0.1}
01/04/2018 17:31:32 [INFO] exp_shallowmodel: %%%%%%%%%%%%%%%%%%%%%%%%%%%%%%%%%%%%%%%%%%%%%%%%%%
01/04/2018 17:31:32 [INFO] exp_shallowmodel:           dataset=dstc2
01/04/2018 17:31:32 [INFO] exp_shallowmodel:           k_feature_to_keep=11
01/04/2018 17:31:32 [INFO] exp_shallowmodel:           X_new.shape=(5725, 2960)
01/04/2018 17:31:32 [INFO] exp_shallowmodel:           #(X_selected)=2048
01/04/2018 17:31:32 [INFO] exp_shallowmodel:           #(X_not_selectable)=912
01/04/2018 17:31:32 [INFO] exp_shallowmodel: %%%%%%%%%%%%%%%%%%%%%%%%%%%%%%%%%%%%%%%%%%%%%%%%%%
01/04/2018 17:31:33 [INFO] exp_shallowmodel: ******************** dstc2 - Round 0 
01/04/2018 17:31:33 [INFO] exp_shallowmodel: #(data) = 4583
01/04/2018 17:31:33 [INFO] exp_shallowmodel: #(feature) = 2960
01/04/2018 17:31:33 [INFO] exp_shallowmodel: ================================================================================
01/04/2018 17:31:33 [INFO] exp_shallowmodel: LR.pen=l1.C=1.000000
01/04/2018 17:31:33 [INFO] exp_shallowmodel: ________________________________________________________________________________
01/04/2018 17:31:33 [INFO] exp_shallowmodel: Training: 
01/04/2018 17:31:33 [INFO] exp_shallowmodel: LogisticRegression(C=1, class_weight=None, dual=False, fit_intercept=True,
          intercept_scaling=1, max_iter=100, multi_class='ovr', n_jobs=1,
          penalty='l1', random_state=None, solver='liblinear', tol=0.0001,
          verbose=0, warm_start=False)
01/04/2018 17:32:03 [INFO] exp_shallowmodel: train time: 30.693s
01/04/2018 17:32:03 [INFO] exp_shallowmodel: test time:  0.003s
01/04/2018 17:32:03 [INFO] exp_shallowmodel: accuracy:   0.844
01/04/2018 17:32:03 [INFO] exp_shallowmodel: f1_score:   0.738
01/04/2018 17:32:03 [INFO] exp_shallowmodel: classification report:
01/04/2018 17:32:03 [INFO] exp_shallowmodel:              precision    recall  f1-score   support

          A       0.71      0.36      0.48        14
          C       0.79      0.79      0.79       164
          F       0.90      0.96      0.93       268
          R       0.79      0.74      0.76       125

avg / total       0.84      0.84      0.84       571

01/04/2018 17:32:03 [INFO] exp_shallowmodel: confusion matrix:
01/04/2018 17:32:03 [INFO] exp_shallowmodel: 
[[  5   2   6   1]
 [  0 129  13  22]
 [  2   8 256   2]
 [  0  25   8  92]]
01/04/2018 17:32:04 [INFO] exp_shallowmodel: ******************** dstc2 - Round 1 
01/04/2018 17:32:04 [INFO] exp_shallowmodel: #(data) = 4583
01/04/2018 17:32:04 [INFO] exp_shallowmodel: #(feature) = 2960
01/04/2018 17:32:04 [INFO] exp_shallowmodel: ================================================================================
01/04/2018 17:32:04 [INFO] exp_shallowmodel: LR.pen=l1.C=1.000000
01/04/2018 17:32:04 [INFO] exp_shallowmodel: ________________________________________________________________________________
01/04/2018 17:32:04 [INFO] exp_shallowmodel: Training: 
01/04/2018 17:32:04 [INFO] exp_shallowmodel: LogisticRegression(C=1, class_weight=None, dual=False, fit_intercept=True,
          intercept_scaling=1, max_iter=100, multi_class='ovr', n_jobs=1,
          penalty='l1', random_state=None, solver='liblinear', tol=0.0001,
          verbose=0, warm_start=False)
01/04/2018 17:32:33 [INFO] exp_shallowmodel: train time: 28.865s
01/04/2018 17:32:33 [INFO] exp_shallowmodel: test time:  0.002s
01/04/2018 17:32:33 [INFO] exp_shallowmodel: accuracy:   0.816
01/04/2018 17:32:33 [INFO] exp_shallowmodel: f1_score:   0.747
01/04/2018 17:32:33 [INFO] exp_shallowmodel: classification report:
01/04/2018 17:32:33 [INFO] exp_shallowmodel:              precision    recall  f1-score   support

          A       0.78      0.50      0.61        14
          C       0.76      0.77      0.76       164
          F       0.88      0.92      0.90       268
          R       0.74      0.70      0.72       125

avg / total       0.81      0.82      0.81       571

01/04/2018 17:32:33 [INFO] exp_shallowmodel: confusion matrix:
01/04/2018 17:32:33 [INFO] exp_shallowmodel: 
[[  7   1   4   2]
 [  0 126  18  20]
 [  2  11 246   9]
 [  0  28  10  87]]
01/04/2018 17:32:33 [INFO] exp_shallowmodel: Feature selection of top 100, ranked by LR weights (selectable:non-selectable=45:55)
01/04/2018 17:32:37 [INFO] exp_shallowmodel: %%%%%%%%%%%%%%%%%%%%%%%%%%%%%%%%%%%%%%%%%%%%%%%%%%
01/04/2018 17:32:37 [INFO] exp_shallowmodel:           dataset=dstc3
01/04/2018 17:32:37 [INFO] exp_shallowmodel:           k_feature_to_keep=11
01/04/2018 17:32:37 [INFO] exp_shallowmodel:           X_new.shape=(5934, 2960)
01/04/2018 17:32:37 [INFO] exp_shallowmodel:           #(X_selected)=2048
01/04/2018 17:32:37 [INFO] exp_shallowmodel:           #(X_not_selectable)=912
01/04/2018 17:32:37 [INFO] exp_shallowmodel: %%%%%%%%%%%%%%%%%%%%%%%%%%%%%%%%%%%%%%%%%%%%%%%%%%
01/04/2018 17:32:38 [INFO] exp_shallowmodel: ******************** dstc3 - Round 0 
01/04/2018 17:32:38 [INFO] exp_shallowmodel: #(data) = 4750
01/04/2018 17:32:38 [INFO] exp_shallowmodel: #(feature) = 2960
01/04/2018 17:32:38 [INFO] exp_shallowmodel: ================================================================================
01/04/2018 17:32:38 [INFO] exp_shallowmodel: LR.pen=l1.C=1.000000
01/04/2018 17:32:38 [INFO] exp_shallowmodel: ________________________________________________________________________________
01/04/2018 17:32:38 [INFO] exp_shallowmodel: Training: 
01/04/2018 17:32:38 [INFO] exp_shallowmodel: LogisticRegression(C=1, class_weight=None, dual=False, fit_intercept=True,
          intercept_scaling=1, max_iter=100, multi_class='ovr', n_jobs=1,
          penalty='l1', random_state=None, solver='liblinear', tol=0.0001,
          verbose=0, warm_start=False)
01/04/2018 17:33:12 [INFO] exp_shallowmodel: train time: 34.271s
01/04/2018 17:33:12 [INFO] exp_shallowmodel: test time:  0.002s
01/04/2018 17:33:12 [INFO] exp_shallowmodel: accuracy:   0.802
01/04/2018 17:33:12 [INFO] exp_shallowmodel: f1_score:   0.744
01/04/2018 17:33:12 [INFO] exp_shallowmodel: classification report:
01/04/2018 17:33:12 [INFO] exp_shallowmodel:              precision    recall  f1-score   support

          A       0.92      0.55      0.69        20
          C       0.75      0.80      0.78       169
          F       0.90      0.91      0.91       281
          R       0.63      0.58      0.60       122

avg / total       0.80      0.80      0.80       592

01/04/2018 17:33:12 [INFO] exp_shallowmodel: confusion matrix:
01/04/2018 17:33:12 [INFO] exp_shallowmodel: 
[[ 11   1   7   1]
 [  0 136   4  29]
 [  1  11 257  12]
 [  0  33  18  71]]
01/04/2018 17:33:13 [INFO] exp_shallowmodel: ******************** dstc3 - Round 1 
01/04/2018 17:33:13 [INFO] exp_shallowmodel: #(data) = 4750
01/04/2018 17:33:13 [INFO] exp_shallowmodel: #(feature) = 2960
01/04/2018 17:33:13 [INFO] exp_shallowmodel: ================================================================================
01/04/2018 17:33:13 [INFO] exp_shallowmodel: LR.pen=l1.C=1.000000
01/04/2018 17:33:13 [INFO] exp_shallowmodel: ________________________________________________________________________________
01/04/2018 17:33:13 [INFO] exp_shallowmodel: Training: 
01/04/2018 17:33:13 [INFO] exp_shallowmodel: LogisticRegression(C=1, class_weight=None, dual=False, fit_intercept=True,
          intercept_scaling=1, max_iter=100, multi_class='ovr', n_jobs=1,
          penalty='l1', random_state=None, solver='liblinear', tol=0.0001,
          verbose=0, warm_start=False)
01/04/2018 17:33:48 [INFO] exp_shallowmodel: train time: 35.891s
01/04/2018 17:33:48 [INFO] exp_shallowmodel: test time:  0.003s
01/04/2018 17:33:48 [INFO] exp_shallowmodel: accuracy:   0.762
01/04/2018 17:33:48 [INFO] exp_shallowmodel: f1_score:   0.670
01/04/2018 17:33:48 [INFO] exp_shallowmodel: classification report:
01/04/2018 17:33:48 [INFO] exp_shallowmodel:              precision    recall  f1-score   support

          A       0.64      0.45      0.53        20
          C       0.70      0.74      0.72       169
          F       0.88      0.91      0.89       281
          R       0.57      0.51      0.54       122

avg / total       0.76      0.76      0.76       592

01/04/2018 17:33:48 [INFO] exp_shallowmodel: confusion matrix:
01/04/2018 17:33:48 [INFO] exp_shallowmodel: 
[[  9   3   7   1]
 [  1 125  12  31]
 [  2   9 255  15]
 [  2  41  17  62]]
01/04/2018 17:33:49 [INFO] exp_shallowmodel: Feature selection of top 100, ranked by LR weights (selectable:non-selectable=34:66)
01/04/2018 17:33:55 [INFO] exp_shallowmodel: %%%%%%%%%%%%%%%%%%%%%%%%%%%%%%%%%%%%%%%%%%%%%%%%%%
01/04/2018 17:33:55 [INFO] exp_shallowmodel:           dataset=family
01/04/2018 17:33:55 [INFO] exp_shallowmodel:           k_feature_to_keep=11
01/04/2018 17:33:55 [INFO] exp_shallowmodel:           X_new.shape=(3530, 2962)
01/04/2018 17:33:55 [INFO] exp_shallowmodel:           #(X_selected)=2048
01/04/2018 17:33:55 [INFO] exp_shallowmodel:           #(X_not_selectable)=914
01/04/2018 17:33:55 [INFO] exp_shallowmodel: %%%%%%%%%%%%%%%%%%%%%%%%%%%%%%%%%%%%%%%%%%%%%%%%%%
01/04/2018 17:33:56 [INFO] exp_shallowmodel: ******************** family - Round 0 
01/04/2018 17:33:56 [INFO] exp_shallowmodel: #(data) = 2826
01/04/2018 17:33:56 [INFO] exp_shallowmodel: #(feature) = 2962
01/04/2018 17:33:56 [INFO] exp_shallowmodel: ================================================================================
01/04/2018 17:33:56 [INFO] exp_shallowmodel: LR.pen=l1.C=1.000000
01/04/2018 17:33:56 [INFO] exp_shallowmodel: ________________________________________________________________________________
01/04/2018 17:33:56 [INFO] exp_shallowmodel: Training: 
01/04/2018 17:33:56 [INFO] exp_shallowmodel: LogisticRegression(C=1, class_weight=None, dual=False, fit_intercept=True,
          intercept_scaling=1, max_iter=100, multi_class='ovr', n_jobs=1,
          penalty='l1', random_state=None, solver='liblinear', tol=0.0001,
          verbose=0, warm_start=False)
01/04/2018 17:34:03 [INFO] exp_shallowmodel: train time: 7.008s
01/04/2018 17:34:03 [INFO] exp_shallowmodel: test time:  0.002s
01/04/2018 17:34:03 [INFO] exp_shallowmodel: accuracy:   0.861
01/04/2018 17:34:03 [INFO] exp_shallowmodel: f1_score:   0.612
01/04/2018 17:34:03 [INFO] exp_shallowmodel: classification report:
01/04/2018 17:34:03 [INFO] exp_shallowmodel:              precision    recall  f1-score   support

          A       0.33      0.17      0.23        23
          C       0.59      0.48      0.53        27
          F       0.95      0.98      0.97       250
          R       0.68      0.77      0.72        52

avg / total       0.84      0.86      0.85       352

01/04/2018 17:34:03 [INFO] exp_shallowmodel: confusion matrix:
01/04/2018 17:34:03 [INFO] exp_shallowmodel: 
[[  4   5   7   7]
 [  5  13   0   9]
 [  1   0 246   3]
 [  2   4   6  40]]
01/04/2018 17:34:03 [INFO] exp_shallowmodel: ******************** family - Round 1 
01/04/2018 17:34:03 [INFO] exp_shallowmodel: #(data) = 2826
01/04/2018 17:34:03 [INFO] exp_shallowmodel: #(feature) = 2962
01/04/2018 17:34:03 [INFO] exp_shallowmodel: ================================================================================
01/04/2018 17:34:03 [INFO] exp_shallowmodel: LR.pen=l1.C=1.000000
01/04/2018 17:34:03 [INFO] exp_shallowmodel: ________________________________________________________________________________
01/04/2018 17:34:03 [INFO] exp_shallowmodel: Training: 
01/04/2018 17:34:03 [INFO] exp_shallowmodel: LogisticRegression(C=1, class_weight=None, dual=False, fit_intercept=True,
          intercept_scaling=1, max_iter=100, multi_class='ovr', n_jobs=1,
          penalty='l1', random_state=None, solver='liblinear', tol=0.0001,
          verbose=0, warm_start=False)
01/04/2018 17:34:11 [INFO] exp_shallowmodel: train time: 7.836s
01/04/2018 17:34:11 [INFO] exp_shallowmodel: test time:  0.001s
01/04/2018 17:34:11 [INFO] exp_shallowmodel: accuracy:   0.869
01/04/2018 17:34:11 [INFO] exp_shallowmodel: f1_score:   0.666
01/04/2018 17:34:11 [INFO] exp_shallowmodel: classification report:
01/04/2018 17:34:11 [INFO] exp_shallowmodel:              precision    recall  f1-score   support

          A       0.67      0.35      0.46        23
          C       0.79      0.41      0.54        27
          F       0.93      0.99      0.96       250
          R       0.67      0.77      0.71        52

avg / total       0.86      0.87      0.86       352

01/04/2018 17:34:11 [INFO] exp_shallowmodel: confusion matrix:
01/04/2018 17:34:11 [INFO] exp_shallowmodel: 
[[  8   0   8   7]
 [  3  11   2  11]
 [  1   0 247   2]
 [  0   3   9  40]]
01/04/2018 17:34:11 [INFO] exp_shallowmodel: Feature selection of top 100, ranked by LR weights (selectable:non-selectable=59:41)
01/04/2018 17:34:19 [INFO] exp_shallowmodel: %%%%%%%%%%%%%%%%%%%%%%%%%%%%%%%%%%%%%%%%%%%%%%%%%%
01/04/2018 17:34:19 [INFO] exp_shallowmodel:           dataset=ghome
01/04/2018 17:34:19 [INFO] exp_shallowmodel:           k_feature_to_keep=11
01/04/2018 17:34:19 [INFO] exp_shallowmodel:           X_new.shape=(5241, 2961)
01/04/2018 17:34:19 [INFO] exp_shallowmodel:           #(X_selected)=2048
01/04/2018 17:34:19 [INFO] exp_shallowmodel:           #(X_not_selectable)=913
01/04/2018 17:34:19 [INFO] exp_shallowmodel: %%%%%%%%%%%%%%%%%%%%%%%%%%%%%%%%%%%%%%%%%%%%%%%%%%
01/04/2018 17:34:20 [INFO] exp_shallowmodel: ******************** ghome - Round 0 
01/04/2018 17:34:20 [INFO] exp_shallowmodel: #(data) = 4197
01/04/2018 17:34:20 [INFO] exp_shallowmodel: #(feature) = 2961
01/04/2018 17:34:20 [INFO] exp_shallowmodel: ================================================================================
01/04/2018 17:34:20 [INFO] exp_shallowmodel: LR.pen=l1.C=1.000000
01/04/2018 17:34:20 [INFO] exp_shallowmodel: ________________________________________________________________________________
01/04/2018 17:34:20 [INFO] exp_shallowmodel: Training: 
01/04/2018 17:34:20 [INFO] exp_shallowmodel: LogisticRegression(C=1, class_weight=None, dual=False, fit_intercept=True,
          intercept_scaling=1, max_iter=100, multi_class='ovr', n_jobs=1,
          penalty='l1', random_state=None, solver='liblinear', tol=0.0001,
          verbose=0, warm_start=False)
01/04/2018 17:34:33 [INFO] exp_shallowmodel: train time: 13.218s
01/04/2018 17:34:33 [INFO] exp_shallowmodel: test time:  0.002s
01/04/2018 17:34:33 [INFO] exp_shallowmodel: accuracy:   0.885
01/04/2018 17:34:33 [INFO] exp_shallowmodel: f1_score:   0.595
01/04/2018 17:34:33 [INFO] exp_shallowmodel: classification report:
01/04/2018 17:34:33 [INFO] exp_shallowmodel:              precision    recall  f1-score   support

          A       0.63      0.56      0.59        59
          C       1.00      0.08      0.15        12
          F       0.94      0.99      0.96       396
          R       0.70      0.64      0.67        55

avg / total       0.88      0.89      0.87       522

01/04/2018 17:34:33 [INFO] exp_shallowmodel: confusion matrix:
01/04/2018 17:34:33 [INFO] exp_shallowmodel: 
[[ 33   0  13  13]
 [  3   1   6   2]
 [  3   0 393   0]
 [ 13   0   7  35]]
01/04/2018 17:34:33 [INFO] exp_shallowmodel: ******************** ghome - Round 1 
01/04/2018 17:34:33 [INFO] exp_shallowmodel: #(data) = 4197
01/04/2018 17:34:33 [INFO] exp_shallowmodel: #(feature) = 2961
01/04/2018 17:34:33 [INFO] exp_shallowmodel: ================================================================================
01/04/2018 17:34:33 [INFO] exp_shallowmodel: LR.pen=l1.C=1.000000
01/04/2018 17:34:33 [INFO] exp_shallowmodel: ________________________________________________________________________________
01/04/2018 17:34:33 [INFO] exp_shallowmodel: Training: 
01/04/2018 17:34:33 [INFO] exp_shallowmodel: LogisticRegression(C=1, class_weight=None, dual=False, fit_intercept=True,
          intercept_scaling=1, max_iter=100, multi_class='ovr', n_jobs=1,
          penalty='l1', random_state=None, solver='liblinear', tol=0.0001,
          verbose=0, warm_start=False)
01/04/2018 17:34:46 [INFO] exp_shallowmodel: train time: 12.640s
01/04/2018 17:34:46 [INFO] exp_shallowmodel: test time:  0.002s
01/04/2018 17:34:46 [INFO] exp_shallowmodel: accuracy:   0.898
01/04/2018 17:34:46 [INFO] exp_shallowmodel: f1_score:   0.592
01/04/2018 17:34:46 [INFO] exp_shallowmodel: classification report:
01/04/2018 17:34:46 [INFO] exp_shallowmodel:              precision    recall  f1-score   support

          A       0.73      0.73      0.73        59
          C       0.00      0.00      0.00        12
          F       0.94      0.99      0.96       396
          R       0.74      0.62      0.67        55

avg / total       0.87      0.90      0.88       522

01/04/2018 17:34:46 [INFO] exp_shallowmodel: confusion matrix:
01/04/2018 17:34:46 [INFO] exp_shallowmodel: 
[[ 43   0   9   7]
 [  4   0   5   3]
 [  2   0 392   2]
 [ 10   0  11  34]]
01/04/2018 17:34:47 [INFO] exp_shallowmodel: Feature selection of top 100, ranked by LR weights (selectable:non-selectable=33:67)
Done: 20180104-173447
/ihome/pbrusilosky/rum20/packages/anaconda3/lib/python3.6/site-packages/sklearn/preprocessing/data.py:164: UserWarning: Numerical issues were encountered when centering the data and might not be solved. Dataset may contain too large values. You may need to prescale your features.
  warnings.warn("Numerical issues were encountered "
/ihome/pbrusilosky/rum20/packages/anaconda3/lib/python3.6/site-packages/sklearn/preprocessing/data.py:169: RuntimeWarning: invalid value encountered in subtract
  Xr -= mean_1
/ihome/pbrusilosky/rum20/packages/anaconda3/lib/python3.6/site-packages/sklearn/preprocessing/data.py:181: UserWarning: Numerical issues were encountered when scaling the data and might not be solved. The standard deviation of the data is probably very close to 0. 
  warnings.warn("Numerical issues were encountered "
/ihome/pbrusilosky/rum20/packages/anaconda3/lib/python3.6/site-packages/sklearn/preprocessing/data.py:164: UserWarning: Numerical issues were encountered when centering the data and might not be solved. Dataset may contain too large values. You may need to prescale your features.
  warnings.warn("Numerical issues were encountered "
/ihome/pbrusilosky/rum20/packages/anaconda3/lib/python3.6/site-packages/sklearn/preprocessing/data.py:169: RuntimeWarning: invalid value encountered in subtract
  Xr -= mean_1
/ihome/pbrusilosky/rum20/packages/anaconda3/lib/python3.6/site-packages/sklearn/preprocessing/data.py:181: UserWarning: Numerical issues were encountered when scaling the data and might not be solved. The standard deviation of the data is probably very close to 0. 
  warnings.warn("Numerical issues were encountered "
/ihome/pbrusilosky/rum20/packages/anaconda3/lib/python3.6/site-packages/sklearn/preprocessing/data.py:164: UserWarning: Numerical issues were encountered when centering the data and might not be solved. Dataset may contain too large values. You may need to prescale your features.
  warnings.warn("Numerical issues were encountered "
/ihome/pbrusilosky/rum20/packages/anaconda3/lib/python3.6/site-packages/sklearn/preprocessing/data.py:169: RuntimeWarning: invalid value encountered in subtract
  Xr -= mean_1
/ihome/pbrusilosky/rum20/packages/anaconda3/lib/python3.6/site-packages/sklearn/preprocessing/data.py:181: UserWarning: Numerical issues were encountered when scaling the data and might not be solved. The standard deviation of the data is probably very close to 0. 
  warnings.warn("Numerical issues were encountered "
/ihome/pbrusilosky/rum20/packages/anaconda3/lib/python3.6/site-packages/sklearn/preprocessing/data.py:164: UserWarning: Numerical issues were encountered when centering the data and might not be solved. Dataset may contain too large values. You may need to prescale your features.
  warnings.warn("Numerical issues were encountered "
/ihome/pbrusilosky/rum20/packages/anaconda3/lib/python3.6/site-packages/sklearn/preprocessing/data.py:169: RuntimeWarning: invalid value encountered in subtract
  Xr -= mean_1
/ihome/pbrusilosky/rum20/packages/anaconda3/lib/python3.6/site-packages/sklearn/preprocessing/data.py:181: UserWarning: Numerical issues were encountered when scaling the data and might not be solved. The standard deviation of the data is probably very close to 0. 
  warnings.warn("Numerical issues were encountered "
/ihome/pbrusilosky/rum20/packages/anaconda3/lib/python3.6/site-packages/sklearn/preprocessing/data.py:164: UserWarning: Numerical issues were encountered when centering the data and might not be solved. Dataset may contain too large values. You may need to prescale your features.
  warnings.warn("Numerical issues were encountered "
/ihome/pbrusilosky/rum20/packages/anaconda3/lib/python3.6/site-packages/sklearn/preprocessing/data.py:169: RuntimeWarning: invalid value encountered in subtract
  Xr -= mean_1
/ihome/pbrusilosky/rum20/packages/anaconda3/lib/python3.6/site-packages/sklearn/preprocessing/data.py:181: UserWarning: Numerical issues were encountered when scaling the data and might not be solved. The standard deviation of the data is probably very close to 0. 
  warnings.warn("Numerical issues were encountered "
/ihome/pbrusilosky/rum20/packages/anaconda3/lib/python3.6/site-packages/sklearn/preprocessing/data.py:164: UserWarning: Numerical issues were encountered when centering the data and might not be solved. Dataset may contain too large values. You may need to prescale your features.
  warnings.warn("Numerical issues were encountered "
/ihome/pbrusilosky/rum20/packages/anaconda3/lib/python3.6/site-packages/sklearn/preprocessing/data.py:169: RuntimeWarning: invalid value encountered in subtract
  Xr -= mean_1
/ihome/pbrusilosky/rum20/packages/anaconda3/lib/python3.6/site-packages/sklearn/preprocessing/data.py:181: UserWarning: Numerical issues were encountered when scaling the data and might not be solved. The standard deviation of the data is probably very close to 0. 
  warnings.warn("Numerical issues were encountered "
/ihome/pbrusilosky/rum20/packages/anaconda3/lib/python3.6/site-packages/sklearn/preprocessing/data.py:164: UserWarning: Numerical issues were encountered when centering the data and might not be solved. Dataset may contain too large values. You may need to prescale your features.
  warnings.warn("Numerical issues were encountered "
/ihome/pbrusilosky/rum20/packages/anaconda3/lib/python3.6/site-packages/sklearn/preprocessing/data.py:169: RuntimeWarning: invalid value encountered in subtract
  Xr -= mean_1
/ihome/pbrusilosky/rum20/packages/anaconda3/lib/python3.6/site-packages/sklearn/preprocessing/data.py:181: UserWarning: Numerical issues were encountered when scaling the data and might not be solved. The standard deviation of the data is probably very close to 0. 
  warnings.warn("Numerical issues were encountered "
/ihome/pbrusilosky/rum20/packages/anaconda3/lib/python3.6/site-packages/sklearn/preprocessing/data.py:164: UserWarning: Numerical issues were encountered when centering the data and might not be solved. Dataset may contain too large values. You may need to prescale your features.
  warnings.warn("Numerical issues were encountered "
/ihome/pbrusilosky/rum20/packages/anaconda3/lib/python3.6/site-packages/sklearn/preprocessing/data.py:169: RuntimeWarning: invalid value encountered in subtract
  Xr -= mean_1
/ihome/pbrusilosky/rum20/packages/anaconda3/lib/python3.6/site-packages/sklearn/preprocessing/data.py:181: UserWarning: Numerical issues were encountered when scaling the data and might not be solved. The standard deviation of the data is probably very close to 0. 
  warnings.warn("Numerical issues were encountered "
/ihome/pbrusilosky/rum20/packages/anaconda3/lib/python3.6/site-packages/sklearn/metrics/classification.py:1135: UndefinedMetricWarning: Precision is ill-defined and being set to 0.0 in labels with no predicted samples.
  'precision', 'predicted', average, warn_for)
/ihome/pbrusilosky/rum20/packages/anaconda3/lib/python3.6/site-packages/sklearn/metrics/classification.py:1135: UndefinedMetricWarning: F-score is ill-defined and being set to 0.0 in labels with no predicted samples.
  'precision', 'predicted', average, warn_for)
/ihome/pbrusilosky/rum20/packages/anaconda3/lib/python3.6/site-packages/sklearn/metrics/classification.py:1135: UndefinedMetricWarning: Precision and F-score are ill-defined and being set to 0.0 in labels with no predicted samples.
  'precision', 'predicted', average, warn_for)
