/ihome/pbrusilosky/rum20/packages/anaconda3/bin/python -m dialogue.classify.task_runner -experiment_mode discrete_feature_selection -selected_feature_set_id 10 -add_similarity_feature -selected_context_id 0 -k_feature_to_keep 4
No. of param settings = 1
[('experiment_mode', 'discrete_feature_selection'), ('deep_model', False), ('selected_context_id', 0), ('selected_feature_set_id', 10), ('similarity_feature', True), ('k_feature_to_keep', 4)]
01/04/2018 17:31:29 [INFO] configuration: experiment_mode  :   discrete_feature_selection
01/04/2018 17:31:29 [INFO] configuration: deep_model  :   False
01/04/2018 17:31:29 [INFO] configuration: selected_context_id  :   0
01/04/2018 17:31:29 [INFO] configuration: selected_feature_set_id  :   10
01/04/2018 17:31:29 [INFO] configuration: similarity_feature  :   True
01/04/2018 17:31:29 [INFO] configuration: k_feature_to_keep  :   4
01/04/2018 17:31:29 [INFO] configuration: seed  :   154316847
01/04/2018 17:31:29 [INFO] configuration: root_path  :   /ihome/pbrusilosky/rum20/y_classify
01/04/2018 17:31:29 [INFO] configuration: task_name  :   utterance_type
01/04/2018 17:31:29 [INFO] configuration: timemark  :   20180104-173129
01/04/2018 17:31:29 [INFO] configuration: context_set  :   next
01/04/2018 17:31:29 [INFO] configuration: utterance_names  :   ['last_user_utterance', 'last_system_utterance', 'current_user_utterance', 'next_system_utterance', 'next_user_utterance']
01/04/2018 17:31:29 [INFO] configuration: utterance_range  :   ['current_user_utterance', 'next_system_utterance', 'next_user_utterance']
01/04/2018 17:31:29 [INFO] configuration: feature_set  :   10-[5+1.3.4]
01/04/2018 17:31:29 [INFO] configuration: feature_set_number  :   ['1', '2', '3', '5', '6', '7', '8']
01/04/2018 17:31:29 [INFO] configuration: experiment_name  :   20180104-173129.discrete_feature_selection.feature_number=4.context=next.feature=10-[5+1.3.4].similarity=true
01/04/2018 17:31:29 [INFO] configuration: experiment_path  :   /ihome/pbrusilosky/rum20/y_classify/output/20180104-173129.discrete_feature_selection.feature_number=4.context=next.feature=10-[5+1.3.4].similarity=true
01/04/2018 17:31:29 [INFO] configuration: log_path  :   /ihome/pbrusilosky/rum20/y_classify/output/20180104-173129.discrete_feature_selection.feature_number=4.context=next.feature=10-[5+1.3.4].similarity=true/output.log
01/04/2018 17:31:29 [INFO] configuration: valid_type  :   {'F', 'C', 'A', 'R'}
01/04/2018 17:31:29 [INFO] configuration: data_name  :   
01/04/2018 17:31:29 [INFO] configuration: data_names  :   ['dstc2', 'dstc3', 'family', 'ghome']
01/04/2018 17:31:29 [INFO] configuration: raw_feature_path  :   /ihome/pbrusilosky/rum20/y_classify/dataset/feature/%s.raw_feature.pkl
01/04/2018 17:31:29 [INFO] configuration: extracted_feature_path  :   /ihome/pbrusilosky/rum20/y_classify/dataset/feature/%s.extracted_feature.pkl
01/04/2018 17:31:29 [INFO] configuration: pipeline_path  :   /ihome/pbrusilosky/rum20/y_classify/dataset/feature/%s.pipeline.pkl
01/04/2018 17:31:29 [INFO] configuration: metrics  :   ['accuracy', 'precision', 'recall', 'f1_score', 'training_time', 'test_time']
01/04/2018 17:31:29 [INFO] configuration: do_cross_validation  :   True
01/04/2018 17:31:29 [INFO] configuration: #division  :   5
01/04/2018 17:31:29 [INFO] configuration: #cross_validation  :   10
01/04/2018 17:31:29 [INFO] configuration: cv_index_cache_path  :   
01/04/2018 17:31:29 [INFO] configuration: action_words  :   {'reminder', 'list', 'time', 'cheap', 'add', 'discard', 'remov', 'reminders', 'snooz', 'shuffle', 'remind', 'next', 'snooze', 'weather', 'reminds', 'any', 'moder', 'delete', 'share', 'member', 'findcare', 'temperature', 'part', 'turn', 'music', 'skip', 'items', 'matter', 'number', 'south', 'play', 'phone', 'timer', 'expens', 'volum', 'item', 'song', 'telephon', 'centre', 'cast', 'shuffl', 'telephone', 'north', 'centr', 'alarm', 'room', 'help', 'remove', 'address', 'volume', 'delet', 'tell', 'video', 'ani', 'els', 'watch', 'expensive', 'post', 'findcar', 'start', 'light', 'food', 'stop', 'price', 'else', 'clear', 'area', 'show', 'temperatur', 'moderate'}
01/04/2018 17:31:29 [INFO] configuration: corenlp_jars  :   ('/Users/memray/Project/stanford/stanford-corenlp-full-3.8.0/*', '/Users/memray/Project/stanford/stanford-corenlp-full-3.8.0/stanford-english-kbp-corenlp-2017-06-09-models.jar')
01/04/2018 17:31:29 [INFO] configuration: lda_topic_number  :   50
01/04/2018 17:31:29 [INFO] configuration: lda_path  :   /ihome/pbrusilosky/rum20/y_classify/dataset/feature/gensim/%s.topic=50.lda.pkl
01/04/2018 17:31:29 [INFO] configuration: gensim_corpus_path  :   /ihome/pbrusilosky/rum20/y_classify/dataset/feature/gensim/%s.corpus.pkl
01/04/2018 17:31:29 [INFO] configuration: gensim_dict_path  :   /ihome/pbrusilosky/rum20/y_classify/dataset/feature/gensim/%s.dict
01/04/2018 17:31:29 [INFO] configuration: w2v_path  :   /home/memray/Data/glove/GoogleNews-vectors-negative300.bin
01/04/2018 17:31:29 [INFO] configuration: w2v_vector_length  :   300
01/04/2018 17:31:29 [INFO] configuration: d2v_vector_length  :   300
01/04/2018 17:31:29 [INFO] configuration: d2v_window_size  :   5
01/04/2018 17:31:29 [INFO] configuration: d2v_min_count  :   2
01/04/2018 17:31:29 [INFO] configuration: d2v_model_path  :   /ihome/pbrusilosky/rum20/y_classify/dataset/feature/gensim/%s.doc2vec.dim=300.window=5.min_count=2.model
01/04/2018 17:31:29 [INFO] configuration: d2v_vector_path  :   /ihome/pbrusilosky/rum20/y_classify/dataset/feature/gensim/%s.doc2vec.dim=300.window=5.min_count=2.vector
01/04/2018 17:31:29 [INFO] configuration: num_word_keep  :   {'dstc2': 300, 'dstc3': 300, 'family': 1000, 'ghome': 1000}
01/04/2018 17:31:29 [INFO] configuration: batch_size  :   128
01/04/2018 17:31:29 [INFO] configuration: max_epoch  :   50
01/04/2018 17:31:29 [INFO] configuration: early_stop_tolerance  :   2
01/04/2018 17:31:29 [INFO] configuration: concat_sents  :   False
01/04/2018 17:31:29 [INFO] configuration: cnn_setting  :   {'model': 'multichannel', 'early_stopping': True, 'word_dim': 300, 'filters': [3, 4, 5], 'filter_num': [100, 100, 100], 'class_size': 4, 'batch_size': 128, 'learning_rate': 0.001, 'norm_limit': 10, 'dropout_prob': 0.0, 'sentence_num': 3}
01/04/2018 17:31:29 [INFO] configuration: skipthought_setting  :   {'skipthought_model_path': '/Users/memray/Data/skip-thought', 'skipthought_data_path': '/ihome/pbrusilosky/rum20/y_classify/dataset/feature/gensim/%s.skip-thought.biskip.vector', 'fixed_emb': True, 'sentence_num': 3, 'hidden_size': 2400, 'class_size': 4, 'learning_rate': 0.0001, 'norm_limit': 3, 'dropout_prob': 0.5}
01/04/2018 17:31:29 [INFO] configuration: lstm_setting  :   {'model': 'non-static', 'hidden_size': 32, 'embedding_size': 300, 'num_layers': 1, 'bidirectional': False, 'learning_rate': 0.001, 'class_size': 4, 'norm_limit': 2, 'clip_grad_norm': 2, 'dropout_prob': 0.1}
01/04/2018 17:31:33 [INFO] exp_shallowmodel: %%%%%%%%%%%%%%%%%%%%%%%%%%%%%%%%%%%%%%%%%%%%%%%%%%
01/04/2018 17:31:33 [INFO] exp_shallowmodel:           dataset=dstc2
01/04/2018 17:31:33 [INFO] exp_shallowmodel:           k_feature_to_keep=4
01/04/2018 17:31:33 [INFO] exp_shallowmodel:           X_new.shape=(5725, 177)
01/04/2018 17:31:33 [INFO] exp_shallowmodel:           #(X_selected)=16
01/04/2018 17:31:33 [INFO] exp_shallowmodel:           #(X_not_selectable)=161
01/04/2018 17:31:33 [INFO] exp_shallowmodel: %%%%%%%%%%%%%%%%%%%%%%%%%%%%%%%%%%%%%%%%%%%%%%%%%%
01/04/2018 17:31:33 [INFO] exp_shallowmodel: ******************** dstc2 - Round 0 
01/04/2018 17:31:33 [INFO] exp_shallowmodel: #(data) = 4583
01/04/2018 17:31:33 [INFO] exp_shallowmodel: #(feature) = 177
01/04/2018 17:31:33 [INFO] exp_shallowmodel: ================================================================================
01/04/2018 17:31:33 [INFO] exp_shallowmodel: LR.pen=l1.C=1.000000
01/04/2018 17:31:33 [INFO] exp_shallowmodel: ________________________________________________________________________________
01/04/2018 17:31:33 [INFO] exp_shallowmodel: Training: 
01/04/2018 17:31:33 [INFO] exp_shallowmodel: LogisticRegression(C=1, class_weight=None, dual=False, fit_intercept=True,
          intercept_scaling=1, max_iter=100, multi_class='ovr', n_jobs=1,
          penalty='l1', random_state=None, solver='liblinear', tol=0.0001,
          verbose=0, warm_start=False)
01/04/2018 17:31:36 [INFO] exp_shallowmodel: train time: 2.789s
01/04/2018 17:31:36 [INFO] exp_shallowmodel: test time:  0.000s
01/04/2018 17:31:36 [INFO] exp_shallowmodel: accuracy:   0.858
01/04/2018 17:31:36 [INFO] exp_shallowmodel: f1_score:   0.764
01/04/2018 17:31:36 [INFO] exp_shallowmodel: classification report:
01/04/2018 17:31:36 [INFO] exp_shallowmodel:              precision    recall  f1-score   support

          A       0.67      0.43      0.52        14
          C       0.80      0.81      0.81       164
          F       0.90      0.96      0.93       268
          R       0.84      0.76      0.80       125

avg / total       0.86      0.86      0.86       571

01/04/2018 17:31:36 [INFO] exp_shallowmodel: confusion matrix:
01/04/2018 17:31:36 [INFO] exp_shallowmodel: 
[[  6   2   6   0]
 [  1 133  14  16]
 [  2   8 256   2]
 [  0  23   7  95]]
01/04/2018 17:31:36 [INFO] exp_shallowmodel: ******************** dstc2 - Round 1 
01/04/2018 17:31:36 [INFO] exp_shallowmodel: #(data) = 4583
01/04/2018 17:31:36 [INFO] exp_shallowmodel: #(feature) = 177
01/04/2018 17:31:36 [INFO] exp_shallowmodel: ================================================================================
01/04/2018 17:31:36 [INFO] exp_shallowmodel: LR.pen=l1.C=1.000000
01/04/2018 17:31:36 [INFO] exp_shallowmodel: ________________________________________________________________________________
01/04/2018 17:31:36 [INFO] exp_shallowmodel: Training: 
01/04/2018 17:31:36 [INFO] exp_shallowmodel: LogisticRegression(C=1, class_weight=None, dual=False, fit_intercept=True,
          intercept_scaling=1, max_iter=100, multi_class='ovr', n_jobs=1,
          penalty='l1', random_state=None, solver='liblinear', tol=0.0001,
          verbose=0, warm_start=False)
01/04/2018 17:31:39 [INFO] exp_shallowmodel: train time: 3.226s
01/04/2018 17:31:39 [INFO] exp_shallowmodel: test time:  0.000s
01/04/2018 17:31:39 [INFO] exp_shallowmodel: accuracy:   0.823
01/04/2018 17:31:39 [INFO] exp_shallowmodel: f1_score:   0.692
01/04/2018 17:31:39 [INFO] exp_shallowmodel: classification report:
01/04/2018 17:31:39 [INFO] exp_shallowmodel:              precision    recall  f1-score   support

          A       0.75      0.21      0.33        14
          C       0.79      0.76      0.78       164
          F       0.88      0.91      0.90       268
          R       0.74      0.79      0.76       125

avg / total       0.82      0.82      0.82       571

01/04/2018 17:31:39 [INFO] exp_shallowmodel: confusion matrix:
01/04/2018 17:31:39 [INFO] exp_shallowmodel: 
[[  3   1   9   1]
 [  0 125  15  24]
 [  1  14 243  10]
 [  0  18   8  99]]
01/04/2018 17:31:39 [INFO] exp_shallowmodel: Feature selection of top 100, ranked by LR weights (selectable:non-selectable=15:85)
01/04/2018 17:31:44 [INFO] exp_shallowmodel: %%%%%%%%%%%%%%%%%%%%%%%%%%%%%%%%%%%%%%%%%%%%%%%%%%
01/04/2018 17:31:44 [INFO] exp_shallowmodel:           dataset=dstc3
01/04/2018 17:31:44 [INFO] exp_shallowmodel:           k_feature_to_keep=4
01/04/2018 17:31:44 [INFO] exp_shallowmodel:           X_new.shape=(5934, 177)
01/04/2018 17:31:44 [INFO] exp_shallowmodel:           #(X_selected)=16
01/04/2018 17:31:44 [INFO] exp_shallowmodel:           #(X_not_selectable)=161
01/04/2018 17:31:44 [INFO] exp_shallowmodel: %%%%%%%%%%%%%%%%%%%%%%%%%%%%%%%%%%%%%%%%%%%%%%%%%%
01/04/2018 17:31:44 [INFO] exp_shallowmodel: ******************** dstc3 - Round 0 
01/04/2018 17:31:44 [INFO] exp_shallowmodel: #(data) = 4750
01/04/2018 17:31:44 [INFO] exp_shallowmodel: #(feature) = 177
01/04/2018 17:31:44 [INFO] exp_shallowmodel: ================================================================================
01/04/2018 17:31:44 [INFO] exp_shallowmodel: LR.pen=l1.C=1.000000
01/04/2018 17:31:44 [INFO] exp_shallowmodel: ________________________________________________________________________________
01/04/2018 17:31:44 [INFO] exp_shallowmodel: Training: 
01/04/2018 17:31:44 [INFO] exp_shallowmodel: LogisticRegression(C=1, class_weight=None, dual=False, fit_intercept=True,
          intercept_scaling=1, max_iter=100, multi_class='ovr', n_jobs=1,
          penalty='l1', random_state=None, solver='liblinear', tol=0.0001,
          verbose=0, warm_start=False)
01/04/2018 17:31:47 [INFO] exp_shallowmodel: train time: 3.793s
01/04/2018 17:31:47 [INFO] exp_shallowmodel: test time:  0.000s
01/04/2018 17:31:47 [INFO] exp_shallowmodel: accuracy:   0.801
01/04/2018 17:31:47 [INFO] exp_shallowmodel: f1_score:   0.684
01/04/2018 17:31:47 [INFO] exp_shallowmodel: classification report:
01/04/2018 17:31:47 [INFO] exp_shallowmodel:              precision    recall  f1-score   support

          A       0.54      0.35      0.42        20
          C       0.76      0.79      0.78       169
          F       0.87      0.93      0.90       281
          R       0.70      0.58      0.63       122

avg / total       0.79      0.80      0.79       592

01/04/2018 17:31:47 [INFO] exp_shallowmodel: confusion matrix:
01/04/2018 17:31:47 [INFO] exp_shallowmodel: 
[[  7   1  12   0]
 [  3 134  11  21]
 [  1   8 262  10]
 [  2  33  16  71]]
01/04/2018 17:31:47 [INFO] exp_shallowmodel: ******************** dstc3 - Round 1 
01/04/2018 17:31:47 [INFO] exp_shallowmodel: #(data) = 4750
01/04/2018 17:31:47 [INFO] exp_shallowmodel: #(feature) = 177
01/04/2018 17:31:47 [INFO] exp_shallowmodel: ================================================================================
01/04/2018 17:31:47 [INFO] exp_shallowmodel: LR.pen=l1.C=1.000000
01/04/2018 17:31:47 [INFO] exp_shallowmodel: ________________________________________________________________________________
01/04/2018 17:31:47 [INFO] exp_shallowmodel: Training: 
01/04/2018 17:31:47 [INFO] exp_shallowmodel: LogisticRegression(C=1, class_weight=None, dual=False, fit_intercept=True,
          intercept_scaling=1, max_iter=100, multi_class='ovr', n_jobs=1,
          penalty='l1', random_state=None, solver='liblinear', tol=0.0001,
          verbose=0, warm_start=False)
01/04/2018 17:31:51 [INFO] exp_shallowmodel: train time: 3.157s
01/04/2018 17:31:51 [INFO] exp_shallowmodel: test time:  0.000s
01/04/2018 17:31:51 [INFO] exp_shallowmodel: accuracy:   0.807
01/04/2018 17:31:51 [INFO] exp_shallowmodel: f1_score:   0.675
01/04/2018 17:31:51 [INFO] exp_shallowmodel: classification report:
01/04/2018 17:31:51 [INFO] exp_shallowmodel:              precision    recall  f1-score   support

          A       0.71      0.25      0.37        20
          C       0.75      0.80      0.78       169
          F       0.87      0.95      0.91       281
          R       0.72      0.58      0.65       122

avg / total       0.80      0.81      0.80       592

01/04/2018 17:31:51 [INFO] exp_shallowmodel: confusion matrix:
01/04/2018 17:31:51 [INFO] exp_shallowmodel: 
[[  5   4  10   1]
 [  0 136  15  18]
 [  2   5 266   8]
 [  0  36  15  71]]
01/04/2018 17:31:51 [INFO] exp_shallowmodel: Feature selection of top 100, ranked by LR weights (selectable:non-selectable=14:86)
01/04/2018 17:31:58 [INFO] exp_shallowmodel: %%%%%%%%%%%%%%%%%%%%%%%%%%%%%%%%%%%%%%%%%%%%%%%%%%
01/04/2018 17:31:58 [INFO] exp_shallowmodel:           dataset=family
01/04/2018 17:31:58 [INFO] exp_shallowmodel:           k_feature_to_keep=4
01/04/2018 17:31:58 [INFO] exp_shallowmodel:           X_new.shape=(3530, 179)
01/04/2018 17:31:58 [INFO] exp_shallowmodel:           #(X_selected)=16
01/04/2018 17:31:58 [INFO] exp_shallowmodel:           #(X_not_selectable)=163
01/04/2018 17:31:58 [INFO] exp_shallowmodel: %%%%%%%%%%%%%%%%%%%%%%%%%%%%%%%%%%%%%%%%%%%%%%%%%%
01/04/2018 17:31:58 [INFO] exp_shallowmodel: ******************** family - Round 0 
01/04/2018 17:31:58 [INFO] exp_shallowmodel: #(data) = 2826
01/04/2018 17:31:58 [INFO] exp_shallowmodel: #(feature) = 179
01/04/2018 17:31:58 [INFO] exp_shallowmodel: ================================================================================
01/04/2018 17:31:58 [INFO] exp_shallowmodel: LR.pen=l1.C=1.000000
01/04/2018 17:31:58 [INFO] exp_shallowmodel: ________________________________________________________________________________
01/04/2018 17:31:58 [INFO] exp_shallowmodel: Training: 
01/04/2018 17:31:58 [INFO] exp_shallowmodel: LogisticRegression(C=1, class_weight=None, dual=False, fit_intercept=True,
          intercept_scaling=1, max_iter=100, multi_class='ovr', n_jobs=1,
          penalty='l1', random_state=None, solver='liblinear', tol=0.0001,
          verbose=0, warm_start=False)
01/04/2018 17:31:59 [INFO] exp_shallowmodel: train time: 1.344s
01/04/2018 17:31:59 [INFO] exp_shallowmodel: test time:  0.000s
01/04/2018 17:31:59 [INFO] exp_shallowmodel: accuracy:   0.824
01/04/2018 17:31:59 [INFO] exp_shallowmodel: f1_score:   0.625
01/04/2018 17:31:59 [INFO] exp_shallowmodel: classification report:
01/04/2018 17:31:59 [INFO] exp_shallowmodel:              precision    recall  f1-score   support

          A       0.35      0.35      0.35        23
          C       0.65      0.56      0.60        27
          F       0.92      0.94      0.93       250
          R       0.63      0.62      0.62        52

avg / total       0.82      0.82      0.82       352

01/04/2018 17:31:59 [INFO] exp_shallowmodel: confusion matrix:
01/04/2018 17:31:59 [INFO] exp_shallowmodel: 
[[  8   4   7   4]
 [  5  15   2   5]
 [  5   0 235  10]
 [  5   4  11  32]]
01/04/2018 17:31:59 [INFO] exp_shallowmodel: ******************** family - Round 1 
01/04/2018 17:31:59 [INFO] exp_shallowmodel: #(data) = 2826
01/04/2018 17:31:59 [INFO] exp_shallowmodel: #(feature) = 179
01/04/2018 17:31:59 [INFO] exp_shallowmodel: ================================================================================
01/04/2018 17:31:59 [INFO] exp_shallowmodel: LR.pen=l1.C=1.000000
01/04/2018 17:31:59 [INFO] exp_shallowmodel: ________________________________________________________________________________
01/04/2018 17:31:59 [INFO] exp_shallowmodel: Training: 
01/04/2018 17:31:59 [INFO] exp_shallowmodel: LogisticRegression(C=1, class_weight=None, dual=False, fit_intercept=True,
          intercept_scaling=1, max_iter=100, multi_class='ovr', n_jobs=1,
          penalty='l1', random_state=None, solver='liblinear', tol=0.0001,
          verbose=0, warm_start=False)
01/04/2018 17:32:00 [INFO] exp_shallowmodel: train time: 1.117s
01/04/2018 17:32:00 [INFO] exp_shallowmodel: test time:  0.000s
01/04/2018 17:32:00 [INFO] exp_shallowmodel: accuracy:   0.858
01/04/2018 17:32:00 [INFO] exp_shallowmodel: f1_score:   0.678
01/04/2018 17:32:00 [INFO] exp_shallowmodel: classification report:
01/04/2018 17:32:00 [INFO] exp_shallowmodel:              precision    recall  f1-score   support

          A       0.54      0.30      0.39        23
          C       0.73      0.70      0.72        27
          F       0.91      0.98      0.94       250
          R       0.73      0.62      0.67        52

avg / total       0.84      0.86      0.85       352

01/04/2018 17:32:00 [INFO] exp_shallowmodel: confusion matrix:
01/04/2018 17:32:00 [INFO] exp_shallowmodel: 
[[  7   2  11   3]
 [  3  19   0   5]
 [  1   1 244   4]
 [  2   4  14  32]]
01/04/2018 17:32:01 [INFO] exp_shallowmodel: Feature selection of top 100, ranked by LR weights (selectable:non-selectable=12:88)
01/04/2018 17:32:09 [INFO] exp_shallowmodel: %%%%%%%%%%%%%%%%%%%%%%%%%%%%%%%%%%%%%%%%%%%%%%%%%%
01/04/2018 17:32:09 [INFO] exp_shallowmodel:           dataset=ghome
01/04/2018 17:32:09 [INFO] exp_shallowmodel:           k_feature_to_keep=4
01/04/2018 17:32:09 [INFO] exp_shallowmodel:           X_new.shape=(5241, 178)
01/04/2018 17:32:09 [INFO] exp_shallowmodel:           #(X_selected)=16
01/04/2018 17:32:09 [INFO] exp_shallowmodel:           #(X_not_selectable)=162
01/04/2018 17:32:09 [INFO] exp_shallowmodel: %%%%%%%%%%%%%%%%%%%%%%%%%%%%%%%%%%%%%%%%%%%%%%%%%%
01/04/2018 17:32:09 [INFO] exp_shallowmodel: ******************** ghome - Round 0 
01/04/2018 17:32:09 [INFO] exp_shallowmodel: #(data) = 4197
01/04/2018 17:32:09 [INFO] exp_shallowmodel: #(feature) = 178
01/04/2018 17:32:09 [INFO] exp_shallowmodel: ================================================================================
01/04/2018 17:32:09 [INFO] exp_shallowmodel: LR.pen=l1.C=1.000000
01/04/2018 17:32:09 [INFO] exp_shallowmodel: ________________________________________________________________________________
01/04/2018 17:32:09 [INFO] exp_shallowmodel: Training: 
01/04/2018 17:32:09 [INFO] exp_shallowmodel: LogisticRegression(C=1, class_weight=None, dual=False, fit_intercept=True,
          intercept_scaling=1, max_iter=100, multi_class='ovr', n_jobs=1,
          penalty='l1', random_state=None, solver='liblinear', tol=0.0001,
          verbose=0, warm_start=False)
01/04/2018 17:32:12 [INFO] exp_shallowmodel: train time: 2.232s
01/04/2018 17:32:12 [INFO] exp_shallowmodel: test time:  0.000s
01/04/2018 17:32:12 [INFO] exp_shallowmodel: accuracy:   0.851
01/04/2018 17:32:12 [INFO] exp_shallowmodel: f1_score:   0.524
01/04/2018 17:32:12 [INFO] exp_shallowmodel: classification report:
01/04/2018 17:32:12 [INFO] exp_shallowmodel:              precision    recall  f1-score   support

          A       0.63      0.46      0.53        59
          C       0.00      0.00      0.00        12
          F       0.91      0.97      0.94       396
          R       0.64      0.62      0.63        55

avg / total       0.83      0.85      0.84       522

01/04/2018 17:32:12 [INFO] exp_shallowmodel: confusion matrix:
01/04/2018 17:32:12 [INFO] exp_shallowmodel: 
[[ 27   2  18  12]
 [  2   0   9   1]
 [  5   2 383   6]
 [  9   1  11  34]]
01/04/2018 17:32:12 [INFO] exp_shallowmodel: ******************** ghome - Round 1 
01/04/2018 17:32:12 [INFO] exp_shallowmodel: #(data) = 4197
01/04/2018 17:32:12 [INFO] exp_shallowmodel: #(feature) = 178
01/04/2018 17:32:12 [INFO] exp_shallowmodel: ================================================================================
01/04/2018 17:32:12 [INFO] exp_shallowmodel: LR.pen=l1.C=1.000000
01/04/2018 17:32:12 [INFO] exp_shallowmodel: ________________________________________________________________________________
01/04/2018 17:32:12 [INFO] exp_shallowmodel: Training: 
01/04/2018 17:32:12 [INFO] exp_shallowmodel: LogisticRegression(C=1, class_weight=None, dual=False, fit_intercept=True,
          intercept_scaling=1, max_iter=100, multi_class='ovr', n_jobs=1,
          penalty='l1', random_state=None, solver='liblinear', tol=0.0001,
          verbose=0, warm_start=False)
01/04/2018 17:32:14 [INFO] exp_shallowmodel: train time: 2.648s
01/04/2018 17:32:14 [INFO] exp_shallowmodel: test time:  0.000s
01/04/2018 17:32:14 [INFO] exp_shallowmodel: accuracy:   0.883
01/04/2018 17:32:14 [INFO] exp_shallowmodel: f1_score:   0.595
01/04/2018 17:32:14 [INFO] exp_shallowmodel: classification report:
01/04/2018 17:32:14 [INFO] exp_shallowmodel:              precision    recall  f1-score   support

          A       0.72      0.64      0.68        59
          C       0.20      0.08      0.12        12
          F       0.93      0.99      0.96       396
          R       0.70      0.56      0.63        55

avg / total       0.87      0.88      0.87       522

01/04/2018 17:32:14 [INFO] exp_shallowmodel: confusion matrix:
01/04/2018 17:32:14 [INFO] exp_shallowmodel: 
[[ 38   2   9  10]
 [  4   1   5   2]
 [  3   1 391   1]
 [  8   1  15  31]]
01/04/2018 17:32:15 [INFO] exp_shallowmodel: Feature selection of top 100, ranked by LR weights (selectable:non-selectable=12:88)
Done: 20180104-173215
