/ihome/pbrusilosky/rum20/packages/anaconda3/bin/python -m dialogue.classify.task_runner -experiment_mode discrete_feature_selection -selected_feature_set_id 10 -add_similarity_feature -selected_context_id 0 -k_feature_to_keep 6
No. of param settings = 1
[('experiment_mode', 'discrete_feature_selection'), ('deep_model', False), ('selected_context_id', 0), ('selected_feature_set_id', 10), ('similarity_feature', True), ('k_feature_to_keep', 6)]
01/04/2018 17:31:29 [INFO] configuration: experiment_mode  :   discrete_feature_selection
01/04/2018 17:31:29 [INFO] configuration: deep_model  :   False
01/04/2018 17:31:29 [INFO] configuration: selected_context_id  :   0
01/04/2018 17:31:29 [INFO] configuration: selected_feature_set_id  :   10
01/04/2018 17:31:29 [INFO] configuration: similarity_feature  :   True
01/04/2018 17:31:29 [INFO] configuration: k_feature_to_keep  :   6
01/04/2018 17:31:29 [INFO] configuration: seed  :   154316847
01/04/2018 17:31:29 [INFO] configuration: root_path  :   /ihome/pbrusilosky/rum20/y_classify
01/04/2018 17:31:29 [INFO] configuration: task_name  :   utterance_type
01/04/2018 17:31:29 [INFO] configuration: timemark  :   20180104-173129
01/04/2018 17:31:29 [INFO] configuration: context_set  :   next
01/04/2018 17:31:29 [INFO] configuration: utterance_names  :   ['last_user_utterance', 'last_system_utterance', 'current_user_utterance', 'next_system_utterance', 'next_user_utterance']
01/04/2018 17:31:29 [INFO] configuration: utterance_range  :   ['current_user_utterance', 'next_system_utterance', 'next_user_utterance']
01/04/2018 17:31:29 [INFO] configuration: feature_set  :   10-[5+1.3.4]
01/04/2018 17:31:29 [INFO] configuration: feature_set_number  :   ['1', '2', '3', '5', '6', '7', '8']
01/04/2018 17:31:29 [INFO] configuration: experiment_name  :   20180104-173129.discrete_feature_selection.feature_number=6.context=next.feature=10-[5+1.3.4].similarity=true
01/04/2018 17:31:29 [INFO] configuration: experiment_path  :   /ihome/pbrusilosky/rum20/y_classify/output/20180104-173129.discrete_feature_selection.feature_number=6.context=next.feature=10-[5+1.3.4].similarity=true
01/04/2018 17:31:29 [INFO] configuration: log_path  :   /ihome/pbrusilosky/rum20/y_classify/output/20180104-173129.discrete_feature_selection.feature_number=6.context=next.feature=10-[5+1.3.4].similarity=true/output.log
01/04/2018 17:31:29 [INFO] configuration: valid_type  :   {'C', 'F', 'A', 'R'}
01/04/2018 17:31:29 [INFO] configuration: data_name  :   
01/04/2018 17:31:29 [INFO] configuration: data_names  :   ['dstc2', 'dstc3', 'family', 'ghome']
01/04/2018 17:31:29 [INFO] configuration: raw_feature_path  :   /ihome/pbrusilosky/rum20/y_classify/dataset/feature/%s.raw_feature.pkl
01/04/2018 17:31:29 [INFO] configuration: extracted_feature_path  :   /ihome/pbrusilosky/rum20/y_classify/dataset/feature/%s.extracted_feature.pkl
01/04/2018 17:31:29 [INFO] configuration: pipeline_path  :   /ihome/pbrusilosky/rum20/y_classify/dataset/feature/%s.pipeline.pkl
01/04/2018 17:31:29 [INFO] configuration: metrics  :   ['accuracy', 'precision', 'recall', 'f1_score', 'training_time', 'test_time']
01/04/2018 17:31:29 [INFO] configuration: do_cross_validation  :   True
01/04/2018 17:31:29 [INFO] configuration: #division  :   5
01/04/2018 17:31:29 [INFO] configuration: #cross_validation  :   10
01/04/2018 17:31:29 [INFO] configuration: cv_index_cache_path  :   
01/04/2018 17:31:29 [INFO] configuration: action_words  :   {'next', 'south', 'moderate', 'centre', 'remove', 'share', 'volume', 'volum', 'cast', 'help', 'north', 'reminders', 'remind', 'reminds', 'expensive', 'watch', 'add', 'song', 'moder', 'else', 'part', 'number', 'item', 'skip', 'snooz', 'telephon', 'delet', 'snooze', 'alarm', 'telephone', 'cheap', 'remov', 'time', 'discard', 'items', 'video', 'shuffle', 'weather', 'findcare', 'findcar', 'reminder', 'price', 'tell', 'temperatur', 'delete', 'phone', 'expens', 'stop', 'timer', 'list', 'member', 'food', 'ani', 'clear', 'light', 'turn', 'show', 'area', 'shuffl', 'post', 'address', 'start', 'els', 'room', 'temperature', 'play', 'any', 'music', 'matter', 'centr'}
01/04/2018 17:31:29 [INFO] configuration: corenlp_jars  :   ('/Users/memray/Project/stanford/stanford-corenlp-full-3.8.0/*', '/Users/memray/Project/stanford/stanford-corenlp-full-3.8.0/stanford-english-kbp-corenlp-2017-06-09-models.jar')
01/04/2018 17:31:29 [INFO] configuration: lda_topic_number  :   50
01/04/2018 17:31:29 [INFO] configuration: lda_path  :   /ihome/pbrusilosky/rum20/y_classify/dataset/feature/gensim/%s.topic=50.lda.pkl
01/04/2018 17:31:29 [INFO] configuration: gensim_corpus_path  :   /ihome/pbrusilosky/rum20/y_classify/dataset/feature/gensim/%s.corpus.pkl
01/04/2018 17:31:29 [INFO] configuration: gensim_dict_path  :   /ihome/pbrusilosky/rum20/y_classify/dataset/feature/gensim/%s.dict
01/04/2018 17:31:29 [INFO] configuration: w2v_path  :   /home/memray/Data/glove/GoogleNews-vectors-negative300.bin
01/04/2018 17:31:29 [INFO] configuration: w2v_vector_length  :   300
01/04/2018 17:31:29 [INFO] configuration: d2v_vector_length  :   300
01/04/2018 17:31:29 [INFO] configuration: d2v_window_size  :   5
01/04/2018 17:31:29 [INFO] configuration: d2v_min_count  :   2
01/04/2018 17:31:29 [INFO] configuration: d2v_model_path  :   /ihome/pbrusilosky/rum20/y_classify/dataset/feature/gensim/%s.doc2vec.dim=300.window=5.min_count=2.model
01/04/2018 17:31:29 [INFO] configuration: d2v_vector_path  :   /ihome/pbrusilosky/rum20/y_classify/dataset/feature/gensim/%s.doc2vec.dim=300.window=5.min_count=2.vector
01/04/2018 17:31:29 [INFO] configuration: num_word_keep  :   {'dstc2': 300, 'dstc3': 300, 'family': 1000, 'ghome': 1000}
01/04/2018 17:31:29 [INFO] configuration: batch_size  :   128
01/04/2018 17:31:29 [INFO] configuration: max_epoch  :   50
01/04/2018 17:31:29 [INFO] configuration: early_stop_tolerance  :   2
01/04/2018 17:31:29 [INFO] configuration: concat_sents  :   False
01/04/2018 17:31:29 [INFO] configuration: cnn_setting  :   {'model': 'multichannel', 'early_stopping': True, 'word_dim': 300, 'filters': [3, 4, 5], 'filter_num': [100, 100, 100], 'class_size': 4, 'batch_size': 128, 'learning_rate': 0.001, 'norm_limit': 10, 'dropout_prob': 0.0, 'sentence_num': 3}
01/04/2018 17:31:29 [INFO] configuration: skipthought_setting  :   {'skipthought_model_path': '/Users/memray/Data/skip-thought', 'skipthought_data_path': '/ihome/pbrusilosky/rum20/y_classify/dataset/feature/gensim/%s.skip-thought.biskip.vector', 'fixed_emb': True, 'sentence_num': 3, 'hidden_size': 2400, 'class_size': 4, 'learning_rate': 0.0001, 'norm_limit': 3, 'dropout_prob': 0.5}
01/04/2018 17:31:29 [INFO] configuration: lstm_setting  :   {'model': 'non-static', 'hidden_size': 32, 'embedding_size': 300, 'num_layers': 1, 'bidirectional': False, 'learning_rate': 0.001, 'class_size': 4, 'norm_limit': 2, 'clip_grad_norm': 2, 'dropout_prob': 0.1}
01/04/2018 17:31:33 [INFO] exp_shallowmodel: %%%%%%%%%%%%%%%%%%%%%%%%%%%%%%%%%%%%%%%%%%%%%%%%%%
01/04/2018 17:31:33 [INFO] exp_shallowmodel:           dataset=dstc2
01/04/2018 17:31:33 [INFO] exp_shallowmodel:           k_feature_to_keep=6
01/04/2018 17:31:33 [INFO] exp_shallowmodel:           X_new.shape=(5725, 225)
01/04/2018 17:31:33 [INFO] exp_shallowmodel:           #(X_selected)=64
01/04/2018 17:31:33 [INFO] exp_shallowmodel:           #(X_not_selectable)=161
01/04/2018 17:31:33 [INFO] exp_shallowmodel: %%%%%%%%%%%%%%%%%%%%%%%%%%%%%%%%%%%%%%%%%%%%%%%%%%
01/04/2018 17:31:33 [INFO] exp_shallowmodel: ******************** dstc2 - Round 0 
01/04/2018 17:31:33 [INFO] exp_shallowmodel: #(data) = 4583
01/04/2018 17:31:33 [INFO] exp_shallowmodel: #(feature) = 225
01/04/2018 17:31:33 [INFO] exp_shallowmodel: ================================================================================
01/04/2018 17:31:33 [INFO] exp_shallowmodel: LR.pen=l1.C=1.000000
01/04/2018 17:31:33 [INFO] exp_shallowmodel: ________________________________________________________________________________
01/04/2018 17:31:33 [INFO] exp_shallowmodel: Training: 
01/04/2018 17:31:33 [INFO] exp_shallowmodel: LogisticRegression(C=1, class_weight=None, dual=False, fit_intercept=True,
          intercept_scaling=1, max_iter=100, multi_class='ovr', n_jobs=1,
          penalty='l1', random_state=None, solver='liblinear', tol=0.0001,
          verbose=0, warm_start=False)
01/04/2018 17:31:40 [INFO] exp_shallowmodel: train time: 6.912s
01/04/2018 17:31:40 [INFO] exp_shallowmodel: test time:  0.000s
01/04/2018 17:31:40 [INFO] exp_shallowmodel: accuracy:   0.869
01/04/2018 17:31:40 [INFO] exp_shallowmodel: f1_score:   0.767
01/04/2018 17:31:40 [INFO] exp_shallowmodel: classification report:
01/04/2018 17:31:40 [INFO] exp_shallowmodel:              precision    recall  f1-score   support

          A       0.60      0.43      0.50        14
          C       0.80      0.83      0.82       164
          F       0.93      0.96      0.94       268
          R       0.84      0.78      0.81       125

avg / total       0.87      0.87      0.87       571

01/04/2018 17:31:40 [INFO] exp_shallowmodel: confusion matrix:
01/04/2018 17:31:40 [INFO] exp_shallowmodel: 
[[  6   2   6   0]
 [  2 136  10  16]
 [  1   8 256   3]
 [  1  23   3  98]]
01/04/2018 17:31:40 [INFO] exp_shallowmodel: ******************** dstc2 - Round 1 
01/04/2018 17:31:40 [INFO] exp_shallowmodel: #(data) = 4583
01/04/2018 17:31:40 [INFO] exp_shallowmodel: #(feature) = 225
01/04/2018 17:31:40 [INFO] exp_shallowmodel: ================================================================================
01/04/2018 17:31:40 [INFO] exp_shallowmodel: LR.pen=l1.C=1.000000
01/04/2018 17:31:40 [INFO] exp_shallowmodel: ________________________________________________________________________________
01/04/2018 17:31:40 [INFO] exp_shallowmodel: Training: 
01/04/2018 17:31:40 [INFO] exp_shallowmodel: LogisticRegression(C=1, class_weight=None, dual=False, fit_intercept=True,
          intercept_scaling=1, max_iter=100, multi_class='ovr', n_jobs=1,
          penalty='l1', random_state=None, solver='liblinear', tol=0.0001,
          verbose=0, warm_start=False)
01/04/2018 17:31:45 [INFO] exp_shallowmodel: train time: 4.730s
01/04/2018 17:31:45 [INFO] exp_shallowmodel: test time:  0.000s
01/04/2018 17:31:45 [INFO] exp_shallowmodel: accuracy:   0.849
01/04/2018 17:31:45 [INFO] exp_shallowmodel: f1_score:   0.752
01/04/2018 17:31:45 [INFO] exp_shallowmodel: classification report:
01/04/2018 17:31:45 [INFO] exp_shallowmodel:              precision    recall  f1-score   support

          A       0.83      0.36      0.50        14
          C       0.80      0.79      0.80       164
          F       0.94      0.92      0.93       268
          R       0.74      0.83      0.78       125

avg / total       0.85      0.85      0.85       571

01/04/2018 17:31:45 [INFO] exp_shallowmodel: confusion matrix:
01/04/2018 17:31:45 [INFO] exp_shallowmodel: 
[[  5   1   6   2]
 [  0 130   9  25]
 [  1  12 246   9]
 [  0  20   1 104]]
01/04/2018 17:31:45 [INFO] exp_shallowmodel: Feature selection of top 100, ranked by LR weights (selectable:non-selectable=43:57)
01/04/2018 17:31:49 [INFO] exp_shallowmodel: %%%%%%%%%%%%%%%%%%%%%%%%%%%%%%%%%%%%%%%%%%%%%%%%%%
01/04/2018 17:31:49 [INFO] exp_shallowmodel:           dataset=dstc3
01/04/2018 17:31:49 [INFO] exp_shallowmodel:           k_feature_to_keep=6
01/04/2018 17:31:49 [INFO] exp_shallowmodel:           X_new.shape=(5934, 225)
01/04/2018 17:31:49 [INFO] exp_shallowmodel:           #(X_selected)=64
01/04/2018 17:31:49 [INFO] exp_shallowmodel:           #(X_not_selectable)=161
01/04/2018 17:31:49 [INFO] exp_shallowmodel: %%%%%%%%%%%%%%%%%%%%%%%%%%%%%%%%%%%%%%%%%%%%%%%%%%
01/04/2018 17:31:49 [INFO] exp_shallowmodel: ******************** dstc3 - Round 0 
01/04/2018 17:31:49 [INFO] exp_shallowmodel: #(data) = 4750
01/04/2018 17:31:49 [INFO] exp_shallowmodel: #(feature) = 225
01/04/2018 17:31:49 [INFO] exp_shallowmodel: ================================================================================
01/04/2018 17:31:49 [INFO] exp_shallowmodel: LR.pen=l1.C=1.000000
01/04/2018 17:31:49 [INFO] exp_shallowmodel: ________________________________________________________________________________
01/04/2018 17:31:49 [INFO] exp_shallowmodel: Training: 
01/04/2018 17:31:49 [INFO] exp_shallowmodel: LogisticRegression(C=1, class_weight=None, dual=False, fit_intercept=True,
          intercept_scaling=1, max_iter=100, multi_class='ovr', n_jobs=1,
          penalty='l1', random_state=None, solver='liblinear', tol=0.0001,
          verbose=0, warm_start=False)
01/04/2018 17:31:54 [INFO] exp_shallowmodel: train time: 4.727s
01/04/2018 17:31:54 [INFO] exp_shallowmodel: test time:  0.000s
01/04/2018 17:31:54 [INFO] exp_shallowmodel: accuracy:   0.807
01/04/2018 17:31:54 [INFO] exp_shallowmodel: f1_score:   0.710
01/04/2018 17:31:54 [INFO] exp_shallowmodel: classification report:
01/04/2018 17:31:54 [INFO] exp_shallowmodel:              precision    recall  f1-score   support

          A       0.73      0.40      0.52        20
          C       0.77      0.81      0.79       169
          F       0.87      0.93      0.90       281
          R       0.70      0.58      0.63       122

avg / total       0.80      0.81      0.80       592

01/04/2018 17:31:54 [INFO] exp_shallowmodel: confusion matrix:
01/04/2018 17:31:54 [INFO] exp_shallowmodel: 
[[  8   1  11   0]
 [  0 137  11  21]
 [  2   7 262  10]
 [  1  32  18  71]]
01/04/2018 17:31:54 [INFO] exp_shallowmodel: ******************** dstc3 - Round 1 
01/04/2018 17:31:54 [INFO] exp_shallowmodel: #(data) = 4750
01/04/2018 17:31:54 [INFO] exp_shallowmodel: #(feature) = 225
01/04/2018 17:31:54 [INFO] exp_shallowmodel: ================================================================================
01/04/2018 17:31:54 [INFO] exp_shallowmodel: LR.pen=l1.C=1.000000
01/04/2018 17:31:54 [INFO] exp_shallowmodel: ________________________________________________________________________________
01/04/2018 17:31:54 [INFO] exp_shallowmodel: Training: 
01/04/2018 17:31:54 [INFO] exp_shallowmodel: LogisticRegression(C=1, class_weight=None, dual=False, fit_intercept=True,
          intercept_scaling=1, max_iter=100, multi_class='ovr', n_jobs=1,
          penalty='l1', random_state=None, solver='liblinear', tol=0.0001,
          verbose=0, warm_start=False)
01/04/2018 17:31:59 [INFO] exp_shallowmodel: train time: 4.948s
01/04/2018 17:31:59 [INFO] exp_shallowmodel: test time:  0.000s
01/04/2018 17:31:59 [INFO] exp_shallowmodel: accuracy:   0.804
01/04/2018 17:31:59 [INFO] exp_shallowmodel: f1_score:   0.682
01/04/2018 17:31:59 [INFO] exp_shallowmodel: classification report:
01/04/2018 17:31:59 [INFO] exp_shallowmodel:              precision    recall  f1-score   support

          A       0.67      0.30      0.41        20
          C       0.76      0.82      0.79       169
          F       0.87      0.94      0.90       281
          R       0.71      0.57      0.63       122

avg / total       0.80      0.80      0.80       592

01/04/2018 17:31:59 [INFO] exp_shallowmodel: confusion matrix:
01/04/2018 17:31:59 [INFO] exp_shallowmodel: 
[[  6   4   9   1]
 [  0 138  14  17]
 [  3   5 263  10]
 [  0  35  18  69]]
01/04/2018 17:31:59 [INFO] exp_shallowmodel: Feature selection of top 100, ranked by LR weights (selectable:non-selectable=44:56)
01/04/2018 17:32:06 [INFO] exp_shallowmodel: %%%%%%%%%%%%%%%%%%%%%%%%%%%%%%%%%%%%%%%%%%%%%%%%%%
01/04/2018 17:32:06 [INFO] exp_shallowmodel:           dataset=family
01/04/2018 17:32:06 [INFO] exp_shallowmodel:           k_feature_to_keep=6
01/04/2018 17:32:06 [INFO] exp_shallowmodel:           X_new.shape=(3530, 227)
01/04/2018 17:32:06 [INFO] exp_shallowmodel:           #(X_selected)=64
01/04/2018 17:32:06 [INFO] exp_shallowmodel:           #(X_not_selectable)=163
01/04/2018 17:32:06 [INFO] exp_shallowmodel: %%%%%%%%%%%%%%%%%%%%%%%%%%%%%%%%%%%%%%%%%%%%%%%%%%
01/04/2018 17:32:06 [INFO] exp_shallowmodel: ******************** family - Round 0 
01/04/2018 17:32:06 [INFO] exp_shallowmodel: #(data) = 2826
01/04/2018 17:32:06 [INFO] exp_shallowmodel: #(feature) = 227
01/04/2018 17:32:06 [INFO] exp_shallowmodel: ================================================================================
01/04/2018 17:32:06 [INFO] exp_shallowmodel: LR.pen=l1.C=1.000000
01/04/2018 17:32:06 [INFO] exp_shallowmodel: ________________________________________________________________________________
01/04/2018 17:32:06 [INFO] exp_shallowmodel: Training: 
01/04/2018 17:32:06 [INFO] exp_shallowmodel: LogisticRegression(C=1, class_weight=None, dual=False, fit_intercept=True,
          intercept_scaling=1, max_iter=100, multi_class='ovr', n_jobs=1,
          penalty='l1', random_state=None, solver='liblinear', tol=0.0001,
          verbose=0, warm_start=False)
01/04/2018 17:32:10 [INFO] exp_shallowmodel: train time: 4.153s
01/04/2018 17:32:10 [INFO] exp_shallowmodel: test time:  0.000s
01/04/2018 17:32:10 [INFO] exp_shallowmodel: accuracy:   0.855
01/04/2018 17:32:10 [INFO] exp_shallowmodel: f1_score:   0.684
01/04/2018 17:32:10 [INFO] exp_shallowmodel: classification report:
01/04/2018 17:32:10 [INFO] exp_shallowmodel:              precision    recall  f1-score   support

          A       0.48      0.43      0.45        23
          C       0.67      0.67      0.67        27
          F       0.94      0.96      0.95       250
          R       0.68      0.65      0.67        52

avg / total       0.85      0.86      0.85       352

01/04/2018 17:32:10 [INFO] exp_shallowmodel: confusion matrix:
01/04/2018 17:32:10 [INFO] exp_shallowmodel: 
[[ 10   4   6   3]
 [  4  18   0   5]
 [  3   0 239   8]
 [  4   5   9  34]]
01/04/2018 17:32:10 [INFO] exp_shallowmodel: ******************** family - Round 1 
01/04/2018 17:32:10 [INFO] exp_shallowmodel: #(data) = 2826
01/04/2018 17:32:10 [INFO] exp_shallowmodel: #(feature) = 227
01/04/2018 17:32:10 [INFO] exp_shallowmodel: ================================================================================
01/04/2018 17:32:10 [INFO] exp_shallowmodel: LR.pen=l1.C=1.000000
01/04/2018 17:32:10 [INFO] exp_shallowmodel: ________________________________________________________________________________
01/04/2018 17:32:10 [INFO] exp_shallowmodel: Training: 
01/04/2018 17:32:10 [INFO] exp_shallowmodel: LogisticRegression(C=1, class_weight=None, dual=False, fit_intercept=True,
          intercept_scaling=1, max_iter=100, multi_class='ovr', n_jobs=1,
          penalty='l1', random_state=None, solver='liblinear', tol=0.0001,
          verbose=0, warm_start=False)
01/04/2018 17:32:15 [INFO] exp_shallowmodel: train time: 4.981s
01/04/2018 17:32:15 [INFO] exp_shallowmodel: test time:  0.000s
01/04/2018 17:32:15 [INFO] exp_shallowmodel: accuracy:   0.875
01/04/2018 17:32:15 [INFO] exp_shallowmodel: f1_score:   0.708
01/04/2018 17:32:15 [INFO] exp_shallowmodel: classification report:
01/04/2018 17:32:15 [INFO] exp_shallowmodel:              precision    recall  f1-score   support

          A       0.62      0.35      0.44        23
          C       0.74      0.74      0.74        27
          F       0.92      0.98      0.95       250
          R       0.74      0.65      0.69        52

avg / total       0.86      0.88      0.87       352

01/04/2018 17:32:15 [INFO] exp_shallowmodel: confusion matrix:
01/04/2018 17:32:15 [INFO] exp_shallowmodel: 
[[  8   3   7   5]
 [  3  20   0   4]
 [  0   1 246   3]
 [  2   3  13  34]]
01/04/2018 17:32:16 [INFO] exp_shallowmodel: Feature selection of top 100, ranked by LR weights (selectable:non-selectable=37:63)
01/04/2018 17:32:24 [INFO] exp_shallowmodel: %%%%%%%%%%%%%%%%%%%%%%%%%%%%%%%%%%%%%%%%%%%%%%%%%%
01/04/2018 17:32:24 [INFO] exp_shallowmodel:           dataset=ghome
01/04/2018 17:32:24 [INFO] exp_shallowmodel:           k_feature_to_keep=6
01/04/2018 17:32:24 [INFO] exp_shallowmodel:           X_new.shape=(5241, 226)
01/04/2018 17:32:24 [INFO] exp_shallowmodel:           #(X_selected)=64
01/04/2018 17:32:24 [INFO] exp_shallowmodel:           #(X_not_selectable)=162
01/04/2018 17:32:24 [INFO] exp_shallowmodel: %%%%%%%%%%%%%%%%%%%%%%%%%%%%%%%%%%%%%%%%%%%%%%%%%%
01/04/2018 17:32:24 [INFO] exp_shallowmodel: ******************** ghome - Round 0 
01/04/2018 17:32:24 [INFO] exp_shallowmodel: #(data) = 4197
01/04/2018 17:32:24 [INFO] exp_shallowmodel: #(feature) = 226
01/04/2018 17:32:24 [INFO] exp_shallowmodel: ================================================================================
01/04/2018 17:32:24 [INFO] exp_shallowmodel: LR.pen=l1.C=1.000000
01/04/2018 17:32:24 [INFO] exp_shallowmodel: ________________________________________________________________________________
01/04/2018 17:32:24 [INFO] exp_shallowmodel: Training: 
01/04/2018 17:32:24 [INFO] exp_shallowmodel: LogisticRegression(C=1, class_weight=None, dual=False, fit_intercept=True,
          intercept_scaling=1, max_iter=100, multi_class='ovr', n_jobs=1,
          penalty='l1', random_state=None, solver='liblinear', tol=0.0001,
          verbose=0, warm_start=False)
01/04/2018 17:32:36 [INFO] exp_shallowmodel: train time: 12.164s
01/04/2018 17:32:36 [INFO] exp_shallowmodel: test time:  0.000s
01/04/2018 17:32:36 [INFO] exp_shallowmodel: accuracy:   0.872
01/04/2018 17:32:36 [INFO] exp_shallowmodel: f1_score:   0.621
01/04/2018 17:32:36 [INFO] exp_shallowmodel: classification report:
01/04/2018 17:32:36 [INFO] exp_shallowmodel:              precision    recall  f1-score   support

          A       0.67      0.53      0.59        59
          C       0.50      0.25      0.33        12
          F       0.93      0.98      0.96       396
          R       0.61      0.60      0.61        55

avg / total       0.86      0.87      0.86       522

01/04/2018 17:32:36 [INFO] exp_shallowmodel: confusion matrix:
01/04/2018 17:32:36 [INFO] exp_shallowmodel: 
[[ 31   0  12  16]
 [  1   3   7   1]
 [  2   2 388   4]
 [ 12   1   9  33]]
01/04/2018 17:32:36 [INFO] exp_shallowmodel: ******************** ghome - Round 1 
01/04/2018 17:32:36 [INFO] exp_shallowmodel: #(data) = 4197
01/04/2018 17:32:36 [INFO] exp_shallowmodel: #(feature) = 226
01/04/2018 17:32:36 [INFO] exp_shallowmodel: ================================================================================
01/04/2018 17:32:36 [INFO] exp_shallowmodel: LR.pen=l1.C=1.000000
01/04/2018 17:32:36 [INFO] exp_shallowmodel: ________________________________________________________________________________
01/04/2018 17:32:36 [INFO] exp_shallowmodel: Training: 
01/04/2018 17:32:36 [INFO] exp_shallowmodel: LogisticRegression(C=1, class_weight=None, dual=False, fit_intercept=True,
          intercept_scaling=1, max_iter=100, multi_class='ovr', n_jobs=1,
          penalty='l1', random_state=None, solver='liblinear', tol=0.0001,
          verbose=0, warm_start=False)
01/04/2018 17:32:48 [INFO] exp_shallowmodel: train time: 11.710s
01/04/2018 17:32:48 [INFO] exp_shallowmodel: test time:  0.000s
01/04/2018 17:32:48 [INFO] exp_shallowmodel: accuracy:   0.891
01/04/2018 17:32:48 [INFO] exp_shallowmodel: f1_score:   0.655
01/04/2018 17:32:48 [INFO] exp_shallowmodel: classification report:
01/04/2018 17:32:48 [INFO] exp_shallowmodel:              precision    recall  f1-score   support

          A       0.77      0.68      0.72        59
          C       0.33      0.25      0.29        12
          F       0.94      0.98      0.96       396
          R       0.69      0.62      0.65        55

avg / total       0.88      0.89      0.89       522

01/04/2018 17:32:48 [INFO] exp_shallowmodel: confusion matrix:
01/04/2018 17:32:48 [INFO] exp_shallowmodel: 
[[ 40   2   6  11]
 [  2   3   6   1]
 [  4   1 388   3]
 [  6   3  12  34]]
01/04/2018 17:32:49 [INFO] exp_shallowmodel: Feature selection of top 100, ranked by LR weights (selectable:non-selectable=35:65)
Done: 20180104-173249
