/ihome/pbrusilosky/rum20/packages/anaconda3/bin/python -m dialogue.classify.task_runner -experiment_mode discrete_feature_selection -selected_feature_set_id 0 -add_similarity_feature -selected_context_id 0 -k_feature_to_keep 7
No. of param settings = 1
[('experiment_mode', 'discrete_feature_selection'), ('deep_model', False), ('selected_context_id', 0), ('selected_feature_set_id', 0), ('similarity_feature', True), ('k_feature_to_keep', 7)]
01/04/2018 17:31:25 [INFO] configuration: experiment_mode  :   discrete_feature_selection
01/04/2018 17:31:25 [INFO] configuration: deep_model  :   False
01/04/2018 17:31:25 [INFO] configuration: selected_context_id  :   0
01/04/2018 17:31:25 [INFO] configuration: selected_feature_set_id  :   0
01/04/2018 17:31:25 [INFO] configuration: similarity_feature  :   True
01/04/2018 17:31:25 [INFO] configuration: k_feature_to_keep  :   7
01/04/2018 17:31:25 [INFO] configuration: seed  :   154316847
01/04/2018 17:31:25 [INFO] configuration: root_path  :   /ihome/pbrusilosky/rum20/y_classify
01/04/2018 17:31:25 [INFO] configuration: task_name  :   utterance_type
01/04/2018 17:31:25 [INFO] configuration: timemark  :   20180104-173125
01/04/2018 17:31:25 [INFO] configuration: context_set  :   next
01/04/2018 17:31:25 [INFO] configuration: utterance_names  :   ['last_user_utterance', 'last_system_utterance', 'current_user_utterance', 'next_system_utterance', 'next_user_utterance']
01/04/2018 17:31:25 [INFO] configuration: utterance_range  :   ['current_user_utterance', 'next_system_utterance', 'next_user_utterance']
01/04/2018 17:31:25 [INFO] configuration: feature_set  :   0-all
01/04/2018 17:31:25 [INFO] configuration: feature_set_number  :   ['1', '2', '3', '4', '5', '6', '7', '8', '9', '10', '11']
01/04/2018 17:31:25 [INFO] configuration: experiment_name  :   20180104-173125.discrete_feature_selection.feature_number=7.context=next.feature=0-all.similarity=true
01/04/2018 17:31:25 [INFO] configuration: experiment_path  :   /ihome/pbrusilosky/rum20/y_classify/output/20180104-173125.discrete_feature_selection.feature_number=7.context=next.feature=0-all.similarity=true
01/04/2018 17:31:25 [INFO] configuration: log_path  :   /ihome/pbrusilosky/rum20/y_classify/output/20180104-173125.discrete_feature_selection.feature_number=7.context=next.feature=0-all.similarity=true/output.log
01/04/2018 17:31:25 [INFO] configuration: valid_type  :   {'F', 'A', 'R', 'C'}
01/04/2018 17:31:25 [INFO] configuration: data_name  :   
01/04/2018 17:31:25 [INFO] configuration: data_names  :   ['dstc2', 'dstc3', 'family', 'ghome']
01/04/2018 17:31:25 [INFO] configuration: raw_feature_path  :   /ihome/pbrusilosky/rum20/y_classify/dataset/feature/%s.raw_feature.pkl
01/04/2018 17:31:25 [INFO] configuration: extracted_feature_path  :   /ihome/pbrusilosky/rum20/y_classify/dataset/feature/%s.extracted_feature.pkl
01/04/2018 17:31:25 [INFO] configuration: pipeline_path  :   /ihome/pbrusilosky/rum20/y_classify/dataset/feature/%s.pipeline.pkl
01/04/2018 17:31:25 [INFO] configuration: metrics  :   ['accuracy', 'precision', 'recall', 'f1_score', 'training_time', 'test_time']
01/04/2018 17:31:25 [INFO] configuration: do_cross_validation  :   True
01/04/2018 17:31:25 [INFO] configuration: #division  :   5
01/04/2018 17:31:25 [INFO] configuration: #cross_validation  :   10
01/04/2018 17:31:25 [INFO] configuration: cv_index_cache_path  :   
01/04/2018 17:31:25 [INFO] configuration: action_words  :   {'findcar', 'temperature', 'part', 'time', 'reminders', 'list', 'share', 'snooz', 'delet', 'alarm', 'phone', 'turn', 'matter', 'clear', 'start', 'remind', 'stop', 'timer', 'light', 'watch', 'next', 'play', 'reminds', 'expens', 'centr', 'area', 'post', 'ani', 'cast', 'song', 'delete', 'volume', 'item', 'room', 'shuffle', 'centre', 'cheap', 'skip', 'else', 'reminder', 'music', 'temperatur', 'findcare', 'north', 'items', 'number', 'remov', 'tell', 'help', 'shuffl', 'show', 'expensive', 'els', 'add', 'remove', 'telephon', 'volum', 'video', 'snooze', 'discard', 'weather', 'any', 'price', 'address', 'moder', 'member', 'telephone', 'south', 'moderate', 'food'}
01/04/2018 17:31:25 [INFO] configuration: corenlp_jars  :   ('/Users/memray/Project/stanford/stanford-corenlp-full-3.8.0/*', '/Users/memray/Project/stanford/stanford-corenlp-full-3.8.0/stanford-english-kbp-corenlp-2017-06-09-models.jar')
01/04/2018 17:31:25 [INFO] configuration: lda_topic_number  :   50
01/04/2018 17:31:25 [INFO] configuration: lda_path  :   /ihome/pbrusilosky/rum20/y_classify/dataset/feature/gensim/%s.topic=50.lda.pkl
01/04/2018 17:31:25 [INFO] configuration: gensim_corpus_path  :   /ihome/pbrusilosky/rum20/y_classify/dataset/feature/gensim/%s.corpus.pkl
01/04/2018 17:31:25 [INFO] configuration: gensim_dict_path  :   /ihome/pbrusilosky/rum20/y_classify/dataset/feature/gensim/%s.dict
01/04/2018 17:31:25 [INFO] configuration: w2v_path  :   /home/memray/Data/glove/GoogleNews-vectors-negative300.bin
01/04/2018 17:31:25 [INFO] configuration: w2v_vector_length  :   300
01/04/2018 17:31:25 [INFO] configuration: d2v_vector_length  :   300
01/04/2018 17:31:25 [INFO] configuration: d2v_window_size  :   5
01/04/2018 17:31:25 [INFO] configuration: d2v_min_count  :   2
01/04/2018 17:31:25 [INFO] configuration: d2v_model_path  :   /ihome/pbrusilosky/rum20/y_classify/dataset/feature/gensim/%s.doc2vec.dim=300.window=5.min_count=2.model
01/04/2018 17:31:25 [INFO] configuration: d2v_vector_path  :   /ihome/pbrusilosky/rum20/y_classify/dataset/feature/gensim/%s.doc2vec.dim=300.window=5.min_count=2.vector
01/04/2018 17:31:25 [INFO] configuration: num_word_keep  :   {'dstc2': 300, 'dstc3': 300, 'family': 1000, 'ghome': 1000}
01/04/2018 17:31:25 [INFO] configuration: batch_size  :   128
01/04/2018 17:31:25 [INFO] configuration: max_epoch  :   50
01/04/2018 17:31:25 [INFO] configuration: early_stop_tolerance  :   2
01/04/2018 17:31:25 [INFO] configuration: concat_sents  :   False
01/04/2018 17:31:25 [INFO] configuration: cnn_setting  :   {'model': 'multichannel', 'early_stopping': True, 'word_dim': 300, 'filters': [3, 4, 5], 'filter_num': [100, 100, 100], 'class_size': 4, 'batch_size': 128, 'learning_rate': 0.001, 'norm_limit': 10, 'dropout_prob': 0.0, 'sentence_num': 3}
01/04/2018 17:31:25 [INFO] configuration: skipthought_setting  :   {'skipthought_model_path': '/Users/memray/Data/skip-thought', 'skipthought_data_path': '/ihome/pbrusilosky/rum20/y_classify/dataset/feature/gensim/%s.skip-thought.biskip.vector', 'fixed_emb': True, 'sentence_num': 3, 'hidden_size': 2400, 'class_size': 4, 'learning_rate': 0.0001, 'norm_limit': 3, 'dropout_prob': 0.5}
01/04/2018 17:31:25 [INFO] configuration: lstm_setting  :   {'model': 'non-static', 'hidden_size': 32, 'embedding_size': 300, 'num_layers': 1, 'bidirectional': False, 'learning_rate': 0.001, 'class_size': 4, 'norm_limit': 2, 'clip_grad_norm': 2, 'dropout_prob': 0.1}
01/04/2018 17:31:30 [INFO] exp_shallowmodel: %%%%%%%%%%%%%%%%%%%%%%%%%%%%%%%%%%%%%%%%%%%%%%%%%%
01/04/2018 17:31:30 [INFO] exp_shallowmodel:           dataset=dstc2
01/04/2018 17:31:30 [INFO] exp_shallowmodel:           k_feature_to_keep=7
01/04/2018 17:31:30 [INFO] exp_shallowmodel:           X_new.shape=(5725, 9295)
01/04/2018 17:31:30 [INFO] exp_shallowmodel:           #(X_selected)=128
01/04/2018 17:31:30 [INFO] exp_shallowmodel:           #(X_not_selectable)=9167
01/04/2018 17:31:30 [INFO] exp_shallowmodel: %%%%%%%%%%%%%%%%%%%%%%%%%%%%%%%%%%%%%%%%%%%%%%%%%%
01/04/2018 17:31:32 [INFO] exp_shallowmodel: ******************** dstc2 - Round 0 
01/04/2018 17:31:32 [INFO] exp_shallowmodel: #(data) = 4583
01/04/2018 17:31:32 [INFO] exp_shallowmodel: #(feature) = 9295
01/04/2018 17:31:32 [INFO] exp_shallowmodel: ================================================================================
01/04/2018 17:31:32 [INFO] exp_shallowmodel: LR.pen=l1.C=1.000000
01/04/2018 17:31:32 [INFO] exp_shallowmodel: ________________________________________________________________________________
01/04/2018 17:31:32 [INFO] exp_shallowmodel: Training: 
01/04/2018 17:31:32 [INFO] exp_shallowmodel: LogisticRegression(C=1, class_weight=None, dual=False, fit_intercept=True,
          intercept_scaling=1, max_iter=100, multi_class='ovr', n_jobs=1,
          penalty='l1', random_state=None, solver='liblinear', tol=0.0001,
          verbose=0, warm_start=False)
01/04/2018 17:32:00 [INFO] exp_shallowmodel: train time: 27.778s
01/04/2018 17:32:00 [INFO] exp_shallowmodel: test time:  0.008s
01/04/2018 17:32:00 [INFO] exp_shallowmodel: accuracy:   0.849
01/04/2018 17:32:00 [INFO] exp_shallowmodel: f1_score:   0.763
01/04/2018 17:32:00 [INFO] exp_shallowmodel: classification report:
01/04/2018 17:32:00 [INFO] exp_shallowmodel:              precision    recall  f1-score   support

          A       0.58      0.50      0.54        14
          C       0.79      0.82      0.81       164
          F       0.92      0.92      0.92       268
          R       0.80      0.78      0.79       125

avg / total       0.85      0.85      0.85       571

01/04/2018 17:32:00 [INFO] exp_shallowmodel: confusion matrix:
01/04/2018 17:32:00 [INFO] exp_shallowmodel: 
[[  7   2   5   0]
 [  1 135   9  19]
 [  4  12 246   6]
 [  0  21   7  97]]
01/04/2018 17:32:02 [INFO] exp_shallowmodel: ******************** dstc2 - Round 1 
01/04/2018 17:32:02 [INFO] exp_shallowmodel: #(data) = 4583
01/04/2018 17:32:02 [INFO] exp_shallowmodel: #(feature) = 9295
01/04/2018 17:32:02 [INFO] exp_shallowmodel: ================================================================================
01/04/2018 17:32:02 [INFO] exp_shallowmodel: LR.pen=l1.C=1.000000
01/04/2018 17:32:02 [INFO] exp_shallowmodel: ________________________________________________________________________________
01/04/2018 17:32:02 [INFO] exp_shallowmodel: Training: 
01/04/2018 17:32:02 [INFO] exp_shallowmodel: LogisticRegression(C=1, class_weight=None, dual=False, fit_intercept=True,
          intercept_scaling=1, max_iter=100, multi_class='ovr', n_jobs=1,
          penalty='l1', random_state=None, solver='liblinear', tol=0.0001,
          verbose=0, warm_start=False)
01/04/2018 17:32:30 [INFO] exp_shallowmodel: train time: 27.893s
01/04/2018 17:32:30 [INFO] exp_shallowmodel: test time:  0.008s
01/04/2018 17:32:30 [INFO] exp_shallowmodel: accuracy:   0.800
01/04/2018 17:32:30 [INFO] exp_shallowmodel: f1_score:   0.687
01/04/2018 17:32:30 [INFO] exp_shallowmodel: classification report:
01/04/2018 17:32:30 [INFO] exp_shallowmodel:              precision    recall  f1-score   support

          A       0.45      0.36      0.40        14
          C       0.73      0.72      0.72       164
          F       0.88      0.91      0.90       268
          R       0.74      0.72      0.73       125

avg / total       0.80      0.80      0.80       571

01/04/2018 17:32:30 [INFO] exp_shallowmodel: confusion matrix:
01/04/2018 17:32:30 [INFO] exp_shallowmodel: 
[[  5   3   5   1]
 [  3 118  20  23]
 [  2  14 244   8]
 [  1  27   7  90]]
01/04/2018 17:32:30 [INFO] exp_shallowmodel: Feature selection of top 100, ranked by LR weights (selectable:non-selectable=8:92)
01/04/2018 17:32:37 [INFO] exp_shallowmodel: %%%%%%%%%%%%%%%%%%%%%%%%%%%%%%%%%%%%%%%%%%%%%%%%%%
01/04/2018 17:32:37 [INFO] exp_shallowmodel:           dataset=dstc3
01/04/2018 17:32:37 [INFO] exp_shallowmodel:           k_feature_to_keep=7
01/04/2018 17:32:37 [INFO] exp_shallowmodel:           X_new.shape=(5934, 9295)
01/04/2018 17:32:37 [INFO] exp_shallowmodel:           #(X_selected)=128
01/04/2018 17:32:37 [INFO] exp_shallowmodel:           #(X_not_selectable)=9167
01/04/2018 17:32:37 [INFO] exp_shallowmodel: %%%%%%%%%%%%%%%%%%%%%%%%%%%%%%%%%%%%%%%%%%%%%%%%%%
01/04/2018 17:32:39 [INFO] exp_shallowmodel: ******************** dstc3 - Round 0 
01/04/2018 17:32:39 [INFO] exp_shallowmodel: #(data) = 4750
01/04/2018 17:32:39 [INFO] exp_shallowmodel: #(feature) = 9295
01/04/2018 17:32:39 [INFO] exp_shallowmodel: ================================================================================
01/04/2018 17:32:39 [INFO] exp_shallowmodel: LR.pen=l1.C=1.000000
01/04/2018 17:32:39 [INFO] exp_shallowmodel: ________________________________________________________________________________
01/04/2018 17:32:39 [INFO] exp_shallowmodel: Training: 
01/04/2018 17:32:39 [INFO] exp_shallowmodel: LogisticRegression(C=1, class_weight=None, dual=False, fit_intercept=True,
          intercept_scaling=1, max_iter=100, multi_class='ovr', n_jobs=1,
          penalty='l1', random_state=None, solver='liblinear', tol=0.0001,
          verbose=0, warm_start=False)
01/04/2018 17:33:13 [INFO] exp_shallowmodel: train time: 34.396s
01/04/2018 17:33:13 [INFO] exp_shallowmodel: test time:  0.008s
01/04/2018 17:33:13 [INFO] exp_shallowmodel: accuracy:   0.785
01/04/2018 17:33:13 [INFO] exp_shallowmodel: f1_score:   0.719
01/04/2018 17:33:13 [INFO] exp_shallowmodel: classification report:
01/04/2018 17:33:13 [INFO] exp_shallowmodel:              precision    recall  f1-score   support

          A       0.79      0.55      0.65        20
          C       0.71      0.75      0.73       169
          F       0.91      0.91      0.91       281
          R       0.60      0.57      0.59       122

avg / total       0.78      0.79      0.78       592

01/04/2018 17:33:13 [INFO] exp_shallowmodel: confusion matrix:
01/04/2018 17:33:13 [INFO] exp_shallowmodel: 
[[ 11   1   5   3]
 [  3 127   9  30]
 [  0  11 257  13]
 [  0  40  12  70]]
01/04/2018 17:33:15 [INFO] exp_shallowmodel: ******************** dstc3 - Round 1 
01/04/2018 17:33:15 [INFO] exp_shallowmodel: #(data) = 4750
01/04/2018 17:33:15 [INFO] exp_shallowmodel: #(feature) = 9295
01/04/2018 17:33:15 [INFO] exp_shallowmodel: ================================================================================
01/04/2018 17:33:15 [INFO] exp_shallowmodel: LR.pen=l1.C=1.000000
01/04/2018 17:33:15 [INFO] exp_shallowmodel: ________________________________________________________________________________
01/04/2018 17:33:15 [INFO] exp_shallowmodel: Training: 
01/04/2018 17:33:15 [INFO] exp_shallowmodel: LogisticRegression(C=1, class_weight=None, dual=False, fit_intercept=True,
          intercept_scaling=1, max_iter=100, multi_class='ovr', n_jobs=1,
          penalty='l1', random_state=None, solver='liblinear', tol=0.0001,
          verbose=0, warm_start=False)
01/04/2018 17:33:50 [INFO] exp_shallowmodel: train time: 34.513s
01/04/2018 17:33:50 [INFO] exp_shallowmodel: test time:  0.008s
01/04/2018 17:33:50 [INFO] exp_shallowmodel: accuracy:   0.775
01/04/2018 17:33:50 [INFO] exp_shallowmodel: f1_score:   0.678
01/04/2018 17:33:50 [INFO] exp_shallowmodel: classification report:
01/04/2018 17:33:50 [INFO] exp_shallowmodel:              precision    recall  f1-score   support

          A       0.60      0.45      0.51        20
          C       0.72      0.76      0.74       169
          F       0.89      0.91      0.90       281
          R       0.59      0.53      0.56       122

avg / total       0.77      0.78      0.77       592

01/04/2018 17:33:50 [INFO] exp_shallowmodel: confusion matrix:
01/04/2018 17:33:50 [INFO] exp_shallowmodel: 
[[  9   2   6   3]
 [  0 128  11  30]
 [  4   7 257  13]
 [  2  40  15  65]]
01/04/2018 17:33:50 [INFO] exp_shallowmodel: Feature selection of top 100, ranked by LR weights (selectable:non-selectable=6:94)
01/04/2018 17:34:00 [INFO] exp_shallowmodel: %%%%%%%%%%%%%%%%%%%%%%%%%%%%%%%%%%%%%%%%%%%%%%%%%%
01/04/2018 17:34:00 [INFO] exp_shallowmodel:           dataset=family
01/04/2018 17:34:00 [INFO] exp_shallowmodel:           k_feature_to_keep=7
01/04/2018 17:34:00 [INFO] exp_shallowmodel:           X_new.shape=(3530, 9303)
01/04/2018 17:34:00 [INFO] exp_shallowmodel:           #(X_selected)=128
01/04/2018 17:34:00 [INFO] exp_shallowmodel:           #(X_not_selectable)=9175
01/04/2018 17:34:00 [INFO] exp_shallowmodel: %%%%%%%%%%%%%%%%%%%%%%%%%%%%%%%%%%%%%%%%%%%%%%%%%%
01/04/2018 17:34:01 [INFO] exp_shallowmodel: ******************** family - Round 0 
01/04/2018 17:34:01 [INFO] exp_shallowmodel: #(data) = 2826
01/04/2018 17:34:01 [INFO] exp_shallowmodel: #(feature) = 9303
01/04/2018 17:34:01 [INFO] exp_shallowmodel: ================================================================================
01/04/2018 17:34:01 [INFO] exp_shallowmodel: LR.pen=l1.C=1.000000
01/04/2018 17:34:01 [INFO] exp_shallowmodel: ________________________________________________________________________________
01/04/2018 17:34:01 [INFO] exp_shallowmodel: Training: 
01/04/2018 17:34:01 [INFO] exp_shallowmodel: LogisticRegression(C=1, class_weight=None, dual=False, fit_intercept=True,
          intercept_scaling=1, max_iter=100, multi_class='ovr', n_jobs=1,
          penalty='l1', random_state=None, solver='liblinear', tol=0.0001,
          verbose=0, warm_start=False)
01/04/2018 17:34:13 [INFO] exp_shallowmodel: train time: 12.165s
01/04/2018 17:34:13 [INFO] exp_shallowmodel: test time:  0.005s
01/04/2018 17:34:13 [INFO] exp_shallowmodel: accuracy:   0.861
01/04/2018 17:34:13 [INFO] exp_shallowmodel: f1_score:   0.669
01/04/2018 17:34:13 [INFO] exp_shallowmodel: classification report:
01/04/2018 17:34:13 [INFO] exp_shallowmodel:              precision    recall  f1-score   support

          A       0.61      0.48      0.54        23
          C       0.57      0.44      0.50        27
          F       0.94      0.98      0.96       250
          R       0.67      0.69      0.68        52

avg / total       0.85      0.86      0.85       352

01/04/2018 17:34:13 [INFO] exp_shallowmodel: confusion matrix:
01/04/2018 17:34:13 [INFO] exp_shallowmodel: 
[[ 11   3   6   3]
 [  3  12   1  11]
 [  2   0 244   4]
 [  2   6   8  36]]
01/04/2018 17:34:14 [INFO] exp_shallowmodel: ******************** family - Round 1 
01/04/2018 17:34:14 [INFO] exp_shallowmodel: #(data) = 2826
01/04/2018 17:34:14 [INFO] exp_shallowmodel: #(feature) = 9303
01/04/2018 17:34:14 [INFO] exp_shallowmodel: ================================================================================
01/04/2018 17:34:14 [INFO] exp_shallowmodel: LR.pen=l1.C=1.000000
01/04/2018 17:34:14 [INFO] exp_shallowmodel: ________________________________________________________________________________
01/04/2018 17:34:14 [INFO] exp_shallowmodel: Training: 
01/04/2018 17:34:14 [INFO] exp_shallowmodel: LogisticRegression(C=1, class_weight=None, dual=False, fit_intercept=True,
          intercept_scaling=1, max_iter=100, multi_class='ovr', n_jobs=1,
          penalty='l1', random_state=None, solver='liblinear', tol=0.0001,
          verbose=0, warm_start=False)
01/04/2018 17:34:27 [INFO] exp_shallowmodel: train time: 12.479s
01/04/2018 17:34:27 [INFO] exp_shallowmodel: test time:  0.005s
01/04/2018 17:34:27 [INFO] exp_shallowmodel: accuracy:   0.886
01/04/2018 17:34:27 [INFO] exp_shallowmodel: f1_score:   0.749
01/04/2018 17:34:27 [INFO] exp_shallowmodel: classification report:
01/04/2018 17:34:27 [INFO] exp_shallowmodel:              precision    recall  f1-score   support

          A       0.90      0.39      0.55        23
          C       0.81      0.78      0.79        27
          F       0.93      0.98      0.96       250
          R       0.70      0.71      0.70        52

avg / total       0.89      0.89      0.88       352

01/04/2018 17:34:27 [INFO] exp_shallowmodel: confusion matrix:
01/04/2018 17:34:27 [INFO] exp_shallowmodel: 
[[  9   1   6   7]
 [  1  21   1   4]
 [  0   0 245   5]
 [  0   4  11  37]]
01/04/2018 17:34:28 [INFO] exp_shallowmodel: Feature selection of top 100, ranked by LR weights (selectable:non-selectable=14:86)
01/04/2018 17:34:39 [INFO] exp_shallowmodel: %%%%%%%%%%%%%%%%%%%%%%%%%%%%%%%%%%%%%%%%%%%%%%%%%%
01/04/2018 17:34:39 [INFO] exp_shallowmodel:           dataset=ghome
01/04/2018 17:34:39 [INFO] exp_shallowmodel:           k_feature_to_keep=7
01/04/2018 17:34:39 [INFO] exp_shallowmodel:           X_new.shape=(5241, 9296)
01/04/2018 17:34:39 [INFO] exp_shallowmodel:           #(X_selected)=128
01/04/2018 17:34:39 [INFO] exp_shallowmodel:           #(X_not_selectable)=9168
01/04/2018 17:34:39 [INFO] exp_shallowmodel: %%%%%%%%%%%%%%%%%%%%%%%%%%%%%%%%%%%%%%%%%%%%%%%%%%
01/04/2018 17:34:41 [INFO] exp_shallowmodel: ******************** ghome - Round 0 
01/04/2018 17:34:41 [INFO] exp_shallowmodel: #(data) = 4197
01/04/2018 17:34:41 [INFO] exp_shallowmodel: #(feature) = 9296
01/04/2018 17:34:41 [INFO] exp_shallowmodel: ================================================================================
01/04/2018 17:34:41 [INFO] exp_shallowmodel: LR.pen=l1.C=1.000000
01/04/2018 17:34:41 [INFO] exp_shallowmodel: ________________________________________________________________________________
01/04/2018 17:34:41 [INFO] exp_shallowmodel: Training: 
01/04/2018 17:34:41 [INFO] exp_shallowmodel: LogisticRegression(C=1, class_weight=None, dual=False, fit_intercept=True,
          intercept_scaling=1, max_iter=100, multi_class='ovr', n_jobs=1,
          penalty='l1', random_state=None, solver='liblinear', tol=0.0001,
          verbose=0, warm_start=False)
01/04/2018 17:35:02 [INFO] exp_shallowmodel: train time: 21.430s
01/04/2018 17:35:02 [INFO] exp_shallowmodel: test time:  0.007s
01/04/2018 17:35:02 [INFO] exp_shallowmodel: accuracy:   0.868
01/04/2018 17:35:02 [INFO] exp_shallowmodel: f1_score:   0.589
01/04/2018 17:35:02 [INFO] exp_shallowmodel: classification report:
01/04/2018 17:35:02 [INFO] exp_shallowmodel:              precision    recall  f1-score   support

          A       0.57      0.51      0.54        59
          C       0.40      0.17      0.24        12
          F       0.94      0.98      0.96       396
          R       0.66      0.60      0.63        55

avg / total       0.85      0.87      0.86       522

01/04/2018 17:35:02 [INFO] exp_shallowmodel: confusion matrix:
01/04/2018 17:35:02 [INFO] exp_shallowmodel: 
[[ 30   2  13  14]
 [  2   2   7   1]
 [  5   1 388   2]
 [ 16   0   6  33]]
01/04/2018 17:35:04 [INFO] exp_shallowmodel: ******************** ghome - Round 1 
01/04/2018 17:35:04 [INFO] exp_shallowmodel: #(data) = 4197
01/04/2018 17:35:04 [INFO] exp_shallowmodel: #(feature) = 9296
01/04/2018 17:35:04 [INFO] exp_shallowmodel: ================================================================================
01/04/2018 17:35:04 [INFO] exp_shallowmodel: LR.pen=l1.C=1.000000
01/04/2018 17:35:04 [INFO] exp_shallowmodel: ________________________________________________________________________________
01/04/2018 17:35:04 [INFO] exp_shallowmodel: Training: 
01/04/2018 17:35:04 [INFO] exp_shallowmodel: LogisticRegression(C=1, class_weight=None, dual=False, fit_intercept=True,
          intercept_scaling=1, max_iter=100, multi_class='ovr', n_jobs=1,
          penalty='l1', random_state=None, solver='liblinear', tol=0.0001,
          verbose=0, warm_start=False)
01/04/2018 17:35:25 [INFO] exp_shallowmodel: train time: 20.730s
01/04/2018 17:35:25 [INFO] exp_shallowmodel: test time:  0.007s
01/04/2018 17:35:25 [INFO] exp_shallowmodel: accuracy:   0.902
01/04/2018 17:35:25 [INFO] exp_shallowmodel: f1_score:   0.654
01/04/2018 17:35:25 [INFO] exp_shallowmodel: classification report:
01/04/2018 17:35:25 [INFO] exp_shallowmodel:              precision    recall  f1-score   support

          A       0.75      0.69      0.72        59
          C       0.50      0.17      0.25        12
          F       0.96      0.98      0.97       396
          R       0.66      0.69      0.67        55

avg / total       0.90      0.90      0.90       522

01/04/2018 17:35:25 [INFO] exp_shallowmodel: confusion matrix:
01/04/2018 17:35:25 [INFO] exp_shallowmodel: 
[[ 41   0   5  13]
 [  5   2   3   2]
 [  1   0 390   5]
 [  8   2   7  38]]
01/04/2018 17:35:26 [INFO] exp_shallowmodel: Feature selection of top 100, ranked by LR weights (selectable:non-selectable=9:91)
Done: 20180104-173526
/ihome/pbrusilosky/rum20/packages/anaconda3/lib/python3.6/site-packages/sklearn/preprocessing/data.py:164: UserWarning: Numerical issues were encountered when centering the data and might not be solved. Dataset may contain too large values. You may need to prescale your features.
  warnings.warn("Numerical issues were encountered "
/ihome/pbrusilosky/rum20/packages/anaconda3/lib/python3.6/site-packages/sklearn/preprocessing/data.py:169: RuntimeWarning: invalid value encountered in subtract
  Xr -= mean_1
/ihome/pbrusilosky/rum20/packages/anaconda3/lib/python3.6/site-packages/sklearn/preprocessing/data.py:181: UserWarning: Numerical issues were encountered when scaling the data and might not be solved. The standard deviation of the data is probably very close to 0. 
  warnings.warn("Numerical issues were encountered "
/ihome/pbrusilosky/rum20/packages/anaconda3/lib/python3.6/site-packages/sklearn/preprocessing/data.py:164: UserWarning: Numerical issues were encountered when centering the data and might not be solved. Dataset may contain too large values. You may need to prescale your features.
  warnings.warn("Numerical issues were encountered "
/ihome/pbrusilosky/rum20/packages/anaconda3/lib/python3.6/site-packages/sklearn/preprocessing/data.py:169: RuntimeWarning: invalid value encountered in subtract
  Xr -= mean_1
/ihome/pbrusilosky/rum20/packages/anaconda3/lib/python3.6/site-packages/sklearn/preprocessing/data.py:181: UserWarning: Numerical issues were encountered when scaling the data and might not be solved. The standard deviation of the data is probably very close to 0. 
  warnings.warn("Numerical issues were encountered "
/ihome/pbrusilosky/rum20/packages/anaconda3/lib/python3.6/site-packages/sklearn/preprocessing/data.py:164: UserWarning: Numerical issues were encountered when centering the data and might not be solved. Dataset may contain too large values. You may need to prescale your features.
  warnings.warn("Numerical issues were encountered "
/ihome/pbrusilosky/rum20/packages/anaconda3/lib/python3.6/site-packages/sklearn/preprocessing/data.py:169: RuntimeWarning: invalid value encountered in subtract
  Xr -= mean_1
/ihome/pbrusilosky/rum20/packages/anaconda3/lib/python3.6/site-packages/sklearn/preprocessing/data.py:181: UserWarning: Numerical issues were encountered when scaling the data and might not be solved. The standard deviation of the data is probably very close to 0. 
  warnings.warn("Numerical issues were encountered "
/ihome/pbrusilosky/rum20/packages/anaconda3/lib/python3.6/site-packages/sklearn/preprocessing/data.py:164: UserWarning: Numerical issues were encountered when centering the data and might not be solved. Dataset may contain too large values. You may need to prescale your features.
  warnings.warn("Numerical issues were encountered "
/ihome/pbrusilosky/rum20/packages/anaconda3/lib/python3.6/site-packages/sklearn/preprocessing/data.py:169: RuntimeWarning: invalid value encountered in subtract
  Xr -= mean_1
/ihome/pbrusilosky/rum20/packages/anaconda3/lib/python3.6/site-packages/sklearn/preprocessing/data.py:181: UserWarning: Numerical issues were encountered when scaling the data and might not be solved. The standard deviation of the data is probably very close to 0. 
  warnings.warn("Numerical issues were encountered "
/ihome/pbrusilosky/rum20/packages/anaconda3/lib/python3.6/site-packages/sklearn/preprocessing/data.py:164: UserWarning: Numerical issues were encountered when centering the data and might not be solved. Dataset may contain too large values. You may need to prescale your features.
  warnings.warn("Numerical issues were encountered "
/ihome/pbrusilosky/rum20/packages/anaconda3/lib/python3.6/site-packages/sklearn/preprocessing/data.py:169: RuntimeWarning: invalid value encountered in subtract
  Xr -= mean_1
/ihome/pbrusilosky/rum20/packages/anaconda3/lib/python3.6/site-packages/sklearn/preprocessing/data.py:181: UserWarning: Numerical issues were encountered when scaling the data and might not be solved. The standard deviation of the data is probably very close to 0. 
  warnings.warn("Numerical issues were encountered "
/ihome/pbrusilosky/rum20/packages/anaconda3/lib/python3.6/site-packages/sklearn/preprocessing/data.py:164: UserWarning: Numerical issues were encountered when centering the data and might not be solved. Dataset may contain too large values. You may need to prescale your features.
  warnings.warn("Numerical issues were encountered "
/ihome/pbrusilosky/rum20/packages/anaconda3/lib/python3.6/site-packages/sklearn/preprocessing/data.py:169: RuntimeWarning: invalid value encountered in subtract
  Xr -= mean_1
/ihome/pbrusilosky/rum20/packages/anaconda3/lib/python3.6/site-packages/sklearn/preprocessing/data.py:181: UserWarning: Numerical issues were encountered when scaling the data and might not be solved. The standard deviation of the data is probably very close to 0. 
  warnings.warn("Numerical issues were encountered "
/ihome/pbrusilosky/rum20/packages/anaconda3/lib/python3.6/site-packages/sklearn/preprocessing/data.py:164: UserWarning: Numerical issues were encountered when centering the data and might not be solved. Dataset may contain too large values. You may need to prescale your features.
  warnings.warn("Numerical issues were encountered "
/ihome/pbrusilosky/rum20/packages/anaconda3/lib/python3.6/site-packages/sklearn/preprocessing/data.py:169: RuntimeWarning: invalid value encountered in subtract
  Xr -= mean_1
/ihome/pbrusilosky/rum20/packages/anaconda3/lib/python3.6/site-packages/sklearn/preprocessing/data.py:181: UserWarning: Numerical issues were encountered when scaling the data and might not be solved. The standard deviation of the data is probably very close to 0. 
  warnings.warn("Numerical issues were encountered "
/ihome/pbrusilosky/rum20/packages/anaconda3/lib/python3.6/site-packages/sklearn/preprocessing/data.py:164: UserWarning: Numerical issues were encountered when centering the data and might not be solved. Dataset may contain too large values. You may need to prescale your features.
  warnings.warn("Numerical issues were encountered "
/ihome/pbrusilosky/rum20/packages/anaconda3/lib/python3.6/site-packages/sklearn/preprocessing/data.py:169: RuntimeWarning: invalid value encountered in subtract
  Xr -= mean_1
/ihome/pbrusilosky/rum20/packages/anaconda3/lib/python3.6/site-packages/sklearn/preprocessing/data.py:181: UserWarning: Numerical issues were encountered when scaling the data and might not be solved. The standard deviation of the data is probably very close to 0. 
  warnings.warn("Numerical issues were encountered "
