/ihome/pbrusilosky/rum20/packages/anaconda3/bin/python -m dialogue.classify.task_runner -experiment_mode discrete_feature_selection -selected_feature_set_id 9 -add_similarity_feature -selected_context_id 0 -k_feature_to_keep 5
No. of param settings = 1
[('experiment_mode', 'discrete_feature_selection'), ('deep_model', False), ('selected_context_id', 0), ('selected_feature_set_id', 9), ('similarity_feature', True), ('k_feature_to_keep', 5)]
01/04/2018 17:31:27 [INFO] configuration: experiment_mode  :   discrete_feature_selection
01/04/2018 17:31:27 [INFO] configuration: deep_model  :   False
01/04/2018 17:31:27 [INFO] configuration: selected_context_id  :   0
01/04/2018 17:31:27 [INFO] configuration: selected_feature_set_id  :   9
01/04/2018 17:31:27 [INFO] configuration: similarity_feature  :   True
01/04/2018 17:31:27 [INFO] configuration: k_feature_to_keep  :   5
01/04/2018 17:31:27 [INFO] configuration: seed  :   154316847
01/04/2018 17:31:27 [INFO] configuration: root_path  :   /ihome/pbrusilosky/rum20/y_classify
01/04/2018 17:31:27 [INFO] configuration: task_name  :   utterance_type
01/04/2018 17:31:27 [INFO] configuration: timemark  :   20180104-173127
01/04/2018 17:31:27 [INFO] configuration: context_set  :   next
01/04/2018 17:31:27 [INFO] configuration: utterance_names  :   ['last_user_utterance', 'last_system_utterance', 'current_user_utterance', 'next_system_utterance', 'next_user_utterance']
01/04/2018 17:31:27 [INFO] configuration: utterance_range  :   ['current_user_utterance', 'next_system_utterance', 'next_user_utterance']
01/04/2018 17:31:27 [INFO] configuration: feature_set  :   9-[2+1.3.4]
01/04/2018 17:31:27 [INFO] configuration: feature_set_number  :   ['1', '2', '3', '5', '6', '7', '4']
01/04/2018 17:31:27 [INFO] configuration: experiment_name  :   20180104-173127.discrete_feature_selection.feature_number=5.context=next.feature=9-[2+1.3.4].similarity=true
01/04/2018 17:31:27 [INFO] configuration: experiment_path  :   /ihome/pbrusilosky/rum20/y_classify/output/20180104-173127.discrete_feature_selection.feature_number=5.context=next.feature=9-[2+1.3.4].similarity=true
01/04/2018 17:31:27 [INFO] configuration: log_path  :   /ihome/pbrusilosky/rum20/y_classify/output/20180104-173127.discrete_feature_selection.feature_number=5.context=next.feature=9-[2+1.3.4].similarity=true/output.log
01/04/2018 17:31:27 [INFO] configuration: valid_type  :   {'A', 'F', 'R', 'C'}
01/04/2018 17:31:27 [INFO] configuration: data_name  :   
01/04/2018 17:31:27 [INFO] configuration: data_names  :   ['dstc2', 'dstc3', 'family', 'ghome']
01/04/2018 17:31:27 [INFO] configuration: raw_feature_path  :   /ihome/pbrusilosky/rum20/y_classify/dataset/feature/%s.raw_feature.pkl
01/04/2018 17:31:27 [INFO] configuration: extracted_feature_path  :   /ihome/pbrusilosky/rum20/y_classify/dataset/feature/%s.extracted_feature.pkl
01/04/2018 17:31:27 [INFO] configuration: pipeline_path  :   /ihome/pbrusilosky/rum20/y_classify/dataset/feature/%s.pipeline.pkl
01/04/2018 17:31:27 [INFO] configuration: metrics  :   ['accuracy', 'precision', 'recall', 'f1_score', 'training_time', 'test_time']
01/04/2018 17:31:27 [INFO] configuration: do_cross_validation  :   True
01/04/2018 17:31:27 [INFO] configuration: #division  :   5
01/04/2018 17:31:27 [INFO] configuration: #cross_validation  :   10
01/04/2018 17:31:27 [INFO] configuration: cv_index_cache_path  :   
01/04/2018 17:31:27 [INFO] configuration: action_words  :   {'centr', 'reminders', 'matter', 'turn', 'start', 'next', 'els', 'expens', 'alarm', 'moderate', 'telephone', 'help', 'music', 'items', 'ani', 'list', 'reminds', 'room', 'time', 'reminder', 'video', 'volume', 'south', 'phone', 'temperature', 'temperatur', 'song', 'remov', 'findcar', 'cast', 'add', 'show', 'tell', 'play', 'price', 'shuffl', 'moder', 'weather', 'clear', 'discard', 'delete', 'any', 'telephon', 'snooz', 'remove', 'skip', 'address', 'delet', 'light', 'item', 'member', 'expensive', 'shuffle', 'north', 'food', 'stop', 'share', 'timer', 'centre', 'snooze', 'else', 'cheap', 'part', 'watch', 'remind', 'number', 'volum', 'area', 'post', 'findcare'}
01/04/2018 17:31:27 [INFO] configuration: corenlp_jars  :   ('/Users/memray/Project/stanford/stanford-corenlp-full-3.8.0/*', '/Users/memray/Project/stanford/stanford-corenlp-full-3.8.0/stanford-english-kbp-corenlp-2017-06-09-models.jar')
01/04/2018 17:31:27 [INFO] configuration: lda_topic_number  :   50
01/04/2018 17:31:27 [INFO] configuration: lda_path  :   /ihome/pbrusilosky/rum20/y_classify/dataset/feature/gensim/%s.topic=50.lda.pkl
01/04/2018 17:31:27 [INFO] configuration: gensim_corpus_path  :   /ihome/pbrusilosky/rum20/y_classify/dataset/feature/gensim/%s.corpus.pkl
01/04/2018 17:31:27 [INFO] configuration: gensim_dict_path  :   /ihome/pbrusilosky/rum20/y_classify/dataset/feature/gensim/%s.dict
01/04/2018 17:31:27 [INFO] configuration: w2v_path  :   /home/memray/Data/glove/GoogleNews-vectors-negative300.bin
01/04/2018 17:31:27 [INFO] configuration: w2v_vector_length  :   300
01/04/2018 17:31:27 [INFO] configuration: d2v_vector_length  :   300
01/04/2018 17:31:27 [INFO] configuration: d2v_window_size  :   5
01/04/2018 17:31:27 [INFO] configuration: d2v_min_count  :   2
01/04/2018 17:31:27 [INFO] configuration: d2v_model_path  :   /ihome/pbrusilosky/rum20/y_classify/dataset/feature/gensim/%s.doc2vec.dim=300.window=5.min_count=2.model
01/04/2018 17:31:27 [INFO] configuration: d2v_vector_path  :   /ihome/pbrusilosky/rum20/y_classify/dataset/feature/gensim/%s.doc2vec.dim=300.window=5.min_count=2.vector
01/04/2018 17:31:27 [INFO] configuration: num_word_keep  :   {'dstc2': 300, 'dstc3': 300, 'family': 1000, 'ghome': 1000}
01/04/2018 17:31:27 [INFO] configuration: batch_size  :   128
01/04/2018 17:31:27 [INFO] configuration: max_epoch  :   50
01/04/2018 17:31:27 [INFO] configuration: early_stop_tolerance  :   2
01/04/2018 17:31:27 [INFO] configuration: concat_sents  :   False
01/04/2018 17:31:27 [INFO] configuration: cnn_setting  :   {'model': 'multichannel', 'early_stopping': True, 'word_dim': 300, 'filters': [3, 4, 5], 'filter_num': [100, 100, 100], 'class_size': 4, 'batch_size': 128, 'learning_rate': 0.001, 'norm_limit': 10, 'dropout_prob': 0.0, 'sentence_num': 3}
01/04/2018 17:31:27 [INFO] configuration: skipthought_setting  :   {'skipthought_model_path': '/Users/memray/Data/skip-thought', 'skipthought_data_path': '/ihome/pbrusilosky/rum20/y_classify/dataset/feature/gensim/%s.skip-thought.biskip.vector', 'fixed_emb': True, 'sentence_num': 3, 'hidden_size': 2400, 'class_size': 4, 'learning_rate': 0.0001, 'norm_limit': 3, 'dropout_prob': 0.5}
01/04/2018 17:31:27 [INFO] configuration: lstm_setting  :   {'model': 'non-static', 'hidden_size': 32, 'embedding_size': 300, 'num_layers': 1, 'bidirectional': False, 'learning_rate': 0.001, 'class_size': 4, 'norm_limit': 2, 'clip_grad_norm': 2, 'dropout_prob': 0.1}
01/04/2018 17:31:31 [INFO] exp_shallowmodel: %%%%%%%%%%%%%%%%%%%%%%%%%%%%%%%%%%%%%%%%%%%%%%%%%%
01/04/2018 17:31:31 [INFO] exp_shallowmodel:           dataset=dstc2
01/04/2018 17:31:31 [INFO] exp_shallowmodel:           k_feature_to_keep=5
01/04/2018 17:31:31 [INFO] exp_shallowmodel:           X_new.shape=(5725, 44)
01/04/2018 17:31:31 [INFO] exp_shallowmodel:           #(X_selected)=32
01/04/2018 17:31:31 [INFO] exp_shallowmodel:           #(X_not_selectable)=12
01/04/2018 17:31:31 [INFO] exp_shallowmodel: %%%%%%%%%%%%%%%%%%%%%%%%%%%%%%%%%%%%%%%%%%%%%%%%%%
01/04/2018 17:31:31 [INFO] exp_shallowmodel: ******************** dstc2 - Round 0 
01/04/2018 17:31:31 [INFO] exp_shallowmodel: #(data) = 4583
01/04/2018 17:31:31 [INFO] exp_shallowmodel: #(feature) = 44
01/04/2018 17:31:31 [INFO] exp_shallowmodel: ================================================================================
01/04/2018 17:31:31 [INFO] exp_shallowmodel: LR.pen=l1.C=1.000000
01/04/2018 17:31:31 [INFO] exp_shallowmodel: ________________________________________________________________________________
01/04/2018 17:31:31 [INFO] exp_shallowmodel: Training: 
01/04/2018 17:31:31 [INFO] exp_shallowmodel: LogisticRegression(C=1, class_weight=None, dual=False, fit_intercept=True,
          intercept_scaling=1, max_iter=100, multi_class='ovr', n_jobs=1,
          penalty='l1', random_state=None, solver='liblinear', tol=0.0001,
          verbose=0, warm_start=False)
01/04/2018 17:31:32 [INFO] exp_shallowmodel: train time: 0.696s
01/04/2018 17:31:32 [INFO] exp_shallowmodel: test time:  0.000s
01/04/2018 17:31:32 [INFO] exp_shallowmodel: accuracy:   0.842
01/04/2018 17:31:32 [INFO] exp_shallowmodel: f1_score:   0.702
01/04/2018 17:31:32 [INFO] exp_shallowmodel: classification report:
01/04/2018 17:31:32 [INFO] exp_shallowmodel:              precision    recall  f1-score   support

          A       0.60      0.21      0.32        14
          C       0.77      0.85      0.81       164
          F       0.88      0.94      0.91       268
          R       0.86      0.70      0.77       125

avg / total       0.84      0.84      0.84       571

01/04/2018 17:31:32 [INFO] exp_shallowmodel: confusion matrix:
01/04/2018 17:31:32 [INFO] exp_shallowmodel: 
[[  3   2   9   0]
 [  0 140  14  10]
 [  2  11 251   4]
 [  0  28  10  87]]
01/04/2018 17:31:32 [INFO] exp_shallowmodel: ******************** dstc2 - Round 1 
01/04/2018 17:31:32 [INFO] exp_shallowmodel: #(data) = 4583
01/04/2018 17:31:32 [INFO] exp_shallowmodel: #(feature) = 44
01/04/2018 17:31:32 [INFO] exp_shallowmodel: ================================================================================
01/04/2018 17:31:32 [INFO] exp_shallowmodel: LR.pen=l1.C=1.000000
01/04/2018 17:31:32 [INFO] exp_shallowmodel: ________________________________________________________________________________
01/04/2018 17:31:32 [INFO] exp_shallowmodel: Training: 
01/04/2018 17:31:32 [INFO] exp_shallowmodel: LogisticRegression(C=1, class_weight=None, dual=False, fit_intercept=True,
          intercept_scaling=1, max_iter=100, multi_class='ovr', n_jobs=1,
          penalty='l1', random_state=None, solver='liblinear', tol=0.0001,
          verbose=0, warm_start=False)
01/04/2018 17:31:34 [INFO] exp_shallowmodel: train time: 1.918s
01/04/2018 17:31:34 [INFO] exp_shallowmodel: test time:  0.000s
01/04/2018 17:31:34 [INFO] exp_shallowmodel: accuracy:   0.807
01/04/2018 17:31:34 [INFO] exp_shallowmodel: f1_score:   0.626
01/04/2018 17:31:34 [INFO] exp_shallowmodel: classification report:
01/04/2018 17:31:34 [INFO] exp_shallowmodel:              precision    recall  f1-score   support

          A       0.33      0.07      0.12        14
          C       0.75      0.79      0.77       164
          F       0.86      0.91      0.89       268
          R       0.77      0.70      0.73       125

avg / total       0.80      0.81      0.80       571

01/04/2018 17:31:34 [INFO] exp_shallowmodel: confusion matrix:
01/04/2018 17:31:34 [INFO] exp_shallowmodel: 
[[  1   2  11   0]
 [  0 129  18  17]
 [  2  13 244   9]
 [  0  28  10  87]]
Traceback (most recent call last):
  File "/ihome/pbrusilosky/rum20/packages/anaconda3/lib/python3.6/runpy.py", line 193, in _run_module_as_main
    "__main__", mod_spec)
  File "/ihome/pbrusilosky/rum20/packages/anaconda3/lib/python3.6/runpy.py", line 85, in _run_code
    exec(code, run_globals)
  File "/ihome/pbrusilosky/rum20/y_classify/dialogue/classify/task_runner.py", line 212, in <module>
    worker(q, data_dict, opt)
  File "/ihome/pbrusilosky/rum20/y_classify/dialogue/classify/task_runner.py", line 175, in worker
    result = exp.run_cross_validation_with_discrete_feature_selection(X, Y, retained_feature_indices, retained_feature_names, opt.k_feature_to_keep)
  File "/ihome/pbrusilosky/rum20/y_classify/dialogue/classify/exp_shallowmodel.py", line 1046, in run_cross_validation_with_discrete_feature_selection
    self.print_feature_importance_report(cv_results, selected_chi2_stats, selected_pvals, selected_feature_indices, selected_feature_names, not_selectable_feature_indices, not_selectable_feature_names)
  File "/ihome/pbrusilosky/rum20/y_classify/dialogue/classify/exp_shallowmodel.py", line 1088, in print_feature_importance_report
    plt.bar(X_indices - .45, chi2_stats, width=.2, label='chi2', color='darkorange')
  File "/ihome/pbrusilosky/rum20/packages/anaconda3/lib/python3.6/site-packages/matplotlib/pyplot.py", line 2627, in bar
    ret = ax.bar(*args, **kwargs)
  File "/ihome/pbrusilosky/rum20/packages/anaconda3/lib/python3.6/site-packages/matplotlib/__init__.py", line 1710, in inner
    return func(ax, *args, **kwargs)
  File "/ihome/pbrusilosky/rum20/packages/anaconda3/lib/python3.6/site-packages/matplotlib/axes/_axes.py", line 2081, in bar
    np.atleast_1d(x), height, width, y, linewidth)
  File "/ihome/pbrusilosky/rum20/packages/anaconda3/lib/python3.6/site-packages/numpy/lib/stride_tricks.py", line 249, in broadcast_arrays
    shape = _broadcast_shape(*args)
  File "/ihome/pbrusilosky/rum20/packages/anaconda3/lib/python3.6/site-packages/numpy/lib/stride_tricks.py", line 184, in _broadcast_shape
    b = np.broadcast(*args[:32])
ValueError: shape mismatch: objects cannot be broadcast to a single shape
srun: error: smp-n2: task 0: Exited with exit code 1
