/ihome/pbrusilosky/rum20/packages/anaconda3/bin/python -m dialogue.classify.task_runner -experiment_mode discrete_feature_selection -selected_feature_set_id 10 -add_similarity_feature -selected_context_id 0 -k_feature_to_keep 9
No. of param settings = 1
[('experiment_mode', 'discrete_feature_selection'), ('deep_model', False), ('selected_context_id', 0), ('selected_feature_set_id', 10), ('similarity_feature', True), ('k_feature_to_keep', 9)]
01/04/2018 17:31:29 [INFO] configuration: experiment_mode  :   discrete_feature_selection
01/04/2018 17:31:29 [INFO] configuration: deep_model  :   False
01/04/2018 17:31:29 [INFO] configuration: selected_context_id  :   0
01/04/2018 17:31:29 [INFO] configuration: selected_feature_set_id  :   10
01/04/2018 17:31:29 [INFO] configuration: similarity_feature  :   True
01/04/2018 17:31:29 [INFO] configuration: k_feature_to_keep  :   9
01/04/2018 17:31:29 [INFO] configuration: seed  :   154316847
01/04/2018 17:31:29 [INFO] configuration: root_path  :   /ihome/pbrusilosky/rum20/y_classify
01/04/2018 17:31:29 [INFO] configuration: task_name  :   utterance_type
01/04/2018 17:31:29 [INFO] configuration: timemark  :   20180104-173129
01/04/2018 17:31:29 [INFO] configuration: context_set  :   next
01/04/2018 17:31:29 [INFO] configuration: utterance_names  :   ['last_user_utterance', 'last_system_utterance', 'current_user_utterance', 'next_system_utterance', 'next_user_utterance']
01/04/2018 17:31:29 [INFO] configuration: utterance_range  :   ['current_user_utterance', 'next_system_utterance', 'next_user_utterance']
01/04/2018 17:31:29 [INFO] configuration: feature_set  :   10-[5+1.3.4]
01/04/2018 17:31:29 [INFO] configuration: feature_set_number  :   ['1', '2', '3', '5', '6', '7', '8']
01/04/2018 17:31:29 [INFO] configuration: experiment_name  :   20180104-173129.discrete_feature_selection.feature_number=9.context=next.feature=10-[5+1.3.4].similarity=true
01/04/2018 17:31:29 [INFO] configuration: experiment_path  :   /ihome/pbrusilosky/rum20/y_classify/output/20180104-173129.discrete_feature_selection.feature_number=9.context=next.feature=10-[5+1.3.4].similarity=true
01/04/2018 17:31:29 [INFO] configuration: log_path  :   /ihome/pbrusilosky/rum20/y_classify/output/20180104-173129.discrete_feature_selection.feature_number=9.context=next.feature=10-[5+1.3.4].similarity=true/output.log
01/04/2018 17:31:29 [INFO] configuration: valid_type  :   {'C', 'R', 'A', 'F'}
01/04/2018 17:31:29 [INFO] configuration: data_name  :   
01/04/2018 17:31:29 [INFO] configuration: data_names  :   ['dstc2', 'dstc3', 'family', 'ghome']
01/04/2018 17:31:29 [INFO] configuration: raw_feature_path  :   /ihome/pbrusilosky/rum20/y_classify/dataset/feature/%s.raw_feature.pkl
01/04/2018 17:31:29 [INFO] configuration: extracted_feature_path  :   /ihome/pbrusilosky/rum20/y_classify/dataset/feature/%s.extracted_feature.pkl
01/04/2018 17:31:29 [INFO] configuration: pipeline_path  :   /ihome/pbrusilosky/rum20/y_classify/dataset/feature/%s.pipeline.pkl
01/04/2018 17:31:29 [INFO] configuration: metrics  :   ['accuracy', 'precision', 'recall', 'f1_score', 'training_time', 'test_time']
01/04/2018 17:31:29 [INFO] configuration: do_cross_validation  :   True
01/04/2018 17:31:29 [INFO] configuration: #division  :   5
01/04/2018 17:31:29 [INFO] configuration: #cross_validation  :   10
01/04/2018 17:31:29 [INFO] configuration: cv_index_cache_path  :   
01/04/2018 17:31:29 [INFO] configuration: action_words  :   {'delet', 'shuffl', 'els', 'findcare', 'discard', 'reminds', 'delete', 'items', 'cheap', 'address', 'expensive', 'part', 'add', 'music', 'telephone', 'number', 'light', 'help', 'play', 'show', 'matter', 'post', 'timer', 'stop', 'volume', 'start', 'skip', 'alarm', 'food', 'room', 'clear', 'moder', 'next', 'reminders', 'north', 'volum', 'expens', 'song', 'shuffle', 'temperature', 'area', 'centre', 'findcar', 'video', 'share', 'weather', 'any', 'telephon', 'ani', 'time', 'list', 'snooze', 'centr', 'member', 'moderate', 'phone', 'remind', 'remov', 'temperatur', 'tell', 'snooz', 'remove', 'cast', 'turn', 'else', 'price', 'south', 'reminder', 'item', 'watch'}
01/04/2018 17:31:29 [INFO] configuration: corenlp_jars  :   ('/Users/memray/Project/stanford/stanford-corenlp-full-3.8.0/*', '/Users/memray/Project/stanford/stanford-corenlp-full-3.8.0/stanford-english-kbp-corenlp-2017-06-09-models.jar')
01/04/2018 17:31:29 [INFO] configuration: lda_topic_number  :   50
01/04/2018 17:31:29 [INFO] configuration: lda_path  :   /ihome/pbrusilosky/rum20/y_classify/dataset/feature/gensim/%s.topic=50.lda.pkl
01/04/2018 17:31:29 [INFO] configuration: gensim_corpus_path  :   /ihome/pbrusilosky/rum20/y_classify/dataset/feature/gensim/%s.corpus.pkl
01/04/2018 17:31:29 [INFO] configuration: gensim_dict_path  :   /ihome/pbrusilosky/rum20/y_classify/dataset/feature/gensim/%s.dict
01/04/2018 17:31:29 [INFO] configuration: w2v_path  :   /home/memray/Data/glove/GoogleNews-vectors-negative300.bin
01/04/2018 17:31:29 [INFO] configuration: w2v_vector_length  :   300
01/04/2018 17:31:29 [INFO] configuration: d2v_vector_length  :   300
01/04/2018 17:31:29 [INFO] configuration: d2v_window_size  :   5
01/04/2018 17:31:29 [INFO] configuration: d2v_min_count  :   2
01/04/2018 17:31:29 [INFO] configuration: d2v_model_path  :   /ihome/pbrusilosky/rum20/y_classify/dataset/feature/gensim/%s.doc2vec.dim=300.window=5.min_count=2.model
01/04/2018 17:31:29 [INFO] configuration: d2v_vector_path  :   /ihome/pbrusilosky/rum20/y_classify/dataset/feature/gensim/%s.doc2vec.dim=300.window=5.min_count=2.vector
01/04/2018 17:31:29 [INFO] configuration: num_word_keep  :   {'dstc2': 300, 'dstc3': 300, 'family': 1000, 'ghome': 1000}
01/04/2018 17:31:29 [INFO] configuration: batch_size  :   128
01/04/2018 17:31:29 [INFO] configuration: max_epoch  :   50
01/04/2018 17:31:29 [INFO] configuration: early_stop_tolerance  :   2
01/04/2018 17:31:29 [INFO] configuration: concat_sents  :   False
01/04/2018 17:31:29 [INFO] configuration: cnn_setting  :   {'model': 'multichannel', 'early_stopping': True, 'word_dim': 300, 'filters': [3, 4, 5], 'filter_num': [100, 100, 100], 'class_size': 4, 'batch_size': 128, 'learning_rate': 0.001, 'norm_limit': 10, 'dropout_prob': 0.0, 'sentence_num': 3}
01/04/2018 17:31:29 [INFO] configuration: skipthought_setting  :   {'skipthought_model_path': '/Users/memray/Data/skip-thought', 'skipthought_data_path': '/ihome/pbrusilosky/rum20/y_classify/dataset/feature/gensim/%s.skip-thought.biskip.vector', 'fixed_emb': True, 'sentence_num': 3, 'hidden_size': 2400, 'class_size': 4, 'learning_rate': 0.0001, 'norm_limit': 3, 'dropout_prob': 0.5}
01/04/2018 17:31:29 [INFO] configuration: lstm_setting  :   {'model': 'non-static', 'hidden_size': 32, 'embedding_size': 300, 'num_layers': 1, 'bidirectional': False, 'learning_rate': 0.001, 'class_size': 4, 'norm_limit': 2, 'clip_grad_norm': 2, 'dropout_prob': 0.1}
01/04/2018 17:31:33 [INFO] exp_shallowmodel: %%%%%%%%%%%%%%%%%%%%%%%%%%%%%%%%%%%%%%%%%%%%%%%%%%
01/04/2018 17:31:33 [INFO] exp_shallowmodel:           dataset=dstc2
01/04/2018 17:31:33 [INFO] exp_shallowmodel:           k_feature_to_keep=9
01/04/2018 17:31:33 [INFO] exp_shallowmodel:           X_new.shape=(5725, 673)
01/04/2018 17:31:33 [INFO] exp_shallowmodel:           #(X_selected)=512
01/04/2018 17:31:33 [INFO] exp_shallowmodel:           #(X_not_selectable)=161
01/04/2018 17:31:33 [INFO] exp_shallowmodel: %%%%%%%%%%%%%%%%%%%%%%%%%%%%%%%%%%%%%%%%%%%%%%%%%%
01/04/2018 17:31:33 [INFO] exp_shallowmodel: ******************** dstc2 - Round 0 
01/04/2018 17:31:33 [INFO] exp_shallowmodel: #(data) = 4583
01/04/2018 17:31:33 [INFO] exp_shallowmodel: #(feature) = 673
01/04/2018 17:31:33 [INFO] exp_shallowmodel: ================================================================================
01/04/2018 17:31:33 [INFO] exp_shallowmodel: LR.pen=l1.C=1.000000
01/04/2018 17:31:33 [INFO] exp_shallowmodel: ________________________________________________________________________________
01/04/2018 17:31:33 [INFO] exp_shallowmodel: Training: 
01/04/2018 17:31:33 [INFO] exp_shallowmodel: LogisticRegression(C=1, class_weight=None, dual=False, fit_intercept=True,
          intercept_scaling=1, max_iter=100, multi_class='ovr', n_jobs=1,
          penalty='l1', random_state=None, solver='liblinear', tol=0.0001,
          verbose=0, warm_start=False)
01/04/2018 17:32:01 [INFO] exp_shallowmodel: train time: 27.838s
01/04/2018 17:32:01 [INFO] exp_shallowmodel: test time:  0.001s
01/04/2018 17:32:01 [INFO] exp_shallowmodel: accuracy:   0.883
01/04/2018 17:32:01 [INFO] exp_shallowmodel: f1_score:   0.791
01/04/2018 17:32:01 [INFO] exp_shallowmodel: classification report:
01/04/2018 17:32:01 [INFO] exp_shallowmodel:              precision    recall  f1-score   support

          A       0.75      0.43      0.55        14
          C       0.81      0.85      0.83       164
          F       0.94      0.95      0.95       268
          R       0.85      0.83      0.84       125

avg / total       0.88      0.88      0.88       571

01/04/2018 17:32:01 [INFO] exp_shallowmodel: confusion matrix:
01/04/2018 17:32:01 [INFO] exp_shallowmodel: 
[[  6   2   5   1]
 [  1 139   8  16]
 [  1  11 255   1]
 [  0  19   2 104]]
01/04/2018 17:32:01 [INFO] exp_shallowmodel: ******************** dstc2 - Round 1 
01/04/2018 17:32:01 [INFO] exp_shallowmodel: #(data) = 4583
01/04/2018 17:32:01 [INFO] exp_shallowmodel: #(feature) = 673
01/04/2018 17:32:01 [INFO] exp_shallowmodel: ================================================================================
01/04/2018 17:32:01 [INFO] exp_shallowmodel: LR.pen=l1.C=1.000000
01/04/2018 17:32:01 [INFO] exp_shallowmodel: ________________________________________________________________________________
01/04/2018 17:32:01 [INFO] exp_shallowmodel: Training: 
01/04/2018 17:32:01 [INFO] exp_shallowmodel: LogisticRegression(C=1, class_weight=None, dual=False, fit_intercept=True,
          intercept_scaling=1, max_iter=100, multi_class='ovr', n_jobs=1,
          penalty='l1', random_state=None, solver='liblinear', tol=0.0001,
          verbose=0, warm_start=False)
01/04/2018 17:32:23 [INFO] exp_shallowmodel: train time: 21.758s
01/04/2018 17:32:23 [INFO] exp_shallowmodel: test time:  0.001s
01/04/2018 17:32:23 [INFO] exp_shallowmodel: accuracy:   0.851
01/04/2018 17:32:23 [INFO] exp_shallowmodel: f1_score:   0.784
01/04/2018 17:32:23 [INFO] exp_shallowmodel: classification report:
01/04/2018 17:32:23 [INFO] exp_shallowmodel:              precision    recall  f1-score   support

          A       0.88      0.50      0.64        14
          C       0.79      0.79      0.79       164
          F       0.93      0.93      0.93       268
          R       0.77      0.79      0.78       125

avg / total       0.85      0.85      0.85       571

01/04/2018 17:32:23 [INFO] exp_shallowmodel: confusion matrix:
01/04/2018 17:32:23 [INFO] exp_shallowmodel: 
[[  7   0   4   3]
 [  0 130  13  21]
 [  0  12 250   6]
 [  1  22   3  99]]
01/04/2018 17:32:23 [INFO] exp_shallowmodel: Feature selection of top 100, ranked by LR weights (selectable:non-selectable=73:27)
01/04/2018 17:32:27 [INFO] exp_shallowmodel: %%%%%%%%%%%%%%%%%%%%%%%%%%%%%%%%%%%%%%%%%%%%%%%%%%
01/04/2018 17:32:27 [INFO] exp_shallowmodel:           dataset=dstc3
01/04/2018 17:32:27 [INFO] exp_shallowmodel:           k_feature_to_keep=9
01/04/2018 17:32:27 [INFO] exp_shallowmodel:           X_new.shape=(5934, 673)
01/04/2018 17:32:27 [INFO] exp_shallowmodel:           #(X_selected)=512
01/04/2018 17:32:27 [INFO] exp_shallowmodel:           #(X_not_selectable)=161
01/04/2018 17:32:27 [INFO] exp_shallowmodel: %%%%%%%%%%%%%%%%%%%%%%%%%%%%%%%%%%%%%%%%%%%%%%%%%%
01/04/2018 17:32:27 [INFO] exp_shallowmodel: ******************** dstc3 - Round 0 
01/04/2018 17:32:27 [INFO] exp_shallowmodel: #(data) = 4750
01/04/2018 17:32:27 [INFO] exp_shallowmodel: #(feature) = 673
01/04/2018 17:32:27 [INFO] exp_shallowmodel: ================================================================================
01/04/2018 17:32:27 [INFO] exp_shallowmodel: LR.pen=l1.C=1.000000
01/04/2018 17:32:27 [INFO] exp_shallowmodel: ________________________________________________________________________________
01/04/2018 17:32:27 [INFO] exp_shallowmodel: Training: 
01/04/2018 17:32:27 [INFO] exp_shallowmodel: LogisticRegression(C=1, class_weight=None, dual=False, fit_intercept=True,
          intercept_scaling=1, max_iter=100, multi_class='ovr', n_jobs=1,
          penalty='l1', random_state=None, solver='liblinear', tol=0.0001,
          verbose=0, warm_start=False)
01/04/2018 17:32:42 [INFO] exp_shallowmodel: train time: 14.484s
01/04/2018 17:32:42 [INFO] exp_shallowmodel: test time:  0.001s
01/04/2018 17:32:42 [INFO] exp_shallowmodel: accuracy:   0.809
01/04/2018 17:32:42 [INFO] exp_shallowmodel: f1_score:   0.749
01/04/2018 17:32:42 [INFO] exp_shallowmodel: classification report:
01/04/2018 17:32:42 [INFO] exp_shallowmodel:              precision    recall  f1-score   support

          A       0.86      0.60      0.71        20
          C       0.74      0.83      0.78       169
          F       0.89      0.93      0.91       281
          R       0.68      0.53      0.60       122

avg / total       0.80      0.81      0.80       592

01/04/2018 17:32:42 [INFO] exp_shallowmodel: confusion matrix:
01/04/2018 17:32:42 [INFO] exp_shallowmodel: 
[[ 12   1   7   0]
 [  1 140   7  21]
 [  1   8 262  10]
 [  0  40  17  65]]
01/04/2018 17:32:42 [INFO] exp_shallowmodel: ******************** dstc3 - Round 1 
01/04/2018 17:32:42 [INFO] exp_shallowmodel: #(data) = 4750
01/04/2018 17:32:42 [INFO] exp_shallowmodel: #(feature) = 673
01/04/2018 17:32:42 [INFO] exp_shallowmodel: ================================================================================
01/04/2018 17:32:42 [INFO] exp_shallowmodel: LR.pen=l1.C=1.000000
01/04/2018 17:32:42 [INFO] exp_shallowmodel: ________________________________________________________________________________
01/04/2018 17:32:42 [INFO] exp_shallowmodel: Training: 
01/04/2018 17:32:42 [INFO] exp_shallowmodel: LogisticRegression(C=1, class_weight=None, dual=False, fit_intercept=True,
          intercept_scaling=1, max_iter=100, multi_class='ovr', n_jobs=1,
          penalty='l1', random_state=None, solver='liblinear', tol=0.0001,
          verbose=0, warm_start=False)
01/04/2018 17:32:56 [INFO] exp_shallowmodel: train time: 14.556s
01/04/2018 17:32:56 [INFO] exp_shallowmodel: test time:  0.001s
01/04/2018 17:32:56 [INFO] exp_shallowmodel: accuracy:   0.804
01/04/2018 17:32:56 [INFO] exp_shallowmodel: f1_score:   0.691
01/04/2018 17:32:56 [INFO] exp_shallowmodel: classification report:
01/04/2018 17:32:56 [INFO] exp_shallowmodel:              precision    recall  f1-score   support

          A       0.50      0.40      0.44        20
          C       0.76      0.78      0.77       169
          F       0.89      0.94      0.91       281
          R       0.68      0.60      0.63       122

avg / total       0.80      0.80      0.80       592

01/04/2018 17:32:56 [INFO] exp_shallowmodel: confusion matrix:
01/04/2018 17:32:56 [INFO] exp_shallowmodel: 
[[  8   4   7   1]
 [  4 132  11  22]
 [  2   4 263  12]
 [  2  33  14  73]]
01/04/2018 17:32:57 [INFO] exp_shallowmodel: Feature selection of top 100, ranked by LR weights (selectable:non-selectable=65:35)
01/04/2018 17:33:03 [INFO] exp_shallowmodel: %%%%%%%%%%%%%%%%%%%%%%%%%%%%%%%%%%%%%%%%%%%%%%%%%%
01/04/2018 17:33:03 [INFO] exp_shallowmodel:           dataset=family
01/04/2018 17:33:03 [INFO] exp_shallowmodel:           k_feature_to_keep=9
01/04/2018 17:33:03 [INFO] exp_shallowmodel:           X_new.shape=(3530, 675)
01/04/2018 17:33:03 [INFO] exp_shallowmodel:           #(X_selected)=512
01/04/2018 17:33:03 [INFO] exp_shallowmodel:           #(X_not_selectable)=163
01/04/2018 17:33:03 [INFO] exp_shallowmodel: %%%%%%%%%%%%%%%%%%%%%%%%%%%%%%%%%%%%%%%%%%%%%%%%%%
01/04/2018 17:33:03 [INFO] exp_shallowmodel: ******************** family - Round 0 
01/04/2018 17:33:03 [INFO] exp_shallowmodel: #(data) = 2826
01/04/2018 17:33:03 [INFO] exp_shallowmodel: #(feature) = 675
01/04/2018 17:33:03 [INFO] exp_shallowmodel: ================================================================================
01/04/2018 17:33:03 [INFO] exp_shallowmodel: LR.pen=l1.C=1.000000
01/04/2018 17:33:03 [INFO] exp_shallowmodel: ________________________________________________________________________________
01/04/2018 17:33:03 [INFO] exp_shallowmodel: Training: 
01/04/2018 17:33:03 [INFO] exp_shallowmodel: LogisticRegression(C=1, class_weight=None, dual=False, fit_intercept=True,
          intercept_scaling=1, max_iter=100, multi_class='ovr', n_jobs=1,
          penalty='l1', random_state=None, solver='liblinear', tol=0.0001,
          verbose=0, warm_start=False)
01/04/2018 17:33:10 [INFO] exp_shallowmodel: train time: 7.323s
01/04/2018 17:33:10 [INFO] exp_shallowmodel: test time:  0.000s
01/04/2018 17:33:10 [INFO] exp_shallowmodel: accuracy:   0.875
01/04/2018 17:33:10 [INFO] exp_shallowmodel: f1_score:   0.710
01/04/2018 17:33:10 [INFO] exp_shallowmodel: classification report:
01/04/2018 17:33:10 [INFO] exp_shallowmodel:              precision    recall  f1-score   support

          A       0.50      0.52      0.51        23
          C       0.80      0.59      0.68        27
          F       0.94      0.98      0.96       250
          R       0.72      0.65      0.69        52

avg / total       0.87      0.88      0.87       352

01/04/2018 17:33:10 [INFO] exp_shallowmodel: confusion matrix:
01/04/2018 17:33:10 [INFO] exp_shallowmodel: 
[[ 12   1   6   4]
 [  5  16   0   6]
 [  1   0 246   3]
 [  6   3   9  34]]
01/04/2018 17:33:10 [INFO] exp_shallowmodel: ******************** family - Round 1 
01/04/2018 17:33:10 [INFO] exp_shallowmodel: #(data) = 2826
01/04/2018 17:33:10 [INFO] exp_shallowmodel: #(feature) = 675
01/04/2018 17:33:10 [INFO] exp_shallowmodel: ================================================================================
01/04/2018 17:33:10 [INFO] exp_shallowmodel: LR.pen=l1.C=1.000000
01/04/2018 17:33:10 [INFO] exp_shallowmodel: ________________________________________________________________________________
01/04/2018 17:33:10 [INFO] exp_shallowmodel: Training: 
01/04/2018 17:33:10 [INFO] exp_shallowmodel: LogisticRegression(C=1, class_weight=None, dual=False, fit_intercept=True,
          intercept_scaling=1, max_iter=100, multi_class='ovr', n_jobs=1,
          penalty='l1', random_state=None, solver='liblinear', tol=0.0001,
          verbose=0, warm_start=False)
01/04/2018 17:33:19 [INFO] exp_shallowmodel: train time: 8.128s
01/04/2018 17:33:19 [INFO] exp_shallowmodel: test time:  0.000s
01/04/2018 17:33:19 [INFO] exp_shallowmodel: accuracy:   0.886
01/04/2018 17:33:19 [INFO] exp_shallowmodel: f1_score:   0.726
01/04/2018 17:33:19 [INFO] exp_shallowmodel: classification report:
01/04/2018 17:33:19 [INFO] exp_shallowmodel:              precision    recall  f1-score   support

          A       0.50      0.30      0.38        23
          C       0.87      0.74      0.80        27
          F       0.94      0.97      0.96       250
          R       0.74      0.81      0.77        52

avg / total       0.88      0.89      0.88       352

01/04/2018 17:33:19 [INFO] exp_shallowmodel: confusion matrix:
01/04/2018 17:33:19 [INFO] exp_shallowmodel: 
[[  7   2   6   8]
 [  4  20   0   3]
 [  2   1 243   4]
 [  1   0   9  42]]
01/04/2018 17:33:19 [INFO] exp_shallowmodel: Feature selection of top 100, ranked by LR weights (selectable:non-selectable=69:31)
01/04/2018 17:33:27 [INFO] exp_shallowmodel: %%%%%%%%%%%%%%%%%%%%%%%%%%%%%%%%%%%%%%%%%%%%%%%%%%
01/04/2018 17:33:27 [INFO] exp_shallowmodel:           dataset=ghome
01/04/2018 17:33:27 [INFO] exp_shallowmodel:           k_feature_to_keep=9
01/04/2018 17:33:27 [INFO] exp_shallowmodel:           X_new.shape=(5241, 674)
01/04/2018 17:33:27 [INFO] exp_shallowmodel:           #(X_selected)=512
01/04/2018 17:33:27 [INFO] exp_shallowmodel:           #(X_not_selectable)=162
01/04/2018 17:33:27 [INFO] exp_shallowmodel: %%%%%%%%%%%%%%%%%%%%%%%%%%%%%%%%%%%%%%%%%%%%%%%%%%
01/04/2018 17:33:27 [INFO] exp_shallowmodel: ******************** ghome - Round 0 
01/04/2018 17:33:27 [INFO] exp_shallowmodel: #(data) = 4197
01/04/2018 17:33:27 [INFO] exp_shallowmodel: #(feature) = 674
01/04/2018 17:33:27 [INFO] exp_shallowmodel: ================================================================================
01/04/2018 17:33:27 [INFO] exp_shallowmodel: LR.pen=l1.C=1.000000
01/04/2018 17:33:27 [INFO] exp_shallowmodel: ________________________________________________________________________________
01/04/2018 17:33:27 [INFO] exp_shallowmodel: Training: 
01/04/2018 17:33:27 [INFO] exp_shallowmodel: LogisticRegression(C=1, class_weight=None, dual=False, fit_intercept=True,
          intercept_scaling=1, max_iter=100, multi_class='ovr', n_jobs=1,
          penalty='l1', random_state=None, solver='liblinear', tol=0.0001,
          verbose=0, warm_start=False)
01/04/2018 17:33:40 [INFO] exp_shallowmodel: train time: 13.887s
01/04/2018 17:33:40 [INFO] exp_shallowmodel: test time:  0.001s
01/04/2018 17:33:40 [INFO] exp_shallowmodel: accuracy:   0.881
01/04/2018 17:33:40 [INFO] exp_shallowmodel: f1_score:   0.618
01/04/2018 17:33:40 [INFO] exp_shallowmodel: classification report:
01/04/2018 17:33:40 [INFO] exp_shallowmodel:              precision    recall  f1-score   support

          A       0.67      0.49      0.57        59
          C       0.50      0.17      0.25        12
          F       0.93      0.98      0.96       396
          R       0.68      0.71      0.70        55

avg / total       0.87      0.88      0.87       522

01/04/2018 17:33:40 [INFO] exp_shallowmodel: confusion matrix:
01/04/2018 17:33:41 [INFO] exp_shallowmodel: 
[[ 29   1  15  14]
 [  2   2   6   2]
 [  3   1 390   2]
 [  9   0   7  39]]
01/04/2018 17:33:41 [INFO] exp_shallowmodel: ******************** ghome - Round 1 
01/04/2018 17:33:41 [INFO] exp_shallowmodel: #(data) = 4197
01/04/2018 17:33:41 [INFO] exp_shallowmodel: #(feature) = 674
01/04/2018 17:33:41 [INFO] exp_shallowmodel: ================================================================================
01/04/2018 17:33:41 [INFO] exp_shallowmodel: LR.pen=l1.C=1.000000
01/04/2018 17:33:41 [INFO] exp_shallowmodel: ________________________________________________________________________________
01/04/2018 17:33:41 [INFO] exp_shallowmodel: Training: 
01/04/2018 17:33:41 [INFO] exp_shallowmodel: LogisticRegression(C=1, class_weight=None, dual=False, fit_intercept=True,
          intercept_scaling=1, max_iter=100, multi_class='ovr', n_jobs=1,
          penalty='l1', random_state=None, solver='liblinear', tol=0.0001,
          verbose=0, warm_start=False)
01/04/2018 17:33:47 [INFO] exp_shallowmodel: train time: 6.150s
01/04/2018 17:33:47 [INFO] exp_shallowmodel: test time:  0.001s
01/04/2018 17:33:47 [INFO] exp_shallowmodel: accuracy:   0.893
01/04/2018 17:33:47 [INFO] exp_shallowmodel: f1_score:   0.588
01/04/2018 17:33:47 [INFO] exp_shallowmodel: classification report:
01/04/2018 17:33:47 [INFO] exp_shallowmodel:              precision    recall  f1-score   support

          A       0.72      0.69      0.71        59
          C       0.00      0.00      0.00        12
          F       0.94      0.98      0.96       396
          R       0.70      0.67      0.69        55

avg / total       0.87      0.89      0.88       522

01/04/2018 17:33:47 [INFO] exp_shallowmodel: confusion matrix:
01/04/2018 17:33:47 [INFO] exp_shallowmodel: 
[[ 41   0   8  10]
 [  4   0   5   3]
 [  5   0 388   3]
 [  7   0  11  37]]
01/04/2018 17:33:47 [INFO] exp_shallowmodel: Feature selection of top 100, ranked by LR weights (selectable:non-selectable=52:48)
Done: 20180104-173348
/ihome/pbrusilosky/rum20/packages/anaconda3/lib/python3.6/site-packages/sklearn/metrics/classification.py:1135: UndefinedMetricWarning: Precision is ill-defined and being set to 0.0 in labels with no predicted samples.
  'precision', 'predicted', average, warn_for)
/ihome/pbrusilosky/rum20/packages/anaconda3/lib/python3.6/site-packages/sklearn/metrics/classification.py:1135: UndefinedMetricWarning: F-score is ill-defined and being set to 0.0 in labels with no predicted samples.
  'precision', 'predicted', average, warn_for)
/ihome/pbrusilosky/rum20/packages/anaconda3/lib/python3.6/site-packages/sklearn/metrics/classification.py:1135: UndefinedMetricWarning: Precision and F-score are ill-defined and being set to 0.0 in labels with no predicted samples.
  'precision', 'predicted', average, warn_for)
