/ihome/pbrusilosky/rum20/packages/anaconda3/bin/python -m dialogue.classify.task_runner -experiment_mode discrete_feature_selection -selected_feature_set_id 9 -add_similarity_feature -selected_context_id 0 -k_feature_to_keep 8
No. of param settings = 1
[('experiment_mode', 'discrete_feature_selection'), ('deep_model', False), ('selected_context_id', 0), ('selected_feature_set_id', 9), ('similarity_feature', True), ('k_feature_to_keep', 8)]
01/04/2018 17:31:27 [INFO] configuration: experiment_mode  :   discrete_feature_selection
01/04/2018 17:31:27 [INFO] configuration: deep_model  :   False
01/04/2018 17:31:27 [INFO] configuration: selected_context_id  :   0
01/04/2018 17:31:27 [INFO] configuration: selected_feature_set_id  :   9
01/04/2018 17:31:27 [INFO] configuration: similarity_feature  :   True
01/04/2018 17:31:27 [INFO] configuration: k_feature_to_keep  :   8
01/04/2018 17:31:27 [INFO] configuration: seed  :   154316847
01/04/2018 17:31:27 [INFO] configuration: root_path  :   /ihome/pbrusilosky/rum20/y_classify
01/04/2018 17:31:27 [INFO] configuration: task_name  :   utterance_type
01/04/2018 17:31:27 [INFO] configuration: timemark  :   20180104-173127
01/04/2018 17:31:27 [INFO] configuration: context_set  :   next
01/04/2018 17:31:27 [INFO] configuration: utterance_names  :   ['last_user_utterance', 'last_system_utterance', 'current_user_utterance', 'next_system_utterance', 'next_user_utterance']
01/04/2018 17:31:27 [INFO] configuration: utterance_range  :   ['current_user_utterance', 'next_system_utterance', 'next_user_utterance']
01/04/2018 17:31:27 [INFO] configuration: feature_set  :   9-[2+1.3.4]
01/04/2018 17:31:27 [INFO] configuration: feature_set_number  :   ['1', '2', '3', '5', '6', '7', '4']
01/04/2018 17:31:27 [INFO] configuration: experiment_name  :   20180104-173127.discrete_feature_selection.feature_number=8.context=next.feature=9-[2+1.3.4].similarity=true
01/04/2018 17:31:27 [INFO] configuration: experiment_path  :   /ihome/pbrusilosky/rum20/y_classify/output/20180104-173127.discrete_feature_selection.feature_number=8.context=next.feature=9-[2+1.3.4].similarity=true
01/04/2018 17:31:27 [INFO] configuration: log_path  :   /ihome/pbrusilosky/rum20/y_classify/output/20180104-173127.discrete_feature_selection.feature_number=8.context=next.feature=9-[2+1.3.4].similarity=true/output.log
01/04/2018 17:31:27 [INFO] configuration: valid_type  :   {'A', 'F', 'C', 'R'}
01/04/2018 17:31:27 [INFO] configuration: data_name  :   
01/04/2018 17:31:27 [INFO] configuration: data_names  :   ['dstc2', 'dstc3', 'family', 'ghome']
01/04/2018 17:31:27 [INFO] configuration: raw_feature_path  :   /ihome/pbrusilosky/rum20/y_classify/dataset/feature/%s.raw_feature.pkl
01/04/2018 17:31:27 [INFO] configuration: extracted_feature_path  :   /ihome/pbrusilosky/rum20/y_classify/dataset/feature/%s.extracted_feature.pkl
01/04/2018 17:31:27 [INFO] configuration: pipeline_path  :   /ihome/pbrusilosky/rum20/y_classify/dataset/feature/%s.pipeline.pkl
01/04/2018 17:31:27 [INFO] configuration: metrics  :   ['accuracy', 'precision', 'recall', 'f1_score', 'training_time', 'test_time']
01/04/2018 17:31:27 [INFO] configuration: do_cross_validation  :   True
01/04/2018 17:31:27 [INFO] configuration: #division  :   5
01/04/2018 17:31:27 [INFO] configuration: #cross_validation  :   10
01/04/2018 17:31:27 [INFO] configuration: cv_index_cache_path  :   
01/04/2018 17:31:27 [INFO] configuration: action_words  :   {'light', 'north', 'south', 'skip', 'any', 'tell', 'show', 'matter', 'delet', 'weather', 'cast', 'findcare', 'moderate', 'play', 'next', 'member', 'snooz', 'els', 'add', 'reminder', 'delete', 'moder', 'part', 'number', 'telephon', 'post', 'list', 'findcar', 'remov', 'room', 'address', 'area', 'telephone', 'remind', 'share', 'snooze', 'song', 'music', 'reminds', 'video', 'price', 'food', 'volum', 'timer', 'clear', 'discard', 'turn', 'time', 'centre', 'watch', 'expensive', 'items', 'else', 'start', 'temperatur', 'cheap', 'expens', 'volume', 'ani', 'alarm', 'remove', 'phone', 'help', 'item', 'reminders', 'stop', 'shuffl', 'shuffle', 'temperature', 'centr'}
01/04/2018 17:31:27 [INFO] configuration: corenlp_jars  :   ('/Users/memray/Project/stanford/stanford-corenlp-full-3.8.0/*', '/Users/memray/Project/stanford/stanford-corenlp-full-3.8.0/stanford-english-kbp-corenlp-2017-06-09-models.jar')
01/04/2018 17:31:27 [INFO] configuration: lda_topic_number  :   50
01/04/2018 17:31:27 [INFO] configuration: lda_path  :   /ihome/pbrusilosky/rum20/y_classify/dataset/feature/gensim/%s.topic=50.lda.pkl
01/04/2018 17:31:27 [INFO] configuration: gensim_corpus_path  :   /ihome/pbrusilosky/rum20/y_classify/dataset/feature/gensim/%s.corpus.pkl
01/04/2018 17:31:27 [INFO] configuration: gensim_dict_path  :   /ihome/pbrusilosky/rum20/y_classify/dataset/feature/gensim/%s.dict
01/04/2018 17:31:27 [INFO] configuration: w2v_path  :   /home/memray/Data/glove/GoogleNews-vectors-negative300.bin
01/04/2018 17:31:27 [INFO] configuration: w2v_vector_length  :   300
01/04/2018 17:31:27 [INFO] configuration: d2v_vector_length  :   300
01/04/2018 17:31:27 [INFO] configuration: d2v_window_size  :   5
01/04/2018 17:31:27 [INFO] configuration: d2v_min_count  :   2
01/04/2018 17:31:27 [INFO] configuration: d2v_model_path  :   /ihome/pbrusilosky/rum20/y_classify/dataset/feature/gensim/%s.doc2vec.dim=300.window=5.min_count=2.model
01/04/2018 17:31:27 [INFO] configuration: d2v_vector_path  :   /ihome/pbrusilosky/rum20/y_classify/dataset/feature/gensim/%s.doc2vec.dim=300.window=5.min_count=2.vector
01/04/2018 17:31:27 [INFO] configuration: num_word_keep  :   {'dstc2': 300, 'dstc3': 300, 'family': 1000, 'ghome': 1000}
01/04/2018 17:31:27 [INFO] configuration: batch_size  :   128
01/04/2018 17:31:27 [INFO] configuration: max_epoch  :   50
01/04/2018 17:31:27 [INFO] configuration: early_stop_tolerance  :   2
01/04/2018 17:31:27 [INFO] configuration: concat_sents  :   False
01/04/2018 17:31:27 [INFO] configuration: cnn_setting  :   {'model': 'multichannel', 'early_stopping': True, 'word_dim': 300, 'filters': [3, 4, 5], 'filter_num': [100, 100, 100], 'class_size': 4, 'batch_size': 128, 'learning_rate': 0.001, 'norm_limit': 10, 'dropout_prob': 0.0, 'sentence_num': 3}
01/04/2018 17:31:27 [INFO] configuration: skipthought_setting  :   {'skipthought_model_path': '/Users/memray/Data/skip-thought', 'skipthought_data_path': '/ihome/pbrusilosky/rum20/y_classify/dataset/feature/gensim/%s.skip-thought.biskip.vector', 'fixed_emb': True, 'sentence_num': 3, 'hidden_size': 2400, 'class_size': 4, 'learning_rate': 0.0001, 'norm_limit': 3, 'dropout_prob': 0.5}
01/04/2018 17:31:27 [INFO] configuration: lstm_setting  :   {'model': 'non-static', 'hidden_size': 32, 'embedding_size': 300, 'num_layers': 1, 'bidirectional': False, 'learning_rate': 0.001, 'class_size': 4, 'norm_limit': 2, 'clip_grad_norm': 2, 'dropout_prob': 0.1}
01/04/2018 17:31:31 [INFO] exp_shallowmodel: %%%%%%%%%%%%%%%%%%%%%%%%%%%%%%%%%%%%%%%%%%%%%%%%%%
01/04/2018 17:31:31 [INFO] exp_shallowmodel:           dataset=dstc2
01/04/2018 17:31:31 [INFO] exp_shallowmodel:           k_feature_to_keep=8
01/04/2018 17:31:31 [INFO] exp_shallowmodel:           X_new.shape=(5725, 268)
01/04/2018 17:31:31 [INFO] exp_shallowmodel:           #(X_selected)=256
01/04/2018 17:31:31 [INFO] exp_shallowmodel:           #(X_not_selectable)=12
01/04/2018 17:31:31 [INFO] exp_shallowmodel: %%%%%%%%%%%%%%%%%%%%%%%%%%%%%%%%%%%%%%%%%%%%%%%%%%
01/04/2018 17:31:31 [INFO] exp_shallowmodel: ******************** dstc2 - Round 0 
01/04/2018 17:31:31 [INFO] exp_shallowmodel: #(data) = 4583
01/04/2018 17:31:31 [INFO] exp_shallowmodel: #(feature) = 268
01/04/2018 17:31:31 [INFO] exp_shallowmodel: ================================================================================
01/04/2018 17:31:31 [INFO] exp_shallowmodel: LR.pen=l1.C=1.000000
01/04/2018 17:31:31 [INFO] exp_shallowmodel: ________________________________________________________________________________
01/04/2018 17:31:31 [INFO] exp_shallowmodel: Training: 
01/04/2018 17:31:31 [INFO] exp_shallowmodel: LogisticRegression(C=1, class_weight=None, dual=False, fit_intercept=True,
          intercept_scaling=1, max_iter=100, multi_class='ovr', n_jobs=1,
          penalty='l1', random_state=None, solver='liblinear', tol=0.0001,
          verbose=0, warm_start=False)
01/04/2018 17:31:37 [INFO] exp_shallowmodel: train time: 6.026s
01/04/2018 17:31:37 [INFO] exp_shallowmodel: test time:  0.000s
01/04/2018 17:31:37 [INFO] exp_shallowmodel: accuracy:   0.877
01/04/2018 17:31:37 [INFO] exp_shallowmodel: f1_score:   0.777
01/04/2018 17:31:37 [INFO] exp_shallowmodel: classification report:
01/04/2018 17:31:37 [INFO] exp_shallowmodel:              precision    recall  f1-score   support

          A       0.60      0.43      0.50        14
          C       0.83      0.85      0.84       164
          F       0.92      0.95      0.94       268
          R       0.86      0.81      0.83       125

avg / total       0.87      0.88      0.88       571

01/04/2018 17:31:37 [INFO] exp_shallowmodel: confusion matrix:
01/04/2018 17:31:37 [INFO] exp_shallowmodel: 
[[  6   2   5   1]
 [  1 139  12  12]
 [  2   8 255   3]
 [  1  19   4 101]]
01/04/2018 17:31:37 [INFO] exp_shallowmodel: ******************** dstc2 - Round 1 
01/04/2018 17:31:37 [INFO] exp_shallowmodel: #(data) = 4583
01/04/2018 17:31:37 [INFO] exp_shallowmodel: #(feature) = 268
01/04/2018 17:31:37 [INFO] exp_shallowmodel: ================================================================================
01/04/2018 17:31:37 [INFO] exp_shallowmodel: LR.pen=l1.C=1.000000
01/04/2018 17:31:37 [INFO] exp_shallowmodel: ________________________________________________________________________________
01/04/2018 17:31:37 [INFO] exp_shallowmodel: Training: 
01/04/2018 17:31:37 [INFO] exp_shallowmodel: LogisticRegression(C=1, class_weight=None, dual=False, fit_intercept=True,
          intercept_scaling=1, max_iter=100, multi_class='ovr', n_jobs=1,
          penalty='l1', random_state=None, solver='liblinear', tol=0.0001,
          verbose=0, warm_start=False)
01/04/2018 17:31:44 [INFO] exp_shallowmodel: train time: 6.879s
01/04/2018 17:31:44 [INFO] exp_shallowmodel: test time:  0.000s
01/04/2018 17:31:44 [INFO] exp_shallowmodel: accuracy:   0.842
01/04/2018 17:31:44 [INFO] exp_shallowmodel: f1_score:   0.706
01/04/2018 17:31:44 [INFO] exp_shallowmodel: classification report:
01/04/2018 17:31:44 [INFO] exp_shallowmodel:              precision    recall  f1-score   support

          A       0.75      0.21      0.33        14
          C       0.77      0.84      0.80       164
          F       0.93      0.91      0.92       268
          R       0.77      0.77      0.77       125

avg / total       0.84      0.84      0.84       571

01/04/2018 17:31:44 [INFO] exp_shallowmodel: confusion matrix:
01/04/2018 17:31:44 [INFO] exp_shallowmodel: 
[[  3   2   5   4]
 [  0 137   9  18]
 [  1  15 245   7]
 [  0  24   5  96]]
01/04/2018 17:31:44 [INFO] exp_shallowmodel: Feature selection of top 100, ranked by LR weights (selectable:non-selectable=94:6)
01/04/2018 17:31:49 [INFO] exp_shallowmodel: %%%%%%%%%%%%%%%%%%%%%%%%%%%%%%%%%%%%%%%%%%%%%%%%%%
01/04/2018 17:31:49 [INFO] exp_shallowmodel:           dataset=dstc3
01/04/2018 17:31:49 [INFO] exp_shallowmodel:           k_feature_to_keep=8
01/04/2018 17:31:49 [INFO] exp_shallowmodel:           X_new.shape=(5934, 268)
01/04/2018 17:31:49 [INFO] exp_shallowmodel:           #(X_selected)=256
01/04/2018 17:31:49 [INFO] exp_shallowmodel:           #(X_not_selectable)=12
01/04/2018 17:31:49 [INFO] exp_shallowmodel: %%%%%%%%%%%%%%%%%%%%%%%%%%%%%%%%%%%%%%%%%%%%%%%%%%
01/04/2018 17:31:49 [INFO] exp_shallowmodel: ******************** dstc3 - Round 0 
01/04/2018 17:31:49 [INFO] exp_shallowmodel: #(data) = 4750
01/04/2018 17:31:49 [INFO] exp_shallowmodel: #(feature) = 268
01/04/2018 17:31:49 [INFO] exp_shallowmodel: ================================================================================
01/04/2018 17:31:49 [INFO] exp_shallowmodel: LR.pen=l1.C=1.000000
01/04/2018 17:31:49 [INFO] exp_shallowmodel: ________________________________________________________________________________
01/04/2018 17:31:49 [INFO] exp_shallowmodel: Training: 
01/04/2018 17:31:49 [INFO] exp_shallowmodel: LogisticRegression(C=1, class_weight=None, dual=False, fit_intercept=True,
          intercept_scaling=1, max_iter=100, multi_class='ovr', n_jobs=1,
          penalty='l1', random_state=None, solver='liblinear', tol=0.0001,
          verbose=0, warm_start=False)
01/04/2018 17:31:57 [INFO] exp_shallowmodel: train time: 7.624s
01/04/2018 17:31:57 [INFO] exp_shallowmodel: test time:  0.000s
01/04/2018 17:31:57 [INFO] exp_shallowmodel: accuracy:   0.826
01/04/2018 17:31:57 [INFO] exp_shallowmodel: f1_score:   0.731
01/04/2018 17:31:57 [INFO] exp_shallowmodel: classification report:
01/04/2018 17:31:57 [INFO] exp_shallowmodel:              precision    recall  f1-score   support

          A       0.64      0.45      0.53        20
          C       0.79      0.82      0.81       169
          F       0.89      0.94      0.92       281
          R       0.73      0.62      0.67       122

avg / total       0.82      0.83      0.82       592

01/04/2018 17:31:57 [INFO] exp_shallowmodel: confusion matrix:
01/04/2018 17:31:57 [INFO] exp_shallowmodel: 
[[  9   1   8   2]
 [  4 139  12  14]
 [  1   3 265  12]
 [  0  33  13  76]]
01/04/2018 17:31:57 [INFO] exp_shallowmodel: ******************** dstc3 - Round 1 
01/04/2018 17:31:57 [INFO] exp_shallowmodel: #(data) = 4750
01/04/2018 17:31:57 [INFO] exp_shallowmodel: #(feature) = 268
01/04/2018 17:31:57 [INFO] exp_shallowmodel: ================================================================================
01/04/2018 17:31:57 [INFO] exp_shallowmodel: LR.pen=l1.C=1.000000
01/04/2018 17:31:57 [INFO] exp_shallowmodel: ________________________________________________________________________________
01/04/2018 17:31:57 [INFO] exp_shallowmodel: Training: 
01/04/2018 17:31:57 [INFO] exp_shallowmodel: LogisticRegression(C=1, class_weight=None, dual=False, fit_intercept=True,
          intercept_scaling=1, max_iter=100, multi_class='ovr', n_jobs=1,
          penalty='l1', random_state=None, solver='liblinear', tol=0.0001,
          verbose=0, warm_start=False)
01/04/2018 17:32:03 [INFO] exp_shallowmodel: train time: 6.316s
01/04/2018 17:32:03 [INFO] exp_shallowmodel: test time:  0.000s
01/04/2018 17:32:03 [INFO] exp_shallowmodel: accuracy:   0.811
01/04/2018 17:32:03 [INFO] exp_shallowmodel: f1_score:   0.692
01/04/2018 17:32:03 [INFO] exp_shallowmodel: classification report:
01/04/2018 17:32:03 [INFO] exp_shallowmodel:              precision    recall  f1-score   support

          A       0.54      0.35      0.42        20
          C       0.77      0.80      0.78       169
          F       0.88      0.95      0.91       281
          R       0.72      0.59      0.65       122

avg / total       0.80      0.81      0.80       592

01/04/2018 17:32:03 [INFO] exp_shallowmodel: confusion matrix:
01/04/2018 17:32:03 [INFO] exp_shallowmodel: 
[[  7   5   8   0]
 [  2 135  14  18]
 [  2   3 266  10]
 [  2  32  16  72]]
01/04/2018 17:32:04 [INFO] exp_shallowmodel: Feature selection of top 100, ranked by LR weights (selectable:non-selectable=94:6)
01/04/2018 17:32:12 [INFO] exp_shallowmodel: %%%%%%%%%%%%%%%%%%%%%%%%%%%%%%%%%%%%%%%%%%%%%%%%%%
01/04/2018 17:32:12 [INFO] exp_shallowmodel:           dataset=family
01/04/2018 17:32:12 [INFO] exp_shallowmodel:           k_feature_to_keep=8
01/04/2018 17:32:12 [INFO] exp_shallowmodel:           X_new.shape=(3530, 276)
01/04/2018 17:32:12 [INFO] exp_shallowmodel:           #(X_selected)=256
01/04/2018 17:32:12 [INFO] exp_shallowmodel:           #(X_not_selectable)=20
01/04/2018 17:32:12 [INFO] exp_shallowmodel: %%%%%%%%%%%%%%%%%%%%%%%%%%%%%%%%%%%%%%%%%%%%%%%%%%
01/04/2018 17:32:12 [INFO] exp_shallowmodel: ******************** family - Round 0 
01/04/2018 17:32:12 [INFO] exp_shallowmodel: #(data) = 2826
01/04/2018 17:32:12 [INFO] exp_shallowmodel: #(feature) = 276
01/04/2018 17:32:12 [INFO] exp_shallowmodel: ================================================================================
01/04/2018 17:32:12 [INFO] exp_shallowmodel: LR.pen=l1.C=1.000000
01/04/2018 17:32:12 [INFO] exp_shallowmodel: ________________________________________________________________________________
01/04/2018 17:32:12 [INFO] exp_shallowmodel: Training: 
01/04/2018 17:32:12 [INFO] exp_shallowmodel: LogisticRegression(C=1, class_weight=None, dual=False, fit_intercept=True,
          intercept_scaling=1, max_iter=100, multi_class='ovr', n_jobs=1,
          penalty='l1', random_state=None, solver='liblinear', tol=0.0001,
          verbose=0, warm_start=False)
01/04/2018 17:32:16 [INFO] exp_shallowmodel: train time: 4.182s
01/04/2018 17:32:16 [INFO] exp_shallowmodel: test time:  0.000s
01/04/2018 17:32:16 [INFO] exp_shallowmodel: accuracy:   0.886
01/04/2018 17:32:16 [INFO] exp_shallowmodel: f1_score:   0.737
01/04/2018 17:32:16 [INFO] exp_shallowmodel: classification report:
01/04/2018 17:32:16 [INFO] exp_shallowmodel:              precision    recall  f1-score   support

          A       0.63      0.52      0.57        23
          C       0.72      0.67      0.69        27
          F       0.95      0.98      0.96       250
          R       0.75      0.69      0.72        52

avg / total       0.88      0.89      0.88       352

01/04/2018 17:32:16 [INFO] exp_shallowmodel: confusion matrix:
01/04/2018 17:32:16 [INFO] exp_shallowmodel: 
[[ 12   1   7   3]
 [  4  18   0   5]
 [  0   0 246   4]
 [  3   6   7  36]]
01/04/2018 17:32:16 [INFO] exp_shallowmodel: ******************** family - Round 1 
01/04/2018 17:32:16 [INFO] exp_shallowmodel: #(data) = 2826
01/04/2018 17:32:16 [INFO] exp_shallowmodel: #(feature) = 276
01/04/2018 17:32:16 [INFO] exp_shallowmodel: ================================================================================
01/04/2018 17:32:16 [INFO] exp_shallowmodel: LR.pen=l1.C=1.000000
01/04/2018 17:32:16 [INFO] exp_shallowmodel: ________________________________________________________________________________
01/04/2018 17:32:16 [INFO] exp_shallowmodel: Training: 
01/04/2018 17:32:16 [INFO] exp_shallowmodel: LogisticRegression(C=1, class_weight=None, dual=False, fit_intercept=True,
          intercept_scaling=1, max_iter=100, multi_class='ovr', n_jobs=1,
          penalty='l1', random_state=None, solver='liblinear', tol=0.0001,
          verbose=0, warm_start=False)
01/04/2018 17:32:21 [INFO] exp_shallowmodel: train time: 4.632s
01/04/2018 17:32:21 [INFO] exp_shallowmodel: test time:  0.000s
01/04/2018 17:32:21 [INFO] exp_shallowmodel: accuracy:   0.889
01/04/2018 17:32:21 [INFO] exp_shallowmodel: f1_score:   0.748
01/04/2018 17:32:21 [INFO] exp_shallowmodel: classification report:
01/04/2018 17:32:21 [INFO] exp_shallowmodel:              precision    recall  f1-score   support

          A       0.73      0.35      0.47        23
          C       0.79      0.85      0.82        27
          F       0.93      0.98      0.95       250
          R       0.76      0.73      0.75        52

avg / total       0.88      0.89      0.88       352

01/04/2018 17:32:21 [INFO] exp_shallowmodel: confusion matrix:
01/04/2018 17:32:21 [INFO] exp_shallowmodel: 
[[  8   2   7   6]
 [  2  23   1   1]
 [  0   1 244   5]
 [  1   3  10  38]]
01/04/2018 17:32:22 [INFO] exp_shallowmodel: Feature selection of top 100, ranked by LR weights (selectable:non-selectable=93:7)
01/04/2018 17:32:31 [INFO] exp_shallowmodel: %%%%%%%%%%%%%%%%%%%%%%%%%%%%%%%%%%%%%%%%%%%%%%%%%%
01/04/2018 17:32:31 [INFO] exp_shallowmodel:           dataset=ghome
01/04/2018 17:32:31 [INFO] exp_shallowmodel:           k_feature_to_keep=8
01/04/2018 17:32:31 [INFO] exp_shallowmodel:           X_new.shape=(5241, 269)
01/04/2018 17:32:31 [INFO] exp_shallowmodel:           #(X_selected)=256
01/04/2018 17:32:31 [INFO] exp_shallowmodel:           #(X_not_selectable)=13
01/04/2018 17:32:31 [INFO] exp_shallowmodel: %%%%%%%%%%%%%%%%%%%%%%%%%%%%%%%%%%%%%%%%%%%%%%%%%%
01/04/2018 17:32:31 [INFO] exp_shallowmodel: ******************** ghome - Round 0 
01/04/2018 17:32:31 [INFO] exp_shallowmodel: #(data) = 4197
01/04/2018 17:32:31 [INFO] exp_shallowmodel: #(feature) = 269
01/04/2018 17:32:31 [INFO] exp_shallowmodel: ================================================================================
01/04/2018 17:32:31 [INFO] exp_shallowmodel: LR.pen=l1.C=1.000000
01/04/2018 17:32:31 [INFO] exp_shallowmodel: ________________________________________________________________________________
01/04/2018 17:32:31 [INFO] exp_shallowmodel: Training: 
01/04/2018 17:32:31 [INFO] exp_shallowmodel: LogisticRegression(C=1, class_weight=None, dual=False, fit_intercept=True,
          intercept_scaling=1, max_iter=100, multi_class='ovr', n_jobs=1,
          penalty='l1', random_state=None, solver='liblinear', tol=0.0001,
          verbose=0, warm_start=False)
01/04/2018 17:32:40 [INFO] exp_shallowmodel: train time: 9.656s
01/04/2018 17:32:40 [INFO] exp_shallowmodel: test time:  0.001s
01/04/2018 17:32:40 [INFO] exp_shallowmodel: accuracy:   0.881
01/04/2018 17:32:40 [INFO] exp_shallowmodel: f1_score:   0.609
01/04/2018 17:32:40 [INFO] exp_shallowmodel: classification report:
01/04/2018 17:32:40 [INFO] exp_shallowmodel:              precision    recall  f1-score   support

          A       0.66      0.49      0.56        59
          C       0.25      0.17      0.20        12
          F       0.93      0.99      0.96       396
          R       0.78      0.65      0.71        55

avg / total       0.87      0.88      0.87       522

01/04/2018 17:32:40 [INFO] exp_shallowmodel: confusion matrix:
01/04/2018 17:32:40 [INFO] exp_shallowmodel: 
[[ 29   3  18   9]
 [  2   2   7   1]
 [  1   2 393   0]
 [ 12   1   6  36]]
01/04/2018 17:32:40 [INFO] exp_shallowmodel: ******************** ghome - Round 1 
01/04/2018 17:32:40 [INFO] exp_shallowmodel: #(data) = 4197
01/04/2018 17:32:40 [INFO] exp_shallowmodel: #(feature) = 269
01/04/2018 17:32:40 [INFO] exp_shallowmodel: ================================================================================
01/04/2018 17:32:40 [INFO] exp_shallowmodel: LR.pen=l1.C=1.000000
01/04/2018 17:32:40 [INFO] exp_shallowmodel: ________________________________________________________________________________
01/04/2018 17:32:40 [INFO] exp_shallowmodel: Training: 
01/04/2018 17:32:40 [INFO] exp_shallowmodel: LogisticRegression(C=1, class_weight=None, dual=False, fit_intercept=True,
          intercept_scaling=1, max_iter=100, multi_class='ovr', n_jobs=1,
          penalty='l1', random_state=None, solver='liblinear', tol=0.0001,
          verbose=0, warm_start=False)
01/04/2018 17:32:55 [INFO] exp_shallowmodel: train time: 15.073s
01/04/2018 17:32:55 [INFO] exp_shallowmodel: test time:  0.000s
01/04/2018 17:32:55 [INFO] exp_shallowmodel: accuracy:   0.891
01/04/2018 17:32:55 [INFO] exp_shallowmodel: f1_score:   0.656
01/04/2018 17:32:55 [INFO] exp_shallowmodel: classification report:
01/04/2018 17:32:55 [INFO] exp_shallowmodel:              precision    recall  f1-score   support

          A       0.73      0.63      0.67        59
          C       0.38      0.25      0.30        12
          F       0.93      0.99      0.96       396
          R       0.79      0.62      0.69        55

avg / total       0.88      0.89      0.88       522

01/04/2018 17:32:55 [INFO] exp_shallowmodel: confusion matrix:
01/04/2018 17:32:55 [INFO] exp_shallowmodel: 
[[ 37   3  12   7]
 [  3   3   4   2]
 [  5   0 391   0]
 [  6   2  13  34]]
01/04/2018 17:32:56 [INFO] exp_shallowmodel: Feature selection of top 100, ranked by LR weights (selectable:non-selectable=92:8)
Done: 20180104-173256
