/ihome/pbrusilosky/rum20/packages/anaconda3/bin/python -m dialogue.classify.task_runner -experiment_mode discrete_feature_selection -selected_feature_set_id 14 -add_similarity_feature -selected_context_id 0 -k_feature_to_keep 8
No. of param settings = 1
[('experiment_mode', 'discrete_feature_selection'), ('deep_model', False), ('selected_context_id', 0), ('selected_feature_set_id', 14), ('similarity_feature', True), ('k_feature_to_keep', 8)]
01/04/2018 17:31:32 [INFO] configuration: experiment_mode  :   discrete_feature_selection
01/04/2018 17:31:32 [INFO] configuration: deep_model  :   False
01/04/2018 17:31:32 [INFO] configuration: selected_context_id  :   0
01/04/2018 17:31:32 [INFO] configuration: selected_feature_set_id  :   14
01/04/2018 17:31:32 [INFO] configuration: similarity_feature  :   True
01/04/2018 17:31:32 [INFO] configuration: k_feature_to_keep  :   8
01/04/2018 17:31:32 [INFO] configuration: seed  :   154316847
01/04/2018 17:31:32 [INFO] configuration: root_path  :   /ihome/pbrusilosky/rum20/y_classify
01/04/2018 17:31:32 [INFO] configuration: task_name  :   utterance_type
01/04/2018 17:31:32 [INFO] configuration: timemark  :   20180104-173132
01/04/2018 17:31:32 [INFO] configuration: context_set  :   next
01/04/2018 17:31:32 [INFO] configuration: utterance_names  :   ['last_user_utterance', 'last_system_utterance', 'current_user_utterance', 'next_system_utterance', 'next_user_utterance']
01/04/2018 17:31:32 [INFO] configuration: utterance_range  :   ['current_user_utterance', 'next_system_utterance', 'next_user_utterance']
01/04/2018 17:31:32 [INFO] configuration: feature_set  :   14-[1.3.4]
01/04/2018 17:31:32 [INFO] configuration: feature_set_number  :   ['1', '2', '3', '5', '6', '7']
01/04/2018 17:31:32 [INFO] configuration: experiment_name  :   20180104-173132.discrete_feature_selection.feature_number=8.context=next.feature=14-[1.3.4].similarity=true
01/04/2018 17:31:32 [INFO] configuration: experiment_path  :   /ihome/pbrusilosky/rum20/y_classify/output/20180104-173132.discrete_feature_selection.feature_number=8.context=next.feature=14-[1.3.4].similarity=true
01/04/2018 17:31:32 [INFO] configuration: log_path  :   /ihome/pbrusilosky/rum20/y_classify/output/20180104-173132.discrete_feature_selection.feature_number=8.context=next.feature=14-[1.3.4].similarity=true/output.log
01/04/2018 17:31:32 [INFO] configuration: valid_type  :   {'R', 'F', 'A', 'C'}
01/04/2018 17:31:32 [INFO] configuration: data_name  :   
01/04/2018 17:31:32 [INFO] configuration: data_names  :   ['dstc2', 'dstc3', 'family', 'ghome']
01/04/2018 17:31:32 [INFO] configuration: raw_feature_path  :   /ihome/pbrusilosky/rum20/y_classify/dataset/feature/%s.raw_feature.pkl
01/04/2018 17:31:32 [INFO] configuration: extracted_feature_path  :   /ihome/pbrusilosky/rum20/y_classify/dataset/feature/%s.extracted_feature.pkl
01/04/2018 17:31:32 [INFO] configuration: pipeline_path  :   /ihome/pbrusilosky/rum20/y_classify/dataset/feature/%s.pipeline.pkl
01/04/2018 17:31:32 [INFO] configuration: metrics  :   ['accuracy', 'precision', 'recall', 'f1_score', 'training_time', 'test_time']
01/04/2018 17:31:32 [INFO] configuration: do_cross_validation  :   True
01/04/2018 17:31:32 [INFO] configuration: #division  :   5
01/04/2018 17:31:32 [INFO] configuration: #cross_validation  :   10
01/04/2018 17:31:32 [INFO] configuration: cv_index_cache_path  :   
01/04/2018 17:31:32 [INFO] configuration: action_words  :   {'part', 'timer', 'cast', 'time', 'temperature', 'clear', 'snooze', 'phone', 'play', 'reminds', 'help', 'expensive', 'south', 'start', 'post', 'snooz', 'add', 'video', 'findcare', 'any', 'area', 'reminder', 'delete', 'else', 'moderate', 'number', 'volum', 'centr', 'els', 'reminders', 'expens', 'remove', 'next', 'food', 'ani', 'list', 'alarm', 'show', 'skip', 'north', 'music', 'shuffl', 'remind', 'moder', 'discard', 'cheap', 'share', 'song', 'shuffle', 'room', 'remov', 'findcar', 'member', 'weather', 'price', 'items', 'turn', 'stop', 'matter', 'tell', 'telephon', 'light', 'telephone', 'address', 'temperatur', 'volume', 'item', 'watch', 'centre', 'delet'}
01/04/2018 17:31:32 [INFO] configuration: corenlp_jars  :   ('/Users/memray/Project/stanford/stanford-corenlp-full-3.8.0/*', '/Users/memray/Project/stanford/stanford-corenlp-full-3.8.0/stanford-english-kbp-corenlp-2017-06-09-models.jar')
01/04/2018 17:31:32 [INFO] configuration: lda_topic_number  :   50
01/04/2018 17:31:32 [INFO] configuration: lda_path  :   /ihome/pbrusilosky/rum20/y_classify/dataset/feature/gensim/%s.topic=50.lda.pkl
01/04/2018 17:31:32 [INFO] configuration: gensim_corpus_path  :   /ihome/pbrusilosky/rum20/y_classify/dataset/feature/gensim/%s.corpus.pkl
01/04/2018 17:31:32 [INFO] configuration: gensim_dict_path  :   /ihome/pbrusilosky/rum20/y_classify/dataset/feature/gensim/%s.dict
01/04/2018 17:31:32 [INFO] configuration: w2v_path  :   /home/memray/Data/glove/GoogleNews-vectors-negative300.bin
01/04/2018 17:31:32 [INFO] configuration: w2v_vector_length  :   300
01/04/2018 17:31:32 [INFO] configuration: d2v_vector_length  :   300
01/04/2018 17:31:32 [INFO] configuration: d2v_window_size  :   5
01/04/2018 17:31:32 [INFO] configuration: d2v_min_count  :   2
01/04/2018 17:31:32 [INFO] configuration: d2v_model_path  :   /ihome/pbrusilosky/rum20/y_classify/dataset/feature/gensim/%s.doc2vec.dim=300.window=5.min_count=2.model
01/04/2018 17:31:32 [INFO] configuration: d2v_vector_path  :   /ihome/pbrusilosky/rum20/y_classify/dataset/feature/gensim/%s.doc2vec.dim=300.window=5.min_count=2.vector
01/04/2018 17:31:32 [INFO] configuration: num_word_keep  :   {'dstc2': 300, 'dstc3': 300, 'family': 1000, 'ghome': 1000}
01/04/2018 17:31:32 [INFO] configuration: batch_size  :   128
01/04/2018 17:31:32 [INFO] configuration: max_epoch  :   50
01/04/2018 17:31:32 [INFO] configuration: early_stop_tolerance  :   2
01/04/2018 17:31:32 [INFO] configuration: concat_sents  :   False
01/04/2018 17:31:32 [INFO] configuration: cnn_setting  :   {'model': 'multichannel', 'early_stopping': True, 'word_dim': 300, 'filters': [3, 4, 5], 'filter_num': [100, 100, 100], 'class_size': 4, 'batch_size': 128, 'learning_rate': 0.001, 'norm_limit': 10, 'dropout_prob': 0.0, 'sentence_num': 3}
01/04/2018 17:31:32 [INFO] configuration: skipthought_setting  :   {'skipthought_model_path': '/Users/memray/Data/skip-thought', 'skipthought_data_path': '/ihome/pbrusilosky/rum20/y_classify/dataset/feature/gensim/%s.skip-thought.biskip.vector', 'fixed_emb': True, 'sentence_num': 3, 'hidden_size': 2400, 'class_size': 4, 'learning_rate': 0.0001, 'norm_limit': 3, 'dropout_prob': 0.5}
01/04/2018 17:31:32 [INFO] configuration: lstm_setting  :   {'model': 'non-static', 'hidden_size': 32, 'embedding_size': 300, 'num_layers': 1, 'bidirectional': False, 'learning_rate': 0.001, 'class_size': 4, 'norm_limit': 2, 'clip_grad_norm': 2, 'dropout_prob': 0.1}
01/04/2018 17:31:35 [INFO] exp_shallowmodel: %%%%%%%%%%%%%%%%%%%%%%%%%%%%%%%%%%%%%%%%%%%%%%%%%%
01/04/2018 17:31:35 [INFO] exp_shallowmodel:           dataset=dstc2
01/04/2018 17:31:35 [INFO] exp_shallowmodel:           k_feature_to_keep=8
01/04/2018 17:31:35 [INFO] exp_shallowmodel:           X_new.shape=(5725, 266)
01/04/2018 17:31:35 [INFO] exp_shallowmodel:           #(X_selected)=256
01/04/2018 17:31:35 [INFO] exp_shallowmodel:           #(X_not_selectable)=10
01/04/2018 17:31:35 [INFO] exp_shallowmodel: %%%%%%%%%%%%%%%%%%%%%%%%%%%%%%%%%%%%%%%%%%%%%%%%%%
01/04/2018 17:31:35 [INFO] exp_shallowmodel: ******************** dstc2 - Round 0 
01/04/2018 17:31:35 [INFO] exp_shallowmodel: #(data) = 4583
01/04/2018 17:31:35 [INFO] exp_shallowmodel: #(feature) = 266
01/04/2018 17:31:35 [INFO] exp_shallowmodel: ================================================================================
01/04/2018 17:31:35 [INFO] exp_shallowmodel: LR.pen=l1.C=1.000000
01/04/2018 17:31:35 [INFO] exp_shallowmodel: ________________________________________________________________________________
01/04/2018 17:31:35 [INFO] exp_shallowmodel: Training: 
01/04/2018 17:31:35 [INFO] exp_shallowmodel: LogisticRegression(C=1, class_weight=None, dual=False, fit_intercept=True,
          intercept_scaling=1, max_iter=100, multi_class='ovr', n_jobs=1,
          penalty='l1', random_state=None, solver='liblinear', tol=0.0001,
          verbose=0, warm_start=False)
01/04/2018 17:31:40 [INFO] exp_shallowmodel: train time: 5.178s
01/04/2018 17:31:40 [INFO] exp_shallowmodel: test time:  0.000s
01/04/2018 17:31:40 [INFO] exp_shallowmodel: accuracy:   0.867
01/04/2018 17:31:40 [INFO] exp_shallowmodel: f1_score:   0.773
01/04/2018 17:31:40 [INFO] exp_shallowmodel: classification report:
01/04/2018 17:31:40 [INFO] exp_shallowmodel:              precision    recall  f1-score   support

          A       0.75      0.43      0.55        14
          C       0.79      0.85      0.82       164
          F       0.93      0.96      0.95       268
          R       0.84      0.73      0.78       125

avg / total       0.87      0.87      0.86       571

01/04/2018 17:31:40 [INFO] exp_shallowmodel: confusion matrix:
01/04/2018 17:31:40 [INFO] exp_shallowmodel: 
[[  6   2   5   1]
 [  0 140  10  14]
 [  1   7 258   2]
 [  1  29   4  91]]
01/04/2018 17:31:40 [INFO] exp_shallowmodel: ******************** dstc2 - Round 1 
01/04/2018 17:31:40 [INFO] exp_shallowmodel: #(data) = 4583
01/04/2018 17:31:40 [INFO] exp_shallowmodel: #(feature) = 266
01/04/2018 17:31:40 [INFO] exp_shallowmodel: ================================================================================
01/04/2018 17:31:40 [INFO] exp_shallowmodel: LR.pen=l1.C=1.000000
01/04/2018 17:31:40 [INFO] exp_shallowmodel: ________________________________________________________________________________
01/04/2018 17:31:40 [INFO] exp_shallowmodel: Training: 
01/04/2018 17:31:40 [INFO] exp_shallowmodel: LogisticRegression(C=1, class_weight=None, dual=False, fit_intercept=True,
          intercept_scaling=1, max_iter=100, multi_class='ovr', n_jobs=1,
          penalty='l1', random_state=None, solver='liblinear', tol=0.0001,
          verbose=0, warm_start=False)
01/04/2018 17:31:47 [INFO] exp_shallowmodel: train time: 6.324s
01/04/2018 17:31:47 [INFO] exp_shallowmodel: test time:  0.000s
01/04/2018 17:31:47 [INFO] exp_shallowmodel: accuracy:   0.820
01/04/2018 17:31:47 [INFO] exp_shallowmodel: f1_score:   0.633
01/04/2018 17:31:47 [INFO] exp_shallowmodel: classification report:
01/04/2018 17:31:47 [INFO] exp_shallowmodel:              precision    recall  f1-score   support

          A       0.50      0.07      0.12        14
          C       0.74      0.79      0.76       164
          F       0.92      0.92      0.92       268
          R       0.72      0.73      0.73       125

avg / total       0.81      0.82      0.81       571

01/04/2018 17:31:47 [INFO] exp_shallowmodel: confusion matrix:
01/04/2018 17:31:47 [INFO] exp_shallowmodel: 
[[  1   2   6   5]
 [  1 129   9  25]
 [  0  16 247   5]
 [  0  28   6  91]]
01/04/2018 17:31:47 [INFO] exp_shallowmodel: Feature selection of top 100, ranked by LR weights (selectable:non-selectable=95:5)
01/04/2018 17:31:51 [INFO] exp_shallowmodel: %%%%%%%%%%%%%%%%%%%%%%%%%%%%%%%%%%%%%%%%%%%%%%%%%%
01/04/2018 17:31:51 [INFO] exp_shallowmodel:           dataset=dstc3
01/04/2018 17:31:51 [INFO] exp_shallowmodel:           k_feature_to_keep=8
01/04/2018 17:31:51 [INFO] exp_shallowmodel:           X_new.shape=(5934, 266)
01/04/2018 17:31:51 [INFO] exp_shallowmodel:           #(X_selected)=256
01/04/2018 17:31:51 [INFO] exp_shallowmodel:           #(X_not_selectable)=10
01/04/2018 17:31:51 [INFO] exp_shallowmodel: %%%%%%%%%%%%%%%%%%%%%%%%%%%%%%%%%%%%%%%%%%%%%%%%%%
01/04/2018 17:31:51 [INFO] exp_shallowmodel: ******************** dstc3 - Round 0 
01/04/2018 17:31:51 [INFO] exp_shallowmodel: #(data) = 4750
01/04/2018 17:31:51 [INFO] exp_shallowmodel: #(feature) = 266
01/04/2018 17:31:51 [INFO] exp_shallowmodel: ================================================================================
01/04/2018 17:31:51 [INFO] exp_shallowmodel: LR.pen=l1.C=1.000000
01/04/2018 17:31:51 [INFO] exp_shallowmodel: ________________________________________________________________________________
01/04/2018 17:31:51 [INFO] exp_shallowmodel: Training: 
01/04/2018 17:31:51 [INFO] exp_shallowmodel: LogisticRegression(C=1, class_weight=None, dual=False, fit_intercept=True,
          intercept_scaling=1, max_iter=100, multi_class='ovr', n_jobs=1,
          penalty='l1', random_state=None, solver='liblinear', tol=0.0001,
          verbose=0, warm_start=False)
01/04/2018 17:31:56 [INFO] exp_shallowmodel: train time: 5.373s
01/04/2018 17:31:56 [INFO] exp_shallowmodel: test time:  0.000s
01/04/2018 17:31:56 [INFO] exp_shallowmodel: accuracy:   0.828
01/04/2018 17:31:56 [INFO] exp_shallowmodel: f1_score:   0.725
01/04/2018 17:31:56 [INFO] exp_shallowmodel: classification report:
01/04/2018 17:31:56 [INFO] exp_shallowmodel:              precision    recall  f1-score   support

          A       0.67      0.40      0.50        20
          C       0.79      0.84      0.82       169
          F       0.87      0.95      0.91       281
          R       0.77      0.60      0.67       122

avg / total       0.82      0.83      0.82       592

01/04/2018 17:31:56 [INFO] exp_shallowmodel: confusion matrix:
01/04/2018 17:31:56 [INFO] exp_shallowmodel: 
[[  8   2  10   0]
 [  3 142  11  13]
 [  1   4 267   9]
 [  0  31  18  73]]
01/04/2018 17:31:56 [INFO] exp_shallowmodel: ******************** dstc3 - Round 1 
01/04/2018 17:31:56 [INFO] exp_shallowmodel: #(data) = 4750
01/04/2018 17:31:56 [INFO] exp_shallowmodel: #(feature) = 266
01/04/2018 17:31:56 [INFO] exp_shallowmodel: ================================================================================
01/04/2018 17:31:56 [INFO] exp_shallowmodel: LR.pen=l1.C=1.000000
01/04/2018 17:31:56 [INFO] exp_shallowmodel: ________________________________________________________________________________
01/04/2018 17:31:56 [INFO] exp_shallowmodel: Training: 
01/04/2018 17:31:56 [INFO] exp_shallowmodel: LogisticRegression(C=1, class_weight=None, dual=False, fit_intercept=True,
          intercept_scaling=1, max_iter=100, multi_class='ovr', n_jobs=1,
          penalty='l1', random_state=None, solver='liblinear', tol=0.0001,
          verbose=0, warm_start=False)
01/04/2018 17:32:03 [INFO] exp_shallowmodel: train time: 6.911s
01/04/2018 17:32:03 [INFO] exp_shallowmodel: test time:  0.000s
01/04/2018 17:32:03 [INFO] exp_shallowmodel: accuracy:   0.816
01/04/2018 17:32:03 [INFO] exp_shallowmodel: f1_score:   0.692
01/04/2018 17:32:03 [INFO] exp_shallowmodel: classification report:
01/04/2018 17:32:03 [INFO] exp_shallowmodel:              precision    recall  f1-score   support

          A       0.47      0.35      0.40        20
          C       0.80      0.80      0.80       169
          F       0.88      0.95      0.91       281
          R       0.72      0.61      0.66       122

avg / total       0.81      0.82      0.81       592

01/04/2018 17:32:03 [INFO] exp_shallowmodel: confusion matrix:
01/04/2018 17:32:03 [INFO] exp_shallowmodel: 
[[  7   5   8   0]
 [  2 136  13  18]
 [  1   3 266  11]
 [  5  27  16  74]]
01/04/2018 17:32:04 [INFO] exp_shallowmodel: Feature selection of top 100, ranked by LR weights (selectable:non-selectable=96:4)
01/04/2018 17:32:10 [INFO] exp_shallowmodel: %%%%%%%%%%%%%%%%%%%%%%%%%%%%%%%%%%%%%%%%%%%%%%%%%%
01/04/2018 17:32:10 [INFO] exp_shallowmodel:           dataset=family
01/04/2018 17:32:10 [INFO] exp_shallowmodel:           k_feature_to_keep=8
01/04/2018 17:32:10 [INFO] exp_shallowmodel:           X_new.shape=(3530, 268)
01/04/2018 17:32:10 [INFO] exp_shallowmodel:           #(X_selected)=256
01/04/2018 17:32:10 [INFO] exp_shallowmodel:           #(X_not_selectable)=12
01/04/2018 17:32:10 [INFO] exp_shallowmodel: %%%%%%%%%%%%%%%%%%%%%%%%%%%%%%%%%%%%%%%%%%%%%%%%%%
01/04/2018 17:32:10 [INFO] exp_shallowmodel: ******************** family - Round 0 
01/04/2018 17:32:10 [INFO] exp_shallowmodel: #(data) = 2826
01/04/2018 17:32:10 [INFO] exp_shallowmodel: #(feature) = 268
01/04/2018 17:32:10 [INFO] exp_shallowmodel: ================================================================================
01/04/2018 17:32:10 [INFO] exp_shallowmodel: LR.pen=l1.C=1.000000
01/04/2018 17:32:10 [INFO] exp_shallowmodel: ________________________________________________________________________________
01/04/2018 17:32:10 [INFO] exp_shallowmodel: Training: 
01/04/2018 17:32:10 [INFO] exp_shallowmodel: LogisticRegression(C=1, class_weight=None, dual=False, fit_intercept=True,
          intercept_scaling=1, max_iter=100, multi_class='ovr', n_jobs=1,
          penalty='l1', random_state=None, solver='liblinear', tol=0.0001,
          verbose=0, warm_start=False)
01/04/2018 17:32:17 [INFO] exp_shallowmodel: train time: 6.947s
01/04/2018 17:32:17 [INFO] exp_shallowmodel: test time:  0.000s
01/04/2018 17:32:17 [INFO] exp_shallowmodel: accuracy:   0.895
01/04/2018 17:32:17 [INFO] exp_shallowmodel: f1_score:   0.762
01/04/2018 17:32:17 [INFO] exp_shallowmodel: classification report:
01/04/2018 17:32:17 [INFO] exp_shallowmodel:              precision    recall  f1-score   support

          A       0.72      0.57      0.63        23
          C       0.75      0.67      0.71        27
          F       0.95      0.98      0.96       250
          R       0.76      0.73      0.75        52

avg / total       0.89      0.89      0.89       352

01/04/2018 17:32:17 [INFO] exp_shallowmodel: confusion matrix:
01/04/2018 17:32:17 [INFO] exp_shallowmodel: 
[[ 13   1   7   2]
 [  3  18   0   6]
 [  0   0 246   4]
 [  2   5   7  38]]
01/04/2018 17:32:17 [INFO] exp_shallowmodel: ******************** family - Round 1 
01/04/2018 17:32:17 [INFO] exp_shallowmodel: #(data) = 2826
01/04/2018 17:32:17 [INFO] exp_shallowmodel: #(feature) = 268
01/04/2018 17:32:17 [INFO] exp_shallowmodel: ================================================================================
01/04/2018 17:32:17 [INFO] exp_shallowmodel: LR.pen=l1.C=1.000000
01/04/2018 17:32:17 [INFO] exp_shallowmodel: ________________________________________________________________________________
01/04/2018 17:32:17 [INFO] exp_shallowmodel: Training: 
01/04/2018 17:32:17 [INFO] exp_shallowmodel: LogisticRegression(C=1, class_weight=None, dual=False, fit_intercept=True,
          intercept_scaling=1, max_iter=100, multi_class='ovr', n_jobs=1,
          penalty='l1', random_state=None, solver='liblinear', tol=0.0001,
          verbose=0, warm_start=False)
01/04/2018 17:32:21 [INFO] exp_shallowmodel: train time: 4.191s
01/04/2018 17:32:21 [INFO] exp_shallowmodel: test time:  0.000s
01/04/2018 17:32:21 [INFO] exp_shallowmodel: accuracy:   0.898
01/04/2018 17:32:21 [INFO] exp_shallowmodel: f1_score:   0.753
01/04/2018 17:32:21 [INFO] exp_shallowmodel: classification report:
01/04/2018 17:32:21 [INFO] exp_shallowmodel:              precision    recall  f1-score   support

          A       0.73      0.35      0.47        23
          C       0.84      0.78      0.81        27
          F       0.94      0.98      0.96       250
          R       0.76      0.79      0.77        52

avg / total       0.89      0.90      0.89       352

01/04/2018 17:32:21 [INFO] exp_shallowmodel: confusion matrix:
01/04/2018 17:32:21 [INFO] exp_shallowmodel: 
[[  8   2   7   6]
 [  2  21   1   3]
 [  0   0 246   4]
 [  1   2   8  41]]
01/04/2018 17:32:22 [INFO] exp_shallowmodel: Feature selection of top 100, ranked by LR weights (selectable:non-selectable=94:6)
01/04/2018 17:32:29 [INFO] exp_shallowmodel: %%%%%%%%%%%%%%%%%%%%%%%%%%%%%%%%%%%%%%%%%%%%%%%%%%
01/04/2018 17:32:29 [INFO] exp_shallowmodel:           dataset=ghome
01/04/2018 17:32:29 [INFO] exp_shallowmodel:           k_feature_to_keep=8
01/04/2018 17:32:29 [INFO] exp_shallowmodel:           X_new.shape=(5241, 267)
01/04/2018 17:32:29 [INFO] exp_shallowmodel:           #(X_selected)=256
01/04/2018 17:32:29 [INFO] exp_shallowmodel:           #(X_not_selectable)=11
01/04/2018 17:32:29 [INFO] exp_shallowmodel: %%%%%%%%%%%%%%%%%%%%%%%%%%%%%%%%%%%%%%%%%%%%%%%%%%
01/04/2018 17:32:29 [INFO] exp_shallowmodel: ******************** ghome - Round 0 
01/04/2018 17:32:29 [INFO] exp_shallowmodel: #(data) = 4197
01/04/2018 17:32:29 [INFO] exp_shallowmodel: #(feature) = 267
01/04/2018 17:32:29 [INFO] exp_shallowmodel: ================================================================================
01/04/2018 17:32:29 [INFO] exp_shallowmodel: LR.pen=l1.C=1.000000
01/04/2018 17:32:29 [INFO] exp_shallowmodel: ________________________________________________________________________________
01/04/2018 17:32:29 [INFO] exp_shallowmodel: Training: 
01/04/2018 17:32:29 [INFO] exp_shallowmodel: LogisticRegression(C=1, class_weight=None, dual=False, fit_intercept=True,
          intercept_scaling=1, max_iter=100, multi_class='ovr', n_jobs=1,
          penalty='l1', random_state=None, solver='liblinear', tol=0.0001,
          verbose=0, warm_start=False)
01/04/2018 17:32:36 [INFO] exp_shallowmodel: train time: 6.472s
01/04/2018 17:32:36 [INFO] exp_shallowmodel: test time:  0.001s
01/04/2018 17:32:36 [INFO] exp_shallowmodel: accuracy:   0.879
01/04/2018 17:32:36 [INFO] exp_shallowmodel: f1_score:   0.606
01/04/2018 17:32:36 [INFO] exp_shallowmodel: classification report:
01/04/2018 17:32:36 [INFO] exp_shallowmodel:              precision    recall  f1-score   support

          A       0.62      0.47      0.54        59
          C       0.40      0.17      0.24        12
          F       0.93      0.99      0.96       396
          R       0.73      0.65      0.69        55

avg / total       0.86      0.88      0.87       522

01/04/2018 17:32:36 [INFO] exp_shallowmodel: confusion matrix:
01/04/2018 17:32:36 [INFO] exp_shallowmodel: 
[[ 28   2  17  12]
 [  3   2   6   1]
 [  3   0 393   0]
 [ 11   1   7  36]]
01/04/2018 17:32:36 [INFO] exp_shallowmodel: ******************** ghome - Round 1 
01/04/2018 17:32:36 [INFO] exp_shallowmodel: #(data) = 4197
01/04/2018 17:32:36 [INFO] exp_shallowmodel: #(feature) = 267
01/04/2018 17:32:36 [INFO] exp_shallowmodel: ================================================================================
01/04/2018 17:32:36 [INFO] exp_shallowmodel: LR.pen=l1.C=1.000000
01/04/2018 17:32:36 [INFO] exp_shallowmodel: ________________________________________________________________________________
01/04/2018 17:32:36 [INFO] exp_shallowmodel: Training: 
01/04/2018 17:32:36 [INFO] exp_shallowmodel: LogisticRegression(C=1, class_weight=None, dual=False, fit_intercept=True,
          intercept_scaling=1, max_iter=100, multi_class='ovr', n_jobs=1,
          penalty='l1', random_state=None, solver='liblinear', tol=0.0001,
          verbose=0, warm_start=False)
01/04/2018 17:32:39 [INFO] exp_shallowmodel: train time: 3.072s
01/04/2018 17:32:39 [INFO] exp_shallowmodel: test time:  0.000s
01/04/2018 17:32:39 [INFO] exp_shallowmodel: accuracy:   0.879
01/04/2018 17:32:39 [INFO] exp_shallowmodel: f1_score:   0.601
01/04/2018 17:32:39 [INFO] exp_shallowmodel: classification report:
01/04/2018 17:32:39 [INFO] exp_shallowmodel:              precision    recall  f1-score   support

          A       0.71      0.63      0.67        59
          C       0.25      0.08      0.12        12
          F       0.93      0.97      0.95       396
          R       0.69      0.64      0.66        55

avg / total       0.86      0.88      0.87       522

01/04/2018 17:32:39 [INFO] exp_shallowmodel: confusion matrix:
01/04/2018 17:32:39 [INFO] exp_shallowmodel: 
[[ 37   1  12   9]
 [  4   1   5   2]
 [  4   1 386   5]
 [  7   1  12  35]]
01/04/2018 17:32:39 [INFO] exp_shallowmodel: Feature selection of top 100, ranked by LR weights (selectable:non-selectable=94:6)
Done: 20180104-173240
