/ihome/pbrusilosky/rum20/packages/anaconda3/bin/python -m dialogue.classify.task_runner -experiment_mode discrete_feature_selection -selected_feature_set_id 0 -add_similarity_feature -selected_context_id 0 -k_feature_to_keep 11
No. of param settings = 1
[('experiment_mode', 'discrete_feature_selection'), ('deep_model', False), ('selected_context_id', 0), ('selected_feature_set_id', 0), ('similarity_feature', True), ('k_feature_to_keep', 11)]
01/04/2018 17:31:24 [INFO] configuration: experiment_mode  :   discrete_feature_selection
01/04/2018 17:31:24 [INFO] configuration: deep_model  :   False
01/04/2018 17:31:24 [INFO] configuration: selected_context_id  :   0
01/04/2018 17:31:24 [INFO] configuration: selected_feature_set_id  :   0
01/04/2018 17:31:24 [INFO] configuration: similarity_feature  :   True
01/04/2018 17:31:24 [INFO] configuration: k_feature_to_keep  :   11
01/04/2018 17:31:24 [INFO] configuration: seed  :   154316847
01/04/2018 17:31:24 [INFO] configuration: root_path  :   /ihome/pbrusilosky/rum20/y_classify
01/04/2018 17:31:24 [INFO] configuration: task_name  :   utterance_type
01/04/2018 17:31:24 [INFO] configuration: timemark  :   20180104-173124
01/04/2018 17:31:24 [INFO] configuration: context_set  :   next
01/04/2018 17:31:24 [INFO] configuration: utterance_names  :   ['last_user_utterance', 'last_system_utterance', 'current_user_utterance', 'next_system_utterance', 'next_user_utterance']
01/04/2018 17:31:24 [INFO] configuration: utterance_range  :   ['current_user_utterance', 'next_system_utterance', 'next_user_utterance']
01/04/2018 17:31:24 [INFO] configuration: feature_set  :   0-all
01/04/2018 17:31:24 [INFO] configuration: feature_set_number  :   ['1', '2', '3', '4', '5', '6', '7', '8', '9', '10', '11']
01/04/2018 17:31:24 [INFO] configuration: experiment_name  :   20180104-173124.discrete_feature_selection.feature_number=11.context=next.feature=0-all.similarity=true
01/04/2018 17:31:24 [INFO] configuration: experiment_path  :   /ihome/pbrusilosky/rum20/y_classify/output/20180104-173124.discrete_feature_selection.feature_number=11.context=next.feature=0-all.similarity=true
01/04/2018 17:31:24 [INFO] configuration: log_path  :   /ihome/pbrusilosky/rum20/y_classify/output/20180104-173124.discrete_feature_selection.feature_number=11.context=next.feature=0-all.similarity=true/output.log
01/04/2018 17:31:24 [INFO] configuration: valid_type  :   {'A', 'F', 'C', 'R'}
01/04/2018 17:31:24 [INFO] configuration: data_name  :   
01/04/2018 17:31:24 [INFO] configuration: data_names  :   ['dstc2', 'dstc3', 'family', 'ghome']
01/04/2018 17:31:24 [INFO] configuration: raw_feature_path  :   /ihome/pbrusilosky/rum20/y_classify/dataset/feature/%s.raw_feature.pkl
01/04/2018 17:31:24 [INFO] configuration: extracted_feature_path  :   /ihome/pbrusilosky/rum20/y_classify/dataset/feature/%s.extracted_feature.pkl
01/04/2018 17:31:24 [INFO] configuration: pipeline_path  :   /ihome/pbrusilosky/rum20/y_classify/dataset/feature/%s.pipeline.pkl
01/04/2018 17:31:24 [INFO] configuration: metrics  :   ['accuracy', 'precision', 'recall', 'f1_score', 'training_time', 'test_time']
01/04/2018 17:31:24 [INFO] configuration: do_cross_validation  :   True
01/04/2018 17:31:24 [INFO] configuration: #division  :   5
01/04/2018 17:31:24 [INFO] configuration: #cross_validation  :   10
01/04/2018 17:31:24 [INFO] configuration: cv_index_cache_path  :   
01/04/2018 17:31:24 [INFO] configuration: action_words  :   {'add', 'north', 'temperature', 'timer', 'shuffl', 'else', 'shuffle', 'findcare', 'time', 'clear', 'cast', 'reminders', 'watch', 'telephone', 'ani', 'findcar', 'snooze', 'moder', 'items', 'turn', 'remove', 'any', 'price', 'remov', 'remind', 'discard', 'expensive', 'centr', 'matter', 'volum', 'post', 'stop', 'room', 'snooz', 'expens', 'member', 'song', 'moderate', 'alarm', 'delete', 'part', 'delet', 'item', 'cheap', 'light', 'show', 'temperatur', 'music', 'tell', 'list', 'reminder', 'reminds', 'help', 'video', 'number', 'phone', 'next', 'centre', 'food', 'address', 'area', 'volume', 'skip', 'play', 'share', 'start', 'telephon', 'weather', 'south', 'els'}
01/04/2018 17:31:24 [INFO] configuration: corenlp_jars  :   ('/Users/memray/Project/stanford/stanford-corenlp-full-3.8.0/*', '/Users/memray/Project/stanford/stanford-corenlp-full-3.8.0/stanford-english-kbp-corenlp-2017-06-09-models.jar')
01/04/2018 17:31:24 [INFO] configuration: lda_topic_number  :   50
01/04/2018 17:31:24 [INFO] configuration: lda_path  :   /ihome/pbrusilosky/rum20/y_classify/dataset/feature/gensim/%s.topic=50.lda.pkl
01/04/2018 17:31:24 [INFO] configuration: gensim_corpus_path  :   /ihome/pbrusilosky/rum20/y_classify/dataset/feature/gensim/%s.corpus.pkl
01/04/2018 17:31:24 [INFO] configuration: gensim_dict_path  :   /ihome/pbrusilosky/rum20/y_classify/dataset/feature/gensim/%s.dict
01/04/2018 17:31:24 [INFO] configuration: w2v_path  :   /home/memray/Data/glove/GoogleNews-vectors-negative300.bin
01/04/2018 17:31:24 [INFO] configuration: w2v_vector_length  :   300
01/04/2018 17:31:24 [INFO] configuration: d2v_vector_length  :   300
01/04/2018 17:31:24 [INFO] configuration: d2v_window_size  :   5
01/04/2018 17:31:24 [INFO] configuration: d2v_min_count  :   2
01/04/2018 17:31:24 [INFO] configuration: d2v_model_path  :   /ihome/pbrusilosky/rum20/y_classify/dataset/feature/gensim/%s.doc2vec.dim=300.window=5.min_count=2.model
01/04/2018 17:31:24 [INFO] configuration: d2v_vector_path  :   /ihome/pbrusilosky/rum20/y_classify/dataset/feature/gensim/%s.doc2vec.dim=300.window=5.min_count=2.vector
01/04/2018 17:31:24 [INFO] configuration: num_word_keep  :   {'dstc2': 300, 'dstc3': 300, 'family': 1000, 'ghome': 1000}
01/04/2018 17:31:24 [INFO] configuration: batch_size  :   128
01/04/2018 17:31:24 [INFO] configuration: max_epoch  :   50
01/04/2018 17:31:24 [INFO] configuration: early_stop_tolerance  :   2
01/04/2018 17:31:24 [INFO] configuration: concat_sents  :   False
01/04/2018 17:31:24 [INFO] configuration: cnn_setting  :   {'model': 'multichannel', 'early_stopping': True, 'word_dim': 300, 'filters': [3, 4, 5], 'filter_num': [100, 100, 100], 'class_size': 4, 'batch_size': 128, 'learning_rate': 0.001, 'norm_limit': 10, 'dropout_prob': 0.0, 'sentence_num': 3}
01/04/2018 17:31:24 [INFO] configuration: skipthought_setting  :   {'skipthought_model_path': '/Users/memray/Data/skip-thought', 'skipthought_data_path': '/ihome/pbrusilosky/rum20/y_classify/dataset/feature/gensim/%s.skip-thought.biskip.vector', 'fixed_emb': True, 'sentence_num': 3, 'hidden_size': 2400, 'class_size': 4, 'learning_rate': 0.0001, 'norm_limit': 3, 'dropout_prob': 0.5}
01/04/2018 17:31:24 [INFO] configuration: lstm_setting  :   {'model': 'non-static', 'hidden_size': 32, 'embedding_size': 300, 'num_layers': 1, 'bidirectional': False, 'learning_rate': 0.001, 'class_size': 4, 'norm_limit': 2, 'clip_grad_norm': 2, 'dropout_prob': 0.1}
01/04/2018 17:31:29 [INFO] exp_shallowmodel: %%%%%%%%%%%%%%%%%%%%%%%%%%%%%%%%%%%%%%%%%%%%%%%%%%
01/04/2018 17:31:29 [INFO] exp_shallowmodel:           dataset=dstc2
01/04/2018 17:31:29 [INFO] exp_shallowmodel:           k_feature_to_keep=11
01/04/2018 17:31:29 [INFO] exp_shallowmodel:           X_new.shape=(5725, 11215)
01/04/2018 17:31:29 [INFO] exp_shallowmodel:           #(X_selected)=2048
01/04/2018 17:31:29 [INFO] exp_shallowmodel:           #(X_not_selectable)=9167
01/04/2018 17:31:29 [INFO] exp_shallowmodel: %%%%%%%%%%%%%%%%%%%%%%%%%%%%%%%%%%%%%%%%%%%%%%%%%%
01/04/2018 17:31:31 [INFO] exp_shallowmodel: ******************** dstc2 - Round 0 
01/04/2018 17:31:31 [INFO] exp_shallowmodel: #(data) = 4583
01/04/2018 17:31:31 [INFO] exp_shallowmodel: #(feature) = 11215
01/04/2018 17:31:31 [INFO] exp_shallowmodel: ================================================================================
01/04/2018 17:31:31 [INFO] exp_shallowmodel: LR.pen=l1.C=1.000000
01/04/2018 17:31:31 [INFO] exp_shallowmodel: ________________________________________________________________________________
01/04/2018 17:31:31 [INFO] exp_shallowmodel: Training: 
01/04/2018 17:31:31 [INFO] exp_shallowmodel: LogisticRegression(C=1, class_weight=None, dual=False, fit_intercept=True,
          intercept_scaling=1, max_iter=100, multi_class='ovr', n_jobs=1,
          penalty='l1', random_state=None, solver='liblinear', tol=0.0001,
          verbose=0, warm_start=False)
01/04/2018 17:32:00 [INFO] exp_shallowmodel: train time: 28.613s
01/04/2018 17:32:00 [INFO] exp_shallowmodel: test time:  0.009s
01/04/2018 17:32:00 [INFO] exp_shallowmodel: accuracy:   0.856
01/04/2018 17:32:00 [INFO] exp_shallowmodel: f1_score:   0.737
01/04/2018 17:32:00 [INFO] exp_shallowmodel: classification report:
01/04/2018 17:32:00 [INFO] exp_shallowmodel:              precision    recall  f1-score   support

          A       0.80      0.29      0.42        14
          C       0.80      0.82      0.81       164
          F       0.91      0.95      0.93       268
          R       0.81      0.76      0.78       125

avg / total       0.85      0.86      0.85       571

01/04/2018 17:32:00 [INFO] exp_shallowmodel: confusion matrix:
01/04/2018 17:32:00 [INFO] exp_shallowmodel: 
[[  4   2   7   1]
 [  0 135  11  18]
 [  1   8 255   4]
 [  0  24   6  95]]
01/04/2018 17:32:02 [INFO] exp_shallowmodel: ******************** dstc2 - Round 1 
01/04/2018 17:32:02 [INFO] exp_shallowmodel: #(data) = 4583
01/04/2018 17:32:02 [INFO] exp_shallowmodel: #(feature) = 11215
01/04/2018 17:32:02 [INFO] exp_shallowmodel: ================================================================================
01/04/2018 17:32:02 [INFO] exp_shallowmodel: LR.pen=l1.C=1.000000
01/04/2018 17:32:02 [INFO] exp_shallowmodel: ________________________________________________________________________________
01/04/2018 17:32:02 [INFO] exp_shallowmodel: Training: 
01/04/2018 17:32:02 [INFO] exp_shallowmodel: LogisticRegression(C=1, class_weight=None, dual=False, fit_intercept=True,
          intercept_scaling=1, max_iter=100, multi_class='ovr', n_jobs=1,
          penalty='l1', random_state=None, solver='liblinear', tol=0.0001,
          verbose=0, warm_start=False)
01/04/2018 17:32:29 [INFO] exp_shallowmodel: train time: 27.329s
01/04/2018 17:32:29 [INFO] exp_shallowmodel: test time:  0.009s
01/04/2018 17:32:29 [INFO] exp_shallowmodel: accuracy:   0.835
01/04/2018 17:32:29 [INFO] exp_shallowmodel: f1_score:   0.744
01/04/2018 17:32:29 [INFO] exp_shallowmodel: classification report:
01/04/2018 17:32:29 [INFO] exp_shallowmodel:              precision    recall  f1-score   support

          A       1.00      0.36      0.53        14
          C       0.79      0.76      0.77       164
          F       0.90      0.94      0.92       268
          R       0.73      0.78      0.75       125

avg / total       0.84      0.84      0.83       571

01/04/2018 17:32:29 [INFO] exp_shallowmodel: confusion matrix:
01/04/2018 17:32:29 [INFO] exp_shallowmodel: 
[[  5   2   6   1]
 [  0 124  15  25]
 [  0   8 251   9]
 [  0  22   6  97]]
01/04/2018 17:32:30 [INFO] exp_shallowmodel: Feature selection of top 100, ranked by LR weights (selectable:non-selectable=28:72)
01/04/2018 17:32:36 [INFO] exp_shallowmodel: %%%%%%%%%%%%%%%%%%%%%%%%%%%%%%%%%%%%%%%%%%%%%%%%%%
01/04/2018 17:32:36 [INFO] exp_shallowmodel:           dataset=dstc3
01/04/2018 17:32:36 [INFO] exp_shallowmodel:           k_feature_to_keep=11
01/04/2018 17:32:36 [INFO] exp_shallowmodel:           X_new.shape=(5934, 11215)
01/04/2018 17:32:36 [INFO] exp_shallowmodel:           #(X_selected)=2048
01/04/2018 17:32:36 [INFO] exp_shallowmodel:           #(X_not_selectable)=9167
01/04/2018 17:32:36 [INFO] exp_shallowmodel: %%%%%%%%%%%%%%%%%%%%%%%%%%%%%%%%%%%%%%%%%%%%%%%%%%
01/04/2018 17:32:38 [INFO] exp_shallowmodel: ******************** dstc3 - Round 0 
01/04/2018 17:32:38 [INFO] exp_shallowmodel: #(data) = 4750
01/04/2018 17:32:38 [INFO] exp_shallowmodel: #(feature) = 11215
01/04/2018 17:32:38 [INFO] exp_shallowmodel: ================================================================================
01/04/2018 17:32:38 [INFO] exp_shallowmodel: LR.pen=l1.C=1.000000
01/04/2018 17:32:38 [INFO] exp_shallowmodel: ________________________________________________________________________________
01/04/2018 17:32:38 [INFO] exp_shallowmodel: Training: 
01/04/2018 17:32:38 [INFO] exp_shallowmodel: LogisticRegression(C=1, class_weight=None, dual=False, fit_intercept=True,
          intercept_scaling=1, max_iter=100, multi_class='ovr', n_jobs=1,
          penalty='l1', random_state=None, solver='liblinear', tol=0.0001,
          verbose=0, warm_start=False)
01/04/2018 17:33:11 [INFO] exp_shallowmodel: train time: 33.440s
01/04/2018 17:33:11 [INFO] exp_shallowmodel: test time:  0.010s
01/04/2018 17:33:11 [INFO] exp_shallowmodel: accuracy:   0.784
01/04/2018 17:33:11 [INFO] exp_shallowmodel: f1_score:   0.717
01/04/2018 17:33:11 [INFO] exp_shallowmodel: classification report:
01/04/2018 17:33:11 [INFO] exp_shallowmodel:              precision    recall  f1-score   support

          A       0.79      0.55      0.65        20
          C       0.68      0.76      0.72       169
          F       0.91      0.91      0.91       281
          R       0.62      0.56      0.59       122

avg / total       0.78      0.78      0.78       592

01/04/2018 17:33:11 [INFO] exp_shallowmodel: confusion matrix:
01/04/2018 17:33:11 [INFO] exp_shallowmodel: 
[[ 11   2   5   2]
 [  2 128   9  30]
 [  1  13 257  10]
 [  0  44  10  68]]
01/04/2018 17:33:14 [INFO] exp_shallowmodel: ******************** dstc3 - Round 1 
01/04/2018 17:33:14 [INFO] exp_shallowmodel: #(data) = 4750
01/04/2018 17:33:14 [INFO] exp_shallowmodel: #(feature) = 11215
01/04/2018 17:33:14 [INFO] exp_shallowmodel: ================================================================================
01/04/2018 17:33:14 [INFO] exp_shallowmodel: LR.pen=l1.C=1.000000
01/04/2018 17:33:14 [INFO] exp_shallowmodel: ________________________________________________________________________________
01/04/2018 17:33:14 [INFO] exp_shallowmodel: Training: 
01/04/2018 17:33:14 [INFO] exp_shallowmodel: LogisticRegression(C=1, class_weight=None, dual=False, fit_intercept=True,
          intercept_scaling=1, max_iter=100, multi_class='ovr', n_jobs=1,
          penalty='l1', random_state=None, solver='liblinear', tol=0.0001,
          verbose=0, warm_start=False)
01/04/2018 17:33:46 [INFO] exp_shallowmodel: train time: 32.727s
01/04/2018 17:33:46 [INFO] exp_shallowmodel: test time:  0.010s
01/04/2018 17:33:46 [INFO] exp_shallowmodel: accuracy:   0.782
01/04/2018 17:33:46 [INFO] exp_shallowmodel: f1_score:   0.704
01/04/2018 17:33:46 [INFO] exp_shallowmodel: classification report:
01/04/2018 17:33:46 [INFO] exp_shallowmodel:              precision    recall  f1-score   support

          A       0.65      0.55      0.59        20
          C       0.73      0.75      0.74       169
          F       0.89      0.91      0.90       281
          R       0.60      0.56      0.58       122

avg / total       0.78      0.78      0.78       592

01/04/2018 17:33:46 [INFO] exp_shallowmodel: confusion matrix:
01/04/2018 17:33:46 [INFO] exp_shallowmodel: 
[[ 11   1   6   2]
 [  1 127  12  29]
 [  3   7 257  14]
 [  2  38  14  68]]
01/04/2018 17:33:47 [INFO] exp_shallowmodel: Feature selection of top 100, ranked by LR weights (selectable:non-selectable=27:73)
01/04/2018 17:33:56 [INFO] exp_shallowmodel: %%%%%%%%%%%%%%%%%%%%%%%%%%%%%%%%%%%%%%%%%%%%%%%%%%
01/04/2018 17:33:56 [INFO] exp_shallowmodel:           dataset=family
01/04/2018 17:33:56 [INFO] exp_shallowmodel:           k_feature_to_keep=11
01/04/2018 17:33:56 [INFO] exp_shallowmodel:           X_new.shape=(3530, 11223)
01/04/2018 17:33:56 [INFO] exp_shallowmodel:           #(X_selected)=2048
01/04/2018 17:33:56 [INFO] exp_shallowmodel:           #(X_not_selectable)=9175
01/04/2018 17:33:56 [INFO] exp_shallowmodel: %%%%%%%%%%%%%%%%%%%%%%%%%%%%%%%%%%%%%%%%%%%%%%%%%%
01/04/2018 17:33:57 [INFO] exp_shallowmodel: ******************** family - Round 0 
01/04/2018 17:33:57 [INFO] exp_shallowmodel: #(data) = 2826
01/04/2018 17:33:57 [INFO] exp_shallowmodel: #(feature) = 11223
01/04/2018 17:33:57 [INFO] exp_shallowmodel: ================================================================================
01/04/2018 17:33:57 [INFO] exp_shallowmodel: LR.pen=l1.C=1.000000
01/04/2018 17:33:57 [INFO] exp_shallowmodel: ________________________________________________________________________________
01/04/2018 17:33:57 [INFO] exp_shallowmodel: Training: 
01/04/2018 17:33:57 [INFO] exp_shallowmodel: LogisticRegression(C=1, class_weight=None, dual=False, fit_intercept=True,
          intercept_scaling=1, max_iter=100, multi_class='ovr', n_jobs=1,
          penalty='l1', random_state=None, solver='liblinear', tol=0.0001,
          verbose=0, warm_start=False)
01/04/2018 17:34:10 [INFO] exp_shallowmodel: train time: 13.026s
01/04/2018 17:34:10 [INFO] exp_shallowmodel: test time:  0.006s
01/04/2018 17:34:10 [INFO] exp_shallowmodel: accuracy:   0.855
01/04/2018 17:34:10 [INFO] exp_shallowmodel: f1_score:   0.601
01/04/2018 17:34:10 [INFO] exp_shallowmodel: classification report:
01/04/2018 17:34:10 [INFO] exp_shallowmodel:              precision    recall  f1-score   support

          A       0.40      0.17      0.24        23
          C       0.60      0.44      0.51        27
          F       0.93      0.99      0.96       250
          R       0.67      0.71      0.69        52

avg / total       0.83      0.86      0.84       352

01/04/2018 17:34:10 [INFO] exp_shallowmodel: confusion matrix:
01/04/2018 17:34:10 [INFO] exp_shallowmodel: 
[[  4   4  10   5]
 [  3  12   1  11]
 [  0   0 248   2]
 [  3   4   8  37]]
01/04/2018 17:34:11 [INFO] exp_shallowmodel: ******************** family - Round 1 
01/04/2018 17:34:11 [INFO] exp_shallowmodel: #(data) = 2826
01/04/2018 17:34:11 [INFO] exp_shallowmodel: #(feature) = 11223
01/04/2018 17:34:11 [INFO] exp_shallowmodel: ================================================================================
01/04/2018 17:34:11 [INFO] exp_shallowmodel: LR.pen=l1.C=1.000000
01/04/2018 17:34:11 [INFO] exp_shallowmodel: ________________________________________________________________________________
01/04/2018 17:34:11 [INFO] exp_shallowmodel: Training: 
01/04/2018 17:34:11 [INFO] exp_shallowmodel: LogisticRegression(C=1, class_weight=None, dual=False, fit_intercept=True,
          intercept_scaling=1, max_iter=100, multi_class='ovr', n_jobs=1,
          penalty='l1', random_state=None, solver='liblinear', tol=0.0001,
          verbose=0, warm_start=False)
01/04/2018 17:34:23 [INFO] exp_shallowmodel: train time: 12.149s
01/04/2018 17:34:23 [INFO] exp_shallowmodel: test time:  0.006s
01/04/2018 17:34:23 [INFO] exp_shallowmodel: accuracy:   0.889
01/04/2018 17:34:23 [INFO] exp_shallowmodel: f1_score:   0.735
01/04/2018 17:34:23 [INFO] exp_shallowmodel: classification report:
01/04/2018 17:34:23 [INFO] exp_shallowmodel:              precision    recall  f1-score   support

          A       0.88      0.30      0.45        23
          C       0.81      0.78      0.79        27
          F       0.94      0.98      0.96       250
          R       0.71      0.77      0.74        52

avg / total       0.89      0.89      0.88       352

01/04/2018 17:34:23 [INFO] exp_shallowmodel: confusion matrix:
01/04/2018 17:34:23 [INFO] exp_shallowmodel: 
[[  7   1   8   7]
 [  0  21   1   5]
 [  1   0 245   4]
 [  0   4   8  40]]
01/04/2018 17:34:24 [INFO] exp_shallowmodel: Feature selection of top 100, ranked by LR weights (selectable:non-selectable=40:60)
01/04/2018 17:34:35 [INFO] exp_shallowmodel: %%%%%%%%%%%%%%%%%%%%%%%%%%%%%%%%%%%%%%%%%%%%%%%%%%
01/04/2018 17:34:35 [INFO] exp_shallowmodel:           dataset=ghome
01/04/2018 17:34:35 [INFO] exp_shallowmodel:           k_feature_to_keep=11
01/04/2018 17:34:35 [INFO] exp_shallowmodel:           X_new.shape=(5241, 11216)
01/04/2018 17:34:35 [INFO] exp_shallowmodel:           #(X_selected)=2048
01/04/2018 17:34:35 [INFO] exp_shallowmodel:           #(X_not_selectable)=9168
01/04/2018 17:34:35 [INFO] exp_shallowmodel: %%%%%%%%%%%%%%%%%%%%%%%%%%%%%%%%%%%%%%%%%%%%%%%%%%
01/04/2018 17:34:37 [INFO] exp_shallowmodel: ******************** ghome - Round 0 
01/04/2018 17:34:37 [INFO] exp_shallowmodel: #(data) = 4197
01/04/2018 17:34:37 [INFO] exp_shallowmodel: #(feature) = 11216
01/04/2018 17:34:37 [INFO] exp_shallowmodel: ================================================================================
01/04/2018 17:34:37 [INFO] exp_shallowmodel: LR.pen=l1.C=1.000000
01/04/2018 17:34:37 [INFO] exp_shallowmodel: ________________________________________________________________________________
01/04/2018 17:34:37 [INFO] exp_shallowmodel: Training: 
01/04/2018 17:34:37 [INFO] exp_shallowmodel: LogisticRegression(C=1, class_weight=None, dual=False, fit_intercept=True,
          intercept_scaling=1, max_iter=100, multi_class='ovr', n_jobs=1,
          penalty='l1', random_state=None, solver='liblinear', tol=0.0001,
          verbose=0, warm_start=False)
01/04/2018 17:34:58 [INFO] exp_shallowmodel: train time: 21.293s
01/04/2018 17:34:58 [INFO] exp_shallowmodel: test time:  0.008s
01/04/2018 17:34:58 [INFO] exp_shallowmodel: accuracy:   0.887
01/04/2018 17:34:58 [INFO] exp_shallowmodel: f1_score:   0.604
01/04/2018 17:34:58 [INFO] exp_shallowmodel: classification report:
01/04/2018 17:34:58 [INFO] exp_shallowmodel:              precision    recall  f1-score   support

          A       0.63      0.56      0.59        59
          C       1.00      0.08      0.15        12
          F       0.94      0.99      0.96       396
          R       0.72      0.69      0.70        55

avg / total       0.88      0.89      0.88       522

01/04/2018 17:34:58 [INFO] exp_shallowmodel: confusion matrix:
01/04/2018 17:34:58 [INFO] exp_shallowmodel: 
[[ 33   0  12  14]
 [  3   1   7   1]
 [  5   0 391   0]
 [ 11   0   6  38]]
01/04/2018 17:35:00 [INFO] exp_shallowmodel: ******************** ghome - Round 1 
01/04/2018 17:35:00 [INFO] exp_shallowmodel: #(data) = 4197
01/04/2018 17:35:00 [INFO] exp_shallowmodel: #(feature) = 11216
01/04/2018 17:35:00 [INFO] exp_shallowmodel: ================================================================================
01/04/2018 17:35:00 [INFO] exp_shallowmodel: LR.pen=l1.C=1.000000
01/04/2018 17:35:00 [INFO] exp_shallowmodel: ________________________________________________________________________________
01/04/2018 17:35:00 [INFO] exp_shallowmodel: Training: 
01/04/2018 17:35:00 [INFO] exp_shallowmodel: LogisticRegression(C=1, class_weight=None, dual=False, fit_intercept=True,
          intercept_scaling=1, max_iter=100, multi_class='ovr', n_jobs=1,
          penalty='l1', random_state=None, solver='liblinear', tol=0.0001,
          verbose=0, warm_start=False)
01/04/2018 17:35:21 [INFO] exp_shallowmodel: train time: 20.764s
01/04/2018 17:35:21 [INFO] exp_shallowmodel: test time:  0.008s
01/04/2018 17:35:21 [INFO] exp_shallowmodel: accuracy:   0.898
01/04/2018 17:35:21 [INFO] exp_shallowmodel: f1_score:   0.592
01/04/2018 17:35:21 [INFO] exp_shallowmodel: classification report:
01/04/2018 17:35:21 [INFO] exp_shallowmodel:              precision    recall  f1-score   support

          A       0.73      0.73      0.73        59
          C       0.00      0.00      0.00        12
          F       0.94      0.99      0.96       396
          R       0.74      0.62      0.67        55

avg / total       0.87      0.90      0.88       522

01/04/2018 17:35:21 [INFO] exp_shallowmodel: confusion matrix:
01/04/2018 17:35:21 [INFO] exp_shallowmodel: 
[[ 43   0   8   8]
 [  5   0   5   2]
 [  2   0 392   2]
 [  9   0  12  34]]
01/04/2018 17:35:22 [INFO] exp_shallowmodel: Feature selection of top 100, ranked by LR weights (selectable:non-selectable=26:74)
Done: 20180104-173522
/ihome/pbrusilosky/rum20/packages/anaconda3/lib/python3.6/site-packages/sklearn/preprocessing/data.py:164: UserWarning: Numerical issues were encountered when centering the data and might not be solved. Dataset may contain too large values. You may need to prescale your features.
  warnings.warn("Numerical issues were encountered "
/ihome/pbrusilosky/rum20/packages/anaconda3/lib/python3.6/site-packages/sklearn/preprocessing/data.py:169: RuntimeWarning: invalid value encountered in subtract
  Xr -= mean_1
/ihome/pbrusilosky/rum20/packages/anaconda3/lib/python3.6/site-packages/sklearn/preprocessing/data.py:181: UserWarning: Numerical issues were encountered when scaling the data and might not be solved. The standard deviation of the data is probably very close to 0. 
  warnings.warn("Numerical issues were encountered "
/ihome/pbrusilosky/rum20/packages/anaconda3/lib/python3.6/site-packages/sklearn/preprocessing/data.py:164: UserWarning: Numerical issues were encountered when centering the data and might not be solved. Dataset may contain too large values. You may need to prescale your features.
  warnings.warn("Numerical issues were encountered "
/ihome/pbrusilosky/rum20/packages/anaconda3/lib/python3.6/site-packages/sklearn/preprocessing/data.py:169: RuntimeWarning: invalid value encountered in subtract
  Xr -= mean_1
/ihome/pbrusilosky/rum20/packages/anaconda3/lib/python3.6/site-packages/sklearn/preprocessing/data.py:181: UserWarning: Numerical issues were encountered when scaling the data and might not be solved. The standard deviation of the data is probably very close to 0. 
  warnings.warn("Numerical issues were encountered "
/ihome/pbrusilosky/rum20/packages/anaconda3/lib/python3.6/site-packages/sklearn/preprocessing/data.py:164: UserWarning: Numerical issues were encountered when centering the data and might not be solved. Dataset may contain too large values. You may need to prescale your features.
  warnings.warn("Numerical issues were encountered "
/ihome/pbrusilosky/rum20/packages/anaconda3/lib/python3.6/site-packages/sklearn/preprocessing/data.py:169: RuntimeWarning: invalid value encountered in subtract
  Xr -= mean_1
/ihome/pbrusilosky/rum20/packages/anaconda3/lib/python3.6/site-packages/sklearn/preprocessing/data.py:181: UserWarning: Numerical issues were encountered when scaling the data and might not be solved. The standard deviation of the data is probably very close to 0. 
  warnings.warn("Numerical issues were encountered "
/ihome/pbrusilosky/rum20/packages/anaconda3/lib/python3.6/site-packages/sklearn/preprocessing/data.py:164: UserWarning: Numerical issues were encountered when centering the data and might not be solved. Dataset may contain too large values. You may need to prescale your features.
  warnings.warn("Numerical issues were encountered "
/ihome/pbrusilosky/rum20/packages/anaconda3/lib/python3.6/site-packages/sklearn/preprocessing/data.py:169: RuntimeWarning: invalid value encountered in subtract
  Xr -= mean_1
/ihome/pbrusilosky/rum20/packages/anaconda3/lib/python3.6/site-packages/sklearn/preprocessing/data.py:181: UserWarning: Numerical issues were encountered when scaling the data and might not be solved. The standard deviation of the data is probably very close to 0. 
  warnings.warn("Numerical issues were encountered "
/ihome/pbrusilosky/rum20/packages/anaconda3/lib/python3.6/site-packages/sklearn/preprocessing/data.py:164: UserWarning: Numerical issues were encountered when centering the data and might not be solved. Dataset may contain too large values. You may need to prescale your features.
  warnings.warn("Numerical issues were encountered "
/ihome/pbrusilosky/rum20/packages/anaconda3/lib/python3.6/site-packages/sklearn/preprocessing/data.py:169: RuntimeWarning: invalid value encountered in subtract
  Xr -= mean_1
/ihome/pbrusilosky/rum20/packages/anaconda3/lib/python3.6/site-packages/sklearn/preprocessing/data.py:181: UserWarning: Numerical issues were encountered when scaling the data and might not be solved. The standard deviation of the data is probably very close to 0. 
  warnings.warn("Numerical issues were encountered "
/ihome/pbrusilosky/rum20/packages/anaconda3/lib/python3.6/site-packages/sklearn/preprocessing/data.py:164: UserWarning: Numerical issues were encountered when centering the data and might not be solved. Dataset may contain too large values. You may need to prescale your features.
  warnings.warn("Numerical issues were encountered "
/ihome/pbrusilosky/rum20/packages/anaconda3/lib/python3.6/site-packages/sklearn/preprocessing/data.py:169: RuntimeWarning: invalid value encountered in subtract
  Xr -= mean_1
/ihome/pbrusilosky/rum20/packages/anaconda3/lib/python3.6/site-packages/sklearn/preprocessing/data.py:181: UserWarning: Numerical issues were encountered when scaling the data and might not be solved. The standard deviation of the data is probably very close to 0. 
  warnings.warn("Numerical issues were encountered "
/ihome/pbrusilosky/rum20/packages/anaconda3/lib/python3.6/site-packages/sklearn/preprocessing/data.py:164: UserWarning: Numerical issues were encountered when centering the data and might not be solved. Dataset may contain too large values. You may need to prescale your features.
  warnings.warn("Numerical issues were encountered "
/ihome/pbrusilosky/rum20/packages/anaconda3/lib/python3.6/site-packages/sklearn/preprocessing/data.py:169: RuntimeWarning: invalid value encountered in subtract
  Xr -= mean_1
/ihome/pbrusilosky/rum20/packages/anaconda3/lib/python3.6/site-packages/sklearn/preprocessing/data.py:181: UserWarning: Numerical issues were encountered when scaling the data and might not be solved. The standard deviation of the data is probably very close to 0. 
  warnings.warn("Numerical issues were encountered "
/ihome/pbrusilosky/rum20/packages/anaconda3/lib/python3.6/site-packages/sklearn/preprocessing/data.py:164: UserWarning: Numerical issues were encountered when centering the data and might not be solved. Dataset may contain too large values. You may need to prescale your features.
  warnings.warn("Numerical issues were encountered "
/ihome/pbrusilosky/rum20/packages/anaconda3/lib/python3.6/site-packages/sklearn/preprocessing/data.py:169: RuntimeWarning: invalid value encountered in subtract
  Xr -= mean_1
/ihome/pbrusilosky/rum20/packages/anaconda3/lib/python3.6/site-packages/sklearn/preprocessing/data.py:181: UserWarning: Numerical issues were encountered when scaling the data and might not be solved. The standard deviation of the data is probably very close to 0. 
  warnings.warn("Numerical issues were encountered "
/ihome/pbrusilosky/rum20/packages/anaconda3/lib/python3.6/site-packages/sklearn/metrics/classification.py:1135: UndefinedMetricWarning: Precision is ill-defined and being set to 0.0 in labels with no predicted samples.
  'precision', 'predicted', average, warn_for)
/ihome/pbrusilosky/rum20/packages/anaconda3/lib/python3.6/site-packages/sklearn/metrics/classification.py:1135: UndefinedMetricWarning: F-score is ill-defined and being set to 0.0 in labels with no predicted samples.
  'precision', 'predicted', average, warn_for)
/ihome/pbrusilosky/rum20/packages/anaconda3/lib/python3.6/site-packages/sklearn/metrics/classification.py:1135: UndefinedMetricWarning: Precision and F-score are ill-defined and being set to 0.0 in labels with no predicted samples.
  'precision', 'predicted', average, warn_for)
