/ihome/pbrusilosky/rum20/packages/anaconda3/bin/python -m dialogue.classify.task_runner -experiment_mode discrete_feature_selection -selected_feature_set_id 9 -add_similarity_feature -selected_context_id 0 -k_feature_to_keep 10
No. of param settings = 1
[('experiment_mode', 'discrete_feature_selection'), ('deep_model', False), ('selected_context_id', 0), ('selected_feature_set_id', 9), ('similarity_feature', True), ('k_feature_to_keep', 10)]
01/04/2018 17:31:27 [INFO] configuration: experiment_mode  :   discrete_feature_selection
01/04/2018 17:31:27 [INFO] configuration: deep_model  :   False
01/04/2018 17:31:27 [INFO] configuration: selected_context_id  :   0
01/04/2018 17:31:27 [INFO] configuration: selected_feature_set_id  :   9
01/04/2018 17:31:27 [INFO] configuration: similarity_feature  :   True
01/04/2018 17:31:27 [INFO] configuration: k_feature_to_keep  :   10
01/04/2018 17:31:27 [INFO] configuration: seed  :   154316847
01/04/2018 17:31:27 [INFO] configuration: root_path  :   /ihome/pbrusilosky/rum20/y_classify
01/04/2018 17:31:27 [INFO] configuration: task_name  :   utterance_type
01/04/2018 17:31:27 [INFO] configuration: timemark  :   20180104-173127
01/04/2018 17:31:27 [INFO] configuration: context_set  :   next
01/04/2018 17:31:27 [INFO] configuration: utterance_names  :   ['last_user_utterance', 'last_system_utterance', 'current_user_utterance', 'next_system_utterance', 'next_user_utterance']
01/04/2018 17:31:27 [INFO] configuration: utterance_range  :   ['current_user_utterance', 'next_system_utterance', 'next_user_utterance']
01/04/2018 17:31:27 [INFO] configuration: feature_set  :   9-[2+1.3.4]
01/04/2018 17:31:27 [INFO] configuration: feature_set_number  :   ['1', '2', '3', '5', '6', '7', '4']
01/04/2018 17:31:27 [INFO] configuration: experiment_name  :   20180104-173127.discrete_feature_selection.feature_number=10.context=next.feature=9-[2+1.3.4].similarity=true
01/04/2018 17:31:27 [INFO] configuration: experiment_path  :   /ihome/pbrusilosky/rum20/y_classify/output/20180104-173127.discrete_feature_selection.feature_number=10.context=next.feature=9-[2+1.3.4].similarity=true
01/04/2018 17:31:27 [INFO] configuration: log_path  :   /ihome/pbrusilosky/rum20/y_classify/output/20180104-173127.discrete_feature_selection.feature_number=10.context=next.feature=9-[2+1.3.4].similarity=true/output.log
01/04/2018 17:31:27 [INFO] configuration: valid_type  :   {'R', 'F', 'A', 'C'}
01/04/2018 17:31:27 [INFO] configuration: data_name  :   
01/04/2018 17:31:27 [INFO] configuration: data_names  :   ['dstc2', 'dstc3', 'family', 'ghome']
01/04/2018 17:31:27 [INFO] configuration: raw_feature_path  :   /ihome/pbrusilosky/rum20/y_classify/dataset/feature/%s.raw_feature.pkl
01/04/2018 17:31:27 [INFO] configuration: extracted_feature_path  :   /ihome/pbrusilosky/rum20/y_classify/dataset/feature/%s.extracted_feature.pkl
01/04/2018 17:31:27 [INFO] configuration: pipeline_path  :   /ihome/pbrusilosky/rum20/y_classify/dataset/feature/%s.pipeline.pkl
01/04/2018 17:31:27 [INFO] configuration: metrics  :   ['accuracy', 'precision', 'recall', 'f1_score', 'training_time', 'test_time']
01/04/2018 17:31:27 [INFO] configuration: do_cross_validation  :   True
01/04/2018 17:31:27 [INFO] configuration: #division  :   5
01/04/2018 17:31:27 [INFO] configuration: #cross_validation  :   10
01/04/2018 17:31:27 [INFO] configuration: cv_index_cache_path  :   
01/04/2018 17:31:27 [INFO] configuration: action_words  :   {'help', 'expensive', 'moder', 'video', 'post', 'light', 'clear', 'music', 'reminder', 'snooz', 'centr', 'member', 'play', 'skip', 'reminders', 'add', 'telephon', 'volume', 'expens', 'alarm', 'weather', 'shuffle', 'cheap', 'food', 'ani', 'timer', 'temperature', 'els', 'telephone', 'shuffl', 'tell', 'next', 'share', 'watch', 'phone', 'findcare', 'time', 'turn', 'song', 'items', 'remove', 'address', 'start', 'delet', 'south', 'any', 'findcar', 'price', 'else', 'volum', 'remov', 'snooze', 'room', 'reminds', 'temperatur', 'show', 'part', 'matter', 'north', 'delete', 'moderate', 'item', 'list', 'discard', 'number', 'stop', 'centre', 'cast', 'remind', 'area'}
01/04/2018 17:31:27 [INFO] configuration: corenlp_jars  :   ('/Users/memray/Project/stanford/stanford-corenlp-full-3.8.0/*', '/Users/memray/Project/stanford/stanford-corenlp-full-3.8.0/stanford-english-kbp-corenlp-2017-06-09-models.jar')
01/04/2018 17:31:27 [INFO] configuration: lda_topic_number  :   50
01/04/2018 17:31:27 [INFO] configuration: lda_path  :   /ihome/pbrusilosky/rum20/y_classify/dataset/feature/gensim/%s.topic=50.lda.pkl
01/04/2018 17:31:27 [INFO] configuration: gensim_corpus_path  :   /ihome/pbrusilosky/rum20/y_classify/dataset/feature/gensim/%s.corpus.pkl
01/04/2018 17:31:27 [INFO] configuration: gensim_dict_path  :   /ihome/pbrusilosky/rum20/y_classify/dataset/feature/gensim/%s.dict
01/04/2018 17:31:27 [INFO] configuration: w2v_path  :   /home/memray/Data/glove/GoogleNews-vectors-negative300.bin
01/04/2018 17:31:27 [INFO] configuration: w2v_vector_length  :   300
01/04/2018 17:31:27 [INFO] configuration: d2v_vector_length  :   300
01/04/2018 17:31:27 [INFO] configuration: d2v_window_size  :   5
01/04/2018 17:31:27 [INFO] configuration: d2v_min_count  :   2
01/04/2018 17:31:27 [INFO] configuration: d2v_model_path  :   /ihome/pbrusilosky/rum20/y_classify/dataset/feature/gensim/%s.doc2vec.dim=300.window=5.min_count=2.model
01/04/2018 17:31:27 [INFO] configuration: d2v_vector_path  :   /ihome/pbrusilosky/rum20/y_classify/dataset/feature/gensim/%s.doc2vec.dim=300.window=5.min_count=2.vector
01/04/2018 17:31:27 [INFO] configuration: num_word_keep  :   {'dstc2': 300, 'dstc3': 300, 'family': 1000, 'ghome': 1000}
01/04/2018 17:31:27 [INFO] configuration: batch_size  :   128
01/04/2018 17:31:27 [INFO] configuration: max_epoch  :   50
01/04/2018 17:31:27 [INFO] configuration: early_stop_tolerance  :   2
01/04/2018 17:31:27 [INFO] configuration: concat_sents  :   False
01/04/2018 17:31:27 [INFO] configuration: cnn_setting  :   {'model': 'multichannel', 'early_stopping': True, 'word_dim': 300, 'filters': [3, 4, 5], 'filter_num': [100, 100, 100], 'class_size': 4, 'batch_size': 128, 'learning_rate': 0.001, 'norm_limit': 10, 'dropout_prob': 0.0, 'sentence_num': 3}
01/04/2018 17:31:27 [INFO] configuration: skipthought_setting  :   {'skipthought_model_path': '/Users/memray/Data/skip-thought', 'skipthought_data_path': '/ihome/pbrusilosky/rum20/y_classify/dataset/feature/gensim/%s.skip-thought.biskip.vector', 'fixed_emb': True, 'sentence_num': 3, 'hidden_size': 2400, 'class_size': 4, 'learning_rate': 0.0001, 'norm_limit': 3, 'dropout_prob': 0.5}
01/04/2018 17:31:27 [INFO] configuration: lstm_setting  :   {'model': 'non-static', 'hidden_size': 32, 'embedding_size': 300, 'num_layers': 1, 'bidirectional': False, 'learning_rate': 0.001, 'class_size': 4, 'norm_limit': 2, 'clip_grad_norm': 2, 'dropout_prob': 0.1}
01/04/2018 17:31:31 [INFO] exp_shallowmodel: %%%%%%%%%%%%%%%%%%%%%%%%%%%%%%%%%%%%%%%%%%%%%%%%%%
01/04/2018 17:31:31 [INFO] exp_shallowmodel:           dataset=dstc2
01/04/2018 17:31:31 [INFO] exp_shallowmodel:           k_feature_to_keep=10
01/04/2018 17:31:31 [INFO] exp_shallowmodel:           X_new.shape=(5725, 1036)
01/04/2018 17:31:31 [INFO] exp_shallowmodel:           #(X_selected)=1024
01/04/2018 17:31:31 [INFO] exp_shallowmodel:           #(X_not_selectable)=12
01/04/2018 17:31:31 [INFO] exp_shallowmodel: %%%%%%%%%%%%%%%%%%%%%%%%%%%%%%%%%%%%%%%%%%%%%%%%%%
01/04/2018 17:31:31 [INFO] exp_shallowmodel: ******************** dstc2 - Round 0 
01/04/2018 17:31:31 [INFO] exp_shallowmodel: #(data) = 4583
01/04/2018 17:31:31 [INFO] exp_shallowmodel: #(feature) = 1036
01/04/2018 17:31:31 [INFO] exp_shallowmodel: ================================================================================
01/04/2018 17:31:31 [INFO] exp_shallowmodel: LR.pen=l1.C=1.000000
01/04/2018 17:31:31 [INFO] exp_shallowmodel: ________________________________________________________________________________
01/04/2018 17:31:31 [INFO] exp_shallowmodel: Training: 
01/04/2018 17:31:31 [INFO] exp_shallowmodel: LogisticRegression(C=1, class_weight=None, dual=False, fit_intercept=True,
          intercept_scaling=1, max_iter=100, multi_class='ovr', n_jobs=1,
          penalty='l1', random_state=None, solver='liblinear', tol=0.0001,
          verbose=0, warm_start=False)
01/04/2018 17:31:53 [INFO] exp_shallowmodel: train time: 22.582s
01/04/2018 17:31:53 [INFO] exp_shallowmodel: test time:  0.001s
01/04/2018 17:31:53 [INFO] exp_shallowmodel: accuracy:   0.874
01/04/2018 17:31:53 [INFO] exp_shallowmodel: f1_score:   0.766
01/04/2018 17:31:53 [INFO] exp_shallowmodel: classification report:
01/04/2018 17:31:53 [INFO] exp_shallowmodel:              precision    recall  f1-score   support

          A       0.71      0.36      0.48        14
          C       0.81      0.84      0.82       164
          F       0.92      0.96      0.94       268
          R       0.87      0.78      0.82       125

avg / total       0.87      0.87      0.87       571

01/04/2018 17:31:53 [INFO] exp_shallowmodel: confusion matrix:
01/04/2018 17:31:53 [INFO] exp_shallowmodel: 
[[  5   2   6   1]
 [  1 138  13  12]
 [  1   7 258   2]
 [  0  24   3  98]]
01/04/2018 17:31:54 [INFO] exp_shallowmodel: ******************** dstc2 - Round 1 
01/04/2018 17:31:54 [INFO] exp_shallowmodel: #(data) = 4583
01/04/2018 17:31:54 [INFO] exp_shallowmodel: #(feature) = 1036
01/04/2018 17:31:54 [INFO] exp_shallowmodel: ================================================================================
01/04/2018 17:31:54 [INFO] exp_shallowmodel: LR.pen=l1.C=1.000000
01/04/2018 17:31:54 [INFO] exp_shallowmodel: ________________________________________________________________________________
01/04/2018 17:31:54 [INFO] exp_shallowmodel: Training: 
01/04/2018 17:31:54 [INFO] exp_shallowmodel: LogisticRegression(C=1, class_weight=None, dual=False, fit_intercept=True,
          intercept_scaling=1, max_iter=100, multi_class='ovr', n_jobs=1,
          penalty='l1', random_state=None, solver='liblinear', tol=0.0001,
          verbose=0, warm_start=False)
01/04/2018 17:32:14 [INFO] exp_shallowmodel: train time: 20.749s
01/04/2018 17:32:14 [INFO] exp_shallowmodel: test time:  0.001s
01/04/2018 17:32:14 [INFO] exp_shallowmodel: accuracy:   0.846
01/04/2018 17:32:14 [INFO] exp_shallowmodel: f1_score:   0.754
01/04/2018 17:32:14 [INFO] exp_shallowmodel: classification report:
01/04/2018 17:32:14 [INFO] exp_shallowmodel:              precision    recall  f1-score   support

          A       1.00      0.36      0.53        14
          C       0.77      0.83      0.80       164
          F       0.92      0.93      0.92       268
          R       0.79      0.75      0.77       125

avg / total       0.85      0.85      0.84       571

01/04/2018 17:32:14 [INFO] exp_shallowmodel: confusion matrix:
01/04/2018 17:32:14 [INFO] exp_shallowmodel: 
[[  5   0   5   4]
 [  0 136  12  16]
 [  0  15 248   5]
 [  0  26   5  94]]
01/04/2018 17:32:15 [INFO] exp_shallowmodel: Feature selection of top 100, ranked by LR weights (selectable:non-selectable=94:6)
01/04/2018 17:32:20 [INFO] exp_shallowmodel: %%%%%%%%%%%%%%%%%%%%%%%%%%%%%%%%%%%%%%%%%%%%%%%%%%
01/04/2018 17:32:20 [INFO] exp_shallowmodel:           dataset=dstc3
01/04/2018 17:32:20 [INFO] exp_shallowmodel:           k_feature_to_keep=10
01/04/2018 17:32:20 [INFO] exp_shallowmodel:           X_new.shape=(5934, 1036)
01/04/2018 17:32:20 [INFO] exp_shallowmodel:           #(X_selected)=1024
01/04/2018 17:32:20 [INFO] exp_shallowmodel:           #(X_not_selectable)=12
01/04/2018 17:32:20 [INFO] exp_shallowmodel: %%%%%%%%%%%%%%%%%%%%%%%%%%%%%%%%%%%%%%%%%%%%%%%%%%
01/04/2018 17:32:20 [INFO] exp_shallowmodel: ******************** dstc3 - Round 0 
01/04/2018 17:32:20 [INFO] exp_shallowmodel: #(data) = 4750
01/04/2018 17:32:20 [INFO] exp_shallowmodel: #(feature) = 1036
01/04/2018 17:32:20 [INFO] exp_shallowmodel: ================================================================================
01/04/2018 17:32:20 [INFO] exp_shallowmodel: LR.pen=l1.C=1.000000
01/04/2018 17:32:20 [INFO] exp_shallowmodel: ________________________________________________________________________________
01/04/2018 17:32:20 [INFO] exp_shallowmodel: Training: 
01/04/2018 17:32:20 [INFO] exp_shallowmodel: LogisticRegression(C=1, class_weight=None, dual=False, fit_intercept=True,
          intercept_scaling=1, max_iter=100, multi_class='ovr', n_jobs=1,
          penalty='l1', random_state=None, solver='liblinear', tol=0.0001,
          verbose=0, warm_start=False)
01/04/2018 17:32:44 [INFO] exp_shallowmodel: train time: 23.601s
01/04/2018 17:32:44 [INFO] exp_shallowmodel: test time:  0.001s
01/04/2018 17:32:44 [INFO] exp_shallowmodel: accuracy:   0.814
01/04/2018 17:32:44 [INFO] exp_shallowmodel: f1_score:   0.723
01/04/2018 17:32:44 [INFO] exp_shallowmodel: classification report:
01/04/2018 17:32:44 [INFO] exp_shallowmodel:              precision    recall  f1-score   support

          A       0.62      0.50      0.56        20
          C       0.74      0.81      0.78       169
          F       0.90      0.94      0.92       281
          R       0.73      0.57      0.64       122

avg / total       0.81      0.81      0.81       592

01/04/2018 17:32:44 [INFO] exp_shallowmodel: confusion matrix:
01/04/2018 17:32:44 [INFO] exp_shallowmodel: 
[[ 10   1   8   1]
 [  3 137   8  21]
 [  2  10 265   4]
 [  1  36  15  70]]
01/04/2018 17:32:44 [INFO] exp_shallowmodel: ******************** dstc3 - Round 1 
01/04/2018 17:32:44 [INFO] exp_shallowmodel: #(data) = 4750
01/04/2018 17:32:44 [INFO] exp_shallowmodel: #(feature) = 1036
01/04/2018 17:32:44 [INFO] exp_shallowmodel: ================================================================================
01/04/2018 17:32:44 [INFO] exp_shallowmodel: LR.pen=l1.C=1.000000
01/04/2018 17:32:44 [INFO] exp_shallowmodel: ________________________________________________________________________________
01/04/2018 17:32:44 [INFO] exp_shallowmodel: Training: 
01/04/2018 17:32:44 [INFO] exp_shallowmodel: LogisticRegression(C=1, class_weight=None, dual=False, fit_intercept=True,
          intercept_scaling=1, max_iter=100, multi_class='ovr', n_jobs=1,
          penalty='l1', random_state=None, solver='liblinear', tol=0.0001,
          verbose=0, warm_start=False)
01/04/2018 17:33:07 [INFO] exp_shallowmodel: train time: 23.107s
01/04/2018 17:33:07 [INFO] exp_shallowmodel: test time:  0.001s
01/04/2018 17:33:07 [INFO] exp_shallowmodel: accuracy:   0.806
01/04/2018 17:33:07 [INFO] exp_shallowmodel: f1_score:   0.718
01/04/2018 17:33:07 [INFO] exp_shallowmodel: classification report:
01/04/2018 17:33:07 [INFO] exp_shallowmodel:              precision    recall  f1-score   support

          A       0.75      0.45      0.56        20
          C       0.76      0.80      0.78       169
          F       0.89      0.93      0.91       281
          R       0.65      0.59      0.62       122

avg / total       0.80      0.81      0.80       592

01/04/2018 17:33:07 [INFO] exp_shallowmodel: confusion matrix:
01/04/2018 17:33:07 [INFO] exp_shallowmodel: 
[[  9   4   6   1]
 [  1 135  10  23]
 [  1   4 261  15]
 [  1  34  15  72]]
01/04/2018 17:33:07 [INFO] exp_shallowmodel: Feature selection of top 100, ranked by LR weights (selectable:non-selectable=95:5)
01/04/2018 17:33:16 [INFO] exp_shallowmodel: %%%%%%%%%%%%%%%%%%%%%%%%%%%%%%%%%%%%%%%%%%%%%%%%%%
01/04/2018 17:33:16 [INFO] exp_shallowmodel:           dataset=family
01/04/2018 17:33:16 [INFO] exp_shallowmodel:           k_feature_to_keep=10
01/04/2018 17:33:16 [INFO] exp_shallowmodel:           X_new.shape=(3530, 1044)
01/04/2018 17:33:16 [INFO] exp_shallowmodel:           #(X_selected)=1024
01/04/2018 17:33:16 [INFO] exp_shallowmodel:           #(X_not_selectable)=20
01/04/2018 17:33:16 [INFO] exp_shallowmodel: %%%%%%%%%%%%%%%%%%%%%%%%%%%%%%%%%%%%%%%%%%%%%%%%%%
01/04/2018 17:33:16 [INFO] exp_shallowmodel: ******************** family - Round 0 
01/04/2018 17:33:16 [INFO] exp_shallowmodel: #(data) = 2826
01/04/2018 17:33:16 [INFO] exp_shallowmodel: #(feature) = 1044
01/04/2018 17:33:16 [INFO] exp_shallowmodel: ================================================================================
01/04/2018 17:33:16 [INFO] exp_shallowmodel: LR.pen=l1.C=1.000000
01/04/2018 17:33:16 [INFO] exp_shallowmodel: ________________________________________________________________________________
01/04/2018 17:33:16 [INFO] exp_shallowmodel: Training: 
01/04/2018 17:33:16 [INFO] exp_shallowmodel: LogisticRegression(C=1, class_weight=None, dual=False, fit_intercept=True,
          intercept_scaling=1, max_iter=100, multi_class='ovr', n_jobs=1,
          penalty='l1', random_state=None, solver='liblinear', tol=0.0001,
          verbose=0, warm_start=False)
01/04/2018 17:33:27 [INFO] exp_shallowmodel: train time: 11.218s
01/04/2018 17:33:27 [INFO] exp_shallowmodel: test time:  0.001s
01/04/2018 17:33:27 [INFO] exp_shallowmodel: accuracy:   0.869
01/04/2018 17:33:27 [INFO] exp_shallowmodel: f1_score:   0.698
01/04/2018 17:33:27 [INFO] exp_shallowmodel: classification report:
01/04/2018 17:33:27 [INFO] exp_shallowmodel:              precision    recall  f1-score   support

          A       0.48      0.48      0.48        23
          C       0.73      0.59      0.65        27
          F       0.95      0.97      0.96       250
          R       0.71      0.69      0.70        52

avg / total       0.87      0.87      0.87       352

01/04/2018 17:33:27 [INFO] exp_shallowmodel: confusion matrix:
01/04/2018 17:33:27 [INFO] exp_shallowmodel: 
[[ 11   1   6   5]
 [  5  16   0   6]
 [  3   0 243   4]
 [  4   5   7  36]]
01/04/2018 17:33:27 [INFO] exp_shallowmodel: ******************** family - Round 1 
01/04/2018 17:33:27 [INFO] exp_shallowmodel: #(data) = 2826
01/04/2018 17:33:27 [INFO] exp_shallowmodel: #(feature) = 1044
01/04/2018 17:33:27 [INFO] exp_shallowmodel: ================================================================================
01/04/2018 17:33:27 [INFO] exp_shallowmodel: LR.pen=l1.C=1.000000
01/04/2018 17:33:27 [INFO] exp_shallowmodel: ________________________________________________________________________________
01/04/2018 17:33:27 [INFO] exp_shallowmodel: Training: 
01/04/2018 17:33:27 [INFO] exp_shallowmodel: LogisticRegression(C=1, class_weight=None, dual=False, fit_intercept=True,
          intercept_scaling=1, max_iter=100, multi_class='ovr', n_jobs=1,
          penalty='l1', random_state=None, solver='liblinear', tol=0.0001,
          verbose=0, warm_start=False)
01/04/2018 17:33:38 [INFO] exp_shallowmodel: train time: 10.558s
01/04/2018 17:33:38 [INFO] exp_shallowmodel: test time:  0.001s
01/04/2018 17:33:38 [INFO] exp_shallowmodel: accuracy:   0.901
01/04/2018 17:33:38 [INFO] exp_shallowmodel: f1_score:   0.758
01/04/2018 17:33:38 [INFO] exp_shallowmodel: classification report:
01/04/2018 17:33:38 [INFO] exp_shallowmodel:              precision    recall  f1-score   support

          A       0.64      0.39      0.49        23
          C       0.83      0.74      0.78        27
          F       0.94      0.98      0.96       250
          R       0.79      0.81      0.80        52

avg / total       0.89      0.90      0.89       352

01/04/2018 17:33:38 [INFO] exp_shallowmodel: confusion matrix:
01/04/2018 17:33:38 [INFO] exp_shallowmodel: 
[[  9   2   6   6]
 [  3  20   1   3]
 [  2   0 246   2]
 [  0   2   8  42]]
01/04/2018 17:33:38 [INFO] exp_shallowmodel: Feature selection of top 100, ranked by LR weights (selectable:non-selectable=94:6)
01/04/2018 17:33:48 [INFO] exp_shallowmodel: %%%%%%%%%%%%%%%%%%%%%%%%%%%%%%%%%%%%%%%%%%%%%%%%%%
01/04/2018 17:33:48 [INFO] exp_shallowmodel:           dataset=ghome
01/04/2018 17:33:48 [INFO] exp_shallowmodel:           k_feature_to_keep=10
01/04/2018 17:33:48 [INFO] exp_shallowmodel:           X_new.shape=(5241, 1037)
01/04/2018 17:33:48 [INFO] exp_shallowmodel:           #(X_selected)=1024
01/04/2018 17:33:48 [INFO] exp_shallowmodel:           #(X_not_selectable)=13
01/04/2018 17:33:48 [INFO] exp_shallowmodel: %%%%%%%%%%%%%%%%%%%%%%%%%%%%%%%%%%%%%%%%%%%%%%%%%%
01/04/2018 17:33:48 [INFO] exp_shallowmodel: ******************** ghome - Round 0 
01/04/2018 17:33:48 [INFO] exp_shallowmodel: #(data) = 4197
01/04/2018 17:33:48 [INFO] exp_shallowmodel: #(feature) = 1037
01/04/2018 17:33:48 [INFO] exp_shallowmodel: ================================================================================
01/04/2018 17:33:48 [INFO] exp_shallowmodel: LR.pen=l1.C=1.000000
01/04/2018 17:33:48 [INFO] exp_shallowmodel: ________________________________________________________________________________
01/04/2018 17:33:48 [INFO] exp_shallowmodel: Training: 
01/04/2018 17:33:48 [INFO] exp_shallowmodel: LogisticRegression(C=1, class_weight=None, dual=False, fit_intercept=True,
          intercept_scaling=1, max_iter=100, multi_class='ovr', n_jobs=1,
          penalty='l1', random_state=None, solver='liblinear', tol=0.0001,
          verbose=0, warm_start=False)
01/04/2018 17:34:05 [INFO] exp_shallowmodel: train time: 17.429s
01/04/2018 17:34:05 [INFO] exp_shallowmodel: test time:  0.001s
01/04/2018 17:34:05 [INFO] exp_shallowmodel: accuracy:   0.893
01/04/2018 17:34:05 [INFO] exp_shallowmodel: f1_score:   0.619
01/04/2018 17:34:05 [INFO] exp_shallowmodel: classification report:
01/04/2018 17:34:05 [INFO] exp_shallowmodel:              precision    recall  f1-score   support

          A       0.69      0.59      0.64        59
          C       0.50      0.08      0.14        12
          F       0.94      0.99      0.96       396
          R       0.76      0.71      0.74        55

avg / total       0.88      0.89      0.88       522

01/04/2018 17:34:05 [INFO] exp_shallowmodel: confusion matrix:
01/04/2018 17:34:05 [INFO] exp_shallowmodel: 
[[ 35   0  16   8]
 [  3   1   6   2]
 [  2   1 391   2]
 [ 11   0   5  39]]
01/04/2018 17:34:06 [INFO] exp_shallowmodel: ******************** ghome - Round 1 
01/04/2018 17:34:06 [INFO] exp_shallowmodel: #(data) = 4197
01/04/2018 17:34:06 [INFO] exp_shallowmodel: #(feature) = 1037
01/04/2018 17:34:06 [INFO] exp_shallowmodel: ================================================================================
01/04/2018 17:34:06 [INFO] exp_shallowmodel: LR.pen=l1.C=1.000000
01/04/2018 17:34:06 [INFO] exp_shallowmodel: ________________________________________________________________________________
01/04/2018 17:34:06 [INFO] exp_shallowmodel: Training: 
01/04/2018 17:34:06 [INFO] exp_shallowmodel: LogisticRegression(C=1, class_weight=None, dual=False, fit_intercept=True,
          intercept_scaling=1, max_iter=100, multi_class='ovr', n_jobs=1,
          penalty='l1', random_state=None, solver='liblinear', tol=0.0001,
          verbose=0, warm_start=False)
01/04/2018 17:34:19 [INFO] exp_shallowmodel: train time: 13.858s
01/04/2018 17:34:19 [INFO] exp_shallowmodel: test time:  0.001s
01/04/2018 17:34:19 [INFO] exp_shallowmodel: accuracy:   0.891
01/04/2018 17:34:19 [INFO] exp_shallowmodel: f1_score:   0.583
01/04/2018 17:34:19 [INFO] exp_shallowmodel: classification report:
01/04/2018 17:34:19 [INFO] exp_shallowmodel:              precision    recall  f1-score   support

          A       0.69      0.68      0.68        59
          C       0.00      0.00      0.00        12
          F       0.94      0.98      0.96       396
          R       0.72      0.65      0.69        55

avg / total       0.87      0.89      0.88       522

01/04/2018 17:34:19 [INFO] exp_shallowmodel: confusion matrix:
01/04/2018 17:34:19 [INFO] exp_shallowmodel: 
[[ 40   1  10   8]
 [  6   0   3   3]
 [  4   0 389   3]
 [  8   1  10  36]]
01/04/2018 17:34:20 [INFO] exp_shallowmodel: Feature selection of top 100, ranked by LR weights (selectable:non-selectable=93:7)
Done: 20180104-173421
