/ihome/pbrusilosky/rum20/packages/anaconda3/bin/python -m dialogue.classify.task_runner -experiment_mode discrete_feature_selection -selected_feature_set_id 10 -add_similarity_feature -selected_context_id 0 -k_feature_to_keep 8
No. of param settings = 1
[('experiment_mode', 'discrete_feature_selection'), ('deep_model', False), ('selected_context_id', 0), ('selected_feature_set_id', 10), ('similarity_feature', True), ('k_feature_to_keep', 8)]
01/04/2018 17:31:29 [INFO] configuration: experiment_mode  :   discrete_feature_selection
01/04/2018 17:31:29 [INFO] configuration: deep_model  :   False
01/04/2018 17:31:29 [INFO] configuration: selected_context_id  :   0
01/04/2018 17:31:29 [INFO] configuration: selected_feature_set_id  :   10
01/04/2018 17:31:29 [INFO] configuration: similarity_feature  :   True
01/04/2018 17:31:29 [INFO] configuration: k_feature_to_keep  :   8
01/04/2018 17:31:29 [INFO] configuration: seed  :   154316847
01/04/2018 17:31:29 [INFO] configuration: root_path  :   /ihome/pbrusilosky/rum20/y_classify
01/04/2018 17:31:29 [INFO] configuration: task_name  :   utterance_type
01/04/2018 17:31:29 [INFO] configuration: timemark  :   20180104-173129
01/04/2018 17:31:29 [INFO] configuration: context_set  :   next
01/04/2018 17:31:29 [INFO] configuration: utterance_names  :   ['last_user_utterance', 'last_system_utterance', 'current_user_utterance', 'next_system_utterance', 'next_user_utterance']
01/04/2018 17:31:29 [INFO] configuration: utterance_range  :   ['current_user_utterance', 'next_system_utterance', 'next_user_utterance']
01/04/2018 17:31:29 [INFO] configuration: feature_set  :   10-[5+1.3.4]
01/04/2018 17:31:29 [INFO] configuration: feature_set_number  :   ['1', '2', '3', '5', '6', '7', '8']
01/04/2018 17:31:29 [INFO] configuration: experiment_name  :   20180104-173129.discrete_feature_selection.feature_number=8.context=next.feature=10-[5+1.3.4].similarity=true
01/04/2018 17:31:29 [INFO] configuration: experiment_path  :   /ihome/pbrusilosky/rum20/y_classify/output/20180104-173129.discrete_feature_selection.feature_number=8.context=next.feature=10-[5+1.3.4].similarity=true
01/04/2018 17:31:29 [INFO] configuration: log_path  :   /ihome/pbrusilosky/rum20/y_classify/output/20180104-173129.discrete_feature_selection.feature_number=8.context=next.feature=10-[5+1.3.4].similarity=true/output.log
01/04/2018 17:31:29 [INFO] configuration: valid_type  :   {'C', 'F', 'R', 'A'}
01/04/2018 17:31:29 [INFO] configuration: data_name  :   
01/04/2018 17:31:29 [INFO] configuration: data_names  :   ['dstc2', 'dstc3', 'family', 'ghome']
01/04/2018 17:31:29 [INFO] configuration: raw_feature_path  :   /ihome/pbrusilosky/rum20/y_classify/dataset/feature/%s.raw_feature.pkl
01/04/2018 17:31:29 [INFO] configuration: extracted_feature_path  :   /ihome/pbrusilosky/rum20/y_classify/dataset/feature/%s.extracted_feature.pkl
01/04/2018 17:31:29 [INFO] configuration: pipeline_path  :   /ihome/pbrusilosky/rum20/y_classify/dataset/feature/%s.pipeline.pkl
01/04/2018 17:31:29 [INFO] configuration: metrics  :   ['accuracy', 'precision', 'recall', 'f1_score', 'training_time', 'test_time']
01/04/2018 17:31:29 [INFO] configuration: do_cross_validation  :   True
01/04/2018 17:31:29 [INFO] configuration: #division  :   5
01/04/2018 17:31:29 [INFO] configuration: #cross_validation  :   10
01/04/2018 17:31:29 [INFO] configuration: cv_index_cache_path  :   
01/04/2018 17:31:29 [INFO] configuration: action_words  :   {'video', 'else', 'volume', 'weather', 'moderate', 'delet', 'play', 'north', 'member', 'number', 'tell', 'add', 'price', 'help', 'matter', 'centre', 'volum', 'expens', 'next', 'share', 'telephone', 'area', 'item', 'findcare', 'part', 'findcar', 'any', 'address', 'items', 'cheap', 'remov', 'reminders', 'timer', 'time', 'alarm', 'shuffl', 'remove', 'turn', 'room', 'music', 'start', 'south', 'skip', 'snooze', 'telephon', 'show', 'clear', 'cast', 'shuffle', 'stop', 'centr', 'watch', 'temperature', 'list', 'light', 'snooz', 'remind', 'reminder', 'post', 'els', 'moder', 'delete', 'ani', 'temperatur', 'song', 'phone', 'expensive', 'food', 'reminds', 'discard'}
01/04/2018 17:31:29 [INFO] configuration: corenlp_jars  :   ('/Users/memray/Project/stanford/stanford-corenlp-full-3.8.0/*', '/Users/memray/Project/stanford/stanford-corenlp-full-3.8.0/stanford-english-kbp-corenlp-2017-06-09-models.jar')
01/04/2018 17:31:29 [INFO] configuration: lda_topic_number  :   50
01/04/2018 17:31:29 [INFO] configuration: lda_path  :   /ihome/pbrusilosky/rum20/y_classify/dataset/feature/gensim/%s.topic=50.lda.pkl
01/04/2018 17:31:29 [INFO] configuration: gensim_corpus_path  :   /ihome/pbrusilosky/rum20/y_classify/dataset/feature/gensim/%s.corpus.pkl
01/04/2018 17:31:29 [INFO] configuration: gensim_dict_path  :   /ihome/pbrusilosky/rum20/y_classify/dataset/feature/gensim/%s.dict
01/04/2018 17:31:29 [INFO] configuration: w2v_path  :   /home/memray/Data/glove/GoogleNews-vectors-negative300.bin
01/04/2018 17:31:29 [INFO] configuration: w2v_vector_length  :   300
01/04/2018 17:31:29 [INFO] configuration: d2v_vector_length  :   300
01/04/2018 17:31:29 [INFO] configuration: d2v_window_size  :   5
01/04/2018 17:31:29 [INFO] configuration: d2v_min_count  :   2
01/04/2018 17:31:29 [INFO] configuration: d2v_model_path  :   /ihome/pbrusilosky/rum20/y_classify/dataset/feature/gensim/%s.doc2vec.dim=300.window=5.min_count=2.model
01/04/2018 17:31:29 [INFO] configuration: d2v_vector_path  :   /ihome/pbrusilosky/rum20/y_classify/dataset/feature/gensim/%s.doc2vec.dim=300.window=5.min_count=2.vector
01/04/2018 17:31:29 [INFO] configuration: num_word_keep  :   {'dstc2': 300, 'dstc3': 300, 'family': 1000, 'ghome': 1000}
01/04/2018 17:31:29 [INFO] configuration: batch_size  :   128
01/04/2018 17:31:29 [INFO] configuration: max_epoch  :   50
01/04/2018 17:31:29 [INFO] configuration: early_stop_tolerance  :   2
01/04/2018 17:31:29 [INFO] configuration: concat_sents  :   False
01/04/2018 17:31:29 [INFO] configuration: cnn_setting  :   {'model': 'multichannel', 'early_stopping': True, 'word_dim': 300, 'filters': [3, 4, 5], 'filter_num': [100, 100, 100], 'class_size': 4, 'batch_size': 128, 'learning_rate': 0.001, 'norm_limit': 10, 'dropout_prob': 0.0, 'sentence_num': 3}
01/04/2018 17:31:29 [INFO] configuration: skipthought_setting  :   {'skipthought_model_path': '/Users/memray/Data/skip-thought', 'skipthought_data_path': '/ihome/pbrusilosky/rum20/y_classify/dataset/feature/gensim/%s.skip-thought.biskip.vector', 'fixed_emb': True, 'sentence_num': 3, 'hidden_size': 2400, 'class_size': 4, 'learning_rate': 0.0001, 'norm_limit': 3, 'dropout_prob': 0.5}
01/04/2018 17:31:29 [INFO] configuration: lstm_setting  :   {'model': 'non-static', 'hidden_size': 32, 'embedding_size': 300, 'num_layers': 1, 'bidirectional': False, 'learning_rate': 0.001, 'class_size': 4, 'norm_limit': 2, 'clip_grad_norm': 2, 'dropout_prob': 0.1}
01/04/2018 17:31:33 [INFO] exp_shallowmodel: %%%%%%%%%%%%%%%%%%%%%%%%%%%%%%%%%%%%%%%%%%%%%%%%%%
01/04/2018 17:31:33 [INFO] exp_shallowmodel:           dataset=dstc2
01/04/2018 17:31:33 [INFO] exp_shallowmodel:           k_feature_to_keep=8
01/04/2018 17:31:33 [INFO] exp_shallowmodel:           X_new.shape=(5725, 417)
01/04/2018 17:31:33 [INFO] exp_shallowmodel:           #(X_selected)=256
01/04/2018 17:31:33 [INFO] exp_shallowmodel:           #(X_not_selectable)=161
01/04/2018 17:31:33 [INFO] exp_shallowmodel: %%%%%%%%%%%%%%%%%%%%%%%%%%%%%%%%%%%%%%%%%%%%%%%%%%
01/04/2018 17:31:33 [INFO] exp_shallowmodel: ******************** dstc2 - Round 0 
01/04/2018 17:31:33 [INFO] exp_shallowmodel: #(data) = 4583
01/04/2018 17:31:33 [INFO] exp_shallowmodel: #(feature) = 417
01/04/2018 17:31:33 [INFO] exp_shallowmodel: ================================================================================
01/04/2018 17:31:33 [INFO] exp_shallowmodel: LR.pen=l1.C=1.000000
01/04/2018 17:31:33 [INFO] exp_shallowmodel: ________________________________________________________________________________
01/04/2018 17:31:33 [INFO] exp_shallowmodel: Training: 
01/04/2018 17:31:33 [INFO] exp_shallowmodel: LogisticRegression(C=1, class_weight=None, dual=False, fit_intercept=True,
          intercept_scaling=1, max_iter=100, multi_class='ovr', n_jobs=1,
          penalty='l1', random_state=None, solver='liblinear', tol=0.0001,
          verbose=0, warm_start=False)
01/04/2018 17:31:41 [INFO] exp_shallowmodel: train time: 7.756s
01/04/2018 17:31:41 [INFO] exp_shallowmodel: test time:  0.000s
01/04/2018 17:31:41 [INFO] exp_shallowmodel: accuracy:   0.877
01/04/2018 17:31:41 [INFO] exp_shallowmodel: f1_score:   0.778
01/04/2018 17:31:41 [INFO] exp_shallowmodel: classification report:
01/04/2018 17:31:41 [INFO] exp_shallowmodel:              precision    recall  f1-score   support

          A       0.60      0.43      0.50        14
          C       0.81      0.84      0.82       164
          F       0.93      0.95      0.94       268
          R       0.88      0.82      0.85       125

avg / total       0.88      0.88      0.88       571

01/04/2018 17:31:41 [INFO] exp_shallowmodel: confusion matrix:
01/04/2018 17:31:41 [INFO] exp_shallowmodel: 
[[  6   3   5   0]
 [  1 138  11  14]
 [  2  11 255   0]
 [  1  19   3 102]]
01/04/2018 17:31:41 [INFO] exp_shallowmodel: ******************** dstc2 - Round 1 
01/04/2018 17:31:41 [INFO] exp_shallowmodel: #(data) = 4583
01/04/2018 17:31:41 [INFO] exp_shallowmodel: #(feature) = 417
01/04/2018 17:31:41 [INFO] exp_shallowmodel: ================================================================================
01/04/2018 17:31:41 [INFO] exp_shallowmodel: LR.pen=l1.C=1.000000
01/04/2018 17:31:41 [INFO] exp_shallowmodel: ________________________________________________________________________________
01/04/2018 17:31:41 [INFO] exp_shallowmodel: Training: 
01/04/2018 17:31:41 [INFO] exp_shallowmodel: LogisticRegression(C=1, class_weight=None, dual=False, fit_intercept=True,
          intercept_scaling=1, max_iter=100, multi_class='ovr', n_jobs=1,
          penalty='l1', random_state=None, solver='liblinear', tol=0.0001,
          verbose=0, warm_start=False)
01/04/2018 17:31:56 [INFO] exp_shallowmodel: train time: 15.090s
01/04/2018 17:31:56 [INFO] exp_shallowmodel: test time:  0.000s
01/04/2018 17:31:56 [INFO] exp_shallowmodel: accuracy:   0.851
01/04/2018 17:31:56 [INFO] exp_shallowmodel: f1_score:   0.773
01/04/2018 17:31:56 [INFO] exp_shallowmodel: classification report:
01/04/2018 17:31:56 [INFO] exp_shallowmodel:              precision    recall  f1-score   support

          A       0.70      0.50      0.58        14
          C       0.81      0.80      0.80       164
          F       0.94      0.92      0.93       268
          R       0.74      0.82      0.78       125

avg / total       0.85      0.85      0.85       571

01/04/2018 17:31:56 [INFO] exp_shallowmodel: confusion matrix:
01/04/2018 17:31:56 [INFO] exp_shallowmodel: 
[[  7   1   3   3]
 [  0 131  10  23]
 [  1  12 246   9]
 [  2  18   3 102]]
01/04/2018 17:31:56 [INFO] exp_shallowmodel: Feature selection of top 100, ranked by LR weights (selectable:non-selectable=62:38)
01/04/2018 17:32:00 [INFO] exp_shallowmodel: %%%%%%%%%%%%%%%%%%%%%%%%%%%%%%%%%%%%%%%%%%%%%%%%%%
01/04/2018 17:32:00 [INFO] exp_shallowmodel:           dataset=dstc3
01/04/2018 17:32:00 [INFO] exp_shallowmodel:           k_feature_to_keep=8
01/04/2018 17:32:00 [INFO] exp_shallowmodel:           X_new.shape=(5934, 417)
01/04/2018 17:32:00 [INFO] exp_shallowmodel:           #(X_selected)=256
01/04/2018 17:32:00 [INFO] exp_shallowmodel:           #(X_not_selectable)=161
01/04/2018 17:32:00 [INFO] exp_shallowmodel: %%%%%%%%%%%%%%%%%%%%%%%%%%%%%%%%%%%%%%%%%%%%%%%%%%
01/04/2018 17:32:00 [INFO] exp_shallowmodel: ******************** dstc3 - Round 0 
01/04/2018 17:32:00 [INFO] exp_shallowmodel: #(data) = 4750
01/04/2018 17:32:01 [INFO] exp_shallowmodel: #(feature) = 417
01/04/2018 17:32:01 [INFO] exp_shallowmodel: ================================================================================
01/04/2018 17:32:01 [INFO] exp_shallowmodel: LR.pen=l1.C=1.000000
01/04/2018 17:32:01 [INFO] exp_shallowmodel: ________________________________________________________________________________
01/04/2018 17:32:01 [INFO] exp_shallowmodel: Training: 
01/04/2018 17:32:01 [INFO] exp_shallowmodel: LogisticRegression(C=1, class_weight=None, dual=False, fit_intercept=True,
          intercept_scaling=1, max_iter=100, multi_class='ovr', n_jobs=1,
          penalty='l1', random_state=None, solver='liblinear', tol=0.0001,
          verbose=0, warm_start=False)
01/04/2018 17:32:11 [INFO] exp_shallowmodel: train time: 10.413s
01/04/2018 17:32:11 [INFO] exp_shallowmodel: test time:  0.000s
01/04/2018 17:32:11 [INFO] exp_shallowmodel: accuracy:   0.821
01/04/2018 17:32:11 [INFO] exp_shallowmodel: f1_score:   0.752
01/04/2018 17:32:11 [INFO] exp_shallowmodel: classification report:
01/04/2018 17:32:11 [INFO] exp_shallowmodel:              precision    recall  f1-score   support

          A       0.85      0.55      0.67        20
          C       0.77      0.83      0.80       169
          F       0.89      0.95      0.92       281
          R       0.70      0.57      0.63       122

avg / total       0.82      0.82      0.81       592

01/04/2018 17:32:11 [INFO] exp_shallowmodel: confusion matrix:
01/04/2018 17:32:11 [INFO] exp_shallowmodel: 
[[ 11   1   7   1]
 [  1 140  10  18]
 [  1   4 266  10]
 [  0  36  17  69]]
01/04/2018 17:32:11 [INFO] exp_shallowmodel: ******************** dstc3 - Round 1 
01/04/2018 17:32:11 [INFO] exp_shallowmodel: #(data) = 4750
01/04/2018 17:32:11 [INFO] exp_shallowmodel: #(feature) = 417
01/04/2018 17:32:11 [INFO] exp_shallowmodel: ================================================================================
01/04/2018 17:32:11 [INFO] exp_shallowmodel: LR.pen=l1.C=1.000000
01/04/2018 17:32:11 [INFO] exp_shallowmodel: ________________________________________________________________________________
01/04/2018 17:32:11 [INFO] exp_shallowmodel: Training: 
01/04/2018 17:32:11 [INFO] exp_shallowmodel: LogisticRegression(C=1, class_weight=None, dual=False, fit_intercept=True,
          intercept_scaling=1, max_iter=100, multi_class='ovr', n_jobs=1,
          penalty='l1', random_state=None, solver='liblinear', tol=0.0001,
          verbose=0, warm_start=False)
01/04/2018 17:32:22 [INFO] exp_shallowmodel: train time: 10.525s
01/04/2018 17:32:22 [INFO] exp_shallowmodel: test time:  0.000s
01/04/2018 17:32:22 [INFO] exp_shallowmodel: accuracy:   0.804
01/04/2018 17:32:22 [INFO] exp_shallowmodel: f1_score:   0.671
01/04/2018 17:32:22 [INFO] exp_shallowmodel: classification report:
01/04/2018 17:32:22 [INFO] exp_shallowmodel:              precision    recall  f1-score   support

          A       0.43      0.30      0.35        20
          C       0.77      0.81      0.79       169
          F       0.89      0.93      0.91       281
          R       0.69      0.59      0.63       122

avg / total       0.80      0.80      0.80       592

01/04/2018 17:32:22 [INFO] exp_shallowmodel: confusion matrix:
01/04/2018 17:32:22 [INFO] exp_shallowmodel: 
[[  6   4   9   1]
 [  3 137  11  18]
 [  2   4 261  14]
 [  3  34  13  72]]
01/04/2018 17:32:22 [INFO] exp_shallowmodel: Feature selection of top 100, ranked by LR weights (selectable:non-selectable=68:32)
01/04/2018 17:32:28 [INFO] exp_shallowmodel: %%%%%%%%%%%%%%%%%%%%%%%%%%%%%%%%%%%%%%%%%%%%%%%%%%
01/04/2018 17:32:28 [INFO] exp_shallowmodel:           dataset=family
01/04/2018 17:32:28 [INFO] exp_shallowmodel:           k_feature_to_keep=8
01/04/2018 17:32:28 [INFO] exp_shallowmodel:           X_new.shape=(3530, 419)
01/04/2018 17:32:28 [INFO] exp_shallowmodel:           #(X_selected)=256
01/04/2018 17:32:28 [INFO] exp_shallowmodel:           #(X_not_selectable)=163
01/04/2018 17:32:28 [INFO] exp_shallowmodel: %%%%%%%%%%%%%%%%%%%%%%%%%%%%%%%%%%%%%%%%%%%%%%%%%%
01/04/2018 17:32:28 [INFO] exp_shallowmodel: ******************** family - Round 0 
01/04/2018 17:32:28 [INFO] exp_shallowmodel: #(data) = 2826
01/04/2018 17:32:28 [INFO] exp_shallowmodel: #(feature) = 419
01/04/2018 17:32:28 [INFO] exp_shallowmodel: ================================================================================
01/04/2018 17:32:28 [INFO] exp_shallowmodel: LR.pen=l1.C=1.000000
01/04/2018 17:32:28 [INFO] exp_shallowmodel: ________________________________________________________________________________
01/04/2018 17:32:28 [INFO] exp_shallowmodel: Training: 
01/04/2018 17:32:28 [INFO] exp_shallowmodel: LogisticRegression(C=1, class_weight=None, dual=False, fit_intercept=True,
          intercept_scaling=1, max_iter=100, multi_class='ovr', n_jobs=1,
          penalty='l1', random_state=None, solver='liblinear', tol=0.0001,
          verbose=0, warm_start=False)
01/04/2018 17:32:34 [INFO] exp_shallowmodel: train time: 6.114s
01/04/2018 17:32:34 [INFO] exp_shallowmodel: test time:  0.001s
01/04/2018 17:32:34 [INFO] exp_shallowmodel: accuracy:   0.872
01/04/2018 17:32:34 [INFO] exp_shallowmodel: f1_score:   0.704
01/04/2018 17:32:34 [INFO] exp_shallowmodel: classification report:
01/04/2018 17:32:34 [INFO] exp_shallowmodel:              precision    recall  f1-score   support

          A       0.54      0.57      0.55        23
          C       0.65      0.56      0.60        27
          F       0.95      0.98      0.96       250
          R       0.73      0.67      0.70        52

avg / total       0.87      0.87      0.87       352

01/04/2018 17:32:34 [INFO] exp_shallowmodel: confusion matrix:
01/04/2018 17:32:34 [INFO] exp_shallowmodel: 
[[ 13   3   5   2]
 [  5  15   0   7]
 [  1   1 244   4]
 [  5   4   8  35]]
01/04/2018 17:32:35 [INFO] exp_shallowmodel: ******************** family - Round 1 
01/04/2018 17:32:35 [INFO] exp_shallowmodel: #(data) = 2826
01/04/2018 17:32:35 [INFO] exp_shallowmodel: #(feature) = 419
01/04/2018 17:32:35 [INFO] exp_shallowmodel: ================================================================================
01/04/2018 17:32:35 [INFO] exp_shallowmodel: LR.pen=l1.C=1.000000
01/04/2018 17:32:35 [INFO] exp_shallowmodel: ________________________________________________________________________________
01/04/2018 17:32:35 [INFO] exp_shallowmodel: Training: 
01/04/2018 17:32:35 [INFO] exp_shallowmodel: LogisticRegression(C=1, class_weight=None, dual=False, fit_intercept=True,
          intercept_scaling=1, max_iter=100, multi_class='ovr', n_jobs=1,
          penalty='l1', random_state=None, solver='liblinear', tol=0.0001,
          verbose=0, warm_start=False)
01/04/2018 17:32:41 [INFO] exp_shallowmodel: train time: 6.260s
01/04/2018 17:32:41 [INFO] exp_shallowmodel: test time:  0.000s
01/04/2018 17:32:41 [INFO] exp_shallowmodel: accuracy:   0.889
01/04/2018 17:32:41 [INFO] exp_shallowmodel: f1_score:   0.745
01/04/2018 17:32:41 [INFO] exp_shallowmodel: classification report:
01/04/2018 17:32:41 [INFO] exp_shallowmodel:              precision    recall  f1-score   support

          A       0.82      0.39      0.53        23
          C       0.80      0.74      0.77        27
          F       0.94      0.98      0.96       250
          R       0.72      0.73      0.72        52

avg / total       0.89      0.89      0.88       352

01/04/2018 17:32:41 [INFO] exp_shallowmodel: confusion matrix:
01/04/2018 17:32:41 [INFO] exp_shallowmodel: 
[[  9   1   6   7]
 [  2  20   0   5]
 [  0   1 246   3]
 [  0   3  11  38]]
01/04/2018 17:32:41 [INFO] exp_shallowmodel: Feature selection of top 100, ranked by LR weights (selectable:non-selectable=66:34)
01/04/2018 17:32:49 [INFO] exp_shallowmodel: %%%%%%%%%%%%%%%%%%%%%%%%%%%%%%%%%%%%%%%%%%%%%%%%%%
01/04/2018 17:32:49 [INFO] exp_shallowmodel:           dataset=ghome
01/04/2018 17:32:49 [INFO] exp_shallowmodel:           k_feature_to_keep=8
01/04/2018 17:32:49 [INFO] exp_shallowmodel:           X_new.shape=(5241, 418)
01/04/2018 17:32:49 [INFO] exp_shallowmodel:           #(X_selected)=256
01/04/2018 17:32:49 [INFO] exp_shallowmodel:           #(X_not_selectable)=162
01/04/2018 17:32:49 [INFO] exp_shallowmodel: %%%%%%%%%%%%%%%%%%%%%%%%%%%%%%%%%%%%%%%%%%%%%%%%%%
01/04/2018 17:32:49 [INFO] exp_shallowmodel: ******************** ghome - Round 0 
01/04/2018 17:32:49 [INFO] exp_shallowmodel: #(data) = 4197
01/04/2018 17:32:49 [INFO] exp_shallowmodel: #(feature) = 418
01/04/2018 17:32:49 [INFO] exp_shallowmodel: ================================================================================
01/04/2018 17:32:49 [INFO] exp_shallowmodel: LR.pen=l1.C=1.000000
01/04/2018 17:32:49 [INFO] exp_shallowmodel: ________________________________________________________________________________
01/04/2018 17:32:49 [INFO] exp_shallowmodel: Training: 
01/04/2018 17:32:49 [INFO] exp_shallowmodel: LogisticRegression(C=1, class_weight=None, dual=False, fit_intercept=True,
          intercept_scaling=1, max_iter=100, multi_class='ovr', n_jobs=1,
          penalty='l1', random_state=None, solver='liblinear', tol=0.0001,
          verbose=0, warm_start=False)
01/04/2018 17:33:05 [INFO] exp_shallowmodel: train time: 16.081s
01/04/2018 17:33:05 [INFO] exp_shallowmodel: test time:  0.000s
01/04/2018 17:33:05 [INFO] exp_shallowmodel: accuracy:   0.877
01/04/2018 17:33:05 [INFO] exp_shallowmodel: f1_score:   0.584
01/04/2018 17:33:05 [INFO] exp_shallowmodel: classification report:
01/04/2018 17:33:05 [INFO] exp_shallowmodel:              precision    recall  f1-score   support

          A       0.67      0.49      0.57        59
          C       0.20      0.08      0.12        12
          F       0.93      0.98      0.96       396
          R       0.69      0.69      0.69        55

avg / total       0.86      0.88      0.87       522

01/04/2018 17:33:05 [INFO] exp_shallowmodel: confusion matrix:
01/04/2018 17:33:05 [INFO] exp_shallowmodel: 
[[ 29   2  14  14]
 [  2   1   8   1]
 [  2   2 390   2]
 [ 10   0   7  38]]
01/04/2018 17:33:05 [INFO] exp_shallowmodel: ******************** ghome - Round 1 
01/04/2018 17:33:05 [INFO] exp_shallowmodel: #(data) = 4197
01/04/2018 17:33:05 [INFO] exp_shallowmodel: #(feature) = 418
01/04/2018 17:33:05 [INFO] exp_shallowmodel: ================================================================================
01/04/2018 17:33:05 [INFO] exp_shallowmodel: LR.pen=l1.C=1.000000
01/04/2018 17:33:05 [INFO] exp_shallowmodel: ________________________________________________________________________________
01/04/2018 17:33:05 [INFO] exp_shallowmodel: Training: 
01/04/2018 17:33:05 [INFO] exp_shallowmodel: LogisticRegression(C=1, class_weight=None, dual=False, fit_intercept=True,
          intercept_scaling=1, max_iter=100, multi_class='ovr', n_jobs=1,
          penalty='l1', random_state=None, solver='liblinear', tol=0.0001,
          verbose=0, warm_start=False)
01/04/2018 17:33:16 [INFO] exp_shallowmodel: train time: 10.259s
01/04/2018 17:33:16 [INFO] exp_shallowmodel: test time:  0.000s
01/04/2018 17:33:16 [INFO] exp_shallowmodel: accuracy:   0.895
01/04/2018 17:33:16 [INFO] exp_shallowmodel: f1_score:   0.621
01/04/2018 17:33:16 [INFO] exp_shallowmodel: classification report:
01/04/2018 17:33:16 [INFO] exp_shallowmodel:              precision    recall  f1-score   support

          A       0.75      0.68      0.71        59
          C       0.25      0.08      0.12        12
          F       0.95      0.98      0.96       396
          R       0.69      0.67      0.68        55

avg / total       0.88      0.89      0.89       522

01/04/2018 17:33:16 [INFO] exp_shallowmodel: confusion matrix:
01/04/2018 17:33:16 [INFO] exp_shallowmodel: 
[[ 40   1   7  11]
 [  3   1   5   3]
 [  4   0 389   3]
 [  6   2  10  37]]
01/04/2018 17:33:16 [INFO] exp_shallowmodel: Feature selection of top 100, ranked by LR weights (selectable:non-selectable=53:47)
Done: 20180104-173316
