/ihome/pbrusilosky/rum20/packages/anaconda3/bin/python -m dialogue.classify.task_runner -experiment_mode discrete_feature_selection -selected_feature_set_id 11 -add_similarity_feature -selected_context_id 0 -k_feature_to_keep 9
No. of param settings = 1
[('experiment_mode', 'discrete_feature_selection'), ('deep_model', False), ('selected_context_id', 0), ('selected_feature_set_id', 11), ('similarity_feature', True), ('k_feature_to_keep', 9)]
01/04/2018 17:31:31 [INFO] configuration: experiment_mode  :   discrete_feature_selection
01/04/2018 17:31:31 [INFO] configuration: deep_model  :   False
01/04/2018 17:31:31 [INFO] configuration: selected_context_id  :   0
01/04/2018 17:31:31 [INFO] configuration: selected_feature_set_id  :   11
01/04/2018 17:31:31 [INFO] configuration: similarity_feature  :   True
01/04/2018 17:31:31 [INFO] configuration: k_feature_to_keep  :   9
01/04/2018 17:31:31 [INFO] configuration: seed  :   154316847
01/04/2018 17:31:31 [INFO] configuration: root_path  :   /ihome/pbrusilosky/rum20/y_classify
01/04/2018 17:31:31 [INFO] configuration: task_name  :   utterance_type
01/04/2018 17:31:31 [INFO] configuration: timemark  :   20180104-173131
01/04/2018 17:31:31 [INFO] configuration: context_set  :   next
01/04/2018 17:31:31 [INFO] configuration: utterance_names  :   ['last_user_utterance', 'last_system_utterance', 'current_user_utterance', 'next_system_utterance', 'next_user_utterance']
01/04/2018 17:31:31 [INFO] configuration: utterance_range  :   ['current_user_utterance', 'next_system_utterance', 'next_user_utterance']
01/04/2018 17:31:31 [INFO] configuration: feature_set  :   11-[6+1.3.4]
01/04/2018 17:31:31 [INFO] configuration: feature_set_number  :   ['1', '2', '3', '5', '6', '7', '9']
01/04/2018 17:31:31 [INFO] configuration: experiment_name  :   20180104-173131.discrete_feature_selection.feature_number=9.context=next.feature=11-[6+1.3.4].similarity=true
01/04/2018 17:31:31 [INFO] configuration: experiment_path  :   /ihome/pbrusilosky/rum20/y_classify/output/20180104-173131.discrete_feature_selection.feature_number=9.context=next.feature=11-[6+1.3.4].similarity=true
01/04/2018 17:31:31 [INFO] configuration: log_path  :   /ihome/pbrusilosky/rum20/y_classify/output/20180104-173131.discrete_feature_selection.feature_number=9.context=next.feature=11-[6+1.3.4].similarity=true/output.log
01/04/2018 17:31:31 [INFO] configuration: valid_type  :   {'C', 'R', 'F', 'A'}
01/04/2018 17:31:31 [INFO] configuration: data_name  :   
01/04/2018 17:31:31 [INFO] configuration: data_names  :   ['dstc2', 'dstc3', 'family', 'ghome']
01/04/2018 17:31:31 [INFO] configuration: raw_feature_path  :   /ihome/pbrusilosky/rum20/y_classify/dataset/feature/%s.raw_feature.pkl
01/04/2018 17:31:31 [INFO] configuration: extracted_feature_path  :   /ihome/pbrusilosky/rum20/y_classify/dataset/feature/%s.extracted_feature.pkl
01/04/2018 17:31:31 [INFO] configuration: pipeline_path  :   /ihome/pbrusilosky/rum20/y_classify/dataset/feature/%s.pipeline.pkl
01/04/2018 17:31:31 [INFO] configuration: metrics  :   ['accuracy', 'precision', 'recall', 'f1_score', 'training_time', 'test_time']
01/04/2018 17:31:31 [INFO] configuration: do_cross_validation  :   True
01/04/2018 17:31:31 [INFO] configuration: #division  :   5
01/04/2018 17:31:31 [INFO] configuration: #cross_validation  :   10
01/04/2018 17:31:31 [INFO] configuration: cv_index_cache_path  :   
01/04/2018 17:31:31 [INFO] configuration: action_words  :   {'any', 'telephon', 'number', 'weather', 'delet', 'temperatur', 'delete', 'room', 'moder', 'remov', 'else', 'list', 'alarm', 'tell', 'items', 'expensive', 'video', 'clear', 'centre', 'discard', 'els', 'price', 'post', 'phone', 'share', 'member', 'reminders', 'stop', 'skip', 'cast', 'time', 'findcare', 'findcar', 'remind', 'next', 'timer', 'centr', 'ani', 'shuffle', 'food', 'reminds', 'reminder', 'show', 'remove', 'area', 'address', 'shuffl', 'play', 'volume', 'moderate', 'music', 'snooze', 'snooz', 'add', 'telephone', 'north', 'volum', 'part', 'help', 'expens', 'cheap', 'item', 'song', 'temperature', 'south', 'start', 'light', 'watch', 'turn', 'matter'}
01/04/2018 17:31:31 [INFO] configuration: corenlp_jars  :   ('/Users/memray/Project/stanford/stanford-corenlp-full-3.8.0/*', '/Users/memray/Project/stanford/stanford-corenlp-full-3.8.0/stanford-english-kbp-corenlp-2017-06-09-models.jar')
01/04/2018 17:31:31 [INFO] configuration: lda_topic_number  :   50
01/04/2018 17:31:31 [INFO] configuration: lda_path  :   /ihome/pbrusilosky/rum20/y_classify/dataset/feature/gensim/%s.topic=50.lda.pkl
01/04/2018 17:31:31 [INFO] configuration: gensim_corpus_path  :   /ihome/pbrusilosky/rum20/y_classify/dataset/feature/gensim/%s.corpus.pkl
01/04/2018 17:31:31 [INFO] configuration: gensim_dict_path  :   /ihome/pbrusilosky/rum20/y_classify/dataset/feature/gensim/%s.dict
01/04/2018 17:31:31 [INFO] configuration: w2v_path  :   /home/memray/Data/glove/GoogleNews-vectors-negative300.bin
01/04/2018 17:31:31 [INFO] configuration: w2v_vector_length  :   300
01/04/2018 17:31:31 [INFO] configuration: d2v_vector_length  :   300
01/04/2018 17:31:31 [INFO] configuration: d2v_window_size  :   5
01/04/2018 17:31:31 [INFO] configuration: d2v_min_count  :   2
01/04/2018 17:31:31 [INFO] configuration: d2v_model_path  :   /ihome/pbrusilosky/rum20/y_classify/dataset/feature/gensim/%s.doc2vec.dim=300.window=5.min_count=2.model
01/04/2018 17:31:31 [INFO] configuration: d2v_vector_path  :   /ihome/pbrusilosky/rum20/y_classify/dataset/feature/gensim/%s.doc2vec.dim=300.window=5.min_count=2.vector
01/04/2018 17:31:31 [INFO] configuration: num_word_keep  :   {'dstc2': 300, 'dstc3': 300, 'family': 1000, 'ghome': 1000}
01/04/2018 17:31:31 [INFO] configuration: batch_size  :   128
01/04/2018 17:31:31 [INFO] configuration: max_epoch  :   50
01/04/2018 17:31:31 [INFO] configuration: early_stop_tolerance  :   2
01/04/2018 17:31:31 [INFO] configuration: concat_sents  :   False
01/04/2018 17:31:31 [INFO] configuration: cnn_setting  :   {'model': 'multichannel', 'early_stopping': True, 'word_dim': 300, 'filters': [3, 4, 5], 'filter_num': [100, 100, 100], 'class_size': 4, 'batch_size': 128, 'learning_rate': 0.001, 'norm_limit': 10, 'dropout_prob': 0.0, 'sentence_num': 3}
01/04/2018 17:31:31 [INFO] configuration: skipthought_setting  :   {'skipthought_model_path': '/Users/memray/Data/skip-thought', 'skipthought_data_path': '/ihome/pbrusilosky/rum20/y_classify/dataset/feature/gensim/%s.skip-thought.biskip.vector', 'fixed_emb': True, 'sentence_num': 3, 'hidden_size': 2400, 'class_size': 4, 'learning_rate': 0.0001, 'norm_limit': 3, 'dropout_prob': 0.5}
01/04/2018 17:31:31 [INFO] configuration: lstm_setting  :   {'model': 'non-static', 'hidden_size': 32, 'embedding_size': 300, 'num_layers': 1, 'bidirectional': False, 'learning_rate': 0.001, 'class_size': 4, 'norm_limit': 2, 'clip_grad_norm': 2, 'dropout_prob': 0.1}
01/04/2018 17:31:34 [INFO] exp_shallowmodel: %%%%%%%%%%%%%%%%%%%%%%%%%%%%%%%%%%%%%%%%%%%%%%%%%%
01/04/2018 17:31:34 [INFO] exp_shallowmodel:           dataset=dstc2
01/04/2018 17:31:34 [INFO] exp_shallowmodel:           k_feature_to_keep=9
01/04/2018 17:31:34 [INFO] exp_shallowmodel:           X_new.shape=(5725, 1424)
01/04/2018 17:31:34 [INFO] exp_shallowmodel:           #(X_selected)=512
01/04/2018 17:31:34 [INFO] exp_shallowmodel:           #(X_not_selectable)=912
01/04/2018 17:31:34 [INFO] exp_shallowmodel: %%%%%%%%%%%%%%%%%%%%%%%%%%%%%%%%%%%%%%%%%%%%%%%%%%
01/04/2018 17:31:35 [INFO] exp_shallowmodel: ******************** dstc2 - Round 0 
01/04/2018 17:31:35 [INFO] exp_shallowmodel: #(data) = 4583
01/04/2018 17:31:35 [INFO] exp_shallowmodel: #(feature) = 1424
01/04/2018 17:31:35 [INFO] exp_shallowmodel: ================================================================================
01/04/2018 17:31:35 [INFO] exp_shallowmodel: LR.pen=l1.C=1.000000
01/04/2018 17:31:35 [INFO] exp_shallowmodel: ________________________________________________________________________________
01/04/2018 17:31:35 [INFO] exp_shallowmodel: Training: 
01/04/2018 17:31:35 [INFO] exp_shallowmodel: LogisticRegression(C=1, class_weight=None, dual=False, fit_intercept=True,
          intercept_scaling=1, max_iter=100, multi_class='ovr', n_jobs=1,
          penalty='l1', random_state=None, solver='liblinear', tol=0.0001,
          verbose=0, warm_start=False)
01/04/2018 17:32:01 [INFO] exp_shallowmodel: train time: 26.708s
01/04/2018 17:32:01 [INFO] exp_shallowmodel: test time:  0.002s
01/04/2018 17:32:01 [INFO] exp_shallowmodel: accuracy:   0.872
01/04/2018 17:32:01 [INFO] exp_shallowmodel: f1_score:   0.765
01/04/2018 17:32:01 [INFO] exp_shallowmodel: classification report:
01/04/2018 17:32:01 [INFO] exp_shallowmodel:              precision    recall  f1-score   support

          A       0.71      0.36      0.48        14
          C       0.82      0.82      0.82       164
          F       0.93      0.96      0.94       268
          R       0.82      0.82      0.82       125

avg / total       0.87      0.87      0.87       571

01/04/2018 17:32:01 [INFO] exp_shallowmodel: confusion matrix:
01/04/2018 17:32:01 [INFO] exp_shallowmodel: 
[[  5   3   5   1]
 [  0 134  11  19]
 [  2   8 256   2]
 [  0  18   4 103]]
01/04/2018 17:32:02 [INFO] exp_shallowmodel: ******************** dstc2 - Round 1 
01/04/2018 17:32:02 [INFO] exp_shallowmodel: #(data) = 4583
01/04/2018 17:32:02 [INFO] exp_shallowmodel: #(feature) = 1424
01/04/2018 17:32:02 [INFO] exp_shallowmodel: ================================================================================
01/04/2018 17:32:02 [INFO] exp_shallowmodel: LR.pen=l1.C=1.000000
01/04/2018 17:32:02 [INFO] exp_shallowmodel: ________________________________________________________________________________
01/04/2018 17:32:02 [INFO] exp_shallowmodel: Training: 
01/04/2018 17:32:02 [INFO] exp_shallowmodel: LogisticRegression(C=1, class_weight=None, dual=False, fit_intercept=True,
          intercept_scaling=1, max_iter=100, multi_class='ovr', n_jobs=1,
          penalty='l1', random_state=None, solver='liblinear', tol=0.0001,
          verbose=0, warm_start=False)
01/04/2018 17:32:25 [INFO] exp_shallowmodel: train time: 23.481s
01/04/2018 17:32:25 [INFO] exp_shallowmodel: test time:  0.001s
01/04/2018 17:32:25 [INFO] exp_shallowmodel: accuracy:   0.816
01/04/2018 17:32:25 [INFO] exp_shallowmodel: f1_score:   0.723
01/04/2018 17:32:25 [INFO] exp_shallowmodel: classification report:
01/04/2018 17:32:25 [INFO] exp_shallowmodel:              precision    recall  f1-score   support

          A       0.83      0.36      0.50        14
          C       0.76      0.74      0.75       164
          F       0.91      0.91      0.91       268
          R       0.70      0.78      0.74       125

avg / total       0.82      0.82      0.81       571

01/04/2018 17:32:25 [INFO] exp_shallowmodel: confusion matrix:
01/04/2018 17:32:25 [INFO] exp_shallowmodel: 
[[  5   0   5   4]
 [  0 121  16  27]
 [  0  15 243  10]
 [  1  23   4  97]]
01/04/2018 17:32:25 [INFO] exp_shallowmodel: Feature selection of top 100, ranked by LR weights (selectable:non-selectable=31:69)
01/04/2018 17:32:30 [INFO] exp_shallowmodel: %%%%%%%%%%%%%%%%%%%%%%%%%%%%%%%%%%%%%%%%%%%%%%%%%%
01/04/2018 17:32:30 [INFO] exp_shallowmodel:           dataset=dstc3
01/04/2018 17:32:30 [INFO] exp_shallowmodel:           k_feature_to_keep=9
01/04/2018 17:32:30 [INFO] exp_shallowmodel:           X_new.shape=(5934, 1424)
01/04/2018 17:32:30 [INFO] exp_shallowmodel:           #(X_selected)=512
01/04/2018 17:32:30 [INFO] exp_shallowmodel:           #(X_not_selectable)=912
01/04/2018 17:32:30 [INFO] exp_shallowmodel: %%%%%%%%%%%%%%%%%%%%%%%%%%%%%%%%%%%%%%%%%%%%%%%%%%
01/04/2018 17:32:30 [INFO] exp_shallowmodel: ******************** dstc3 - Round 0 
01/04/2018 17:32:30 [INFO] exp_shallowmodel: #(data) = 4750
01/04/2018 17:32:30 [INFO] exp_shallowmodel: #(feature) = 1424
01/04/2018 17:32:30 [INFO] exp_shallowmodel: ================================================================================
01/04/2018 17:32:30 [INFO] exp_shallowmodel: LR.pen=l1.C=1.000000
01/04/2018 17:32:30 [INFO] exp_shallowmodel: ________________________________________________________________________________
01/04/2018 17:32:30 [INFO] exp_shallowmodel: Training: 
01/04/2018 17:32:30 [INFO] exp_shallowmodel: LogisticRegression(C=1, class_weight=None, dual=False, fit_intercept=True,
          intercept_scaling=1, max_iter=100, multi_class='ovr', n_jobs=1,
          penalty='l1', random_state=None, solver='liblinear', tol=0.0001,
          verbose=0, warm_start=False)
01/04/2018 17:33:09 [INFO] exp_shallowmodel: train time: 38.828s
01/04/2018 17:33:09 [INFO] exp_shallowmodel: test time:  0.002s
01/04/2018 17:33:09 [INFO] exp_shallowmodel: accuracy:   0.787
01/04/2018 17:33:09 [INFO] exp_shallowmodel: f1_score:   0.701
01/04/2018 17:33:09 [INFO] exp_shallowmodel: classification report:
01/04/2018 17:33:09 [INFO] exp_shallowmodel:              precision    recall  f1-score   support

          A       0.62      0.50      0.56        20
          C       0.75      0.76      0.75       169
          F       0.88      0.92      0.90       281
          R       0.63      0.57      0.59       122

avg / total       0.78      0.79      0.78       592

01/04/2018 17:33:09 [INFO] exp_shallowmodel: confusion matrix:
01/04/2018 17:33:09 [INFO] exp_shallowmodel: 
[[ 10   2   8   0]
 [  4 129   9  27]
 [  2   7 258  14]
 [  0  35  18  69]]
01/04/2018 17:33:09 [INFO] exp_shallowmodel: ******************** dstc3 - Round 1 
01/04/2018 17:33:09 [INFO] exp_shallowmodel: #(data) = 4750
01/04/2018 17:33:09 [INFO] exp_shallowmodel: #(feature) = 1424
01/04/2018 17:33:09 [INFO] exp_shallowmodel: ================================================================================
01/04/2018 17:33:09 [INFO] exp_shallowmodel: LR.pen=l1.C=1.000000
01/04/2018 17:33:09 [INFO] exp_shallowmodel: ________________________________________________________________________________
01/04/2018 17:33:09 [INFO] exp_shallowmodel: Training: 
01/04/2018 17:33:09 [INFO] exp_shallowmodel: LogisticRegression(C=1, class_weight=None, dual=False, fit_intercept=True,
          intercept_scaling=1, max_iter=100, multi_class='ovr', n_jobs=1,
          penalty='l1', random_state=None, solver='liblinear', tol=0.0001,
          verbose=0, warm_start=False)
01/04/2018 17:33:41 [INFO] exp_shallowmodel: train time: 32.208s
01/04/2018 17:33:41 [INFO] exp_shallowmodel: test time:  0.002s
01/04/2018 17:33:41 [INFO] exp_shallowmodel: accuracy:   0.787
01/04/2018 17:33:41 [INFO] exp_shallowmodel: f1_score:   0.702
01/04/2018 17:33:41 [INFO] exp_shallowmodel: classification report:
01/04/2018 17:33:41 [INFO] exp_shallowmodel:              precision    recall  f1-score   support

          A       0.62      0.50      0.56        20
          C       0.75      0.78      0.76       169
          F       0.89      0.91      0.90       281
          R       0.62      0.57      0.60       122

avg / total       0.78      0.79      0.78       592

01/04/2018 17:33:41 [INFO] exp_shallowmodel: confusion matrix:
01/04/2018 17:33:41 [INFO] exp_shallowmodel: 
[[ 10   3   5   2]
 [  2 131  12  24]
 [  2   7 255  17]
 [  2  34  16  70]]
01/04/2018 17:33:42 [INFO] exp_shallowmodel: Feature selection of top 100, ranked by LR weights (selectable:non-selectable=16:84)
01/04/2018 17:33:48 [INFO] exp_shallowmodel: %%%%%%%%%%%%%%%%%%%%%%%%%%%%%%%%%%%%%%%%%%%%%%%%%%
01/04/2018 17:33:48 [INFO] exp_shallowmodel:           dataset=family
01/04/2018 17:33:48 [INFO] exp_shallowmodel:           k_feature_to_keep=9
01/04/2018 17:33:48 [INFO] exp_shallowmodel:           X_new.shape=(3530, 1426)
01/04/2018 17:33:48 [INFO] exp_shallowmodel:           #(X_selected)=512
01/04/2018 17:33:48 [INFO] exp_shallowmodel:           #(X_not_selectable)=914
01/04/2018 17:33:48 [INFO] exp_shallowmodel: %%%%%%%%%%%%%%%%%%%%%%%%%%%%%%%%%%%%%%%%%%%%%%%%%%
01/04/2018 17:33:49 [INFO] exp_shallowmodel: ******************** family - Round 0 
01/04/2018 17:33:49 [INFO] exp_shallowmodel: #(data) = 2826
01/04/2018 17:33:49 [INFO] exp_shallowmodel: #(feature) = 1426
01/04/2018 17:33:49 [INFO] exp_shallowmodel: ================================================================================
01/04/2018 17:33:49 [INFO] exp_shallowmodel: LR.pen=l1.C=1.000000
01/04/2018 17:33:49 [INFO] exp_shallowmodel: ________________________________________________________________________________
01/04/2018 17:33:49 [INFO] exp_shallowmodel: Training: 
01/04/2018 17:33:49 [INFO] exp_shallowmodel: LogisticRegression(C=1, class_weight=None, dual=False, fit_intercept=True,
          intercept_scaling=1, max_iter=100, multi_class='ovr', n_jobs=1,
          penalty='l1', random_state=None, solver='liblinear', tol=0.0001,
          verbose=0, warm_start=False)
01/04/2018 17:33:57 [INFO] exp_shallowmodel: train time: 8.012s
01/04/2018 17:33:57 [INFO] exp_shallowmodel: test time:  0.001s
01/04/2018 17:33:57 [INFO] exp_shallowmodel: accuracy:   0.855
01/04/2018 17:33:57 [INFO] exp_shallowmodel: f1_score:   0.686
01/04/2018 17:33:57 [INFO] exp_shallowmodel: classification report:
01/04/2018 17:33:57 [INFO] exp_shallowmodel:              precision    recall  f1-score   support

          A       0.50      0.61      0.55        23
          C       0.65      0.56      0.60        27
          F       0.95      0.96      0.95       250
          R       0.67      0.62      0.64        52

avg / total       0.85      0.86      0.85       352

01/04/2018 17:33:57 [INFO] exp_shallowmodel: confusion matrix:
01/04/2018 17:33:57 [INFO] exp_shallowmodel: 
[[ 14   0   5   4]
 [  5  15   1   6]
 [  3   1 240   6]
 [  6   7   7  32]]
01/04/2018 17:33:57 [INFO] exp_shallowmodel: ******************** family - Round 1 
01/04/2018 17:33:57 [INFO] exp_shallowmodel: #(data) = 2826
01/04/2018 17:33:57 [INFO] exp_shallowmodel: #(feature) = 1426
01/04/2018 17:33:57 [INFO] exp_shallowmodel: ================================================================================
01/04/2018 17:33:57 [INFO] exp_shallowmodel: LR.pen=l1.C=1.000000
01/04/2018 17:33:57 [INFO] exp_shallowmodel: ________________________________________________________________________________
01/04/2018 17:33:57 [INFO] exp_shallowmodel: Training: 
01/04/2018 17:33:57 [INFO] exp_shallowmodel: LogisticRegression(C=1, class_weight=None, dual=False, fit_intercept=True,
          intercept_scaling=1, max_iter=100, multi_class='ovr', n_jobs=1,
          penalty='l1', random_state=None, solver='liblinear', tol=0.0001,
          verbose=0, warm_start=False)
01/04/2018 17:34:03 [INFO] exp_shallowmodel: train time: 6.529s
01/04/2018 17:34:03 [INFO] exp_shallowmodel: test time:  0.001s
01/04/2018 17:34:03 [INFO] exp_shallowmodel: accuracy:   0.866
01/04/2018 17:34:03 [INFO] exp_shallowmodel: f1_score:   0.710
01/04/2018 17:34:03 [INFO] exp_shallowmodel: classification report:
01/04/2018 17:34:03 [INFO] exp_shallowmodel:              precision    recall  f1-score   support

          A       0.53      0.39      0.45        23
          C       0.80      0.74      0.77        27
          F       0.93      0.97      0.95       250
          R       0.69      0.65      0.67        52

avg / total       0.86      0.87      0.86       352

01/04/2018 17:34:03 [INFO] exp_shallowmodel: confusion matrix:
01/04/2018 17:34:03 [INFO] exp_shallowmodel: 
[[  9   2   5   7]
 [  1  20   2   4]
 [  3   1 242   4]
 [  4   2  12  34]]
01/04/2018 17:34:04 [INFO] exp_shallowmodel: Feature selection of top 100, ranked by LR weights (selectable:non-selectable=47:53)
01/04/2018 17:34:12 [INFO] exp_shallowmodel: %%%%%%%%%%%%%%%%%%%%%%%%%%%%%%%%%%%%%%%%%%%%%%%%%%
01/04/2018 17:34:12 [INFO] exp_shallowmodel:           dataset=ghome
01/04/2018 17:34:12 [INFO] exp_shallowmodel:           k_feature_to_keep=9
01/04/2018 17:34:12 [INFO] exp_shallowmodel:           X_new.shape=(5241, 1425)
01/04/2018 17:34:12 [INFO] exp_shallowmodel:           #(X_selected)=512
01/04/2018 17:34:12 [INFO] exp_shallowmodel:           #(X_not_selectable)=913
01/04/2018 17:34:12 [INFO] exp_shallowmodel: %%%%%%%%%%%%%%%%%%%%%%%%%%%%%%%%%%%%%%%%%%%%%%%%%%
01/04/2018 17:34:12 [INFO] exp_shallowmodel: ******************** ghome - Round 0 
01/04/2018 17:34:12 [INFO] exp_shallowmodel: #(data) = 4197
01/04/2018 17:34:12 [INFO] exp_shallowmodel: #(feature) = 1425
01/04/2018 17:34:12 [INFO] exp_shallowmodel: ================================================================================
01/04/2018 17:34:12 [INFO] exp_shallowmodel: LR.pen=l1.C=1.000000
01/04/2018 17:34:12 [INFO] exp_shallowmodel: ________________________________________________________________________________
01/04/2018 17:34:12 [INFO] exp_shallowmodel: Training: 
01/04/2018 17:34:12 [INFO] exp_shallowmodel: LogisticRegression(C=1, class_weight=None, dual=False, fit_intercept=True,
          intercept_scaling=1, max_iter=100, multi_class='ovr', n_jobs=1,
          penalty='l1', random_state=None, solver='liblinear', tol=0.0001,
          verbose=0, warm_start=False)
01/04/2018 17:34:31 [INFO] exp_shallowmodel: train time: 18.923s
01/04/2018 17:34:31 [INFO] exp_shallowmodel: test time:  0.001s
01/04/2018 17:34:31 [INFO] exp_shallowmodel: accuracy:   0.875
01/04/2018 17:34:31 [INFO] exp_shallowmodel: f1_score:   0.584
01/04/2018 17:34:31 [INFO] exp_shallowmodel: classification report:
01/04/2018 17:34:31 [INFO] exp_shallowmodel:              precision    recall  f1-score   support

          A       0.61      0.61      0.61        59
          C       0.33      0.08      0.13        12
          F       0.95      0.97      0.96       396
          R       0.64      0.62      0.63        55

avg / total       0.86      0.88      0.87       522

01/04/2018 17:34:31 [INFO] exp_shallowmodel: confusion matrix:
01/04/2018 17:34:31 [INFO] exp_shallowmodel: 
[[ 36   0  11  12]
 [  5   1   3   3]
 [  5   1 386   4]
 [ 13   1   7  34]]
01/04/2018 17:34:31 [INFO] exp_shallowmodel: ******************** ghome - Round 1 
01/04/2018 17:34:31 [INFO] exp_shallowmodel: #(data) = 4197
01/04/2018 17:34:31 [INFO] exp_shallowmodel: #(feature) = 1425
01/04/2018 17:34:31 [INFO] exp_shallowmodel: ================================================================================
01/04/2018 17:34:31 [INFO] exp_shallowmodel: LR.pen=l1.C=1.000000
01/04/2018 17:34:31 [INFO] exp_shallowmodel: ________________________________________________________________________________
01/04/2018 17:34:31 [INFO] exp_shallowmodel: Training: 
01/04/2018 17:34:31 [INFO] exp_shallowmodel: LogisticRegression(C=1, class_weight=None, dual=False, fit_intercept=True,
          intercept_scaling=1, max_iter=100, multi_class='ovr', n_jobs=1,
          penalty='l1', random_state=None, solver='liblinear', tol=0.0001,
          verbose=0, warm_start=False)
01/04/2018 17:34:44 [INFO] exp_shallowmodel: train time: 13.080s
01/04/2018 17:34:44 [INFO] exp_shallowmodel: test time:  0.001s
01/04/2018 17:34:44 [INFO] exp_shallowmodel: accuracy:   0.872
01/04/2018 17:34:44 [INFO] exp_shallowmodel: f1_score:   0.628
01/04/2018 17:34:44 [INFO] exp_shallowmodel: classification report:
01/04/2018 17:34:44 [INFO] exp_shallowmodel:              precision    recall  f1-score   support

          A       0.59      0.66      0.62        59
          C       1.00      0.17      0.29        12
          F       0.95      0.95      0.95       396
          R       0.64      0.65      0.65        55

avg / total       0.88      0.87      0.87       522

01/04/2018 17:34:44 [INFO] exp_shallowmodel: confusion matrix:
01/04/2018 17:34:44 [INFO] exp_shallowmodel: 
[[ 39   0   9  11]
 [  4   2   3   3]
 [ 12   0 378   6]
 [ 11   0   8  36]]
01/04/2018 17:34:45 [INFO] exp_shallowmodel: Feature selection of top 100, ranked by LR weights (selectable:non-selectable=17:83)
Done: 20180104-173445
/ihome/pbrusilosky/rum20/packages/anaconda3/lib/python3.6/site-packages/sklearn/preprocessing/data.py:164: UserWarning: Numerical issues were encountered when centering the data and might not be solved. Dataset may contain too large values. You may need to prescale your features.
  warnings.warn("Numerical issues were encountered "
/ihome/pbrusilosky/rum20/packages/anaconda3/lib/python3.6/site-packages/sklearn/preprocessing/data.py:169: RuntimeWarning: invalid value encountered in subtract
  Xr -= mean_1
/ihome/pbrusilosky/rum20/packages/anaconda3/lib/python3.6/site-packages/sklearn/preprocessing/data.py:181: UserWarning: Numerical issues were encountered when scaling the data and might not be solved. The standard deviation of the data is probably very close to 0. 
  warnings.warn("Numerical issues were encountered "
/ihome/pbrusilosky/rum20/packages/anaconda3/lib/python3.6/site-packages/sklearn/preprocessing/data.py:164: UserWarning: Numerical issues were encountered when centering the data and might not be solved. Dataset may contain too large values. You may need to prescale your features.
  warnings.warn("Numerical issues were encountered "
/ihome/pbrusilosky/rum20/packages/anaconda3/lib/python3.6/site-packages/sklearn/preprocessing/data.py:169: RuntimeWarning: invalid value encountered in subtract
  Xr -= mean_1
/ihome/pbrusilosky/rum20/packages/anaconda3/lib/python3.6/site-packages/sklearn/preprocessing/data.py:181: UserWarning: Numerical issues were encountered when scaling the data and might not be solved. The standard deviation of the data is probably very close to 0. 
  warnings.warn("Numerical issues were encountered "
/ihome/pbrusilosky/rum20/packages/anaconda3/lib/python3.6/site-packages/sklearn/preprocessing/data.py:164: UserWarning: Numerical issues were encountered when centering the data and might not be solved. Dataset may contain too large values. You may need to prescale your features.
  warnings.warn("Numerical issues were encountered "
/ihome/pbrusilosky/rum20/packages/anaconda3/lib/python3.6/site-packages/sklearn/preprocessing/data.py:169: RuntimeWarning: invalid value encountered in subtract
  Xr -= mean_1
/ihome/pbrusilosky/rum20/packages/anaconda3/lib/python3.6/site-packages/sklearn/preprocessing/data.py:181: UserWarning: Numerical issues were encountered when scaling the data and might not be solved. The standard deviation of the data is probably very close to 0. 
  warnings.warn("Numerical issues were encountered "
/ihome/pbrusilosky/rum20/packages/anaconda3/lib/python3.6/site-packages/sklearn/preprocessing/data.py:164: UserWarning: Numerical issues were encountered when centering the data and might not be solved. Dataset may contain too large values. You may need to prescale your features.
  warnings.warn("Numerical issues were encountered "
/ihome/pbrusilosky/rum20/packages/anaconda3/lib/python3.6/site-packages/sklearn/preprocessing/data.py:169: RuntimeWarning: invalid value encountered in subtract
  Xr -= mean_1
/ihome/pbrusilosky/rum20/packages/anaconda3/lib/python3.6/site-packages/sklearn/preprocessing/data.py:181: UserWarning: Numerical issues were encountered when scaling the data and might not be solved. The standard deviation of the data is probably very close to 0. 
  warnings.warn("Numerical issues were encountered "
/ihome/pbrusilosky/rum20/packages/anaconda3/lib/python3.6/site-packages/sklearn/preprocessing/data.py:164: UserWarning: Numerical issues were encountered when centering the data and might not be solved. Dataset may contain too large values. You may need to prescale your features.
  warnings.warn("Numerical issues were encountered "
/ihome/pbrusilosky/rum20/packages/anaconda3/lib/python3.6/site-packages/sklearn/preprocessing/data.py:169: RuntimeWarning: invalid value encountered in subtract
  Xr -= mean_1
/ihome/pbrusilosky/rum20/packages/anaconda3/lib/python3.6/site-packages/sklearn/preprocessing/data.py:181: UserWarning: Numerical issues were encountered when scaling the data and might not be solved. The standard deviation of the data is probably very close to 0. 
  warnings.warn("Numerical issues were encountered "
/ihome/pbrusilosky/rum20/packages/anaconda3/lib/python3.6/site-packages/sklearn/preprocessing/data.py:164: UserWarning: Numerical issues were encountered when centering the data and might not be solved. Dataset may contain too large values. You may need to prescale your features.
  warnings.warn("Numerical issues were encountered "
/ihome/pbrusilosky/rum20/packages/anaconda3/lib/python3.6/site-packages/sklearn/preprocessing/data.py:169: RuntimeWarning: invalid value encountered in subtract
  Xr -= mean_1
/ihome/pbrusilosky/rum20/packages/anaconda3/lib/python3.6/site-packages/sklearn/preprocessing/data.py:181: UserWarning: Numerical issues were encountered when scaling the data and might not be solved. The standard deviation of the data is probably very close to 0. 
  warnings.warn("Numerical issues were encountered "
/ihome/pbrusilosky/rum20/packages/anaconda3/lib/python3.6/site-packages/sklearn/preprocessing/data.py:164: UserWarning: Numerical issues were encountered when centering the data and might not be solved. Dataset may contain too large values. You may need to prescale your features.
  warnings.warn("Numerical issues were encountered "
/ihome/pbrusilosky/rum20/packages/anaconda3/lib/python3.6/site-packages/sklearn/preprocessing/data.py:169: RuntimeWarning: invalid value encountered in subtract
  Xr -= mean_1
/ihome/pbrusilosky/rum20/packages/anaconda3/lib/python3.6/site-packages/sklearn/preprocessing/data.py:181: UserWarning: Numerical issues were encountered when scaling the data and might not be solved. The standard deviation of the data is probably very close to 0. 
  warnings.warn("Numerical issues were encountered "
/ihome/pbrusilosky/rum20/packages/anaconda3/lib/python3.6/site-packages/sklearn/preprocessing/data.py:164: UserWarning: Numerical issues were encountered when centering the data and might not be solved. Dataset may contain too large values. You may need to prescale your features.
  warnings.warn("Numerical issues were encountered "
/ihome/pbrusilosky/rum20/packages/anaconda3/lib/python3.6/site-packages/sklearn/preprocessing/data.py:169: RuntimeWarning: invalid value encountered in subtract
  Xr -= mean_1
/ihome/pbrusilosky/rum20/packages/anaconda3/lib/python3.6/site-packages/sklearn/preprocessing/data.py:181: UserWarning: Numerical issues were encountered when scaling the data and might not be solved. The standard deviation of the data is probably very close to 0. 
  warnings.warn("Numerical issues were encountered "
