/ihome/pbrusilosky/rum20/packages/anaconda3/bin/python -m dialogue.classify.task_runner -experiment_mode discrete_feature_selection -selected_feature_set_id 9 -add_similarity_feature -selected_context_id 0 -k_feature_to_keep 12
No. of param settings = 1
[('experiment_mode', 'discrete_feature_selection'), ('deep_model', False), ('selected_context_id', 0), ('selected_feature_set_id', 9), ('similarity_feature', True), ('k_feature_to_keep', 12)]
01/04/2018 17:31:27 [INFO] configuration: experiment_mode  :   discrete_feature_selection
01/04/2018 17:31:27 [INFO] configuration: deep_model  :   False
01/04/2018 17:31:27 [INFO] configuration: selected_context_id  :   0
01/04/2018 17:31:27 [INFO] configuration: selected_feature_set_id  :   9
01/04/2018 17:31:27 [INFO] configuration: similarity_feature  :   True
01/04/2018 17:31:27 [INFO] configuration: k_feature_to_keep  :   12
01/04/2018 17:31:27 [INFO] configuration: seed  :   154316847
01/04/2018 17:31:27 [INFO] configuration: root_path  :   /ihome/pbrusilosky/rum20/y_classify
01/04/2018 17:31:27 [INFO] configuration: task_name  :   utterance_type
01/04/2018 17:31:27 [INFO] configuration: timemark  :   20180104-173127
01/04/2018 17:31:27 [INFO] configuration: context_set  :   next
01/04/2018 17:31:27 [INFO] configuration: utterance_names  :   ['last_user_utterance', 'last_system_utterance', 'current_user_utterance', 'next_system_utterance', 'next_user_utterance']
01/04/2018 17:31:27 [INFO] configuration: utterance_range  :   ['current_user_utterance', 'next_system_utterance', 'next_user_utterance']
01/04/2018 17:31:27 [INFO] configuration: feature_set  :   9-[2+1.3.4]
01/04/2018 17:31:27 [INFO] configuration: feature_set_number  :   ['1', '2', '3', '5', '6', '7', '4']
01/04/2018 17:31:27 [INFO] configuration: experiment_name  :   20180104-173127.discrete_feature_selection.feature_number=12.context=next.feature=9-[2+1.3.4].similarity=true
01/04/2018 17:31:27 [INFO] configuration: experiment_path  :   /ihome/pbrusilosky/rum20/y_classify/output/20180104-173127.discrete_feature_selection.feature_number=12.context=next.feature=9-[2+1.3.4].similarity=true
01/04/2018 17:31:27 [INFO] configuration: log_path  :   /ihome/pbrusilosky/rum20/y_classify/output/20180104-173127.discrete_feature_selection.feature_number=12.context=next.feature=9-[2+1.3.4].similarity=true/output.log
01/04/2018 17:31:27 [INFO] configuration: valid_type  :   {'A', 'R', 'F', 'C'}
01/04/2018 17:31:27 [INFO] configuration: data_name  :   
01/04/2018 17:31:27 [INFO] configuration: data_names  :   ['dstc2', 'dstc3', 'family', 'ghome']
01/04/2018 17:31:27 [INFO] configuration: raw_feature_path  :   /ihome/pbrusilosky/rum20/y_classify/dataset/feature/%s.raw_feature.pkl
01/04/2018 17:31:27 [INFO] configuration: extracted_feature_path  :   /ihome/pbrusilosky/rum20/y_classify/dataset/feature/%s.extracted_feature.pkl
01/04/2018 17:31:27 [INFO] configuration: pipeline_path  :   /ihome/pbrusilosky/rum20/y_classify/dataset/feature/%s.pipeline.pkl
01/04/2018 17:31:27 [INFO] configuration: metrics  :   ['accuracy', 'precision', 'recall', 'f1_score', 'training_time', 'test_time']
01/04/2018 17:31:27 [INFO] configuration: do_cross_validation  :   True
01/04/2018 17:31:27 [INFO] configuration: #division  :   5
01/04/2018 17:31:27 [INFO] configuration: #cross_validation  :   10
01/04/2018 17:31:27 [INFO] configuration: cv_index_cache_path  :   
01/04/2018 17:31:27 [INFO] configuration: action_words  :   {'shuffle', 'light', 'song', 'weather', 'volume', 'clear', 'start', 'snooz', 'else', 'food', 'reminders', 'moder', 'any', 'shuffl', 'member', 'alarm', 'add', 'show', 'skip', 'matter', 'remov', 'share', 'moderate', 'north', 'findcar', 'delet', 'turn', 'watch', 'centre', 'help', 'reminds', 'remind', 'time', 'delete', 'stop', 'next', 'music', 'ani', 'cast', 'video', 'list', 'temperatur', 'findcare', 'volum', 'address', 'post', 'south', 'part', 'telephon', 'expens', 'item', 'snooze', 'area', 'remove', 'items', 'play', 'number', 'els', 'centr', 'room', 'expensive', 'telephone', 'timer', 'cheap', 'price', 'tell', 'temperature', 'reminder', 'discard', 'phone'}
01/04/2018 17:31:27 [INFO] configuration: corenlp_jars  :   ('/Users/memray/Project/stanford/stanford-corenlp-full-3.8.0/*', '/Users/memray/Project/stanford/stanford-corenlp-full-3.8.0/stanford-english-kbp-corenlp-2017-06-09-models.jar')
01/04/2018 17:31:27 [INFO] configuration: lda_topic_number  :   50
01/04/2018 17:31:27 [INFO] configuration: lda_path  :   /ihome/pbrusilosky/rum20/y_classify/dataset/feature/gensim/%s.topic=50.lda.pkl
01/04/2018 17:31:27 [INFO] configuration: gensim_corpus_path  :   /ihome/pbrusilosky/rum20/y_classify/dataset/feature/gensim/%s.corpus.pkl
01/04/2018 17:31:27 [INFO] configuration: gensim_dict_path  :   /ihome/pbrusilosky/rum20/y_classify/dataset/feature/gensim/%s.dict
01/04/2018 17:31:27 [INFO] configuration: w2v_path  :   /home/memray/Data/glove/GoogleNews-vectors-negative300.bin
01/04/2018 17:31:27 [INFO] configuration: w2v_vector_length  :   300
01/04/2018 17:31:27 [INFO] configuration: d2v_vector_length  :   300
01/04/2018 17:31:27 [INFO] configuration: d2v_window_size  :   5
01/04/2018 17:31:27 [INFO] configuration: d2v_min_count  :   2
01/04/2018 17:31:27 [INFO] configuration: d2v_model_path  :   /ihome/pbrusilosky/rum20/y_classify/dataset/feature/gensim/%s.doc2vec.dim=300.window=5.min_count=2.model
01/04/2018 17:31:27 [INFO] configuration: d2v_vector_path  :   /ihome/pbrusilosky/rum20/y_classify/dataset/feature/gensim/%s.doc2vec.dim=300.window=5.min_count=2.vector
01/04/2018 17:31:27 [INFO] configuration: num_word_keep  :   {'dstc2': 300, 'dstc3': 300, 'family': 1000, 'ghome': 1000}
01/04/2018 17:31:27 [INFO] configuration: batch_size  :   128
01/04/2018 17:31:27 [INFO] configuration: max_epoch  :   50
01/04/2018 17:31:27 [INFO] configuration: early_stop_tolerance  :   2
01/04/2018 17:31:27 [INFO] configuration: concat_sents  :   False
01/04/2018 17:31:27 [INFO] configuration: cnn_setting  :   {'model': 'multichannel', 'early_stopping': True, 'word_dim': 300, 'filters': [3, 4, 5], 'filter_num': [100, 100, 100], 'class_size': 4, 'batch_size': 128, 'learning_rate': 0.001, 'norm_limit': 10, 'dropout_prob': 0.0, 'sentence_num': 3}
01/04/2018 17:31:27 [INFO] configuration: skipthought_setting  :   {'skipthought_model_path': '/Users/memray/Data/skip-thought', 'skipthought_data_path': '/ihome/pbrusilosky/rum20/y_classify/dataset/feature/gensim/%s.skip-thought.biskip.vector', 'fixed_emb': True, 'sentence_num': 3, 'hidden_size': 2400, 'class_size': 4, 'learning_rate': 0.0001, 'norm_limit': 3, 'dropout_prob': 0.5}
01/04/2018 17:31:27 [INFO] configuration: lstm_setting  :   {'model': 'non-static', 'hidden_size': 32, 'embedding_size': 300, 'num_layers': 1, 'bidirectional': False, 'learning_rate': 0.001, 'class_size': 4, 'norm_limit': 2, 'clip_grad_norm': 2, 'dropout_prob': 0.1}
01/04/2018 17:31:31 [INFO] exp_shallowmodel: %%%%%%%%%%%%%%%%%%%%%%%%%%%%%%%%%%%%%%%%%%%%%%%%%%
01/04/2018 17:31:31 [INFO] exp_shallowmodel:           dataset=dstc2
01/04/2018 17:31:31 [INFO] exp_shallowmodel:           k_feature_to_keep=12
01/04/2018 17:31:31 [INFO] exp_shallowmodel:           X_new.shape=(5725, 4108)
01/04/2018 17:31:31 [INFO] exp_shallowmodel:           #(X_selected)=4096
01/04/2018 17:31:31 [INFO] exp_shallowmodel:           #(X_not_selectable)=12
01/04/2018 17:31:31 [INFO] exp_shallowmodel: %%%%%%%%%%%%%%%%%%%%%%%%%%%%%%%%%%%%%%%%%%%%%%%%%%
01/04/2018 17:31:32 [INFO] exp_shallowmodel: ******************** dstc2 - Round 0 
01/04/2018 17:31:32 [INFO] exp_shallowmodel: #(data) = 4583
01/04/2018 17:31:32 [INFO] exp_shallowmodel: #(feature) = 4108
01/04/2018 17:31:32 [INFO] exp_shallowmodel: ================================================================================
01/04/2018 17:31:32 [INFO] exp_shallowmodel: LR.pen=l1.C=1.000000
01/04/2018 17:31:32 [INFO] exp_shallowmodel: ________________________________________________________________________________
01/04/2018 17:31:32 [INFO] exp_shallowmodel: Training: 
01/04/2018 17:31:32 [INFO] exp_shallowmodel: LogisticRegression(C=1, class_weight=None, dual=False, fit_intercept=True,
          intercept_scaling=1, max_iter=100, multi_class='ovr', n_jobs=1,
          penalty='l1', random_state=None, solver='liblinear', tol=0.0001,
          verbose=0, warm_start=False)
01/04/2018 17:32:00 [INFO] exp_shallowmodel: train time: 28.669s
01/04/2018 17:32:00 [INFO] exp_shallowmodel: test time:  0.004s
01/04/2018 17:32:00 [INFO] exp_shallowmodel: accuracy:   0.849
01/04/2018 17:32:00 [INFO] exp_shallowmodel: f1_score:   0.752
01/04/2018 17:32:00 [INFO] exp_shallowmodel: classification report:
01/04/2018 17:32:00 [INFO] exp_shallowmodel:              precision    recall  f1-score   support

          A       1.00      0.36      0.53        14
          C       0.79      0.84      0.82       164
          F       0.90      0.96      0.93       268
          R       0.80      0.69      0.74       125

avg / total       0.85      0.85      0.84       571

01/04/2018 17:32:00 [INFO] exp_shallowmodel: confusion matrix:
01/04/2018 17:32:00 [INFO] exp_shallowmodel: 
[[  5   2   6   1]
 [  0 138  11  15]
 [  0   6 256   6]
 [  0  28  11  86]]
01/04/2018 17:32:01 [INFO] exp_shallowmodel: ******************** dstc2 - Round 1 
01/04/2018 17:32:01 [INFO] exp_shallowmodel: #(data) = 4583
01/04/2018 17:32:01 [INFO] exp_shallowmodel: #(feature) = 4108
01/04/2018 17:32:01 [INFO] exp_shallowmodel: ================================================================================
01/04/2018 17:32:01 [INFO] exp_shallowmodel: LR.pen=l1.C=1.000000
01/04/2018 17:32:01 [INFO] exp_shallowmodel: ________________________________________________________________________________
01/04/2018 17:32:01 [INFO] exp_shallowmodel: Training: 
01/04/2018 17:32:01 [INFO] exp_shallowmodel: LogisticRegression(C=1, class_weight=None, dual=False, fit_intercept=True,
          intercept_scaling=1, max_iter=100, multi_class='ovr', n_jobs=1,
          penalty='l1', random_state=None, solver='liblinear', tol=0.0001,
          verbose=0, warm_start=False)
01/04/2018 17:32:31 [INFO] exp_shallowmodel: train time: 30.186s
01/04/2018 17:32:31 [INFO] exp_shallowmodel: test time:  0.003s
01/04/2018 17:32:31 [INFO] exp_shallowmodel: accuracy:   0.825
01/04/2018 17:32:31 [INFO] exp_shallowmodel: f1_score:   0.705
01/04/2018 17:32:31 [INFO] exp_shallowmodel: classification report:
01/04/2018 17:32:31 [INFO] exp_shallowmodel:              precision    recall  f1-score   support

          A       0.67      0.29      0.40        14
          C       0.77      0.80      0.79       164
          F       0.88      0.93      0.91       268
          R       0.77      0.69      0.73       125

avg / total       0.82      0.82      0.82       571

01/04/2018 17:32:31 [INFO] exp_shallowmodel: confusion matrix:
01/04/2018 17:32:31 [INFO] exp_shallowmodel: 
[[  4   2   5   3]
 [  0 132  18  14]
 [  1  10 249   8]
 [  1  28  10  86]]
01/04/2018 17:32:32 [INFO] exp_shallowmodel: Feature selection of top 100, ranked by LR weights (selectable:non-selectable=93:7)
01/04/2018 17:32:37 [INFO] exp_shallowmodel: %%%%%%%%%%%%%%%%%%%%%%%%%%%%%%%%%%%%%%%%%%%%%%%%%%
01/04/2018 17:32:37 [INFO] exp_shallowmodel:           dataset=dstc3
01/04/2018 17:32:37 [INFO] exp_shallowmodel:           k_feature_to_keep=12
01/04/2018 17:32:37 [INFO] exp_shallowmodel:           X_new.shape=(5934, 4108)
01/04/2018 17:32:37 [INFO] exp_shallowmodel:           #(X_selected)=4096
01/04/2018 17:32:37 [INFO] exp_shallowmodel:           #(X_not_selectable)=12
01/04/2018 17:32:37 [INFO] exp_shallowmodel: %%%%%%%%%%%%%%%%%%%%%%%%%%%%%%%%%%%%%%%%%%%%%%%%%%
01/04/2018 17:32:38 [INFO] exp_shallowmodel: ******************** dstc3 - Round 0 
01/04/2018 17:32:38 [INFO] exp_shallowmodel: #(data) = 4750
01/04/2018 17:32:38 [INFO] exp_shallowmodel: #(feature) = 4108
01/04/2018 17:32:38 [INFO] exp_shallowmodel: ================================================================================
01/04/2018 17:32:38 [INFO] exp_shallowmodel: LR.pen=l1.C=1.000000
01/04/2018 17:32:38 [INFO] exp_shallowmodel: ________________________________________________________________________________
01/04/2018 17:32:38 [INFO] exp_shallowmodel: Training: 
01/04/2018 17:32:38 [INFO] exp_shallowmodel: LogisticRegression(C=1, class_weight=None, dual=False, fit_intercept=True,
          intercept_scaling=1, max_iter=100, multi_class='ovr', n_jobs=1,
          penalty='l1', random_state=None, solver='liblinear', tol=0.0001,
          verbose=0, warm_start=False)
01/04/2018 17:33:23 [INFO] exp_shallowmodel: train time: 45.463s
01/04/2018 17:33:23 [INFO] exp_shallowmodel: test time:  0.003s
01/04/2018 17:33:23 [INFO] exp_shallowmodel: accuracy:   0.791
01/04/2018 17:33:23 [INFO] exp_shallowmodel: f1_score:   0.698
01/04/2018 17:33:23 [INFO] exp_shallowmodel: classification report:
01/04/2018 17:33:23 [INFO] exp_shallowmodel:              precision    recall  f1-score   support

          A       0.80      0.40      0.53        20
          C       0.74      0.78      0.76       169
          F       0.89      0.92      0.90       281
          R       0.62      0.57      0.60       122

avg / total       0.79      0.79      0.79       592

01/04/2018 17:33:23 [INFO] exp_shallowmodel: confusion matrix:
01/04/2018 17:33:23 [INFO] exp_shallowmodel: 
[[  8   2   9   1]
 [  0 132   6  31]
 [  2  10 258  11]
 [  0  35  17  70]]
01/04/2018 17:33:24 [INFO] exp_shallowmodel: ******************** dstc3 - Round 1 
01/04/2018 17:33:24 [INFO] exp_shallowmodel: #(data) = 4750
01/04/2018 17:33:24 [INFO] exp_shallowmodel: #(feature) = 4108
01/04/2018 17:33:24 [INFO] exp_shallowmodel: ================================================================================
01/04/2018 17:33:24 [INFO] exp_shallowmodel: LR.pen=l1.C=1.000000
01/04/2018 17:33:24 [INFO] exp_shallowmodel: ________________________________________________________________________________
01/04/2018 17:33:24 [INFO] exp_shallowmodel: Training: 
01/04/2018 17:33:24 [INFO] exp_shallowmodel: LogisticRegression(C=1, class_weight=None, dual=False, fit_intercept=True,
          intercept_scaling=1, max_iter=100, multi_class='ovr', n_jobs=1,
          penalty='l1', random_state=None, solver='liblinear', tol=0.0001,
          verbose=0, warm_start=False)
01/04/2018 17:34:06 [INFO] exp_shallowmodel: train time: 41.756s
01/04/2018 17:34:06 [INFO] exp_shallowmodel: test time:  0.004s
01/04/2018 17:34:06 [INFO] exp_shallowmodel: accuracy:   0.797
01/04/2018 17:34:06 [INFO] exp_shallowmodel: f1_score:   0.690
01/04/2018 17:34:06 [INFO] exp_shallowmodel: classification report:
01/04/2018 17:34:06 [INFO] exp_shallowmodel:              precision    recall  f1-score   support

          A       0.70      0.35      0.47        20
          C       0.73      0.78      0.76       169
          F       0.90      0.92      0.91       281
          R       0.65      0.61      0.63       122

avg / total       0.79      0.80      0.79       592

01/04/2018 17:34:06 [INFO] exp_shallowmodel: confusion matrix:
01/04/2018 17:34:06 [INFO] exp_shallowmodel: 
[[  7   4   8   1]
 [  0 132  12  25]
 [  2   7 259  13]
 [  1  37  10  74]]
01/04/2018 17:34:06 [INFO] exp_shallowmodel: Feature selection of top 100, ranked by LR weights (selectable:non-selectable=94:6)
01/04/2018 17:34:15 [INFO] exp_shallowmodel: %%%%%%%%%%%%%%%%%%%%%%%%%%%%%%%%%%%%%%%%%%%%%%%%%%
01/04/2018 17:34:15 [INFO] exp_shallowmodel:           dataset=family
01/04/2018 17:34:15 [INFO] exp_shallowmodel:           k_feature_to_keep=12
01/04/2018 17:34:15 [INFO] exp_shallowmodel:           X_new.shape=(3530, 4116)
01/04/2018 17:34:15 [INFO] exp_shallowmodel:           #(X_selected)=4096
01/04/2018 17:34:15 [INFO] exp_shallowmodel:           #(X_not_selectable)=20
01/04/2018 17:34:15 [INFO] exp_shallowmodel: %%%%%%%%%%%%%%%%%%%%%%%%%%%%%%%%%%%%%%%%%%%%%%%%%%
01/04/2018 17:34:15 [INFO] exp_shallowmodel: ******************** family - Round 0 
01/04/2018 17:34:15 [INFO] exp_shallowmodel: #(data) = 2826
01/04/2018 17:34:15 [INFO] exp_shallowmodel: #(feature) = 4116
01/04/2018 17:34:15 [INFO] exp_shallowmodel: ================================================================================
01/04/2018 17:34:15 [INFO] exp_shallowmodel: LR.pen=l1.C=1.000000
01/04/2018 17:34:15 [INFO] exp_shallowmodel: ________________________________________________________________________________
01/04/2018 17:34:15 [INFO] exp_shallowmodel: Training: 
01/04/2018 17:34:15 [INFO] exp_shallowmodel: LogisticRegression(C=1, class_weight=None, dual=False, fit_intercept=True,
          intercept_scaling=1, max_iter=100, multi_class='ovr', n_jobs=1,
          penalty='l1', random_state=None, solver='liblinear', tol=0.0001,
          verbose=0, warm_start=False)
01/04/2018 17:34:26 [INFO] exp_shallowmodel: train time: 10.524s
01/04/2018 17:34:26 [INFO] exp_shallowmodel: test time:  0.002s
01/04/2018 17:34:26 [INFO] exp_shallowmodel: accuracy:   0.869
01/04/2018 17:34:26 [INFO] exp_shallowmodel: f1_score:   0.648
01/04/2018 17:34:26 [INFO] exp_shallowmodel: classification report:
01/04/2018 17:34:26 [INFO] exp_shallowmodel:              precision    recall  f1-score   support

          A       0.57      0.17      0.27        23
          C       0.62      0.67      0.64        27
          F       0.94      0.98      0.96       250
          R       0.70      0.75      0.72        52

avg / total       0.86      0.87      0.86       352

01/04/2018 17:34:26 [INFO] exp_shallowmodel: confusion matrix:
01/04/2018 17:34:26 [INFO] exp_shallowmodel: 
[[  4   5   8   6]
 [  2  18   1   6]
 [  0   0 245   5]
 [  1   6   6  39]]
01/04/2018 17:34:26 [INFO] exp_shallowmodel: ******************** family - Round 1 
01/04/2018 17:34:26 [INFO] exp_shallowmodel: #(data) = 2826
01/04/2018 17:34:26 [INFO] exp_shallowmodel: #(feature) = 4116
01/04/2018 17:34:26 [INFO] exp_shallowmodel: ================================================================================
01/04/2018 17:34:26 [INFO] exp_shallowmodel: LR.pen=l1.C=1.000000
01/04/2018 17:34:26 [INFO] exp_shallowmodel: ________________________________________________________________________________
01/04/2018 17:34:26 [INFO] exp_shallowmodel: Training: 
01/04/2018 17:34:26 [INFO] exp_shallowmodel: LogisticRegression(C=1, class_weight=None, dual=False, fit_intercept=True,
          intercept_scaling=1, max_iter=100, multi_class='ovr', n_jobs=1,
          penalty='l1', random_state=None, solver='liblinear', tol=0.0001,
          verbose=0, warm_start=False)
01/04/2018 17:34:43 [INFO] exp_shallowmodel: train time: 17.331s
01/04/2018 17:34:43 [INFO] exp_shallowmodel: test time:  0.002s
01/04/2018 17:34:43 [INFO] exp_shallowmodel: accuracy:   0.881
01/04/2018 17:34:43 [INFO] exp_shallowmodel: f1_score:   0.733
01/04/2018 17:34:43 [INFO] exp_shallowmodel: classification report:
01/04/2018 17:34:43 [INFO] exp_shallowmodel:              precision    recall  f1-score   support

          A       0.88      0.30      0.45        23
          C       0.88      0.78      0.82        27
          F       0.91      0.98      0.95       250
          R       0.71      0.71      0.71        52

avg / total       0.88      0.88      0.87       352

01/04/2018 17:34:43 [INFO] exp_shallowmodel: confusion matrix:
01/04/2018 17:34:43 [INFO] exp_shallowmodel: 
[[  7   1   9   6]
 [  0  21   1   5]
 [  1   0 245   4]
 [  0   2  13  37]]
01/04/2018 17:34:44 [INFO] exp_shallowmodel: Feature selection of top 100, ranked by LR weights (selectable:non-selectable=96:4)
01/04/2018 17:34:53 [INFO] exp_shallowmodel: %%%%%%%%%%%%%%%%%%%%%%%%%%%%%%%%%%%%%%%%%%%%%%%%%%
01/04/2018 17:34:53 [INFO] exp_shallowmodel:           dataset=ghome
01/04/2018 17:34:53 [INFO] exp_shallowmodel:           k_feature_to_keep=12
01/04/2018 17:34:53 [INFO] exp_shallowmodel:           X_new.shape=(5241, 4109)
01/04/2018 17:34:53 [INFO] exp_shallowmodel:           #(X_selected)=4096
01/04/2018 17:34:53 [INFO] exp_shallowmodel:           #(X_not_selectable)=13
01/04/2018 17:34:53 [INFO] exp_shallowmodel: %%%%%%%%%%%%%%%%%%%%%%%%%%%%%%%%%%%%%%%%%%%%%%%%%%
01/04/2018 17:34:54 [INFO] exp_shallowmodel: ******************** ghome - Round 0 
01/04/2018 17:34:54 [INFO] exp_shallowmodel: #(data) = 4197
01/04/2018 17:34:54 [INFO] exp_shallowmodel: #(feature) = 4109
01/04/2018 17:34:54 [INFO] exp_shallowmodel: ================================================================================
01/04/2018 17:34:54 [INFO] exp_shallowmodel: LR.pen=l1.C=1.000000
01/04/2018 17:34:54 [INFO] exp_shallowmodel: ________________________________________________________________________________
01/04/2018 17:34:54 [INFO] exp_shallowmodel: Training: 
01/04/2018 17:34:54 [INFO] exp_shallowmodel: LogisticRegression(C=1, class_weight=None, dual=False, fit_intercept=True,
          intercept_scaling=1, max_iter=100, multi_class='ovr', n_jobs=1,
          penalty='l1', random_state=None, solver='liblinear', tol=0.0001,
          verbose=0, warm_start=False)
01/04/2018 17:35:08 [INFO] exp_shallowmodel: train time: 14.169s
01/04/2018 17:35:08 [INFO] exp_shallowmodel: test time:  0.003s
01/04/2018 17:35:08 [INFO] exp_shallowmodel: accuracy:   0.877
01/04/2018 17:35:08 [INFO] exp_shallowmodel: f1_score:   0.548
01/04/2018 17:35:08 [INFO] exp_shallowmodel: classification report:
01/04/2018 17:35:08 [INFO] exp_shallowmodel:              precision    recall  f1-score   support

          A       0.58      0.64      0.61        59
          C       0.00      0.00      0.00        12
          F       0.93      0.99      0.96       396
          R       0.80      0.51      0.62        55

avg / total       0.86      0.88      0.86       522

01/04/2018 17:35:08 [INFO] exp_shallowmodel: confusion matrix:
01/04/2018 17:35:08 [INFO] exp_shallowmodel: 
[[ 38   0  15   6]
 [  4   0   7   1]
 [  4   0 392   0]
 [ 19   0   8  28]]
01/04/2018 17:35:09 [INFO] exp_shallowmodel: ******************** ghome - Round 1 
01/04/2018 17:35:09 [INFO] exp_shallowmodel: #(data) = 4197
01/04/2018 17:35:09 [INFO] exp_shallowmodel: #(feature) = 4109
01/04/2018 17:35:09 [INFO] exp_shallowmodel: ================================================================================
01/04/2018 17:35:09 [INFO] exp_shallowmodel: LR.pen=l1.C=1.000000
01/04/2018 17:35:09 [INFO] exp_shallowmodel: ________________________________________________________________________________
01/04/2018 17:35:09 [INFO] exp_shallowmodel: Training: 
01/04/2018 17:35:09 [INFO] exp_shallowmodel: LogisticRegression(C=1, class_weight=None, dual=False, fit_intercept=True,
          intercept_scaling=1, max_iter=100, multi_class='ovr', n_jobs=1,
          penalty='l1', random_state=None, solver='liblinear', tol=0.0001,
          verbose=0, warm_start=False)
01/04/2018 17:35:27 [INFO] exp_shallowmodel: train time: 18.220s
01/04/2018 17:35:27 [INFO] exp_shallowmodel: test time:  0.002s
01/04/2018 17:35:27 [INFO] exp_shallowmodel: accuracy:   0.885
01/04/2018 17:35:27 [INFO] exp_shallowmodel: f1_score:   0.556
01/04/2018 17:35:27 [INFO] exp_shallowmodel: classification report:
01/04/2018 17:35:27 [INFO] exp_shallowmodel:              precision    recall  f1-score   support

          A       0.67      0.78      0.72        59
          C       0.00      0.00      0.00        12
          F       0.93      0.99      0.96       396
          R       0.73      0.44      0.55        55

avg / total       0.86      0.89      0.87       522

01/04/2018 17:35:27 [INFO] exp_shallowmodel: confusion matrix:
01/04/2018 17:35:27 [INFO] exp_shallowmodel: 
[[ 46   0   7   6]
 [  4   0   6   2]
 [  3   0 392   1]
 [ 16   0  15  24]]
01/04/2018 17:35:28 [INFO] exp_shallowmodel: Feature selection of top 100, ranked by LR weights (selectable:non-selectable=96:4)
Done: 20180104-173528
/ihome/pbrusilosky/rum20/packages/anaconda3/lib/python3.6/site-packages/sklearn/metrics/classification.py:1135: UndefinedMetricWarning: Precision is ill-defined and being set to 0.0 in labels with no predicted samples.
  'precision', 'predicted', average, warn_for)
/ihome/pbrusilosky/rum20/packages/anaconda3/lib/python3.6/site-packages/sklearn/metrics/classification.py:1135: UndefinedMetricWarning: F-score is ill-defined and being set to 0.0 in labels with no predicted samples.
  'precision', 'predicted', average, warn_for)
/ihome/pbrusilosky/rum20/packages/anaconda3/lib/python3.6/site-packages/sklearn/metrics/classification.py:1135: UndefinedMetricWarning: Precision and F-score are ill-defined and being set to 0.0 in labels with no predicted samples.
  'precision', 'predicted', average, warn_for)
/ihome/pbrusilosky/rum20/packages/anaconda3/lib/python3.6/site-packages/sklearn/metrics/classification.py:1135: UndefinedMetricWarning: Precision is ill-defined and being set to 0.0 in labels with no predicted samples.
  'precision', 'predicted', average, warn_for)
/ihome/pbrusilosky/rum20/packages/anaconda3/lib/python3.6/site-packages/sklearn/metrics/classification.py:1135: UndefinedMetricWarning: F-score is ill-defined and being set to 0.0 in labels with no predicted samples.
  'precision', 'predicted', average, warn_for)
/ihome/pbrusilosky/rum20/packages/anaconda3/lib/python3.6/site-packages/sklearn/metrics/classification.py:1135: UndefinedMetricWarning: Precision and F-score are ill-defined and being set to 0.0 in labels with no predicted samples.
  'precision', 'predicted', average, warn_for)
