/ihome/pbrusilosky/rum20/packages/anaconda3/bin/python -m dialogue.classify.task_runner -experiment_mode discrete_feature_selection -selected_feature_set_id 10 -add_similarity_feature -selected_context_id 0 -k_feature_to_keep 7
No. of param settings = 1
[('experiment_mode', 'discrete_feature_selection'), ('deep_model', False), ('selected_context_id', 0), ('selected_feature_set_id', 10), ('similarity_feature', True), ('k_feature_to_keep', 7)]
01/04/2018 17:31:29 [INFO] configuration: experiment_mode  :   discrete_feature_selection
01/04/2018 17:31:29 [INFO] configuration: deep_model  :   False
01/04/2018 17:31:29 [INFO] configuration: selected_context_id  :   0
01/04/2018 17:31:29 [INFO] configuration: selected_feature_set_id  :   10
01/04/2018 17:31:29 [INFO] configuration: similarity_feature  :   True
01/04/2018 17:31:29 [INFO] configuration: k_feature_to_keep  :   7
01/04/2018 17:31:29 [INFO] configuration: seed  :   154316847
01/04/2018 17:31:29 [INFO] configuration: root_path  :   /ihome/pbrusilosky/rum20/y_classify
01/04/2018 17:31:29 [INFO] configuration: task_name  :   utterance_type
01/04/2018 17:31:29 [INFO] configuration: timemark  :   20180104-173129
01/04/2018 17:31:29 [INFO] configuration: context_set  :   next
01/04/2018 17:31:29 [INFO] configuration: utterance_names  :   ['last_user_utterance', 'last_system_utterance', 'current_user_utterance', 'next_system_utterance', 'next_user_utterance']
01/04/2018 17:31:29 [INFO] configuration: utterance_range  :   ['current_user_utterance', 'next_system_utterance', 'next_user_utterance']
01/04/2018 17:31:29 [INFO] configuration: feature_set  :   10-[5+1.3.4]
01/04/2018 17:31:29 [INFO] configuration: feature_set_number  :   ['1', '2', '3', '5', '6', '7', '8']
01/04/2018 17:31:29 [INFO] configuration: experiment_name  :   20180104-173129.discrete_feature_selection.feature_number=7.context=next.feature=10-[5+1.3.4].similarity=true
01/04/2018 17:31:29 [INFO] configuration: experiment_path  :   /ihome/pbrusilosky/rum20/y_classify/output/20180104-173129.discrete_feature_selection.feature_number=7.context=next.feature=10-[5+1.3.4].similarity=true
01/04/2018 17:31:29 [INFO] configuration: log_path  :   /ihome/pbrusilosky/rum20/y_classify/output/20180104-173129.discrete_feature_selection.feature_number=7.context=next.feature=10-[5+1.3.4].similarity=true/output.log
01/04/2018 17:31:29 [INFO] configuration: valid_type  :   {'C', 'A', 'R', 'F'}
01/04/2018 17:31:29 [INFO] configuration: data_name  :   
01/04/2018 17:31:29 [INFO] configuration: data_names  :   ['dstc2', 'dstc3', 'family', 'ghome']
01/04/2018 17:31:29 [INFO] configuration: raw_feature_path  :   /ihome/pbrusilosky/rum20/y_classify/dataset/feature/%s.raw_feature.pkl
01/04/2018 17:31:29 [INFO] configuration: extracted_feature_path  :   /ihome/pbrusilosky/rum20/y_classify/dataset/feature/%s.extracted_feature.pkl
01/04/2018 17:31:29 [INFO] configuration: pipeline_path  :   /ihome/pbrusilosky/rum20/y_classify/dataset/feature/%s.pipeline.pkl
01/04/2018 17:31:29 [INFO] configuration: metrics  :   ['accuracy', 'precision', 'recall', 'f1_score', 'training_time', 'test_time']
01/04/2018 17:31:29 [INFO] configuration: do_cross_validation  :   True
01/04/2018 17:31:29 [INFO] configuration: #division  :   5
01/04/2018 17:31:29 [INFO] configuration: #cross_validation  :   10
01/04/2018 17:31:29 [INFO] configuration: cv_index_cache_path  :   
01/04/2018 17:31:29 [INFO] configuration: action_words  :   {'findcar', 'volume', 'song', 'alarm', 'shuffl', 'snooze', 'else', 'clear', 'remind', 'area', 'temperature', 'price', 'show', 'expens', 'telephone', 'item', 'phone', 'delet', 'time', 'start', 'centre', 'cast', 'remov', 'room', 'skip', 'timer', 'any', 'telephon', 'north', 'volum', 'member', 'delete', 'findcare', 'add', 'address', 'music', 'post', 'temperatur', 'matter', 'turn', 'video', 'next', 'play', 'moderate', 'south', 'snooz', 'items', 'food', 'cheap', 'reminder', 'centr', 'shuffle', 'tell', 'ani', 'expensive', 'share', 'light', 'part', 'discard', 'remove', 'number', 'stop', 'watch', 'weather', 'help', 'list', 'reminds', 'moder', 'reminders', 'els'}
01/04/2018 17:31:29 [INFO] configuration: corenlp_jars  :   ('/Users/memray/Project/stanford/stanford-corenlp-full-3.8.0/*', '/Users/memray/Project/stanford/stanford-corenlp-full-3.8.0/stanford-english-kbp-corenlp-2017-06-09-models.jar')
01/04/2018 17:31:29 [INFO] configuration: lda_topic_number  :   50
01/04/2018 17:31:29 [INFO] configuration: lda_path  :   /ihome/pbrusilosky/rum20/y_classify/dataset/feature/gensim/%s.topic=50.lda.pkl
01/04/2018 17:31:29 [INFO] configuration: gensim_corpus_path  :   /ihome/pbrusilosky/rum20/y_classify/dataset/feature/gensim/%s.corpus.pkl
01/04/2018 17:31:29 [INFO] configuration: gensim_dict_path  :   /ihome/pbrusilosky/rum20/y_classify/dataset/feature/gensim/%s.dict
01/04/2018 17:31:29 [INFO] configuration: w2v_path  :   /home/memray/Data/glove/GoogleNews-vectors-negative300.bin
01/04/2018 17:31:29 [INFO] configuration: w2v_vector_length  :   300
01/04/2018 17:31:29 [INFO] configuration: d2v_vector_length  :   300
01/04/2018 17:31:29 [INFO] configuration: d2v_window_size  :   5
01/04/2018 17:31:29 [INFO] configuration: d2v_min_count  :   2
01/04/2018 17:31:29 [INFO] configuration: d2v_model_path  :   /ihome/pbrusilosky/rum20/y_classify/dataset/feature/gensim/%s.doc2vec.dim=300.window=5.min_count=2.model
01/04/2018 17:31:29 [INFO] configuration: d2v_vector_path  :   /ihome/pbrusilosky/rum20/y_classify/dataset/feature/gensim/%s.doc2vec.dim=300.window=5.min_count=2.vector
01/04/2018 17:31:29 [INFO] configuration: num_word_keep  :   {'dstc2': 300, 'dstc3': 300, 'family': 1000, 'ghome': 1000}
01/04/2018 17:31:29 [INFO] configuration: batch_size  :   128
01/04/2018 17:31:29 [INFO] configuration: max_epoch  :   50
01/04/2018 17:31:29 [INFO] configuration: early_stop_tolerance  :   2
01/04/2018 17:31:29 [INFO] configuration: concat_sents  :   False
01/04/2018 17:31:29 [INFO] configuration: cnn_setting  :   {'model': 'multichannel', 'early_stopping': True, 'word_dim': 300, 'filters': [3, 4, 5], 'filter_num': [100, 100, 100], 'class_size': 4, 'batch_size': 128, 'learning_rate': 0.001, 'norm_limit': 10, 'dropout_prob': 0.0, 'sentence_num': 3}
01/04/2018 17:31:29 [INFO] configuration: skipthought_setting  :   {'skipthought_model_path': '/Users/memray/Data/skip-thought', 'skipthought_data_path': '/ihome/pbrusilosky/rum20/y_classify/dataset/feature/gensim/%s.skip-thought.biskip.vector', 'fixed_emb': True, 'sentence_num': 3, 'hidden_size': 2400, 'class_size': 4, 'learning_rate': 0.0001, 'norm_limit': 3, 'dropout_prob': 0.5}
01/04/2018 17:31:29 [INFO] configuration: lstm_setting  :   {'model': 'non-static', 'hidden_size': 32, 'embedding_size': 300, 'num_layers': 1, 'bidirectional': False, 'learning_rate': 0.001, 'class_size': 4, 'norm_limit': 2, 'clip_grad_norm': 2, 'dropout_prob': 0.1}
01/04/2018 17:31:33 [INFO] exp_shallowmodel: %%%%%%%%%%%%%%%%%%%%%%%%%%%%%%%%%%%%%%%%%%%%%%%%%%
01/04/2018 17:31:33 [INFO] exp_shallowmodel:           dataset=dstc2
01/04/2018 17:31:33 [INFO] exp_shallowmodel:           k_feature_to_keep=7
01/04/2018 17:31:33 [INFO] exp_shallowmodel:           X_new.shape=(5725, 289)
01/04/2018 17:31:33 [INFO] exp_shallowmodel:           #(X_selected)=128
01/04/2018 17:31:33 [INFO] exp_shallowmodel:           #(X_not_selectable)=161
01/04/2018 17:31:33 [INFO] exp_shallowmodel: %%%%%%%%%%%%%%%%%%%%%%%%%%%%%%%%%%%%%%%%%%%%%%%%%%
01/04/2018 17:31:33 [INFO] exp_shallowmodel: ******************** dstc2 - Round 0 
01/04/2018 17:31:33 [INFO] exp_shallowmodel: #(data) = 4583
01/04/2018 17:31:33 [INFO] exp_shallowmodel: #(feature) = 289
01/04/2018 17:31:33 [INFO] exp_shallowmodel: ================================================================================
01/04/2018 17:31:33 [INFO] exp_shallowmodel: LR.pen=l1.C=1.000000
01/04/2018 17:31:33 [INFO] exp_shallowmodel: ________________________________________________________________________________
01/04/2018 17:31:33 [INFO] exp_shallowmodel: Training: 
01/04/2018 17:31:33 [INFO] exp_shallowmodel: LogisticRegression(C=1, class_weight=None, dual=False, fit_intercept=True,
          intercept_scaling=1, max_iter=100, multi_class='ovr', n_jobs=1,
          penalty='l1', random_state=None, solver='liblinear', tol=0.0001,
          verbose=0, warm_start=False)
01/04/2018 17:31:40 [INFO] exp_shallowmodel: train time: 7.328s
01/04/2018 17:31:40 [INFO] exp_shallowmodel: test time:  0.000s
01/04/2018 17:31:40 [INFO] exp_shallowmodel: accuracy:   0.874
01/04/2018 17:31:40 [INFO] exp_shallowmodel: f1_score:   0.793
01/04/2018 17:31:40 [INFO] exp_shallowmodel: classification report:
01/04/2018 17:31:40 [INFO] exp_shallowmodel:              precision    recall  f1-score   support

          A       0.70      0.50      0.58        14
          C       0.81      0.82      0.82       164
          F       0.92      0.96      0.94       268
          R       0.86      0.81      0.83       125

avg / total       0.87      0.87      0.87       571

01/04/2018 17:31:40 [INFO] exp_shallowmodel: confusion matrix:
01/04/2018 17:31:40 [INFO] exp_shallowmodel: 
[[  7   2   5   0]
 [  2 135  11  16]
 [  1  10 256   1]
 [  0  19   5 101]]
01/04/2018 17:31:40 [INFO] exp_shallowmodel: ******************** dstc2 - Round 1 
01/04/2018 17:31:40 [INFO] exp_shallowmodel: #(data) = 4583
01/04/2018 17:31:40 [INFO] exp_shallowmodel: #(feature) = 289
01/04/2018 17:31:40 [INFO] exp_shallowmodel: ================================================================================
01/04/2018 17:31:40 [INFO] exp_shallowmodel: LR.pen=l1.C=1.000000
01/04/2018 17:31:40 [INFO] exp_shallowmodel: ________________________________________________________________________________
01/04/2018 17:31:40 [INFO] exp_shallowmodel: Training: 
01/04/2018 17:31:40 [INFO] exp_shallowmodel: LogisticRegression(C=1, class_weight=None, dual=False, fit_intercept=True,
          intercept_scaling=1, max_iter=100, multi_class='ovr', n_jobs=1,
          penalty='l1', random_state=None, solver='liblinear', tol=0.0001,
          verbose=0, warm_start=False)
01/04/2018 17:31:50 [INFO] exp_shallowmodel: train time: 9.631s
01/04/2018 17:31:50 [INFO] exp_shallowmodel: test time:  0.000s
01/04/2018 17:31:50 [INFO] exp_shallowmodel: accuracy:   0.841
01/04/2018 17:31:50 [INFO] exp_shallowmodel: f1_score:   0.756
01/04/2018 17:31:50 [INFO] exp_shallowmodel: classification report:
01/04/2018 17:31:50 [INFO] exp_shallowmodel:              precision    recall  f1-score   support

          A       0.75      0.43      0.55        14
          C       0.78      0.79      0.78       164
          F       0.93      0.91      0.92       268
          R       0.75      0.80      0.78       125

avg / total       0.84      0.84      0.84       571

01/04/2018 17:31:50 [INFO] exp_shallowmodel: confusion matrix:
01/04/2018 17:31:50 [INFO] exp_shallowmodel: 
[[  6   1   5   2]
 [  0 129  13  22]
 [  1  13 245   9]
 [  1  23   1 100]]
01/04/2018 17:31:50 [INFO] exp_shallowmodel: Feature selection of top 100, ranked by LR weights (selectable:non-selectable=59:41)
01/04/2018 17:31:55 [INFO] exp_shallowmodel: %%%%%%%%%%%%%%%%%%%%%%%%%%%%%%%%%%%%%%%%%%%%%%%%%%
01/04/2018 17:31:55 [INFO] exp_shallowmodel:           dataset=dstc3
01/04/2018 17:31:55 [INFO] exp_shallowmodel:           k_feature_to_keep=7
01/04/2018 17:31:55 [INFO] exp_shallowmodel:           X_new.shape=(5934, 289)
01/04/2018 17:31:55 [INFO] exp_shallowmodel:           #(X_selected)=128
01/04/2018 17:31:55 [INFO] exp_shallowmodel:           #(X_not_selectable)=161
01/04/2018 17:31:55 [INFO] exp_shallowmodel: %%%%%%%%%%%%%%%%%%%%%%%%%%%%%%%%%%%%%%%%%%%%%%%%%%
01/04/2018 17:31:55 [INFO] exp_shallowmodel: ******************** dstc3 - Round 0 
01/04/2018 17:31:55 [INFO] exp_shallowmodel: #(data) = 4750
01/04/2018 17:31:55 [INFO] exp_shallowmodel: #(feature) = 289
01/04/2018 17:31:55 [INFO] exp_shallowmodel: ================================================================================
01/04/2018 17:31:55 [INFO] exp_shallowmodel: LR.pen=l1.C=1.000000
01/04/2018 17:31:55 [INFO] exp_shallowmodel: ________________________________________________________________________________
01/04/2018 17:31:55 [INFO] exp_shallowmodel: Training: 
01/04/2018 17:31:55 [INFO] exp_shallowmodel: LogisticRegression(C=1, class_weight=None, dual=False, fit_intercept=True,
          intercept_scaling=1, max_iter=100, multi_class='ovr', n_jobs=1,
          penalty='l1', random_state=None, solver='liblinear', tol=0.0001,
          verbose=0, warm_start=False)
01/04/2018 17:32:02 [INFO] exp_shallowmodel: train time: 7.414s
01/04/2018 17:32:02 [INFO] exp_shallowmodel: test time:  0.000s
01/04/2018 17:32:02 [INFO] exp_shallowmodel: accuracy:   0.824
01/04/2018 17:32:02 [INFO] exp_shallowmodel: f1_score:   0.754
01/04/2018 17:32:02 [INFO] exp_shallowmodel: classification report:
01/04/2018 17:32:02 [INFO] exp_shallowmodel:              precision    recall  f1-score   support

          A       0.79      0.55      0.65        20
          C       0.77      0.81      0.79       169
          F       0.90      0.94      0.92       281
          R       0.70      0.61      0.66       122

avg / total       0.82      0.82      0.82       592

01/04/2018 17:32:02 [INFO] exp_shallowmodel: confusion matrix:
01/04/2018 17:32:02 [INFO] exp_shallowmodel: 
[[ 11   2   7   0]
 [  2 137   8  22]
 [  1   5 265  10]
 [  0  34  13  75]]
01/04/2018 17:32:02 [INFO] exp_shallowmodel: ******************** dstc3 - Round 1 
01/04/2018 17:32:02 [INFO] exp_shallowmodel: #(data) = 4750
01/04/2018 17:32:02 [INFO] exp_shallowmodel: #(feature) = 289
01/04/2018 17:32:02 [INFO] exp_shallowmodel: ================================================================================
01/04/2018 17:32:02 [INFO] exp_shallowmodel: LR.pen=l1.C=1.000000
01/04/2018 17:32:02 [INFO] exp_shallowmodel: ________________________________________________________________________________
01/04/2018 17:32:02 [INFO] exp_shallowmodel: Training: 
01/04/2018 17:32:02 [INFO] exp_shallowmodel: LogisticRegression(C=1, class_weight=None, dual=False, fit_intercept=True,
          intercept_scaling=1, max_iter=100, multi_class='ovr', n_jobs=1,
          penalty='l1', random_state=None, solver='liblinear', tol=0.0001,
          verbose=0, warm_start=False)
01/04/2018 17:32:09 [INFO] exp_shallowmodel: train time: 6.855s
01/04/2018 17:32:09 [INFO] exp_shallowmodel: test time:  0.000s
01/04/2018 17:32:09 [INFO] exp_shallowmodel: accuracy:   0.812
01/04/2018 17:32:09 [INFO] exp_shallowmodel: f1_score:   0.683
01/04/2018 17:32:09 [INFO] exp_shallowmodel: classification report:
01/04/2018 17:32:09 [INFO] exp_shallowmodel:              precision    recall  f1-score   support

          A       0.50      0.30      0.37        20
          C       0.78      0.82      0.80       169
          F       0.88      0.94      0.91       281
          R       0.72      0.60      0.65       122

avg / total       0.80      0.81      0.81       592

01/04/2018 17:32:09 [INFO] exp_shallowmodel: confusion matrix:
01/04/2018 17:32:09 [INFO] exp_shallowmodel: 
[[  6   4   9   1]
 [  2 138  12  17]
 [  2   4 264  11]
 [  2  31  16  73]]
01/04/2018 17:32:09 [INFO] exp_shallowmodel: Feature selection of top 100, ranked by LR weights (selectable:non-selectable=60:40)
01/04/2018 17:32:16 [INFO] exp_shallowmodel: %%%%%%%%%%%%%%%%%%%%%%%%%%%%%%%%%%%%%%%%%%%%%%%%%%
01/04/2018 17:32:16 [INFO] exp_shallowmodel:           dataset=family
01/04/2018 17:32:16 [INFO] exp_shallowmodel:           k_feature_to_keep=7
01/04/2018 17:32:16 [INFO] exp_shallowmodel:           X_new.shape=(3530, 291)
01/04/2018 17:32:16 [INFO] exp_shallowmodel:           #(X_selected)=128
01/04/2018 17:32:16 [INFO] exp_shallowmodel:           #(X_not_selectable)=163
01/04/2018 17:32:16 [INFO] exp_shallowmodel: %%%%%%%%%%%%%%%%%%%%%%%%%%%%%%%%%%%%%%%%%%%%%%%%%%
01/04/2018 17:32:16 [INFO] exp_shallowmodel: ******************** family - Round 0 
01/04/2018 17:32:16 [INFO] exp_shallowmodel: #(data) = 2826
01/04/2018 17:32:16 [INFO] exp_shallowmodel: #(feature) = 291
01/04/2018 17:32:16 [INFO] exp_shallowmodel: ================================================================================
01/04/2018 17:32:16 [INFO] exp_shallowmodel: LR.pen=l1.C=1.000000
01/04/2018 17:32:16 [INFO] exp_shallowmodel: ________________________________________________________________________________
01/04/2018 17:32:16 [INFO] exp_shallowmodel: Training: 
01/04/2018 17:32:16 [INFO] exp_shallowmodel: LogisticRegression(C=1, class_weight=None, dual=False, fit_intercept=True,
          intercept_scaling=1, max_iter=100, multi_class='ovr', n_jobs=1,
          penalty='l1', random_state=None, solver='liblinear', tol=0.0001,
          verbose=0, warm_start=False)
01/04/2018 17:32:25 [INFO] exp_shallowmodel: train time: 8.549s
01/04/2018 17:32:25 [INFO] exp_shallowmodel: test time:  0.000s
01/04/2018 17:32:25 [INFO] exp_shallowmodel: accuracy:   0.869
01/04/2018 17:32:25 [INFO] exp_shallowmodel: f1_score:   0.725
01/04/2018 17:32:25 [INFO] exp_shallowmodel: classification report:
01/04/2018 17:32:25 [INFO] exp_shallowmodel:              precision    recall  f1-score   support

          A       0.59      0.57      0.58        23
          C       0.74      0.63      0.68        27
          F       0.94      0.96      0.95       250
          R       0.69      0.69      0.69        52

avg / total       0.87      0.87      0.87       352

01/04/2018 17:32:25 [INFO] exp_shallowmodel: confusion matrix:
01/04/2018 17:32:25 [INFO] exp_shallowmodel: 
[[ 13   2   6   2]
 [  4  17   0   6]
 [  2   0 240   8]
 [  3   4   9  36]]
01/04/2018 17:32:25 [INFO] exp_shallowmodel: ******************** family - Round 1 
01/04/2018 17:32:25 [INFO] exp_shallowmodel: #(data) = 2826
01/04/2018 17:32:25 [INFO] exp_shallowmodel: #(feature) = 291
01/04/2018 17:32:25 [INFO] exp_shallowmodel: ================================================================================
01/04/2018 17:32:25 [INFO] exp_shallowmodel: LR.pen=l1.C=1.000000
01/04/2018 17:32:25 [INFO] exp_shallowmodel: ________________________________________________________________________________
01/04/2018 17:32:25 [INFO] exp_shallowmodel: Training: 
01/04/2018 17:32:25 [INFO] exp_shallowmodel: LogisticRegression(C=1, class_weight=None, dual=False, fit_intercept=True,
          intercept_scaling=1, max_iter=100, multi_class='ovr', n_jobs=1,
          penalty='l1', random_state=None, solver='liblinear', tol=0.0001,
          verbose=0, warm_start=False)
01/04/2018 17:32:30 [INFO] exp_shallowmodel: train time: 5.125s
01/04/2018 17:32:30 [INFO] exp_shallowmodel: test time:  0.000s
01/04/2018 17:32:30 [INFO] exp_shallowmodel: accuracy:   0.878
01/04/2018 17:32:30 [INFO] exp_shallowmodel: f1_score:   0.716
01/04/2018 17:32:30 [INFO] exp_shallowmodel: classification report:
01/04/2018 17:32:30 [INFO] exp_shallowmodel:              precision    recall  f1-score   support

          A       0.62      0.35      0.44        23
          C       0.77      0.74      0.75        27
          F       0.93      0.98      0.95       250
          R       0.71      0.71      0.71        52

avg / total       0.87      0.88      0.87       352

01/04/2018 17:32:30 [INFO] exp_shallowmodel: confusion matrix:
01/04/2018 17:32:30 [INFO] exp_shallowmodel: 
[[  8   2   6   7]
 [  3  20   0   4]
 [  1   1 244   4]
 [  1   3  11  37]]
01/04/2018 17:32:30 [INFO] exp_shallowmodel: Feature selection of top 100, ranked by LR weights (selectable:non-selectable=53:47)
01/04/2018 17:32:38 [INFO] exp_shallowmodel: %%%%%%%%%%%%%%%%%%%%%%%%%%%%%%%%%%%%%%%%%%%%%%%%%%
01/04/2018 17:32:38 [INFO] exp_shallowmodel:           dataset=ghome
01/04/2018 17:32:38 [INFO] exp_shallowmodel:           k_feature_to_keep=7
01/04/2018 17:32:38 [INFO] exp_shallowmodel:           X_new.shape=(5241, 290)
01/04/2018 17:32:38 [INFO] exp_shallowmodel:           #(X_selected)=128
01/04/2018 17:32:38 [INFO] exp_shallowmodel:           #(X_not_selectable)=162
01/04/2018 17:32:38 [INFO] exp_shallowmodel: %%%%%%%%%%%%%%%%%%%%%%%%%%%%%%%%%%%%%%%%%%%%%%%%%%
01/04/2018 17:32:38 [INFO] exp_shallowmodel: ******************** ghome - Round 0 
01/04/2018 17:32:38 [INFO] exp_shallowmodel: #(data) = 4197
01/04/2018 17:32:38 [INFO] exp_shallowmodel: #(feature) = 290
01/04/2018 17:32:38 [INFO] exp_shallowmodel: ================================================================================
01/04/2018 17:32:38 [INFO] exp_shallowmodel: LR.pen=l1.C=1.000000
01/04/2018 17:32:38 [INFO] exp_shallowmodel: ________________________________________________________________________________
01/04/2018 17:32:38 [INFO] exp_shallowmodel: Training: 
01/04/2018 17:32:38 [INFO] exp_shallowmodel: LogisticRegression(C=1, class_weight=None, dual=False, fit_intercept=True,
          intercept_scaling=1, max_iter=100, multi_class='ovr', n_jobs=1,
          penalty='l1', random_state=None, solver='liblinear', tol=0.0001,
          verbose=0, warm_start=False)
01/04/2018 17:32:56 [INFO] exp_shallowmodel: train time: 17.829s
01/04/2018 17:32:56 [INFO] exp_shallowmodel: test time:  0.000s
01/04/2018 17:32:56 [INFO] exp_shallowmodel: accuracy:   0.870
01/04/2018 17:32:56 [INFO] exp_shallowmodel: f1_score:   0.606
01/04/2018 17:32:56 [INFO] exp_shallowmodel: classification report:
01/04/2018 17:32:56 [INFO] exp_shallowmodel:              precision    recall  f1-score   support

          A       0.65      0.47      0.55        59
          C       0.30      0.25      0.27        12
          F       0.93      0.98      0.96       396
          R       0.66      0.64      0.65        55

avg / total       0.86      0.87      0.86       522

01/04/2018 17:32:56 [INFO] exp_shallowmodel: confusion matrix:
01/04/2018 17:32:56 [INFO] exp_shallowmodel: 
[[ 28   4  13  14]
 [  1   3   7   1]
 [  2   3 388   3]
 [ 12   0   8  35]]
01/04/2018 17:32:56 [INFO] exp_shallowmodel: ******************** ghome - Round 1 
01/04/2018 17:32:56 [INFO] exp_shallowmodel: #(data) = 4197
01/04/2018 17:32:56 [INFO] exp_shallowmodel: #(feature) = 290
01/04/2018 17:32:56 [INFO] exp_shallowmodel: ================================================================================
01/04/2018 17:32:56 [INFO] exp_shallowmodel: LR.pen=l1.C=1.000000
01/04/2018 17:32:56 [INFO] exp_shallowmodel: ________________________________________________________________________________
01/04/2018 17:32:56 [INFO] exp_shallowmodel: Training: 
01/04/2018 17:32:56 [INFO] exp_shallowmodel: LogisticRegression(C=1, class_weight=None, dual=False, fit_intercept=True,
          intercept_scaling=1, max_iter=100, multi_class='ovr', n_jobs=1,
          penalty='l1', random_state=None, solver='liblinear', tol=0.0001,
          verbose=0, warm_start=False)
01/04/2018 17:33:07 [INFO] exp_shallowmodel: train time: 10.858s
01/04/2018 17:33:07 [INFO] exp_shallowmodel: test time:  0.000s
01/04/2018 17:33:07 [INFO] exp_shallowmodel: accuracy:   0.885
01/04/2018 17:33:07 [INFO] exp_shallowmodel: f1_score:   0.639
01/04/2018 17:33:07 [INFO] exp_shallowmodel: classification report:
01/04/2018 17:33:07 [INFO] exp_shallowmodel:              precision    recall  f1-score   support

          A       0.75      0.64      0.69        59
          C       0.30      0.25      0.27        12
          F       0.94      0.98      0.96       396
          R       0.70      0.58      0.63        55

avg / total       0.88      0.89      0.88       522

01/04/2018 17:33:07 [INFO] exp_shallowmodel: confusion matrix:
01/04/2018 17:33:07 [INFO] exp_shallowmodel: 
[[ 38   3   7  11]
 [  2   3   6   1]
 [  4   1 389   2]
 [  7   3  13  32]]
01/04/2018 17:33:08 [INFO] exp_shallowmodel: Feature selection of top 100, ranked by LR weights (selectable:non-selectable=45:55)
Done: 20180104-173308
