/ihome/pbrusilosky/rum20/packages/anaconda3/bin/python -m dialogue.classify.task_runner -experiment_mode discrete_feature_selection -selected_feature_set_id 13 -add_similarity_feature -selected_context_id 0 -k_feature_to_keep 8
No. of param settings = 1
[('experiment_mode', 'discrete_feature_selection'), ('deep_model', False), ('selected_context_id', 0), ('selected_feature_set_id', 13), ('similarity_feature', True), ('k_feature_to_keep', 8)]
01/04/2018 17:31:30 [INFO] configuration: experiment_mode  :   discrete_feature_selection
01/04/2018 17:31:30 [INFO] configuration: deep_model  :   False
01/04/2018 17:31:30 [INFO] configuration: selected_context_id  :   0
01/04/2018 17:31:30 [INFO] configuration: selected_feature_set_id  :   13
01/04/2018 17:31:30 [INFO] configuration: similarity_feature  :   True
01/04/2018 17:31:30 [INFO] configuration: k_feature_to_keep  :   8
01/04/2018 17:31:30 [INFO] configuration: seed  :   154316847
01/04/2018 17:31:30 [INFO] configuration: root_path  :   /ihome/pbrusilosky/rum20/y_classify
01/04/2018 17:31:30 [INFO] configuration: task_name  :   utterance_type
01/04/2018 17:31:30 [INFO] configuration: timemark  :   20180104-173130
01/04/2018 17:31:30 [INFO] configuration: context_set  :   next
01/04/2018 17:31:30 [INFO] configuration: utterance_names  :   ['last_user_utterance', 'last_system_utterance', 'current_user_utterance', 'next_system_utterance', 'next_user_utterance']
01/04/2018 17:31:30 [INFO] configuration: utterance_range  :   ['current_user_utterance', 'next_system_utterance', 'next_user_utterance']
01/04/2018 17:31:30 [INFO] configuration: feature_set  :   13-[8+1.3.4]
01/04/2018 17:31:30 [INFO] configuration: feature_set_number  :   ['1', '2', '3', '5', '6', '7', '11']
01/04/2018 17:31:30 [INFO] configuration: experiment_name  :   20180104-173130.discrete_feature_selection.feature_number=8.context=next.feature=13-[8+1.3.4].similarity=true
01/04/2018 17:31:30 [INFO] configuration: experiment_path  :   /ihome/pbrusilosky/rum20/y_classify/output/20180104-173130.discrete_feature_selection.feature_number=8.context=next.feature=13-[8+1.3.4].similarity=true
01/04/2018 17:31:30 [INFO] configuration: log_path  :   /ihome/pbrusilosky/rum20/y_classify/output/20180104-173130.discrete_feature_selection.feature_number=8.context=next.feature=13-[8+1.3.4].similarity=true/output.log
01/04/2018 17:31:30 [INFO] configuration: valid_type  :   {'C', 'R', 'F', 'A'}
01/04/2018 17:31:30 [INFO] configuration: data_name  :   
01/04/2018 17:31:30 [INFO] configuration: data_names  :   ['dstc2', 'dstc3', 'family', 'ghome']
01/04/2018 17:31:30 [INFO] configuration: raw_feature_path  :   /ihome/pbrusilosky/rum20/y_classify/dataset/feature/%s.raw_feature.pkl
01/04/2018 17:31:30 [INFO] configuration: extracted_feature_path  :   /ihome/pbrusilosky/rum20/y_classify/dataset/feature/%s.extracted_feature.pkl
01/04/2018 17:31:30 [INFO] configuration: pipeline_path  :   /ihome/pbrusilosky/rum20/y_classify/dataset/feature/%s.pipeline.pkl
01/04/2018 17:31:30 [INFO] configuration: metrics  :   ['accuracy', 'precision', 'recall', 'f1_score', 'training_time', 'test_time']
01/04/2018 17:31:30 [INFO] configuration: do_cross_validation  :   True
01/04/2018 17:31:30 [INFO] configuration: #division  :   5
01/04/2018 17:31:30 [INFO] configuration: #cross_validation  :   10
01/04/2018 17:31:30 [INFO] configuration: cv_index_cache_path  :   
01/04/2018 17:31:30 [INFO] configuration: action_words  :   {'shuffle', 'add', 'any', 'centre', 'post', 'volum', 'temperatur', 'room', 'expensive', 'shuffl', 'time', 'start', 'temperature', 'music', 'watch', 'member', 'play', 'light', 'centr', 'song', 'tell', 'share', 'else', 'cheap', 'address', 'els', 'number', 'stop', 'cast', 'reminders', 'help', 'discard', 'findcare', 'remov', 'telephon', 'show', 'delet', 'list', 'reminds', 'clear', 'expens', 'timer', 'part', 'snooze', 'reminder', 'item', 'matter', 'snooz', 'video', 'area', 'items', 'south', 'remind', 'delete', 'volume', 'weather', 'skip', 'next', 'ani', 'moder', 'price', 'telephone', 'moderate', 'remove', 'turn', 'findcar', 'north', 'alarm', 'food', 'phone'}
01/04/2018 17:31:30 [INFO] configuration: corenlp_jars  :   ('/Users/memray/Project/stanford/stanford-corenlp-full-3.8.0/*', '/Users/memray/Project/stanford/stanford-corenlp-full-3.8.0/stanford-english-kbp-corenlp-2017-06-09-models.jar')
01/04/2018 17:31:30 [INFO] configuration: lda_topic_number  :   50
01/04/2018 17:31:30 [INFO] configuration: lda_path  :   /ihome/pbrusilosky/rum20/y_classify/dataset/feature/gensim/%s.topic=50.lda.pkl
01/04/2018 17:31:30 [INFO] configuration: gensim_corpus_path  :   /ihome/pbrusilosky/rum20/y_classify/dataset/feature/gensim/%s.corpus.pkl
01/04/2018 17:31:30 [INFO] configuration: gensim_dict_path  :   /ihome/pbrusilosky/rum20/y_classify/dataset/feature/gensim/%s.dict
01/04/2018 17:31:30 [INFO] configuration: w2v_path  :   /home/memray/Data/glove/GoogleNews-vectors-negative300.bin
01/04/2018 17:31:30 [INFO] configuration: w2v_vector_length  :   300
01/04/2018 17:31:30 [INFO] configuration: d2v_vector_length  :   300
01/04/2018 17:31:30 [INFO] configuration: d2v_window_size  :   5
01/04/2018 17:31:30 [INFO] configuration: d2v_min_count  :   2
01/04/2018 17:31:30 [INFO] configuration: d2v_model_path  :   /ihome/pbrusilosky/rum20/y_classify/dataset/feature/gensim/%s.doc2vec.dim=300.window=5.min_count=2.model
01/04/2018 17:31:30 [INFO] configuration: d2v_vector_path  :   /ihome/pbrusilosky/rum20/y_classify/dataset/feature/gensim/%s.doc2vec.dim=300.window=5.min_count=2.vector
01/04/2018 17:31:30 [INFO] configuration: num_word_keep  :   {'dstc2': 300, 'dstc3': 300, 'family': 1000, 'ghome': 1000}
01/04/2018 17:31:30 [INFO] configuration: batch_size  :   128
01/04/2018 17:31:30 [INFO] configuration: max_epoch  :   50
01/04/2018 17:31:30 [INFO] configuration: early_stop_tolerance  :   2
01/04/2018 17:31:30 [INFO] configuration: concat_sents  :   False
01/04/2018 17:31:30 [INFO] configuration: cnn_setting  :   {'model': 'multichannel', 'early_stopping': True, 'word_dim': 300, 'filters': [3, 4, 5], 'filter_num': [100, 100, 100], 'class_size': 4, 'batch_size': 128, 'learning_rate': 0.001, 'norm_limit': 10, 'dropout_prob': 0.0, 'sentence_num': 3}
01/04/2018 17:31:30 [INFO] configuration: skipthought_setting  :   {'skipthought_model_path': '/Users/memray/Data/skip-thought', 'skipthought_data_path': '/ihome/pbrusilosky/rum20/y_classify/dataset/feature/gensim/%s.skip-thought.biskip.vector', 'fixed_emb': True, 'sentence_num': 3, 'hidden_size': 2400, 'class_size': 4, 'learning_rate': 0.0001, 'norm_limit': 3, 'dropout_prob': 0.5}
01/04/2018 17:31:30 [INFO] configuration: lstm_setting  :   {'model': 'non-static', 'hidden_size': 32, 'embedding_size': 300, 'num_layers': 1, 'bidirectional': False, 'learning_rate': 0.001, 'class_size': 4, 'norm_limit': 2, 'clip_grad_norm': 2, 'dropout_prob': 0.1}
01/04/2018 17:31:35 [INFO] exp_shallowmodel: %%%%%%%%%%%%%%%%%%%%%%%%%%%%%%%%%%%%%%%%%%%%%%%%%%
01/04/2018 17:31:35 [INFO] exp_shallowmodel:           dataset=dstc2
01/04/2018 17:31:35 [INFO] exp_shallowmodel:           k_feature_to_keep=8
01/04/2018 17:31:35 [INFO] exp_shallowmodel:           X_new.shape=(5725, 7467)
01/04/2018 17:31:35 [INFO] exp_shallowmodel:           #(X_selected)=256
01/04/2018 17:31:35 [INFO] exp_shallowmodel:           #(X_not_selectable)=7211
01/04/2018 17:31:35 [INFO] exp_shallowmodel: %%%%%%%%%%%%%%%%%%%%%%%%%%%%%%%%%%%%%%%%%%%%%%%%%%
01/04/2018 17:31:36 [INFO] exp_shallowmodel: ******************** dstc2 - Round 0 
01/04/2018 17:31:36 [INFO] exp_shallowmodel: #(data) = 4583
01/04/2018 17:31:36 [INFO] exp_shallowmodel: #(feature) = 7467
01/04/2018 17:31:36 [INFO] exp_shallowmodel: ================================================================================
01/04/2018 17:31:36 [INFO] exp_shallowmodel: LR.pen=l1.C=1.000000
01/04/2018 17:31:36 [INFO] exp_shallowmodel: ________________________________________________________________________________
01/04/2018 17:31:36 [INFO] exp_shallowmodel: Training: 
01/04/2018 17:31:36 [INFO] exp_shallowmodel: LogisticRegression(C=1, class_weight=None, dual=False, fit_intercept=True,
          intercept_scaling=1, max_iter=100, multi_class='ovr', n_jobs=1,
          penalty='l1', random_state=None, solver='liblinear', tol=0.0001,
          verbose=0, warm_start=False)
01/04/2018 17:32:07 [INFO] exp_shallowmodel: train time: 30.580s
01/04/2018 17:32:07 [INFO] exp_shallowmodel: test time:  0.007s
01/04/2018 17:32:07 [INFO] exp_shallowmodel: accuracy:   0.834
01/04/2018 17:32:07 [INFO] exp_shallowmodel: f1_score:   0.737
01/04/2018 17:32:07 [INFO] exp_shallowmodel: classification report:
01/04/2018 17:32:07 [INFO] exp_shallowmodel:              precision    recall  f1-score   support

          A       0.60      0.43      0.50        14
          C       0.78      0.81      0.79       164
          F       0.92      0.92      0.92       268
          R       0.75      0.73      0.74       125

avg / total       0.83      0.83      0.83       571

01/04/2018 17:32:07 [INFO] exp_shallowmodel: confusion matrix:
01/04/2018 17:32:07 [INFO] exp_shallowmodel: 
[[  6   2   6   0]
 [  0 133   9  22]
 [  3  10 246   9]
 [  1  26   7  91]]
01/04/2018 17:32:08 [INFO] exp_shallowmodel: ******************** dstc2 - Round 1 
01/04/2018 17:32:08 [INFO] exp_shallowmodel: #(data) = 4583
01/04/2018 17:32:08 [INFO] exp_shallowmodel: #(feature) = 7467
01/04/2018 17:32:08 [INFO] exp_shallowmodel: ================================================================================
01/04/2018 17:32:08 [INFO] exp_shallowmodel: LR.pen=l1.C=1.000000
01/04/2018 17:32:08 [INFO] exp_shallowmodel: ________________________________________________________________________________
01/04/2018 17:32:08 [INFO] exp_shallowmodel: Training: 
01/04/2018 17:32:08 [INFO] exp_shallowmodel: LogisticRegression(C=1, class_weight=None, dual=False, fit_intercept=True,
          intercept_scaling=1, max_iter=100, multi_class='ovr', n_jobs=1,
          penalty='l1', random_state=None, solver='liblinear', tol=0.0001,
          verbose=0, warm_start=False)
01/04/2018 17:32:37 [INFO] exp_shallowmodel: train time: 29.139s
01/04/2018 17:32:37 [INFO] exp_shallowmodel: test time:  0.007s
01/04/2018 17:32:37 [INFO] exp_shallowmodel: accuracy:   0.802
01/04/2018 17:32:37 [INFO] exp_shallowmodel: f1_score:   0.682
01/04/2018 17:32:37 [INFO] exp_shallowmodel: classification report:
01/04/2018 17:32:37 [INFO] exp_shallowmodel:              precision    recall  f1-score   support

          A       0.57      0.29      0.38        14
          C       0.75      0.71      0.73       164
          F       0.89      0.92      0.90       268
          R       0.70      0.73      0.71       125

avg / total       0.80      0.80      0.80       571

01/04/2018 17:32:37 [INFO] exp_shallowmodel: confusion matrix:
01/04/2018 17:32:37 [INFO] exp_shallowmodel: 
[[  4   3   6   1]
 [  1 117  18  28]
 [  1  11 246  10]
 [  1  26   7  91]]
01/04/2018 17:32:38 [INFO] exp_shallowmodel: Feature selection of top 100, ranked by LR weights (selectable:non-selectable=9:91)
01/04/2018 17:32:43 [INFO] exp_shallowmodel: %%%%%%%%%%%%%%%%%%%%%%%%%%%%%%%%%%%%%%%%%%%%%%%%%%
01/04/2018 17:32:43 [INFO] exp_shallowmodel:           dataset=dstc3
01/04/2018 17:32:43 [INFO] exp_shallowmodel:           k_feature_to_keep=8
01/04/2018 17:32:43 [INFO] exp_shallowmodel:           X_new.shape=(5934, 7467)
01/04/2018 17:32:43 [INFO] exp_shallowmodel:           #(X_selected)=256
01/04/2018 17:32:43 [INFO] exp_shallowmodel:           #(X_not_selectable)=7211
01/04/2018 17:32:43 [INFO] exp_shallowmodel: %%%%%%%%%%%%%%%%%%%%%%%%%%%%%%%%%%%%%%%%%%%%%%%%%%
01/04/2018 17:32:44 [INFO] exp_shallowmodel: ******************** dstc3 - Round 0 
01/04/2018 17:32:44 [INFO] exp_shallowmodel: #(data) = 4750
01/04/2018 17:32:44 [INFO] exp_shallowmodel: #(feature) = 7467
01/04/2018 17:32:44 [INFO] exp_shallowmodel: ================================================================================
01/04/2018 17:32:44 [INFO] exp_shallowmodel: LR.pen=l1.C=1.000000
01/04/2018 17:32:44 [INFO] exp_shallowmodel: ________________________________________________________________________________
01/04/2018 17:32:44 [INFO] exp_shallowmodel: Training: 
01/04/2018 17:32:44 [INFO] exp_shallowmodel: LogisticRegression(C=1, class_weight=None, dual=False, fit_intercept=True,
          intercept_scaling=1, max_iter=100, multi_class='ovr', n_jobs=1,
          penalty='l1', random_state=None, solver='liblinear', tol=0.0001,
          verbose=0, warm_start=False)
01/04/2018 17:33:20 [INFO] exp_shallowmodel: train time: 35.994s
01/04/2018 17:33:20 [INFO] exp_shallowmodel: test time:  0.007s
01/04/2018 17:33:20 [INFO] exp_shallowmodel: accuracy:   0.791
01/04/2018 17:33:20 [INFO] exp_shallowmodel: f1_score:   0.714
01/04/2018 17:33:20 [INFO] exp_shallowmodel: classification report:
01/04/2018 17:33:20 [INFO] exp_shallowmodel:              precision    recall  f1-score   support

          A       0.60      0.60      0.60        20
          C       0.74      0.78      0.76       169
          F       0.91      0.91      0.91       281
          R       0.62      0.57      0.59       122

avg / total       0.79      0.79      0.79       592

01/04/2018 17:33:20 [INFO] exp_shallowmodel: confusion matrix:
01/04/2018 17:33:20 [INFO] exp_shallowmodel: 
[[ 12   1   5   2]
 [  3 131   8  27]
 [  4   7 256  14]
 [  1  39  13  69]]
01/04/2018 17:33:22 [INFO] exp_shallowmodel: ******************** dstc3 - Round 1 
01/04/2018 17:33:22 [INFO] exp_shallowmodel: #(data) = 4750
01/04/2018 17:33:22 [INFO] exp_shallowmodel: #(feature) = 7467
01/04/2018 17:33:22 [INFO] exp_shallowmodel: ================================================================================
01/04/2018 17:33:22 [INFO] exp_shallowmodel: LR.pen=l1.C=1.000000
01/04/2018 17:33:22 [INFO] exp_shallowmodel: ________________________________________________________________________________
01/04/2018 17:33:22 [INFO] exp_shallowmodel: Training: 
01/04/2018 17:33:22 [INFO] exp_shallowmodel: LogisticRegression(C=1, class_weight=None, dual=False, fit_intercept=True,
          intercept_scaling=1, max_iter=100, multi_class='ovr', n_jobs=1,
          penalty='l1', random_state=None, solver='liblinear', tol=0.0001,
          verbose=0, warm_start=False)
01/04/2018 17:33:57 [INFO] exp_shallowmodel: train time: 35.180s
01/04/2018 17:33:57 [INFO] exp_shallowmodel: test time:  0.007s
01/04/2018 17:33:57 [INFO] exp_shallowmodel: accuracy:   0.791
01/04/2018 17:33:57 [INFO] exp_shallowmodel: f1_score:   0.680
01/04/2018 17:33:57 [INFO] exp_shallowmodel: classification report:
01/04/2018 17:33:57 [INFO] exp_shallowmodel:              precision    recall  f1-score   support

          A       0.45      0.45      0.45        20
          C       0.77      0.78      0.77       169
          F       0.90      0.92      0.91       281
          R       0.61      0.57      0.59       122

avg / total       0.79      0.79      0.79       592

01/04/2018 17:33:57 [INFO] exp_shallowmodel: confusion matrix:
01/04/2018 17:33:57 [INFO] exp_shallowmodel: 
[[  9   1   5   5]
 [  3 131   9  26]
 [  4   5 259  13]
 [  4  34  15  69]]
01/04/2018 17:33:57 [INFO] exp_shallowmodel: Feature selection of top 100, ranked by LR weights (selectable:non-selectable=15:85)
01/04/2018 17:34:05 [INFO] exp_shallowmodel: %%%%%%%%%%%%%%%%%%%%%%%%%%%%%%%%%%%%%%%%%%%%%%%%%%
01/04/2018 17:34:05 [INFO] exp_shallowmodel:           dataset=family
01/04/2018 17:34:05 [INFO] exp_shallowmodel:           k_feature_to_keep=8
01/04/2018 17:34:05 [INFO] exp_shallowmodel:           X_new.shape=(3530, 7469)
01/04/2018 17:34:05 [INFO] exp_shallowmodel:           #(X_selected)=256
01/04/2018 17:34:05 [INFO] exp_shallowmodel:           #(X_not_selectable)=7213
01/04/2018 17:34:05 [INFO] exp_shallowmodel: %%%%%%%%%%%%%%%%%%%%%%%%%%%%%%%%%%%%%%%%%%%%%%%%%%
01/04/2018 17:34:06 [INFO] exp_shallowmodel: ******************** family - Round 0 
01/04/2018 17:34:06 [INFO] exp_shallowmodel: #(data) = 2826
01/04/2018 17:34:06 [INFO] exp_shallowmodel: #(feature) = 7469
01/04/2018 17:34:06 [INFO] exp_shallowmodel: ================================================================================
01/04/2018 17:34:06 [INFO] exp_shallowmodel: LR.pen=l1.C=1.000000
01/04/2018 17:34:06 [INFO] exp_shallowmodel: ________________________________________________________________________________
01/04/2018 17:34:06 [INFO] exp_shallowmodel: Training: 
01/04/2018 17:34:06 [INFO] exp_shallowmodel: LogisticRegression(C=1, class_weight=None, dual=False, fit_intercept=True,
          intercept_scaling=1, max_iter=100, multi_class='ovr', n_jobs=1,
          penalty='l1', random_state=None, solver='liblinear', tol=0.0001,
          verbose=0, warm_start=False)
01/04/2018 17:34:18 [INFO] exp_shallowmodel: train time: 12.199s
01/04/2018 17:34:18 [INFO] exp_shallowmodel: test time:  0.004s
01/04/2018 17:34:18 [INFO] exp_shallowmodel: accuracy:   0.878
01/04/2018 17:34:18 [INFO] exp_shallowmodel: f1_score:   0.712
01/04/2018 17:34:18 [INFO] exp_shallowmodel: classification report:
01/04/2018 17:34:18 [INFO] exp_shallowmodel:              precision    recall  f1-score   support

          A       0.55      0.52      0.53        23
          C       0.68      0.63      0.65        27
          F       0.95      0.98      0.97       250
          R       0.74      0.65      0.69        52

avg / total       0.87      0.88      0.87       352

01/04/2018 17:34:18 [INFO] exp_shallowmodel: confusion matrix:
01/04/2018 17:34:18 [INFO] exp_shallowmodel: 
[[ 12   1   6   4]
 [  5  17   0   5]
 [  0   1 246   3]
 [  5   6   7  34]]
01/04/2018 17:34:19 [INFO] exp_shallowmodel: ******************** family - Round 1 
01/04/2018 17:34:19 [INFO] exp_shallowmodel: #(data) = 2826
01/04/2018 17:34:19 [INFO] exp_shallowmodel: #(feature) = 7469
01/04/2018 17:34:19 [INFO] exp_shallowmodel: ================================================================================
01/04/2018 17:34:19 [INFO] exp_shallowmodel: LR.pen=l1.C=1.000000
01/04/2018 17:34:19 [INFO] exp_shallowmodel: ________________________________________________________________________________
01/04/2018 17:34:19 [INFO] exp_shallowmodel: Training: 
01/04/2018 17:34:19 [INFO] exp_shallowmodel: LogisticRegression(C=1, class_weight=None, dual=False, fit_intercept=True,
          intercept_scaling=1, max_iter=100, multi_class='ovr', n_jobs=1,
          penalty='l1', random_state=None, solver='liblinear', tol=0.0001,
          verbose=0, warm_start=False)
01/04/2018 17:34:32 [INFO] exp_shallowmodel: train time: 12.673s
01/04/2018 17:34:32 [INFO] exp_shallowmodel: test time:  0.004s
01/04/2018 17:34:32 [INFO] exp_shallowmodel: accuracy:   0.889
01/04/2018 17:34:32 [INFO] exp_shallowmodel: f1_score:   0.754
01/04/2018 17:34:32 [INFO] exp_shallowmodel: classification report:
01/04/2018 17:34:32 [INFO] exp_shallowmodel:              precision    recall  f1-score   support

          A       0.56      0.43      0.49        23
          C       0.83      0.74      0.78        27
          F       0.94      0.96      0.95       250
          R       0.78      0.81      0.79        52

avg / total       0.88      0.89      0.89       352

01/04/2018 17:34:32 [INFO] exp_shallowmodel: confusion matrix:
01/04/2018 17:34:32 [INFO] exp_shallowmodel: 
[[ 10   2   8   3]
 [  3  20   0   4]
 [  4   0 241   5]
 [  1   2   7  42]]
01/04/2018 17:34:32 [INFO] exp_shallowmodel: Feature selection of top 100, ranked by LR weights (selectable:non-selectable=50:50)
01/04/2018 17:34:42 [INFO] exp_shallowmodel: %%%%%%%%%%%%%%%%%%%%%%%%%%%%%%%%%%%%%%%%%%%%%%%%%%
01/04/2018 17:34:42 [INFO] exp_shallowmodel:           dataset=ghome
01/04/2018 17:34:42 [INFO] exp_shallowmodel:           k_feature_to_keep=8
01/04/2018 17:34:42 [INFO] exp_shallowmodel:           X_new.shape=(5241, 7468)
01/04/2018 17:34:42 [INFO] exp_shallowmodel:           #(X_selected)=256
01/04/2018 17:34:42 [INFO] exp_shallowmodel:           #(X_not_selectable)=7212
01/04/2018 17:34:42 [INFO] exp_shallowmodel: %%%%%%%%%%%%%%%%%%%%%%%%%%%%%%%%%%%%%%%%%%%%%%%%%%
01/04/2018 17:34:43 [INFO] exp_shallowmodel: ******************** ghome - Round 0 
01/04/2018 17:34:43 [INFO] exp_shallowmodel: #(data) = 4197
01/04/2018 17:34:43 [INFO] exp_shallowmodel: #(feature) = 7468
01/04/2018 17:34:43 [INFO] exp_shallowmodel: ================================================================================
01/04/2018 17:34:43 [INFO] exp_shallowmodel: LR.pen=l1.C=1.000000
01/04/2018 17:34:43 [INFO] exp_shallowmodel: ________________________________________________________________________________
01/04/2018 17:34:43 [INFO] exp_shallowmodel: Training: 
01/04/2018 17:34:43 [INFO] exp_shallowmodel: LogisticRegression(C=1, class_weight=None, dual=False, fit_intercept=True,
          intercept_scaling=1, max_iter=100, multi_class='ovr', n_jobs=1,
          penalty='l1', random_state=None, solver='liblinear', tol=0.0001,
          verbose=0, warm_start=False)
01/04/2018 17:35:03 [INFO] exp_shallowmodel: train time: 20.239s
01/04/2018 17:35:03 [INFO] exp_shallowmodel: test time:  0.006s
01/04/2018 17:35:03 [INFO] exp_shallowmodel: accuracy:   0.864
01/04/2018 17:35:03 [INFO] exp_shallowmodel: f1_score:   0.588
01/04/2018 17:35:03 [INFO] exp_shallowmodel: classification report:
01/04/2018 17:35:03 [INFO] exp_shallowmodel:              precision    recall  f1-score   support

          A       0.61      0.53      0.56        59
          C       0.29      0.17      0.21        12
          F       0.94      0.97      0.95       396
          R       0.63      0.62      0.62        55

avg / total       0.85      0.86      0.86       522

01/04/2018 17:35:03 [INFO] exp_shallowmodel: confusion matrix:
01/04/2018 17:35:03 [INFO] exp_shallowmodel: 
[[ 31   0  13  15]
 [  2   2   7   1]
 [  6   2 384   4]
 [ 12   3   6  34]]
01/04/2018 17:35:05 [INFO] exp_shallowmodel: ******************** ghome - Round 1 
01/04/2018 17:35:05 [INFO] exp_shallowmodel: #(data) = 4197
01/04/2018 17:35:05 [INFO] exp_shallowmodel: #(feature) = 7468
01/04/2018 17:35:05 [INFO] exp_shallowmodel: ================================================================================
01/04/2018 17:35:05 [INFO] exp_shallowmodel: LR.pen=l1.C=1.000000
01/04/2018 17:35:05 [INFO] exp_shallowmodel: ________________________________________________________________________________
01/04/2018 17:35:05 [INFO] exp_shallowmodel: Training: 
01/04/2018 17:35:05 [INFO] exp_shallowmodel: LogisticRegression(C=1, class_weight=None, dual=False, fit_intercept=True,
          intercept_scaling=1, max_iter=100, multi_class='ovr', n_jobs=1,
          penalty='l1', random_state=None, solver='liblinear', tol=0.0001,
          verbose=0, warm_start=False)
01/04/2018 17:35:25 [INFO] exp_shallowmodel: train time: 20.325s
01/04/2018 17:35:25 [INFO] exp_shallowmodel: test time:  0.006s
01/04/2018 17:35:25 [INFO] exp_shallowmodel: accuracy:   0.875
01/04/2018 17:35:25 [INFO] exp_shallowmodel: f1_score:   0.622
01/04/2018 17:35:25 [INFO] exp_shallowmodel: classification report:
01/04/2018 17:35:25 [INFO] exp_shallowmodel:              precision    recall  f1-score   support

          A       0.67      0.66      0.67        59
          C       0.33      0.17      0.22        12
          F       0.95      0.96      0.95       396
          R       0.64      0.65      0.65        55

avg / total       0.87      0.88      0.87       522

01/04/2018 17:35:25 [INFO] exp_shallowmodel: confusion matrix:
01/04/2018 17:35:25 [INFO] exp_shallowmodel: 
[[ 39   1   8  11]
 [  3   2   5   2]
 [  7   2 380   7]
 [  9   1   9  36]]
01/04/2018 17:35:26 [INFO] exp_shallowmodel: Feature selection of top 100, ranked by LR weights (selectable:non-selectable=22:78)
Done: 20180104-173526
