/ihome/pbrusilosky/rum20/packages/anaconda3/bin/python -m dialogue.classify.task_runner -experiment_mode discrete_feature_selection -selected_feature_set_id 13 -add_similarity_feature -selected_context_id 0 -k_feature_to_keep -1
No. of param settings = 1
[('experiment_mode', 'discrete_feature_selection'), ('deep_model', False), ('selected_context_id', 0), ('selected_feature_set_id', 13), ('similarity_feature', True), ('k_feature_to_keep', -1)]
01/04/2018 17:31:29 [INFO] configuration: experiment_mode  :   discrete_feature_selection
01/04/2018 17:31:29 [INFO] configuration: deep_model  :   False
01/04/2018 17:31:29 [INFO] configuration: selected_context_id  :   0
01/04/2018 17:31:29 [INFO] configuration: selected_feature_set_id  :   13
01/04/2018 17:31:29 [INFO] configuration: similarity_feature  :   True
01/04/2018 17:31:29 [INFO] configuration: k_feature_to_keep  :   -1
01/04/2018 17:31:29 [INFO] configuration: seed  :   154316847
01/04/2018 17:31:29 [INFO] configuration: root_path  :   /ihome/pbrusilosky/rum20/y_classify
01/04/2018 17:31:29 [INFO] configuration: task_name  :   utterance_type
01/04/2018 17:31:29 [INFO] configuration: timemark  :   20180104-173129
01/04/2018 17:31:29 [INFO] configuration: context_set  :   next
01/04/2018 17:31:29 [INFO] configuration: utterance_names  :   ['last_user_utterance', 'last_system_utterance', 'current_user_utterance', 'next_system_utterance', 'next_user_utterance']
01/04/2018 17:31:29 [INFO] configuration: utterance_range  :   ['current_user_utterance', 'next_system_utterance', 'next_user_utterance']
01/04/2018 17:31:29 [INFO] configuration: feature_set  :   13-[8+1.3.4]
01/04/2018 17:31:29 [INFO] configuration: feature_set_number  :   ['1', '2', '3', '5', '6', '7', '11']
01/04/2018 17:31:29 [INFO] configuration: experiment_name  :   20180104-173129.discrete_feature_selection.feature_number=-1.context=next.feature=13-[8+1.3.4].similarity=true
01/04/2018 17:31:29 [INFO] configuration: experiment_path  :   /ihome/pbrusilosky/rum20/y_classify/output/20180104-173129.discrete_feature_selection.feature_number=-1.context=next.feature=13-[8+1.3.4].similarity=true
01/04/2018 17:31:29 [INFO] configuration: log_path  :   /ihome/pbrusilosky/rum20/y_classify/output/20180104-173129.discrete_feature_selection.feature_number=-1.context=next.feature=13-[8+1.3.4].similarity=true/output.log
01/04/2018 17:31:29 [INFO] configuration: valid_type  :   {'C', 'F', 'A', 'R'}
01/04/2018 17:31:29 [INFO] configuration: data_name  :   
01/04/2018 17:31:29 [INFO] configuration: data_names  :   ['dstc2', 'dstc3', 'family', 'ghome']
01/04/2018 17:31:29 [INFO] configuration: raw_feature_path  :   /ihome/pbrusilosky/rum20/y_classify/dataset/feature/%s.raw_feature.pkl
01/04/2018 17:31:29 [INFO] configuration: extracted_feature_path  :   /ihome/pbrusilosky/rum20/y_classify/dataset/feature/%s.extracted_feature.pkl
01/04/2018 17:31:29 [INFO] configuration: pipeline_path  :   /ihome/pbrusilosky/rum20/y_classify/dataset/feature/%s.pipeline.pkl
01/04/2018 17:31:29 [INFO] configuration: metrics  :   ['accuracy', 'precision', 'recall', 'f1_score', 'training_time', 'test_time']
01/04/2018 17:31:29 [INFO] configuration: do_cross_validation  :   True
01/04/2018 17:31:29 [INFO] configuration: #division  :   5
01/04/2018 17:31:29 [INFO] configuration: #cross_validation  :   10
01/04/2018 17:31:29 [INFO] configuration: cv_index_cache_path  :   
01/04/2018 17:31:29 [INFO] configuration: action_words  :   {'delete', 'member', 'cast', 'phone', 'song', 'expens', 'part', 'time', 'clear', 'temperature', 'shuffl', 'expensive', 'turn', 'discard', 'play', 'next', 'shuffle', 'stop', 'findcare', 'area', 'list', 'post', 'els', 'snooz', 'volum', 'reminders', 'ani', 'cheap', 'price', 'reminder', 'remove', 'alarm', 'matter', 'add', 'room', 'share', 'moderate', 'delet', 'temperatur', 'findcar', 'remind', 'video', 'show', 'help', 'tell', 'north', 'number', 'skip', 'moder', 'south', 'reminds', 'any', 'items', 'weather', 'telephon', 'food', 'watch', 'light', 'snooze', 'timer', 'music', 'centre', 'volume', 'centr', 'telephone', 'remov', 'address', 'else', 'item', 'start'}
01/04/2018 17:31:29 [INFO] configuration: corenlp_jars  :   ('/Users/memray/Project/stanford/stanford-corenlp-full-3.8.0/*', '/Users/memray/Project/stanford/stanford-corenlp-full-3.8.0/stanford-english-kbp-corenlp-2017-06-09-models.jar')
01/04/2018 17:31:29 [INFO] configuration: lda_topic_number  :   50
01/04/2018 17:31:29 [INFO] configuration: lda_path  :   /ihome/pbrusilosky/rum20/y_classify/dataset/feature/gensim/%s.topic=50.lda.pkl
01/04/2018 17:31:29 [INFO] configuration: gensim_corpus_path  :   /ihome/pbrusilosky/rum20/y_classify/dataset/feature/gensim/%s.corpus.pkl
01/04/2018 17:31:29 [INFO] configuration: gensim_dict_path  :   /ihome/pbrusilosky/rum20/y_classify/dataset/feature/gensim/%s.dict
01/04/2018 17:31:29 [INFO] configuration: w2v_path  :   /home/memray/Data/glove/GoogleNews-vectors-negative300.bin
01/04/2018 17:31:29 [INFO] configuration: w2v_vector_length  :   300
01/04/2018 17:31:29 [INFO] configuration: d2v_vector_length  :   300
01/04/2018 17:31:29 [INFO] configuration: d2v_window_size  :   5
01/04/2018 17:31:29 [INFO] configuration: d2v_min_count  :   2
01/04/2018 17:31:29 [INFO] configuration: d2v_model_path  :   /ihome/pbrusilosky/rum20/y_classify/dataset/feature/gensim/%s.doc2vec.dim=300.window=5.min_count=2.model
01/04/2018 17:31:29 [INFO] configuration: d2v_vector_path  :   /ihome/pbrusilosky/rum20/y_classify/dataset/feature/gensim/%s.doc2vec.dim=300.window=5.min_count=2.vector
01/04/2018 17:31:29 [INFO] configuration: num_word_keep  :   {'dstc2': 300, 'dstc3': 300, 'family': 1000, 'ghome': 1000}
01/04/2018 17:31:29 [INFO] configuration: batch_size  :   128
01/04/2018 17:31:29 [INFO] configuration: max_epoch  :   50
01/04/2018 17:31:29 [INFO] configuration: early_stop_tolerance  :   2
01/04/2018 17:31:29 [INFO] configuration: concat_sents  :   False
01/04/2018 17:31:29 [INFO] configuration: cnn_setting  :   {'model': 'multichannel', 'early_stopping': True, 'word_dim': 300, 'filters': [3, 4, 5], 'filter_num': [100, 100, 100], 'class_size': 4, 'batch_size': 128, 'learning_rate': 0.001, 'norm_limit': 10, 'dropout_prob': 0.0, 'sentence_num': 3}
01/04/2018 17:31:29 [INFO] configuration: skipthought_setting  :   {'skipthought_model_path': '/Users/memray/Data/skip-thought', 'skipthought_data_path': '/ihome/pbrusilosky/rum20/y_classify/dataset/feature/gensim/%s.skip-thought.biskip.vector', 'fixed_emb': True, 'sentence_num': 3, 'hidden_size': 2400, 'class_size': 4, 'learning_rate': 0.0001, 'norm_limit': 3, 'dropout_prob': 0.5}
01/04/2018 17:31:29 [INFO] configuration: lstm_setting  :   {'model': 'non-static', 'hidden_size': 32, 'embedding_size': 300, 'num_layers': 1, 'bidirectional': False, 'learning_rate': 0.001, 'class_size': 4, 'norm_limit': 2, 'clip_grad_norm': 2, 'dropout_prob': 0.1}
01/04/2018 17:31:33 [INFO] exp_shallowmodel: %%%%%%%%%%%%%%%%%%%%%%%%%%%%%%%%%%%%%%%%%%%%%%%%%%
01/04/2018 17:31:33 [INFO] exp_shallowmodel:           dataset=dstc2
01/04/2018 17:31:33 [INFO] exp_shallowmodel:           k_feature_to_keep=-1
01/04/2018 17:31:33 [INFO] exp_shallowmodel:           X_new.shape=(5725, 10601)
01/04/2018 17:31:33 [INFO] exp_shallowmodel:           #(X_selected)=3390
01/04/2018 17:31:33 [INFO] exp_shallowmodel:           #(X_not_selectable)=7211
01/04/2018 17:31:33 [INFO] exp_shallowmodel: %%%%%%%%%%%%%%%%%%%%%%%%%%%%%%%%%%%%%%%%%%%%%%%%%%
01/04/2018 17:31:35 [INFO] exp_shallowmodel: ******************** dstc2 - Round 0 
01/04/2018 17:31:35 [INFO] exp_shallowmodel: #(data) = 4583
01/04/2018 17:31:35 [INFO] exp_shallowmodel: #(feature) = 10601
01/04/2018 17:31:35 [INFO] exp_shallowmodel: ================================================================================
01/04/2018 17:31:35 [INFO] exp_shallowmodel: LR.pen=l1.C=1.000000
01/04/2018 17:31:35 [INFO] exp_shallowmodel: ________________________________________________________________________________
01/04/2018 17:31:35 [INFO] exp_shallowmodel: Training: 
01/04/2018 17:31:35 [INFO] exp_shallowmodel: LogisticRegression(C=1, class_weight=None, dual=False, fit_intercept=True,
          intercept_scaling=1, max_iter=100, multi_class='ovr', n_jobs=1,
          penalty='l1', random_state=None, solver='liblinear', tol=0.0001,
          verbose=0, warm_start=False)
01/04/2018 17:32:00 [INFO] exp_shallowmodel: train time: 25.567s
01/04/2018 17:32:00 [INFO] exp_shallowmodel: test time:  0.008s
01/04/2018 17:32:01 [INFO] exp_shallowmodel: accuracy:   0.862
01/04/2018 17:32:01 [INFO] exp_shallowmodel: f1_score:   0.759
01/04/2018 17:32:01 [INFO] exp_shallowmodel: classification report:
01/04/2018 17:32:01 [INFO] exp_shallowmodel:              precision    recall  f1-score   support

          A       0.83      0.36      0.50        14
          C       0.81      0.87      0.84       164
          F       0.93      0.94      0.93       268
          R       0.79      0.74      0.77       125

avg / total       0.86      0.86      0.86       571

01/04/2018 17:32:01 [INFO] exp_shallowmodel: confusion matrix:
01/04/2018 17:32:01 [INFO] exp_shallowmodel: 
[[  5   2   6   1]
 [  0 142   6  16]
 [  1   8 252   7]
 [  0  24   8  93]]
01/04/2018 17:32:02 [INFO] exp_shallowmodel: ******************** dstc2 - Round 1 
01/04/2018 17:32:02 [INFO] exp_shallowmodel: #(data) = 4583
01/04/2018 17:32:02 [INFO] exp_shallowmodel: #(feature) = 10601
01/04/2018 17:32:02 [INFO] exp_shallowmodel: ================================================================================
01/04/2018 17:32:02 [INFO] exp_shallowmodel: LR.pen=l1.C=1.000000
01/04/2018 17:32:02 [INFO] exp_shallowmodel: ________________________________________________________________________________
01/04/2018 17:32:02 [INFO] exp_shallowmodel: Training: 
01/04/2018 17:32:02 [INFO] exp_shallowmodel: LogisticRegression(C=1, class_weight=None, dual=False, fit_intercept=True,
          intercept_scaling=1, max_iter=100, multi_class='ovr', n_jobs=1,
          penalty='l1', random_state=None, solver='liblinear', tol=0.0001,
          verbose=0, warm_start=False)
01/04/2018 17:32:28 [INFO] exp_shallowmodel: train time: 25.378s
01/04/2018 17:32:28 [INFO] exp_shallowmodel: test time:  0.008s
01/04/2018 17:32:28 [INFO] exp_shallowmodel: accuracy:   0.809
01/04/2018 17:32:28 [INFO] exp_shallowmodel: f1_score:   0.704
01/04/2018 17:32:28 [INFO] exp_shallowmodel: classification report:
01/04/2018 17:32:28 [INFO] exp_shallowmodel:              precision    recall  f1-score   support

          A       0.62      0.36      0.45        14
          C       0.75      0.71      0.73       164
          F       0.89      0.93      0.91       268
          R       0.71      0.73      0.72       125

avg / total       0.80      0.81      0.81       571

01/04/2018 17:32:28 [INFO] exp_shallowmodel: confusion matrix:
01/04/2018 17:32:28 [INFO] exp_shallowmodel: 
[[  5   2   6   1]
 [  2 116  17  29]
 [  0  11 250   7]
 [  1  25   8  91]]
01/04/2018 17:32:28 [INFO] exp_shallowmodel: Feature selection of top 100, ranked by LR weights (selectable:non-selectable=36:64)
01/04/2018 17:32:33 [INFO] exp_shallowmodel: %%%%%%%%%%%%%%%%%%%%%%%%%%%%%%%%%%%%%%%%%%%%%%%%%%
01/04/2018 17:32:33 [INFO] exp_shallowmodel:           dataset=dstc3
01/04/2018 17:32:33 [INFO] exp_shallowmodel:           k_feature_to_keep=-1
01/04/2018 17:32:33 [INFO] exp_shallowmodel:           X_new.shape=(5934, 11499)
01/04/2018 17:32:33 [INFO] exp_shallowmodel:           #(X_selected)=4288
01/04/2018 17:32:33 [INFO] exp_shallowmodel:           #(X_not_selectable)=7211
01/04/2018 17:32:33 [INFO] exp_shallowmodel: %%%%%%%%%%%%%%%%%%%%%%%%%%%%%%%%%%%%%%%%%%%%%%%%%%
01/04/2018 17:32:35 [INFO] exp_shallowmodel: ******************** dstc3 - Round 0 
01/04/2018 17:32:35 [INFO] exp_shallowmodel: #(data) = 4750
01/04/2018 17:32:35 [INFO] exp_shallowmodel: #(feature) = 11499
01/04/2018 17:32:35 [INFO] exp_shallowmodel: ================================================================================
01/04/2018 17:32:35 [INFO] exp_shallowmodel: LR.pen=l1.C=1.000000
01/04/2018 17:32:35 [INFO] exp_shallowmodel: ________________________________________________________________________________
01/04/2018 17:32:35 [INFO] exp_shallowmodel: Training: 
01/04/2018 17:32:35 [INFO] exp_shallowmodel: LogisticRegression(C=1, class_weight=None, dual=False, fit_intercept=True,
          intercept_scaling=1, max_iter=100, multi_class='ovr', n_jobs=1,
          penalty='l1', random_state=None, solver='liblinear', tol=0.0001,
          verbose=0, warm_start=False)
01/04/2018 17:33:06 [INFO] exp_shallowmodel: train time: 30.803s
01/04/2018 17:33:06 [INFO] exp_shallowmodel: test time:  0.009s
01/04/2018 17:33:06 [INFO] exp_shallowmodel: accuracy:   0.789
01/04/2018 17:33:06 [INFO] exp_shallowmodel: f1_score:   0.722
01/04/2018 17:33:06 [INFO] exp_shallowmodel: classification report:
01/04/2018 17:33:06 [INFO] exp_shallowmodel:              precision    recall  f1-score   support

          A       0.79      0.55      0.65        20
          C       0.72      0.76      0.74       169
          F       0.91      0.91      0.91       281
          R       0.60      0.58      0.59       122

avg / total       0.79      0.79      0.79       592

01/04/2018 17:33:06 [INFO] exp_shallowmodel: confusion matrix:
01/04/2018 17:33:06 [INFO] exp_shallowmodel: 
[[ 11   2   6   1]
 [  2 128   8  31]
 [  1   8 257  15]
 [  0  40  11  71]]
01/04/2018 17:33:08 [INFO] exp_shallowmodel: ******************** dstc3 - Round 1 
01/04/2018 17:33:08 [INFO] exp_shallowmodel: #(data) = 4750
01/04/2018 17:33:08 [INFO] exp_shallowmodel: #(feature) = 11499
01/04/2018 17:33:08 [INFO] exp_shallowmodel: ================================================================================
01/04/2018 17:33:08 [INFO] exp_shallowmodel: LR.pen=l1.C=1.000000
01/04/2018 17:33:08 [INFO] exp_shallowmodel: ________________________________________________________________________________
01/04/2018 17:33:08 [INFO] exp_shallowmodel: Training: 
01/04/2018 17:33:08 [INFO] exp_shallowmodel: LogisticRegression(C=1, class_weight=None, dual=False, fit_intercept=True,
          intercept_scaling=1, max_iter=100, multi_class='ovr', n_jobs=1,
          penalty='l1', random_state=None, solver='liblinear', tol=0.0001,
          verbose=0, warm_start=False)
01/04/2018 17:33:40 [INFO] exp_shallowmodel: train time: 31.801s
01/04/2018 17:33:40 [INFO] exp_shallowmodel: test time:  0.009s
01/04/2018 17:33:40 [INFO] exp_shallowmodel: accuracy:   0.782
01/04/2018 17:33:40 [INFO] exp_shallowmodel: f1_score:   0.692
01/04/2018 17:33:40 [INFO] exp_shallowmodel: classification report:
01/04/2018 17:33:40 [INFO] exp_shallowmodel:              precision    recall  f1-score   support

          A       0.56      0.50      0.53        20
          C       0.75      0.76      0.76       169
          F       0.89      0.90      0.90       281
          R       0.59      0.58      0.59       122

avg / total       0.78      0.78      0.78       592

01/04/2018 17:33:40 [INFO] exp_shallowmodel: confusion matrix:
01/04/2018 17:33:40 [INFO] exp_shallowmodel: 
[[ 10   1   5   4]
 [  2 129   9  29]
 [  3   9 253  16]
 [  3  32  16  71]]
01/04/2018 17:33:40 [INFO] exp_shallowmodel: Feature selection of top 100, ranked by LR weights (selectable:non-selectable=41:59)
01/04/2018 17:33:47 [INFO] exp_shallowmodel: %%%%%%%%%%%%%%%%%%%%%%%%%%%%%%%%%%%%%%%%%%%%%%%%%%
01/04/2018 17:33:47 [INFO] exp_shallowmodel:           dataset=family
01/04/2018 17:33:47 [INFO] exp_shallowmodel:           k_feature_to_keep=-1
01/04/2018 17:33:47 [INFO] exp_shallowmodel:           X_new.shape=(3530, 29804)
01/04/2018 17:33:47 [INFO] exp_shallowmodel:           #(X_selected)=22591
01/04/2018 17:33:47 [INFO] exp_shallowmodel:           #(X_not_selectable)=7213
01/04/2018 17:33:47 [INFO] exp_shallowmodel: %%%%%%%%%%%%%%%%%%%%%%%%%%%%%%%%%%%%%%%%%%%%%%%%%%
01/04/2018 17:33:50 [INFO] exp_shallowmodel: ******************** family - Round 0 
01/04/2018 17:33:50 [INFO] exp_shallowmodel: #(data) = 2826
01/04/2018 17:33:50 [INFO] exp_shallowmodel: #(feature) = 29804
01/04/2018 17:33:50 [INFO] exp_shallowmodel: ================================================================================
01/04/2018 17:33:50 [INFO] exp_shallowmodel: LR.pen=l1.C=1.000000
01/04/2018 17:33:50 [INFO] exp_shallowmodel: ________________________________________________________________________________
01/04/2018 17:33:50 [INFO] exp_shallowmodel: Training: 
01/04/2018 17:33:50 [INFO] exp_shallowmodel: LogisticRegression(C=1, class_weight=None, dual=False, fit_intercept=True,
          intercept_scaling=1, max_iter=100, multi_class='ovr', n_jobs=1,
          penalty='l1', random_state=None, solver='liblinear', tol=0.0001,
          verbose=0, warm_start=False)
01/04/2018 17:34:18 [INFO] exp_shallowmodel: train time: 27.102s
01/04/2018 17:34:18 [INFO] exp_shallowmodel: test time:  0.013s
01/04/2018 17:34:18 [INFO] exp_shallowmodel: accuracy:   0.869
01/04/2018 17:34:18 [INFO] exp_shallowmodel: f1_score:   0.662
01/04/2018 17:34:18 [INFO] exp_shallowmodel: classification report:
01/04/2018 17:34:18 [INFO] exp_shallowmodel:              precision    recall  f1-score   support

          A       0.50      0.26      0.34        23
          C       0.63      0.70      0.67        27
          F       0.94      0.99      0.96       250
          R       0.72      0.63      0.67        52

avg / total       0.85      0.87      0.86       352

01/04/2018 17:34:18 [INFO] exp_shallowmodel: confusion matrix:
01/04/2018 17:34:18 [INFO] exp_shallowmodel: 
[[  6   4   7   6]
 [  2  19   0   6]
 [  1   0 248   1]
 [  3   7   9  33]]
01/04/2018 17:34:21 [INFO] exp_shallowmodel: ******************** family - Round 1 
01/04/2018 17:34:21 [INFO] exp_shallowmodel: #(data) = 2826
01/04/2018 17:34:21 [INFO] exp_shallowmodel: #(feature) = 29804
01/04/2018 17:34:21 [INFO] exp_shallowmodel: ================================================================================
01/04/2018 17:34:21 [INFO] exp_shallowmodel: LR.pen=l1.C=1.000000
01/04/2018 17:34:21 [INFO] exp_shallowmodel: ________________________________________________________________________________
01/04/2018 17:34:21 [INFO] exp_shallowmodel: Training: 
01/04/2018 17:34:21 [INFO] exp_shallowmodel: LogisticRegression(C=1, class_weight=None, dual=False, fit_intercept=True,
          intercept_scaling=1, max_iter=100, multi_class='ovr', n_jobs=1,
          penalty='l1', random_state=None, solver='liblinear', tol=0.0001,
          verbose=0, warm_start=False)
01/04/2018 17:34:48 [INFO] exp_shallowmodel: train time: 27.207s
01/04/2018 17:34:48 [INFO] exp_shallowmodel: test time:  0.014s
01/04/2018 17:34:48 [INFO] exp_shallowmodel: accuracy:   0.881
01/04/2018 17:34:48 [INFO] exp_shallowmodel: f1_score:   0.721
01/04/2018 17:34:48 [INFO] exp_shallowmodel: classification report:
01/04/2018 17:34:48 [INFO] exp_shallowmodel:              precision    recall  f1-score   support

          A       0.78      0.30      0.44        23
          C       0.75      0.89      0.81        27
          F       0.92      0.99      0.95       250
          R       0.76      0.62      0.68        52

avg / total       0.87      0.88      0.87       352

01/04/2018 17:34:48 [INFO] exp_shallowmodel: confusion matrix:
01/04/2018 17:34:48 [INFO] exp_shallowmodel: 
[[  7   2   8   6]
 [  0  24   1   2]
 [  1   0 247   2]
 [  1   6  13  32]]
01/04/2018 17:34:49 [INFO] exp_shallowmodel: Feature selection of top 100, ranked by LR weights (selectable:non-selectable=80:20)
01/04/2018 17:34:58 [INFO] exp_shallowmodel: %%%%%%%%%%%%%%%%%%%%%%%%%%%%%%%%%%%%%%%%%%%%%%%%%%
01/04/2018 17:34:58 [INFO] exp_shallowmodel:           dataset=ghome
01/04/2018 17:34:58 [INFO] exp_shallowmodel:           k_feature_to_keep=-1
01/04/2018 17:34:58 [INFO] exp_shallowmodel:           X_new.shape=(5241, 30106)
01/04/2018 17:34:58 [INFO] exp_shallowmodel:           #(X_selected)=22894
01/04/2018 17:34:58 [INFO] exp_shallowmodel:           #(X_not_selectable)=7212
01/04/2018 17:34:58 [INFO] exp_shallowmodel: %%%%%%%%%%%%%%%%%%%%%%%%%%%%%%%%%%%%%%%%%%%%%%%%%%
01/04/2018 17:35:03 [INFO] exp_shallowmodel: ******************** ghome - Round 0 
01/04/2018 17:35:03 [INFO] exp_shallowmodel: #(data) = 4197
01/04/2018 17:35:03 [INFO] exp_shallowmodel: #(feature) = 30106
01/04/2018 17:35:03 [INFO] exp_shallowmodel: ================================================================================
01/04/2018 17:35:03 [INFO] exp_shallowmodel: LR.pen=l1.C=1.000000
01/04/2018 17:35:03 [INFO] exp_shallowmodel: ________________________________________________________________________________
01/04/2018 17:35:03 [INFO] exp_shallowmodel: Training: 
01/04/2018 17:35:03 [INFO] exp_shallowmodel: LogisticRegression(C=1, class_weight=None, dual=False, fit_intercept=True,
          intercept_scaling=1, max_iter=100, multi_class='ovr', n_jobs=1,
          penalty='l1', random_state=None, solver='liblinear', tol=0.0001,
          verbose=0, warm_start=False)
01/04/2018 17:35:43 [INFO] exp_shallowmodel: train time: 40.667s
01/04/2018 17:35:43 [INFO] exp_shallowmodel: test time:  0.020s
01/04/2018 17:35:43 [INFO] exp_shallowmodel: accuracy:   0.877
01/04/2018 17:35:43 [INFO] exp_shallowmodel: f1_score:   0.621
01/04/2018 17:35:43 [INFO] exp_shallowmodel: classification report:
01/04/2018 17:35:43 [INFO] exp_shallowmodel:              precision    recall  f1-score   support

          A       0.61      0.53      0.56        59
          C       0.67      0.17      0.27        12
          F       0.94      0.97      0.96       396
          R       0.68      0.71      0.70        55

avg / total       0.87      0.88      0.87       522

01/04/2018 17:35:43 [INFO] exp_shallowmodel: confusion matrix:
01/04/2018 17:35:43 [INFO] exp_shallowmodel: 
[[ 31   0  14  14]
 [  4   2   5   1]
 [  6   1 386   3]
 [ 10   0   6  39]]
01/04/2018 17:35:48 [INFO] exp_shallowmodel: ******************** ghome - Round 1 
01/04/2018 17:35:48 [INFO] exp_shallowmodel: #(data) = 4197
01/04/2018 17:35:48 [INFO] exp_shallowmodel: #(feature) = 30106
01/04/2018 17:35:48 [INFO] exp_shallowmodel: ================================================================================
01/04/2018 17:35:48 [INFO] exp_shallowmodel: LR.pen=l1.C=1.000000
01/04/2018 17:35:48 [INFO] exp_shallowmodel: ________________________________________________________________________________
01/04/2018 17:35:48 [INFO] exp_shallowmodel: Training: 
01/04/2018 17:35:48 [INFO] exp_shallowmodel: LogisticRegression(C=1, class_weight=None, dual=False, fit_intercept=True,
          intercept_scaling=1, max_iter=100, multi_class='ovr', n_jobs=1,
          penalty='l1', random_state=None, solver='liblinear', tol=0.0001,
          verbose=0, warm_start=False)
01/04/2018 17:36:29 [INFO] exp_shallowmodel: train time: 40.684s
01/04/2018 17:36:29 [INFO] exp_shallowmodel: test time:  0.019s
01/04/2018 17:36:29 [INFO] exp_shallowmodel: accuracy:   0.881
01/04/2018 17:36:29 [INFO] exp_shallowmodel: f1_score:   0.562
01/04/2018 17:36:29 [INFO] exp_shallowmodel: classification report:
01/04/2018 17:36:29 [INFO] exp_shallowmodel:              precision    recall  f1-score   support

          A       0.66      0.63      0.64        59
          C       0.00      0.00      0.00        12
          F       0.94      0.98      0.96       396
          R       0.67      0.62      0.64        55

avg / total       0.86      0.88      0.87       522

01/04/2018 17:36:29 [INFO] exp_shallowmodel: confusion matrix:
01/04/2018 17:36:29 [INFO] exp_shallowmodel: 
[[ 37   1   9  12]
 [  5   0   4   3]
 [  5   0 389   2]
 [  9   1  11  34]]
01/04/2018 17:36:30 [INFO] exp_shallowmodel: Feature selection of top 100, ranked by LR weights (selectable:non-selectable=55:45)
Done: 20180104-173630
