/ihome/pbrusilosky/rum20/packages/anaconda3/bin/python -m dialogue.classify.task_runner -experiment_mode discrete_feature_selection -selected_feature_set_id 11 -add_similarity_feature -selected_context_id 0 -k_feature_to_keep -1
No. of param settings = 1
[('experiment_mode', 'discrete_feature_selection'), ('deep_model', False), ('selected_context_id', 0), ('selected_feature_set_id', 11), ('similarity_feature', True), ('k_feature_to_keep', -1)]
01/04/2018 17:31:30 [INFO] configuration: experiment_mode  :   discrete_feature_selection
01/04/2018 17:31:30 [INFO] configuration: deep_model  :   False
01/04/2018 17:31:30 [INFO] configuration: selected_context_id  :   0
01/04/2018 17:31:30 [INFO] configuration: selected_feature_set_id  :   11
01/04/2018 17:31:30 [INFO] configuration: similarity_feature  :   True
01/04/2018 17:31:30 [INFO] configuration: k_feature_to_keep  :   -1
01/04/2018 17:31:30 [INFO] configuration: seed  :   154316847
01/04/2018 17:31:30 [INFO] configuration: root_path  :   /ihome/pbrusilosky/rum20/y_classify
01/04/2018 17:31:30 [INFO] configuration: task_name  :   utterance_type
01/04/2018 17:31:30 [INFO] configuration: timemark  :   20180104-173130
01/04/2018 17:31:30 [INFO] configuration: context_set  :   next
01/04/2018 17:31:30 [INFO] configuration: utterance_names  :   ['last_user_utterance', 'last_system_utterance', 'current_user_utterance', 'next_system_utterance', 'next_user_utterance']
01/04/2018 17:31:30 [INFO] configuration: utterance_range  :   ['current_user_utterance', 'next_system_utterance', 'next_user_utterance']
01/04/2018 17:31:30 [INFO] configuration: feature_set  :   11-[6+1.3.4]
01/04/2018 17:31:30 [INFO] configuration: feature_set_number  :   ['1', '2', '3', '5', '6', '7', '9']
01/04/2018 17:31:30 [INFO] configuration: experiment_name  :   20180104-173130.discrete_feature_selection.feature_number=-1.context=next.feature=11-[6+1.3.4].similarity=true
01/04/2018 17:31:30 [INFO] configuration: experiment_path  :   /ihome/pbrusilosky/rum20/y_classify/output/20180104-173130.discrete_feature_selection.feature_number=-1.context=next.feature=11-[6+1.3.4].similarity=true
01/04/2018 17:31:30 [INFO] configuration: log_path  :   /ihome/pbrusilosky/rum20/y_classify/output/20180104-173130.discrete_feature_selection.feature_number=-1.context=next.feature=11-[6+1.3.4].similarity=true/output.log
01/04/2018 17:31:30 [INFO] configuration: valid_type  :   {'F', 'A', 'C', 'R'}
01/04/2018 17:31:30 [INFO] configuration: data_name  :   
01/04/2018 17:31:30 [INFO] configuration: data_names  :   ['dstc2', 'dstc3', 'family', 'ghome']
01/04/2018 17:31:30 [INFO] configuration: raw_feature_path  :   /ihome/pbrusilosky/rum20/y_classify/dataset/feature/%s.raw_feature.pkl
01/04/2018 17:31:30 [INFO] configuration: extracted_feature_path  :   /ihome/pbrusilosky/rum20/y_classify/dataset/feature/%s.extracted_feature.pkl
01/04/2018 17:31:30 [INFO] configuration: pipeline_path  :   /ihome/pbrusilosky/rum20/y_classify/dataset/feature/%s.pipeline.pkl
01/04/2018 17:31:30 [INFO] configuration: metrics  :   ['accuracy', 'precision', 'recall', 'f1_score', 'training_time', 'test_time']
01/04/2018 17:31:30 [INFO] configuration: do_cross_validation  :   True
01/04/2018 17:31:30 [INFO] configuration: #division  :   5
01/04/2018 17:31:30 [INFO] configuration: #cross_validation  :   10
01/04/2018 17:31:30 [INFO] configuration: cv_index_cache_path  :   
01/04/2018 17:31:30 [INFO] configuration: action_words  :   {'list', 'delet', 'tell', 'phone', 'north', 'item', 'centre', 'remov', 'ani', 'time', 'member', 'cast', 'remind', 'turn', 'reminder', 'timer', 'play', 'expens', 'video', 'temperatur', 'show', 'clear', 'alarm', 'expensive', 'help', 'song', 'volume', 'post', 'room', 'stop', 'number', 'remove', 'area', 'els', 'share', 'price', 'part', 'reminders', 'skip', 'temperature', 'light', 'matter', 'address', 'findcare', 'centr', 'delete', 'telephon', 'discard', 'next', 'shuffl', 'music', 'shuffle', 'moderate', 'moder', 'reminds', 'items', 'start', 'south', 'watch', 'snooze', 'any', 'weather', 'findcar', 'telephone', 'cheap', 'volum', 'else', 'snooz', 'add', 'food'}
01/04/2018 17:31:30 [INFO] configuration: corenlp_jars  :   ('/Users/memray/Project/stanford/stanford-corenlp-full-3.8.0/*', '/Users/memray/Project/stanford/stanford-corenlp-full-3.8.0/stanford-english-kbp-corenlp-2017-06-09-models.jar')
01/04/2018 17:31:30 [INFO] configuration: lda_topic_number  :   50
01/04/2018 17:31:30 [INFO] configuration: lda_path  :   /ihome/pbrusilosky/rum20/y_classify/dataset/feature/gensim/%s.topic=50.lda.pkl
01/04/2018 17:31:30 [INFO] configuration: gensim_corpus_path  :   /ihome/pbrusilosky/rum20/y_classify/dataset/feature/gensim/%s.corpus.pkl
01/04/2018 17:31:30 [INFO] configuration: gensim_dict_path  :   /ihome/pbrusilosky/rum20/y_classify/dataset/feature/gensim/%s.dict
01/04/2018 17:31:30 [INFO] configuration: w2v_path  :   /home/memray/Data/glove/GoogleNews-vectors-negative300.bin
01/04/2018 17:31:30 [INFO] configuration: w2v_vector_length  :   300
01/04/2018 17:31:30 [INFO] configuration: d2v_vector_length  :   300
01/04/2018 17:31:30 [INFO] configuration: d2v_window_size  :   5
01/04/2018 17:31:30 [INFO] configuration: d2v_min_count  :   2
01/04/2018 17:31:30 [INFO] configuration: d2v_model_path  :   /ihome/pbrusilosky/rum20/y_classify/dataset/feature/gensim/%s.doc2vec.dim=300.window=5.min_count=2.model
01/04/2018 17:31:30 [INFO] configuration: d2v_vector_path  :   /ihome/pbrusilosky/rum20/y_classify/dataset/feature/gensim/%s.doc2vec.dim=300.window=5.min_count=2.vector
01/04/2018 17:31:30 [INFO] configuration: num_word_keep  :   {'dstc2': 300, 'dstc3': 300, 'family': 1000, 'ghome': 1000}
01/04/2018 17:31:30 [INFO] configuration: batch_size  :   128
01/04/2018 17:31:30 [INFO] configuration: max_epoch  :   50
01/04/2018 17:31:30 [INFO] configuration: early_stop_tolerance  :   2
01/04/2018 17:31:30 [INFO] configuration: concat_sents  :   False
01/04/2018 17:31:30 [INFO] configuration: cnn_setting  :   {'model': 'multichannel', 'early_stopping': True, 'word_dim': 300, 'filters': [3, 4, 5], 'filter_num': [100, 100, 100], 'class_size': 4, 'batch_size': 128, 'learning_rate': 0.001, 'norm_limit': 10, 'dropout_prob': 0.0, 'sentence_num': 3}
01/04/2018 17:31:30 [INFO] configuration: skipthought_setting  :   {'skipthought_model_path': '/Users/memray/Data/skip-thought', 'skipthought_data_path': '/ihome/pbrusilosky/rum20/y_classify/dataset/feature/gensim/%s.skip-thought.biskip.vector', 'fixed_emb': True, 'sentence_num': 3, 'hidden_size': 2400, 'class_size': 4, 'learning_rate': 0.0001, 'norm_limit': 3, 'dropout_prob': 0.5}
01/04/2018 17:31:30 [INFO] configuration: lstm_setting  :   {'model': 'non-static', 'hidden_size': 32, 'embedding_size': 300, 'num_layers': 1, 'bidirectional': False, 'learning_rate': 0.001, 'class_size': 4, 'norm_limit': 2, 'clip_grad_norm': 2, 'dropout_prob': 0.1}
01/04/2018 17:31:34 [INFO] exp_shallowmodel: %%%%%%%%%%%%%%%%%%%%%%%%%%%%%%%%%%%%%%%%%%%%%%%%%%
01/04/2018 17:31:34 [INFO] exp_shallowmodel:           dataset=dstc2
01/04/2018 17:31:34 [INFO] exp_shallowmodel:           k_feature_to_keep=-1
01/04/2018 17:31:34 [INFO] exp_shallowmodel:           X_new.shape=(5725, 4302)
01/04/2018 17:31:34 [INFO] exp_shallowmodel:           #(X_selected)=3390
01/04/2018 17:31:34 [INFO] exp_shallowmodel:           #(X_not_selectable)=912
01/04/2018 17:31:34 [INFO] exp_shallowmodel: %%%%%%%%%%%%%%%%%%%%%%%%%%%%%%%%%%%%%%%%%%%%%%%%%%
01/04/2018 17:31:34 [INFO] exp_shallowmodel: ******************** dstc2 - Round 0 
01/04/2018 17:31:34 [INFO] exp_shallowmodel: #(data) = 4583
01/04/2018 17:31:34 [INFO] exp_shallowmodel: #(feature) = 4302
01/04/2018 17:31:34 [INFO] exp_shallowmodel: ================================================================================
01/04/2018 17:31:34 [INFO] exp_shallowmodel: LR.pen=l1.C=1.000000
01/04/2018 17:31:34 [INFO] exp_shallowmodel: ________________________________________________________________________________
01/04/2018 17:31:34 [INFO] exp_shallowmodel: Training: 
01/04/2018 17:31:34 [INFO] exp_shallowmodel: LogisticRegression(C=1, class_weight=None, dual=False, fit_intercept=True,
          intercept_scaling=1, max_iter=100, multi_class='ovr', n_jobs=1,
          penalty='l1', random_state=None, solver='liblinear', tol=0.0001,
          verbose=0, warm_start=False)
01/04/2018 17:31:59 [INFO] exp_shallowmodel: train time: 24.738s
01/04/2018 17:31:59 [INFO] exp_shallowmodel: test time:  0.004s
01/04/2018 17:31:59 [INFO] exp_shallowmodel: accuracy:   0.863
01/04/2018 17:31:59 [INFO] exp_shallowmodel: f1_score:   0.756
01/04/2018 17:31:59 [INFO] exp_shallowmodel: classification report:
01/04/2018 17:31:59 [INFO] exp_shallowmodel:              precision    recall  f1-score   support

          A       0.71      0.36      0.48        14
          C       0.81      0.83      0.82       164
          F       0.91      0.96      0.93       268
          R       0.83      0.76      0.79       125

avg / total       0.86      0.86      0.86       571

01/04/2018 17:31:59 [INFO] exp_shallowmodel: confusion matrix:
01/04/2018 17:31:59 [INFO] exp_shallowmodel: 
[[  5   2   6   1]
 [  0 136  11  17]
 [  2   8 257   1]
 [  0  22   8  95]]
01/04/2018 17:32:00 [INFO] exp_shallowmodel: ******************** dstc2 - Round 1 
01/04/2018 17:32:00 [INFO] exp_shallowmodel: #(data) = 4583
01/04/2018 17:32:00 [INFO] exp_shallowmodel: #(feature) = 4302
01/04/2018 17:32:00 [INFO] exp_shallowmodel: ================================================================================
01/04/2018 17:32:00 [INFO] exp_shallowmodel: LR.pen=l1.C=1.000000
01/04/2018 17:32:00 [INFO] exp_shallowmodel: ________________________________________________________________________________
01/04/2018 17:32:00 [INFO] exp_shallowmodel: Training: 
01/04/2018 17:32:00 [INFO] exp_shallowmodel: LogisticRegression(C=1, class_weight=None, dual=False, fit_intercept=True,
          intercept_scaling=1, max_iter=100, multi_class='ovr', n_jobs=1,
          penalty='l1', random_state=None, solver='liblinear', tol=0.0001,
          verbose=0, warm_start=False)
01/04/2018 17:32:25 [INFO] exp_shallowmodel: train time: 25.226s
01/04/2018 17:32:25 [INFO] exp_shallowmodel: test time:  0.003s
01/04/2018 17:32:25 [INFO] exp_shallowmodel: accuracy:   0.804
01/04/2018 17:32:25 [INFO] exp_shallowmodel: f1_score:   0.721
01/04/2018 17:32:25 [INFO] exp_shallowmodel: classification report:
01/04/2018 17:32:25 [INFO] exp_shallowmodel:              precision    recall  f1-score   support

          A       0.75      0.43      0.55        14
          C       0.71      0.73      0.72       164
          F       0.90      0.92      0.91       268
          R       0.72      0.70      0.71       125

avg / total       0.80      0.80      0.80       571

01/04/2018 17:32:25 [INFO] exp_shallowmodel: confusion matrix:
01/04/2018 17:32:25 [INFO] exp_shallowmodel: 
[[  6   1   4   3]
 [  1 119  18  26]
 [  1  15 246   6]
 [  0  32   5  88]]
01/04/2018 17:32:26 [INFO] exp_shallowmodel: Feature selection of top 100, ranked by LR weights (selectable:non-selectable=63:37)
01/04/2018 17:32:30 [INFO] exp_shallowmodel: %%%%%%%%%%%%%%%%%%%%%%%%%%%%%%%%%%%%%%%%%%%%%%%%%%
01/04/2018 17:32:30 [INFO] exp_shallowmodel:           dataset=dstc3
01/04/2018 17:32:30 [INFO] exp_shallowmodel:           k_feature_to_keep=-1
01/04/2018 17:32:30 [INFO] exp_shallowmodel:           X_new.shape=(5934, 5200)
01/04/2018 17:32:30 [INFO] exp_shallowmodel:           #(X_selected)=4288
01/04/2018 17:32:30 [INFO] exp_shallowmodel:           #(X_not_selectable)=912
01/04/2018 17:32:30 [INFO] exp_shallowmodel: %%%%%%%%%%%%%%%%%%%%%%%%%%%%%%%%%%%%%%%%%%%%%%%%%%
01/04/2018 17:32:31 [INFO] exp_shallowmodel: ******************** dstc3 - Round 0 
01/04/2018 17:32:31 [INFO] exp_shallowmodel: #(data) = 4750
01/04/2018 17:32:31 [INFO] exp_shallowmodel: #(feature) = 5200
01/04/2018 17:32:31 [INFO] exp_shallowmodel: ================================================================================
01/04/2018 17:32:31 [INFO] exp_shallowmodel: LR.pen=l1.C=1.000000
01/04/2018 17:32:31 [INFO] exp_shallowmodel: ________________________________________________________________________________
01/04/2018 17:32:31 [INFO] exp_shallowmodel: Training: 
01/04/2018 17:32:31 [INFO] exp_shallowmodel: LogisticRegression(C=1, class_weight=None, dual=False, fit_intercept=True,
          intercept_scaling=1, max_iter=100, multi_class='ovr', n_jobs=1,
          penalty='l1', random_state=None, solver='liblinear', tol=0.0001,
          verbose=0, warm_start=False)
01/04/2018 17:33:04 [INFO] exp_shallowmodel: train time: 33.243s
01/04/2018 17:33:04 [INFO] exp_shallowmodel: test time:  0.004s
01/04/2018 17:33:04 [INFO] exp_shallowmodel: accuracy:   0.797
01/04/2018 17:33:04 [INFO] exp_shallowmodel: f1_score:   0.730
01/04/2018 17:33:04 [INFO] exp_shallowmodel: classification report:
01/04/2018 17:33:04 [INFO] exp_shallowmodel:              precision    recall  f1-score   support

          A       0.91      0.50      0.65        20
          C       0.73      0.79      0.76       169
          F       0.90      0.91      0.91       281
          R       0.63      0.59      0.61       122

avg / total       0.80      0.80      0.79       592

01/04/2018 17:33:04 [INFO] exp_shallowmodel: confusion matrix:
01/04/2018 17:33:04 [INFO] exp_shallowmodel: 
[[ 10   2   7   1]
 [  0 133   8  28]
 [  1  10 257  13]
 [  0  37  13  72]]
01/04/2018 17:33:05 [INFO] exp_shallowmodel: ******************** dstc3 - Round 1 
01/04/2018 17:33:05 [INFO] exp_shallowmodel: #(data) = 4750
01/04/2018 17:33:05 [INFO] exp_shallowmodel: #(feature) = 5200
01/04/2018 17:33:05 [INFO] exp_shallowmodel: ================================================================================
01/04/2018 17:33:05 [INFO] exp_shallowmodel: LR.pen=l1.C=1.000000
01/04/2018 17:33:05 [INFO] exp_shallowmodel: ________________________________________________________________________________
01/04/2018 17:33:05 [INFO] exp_shallowmodel: Training: 
01/04/2018 17:33:05 [INFO] exp_shallowmodel: LogisticRegression(C=1, class_weight=None, dual=False, fit_intercept=True,
          intercept_scaling=1, max_iter=100, multi_class='ovr', n_jobs=1,
          penalty='l1', random_state=None, solver='liblinear', tol=0.0001,
          verbose=0, warm_start=False)
01/04/2018 17:33:36 [INFO] exp_shallowmodel: train time: 31.048s
01/04/2018 17:33:36 [INFO] exp_shallowmodel: test time:  0.005s
01/04/2018 17:33:36 [INFO] exp_shallowmodel: accuracy:   0.782
01/04/2018 17:33:36 [INFO] exp_shallowmodel: f1_score:   0.682
01/04/2018 17:33:36 [INFO] exp_shallowmodel: classification report:
01/04/2018 17:33:36 [INFO] exp_shallowmodel:              precision    recall  f1-score   support

          A       0.53      0.45      0.49        20
          C       0.73      0.75      0.74       169
          F       0.90      0.91      0.91       281
          R       0.60      0.58      0.59       122

avg / total       0.78      0.78      0.78       592

01/04/2018 17:33:36 [INFO] exp_shallowmodel: confusion matrix:
01/04/2018 17:33:36 [INFO] exp_shallowmodel: 
[[  9   4   4   3]
 [  2 127  11  29]
 [  2   7 256  16]
 [  4  35  12  71]]
01/04/2018 17:33:36 [INFO] exp_shallowmodel: Feature selection of top 100, ranked by LR weights (selectable:non-selectable=63:37)
01/04/2018 17:33:43 [INFO] exp_shallowmodel: %%%%%%%%%%%%%%%%%%%%%%%%%%%%%%%%%%%%%%%%%%%%%%%%%%
01/04/2018 17:33:43 [INFO] exp_shallowmodel:           dataset=family
01/04/2018 17:33:43 [INFO] exp_shallowmodel:           k_feature_to_keep=-1
01/04/2018 17:33:43 [INFO] exp_shallowmodel:           X_new.shape=(3530, 23505)
01/04/2018 17:33:43 [INFO] exp_shallowmodel:           #(X_selected)=22591
01/04/2018 17:33:43 [INFO] exp_shallowmodel:           #(X_not_selectable)=914
01/04/2018 17:33:43 [INFO] exp_shallowmodel: %%%%%%%%%%%%%%%%%%%%%%%%%%%%%%%%%%%%%%%%%%%%%%%%%%
01/04/2018 17:33:46 [INFO] exp_shallowmodel: ******************** family - Round 0 
01/04/2018 17:33:46 [INFO] exp_shallowmodel: #(data) = 2826
01/04/2018 17:33:46 [INFO] exp_shallowmodel: #(feature) = 23505
01/04/2018 17:33:46 [INFO] exp_shallowmodel: ================================================================================
01/04/2018 17:33:46 [INFO] exp_shallowmodel: LR.pen=l1.C=1.000000
01/04/2018 17:33:46 [INFO] exp_shallowmodel: ________________________________________________________________________________
01/04/2018 17:33:46 [INFO] exp_shallowmodel: Training: 
01/04/2018 17:33:46 [INFO] exp_shallowmodel: LogisticRegression(C=1, class_weight=None, dual=False, fit_intercept=True,
          intercept_scaling=1, max_iter=100, multi_class='ovr', n_jobs=1,
          penalty='l1', random_state=None, solver='liblinear', tol=0.0001,
          verbose=0, warm_start=False)
01/04/2018 17:34:08 [INFO] exp_shallowmodel: train time: 22.089s
01/04/2018 17:34:08 [INFO] exp_shallowmodel: test time:  0.011s
01/04/2018 17:34:08 [INFO] exp_shallowmodel: accuracy:   0.869
01/04/2018 17:34:08 [INFO] exp_shallowmodel: f1_score:   0.654
01/04/2018 17:34:08 [INFO] exp_shallowmodel: classification report:
01/04/2018 17:34:08 [INFO] exp_shallowmodel:              precision    recall  f1-score   support

          A       0.45      0.22      0.29        23
          C       0.61      0.70      0.66        27
          F       0.94      0.99      0.96       250
          R       0.73      0.67      0.70        52

avg / total       0.85      0.87      0.86       352

01/04/2018 17:34:08 [INFO] exp_shallowmodel: confusion matrix:
01/04/2018 17:34:08 [INFO] exp_shallowmodel: 
[[  5   5   7   6]
 [  2  19   0   6]
 [  2   0 247   1]
 [  2   7   8  35]]
01/04/2018 17:34:11 [INFO] exp_shallowmodel: ******************** family - Round 1 
01/04/2018 17:34:11 [INFO] exp_shallowmodel: #(data) = 2826
01/04/2018 17:34:11 [INFO] exp_shallowmodel: #(feature) = 23505
01/04/2018 17:34:11 [INFO] exp_shallowmodel: ================================================================================
01/04/2018 17:34:11 [INFO] exp_shallowmodel: LR.pen=l1.C=1.000000
01/04/2018 17:34:11 [INFO] exp_shallowmodel: ________________________________________________________________________________
01/04/2018 17:34:11 [INFO] exp_shallowmodel: Training: 
01/04/2018 17:34:11 [INFO] exp_shallowmodel: LogisticRegression(C=1, class_weight=None, dual=False, fit_intercept=True,
          intercept_scaling=1, max_iter=100, multi_class='ovr', n_jobs=1,
          penalty='l1', random_state=None, solver='liblinear', tol=0.0001,
          verbose=0, warm_start=False)
01/04/2018 17:34:33 [INFO] exp_shallowmodel: train time: 22.151s
01/04/2018 17:34:33 [INFO] exp_shallowmodel: test time:  0.011s
01/04/2018 17:34:33 [INFO] exp_shallowmodel: accuracy:   0.878
01/04/2018 17:34:33 [INFO] exp_shallowmodel: f1_score:   0.692
01/04/2018 17:34:33 [INFO] exp_shallowmodel: classification report:
01/04/2018 17:34:33 [INFO] exp_shallowmodel:              precision    recall  f1-score   support

          A       0.71      0.22      0.33        23
          C       0.73      0.89      0.80        27
          F       0.92      0.99      0.95       250
          R       0.76      0.62      0.68        52

avg / total       0.87      0.88      0.86       352

01/04/2018 17:34:33 [INFO] exp_shallowmodel: confusion matrix:
01/04/2018 17:34:33 [INFO] exp_shallowmodel: 
[[  5   3   8   7]
 [  0  24   1   2]
 [  1   0 248   1]
 [  1   6  13  32]]
01/04/2018 17:34:34 [INFO] exp_shallowmodel: Feature selection of top 100, ranked by LR weights (selectable:non-selectable=85:15)
01/04/2018 17:34:42 [INFO] exp_shallowmodel: %%%%%%%%%%%%%%%%%%%%%%%%%%%%%%%%%%%%%%%%%%%%%%%%%%
01/04/2018 17:34:42 [INFO] exp_shallowmodel:           dataset=ghome
01/04/2018 17:34:42 [INFO] exp_shallowmodel:           k_feature_to_keep=-1
01/04/2018 17:34:42 [INFO] exp_shallowmodel:           X_new.shape=(5241, 23807)
01/04/2018 17:34:42 [INFO] exp_shallowmodel:           #(X_selected)=22894
01/04/2018 17:34:42 [INFO] exp_shallowmodel:           #(X_not_selectable)=913
01/04/2018 17:34:42 [INFO] exp_shallowmodel: %%%%%%%%%%%%%%%%%%%%%%%%%%%%%%%%%%%%%%%%%%%%%%%%%%
01/04/2018 17:34:47 [INFO] exp_shallowmodel: ******************** ghome - Round 0 
01/04/2018 17:34:47 [INFO] exp_shallowmodel: #(data) = 4197
01/04/2018 17:34:47 [INFO] exp_shallowmodel: #(feature) = 23807
01/04/2018 17:34:47 [INFO] exp_shallowmodel: ================================================================================
01/04/2018 17:34:47 [INFO] exp_shallowmodel: LR.pen=l1.C=1.000000
01/04/2018 17:34:47 [INFO] exp_shallowmodel: ________________________________________________________________________________
01/04/2018 17:34:47 [INFO] exp_shallowmodel: Training: 
01/04/2018 17:34:47 [INFO] exp_shallowmodel: LogisticRegression(C=1, class_weight=None, dual=False, fit_intercept=True,
          intercept_scaling=1, max_iter=100, multi_class='ovr', n_jobs=1,
          penalty='l1', random_state=None, solver='liblinear', tol=0.0001,
          verbose=0, warm_start=False)
01/04/2018 17:35:19 [INFO] exp_shallowmodel: train time: 32.629s
01/04/2018 17:35:19 [INFO] exp_shallowmodel: test time:  0.015s
01/04/2018 17:35:19 [INFO] exp_shallowmodel: accuracy:   0.881
01/04/2018 17:35:19 [INFO] exp_shallowmodel: f1_score:   0.621
01/04/2018 17:35:19 [INFO] exp_shallowmodel: classification report:
01/04/2018 17:35:19 [INFO] exp_shallowmodel:              precision    recall  f1-score   support

          A       0.62      0.51      0.56        59
          C       0.67      0.17      0.27        12
          F       0.93      0.99      0.96       396
          R       0.73      0.67      0.70        55

avg / total       0.87      0.88      0.87       522

01/04/2018 17:35:19 [INFO] exp_shallowmodel: confusion matrix:
01/04/2018 17:35:19 [INFO] exp_shallowmodel: 
[[ 30   0  16  13]
 [  3   2   6   1]
 [  4   1 391   0]
 [ 11   0   7  37]]
01/04/2018 17:35:23 [INFO] exp_shallowmodel: ******************** ghome - Round 1 
01/04/2018 17:35:23 [INFO] exp_shallowmodel: #(data) = 4197
01/04/2018 17:35:23 [INFO] exp_shallowmodel: #(feature) = 23807
01/04/2018 17:35:23 [INFO] exp_shallowmodel: ================================================================================
01/04/2018 17:35:23 [INFO] exp_shallowmodel: LR.pen=l1.C=1.000000
01/04/2018 17:35:23 [INFO] exp_shallowmodel: ________________________________________________________________________________
01/04/2018 17:35:23 [INFO] exp_shallowmodel: Training: 
01/04/2018 17:35:23 [INFO] exp_shallowmodel: LogisticRegression(C=1, class_weight=None, dual=False, fit_intercept=True,
          intercept_scaling=1, max_iter=100, multi_class='ovr', n_jobs=1,
          penalty='l1', random_state=None, solver='liblinear', tol=0.0001,
          verbose=0, warm_start=False)
01/04/2018 17:35:56 [INFO] exp_shallowmodel: train time: 32.605s
01/04/2018 17:35:56 [INFO] exp_shallowmodel: test time:  0.016s
01/04/2018 17:35:56 [INFO] exp_shallowmodel: accuracy:   0.897
01/04/2018 17:35:56 [INFO] exp_shallowmodel: f1_score:   0.594
01/04/2018 17:35:56 [INFO] exp_shallowmodel: classification report:
01/04/2018 17:35:56 [INFO] exp_shallowmodel:              precision    recall  f1-score   support

          A       0.74      0.71      0.72        59
          C       0.00      0.00      0.00        12
          F       0.94      0.98      0.96       396
          R       0.71      0.67      0.69        55

avg / total       0.87      0.90      0.88       522

01/04/2018 17:35:56 [INFO] exp_shallowmodel: confusion matrix:
01/04/2018 17:35:56 [INFO] exp_shallowmodel: 
[[ 42   0   8   9]
 [  3   0   6   3]
 [  4   0 389   3]
 [  8   0  10  37]]
01/04/2018 17:35:57 [INFO] exp_shallowmodel: Feature selection of top 100, ranked by LR weights (selectable:non-selectable=60:40)
Done: 20180104-173557
/ihome/pbrusilosky/rum20/packages/anaconda3/lib/python3.6/site-packages/sklearn/preprocessing/data.py:164: UserWarning: Numerical issues were encountered when centering the data and might not be solved. Dataset may contain too large values. You may need to prescale your features.
  warnings.warn("Numerical issues were encountered "
/ihome/pbrusilosky/rum20/packages/anaconda3/lib/python3.6/site-packages/sklearn/preprocessing/data.py:169: RuntimeWarning: invalid value encountered in subtract
  Xr -= mean_1
/ihome/pbrusilosky/rum20/packages/anaconda3/lib/python3.6/site-packages/sklearn/preprocessing/data.py:181: UserWarning: Numerical issues were encountered when scaling the data and might not be solved. The standard deviation of the data is probably very close to 0. 
  warnings.warn("Numerical issues were encountered "
/ihome/pbrusilosky/rum20/packages/anaconda3/lib/python3.6/site-packages/sklearn/preprocessing/data.py:164: UserWarning: Numerical issues were encountered when centering the data and might not be solved. Dataset may contain too large values. You may need to prescale your features.
  warnings.warn("Numerical issues were encountered "
/ihome/pbrusilosky/rum20/packages/anaconda3/lib/python3.6/site-packages/sklearn/preprocessing/data.py:169: RuntimeWarning: invalid value encountered in subtract
  Xr -= mean_1
/ihome/pbrusilosky/rum20/packages/anaconda3/lib/python3.6/site-packages/sklearn/preprocessing/data.py:181: UserWarning: Numerical issues were encountered when scaling the data and might not be solved. The standard deviation of the data is probably very close to 0. 
  warnings.warn("Numerical issues were encountered "
/ihome/pbrusilosky/rum20/packages/anaconda3/lib/python3.6/site-packages/sklearn/preprocessing/data.py:164: UserWarning: Numerical issues were encountered when centering the data and might not be solved. Dataset may contain too large values. You may need to prescale your features.
  warnings.warn("Numerical issues were encountered "
/ihome/pbrusilosky/rum20/packages/anaconda3/lib/python3.6/site-packages/sklearn/preprocessing/data.py:169: RuntimeWarning: invalid value encountered in subtract
  Xr -= mean_1
/ihome/pbrusilosky/rum20/packages/anaconda3/lib/python3.6/site-packages/sklearn/preprocessing/data.py:181: UserWarning: Numerical issues were encountered when scaling the data and might not be solved. The standard deviation of the data is probably very close to 0. 
  warnings.warn("Numerical issues were encountered "
/ihome/pbrusilosky/rum20/packages/anaconda3/lib/python3.6/site-packages/sklearn/preprocessing/data.py:164: UserWarning: Numerical issues were encountered when centering the data and might not be solved. Dataset may contain too large values. You may need to prescale your features.
  warnings.warn("Numerical issues were encountered "
/ihome/pbrusilosky/rum20/packages/anaconda3/lib/python3.6/site-packages/sklearn/preprocessing/data.py:169: RuntimeWarning: invalid value encountered in subtract
  Xr -= mean_1
/ihome/pbrusilosky/rum20/packages/anaconda3/lib/python3.6/site-packages/sklearn/preprocessing/data.py:181: UserWarning: Numerical issues were encountered when scaling the data and might not be solved. The standard deviation of the data is probably very close to 0. 
  warnings.warn("Numerical issues were encountered "
/ihome/pbrusilosky/rum20/packages/anaconda3/lib/python3.6/site-packages/sklearn/preprocessing/data.py:164: UserWarning: Numerical issues were encountered when centering the data and might not be solved. Dataset may contain too large values. You may need to prescale your features.
  warnings.warn("Numerical issues were encountered "
/ihome/pbrusilosky/rum20/packages/anaconda3/lib/python3.6/site-packages/sklearn/preprocessing/data.py:169: RuntimeWarning: invalid value encountered in subtract
  Xr -= mean_1
/ihome/pbrusilosky/rum20/packages/anaconda3/lib/python3.6/site-packages/sklearn/preprocessing/data.py:181: UserWarning: Numerical issues were encountered when scaling the data and might not be solved. The standard deviation of the data is probably very close to 0. 
  warnings.warn("Numerical issues were encountered "
/ihome/pbrusilosky/rum20/packages/anaconda3/lib/python3.6/site-packages/sklearn/preprocessing/data.py:164: UserWarning: Numerical issues were encountered when centering the data and might not be solved. Dataset may contain too large values. You may need to prescale your features.
  warnings.warn("Numerical issues were encountered "
/ihome/pbrusilosky/rum20/packages/anaconda3/lib/python3.6/site-packages/sklearn/preprocessing/data.py:169: RuntimeWarning: invalid value encountered in subtract
  Xr -= mean_1
/ihome/pbrusilosky/rum20/packages/anaconda3/lib/python3.6/site-packages/sklearn/preprocessing/data.py:181: UserWarning: Numerical issues were encountered when scaling the data and might not be solved. The standard deviation of the data is probably very close to 0. 
  warnings.warn("Numerical issues were encountered "
/ihome/pbrusilosky/rum20/packages/anaconda3/lib/python3.6/site-packages/sklearn/preprocessing/data.py:164: UserWarning: Numerical issues were encountered when centering the data and might not be solved. Dataset may contain too large values. You may need to prescale your features.
  warnings.warn("Numerical issues were encountered "
/ihome/pbrusilosky/rum20/packages/anaconda3/lib/python3.6/site-packages/sklearn/preprocessing/data.py:169: RuntimeWarning: invalid value encountered in subtract
  Xr -= mean_1
/ihome/pbrusilosky/rum20/packages/anaconda3/lib/python3.6/site-packages/sklearn/preprocessing/data.py:181: UserWarning: Numerical issues were encountered when scaling the data and might not be solved. The standard deviation of the data is probably very close to 0. 
  warnings.warn("Numerical issues were encountered "
/ihome/pbrusilosky/rum20/packages/anaconda3/lib/python3.6/site-packages/sklearn/preprocessing/data.py:164: UserWarning: Numerical issues were encountered when centering the data and might not be solved. Dataset may contain too large values. You may need to prescale your features.
  warnings.warn("Numerical issues were encountered "
/ihome/pbrusilosky/rum20/packages/anaconda3/lib/python3.6/site-packages/sklearn/preprocessing/data.py:169: RuntimeWarning: invalid value encountered in subtract
  Xr -= mean_1
/ihome/pbrusilosky/rum20/packages/anaconda3/lib/python3.6/site-packages/sklearn/preprocessing/data.py:181: UserWarning: Numerical issues were encountered when scaling the data and might not be solved. The standard deviation of the data is probably very close to 0. 
  warnings.warn("Numerical issues were encountered "
/ihome/pbrusilosky/rum20/packages/anaconda3/lib/python3.6/site-packages/sklearn/metrics/classification.py:1135: UndefinedMetricWarning: Precision is ill-defined and being set to 0.0 in labels with no predicted samples.
  'precision', 'predicted', average, warn_for)
/ihome/pbrusilosky/rum20/packages/anaconda3/lib/python3.6/site-packages/sklearn/metrics/classification.py:1135: UndefinedMetricWarning: F-score is ill-defined and being set to 0.0 in labels with no predicted samples.
  'precision', 'predicted', average, warn_for)
/ihome/pbrusilosky/rum20/packages/anaconda3/lib/python3.6/site-packages/sklearn/metrics/classification.py:1135: UndefinedMetricWarning: Precision and F-score are ill-defined and being set to 0.0 in labels with no predicted samples.
  'precision', 'predicted', average, warn_for)
