/ihome/pbrusilosky/rum20/packages/anaconda3/bin/python -m dialogue.classify.task_runner -experiment_mode discrete_feature_selection -selected_feature_set_id 12 -add_similarity_feature -selected_context_id 0 -k_feature_to_keep 8
No. of param settings = 1
[('experiment_mode', 'discrete_feature_selection'), ('deep_model', False), ('selected_context_id', 0), ('selected_feature_set_id', 12), ('similarity_feature', True), ('k_feature_to_keep', 8)]
01/04/2018 17:31:31 [INFO] configuration: experiment_mode  :   discrete_feature_selection
01/04/2018 17:31:31 [INFO] configuration: deep_model  :   False
01/04/2018 17:31:31 [INFO] configuration: selected_context_id  :   0
01/04/2018 17:31:31 [INFO] configuration: selected_feature_set_id  :   12
01/04/2018 17:31:31 [INFO] configuration: similarity_feature  :   True
01/04/2018 17:31:31 [INFO] configuration: k_feature_to_keep  :   8
01/04/2018 17:31:31 [INFO] configuration: seed  :   154316847
01/04/2018 17:31:31 [INFO] configuration: root_path  :   /ihome/pbrusilosky/rum20/y_classify
01/04/2018 17:31:31 [INFO] configuration: task_name  :   utterance_type
01/04/2018 17:31:31 [INFO] configuration: timemark  :   20180104-173131
01/04/2018 17:31:31 [INFO] configuration: context_set  :   next
01/04/2018 17:31:31 [INFO] configuration: utterance_names  :   ['last_user_utterance', 'last_system_utterance', 'current_user_utterance', 'next_system_utterance', 'next_user_utterance']
01/04/2018 17:31:31 [INFO] configuration: utterance_range  :   ['current_user_utterance', 'next_system_utterance', 'next_user_utterance']
01/04/2018 17:31:31 [INFO] configuration: feature_set  :   12-[7+1.3.4]
01/04/2018 17:31:31 [INFO] configuration: feature_set_number  :   ['1', '2', '3', '5', '6', '7', '10']
01/04/2018 17:31:31 [INFO] configuration: experiment_name  :   20180104-173131.discrete_feature_selection.feature_number=8.context=next.feature=12-[7+1.3.4].similarity=true
01/04/2018 17:31:31 [INFO] configuration: experiment_path  :   /ihome/pbrusilosky/rum20/y_classify/output/20180104-173131.discrete_feature_selection.feature_number=8.context=next.feature=12-[7+1.3.4].similarity=true
01/04/2018 17:31:31 [INFO] configuration: log_path  :   /ihome/pbrusilosky/rum20/y_classify/output/20180104-173131.discrete_feature_selection.feature_number=8.context=next.feature=12-[7+1.3.4].similarity=true/output.log
01/04/2018 17:31:31 [INFO] configuration: valid_type  :   {'R', 'F', 'C', 'A'}
01/04/2018 17:31:31 [INFO] configuration: data_name  :   
01/04/2018 17:31:31 [INFO] configuration: data_names  :   ['dstc2', 'dstc3', 'family', 'ghome']
01/04/2018 17:31:31 [INFO] configuration: raw_feature_path  :   /ihome/pbrusilosky/rum20/y_classify/dataset/feature/%s.raw_feature.pkl
01/04/2018 17:31:31 [INFO] configuration: extracted_feature_path  :   /ihome/pbrusilosky/rum20/y_classify/dataset/feature/%s.extracted_feature.pkl
01/04/2018 17:31:31 [INFO] configuration: pipeline_path  :   /ihome/pbrusilosky/rum20/y_classify/dataset/feature/%s.pipeline.pkl
01/04/2018 17:31:31 [INFO] configuration: metrics  :   ['accuracy', 'precision', 'recall', 'f1_score', 'training_time', 'test_time']
01/04/2018 17:31:31 [INFO] configuration: do_cross_validation  :   True
01/04/2018 17:31:31 [INFO] configuration: #division  :   5
01/04/2018 17:31:31 [INFO] configuration: #cross_validation  :   10
01/04/2018 17:31:31 [INFO] configuration: cv_index_cache_path  :   
01/04/2018 17:31:31 [INFO] configuration: action_words  :   {'volume', 'list', 'start', 'findcare', 'reminders', 'ani', 'timer', 'phone', 'temperatur', 'moder', 'shuffl', 'watch', 'item', 'matter', 'member', 'delete', 'north', 'number', 'findcar', 'skip', 'centr', 'telephone', 'food', 'reminds', 'reminder', 'share', 'remove', 'light', 'play', 'post', 'discard', 'room', 'stop', 'address', 'remind', 'snooze', 'volum', 'expensive', 'centre', 'music', 'else', 'clear', 'telephon', 'any', 'video', 'area', 'time', 'delet', 'cast', 'shuffle', 'part', 'turn', 'items', 'temperature', 'price', 'add', 'weather', 'remov', 'snooz', 'expens', 'help', 'next', 'song', 'show', 'cheap', 'alarm', 'moderate', 'els', 'south', 'tell'}
01/04/2018 17:31:31 [INFO] configuration: corenlp_jars  :   ('/Users/memray/Project/stanford/stanford-corenlp-full-3.8.0/*', '/Users/memray/Project/stanford/stanford-corenlp-full-3.8.0/stanford-english-kbp-corenlp-2017-06-09-models.jar')
01/04/2018 17:31:31 [INFO] configuration: lda_topic_number  :   50
01/04/2018 17:31:31 [INFO] configuration: lda_path  :   /ihome/pbrusilosky/rum20/y_classify/dataset/feature/gensim/%s.topic=50.lda.pkl
01/04/2018 17:31:31 [INFO] configuration: gensim_corpus_path  :   /ihome/pbrusilosky/rum20/y_classify/dataset/feature/gensim/%s.corpus.pkl
01/04/2018 17:31:31 [INFO] configuration: gensim_dict_path  :   /ihome/pbrusilosky/rum20/y_classify/dataset/feature/gensim/%s.dict
01/04/2018 17:31:31 [INFO] configuration: w2v_path  :   /home/memray/Data/glove/GoogleNews-vectors-negative300.bin
01/04/2018 17:31:31 [INFO] configuration: w2v_vector_length  :   300
01/04/2018 17:31:31 [INFO] configuration: d2v_vector_length  :   300
01/04/2018 17:31:31 [INFO] configuration: d2v_window_size  :   5
01/04/2018 17:31:31 [INFO] configuration: d2v_min_count  :   2
01/04/2018 17:31:31 [INFO] configuration: d2v_model_path  :   /ihome/pbrusilosky/rum20/y_classify/dataset/feature/gensim/%s.doc2vec.dim=300.window=5.min_count=2.model
01/04/2018 17:31:31 [INFO] configuration: d2v_vector_path  :   /ihome/pbrusilosky/rum20/y_classify/dataset/feature/gensim/%s.doc2vec.dim=300.window=5.min_count=2.vector
01/04/2018 17:31:31 [INFO] configuration: num_word_keep  :   {'dstc2': 300, 'dstc3': 300, 'family': 1000, 'ghome': 1000}
01/04/2018 17:31:31 [INFO] configuration: batch_size  :   128
01/04/2018 17:31:31 [INFO] configuration: max_epoch  :   50
01/04/2018 17:31:31 [INFO] configuration: early_stop_tolerance  :   2
01/04/2018 17:31:31 [INFO] configuration: concat_sents  :   False
01/04/2018 17:31:31 [INFO] configuration: cnn_setting  :   {'model': 'multichannel', 'early_stopping': True, 'word_dim': 300, 'filters': [3, 4, 5], 'filter_num': [100, 100, 100], 'class_size': 4, 'batch_size': 128, 'learning_rate': 0.001, 'norm_limit': 10, 'dropout_prob': 0.0, 'sentence_num': 3}
01/04/2018 17:31:31 [INFO] configuration: skipthought_setting  :   {'skipthought_model_path': '/Users/memray/Data/skip-thought', 'skipthought_data_path': '/ihome/pbrusilosky/rum20/y_classify/dataset/feature/gensim/%s.skip-thought.biskip.vector', 'fixed_emb': True, 'sentence_num': 3, 'hidden_size': 2400, 'class_size': 4, 'learning_rate': 0.0001, 'norm_limit': 3, 'dropout_prob': 0.5}
01/04/2018 17:31:31 [INFO] configuration: lstm_setting  :   {'model': 'non-static', 'hidden_size': 32, 'embedding_size': 300, 'num_layers': 1, 'bidirectional': False, 'learning_rate': 0.001, 'class_size': 4, 'norm_limit': 2, 'clip_grad_norm': 2, 'dropout_prob': 0.1}
01/04/2018 17:31:34 [INFO] exp_shallowmodel: %%%%%%%%%%%%%%%%%%%%%%%%%%%%%%%%%%%%%%%%%%%%%%%%%%
01/04/2018 17:31:34 [INFO] exp_shallowmodel:           dataset=dstc2
01/04/2018 17:31:34 [INFO] exp_shallowmodel:           k_feature_to_keep=8
01/04/2018 17:31:34 [INFO] exp_shallowmodel:           X_new.shape=(5725, 1167)
01/04/2018 17:31:34 [INFO] exp_shallowmodel:           #(X_selected)=256
01/04/2018 17:31:34 [INFO] exp_shallowmodel:           #(X_not_selectable)=911
01/04/2018 17:31:34 [INFO] exp_shallowmodel: %%%%%%%%%%%%%%%%%%%%%%%%%%%%%%%%%%%%%%%%%%%%%%%%%%
01/04/2018 17:31:35 [INFO] exp_shallowmodel: ******************** dstc2 - Round 0 
01/04/2018 17:31:35 [INFO] exp_shallowmodel: #(data) = 4583
01/04/2018 17:31:35 [INFO] exp_shallowmodel: #(feature) = 1167
01/04/2018 17:31:35 [INFO] exp_shallowmodel: ================================================================================
01/04/2018 17:31:35 [INFO] exp_shallowmodel: LR.pen=l1.C=1.000000
01/04/2018 17:31:35 [INFO] exp_shallowmodel: ________________________________________________________________________________
01/04/2018 17:31:35 [INFO] exp_shallowmodel: Training: 
01/04/2018 17:31:35 [INFO] exp_shallowmodel: LogisticRegression(C=1, class_weight=None, dual=False, fit_intercept=True,
          intercept_scaling=1, max_iter=100, multi_class='ovr', n_jobs=1,
          penalty='l1', random_state=None, solver='liblinear', tol=0.0001,
          verbose=0, warm_start=False)
01/04/2018 17:32:02 [INFO] exp_shallowmodel: train time: 27.451s
01/04/2018 17:32:02 [INFO] exp_shallowmodel: test time:  0.001s
01/04/2018 17:32:02 [INFO] exp_shallowmodel: accuracy:   0.851
01/04/2018 17:32:02 [INFO] exp_shallowmodel: f1_score:   0.773
01/04/2018 17:32:02 [INFO] exp_shallowmodel: classification report:
01/04/2018 17:32:02 [INFO] exp_shallowmodel:              precision    recall  f1-score   support

          A       0.70      0.50      0.58        14
          C       0.77      0.82      0.79       164
          F       0.92      0.93      0.93       268
          R       0.83      0.76      0.79       125

avg / total       0.85      0.85      0.85       571

01/04/2018 17:32:02 [INFO] exp_shallowmodel: confusion matrix:
01/04/2018 17:32:02 [INFO] exp_shallowmodel: 
[[  7   2   5   0]
 [  2 134  13  15]
 [  1  12 250   5]
 [  0  26   4  95]]
01/04/2018 17:32:02 [INFO] exp_shallowmodel: ******************** dstc2 - Round 1 
01/04/2018 17:32:02 [INFO] exp_shallowmodel: #(data) = 4583
01/04/2018 17:32:02 [INFO] exp_shallowmodel: #(feature) = 1167
01/04/2018 17:32:02 [INFO] exp_shallowmodel: ================================================================================
01/04/2018 17:32:02 [INFO] exp_shallowmodel: LR.pen=l1.C=1.000000
01/04/2018 17:32:02 [INFO] exp_shallowmodel: ________________________________________________________________________________
01/04/2018 17:32:02 [INFO] exp_shallowmodel: Training: 
01/04/2018 17:32:02 [INFO] exp_shallowmodel: LogisticRegression(C=1, class_weight=None, dual=False, fit_intercept=True,
          intercept_scaling=1, max_iter=100, multi_class='ovr', n_jobs=1,
          penalty='l1', random_state=None, solver='liblinear', tol=0.0001,
          verbose=0, warm_start=False)
01/04/2018 17:32:29 [INFO] exp_shallowmodel: train time: 26.322s
01/04/2018 17:32:29 [INFO] exp_shallowmodel: test time:  0.001s
01/04/2018 17:32:29 [INFO] exp_shallowmodel: accuracy:   0.821
01/04/2018 17:32:29 [INFO] exp_shallowmodel: f1_score:   0.682
01/04/2018 17:32:29 [INFO] exp_shallowmodel: classification report:
01/04/2018 17:32:29 [INFO] exp_shallowmodel:              precision    recall  f1-score   support

          A       0.60      0.21      0.32        14
          C       0.75      0.78      0.77       164
          F       0.91      0.92      0.91       268
          R       0.73      0.74      0.73       125

avg / total       0.82      0.82      0.82       571

01/04/2018 17:32:29 [INFO] exp_shallowmodel: confusion matrix:
01/04/2018 17:32:29 [INFO] exp_shallowmodel: 
[[  3   2   5   4]
 [  0 128  12  24]
 [  2  14 246   6]
 [  0  26   7  92]]
01/04/2018 17:32:29 [INFO] exp_shallowmodel: Feature selection of top 100, ranked by LR weights (selectable:non-selectable=26:74)
01/04/2018 17:32:33 [INFO] exp_shallowmodel: %%%%%%%%%%%%%%%%%%%%%%%%%%%%%%%%%%%%%%%%%%%%%%%%%%
01/04/2018 17:32:33 [INFO] exp_shallowmodel:           dataset=dstc3
01/04/2018 17:32:33 [INFO] exp_shallowmodel:           k_feature_to_keep=8
01/04/2018 17:32:33 [INFO] exp_shallowmodel:           X_new.shape=(5934, 1167)
01/04/2018 17:32:33 [INFO] exp_shallowmodel:           #(X_selected)=256
01/04/2018 17:32:33 [INFO] exp_shallowmodel:           #(X_not_selectable)=911
01/04/2018 17:32:33 [INFO] exp_shallowmodel: %%%%%%%%%%%%%%%%%%%%%%%%%%%%%%%%%%%%%%%%%%%%%%%%%%
01/04/2018 17:32:33 [INFO] exp_shallowmodel: ******************** dstc3 - Round 0 
01/04/2018 17:32:33 [INFO] exp_shallowmodel: #(data) = 4750
01/04/2018 17:32:33 [INFO] exp_shallowmodel: #(feature) = 1167
01/04/2018 17:32:33 [INFO] exp_shallowmodel: ================================================================================
01/04/2018 17:32:33 [INFO] exp_shallowmodel: LR.pen=l1.C=1.000000
01/04/2018 17:32:33 [INFO] exp_shallowmodel: ________________________________________________________________________________
01/04/2018 17:32:33 [INFO] exp_shallowmodel: Training: 
01/04/2018 17:32:33 [INFO] exp_shallowmodel: LogisticRegression(C=1, class_weight=None, dual=False, fit_intercept=True,
          intercept_scaling=1, max_iter=100, multi_class='ovr', n_jobs=1,
          penalty='l1', random_state=None, solver='liblinear', tol=0.0001,
          verbose=0, warm_start=False)
01/04/2018 17:33:00 [INFO] exp_shallowmodel: train time: 26.749s
01/04/2018 17:33:00 [INFO] exp_shallowmodel: test time:  0.001s
01/04/2018 17:33:00 [INFO] exp_shallowmodel: accuracy:   0.819
01/04/2018 17:33:00 [INFO] exp_shallowmodel: f1_score:   0.730
01/04/2018 17:33:00 [INFO] exp_shallowmodel: classification report:
01/04/2018 17:33:00 [INFO] exp_shallowmodel:              precision    recall  f1-score   support

          A       0.58      0.55      0.56        20
          C       0.78      0.81      0.79       169
          F       0.90      0.95      0.92       281
          R       0.71      0.58      0.64       122

avg / total       0.81      0.82      0.81       592

01/04/2018 17:33:00 [INFO] exp_shallowmodel: confusion matrix:
01/04/2018 17:33:00 [INFO] exp_shallowmodel: 
[[ 11   2   7   0]
 [  5 137   9  18]
 [  2   2 266  11]
 [  1  35  15  71]]
01/04/2018 17:33:00 [INFO] exp_shallowmodel: ******************** dstc3 - Round 1 
01/04/2018 17:33:00 [INFO] exp_shallowmodel: #(data) = 4750
01/04/2018 17:33:00 [INFO] exp_shallowmodel: #(feature) = 1167
01/04/2018 17:33:00 [INFO] exp_shallowmodel: ================================================================================
01/04/2018 17:33:00 [INFO] exp_shallowmodel: LR.pen=l1.C=1.000000
01/04/2018 17:33:00 [INFO] exp_shallowmodel: ________________________________________________________________________________
01/04/2018 17:33:00 [INFO] exp_shallowmodel: Training: 
01/04/2018 17:33:00 [INFO] exp_shallowmodel: LogisticRegression(C=1, class_weight=None, dual=False, fit_intercept=True,
          intercept_scaling=1, max_iter=100, multi_class='ovr', n_jobs=1,
          penalty='l1', random_state=None, solver='liblinear', tol=0.0001,
          verbose=0, warm_start=False)
01/04/2018 17:33:29 [INFO] exp_shallowmodel: train time: 28.388s
01/04/2018 17:33:29 [INFO] exp_shallowmodel: test time:  0.001s
01/04/2018 17:33:29 [INFO] exp_shallowmodel: accuracy:   0.811
01/04/2018 17:33:29 [INFO] exp_shallowmodel: f1_score:   0.674
01/04/2018 17:33:29 [INFO] exp_shallowmodel: classification report:
01/04/2018 17:33:29 [INFO] exp_shallowmodel:              precision    recall  f1-score   support

          A       0.35      0.35      0.35        20
          C       0.78      0.82      0.80       169
          F       0.89      0.95      0.92       281
          R       0.71      0.57      0.63       122

avg / total       0.80      0.81      0.81       592

01/04/2018 17:33:29 [INFO] exp_shallowmodel: confusion matrix:
01/04/2018 17:33:29 [INFO] exp_shallowmodel: 
[[  7   3   9   1]
 [  4 138  11  16]
 [  2   2 266  11]
 [  7  33  13  69]]
01/04/2018 17:33:29 [INFO] exp_shallowmodel: Feature selection of top 100, ranked by LR weights (selectable:non-selectable=19:81)
01/04/2018 17:33:36 [INFO] exp_shallowmodel: %%%%%%%%%%%%%%%%%%%%%%%%%%%%%%%%%%%%%%%%%%%%%%%%%%
01/04/2018 17:33:36 [INFO] exp_shallowmodel:           dataset=family
01/04/2018 17:33:36 [INFO] exp_shallowmodel:           k_feature_to_keep=8
01/04/2018 17:33:36 [INFO] exp_shallowmodel:           X_new.shape=(3530, 1169)
01/04/2018 17:33:36 [INFO] exp_shallowmodel:           #(X_selected)=256
01/04/2018 17:33:36 [INFO] exp_shallowmodel:           #(X_not_selectable)=913
01/04/2018 17:33:36 [INFO] exp_shallowmodel: %%%%%%%%%%%%%%%%%%%%%%%%%%%%%%%%%%%%%%%%%%%%%%%%%%
01/04/2018 17:33:36 [INFO] exp_shallowmodel: ******************** family - Round 0 
01/04/2018 17:33:36 [INFO] exp_shallowmodel: #(data) = 2826
01/04/2018 17:33:36 [INFO] exp_shallowmodel: #(feature) = 1169
01/04/2018 17:33:36 [INFO] exp_shallowmodel: ================================================================================
01/04/2018 17:33:36 [INFO] exp_shallowmodel: LR.pen=l1.C=1.000000
01/04/2018 17:33:36 [INFO] exp_shallowmodel: ________________________________________________________________________________
01/04/2018 17:33:36 [INFO] exp_shallowmodel: Training: 
01/04/2018 17:33:36 [INFO] exp_shallowmodel: LogisticRegression(C=1, class_weight=None, dual=False, fit_intercept=True,
          intercept_scaling=1, max_iter=100, multi_class='ovr', n_jobs=1,
          penalty='l1', random_state=None, solver='liblinear', tol=0.0001,
          verbose=0, warm_start=False)
01/04/2018 17:33:44 [INFO] exp_shallowmodel: train time: 8.154s
01/04/2018 17:33:44 [INFO] exp_shallowmodel: test time:  0.001s
01/04/2018 17:33:44 [INFO] exp_shallowmodel: accuracy:   0.869
01/04/2018 17:33:44 [INFO] exp_shallowmodel: f1_score:   0.706
01/04/2018 17:33:44 [INFO] exp_shallowmodel: classification report:
01/04/2018 17:33:44 [INFO] exp_shallowmodel:              precision    recall  f1-score   support

          A       0.63      0.52      0.57        23
          C       0.70      0.52      0.60        27
          F       0.93      0.97      0.95       250
          R       0.70      0.71      0.70        52

avg / total       0.86      0.87      0.86       352

01/04/2018 17:33:44 [INFO] exp_shallowmodel: confusion matrix:
01/04/2018 17:33:44 [INFO] exp_shallowmodel: 
[[ 12   2   8   1]
 [  3  14   1   9]
 [  1   0 243   6]
 [  3   4   8  37]]
01/04/2018 17:33:44 [INFO] exp_shallowmodel: ******************** family - Round 1 
01/04/2018 17:33:44 [INFO] exp_shallowmodel: #(data) = 2826
01/04/2018 17:33:44 [INFO] exp_shallowmodel: #(feature) = 1169
01/04/2018 17:33:44 [INFO] exp_shallowmodel: ================================================================================
01/04/2018 17:33:44 [INFO] exp_shallowmodel: LR.pen=l1.C=1.000000
01/04/2018 17:33:44 [INFO] exp_shallowmodel: ________________________________________________________________________________
01/04/2018 17:33:44 [INFO] exp_shallowmodel: Training: 
01/04/2018 17:33:44 [INFO] exp_shallowmodel: LogisticRegression(C=1, class_weight=None, dual=False, fit_intercept=True,
          intercept_scaling=1, max_iter=100, multi_class='ovr', n_jobs=1,
          penalty='l1', random_state=None, solver='liblinear', tol=0.0001,
          verbose=0, warm_start=False)
01/04/2018 17:33:53 [INFO] exp_shallowmodel: train time: 8.545s
01/04/2018 17:33:53 [INFO] exp_shallowmodel: test time:  0.001s
01/04/2018 17:33:53 [INFO] exp_shallowmodel: accuracy:   0.878
01/04/2018 17:33:53 [INFO] exp_shallowmodel: f1_score:   0.723
01/04/2018 17:33:53 [INFO] exp_shallowmodel: classification report:
01/04/2018 17:33:53 [INFO] exp_shallowmodel:              precision    recall  f1-score   support

          A       0.62      0.35      0.44        23
          C       0.81      0.78      0.79        27
          F       0.95      0.97      0.96       250
          R       0.67      0.73      0.70        52

avg / total       0.87      0.88      0.87       352

01/04/2018 17:33:53 [INFO] exp_shallowmodel: confusion matrix:
01/04/2018 17:33:53 [INFO] exp_shallowmodel: 
[[  8   2   4   9]
 [  2  21   0   4]
 [  2   0 242   6]
 [  1   3  10  38]]
01/04/2018 17:33:54 [INFO] exp_shallowmodel: Feature selection of top 100, ranked by LR weights (selectable:non-selectable=45:55)
01/04/2018 17:34:02 [INFO] exp_shallowmodel: %%%%%%%%%%%%%%%%%%%%%%%%%%%%%%%%%%%%%%%%%%%%%%%%%%
01/04/2018 17:34:02 [INFO] exp_shallowmodel:           dataset=ghome
01/04/2018 17:34:02 [INFO] exp_shallowmodel:           k_feature_to_keep=8
01/04/2018 17:34:02 [INFO] exp_shallowmodel:           X_new.shape=(5241, 1168)
01/04/2018 17:34:02 [INFO] exp_shallowmodel:           #(X_selected)=256
01/04/2018 17:34:02 [INFO] exp_shallowmodel:           #(X_not_selectable)=912
01/04/2018 17:34:02 [INFO] exp_shallowmodel: %%%%%%%%%%%%%%%%%%%%%%%%%%%%%%%%%%%%%%%%%%%%%%%%%%
01/04/2018 17:34:03 [INFO] exp_shallowmodel: ******************** ghome - Round 0 
01/04/2018 17:34:03 [INFO] exp_shallowmodel: #(data) = 4197
01/04/2018 17:34:03 [INFO] exp_shallowmodel: #(feature) = 1168
01/04/2018 17:34:03 [INFO] exp_shallowmodel: ================================================================================
01/04/2018 17:34:03 [INFO] exp_shallowmodel: LR.pen=l1.C=1.000000
01/04/2018 17:34:03 [INFO] exp_shallowmodel: ________________________________________________________________________________
01/04/2018 17:34:03 [INFO] exp_shallowmodel: Training: 
01/04/2018 17:34:03 [INFO] exp_shallowmodel: LogisticRegression(C=1, class_weight=None, dual=False, fit_intercept=True,
          intercept_scaling=1, max_iter=100, multi_class='ovr', n_jobs=1,
          penalty='l1', random_state=None, solver='liblinear', tol=0.0001,
          verbose=0, warm_start=False)
01/04/2018 17:34:27 [INFO] exp_shallowmodel: train time: 23.964s
01/04/2018 17:34:27 [INFO] exp_shallowmodel: test time:  0.001s
01/04/2018 17:34:27 [INFO] exp_shallowmodel: accuracy:   0.868
01/04/2018 17:34:27 [INFO] exp_shallowmodel: f1_score:   0.596
01/04/2018 17:34:27 [INFO] exp_shallowmodel: classification report:
01/04/2018 17:34:27 [INFO] exp_shallowmodel:              precision    recall  f1-score   support

          A       0.58      0.56      0.57        59
          C       0.50      0.17      0.25        12
          F       0.95      0.97      0.96       396
          R       0.61      0.60      0.61        55

avg / total       0.86      0.87      0.86       522

01/04/2018 17:34:27 [INFO] exp_shallowmodel: confusion matrix:
01/04/2018 17:34:27 [INFO] exp_shallowmodel: 
[[ 33   1  11  14]
 [  3   2   5   2]
 [  6   0 385   5]
 [ 15   1   6  33]]
01/04/2018 17:34:27 [INFO] exp_shallowmodel: ******************** ghome - Round 1 
01/04/2018 17:34:27 [INFO] exp_shallowmodel: #(data) = 4197
01/04/2018 17:34:27 [INFO] exp_shallowmodel: #(feature) = 1168
01/04/2018 17:34:27 [INFO] exp_shallowmodel: ================================================================================
01/04/2018 17:34:27 [INFO] exp_shallowmodel: LR.pen=l1.C=1.000000
01/04/2018 17:34:27 [INFO] exp_shallowmodel: ________________________________________________________________________________
01/04/2018 17:34:27 [INFO] exp_shallowmodel: Training: 
01/04/2018 17:34:27 [INFO] exp_shallowmodel: LogisticRegression(C=1, class_weight=None, dual=False, fit_intercept=True,
          intercept_scaling=1, max_iter=100, multi_class='ovr', n_jobs=1,
          penalty='l1', random_state=None, solver='liblinear', tol=0.0001,
          verbose=0, warm_start=False)
01/04/2018 17:34:50 [INFO] exp_shallowmodel: train time: 23.751s
01/04/2018 17:34:50 [INFO] exp_shallowmodel: test time:  0.001s
01/04/2018 17:34:50 [INFO] exp_shallowmodel: accuracy:   0.858
01/04/2018 17:34:50 [INFO] exp_shallowmodel: f1_score:   0.566
01/04/2018 17:34:50 [INFO] exp_shallowmodel: classification report:
01/04/2018 17:34:50 [INFO] exp_shallowmodel:              precision    recall  f1-score   support

          A       0.63      0.61      0.62        59
          C       0.25      0.08      0.12        12
          F       0.93      0.96      0.95       396
          R       0.58      0.56      0.57        55

avg / total       0.85      0.86      0.85       522

01/04/2018 17:34:50 [INFO] exp_shallowmodel: confusion matrix:
01/04/2018 17:34:50 [INFO] exp_shallowmodel: 
[[ 36   0  11  12]
 [  2   1   6   3]
 [  8   1 380   7]
 [ 11   2  11  31]]
01/04/2018 17:34:51 [INFO] exp_shallowmodel: Feature selection of top 100, ranked by LR weights (selectable:non-selectable=18:82)
Done: 20180104-173451
