/ihome/pbrusilosky/rum20/packages/anaconda3/bin/python -m dialogue.classify.task_runner -experiment_mode discrete_feature_selection -selected_feature_set_id 13 -add_similarity_feature -selected_context_id 0 -k_feature_to_keep 7
No. of param settings = 1
[('experiment_mode', 'discrete_feature_selection'), ('deep_model', False), ('selected_context_id', 0), ('selected_feature_set_id', 13), ('similarity_feature', True), ('k_feature_to_keep', 7)]
01/04/2018 17:31:30 [INFO] configuration: experiment_mode  :   discrete_feature_selection
01/04/2018 17:31:30 [INFO] configuration: deep_model  :   False
01/04/2018 17:31:30 [INFO] configuration: selected_context_id  :   0
01/04/2018 17:31:30 [INFO] configuration: selected_feature_set_id  :   13
01/04/2018 17:31:30 [INFO] configuration: similarity_feature  :   True
01/04/2018 17:31:30 [INFO] configuration: k_feature_to_keep  :   7
01/04/2018 17:31:30 [INFO] configuration: seed  :   154316847
01/04/2018 17:31:30 [INFO] configuration: root_path  :   /ihome/pbrusilosky/rum20/y_classify
01/04/2018 17:31:30 [INFO] configuration: task_name  :   utterance_type
01/04/2018 17:31:30 [INFO] configuration: timemark  :   20180104-173130
01/04/2018 17:31:30 [INFO] configuration: context_set  :   next
01/04/2018 17:31:30 [INFO] configuration: utterance_names  :   ['last_user_utterance', 'last_system_utterance', 'current_user_utterance', 'next_system_utterance', 'next_user_utterance']
01/04/2018 17:31:30 [INFO] configuration: utterance_range  :   ['current_user_utterance', 'next_system_utterance', 'next_user_utterance']
01/04/2018 17:31:30 [INFO] configuration: feature_set  :   13-[8+1.3.4]
01/04/2018 17:31:30 [INFO] configuration: feature_set_number  :   ['1', '2', '3', '5', '6', '7', '11']
01/04/2018 17:31:30 [INFO] configuration: experiment_name  :   20180104-173130.discrete_feature_selection.feature_number=7.context=next.feature=13-[8+1.3.4].similarity=true
01/04/2018 17:31:30 [INFO] configuration: experiment_path  :   /ihome/pbrusilosky/rum20/y_classify/output/20180104-173130.discrete_feature_selection.feature_number=7.context=next.feature=13-[8+1.3.4].similarity=true
01/04/2018 17:31:30 [INFO] configuration: log_path  :   /ihome/pbrusilosky/rum20/y_classify/output/20180104-173130.discrete_feature_selection.feature_number=7.context=next.feature=13-[8+1.3.4].similarity=true/output.log
01/04/2018 17:31:30 [INFO] configuration: valid_type  :   {'R', 'C', 'F', 'A'}
01/04/2018 17:31:30 [INFO] configuration: data_name  :   
01/04/2018 17:31:30 [INFO] configuration: data_names  :   ['dstc2', 'dstc3', 'family', 'ghome']
01/04/2018 17:31:30 [INFO] configuration: raw_feature_path  :   /ihome/pbrusilosky/rum20/y_classify/dataset/feature/%s.raw_feature.pkl
01/04/2018 17:31:30 [INFO] configuration: extracted_feature_path  :   /ihome/pbrusilosky/rum20/y_classify/dataset/feature/%s.extracted_feature.pkl
01/04/2018 17:31:30 [INFO] configuration: pipeline_path  :   /ihome/pbrusilosky/rum20/y_classify/dataset/feature/%s.pipeline.pkl
01/04/2018 17:31:30 [INFO] configuration: metrics  :   ['accuracy', 'precision', 'recall', 'f1_score', 'training_time', 'test_time']
01/04/2018 17:31:30 [INFO] configuration: do_cross_validation  :   True
01/04/2018 17:31:30 [INFO] configuration: #division  :   5
01/04/2018 17:31:30 [INFO] configuration: #cross_validation  :   10
01/04/2018 17:31:30 [INFO] configuration: cv_index_cache_path  :   
01/04/2018 17:31:30 [INFO] configuration: action_words  :   {'clear', 'share', 'reminders', 'weather', 'findcar', 'stop', 'reminds', 'reminder', 'shuffle', 'volume', 'centre', 'centr', 'post', 'any', 'area', 'start', 'delete', 'temperature', 'timer', 'telephon', 'next', 'matter', 'play', 'shuffl', 'add', 'list', 'delet', 'moderate', 'discard', 'part', 'expensive', 'phone', 'turn', 'price', 'remov', 'cheap', 'skip', 'cast', 'video', 'time', 'alarm', 'temperatur', 'south', 'moder', 'telephone', 'music', 'else', 'snooz', 'food', 'watch', 'item', 'expens', 'address', 'tell', 'items', 'ani', 'number', 'help', 'snooze', 'remind', 'volum', 'findcare', 'show', 'room', 'song', 'remove', 'north', 'member', 'light', 'els'}
01/04/2018 17:31:30 [INFO] configuration: corenlp_jars  :   ('/Users/memray/Project/stanford/stanford-corenlp-full-3.8.0/*', '/Users/memray/Project/stanford/stanford-corenlp-full-3.8.0/stanford-english-kbp-corenlp-2017-06-09-models.jar')
01/04/2018 17:31:30 [INFO] configuration: lda_topic_number  :   50
01/04/2018 17:31:30 [INFO] configuration: lda_path  :   /ihome/pbrusilosky/rum20/y_classify/dataset/feature/gensim/%s.topic=50.lda.pkl
01/04/2018 17:31:30 [INFO] configuration: gensim_corpus_path  :   /ihome/pbrusilosky/rum20/y_classify/dataset/feature/gensim/%s.corpus.pkl
01/04/2018 17:31:30 [INFO] configuration: gensim_dict_path  :   /ihome/pbrusilosky/rum20/y_classify/dataset/feature/gensim/%s.dict
01/04/2018 17:31:30 [INFO] configuration: w2v_path  :   /home/memray/Data/glove/GoogleNews-vectors-negative300.bin
01/04/2018 17:31:30 [INFO] configuration: w2v_vector_length  :   300
01/04/2018 17:31:30 [INFO] configuration: d2v_vector_length  :   300
01/04/2018 17:31:30 [INFO] configuration: d2v_window_size  :   5
01/04/2018 17:31:30 [INFO] configuration: d2v_min_count  :   2
01/04/2018 17:31:30 [INFO] configuration: d2v_model_path  :   /ihome/pbrusilosky/rum20/y_classify/dataset/feature/gensim/%s.doc2vec.dim=300.window=5.min_count=2.model
01/04/2018 17:31:30 [INFO] configuration: d2v_vector_path  :   /ihome/pbrusilosky/rum20/y_classify/dataset/feature/gensim/%s.doc2vec.dim=300.window=5.min_count=2.vector
01/04/2018 17:31:30 [INFO] configuration: num_word_keep  :   {'dstc2': 300, 'dstc3': 300, 'family': 1000, 'ghome': 1000}
01/04/2018 17:31:30 [INFO] configuration: batch_size  :   128
01/04/2018 17:31:30 [INFO] configuration: max_epoch  :   50
01/04/2018 17:31:30 [INFO] configuration: early_stop_tolerance  :   2
01/04/2018 17:31:30 [INFO] configuration: concat_sents  :   False
01/04/2018 17:31:30 [INFO] configuration: cnn_setting  :   {'model': 'multichannel', 'early_stopping': True, 'word_dim': 300, 'filters': [3, 4, 5], 'filter_num': [100, 100, 100], 'class_size': 4, 'batch_size': 128, 'learning_rate': 0.001, 'norm_limit': 10, 'dropout_prob': 0.0, 'sentence_num': 3}
01/04/2018 17:31:30 [INFO] configuration: skipthought_setting  :   {'skipthought_model_path': '/Users/memray/Data/skip-thought', 'skipthought_data_path': '/ihome/pbrusilosky/rum20/y_classify/dataset/feature/gensim/%s.skip-thought.biskip.vector', 'fixed_emb': True, 'sentence_num': 3, 'hidden_size': 2400, 'class_size': 4, 'learning_rate': 0.0001, 'norm_limit': 3, 'dropout_prob': 0.5}
01/04/2018 17:31:30 [INFO] configuration: lstm_setting  :   {'model': 'non-static', 'hidden_size': 32, 'embedding_size': 300, 'num_layers': 1, 'bidirectional': False, 'learning_rate': 0.001, 'class_size': 4, 'norm_limit': 2, 'clip_grad_norm': 2, 'dropout_prob': 0.1}
01/04/2018 17:31:34 [INFO] exp_shallowmodel: %%%%%%%%%%%%%%%%%%%%%%%%%%%%%%%%%%%%%%%%%%%%%%%%%%
01/04/2018 17:31:34 [INFO] exp_shallowmodel:           dataset=dstc2
01/04/2018 17:31:34 [INFO] exp_shallowmodel:           k_feature_to_keep=7
01/04/2018 17:31:34 [INFO] exp_shallowmodel:           X_new.shape=(5725, 7339)
01/04/2018 17:31:34 [INFO] exp_shallowmodel:           #(X_selected)=128
01/04/2018 17:31:34 [INFO] exp_shallowmodel:           #(X_not_selectable)=7211
01/04/2018 17:31:34 [INFO] exp_shallowmodel: %%%%%%%%%%%%%%%%%%%%%%%%%%%%%%%%%%%%%%%%%%%%%%%%%%
01/04/2018 17:31:35 [INFO] exp_shallowmodel: ******************** dstc2 - Round 0 
01/04/2018 17:31:35 [INFO] exp_shallowmodel: #(data) = 4583
01/04/2018 17:31:35 [INFO] exp_shallowmodel: #(feature) = 7339
01/04/2018 17:31:35 [INFO] exp_shallowmodel: ================================================================================
01/04/2018 17:31:35 [INFO] exp_shallowmodel: LR.pen=l1.C=1.000000
01/04/2018 17:31:35 [INFO] exp_shallowmodel: ________________________________________________________________________________
01/04/2018 17:31:35 [INFO] exp_shallowmodel: Training: 
01/04/2018 17:31:35 [INFO] exp_shallowmodel: LogisticRegression(C=1, class_weight=None, dual=False, fit_intercept=True,
          intercept_scaling=1, max_iter=100, multi_class='ovr', n_jobs=1,
          penalty='l1', random_state=None, solver='liblinear', tol=0.0001,
          verbose=0, warm_start=False)
01/04/2018 17:32:06 [INFO] exp_shallowmodel: train time: 30.797s
01/04/2018 17:32:06 [INFO] exp_shallowmodel: test time:  0.006s
01/04/2018 17:32:06 [INFO] exp_shallowmodel: accuracy:   0.837
01/04/2018 17:32:06 [INFO] exp_shallowmodel: f1_score:   0.755
01/04/2018 17:32:06 [INFO] exp_shallowmodel: classification report:
01/04/2018 17:32:06 [INFO] exp_shallowmodel:              precision    recall  f1-score   support

          A       0.64      0.50      0.56        14
          C       0.80      0.82      0.81       164
          F       0.91      0.91      0.91       268
          R       0.74      0.74      0.74       125

avg / total       0.84      0.84      0.84       571

01/04/2018 17:32:06 [INFO] exp_shallowmodel: confusion matrix:
01/04/2018 17:32:06 [INFO] exp_shallowmodel: 
[[  7   2   4   1]
 [  0 134   9  21]
 [  3   9 245  11]
 [  1  22  10  92]]
01/04/2018 17:32:07 [INFO] exp_shallowmodel: ******************** dstc2 - Round 1 
01/04/2018 17:32:07 [INFO] exp_shallowmodel: #(data) = 4583
01/04/2018 17:32:07 [INFO] exp_shallowmodel: #(feature) = 7339
01/04/2018 17:32:07 [INFO] exp_shallowmodel: ================================================================================
01/04/2018 17:32:07 [INFO] exp_shallowmodel: LR.pen=l1.C=1.000000
01/04/2018 17:32:07 [INFO] exp_shallowmodel: ________________________________________________________________________________
01/04/2018 17:32:07 [INFO] exp_shallowmodel: Training: 
01/04/2018 17:32:07 [INFO] exp_shallowmodel: LogisticRegression(C=1, class_weight=None, dual=False, fit_intercept=True,
          intercept_scaling=1, max_iter=100, multi_class='ovr', n_jobs=1,
          penalty='l1', random_state=None, solver='liblinear', tol=0.0001,
          verbose=0, warm_start=False)
01/04/2018 17:32:39 [INFO] exp_shallowmodel: train time: 31.458s
01/04/2018 17:32:39 [INFO] exp_shallowmodel: test time:  0.006s
01/04/2018 17:32:39 [INFO] exp_shallowmodel: accuracy:   0.807
01/04/2018 17:32:39 [INFO] exp_shallowmodel: f1_score:   0.714
01/04/2018 17:32:39 [INFO] exp_shallowmodel: classification report:
01/04/2018 17:32:39 [INFO] exp_shallowmodel:              precision    recall  f1-score   support

          A       0.83      0.36      0.50        14
          C       0.74      0.72      0.73       164
          F       0.89      0.92      0.90       268
          R       0.71      0.73      0.72       125

avg / total       0.81      0.81      0.80       571

01/04/2018 17:32:39 [INFO] exp_shallowmodel: confusion matrix:
01/04/2018 17:32:39 [INFO] exp_shallowmodel: 
[[  5   3   5   1]
 [  0 118  19  27]
 [  1  11 247   9]
 [  0  27   7  91]]
01/04/2018 17:32:39 [INFO] exp_shallowmodel: Feature selection of top 100, ranked by LR weights (selectable:non-selectable=12:88)
01/04/2018 17:32:44 [INFO] exp_shallowmodel: %%%%%%%%%%%%%%%%%%%%%%%%%%%%%%%%%%%%%%%%%%%%%%%%%%
01/04/2018 17:32:44 [INFO] exp_shallowmodel:           dataset=dstc3
01/04/2018 17:32:44 [INFO] exp_shallowmodel:           k_feature_to_keep=7
01/04/2018 17:32:44 [INFO] exp_shallowmodel:           X_new.shape=(5934, 7339)
01/04/2018 17:32:44 [INFO] exp_shallowmodel:           #(X_selected)=128
01/04/2018 17:32:44 [INFO] exp_shallowmodel:           #(X_not_selectable)=7211
01/04/2018 17:32:44 [INFO] exp_shallowmodel: %%%%%%%%%%%%%%%%%%%%%%%%%%%%%%%%%%%%%%%%%%%%%%%%%%
01/04/2018 17:32:46 [INFO] exp_shallowmodel: ******************** dstc3 - Round 0 
01/04/2018 17:32:46 [INFO] exp_shallowmodel: #(data) = 4750
01/04/2018 17:32:46 [INFO] exp_shallowmodel: #(feature) = 7339
01/04/2018 17:32:46 [INFO] exp_shallowmodel: ================================================================================
01/04/2018 17:32:46 [INFO] exp_shallowmodel: LR.pen=l1.C=1.000000
01/04/2018 17:32:46 [INFO] exp_shallowmodel: ________________________________________________________________________________
01/04/2018 17:32:46 [INFO] exp_shallowmodel: Training: 
01/04/2018 17:32:46 [INFO] exp_shallowmodel: LogisticRegression(C=1, class_weight=None, dual=False, fit_intercept=True,
          intercept_scaling=1, max_iter=100, multi_class='ovr', n_jobs=1,
          penalty='l1', random_state=None, solver='liblinear', tol=0.0001,
          verbose=0, warm_start=False)
01/04/2018 17:33:22 [INFO] exp_shallowmodel: train time: 35.636s
01/04/2018 17:33:22 [INFO] exp_shallowmodel: test time:  0.008s
01/04/2018 17:33:22 [INFO] exp_shallowmodel: accuracy:   0.789
01/04/2018 17:33:22 [INFO] exp_shallowmodel: f1_score:   0.707
01/04/2018 17:33:22 [INFO] exp_shallowmodel: classification report:
01/04/2018 17:33:22 [INFO] exp_shallowmodel:              precision    recall  f1-score   support

          A       0.57      0.60      0.59        20
          C       0.73      0.78      0.75       169
          F       0.91      0.91      0.91       281
          R       0.62      0.54      0.58       122

avg / total       0.79      0.79      0.79       592

01/04/2018 17:33:22 [INFO] exp_shallowmodel: confusion matrix:
01/04/2018 17:33:22 [INFO] exp_shallowmodel: 
[[ 12   1   5   2]
 [  2 132   9  26]
 [  4   7 257  13]
 [  3  41  12  66]]
01/04/2018 17:33:23 [INFO] exp_shallowmodel: ******************** dstc3 - Round 1 
01/04/2018 17:33:23 [INFO] exp_shallowmodel: #(data) = 4750
01/04/2018 17:33:23 [INFO] exp_shallowmodel: #(feature) = 7339
01/04/2018 17:33:23 [INFO] exp_shallowmodel: ================================================================================
01/04/2018 17:33:23 [INFO] exp_shallowmodel: LR.pen=l1.C=1.000000
01/04/2018 17:33:23 [INFO] exp_shallowmodel: ________________________________________________________________________________
01/04/2018 17:33:23 [INFO] exp_shallowmodel: Training: 
01/04/2018 17:33:23 [INFO] exp_shallowmodel: LogisticRegression(C=1, class_weight=None, dual=False, fit_intercept=True,
          intercept_scaling=1, max_iter=100, multi_class='ovr', n_jobs=1,
          penalty='l1', random_state=None, solver='liblinear', tol=0.0001,
          verbose=0, warm_start=False)
01/04/2018 17:33:58 [INFO] exp_shallowmodel: train time: 35.300s
01/04/2018 17:33:58 [INFO] exp_shallowmodel: test time:  0.007s
01/04/2018 17:33:58 [INFO] exp_shallowmodel: accuracy:   0.794
01/04/2018 17:33:58 [INFO] exp_shallowmodel: f1_score:   0.671
01/04/2018 17:33:58 [INFO] exp_shallowmodel: classification report:
01/04/2018 17:33:58 [INFO] exp_shallowmodel:              precision    recall  f1-score   support

          A       0.40      0.40      0.40        20
          C       0.77      0.78      0.77       169
          F       0.90      0.93      0.91       281
          R       0.63      0.57      0.60       122

avg / total       0.79      0.79      0.79       592

01/04/2018 17:33:58 [INFO] exp_shallowmodel: confusion matrix:
01/04/2018 17:33:58 [INFO] exp_shallowmodel: 
[[  8   1   6   5]
 [  4 131   8  26]
 [  4   6 261  10]
 [  4  33  15  70]]
01/04/2018 17:33:59 [INFO] exp_shallowmodel: Feature selection of top 100, ranked by LR weights (selectable:non-selectable=12:88)
01/04/2018 17:34:06 [INFO] exp_shallowmodel: %%%%%%%%%%%%%%%%%%%%%%%%%%%%%%%%%%%%%%%%%%%%%%%%%%
01/04/2018 17:34:06 [INFO] exp_shallowmodel:           dataset=family
01/04/2018 17:34:06 [INFO] exp_shallowmodel:           k_feature_to_keep=7
01/04/2018 17:34:06 [INFO] exp_shallowmodel:           X_new.shape=(3530, 7341)
01/04/2018 17:34:06 [INFO] exp_shallowmodel:           #(X_selected)=128
01/04/2018 17:34:06 [INFO] exp_shallowmodel:           #(X_not_selectable)=7213
01/04/2018 17:34:06 [INFO] exp_shallowmodel: %%%%%%%%%%%%%%%%%%%%%%%%%%%%%%%%%%%%%%%%%%%%%%%%%%
01/04/2018 17:34:07 [INFO] exp_shallowmodel: ******************** family - Round 0 
01/04/2018 17:34:07 [INFO] exp_shallowmodel: #(data) = 2826
01/04/2018 17:34:07 [INFO] exp_shallowmodel: #(feature) = 7341
01/04/2018 17:34:07 [INFO] exp_shallowmodel: ================================================================================
01/04/2018 17:34:07 [INFO] exp_shallowmodel: LR.pen=l1.C=1.000000
01/04/2018 17:34:07 [INFO] exp_shallowmodel: ________________________________________________________________________________
01/04/2018 17:34:07 [INFO] exp_shallowmodel: Training: 
01/04/2018 17:34:07 [INFO] exp_shallowmodel: LogisticRegression(C=1, class_weight=None, dual=False, fit_intercept=True,
          intercept_scaling=1, max_iter=100, multi_class='ovr', n_jobs=1,
          penalty='l1', random_state=None, solver='liblinear', tol=0.0001,
          verbose=0, warm_start=False)
01/04/2018 17:34:20 [INFO] exp_shallowmodel: train time: 12.648s
01/04/2018 17:34:20 [INFO] exp_shallowmodel: test time:  0.004s
01/04/2018 17:34:20 [INFO] exp_shallowmodel: accuracy:   0.847
01/04/2018 17:34:20 [INFO] exp_shallowmodel: f1_score:   0.639
01/04/2018 17:34:20 [INFO] exp_shallowmodel: classification report:
01/04/2018 17:34:20 [INFO] exp_shallowmodel:              precision    recall  f1-score   support

          A       0.53      0.35      0.42        23
          C       0.55      0.59      0.57        27
          F       0.94      0.97      0.96       250
          R       0.62      0.60      0.61        52

avg / total       0.84      0.85      0.84       352

01/04/2018 17:34:20 [INFO] exp_shallowmodel: confusion matrix:
01/04/2018 17:34:20 [INFO] exp_shallowmodel: 
[[  8   4   7   4]
 [  3  16   0   8]
 [  0   0 243   7]
 [  4   9   8  31]]
01/04/2018 17:34:21 [INFO] exp_shallowmodel: ******************** family - Round 1 
01/04/2018 17:34:21 [INFO] exp_shallowmodel: #(data) = 2826
01/04/2018 17:34:21 [INFO] exp_shallowmodel: #(feature) = 7341
01/04/2018 17:34:21 [INFO] exp_shallowmodel: ================================================================================
01/04/2018 17:34:21 [INFO] exp_shallowmodel: LR.pen=l1.C=1.000000
01/04/2018 17:34:21 [INFO] exp_shallowmodel: ________________________________________________________________________________
01/04/2018 17:34:21 [INFO] exp_shallowmodel: Training: 
01/04/2018 17:34:21 [INFO] exp_shallowmodel: LogisticRegression(C=1, class_weight=None, dual=False, fit_intercept=True,
          intercept_scaling=1, max_iter=100, multi_class='ovr', n_jobs=1,
          penalty='l1', random_state=None, solver='liblinear', tol=0.0001,
          verbose=0, warm_start=False)
01/04/2018 17:34:33 [INFO] exp_shallowmodel: train time: 12.060s
01/04/2018 17:34:33 [INFO] exp_shallowmodel: test time:  0.004s
01/04/2018 17:34:33 [INFO] exp_shallowmodel: accuracy:   0.889
01/04/2018 17:34:33 [INFO] exp_shallowmodel: f1_score:   0.754
01/04/2018 17:34:33 [INFO] exp_shallowmodel: classification report:
01/04/2018 17:34:33 [INFO] exp_shallowmodel:              precision    recall  f1-score   support

          A       0.64      0.39      0.49        23
          C       0.87      0.74      0.80        27
          F       0.93      0.97      0.95       250
          R       0.77      0.79      0.78        52

avg / total       0.88      0.89      0.88       352

01/04/2018 17:34:33 [INFO] exp_shallowmodel: confusion matrix:
01/04/2018 17:34:33 [INFO] exp_shallowmodel: 
[[  9   2   9   3]
 [  2  20   0   5]
 [  2   1 243   4]
 [  1   0  10  41]]
01/04/2018 17:34:33 [INFO] exp_shallowmodel: Feature selection of top 100, ranked by LR weights (selectable:non-selectable=28:72)
01/04/2018 17:34:43 [INFO] exp_shallowmodel: %%%%%%%%%%%%%%%%%%%%%%%%%%%%%%%%%%%%%%%%%%%%%%%%%%
01/04/2018 17:34:43 [INFO] exp_shallowmodel:           dataset=ghome
01/04/2018 17:34:43 [INFO] exp_shallowmodel:           k_feature_to_keep=7
01/04/2018 17:34:43 [INFO] exp_shallowmodel:           X_new.shape=(5241, 7340)
01/04/2018 17:34:43 [INFO] exp_shallowmodel:           #(X_selected)=128
01/04/2018 17:34:43 [INFO] exp_shallowmodel:           #(X_not_selectable)=7212
01/04/2018 17:34:43 [INFO] exp_shallowmodel: %%%%%%%%%%%%%%%%%%%%%%%%%%%%%%%%%%%%%%%%%%%%%%%%%%
01/04/2018 17:34:44 [INFO] exp_shallowmodel: ******************** ghome - Round 0 
01/04/2018 17:34:44 [INFO] exp_shallowmodel: #(data) = 4197
01/04/2018 17:34:44 [INFO] exp_shallowmodel: #(feature) = 7340
01/04/2018 17:34:44 [INFO] exp_shallowmodel: ================================================================================
01/04/2018 17:34:44 [INFO] exp_shallowmodel: LR.pen=l1.C=1.000000
01/04/2018 17:34:44 [INFO] exp_shallowmodel: ________________________________________________________________________________
01/04/2018 17:34:44 [INFO] exp_shallowmodel: Training: 
01/04/2018 17:34:44 [INFO] exp_shallowmodel: LogisticRegression(C=1, class_weight=None, dual=False, fit_intercept=True,
          intercept_scaling=1, max_iter=100, multi_class='ovr', n_jobs=1,
          penalty='l1', random_state=None, solver='liblinear', tol=0.0001,
          verbose=0, warm_start=False)
01/04/2018 17:35:05 [INFO] exp_shallowmodel: train time: 21.025s
01/04/2018 17:35:05 [INFO] exp_shallowmodel: test time:  0.006s
01/04/2018 17:35:05 [INFO] exp_shallowmodel: accuracy:   0.864
01/04/2018 17:35:05 [INFO] exp_shallowmodel: f1_score:   0.583
01/04/2018 17:35:05 [INFO] exp_shallowmodel: classification report:
01/04/2018 17:35:05 [INFO] exp_shallowmodel:              precision    recall  f1-score   support

          A       0.60      0.46      0.52        59
          C       0.33      0.17      0.22        12
          F       0.93      0.97      0.95       396
          R       0.62      0.65      0.64        55

avg / total       0.85      0.86      0.85       522

01/04/2018 17:35:05 [INFO] exp_shallowmodel: confusion matrix:
01/04/2018 17:35:05 [INFO] exp_shallowmodel: 
[[ 27   1  13  18]
 [  2   2   7   1]
 [  4   3 386   3]
 [ 12   0   7  36]]
01/04/2018 17:35:06 [INFO] exp_shallowmodel: ******************** ghome - Round 1 
01/04/2018 17:35:06 [INFO] exp_shallowmodel: #(data) = 4197
01/04/2018 17:35:06 [INFO] exp_shallowmodel: #(feature) = 7340
01/04/2018 17:35:06 [INFO] exp_shallowmodel: ================================================================================
01/04/2018 17:35:06 [INFO] exp_shallowmodel: LR.pen=l1.C=1.000000
01/04/2018 17:35:06 [INFO] exp_shallowmodel: ________________________________________________________________________________
01/04/2018 17:35:06 [INFO] exp_shallowmodel: Training: 
01/04/2018 17:35:06 [INFO] exp_shallowmodel: LogisticRegression(C=1, class_weight=None, dual=False, fit_intercept=True,
          intercept_scaling=1, max_iter=100, multi_class='ovr', n_jobs=1,
          penalty='l1', random_state=None, solver='liblinear', tol=0.0001,
          verbose=0, warm_start=False)
01/04/2018 17:35:27 [INFO] exp_shallowmodel: train time: 20.560s
01/04/2018 17:35:27 [INFO] exp_shallowmodel: test time:  0.005s
01/04/2018 17:35:27 [INFO] exp_shallowmodel: accuracy:   0.868
01/04/2018 17:35:27 [INFO] exp_shallowmodel: f1_score:   0.628
01/04/2018 17:35:27 [INFO] exp_shallowmodel: classification report:
01/04/2018 17:35:27 [INFO] exp_shallowmodel:              precision    recall  f1-score   support

          A       0.65      0.66      0.66        59
          C       0.38      0.25      0.30        12
          F       0.94      0.95      0.95       396
          R       0.61      0.60      0.61        55

avg / total       0.86      0.87      0.87       522

01/04/2018 17:35:27 [INFO] exp_shallowmodel: confusion matrix:
01/04/2018 17:35:27 [INFO] exp_shallowmodel: 
[[ 39   1   8  11]
 [  3   3   5   1]
 [  7   2 378   9]
 [ 11   2   9  33]]
01/04/2018 17:35:28 [INFO] exp_shallowmodel: Feature selection of top 100, ranked by LR weights (selectable:non-selectable=17:83)
Done: 20180104-173528
