/ihome/pbrusilosky/rum20/packages/anaconda3/bin/python -m dialogue.classify.task_runner -experiment_mode feature_selection -selected_feature_set_id 11 -add_similarity_feature -selected_context_id 0 -k_feature_to_keep 12
No. of param settings = 1
[('experiment_mode', 'feature_selection'), ('deep_model', False), ('selected_context_id', 0), ('selected_feature_set_id', 11), ('similarity_feature', True), ('k_feature_to_keep', 12)]
12/29/2017 21:32:10 [INFO] configuration: experiment_mode  :   feature_selection
12/29/2017 21:32:10 [INFO] configuration: deep_model  :   False
12/29/2017 21:32:10 [INFO] configuration: selected_context_id  :   0
12/29/2017 21:32:10 [INFO] configuration: selected_feature_set_id  :   11
12/29/2017 21:32:10 [INFO] configuration: similarity_feature  :   True
12/29/2017 21:32:10 [INFO] configuration: k_feature_to_keep  :   12
12/29/2017 21:32:10 [INFO] configuration: seed  :   154316847
12/29/2017 21:32:10 [INFO] configuration: root_path  :   /ihome/pbrusilosky/rum20/y_classify
12/29/2017 21:32:10 [INFO] configuration: task_name  :   utterance_type
12/29/2017 21:32:10 [INFO] configuration: timemark  :   20171229-213210
12/29/2017 21:32:10 [INFO] configuration: context_set  :   next
12/29/2017 21:32:10 [INFO] configuration: utterance_names  :   ['last_user_utterance', 'last_system_utterance', 'current_user_utterance', 'next_system_utterance', 'next_user_utterance']
12/29/2017 21:32:10 [INFO] configuration: utterance_range  :   ['current_user_utterance', 'next_system_utterance', 'next_user_utterance']
12/29/2017 21:32:10 [INFO] configuration: feature_set  :   11-[6+1.3.4]
12/29/2017 21:32:10 [INFO] configuration: feature_set_number  :   ['1', '2', '3', '5', '6', '7', '9']
12/29/2017 21:32:10 [INFO] configuration: experiment_name  :   20171229-213210.feature_selection.feature_number=12.context=next.feature=11-[6+1.3.4].similarity=true
12/29/2017 21:32:10 [INFO] configuration: experiment_path  :   /ihome/pbrusilosky/rum20/y_classify/output/20171229-213210.feature_selection.feature_number=12.context=next.feature=11-[6+1.3.4].similarity=true
12/29/2017 21:32:10 [INFO] configuration: log_path  :   /ihome/pbrusilosky/rum20/y_classify/output/20171229-213210.feature_selection.feature_number=12.context=next.feature=11-[6+1.3.4].similarity=true/output.log
12/29/2017 21:32:10 [INFO] configuration: valid_type  :   {'A', 'F', 'C', 'R'}
12/29/2017 21:32:10 [INFO] configuration: data_name  :   
12/29/2017 21:32:10 [INFO] configuration: data_names  :   ['dstc2', 'dstc3', 'family', 'ghome']
12/29/2017 21:32:10 [INFO] configuration: raw_feature_path  :   /ihome/pbrusilosky/rum20/y_classify/dataset/feature/%s.raw_feature.pkl
12/29/2017 21:32:10 [INFO] configuration: extracted_feature_path  :   /ihome/pbrusilosky/rum20/y_classify/dataset/feature/%s.extracted_feature.pkl
12/29/2017 21:32:10 [INFO] configuration: pipeline_path  :   /ihome/pbrusilosky/rum20/y_classify/dataset/feature/%s.pipeline.pkl
12/29/2017 21:32:10 [INFO] configuration: metrics  :   ['accuracy', 'precision', 'recall', 'f1_score', 'training_time', 'test_time']
12/29/2017 21:32:10 [INFO] configuration: do_cross_validation  :   True
12/29/2017 21:32:10 [INFO] configuration: #division  :   5
12/29/2017 21:32:10 [INFO] configuration: #cross_validation  :   10
12/29/2017 21:32:10 [INFO] configuration: cv_index_cache_path  :   
12/29/2017 21:32:10 [INFO] configuration: action_words  :   {'share', 'song', 'expensive', 'items', 'part', 'shuffl', 'member', 'tell', 'item', 'remove', 'ani', 'telephone', 'moder', 'shuffle', 'food', 'add', 'list', 'reminder', 'music', 'next', 'moderate', 'address', 'snooze', 'snooz', 'volume', 'reminds', 'phone', 'room', 'expens', 'findcare', 'centr', 'els', 'volum', 'temperature', 'temperatur', 'alarm', 'else', 'start', 'clear', 'turn', 'number', 'discard', 'telephon', 'south', 'area', 'findcar', 'delete', 'remov', 'weather', 'show', 'play', 'watch', 'any', 'time', 'light', 'centre', 'delet', 'timer', 'cheap', 'help', 'reminders', 'north', 'stop', 'post', 'matter', 'price', 'video', 'remind', 'cast', 'skip'}
12/29/2017 21:32:10 [INFO] configuration: corenlp_jars  :   ('/Users/memray/Project/stanford/stanford-corenlp-full-3.8.0/*', '/Users/memray/Project/stanford/stanford-corenlp-full-3.8.0/stanford-english-kbp-corenlp-2017-06-09-models.jar')
12/29/2017 21:32:10 [INFO] configuration: lda_topic_number  :   50
12/29/2017 21:32:10 [INFO] configuration: lda_path  :   /ihome/pbrusilosky/rum20/y_classify/dataset/feature/gensim/%s.topic=50.lda.pkl
12/29/2017 21:32:10 [INFO] configuration: gensim_corpus_path  :   /ihome/pbrusilosky/rum20/y_classify/dataset/feature/gensim/%s.corpus.pkl
12/29/2017 21:32:10 [INFO] configuration: gensim_dict_path  :   /ihome/pbrusilosky/rum20/y_classify/dataset/feature/gensim/%s.dict
12/29/2017 21:32:10 [INFO] configuration: w2v_path  :   /Users/memray/Data/glove/GoogleNews-vectors-negative300.bin
12/29/2017 21:32:10 [INFO] configuration: w2v_vector_length  :   300
12/29/2017 21:32:10 [INFO] configuration: d2v_vector_length  :   300
12/29/2017 21:32:10 [INFO] configuration: d2v_window_size  :   5
12/29/2017 21:32:10 [INFO] configuration: d2v_min_count  :   2
12/29/2017 21:32:10 [INFO] configuration: d2v_model_path  :   /ihome/pbrusilosky/rum20/y_classify/dataset/feature/gensim/%s.doc2vec.dim=300.window=5.min_count=2.model
12/29/2017 21:32:10 [INFO] configuration: d2v_vector_path  :   /ihome/pbrusilosky/rum20/y_classify/dataset/feature/gensim/%s.doc2vec.dim=300.window=5.min_count=2.vector
12/29/2017 21:32:10 [INFO] configuration: num_word_keep  :   {'dstc2': 300, 'dstc3': 300, 'family': 1000, 'ghome': 1000}
12/29/2017 21:32:10 [INFO] configuration: batch_size  :   128
12/29/2017 21:32:10 [INFO] configuration: max_epoch  :   50
12/29/2017 21:32:10 [INFO] configuration: early_stop_tolerance  :   2
12/29/2017 21:32:10 [INFO] configuration: concat_sents  :   True
12/29/2017 21:32:10 [INFO] configuration: cnn_setting  :   {'MODEL': 'multichannel', 'EARLY_STOPPING': True, 'WORD_DIM': 300, 'FILTERS': [3, 4, 5], 'FILTER_NUM': [100, 100, 100], 'CLASS_SIZE': 4, 'BATCH_SIZE': 128, 'LEARNING_RATE': 0.001, 'NORM_LIMIT': 10, 'DROPOUT_PROB': 0.5}
12/29/2017 21:32:10 [INFO] configuration: skipthought_setting  :   {'skipthought_model_path': '/Users/memray/Data/skip-thought', 'skipthought_data_path': '/ihome/pbrusilosky/rum20/y_classify/dataset/feature/gensim/%s.skip-thought.biskip.vector', 'fixed_emb': True, 'sentence_num': 3, 'hidden_size': 2400, 'class_size': 4, 'learning_rate': 0.0001, 'norm_limit': 3, 'dropout_prob': 0.5}
12/29/2017 21:32:10 [INFO] configuration: lstm_setting  :   {'model': 'non-static', 'hidden_size': 32, 'embedding_size': 300, 'num_layers': 1, 'bidirectional': False, 'learning_rate': 0.001, 'class_size': 4, 'norm_limit': 2, 'clip_grad_norm': 2, 'dropout_prob': 0.1}
12/29/2017 21:32:13 [INFO] exp_shallowmodel: 1	3

12/29/2017 21:32:13 [INFO] exp_shallowmodel: 2.1	50

12/29/2017 21:32:13 [INFO] exp_shallowmodel: 2.2	2

12/29/2017 21:32:13 [INFO] exp_shallowmodel: 2.3.1	1

12/29/2017 21:32:14 [INFO] exp_shallowmodel: 3	5

12/29/2017 21:32:14 [INFO] exp_shallowmodel: 5	2184

12/29/2017 21:32:14 [INFO] exp_shallowmodel: 6	245

12/29/2017 21:32:14 [INFO] exp_shallowmodel: 7	910

12/29/2017 21:32:14 [INFO] exp_shallowmodel: 9.1	900

12/29/2017 21:32:14 [INFO] exp_shallowmodel: 9.2.1	1

12/29/2017 21:32:14 [INFO] exp_shallowmodel: 9.3.1	1

Traceback (most recent call last):
  File "/ihome/pbrusilosky/rum20/packages/anaconda3/lib/python3.6/runpy.py", line 193, in _run_module_as_main
    "__main__", mod_spec)
  File "/ihome/pbrusilosky/rum20/packages/anaconda3/lib/python3.6/runpy.py", line 85, in _run_code
    exec(code, run_globals)
  File "/ihome/pbrusilosky/rum20/y_classify/dialogue/classify/task_runner.py", line 202, in <module>
    worker(q, data_dict, opt)
  File "/ihome/pbrusilosky/rum20/y_classify/dialogue/classify/task_runner.py", line 167, in worker
    result = exp.run_cross_validation_with_feature_selection(X_new, Y, retained_feature_indices, retained_feature_names, opt.k_feature_to_keep)
  File "/ihome/pbrusilosky/rum20/y_classify/dialogue/classify/exp_shallowmodel.py", line 943, in run_cross_validation_with_feature_selection
    X_selected      = SelectKBest(chi2, k=num_feature).fit_transform(X_to_select, Y)
  File "/ihome/pbrusilosky/rum20/packages/anaconda3/lib/python3.6/site-packages/sklearn/base.py", line 520, in fit_transform
    return self.fit(X, y, **fit_params).transform(X)
  File "/ihome/pbrusilosky/rum20/packages/anaconda3/lib/python3.6/site-packages/sklearn/feature_selection/univariate_selection.py", line 348, in fit
    self._check_params(X, y)
  File "/ihome/pbrusilosky/rum20/packages/anaconda3/lib/python3.6/site-packages/sklearn/feature_selection/univariate_selection.py", line 493, in _check_params
    % self.k)
ValueError: k should be >=0, <= n_features; got 4096.Use k='all' to return all features.
srun: error: smp-n3: task 0: Exited with exit code 1
