/ihome/pbrusilosky/rum20/packages/anaconda3/bin/python -m dialogue.classify.task_runner -experiment_mode feature_selection -selected_feature_set_id 0 -add_similarity_feature -selected_context_id 0 -k_feature_to_keep 11
No. of param settings = 1
[('experiment_mode', 'feature_selection'), ('deep_model', False), ('selected_context_id', 0), ('selected_feature_set_id', 0), ('similarity_feature', True), ('k_feature_to_keep', 11)]
12/31/2017 18:15:54 [INFO] configuration: experiment_mode  :   feature_selection
12/31/2017 18:15:54 [INFO] configuration: deep_model  :   False
12/31/2017 18:15:54 [INFO] configuration: selected_context_id  :   0
12/31/2017 18:15:54 [INFO] configuration: selected_feature_set_id  :   0
12/31/2017 18:15:54 [INFO] configuration: similarity_feature  :   True
12/31/2017 18:15:54 [INFO] configuration: k_feature_to_keep  :   11
12/31/2017 18:15:54 [INFO] configuration: seed  :   154316847
12/31/2017 18:15:54 [INFO] configuration: root_path  :   /ihome/pbrusilosky/rum20/y_classify
12/31/2017 18:15:54 [INFO] configuration: task_name  :   utterance_type
12/31/2017 18:15:54 [INFO] configuration: timemark  :   20171231-181554
12/31/2017 18:15:54 [INFO] configuration: context_set  :   next
12/31/2017 18:15:54 [INFO] configuration: utterance_names  :   ['last_user_utterance', 'last_system_utterance', 'current_user_utterance', 'next_system_utterance', 'next_user_utterance']
12/31/2017 18:15:54 [INFO] configuration: utterance_range  :   ['current_user_utterance', 'next_system_utterance', 'next_user_utterance']
12/31/2017 18:15:54 [INFO] configuration: feature_set  :   0-all
12/31/2017 18:15:54 [INFO] configuration: feature_set_number  :   ['1', '2', '3', '4', '5', '6', '7', '8', '9', '10', '11']
12/31/2017 18:15:54 [INFO] configuration: experiment_name  :   20171231-181554.feature_selection.no_regularization.feature_number=11.context=next.feature=0-all.similarity=true
12/31/2017 18:15:54 [INFO] configuration: experiment_path  :   /ihome/pbrusilosky/rum20/y_classify/output/20171231-181554.feature_selection.no_regularization.feature_number=11.context=next.feature=0-all.similarity=true
12/31/2017 18:15:54 [INFO] configuration: log_path  :   /ihome/pbrusilosky/rum20/y_classify/output/20171231-181554.feature_selection.no_regularization.feature_number=11.context=next.feature=0-all.similarity=true/output.log
12/31/2017 18:15:54 [INFO] configuration: valid_type  :   {'R', 'C', 'A', 'F'}
12/31/2017 18:15:54 [INFO] configuration: data_name  :   
12/31/2017 18:15:54 [INFO] configuration: data_names  :   ['dstc2', 'dstc3', 'family', 'ghome']
12/31/2017 18:15:54 [INFO] configuration: raw_feature_path  :   /ihome/pbrusilosky/rum20/y_classify/dataset/feature/%s.raw_feature.pkl
12/31/2017 18:15:54 [INFO] configuration: extracted_feature_path  :   /ihome/pbrusilosky/rum20/y_classify/dataset/feature/%s.extracted_feature.pkl
12/31/2017 18:15:54 [INFO] configuration: pipeline_path  :   /ihome/pbrusilosky/rum20/y_classify/dataset/feature/%s.pipeline.pkl
12/31/2017 18:15:54 [INFO] configuration: metrics  :   ['accuracy', 'precision', 'recall', 'f1_score', 'training_time', 'test_time']
12/31/2017 18:15:54 [INFO] configuration: do_cross_validation  :   True
12/31/2017 18:15:54 [INFO] configuration: #division  :   5
12/31/2017 18:15:54 [INFO] configuration: #cross_validation  :   10
12/31/2017 18:15:54 [INFO] configuration: cv_index_cache_path  :   
12/31/2017 18:15:54 [INFO] configuration: action_words  :   {'room', 'start', 'reminds', 'share', 'matter', 'north', 'telephon', 'play', 'post', 'list', 'els', 'address', 'alarm', 'food', 'price', 'snooze', 'light', 'skip', 'next', 'south', 'reminders', 'discard', 'cast', 'centr', 'video', 'item', 'delet', 'volum', 'remove', 'delete', 'findcar', 'remov', 'clear', 'tell', 'member', 'add', 'turn', 'show', 'help', 'temperature', 'watch', 'expensive', 'area', 'song', 'timer', 'any', 'moder', 'remind', 'temperatur', 'ani', 'volume', 'findcare', 'number', 'shuffl', 'items', 'cheap', 'snooz', 'telephone', 'moderate', 'stop', 'expens', 'shuffle', 'time', 'reminder', 'part', 'else', 'weather', 'centre', 'phone', 'music'}
12/31/2017 18:15:54 [INFO] configuration: corenlp_jars  :   ('/Users/memray/Project/stanford/stanford-corenlp-full-3.8.0/*', '/Users/memray/Project/stanford/stanford-corenlp-full-3.8.0/stanford-english-kbp-corenlp-2017-06-09-models.jar')
12/31/2017 18:15:54 [INFO] configuration: lda_topic_number  :   50
12/31/2017 18:15:54 [INFO] configuration: lda_path  :   /ihome/pbrusilosky/rum20/y_classify/dataset/feature/gensim/%s.topic=50.lda.pkl
12/31/2017 18:15:54 [INFO] configuration: gensim_corpus_path  :   /ihome/pbrusilosky/rum20/y_classify/dataset/feature/gensim/%s.corpus.pkl
12/31/2017 18:15:54 [INFO] configuration: gensim_dict_path  :   /ihome/pbrusilosky/rum20/y_classify/dataset/feature/gensim/%s.dict
12/31/2017 18:15:54 [INFO] configuration: w2v_path  :   /Users/memray/Data/glove/GoogleNews-vectors-negative300.bin
12/31/2017 18:15:54 [INFO] configuration: w2v_vector_length  :   300
12/31/2017 18:15:54 [INFO] configuration: d2v_vector_length  :   300
12/31/2017 18:15:54 [INFO] configuration: d2v_window_size  :   5
12/31/2017 18:15:54 [INFO] configuration: d2v_min_count  :   2
12/31/2017 18:15:54 [INFO] configuration: d2v_model_path  :   /ihome/pbrusilosky/rum20/y_classify/dataset/feature/gensim/%s.doc2vec.dim=300.window=5.min_count=2.model
12/31/2017 18:15:54 [INFO] configuration: d2v_vector_path  :   /ihome/pbrusilosky/rum20/y_classify/dataset/feature/gensim/%s.doc2vec.dim=300.window=5.min_count=2.vector
12/31/2017 18:15:54 [INFO] configuration: num_word_keep  :   {'dstc2': 300, 'dstc3': 300, 'family': 1000, 'ghome': 1000}
12/31/2017 18:15:54 [INFO] configuration: batch_size  :   128
12/31/2017 18:15:54 [INFO] configuration: max_epoch  :   50
12/31/2017 18:15:54 [INFO] configuration: early_stop_tolerance  :   2
12/31/2017 18:15:54 [INFO] configuration: concat_sents  :   False
12/31/2017 18:15:54 [INFO] configuration: cnn_setting  :   {'model': 'rand', 'early_stopping': True, 'word_dim': 300, 'filters': [3, 4, 5], 'filter_num': [100, 100, 100], 'class_size': 4, 'batch_size': 128, 'learning_rate': 0.001, 'norm_limit': 10, 'dropout_prob': 0.5, 'sentence_num': 3}
12/31/2017 18:15:54 [INFO] configuration: skipthought_setting  :   {'skipthought_model_path': '/Users/memray/Data/skip-thought', 'skipthought_data_path': '/ihome/pbrusilosky/rum20/y_classify/dataset/feature/gensim/%s.skip-thought.biskip.vector', 'fixed_emb': True, 'sentence_num': 3, 'hidden_size': 2400, 'class_size': 4, 'learning_rate': 0.0001, 'norm_limit': 3, 'dropout_prob': 0.5}
12/31/2017 18:15:54 [INFO] configuration: lstm_setting  :   {'model': 'non-static', 'hidden_size': 32, 'embedding_size': 300, 'num_layers': 1, 'bidirectional': False, 'learning_rate': 0.001, 'class_size': 4, 'norm_limit': 2, 'clip_grad_norm': 2, 'dropout_prob': 0.1}
12/31/2017 18:15:59 [INFO] exp_shallowmodel: 1	8105

12/31/2017 18:15:59 [INFO] exp_shallowmodel: 10.1	900

12/31/2017 18:15:59 [INFO] exp_shallowmodel: 10.2.1	1

12/31/2017 18:15:59 [INFO] exp_shallowmodel: 11.1	7200

12/31/2017 18:15:59 [INFO] exp_shallowmodel: 11.2.1	1

12/31/2017 18:15:59 [INFO] exp_shallowmodel: 2.1	50

12/31/2017 18:15:59 [INFO] exp_shallowmodel: 2.2	2

12/31/2017 18:15:59 [INFO] exp_shallowmodel: 2.3.1	1

12/31/2017 18:15:59 [INFO] exp_shallowmodel: 3	5

12/31/2017 18:15:59 [INFO] exp_shallowmodel: 4.1	5174

12/31/2017 18:15:59 [INFO] exp_shallowmodel: 4.2.1	1

12/31/2017 18:15:59 [INFO] exp_shallowmodel: 4.3.1	1

12/31/2017 18:15:59 [INFO] exp_shallowmodel: 5	2184

12/31/2017 18:15:59 [INFO] exp_shallowmodel: 6	245

12/31/2017 18:15:59 [INFO] exp_shallowmodel: 7	910

12/31/2017 18:15:59 [INFO] exp_shallowmodel: 8.1	150

12/31/2017 18:15:59 [INFO] exp_shallowmodel: 8.2.1	1

12/31/2017 18:15:59 [INFO] exp_shallowmodel: 9.1	900

12/31/2017 18:15:59 [INFO] exp_shallowmodel: 9.2.1	1

12/31/2017 18:15:59 [INFO] exp_shallowmodel: 9.3.1	1

12/31/2017 18:16:00 [INFO] exp_shallowmodel: %%%%%%%%%%%%%%%%%%%%%%%%%%%%%%%%%%%%%%%%%%%%%%%%%%
12/31/2017 18:16:00 [INFO] exp_shallowmodel:           dataset=dstc2
12/31/2017 18:16:00 [INFO] exp_shallowmodel:           k_feature_to_keep=11
12/31/2017 18:16:00 [INFO] exp_shallowmodel:           X_new.shape=(5725, 11215)
12/31/2017 18:16:00 [INFO] exp_shallowmodel:           #(X_selected)=2048
12/31/2017 18:16:00 [INFO] exp_shallowmodel:           #(X_not_selectable)=9167
12/31/2017 18:16:00 [INFO] exp_shallowmodel: %%%%%%%%%%%%%%%%%%%%%%%%%%%%%%%%%%%%%%%%%%%%%%%%%%
12/31/2017 18:16:02 [INFO] exp_shallowmodel: ******************** dstc2 - Round 0 
12/31/2017 18:16:02 [INFO] exp_shallowmodel: #(data) = 4583
12/31/2017 18:16:02 [INFO] exp_shallowmodel: #(feature) = 11215
12/31/2017 18:16:02 [INFO] exp_shallowmodel: ================================================================================
12/31/2017 18:16:02 [INFO] exp_shallowmodel: LR.pen=l2.C=100000000000000000000.000000
12/31/2017 18:16:02 [INFO] exp_shallowmodel: ________________________________________________________________________________
12/31/2017 18:16:02 [INFO] exp_shallowmodel: Training: 
12/31/2017 18:16:02 [INFO] exp_shallowmodel: LogisticRegression(C=1e+20, class_weight=None, dual=False, fit_intercept=True,
          intercept_scaling=1, max_iter=100, multi_class='ovr', n_jobs=1,
          penalty='l2', random_state=None, solver='liblinear', tol=0.0001,
          verbose=0, warm_start=False)
12/31/2017 19:19:17 [INFO] exp_shallowmodel: train time: 3794.891s
12/31/2017 19:19:17 [INFO] exp_shallowmodel: test time:  0.010s
12/31/2017 19:19:17 [INFO] exp_shallowmodel: accuracy:   0.781
12/31/2017 19:19:17 [INFO] exp_shallowmodel: f1_score:   0.670
12/31/2017 19:19:17 [INFO] exp_shallowmodel: classification report:
12/31/2017 19:19:17 [INFO] exp_shallowmodel:              precision    recall  f1-score   support

          A       0.33      0.43      0.38        14
          C       0.72      0.76      0.74       164
          F       0.92      0.85      0.88       268
          R       0.67      0.70      0.68       125

avg / total       0.79      0.78      0.79       571

12/31/2017 19:19:17 [INFO] exp_shallowmodel: confusion matrix:
12/31/2017 19:19:17 [INFO] exp_shallowmodel: 
[[  6   3   5   0]
 [  6 124  11  23]
 [  5  14 228  21]
 [  1  31   5  88]]
12/31/2017 19:19:20 [INFO] exp_shallowmodel: ******************** dstc2 - Round 1 
12/31/2017 19:19:20 [INFO] exp_shallowmodel: #(data) = 4583
12/31/2017 19:19:20 [INFO] exp_shallowmodel: #(feature) = 11215
12/31/2017 19:19:20 [INFO] exp_shallowmodel: ================================================================================
12/31/2017 19:19:20 [INFO] exp_shallowmodel: LR.pen=l2.C=100000000000000000000.000000
12/31/2017 19:19:20 [INFO] exp_shallowmodel: ________________________________________________________________________________
12/31/2017 19:19:20 [INFO] exp_shallowmodel: Training: 
12/31/2017 19:19:20 [INFO] exp_shallowmodel: LogisticRegression(C=1e+20, class_weight=None, dual=False, fit_intercept=True,
          intercept_scaling=1, max_iter=100, multi_class='ovr', n_jobs=1,
          penalty='l2', random_state=None, solver='liblinear', tol=0.0001,
          verbose=0, warm_start=False)
12/31/2017 20:11:30 [INFO] exp_shallowmodel: train time: 3130.118s
12/31/2017 20:11:30 [INFO] exp_shallowmodel: test time:  0.010s
12/31/2017 20:11:30 [INFO] exp_shallowmodel: accuracy:   0.757
12/31/2017 20:11:30 [INFO] exp_shallowmodel: f1_score:   0.627
12/31/2017 20:11:30 [INFO] exp_shallowmodel: classification report:
12/31/2017 20:11:30 [INFO] exp_shallowmodel:              precision    recall  f1-score   support

          A       0.24      0.36      0.29        14
          C       0.72      0.63      0.67       164
          F       0.91      0.87      0.89       268
          R       0.61      0.74      0.67       125

avg / total       0.77      0.76      0.76       571

12/31/2017 20:11:30 [INFO] exp_shallowmodel: confusion matrix:
12/31/2017 20:11:30 [INFO] exp_shallowmodel: 
[[  5   3   3   3]
 [  9 103  14  38]
 [  4  15 232  17]
 [  3  23   7  92]]
12/31/2017 20:11:32 [INFO] exp_shallowmodel: ******************** dstc2 - Round 2 
12/31/2017 20:11:32 [INFO] exp_shallowmodel: #(data) = 4583
12/31/2017 20:11:32 [INFO] exp_shallowmodel: #(feature) = 11215
12/31/2017 20:11:32 [INFO] exp_shallowmodel: ================================================================================
12/31/2017 20:11:32 [INFO] exp_shallowmodel: LR.pen=l2.C=100000000000000000000.000000
12/31/2017 20:11:32 [INFO] exp_shallowmodel: ________________________________________________________________________________
12/31/2017 20:11:32 [INFO] exp_shallowmodel: Training: 
12/31/2017 20:11:32 [INFO] exp_shallowmodel: LogisticRegression(C=1e+20, class_weight=None, dual=False, fit_intercept=True,
          intercept_scaling=1, max_iter=100, multi_class='ovr', n_jobs=1,
          penalty='l2', random_state=None, solver='liblinear', tol=0.0001,
          verbose=0, warm_start=False)
12/31/2017 21:10:48 [INFO] exp_shallowmodel: train time: 3555.630s
12/31/2017 21:10:48 [INFO] exp_shallowmodel: test time:  0.010s
12/31/2017 21:10:48 [INFO] exp_shallowmodel: accuracy:   0.764
12/31/2017 21:10:48 [INFO] exp_shallowmodel: f1_score:   0.626
12/31/2017 21:10:48 [INFO] exp_shallowmodel: classification report:
12/31/2017 21:10:48 [INFO] exp_shallowmodel:              precision    recall  f1-score   support

          A       0.24      0.29      0.26        14
          C       0.66      0.73      0.70       164
          F       0.95      0.85      0.90       268
          R       0.63      0.68      0.66       125

avg / total       0.78      0.76      0.77       571

12/31/2017 21:10:48 [INFO] exp_shallowmodel: confusion matrix:
12/31/2017 21:10:48 [INFO] exp_shallowmodel: 
[[  4   3   2   5]
 [  2 120   9  33]
 [  6  24 227  11]
 [  5  34   1  85]]
12/31/2017 21:10:50 [INFO] exp_shallowmodel: ******************** dstc2 - Round 3 
12/31/2017 21:10:50 [INFO] exp_shallowmodel: #(data) = 4583
12/31/2017 21:10:50 [INFO] exp_shallowmodel: #(feature) = 11215
12/31/2017 21:10:50 [INFO] exp_shallowmodel: ================================================================================
12/31/2017 21:10:50 [INFO] exp_shallowmodel: LR.pen=l2.C=100000000000000000000.000000
12/31/2017 21:10:50 [INFO] exp_shallowmodel: ________________________________________________________________________________
12/31/2017 21:10:50 [INFO] exp_shallowmodel: Training: 
12/31/2017 21:10:50 [INFO] exp_shallowmodel: LogisticRegression(C=1e+20, class_weight=None, dual=False, fit_intercept=True,
          intercept_scaling=1, max_iter=100, multi_class='ovr', n_jobs=1,
          penalty='l2', random_state=None, solver='liblinear', tol=0.0001,
          verbose=0, warm_start=False)
12/31/2017 21:47:53 [INFO] exp_shallowmodel: train time: 2222.820s
12/31/2017 21:47:53 [INFO] exp_shallowmodel: test time:  0.010s
12/31/2017 21:47:53 [INFO] exp_shallowmodel: accuracy:   0.741
12/31/2017 21:47:53 [INFO] exp_shallowmodel: f1_score:   0.660
12/31/2017 21:47:53 [INFO] exp_shallowmodel: classification report:
12/31/2017 21:47:53 [INFO] exp_shallowmodel:              precision    recall  f1-score   support

          A       0.50      0.50      0.50        14
          C       0.66      0.74      0.70       164
          F       0.91      0.82      0.86       268
          R       0.57      0.59      0.58       125

avg / total       0.75      0.74      0.74       571

12/31/2017 21:47:53 [INFO] exp_shallowmodel: confusion matrix:
12/31/2017 21:47:53 [INFO] exp_shallowmodel: 
[[  7   2   2   3]
 [  4 121  11  28]
 [  1  21 221  25]
 [  2  39  10  74]]
12/31/2017 21:47:55 [INFO] exp_shallowmodel: ******************** dstc2 - Round 4 
12/31/2017 21:47:55 [INFO] exp_shallowmodel: #(data) = 4583
12/31/2017 21:47:55 [INFO] exp_shallowmodel: #(feature) = 11215
12/31/2017 21:47:55 [INFO] exp_shallowmodel: ================================================================================
12/31/2017 21:47:55 [INFO] exp_shallowmodel: LR.pen=l2.C=100000000000000000000.000000
12/31/2017 21:47:55 [INFO] exp_shallowmodel: ________________________________________________________________________________
12/31/2017 21:47:55 [INFO] exp_shallowmodel: Training: 
12/31/2017 21:47:55 [INFO] exp_shallowmodel: LogisticRegression(C=1e+20, class_weight=None, dual=False, fit_intercept=True,
          intercept_scaling=1, max_iter=100, multi_class='ovr', n_jobs=1,
          penalty='l2', random_state=None, solver='liblinear', tol=0.0001,
          verbose=0, warm_start=False)
12/31/2017 22:43:34 [INFO] exp_shallowmodel: train time: 3338.342s
12/31/2017 22:43:34 [INFO] exp_shallowmodel: test time:  0.010s
12/31/2017 22:43:34 [INFO] exp_shallowmodel: accuracy:   0.751
12/31/2017 22:43:34 [INFO] exp_shallowmodel: f1_score:   0.664
12/31/2017 22:43:34 [INFO] exp_shallowmodel: classification report:
12/31/2017 22:43:34 [INFO] exp_shallowmodel:              precision    recall  f1-score   support

          A       0.37      0.50      0.42        14
          C       0.67      0.77      0.72       164
          F       0.90      0.78      0.83       268
          R       0.66      0.70      0.68       125

avg / total       0.77      0.75      0.76       571

12/31/2017 22:43:34 [INFO] exp_shallowmodel: confusion matrix:
12/31/2017 22:43:34 [INFO] exp_shallowmodel: 
[[  7   2   5   0]
 [  6 127  11  20]
 [  4  32 208  24]
 [  2  28   8  87]]
12/31/2017 22:43:36 [INFO] exp_shallowmodel: ******************** dstc2 - Round 5 
12/31/2017 22:43:36 [INFO] exp_shallowmodel: #(data) = 4583
12/31/2017 22:43:36 [INFO] exp_shallowmodel: #(feature) = 11215
12/31/2017 22:43:36 [INFO] exp_shallowmodel: ================================================================================
12/31/2017 22:43:36 [INFO] exp_shallowmodel: LR.pen=l2.C=100000000000000000000.000000
12/31/2017 22:43:36 [INFO] exp_shallowmodel: ________________________________________________________________________________
12/31/2017 22:43:36 [INFO] exp_shallowmodel: Training: 
12/31/2017 22:43:36 [INFO] exp_shallowmodel: LogisticRegression(C=1e+20, class_weight=None, dual=False, fit_intercept=True,
          intercept_scaling=1, max_iter=100, multi_class='ovr', n_jobs=1,
          penalty='l2', random_state=None, solver='liblinear', tol=0.0001,
          verbose=0, warm_start=False)
12/31/2017 23:58:54 [INFO] exp_shallowmodel: train time: 4517.782s
12/31/2017 23:58:54 [INFO] exp_shallowmodel: test time:  0.010s
12/31/2017 23:58:54 [INFO] exp_shallowmodel: accuracy:   0.753
12/31/2017 23:58:54 [INFO] exp_shallowmodel: f1_score:   0.598
12/31/2017 23:58:54 [INFO] exp_shallowmodel: classification report:
12/31/2017 23:58:54 [INFO] exp_shallowmodel:              precision    recall  f1-score   support

          A       0.14      0.21      0.17        14
          C       0.72      0.65      0.68       164
          F       0.91      0.86      0.89       268
          R       0.60      0.72      0.66       125

avg / total       0.77      0.75      0.76       571

12/31/2017 23:58:54 [INFO] exp_shallowmodel: confusion matrix:
12/31/2017 23:58:54 [INFO] exp_shallowmodel: 
[[  3   2   6   3]
 [ 10 106   9  39]
 [  1  19 231  17]
 [  8  20   7  90]]
12/31/2017 23:58:56 [INFO] exp_shallowmodel: ******************** dstc2 - Round 6 
12/31/2017 23:58:56 [INFO] exp_shallowmodel: #(data) = 4583
12/31/2017 23:58:56 [INFO] exp_shallowmodel: #(feature) = 11215
12/31/2017 23:58:56 [INFO] exp_shallowmodel: ================================================================================
12/31/2017 23:58:56 [INFO] exp_shallowmodel: LR.pen=l2.C=100000000000000000000.000000
12/31/2017 23:58:56 [INFO] exp_shallowmodel: ________________________________________________________________________________
12/31/2017 23:58:56 [INFO] exp_shallowmodel: Training: 
12/31/2017 23:58:56 [INFO] exp_shallowmodel: LogisticRegression(C=1e+20, class_weight=None, dual=False, fit_intercept=True,
          intercept_scaling=1, max_iter=100, multi_class='ovr', n_jobs=1,
          penalty='l2', random_state=None, solver='liblinear', tol=0.0001,
          verbose=0, warm_start=False)
01/01/2018 00:56:12 [INFO] exp_shallowmodel: train time: 3435.809s
01/01/2018 00:56:12 [INFO] exp_shallowmodel: test time:  0.010s
01/01/2018 00:56:12 [INFO] exp_shallowmodel: accuracy:   0.772
01/01/2018 00:56:12 [INFO] exp_shallowmodel: f1_score:   0.643
01/01/2018 00:56:12 [INFO] exp_shallowmodel: classification report:
01/01/2018 00:56:12 [INFO] exp_shallowmodel:              precision    recall  f1-score   support

          A       0.33      0.29      0.31        14
          C       0.72      0.71      0.72       164
          F       0.89      0.87      0.88       268
          R       0.64      0.70      0.67       125

avg / total       0.78      0.77      0.77       571

01/01/2018 00:56:12 [INFO] exp_shallowmodel: confusion matrix:
01/01/2018 00:56:12 [INFO] exp_shallowmodel: 
[[  4   2   7   1]
 [  4 116  15  29]
 [  2  13 233  20]
 [  2  29   6  88]]
01/01/2018 00:56:14 [INFO] exp_shallowmodel: ******************** dstc2 - Round 7 
01/01/2018 00:56:14 [INFO] exp_shallowmodel: #(data) = 4583
01/01/2018 00:56:14 [INFO] exp_shallowmodel: #(feature) = 11215
01/01/2018 00:56:14 [INFO] exp_shallowmodel: ================================================================================
01/01/2018 00:56:14 [INFO] exp_shallowmodel: LR.pen=l2.C=100000000000000000000.000000
01/01/2018 00:56:14 [INFO] exp_shallowmodel: ________________________________________________________________________________
01/01/2018 00:56:14 [INFO] exp_shallowmodel: Training: 
01/01/2018 00:56:14 [INFO] exp_shallowmodel: LogisticRegression(C=1e+20, class_weight=None, dual=False, fit_intercept=True,
          intercept_scaling=1, max_iter=100, multi_class='ovr', n_jobs=1,
          penalty='l2', random_state=None, solver='liblinear', tol=0.0001,
          verbose=0, warm_start=False)
01/01/2018 01:37:26 [INFO] exp_shallowmodel: train time: 2471.392s
01/01/2018 01:37:26 [INFO] exp_shallowmodel: test time:  0.010s
01/01/2018 01:37:26 [INFO] exp_shallowmodel: accuracy:   0.730
01/01/2018 01:37:26 [INFO] exp_shallowmodel: f1_score:   0.630
01/01/2018 01:37:26 [INFO] exp_shallowmodel: classification report:
01/01/2018 01:37:26 [INFO] exp_shallowmodel:              precision    recall  f1-score   support

          A       0.38      0.43      0.40        14
          C       0.62      0.60      0.61       164
          F       0.89      0.85      0.87       268
          R       0.60      0.68      0.64       125

avg / total       0.74      0.73      0.73       571

01/01/2018 01:37:26 [INFO] exp_shallowmodel: confusion matrix:
01/01/2018 01:37:26 [INFO] exp_shallowmodel: 
[[  6   5   3   0]
 [  5  98  19  42]
 [  3  23 228  14]
 [  2  31   7  85]]
01/01/2018 01:37:28 [INFO] exp_shallowmodel: ******************** dstc2 - Round 8 
01/01/2018 01:37:28 [INFO] exp_shallowmodel: #(data) = 4583
01/01/2018 01:37:28 [INFO] exp_shallowmodel: #(feature) = 11215
01/01/2018 01:37:28 [INFO] exp_shallowmodel: ================================================================================
01/01/2018 01:37:28 [INFO] exp_shallowmodel: LR.pen=l2.C=100000000000000000000.000000
01/01/2018 01:37:28 [INFO] exp_shallowmodel: ________________________________________________________________________________
01/01/2018 01:37:28 [INFO] exp_shallowmodel: Training: 
01/01/2018 01:37:28 [INFO] exp_shallowmodel: LogisticRegression(C=1e+20, class_weight=None, dual=False, fit_intercept=True,
          intercept_scaling=1, max_iter=100, multi_class='ovr', n_jobs=1,
          penalty='l2', random_state=None, solver='liblinear', tol=0.0001,
          verbose=0, warm_start=False)
01/01/2018 02:15:07 [INFO] exp_shallowmodel: train time: 2258.405s
01/01/2018 02:15:07 [INFO] exp_shallowmodel: test time:  0.010s
01/01/2018 02:15:07 [INFO] exp_shallowmodel: accuracy:   0.764
01/01/2018 02:15:07 [INFO] exp_shallowmodel: f1_score:   0.604
01/01/2018 02:15:07 [INFO] exp_shallowmodel: classification report:
01/01/2018 02:15:07 [INFO] exp_shallowmodel:              precision    recall  f1-score   support

          A       0.29      0.14      0.19        14
          C       0.68      0.66      0.67       164
          F       0.92      0.88      0.90       268
          R       0.61      0.71      0.66       125

avg / total       0.77      0.76      0.76       571

01/01/2018 02:15:07 [INFO] exp_shallowmodel: confusion matrix:
01/01/2018 02:15:07 [INFO] exp_shallowmodel: 
[[  2   5   4   3]
 [  5 109   9  41]
 [  0  19 236  13]
 [  0  28   8  89]]
/ihome/pbrusilosky/rum20/packages/anaconda3/lib/python3.6/site-packages/sklearn/preprocessing/data.py:164: UserWarning: Numerical issues were encountered when centering the data and might not be solved. Dataset may contain too large values. You may need to prescale your features.
  warnings.warn("Numerical issues were encountered "
/ihome/pbrusilosky/rum20/packages/anaconda3/lib/python3.6/site-packages/sklearn/preprocessing/data.py:169: RuntimeWarning: invalid value encountered in subtract
  Xr -= mean_1
/ihome/pbrusilosky/rum20/packages/anaconda3/lib/python3.6/site-packages/sklearn/preprocessing/data.py:181: UserWarning: Numerical issues were encountered when scaling the data and might not be solved. The standard deviation of the data is probably very close to 0. 
  warnings.warn("Numerical issues were encountered "
/ihome/pbrusilosky/rum20/packages/anaconda3/lib/python3.6/site-packages/sklearn/preprocessing/data.py:164: UserWarning: Numerical issues were encountered when centering the data and might not be solved. Dataset may contain too large values. You may need to prescale your features.
  warnings.warn("Numerical issues were encountered "
/ihome/pbrusilosky/rum20/packages/anaconda3/lib/python3.6/site-packages/sklearn/preprocessing/data.py:169: RuntimeWarning: invalid value encountered in subtract
  Xr -= mean_1
/ihome/pbrusilosky/rum20/packages/anaconda3/lib/python3.6/site-packages/sklearn/preprocessing/data.py:181: UserWarning: Numerical issues were encountered when scaling the data and might not be solved. The standard deviation of the data is probably very close to 0. 
  warnings.warn("Numerical issues were encountered "
/ihome/pbrusilosky/rum20/packages/anaconda3/lib/python3.6/site-packages/sklearn/preprocessing/data.py:164: UserWarning: Numerical issues were encountered when centering the data and might not be solved. Dataset may contain too large values. You may need to prescale your features.
  warnings.warn("Numerical issues were encountered "
/ihome/pbrusilosky/rum20/packages/anaconda3/lib/python3.6/site-packages/sklearn/preprocessing/data.py:169: RuntimeWarning: invalid value encountered in subtract
  Xr -= mean_1
/ihome/pbrusilosky/rum20/packages/anaconda3/lib/python3.6/site-packages/sklearn/preprocessing/data.py:181: UserWarning: Numerical issues were encountered when scaling the data and might not be solved. The standard deviation of the data is probably very close to 0. 
  warnings.warn("Numerical issues were encountered "
/ihome/pbrusilosky/rum20/packages/anaconda3/lib/python3.6/site-packages/sklearn/preprocessing/data.py:164: UserWarning: Numerical issues were encountered when centering the data and might not be solved. Dataset may contain too large values. You may need to prescale your features.
  warnings.warn("Numerical issues were encountered "
/ihome/pbrusilosky/rum20/packages/anaconda3/lib/python3.6/site-packages/sklearn/preprocessing/data.py:169: RuntimeWarning: invalid value encountered in subtract
  Xr -= mean_1
/ihome/pbrusilosky/rum20/packages/anaconda3/lib/python3.6/site-packages/sklearn/preprocessing/data.py:181: UserWarning: Numerical issues were encountered when scaling the data and might not be solved. The standard deviation of the data is probably very close to 0. 
  warnings.warn("Numerical issues were encountered "
/ihome/pbrusilosky/rum20/packages/anaconda3/lib/python3.6/site-packages/sklearn/preprocessing/data.py:164: UserWarning: Numerical issues were encountered when centering the data and might not be solved. Dataset may contain too large values. You may need to prescale your features.
  warnings.warn("Numerical issues were encountered "
/ihome/pbrusilosky/rum20/packages/anaconda3/lib/python3.6/site-packages/sklearn/preprocessing/data.py:169: RuntimeWarning: invalid value encountered in subtract
  Xr -= mean_1
/ihome/pbrusilosky/rum20/packages/anaconda3/lib/python3.6/site-packages/sklearn/preprocessing/data.py:181: UserWarning: Numerical issues were encountered when scaling the data and might not be solved. The standard deviation of the data is probably very close to 0. 
  warnings.warn("Numerical issues were encountered "
/ihome/pbrusilosky/rum20/packages/anaconda3/lib/python3.6/site-packages/sklearn/preprocessing/data.py:164: UserWarning: Numerical issues were encountered when centering the data and might not be solved. Dataset may contain too large values. You may need to prescale your features.
  warnings.warn("Numerical issues were encountered "
/ihome/pbrusilosky/rum20/packages/anaconda3/lib/python3.6/site-packages/sklearn/preprocessing/data.py:169: RuntimeWarning: invalid value encountered in subtract
  Xr -= mean_1
/ihome/pbrusilosky/rum20/packages/anaconda3/lib/python3.6/site-packages/sklearn/preprocessing/data.py:181: UserWarning: Numerical issues were encountered when scaling the data and might not be solved. The standard deviation of the data is probably very close to 0. 
  warnings.warn("Numerical issues were encountered "
/ihome/pbrusilosky/rum20/packages/anaconda3/lib/python3.6/site-packages/sklearn/preprocessing/data.py:164: UserWarning: Numerical issues were encountered when centering the data and might not be solved. Dataset may contain too large values. You may need to prescale your features.
  warnings.warn("Numerical issues were encountered "
/ihome/pbrusilosky/rum20/packages/anaconda3/lib/python3.6/site-packages/sklearn/preprocessing/data.py:169: RuntimeWarning: invalid value encountered in subtract
  Xr -= mean_1
/ihome/pbrusilosky/rum20/packages/anaconda3/lib/python3.6/site-packages/sklearn/preprocessing/data.py:181: UserWarning: Numerical issues were encountered when scaling the data and might not be solved. The standard deviation of the data is probably very close to 0. 
  warnings.warn("Numerical issues were encountered "
/ihome/pbrusilosky/rum20/packages/anaconda3/lib/python3.6/site-packages/sklearn/preprocessing/data.py:164: UserWarning: Numerical issues were encountered when centering the data and might not be solved. Dataset may contain too large values. You may need to prescale your features.
  warnings.warn("Numerical issues were encountered "
/ihome/pbrusilosky/rum20/packages/anaconda3/lib/python3.6/site-packages/sklearn/preprocessing/data.py:169: RuntimeWarning: invalid value encountered in subtract
  Xr -= mean_1
/ihome/pbrusilosky/rum20/packages/anaconda3/lib/python3.6/site-packages/sklearn/preprocessing/data.py:181: UserWarning: Numerical issues were encountered when scaling the data and might not be solved. The standard deviation of the data is probably very close to 0. 
  warnings.warn("Numerical issues were encountered "
/ihome/pbrusilosky/rum20/packages/anaconda3/lib/python3.6/site-packages/sklearn/preprocessing/data.py:164: UserWarning: Numerical issues were encountered when centering the data and might not be solved. Dataset may contain too large values. You may need to prescale your features.
  warnings.warn("Numerical issues were encountered "
/ihome/pbrusilosky/rum20/packages/anaconda3/lib/python3.6/site-packages/sklearn/preprocessing/data.py:169: RuntimeWarning: invalid value encountered in subtract
  Xr -= mean_1
/ihome/pbrusilosky/rum20/packages/anaconda3/lib/python3.6/site-packages/sklearn/preprocessing/data.py:181: UserWarning: Numerical issues were encountered when scaling the data and might not be solved. The standard deviation of the data is probably very close to 0. 
  warnings.warn("Numerical issues were encountered "
/ihome/pbrusilosky/rum20/packages/anaconda3/lib/python3.6/site-packages/sklearn/preprocessing/data.py:164: UserWarning: Numerical issues were encountered when centering the data and might not be solved. Dataset may contain too large values. You may need to prescale your features.
  warnings.warn("Numerical issues were encountered "
/ihome/pbrusilosky/rum20/packages/anaconda3/lib/python3.6/site-packages/sklearn/preprocessing/data.py:169: RuntimeWarning: invalid value encountered in subtract
  Xr -= mean_1
/ihome/pbrusilosky/rum20/packages/anaconda3/lib/python3.6/site-packages/sklearn/preprocessing/data.py:181: UserWarning: Numerical issues were encountered when scaling the data and might not be solved. The standard deviation of the data is probably very close to 0. 
  warnings.warn("Numerical issues were encountered "
01/01/2018 02:15:09 [INFO] exp_shallowmodel: ******************** dstc2 - Round 9 
01/01/2018 02:15:09 [INFO] exp_shallowmodel: #(data) = 4568
01/01/2018 02:15:09 [INFO] exp_shallowmodel: #(feature) = 11215
01/01/2018 02:15:09 [INFO] exp_shallowmodel: ================================================================================
01/01/2018 02:15:09 [INFO] exp_shallowmodel: LR.pen=l2.C=100000000000000000000.000000
01/01/2018 02:15:09 [INFO] exp_shallowmodel: ________________________________________________________________________________
01/01/2018 02:15:09 [INFO] exp_shallowmodel: Training: 
01/01/2018 02:15:09 [INFO] exp_shallowmodel: LogisticRegression(C=1e+20, class_weight=None, dual=False, fit_intercept=True,
          intercept_scaling=1, max_iter=100, multi_class='ovr', n_jobs=1,
          penalty='l2', random_state=None, solver='liblinear', tol=0.0001,
          verbose=0, warm_start=False)
01/01/2018 03:07:14 [INFO] exp_shallowmodel: train time: 3124.966s
01/01/2018 03:07:14 [INFO] exp_shallowmodel: test time:  0.011s
01/01/2018 03:07:14 [INFO] exp_shallowmodel: accuracy:   0.727
01/01/2018 03:07:14 [INFO] exp_shallowmodel: f1_score:   0.627
01/01/2018 03:07:14 [INFO] exp_shallowmodel: classification report:
01/01/2018 03:07:14 [INFO] exp_shallowmodel:              precision    recall  f1-score   support

          A       0.43      0.38      0.40        16
          C       0.65      0.60      0.62       169
          F       0.93      0.84      0.88       271
          R       0.54      0.69      0.60       130

avg / total       0.75      0.73      0.73       586

01/01/2018 03:07:14 [INFO] exp_shallowmodel: confusion matrix:
01/01/2018 03:07:14 [INFO] exp_shallowmodel: 
[[  6   4   4   2]
 [  2 102  10  55]
 [  4  18 228  21]
 [  2  34   4  90]]
01/01/2018 03:07:16 [INFO] exp_shallowmodel: ******************** dstc2 - Round 10 
01/01/2018 03:07:16 [INFO] exp_shallowmodel: #(data) = 4583
01/01/2018 03:07:16 [INFO] exp_shallowmodel: #(feature) = 11215
01/01/2018 03:07:16 [INFO] exp_shallowmodel: ================================================================================
01/01/2018 03:07:16 [INFO] exp_shallowmodel: LR.pen=l2.C=100000000000000000000.000000
01/01/2018 03:07:16 [INFO] exp_shallowmodel: ________________________________________________________________________________
01/01/2018 03:07:16 [INFO] exp_shallowmodel: Training: 
01/01/2018 03:07:16 [INFO] exp_shallowmodel: LogisticRegression(C=1e+20, class_weight=None, dual=False, fit_intercept=True,
          intercept_scaling=1, max_iter=100, multi_class='ovr', n_jobs=1,
          penalty='l2', random_state=None, solver='liblinear', tol=0.0001,
          verbose=0, warm_start=False)
01/01/2018 03:43:23 [INFO] exp_shallowmodel: train time: 2166.313s
01/01/2018 03:43:23 [INFO] exp_shallowmodel: test time:  0.010s
01/01/2018 03:43:23 [INFO] exp_shallowmodel: accuracy:   0.779
01/01/2018 03:43:23 [INFO] exp_shallowmodel: f1_score:   0.671
01/01/2018 03:43:23 [INFO] exp_shallowmodel: classification report:
01/01/2018 03:43:23 [INFO] exp_shallowmodel:              precision    recall  f1-score   support

          A       0.35      0.43      0.39        14
          C       0.72      0.70      0.71       164
          F       0.93      0.86      0.89       268
          R       0.64      0.76      0.70       125

avg / total       0.79      0.78      0.78       571

01/01/2018 03:43:23 [INFO] exp_shallowmodel: confusion matrix:
01/01/2018 03:43:23 [INFO] exp_shallowmodel: 
[[  6   3   3   2]
 [  5 114  11  34]
 [  4  17 230  17]
 [  2  25   3  95]]
01/01/2018 03:43:25 [INFO] exp_shallowmodel: ******************** dstc2 - Round 11 
01/01/2018 03:43:25 [INFO] exp_shallowmodel: #(data) = 4583
01/01/2018 03:43:25 [INFO] exp_shallowmodel: #(feature) = 11215
01/01/2018 03:43:25 [INFO] exp_shallowmodel: ================================================================================
01/01/2018 03:43:25 [INFO] exp_shallowmodel: LR.pen=l2.C=100000000000000000000.000000
01/01/2018 03:43:25 [INFO] exp_shallowmodel: ________________________________________________________________________________
01/01/2018 03:43:25 [INFO] exp_shallowmodel: Training: 
01/01/2018 03:43:25 [INFO] exp_shallowmodel: LogisticRegression(C=1e+20, class_weight=None, dual=False, fit_intercept=True,
          intercept_scaling=1, max_iter=100, multi_class='ovr', n_jobs=1,
          penalty='l2', random_state=None, solver='liblinear', tol=0.0001,
          verbose=0, warm_start=False)
01/01/2018 04:21:28 [INFO] exp_shallowmodel: train time: 2283.352s
01/01/2018 04:21:28 [INFO] exp_shallowmodel: test time:  0.011s
01/01/2018 04:21:28 [INFO] exp_shallowmodel: accuracy:   0.778
01/01/2018 04:21:28 [INFO] exp_shallowmodel: f1_score:   0.628
01/01/2018 04:21:28 [INFO] exp_shallowmodel: classification report:
01/01/2018 04:21:28 [INFO] exp_shallowmodel:              precision    recall  f1-score   support

          A       0.19      0.29      0.23        14
          C       0.70      0.66      0.68       164
          F       0.95      0.90      0.92       268
          R       0.64      0.72      0.68       125

avg / total       0.79      0.78      0.78       571

01/01/2018 04:21:28 [INFO] exp_shallowmodel: confusion matrix:
01/01/2018 04:21:28 [INFO] exp_shallowmodel: 
[[  4   3   2   5]
 [  8 109   8  39]
 [  5  15 241   7]
 [  4  28   3  90]]
01/01/2018 04:21:31 [INFO] exp_shallowmodel: ******************** dstc2 - Round 12 
01/01/2018 04:21:31 [INFO] exp_shallowmodel: #(data) = 4583
01/01/2018 04:21:31 [INFO] exp_shallowmodel: #(feature) = 11215
01/01/2018 04:21:31 [INFO] exp_shallowmodel: ================================================================================
01/01/2018 04:21:31 [INFO] exp_shallowmodel: LR.pen=l2.C=100000000000000000000.000000
01/01/2018 04:21:31 [INFO] exp_shallowmodel: ________________________________________________________________________________
01/01/2018 04:21:31 [INFO] exp_shallowmodel: Training: 
01/01/2018 04:21:31 [INFO] exp_shallowmodel: LogisticRegression(C=1e+20, class_weight=None, dual=False, fit_intercept=True,
          intercept_scaling=1, max_iter=100, multi_class='ovr', n_jobs=1,
          penalty='l2', random_state=None, solver='liblinear', tol=0.0001,
          verbose=0, warm_start=False)
01/01/2018 05:19:03 [INFO] exp_shallowmodel: train time: 3452.318s
01/01/2018 05:19:03 [INFO] exp_shallowmodel: test time:  0.010s
01/01/2018 05:19:03 [INFO] exp_shallowmodel: accuracy:   0.729
01/01/2018 05:19:03 [INFO] exp_shallowmodel: f1_score:   0.600
01/01/2018 05:19:03 [INFO] exp_shallowmodel: classification report:
01/01/2018 05:19:03 [INFO] exp_shallowmodel:              precision    recall  f1-score   support

          A       0.24      0.29      0.26        14
          C       0.63      0.62      0.62       164
          F       0.91      0.82      0.87       268
          R       0.60      0.71      0.65       125

avg / total       0.74      0.73      0.73       571

01/01/2018 05:19:03 [INFO] exp_shallowmodel: confusion matrix:
01/01/2018 05:19:03 [INFO] exp_shallowmodel: 
[[  4   4   4   2]
 [  7 102  14  41]
 [  4  26 221  17]
 [  2  31   3  89]]
01/01/2018 05:19:06 [INFO] exp_shallowmodel: ******************** dstc2 - Round 13 
01/01/2018 05:19:06 [INFO] exp_shallowmodel: #(data) = 4583
01/01/2018 05:19:06 [INFO] exp_shallowmodel: #(feature) = 11215
01/01/2018 05:19:06 [INFO] exp_shallowmodel: ================================================================================
01/01/2018 05:19:06 [INFO] exp_shallowmodel: LR.pen=l2.C=100000000000000000000.000000
01/01/2018 05:19:06 [INFO] exp_shallowmodel: ________________________________________________________________________________
01/01/2018 05:19:06 [INFO] exp_shallowmodel: Training: 
01/01/2018 05:19:06 [INFO] exp_shallowmodel: LogisticRegression(C=1e+20, class_weight=None, dual=False, fit_intercept=True,
          intercept_scaling=1, max_iter=100, multi_class='ovr', n_jobs=1,
          penalty='l2', random_state=None, solver='liblinear', tol=0.0001,
          verbose=0, warm_start=False)
01/01/2018 06:29:34 [INFO] exp_shallowmodel: train time: 4228.461s
01/01/2018 06:29:34 [INFO] exp_shallowmodel: test time:  0.010s
01/01/2018 06:29:34 [INFO] exp_shallowmodel: accuracy:   0.760
01/01/2018 06:29:34 [INFO] exp_shallowmodel: f1_score:   0.626
01/01/2018 06:29:34 [INFO] exp_shallowmodel: classification report:
01/01/2018 06:29:34 [INFO] exp_shallowmodel:              precision    recall  f1-score   support

          A       0.27      0.29      0.28        14
          C       0.69      0.68      0.69       164
          F       0.92      0.86      0.89       268
          R       0.61      0.71      0.66       125

avg / total       0.77      0.76      0.76       571

01/01/2018 06:29:34 [INFO] exp_shallowmodel: confusion matrix:
01/01/2018 06:29:34 [INFO] exp_shallowmodel: 
[[  4   3   2   5]
 [  4 111  11  38]
 [  3  21 230  14]
 [  4  25   7  89]]
01/01/2018 06:29:37 [INFO] exp_shallowmodel: ******************** dstc2 - Round 14 
01/01/2018 06:29:37 [INFO] exp_shallowmodel: #(data) = 4583
01/01/2018 06:29:37 [INFO] exp_shallowmodel: #(feature) = 11215
01/01/2018 06:29:37 [INFO] exp_shallowmodel: ================================================================================
01/01/2018 06:29:37 [INFO] exp_shallowmodel: LR.pen=l2.C=100000000000000000000.000000
01/01/2018 06:29:37 [INFO] exp_shallowmodel: ________________________________________________________________________________
01/01/2018 06:29:37 [INFO] exp_shallowmodel: Training: 
01/01/2018 06:29:37 [INFO] exp_shallowmodel: LogisticRegression(C=1e+20, class_weight=None, dual=False, fit_intercept=True,
          intercept_scaling=1, max_iter=100, multi_class='ovr', n_jobs=1,
          penalty='l2', random_state=None, solver='liblinear', tol=0.0001,
          verbose=0, warm_start=False)
01/01/2018 07:31:20 [INFO] exp_shallowmodel: train time: 3703.691s
01/01/2018 07:31:20 [INFO] exp_shallowmodel: test time:  0.010s
01/01/2018 07:31:20 [INFO] exp_shallowmodel: accuracy:   0.736
01/01/2018 07:31:20 [INFO] exp_shallowmodel: f1_score:   0.605
01/01/2018 07:31:20 [INFO] exp_shallowmodel: classification report:
01/01/2018 07:31:20 [INFO] exp_shallowmodel:              precision    recall  f1-score   support

          A       0.25      0.29      0.27        14
          C       0.63      0.68      0.65       164
          F       0.92      0.83      0.87       268
          R       0.60      0.66      0.63       125

avg / total       0.75      0.74      0.74       571

01/01/2018 07:31:20 [INFO] exp_shallowmodel: confusion matrix:
01/01/2018 07:31:20 [INFO] exp_shallowmodel: 
[[  4   5   3   2]
 [  5 111  10  38]
 [  3  27 223  15]
 [  4  32   7  82]]
01/01/2018 07:31:23 [INFO] exp_shallowmodel: ******************** dstc2 - Round 15 
01/01/2018 07:31:23 [INFO] exp_shallowmodel: #(data) = 4583
01/01/2018 07:31:23 [INFO] exp_shallowmodel: #(feature) = 11215
01/01/2018 07:31:23 [INFO] exp_shallowmodel: ================================================================================
01/01/2018 07:31:23 [INFO] exp_shallowmodel: LR.pen=l2.C=100000000000000000000.000000
01/01/2018 07:31:23 [INFO] exp_shallowmodel: ________________________________________________________________________________
01/01/2018 07:31:23 [INFO] exp_shallowmodel: Training: 
01/01/2018 07:31:23 [INFO] exp_shallowmodel: LogisticRegression(C=1e+20, class_weight=None, dual=False, fit_intercept=True,
          intercept_scaling=1, max_iter=100, multi_class='ovr', n_jobs=1,
          penalty='l2', random_state=None, solver='liblinear', tol=0.0001,
          verbose=0, warm_start=False)
01/01/2018 08:23:28 [INFO] exp_shallowmodel: train time: 3125.286s
01/01/2018 08:23:28 [INFO] exp_shallowmodel: test time:  0.011s
01/01/2018 08:23:28 [INFO] exp_shallowmodel: accuracy:   0.771
01/01/2018 08:23:28 [INFO] exp_shallowmodel: f1_score:   0.667
01/01/2018 08:23:28 [INFO] exp_shallowmodel: classification report:
01/01/2018 08:23:28 [INFO] exp_shallowmodel:              precision    recall  f1-score   support

          A       0.33      0.50      0.40        14
          C       0.72      0.68      0.70       164
          F       0.92      0.86      0.89       268
          R       0.64      0.74      0.68       125

avg / total       0.78      0.77      0.78       571

01/01/2018 08:23:28 [INFO] exp_shallowmodel: confusion matrix:
01/01/2018 08:23:28 [INFO] exp_shallowmodel: 
[[  7   1   2   4]
 [  5 111  13  35]
 [  6  19 230  13]
 [  3  24   6  92]]
01/01/2018 08:23:30 [INFO] exp_shallowmodel: ******************** dstc2 - Round 16 
01/01/2018 08:23:30 [INFO] exp_shallowmodel: #(data) = 4583
01/01/2018 08:23:30 [INFO] exp_shallowmodel: #(feature) = 11215
01/01/2018 08:23:30 [INFO] exp_shallowmodel: ================================================================================
01/01/2018 08:23:30 [INFO] exp_shallowmodel: LR.pen=l2.C=100000000000000000000.000000
01/01/2018 08:23:30 [INFO] exp_shallowmodel: ________________________________________________________________________________
01/01/2018 08:23:30 [INFO] exp_shallowmodel: Training: 
01/01/2018 08:23:30 [INFO] exp_shallowmodel: LogisticRegression(C=1e+20, class_weight=None, dual=False, fit_intercept=True,
          intercept_scaling=1, max_iter=100, multi_class='ovr', n_jobs=1,
          penalty='l2', random_state=None, solver='liblinear', tol=0.0001,
          verbose=0, warm_start=False)
01/01/2018 09:01:36 [INFO] exp_shallowmodel: train time: 2286.049s
01/01/2018 09:01:36 [INFO] exp_shallowmodel: test time:  0.010s
01/01/2018 09:01:36 [INFO] exp_shallowmodel: accuracy:   0.753
01/01/2018 09:01:36 [INFO] exp_shallowmodel: f1_score:   0.606
01/01/2018 09:01:36 [INFO] exp_shallowmodel: classification report:
01/01/2018 09:01:36 [INFO] exp_shallowmodel:              precision    recall  f1-score   support

          A       0.17      0.21      0.19        14
          C       0.72      0.69      0.70       164
          F       0.91      0.83      0.87       268
          R       0.61      0.74      0.67       125

avg / total       0.77      0.75      0.76       571

01/01/2018 09:01:36 [INFO] exp_shallowmodel: confusion matrix:
01/01/2018 09:01:36 [INFO] exp_shallowmodel: 
[[  3   5   5   1]
 [  6 113  12  33]
 [  4  17 222  25]
 [  5  22   6  92]]
01/01/2018 09:01:39 [INFO] exp_shallowmodel: ******************** dstc2 - Round 17 
01/01/2018 09:01:39 [INFO] exp_shallowmodel: #(data) = 4583
01/01/2018 09:01:39 [INFO] exp_shallowmodel: #(feature) = 11215
01/01/2018 09:01:39 [INFO] exp_shallowmodel: ================================================================================
01/01/2018 09:01:39 [INFO] exp_shallowmodel: LR.pen=l2.C=100000000000000000000.000000
01/01/2018 09:01:39 [INFO] exp_shallowmodel: ________________________________________________________________________________
01/01/2018 09:01:39 [INFO] exp_shallowmodel: Training: 
01/01/2018 09:01:39 [INFO] exp_shallowmodel: LogisticRegression(C=1e+20, class_weight=None, dual=False, fit_intercept=True,
          intercept_scaling=1, max_iter=100, multi_class='ovr', n_jobs=1,
          penalty='l2', random_state=None, solver='liblinear', tol=0.0001,
          verbose=0, warm_start=False)
01/01/2018 10:04:20 [INFO] exp_shallowmodel: train time: 3761.507s
01/01/2018 10:04:20 [INFO] exp_shallowmodel: test time:  0.011s
01/01/2018 10:04:20 [INFO] exp_shallowmodel: accuracy:   0.757
01/01/2018 10:04:20 [INFO] exp_shallowmodel: f1_score:   0.607
01/01/2018 10:04:20 [INFO] exp_shallowmodel: classification report:
01/01/2018 10:04:20 [INFO] exp_shallowmodel:              precision    recall  f1-score   support

          A       0.20      0.21      0.21        14
          C       0.70      0.68      0.69       164
          F       0.88      0.87      0.87       268
          R       0.64      0.66      0.65       125

avg / total       0.76      0.76      0.76       571

01/01/2018 10:04:20 [INFO] exp_shallowmodel: confusion matrix:
01/01/2018 10:04:20 [INFO] exp_shallowmodel: 
[[  3   1   9   1]
 [  4 112  19  29]
 [  2  15 234  17]
 [  6  31   5  83]]
01/01/2018 10:04:23 [INFO] exp_shallowmodel: ******************** dstc2 - Round 18 
01/01/2018 10:04:23 [INFO] exp_shallowmodel: #(data) = 4583
01/01/2018 10:04:23 [INFO] exp_shallowmodel: #(feature) = 11215
01/01/2018 10:04:23 [INFO] exp_shallowmodel: ================================================================================
01/01/2018 10:04:23 [INFO] exp_shallowmodel: LR.pen=l2.C=100000000000000000000.000000
01/01/2018 10:04:23 [INFO] exp_shallowmodel: ________________________________________________________________________________
01/01/2018 10:04:23 [INFO] exp_shallowmodel: Training: 
01/01/2018 10:04:23 [INFO] exp_shallowmodel: LogisticRegression(C=1e+20, class_weight=None, dual=False, fit_intercept=True,
          intercept_scaling=1, max_iter=100, multi_class='ovr', n_jobs=1,
          penalty='l2', random_state=None, solver='liblinear', tol=0.0001,
          verbose=0, warm_start=False)
01/01/2018 11:04:17 [INFO] exp_shallowmodel: train time: 3593.979s
01/01/2018 11:04:17 [INFO] exp_shallowmodel: test time:  0.010s
01/01/2018 11:04:17 [INFO] exp_shallowmodel: accuracy:   0.727
01/01/2018 11:04:17 [INFO] exp_shallowmodel: f1_score:   0.590
01/01/2018 11:04:17 [INFO] exp_shallowmodel: classification report:
01/01/2018 11:04:17 [INFO] exp_shallowmodel:              precision    recall  f1-score   support

          A       0.21      0.29      0.24        14
          C       0.67      0.65      0.66       164
          F       0.91      0.84      0.88       268
          R       0.53      0.62      0.58       125

avg / total       0.74      0.73      0.73       571

01/01/2018 11:04:17 [INFO] exp_shallowmodel: confusion matrix:
01/01/2018 11:04:17 [INFO] exp_shallowmodel: 
[[  4   1   5   4]
 [  4 107   9  44]
 [  6  16 226  20]
 [  5  35   7  78]]
/ihome/pbrusilosky/rum20/packages/anaconda3/lib/python3.6/site-packages/sklearn/preprocessing/data.py:164: UserWarning: Numerical issues were encountered when centering the data and might not be solved. Dataset may contain too large values. You may need to prescale your features.
  warnings.warn("Numerical issues were encountered "
/ihome/pbrusilosky/rum20/packages/anaconda3/lib/python3.6/site-packages/sklearn/preprocessing/data.py:169: RuntimeWarning: invalid value encountered in subtract
  Xr -= mean_1
/ihome/pbrusilosky/rum20/packages/anaconda3/lib/python3.6/site-packages/sklearn/preprocessing/data.py:181: UserWarning: Numerical issues were encountered when scaling the data and might not be solved. The standard deviation of the data is probably very close to 0. 
  warnings.warn("Numerical issues were encountered "
/ihome/pbrusilosky/rum20/packages/anaconda3/lib/python3.6/site-packages/sklearn/preprocessing/data.py:164: UserWarning: Numerical issues were encountered when centering the data and might not be solved. Dataset may contain too large values. You may need to prescale your features.
  warnings.warn("Numerical issues were encountered "
/ihome/pbrusilosky/rum20/packages/anaconda3/lib/python3.6/site-packages/sklearn/preprocessing/data.py:169: RuntimeWarning: invalid value encountered in subtract
  Xr -= mean_1
/ihome/pbrusilosky/rum20/packages/anaconda3/lib/python3.6/site-packages/sklearn/preprocessing/data.py:181: UserWarning: Numerical issues were encountered when scaling the data and might not be solved. The standard deviation of the data is probably very close to 0. 
  warnings.warn("Numerical issues were encountered "
/ihome/pbrusilosky/rum20/packages/anaconda3/lib/python3.6/site-packages/sklearn/preprocessing/data.py:164: UserWarning: Numerical issues were encountered when centering the data and might not be solved. Dataset may contain too large values. You may need to prescale your features.
  warnings.warn("Numerical issues were encountered "
/ihome/pbrusilosky/rum20/packages/anaconda3/lib/python3.6/site-packages/sklearn/preprocessing/data.py:169: RuntimeWarning: invalid value encountered in subtract
  Xr -= mean_1
/ihome/pbrusilosky/rum20/packages/anaconda3/lib/python3.6/site-packages/sklearn/preprocessing/data.py:181: UserWarning: Numerical issues were encountered when scaling the data and might not be solved. The standard deviation of the data is probably very close to 0. 
  warnings.warn("Numerical issues were encountered "
/ihome/pbrusilosky/rum20/packages/anaconda3/lib/python3.6/site-packages/sklearn/preprocessing/data.py:164: UserWarning: Numerical issues were encountered when centering the data and might not be solved. Dataset may contain too large values. You may need to prescale your features.
  warnings.warn("Numerical issues were encountered "
/ihome/pbrusilosky/rum20/packages/anaconda3/lib/python3.6/site-packages/sklearn/preprocessing/data.py:169: RuntimeWarning: invalid value encountered in subtract
  Xr -= mean_1
/ihome/pbrusilosky/rum20/packages/anaconda3/lib/python3.6/site-packages/sklearn/preprocessing/data.py:181: UserWarning: Numerical issues were encountered when scaling the data and might not be solved. The standard deviation of the data is probably very close to 0. 
  warnings.warn("Numerical issues were encountered "
/ihome/pbrusilosky/rum20/packages/anaconda3/lib/python3.6/site-packages/sklearn/preprocessing/data.py:164: UserWarning: Numerical issues were encountered when centering the data and might not be solved. Dataset may contain too large values. You may need to prescale your features.
  warnings.warn("Numerical issues were encountered "
/ihome/pbrusilosky/rum20/packages/anaconda3/lib/python3.6/site-packages/sklearn/preprocessing/data.py:169: RuntimeWarning: invalid value encountered in subtract
  Xr -= mean_1
/ihome/pbrusilosky/rum20/packages/anaconda3/lib/python3.6/site-packages/sklearn/preprocessing/data.py:181: UserWarning: Numerical issues were encountered when scaling the data and might not be solved. The standard deviation of the data is probably very close to 0. 
  warnings.warn("Numerical issues were encountered "
/ihome/pbrusilosky/rum20/packages/anaconda3/lib/python3.6/site-packages/sklearn/preprocessing/data.py:164: UserWarning: Numerical issues were encountered when centering the data and might not be solved. Dataset may contain too large values. You may need to prescale your features.
  warnings.warn("Numerical issues were encountered "
/ihome/pbrusilosky/rum20/packages/anaconda3/lib/python3.6/site-packages/sklearn/preprocessing/data.py:169: RuntimeWarning: invalid value encountered in subtract
  Xr -= mean_1
/ihome/pbrusilosky/rum20/packages/anaconda3/lib/python3.6/site-packages/sklearn/preprocessing/data.py:181: UserWarning: Numerical issues were encountered when scaling the data and might not be solved. The standard deviation of the data is probably very close to 0. 
  warnings.warn("Numerical issues were encountered "
/ihome/pbrusilosky/rum20/packages/anaconda3/lib/python3.6/site-packages/sklearn/preprocessing/data.py:164: UserWarning: Numerical issues were encountered when centering the data and might not be solved. Dataset may contain too large values. You may need to prescale your features.
  warnings.warn("Numerical issues were encountered "
/ihome/pbrusilosky/rum20/packages/anaconda3/lib/python3.6/site-packages/sklearn/preprocessing/data.py:169: RuntimeWarning: invalid value encountered in subtract
  Xr -= mean_1
/ihome/pbrusilosky/rum20/packages/anaconda3/lib/python3.6/site-packages/sklearn/preprocessing/data.py:181: UserWarning: Numerical issues were encountered when scaling the data and might not be solved. The standard deviation of the data is probably very close to 0. 
  warnings.warn("Numerical issues were encountered "
/ihome/pbrusilosky/rum20/packages/anaconda3/lib/python3.6/site-packages/sklearn/preprocessing/data.py:164: UserWarning: Numerical issues were encountered when centering the data and might not be solved. Dataset may contain too large values. You may need to prescale your features.
  warnings.warn("Numerical issues were encountered "
/ihome/pbrusilosky/rum20/packages/anaconda3/lib/python3.6/site-packages/sklearn/preprocessing/data.py:169: RuntimeWarning: invalid value encountered in subtract
  Xr -= mean_1
/ihome/pbrusilosky/rum20/packages/anaconda3/lib/python3.6/site-packages/sklearn/preprocessing/data.py:181: UserWarning: Numerical issues were encountered when scaling the data and might not be solved. The standard deviation of the data is probably very close to 0. 
  warnings.warn("Numerical issues were encountered "
/ihome/pbrusilosky/rum20/packages/anaconda3/lib/python3.6/site-packages/sklearn/preprocessing/data.py:164: UserWarning: Numerical issues were encountered when centering the data and might not be solved. Dataset may contain too large values. You may need to prescale your features.
  warnings.warn("Numerical issues were encountered "
/ihome/pbrusilosky/rum20/packages/anaconda3/lib/python3.6/site-packages/sklearn/preprocessing/data.py:169: RuntimeWarning: invalid value encountered in subtract
  Xr -= mean_1
/ihome/pbrusilosky/rum20/packages/anaconda3/lib/python3.6/site-packages/sklearn/preprocessing/data.py:181: UserWarning: Numerical issues were encountered when scaling the data and might not be solved. The standard deviation of the data is probably very close to 0. 
  warnings.warn("Numerical issues were encountered "
/ihome/pbrusilosky/rum20/packages/anaconda3/lib/python3.6/site-packages/sklearn/preprocessing/data.py:164: UserWarning: Numerical issues were encountered when centering the data and might not be solved. Dataset may contain too large values. You may need to prescale your features.
  warnings.warn("Numerical issues were encountered "
/ihome/pbrusilosky/rum20/packages/anaconda3/lib/python3.6/site-packages/sklearn/preprocessing/data.py:169: RuntimeWarning: invalid value encountered in subtract
  Xr -= mean_1
/ihome/pbrusilosky/rum20/packages/anaconda3/lib/python3.6/site-packages/sklearn/preprocessing/data.py:181: UserWarning: Numerical issues were encountered when scaling the data and might not be solved. The standard deviation of the data is probably very close to 0. 
  warnings.warn("Numerical issues were encountered "
01/01/2018 11:04:19 [INFO] exp_shallowmodel: ******************** dstc2 - Round 19 
01/01/2018 11:04:19 [INFO] exp_shallowmodel: #(data) = 4568
01/01/2018 11:04:19 [INFO] exp_shallowmodel: #(feature) = 11215
01/01/2018 11:04:19 [INFO] exp_shallowmodel: ================================================================================
01/01/2018 11:04:19 [INFO] exp_shallowmodel: LR.pen=l2.C=100000000000000000000.000000
01/01/2018 11:04:19 [INFO] exp_shallowmodel: ________________________________________________________________________________
01/01/2018 11:04:19 [INFO] exp_shallowmodel: Training: 
01/01/2018 11:04:19 [INFO] exp_shallowmodel: LogisticRegression(C=1e+20, class_weight=None, dual=False, fit_intercept=True,
          intercept_scaling=1, max_iter=100, multi_class='ovr', n_jobs=1,
          penalty='l2', random_state=None, solver='liblinear', tol=0.0001,
          verbose=0, warm_start=False)
01/01/2018 11:54:26 [INFO] exp_shallowmodel: train time: 3007.131s
01/01/2018 11:54:26 [INFO] exp_shallowmodel: test time:  0.010s
01/01/2018 11:54:26 [INFO] exp_shallowmodel: accuracy:   0.758
01/01/2018 11:54:26 [INFO] exp_shallowmodel: f1_score:   0.648
01/01/2018 11:54:26 [INFO] exp_shallowmodel: classification report:
01/01/2018 11:54:26 [INFO] exp_shallowmodel:              precision    recall  f1-score   support

          A       0.38      0.38      0.38        16
          C       0.69      0.70      0.69       169
          F       0.91      0.86      0.88       271
          R       0.61      0.68      0.64       130

avg / total       0.77      0.76      0.76       586

01/01/2018 11:54:26 [INFO] exp_shallowmodel: confusion matrix:
01/01/2018 11:54:26 [INFO] exp_shallowmodel: 
[[  6   2   6   2]
 [  5 118  10  36]
 [  2  19 232  18]
 [  3  33   6  88]]
01/01/2018 11:54:29 [INFO] exp_shallowmodel: ******************** dstc2 - Round 20 
01/01/2018 11:54:29 [INFO] exp_shallowmodel: #(data) = 4583
01/01/2018 11:54:29 [INFO] exp_shallowmodel: #(feature) = 11215
01/01/2018 11:54:29 [INFO] exp_shallowmodel: ================================================================================
01/01/2018 11:54:29 [INFO] exp_shallowmodel: LR.pen=l2.C=100000000000000000000.000000
01/01/2018 11:54:29 [INFO] exp_shallowmodel: ________________________________________________________________________________
01/01/2018 11:54:29 [INFO] exp_shallowmodel: Training: 
01/01/2018 11:54:29 [INFO] exp_shallowmodel: LogisticRegression(C=1e+20, class_weight=None, dual=False, fit_intercept=True,
          intercept_scaling=1, max_iter=100, multi_class='ovr', n_jobs=1,
          penalty='l2', random_state=None, solver='liblinear', tol=0.0001,
          verbose=0, warm_start=False)
01/01/2018 13:09:08 [INFO] exp_shallowmodel: train time: 4479.429s
01/01/2018 13:09:08 [INFO] exp_shallowmodel: test time:  0.010s
01/01/2018 13:09:08 [INFO] exp_shallowmodel: accuracy:   0.739
01/01/2018 13:09:08 [INFO] exp_shallowmodel: f1_score:   0.583
01/01/2018 13:09:08 [INFO] exp_shallowmodel: classification report:
01/01/2018 13:09:08 [INFO] exp_shallowmodel:              precision    recall  f1-score   support

          A       0.18      0.14      0.16        14
          C       0.65      0.68      0.66       164
          F       0.92      0.82      0.87       268
          R       0.59      0.70      0.64       125

avg / total       0.75      0.74      0.74       571

01/01/2018 13:09:08 [INFO] exp_shallowmodel: confusion matrix:
01/01/2018 13:09:08 [INFO] exp_shallowmodel: 
[[  2   5   5   2]
 [  4 112  12  36]
 [  3  21 221  23]
 [  2  35   1  87]]
01/01/2018 13:09:10 [INFO] exp_shallowmodel: ******************** dstc2 - Round 21 
01/01/2018 13:09:10 [INFO] exp_shallowmodel: #(data) = 4583
01/01/2018 13:09:10 [INFO] exp_shallowmodel: #(feature) = 11215
01/01/2018 13:09:10 [INFO] exp_shallowmodel: ================================================================================
01/01/2018 13:09:10 [INFO] exp_shallowmodel: LR.pen=l2.C=100000000000000000000.000000
01/01/2018 13:09:10 [INFO] exp_shallowmodel: ________________________________________________________________________________
01/01/2018 13:09:10 [INFO] exp_shallowmodel: Training: 
01/01/2018 13:09:10 [INFO] exp_shallowmodel: LogisticRegression(C=1e+20, class_weight=None, dual=False, fit_intercept=True,
          intercept_scaling=1, max_iter=100, multi_class='ovr', n_jobs=1,
          penalty='l2', random_state=None, solver='liblinear', tol=0.0001,
          verbose=0, warm_start=False)
01/01/2018 14:18:03 [INFO] exp_shallowmodel: train time: 4132.273s
01/01/2018 14:18:03 [INFO] exp_shallowmodel: test time:  0.010s
01/01/2018 14:18:03 [INFO] exp_shallowmodel: accuracy:   0.729
01/01/2018 14:18:03 [INFO] exp_shallowmodel: f1_score:   0.586
01/01/2018 14:18:03 [INFO] exp_shallowmodel: classification report:
01/01/2018 14:18:03 [INFO] exp_shallowmodel:              precision    recall  f1-score   support

          A       0.20      0.21      0.21        14
          C       0.69      0.62      0.65       164
          F       0.90      0.83      0.86       268
          R       0.56      0.71      0.62       125

avg / total       0.74      0.73      0.73       571

01/01/2018 14:18:03 [INFO] exp_shallowmodel: confusion matrix:
01/01/2018 14:18:03 [INFO] exp_shallowmodel: 
[[  3   3   4   4]
 [  4 101  18  41]
 [  3  16 223  26]
 [  5  27   4  89]]
01/01/2018 14:18:05 [INFO] exp_shallowmodel: ******************** dstc2 - Round 22 
01/01/2018 14:18:05 [INFO] exp_shallowmodel: #(data) = 4583
01/01/2018 14:18:05 [INFO] exp_shallowmodel: #(feature) = 11215
01/01/2018 14:18:05 [INFO] exp_shallowmodel: ================================================================================
01/01/2018 14:18:05 [INFO] exp_shallowmodel: LR.pen=l2.C=100000000000000000000.000000
01/01/2018 14:18:05 [INFO] exp_shallowmodel: ________________________________________________________________________________
01/01/2018 14:18:05 [INFO] exp_shallowmodel: Training: 
01/01/2018 14:18:05 [INFO] exp_shallowmodel: LogisticRegression(C=1e+20, class_weight=None, dual=False, fit_intercept=True,
          intercept_scaling=1, max_iter=100, multi_class='ovr', n_jobs=1,
          penalty='l2', random_state=None, solver='liblinear', tol=0.0001,
          verbose=0, warm_start=False)
01/01/2018 15:17:05 [INFO] exp_shallowmodel: train time: 3539.703s
01/01/2018 15:17:05 [INFO] exp_shallowmodel: test time:  0.010s
01/01/2018 15:17:05 [INFO] exp_shallowmodel: accuracy:   0.783
01/01/2018 15:17:05 [INFO] exp_shallowmodel: f1_score:   0.648
01/01/2018 15:17:05 [INFO] exp_shallowmodel: classification report:
01/01/2018 15:17:05 [INFO] exp_shallowmodel:              precision    recall  f1-score   support

          A       0.27      0.29      0.28        14
          C       0.71      0.79      0.75       164
          F       0.94      0.84      0.89       268
          R       0.66      0.70      0.68       125

avg / total       0.80      0.78      0.79       571

01/01/2018 15:17:05 [INFO] exp_shallowmodel: confusion matrix:
01/01/2018 15:17:05 [INFO] exp_shallowmodel: 
[[  4   1   4   5]
 [  4 130   8  22]
 [  2  22 225  19]
 [  5  29   3  88]]
01/01/2018 15:17:07 [INFO] exp_shallowmodel: ******************** dstc2 - Round 23 
01/01/2018 15:17:07 [INFO] exp_shallowmodel: #(data) = 4583
01/01/2018 15:17:07 [INFO] exp_shallowmodel: #(feature) = 11215
01/01/2018 15:17:07 [INFO] exp_shallowmodel: ================================================================================
01/01/2018 15:17:07 [INFO] exp_shallowmodel: LR.pen=l2.C=100000000000000000000.000000
01/01/2018 15:17:07 [INFO] exp_shallowmodel: ________________________________________________________________________________
01/01/2018 15:17:07 [INFO] exp_shallowmodel: Training: 
01/01/2018 15:17:07 [INFO] exp_shallowmodel: LogisticRegression(C=1e+20, class_weight=None, dual=False, fit_intercept=True,
          intercept_scaling=1, max_iter=100, multi_class='ovr', n_jobs=1,
          penalty='l2', random_state=None, solver='liblinear', tol=0.0001,
          verbose=0, warm_start=False)
01/01/2018 16:03:31 [INFO] exp_shallowmodel: train time: 2783.524s
01/01/2018 16:03:31 [INFO] exp_shallowmodel: test time:  0.011s
01/01/2018 16:03:31 [INFO] exp_shallowmodel: accuracy:   0.750
01/01/2018 16:03:31 [INFO] exp_shallowmodel: f1_score:   0.642
01/01/2018 16:03:31 [INFO] exp_shallowmodel: classification report:
01/01/2018 16:03:31 [INFO] exp_shallowmodel:              precision    recall  f1-score   support

          A       0.33      0.43      0.38        14
          C       0.68      0.68      0.68       164
          F       0.93      0.84      0.88       268
          R       0.59      0.69      0.63       125

avg / total       0.77      0.75      0.76       571

01/01/2018 16:03:31 [INFO] exp_shallowmodel: confusion matrix:
01/01/2018 16:03:31 [INFO] exp_shallowmodel: 
[[  6   2   4   2]
 [  4 111  11  38]
 [  3  20 225  20]
 [  5  31   3  86]]
01/01/2018 16:03:33 [INFO] exp_shallowmodel: ******************** dstc2 - Round 24 
01/01/2018 16:03:33 [INFO] exp_shallowmodel: #(data) = 4583
01/01/2018 16:03:33 [INFO] exp_shallowmodel: #(feature) = 11215
01/01/2018 16:03:33 [INFO] exp_shallowmodel: ================================================================================
01/01/2018 16:03:33 [INFO] exp_shallowmodel: LR.pen=l2.C=100000000000000000000.000000
01/01/2018 16:03:33 [INFO] exp_shallowmodel: ________________________________________________________________________________
01/01/2018 16:03:33 [INFO] exp_shallowmodel: Training: 
01/01/2018 16:03:33 [INFO] exp_shallowmodel: LogisticRegression(C=1e+20, class_weight=None, dual=False, fit_intercept=True,
          intercept_scaling=1, max_iter=100, multi_class='ovr', n_jobs=1,
          penalty='l2', random_state=None, solver='liblinear', tol=0.0001,
          verbose=0, warm_start=False)
01/01/2018 16:49:42 [INFO] exp_shallowmodel: train time: 2768.743s
01/01/2018 16:49:42 [INFO] exp_shallowmodel: test time:  0.010s
01/01/2018 16:49:42 [INFO] exp_shallowmodel: accuracy:   0.765
01/01/2018 16:49:42 [INFO] exp_shallowmodel: f1_score:   0.637
01/01/2018 16:49:42 [INFO] exp_shallowmodel: classification report:
01/01/2018 16:49:42 [INFO] exp_shallowmodel:              precision    recall  f1-score   support

          A       0.31      0.36      0.33        14
          C       0.69      0.65      0.67       164
          F       0.90      0.91      0.91       268
          R       0.63      0.66      0.64       125

avg / total       0.77      0.77      0.77       571

01/01/2018 16:49:42 [INFO] exp_shallowmodel: confusion matrix:
01/01/2018 16:49:42 [INFO] exp_shallowmodel: 
[[  5   1   5   3]
 [  4 106  15  39]
 [  3  15 244   6]
 [  4  32   7  82]]
01/01/2018 16:49:44 [INFO] exp_shallowmodel: ******************** dstc2 - Round 25 
01/01/2018 16:49:44 [INFO] exp_shallowmodel: #(data) = 4583
01/01/2018 16:49:44 [INFO] exp_shallowmodel: #(feature) = 11215
01/01/2018 16:49:44 [INFO] exp_shallowmodel: ================================================================================
01/01/2018 16:49:44 [INFO] exp_shallowmodel: LR.pen=l2.C=100000000000000000000.000000
01/01/2018 16:49:44 [INFO] exp_shallowmodel: ________________________________________________________________________________
01/01/2018 16:49:44 [INFO] exp_shallowmodel: Training: 
01/01/2018 16:49:44 [INFO] exp_shallowmodel: LogisticRegression(C=1e+20, class_weight=None, dual=False, fit_intercept=True,
          intercept_scaling=1, max_iter=100, multi_class='ovr', n_jobs=1,
          penalty='l2', random_state=None, solver='liblinear', tol=0.0001,
          verbose=0, warm_start=False)
01/01/2018 17:39:47 [INFO] exp_shallowmodel: train time: 3002.897s
01/01/2018 17:39:47 [INFO] exp_shallowmodel: test time:  0.010s
01/01/2018 17:39:47 [INFO] exp_shallowmodel: accuracy:   0.776
01/01/2018 17:39:47 [INFO] exp_shallowmodel: f1_score:   0.596
01/01/2018 17:39:47 [INFO] exp_shallowmodel: classification report:
01/01/2018 17:39:47 [INFO] exp_shallowmodel:              precision    recall  f1-score   support

          A       0.07      0.07      0.07        14
          C       0.71      0.69      0.70       164
          F       0.91      0.86      0.89       268
          R       0.68      0.78      0.73       125

avg / total       0.78      0.78      0.78       571

01/01/2018 17:39:47 [INFO] exp_shallowmodel: confusion matrix:
01/01/2018 17:39:47 [INFO] exp_shallowmodel: 
[[  1   3   5   5]
 [ 10 113  11  30]
 [  4  22 231  11]
 [  0  21   6  98]]
01/01/2018 17:39:50 [INFO] exp_shallowmodel: ******************** dstc2 - Round 26 
01/01/2018 17:39:50 [INFO] exp_shallowmodel: #(data) = 4583
01/01/2018 17:39:50 [INFO] exp_shallowmodel: #(feature) = 11215
01/01/2018 17:39:50 [INFO] exp_shallowmodel: ================================================================================
01/01/2018 17:39:50 [INFO] exp_shallowmodel: LR.pen=l2.C=100000000000000000000.000000
01/01/2018 17:39:50 [INFO] exp_shallowmodel: ________________________________________________________________________________
01/01/2018 17:39:50 [INFO] exp_shallowmodel: Training: 
01/01/2018 17:39:50 [INFO] exp_shallowmodel: LogisticRegression(C=1e+20, class_weight=None, dual=False, fit_intercept=True,
          intercept_scaling=1, max_iter=100, multi_class='ovr', n_jobs=1,
          penalty='l2', random_state=None, solver='liblinear', tol=0.0001,
          verbose=0, warm_start=False)
01/01/2018 18:16:10 [INFO] exp_shallowmodel: train time: 2180.006s
01/01/2018 18:16:10 [INFO] exp_shallowmodel: test time:  0.010s
01/01/2018 18:16:10 [INFO] exp_shallowmodel: accuracy:   0.755
01/01/2018 18:16:10 [INFO] exp_shallowmodel: f1_score:   0.600
01/01/2018 18:16:10 [INFO] exp_shallowmodel: classification report:
01/01/2018 18:16:10 [INFO] exp_shallowmodel:              precision    recall  f1-score   support

          A       0.20      0.21      0.21        14
          C       0.65      0.68      0.67       164
          F       0.93      0.89      0.91       268
          R       0.61      0.62      0.62       125

avg / total       0.76      0.75      0.76       571

01/01/2018 18:16:10 [INFO] exp_shallowmodel: confusion matrix:
01/01/2018 18:16:10 [INFO] exp_shallowmodel: 
[[  3   4   5   2]
 [  3 112  10  39]
 [  4  17 238   9]
 [  5  38   4  78]]
01/01/2018 18:16:12 [INFO] exp_shallowmodel: ******************** dstc2 - Round 27 
01/01/2018 18:16:12 [INFO] exp_shallowmodel: #(data) = 4583
01/01/2018 18:16:12 [INFO] exp_shallowmodel: #(feature) = 11215
01/01/2018 18:16:12 [INFO] exp_shallowmodel: ================================================================================
01/01/2018 18:16:12 [INFO] exp_shallowmodel: LR.pen=l2.C=100000000000000000000.000000
01/01/2018 18:16:12 [INFO] exp_shallowmodel: ________________________________________________________________________________
01/01/2018 18:16:12 [INFO] exp_shallowmodel: Training: 
01/01/2018 18:16:12 [INFO] exp_shallowmodel: LogisticRegression(C=1e+20, class_weight=None, dual=False, fit_intercept=True,
          intercept_scaling=1, max_iter=100, multi_class='ovr', n_jobs=1,
          penalty='l2', random_state=None, solver='liblinear', tol=0.0001,
          verbose=0, warm_start=False)
01/01/2018 18:57:15 [INFO] exp_shallowmodel: train time: 2463.384s
01/01/2018 18:57:15 [INFO] exp_shallowmodel: test time:  0.010s
01/01/2018 18:57:15 [INFO] exp_shallowmodel: accuracy:   0.781
01/01/2018 18:57:15 [INFO] exp_shallowmodel: f1_score:   0.657
01/01/2018 18:57:15 [INFO] exp_shallowmodel: classification report:
01/01/2018 18:57:15 [INFO] exp_shallowmodel:              precision    recall  f1-score   support

          A       0.29      0.36      0.32        14
          C       0.71      0.70      0.71       164
          F       0.92      0.87      0.90       268
          R       0.66      0.74      0.70       125

avg / total       0.79      0.78      0.78       571

01/01/2018 18:57:15 [INFO] exp_shallowmodel: confusion matrix:
01/01/2018 18:57:15 [INFO] exp_shallowmodel: 
[[  5   4   4   1]
 [  4 115  10  35]
 [  5  19 233  11]
 [  3  24   5  93]]
01/01/2018 18:57:18 [INFO] exp_shallowmodel: ******************** dstc2 - Round 28 
01/01/2018 18:57:18 [INFO] exp_shallowmodel: #(data) = 4583
01/01/2018 18:57:18 [INFO] exp_shallowmodel: #(feature) = 11215
01/01/2018 18:57:18 [INFO] exp_shallowmodel: ================================================================================
01/01/2018 18:57:18 [INFO] exp_shallowmodel: LR.pen=l2.C=100000000000000000000.000000
01/01/2018 18:57:18 [INFO] exp_shallowmodel: ________________________________________________________________________________
01/01/2018 18:57:18 [INFO] exp_shallowmodel: Training: 
01/01/2018 18:57:18 [INFO] exp_shallowmodel: LogisticRegression(C=1e+20, class_weight=None, dual=False, fit_intercept=True,
          intercept_scaling=1, max_iter=100, multi_class='ovr', n_jobs=1,
          penalty='l2', random_state=None, solver='liblinear', tol=0.0001,
          verbose=0, warm_start=False)
01/01/2018 19:57:02 [INFO] exp_shallowmodel: train time: 3584.528s
01/01/2018 19:57:02 [INFO] exp_shallowmodel: test time:  0.010s
01/01/2018 19:57:02 [INFO] exp_shallowmodel: accuracy:   0.720
01/01/2018 19:57:02 [INFO] exp_shallowmodel: f1_score:   0.588
01/01/2018 19:57:02 [INFO] exp_shallowmodel: classification report:
01/01/2018 19:57:02 [INFO] exp_shallowmodel:              precision    recall  f1-score   support

          A       0.30      0.21      0.25        14
          C       0.65      0.66      0.65       164
          F       0.88      0.81      0.85       268
          R       0.56      0.66      0.60       125

avg / total       0.73      0.72      0.72       571

01/01/2018 19:57:02 [INFO] exp_shallowmodel: confusion matrix:
01/01/2018 19:57:02 [INFO] exp_shallowmodel: 
[[  3   1   6   4]
 [  3 108  15  38]
 [  4  23 218  23]
 [  0  35   8  82]]
/ihome/pbrusilosky/rum20/packages/anaconda3/lib/python3.6/site-packages/sklearn/preprocessing/data.py:164: UserWarning: Numerical issues were encountered when centering the data and might not be solved. Dataset may contain too large values. You may need to prescale your features.
  warnings.warn("Numerical issues were encountered "
/ihome/pbrusilosky/rum20/packages/anaconda3/lib/python3.6/site-packages/sklearn/preprocessing/data.py:169: RuntimeWarning: invalid value encountered in subtract
  Xr -= mean_1
/ihome/pbrusilosky/rum20/packages/anaconda3/lib/python3.6/site-packages/sklearn/preprocessing/data.py:181: UserWarning: Numerical issues were encountered when scaling the data and might not be solved. The standard deviation of the data is probably very close to 0. 
  warnings.warn("Numerical issues were encountered "
/ihome/pbrusilosky/rum20/packages/anaconda3/lib/python3.6/site-packages/sklearn/preprocessing/data.py:164: UserWarning: Numerical issues were encountered when centering the data and might not be solved. Dataset may contain too large values. You may need to prescale your features.
  warnings.warn("Numerical issues were encountered "
/ihome/pbrusilosky/rum20/packages/anaconda3/lib/python3.6/site-packages/sklearn/preprocessing/data.py:169: RuntimeWarning: invalid value encountered in subtract
  Xr -= mean_1
/ihome/pbrusilosky/rum20/packages/anaconda3/lib/python3.6/site-packages/sklearn/preprocessing/data.py:181: UserWarning: Numerical issues were encountered when scaling the data and might not be solved. The standard deviation of the data is probably very close to 0. 
  warnings.warn("Numerical issues were encountered "
/ihome/pbrusilosky/rum20/packages/anaconda3/lib/python3.6/site-packages/sklearn/preprocessing/data.py:164: UserWarning: Numerical issues were encountered when centering the data and might not be solved. Dataset may contain too large values. You may need to prescale your features.
  warnings.warn("Numerical issues were encountered "
/ihome/pbrusilosky/rum20/packages/anaconda3/lib/python3.6/site-packages/sklearn/preprocessing/data.py:169: RuntimeWarning: invalid value encountered in subtract
  Xr -= mean_1
/ihome/pbrusilosky/rum20/packages/anaconda3/lib/python3.6/site-packages/sklearn/preprocessing/data.py:181: UserWarning: Numerical issues were encountered when scaling the data and might not be solved. The standard deviation of the data is probably very close to 0. 
  warnings.warn("Numerical issues were encountered "
/ihome/pbrusilosky/rum20/packages/anaconda3/lib/python3.6/site-packages/sklearn/preprocessing/data.py:164: UserWarning: Numerical issues were encountered when centering the data and might not be solved. Dataset may contain too large values. You may need to prescale your features.
  warnings.warn("Numerical issues were encountered "
/ihome/pbrusilosky/rum20/packages/anaconda3/lib/python3.6/site-packages/sklearn/preprocessing/data.py:169: RuntimeWarning: invalid value encountered in subtract
  Xr -= mean_1
/ihome/pbrusilosky/rum20/packages/anaconda3/lib/python3.6/site-packages/sklearn/preprocessing/data.py:181: UserWarning: Numerical issues were encountered when scaling the data and might not be solved. The standard deviation of the data is probably very close to 0. 
  warnings.warn("Numerical issues were encountered "
/ihome/pbrusilosky/rum20/packages/anaconda3/lib/python3.6/site-packages/sklearn/preprocessing/data.py:164: UserWarning: Numerical issues were encountered when centering the data and might not be solved. Dataset may contain too large values. You may need to prescale your features.
  warnings.warn("Numerical issues were encountered "
/ihome/pbrusilosky/rum20/packages/anaconda3/lib/python3.6/site-packages/sklearn/preprocessing/data.py:169: RuntimeWarning: invalid value encountered in subtract
  Xr -= mean_1
/ihome/pbrusilosky/rum20/packages/anaconda3/lib/python3.6/site-packages/sklearn/preprocessing/data.py:181: UserWarning: Numerical issues were encountered when scaling the data and might not be solved. The standard deviation of the data is probably very close to 0. 
  warnings.warn("Numerical issues were encountered "
/ihome/pbrusilosky/rum20/packages/anaconda3/lib/python3.6/site-packages/sklearn/preprocessing/data.py:164: UserWarning: Numerical issues were encountered when centering the data and might not be solved. Dataset may contain too large values. You may need to prescale your features.
  warnings.warn("Numerical issues were encountered "
/ihome/pbrusilosky/rum20/packages/anaconda3/lib/python3.6/site-packages/sklearn/preprocessing/data.py:169: RuntimeWarning: invalid value encountered in subtract
  Xr -= mean_1
/ihome/pbrusilosky/rum20/packages/anaconda3/lib/python3.6/site-packages/sklearn/preprocessing/data.py:181: UserWarning: Numerical issues were encountered when scaling the data and might not be solved. The standard deviation of the data is probably very close to 0. 
  warnings.warn("Numerical issues were encountered "
/ihome/pbrusilosky/rum20/packages/anaconda3/lib/python3.6/site-packages/sklearn/preprocessing/data.py:164: UserWarning: Numerical issues were encountered when centering the data and might not be solved. Dataset may contain too large values. You may need to prescale your features.
  warnings.warn("Numerical issues were encountered "
/ihome/pbrusilosky/rum20/packages/anaconda3/lib/python3.6/site-packages/sklearn/preprocessing/data.py:169: RuntimeWarning: invalid value encountered in subtract
  Xr -= mean_1
/ihome/pbrusilosky/rum20/packages/anaconda3/lib/python3.6/site-packages/sklearn/preprocessing/data.py:181: UserWarning: Numerical issues were encountered when scaling the data and might not be solved. The standard deviation of the data is probably very close to 0. 
  warnings.warn("Numerical issues were encountered "
/ihome/pbrusilosky/rum20/packages/anaconda3/lib/python3.6/site-packages/sklearn/preprocessing/data.py:164: UserWarning: Numerical issues were encountered when centering the data and might not be solved. Dataset may contain too large values. You may need to prescale your features.
  warnings.warn("Numerical issues were encountered "
/ihome/pbrusilosky/rum20/packages/anaconda3/lib/python3.6/site-packages/sklearn/preprocessing/data.py:169: RuntimeWarning: invalid value encountered in subtract
  Xr -= mean_1
/ihome/pbrusilosky/rum20/packages/anaconda3/lib/python3.6/site-packages/sklearn/preprocessing/data.py:181: UserWarning: Numerical issues were encountered when scaling the data and might not be solved. The standard deviation of the data is probably very close to 0. 
  warnings.warn("Numerical issues were encountered "
/ihome/pbrusilosky/rum20/packages/anaconda3/lib/python3.6/site-packages/sklearn/preprocessing/data.py:164: UserWarning: Numerical issues were encountered when centering the data and might not be solved. Dataset may contain too large values. You may need to prescale your features.
  warnings.warn("Numerical issues were encountered "
/ihome/pbrusilosky/rum20/packages/anaconda3/lib/python3.6/site-packages/sklearn/preprocessing/data.py:169: RuntimeWarning: invalid value encountered in subtract
  Xr -= mean_1
/ihome/pbrusilosky/rum20/packages/anaconda3/lib/python3.6/site-packages/sklearn/preprocessing/data.py:181: UserWarning: Numerical issues were encountered when scaling the data and might not be solved. The standard deviation of the data is probably very close to 0. 
  warnings.warn("Numerical issues were encountered "
/ihome/pbrusilosky/rum20/packages/anaconda3/lib/python3.6/site-packages/sklearn/preprocessing/data.py:164: UserWarning: Numerical issues were encountered when centering the data and might not be solved. Dataset may contain too large values. You may need to prescale your features.
  warnings.warn("Numerical issues were encountered "
/ihome/pbrusilosky/rum20/packages/anaconda3/lib/python3.6/site-packages/sklearn/preprocessing/data.py:169: RuntimeWarning: invalid value encountered in subtract
  Xr -= mean_1
/ihome/pbrusilosky/rum20/packages/anaconda3/lib/python3.6/site-packages/sklearn/preprocessing/data.py:181: UserWarning: Numerical issues were encountered when scaling the data and might not be solved. The standard deviation of the data is probably very close to 0. 
  warnings.warn("Numerical issues were encountered "
01/01/2018 19:57:05 [INFO] exp_shallowmodel: ******************** dstc2 - Round 29 
01/01/2018 19:57:05 [INFO] exp_shallowmodel: #(data) = 4568
01/01/2018 19:57:05 [INFO] exp_shallowmodel: #(feature) = 11215
01/01/2018 19:57:05 [INFO] exp_shallowmodel: ================================================================================
01/01/2018 19:57:05 [INFO] exp_shallowmodel: LR.pen=l2.C=100000000000000000000.000000
01/01/2018 19:57:05 [INFO] exp_shallowmodel: ________________________________________________________________________________
01/01/2018 19:57:05 [INFO] exp_shallowmodel: Training: 
01/01/2018 19:57:05 [INFO] exp_shallowmodel: LogisticRegression(C=1e+20, class_weight=None, dual=False, fit_intercept=True,
          intercept_scaling=1, max_iter=100, multi_class='ovr', n_jobs=1,
          penalty='l2', random_state=None, solver='liblinear', tol=0.0001,
          verbose=0, warm_start=False)
01/01/2018 20:47:31 [INFO] exp_shallowmodel: train time: 3026.441s
01/01/2018 20:47:31 [INFO] exp_shallowmodel: test time:  0.011s
01/01/2018 20:47:31 [INFO] exp_shallowmodel: accuracy:   0.718
01/01/2018 20:47:31 [INFO] exp_shallowmodel: f1_score:   0.615
01/01/2018 20:47:31 [INFO] exp_shallowmodel: classification report:
01/01/2018 20:47:31 [INFO] exp_shallowmodel:              precision    recall  f1-score   support

          A       0.29      0.44      0.35        16
          C       0.64      0.64      0.64       169
          F       0.90      0.81      0.85       271
          R       0.58      0.65      0.62       130

avg / total       0.74      0.72      0.73       586

01/01/2018 20:47:31 [INFO] exp_shallowmodel: confusion matrix:
01/01/2018 20:47:31 [INFO] exp_shallowmodel: 
[[  7   4   5   0]
 [  5 109  15  40]
 [  5  25 220  21]
 [  7  33   5  85]]
01/01/2018 20:47:34 [INFO] exp_shallowmodel: ******************** dstc2 - Round 30 
01/01/2018 20:47:34 [INFO] exp_shallowmodel: #(data) = 4583
01/01/2018 20:47:34 [INFO] exp_shallowmodel: #(feature) = 11215
01/01/2018 20:47:34 [INFO] exp_shallowmodel: ================================================================================
01/01/2018 20:47:34 [INFO] exp_shallowmodel: LR.pen=l2.C=100000000000000000000.000000
01/01/2018 20:47:34 [INFO] exp_shallowmodel: ________________________________________________________________________________
01/01/2018 20:47:34 [INFO] exp_shallowmodel: Training: 
01/01/2018 20:47:34 [INFO] exp_shallowmodel: LogisticRegression(C=1e+20, class_weight=None, dual=False, fit_intercept=True,
          intercept_scaling=1, max_iter=100, multi_class='ovr', n_jobs=1,
          penalty='l2', random_state=None, solver='liblinear', tol=0.0001,
          verbose=0, warm_start=False)
