/ihome/pbrusilosky/rum20/packages/anaconda3/bin/python -m dialogue.classify.task_runner -experiment_mode feature_selection -selected_feature_set_id 0 -add_similarity_feature -selected_context_id 0 -k_feature_to_keep 10
No. of param settings = 1
[('experiment_mode', 'feature_selection'), ('deep_model', False), ('selected_context_id', 0), ('selected_feature_set_id', 0), ('similarity_feature', True), ('k_feature_to_keep', 10)]
12/31/2017 18:15:54 [INFO] configuration: experiment_mode  :   feature_selection
12/31/2017 18:15:54 [INFO] configuration: deep_model  :   False
12/31/2017 18:15:54 [INFO] configuration: selected_context_id  :   0
12/31/2017 18:15:54 [INFO] configuration: selected_feature_set_id  :   0
12/31/2017 18:15:54 [INFO] configuration: similarity_feature  :   True
12/31/2017 18:15:54 [INFO] configuration: k_feature_to_keep  :   10
12/31/2017 18:15:54 [INFO] configuration: seed  :   154316847
12/31/2017 18:15:54 [INFO] configuration: root_path  :   /ihome/pbrusilosky/rum20/y_classify
12/31/2017 18:15:54 [INFO] configuration: task_name  :   utterance_type
12/31/2017 18:15:54 [INFO] configuration: timemark  :   20171231-181554
12/31/2017 18:15:54 [INFO] configuration: context_set  :   next
12/31/2017 18:15:54 [INFO] configuration: utterance_names  :   ['last_user_utterance', 'last_system_utterance', 'current_user_utterance', 'next_system_utterance', 'next_user_utterance']
12/31/2017 18:15:54 [INFO] configuration: utterance_range  :   ['current_user_utterance', 'next_system_utterance', 'next_user_utterance']
12/31/2017 18:15:54 [INFO] configuration: feature_set  :   0-all
12/31/2017 18:15:54 [INFO] configuration: feature_set_number  :   ['1', '2', '3', '4', '5', '6', '7', '8', '9', '10', '11']
12/31/2017 18:15:54 [INFO] configuration: experiment_name  :   20171231-181554.feature_selection.no_regularization.feature_number=10.context=next.feature=0-all.similarity=true
12/31/2017 18:15:54 [INFO] configuration: experiment_path  :   /ihome/pbrusilosky/rum20/y_classify/output/20171231-181554.feature_selection.no_regularization.feature_number=10.context=next.feature=0-all.similarity=true
12/31/2017 18:15:54 [INFO] configuration: log_path  :   /ihome/pbrusilosky/rum20/y_classify/output/20171231-181554.feature_selection.no_regularization.feature_number=10.context=next.feature=0-all.similarity=true/output.log
12/31/2017 18:15:54 [INFO] configuration: valid_type  :   {'A', 'R', 'F', 'C'}
12/31/2017 18:15:54 [INFO] configuration: data_name  :   
12/31/2017 18:15:54 [INFO] configuration: data_names  :   ['dstc2', 'dstc3', 'family', 'ghome']
12/31/2017 18:15:54 [INFO] configuration: raw_feature_path  :   /ihome/pbrusilosky/rum20/y_classify/dataset/feature/%s.raw_feature.pkl
12/31/2017 18:15:54 [INFO] configuration: extracted_feature_path  :   /ihome/pbrusilosky/rum20/y_classify/dataset/feature/%s.extracted_feature.pkl
12/31/2017 18:15:54 [INFO] configuration: pipeline_path  :   /ihome/pbrusilosky/rum20/y_classify/dataset/feature/%s.pipeline.pkl
12/31/2017 18:15:54 [INFO] configuration: metrics  :   ['accuracy', 'precision', 'recall', 'f1_score', 'training_time', 'test_time']
12/31/2017 18:15:54 [INFO] configuration: do_cross_validation  :   True
12/31/2017 18:15:54 [INFO] configuration: #division  :   5
12/31/2017 18:15:54 [INFO] configuration: #cross_validation  :   10
12/31/2017 18:15:54 [INFO] configuration: cv_index_cache_path  :   
12/31/2017 18:15:54 [INFO] configuration: action_words  :   {'ani', 'time', 'remove', 'next', 'stop', 'reminds', 'findcare', 'cheap', 'els', 'north', 'video', 'else', 'moderate', 'temperature', 'clear', 'room', 'turn', 'telephon', 'snooz', 'delete', 'temperatur', 'help', 'remind', 'expens', 'expensive', 'delet', 'address', 'add', 'remov', 'item', 'play', 'weather', 'timer', 'tell', 'alarm', 'snooze', 'volume', 'member', 'phone', 'south', 'volum', 'music', 'price', 'part', 'start', 'area', 'shuffle', 'light', 'telephone', 'skip', 'share', 'song', 'findcar', 'matter', 'centre', 'number', 'watch', 'show', 'list', 'food', 'items', 'cast', 'post', 'moder', 'centr', 'reminders', 'any', 'reminder', 'discard', 'shuffl'}
12/31/2017 18:15:54 [INFO] configuration: corenlp_jars  :   ('/Users/memray/Project/stanford/stanford-corenlp-full-3.8.0/*', '/Users/memray/Project/stanford/stanford-corenlp-full-3.8.0/stanford-english-kbp-corenlp-2017-06-09-models.jar')
12/31/2017 18:15:54 [INFO] configuration: lda_topic_number  :   50
12/31/2017 18:15:54 [INFO] configuration: lda_path  :   /ihome/pbrusilosky/rum20/y_classify/dataset/feature/gensim/%s.topic=50.lda.pkl
12/31/2017 18:15:54 [INFO] configuration: gensim_corpus_path  :   /ihome/pbrusilosky/rum20/y_classify/dataset/feature/gensim/%s.corpus.pkl
12/31/2017 18:15:54 [INFO] configuration: gensim_dict_path  :   /ihome/pbrusilosky/rum20/y_classify/dataset/feature/gensim/%s.dict
12/31/2017 18:15:54 [INFO] configuration: w2v_path  :   /Users/memray/Data/glove/GoogleNews-vectors-negative300.bin
12/31/2017 18:15:54 [INFO] configuration: w2v_vector_length  :   300
12/31/2017 18:15:54 [INFO] configuration: d2v_vector_length  :   300
12/31/2017 18:15:54 [INFO] configuration: d2v_window_size  :   5
12/31/2017 18:15:54 [INFO] configuration: d2v_min_count  :   2
12/31/2017 18:15:54 [INFO] configuration: d2v_model_path  :   /ihome/pbrusilosky/rum20/y_classify/dataset/feature/gensim/%s.doc2vec.dim=300.window=5.min_count=2.model
12/31/2017 18:15:54 [INFO] configuration: d2v_vector_path  :   /ihome/pbrusilosky/rum20/y_classify/dataset/feature/gensim/%s.doc2vec.dim=300.window=5.min_count=2.vector
12/31/2017 18:15:54 [INFO] configuration: num_word_keep  :   {'dstc2': 300, 'dstc3': 300, 'family': 1000, 'ghome': 1000}
12/31/2017 18:15:54 [INFO] configuration: batch_size  :   128
12/31/2017 18:15:54 [INFO] configuration: max_epoch  :   50
12/31/2017 18:15:54 [INFO] configuration: early_stop_tolerance  :   2
12/31/2017 18:15:54 [INFO] configuration: concat_sents  :   False
12/31/2017 18:15:54 [INFO] configuration: cnn_setting  :   {'model': 'rand', 'early_stopping': True, 'word_dim': 300, 'filters': [3, 4, 5], 'filter_num': [100, 100, 100], 'class_size': 4, 'batch_size': 128, 'learning_rate': 0.001, 'norm_limit': 10, 'dropout_prob': 0.5, 'sentence_num': 3}
12/31/2017 18:15:54 [INFO] configuration: skipthought_setting  :   {'skipthought_model_path': '/Users/memray/Data/skip-thought', 'skipthought_data_path': '/ihome/pbrusilosky/rum20/y_classify/dataset/feature/gensim/%s.skip-thought.biskip.vector', 'fixed_emb': True, 'sentence_num': 3, 'hidden_size': 2400, 'class_size': 4, 'learning_rate': 0.0001, 'norm_limit': 3, 'dropout_prob': 0.5}
12/31/2017 18:15:54 [INFO] configuration: lstm_setting  :   {'model': 'non-static', 'hidden_size': 32, 'embedding_size': 300, 'num_layers': 1, 'bidirectional': False, 'learning_rate': 0.001, 'class_size': 4, 'norm_limit': 2, 'clip_grad_norm': 2, 'dropout_prob': 0.1}
12/31/2017 18:15:59 [INFO] exp_shallowmodel: 1	8105

12/31/2017 18:15:59 [INFO] exp_shallowmodel: 10.1	900

12/31/2017 18:15:59 [INFO] exp_shallowmodel: 10.2.1	1

12/31/2017 18:15:59 [INFO] exp_shallowmodel: 11.1	7200

12/31/2017 18:15:59 [INFO] exp_shallowmodel: 11.2.1	1

12/31/2017 18:15:59 [INFO] exp_shallowmodel: 2.1	50

12/31/2017 18:15:59 [INFO] exp_shallowmodel: 2.2	2

12/31/2017 18:15:59 [INFO] exp_shallowmodel: 2.3.1	1

12/31/2017 18:15:59 [INFO] exp_shallowmodel: 3	5

12/31/2017 18:15:59 [INFO] exp_shallowmodel: 4.1	5174

12/31/2017 18:15:59 [INFO] exp_shallowmodel: 4.2.1	1

12/31/2017 18:15:59 [INFO] exp_shallowmodel: 4.3.1	1

12/31/2017 18:15:59 [INFO] exp_shallowmodel: 5	2184

12/31/2017 18:15:59 [INFO] exp_shallowmodel: 6	245

12/31/2017 18:15:59 [INFO] exp_shallowmodel: 7	910

12/31/2017 18:15:59 [INFO] exp_shallowmodel: 8.1	150

12/31/2017 18:15:59 [INFO] exp_shallowmodel: 8.2.1	1

12/31/2017 18:15:59 [INFO] exp_shallowmodel: 9.1	900

12/31/2017 18:15:59 [INFO] exp_shallowmodel: 9.2.1	1

12/31/2017 18:15:59 [INFO] exp_shallowmodel: 9.3.1	1

12/31/2017 18:16:00 [INFO] exp_shallowmodel: %%%%%%%%%%%%%%%%%%%%%%%%%%%%%%%%%%%%%%%%%%%%%%%%%%
12/31/2017 18:16:00 [INFO] exp_shallowmodel:           dataset=dstc2
12/31/2017 18:16:00 [INFO] exp_shallowmodel:           k_feature_to_keep=10
12/31/2017 18:16:00 [INFO] exp_shallowmodel:           X_new.shape=(5725, 10191)
12/31/2017 18:16:00 [INFO] exp_shallowmodel:           #(X_selected)=1024
12/31/2017 18:16:00 [INFO] exp_shallowmodel:           #(X_not_selectable)=9167
12/31/2017 18:16:00 [INFO] exp_shallowmodel: %%%%%%%%%%%%%%%%%%%%%%%%%%%%%%%%%%%%%%%%%%%%%%%%%%
12/31/2017 18:16:02 [INFO] exp_shallowmodel: ******************** dstc2 - Round 0 
12/31/2017 18:16:02 [INFO] exp_shallowmodel: #(data) = 4583
12/31/2017 18:16:02 [INFO] exp_shallowmodel: #(feature) = 10191
12/31/2017 18:16:02 [INFO] exp_shallowmodel: ================================================================================
12/31/2017 18:16:02 [INFO] exp_shallowmodel: LR.pen=l2.C=100000000000000000000.000000
12/31/2017 18:16:02 [INFO] exp_shallowmodel: ________________________________________________________________________________
12/31/2017 18:16:02 [INFO] exp_shallowmodel: Training: 
12/31/2017 18:16:02 [INFO] exp_shallowmodel: LogisticRegression(C=1e+20, class_weight=None, dual=False, fit_intercept=True,
          intercept_scaling=1, max_iter=100, multi_class='ovr', n_jobs=1,
          penalty='l2', random_state=None, solver='liblinear', tol=0.0001,
          verbose=0, warm_start=False)
12/31/2017 19:08:46 [INFO] exp_shallowmodel: train time: 3164.032s
12/31/2017 19:08:46 [INFO] exp_shallowmodel: test time:  0.009s
12/31/2017 19:08:46 [INFO] exp_shallowmodel: accuracy:   0.767
12/31/2017 19:08:46 [INFO] exp_shallowmodel: f1_score:   0.665
12/31/2017 19:08:46 [INFO] exp_shallowmodel: classification report:
12/31/2017 19:08:46 [INFO] exp_shallowmodel:              precision    recall  f1-score   support

          A       0.38      0.43      0.40        14
          C       0.70      0.70      0.70       164
          F       0.90      0.84      0.87       268
          R       0.65      0.73      0.68       125

avg / total       0.78      0.77      0.77       571

12/31/2017 19:08:46 [INFO] exp_shallowmodel: confusion matrix:
12/31/2017 19:08:46 [INFO] exp_shallowmodel: 
[[  6   3   5   0]
 [  5 115  14  30]
 [  5  17 226  20]
 [  0  29   5  91]]
12/31/2017 19:08:48 [INFO] exp_shallowmodel: ******************** dstc2 - Round 1 
12/31/2017 19:08:48 [INFO] exp_shallowmodel: #(data) = 4583
12/31/2017 19:08:48 [INFO] exp_shallowmodel: #(feature) = 10191
12/31/2017 19:08:48 [INFO] exp_shallowmodel: ================================================================================
12/31/2017 19:08:48 [INFO] exp_shallowmodel: LR.pen=l2.C=100000000000000000000.000000
12/31/2017 19:08:48 [INFO] exp_shallowmodel: ________________________________________________________________________________
12/31/2017 19:08:48 [INFO] exp_shallowmodel: Training: 
12/31/2017 19:08:48 [INFO] exp_shallowmodel: LogisticRegression(C=1e+20, class_weight=None, dual=False, fit_intercept=True,
          intercept_scaling=1, max_iter=100, multi_class='ovr', n_jobs=1,
          penalty='l2', random_state=None, solver='liblinear', tol=0.0001,
          verbose=0, warm_start=False)
12/31/2017 19:51:46 [INFO] exp_shallowmodel: train time: 2577.600s
12/31/2017 19:51:46 [INFO] exp_shallowmodel: test time:  0.009s
12/31/2017 19:51:46 [INFO] exp_shallowmodel: accuracy:   0.764
12/31/2017 19:51:46 [INFO] exp_shallowmodel: f1_score:   0.627
12/31/2017 19:51:46 [INFO] exp_shallowmodel: classification report:
12/31/2017 19:51:46 [INFO] exp_shallowmodel:              precision    recall  f1-score   support

          A       0.25      0.29      0.27        14
          C       0.73      0.63      0.68       164
          F       0.90      0.87      0.89       268
          R       0.61      0.75      0.67       125

avg / total       0.77      0.76      0.77       571

12/31/2017 19:51:46 [INFO] exp_shallowmodel: confusion matrix:
12/31/2017 19:51:46 [INFO] exp_shallowmodel: 
[[  4   3   3   4]
 [  5 104  16  39]
 [  5  12 234  17]
 [  2  23   6  94]]
12/31/2017 19:51:48 [INFO] exp_shallowmodel: ******************** dstc2 - Round 2 
12/31/2017 19:51:48 [INFO] exp_shallowmodel: #(data) = 4583
12/31/2017 19:51:48 [INFO] exp_shallowmodel: #(feature) = 10191
12/31/2017 19:51:48 [INFO] exp_shallowmodel: ================================================================================
12/31/2017 19:51:48 [INFO] exp_shallowmodel: LR.pen=l2.C=100000000000000000000.000000
12/31/2017 19:51:48 [INFO] exp_shallowmodel: ________________________________________________________________________________
12/31/2017 19:51:48 [INFO] exp_shallowmodel: Training: 
12/31/2017 19:51:48 [INFO] exp_shallowmodel: LogisticRegression(C=1e+20, class_weight=None, dual=False, fit_intercept=True,
          intercept_scaling=1, max_iter=100, multi_class='ovr', n_jobs=1,
          penalty='l2', random_state=None, solver='liblinear', tol=0.0001,
          verbose=0, warm_start=False)
12/31/2017 20:46:19 [INFO] exp_shallowmodel: train time: 3270.640s
12/31/2017 20:46:19 [INFO] exp_shallowmodel: test time:  0.009s
12/31/2017 20:46:19 [INFO] exp_shallowmodel: accuracy:   0.743
12/31/2017 20:46:19 [INFO] exp_shallowmodel: f1_score:   0.602
12/31/2017 20:46:19 [INFO] exp_shallowmodel: classification report:
12/31/2017 20:46:19 [INFO] exp_shallowmodel:              precision    recall  f1-score   support

          A       0.20      0.29      0.24        14
          C       0.64      0.66      0.65       164
          F       0.93      0.86      0.89       268
          R       0.60      0.65      0.62       125

avg / total       0.76      0.74      0.75       571

12/31/2017 20:46:19 [INFO] exp_shallowmodel: confusion matrix:
12/31/2017 20:46:19 [INFO] exp_shallowmodel: 
[[  4   3   3   4]
 [  5 109  12  38]
 [  4  22 230  12]
 [  7  36   1  81]]
12/31/2017 20:46:21 [INFO] exp_shallowmodel: ******************** dstc2 - Round 3 
12/31/2017 20:46:21 [INFO] exp_shallowmodel: #(data) = 4583
12/31/2017 20:46:21 [INFO] exp_shallowmodel: #(feature) = 10191
12/31/2017 20:46:21 [INFO] exp_shallowmodel: ================================================================================
12/31/2017 20:46:21 [INFO] exp_shallowmodel: LR.pen=l2.C=100000000000000000000.000000
12/31/2017 20:46:21 [INFO] exp_shallowmodel: ________________________________________________________________________________
12/31/2017 20:46:21 [INFO] exp_shallowmodel: Training: 
12/31/2017 20:46:21 [INFO] exp_shallowmodel: LogisticRegression(C=1e+20, class_weight=None, dual=False, fit_intercept=True,
          intercept_scaling=1, max_iter=100, multi_class='ovr', n_jobs=1,
          penalty='l2', random_state=None, solver='liblinear', tol=0.0001,
          verbose=0, warm_start=False)
12/31/2017 21:24:34 [INFO] exp_shallowmodel: train time: 2293.757s
12/31/2017 21:24:34 [INFO] exp_shallowmodel: test time:  0.010s
12/31/2017 21:24:34 [INFO] exp_shallowmodel: accuracy:   0.730
12/31/2017 21:24:34 [INFO] exp_shallowmodel: f1_score:   0.632
12/31/2017 21:24:34 [INFO] exp_shallowmodel: classification report:
12/31/2017 21:24:34 [INFO] exp_shallowmodel:              precision    recall  f1-score   support

          A       0.35      0.50      0.41        14
          C       0.64      0.70      0.67       164
          F       0.91      0.83      0.87       268
          R       0.57      0.58      0.58       125

avg / total       0.75      0.73      0.74       571

12/31/2017 21:24:34 [INFO] exp_shallowmodel: confusion matrix:
12/31/2017 21:24:34 [INFO] exp_shallowmodel: 
[[  7   1   3   3]
 [  7 115  10  32]
 [  4  23 222  19]
 [  2  42   8  73]]
12/31/2017 21:24:37 [INFO] exp_shallowmodel: ******************** dstc2 - Round 4 
12/31/2017 21:24:37 [INFO] exp_shallowmodel: #(data) = 4583
12/31/2017 21:24:37 [INFO] exp_shallowmodel: #(feature) = 10191
12/31/2017 21:24:37 [INFO] exp_shallowmodel: ================================================================================
12/31/2017 21:24:37 [INFO] exp_shallowmodel: LR.pen=l2.C=100000000000000000000.000000
12/31/2017 21:24:37 [INFO] exp_shallowmodel: ________________________________________________________________________________
12/31/2017 21:24:37 [INFO] exp_shallowmodel: Training: 
12/31/2017 21:24:37 [INFO] exp_shallowmodel: LogisticRegression(C=1e+20, class_weight=None, dual=False, fit_intercept=True,
          intercept_scaling=1, max_iter=100, multi_class='ovr', n_jobs=1,
          penalty='l2', random_state=None, solver='liblinear', tol=0.0001,
          verbose=0, warm_start=False)
12/31/2017 22:16:17 [INFO] exp_shallowmodel: train time: 3100.039s
12/31/2017 22:16:17 [INFO] exp_shallowmodel: test time:  0.009s
12/31/2017 22:16:17 [INFO] exp_shallowmodel: accuracy:   0.746
12/31/2017 22:16:17 [INFO] exp_shallowmodel: f1_score:   0.637
12/31/2017 22:16:17 [INFO] exp_shallowmodel: classification report:
12/31/2017 22:16:17 [INFO] exp_shallowmodel:              precision    recall  f1-score   support

          A       0.29      0.36      0.32        14
          C       0.66      0.76      0.71       164
          F       0.89      0.78      0.83       268
          R       0.67      0.70      0.69       125

avg / total       0.76      0.75      0.75       571

12/31/2017 22:16:17 [INFO] exp_shallowmodel: confusion matrix:
12/31/2017 22:16:17 [INFO] exp_shallowmodel: 
[[  5   3   5   1]
 [  8 125  14  17]
 [  3  32 208  25]
 [  1  28   8  88]]
12/31/2017 22:16:19 [INFO] exp_shallowmodel: ******************** dstc2 - Round 5 
12/31/2017 22:16:19 [INFO] exp_shallowmodel: #(data) = 4583
12/31/2017 22:16:19 [INFO] exp_shallowmodel: #(feature) = 10191
12/31/2017 22:16:19 [INFO] exp_shallowmodel: ================================================================================
12/31/2017 22:16:19 [INFO] exp_shallowmodel: LR.pen=l2.C=100000000000000000000.000000
12/31/2017 22:16:19 [INFO] exp_shallowmodel: ________________________________________________________________________________
12/31/2017 22:16:19 [INFO] exp_shallowmodel: Training: 
12/31/2017 22:16:19 [INFO] exp_shallowmodel: LogisticRegression(C=1e+20, class_weight=None, dual=False, fit_intercept=True,
          intercept_scaling=1, max_iter=100, multi_class='ovr', n_jobs=1,
          penalty='l2', random_state=None, solver='liblinear', tol=0.0001,
          verbose=0, warm_start=False)
12/31/2017 23:26:10 [INFO] exp_shallowmodel: train time: 4191.124s
12/31/2017 23:26:10 [INFO] exp_shallowmodel: test time:  0.010s
12/31/2017 23:26:10 [INFO] exp_shallowmodel: accuracy:   0.758
12/31/2017 23:26:10 [INFO] exp_shallowmodel: f1_score:   0.604
12/31/2017 23:26:10 [INFO] exp_shallowmodel: classification report:
12/31/2017 23:26:10 [INFO] exp_shallowmodel:              precision    recall  f1-score   support

          A       0.15      0.21      0.18        14
          C       0.73      0.66      0.69       164
          F       0.91      0.86      0.89       268
          R       0.61      0.72      0.66       125

avg / total       0.77      0.76      0.76       571

12/31/2017 23:26:10 [INFO] exp_shallowmodel: confusion matrix:
12/31/2017 23:26:10 [INFO] exp_shallowmodel: 
[[  3   1   5   5]
 [  9 109   9  37]
 [  2  19 231  16]
 [  6  21   8  90]]
12/31/2017 23:26:12 [INFO] exp_shallowmodel: ******************** dstc2 - Round 6 
12/31/2017 23:26:12 [INFO] exp_shallowmodel: #(data) = 4583
12/31/2017 23:26:12 [INFO] exp_shallowmodel: #(feature) = 10191
12/31/2017 23:26:12 [INFO] exp_shallowmodel: ================================================================================
12/31/2017 23:26:12 [INFO] exp_shallowmodel: LR.pen=l2.C=100000000000000000000.000000
12/31/2017 23:26:12 [INFO] exp_shallowmodel: ________________________________________________________________________________
12/31/2017 23:26:12 [INFO] exp_shallowmodel: Training: 
12/31/2017 23:26:12 [INFO] exp_shallowmodel: LogisticRegression(C=1e+20, class_weight=None, dual=False, fit_intercept=True,
          intercept_scaling=1, max_iter=100, multi_class='ovr', n_jobs=1,
          penalty='l2', random_state=None, solver='liblinear', tol=0.0001,
          verbose=0, warm_start=False)
01/01/2018 00:10:08 [INFO] exp_shallowmodel: train time: 2635.636s
01/01/2018 00:10:08 [INFO] exp_shallowmodel: test time:  0.009s
01/01/2018 00:10:08 [INFO] exp_shallowmodel: accuracy:   0.781
01/01/2018 00:10:08 [INFO] exp_shallowmodel: f1_score:   0.651
01/01/2018 00:10:08 [INFO] exp_shallowmodel: classification report:
01/01/2018 00:10:08 [INFO] exp_shallowmodel:              precision    recall  f1-score   support

          A       0.26      0.36      0.30        14
          C       0.73      0.73      0.73       164
          F       0.92      0.87      0.89       268
          R       0.66      0.70      0.68       125

avg / total       0.79      0.78      0.79       571

01/01/2018 00:10:08 [INFO] exp_shallowmodel: confusion matrix:
01/01/2018 00:10:08 [INFO] exp_shallowmodel: 
[[  5   1   7   1]
 [  6 119  10  29]
 [  3  15 234  16]
 [  5  28   4  88]]
01/01/2018 00:10:10 [INFO] exp_shallowmodel: ******************** dstc2 - Round 7 
01/01/2018 00:10:10 [INFO] exp_shallowmodel: #(data) = 4583
01/01/2018 00:10:10 [INFO] exp_shallowmodel: #(feature) = 10191
01/01/2018 00:10:10 [INFO] exp_shallowmodel: ================================================================================
01/01/2018 00:10:10 [INFO] exp_shallowmodel: LR.pen=l2.C=100000000000000000000.000000
01/01/2018 00:10:10 [INFO] exp_shallowmodel: ________________________________________________________________________________
01/01/2018 00:10:10 [INFO] exp_shallowmodel: Training: 
01/01/2018 00:10:10 [INFO] exp_shallowmodel: LogisticRegression(C=1e+20, class_weight=None, dual=False, fit_intercept=True,
          intercept_scaling=1, max_iter=100, multi_class='ovr', n_jobs=1,
          penalty='l2', random_state=None, solver='liblinear', tol=0.0001,
          verbose=0, warm_start=False)
01/01/2018 00:44:04 [INFO] exp_shallowmodel: train time: 2033.732s
01/01/2018 00:44:04 [INFO] exp_shallowmodel: test time:  0.009s
01/01/2018 00:44:04 [INFO] exp_shallowmodel: accuracy:   0.723
01/01/2018 00:44:04 [INFO] exp_shallowmodel: f1_score:   0.613
01/01/2018 00:44:04 [INFO] exp_shallowmodel: classification report:
01/01/2018 00:44:04 [INFO] exp_shallowmodel:              precision    recall  f1-score   support

          A       0.30      0.43      0.35        14
          C       0.64      0.60      0.62       164
          F       0.89      0.84      0.87       268
          R       0.58      0.66      0.62       125

avg / total       0.74      0.72      0.73       571

01/01/2018 00:44:04 [INFO] exp_shallowmodel: confusion matrix:
01/01/2018 00:44:04 [INFO] exp_shallowmodel: 
[[  6   6   2   0]
 [  7  98  15  44]
 [  3  22 226  17]
 [  4  28  10  83]]
01/01/2018 00:44:06 [INFO] exp_shallowmodel: ******************** dstc2 - Round 8 
01/01/2018 00:44:06 [INFO] exp_shallowmodel: #(data) = 4583
01/01/2018 00:44:06 [INFO] exp_shallowmodel: #(feature) = 10191
01/01/2018 00:44:06 [INFO] exp_shallowmodel: ================================================================================
01/01/2018 00:44:06 [INFO] exp_shallowmodel: LR.pen=l2.C=100000000000000000000.000000
01/01/2018 00:44:06 [INFO] exp_shallowmodel: ________________________________________________________________________________
01/01/2018 00:44:06 [INFO] exp_shallowmodel: Training: 
01/01/2018 00:44:06 [INFO] exp_shallowmodel: LogisticRegression(C=1e+20, class_weight=None, dual=False, fit_intercept=True,
          intercept_scaling=1, max_iter=100, multi_class='ovr', n_jobs=1,
          penalty='l2', random_state=None, solver='liblinear', tol=0.0001,
          verbose=0, warm_start=False)
01/01/2018 01:25:35 [INFO] exp_shallowmodel: train time: 2489.062s
01/01/2018 01:25:35 [INFO] exp_shallowmodel: test time:  0.009s
01/01/2018 01:25:35 [INFO] exp_shallowmodel: accuracy:   0.758
01/01/2018 01:25:35 [INFO] exp_shallowmodel: f1_score:   0.597
01/01/2018 01:25:35 [INFO] exp_shallowmodel: classification report:
01/01/2018 01:25:35 [INFO] exp_shallowmodel:              precision    recall  f1-score   support

          A       0.20      0.14      0.17        14
          C       0.68      0.65      0.66       164
          F       0.91      0.87      0.89       268
          R       0.62      0.72      0.66       125

avg / total       0.76      0.76      0.76       571

01/01/2018 01:25:35 [INFO] exp_shallowmodel: confusion matrix:
01/01/2018 01:25:35 [INFO] exp_shallowmodel: 
[[  2   6   3   3]
 [  4 107  12  41]
 [  3  19 234  12]
 [  1  26   8  90]]
/ihome/pbrusilosky/rum20/packages/anaconda3/lib/python3.6/site-packages/sklearn/preprocessing/data.py:164: UserWarning: Numerical issues were encountered when centering the data and might not be solved. Dataset may contain too large values. You may need to prescale your features.
  warnings.warn("Numerical issues were encountered "
/ihome/pbrusilosky/rum20/packages/anaconda3/lib/python3.6/site-packages/sklearn/preprocessing/data.py:169: RuntimeWarning: invalid value encountered in subtract
  Xr -= mean_1
/ihome/pbrusilosky/rum20/packages/anaconda3/lib/python3.6/site-packages/sklearn/preprocessing/data.py:181: UserWarning: Numerical issues were encountered when scaling the data and might not be solved. The standard deviation of the data is probably very close to 0. 
  warnings.warn("Numerical issues were encountered "
/ihome/pbrusilosky/rum20/packages/anaconda3/lib/python3.6/site-packages/sklearn/preprocessing/data.py:164: UserWarning: Numerical issues were encountered when centering the data and might not be solved. Dataset may contain too large values. You may need to prescale your features.
  warnings.warn("Numerical issues were encountered "
/ihome/pbrusilosky/rum20/packages/anaconda3/lib/python3.6/site-packages/sklearn/preprocessing/data.py:169: RuntimeWarning: invalid value encountered in subtract
  Xr -= mean_1
/ihome/pbrusilosky/rum20/packages/anaconda3/lib/python3.6/site-packages/sklearn/preprocessing/data.py:181: UserWarning: Numerical issues were encountered when scaling the data and might not be solved. The standard deviation of the data is probably very close to 0. 
  warnings.warn("Numerical issues were encountered "
/ihome/pbrusilosky/rum20/packages/anaconda3/lib/python3.6/site-packages/sklearn/preprocessing/data.py:164: UserWarning: Numerical issues were encountered when centering the data and might not be solved. Dataset may contain too large values. You may need to prescale your features.
  warnings.warn("Numerical issues were encountered "
/ihome/pbrusilosky/rum20/packages/anaconda3/lib/python3.6/site-packages/sklearn/preprocessing/data.py:169: RuntimeWarning: invalid value encountered in subtract
  Xr -= mean_1
/ihome/pbrusilosky/rum20/packages/anaconda3/lib/python3.6/site-packages/sklearn/preprocessing/data.py:181: UserWarning: Numerical issues were encountered when scaling the data and might not be solved. The standard deviation of the data is probably very close to 0. 
  warnings.warn("Numerical issues were encountered "
/ihome/pbrusilosky/rum20/packages/anaconda3/lib/python3.6/site-packages/sklearn/preprocessing/data.py:164: UserWarning: Numerical issues were encountered when centering the data and might not be solved. Dataset may contain too large values. You may need to prescale your features.
  warnings.warn("Numerical issues were encountered "
/ihome/pbrusilosky/rum20/packages/anaconda3/lib/python3.6/site-packages/sklearn/preprocessing/data.py:169: RuntimeWarning: invalid value encountered in subtract
  Xr -= mean_1
/ihome/pbrusilosky/rum20/packages/anaconda3/lib/python3.6/site-packages/sklearn/preprocessing/data.py:181: UserWarning: Numerical issues were encountered when scaling the data and might not be solved. The standard deviation of the data is probably very close to 0. 
  warnings.warn("Numerical issues were encountered "
/ihome/pbrusilosky/rum20/packages/anaconda3/lib/python3.6/site-packages/sklearn/preprocessing/data.py:164: UserWarning: Numerical issues were encountered when centering the data and might not be solved. Dataset may contain too large values. You may need to prescale your features.
  warnings.warn("Numerical issues were encountered "
/ihome/pbrusilosky/rum20/packages/anaconda3/lib/python3.6/site-packages/sklearn/preprocessing/data.py:169: RuntimeWarning: invalid value encountered in subtract
  Xr -= mean_1
/ihome/pbrusilosky/rum20/packages/anaconda3/lib/python3.6/site-packages/sklearn/preprocessing/data.py:181: UserWarning: Numerical issues were encountered when scaling the data and might not be solved. The standard deviation of the data is probably very close to 0. 
  warnings.warn("Numerical issues were encountered "
/ihome/pbrusilosky/rum20/packages/anaconda3/lib/python3.6/site-packages/sklearn/preprocessing/data.py:164: UserWarning: Numerical issues were encountered when centering the data and might not be solved. Dataset may contain too large values. You may need to prescale your features.
  warnings.warn("Numerical issues were encountered "
/ihome/pbrusilosky/rum20/packages/anaconda3/lib/python3.6/site-packages/sklearn/preprocessing/data.py:169: RuntimeWarning: invalid value encountered in subtract
  Xr -= mean_1
/ihome/pbrusilosky/rum20/packages/anaconda3/lib/python3.6/site-packages/sklearn/preprocessing/data.py:181: UserWarning: Numerical issues were encountered when scaling the data and might not be solved. The standard deviation of the data is probably very close to 0. 
  warnings.warn("Numerical issues were encountered "
/ihome/pbrusilosky/rum20/packages/anaconda3/lib/python3.6/site-packages/sklearn/preprocessing/data.py:164: UserWarning: Numerical issues were encountered when centering the data and might not be solved. Dataset may contain too large values. You may need to prescale your features.
  warnings.warn("Numerical issues were encountered "
/ihome/pbrusilosky/rum20/packages/anaconda3/lib/python3.6/site-packages/sklearn/preprocessing/data.py:169: RuntimeWarning: invalid value encountered in subtract
  Xr -= mean_1
/ihome/pbrusilosky/rum20/packages/anaconda3/lib/python3.6/site-packages/sklearn/preprocessing/data.py:181: UserWarning: Numerical issues were encountered when scaling the data and might not be solved. The standard deviation of the data is probably very close to 0. 
  warnings.warn("Numerical issues were encountered "
/ihome/pbrusilosky/rum20/packages/anaconda3/lib/python3.6/site-packages/sklearn/preprocessing/data.py:164: UserWarning: Numerical issues were encountered when centering the data and might not be solved. Dataset may contain too large values. You may need to prescale your features.
  warnings.warn("Numerical issues were encountered "
/ihome/pbrusilosky/rum20/packages/anaconda3/lib/python3.6/site-packages/sklearn/preprocessing/data.py:169: RuntimeWarning: invalid value encountered in subtract
  Xr -= mean_1
/ihome/pbrusilosky/rum20/packages/anaconda3/lib/python3.6/site-packages/sklearn/preprocessing/data.py:181: UserWarning: Numerical issues were encountered when scaling the data and might not be solved. The standard deviation of the data is probably very close to 0. 
  warnings.warn("Numerical issues were encountered "
/ihome/pbrusilosky/rum20/packages/anaconda3/lib/python3.6/site-packages/sklearn/preprocessing/data.py:164: UserWarning: Numerical issues were encountered when centering the data and might not be solved. Dataset may contain too large values. You may need to prescale your features.
  warnings.warn("Numerical issues were encountered "
/ihome/pbrusilosky/rum20/packages/anaconda3/lib/python3.6/site-packages/sklearn/preprocessing/data.py:169: RuntimeWarning: invalid value encountered in subtract
  Xr -= mean_1
/ihome/pbrusilosky/rum20/packages/anaconda3/lib/python3.6/site-packages/sklearn/preprocessing/data.py:181: UserWarning: Numerical issues were encountered when scaling the data and might not be solved. The standard deviation of the data is probably very close to 0. 
  warnings.warn("Numerical issues were encountered "
/ihome/pbrusilosky/rum20/packages/anaconda3/lib/python3.6/site-packages/sklearn/preprocessing/data.py:164: UserWarning: Numerical issues were encountered when centering the data and might not be solved. Dataset may contain too large values. You may need to prescale your features.
  warnings.warn("Numerical issues were encountered "
/ihome/pbrusilosky/rum20/packages/anaconda3/lib/python3.6/site-packages/sklearn/preprocessing/data.py:169: RuntimeWarning: invalid value encountered in subtract
  Xr -= mean_1
/ihome/pbrusilosky/rum20/packages/anaconda3/lib/python3.6/site-packages/sklearn/preprocessing/data.py:181: UserWarning: Numerical issues were encountered when scaling the data and might not be solved. The standard deviation of the data is probably very close to 0. 
  warnings.warn("Numerical issues were encountered "
01/01/2018 01:25:37 [INFO] exp_shallowmodel: ******************** dstc2 - Round 9 
01/01/2018 01:25:37 [INFO] exp_shallowmodel: #(data) = 4568
01/01/2018 01:25:37 [INFO] exp_shallowmodel: #(feature) = 10191
01/01/2018 01:25:37 [INFO] exp_shallowmodel: ================================================================================
01/01/2018 01:25:37 [INFO] exp_shallowmodel: LR.pen=l2.C=100000000000000000000.000000
01/01/2018 01:25:37 [INFO] exp_shallowmodel: ________________________________________________________________________________
01/01/2018 01:25:37 [INFO] exp_shallowmodel: Training: 
01/01/2018 01:25:37 [INFO] exp_shallowmodel: LogisticRegression(C=1e+20, class_weight=None, dual=False, fit_intercept=True,
          intercept_scaling=1, max_iter=100, multi_class='ovr', n_jobs=1,
          penalty='l2', random_state=None, solver='liblinear', tol=0.0001,
          verbose=0, warm_start=False)
01/01/2018 02:26:11 [INFO] exp_shallowmodel: train time: 3633.321s
01/01/2018 02:26:11 [INFO] exp_shallowmodel: test time:  0.009s
01/01/2018 02:26:11 [INFO] exp_shallowmodel: accuracy:   0.717
01/01/2018 02:26:11 [INFO] exp_shallowmodel: f1_score:   0.626
01/01/2018 02:26:11 [INFO] exp_shallowmodel: classification report:
01/01/2018 02:26:11 [INFO] exp_shallowmodel:              precision    recall  f1-score   support

          A       0.36      0.50      0.42        16
          C       0.64      0.59      0.61       169
          F       0.91      0.83      0.87       271
          R       0.54      0.67      0.60       130

avg / total       0.74      0.72      0.72       586

01/01/2018 02:26:11 [INFO] exp_shallowmodel: confusion matrix:
01/01/2018 02:26:11 [INFO] exp_shallowmodel: 
[[  8   2   4   2]
 [  7 100  12  50]
 [  3  22 225  21]
 [  4  33   6  87]]
01/01/2018 02:26:13 [INFO] exp_shallowmodel: ******************** dstc2 - Round 10 
01/01/2018 02:26:13 [INFO] exp_shallowmodel: #(data) = 4583
01/01/2018 02:26:13 [INFO] exp_shallowmodel: #(feature) = 10191
01/01/2018 02:26:13 [INFO] exp_shallowmodel: ================================================================================
01/01/2018 02:26:13 [INFO] exp_shallowmodel: LR.pen=l2.C=100000000000000000000.000000
01/01/2018 02:26:13 [INFO] exp_shallowmodel: ________________________________________________________________________________
01/01/2018 02:26:13 [INFO] exp_shallowmodel: Training: 
01/01/2018 02:26:13 [INFO] exp_shallowmodel: LogisticRegression(C=1e+20, class_weight=None, dual=False, fit_intercept=True,
          intercept_scaling=1, max_iter=100, multi_class='ovr', n_jobs=1,
          penalty='l2', random_state=None, solver='liblinear', tol=0.0001,
          verbose=0, warm_start=False)
01/01/2018 03:02:11 [INFO] exp_shallowmodel: train time: 2157.843s
01/01/2018 03:02:11 [INFO] exp_shallowmodel: test time:  0.010s
01/01/2018 03:02:11 [INFO] exp_shallowmodel: accuracy:   0.767
01/01/2018 03:02:11 [INFO] exp_shallowmodel: f1_score:   0.642
01/01/2018 03:02:11 [INFO] exp_shallowmodel: classification report:
01/01/2018 03:02:11 [INFO] exp_shallowmodel:              precision    recall  f1-score   support

          A       0.28      0.36      0.31        14
          C       0.69      0.70      0.70       164
          F       0.93      0.85      0.89       268
          R       0.63      0.71      0.67       125

avg / total       0.78      0.77      0.77       571

01/01/2018 03:02:11 [INFO] exp_shallowmodel: confusion matrix:
01/01/2018 03:02:11 [INFO] exp_shallowmodel: 
[[  5   3   4   2]
 [  7 115   8  34]
 [  2  20 229  17]
 [  4  28   4  89]]
01/01/2018 03:02:13 [INFO] exp_shallowmodel: ******************** dstc2 - Round 11 
01/01/2018 03:02:13 [INFO] exp_shallowmodel: #(data) = 4583
01/01/2018 03:02:13 [INFO] exp_shallowmodel: #(feature) = 10191
01/01/2018 03:02:13 [INFO] exp_shallowmodel: ================================================================================
01/01/2018 03:02:13 [INFO] exp_shallowmodel: LR.pen=l2.C=100000000000000000000.000000
01/01/2018 03:02:13 [INFO] exp_shallowmodel: ________________________________________________________________________________
01/01/2018 03:02:13 [INFO] exp_shallowmodel: Training: 
01/01/2018 03:02:13 [INFO] exp_shallowmodel: LogisticRegression(C=1e+20, class_weight=None, dual=False, fit_intercept=True,
          intercept_scaling=1, max_iter=100, multi_class='ovr', n_jobs=1,
          penalty='l2', random_state=None, solver='liblinear', tol=0.0001,
          verbose=0, warm_start=False)
01/01/2018 03:41:40 [INFO] exp_shallowmodel: train time: 2366.753s
01/01/2018 03:41:40 [INFO] exp_shallowmodel: test time:  0.010s
01/01/2018 03:41:40 [INFO] exp_shallowmodel: accuracy:   0.767
01/01/2018 03:41:40 [INFO] exp_shallowmodel: f1_score:   0.618
01/01/2018 03:41:40 [INFO] exp_shallowmodel: classification report:
01/01/2018 03:41:40 [INFO] exp_shallowmodel:              precision    recall  f1-score   support

          A       0.20      0.29      0.24        14
          C       0.70      0.63      0.66       164
          F       0.93      0.91      0.92       268
          R       0.62      0.70      0.66       125

avg / total       0.78      0.77      0.77       571

01/01/2018 03:41:40 [INFO] exp_shallowmodel: confusion matrix:
01/01/2018 03:41:40 [INFO] exp_shallowmodel: 
[[  4   3   2   5]
 [  7 103  12  42]
 [  4  14 243   7]
 [  5  28   4  88]]
01/01/2018 03:41:42 [INFO] exp_shallowmodel: ******************** dstc2 - Round 12 
01/01/2018 03:41:42 [INFO] exp_shallowmodel: #(data) = 4583
01/01/2018 03:41:42 [INFO] exp_shallowmodel: #(feature) = 10191
01/01/2018 03:41:42 [INFO] exp_shallowmodel: ================================================================================
01/01/2018 03:41:42 [INFO] exp_shallowmodel: LR.pen=l2.C=100000000000000000000.000000
01/01/2018 03:41:42 [INFO] exp_shallowmodel: ________________________________________________________________________________
01/01/2018 03:41:42 [INFO] exp_shallowmodel: Training: 
01/01/2018 03:41:42 [INFO] exp_shallowmodel: LogisticRegression(C=1e+20, class_weight=None, dual=False, fit_intercept=True,
          intercept_scaling=1, max_iter=100, multi_class='ovr', n_jobs=1,
          penalty='l2', random_state=None, solver='liblinear', tol=0.0001,
          verbose=0, warm_start=False)
01/01/2018 04:25:12 [INFO] exp_shallowmodel: train time: 2610.516s
01/01/2018 04:25:12 [INFO] exp_shallowmodel: test time:  0.009s
01/01/2018 04:25:12 [INFO] exp_shallowmodel: accuracy:   0.732
01/01/2018 04:25:12 [INFO] exp_shallowmodel: f1_score:   0.605
01/01/2018 04:25:12 [INFO] exp_shallowmodel: classification report:
01/01/2018 04:25:12 [INFO] exp_shallowmodel:              precision    recall  f1-score   support

          A       0.27      0.29      0.28        14
          C       0.65      0.64      0.64       164
          F       0.91      0.83      0.87       268
          R       0.58      0.70      0.63       125

avg / total       0.75      0.73      0.74       571

01/01/2018 04:25:12 [INFO] exp_shallowmodel: confusion matrix:
01/01/2018 04:25:12 [INFO] exp_shallowmodel: 
[[  4   4   4   2]
 [  6 105  14  39]
 [  1  23 222  22]
 [  4  30   4  87]]
01/01/2018 04:25:14 [INFO] exp_shallowmodel: ******************** dstc2 - Round 13 
01/01/2018 04:25:14 [INFO] exp_shallowmodel: #(data) = 4583
01/01/2018 04:25:14 [INFO] exp_shallowmodel: #(feature) = 10191
01/01/2018 04:25:14 [INFO] exp_shallowmodel: ================================================================================
01/01/2018 04:25:14 [INFO] exp_shallowmodel: LR.pen=l2.C=100000000000000000000.000000
01/01/2018 04:25:14 [INFO] exp_shallowmodel: ________________________________________________________________________________
01/01/2018 04:25:14 [INFO] exp_shallowmodel: Training: 
01/01/2018 04:25:14 [INFO] exp_shallowmodel: LogisticRegression(C=1e+20, class_weight=None, dual=False, fit_intercept=True,
          intercept_scaling=1, max_iter=100, multi_class='ovr', n_jobs=1,
          penalty='l2', random_state=None, solver='liblinear', tol=0.0001,
          verbose=0, warm_start=False)
01/01/2018 05:32:06 [INFO] exp_shallowmodel: train time: 4011.859s
01/01/2018 05:32:06 [INFO] exp_shallowmodel: test time:  0.009s
01/01/2018 05:32:06 [INFO] exp_shallowmodel: accuracy:   0.753
01/01/2018 05:32:06 [INFO] exp_shallowmodel: f1_score:   0.613
01/01/2018 05:32:06 [INFO] exp_shallowmodel: classification report:
01/01/2018 05:32:06 [INFO] exp_shallowmodel:              precision    recall  f1-score   support

          A       0.21      0.29      0.24        14
          C       0.70      0.67      0.69       164
          F       0.91      0.86      0.88       268
          R       0.61      0.68      0.64       125

avg / total       0.76      0.75      0.76       571

01/01/2018 05:32:06 [INFO] exp_shallowmodel: confusion matrix:
01/01/2018 05:32:06 [INFO] exp_shallowmodel: 
[[  4   3   2   5]
 [  3 110  11  40]
 [  5  22 231  10]
 [  7  22  11  85]]
01/01/2018 05:32:09 [INFO] exp_shallowmodel: ******************** dstc2 - Round 14 
01/01/2018 05:32:09 [INFO] exp_shallowmodel: #(data) = 4583
01/01/2018 05:32:09 [INFO] exp_shallowmodel: #(feature) = 10191
01/01/2018 05:32:09 [INFO] exp_shallowmodel: ================================================================================
01/01/2018 05:32:09 [INFO] exp_shallowmodel: LR.pen=l2.C=100000000000000000000.000000
01/01/2018 05:32:09 [INFO] exp_shallowmodel: ________________________________________________________________________________
01/01/2018 05:32:09 [INFO] exp_shallowmodel: Training: 
01/01/2018 05:32:09 [INFO] exp_shallowmodel: LogisticRegression(C=1e+20, class_weight=None, dual=False, fit_intercept=True,
          intercept_scaling=1, max_iter=100, multi_class='ovr', n_jobs=1,
          penalty='l2', random_state=None, solver='liblinear', tol=0.0001,
          verbose=0, warm_start=False)
01/01/2018 06:37:39 [INFO] exp_shallowmodel: train time: 3930.712s
01/01/2018 06:37:39 [INFO] exp_shallowmodel: test time:  0.010s
01/01/2018 06:37:39 [INFO] exp_shallowmodel: accuracy:   0.751
01/01/2018 06:37:39 [INFO] exp_shallowmodel: f1_score:   0.623
01/01/2018 06:37:39 [INFO] exp_shallowmodel: classification report:
01/01/2018 06:37:39 [INFO] exp_shallowmodel:              precision    recall  f1-score   support

          A       0.29      0.29      0.29        14
          C       0.67      0.67      0.67       164
          F       0.91      0.84      0.88       268
          R       0.62      0.71      0.66       125

avg / total       0.76      0.75      0.76       571

01/01/2018 06:37:39 [INFO] exp_shallowmodel: confusion matrix:
01/01/2018 06:37:39 [INFO] exp_shallowmodel: 
[[  4   4   4   2]
 [  4 110  11  39]
 [  4  24 226  14]
 [  2  27   7  89]]
01/01/2018 06:37:41 [INFO] exp_shallowmodel: ******************** dstc2 - Round 15 
01/01/2018 06:37:41 [INFO] exp_shallowmodel: #(data) = 4583
01/01/2018 06:37:41 [INFO] exp_shallowmodel: #(feature) = 10191
01/01/2018 06:37:41 [INFO] exp_shallowmodel: ================================================================================
01/01/2018 06:37:41 [INFO] exp_shallowmodel: LR.pen=l2.C=100000000000000000000.000000
01/01/2018 06:37:41 [INFO] exp_shallowmodel: ________________________________________________________________________________
01/01/2018 06:37:41 [INFO] exp_shallowmodel: Training: 
01/01/2018 06:37:41 [INFO] exp_shallowmodel: LogisticRegression(C=1e+20, class_weight=None, dual=False, fit_intercept=True,
          intercept_scaling=1, max_iter=100, multi_class='ovr', n_jobs=1,
          penalty='l2', random_state=None, solver='liblinear', tol=0.0001,
          verbose=0, warm_start=False)
01/01/2018 07:16:23 [INFO] exp_shallowmodel: train time: 2321.226s
01/01/2018 07:16:23 [INFO] exp_shallowmodel: test time:  0.009s
01/01/2018 07:16:23 [INFO] exp_shallowmodel: accuracy:   0.769
01/01/2018 07:16:23 [INFO] exp_shallowmodel: f1_score:   0.651
01/01/2018 07:16:23 [INFO] exp_shallowmodel: classification report:
01/01/2018 07:16:23 [INFO] exp_shallowmodel:              precision    recall  f1-score   support

          A       0.25      0.50      0.33        14
          C       0.72      0.67      0.69       164
          F       0.92      0.87      0.89       268
          R       0.65      0.72      0.68       125

avg / total       0.79      0.77      0.78       571

01/01/2018 07:16:23 [INFO] exp_shallowmodel: confusion matrix:
01/01/2018 07:16:23 [INFO] exp_shallowmodel: 
[[  7   0   2   5]
 [  9 110  13  32]
 [  6  18 232  12]
 [  6  25   4  90]]
01/01/2018 07:16:25 [INFO] exp_shallowmodel: ******************** dstc2 - Round 16 
01/01/2018 07:16:25 [INFO] exp_shallowmodel: #(data) = 4583
01/01/2018 07:16:25 [INFO] exp_shallowmodel: #(feature) = 10191
01/01/2018 07:16:25 [INFO] exp_shallowmodel: ================================================================================
01/01/2018 07:16:25 [INFO] exp_shallowmodel: LR.pen=l2.C=100000000000000000000.000000
01/01/2018 07:16:25 [INFO] exp_shallowmodel: ________________________________________________________________________________
01/01/2018 07:16:25 [INFO] exp_shallowmodel: Training: 
01/01/2018 07:16:25 [INFO] exp_shallowmodel: LogisticRegression(C=1e+20, class_weight=None, dual=False, fit_intercept=True,
          intercept_scaling=1, max_iter=100, multi_class='ovr', n_jobs=1,
          penalty='l2', random_state=None, solver='liblinear', tol=0.0001,
          verbose=0, warm_start=False)
01/01/2018 08:05:49 [INFO] exp_shallowmodel: train time: 2964.340s
01/01/2018 08:05:49 [INFO] exp_shallowmodel: test time:  0.010s
01/01/2018 08:05:49 [INFO] exp_shallowmodel: accuracy:   0.744
01/01/2018 08:05:49 [INFO] exp_shallowmodel: f1_score:   0.598
01/01/2018 08:05:49 [INFO] exp_shallowmodel: classification report:
01/01/2018 08:05:49 [INFO] exp_shallowmodel:              precision    recall  f1-score   support

          A       0.17      0.21      0.19        14
          C       0.70      0.68      0.69       164
          F       0.90      0.82      0.86       268
          R       0.60      0.71      0.65       125

avg / total       0.76      0.74      0.75       571

01/01/2018 08:05:49 [INFO] exp_shallowmodel: confusion matrix:
01/01/2018 08:05:49 [INFO] exp_shallowmodel: 
[[  3   5   5   1]
 [  4 112  13  35]
 [  5  18 221  24]
 [  6  24   6  89]]
01/01/2018 08:05:51 [INFO] exp_shallowmodel: ******************** dstc2 - Round 17 
01/01/2018 08:05:51 [INFO] exp_shallowmodel: #(data) = 4583
01/01/2018 08:05:51 [INFO] exp_shallowmodel: #(feature) = 10191
01/01/2018 08:05:51 [INFO] exp_shallowmodel: ================================================================================
01/01/2018 08:05:51 [INFO] exp_shallowmodel: LR.pen=l2.C=100000000000000000000.000000
01/01/2018 08:05:51 [INFO] exp_shallowmodel: ________________________________________________________________________________
01/01/2018 08:05:51 [INFO] exp_shallowmodel: Training: 
01/01/2018 08:05:51 [INFO] exp_shallowmodel: LogisticRegression(C=1e+20, class_weight=None, dual=False, fit_intercept=True,
          intercept_scaling=1, max_iter=100, multi_class='ovr', n_jobs=1,
          penalty='l2', random_state=None, solver='liblinear', tol=0.0001,
          verbose=0, warm_start=False)
01/01/2018 09:08:11 [INFO] exp_shallowmodel: train time: 3739.928s
01/01/2018 09:08:11 [INFO] exp_shallowmodel: test time:  0.010s
01/01/2018 09:08:11 [INFO] exp_shallowmodel: accuracy:   0.746
01/01/2018 09:08:11 [INFO] exp_shallowmodel: f1_score:   0.613
01/01/2018 09:08:11 [INFO] exp_shallowmodel: classification report:
01/01/2018 09:08:11 [INFO] exp_shallowmodel:              precision    recall  f1-score   support

          A       0.25      0.29      0.27        14
          C       0.70      0.65      0.68       164
          F       0.88      0.86      0.87       268
          R       0.60      0.68      0.64       125

avg / total       0.75      0.75      0.75       571

01/01/2018 09:08:11 [INFO] exp_shallowmodel: confusion matrix:
01/01/2018 09:08:11 [INFO] exp_shallowmodel: 
[[  4   2   7   1]
 [  4 107  18  35]
 [  3  15 230  20]
 [  5  28   7  85]]
01/01/2018 09:08:14 [INFO] exp_shallowmodel: ******************** dstc2 - Round 18 
01/01/2018 09:08:14 [INFO] exp_shallowmodel: #(data) = 4583
01/01/2018 09:08:14 [INFO] exp_shallowmodel: #(feature) = 10191
01/01/2018 09:08:14 [INFO] exp_shallowmodel: ================================================================================
01/01/2018 09:08:14 [INFO] exp_shallowmodel: LR.pen=l2.C=100000000000000000000.000000
01/01/2018 09:08:14 [INFO] exp_shallowmodel: ________________________________________________________________________________
01/01/2018 09:08:14 [INFO] exp_shallowmodel: Training: 
01/01/2018 09:08:14 [INFO] exp_shallowmodel: LogisticRegression(C=1e+20, class_weight=None, dual=False, fit_intercept=True,
          intercept_scaling=1, max_iter=100, multi_class='ovr', n_jobs=1,
          penalty='l2', random_state=None, solver='liblinear', tol=0.0001,
          verbose=0, warm_start=False)
01/01/2018 09:55:54 [INFO] exp_shallowmodel: train time: 2860.897s
01/01/2018 09:55:54 [INFO] exp_shallowmodel: test time:  0.009s
01/01/2018 09:55:54 [INFO] exp_shallowmodel: accuracy:   0.746
01/01/2018 09:55:54 [INFO] exp_shallowmodel: f1_score:   0.614
01/01/2018 09:55:54 [INFO] exp_shallowmodel: classification report:
01/01/2018 09:55:54 [INFO] exp_shallowmodel:              precision    recall  f1-score   support

          A       0.31      0.29      0.30        14
          C       0.70      0.66      0.68       164
          F       0.91      0.87      0.89       268
          R       0.55      0.64      0.59       125

avg / total       0.75      0.75      0.75       571

01/01/2018 09:55:54 [INFO] exp_shallowmodel: confusion matrix:
01/01/2018 09:55:54 [INFO] exp_shallowmodel: 
[[  4   2   5   3]
 [  2 109   9  44]
 [  2  14 233  19]
 [  5  30  10  80]]
/ihome/pbrusilosky/rum20/packages/anaconda3/lib/python3.6/site-packages/sklearn/preprocessing/data.py:164: UserWarning: Numerical issues were encountered when centering the data and might not be solved. Dataset may contain too large values. You may need to prescale your features.
  warnings.warn("Numerical issues were encountered "
/ihome/pbrusilosky/rum20/packages/anaconda3/lib/python3.6/site-packages/sklearn/preprocessing/data.py:169: RuntimeWarning: invalid value encountered in subtract
  Xr -= mean_1
/ihome/pbrusilosky/rum20/packages/anaconda3/lib/python3.6/site-packages/sklearn/preprocessing/data.py:181: UserWarning: Numerical issues were encountered when scaling the data and might not be solved. The standard deviation of the data is probably very close to 0. 
  warnings.warn("Numerical issues were encountered "
/ihome/pbrusilosky/rum20/packages/anaconda3/lib/python3.6/site-packages/sklearn/preprocessing/data.py:164: UserWarning: Numerical issues were encountered when centering the data and might not be solved. Dataset may contain too large values. You may need to prescale your features.
  warnings.warn("Numerical issues were encountered "
/ihome/pbrusilosky/rum20/packages/anaconda3/lib/python3.6/site-packages/sklearn/preprocessing/data.py:169: RuntimeWarning: invalid value encountered in subtract
  Xr -= mean_1
/ihome/pbrusilosky/rum20/packages/anaconda3/lib/python3.6/site-packages/sklearn/preprocessing/data.py:181: UserWarning: Numerical issues were encountered when scaling the data and might not be solved. The standard deviation of the data is probably very close to 0. 
  warnings.warn("Numerical issues were encountered "
/ihome/pbrusilosky/rum20/packages/anaconda3/lib/python3.6/site-packages/sklearn/preprocessing/data.py:164: UserWarning: Numerical issues were encountered when centering the data and might not be solved. Dataset may contain too large values. You may need to prescale your features.
  warnings.warn("Numerical issues were encountered "
/ihome/pbrusilosky/rum20/packages/anaconda3/lib/python3.6/site-packages/sklearn/preprocessing/data.py:169: RuntimeWarning: invalid value encountered in subtract
  Xr -= mean_1
/ihome/pbrusilosky/rum20/packages/anaconda3/lib/python3.6/site-packages/sklearn/preprocessing/data.py:181: UserWarning: Numerical issues were encountered when scaling the data and might not be solved. The standard deviation of the data is probably very close to 0. 
  warnings.warn("Numerical issues were encountered "
/ihome/pbrusilosky/rum20/packages/anaconda3/lib/python3.6/site-packages/sklearn/preprocessing/data.py:164: UserWarning: Numerical issues were encountered when centering the data and might not be solved. Dataset may contain too large values. You may need to prescale your features.
  warnings.warn("Numerical issues were encountered "
/ihome/pbrusilosky/rum20/packages/anaconda3/lib/python3.6/site-packages/sklearn/preprocessing/data.py:169: RuntimeWarning: invalid value encountered in subtract
  Xr -= mean_1
/ihome/pbrusilosky/rum20/packages/anaconda3/lib/python3.6/site-packages/sklearn/preprocessing/data.py:181: UserWarning: Numerical issues were encountered when scaling the data and might not be solved. The standard deviation of the data is probably very close to 0. 
  warnings.warn("Numerical issues were encountered "
/ihome/pbrusilosky/rum20/packages/anaconda3/lib/python3.6/site-packages/sklearn/preprocessing/data.py:164: UserWarning: Numerical issues were encountered when centering the data and might not be solved. Dataset may contain too large values. You may need to prescale your features.
  warnings.warn("Numerical issues were encountered "
/ihome/pbrusilosky/rum20/packages/anaconda3/lib/python3.6/site-packages/sklearn/preprocessing/data.py:169: RuntimeWarning: invalid value encountered in subtract
  Xr -= mean_1
/ihome/pbrusilosky/rum20/packages/anaconda3/lib/python3.6/site-packages/sklearn/preprocessing/data.py:181: UserWarning: Numerical issues were encountered when scaling the data and might not be solved. The standard deviation of the data is probably very close to 0. 
  warnings.warn("Numerical issues were encountered "
/ihome/pbrusilosky/rum20/packages/anaconda3/lib/python3.6/site-packages/sklearn/preprocessing/data.py:164: UserWarning: Numerical issues were encountered when centering the data and might not be solved. Dataset may contain too large values. You may need to prescale your features.
  warnings.warn("Numerical issues were encountered "
/ihome/pbrusilosky/rum20/packages/anaconda3/lib/python3.6/site-packages/sklearn/preprocessing/data.py:169: RuntimeWarning: invalid value encountered in subtract
  Xr -= mean_1
/ihome/pbrusilosky/rum20/packages/anaconda3/lib/python3.6/site-packages/sklearn/preprocessing/data.py:181: UserWarning: Numerical issues were encountered when scaling the data and might not be solved. The standard deviation of the data is probably very close to 0. 
  warnings.warn("Numerical issues were encountered "
/ihome/pbrusilosky/rum20/packages/anaconda3/lib/python3.6/site-packages/sklearn/preprocessing/data.py:164: UserWarning: Numerical issues were encountered when centering the data and might not be solved. Dataset may contain too large values. You may need to prescale your features.
  warnings.warn("Numerical issues were encountered "
/ihome/pbrusilosky/rum20/packages/anaconda3/lib/python3.6/site-packages/sklearn/preprocessing/data.py:169: RuntimeWarning: invalid value encountered in subtract
  Xr -= mean_1
/ihome/pbrusilosky/rum20/packages/anaconda3/lib/python3.6/site-packages/sklearn/preprocessing/data.py:181: UserWarning: Numerical issues were encountered when scaling the data and might not be solved. The standard deviation of the data is probably very close to 0. 
  warnings.warn("Numerical issues were encountered "
/ihome/pbrusilosky/rum20/packages/anaconda3/lib/python3.6/site-packages/sklearn/preprocessing/data.py:164: UserWarning: Numerical issues were encountered when centering the data and might not be solved. Dataset may contain too large values. You may need to prescale your features.
  warnings.warn("Numerical issues were encountered "
/ihome/pbrusilosky/rum20/packages/anaconda3/lib/python3.6/site-packages/sklearn/preprocessing/data.py:169: RuntimeWarning: invalid value encountered in subtract
  Xr -= mean_1
/ihome/pbrusilosky/rum20/packages/anaconda3/lib/python3.6/site-packages/sklearn/preprocessing/data.py:181: UserWarning: Numerical issues were encountered when scaling the data and might not be solved. The standard deviation of the data is probably very close to 0. 
  warnings.warn("Numerical issues were encountered "
/ihome/pbrusilosky/rum20/packages/anaconda3/lib/python3.6/site-packages/sklearn/preprocessing/data.py:164: UserWarning: Numerical issues were encountered when centering the data and might not be solved. Dataset may contain too large values. You may need to prescale your features.
  warnings.warn("Numerical issues were encountered "
/ihome/pbrusilosky/rum20/packages/anaconda3/lib/python3.6/site-packages/sklearn/preprocessing/data.py:169: RuntimeWarning: invalid value encountered in subtract
  Xr -= mean_1
/ihome/pbrusilosky/rum20/packages/anaconda3/lib/python3.6/site-packages/sklearn/preprocessing/data.py:181: UserWarning: Numerical issues were encountered when scaling the data and might not be solved. The standard deviation of the data is probably very close to 0. 
  warnings.warn("Numerical issues were encountered "
/ihome/pbrusilosky/rum20/packages/anaconda3/lib/python3.6/site-packages/sklearn/preprocessing/data.py:164: UserWarning: Numerical issues were encountered when centering the data and might not be solved. Dataset may contain too large values. You may need to prescale your features.
  warnings.warn("Numerical issues were encountered "
/ihome/pbrusilosky/rum20/packages/anaconda3/lib/python3.6/site-packages/sklearn/preprocessing/data.py:169: RuntimeWarning: invalid value encountered in subtract
  Xr -= mean_1
/ihome/pbrusilosky/rum20/packages/anaconda3/lib/python3.6/site-packages/sklearn/preprocessing/data.py:181: UserWarning: Numerical issues were encountered when scaling the data and might not be solved. The standard deviation of the data is probably very close to 0. 
  warnings.warn("Numerical issues were encountered "
01/01/2018 09:55:57 [INFO] exp_shallowmodel: ******************** dstc2 - Round 19 
01/01/2018 09:55:57 [INFO] exp_shallowmodel: #(data) = 4568
01/01/2018 09:55:57 [INFO] exp_shallowmodel: #(feature) = 10191
01/01/2018 09:55:57 [INFO] exp_shallowmodel: ================================================================================
01/01/2018 09:55:57 [INFO] exp_shallowmodel: LR.pen=l2.C=100000000000000000000.000000
01/01/2018 09:55:57 [INFO] exp_shallowmodel: ________________________________________________________________________________
01/01/2018 09:55:57 [INFO] exp_shallowmodel: Training: 
01/01/2018 09:55:57 [INFO] exp_shallowmodel: LogisticRegression(C=1e+20, class_weight=None, dual=False, fit_intercept=True,
          intercept_scaling=1, max_iter=100, multi_class='ovr', n_jobs=1,
          penalty='l2', random_state=None, solver='liblinear', tol=0.0001,
          verbose=0, warm_start=False)
01/01/2018 10:46:26 [INFO] exp_shallowmodel: train time: 3029.751s
01/01/2018 10:46:26 [INFO] exp_shallowmodel: test time:  0.010s
01/01/2018 10:46:26 [INFO] exp_shallowmodel: accuracy:   0.759
01/01/2018 10:46:26 [INFO] exp_shallowmodel: f1_score:   0.626
01/01/2018 10:46:26 [INFO] exp_shallowmodel: classification report:
01/01/2018 10:46:26 [INFO] exp_shallowmodel:              precision    recall  f1-score   support

          A       0.29      0.25      0.27        16
          C       0.72      0.70      0.71       169
          F       0.88      0.86      0.87       271
          R       0.62      0.69      0.66       130

avg / total       0.76      0.76      0.76       586

01/01/2018 10:46:26 [INFO] exp_shallowmodel: confusion matrix:
01/01/2018 10:46:26 [INFO] exp_shallowmodel: 
[[  4   3   7   2]
 [  7 118  15  29]
 [  1  14 233  23]
 [  2  28  10  90]]
01/01/2018 10:46:29 [INFO] exp_shallowmodel: ******************** dstc2 - Round 20 
01/01/2018 10:46:29 [INFO] exp_shallowmodel: #(data) = 4583
01/01/2018 10:46:29 [INFO] exp_shallowmodel: #(feature) = 10191
01/01/2018 10:46:29 [INFO] exp_shallowmodel: ================================================================================
01/01/2018 10:46:29 [INFO] exp_shallowmodel: LR.pen=l2.C=100000000000000000000.000000
01/01/2018 10:46:29 [INFO] exp_shallowmodel: ________________________________________________________________________________
01/01/2018 10:46:29 [INFO] exp_shallowmodel: Training: 
01/01/2018 10:46:29 [INFO] exp_shallowmodel: LogisticRegression(C=1e+20, class_weight=None, dual=False, fit_intercept=True,
          intercept_scaling=1, max_iter=100, multi_class='ovr', n_jobs=1,
          penalty='l2', random_state=None, solver='liblinear', tol=0.0001,
          verbose=0, warm_start=False)
01/01/2018 11:55:37 [INFO] exp_shallowmodel: train time: 4148.695s
01/01/2018 11:55:37 [INFO] exp_shallowmodel: test time:  0.010s
01/01/2018 11:55:37 [INFO] exp_shallowmodel: accuracy:   0.753
01/01/2018 11:55:37 [INFO] exp_shallowmodel: f1_score:   0.607
01/01/2018 11:55:37 [INFO] exp_shallowmodel: classification report:
01/01/2018 11:55:37 [INFO] exp_shallowmodel:              precision    recall  f1-score   support

          A       0.20      0.21      0.21        14
          C       0.67      0.66      0.66       164
          F       0.92      0.85      0.88       268
          R       0.62      0.74      0.67       125

avg / total       0.77      0.75      0.76       571

01/01/2018 11:55:37 [INFO] exp_shallowmodel: confusion matrix:
01/01/2018 11:55:37 [INFO] exp_shallowmodel: 
[[  3   5   4   2]
 [  7 108  13  36]
 [  2  20 227  19]
 [  3  28   2  92]]
01/01/2018 11:55:39 [INFO] exp_shallowmodel: ******************** dstc2 - Round 21 
01/01/2018 11:55:39 [INFO] exp_shallowmodel: #(data) = 4583
01/01/2018 11:55:39 [INFO] exp_shallowmodel: #(feature) = 10191
01/01/2018 11:55:39 [INFO] exp_shallowmodel: ================================================================================
01/01/2018 11:55:39 [INFO] exp_shallowmodel: LR.pen=l2.C=100000000000000000000.000000
01/01/2018 11:55:39 [INFO] exp_shallowmodel: ________________________________________________________________________________
01/01/2018 11:55:39 [INFO] exp_shallowmodel: Training: 
01/01/2018 11:55:39 [INFO] exp_shallowmodel: LogisticRegression(C=1e+20, class_weight=None, dual=False, fit_intercept=True,
          intercept_scaling=1, max_iter=100, multi_class='ovr', n_jobs=1,
          penalty='l2', random_state=None, solver='liblinear', tol=0.0001,
          verbose=0, warm_start=False)
01/01/2018 13:02:27 [INFO] exp_shallowmodel: train time: 4007.808s
01/01/2018 13:02:27 [INFO] exp_shallowmodel: test time:  0.009s
01/01/2018 13:02:27 [INFO] exp_shallowmodel: accuracy:   0.737
01/01/2018 13:02:27 [INFO] exp_shallowmodel: f1_score:   0.613
01/01/2018 13:02:27 [INFO] exp_shallowmodel: classification report:
01/01/2018 13:02:27 [INFO] exp_shallowmodel:              precision    recall  f1-score   support

          A       0.25      0.36      0.29        14
          C       0.67      0.62      0.64       164
          F       0.92      0.84      0.88       268
          R       0.57      0.71      0.63       125

avg / total       0.76      0.74      0.74       571

01/01/2018 13:02:27 [INFO] exp_shallowmodel: confusion matrix:
01/01/2018 13:02:27 [INFO] exp_shallowmodel: 
[[  5   3   3   3]
 [  4 101  15  44]
 [  6  16 226  20]
 [  5  30   1  89]]
01/01/2018 13:02:29 [INFO] exp_shallowmodel: ******************** dstc2 - Round 22 
01/01/2018 13:02:29 [INFO] exp_shallowmodel: #(data) = 4583
01/01/2018 13:02:29 [INFO] exp_shallowmodel: #(feature) = 10191
01/01/2018 13:02:29 [INFO] exp_shallowmodel: ================================================================================
01/01/2018 13:02:29 [INFO] exp_shallowmodel: LR.pen=l2.C=100000000000000000000.000000
01/01/2018 13:02:29 [INFO] exp_shallowmodel: ________________________________________________________________________________
01/01/2018 13:02:29 [INFO] exp_shallowmodel: Training: 
01/01/2018 13:02:29 [INFO] exp_shallowmodel: LogisticRegression(C=1e+20, class_weight=None, dual=False, fit_intercept=True,
          intercept_scaling=1, max_iter=100, multi_class='ovr', n_jobs=1,
          penalty='l2', random_state=None, solver='liblinear', tol=0.0001,
          verbose=0, warm_start=False)
01/01/2018 13:53:46 [INFO] exp_shallowmodel: train time: 3076.287s
01/01/2018 13:53:46 [INFO] exp_shallowmodel: test time:  0.010s
01/01/2018 13:53:46 [INFO] exp_shallowmodel: accuracy:   0.757
01/01/2018 13:53:46 [INFO] exp_shallowmodel: f1_score:   0.600
01/01/2018 13:53:46 [INFO] exp_shallowmodel: classification report:
01/01/2018 13:53:46 [INFO] exp_shallowmodel:              precision    recall  f1-score   support

          A       0.12      0.21      0.16        14
          C       0.69      0.76      0.72       164
          F       0.95      0.84      0.89       268
          R       0.62      0.65      0.64       125

avg / total       0.78      0.76      0.77       571

01/01/2018 13:53:46 [INFO] exp_shallowmodel: confusion matrix:
01/01/2018 13:53:46 [INFO] exp_shallowmodel: 
[[  3   2   3   6]
 [  9 124   5  26]
 [  4  23 224  17]
 [  8  32   4  81]]
01/01/2018 13:53:48 [INFO] exp_shallowmodel: ******************** dstc2 - Round 23 
01/01/2018 13:53:48 [INFO] exp_shallowmodel: #(data) = 4583
01/01/2018 13:53:48 [INFO] exp_shallowmodel: #(feature) = 10191
01/01/2018 13:53:48 [INFO] exp_shallowmodel: ================================================================================
01/01/2018 13:53:48 [INFO] exp_shallowmodel: LR.pen=l2.C=100000000000000000000.000000
01/01/2018 13:53:48 [INFO] exp_shallowmodel: ________________________________________________________________________________
01/01/2018 13:53:48 [INFO] exp_shallowmodel: Training: 
01/01/2018 13:53:48 [INFO] exp_shallowmodel: LogisticRegression(C=1e+20, class_weight=None, dual=False, fit_intercept=True,
          intercept_scaling=1, max_iter=100, multi_class='ovr', n_jobs=1,
          penalty='l2', random_state=None, solver='liblinear', tol=0.0001,
          verbose=0, warm_start=False)
01/01/2018 14:45:03 [INFO] exp_shallowmodel: train time: 3075.167s
01/01/2018 14:45:03 [INFO] exp_shallowmodel: test time:  0.010s
01/01/2018 14:45:03 [INFO] exp_shallowmodel: accuracy:   0.744
01/01/2018 14:45:03 [INFO] exp_shallowmodel: f1_score:   0.625
01/01/2018 14:45:03 [INFO] exp_shallowmodel: classification report:
01/01/2018 14:45:03 [INFO] exp_shallowmodel:              precision    recall  f1-score   support

          A       0.25      0.43      0.32        14
          C       0.70      0.65      0.68       164
          F       0.91      0.84      0.88       268
          R       0.59      0.69      0.63       125

avg / total       0.76      0.74      0.75       571

01/01/2018 14:45:03 [INFO] exp_shallowmodel: confusion matrix:
01/01/2018 14:45:03 [INFO] exp_shallowmodel: 
[[  6   1   5   2]
 [  8 107  11  38]
 [  5  16 226  21]
 [  5  28   6  86]]
01/01/2018 14:45:05 [INFO] exp_shallowmodel: ******************** dstc2 - Round 24 
01/01/2018 14:45:05 [INFO] exp_shallowmodel: #(data) = 4583
01/01/2018 14:45:05 [INFO] exp_shallowmodel: #(feature) = 10191
01/01/2018 14:45:05 [INFO] exp_shallowmodel: ================================================================================
01/01/2018 14:45:05 [INFO] exp_shallowmodel: LR.pen=l2.C=100000000000000000000.000000
01/01/2018 14:45:05 [INFO] exp_shallowmodel: ________________________________________________________________________________
01/01/2018 14:45:05 [INFO] exp_shallowmodel: Training: 
01/01/2018 14:45:05 [INFO] exp_shallowmodel: LogisticRegression(C=1e+20, class_weight=None, dual=False, fit_intercept=True,
          intercept_scaling=1, max_iter=100, multi_class='ovr', n_jobs=1,
          penalty='l2', random_state=None, solver='liblinear', tol=0.0001,
          verbose=0, warm_start=False)
01/01/2018 15:30:02 [INFO] exp_shallowmodel: train time: 2696.804s
01/01/2018 15:30:02 [INFO] exp_shallowmodel: test time:  0.010s
01/01/2018 15:30:02 [INFO] exp_shallowmodel: accuracy:   0.758
01/01/2018 15:30:02 [INFO] exp_shallowmodel: f1_score:   0.637
01/01/2018 15:30:02 [INFO] exp_shallowmodel: classification report:
01/01/2018 15:30:02 [INFO] exp_shallowmodel:              precision    recall  f1-score   support

          A       0.36      0.36      0.36        14
          C       0.67      0.66      0.66       164
          F       0.91      0.89      0.90       268
          R       0.61      0.65      0.63       125

avg / total       0.76      0.76      0.76       571

01/01/2018 15:30:02 [INFO] exp_shallowmodel: confusion matrix:
01/01/2018 15:30:02 [INFO] exp_shallowmodel: 
[[  5   2   4   3]
 [  5 108  11  40]
 [  1  19 239   9]
 [  3  32   9  81]]
01/01/2018 15:30:04 [INFO] exp_shallowmodel: ******************** dstc2 - Round 25 
01/01/2018 15:30:04 [INFO] exp_shallowmodel: #(data) = 4583
01/01/2018 15:30:04 [INFO] exp_shallowmodel: #(feature) = 10191
01/01/2018 15:30:04 [INFO] exp_shallowmodel: ================================================================================
01/01/2018 15:30:04 [INFO] exp_shallowmodel: LR.pen=l2.C=100000000000000000000.000000
01/01/2018 15:30:04 [INFO] exp_shallowmodel: ________________________________________________________________________________
01/01/2018 15:30:04 [INFO] exp_shallowmodel: Training: 
01/01/2018 15:30:04 [INFO] exp_shallowmodel: LogisticRegression(C=1e+20, class_weight=None, dual=False, fit_intercept=True,
          intercept_scaling=1, max_iter=100, multi_class='ovr', n_jobs=1,
          penalty='l2', random_state=None, solver='liblinear', tol=0.0001,
          verbose=0, warm_start=False)
01/01/2018 16:07:12 [INFO] exp_shallowmodel: train time: 2228.095s
01/01/2018 16:07:12 [INFO] exp_shallowmodel: test time:  0.010s
01/01/2018 16:07:12 [INFO] exp_shallowmodel: accuracy:   0.757
01/01/2018 16:07:12 [INFO] exp_shallowmodel: f1_score:   0.591
01/01/2018 16:07:12 [INFO] exp_shallowmodel: classification report:
01/01/2018 16:07:12 [INFO] exp_shallowmodel:              precision    recall  f1-score   support

          A       0.10      0.14      0.12        14
          C       0.71      0.68      0.69       164
          F       0.90      0.86      0.88       268
          R       0.64      0.71      0.67       125

avg / total       0.77      0.76      0.76       571

01/01/2018 16:07:12 [INFO] exp_shallowmodel: confusion matrix:
01/01/2018 16:07:12 [INFO] exp_shallowmodel: 
[[  2   3   5   4]
 [ 11 111  11  31]
 [  3  20 230  15]
 [  4  23   9  89]]
01/01/2018 16:07:14 [INFO] exp_shallowmodel: ******************** dstc2 - Round 26 
01/01/2018 16:07:14 [INFO] exp_shallowmodel: #(data) = 4583
01/01/2018 16:07:14 [INFO] exp_shallowmodel: #(feature) = 10191
01/01/2018 16:07:14 [INFO] exp_shallowmodel: ================================================================================
01/01/2018 16:07:14 [INFO] exp_shallowmodel: LR.pen=l2.C=100000000000000000000.000000
01/01/2018 16:07:14 [INFO] exp_shallowmodel: ________________________________________________________________________________
01/01/2018 16:07:14 [INFO] exp_shallowmodel: Training: 
01/01/2018 16:07:14 [INFO] exp_shallowmodel: LogisticRegression(C=1e+20, class_weight=None, dual=False, fit_intercept=True,
          intercept_scaling=1, max_iter=100, multi_class='ovr', n_jobs=1,
          penalty='l2', random_state=None, solver='liblinear', tol=0.0001,
          verbose=0, warm_start=False)
01/01/2018 16:39:21 [INFO] exp_shallowmodel: train time: 1926.773s
01/01/2018 16:39:21 [INFO] exp_shallowmodel: test time:  0.010s
01/01/2018 16:39:21 [INFO] exp_shallowmodel: accuracy:   0.744
01/01/2018 16:39:21 [INFO] exp_shallowmodel: f1_score:   0.602
01/01/2018 16:39:21 [INFO] exp_shallowmodel: classification report:
01/01/2018 16:39:21 [INFO] exp_shallowmodel:              precision    recall  f1-score   support

          A       0.22      0.29      0.25        14
          C       0.66      0.63      0.64       164
          F       0.92      0.88      0.90       268
          R       0.59      0.65      0.62       125

avg / total       0.75      0.74      0.75       571

01/01/2018 16:39:21 [INFO] exp_shallowmodel: confusion matrix:
01/01/2018 16:39:21 [INFO] exp_shallowmodel: 
[[  4   3   6   1]
 [  5 103  11  45]
 [  4  16 237  11]
 [  5  35   4  81]]
01/01/2018 16:39:23 [INFO] exp_shallowmodel: ******************** dstc2 - Round 27 
01/01/2018 16:39:23 [INFO] exp_shallowmodel: #(data) = 4583
01/01/2018 16:39:23 [INFO] exp_shallowmodel: #(feature) = 10191
01/01/2018 16:39:23 [INFO] exp_shallowmodel: ================================================================================
01/01/2018 16:39:23 [INFO] exp_shallowmodel: LR.pen=l2.C=100000000000000000000.000000
01/01/2018 16:39:23 [INFO] exp_shallowmodel: ________________________________________________________________________________
01/01/2018 16:39:23 [INFO] exp_shallowmodel: Training: 
01/01/2018 16:39:23 [INFO] exp_shallowmodel: LogisticRegression(C=1e+20, class_weight=None, dual=False, fit_intercept=True,
          intercept_scaling=1, max_iter=100, multi_class='ovr', n_jobs=1,
          penalty='l2', random_state=None, solver='liblinear', tol=0.0001,
          verbose=0, warm_start=False)
01/01/2018 17:18:35 [INFO] exp_shallowmodel: train time: 2351.458s
01/01/2018 17:18:35 [INFO] exp_shallowmodel: test time:  0.010s
01/01/2018 17:18:35 [INFO] exp_shallowmodel: accuracy:   0.765
01/01/2018 17:18:35 [INFO] exp_shallowmodel: f1_score:   0.647
01/01/2018 17:18:35 [INFO] exp_shallowmodel: classification report:
01/01/2018 17:18:35 [INFO] exp_shallowmodel:              precision    recall  f1-score   support

          A       0.27      0.43      0.33        14
          C       0.72      0.69      0.70       164
          F       0.91      0.86      0.88       268
          R       0.64      0.70      0.67       125

avg / total       0.78      0.77      0.77       571

01/01/2018 17:18:35 [INFO] exp_shallowmodel: confusion matrix:
01/01/2018 17:18:35 [INFO] exp_shallowmodel: 
[[  6   4   3   1]
 [  2 113  14  35]
 [  9  15 230  14]
 [  5  26   6  88]]
01/01/2018 17:18:37 [INFO] exp_shallowmodel: ******************** dstc2 - Round 28 
01/01/2018 17:18:37 [INFO] exp_shallowmodel: #(data) = 4583
01/01/2018 17:18:37 [INFO] exp_shallowmodel: #(feature) = 10191
01/01/2018 17:18:37 [INFO] exp_shallowmodel: ================================================================================
01/01/2018 17:18:37 [INFO] exp_shallowmodel: LR.pen=l2.C=100000000000000000000.000000
01/01/2018 17:18:37 [INFO] exp_shallowmodel: ________________________________________________________________________________
01/01/2018 17:18:37 [INFO] exp_shallowmodel: Training: 
01/01/2018 17:18:37 [INFO] exp_shallowmodel: LogisticRegression(C=1e+20, class_weight=None, dual=False, fit_intercept=True,
          intercept_scaling=1, max_iter=100, multi_class='ovr', n_jobs=1,
          penalty='l2', random_state=None, solver='liblinear', tol=0.0001,
          verbose=0, warm_start=False)
01/01/2018 18:03:47 [INFO] exp_shallowmodel: train time: 2709.525s
01/01/2018 18:03:47 [INFO] exp_shallowmodel: test time:  0.009s
01/01/2018 18:03:47 [INFO] exp_shallowmodel: accuracy:   0.730
01/01/2018 18:03:47 [INFO] exp_shallowmodel: f1_score:   0.586
01/01/2018 18:03:47 [INFO] exp_shallowmodel: classification report:
01/01/2018 18:03:47 [INFO] exp_shallowmodel:              precision    recall  f1-score   support

          A       0.21      0.21      0.21        14
          C       0.65      0.66      0.65       164
          F       0.91      0.84      0.87       268
          R       0.57      0.65      0.60       125

avg / total       0.74      0.73      0.73       571

01/01/2018 18:03:47 [INFO] exp_shallowmodel: confusion matrix:
01/01/2018 18:03:47 [INFO] exp_shallowmodel: 
[[  3   2   5   4]
 [  5 108  11  40]
 [  3  22 225  18]
 [  3  34   7  81]]
/ihome/pbrusilosky/rum20/packages/anaconda3/lib/python3.6/site-packages/sklearn/preprocessing/data.py:164: UserWarning: Numerical issues were encountered when centering the data and might not be solved. Dataset may contain too large values. You may need to prescale your features.
  warnings.warn("Numerical issues were encountered "
/ihome/pbrusilosky/rum20/packages/anaconda3/lib/python3.6/site-packages/sklearn/preprocessing/data.py:169: RuntimeWarning: invalid value encountered in subtract
  Xr -= mean_1
/ihome/pbrusilosky/rum20/packages/anaconda3/lib/python3.6/site-packages/sklearn/preprocessing/data.py:181: UserWarning: Numerical issues were encountered when scaling the data and might not be solved. The standard deviation of the data is probably very close to 0. 
  warnings.warn("Numerical issues were encountered "
/ihome/pbrusilosky/rum20/packages/anaconda3/lib/python3.6/site-packages/sklearn/preprocessing/data.py:164: UserWarning: Numerical issues were encountered when centering the data and might not be solved. Dataset may contain too large values. You may need to prescale your features.
  warnings.warn("Numerical issues were encountered "
/ihome/pbrusilosky/rum20/packages/anaconda3/lib/python3.6/site-packages/sklearn/preprocessing/data.py:169: RuntimeWarning: invalid value encountered in subtract
  Xr -= mean_1
/ihome/pbrusilosky/rum20/packages/anaconda3/lib/python3.6/site-packages/sklearn/preprocessing/data.py:181: UserWarning: Numerical issues were encountered when scaling the data and might not be solved. The standard deviation of the data is probably very close to 0. 
  warnings.warn("Numerical issues were encountered "
/ihome/pbrusilosky/rum20/packages/anaconda3/lib/python3.6/site-packages/sklearn/preprocessing/data.py:164: UserWarning: Numerical issues were encountered when centering the data and might not be solved. Dataset may contain too large values. You may need to prescale your features.
  warnings.warn("Numerical issues were encountered "
/ihome/pbrusilosky/rum20/packages/anaconda3/lib/python3.6/site-packages/sklearn/preprocessing/data.py:169: RuntimeWarning: invalid value encountered in subtract
  Xr -= mean_1
/ihome/pbrusilosky/rum20/packages/anaconda3/lib/python3.6/site-packages/sklearn/preprocessing/data.py:181: UserWarning: Numerical issues were encountered when scaling the data and might not be solved. The standard deviation of the data is probably very close to 0. 
  warnings.warn("Numerical issues were encountered "
/ihome/pbrusilosky/rum20/packages/anaconda3/lib/python3.6/site-packages/sklearn/preprocessing/data.py:164: UserWarning: Numerical issues were encountered when centering the data and might not be solved. Dataset may contain too large values. You may need to prescale your features.
  warnings.warn("Numerical issues were encountered "
/ihome/pbrusilosky/rum20/packages/anaconda3/lib/python3.6/site-packages/sklearn/preprocessing/data.py:169: RuntimeWarning: invalid value encountered in subtract
  Xr -= mean_1
/ihome/pbrusilosky/rum20/packages/anaconda3/lib/python3.6/site-packages/sklearn/preprocessing/data.py:181: UserWarning: Numerical issues were encountered when scaling the data and might not be solved. The standard deviation of the data is probably very close to 0. 
  warnings.warn("Numerical issues were encountered "
/ihome/pbrusilosky/rum20/packages/anaconda3/lib/python3.6/site-packages/sklearn/preprocessing/data.py:164: UserWarning: Numerical issues were encountered when centering the data and might not be solved. Dataset may contain too large values. You may need to prescale your features.
  warnings.warn("Numerical issues were encountered "
/ihome/pbrusilosky/rum20/packages/anaconda3/lib/python3.6/site-packages/sklearn/preprocessing/data.py:169: RuntimeWarning: invalid value encountered in subtract
  Xr -= mean_1
/ihome/pbrusilosky/rum20/packages/anaconda3/lib/python3.6/site-packages/sklearn/preprocessing/data.py:181: UserWarning: Numerical issues were encountered when scaling the data and might not be solved. The standard deviation of the data is probably very close to 0. 
  warnings.warn("Numerical issues were encountered "
/ihome/pbrusilosky/rum20/packages/anaconda3/lib/python3.6/site-packages/sklearn/preprocessing/data.py:164: UserWarning: Numerical issues were encountered when centering the data and might not be solved. Dataset may contain too large values. You may need to prescale your features.
  warnings.warn("Numerical issues were encountered "
/ihome/pbrusilosky/rum20/packages/anaconda3/lib/python3.6/site-packages/sklearn/preprocessing/data.py:169: RuntimeWarning: invalid value encountered in subtract
  Xr -= mean_1
/ihome/pbrusilosky/rum20/packages/anaconda3/lib/python3.6/site-packages/sklearn/preprocessing/data.py:181: UserWarning: Numerical issues were encountered when scaling the data and might not be solved. The standard deviation of the data is probably very close to 0. 
  warnings.warn("Numerical issues were encountered "
/ihome/pbrusilosky/rum20/packages/anaconda3/lib/python3.6/site-packages/sklearn/preprocessing/data.py:164: UserWarning: Numerical issues were encountered when centering the data and might not be solved. Dataset may contain too large values. You may need to prescale your features.
  warnings.warn("Numerical issues were encountered "
/ihome/pbrusilosky/rum20/packages/anaconda3/lib/python3.6/site-packages/sklearn/preprocessing/data.py:169: RuntimeWarning: invalid value encountered in subtract
  Xr -= mean_1
/ihome/pbrusilosky/rum20/packages/anaconda3/lib/python3.6/site-packages/sklearn/preprocessing/data.py:181: UserWarning: Numerical issues were encountered when scaling the data and might not be solved. The standard deviation of the data is probably very close to 0. 
  warnings.warn("Numerical issues were encountered "
/ihome/pbrusilosky/rum20/packages/anaconda3/lib/python3.6/site-packages/sklearn/preprocessing/data.py:164: UserWarning: Numerical issues were encountered when centering the data and might not be solved. Dataset may contain too large values. You may need to prescale your features.
  warnings.warn("Numerical issues were encountered "
/ihome/pbrusilosky/rum20/packages/anaconda3/lib/python3.6/site-packages/sklearn/preprocessing/data.py:169: RuntimeWarning: invalid value encountered in subtract
  Xr -= mean_1
/ihome/pbrusilosky/rum20/packages/anaconda3/lib/python3.6/site-packages/sklearn/preprocessing/data.py:181: UserWarning: Numerical issues were encountered when scaling the data and might not be solved. The standard deviation of the data is probably very close to 0. 
  warnings.warn("Numerical issues were encountered "
/ihome/pbrusilosky/rum20/packages/anaconda3/lib/python3.6/site-packages/sklearn/preprocessing/data.py:164: UserWarning: Numerical issues were encountered when centering the data and might not be solved. Dataset may contain too large values. You may need to prescale your features.
  warnings.warn("Numerical issues were encountered "
/ihome/pbrusilosky/rum20/packages/anaconda3/lib/python3.6/site-packages/sklearn/preprocessing/data.py:169: RuntimeWarning: invalid value encountered in subtract
  Xr -= mean_1
/ihome/pbrusilosky/rum20/packages/anaconda3/lib/python3.6/site-packages/sklearn/preprocessing/data.py:181: UserWarning: Numerical issues were encountered when scaling the data and might not be solved. The standard deviation of the data is probably very close to 0. 
  warnings.warn("Numerical issues were encountered "
/ihome/pbrusilosky/rum20/packages/anaconda3/lib/python3.6/site-packages/sklearn/preprocessing/data.py:164: UserWarning: Numerical issues were encountered when centering the data and might not be solved. Dataset may contain too large values. You may need to prescale your features.
  warnings.warn("Numerical issues were encountered "
/ihome/pbrusilosky/rum20/packages/anaconda3/lib/python3.6/site-packages/sklearn/preprocessing/data.py:169: RuntimeWarning: invalid value encountered in subtract
  Xr -= mean_1
/ihome/pbrusilosky/rum20/packages/anaconda3/lib/python3.6/site-packages/sklearn/preprocessing/data.py:181: UserWarning: Numerical issues were encountered when scaling the data and might not be solved. The standard deviation of the data is probably very close to 0. 
  warnings.warn("Numerical issues were encountered "
01/01/2018 18:03:49 [INFO] exp_shallowmodel: ******************** dstc2 - Round 29 
01/01/2018 18:03:49 [INFO] exp_shallowmodel: #(data) = 4568
01/01/2018 18:03:49 [INFO] exp_shallowmodel: #(feature) = 10191
01/01/2018 18:03:49 [INFO] exp_shallowmodel: ================================================================================
01/01/2018 18:03:49 [INFO] exp_shallowmodel: LR.pen=l2.C=100000000000000000000.000000
01/01/2018 18:03:49 [INFO] exp_shallowmodel: ________________________________________________________________________________
01/01/2018 18:03:49 [INFO] exp_shallowmodel: Training: 
01/01/2018 18:03:49 [INFO] exp_shallowmodel: LogisticRegression(C=1e+20, class_weight=None, dual=False, fit_intercept=True,
          intercept_scaling=1, max_iter=100, multi_class='ovr', n_jobs=1,
          penalty='l2', random_state=None, solver='liblinear', tol=0.0001,
          verbose=0, warm_start=False)
01/01/2018 18:46:02 [INFO] exp_shallowmodel: train time: 2533.490s
01/01/2018 18:46:02 [INFO] exp_shallowmodel: test time:  0.010s
01/01/2018 18:46:02 [INFO] exp_shallowmodel: accuracy:   0.701
01/01/2018 18:46:02 [INFO] exp_shallowmodel: f1_score:   0.595
01/01/2018 18:46:02 [INFO] exp_shallowmodel: classification report:
01/01/2018 18:46:02 [INFO] exp_shallowmodel:              precision    recall  f1-score   support

          A       0.27      0.44      0.33        16
          C       0.62      0.58      0.60       169
          F       0.88      0.82      0.85       271
          R       0.56      0.64      0.60       130

avg / total       0.72      0.70      0.71       586

01/01/2018 18:46:02 [INFO] exp_shallowmodel: confusion matrix:
01/01/2018 18:46:02 [INFO] exp_shallowmodel: 
[[  7   4   3   2]
 [  6  98  22  43]
 [  6  22 223  20]
 [  7  35   5  83]]
01/01/2018 18:46:04 [INFO] exp_shallowmodel: ******************** dstc2 - Round 30 
01/01/2018 18:46:04 [INFO] exp_shallowmodel: #(data) = 4583
01/01/2018 18:46:04 [INFO] exp_shallowmodel: #(feature) = 10191
01/01/2018 18:46:04 [INFO] exp_shallowmodel: ================================================================================
01/01/2018 18:46:04 [INFO] exp_shallowmodel: LR.pen=l2.C=100000000000000000000.000000
01/01/2018 18:46:04 [INFO] exp_shallowmodel: ________________________________________________________________________________
01/01/2018 18:46:04 [INFO] exp_shallowmodel: Training: 
01/01/2018 18:46:04 [INFO] exp_shallowmodel: LogisticRegression(C=1e+20, class_weight=None, dual=False, fit_intercept=True,
          intercept_scaling=1, max_iter=100, multi_class='ovr', n_jobs=1,
          penalty='l2', random_state=None, solver='liblinear', tol=0.0001,
          verbose=0, warm_start=False)
01/01/2018 19:49:02 [INFO] exp_shallowmodel: train time: 3777.066s
01/01/2018 19:49:02 [INFO] exp_shallowmodel: test time:  0.009s
01/01/2018 19:49:02 [INFO] exp_shallowmodel: accuracy:   0.725
01/01/2018 19:49:02 [INFO] exp_shallowmodel: f1_score:   0.589
01/01/2018 19:49:02 [INFO] exp_shallowmodel: classification report:
01/01/2018 19:49:02 [INFO] exp_shallowmodel:              precision    recall  f1-score   support

          A       0.22      0.29      0.25        14
          C       0.63      0.63      0.63       164
          F       0.90      0.85      0.88       268
          R       0.57      0.62      0.60       125

avg / total       0.74      0.73      0.73       571

01/01/2018 19:49:02 [INFO] exp_shallowmodel: confusion matrix:
01/01/2018 19:49:02 [INFO] exp_shallowmodel: 
[[  4   1   5   4]
 [  9 104  12  39]
 [  1  23 228  16]
 [  4  36   7  78]]
01/01/2018 19:49:04 [INFO] exp_shallowmodel: ******************** dstc2 - Round 31 
01/01/2018 19:49:04 [INFO] exp_shallowmodel: #(data) = 4583
01/01/2018 19:49:04 [INFO] exp_shallowmodel: #(feature) = 10191
01/01/2018 19:49:04 [INFO] exp_shallowmodel: ================================================================================
01/01/2018 19:49:04 [INFO] exp_shallowmodel: LR.pen=l2.C=100000000000000000000.000000
01/01/2018 19:49:04 [INFO] exp_shallowmodel: ________________________________________________________________________________
01/01/2018 19:49:04 [INFO] exp_shallowmodel: Training: 
01/01/2018 19:49:04 [INFO] exp_shallowmodel: LogisticRegression(C=1e+20, class_weight=None, dual=False, fit_intercept=True,
          intercept_scaling=1, max_iter=100, multi_class='ovr', n_jobs=1,
          penalty='l2', random_state=None, solver='liblinear', tol=0.0001,
          verbose=0, warm_start=False)
01/01/2018 20:48:37 [INFO] exp_shallowmodel: train time: 3573.425s
01/01/2018 20:48:37 [INFO] exp_shallowmodel: test time:  0.010s
01/01/2018 20:48:37 [INFO] exp_shallowmodel: accuracy:   0.760
01/01/2018 20:48:37 [INFO] exp_shallowmodel: f1_score:   0.597
01/01/2018 20:48:37 [INFO] exp_shallowmodel: classification report:
01/01/2018 20:48:37 [INFO] exp_shallowmodel:              precision    recall  f1-score   support

          A       0.22      0.14      0.17        14
          C       0.70      0.64      0.67       164
          F       0.90      0.89      0.90       268
          R       0.60      0.71      0.65       125

avg / total       0.76      0.76      0.76       571

01/01/2018 20:48:37 [INFO] exp_shallowmodel: confusion matrix:
01/01/2018 20:48:37 [INFO] exp_shallowmodel: 
[[  2   3   3   6]
 [  3 105  15  41]
 [  2  16 238  12]
 [  2  27   7  89]]
01/01/2018 20:48:39 [INFO] exp_shallowmodel: ******************** dstc2 - Round 32 
01/01/2018 20:48:39 [INFO] exp_shallowmodel: #(data) = 4583
01/01/2018 20:48:39 [INFO] exp_shallowmodel: #(feature) = 10191
01/01/2018 20:48:39 [INFO] exp_shallowmodel: ================================================================================
01/01/2018 20:48:39 [INFO] exp_shallowmodel: LR.pen=l2.C=100000000000000000000.000000
01/01/2018 20:48:39 [INFO] exp_shallowmodel: ________________________________________________________________________________
01/01/2018 20:48:39 [INFO] exp_shallowmodel: Training: 
01/01/2018 20:48:39 [INFO] exp_shallowmodel: LogisticRegression(C=1e+20, class_weight=None, dual=False, fit_intercept=True,
          intercept_scaling=1, max_iter=100, multi_class='ovr', n_jobs=1,
          penalty='l2', random_state=None, solver='liblinear', tol=0.0001,
          verbose=0, warm_start=False)
01/01/2018 21:43:41 [INFO] exp_shallowmodel: train time: 3301.382s
01/01/2018 21:43:41 [INFO] exp_shallowmodel: test time:  0.009s
01/01/2018 21:43:41 [INFO] exp_shallowmodel: accuracy:   0.758
01/01/2018 21:43:41 [INFO] exp_shallowmodel: f1_score:   0.656
01/01/2018 21:43:41 [INFO] exp_shallowmodel: classification report:
01/01/2018 21:43:41 [INFO] exp_shallowmodel:              precision    recall  f1-score   support

          A       0.35      0.50      0.41        14
          C       0.69      0.65      0.67       164
          F       0.90      0.87      0.88       268
          R       0.64      0.70      0.66       125

avg / total       0.77      0.76      0.76       571

01/01/2018 21:43:41 [INFO] exp_shallowmodel: confusion matrix:
01/01/2018 21:43:41 [INFO] exp_shallowmodel: 
[[  7   3   3   1]
 [  6 106  16  36]
 [  4  18 233  13]
 [  3  27   8  87]]
01/01/2018 21:43:43 [INFO] exp_shallowmodel: ******************** dstc2 - Round 33 
01/01/2018 21:43:43 [INFO] exp_shallowmodel: #(data) = 4583
01/01/2018 21:43:43 [INFO] exp_shallowmodel: #(feature) = 10191
01/01/2018 21:43:43 [INFO] exp_shallowmodel: ================================================================================
01/01/2018 21:43:43 [INFO] exp_shallowmodel: LR.pen=l2.C=100000000000000000000.000000
01/01/2018 21:43:43 [INFO] exp_shallowmodel: ________________________________________________________________________________
01/01/2018 21:43:43 [INFO] exp_shallowmodel: Training: 
01/01/2018 21:43:43 [INFO] exp_shallowmodel: LogisticRegression(C=1e+20, class_weight=None, dual=False, fit_intercept=True,
          intercept_scaling=1, max_iter=100, multi_class='ovr', n_jobs=1,
          penalty='l2', random_state=None, solver='liblinear', tol=0.0001,
          verbose=0, warm_start=False)
