01/04/2018 17:31:31 [INFO] configuration: experiment_mode  :   discrete_feature_selection
01/04/2018 17:31:31 [INFO] configuration: deep_model  :   False
01/04/2018 17:31:31 [INFO] configuration: selected_context_id  :   0
01/04/2018 17:31:31 [INFO] configuration: selected_feature_set_id  :   14
01/04/2018 17:31:31 [INFO] configuration: similarity_feature  :   True
01/04/2018 17:31:31 [INFO] configuration: k_feature_to_keep  :   10
01/04/2018 17:31:31 [INFO] configuration: seed  :   154316847
01/04/2018 17:31:31 [INFO] configuration: root_path  :   /ihome/pbrusilosky/rum20/y_classify
01/04/2018 17:31:31 [INFO] configuration: task_name  :   utterance_type
01/04/2018 17:31:31 [INFO] configuration: timemark  :   20180104-173131
01/04/2018 17:31:31 [INFO] configuration: context_set  :   next
01/04/2018 17:31:31 [INFO] configuration: utterance_names  :   ['last_user_utterance', 'last_system_utterance', 'current_user_utterance', 'next_system_utterance', 'next_user_utterance']
01/04/2018 17:31:31 [INFO] configuration: utterance_range  :   ['current_user_utterance', 'next_system_utterance', 'next_user_utterance']
01/04/2018 17:31:31 [INFO] configuration: feature_set  :   14-[1.3.4]
01/04/2018 17:31:31 [INFO] configuration: feature_set_number  :   ['1', '2', '3', '5', '6', '7']
01/04/2018 17:31:31 [INFO] configuration: experiment_name  :   20180104-173131.discrete_feature_selection.feature_number=10.context=next.feature=14-[1.3.4].similarity=true
01/04/2018 17:31:31 [INFO] configuration: experiment_path  :   /ihome/pbrusilosky/rum20/y_classify/output/20180104-173131.discrete_feature_selection.feature_number=10.context=next.feature=14-[1.3.4].similarity=true
01/04/2018 17:31:31 [INFO] configuration: log_path  :   /ihome/pbrusilosky/rum20/y_classify/output/20180104-173131.discrete_feature_selection.feature_number=10.context=next.feature=14-[1.3.4].similarity=true/output.log
01/04/2018 17:31:31 [INFO] configuration: valid_type  :   {'F', 'A', 'R', 'C'}
01/04/2018 17:31:31 [INFO] configuration: data_name  :   
01/04/2018 17:31:31 [INFO] configuration: data_names  :   ['dstc2', 'dstc3', 'family', 'ghome']
01/04/2018 17:31:31 [INFO] configuration: raw_feature_path  :   /ihome/pbrusilosky/rum20/y_classify/dataset/feature/%s.raw_feature.pkl
01/04/2018 17:31:31 [INFO] configuration: extracted_feature_path  :   /ihome/pbrusilosky/rum20/y_classify/dataset/feature/%s.extracted_feature.pkl
01/04/2018 17:31:31 [INFO] configuration: pipeline_path  :   /ihome/pbrusilosky/rum20/y_classify/dataset/feature/%s.pipeline.pkl
01/04/2018 17:31:31 [INFO] configuration: metrics  :   ['accuracy', 'precision', 'recall', 'f1_score', 'training_time', 'test_time']
01/04/2018 17:31:31 [INFO] configuration: do_cross_validation  :   True
01/04/2018 17:31:31 [INFO] configuration: #division  :   5
01/04/2018 17:31:31 [INFO] configuration: #cross_validation  :   10
01/04/2018 17:31:31 [INFO] configuration: cv_index_cache_path  :   
01/04/2018 17:31:31 [INFO] configuration: action_words  :   {'reminds', 'shuffle', 'turn', 'phone', 'next', 'skip', 'delete', 'reminder', 'shuffl', 'song', 'stop', 'number', 'remov', 'els', 'matter', 'cast', 'items', 'show', 'temperatur', 'moder', 'share', 'add', 'weather', 'temperature', 'findcare', 'moderate', 'start', 'discard', 'snooze', 'north', 'list', 'music', 'price', 'reminders', 'video', 'any', 'light', 'centre', 'remove', 'centr', 'help', 'post', 'remind', 'delet', 'snooz', 'ani', 'volum', 'member', 'alarm', 'clear', 'tell', 'room', 'address', 'part', 'south', 'telephon', 'item', 'volume', 'findcar', 'time', 'else', 'telephone', 'timer', 'expensive', 'expens', 'area', 'watch', 'cheap', 'food', 'play'}
01/04/2018 17:31:31 [INFO] configuration: corenlp_jars  :   ('/Users/memray/Project/stanford/stanford-corenlp-full-3.8.0/*', '/Users/memray/Project/stanford/stanford-corenlp-full-3.8.0/stanford-english-kbp-corenlp-2017-06-09-models.jar')
01/04/2018 17:31:31 [INFO] configuration: lda_topic_number  :   50
01/04/2018 17:31:31 [INFO] configuration: lda_path  :   /ihome/pbrusilosky/rum20/y_classify/dataset/feature/gensim/%s.topic=50.lda.pkl
01/04/2018 17:31:31 [INFO] configuration: gensim_corpus_path  :   /ihome/pbrusilosky/rum20/y_classify/dataset/feature/gensim/%s.corpus.pkl
01/04/2018 17:31:31 [INFO] configuration: gensim_dict_path  :   /ihome/pbrusilosky/rum20/y_classify/dataset/feature/gensim/%s.dict
01/04/2018 17:31:31 [INFO] configuration: w2v_path  :   /home/memray/Data/glove/GoogleNews-vectors-negative300.bin
01/04/2018 17:31:31 [INFO] configuration: w2v_vector_length  :   300
01/04/2018 17:31:31 [INFO] configuration: d2v_vector_length  :   300
01/04/2018 17:31:31 [INFO] configuration: d2v_window_size  :   5
01/04/2018 17:31:31 [INFO] configuration: d2v_min_count  :   2
01/04/2018 17:31:31 [INFO] configuration: d2v_model_path  :   /ihome/pbrusilosky/rum20/y_classify/dataset/feature/gensim/%s.doc2vec.dim=300.window=5.min_count=2.model
01/04/2018 17:31:31 [INFO] configuration: d2v_vector_path  :   /ihome/pbrusilosky/rum20/y_classify/dataset/feature/gensim/%s.doc2vec.dim=300.window=5.min_count=2.vector
01/04/2018 17:31:31 [INFO] configuration: num_word_keep  :   {'dstc2': 300, 'dstc3': 300, 'family': 1000, 'ghome': 1000}
01/04/2018 17:31:31 [INFO] configuration: batch_size  :   128
01/04/2018 17:31:31 [INFO] configuration: max_epoch  :   50
01/04/2018 17:31:31 [INFO] configuration: early_stop_tolerance  :   2
01/04/2018 17:31:31 [INFO] configuration: concat_sents  :   False
01/04/2018 17:31:31 [INFO] configuration: cnn_setting  :   {'model': 'multichannel', 'early_stopping': True, 'word_dim': 300, 'filters': [3, 4, 5], 'filter_num': [100, 100, 100], 'class_size': 4, 'batch_size': 128, 'learning_rate': 0.001, 'norm_limit': 10, 'dropout_prob': 0.0, 'sentence_num': 3}
01/04/2018 17:31:31 [INFO] configuration: skipthought_setting  :   {'skipthought_model_path': '/Users/memray/Data/skip-thought', 'skipthought_data_path': '/ihome/pbrusilosky/rum20/y_classify/dataset/feature/gensim/%s.skip-thought.biskip.vector', 'fixed_emb': True, 'sentence_num': 3, 'hidden_size': 2400, 'class_size': 4, 'learning_rate': 0.0001, 'norm_limit': 3, 'dropout_prob': 0.5}
01/04/2018 17:31:31 [INFO] configuration: lstm_setting  :   {'model': 'non-static', 'hidden_size': 32, 'embedding_size': 300, 'num_layers': 1, 'bidirectional': False, 'learning_rate': 0.001, 'class_size': 4, 'norm_limit': 2, 'clip_grad_norm': 2, 'dropout_prob': 0.1}
01/04/2018 17:31:35 [INFO] exp_shallowmodel: %%%%%%%%%%%%%%%%%%%%%%%%%%%%%%%%%%%%%%%%%%%%%%%%%%
01/04/2018 17:31:35 [INFO] exp_shallowmodel:           dataset=dstc2
01/04/2018 17:31:35 [INFO] exp_shallowmodel:           k_feature_to_keep=10
01/04/2018 17:31:35 [INFO] exp_shallowmodel:           X_new.shape=(5725, 1034)
01/04/2018 17:31:35 [INFO] exp_shallowmodel:           #(X_selected)=1024
01/04/2018 17:31:35 [INFO] exp_shallowmodel:           #(X_not_selectable)=10
01/04/2018 17:31:35 [INFO] exp_shallowmodel: %%%%%%%%%%%%%%%%%%%%%%%%%%%%%%%%%%%%%%%%%%%%%%%%%%
01/04/2018 17:31:35 [INFO] exp_shallowmodel: ******************** dstc2 - Round 0 
01/04/2018 17:31:35 [INFO] exp_shallowmodel: #(data) = 4583
01/04/2018 17:31:35 [INFO] exp_shallowmodel: #(feature) = 1034
01/04/2018 17:31:35 [INFO] exp_shallowmodel: ================================================================================
01/04/2018 17:31:35 [INFO] exp_shallowmodel: LR.pen=l1.C=1.000000
01/04/2018 17:31:35 [INFO] exp_shallowmodel: ________________________________________________________________________________
01/04/2018 17:31:35 [INFO] exp_shallowmodel: Training: 
01/04/2018 17:31:35 [INFO] exp_shallowmodel: LogisticRegression(C=1, class_weight=None, dual=False, fit_intercept=True,
          intercept_scaling=1, max_iter=100, multi_class='ovr', n_jobs=1,
          penalty='l1', random_state=None, solver='liblinear', tol=0.0001,
          verbose=0, warm_start=False)
01/04/2018 17:31:54 [INFO] exp_shallowmodel: train time: 19.194s
01/04/2018 17:31:54 [INFO] exp_shallowmodel: test time:  0.001s
01/04/2018 17:31:54 [INFO] exp_shallowmodel: accuracy:   0.855
01/04/2018 17:31:54 [INFO] exp_shallowmodel: f1_score:   0.743
01/04/2018 17:31:54 [INFO] exp_shallowmodel: classification report:
01/04/2018 17:31:54 [INFO] exp_shallowmodel:              precision    recall  f1-score   support

          A       0.62      0.36      0.45        14
          C       0.80      0.83      0.81       164
          F       0.92      0.95      0.93       268
          R       0.81      0.74      0.77       125

avg / total       0.85      0.85      0.85       571

01/04/2018 17:31:54 [INFO] exp_shallowmodel: confusion matrix:
01/04/2018 17:31:54 [INFO] exp_shallowmodel: 
[[  5   2   6   1]
 [  1 136  10  17]
 [  2   7 255   4]
 [  0  26   7  92]]
01/04/2018 17:31:54 [INFO] exp_shallowmodel: ******************** dstc2 - Round 1 
01/04/2018 17:31:54 [INFO] exp_shallowmodel: #(data) = 4583
01/04/2018 17:31:54 [INFO] exp_shallowmodel: #(feature) = 1034
01/04/2018 17:31:54 [INFO] exp_shallowmodel: ================================================================================
01/04/2018 17:31:54 [INFO] exp_shallowmodel: LR.pen=l1.C=1.000000
01/04/2018 17:31:54 [INFO] exp_shallowmodel: ________________________________________________________________________________
01/04/2018 17:31:54 [INFO] exp_shallowmodel: Training: 
01/04/2018 17:31:54 [INFO] exp_shallowmodel: LogisticRegression(C=1, class_weight=None, dual=False, fit_intercept=True,
          intercept_scaling=1, max_iter=100, multi_class='ovr', n_jobs=1,
          penalty='l1', random_state=None, solver='liblinear', tol=0.0001,
          verbose=0, warm_start=False)
01/04/2018 17:32:21 [INFO] exp_shallowmodel: train time: 26.638s
01/04/2018 17:32:21 [INFO] exp_shallowmodel: test time:  0.001s
01/04/2018 17:32:21 [INFO] exp_shallowmodel: accuracy:   0.827
01/04/2018 17:32:21 [INFO] exp_shallowmodel: f1_score:   0.759
01/04/2018 17:32:21 [INFO] exp_shallowmodel: classification report:
01/04/2018 17:32:21 [INFO] exp_shallowmodel:              precision    recall  f1-score   support

          A       0.78      0.50      0.61        14
          C       0.74      0.77      0.75       164
          F       0.92      0.91      0.92       268
          R       0.74      0.77      0.76       125

avg / total       0.83      0.83      0.83       571

01/04/2018 17:32:21 [INFO] exp_shallowmodel: confusion matrix:
01/04/2018 17:32:21 [INFO] exp_shallowmodel: 
[[  7   0   3   4]
 [  0 126  13  25]
 [  2  19 243   4]
 [  0  25   4  96]]
01/04/2018 17:32:21 [INFO] exp_shallowmodel: Feature selection of top 100, ranked by LR weights (selectable:non-selectable=95:5)
01/04/2018 17:32:25 [INFO] exp_shallowmodel: %%%%%%%%%%%%%%%%%%%%%%%%%%%%%%%%%%%%%%%%%%%%%%%%%%
01/04/2018 17:32:25 [INFO] exp_shallowmodel:           dataset=dstc3
01/04/2018 17:32:25 [INFO] exp_shallowmodel:           k_feature_to_keep=10
01/04/2018 17:32:25 [INFO] exp_shallowmodel:           X_new.shape=(5934, 1034)
01/04/2018 17:32:25 [INFO] exp_shallowmodel:           #(X_selected)=1024
01/04/2018 17:32:25 [INFO] exp_shallowmodel:           #(X_not_selectable)=10
01/04/2018 17:32:25 [INFO] exp_shallowmodel: %%%%%%%%%%%%%%%%%%%%%%%%%%%%%%%%%%%%%%%%%%%%%%%%%%
01/04/2018 17:32:25 [INFO] exp_shallowmodel: ******************** dstc3 - Round 0 
01/04/2018 17:32:25 [INFO] exp_shallowmodel: #(data) = 4750
01/04/2018 17:32:25 [INFO] exp_shallowmodel: #(feature) = 1034
01/04/2018 17:32:25 [INFO] exp_shallowmodel: ================================================================================
01/04/2018 17:32:25 [INFO] exp_shallowmodel: LR.pen=l1.C=1.000000
01/04/2018 17:32:25 [INFO] exp_shallowmodel: ________________________________________________________________________________
01/04/2018 17:32:25 [INFO] exp_shallowmodel: Training: 
01/04/2018 17:32:25 [INFO] exp_shallowmodel: LogisticRegression(C=1, class_weight=None, dual=False, fit_intercept=True,
          intercept_scaling=1, max_iter=100, multi_class='ovr', n_jobs=1,
          penalty='l1', random_state=None, solver='liblinear', tol=0.0001,
          verbose=0, warm_start=False)
01/04/2018 17:32:53 [INFO] exp_shallowmodel: train time: 28.210s
01/04/2018 17:32:53 [INFO] exp_shallowmodel: test time:  0.001s
01/04/2018 17:32:53 [INFO] exp_shallowmodel: accuracy:   0.809
01/04/2018 17:32:53 [INFO] exp_shallowmodel: f1_score:   0.729
01/04/2018 17:32:53 [INFO] exp_shallowmodel: classification report:
01/04/2018 17:32:53 [INFO] exp_shallowmodel:              precision    recall  f1-score   support

          A       0.65      0.55      0.59        20
          C       0.74      0.79      0.77       169
          F       0.90      0.93      0.91       281
          R       0.70      0.59      0.64       122

avg / total       0.80      0.81      0.81       592

01/04/2018 17:32:53 [INFO] exp_shallowmodel: confusion matrix:
01/04/2018 17:32:53 [INFO] exp_shallowmodel: 
[[ 11   2   6   1]
 [  5 134   9  21]
 [  0  10 262   9]
 [  1  34  15  72]]
01/04/2018 17:32:54 [INFO] exp_shallowmodel: ******************** dstc3 - Round 1 
01/04/2018 17:32:54 [INFO] exp_shallowmodel: #(data) = 4750
01/04/2018 17:32:54 [INFO] exp_shallowmodel: #(feature) = 1034
01/04/2018 17:32:54 [INFO] exp_shallowmodel: ================================================================================
01/04/2018 17:32:54 [INFO] exp_shallowmodel: LR.pen=l1.C=1.000000
01/04/2018 17:32:54 [INFO] exp_shallowmodel: ________________________________________________________________________________
01/04/2018 17:32:54 [INFO] exp_shallowmodel: Training: 
01/04/2018 17:32:54 [INFO] exp_shallowmodel: LogisticRegression(C=1, class_weight=None, dual=False, fit_intercept=True,
          intercept_scaling=1, max_iter=100, multi_class='ovr', n_jobs=1,
          penalty='l1', random_state=None, solver='liblinear', tol=0.0001,
          verbose=0, warm_start=False)
01/04/2018 17:33:09 [INFO] exp_shallowmodel: train time: 15.608s
01/04/2018 17:33:09 [INFO] exp_shallowmodel: test time:  0.001s
01/04/2018 17:33:09 [INFO] exp_shallowmodel: accuracy:   0.811
01/04/2018 17:33:09 [INFO] exp_shallowmodel: f1_score:   0.693
01/04/2018 17:33:09 [INFO] exp_shallowmodel: classification report:
01/04/2018 17:33:09 [INFO] exp_shallowmodel:              precision    recall  f1-score   support

          A       0.58      0.35      0.44        20
          C       0.76      0.80      0.78       169
          F       0.89      0.95      0.92       281
          R       0.69      0.59      0.64       122

avg / total       0.80      0.81      0.80       592

01/04/2018 17:33:09 [INFO] exp_shallowmodel: confusion matrix:
01/04/2018 17:33:09 [INFO] exp_shallowmodel: 
[[  7   5   7   1]
 [  2 135   9  23]
 [  1   6 266   8]
 [  2  31  17  72]]
01/04/2018 17:33:10 [INFO] exp_shallowmodel: Feature selection of top 100, ranked by LR weights (selectable:non-selectable=95:5)
01/04/2018 17:33:16 [INFO] exp_shallowmodel: %%%%%%%%%%%%%%%%%%%%%%%%%%%%%%%%%%%%%%%%%%%%%%%%%%
01/04/2018 17:33:16 [INFO] exp_shallowmodel:           dataset=family
01/04/2018 17:33:16 [INFO] exp_shallowmodel:           k_feature_to_keep=10
01/04/2018 17:33:16 [INFO] exp_shallowmodel:           X_new.shape=(3530, 1036)
01/04/2018 17:33:16 [INFO] exp_shallowmodel:           #(X_selected)=1024
01/04/2018 17:33:16 [INFO] exp_shallowmodel:           #(X_not_selectable)=12
01/04/2018 17:33:16 [INFO] exp_shallowmodel: %%%%%%%%%%%%%%%%%%%%%%%%%%%%%%%%%%%%%%%%%%%%%%%%%%
01/04/2018 17:33:16 [INFO] exp_shallowmodel: ******************** family - Round 0 
01/04/2018 17:33:16 [INFO] exp_shallowmodel: #(data) = 2826
01/04/2018 17:33:16 [INFO] exp_shallowmodel: #(feature) = 1036
01/04/2018 17:33:16 [INFO] exp_shallowmodel: ================================================================================
01/04/2018 17:33:16 [INFO] exp_shallowmodel: LR.pen=l1.C=1.000000
01/04/2018 17:33:16 [INFO] exp_shallowmodel: ________________________________________________________________________________
01/04/2018 17:33:16 [INFO] exp_shallowmodel: Training: 
01/04/2018 17:33:16 [INFO] exp_shallowmodel: LogisticRegression(C=1, class_weight=None, dual=False, fit_intercept=True,
          intercept_scaling=1, max_iter=100, multi_class='ovr', n_jobs=1,
          penalty='l1', random_state=None, solver='liblinear', tol=0.0001,
          verbose=0, warm_start=False)
01/04/2018 17:33:24 [INFO] exp_shallowmodel: train time: 7.677s
01/04/2018 17:33:24 [INFO] exp_shallowmodel: test time:  0.001s
01/04/2018 17:33:24 [INFO] exp_shallowmodel: accuracy:   0.869
01/04/2018 17:33:24 [INFO] exp_shallowmodel: f1_score:   0.679
01/04/2018 17:33:24 [INFO] exp_shallowmodel: classification report:
01/04/2018 17:33:24 [INFO] exp_shallowmodel:              precision    recall  f1-score   support

          A       0.53      0.39      0.45        23
          C       0.62      0.59      0.60        27
          F       0.95      0.98      0.96       250
          R       0.71      0.69      0.70        52

avg / total       0.86      0.87      0.86       352

01/04/2018 17:33:24 [INFO] exp_shallowmodel: confusion matrix:
01/04/2018 17:33:24 [INFO] exp_shallowmodel: 
[[  9   4   6   4]
 [  4  16   0   7]
 [  1   0 245   4]
 [  3   6   7  36]]
01/04/2018 17:33:24 [INFO] exp_shallowmodel: ******************** family - Round 1 
01/04/2018 17:33:24 [INFO] exp_shallowmodel: #(data) = 2826
01/04/2018 17:33:24 [INFO] exp_shallowmodel: #(feature) = 1036
01/04/2018 17:33:24 [INFO] exp_shallowmodel: ================================================================================
01/04/2018 17:33:24 [INFO] exp_shallowmodel: LR.pen=l1.C=1.000000
01/04/2018 17:33:24 [INFO] exp_shallowmodel: ________________________________________________________________________________
01/04/2018 17:33:24 [INFO] exp_shallowmodel: Training: 
01/04/2018 17:33:24 [INFO] exp_shallowmodel: LogisticRegression(C=1, class_weight=None, dual=False, fit_intercept=True,
          intercept_scaling=1, max_iter=100, multi_class='ovr', n_jobs=1,
          penalty='l1', random_state=None, solver='liblinear', tol=0.0001,
          verbose=0, warm_start=False)
01/04/2018 17:33:32 [INFO] exp_shallowmodel: train time: 8.141s
01/04/2018 17:33:32 [INFO] exp_shallowmodel: test time:  0.001s
01/04/2018 17:33:32 [INFO] exp_shallowmodel: accuracy:   0.895
01/04/2018 17:33:32 [INFO] exp_shallowmodel: f1_score:   0.730
01/04/2018 17:33:32 [INFO] exp_shallowmodel: classification report:
01/04/2018 17:33:32 [INFO] exp_shallowmodel:              precision    recall  f1-score   support

          A       0.75      0.26      0.39        23
          C       0.84      0.78      0.81        27
          F       0.94      0.98      0.96       250
          R       0.72      0.81      0.76        52

avg / total       0.89      0.89      0.88       352

01/04/2018 17:33:32 [INFO] exp_shallowmodel: confusion matrix:
01/04/2018 17:33:32 [INFO] exp_shallowmodel: 
[[  6   2   7   8]
 [  1  21   0   5]
 [  1   0 246   3]
 [  0   2   8  42]]
01/04/2018 17:33:32 [INFO] exp_shallowmodel: Feature selection of top 100, ranked by LR weights (selectable:non-selectable=95:5)
01/04/2018 17:33:40 [INFO] exp_shallowmodel: %%%%%%%%%%%%%%%%%%%%%%%%%%%%%%%%%%%%%%%%%%%%%%%%%%
01/04/2018 17:33:40 [INFO] exp_shallowmodel:           dataset=ghome
01/04/2018 17:33:40 [INFO] exp_shallowmodel:           k_feature_to_keep=10
01/04/2018 17:33:40 [INFO] exp_shallowmodel:           X_new.shape=(5241, 1035)
01/04/2018 17:33:40 [INFO] exp_shallowmodel:           #(X_selected)=1024
01/04/2018 17:33:40 [INFO] exp_shallowmodel:           #(X_not_selectable)=11
01/04/2018 17:33:40 [INFO] exp_shallowmodel: %%%%%%%%%%%%%%%%%%%%%%%%%%%%%%%%%%%%%%%%%%%%%%%%%%
01/04/2018 17:33:40 [INFO] exp_shallowmodel: ******************** ghome - Round 0 
01/04/2018 17:33:40 [INFO] exp_shallowmodel: #(data) = 4197
01/04/2018 17:33:40 [INFO] exp_shallowmodel: #(feature) = 1035
01/04/2018 17:33:40 [INFO] exp_shallowmodel: ================================================================================
01/04/2018 17:33:40 [INFO] exp_shallowmodel: LR.pen=l1.C=1.000000
01/04/2018 17:33:40 [INFO] exp_shallowmodel: ________________________________________________________________________________
01/04/2018 17:33:40 [INFO] exp_shallowmodel: Training: 
01/04/2018 17:33:40 [INFO] exp_shallowmodel: LogisticRegression(C=1, class_weight=None, dual=False, fit_intercept=True,
          intercept_scaling=1, max_iter=100, multi_class='ovr', n_jobs=1,
          penalty='l1', random_state=None, solver='liblinear', tol=0.0001,
          verbose=0, warm_start=False)
01/04/2018 17:33:48 [INFO] exp_shallowmodel: train time: 7.810s
01/04/2018 17:33:48 [INFO] exp_shallowmodel: test time:  0.001s
01/04/2018 17:33:48 [INFO] exp_shallowmodel: accuracy:   0.874
01/04/2018 17:33:48 [INFO] exp_shallowmodel: f1_score:   0.579
01/04/2018 17:33:48 [INFO] exp_shallowmodel: classification report:
01/04/2018 17:33:48 [INFO] exp_shallowmodel:              precision    recall  f1-score   support

          A       0.59      0.49      0.54        59
          C       0.50      0.08      0.14        12
          F       0.93      0.98      0.96       396
          R       0.71      0.65      0.68        55

avg / total       0.86      0.87      0.86       522

01/04/2018 17:33:48 [INFO] exp_shallowmodel: confusion matrix:
01/04/2018 17:33:48 [INFO] exp_shallowmodel: 
[[ 29   1  17  12]
 [  4   1   6   1]
 [  4   0 390   2]
 [ 12   0   7  36]]
01/04/2018 17:33:48 [INFO] exp_shallowmodel: ******************** ghome - Round 1 
01/04/2018 17:33:48 [INFO] exp_shallowmodel: #(data) = 4197
01/04/2018 17:33:48 [INFO] exp_shallowmodel: #(feature) = 1035
01/04/2018 17:33:48 [INFO] exp_shallowmodel: ================================================================================
01/04/2018 17:33:48 [INFO] exp_shallowmodel: LR.pen=l1.C=1.000000
01/04/2018 17:33:48 [INFO] exp_shallowmodel: ________________________________________________________________________________
01/04/2018 17:33:48 [INFO] exp_shallowmodel: Training: 
01/04/2018 17:33:48 [INFO] exp_shallowmodel: LogisticRegression(C=1, class_weight=None, dual=False, fit_intercept=True,
          intercept_scaling=1, max_iter=100, multi_class='ovr', n_jobs=1,
          penalty='l1', random_state=None, solver='liblinear', tol=0.0001,
          verbose=0, warm_start=False)
01/04/2018 17:33:59 [INFO] exp_shallowmodel: train time: 10.210s
01/04/2018 17:33:59 [INFO] exp_shallowmodel: test time:  0.001s
01/04/2018 17:33:59 [INFO] exp_shallowmodel: accuracy:   0.872
01/04/2018 17:33:59 [INFO] exp_shallowmodel: f1_score:   0.551
01/04/2018 17:33:59 [INFO] exp_shallowmodel: classification report:
01/04/2018 17:33:59 [INFO] exp_shallowmodel:              precision    recall  f1-score   support

          A       0.67      0.61      0.64        59
          C       0.00      0.00      0.00        12
          F       0.94      0.97      0.95       396
          R       0.61      0.62      0.61        55

avg / total       0.85      0.87      0.86       522

01/04/2018 17:33:59 [INFO] exp_shallowmodel: confusion matrix:
01/04/2018 17:33:59 [INFO] exp_shallowmodel: 
[[ 36   0  10  13]
 [  3   0   5   4]
 [  6   0 385   5]
 [  9   1  11  34]]
01/04/2018 17:33:59 [INFO] exp_shallowmodel: Feature selection of top 100, ranked by LR weights (selectable:non-selectable=94:6)
