01/04/2018 17:31:29 [INFO] configuration: experiment_mode  :   discrete_feature_selection
01/04/2018 17:31:29 [INFO] configuration: deep_model  :   False
01/04/2018 17:31:29 [INFO] configuration: selected_context_id  :   0
01/04/2018 17:31:29 [INFO] configuration: selected_feature_set_id  :   10
01/04/2018 17:31:29 [INFO] configuration: similarity_feature  :   True
01/04/2018 17:31:29 [INFO] configuration: k_feature_to_keep  :   11
01/04/2018 17:31:29 [INFO] configuration: seed  :   154316847
01/04/2018 17:31:29 [INFO] configuration: root_path  :   /ihome/pbrusilosky/rum20/y_classify
01/04/2018 17:31:29 [INFO] configuration: task_name  :   utterance_type
01/04/2018 17:31:29 [INFO] configuration: timemark  :   20180104-173129
01/04/2018 17:31:29 [INFO] configuration: context_set  :   next
01/04/2018 17:31:29 [INFO] configuration: utterance_names  :   ['last_user_utterance', 'last_system_utterance', 'current_user_utterance', 'next_system_utterance', 'next_user_utterance']
01/04/2018 17:31:29 [INFO] configuration: utterance_range  :   ['current_user_utterance', 'next_system_utterance', 'next_user_utterance']
01/04/2018 17:31:29 [INFO] configuration: feature_set  :   10-[5+1.3.4]
01/04/2018 17:31:29 [INFO] configuration: feature_set_number  :   ['1', '2', '3', '5', '6', '7', '8']
01/04/2018 17:31:29 [INFO] configuration: experiment_name  :   20180104-173129.discrete_feature_selection.feature_number=11.context=next.feature=10-[5+1.3.4].similarity=true
01/04/2018 17:31:29 [INFO] configuration: experiment_path  :   /ihome/pbrusilosky/rum20/y_classify/output/20180104-173129.discrete_feature_selection.feature_number=11.context=next.feature=10-[5+1.3.4].similarity=true
01/04/2018 17:31:29 [INFO] configuration: log_path  :   /ihome/pbrusilosky/rum20/y_classify/output/20180104-173129.discrete_feature_selection.feature_number=11.context=next.feature=10-[5+1.3.4].similarity=true/output.log
01/04/2018 17:31:29 [INFO] configuration: valid_type  :   {'A', 'C', 'R', 'F'}
01/04/2018 17:31:29 [INFO] configuration: data_name  :   
01/04/2018 17:31:29 [INFO] configuration: data_names  :   ['dstc2', 'dstc3', 'family', 'ghome']
01/04/2018 17:31:29 [INFO] configuration: raw_feature_path  :   /ihome/pbrusilosky/rum20/y_classify/dataset/feature/%s.raw_feature.pkl
01/04/2018 17:31:29 [INFO] configuration: extracted_feature_path  :   /ihome/pbrusilosky/rum20/y_classify/dataset/feature/%s.extracted_feature.pkl
01/04/2018 17:31:29 [INFO] configuration: pipeline_path  :   /ihome/pbrusilosky/rum20/y_classify/dataset/feature/%s.pipeline.pkl
01/04/2018 17:31:29 [INFO] configuration: metrics  :   ['accuracy', 'precision', 'recall', 'f1_score', 'training_time', 'test_time']
01/04/2018 17:31:29 [INFO] configuration: do_cross_validation  :   True
01/04/2018 17:31:29 [INFO] configuration: #division  :   5
01/04/2018 17:31:29 [INFO] configuration: #cross_validation  :   10
01/04/2018 17:31:29 [INFO] configuration: cv_index_cache_path  :   
01/04/2018 17:31:29 [INFO] configuration: action_words  :   {'reminders', 'turn', 'volume', 'remov', 'show', 'tell', 'part', 'list', 'alarm', 'price', 'reminds', 'post', 'expens', 'time', 'timer', 'watch', 'els', 'cheap', 'temperature', 'expensive', 'area', 'else', 'room', 'music', 'discard', 'song', 'shuffle', 'matter', 'phone', 'snooz', 'delet', 'delete', 'remind', 'centre', 'help', 'volum', 'item', 'snooze', 'start', 'play', 'findcare', 'weather', 'stop', 'shuffl', 'cast', 'telephone', 'number', 'share', 'temperatur', 'next', 'add', 'any', 'north', 'member', 'centr', 'reminder', 'items', 'findcar', 'south', 'telephon', 'video', 'moderate', 'moder', 'address', 'food', 'light', 'skip', 'remove', 'ani', 'clear'}
01/04/2018 17:31:29 [INFO] configuration: corenlp_jars  :   ('/Users/memray/Project/stanford/stanford-corenlp-full-3.8.0/*', '/Users/memray/Project/stanford/stanford-corenlp-full-3.8.0/stanford-english-kbp-corenlp-2017-06-09-models.jar')
01/04/2018 17:31:29 [INFO] configuration: lda_topic_number  :   50
01/04/2018 17:31:29 [INFO] configuration: lda_path  :   /ihome/pbrusilosky/rum20/y_classify/dataset/feature/gensim/%s.topic=50.lda.pkl
01/04/2018 17:31:29 [INFO] configuration: gensim_corpus_path  :   /ihome/pbrusilosky/rum20/y_classify/dataset/feature/gensim/%s.corpus.pkl
01/04/2018 17:31:29 [INFO] configuration: gensim_dict_path  :   /ihome/pbrusilosky/rum20/y_classify/dataset/feature/gensim/%s.dict
01/04/2018 17:31:29 [INFO] configuration: w2v_path  :   /home/memray/Data/glove/GoogleNews-vectors-negative300.bin
01/04/2018 17:31:29 [INFO] configuration: w2v_vector_length  :   300
01/04/2018 17:31:29 [INFO] configuration: d2v_vector_length  :   300
01/04/2018 17:31:29 [INFO] configuration: d2v_window_size  :   5
01/04/2018 17:31:29 [INFO] configuration: d2v_min_count  :   2
01/04/2018 17:31:29 [INFO] configuration: d2v_model_path  :   /ihome/pbrusilosky/rum20/y_classify/dataset/feature/gensim/%s.doc2vec.dim=300.window=5.min_count=2.model
01/04/2018 17:31:29 [INFO] configuration: d2v_vector_path  :   /ihome/pbrusilosky/rum20/y_classify/dataset/feature/gensim/%s.doc2vec.dim=300.window=5.min_count=2.vector
01/04/2018 17:31:29 [INFO] configuration: num_word_keep  :   {'dstc2': 300, 'dstc3': 300, 'family': 1000, 'ghome': 1000}
01/04/2018 17:31:29 [INFO] configuration: batch_size  :   128
01/04/2018 17:31:29 [INFO] configuration: max_epoch  :   50
01/04/2018 17:31:29 [INFO] configuration: early_stop_tolerance  :   2
01/04/2018 17:31:29 [INFO] configuration: concat_sents  :   False
01/04/2018 17:31:29 [INFO] configuration: cnn_setting  :   {'model': 'multichannel', 'early_stopping': True, 'word_dim': 300, 'filters': [3, 4, 5], 'filter_num': [100, 100, 100], 'class_size': 4, 'batch_size': 128, 'learning_rate': 0.001, 'norm_limit': 10, 'dropout_prob': 0.0, 'sentence_num': 3}
01/04/2018 17:31:29 [INFO] configuration: skipthought_setting  :   {'skipthought_model_path': '/Users/memray/Data/skip-thought', 'skipthought_data_path': '/ihome/pbrusilosky/rum20/y_classify/dataset/feature/gensim/%s.skip-thought.biskip.vector', 'fixed_emb': True, 'sentence_num': 3, 'hidden_size': 2400, 'class_size': 4, 'learning_rate': 0.0001, 'norm_limit': 3, 'dropout_prob': 0.5}
01/04/2018 17:31:29 [INFO] configuration: lstm_setting  :   {'model': 'non-static', 'hidden_size': 32, 'embedding_size': 300, 'num_layers': 1, 'bidirectional': False, 'learning_rate': 0.001, 'class_size': 4, 'norm_limit': 2, 'clip_grad_norm': 2, 'dropout_prob': 0.1}
01/04/2018 17:31:32 [INFO] exp_shallowmodel: %%%%%%%%%%%%%%%%%%%%%%%%%%%%%%%%%%%%%%%%%%%%%%%%%%
01/04/2018 17:31:32 [INFO] exp_shallowmodel:           dataset=dstc2
01/04/2018 17:31:32 [INFO] exp_shallowmodel:           k_feature_to_keep=11
01/04/2018 17:31:32 [INFO] exp_shallowmodel:           X_new.shape=(5725, 2209)
01/04/2018 17:31:32 [INFO] exp_shallowmodel:           #(X_selected)=2048
01/04/2018 17:31:32 [INFO] exp_shallowmodel:           #(X_not_selectable)=161
01/04/2018 17:31:32 [INFO] exp_shallowmodel: %%%%%%%%%%%%%%%%%%%%%%%%%%%%%%%%%%%%%%%%%%%%%%%%%%
01/04/2018 17:31:33 [INFO] exp_shallowmodel: ******************** dstc2 - Round 0 
01/04/2018 17:31:33 [INFO] exp_shallowmodel: #(data) = 4583
01/04/2018 17:31:33 [INFO] exp_shallowmodel: #(feature) = 2209
01/04/2018 17:31:33 [INFO] exp_shallowmodel: ================================================================================
01/04/2018 17:31:33 [INFO] exp_shallowmodel: LR.pen=l1.C=1.000000
01/04/2018 17:31:33 [INFO] exp_shallowmodel: ________________________________________________________________________________
01/04/2018 17:31:33 [INFO] exp_shallowmodel: Training: 
01/04/2018 17:31:33 [INFO] exp_shallowmodel: LogisticRegression(C=1, class_weight=None, dual=False, fit_intercept=True,
          intercept_scaling=1, max_iter=100, multi_class='ovr', n_jobs=1,
          penalty='l1', random_state=None, solver='liblinear', tol=0.0001,
          verbose=0, warm_start=False)
01/04/2018 17:31:57 [INFO] exp_shallowmodel: train time: 24.032s
01/04/2018 17:31:57 [INFO] exp_shallowmodel: test time:  0.002s
01/04/2018 17:31:57 [INFO] exp_shallowmodel: accuracy:   0.842
01/04/2018 17:31:57 [INFO] exp_shallowmodel: f1_score:   0.714
01/04/2018 17:31:57 [INFO] exp_shallowmodel: classification report:
01/04/2018 17:31:57 [INFO] exp_shallowmodel:              precision    recall  f1-score   support

          A       0.57      0.29      0.38        14
          C       0.78      0.81      0.79       164
          F       0.92      0.94      0.93       268
          R       0.78      0.73      0.75       125

avg / total       0.84      0.84      0.84       571

01/04/2018 17:31:57 [INFO] exp_shallowmodel: confusion matrix:
01/04/2018 17:31:57 [INFO] exp_shallowmodel: 
[[  4   2   7   1]
 [  1 133  10  20]
 [  2   8 253   5]
 [  0  28   6  91]]
01/04/2018 17:31:57 [INFO] exp_shallowmodel: ******************** dstc2 - Round 1 
01/04/2018 17:31:57 [INFO] exp_shallowmodel: #(data) = 4583
01/04/2018 17:31:57 [INFO] exp_shallowmodel: #(feature) = 2209
01/04/2018 17:31:57 [INFO] exp_shallowmodel: ================================================================================
01/04/2018 17:31:57 [INFO] exp_shallowmodel: LR.pen=l1.C=1.000000
01/04/2018 17:31:57 [INFO] exp_shallowmodel: ________________________________________________________________________________
01/04/2018 17:31:57 [INFO] exp_shallowmodel: Training: 
01/04/2018 17:31:57 [INFO] exp_shallowmodel: LogisticRegression(C=1, class_weight=None, dual=False, fit_intercept=True,
          intercept_scaling=1, max_iter=100, multi_class='ovr', n_jobs=1,
          penalty='l1', random_state=None, solver='liblinear', tol=0.0001,
          verbose=0, warm_start=False)
01/04/2018 17:32:22 [INFO] exp_shallowmodel: train time: 25.321s
01/04/2018 17:32:22 [INFO] exp_shallowmodel: test time:  0.001s
01/04/2018 17:32:22 [INFO] exp_shallowmodel: accuracy:   0.814
01/04/2018 17:32:22 [INFO] exp_shallowmodel: f1_score:   0.719
01/04/2018 17:32:22 [INFO] exp_shallowmodel: classification report:
01/04/2018 17:32:22 [INFO] exp_shallowmodel:              precision    recall  f1-score   support

          A       0.71      0.36      0.48        14
          C       0.75      0.74      0.75       164
          F       0.87      0.91      0.89       268
          R       0.77      0.76      0.76       125

avg / total       0.81      0.81      0.81       571

01/04/2018 17:32:22 [INFO] exp_shallowmodel: confusion matrix:
01/04/2018 17:32:22 [INFO] exp_shallowmodel: 
[[  5   1   6   2]
 [  0 122  22  20]
 [  2  16 243   7]
 [  0  23   7  95]]
01/04/2018 17:32:23 [INFO] exp_shallowmodel: Feature selection of top 100, ranked by LR weights (selectable:non-selectable=71:29)
01/04/2018 17:32:27 [INFO] exp_shallowmodel: %%%%%%%%%%%%%%%%%%%%%%%%%%%%%%%%%%%%%%%%%%%%%%%%%%
01/04/2018 17:32:27 [INFO] exp_shallowmodel:           dataset=dstc3
01/04/2018 17:32:27 [INFO] exp_shallowmodel:           k_feature_to_keep=11
01/04/2018 17:32:27 [INFO] exp_shallowmodel:           X_new.shape=(5934, 2209)
01/04/2018 17:32:27 [INFO] exp_shallowmodel:           #(X_selected)=2048
01/04/2018 17:32:27 [INFO] exp_shallowmodel:           #(X_not_selectable)=161
01/04/2018 17:32:27 [INFO] exp_shallowmodel: %%%%%%%%%%%%%%%%%%%%%%%%%%%%%%%%%%%%%%%%%%%%%%%%%%
01/04/2018 17:32:27 [INFO] exp_shallowmodel: ******************** dstc3 - Round 0 
01/04/2018 17:32:27 [INFO] exp_shallowmodel: #(data) = 4750
01/04/2018 17:32:27 [INFO] exp_shallowmodel: #(feature) = 2209
01/04/2018 17:32:27 [INFO] exp_shallowmodel: ================================================================================
01/04/2018 17:32:27 [INFO] exp_shallowmodel: LR.pen=l1.C=1.000000
01/04/2018 17:32:27 [INFO] exp_shallowmodel: ________________________________________________________________________________
01/04/2018 17:32:27 [INFO] exp_shallowmodel: Training: 
01/04/2018 17:32:27 [INFO] exp_shallowmodel: LogisticRegression(C=1, class_weight=None, dual=False, fit_intercept=True,
          intercept_scaling=1, max_iter=100, multi_class='ovr', n_jobs=1,
          penalty='l1', random_state=None, solver='liblinear', tol=0.0001,
          verbose=0, warm_start=False)
01/04/2018 17:33:02 [INFO] exp_shallowmodel: train time: 34.904s
01/04/2018 17:33:02 [INFO] exp_shallowmodel: test time:  0.002s
01/04/2018 17:33:02 [INFO] exp_shallowmodel: accuracy:   0.792
01/04/2018 17:33:02 [INFO] exp_shallowmodel: f1_score:   0.703
01/04/2018 17:33:02 [INFO] exp_shallowmodel: classification report:
01/04/2018 17:33:02 [INFO] exp_shallowmodel:              precision    recall  f1-score   support

          A       0.69      0.45      0.55        20
          C       0.74      0.79      0.76       169
          F       0.90      0.91      0.90       281
          R       0.62      0.57      0.60       122

avg / total       0.79      0.79      0.79       592

01/04/2018 17:33:02 [INFO] exp_shallowmodel: confusion matrix:
01/04/2018 17:33:02 [INFO] exp_shallowmodel: 
[[  9   2   7   2]
 [  1 133   7  28]
 [  2  10 257  12]
 [  1  35  16  70]]
01/04/2018 17:33:02 [INFO] exp_shallowmodel: ******************** dstc3 - Round 1 
01/04/2018 17:33:02 [INFO] exp_shallowmodel: #(data) = 4750
01/04/2018 17:33:02 [INFO] exp_shallowmodel: #(feature) = 2209
01/04/2018 17:33:02 [INFO] exp_shallowmodel: ================================================================================
01/04/2018 17:33:02 [INFO] exp_shallowmodel: LR.pen=l1.C=1.000000
01/04/2018 17:33:02 [INFO] exp_shallowmodel: ________________________________________________________________________________
01/04/2018 17:33:02 [INFO] exp_shallowmodel: Training: 
01/04/2018 17:33:02 [INFO] exp_shallowmodel: LogisticRegression(C=1, class_weight=None, dual=False, fit_intercept=True,
          intercept_scaling=1, max_iter=100, multi_class='ovr', n_jobs=1,
          penalty='l1', random_state=None, solver='liblinear', tol=0.0001,
          verbose=0, warm_start=False)
01/04/2018 17:33:37 [INFO] exp_shallowmodel: train time: 34.728s
01/04/2018 17:33:37 [INFO] exp_shallowmodel: test time:  0.002s
01/04/2018 17:33:37 [INFO] exp_shallowmodel: accuracy:   0.779
01/04/2018 17:33:37 [INFO] exp_shallowmodel: f1_score:   0.686
01/04/2018 17:33:37 [INFO] exp_shallowmodel: classification report:
01/04/2018 17:33:37 [INFO] exp_shallowmodel:              precision    recall  f1-score   support

          A       0.64      0.45      0.53        20
          C       0.71      0.75      0.73       169
          F       0.90      0.92      0.91       281
          R       0.61      0.56      0.58       122

avg / total       0.77      0.78      0.78       592

01/04/2018 17:33:37 [INFO] exp_shallowmodel: confusion matrix:
01/04/2018 17:33:37 [INFO] exp_shallowmodel: 
[[  9   4   6   1]
 [  1 126  11  31]
 [  3   8 258  12]
 [  1  40  13  68]]
01/04/2018 17:33:38 [INFO] exp_shallowmodel: Feature selection of top 100, ranked by LR weights (selectable:non-selectable=74:26)
01/04/2018 17:33:44 [INFO] exp_shallowmodel: %%%%%%%%%%%%%%%%%%%%%%%%%%%%%%%%%%%%%%%%%%%%%%%%%%
01/04/2018 17:33:44 [INFO] exp_shallowmodel:           dataset=family
01/04/2018 17:33:44 [INFO] exp_shallowmodel:           k_feature_to_keep=11
01/04/2018 17:33:44 [INFO] exp_shallowmodel:           X_new.shape=(3530, 2211)
01/04/2018 17:33:44 [INFO] exp_shallowmodel:           #(X_selected)=2048
01/04/2018 17:33:44 [INFO] exp_shallowmodel:           #(X_not_selectable)=163
01/04/2018 17:33:44 [INFO] exp_shallowmodel: %%%%%%%%%%%%%%%%%%%%%%%%%%%%%%%%%%%%%%%%%%%%%%%%%%
01/04/2018 17:33:44 [INFO] exp_shallowmodel: ******************** family - Round 0 
01/04/2018 17:33:44 [INFO] exp_shallowmodel: #(data) = 2826
01/04/2018 17:33:44 [INFO] exp_shallowmodel: #(feature) = 2211
01/04/2018 17:33:44 [INFO] exp_shallowmodel: ================================================================================
01/04/2018 17:33:44 [INFO] exp_shallowmodel: LR.pen=l1.C=1.000000
01/04/2018 17:33:44 [INFO] exp_shallowmodel: ________________________________________________________________________________
01/04/2018 17:33:44 [INFO] exp_shallowmodel: Training: 
01/04/2018 17:33:44 [INFO] exp_shallowmodel: LogisticRegression(C=1, class_weight=None, dual=False, fit_intercept=True,
          intercept_scaling=1, max_iter=100, multi_class='ovr', n_jobs=1,
          penalty='l1', random_state=None, solver='liblinear', tol=0.0001,
          verbose=0, warm_start=False)
01/04/2018 17:33:56 [INFO] exp_shallowmodel: train time: 12.053s
01/04/2018 17:33:56 [INFO] exp_shallowmodel: test time:  0.001s
01/04/2018 17:33:56 [INFO] exp_shallowmodel: accuracy:   0.869
01/04/2018 17:33:56 [INFO] exp_shallowmodel: f1_score:   0.648
01/04/2018 17:33:56 [INFO] exp_shallowmodel: classification report:
01/04/2018 17:33:56 [INFO] exp_shallowmodel:              precision    recall  f1-score   support

          A       0.45      0.22      0.29        23
          C       0.74      0.52      0.61        27
          F       0.94      0.98      0.96       250
          R       0.67      0.79      0.73        52

avg / total       0.85      0.87      0.86       352

01/04/2018 17:33:56 [INFO] exp_shallowmodel: confusion matrix:
01/04/2018 17:33:56 [INFO] exp_shallowmodel: 
[[  5   2   8   8]
 [  3  14   1   9]
 [  1   0 246   3]
 [  2   3   6  41]]
01/04/2018 17:33:56 [INFO] exp_shallowmodel: ******************** family - Round 1 
01/04/2018 17:33:56 [INFO] exp_shallowmodel: #(data) = 2826
01/04/2018 17:33:56 [INFO] exp_shallowmodel: #(feature) = 2211
01/04/2018 17:33:56 [INFO] exp_shallowmodel: ================================================================================
01/04/2018 17:33:56 [INFO] exp_shallowmodel: LR.pen=l1.C=1.000000
01/04/2018 17:33:56 [INFO] exp_shallowmodel: ________________________________________________________________________________
01/04/2018 17:33:56 [INFO] exp_shallowmodel: Training: 
01/04/2018 17:33:56 [INFO] exp_shallowmodel: LogisticRegression(C=1, class_weight=None, dual=False, fit_intercept=True,
          intercept_scaling=1, max_iter=100, multi_class='ovr', n_jobs=1,
          penalty='l1', random_state=None, solver='liblinear', tol=0.0001,
          verbose=0, warm_start=False)
01/04/2018 17:34:09 [INFO] exp_shallowmodel: train time: 12.514s
01/04/2018 17:34:09 [INFO] exp_shallowmodel: test time:  0.001s
01/04/2018 17:34:09 [INFO] exp_shallowmodel: accuracy:   0.884
01/04/2018 17:34:09 [INFO] exp_shallowmodel: f1_score:   0.717
01/04/2018 17:34:09 [INFO] exp_shallowmodel: classification report:
01/04/2018 17:34:09 [INFO] exp_shallowmodel:              precision    recall  f1-score   support

          A       0.86      0.26      0.40        23
          C       0.95      0.67      0.78        27
          F       0.92      0.98      0.95       250
          R       0.68      0.79      0.73        52

avg / total       0.89      0.88      0.87       352

01/04/2018 17:34:09 [INFO] exp_shallowmodel: confusion matrix:
01/04/2018 17:34:09 [INFO] exp_shallowmodel: 
[[  6   0   8   9]
 [  0  18   2   7]
 [  1   0 246   3]
 [  0   1  10  41]]
01/04/2018 17:34:09 [INFO] exp_shallowmodel: Feature selection of top 100, ranked by LR weights (selectable:non-selectable=72:28)
01/04/2018 17:34:17 [INFO] exp_shallowmodel: %%%%%%%%%%%%%%%%%%%%%%%%%%%%%%%%%%%%%%%%%%%%%%%%%%
01/04/2018 17:34:17 [INFO] exp_shallowmodel:           dataset=ghome
01/04/2018 17:34:17 [INFO] exp_shallowmodel:           k_feature_to_keep=11
01/04/2018 17:34:17 [INFO] exp_shallowmodel:           X_new.shape=(5241, 2210)
01/04/2018 17:34:17 [INFO] exp_shallowmodel:           #(X_selected)=2048
01/04/2018 17:34:17 [INFO] exp_shallowmodel:           #(X_not_selectable)=162
01/04/2018 17:34:17 [INFO] exp_shallowmodel: %%%%%%%%%%%%%%%%%%%%%%%%%%%%%%%%%%%%%%%%%%%%%%%%%%
01/04/2018 17:34:18 [INFO] exp_shallowmodel: ******************** ghome - Round 0 
01/04/2018 17:34:18 [INFO] exp_shallowmodel: #(data) = 4197
01/04/2018 17:34:18 [INFO] exp_shallowmodel: #(feature) = 2210
01/04/2018 17:34:18 [INFO] exp_shallowmodel: ================================================================================
01/04/2018 17:34:18 [INFO] exp_shallowmodel: LR.pen=l1.C=1.000000
01/04/2018 17:34:18 [INFO] exp_shallowmodel: ________________________________________________________________________________
01/04/2018 17:34:18 [INFO] exp_shallowmodel: Training: 
01/04/2018 17:34:18 [INFO] exp_shallowmodel: LogisticRegression(C=1, class_weight=None, dual=False, fit_intercept=True,
          intercept_scaling=1, max_iter=100, multi_class='ovr', n_jobs=1,
          penalty='l1', random_state=None, solver='liblinear', tol=0.0001,
          verbose=0, warm_start=False)
01/04/2018 17:34:31 [INFO] exp_shallowmodel: train time: 13.026s
01/04/2018 17:34:31 [INFO] exp_shallowmodel: test time:  0.001s
01/04/2018 17:34:31 [INFO] exp_shallowmodel: accuracy:   0.879
01/04/2018 17:34:31 [INFO] exp_shallowmodel: f1_score:   0.600
01/04/2018 17:34:31 [INFO] exp_shallowmodel: classification report:
01/04/2018 17:34:31 [INFO] exp_shallowmodel:              precision    recall  f1-score   support

          A       0.64      0.58      0.61        59
          C       1.00      0.08      0.15        12
          F       0.93      0.98      0.95       396
          R       0.72      0.65      0.69        55

avg / total       0.88      0.88      0.87       522

01/04/2018 17:34:31 [INFO] exp_shallowmodel: confusion matrix:
01/04/2018 17:34:31 [INFO] exp_shallowmodel: 
[[ 34   0  16   9]
 [  2   1   8   1]
 [  4   0 388   4]
 [ 13   0   6  36]]
01/04/2018 17:34:31 [INFO] exp_shallowmodel: ******************** ghome - Round 1 
01/04/2018 17:34:31 [INFO] exp_shallowmodel: #(data) = 4197
01/04/2018 17:34:31 [INFO] exp_shallowmodel: #(feature) = 2210
01/04/2018 17:34:31 [INFO] exp_shallowmodel: ================================================================================
01/04/2018 17:34:31 [INFO] exp_shallowmodel: LR.pen=l1.C=1.000000
01/04/2018 17:34:31 [INFO] exp_shallowmodel: ________________________________________________________________________________
01/04/2018 17:34:31 [INFO] exp_shallowmodel: Training: 
01/04/2018 17:34:31 [INFO] exp_shallowmodel: LogisticRegression(C=1, class_weight=None, dual=False, fit_intercept=True,
          intercept_scaling=1, max_iter=100, multi_class='ovr', n_jobs=1,
          penalty='l1', random_state=None, solver='liblinear', tol=0.0001,
          verbose=0, warm_start=False)
01/04/2018 17:34:45 [INFO] exp_shallowmodel: train time: 14.305s
01/04/2018 17:34:45 [INFO] exp_shallowmodel: test time:  0.002s
01/04/2018 17:34:45 [INFO] exp_shallowmodel: accuracy:   0.868
01/04/2018 17:34:45 [INFO] exp_shallowmodel: f1_score:   0.530
01/04/2018 17:34:45 [INFO] exp_shallowmodel: classification report:
01/04/2018 17:34:45 [INFO] exp_shallowmodel:              precision    recall  f1-score   support

          A       0.62      0.66      0.64        59
          C       0.00      0.00      0.00        12
          F       0.94      0.98      0.96       396
          R       0.58      0.47      0.52        55

avg / total       0.84      0.87      0.85       522

01/04/2018 17:34:45 [INFO] exp_shallowmodel: confusion matrix:
01/04/2018 17:34:45 [INFO] exp_shallowmodel: 
[[ 39   0   8  12]
 [  3   0   5   4]
 [  5   0 388   3]
 [ 16   1  12  26]]
01/04/2018 17:34:46 [INFO] exp_shallowmodel: Feature selection of top 100, ranked by LR weights (selectable:non-selectable=68:32)
