01/04/2018 17:31:27 [INFO] configuration: experiment_mode  :   discrete_feature_selection
01/04/2018 17:31:27 [INFO] configuration: deep_model  :   False
01/04/2018 17:31:27 [INFO] configuration: selected_context_id  :   0
01/04/2018 17:31:27 [INFO] configuration: selected_feature_set_id  :   9
01/04/2018 17:31:27 [INFO] configuration: similarity_feature  :   True
01/04/2018 17:31:27 [INFO] configuration: k_feature_to_keep  :   9
01/04/2018 17:31:27 [INFO] configuration: seed  :   154316847
01/04/2018 17:31:27 [INFO] configuration: root_path  :   /ihome/pbrusilosky/rum20/y_classify
01/04/2018 17:31:27 [INFO] configuration: task_name  :   utterance_type
01/04/2018 17:31:27 [INFO] configuration: timemark  :   20180104-173127
01/04/2018 17:31:27 [INFO] configuration: context_set  :   next
01/04/2018 17:31:27 [INFO] configuration: utterance_names  :   ['last_user_utterance', 'last_system_utterance', 'current_user_utterance', 'next_system_utterance', 'next_user_utterance']
01/04/2018 17:31:27 [INFO] configuration: utterance_range  :   ['current_user_utterance', 'next_system_utterance', 'next_user_utterance']
01/04/2018 17:31:27 [INFO] configuration: feature_set  :   9-[2+1.3.4]
01/04/2018 17:31:27 [INFO] configuration: feature_set_number  :   ['1', '2', '3', '5', '6', '7', '4']
01/04/2018 17:31:27 [INFO] configuration: experiment_name  :   20180104-173127.discrete_feature_selection.feature_number=9.context=next.feature=9-[2+1.3.4].similarity=true
01/04/2018 17:31:27 [INFO] configuration: experiment_path  :   /ihome/pbrusilosky/rum20/y_classify/output/20180104-173127.discrete_feature_selection.feature_number=9.context=next.feature=9-[2+1.3.4].similarity=true
01/04/2018 17:31:27 [INFO] configuration: log_path  :   /ihome/pbrusilosky/rum20/y_classify/output/20180104-173127.discrete_feature_selection.feature_number=9.context=next.feature=9-[2+1.3.4].similarity=true/output.log
01/04/2018 17:31:27 [INFO] configuration: valid_type  :   {'F', 'R', 'C', 'A'}
01/04/2018 17:31:27 [INFO] configuration: data_name  :   
01/04/2018 17:31:27 [INFO] configuration: data_names  :   ['dstc2', 'dstc3', 'family', 'ghome']
01/04/2018 17:31:27 [INFO] configuration: raw_feature_path  :   /ihome/pbrusilosky/rum20/y_classify/dataset/feature/%s.raw_feature.pkl
01/04/2018 17:31:27 [INFO] configuration: extracted_feature_path  :   /ihome/pbrusilosky/rum20/y_classify/dataset/feature/%s.extracted_feature.pkl
01/04/2018 17:31:27 [INFO] configuration: pipeline_path  :   /ihome/pbrusilosky/rum20/y_classify/dataset/feature/%s.pipeline.pkl
01/04/2018 17:31:27 [INFO] configuration: metrics  :   ['accuracy', 'precision', 'recall', 'f1_score', 'training_time', 'test_time']
01/04/2018 17:31:27 [INFO] configuration: do_cross_validation  :   True
01/04/2018 17:31:27 [INFO] configuration: #division  :   5
01/04/2018 17:31:27 [INFO] configuration: #cross_validation  :   10
01/04/2018 17:31:27 [INFO] configuration: cv_index_cache_path  :   
01/04/2018 17:31:27 [INFO] configuration: action_words  :   {'light', 'remove', 'stop', 'watch', 'north', 'centre', 'ani', 'reminders', 'findcar', 'moder', 'south', 'add', 'food', 'temperature', 'telephone', 'alarm', 'delete', 'post', 'timer', 'area', 'cheap', 'song', 'shuffl', 'weather', 'els', 'volum', 'matter', 'delet', 'items', 'remov', 'reminder', 'list', 'price', 'shuffle', 'snooz', 'telephon', 'part', 'clear', 'skip', 'room', 'any', 'share', 'member', 'next', 'findcare', 'video', 'number', 'snooze', 'tell', 'phone', 'start', 'expens', 'expensive', 'play', 'music', 'address', 'reminds', 'item', 'moderate', 'else', 'show', 'discard', 'turn', 'cast', 'help', 'volume', 'time', 'centr', 'temperatur', 'remind'}
01/04/2018 17:31:27 [INFO] configuration: corenlp_jars  :   ('/Users/memray/Project/stanford/stanford-corenlp-full-3.8.0/*', '/Users/memray/Project/stanford/stanford-corenlp-full-3.8.0/stanford-english-kbp-corenlp-2017-06-09-models.jar')
01/04/2018 17:31:27 [INFO] configuration: lda_topic_number  :   50
01/04/2018 17:31:27 [INFO] configuration: lda_path  :   /ihome/pbrusilosky/rum20/y_classify/dataset/feature/gensim/%s.topic=50.lda.pkl
01/04/2018 17:31:27 [INFO] configuration: gensim_corpus_path  :   /ihome/pbrusilosky/rum20/y_classify/dataset/feature/gensim/%s.corpus.pkl
01/04/2018 17:31:27 [INFO] configuration: gensim_dict_path  :   /ihome/pbrusilosky/rum20/y_classify/dataset/feature/gensim/%s.dict
01/04/2018 17:31:27 [INFO] configuration: w2v_path  :   /home/memray/Data/glove/GoogleNews-vectors-negative300.bin
01/04/2018 17:31:27 [INFO] configuration: w2v_vector_length  :   300
01/04/2018 17:31:27 [INFO] configuration: d2v_vector_length  :   300
01/04/2018 17:31:27 [INFO] configuration: d2v_window_size  :   5
01/04/2018 17:31:27 [INFO] configuration: d2v_min_count  :   2
01/04/2018 17:31:27 [INFO] configuration: d2v_model_path  :   /ihome/pbrusilosky/rum20/y_classify/dataset/feature/gensim/%s.doc2vec.dim=300.window=5.min_count=2.model
01/04/2018 17:31:27 [INFO] configuration: d2v_vector_path  :   /ihome/pbrusilosky/rum20/y_classify/dataset/feature/gensim/%s.doc2vec.dim=300.window=5.min_count=2.vector
01/04/2018 17:31:27 [INFO] configuration: num_word_keep  :   {'dstc2': 300, 'dstc3': 300, 'family': 1000, 'ghome': 1000}
01/04/2018 17:31:27 [INFO] configuration: batch_size  :   128
01/04/2018 17:31:27 [INFO] configuration: max_epoch  :   50
01/04/2018 17:31:27 [INFO] configuration: early_stop_tolerance  :   2
01/04/2018 17:31:27 [INFO] configuration: concat_sents  :   False
01/04/2018 17:31:27 [INFO] configuration: cnn_setting  :   {'model': 'multichannel', 'early_stopping': True, 'word_dim': 300, 'filters': [3, 4, 5], 'filter_num': [100, 100, 100], 'class_size': 4, 'batch_size': 128, 'learning_rate': 0.001, 'norm_limit': 10, 'dropout_prob': 0.0, 'sentence_num': 3}
01/04/2018 17:31:27 [INFO] configuration: skipthought_setting  :   {'skipthought_model_path': '/Users/memray/Data/skip-thought', 'skipthought_data_path': '/ihome/pbrusilosky/rum20/y_classify/dataset/feature/gensim/%s.skip-thought.biskip.vector', 'fixed_emb': True, 'sentence_num': 3, 'hidden_size': 2400, 'class_size': 4, 'learning_rate': 0.0001, 'norm_limit': 3, 'dropout_prob': 0.5}
01/04/2018 17:31:27 [INFO] configuration: lstm_setting  :   {'model': 'non-static', 'hidden_size': 32, 'embedding_size': 300, 'num_layers': 1, 'bidirectional': False, 'learning_rate': 0.001, 'class_size': 4, 'norm_limit': 2, 'clip_grad_norm': 2, 'dropout_prob': 0.1}
01/04/2018 17:31:31 [INFO] exp_shallowmodel: %%%%%%%%%%%%%%%%%%%%%%%%%%%%%%%%%%%%%%%%%%%%%%%%%%
01/04/2018 17:31:31 [INFO] exp_shallowmodel:           dataset=dstc2
01/04/2018 17:31:31 [INFO] exp_shallowmodel:           k_feature_to_keep=9
01/04/2018 17:31:31 [INFO] exp_shallowmodel:           X_new.shape=(5725, 524)
01/04/2018 17:31:31 [INFO] exp_shallowmodel:           #(X_selected)=512
01/04/2018 17:31:31 [INFO] exp_shallowmodel:           #(X_not_selectable)=12
01/04/2018 17:31:31 [INFO] exp_shallowmodel: %%%%%%%%%%%%%%%%%%%%%%%%%%%%%%%%%%%%%%%%%%%%%%%%%%
01/04/2018 17:31:31 [INFO] exp_shallowmodel: ******************** dstc2 - Round 0 
01/04/2018 17:31:31 [INFO] exp_shallowmodel: #(data) = 4583
01/04/2018 17:31:31 [INFO] exp_shallowmodel: #(feature) = 524
01/04/2018 17:31:31 [INFO] exp_shallowmodel: ================================================================================
01/04/2018 17:31:31 [INFO] exp_shallowmodel: LR.pen=l1.C=1.000000
01/04/2018 17:31:31 [INFO] exp_shallowmodel: ________________________________________________________________________________
01/04/2018 17:31:31 [INFO] exp_shallowmodel: Training: 
01/04/2018 17:31:31 [INFO] exp_shallowmodel: LogisticRegression(C=1, class_weight=None, dual=False, fit_intercept=True,
          intercept_scaling=1, max_iter=100, multi_class='ovr', n_jobs=1,
          penalty='l1', random_state=None, solver='liblinear', tol=0.0001,
          verbose=0, warm_start=False)
01/04/2018 17:31:48 [INFO] exp_shallowmodel: train time: 16.914s
01/04/2018 17:31:48 [INFO] exp_shallowmodel: test time:  0.000s
01/04/2018 17:31:48 [INFO] exp_shallowmodel: accuracy:   0.883
01/04/2018 17:31:48 [INFO] exp_shallowmodel: f1_score:   0.792
01/04/2018 17:31:48 [INFO] exp_shallowmodel: classification report:
01/04/2018 17:31:48 [INFO] exp_shallowmodel:              precision    recall  f1-score   support

          A       0.75      0.43      0.55        14
          C       0.80      0.88      0.84       164
          F       0.93      0.95      0.94       268
          R       0.90      0.79      0.84       125

avg / total       0.88      0.88      0.88       571

01/04/2018 17:31:48 [INFO] exp_shallowmodel: confusion matrix:
01/04/2018 17:31:48 [INFO] exp_shallowmodel: 
[[  6   3   5   0]
 [  0 144  11   9]
 [  1  10 255   2]
 [  1  22   3  99]]
01/04/2018 17:31:48 [INFO] exp_shallowmodel: ******************** dstc2 - Round 1 
01/04/2018 17:31:48 [INFO] exp_shallowmodel: #(data) = 4583
01/04/2018 17:31:48 [INFO] exp_shallowmodel: #(feature) = 524
01/04/2018 17:31:48 [INFO] exp_shallowmodel: ================================================================================
01/04/2018 17:31:48 [INFO] exp_shallowmodel: LR.pen=l1.C=1.000000
01/04/2018 17:31:48 [INFO] exp_shallowmodel: ________________________________________________________________________________
01/04/2018 17:31:48 [INFO] exp_shallowmodel: Training: 
01/04/2018 17:31:48 [INFO] exp_shallowmodel: LogisticRegression(C=1, class_weight=None, dual=False, fit_intercept=True,
          intercept_scaling=1, max_iter=100, multi_class='ovr', n_jobs=1,
          penalty='l1', random_state=None, solver='liblinear', tol=0.0001,
          verbose=0, warm_start=False)
01/04/2018 17:32:02 [INFO] exp_shallowmodel: train time: 13.638s
01/04/2018 17:32:02 [INFO] exp_shallowmodel: test time:  0.001s
01/04/2018 17:32:02 [INFO] exp_shallowmodel: accuracy:   0.870
01/04/2018 17:32:02 [INFO] exp_shallowmodel: f1_score:   0.781
01/04/2018 17:32:02 [INFO] exp_shallowmodel: classification report:
01/04/2018 17:32:02 [INFO] exp_shallowmodel:              precision    recall  f1-score   support

          A       0.75      0.43      0.55        14
          C       0.79      0.87      0.83       164
          F       0.95      0.93      0.94       268
          R       0.82      0.80      0.81       125

avg / total       0.87      0.87      0.87       571

01/04/2018 17:32:02 [INFO] exp_shallowmodel: confusion matrix:
01/04/2018 17:32:02 [INFO] exp_shallowmodel: 
[[  6   1   3   4]
 [  1 142   7  14]
 [  0  15 249   4]
 [  1  22   2 100]]
01/04/2018 17:32:02 [INFO] exp_shallowmodel: Feature selection of top 100, ranked by LR weights (selectable:non-selectable=94:6)
01/04/2018 17:32:07 [INFO] exp_shallowmodel: %%%%%%%%%%%%%%%%%%%%%%%%%%%%%%%%%%%%%%%%%%%%%%%%%%
01/04/2018 17:32:07 [INFO] exp_shallowmodel:           dataset=dstc3
01/04/2018 17:32:07 [INFO] exp_shallowmodel:           k_feature_to_keep=9
01/04/2018 17:32:07 [INFO] exp_shallowmodel:           X_new.shape=(5934, 524)
01/04/2018 17:32:07 [INFO] exp_shallowmodel:           #(X_selected)=512
01/04/2018 17:32:07 [INFO] exp_shallowmodel:           #(X_not_selectable)=12
01/04/2018 17:32:07 [INFO] exp_shallowmodel: %%%%%%%%%%%%%%%%%%%%%%%%%%%%%%%%%%%%%%%%%%%%%%%%%%
01/04/2018 17:32:07 [INFO] exp_shallowmodel: ******************** dstc3 - Round 0 
01/04/2018 17:32:07 [INFO] exp_shallowmodel: #(data) = 4750
01/04/2018 17:32:07 [INFO] exp_shallowmodel: #(feature) = 524
01/04/2018 17:32:07 [INFO] exp_shallowmodel: ================================================================================
01/04/2018 17:32:07 [INFO] exp_shallowmodel: LR.pen=l1.C=1.000000
01/04/2018 17:32:07 [INFO] exp_shallowmodel: ________________________________________________________________________________
01/04/2018 17:32:07 [INFO] exp_shallowmodel: Training: 
01/04/2018 17:32:07 [INFO] exp_shallowmodel: LogisticRegression(C=1, class_weight=None, dual=False, fit_intercept=True,
          intercept_scaling=1, max_iter=100, multi_class='ovr', n_jobs=1,
          penalty='l1', random_state=None, solver='liblinear', tol=0.0001,
          verbose=0, warm_start=False)
01/04/2018 17:32:26 [INFO] exp_shallowmodel: train time: 18.799s
01/04/2018 17:32:26 [INFO] exp_shallowmodel: test time:  0.000s
01/04/2018 17:32:26 [INFO] exp_shallowmodel: accuracy:   0.814
01/04/2018 17:32:26 [INFO] exp_shallowmodel: f1_score:   0.734
01/04/2018 17:32:26 [INFO] exp_shallowmodel: classification report:
01/04/2018 17:32:26 [INFO] exp_shallowmodel:              precision    recall  f1-score   support

          A       0.77      0.50      0.61        20
          C       0.76      0.80      0.78       169
          F       0.89      0.95      0.92       281
          R       0.69      0.58      0.63       122

avg / total       0.81      0.81      0.81       592

01/04/2018 17:32:26 [INFO] exp_shallowmodel: confusion matrix:
01/04/2018 17:32:26 [INFO] exp_shallowmodel: 
[[ 10   2   8   0]
 [  2 135   9  23]
 [  1   5 266   9]
 [  0  35  16  71]]
01/04/2018 17:32:26 [INFO] exp_shallowmodel: ******************** dstc3 - Round 1 
01/04/2018 17:32:26 [INFO] exp_shallowmodel: #(data) = 4750
01/04/2018 17:32:26 [INFO] exp_shallowmodel: #(feature) = 524
01/04/2018 17:32:26 [INFO] exp_shallowmodel: ================================================================================
01/04/2018 17:32:26 [INFO] exp_shallowmodel: LR.pen=l1.C=1.000000
01/04/2018 17:32:26 [INFO] exp_shallowmodel: ________________________________________________________________________________
01/04/2018 17:32:26 [INFO] exp_shallowmodel: Training: 
01/04/2018 17:32:26 [INFO] exp_shallowmodel: LogisticRegression(C=1, class_weight=None, dual=False, fit_intercept=True,
          intercept_scaling=1, max_iter=100, multi_class='ovr', n_jobs=1,
          penalty='l1', random_state=None, solver='liblinear', tol=0.0001,
          verbose=0, warm_start=False)
01/04/2018 17:32:36 [INFO] exp_shallowmodel: train time: 9.984s
01/04/2018 17:32:36 [INFO] exp_shallowmodel: test time:  0.001s
01/04/2018 17:32:36 [INFO] exp_shallowmodel: accuracy:   0.812
01/04/2018 17:32:36 [INFO] exp_shallowmodel: f1_score:   0.693
01/04/2018 17:32:36 [INFO] exp_shallowmodel: classification report:
01/04/2018 17:32:36 [INFO] exp_shallowmodel:              precision    recall  f1-score   support

          A       0.54      0.35      0.42        20
          C       0.77      0.80      0.78       169
          F       0.89      0.95      0.92       281
          R       0.71      0.60      0.65       122

avg / total       0.80      0.81      0.81       592

01/04/2018 17:32:36 [INFO] exp_shallowmodel: confusion matrix:
01/04/2018 17:32:36 [INFO] exp_shallowmodel: 
[[  7   5   8   0]
 [  2 135  13  19]
 [  1   3 266  11]
 [  3  33  13  73]]
01/04/2018 17:32:37 [INFO] exp_shallowmodel: Feature selection of top 100, ranked by LR weights (selectable:non-selectable=95:5)
01/04/2018 17:32:44 [INFO] exp_shallowmodel: %%%%%%%%%%%%%%%%%%%%%%%%%%%%%%%%%%%%%%%%%%%%%%%%%%
01/04/2018 17:32:44 [INFO] exp_shallowmodel:           dataset=family
01/04/2018 17:32:44 [INFO] exp_shallowmodel:           k_feature_to_keep=9
01/04/2018 17:32:44 [INFO] exp_shallowmodel:           X_new.shape=(3530, 532)
01/04/2018 17:32:44 [INFO] exp_shallowmodel:           #(X_selected)=512
01/04/2018 17:32:44 [INFO] exp_shallowmodel:           #(X_not_selectable)=20
01/04/2018 17:32:44 [INFO] exp_shallowmodel: %%%%%%%%%%%%%%%%%%%%%%%%%%%%%%%%%%%%%%%%%%%%%%%%%%
01/04/2018 17:32:44 [INFO] exp_shallowmodel: ******************** family - Round 0 
01/04/2018 17:32:44 [INFO] exp_shallowmodel: #(data) = 2826
01/04/2018 17:32:44 [INFO] exp_shallowmodel: #(feature) = 532
01/04/2018 17:32:44 [INFO] exp_shallowmodel: ================================================================================
01/04/2018 17:32:44 [INFO] exp_shallowmodel: LR.pen=l1.C=1.000000
01/04/2018 17:32:44 [INFO] exp_shallowmodel: ________________________________________________________________________________
01/04/2018 17:32:44 [INFO] exp_shallowmodel: Training: 
01/04/2018 17:32:44 [INFO] exp_shallowmodel: LogisticRegression(C=1, class_weight=None, dual=False, fit_intercept=True,
          intercept_scaling=1, max_iter=100, multi_class='ovr', n_jobs=1,
          penalty='l1', random_state=None, solver='liblinear', tol=0.0001,
          verbose=0, warm_start=False)
01/04/2018 17:32:52 [INFO] exp_shallowmodel: train time: 7.917s
01/04/2018 17:32:52 [INFO] exp_shallowmodel: test time:  0.000s
01/04/2018 17:32:52 [INFO] exp_shallowmodel: accuracy:   0.889
01/04/2018 17:32:52 [INFO] exp_shallowmodel: f1_score:   0.756
01/04/2018 17:32:52 [INFO] exp_shallowmodel: classification report:
01/04/2018 17:32:52 [INFO] exp_shallowmodel:              precision    recall  f1-score   support

          A       0.61      0.61      0.61        23
          C       0.76      0.70      0.73        27
          F       0.95      0.98      0.96       250
          R       0.78      0.67      0.72        52

avg / total       0.88      0.89      0.89       352

01/04/2018 17:32:52 [INFO] exp_shallowmodel: confusion matrix:
01/04/2018 17:32:52 [INFO] exp_shallowmodel: 
[[ 14   1   6   2]
 [  3  19   0   5]
 [  2   0 245   3]
 [  4   5   8  35]]
01/04/2018 17:32:52 [INFO] exp_shallowmodel: ******************** family - Round 1 
01/04/2018 17:32:52 [INFO] exp_shallowmodel: #(data) = 2826
01/04/2018 17:32:52 [INFO] exp_shallowmodel: #(feature) = 532
01/04/2018 17:32:52 [INFO] exp_shallowmodel: ================================================================================
01/04/2018 17:32:52 [INFO] exp_shallowmodel: LR.pen=l1.C=1.000000
01/04/2018 17:32:52 [INFO] exp_shallowmodel: ________________________________________________________________________________
01/04/2018 17:32:52 [INFO] exp_shallowmodel: Training: 
01/04/2018 17:32:52 [INFO] exp_shallowmodel: LogisticRegression(C=1, class_weight=None, dual=False, fit_intercept=True,
          intercept_scaling=1, max_iter=100, multi_class='ovr', n_jobs=1,
          penalty='l1', random_state=None, solver='liblinear', tol=0.0001,
          verbose=0, warm_start=False)
01/04/2018 17:32:59 [INFO] exp_shallowmodel: train time: 7.020s
01/04/2018 17:32:59 [INFO] exp_shallowmodel: test time:  0.000s
01/04/2018 17:32:59 [INFO] exp_shallowmodel: accuracy:   0.895
01/04/2018 17:32:59 [INFO] exp_shallowmodel: f1_score:   0.755
01/04/2018 17:32:59 [INFO] exp_shallowmodel: classification report:
01/04/2018 17:32:59 [INFO] exp_shallowmodel:              precision    recall  f1-score   support

          A       0.60      0.39      0.47        23
          C       0.88      0.81      0.85        27
          F       0.94      0.98      0.96       250
          R       0.75      0.73      0.74        52

avg / total       0.89      0.89      0.89       352

01/04/2018 17:32:59 [INFO] exp_shallowmodel: confusion matrix:
01/04/2018 17:32:59 [INFO] exp_shallowmodel: 
[[  9   1   6   7]
 [  2  22   0   3]
 [  1   0 246   3]
 [  3   2   9  38]]
01/04/2018 17:33:00 [INFO] exp_shallowmodel: Feature selection of top 100, ranked by LR weights (selectable:non-selectable=94:6)
01/04/2018 17:33:09 [INFO] exp_shallowmodel: %%%%%%%%%%%%%%%%%%%%%%%%%%%%%%%%%%%%%%%%%%%%%%%%%%
01/04/2018 17:33:09 [INFO] exp_shallowmodel:           dataset=ghome
01/04/2018 17:33:09 [INFO] exp_shallowmodel:           k_feature_to_keep=9
01/04/2018 17:33:09 [INFO] exp_shallowmodel:           X_new.shape=(5241, 525)
01/04/2018 17:33:09 [INFO] exp_shallowmodel:           #(X_selected)=512
01/04/2018 17:33:09 [INFO] exp_shallowmodel:           #(X_not_selectable)=13
01/04/2018 17:33:09 [INFO] exp_shallowmodel: %%%%%%%%%%%%%%%%%%%%%%%%%%%%%%%%%%%%%%%%%%%%%%%%%%
01/04/2018 17:33:09 [INFO] exp_shallowmodel: ******************** ghome - Round 0 
01/04/2018 17:33:09 [INFO] exp_shallowmodel: #(data) = 4197
01/04/2018 17:33:09 [INFO] exp_shallowmodel: #(feature) = 525
01/04/2018 17:33:09 [INFO] exp_shallowmodel: ================================================================================
01/04/2018 17:33:09 [INFO] exp_shallowmodel: LR.pen=l1.C=1.000000
01/04/2018 17:33:09 [INFO] exp_shallowmodel: ________________________________________________________________________________
01/04/2018 17:33:09 [INFO] exp_shallowmodel: Training: 
01/04/2018 17:33:09 [INFO] exp_shallowmodel: LogisticRegression(C=1, class_weight=None, dual=False, fit_intercept=True,
          intercept_scaling=1, max_iter=100, multi_class='ovr', n_jobs=1,
          penalty='l1', random_state=None, solver='liblinear', tol=0.0001,
          verbose=0, warm_start=False)
01/04/2018 17:33:18 [INFO] exp_shallowmodel: train time: 9.743s
01/04/2018 17:33:18 [INFO] exp_shallowmodel: test time:  0.001s
01/04/2018 17:33:18 [INFO] exp_shallowmodel: accuracy:   0.883
01/04/2018 17:33:18 [INFO] exp_shallowmodel: f1_score:   0.596
01/04/2018 17:33:18 [INFO] exp_shallowmodel: classification report:
01/04/2018 17:33:18 [INFO] exp_shallowmodel:              precision    recall  f1-score   support

          A       0.65      0.53      0.58        59
          C       0.50      0.08      0.14        12
          F       0.92      0.99      0.96       396
          R       0.77      0.65      0.71        55

avg / total       0.87      0.88      0.87       522

01/04/2018 17:33:18 [INFO] exp_shallowmodel: confusion matrix:
01/04/2018 17:33:18 [INFO] exp_shallowmodel: 
[[ 31   1  18   9]
 [  2   1   8   1]
 [  2   0 393   1]
 [ 13   0   6  36]]
01/04/2018 17:33:19 [INFO] exp_shallowmodel: ******************** ghome - Round 1 
01/04/2018 17:33:19 [INFO] exp_shallowmodel: #(data) = 4197
01/04/2018 17:33:19 [INFO] exp_shallowmodel: #(feature) = 525
01/04/2018 17:33:19 [INFO] exp_shallowmodel: ================================================================================
01/04/2018 17:33:19 [INFO] exp_shallowmodel: LR.pen=l1.C=1.000000
01/04/2018 17:33:19 [INFO] exp_shallowmodel: ________________________________________________________________________________
01/04/2018 17:33:19 [INFO] exp_shallowmodel: Training: 
01/04/2018 17:33:19 [INFO] exp_shallowmodel: LogisticRegression(C=1, class_weight=None, dual=False, fit_intercept=True,
          intercept_scaling=1, max_iter=100, multi_class='ovr', n_jobs=1,
          penalty='l1', random_state=None, solver='liblinear', tol=0.0001,
          verbose=0, warm_start=False)
01/04/2018 17:33:30 [INFO] exp_shallowmodel: train time: 11.641s
01/04/2018 17:33:30 [INFO] exp_shallowmodel: test time:  0.000s
01/04/2018 17:33:30 [INFO] exp_shallowmodel: accuracy:   0.897
01/04/2018 17:33:30 [INFO] exp_shallowmodel: f1_score:   0.631
01/04/2018 17:33:30 [INFO] exp_shallowmodel: classification report:
01/04/2018 17:33:30 [INFO] exp_shallowmodel:              precision    recall  f1-score   support

          A       0.73      0.69      0.71        59
          C       0.33      0.08      0.13        12
          F       0.93      0.99      0.96       396
          R       0.83      0.64      0.72        55

avg / total       0.88      0.90      0.89       522

01/04/2018 17:33:30 [INFO] exp_shallowmodel: confusion matrix:
01/04/2018 17:33:30 [INFO] exp_shallowmodel: 
[[ 41   1  12   5]
 [  4   1   5   2]
 [  5   0 391   0]
 [  6   1  13  35]]
01/04/2018 17:33:31 [INFO] exp_shallowmodel: Feature selection of top 100, ranked by LR weights (selectable:non-selectable=91:9)
