01/29/2018 20:20:41 [INFO] configuration: experiment_mode  :   continuous_feature_selection
01/29/2018 20:20:41 [INFO] configuration: deep_model  :   False
01/29/2018 20:20:41 [INFO] configuration: selected_context_id  :   0
01/29/2018 20:20:41 [INFO] configuration: selected_feature_set_id  :   7
01/29/2018 20:20:41 [INFO] configuration: similarity_feature  :   True
01/29/2018 20:20:41 [INFO] configuration: k_feature_to_keep  :   -1
01/29/2018 20:20:41 [INFO] configuration: k_component_for_pca  :   7
01/29/2018 20:20:41 [INFO] configuration: seed  :   154316847
01/29/2018 20:20:41 [INFO] configuration: root_path  :   /ihome/pbrusilosky/rum20/y_classify
01/29/2018 20:20:41 [INFO] configuration: task_name  :   utterance_type
01/29/2018 20:20:41 [INFO] configuration: timemark  :   20180129-202041
01/29/2018 20:20:41 [INFO] configuration: context_set  :   next
01/29/2018 20:20:41 [INFO] configuration: utterance_names  :   ['last_user_utterance', 'last_system_utterance', 'current_user_utterance', 'next_system_utterance', 'next_user_utterance']
01/29/2018 20:20:41 [INFO] configuration: utterance_range  :   ['current_user_utterance', 'next_system_utterance', 'next_user_utterance']
01/29/2018 20:20:41 [INFO] configuration: feature_set  :   7-d2v
01/29/2018 20:20:41 [INFO] configuration: feature_set_number  :   ['10']
01/29/2018 20:20:41 [INFO] configuration: experiment_name  :   20180129-202041.continuous_feature_selection.pca_component=7.feature_number=-1.context=next.feature=7-d2v.similarity=true
01/29/2018 20:20:41 [INFO] configuration: experiment_path  :   /ihome/pbrusilosky/rum20/y_classify/output/20180129-202041.continuous_feature_selection.pca_component=7.feature_number=-1.context=next.feature=7-d2v.similarity=true
01/29/2018 20:20:41 [INFO] configuration: log_path  :   /ihome/pbrusilosky/rum20/y_classify/output/20180129-202041.continuous_feature_selection.pca_component=7.feature_number=-1.context=next.feature=7-d2v.similarity=true/output.log
01/29/2018 20:20:41 [INFO] configuration: valid_type  :   {'R', 'A', 'C', 'F'}
01/29/2018 20:20:41 [INFO] configuration: data_name  :   
01/29/2018 20:20:41 [INFO] configuration: data_names  :   ['dstc2', 'dstc3', 'family', 'ghome']
01/29/2018 20:20:41 [INFO] configuration: raw_feature_path  :   /ihome/pbrusilosky/rum20/y_classify/dataset/feature/%s.raw_feature.pkl
01/29/2018 20:20:41 [INFO] configuration: extracted_feature_path  :   /ihome/pbrusilosky/rum20/y_classify/dataset/feature/%s.extracted_feature.pkl
01/29/2018 20:20:41 [INFO] configuration: pipeline_path  :   /ihome/pbrusilosky/rum20/y_classify/dataset/feature/%s.pipeline.pkl
01/29/2018 20:20:41 [INFO] configuration: metrics  :   ['accuracy', 'precision', 'recall', 'f1_score', 'training_time', 'test_time']
01/29/2018 20:20:41 [INFO] configuration: do_cross_validation  :   True
01/29/2018 20:20:41 [INFO] configuration: #division  :   5
01/29/2018 20:20:41 [INFO] configuration: #cross_validation  :   10
01/29/2018 20:20:41 [INFO] configuration: cv_index_cache_path  :   
01/29/2018 20:20:41 [INFO] configuration: action_words  :   {'else', 'south', 'remove', 'price', 'remind', 'shuffle', 'start', 'share', 'matter', 'temperatur', 'food', 'snooz', 'delet', 'watch', 'discard', 'centre', 'stop', 'alarm', 'phone', 'music', 'light', 'address', 'number', 'findcar', 'turn', 'video', 'cheap', 'skip', 'help', 'remov', 'findcare', 'tell', 'shuffl', 'reminders', 'telephon', 'clear', 'part', 'north', 'item', 'volume', 'post', 'moder', 'telephone', 'area', 'delete', 'room', 'els', 'any', 'cast', 'expens', 'centr', 'song', 'show', 'items', 'weather', 'snooze', 'next', 'moderate', 'time', 'expensive', 'play', 'ani', 'add', 'list', 'timer', 'member', 'reminder', 'reminds', 'volum', 'temperature'}
01/29/2018 20:20:41 [INFO] configuration: corenlp_jars  :   ('/Users/memray/Project/stanford/stanford-corenlp-full-3.8.0/*', '/Users/memray/Project/stanford/stanford-corenlp-full-3.8.0/stanford-english-kbp-corenlp-2017-06-09-models.jar')
01/29/2018 20:20:41 [INFO] configuration: lda_topic_number  :   50
01/29/2018 20:20:41 [INFO] configuration: lda_path  :   /ihome/pbrusilosky/rum20/y_classify/dataset/feature/gensim/%s.topic=50.lda.pkl
01/29/2018 20:20:41 [INFO] configuration: gensim_corpus_path  :   /ihome/pbrusilosky/rum20/y_classify/dataset/feature/gensim/%s.corpus.pkl
01/29/2018 20:20:41 [INFO] configuration: gensim_dict_path  :   /ihome/pbrusilosky/rum20/y_classify/dataset/feature/gensim/%s.dict
01/29/2018 20:20:41 [INFO] configuration: w2v_path  :   /home/memray/Data/glove/GoogleNews-vectors-negative300.bin
01/29/2018 20:20:41 [INFO] configuration: w2v_vector_length  :   300
01/29/2018 20:20:41 [INFO] configuration: d2v_vector_length  :   300
01/29/2018 20:20:41 [INFO] configuration: d2v_window_size  :   5
01/29/2018 20:20:41 [INFO] configuration: d2v_min_count  :   2
01/29/2018 20:20:41 [INFO] configuration: d2v_model_path  :   /ihome/pbrusilosky/rum20/y_classify/dataset/feature/gensim/%s.doc2vec.dim=300.window=5.min_count=2.model
01/29/2018 20:20:41 [INFO] configuration: d2v_vector_path  :   /ihome/pbrusilosky/rum20/y_classify/dataset/feature/gensim/%s.doc2vec.dim=300.window=5.min_count=2.vector
01/29/2018 20:20:41 [INFO] configuration: num_word_keep  :   {'dstc2': 300, 'dstc3': 300, 'family': 1000, 'ghome': 1000}
01/29/2018 20:20:41 [INFO] configuration: batch_size  :   128
01/29/2018 20:20:41 [INFO] configuration: max_epoch  :   50
01/29/2018 20:20:41 [INFO] configuration: early_stop_tolerance  :   2
01/29/2018 20:20:41 [INFO] configuration: concat_sents  :   False
01/29/2018 20:20:41 [INFO] configuration: cnn_setting  :   {'model': 'multichannel', 'early_stopping': True, 'word_dim': 300, 'filters': [3, 4, 5], 'filter_num': [100, 100, 100], 'class_size': 4, 'batch_size': 128, 'learning_rate': 0.001, 'norm_limit': 10, 'dropout_prob': 0.0, 'sentence_num': 3}
01/29/2018 20:20:41 [INFO] configuration: skipthought_setting  :   {'skipthought_model_path': '/Users/memray/Data/skip-thought', 'skipthought_data_path': '/ihome/pbrusilosky/rum20/y_classify/dataset/feature/gensim/%s.skip-thought.biskip.vector', 'fixed_emb': True, 'sentence_num': 3, 'hidden_size': 2400, 'class_size': 4, 'learning_rate': 0.0001, 'norm_limit': 3, 'dropout_prob': 0.5}
01/29/2018 20:20:41 [INFO] configuration: lstm_setting  :   {'model': 'non-static', 'hidden_size': 32, 'embedding_size': 300, 'num_layers': 1, 'bidirectional': False, 'learning_rate': 0.001, 'class_size': 4, 'norm_limit': 2, 'clip_grad_norm': 2, 'dropout_prob': 0.1}
01/29/2018 20:20:45 [INFO] exp_shallowmodel: %%%%%%%%%%%%%%%%%%%%%%%%%%%%%%%%%%%%%%%%%%%%%%%%%%
01/29/2018 20:20:45 [INFO] exp_shallowmodel:           dataset=dstc2
01/29/2018 20:20:45 [INFO] exp_shallowmodel:           X_new.shape=(5725, 129)
01/29/2018 20:20:45 [INFO] exp_shallowmodel:           #(discrete_feature)=0
01/29/2018 20:20:45 [INFO] exp_shallowmodel:           #(continuous_feature)=128
01/29/2018 20:20:45 [INFO] exp_shallowmodel:           #(similarity_feature)=1
01/29/2018 20:20:45 [INFO] exp_shallowmodel: %%%%%%%%%%%%%%%%%%%%%%%%%%%%%%%%%%%%%%%%%%%%%%%%%%
01/29/2018 20:20:45 [INFO] exp_shallowmodel: ******************** dstc2 - Round 0 
01/29/2018 20:20:45 [INFO] exp_shallowmodel: #(data) = 4583
01/29/2018 20:20:45 [INFO] exp_shallowmodel: #(feature) = 129
01/29/2018 20:20:45 [INFO] exp_shallowmodel: ================================================================================
01/29/2018 20:20:45 [INFO] exp_shallowmodel: LR.pen=l1.C=1.000000
01/29/2018 20:20:45 [INFO] exp_shallowmodel: ________________________________________________________________________________
01/29/2018 20:20:45 [INFO] exp_shallowmodel: Training: 
01/29/2018 20:20:45 [INFO] exp_shallowmodel: LogisticRegression(C=1, class_weight=None, dual=False, fit_intercept=True,
          intercept_scaling=1, max_iter=100, multi_class='ovr', n_jobs=1,
          penalty='l1', random_state=None, solver='liblinear', tol=0.0001,
          verbose=0, warm_start=False)
01/29/2018 20:20:45 [INFO] exp_shallowmodel: train time: 0.591s
01/29/2018 20:20:45 [INFO] exp_shallowmodel: test time:  0.000s
01/29/2018 20:20:45 [INFO] exp_shallowmodel: accuracy:   0.788
01/29/2018 20:20:45 [INFO] exp_shallowmodel: f1_score:   0.606
01/29/2018 20:20:45 [INFO] exp_shallowmodel: classification report:
01/29/2018 20:20:45 [INFO] exp_shallowmodel:              precision    recall  f1-score   support

          A       1.00      0.07      0.13        14
          C       0.78      0.79      0.79       164
          F       0.84      0.91      0.87       268
          R       0.67      0.59      0.63       125

avg / total       0.79      0.79      0.78       571

01/29/2018 20:20:45 [INFO] exp_shallowmodel: confusion matrix:
01/29/2018 20:20:45 [INFO] exp_shallowmodel: 
[[  1   2  10   1]
 [  0 130  13  21]
 [  0   9 245  14]
 [  0  26  25  74]]
01/29/2018 20:20:45 [INFO] exp_shallowmodel: ******************** dstc2 - Round 1 
01/29/2018 20:20:45 [INFO] exp_shallowmodel: #(data) = 4583
01/29/2018 20:20:45 [INFO] exp_shallowmodel: #(feature) = 129
01/29/2018 20:20:45 [INFO] exp_shallowmodel: ================================================================================
01/29/2018 20:20:45 [INFO] exp_shallowmodel: LR.pen=l1.C=1.000000
01/29/2018 20:20:45 [INFO] exp_shallowmodel: ________________________________________________________________________________
01/29/2018 20:20:45 [INFO] exp_shallowmodel: Training: 
01/29/2018 20:20:45 [INFO] exp_shallowmodel: LogisticRegression(C=1, class_weight=None, dual=False, fit_intercept=True,
          intercept_scaling=1, max_iter=100, multi_class='ovr', n_jobs=1,
          penalty='l1', random_state=None, solver='liblinear', tol=0.0001,
          verbose=0, warm_start=False)
01/29/2018 20:20:46 [INFO] exp_shallowmodel: train time: 0.606s
01/29/2018 20:20:46 [INFO] exp_shallowmodel: test time:  0.000s
01/29/2018 20:20:46 [INFO] exp_shallowmodel: accuracy:   0.769
01/29/2018 20:20:46 [INFO] exp_shallowmodel: f1_score:   0.616
01/29/2018 20:20:46 [INFO] exp_shallowmodel: classification report:
01/29/2018 20:20:46 [INFO] exp_shallowmodel:              precision    recall  f1-score   support

          A       1.00      0.14      0.25        14
          C       0.72      0.75      0.74       164
          F       0.86      0.90      0.88       268
          R       0.61      0.58      0.60       125

avg / total       0.77      0.77      0.76       571

01/29/2018 20:20:46 [INFO] exp_shallowmodel: confusion matrix:
01/29/2018 20:20:46 [INFO] exp_shallowmodel: 
[[  2   0   8   4]
 [  0 123  11  30]
 [  0  14 241  13]
 [  0  33  19  73]]
01/29/2018 20:20:46 [INFO] exp_shallowmodel: ******************** dstc2 - Round 2 
01/29/2018 20:20:46 [INFO] exp_shallowmodel: #(data) = 4583
01/29/2018 20:20:46 [INFO] exp_shallowmodel: #(feature) = 129
01/29/2018 20:20:46 [INFO] exp_shallowmodel: ================================================================================
01/29/2018 20:20:46 [INFO] exp_shallowmodel: LR.pen=l1.C=1.000000
01/29/2018 20:20:46 [INFO] exp_shallowmodel: ________________________________________________________________________________
01/29/2018 20:20:46 [INFO] exp_shallowmodel: Training: 
01/29/2018 20:20:46 [INFO] exp_shallowmodel: LogisticRegression(C=1, class_weight=None, dual=False, fit_intercept=True,
          intercept_scaling=1, max_iter=100, multi_class='ovr', n_jobs=1,
          penalty='l1', random_state=None, solver='liblinear', tol=0.0001,
          verbose=0, warm_start=False)
01/29/2018 20:20:46 [INFO] exp_shallowmodel: train time: 0.611s
01/29/2018 20:20:46 [INFO] exp_shallowmodel: test time:  0.000s
01/29/2018 20:20:46 [INFO] exp_shallowmodel: accuracy:   0.790
01/29/2018 20:20:46 [INFO] exp_shallowmodel: f1_score:   0.568
01/29/2018 20:20:46 [INFO] exp_shallowmodel: classification report:
01/29/2018 20:20:46 [INFO] exp_shallowmodel:              precision    recall  f1-score   support

          A       0.00      0.00      0.00        14
          C       0.71      0.80      0.75       164
          F       0.87      0.94      0.90       268
          R       0.72      0.54      0.62       125

avg / total       0.77      0.79      0.77       571

01/29/2018 20:20:46 [INFO] exp_shallowmodel: confusion matrix:
01/29/2018 20:20:46 [INFO] exp_shallowmodel: 
[[  0   4   8   2]
 [  0 132  16  16]
 [  0   8 251   9]
 [  0  43  14  68]]
01/29/2018 20:20:46 [INFO] exp_shallowmodel: ******************** dstc2 - Round 3 
01/29/2018 20:20:46 [INFO] exp_shallowmodel: #(data) = 4583
01/29/2018 20:20:46 [INFO] exp_shallowmodel: #(feature) = 129
01/29/2018 20:20:46 [INFO] exp_shallowmodel: ================================================================================
01/29/2018 20:20:46 [INFO] exp_shallowmodel: LR.pen=l1.C=1.000000
01/29/2018 20:20:46 [INFO] exp_shallowmodel: ________________________________________________________________________________
01/29/2018 20:20:46 [INFO] exp_shallowmodel: Training: 
01/29/2018 20:20:46 [INFO] exp_shallowmodel: LogisticRegression(C=1, class_weight=None, dual=False, fit_intercept=True,
          intercept_scaling=1, max_iter=100, multi_class='ovr', n_jobs=1,
          penalty='l1', random_state=None, solver='liblinear', tol=0.0001,
          verbose=0, warm_start=False)
01/29/2018 20:20:47 [INFO] exp_shallowmodel: train time: 0.696s
01/29/2018 20:20:47 [INFO] exp_shallowmodel: test time:  0.000s
01/29/2018 20:20:47 [INFO] exp_shallowmodel: accuracy:   0.767
01/29/2018 20:20:47 [INFO] exp_shallowmodel: f1_score:   0.604
01/29/2018 20:20:47 [INFO] exp_shallowmodel: classification report:
01/29/2018 20:20:47 [INFO] exp_shallowmodel:              precision    recall  f1-score   support

          A       0.67      0.14      0.24        14
          C       0.68      0.77      0.73       164
          F       0.87      0.92      0.89       268
          R       0.64      0.50      0.57       125

avg / total       0.76      0.77      0.76       571

01/29/2018 20:20:47 [INFO] exp_shallowmodel: confusion matrix:
01/29/2018 20:20:47 [INFO] exp_shallowmodel: 
[[  2   2   7   3]
 [  0 127  12  25]
 [  1  14 246   7]
 [  0  43  19  63]]
01/29/2018 20:20:47 [INFO] exp_shallowmodel: ******************** dstc2 - Round 4 
01/29/2018 20:20:47 [INFO] exp_shallowmodel: #(data) = 4583
01/29/2018 20:20:47 [INFO] exp_shallowmodel: #(feature) = 129
01/29/2018 20:20:47 [INFO] exp_shallowmodel: ================================================================================
01/29/2018 20:20:47 [INFO] exp_shallowmodel: LR.pen=l1.C=1.000000
01/29/2018 20:20:47 [INFO] exp_shallowmodel: ________________________________________________________________________________
01/29/2018 20:20:47 [INFO] exp_shallowmodel: Training: 
01/29/2018 20:20:47 [INFO] exp_shallowmodel: LogisticRegression(C=1, class_weight=None, dual=False, fit_intercept=True,
          intercept_scaling=1, max_iter=100, multi_class='ovr', n_jobs=1,
          penalty='l1', random_state=None, solver='liblinear', tol=0.0001,
          verbose=0, warm_start=False)
01/29/2018 20:20:48 [INFO] exp_shallowmodel: train time: 0.662s
01/29/2018 20:20:48 [INFO] exp_shallowmodel: test time:  0.000s
01/29/2018 20:20:48 [INFO] exp_shallowmodel: accuracy:   0.771
01/29/2018 20:20:48 [INFO] exp_shallowmodel: f1_score:   0.614
01/29/2018 20:20:48 [INFO] exp_shallowmodel: classification report:
01/29/2018 20:20:48 [INFO] exp_shallowmodel:              precision    recall  f1-score   support

          A       0.50      0.14      0.22        14
          C       0.75      0.79      0.77       164
          F       0.83      0.89      0.86       268
          R       0.66      0.56      0.61       125

avg / total       0.76      0.77      0.76       571

01/29/2018 20:20:48 [INFO] exp_shallowmodel: confusion matrix:
01/29/2018 20:20:48 [INFO] exp_shallowmodel: 
[[  2   1   7   4]
 [  0 130  16  18]
 [  1  15 238  14]
 [  1  27  27  70]]
01/29/2018 20:20:48 [INFO] exp_shallowmodel: ******************** dstc2 - Round 5 
01/29/2018 20:20:48 [INFO] exp_shallowmodel: #(data) = 4583
01/29/2018 20:20:48 [INFO] exp_shallowmodel: #(feature) = 129
01/29/2018 20:20:48 [INFO] exp_shallowmodel: ================================================================================
01/29/2018 20:20:48 [INFO] exp_shallowmodel: LR.pen=l1.C=1.000000
01/29/2018 20:20:48 [INFO] exp_shallowmodel: ________________________________________________________________________________
01/29/2018 20:20:48 [INFO] exp_shallowmodel: Training: 
01/29/2018 20:20:48 [INFO] exp_shallowmodel: LogisticRegression(C=1, class_weight=None, dual=False, fit_intercept=True,
          intercept_scaling=1, max_iter=100, multi_class='ovr', n_jobs=1,
          penalty='l1', random_state=None, solver='liblinear', tol=0.0001,
          verbose=0, warm_start=False)
01/29/2018 20:20:49 [INFO] exp_shallowmodel: train time: 0.700s
01/29/2018 20:20:49 [INFO] exp_shallowmodel: test time:  0.000s
01/29/2018 20:20:49 [INFO] exp_shallowmodel: accuracy:   0.774
01/29/2018 20:20:49 [INFO] exp_shallowmodel: f1_score:   0.613
01/29/2018 20:20:49 [INFO] exp_shallowmodel: classification report:
01/29/2018 20:20:49 [INFO] exp_shallowmodel:              precision    recall  f1-score   support

          A       0.67      0.14      0.24        14
          C       0.73      0.73      0.73       164
          F       0.86      0.93      0.89       268
          R       0.62      0.57      0.59       125

avg / total       0.77      0.77      0.76       571

01/29/2018 20:20:49 [INFO] exp_shallowmodel: confusion matrix:
01/29/2018 20:20:49 [INFO] exp_shallowmodel: 
[[  2   1   8   3]
 [  1 120  15  28]
 [  0   7 249  12]
 [  0  36  18  71]]
01/29/2018 20:20:49 [INFO] exp_shallowmodel: ******************** dstc2 - Round 6 
01/29/2018 20:20:49 [INFO] exp_shallowmodel: #(data) = 4583
01/29/2018 20:20:49 [INFO] exp_shallowmodel: #(feature) = 129
01/29/2018 20:20:49 [INFO] exp_shallowmodel: ================================================================================
01/29/2018 20:20:49 [INFO] exp_shallowmodel: LR.pen=l1.C=1.000000
01/29/2018 20:20:49 [INFO] exp_shallowmodel: ________________________________________________________________________________
01/29/2018 20:20:49 [INFO] exp_shallowmodel: Training: 
01/29/2018 20:20:49 [INFO] exp_shallowmodel: LogisticRegression(C=1, class_weight=None, dual=False, fit_intercept=True,
          intercept_scaling=1, max_iter=100, multi_class='ovr', n_jobs=1,
          penalty='l1', random_state=None, solver='liblinear', tol=0.0001,
          verbose=0, warm_start=False)
01/29/2018 20:20:49 [INFO] exp_shallowmodel: train time: 0.705s
01/29/2018 20:20:49 [INFO] exp_shallowmodel: test time:  0.000s
01/29/2018 20:20:49 [INFO] exp_shallowmodel: accuracy:   0.809
01/29/2018 20:20:49 [INFO] exp_shallowmodel: f1_score:   0.648
01/29/2018 20:20:49 [INFO] exp_shallowmodel: classification report:
01/29/2018 20:20:49 [INFO] exp_shallowmodel:              precision    recall  f1-score   support

          A       0.67      0.14      0.24        14
          C       0.76      0.82      0.79       164
          F       0.86      0.93      0.89       268
          R       0.75      0.61      0.67       125

avg / total       0.80      0.81      0.80       571

01/29/2018 20:20:49 [INFO] exp_shallowmodel: confusion matrix:
01/29/2018 20:20:49 [INFO] exp_shallowmodel: 
[[  2   1  10   1]
 [  0 135   9  20]
 [  1  13 249   5]
 [  0  28  21  76]]
01/29/2018 20:20:49 [INFO] exp_shallowmodel: ******************** dstc2 - Round 7 
01/29/2018 20:20:49 [INFO] exp_shallowmodel: #(data) = 4583
01/29/2018 20:20:49 [INFO] exp_shallowmodel: #(feature) = 129
01/29/2018 20:20:49 [INFO] exp_shallowmodel: ================================================================================
01/29/2018 20:20:49 [INFO] exp_shallowmodel: LR.pen=l1.C=1.000000
01/29/2018 20:20:49 [INFO] exp_shallowmodel: ________________________________________________________________________________
01/29/2018 20:20:49 [INFO] exp_shallowmodel: Training: 
01/29/2018 20:20:49 [INFO] exp_shallowmodel: LogisticRegression(C=1, class_weight=None, dual=False, fit_intercept=True,
          intercept_scaling=1, max_iter=100, multi_class='ovr', n_jobs=1,
          penalty='l1', random_state=None, solver='liblinear', tol=0.0001,
          verbose=0, warm_start=False)
01/29/2018 20:20:50 [INFO] exp_shallowmodel: train time: 0.695s
01/29/2018 20:20:50 [INFO] exp_shallowmodel: test time:  0.000s
01/29/2018 20:20:50 [INFO] exp_shallowmodel: accuracy:   0.760
01/29/2018 20:20:50 [INFO] exp_shallowmodel: f1_score:   0.625
01/29/2018 20:20:50 [INFO] exp_shallowmodel: classification report:
01/29/2018 20:20:50 [INFO] exp_shallowmodel:              precision    recall  f1-score   support

          A       0.75      0.21      0.33        14
          C       0.71      0.75      0.73       164
          F       0.86      0.90      0.88       268
          R       0.58      0.53      0.55       125

avg / total       0.75      0.76      0.75       571

01/29/2018 20:20:50 [INFO] exp_shallowmodel: confusion matrix:
01/29/2018 20:20:50 [INFO] exp_shallowmodel: 
[[  3   3   6   2]
 [  0 123   9  32]
 [  1  12 242  13]
 [  0  36  23  66]]
01/29/2018 20:20:50 [INFO] exp_shallowmodel: ******************** dstc2 - Round 8 
01/29/2018 20:20:50 [INFO] exp_shallowmodel: #(data) = 4583
01/29/2018 20:20:50 [INFO] exp_shallowmodel: #(feature) = 129
01/29/2018 20:20:50 [INFO] exp_shallowmodel: ================================================================================
01/29/2018 20:20:50 [INFO] exp_shallowmodel: LR.pen=l1.C=1.000000
01/29/2018 20:20:50 [INFO] exp_shallowmodel: ________________________________________________________________________________
01/29/2018 20:20:50 [INFO] exp_shallowmodel: Training: 
01/29/2018 20:20:50 [INFO] exp_shallowmodel: LogisticRegression(C=1, class_weight=None, dual=False, fit_intercept=True,
          intercept_scaling=1, max_iter=100, multi_class='ovr', n_jobs=1,
          penalty='l1', random_state=None, solver='liblinear', tol=0.0001,
          verbose=0, warm_start=False)
01/29/2018 20:20:51 [INFO] exp_shallowmodel: train time: 0.644s
01/29/2018 20:20:51 [INFO] exp_shallowmodel: test time:  0.000s
01/29/2018 20:20:51 [INFO] exp_shallowmodel: accuracy:   0.769
01/29/2018 20:20:51 [INFO] exp_shallowmodel: f1_score:   0.584
01/29/2018 20:20:51 [INFO] exp_shallowmodel: classification report:
01/29/2018 20:20:51 [INFO] exp_shallowmodel:              precision    recall  f1-score   support

          A       0.50      0.07      0.12        14
          C       0.70      0.71      0.71       164
          F       0.88      0.92      0.90       268
          R       0.62      0.59      0.60       125

avg / total       0.76      0.77      0.76       571

01/29/2018 20:20:51 [INFO] exp_shallowmodel: confusion matrix:
01/29/2018 20:20:51 [INFO] exp_shallowmodel: 
[[  1   3   9   1]
 [  1 117  11  35]
 [  0  11 247  10]
 [  0  36  15  74]]
01/29/2018 20:20:51 [INFO] exp_shallowmodel: ******************** dstc2 - Round 9 
01/29/2018 20:20:51 [INFO] exp_shallowmodel: #(data) = 4568
01/29/2018 20:20:51 [INFO] exp_shallowmodel: #(feature) = 129
01/29/2018 20:20:51 [INFO] exp_shallowmodel: ================================================================================
01/29/2018 20:20:51 [INFO] exp_shallowmodel: LR.pen=l1.C=1.000000
01/29/2018 20:20:51 [INFO] exp_shallowmodel: ________________________________________________________________________________
01/29/2018 20:20:51 [INFO] exp_shallowmodel: Training: 
01/29/2018 20:20:51 [INFO] exp_shallowmodel: LogisticRegression(C=1, class_weight=None, dual=False, fit_intercept=True,
          intercept_scaling=1, max_iter=100, multi_class='ovr', n_jobs=1,
          penalty='l1', random_state=None, solver='liblinear', tol=0.0001,
          verbose=0, warm_start=False)
01/29/2018 20:20:51 [INFO] exp_shallowmodel: train time: 0.627s
01/29/2018 20:20:51 [INFO] exp_shallowmodel: test time:  0.000s
01/29/2018 20:20:51 [INFO] exp_shallowmodel: accuracy:   0.747
01/29/2018 20:20:51 [INFO] exp_shallowmodel: f1_score:   0.622
01/29/2018 20:20:51 [INFO] exp_shallowmodel: classification report:
01/29/2018 20:20:51 [INFO] exp_shallowmodel:              precision    recall  f1-score   support

          A       0.80      0.25      0.38        16
          C       0.68      0.77      0.72       169
          F       0.84      0.90      0.87       271
          R       0.58      0.45      0.51       130

avg / total       0.74      0.75      0.74       586

01/29/2018 20:20:51 [INFO] exp_shallowmodel: confusion matrix:
01/29/2018 20:20:51 [INFO] exp_shallowmodel: 
[[  4   2   6   4]
 [  0 130  12  27]
 [  1  14 245  11]
 [  0  44  27  59]]
01/29/2018 20:20:51 [INFO] exp_shallowmodel: ******************** dstc2 - Round 10 
01/29/2018 20:20:51 [INFO] exp_shallowmodel: #(data) = 4583
01/29/2018 20:20:51 [INFO] exp_shallowmodel: #(feature) = 129
01/29/2018 20:20:51 [INFO] exp_shallowmodel: ================================================================================
01/29/2018 20:20:51 [INFO] exp_shallowmodel: LR.pen=l1.C=1.000000
01/29/2018 20:20:51 [INFO] exp_shallowmodel: ________________________________________________________________________________
01/29/2018 20:20:51 [INFO] exp_shallowmodel: Training: 
01/29/2018 20:20:51 [INFO] exp_shallowmodel: LogisticRegression(C=1, class_weight=None, dual=False, fit_intercept=True,
          intercept_scaling=1, max_iter=100, multi_class='ovr', n_jobs=1,
          penalty='l1', random_state=None, solver='liblinear', tol=0.0001,
          verbose=0, warm_start=False)
01/29/2018 20:20:52 [INFO] exp_shallowmodel: train time: 0.638s
01/29/2018 20:20:52 [INFO] exp_shallowmodel: test time:  0.000s
01/29/2018 20:20:52 [INFO] exp_shallowmodel: accuracy:   0.758
01/29/2018 20:20:52 [INFO] exp_shallowmodel: f1_score:   0.539
01/29/2018 20:20:52 [INFO] exp_shallowmodel: classification report:
01/29/2018 20:20:52 [INFO] exp_shallowmodel:              precision    recall  f1-score   support

          A       0.00      0.00      0.00        14
          C       0.70      0.77      0.73       164
          F       0.86      0.91      0.89       268
          R       0.59      0.49      0.54       125

avg / total       0.73      0.76      0.74       571

01/29/2018 20:20:52 [INFO] exp_shallowmodel: confusion matrix:
01/29/2018 20:20:52 [INFO] exp_shallowmodel: 
[[  0   2   9   3]
 [  0 127   9  28]
 [  1  11 245  11]
 [  1  42  21  61]]
01/29/2018 20:20:52 [INFO] exp_shallowmodel: ******************** dstc2 - Round 11 
01/29/2018 20:20:52 [INFO] exp_shallowmodel: #(data) = 4583
01/29/2018 20:20:52 [INFO] exp_shallowmodel: #(feature) = 129
01/29/2018 20:20:52 [INFO] exp_shallowmodel: ================================================================================
01/29/2018 20:20:52 [INFO] exp_shallowmodel: LR.pen=l1.C=1.000000
01/29/2018 20:20:52 [INFO] exp_shallowmodel: ________________________________________________________________________________
01/29/2018 20:20:52 [INFO] exp_shallowmodel: Training: 
01/29/2018 20:20:52 [INFO] exp_shallowmodel: LogisticRegression(C=1, class_weight=None, dual=False, fit_intercept=True,
          intercept_scaling=1, max_iter=100, multi_class='ovr', n_jobs=1,
          penalty='l1', random_state=None, solver='liblinear', tol=0.0001,
          verbose=0, warm_start=False)
01/29/2018 20:20:52 [INFO] exp_shallowmodel: train time: 0.551s
01/29/2018 20:20:52 [INFO] exp_shallowmodel: test time:  0.000s
01/29/2018 20:20:52 [INFO] exp_shallowmodel: accuracy:   0.765
01/29/2018 20:20:52 [INFO] exp_shallowmodel: f1_score:   0.629
01/29/2018 20:20:52 [INFO] exp_shallowmodel: classification report:
01/29/2018 20:20:52 [INFO] exp_shallowmodel:              precision    recall  f1-score   support

          A       0.75      0.21      0.33        14
          C       0.70      0.70      0.70       164
          F       0.84      0.94      0.89       268
          R       0.66      0.55      0.60       125

avg / total       0.76      0.77      0.76       571

01/29/2018 20:20:52 [INFO] exp_shallowmodel: confusion matrix:
01/29/2018 20:20:52 [INFO] exp_shallowmodel: 
[[  3   1   7   3]
 [  1 114  20  29]
 [  0  13 251   4]
 [  0  35  21  69]]
01/29/2018 20:20:52 [INFO] exp_shallowmodel: ******************** dstc2 - Round 12 
01/29/2018 20:20:52 [INFO] exp_shallowmodel: #(data) = 4583
01/29/2018 20:20:52 [INFO] exp_shallowmodel: #(feature) = 129
01/29/2018 20:20:52 [INFO] exp_shallowmodel: ================================================================================
01/29/2018 20:20:52 [INFO] exp_shallowmodel: LR.pen=l1.C=1.000000
01/29/2018 20:20:52 [INFO] exp_shallowmodel: ________________________________________________________________________________
01/29/2018 20:20:52 [INFO] exp_shallowmodel: Training: 
01/29/2018 20:20:52 [INFO] exp_shallowmodel: LogisticRegression(C=1, class_weight=None, dual=False, fit_intercept=True,
          intercept_scaling=1, max_iter=100, multi_class='ovr', n_jobs=1,
          penalty='l1', random_state=None, solver='liblinear', tol=0.0001,
          verbose=0, warm_start=False)
01/29/2018 20:20:53 [INFO] exp_shallowmodel: train time: 0.615s
01/29/2018 20:20:53 [INFO] exp_shallowmodel: test time:  0.000s
01/29/2018 20:20:53 [INFO] exp_shallowmodel: accuracy:   0.772
01/29/2018 20:20:53 [INFO] exp_shallowmodel: f1_score:   0.612
01/29/2018 20:20:53 [INFO] exp_shallowmodel: classification report:
01/29/2018 20:20:53 [INFO] exp_shallowmodel:              precision    recall  f1-score   support

          A       0.67      0.14      0.24        14
          C       0.71      0.74      0.72       164
          F       0.87      0.92      0.89       268
          R       0.64      0.56      0.60       125

avg / total       0.76      0.77      0.76       571

01/29/2018 20:20:53 [INFO] exp_shallowmodel: confusion matrix:
01/29/2018 20:20:53 [INFO] exp_shallowmodel: 
[[  2   3   7   2]
 [  1 122  14  27]
 [  0  10 247  11]
 [  0  38  17  70]]
01/29/2018 20:20:53 [INFO] exp_shallowmodel: ******************** dstc2 - Round 13 
01/29/2018 20:20:53 [INFO] exp_shallowmodel: #(data) = 4583
01/29/2018 20:20:53 [INFO] exp_shallowmodel: #(feature) = 129
01/29/2018 20:20:53 [INFO] exp_shallowmodel: ================================================================================
01/29/2018 20:20:53 [INFO] exp_shallowmodel: LR.pen=l1.C=1.000000
01/29/2018 20:20:53 [INFO] exp_shallowmodel: ________________________________________________________________________________
01/29/2018 20:20:53 [INFO] exp_shallowmodel: Training: 
01/29/2018 20:20:53 [INFO] exp_shallowmodel: LogisticRegression(C=1, class_weight=None, dual=False, fit_intercept=True,
          intercept_scaling=1, max_iter=100, multi_class='ovr', n_jobs=1,
          penalty='l1', random_state=None, solver='liblinear', tol=0.0001,
          verbose=0, warm_start=False)
01/29/2018 20:20:54 [INFO] exp_shallowmodel: train time: 0.620s
01/29/2018 20:20:54 [INFO] exp_shallowmodel: test time:  0.000s
01/29/2018 20:20:54 [INFO] exp_shallowmodel: accuracy:   0.781
01/29/2018 20:20:54 [INFO] exp_shallowmodel: f1_score:   0.593
01/29/2018 20:20:54 [INFO] exp_shallowmodel: classification report:
01/29/2018 20:20:54 [INFO] exp_shallowmodel:              precision    recall  f1-score   support

          A       0.50      0.07      0.12        14
          C       0.75      0.77      0.76       164
          F       0.86      0.93      0.89       268
          R       0.63      0.57      0.60       125

avg / total       0.77      0.78      0.77       571

01/29/2018 20:20:54 [INFO] exp_shallowmodel: confusion matrix:
01/29/2018 20:20:54 [INFO] exp_shallowmodel: 
[[  1   1   7   5]
 [  0 126  12  26]
 [  1   8 248  11]
 [  0  34  20  71]]
01/29/2018 20:20:54 [INFO] exp_shallowmodel: ******************** dstc2 - Round 14 
01/29/2018 20:20:54 [INFO] exp_shallowmodel: #(data) = 4583
01/29/2018 20:20:54 [INFO] exp_shallowmodel: #(feature) = 129
01/29/2018 20:20:54 [INFO] exp_shallowmodel: ================================================================================
01/29/2018 20:20:54 [INFO] exp_shallowmodel: LR.pen=l1.C=1.000000
01/29/2018 20:20:54 [INFO] exp_shallowmodel: ________________________________________________________________________________
01/29/2018 20:20:54 [INFO] exp_shallowmodel: Training: 
01/29/2018 20:20:54 [INFO] exp_shallowmodel: LogisticRegression(C=1, class_weight=None, dual=False, fit_intercept=True,
          intercept_scaling=1, max_iter=100, multi_class='ovr', n_jobs=1,
          penalty='l1', random_state=None, solver='liblinear', tol=0.0001,
          verbose=0, warm_start=False)
01/29/2018 20:20:54 [INFO] exp_shallowmodel: train time: 0.620s
01/29/2018 20:20:54 [INFO] exp_shallowmodel: test time:  0.000s
01/29/2018 20:20:54 [INFO] exp_shallowmodel: accuracy:   0.788
01/29/2018 20:20:54 [INFO] exp_shallowmodel: f1_score:   0.629
01/29/2018 20:20:54 [INFO] exp_shallowmodel: classification report:
01/29/2018 20:20:54 [INFO] exp_shallowmodel:              precision    recall  f1-score   support

          A       1.00      0.14      0.25        14
          C       0.71      0.80      0.75       164
          F       0.89      0.91      0.90       268
          R       0.66      0.57      0.61       125

avg / total       0.79      0.79      0.78       571

01/29/2018 20:20:54 [INFO] exp_shallowmodel: confusion matrix:
01/29/2018 20:20:54 [INFO] exp_shallowmodel: 
[[  2   2  10   0]
 [  0 132   7  25]
 [  0  12 245  11]
 [  0  41  13  71]]
01/29/2018 20:20:54 [INFO] exp_shallowmodel: ******************** dstc2 - Round 15 
01/29/2018 20:20:54 [INFO] exp_shallowmodel: #(data) = 4583
01/29/2018 20:20:54 [INFO] exp_shallowmodel: #(feature) = 129
01/29/2018 20:20:54 [INFO] exp_shallowmodel: ================================================================================
01/29/2018 20:20:54 [INFO] exp_shallowmodel: LR.pen=l1.C=1.000000
01/29/2018 20:20:54 [INFO] exp_shallowmodel: ________________________________________________________________________________
01/29/2018 20:20:54 [INFO] exp_shallowmodel: Training: 
01/29/2018 20:20:54 [INFO] exp_shallowmodel: LogisticRegression(C=1, class_weight=None, dual=False, fit_intercept=True,
          intercept_scaling=1, max_iter=100, multi_class='ovr', n_jobs=1,
          penalty='l1', random_state=None, solver='liblinear', tol=0.0001,
          verbose=0, warm_start=False)
01/29/2018 20:20:55 [INFO] exp_shallowmodel: train time: 0.632s
01/29/2018 20:20:55 [INFO] exp_shallowmodel: test time:  0.000s
01/29/2018 20:20:55 [INFO] exp_shallowmodel: accuracy:   0.800
01/29/2018 20:20:55 [INFO] exp_shallowmodel: f1_score:   0.689
01/29/2018 20:20:55 [INFO] exp_shallowmodel: classification report:
01/29/2018 20:20:55 [INFO] exp_shallowmodel:              precision    recall  f1-score   support

          A       1.00      0.29      0.44        14
          C       0.77      0.77      0.77       164
          F       0.87      0.93      0.90       268
          R       0.66      0.62      0.64       125

avg / total       0.80      0.80      0.79       571

01/29/2018 20:20:55 [INFO] exp_shallowmodel: confusion matrix:
01/29/2018 20:20:55 [INFO] exp_shallowmodel: 
[[  4   2   5   3]
 [  0 127  11  26]
 [  0   9 249  10]
 [  0  27  21  77]]
01/29/2018 20:20:55 [INFO] exp_shallowmodel: ******************** dstc2 - Round 16 
01/29/2018 20:20:55 [INFO] exp_shallowmodel: #(data) = 4583
01/29/2018 20:20:55 [INFO] exp_shallowmodel: #(feature) = 129
01/29/2018 20:20:55 [INFO] exp_shallowmodel: ================================================================================
01/29/2018 20:20:55 [INFO] exp_shallowmodel: LR.pen=l1.C=1.000000
01/29/2018 20:20:55 [INFO] exp_shallowmodel: ________________________________________________________________________________
01/29/2018 20:20:55 [INFO] exp_shallowmodel: Training: 
01/29/2018 20:20:55 [INFO] exp_shallowmodel: LogisticRegression(C=1, class_weight=None, dual=False, fit_intercept=True,
          intercept_scaling=1, max_iter=100, multi_class='ovr', n_jobs=1,
          penalty='l1', random_state=None, solver='liblinear', tol=0.0001,
          verbose=0, warm_start=False)
01/29/2018 20:20:56 [INFO] exp_shallowmodel: train time: 0.587s
01/29/2018 20:20:56 [INFO] exp_shallowmodel: test time:  0.000s
01/29/2018 20:20:56 [INFO] exp_shallowmodel: accuracy:   0.806
01/29/2018 20:20:56 [INFO] exp_shallowmodel: f1_score:   0.647
01/29/2018 20:20:56 [INFO] exp_shallowmodel: classification report:
01/29/2018 20:20:56 [INFO] exp_shallowmodel:              precision    recall  f1-score   support

          A       1.00      0.14      0.25        14
          C       0.77      0.82      0.79       164
          F       0.88      0.92      0.90       268
          R       0.68      0.62      0.65       125

avg / total       0.81      0.81      0.80       571

01/29/2018 20:20:56 [INFO] exp_shallowmodel: confusion matrix:
01/29/2018 20:20:56 [INFO] exp_shallowmodel: 
[[  2   5   6   1]
 [  0 134   7  23]
 [  0   9 247  12]
 [  0  26  22  77]]
01/29/2018 20:20:56 [INFO] exp_shallowmodel: ******************** dstc2 - Round 17 
01/29/2018 20:20:56 [INFO] exp_shallowmodel: #(data) = 4583
01/29/2018 20:20:56 [INFO] exp_shallowmodel: #(feature) = 129
01/29/2018 20:20:56 [INFO] exp_shallowmodel: ================================================================================
01/29/2018 20:20:56 [INFO] exp_shallowmodel: LR.pen=l1.C=1.000000
01/29/2018 20:20:56 [INFO] exp_shallowmodel: ________________________________________________________________________________
01/29/2018 20:20:56 [INFO] exp_shallowmodel: Training: 
01/29/2018 20:20:56 [INFO] exp_shallowmodel: LogisticRegression(C=1, class_weight=None, dual=False, fit_intercept=True,
          intercept_scaling=1, max_iter=100, multi_class='ovr', n_jobs=1,
          penalty='l1', random_state=None, solver='liblinear', tol=0.0001,
          verbose=0, warm_start=False)
01/29/2018 20:20:56 [INFO] exp_shallowmodel: train time: 0.580s
01/29/2018 20:20:56 [INFO] exp_shallowmodel: test time:  0.000s
01/29/2018 20:20:56 [INFO] exp_shallowmodel: accuracy:   0.767
01/29/2018 20:20:56 [INFO] exp_shallowmodel: f1_score:   0.586
01/29/2018 20:20:56 [INFO] exp_shallowmodel: classification report:
01/29/2018 20:20:56 [INFO] exp_shallowmodel:              precision    recall  f1-score   support

          A       1.00      0.07      0.13        14
          C       0.71      0.76      0.73       164
          F       0.84      0.91      0.87       268
          R       0.65      0.56      0.60       125

avg / total       0.77      0.77      0.76       571

01/29/2018 20:20:56 [INFO] exp_shallowmodel: confusion matrix:
01/29/2018 20:20:56 [INFO] exp_shallowmodel: 
[[  1   1  11   1]
 [  0 124  15  25]
 [  0  14 243  11]
 [  0  35  20  70]]
01/29/2018 20:20:56 [INFO] exp_shallowmodel: ******************** dstc2 - Round 18 
01/29/2018 20:20:56 [INFO] exp_shallowmodel: #(data) = 4583
01/29/2018 20:20:56 [INFO] exp_shallowmodel: #(feature) = 129
01/29/2018 20:20:56 [INFO] exp_shallowmodel: ================================================================================
01/29/2018 20:20:56 [INFO] exp_shallowmodel: LR.pen=l1.C=1.000000
01/29/2018 20:20:56 [INFO] exp_shallowmodel: ________________________________________________________________________________
01/29/2018 20:20:56 [INFO] exp_shallowmodel: Training: 
01/29/2018 20:20:56 [INFO] exp_shallowmodel: LogisticRegression(C=1, class_weight=None, dual=False, fit_intercept=True,
          intercept_scaling=1, max_iter=100, multi_class='ovr', n_jobs=1,
          penalty='l1', random_state=None, solver='liblinear', tol=0.0001,
          verbose=0, warm_start=False)
01/29/2018 20:20:57 [INFO] exp_shallowmodel: train time: 0.534s
01/29/2018 20:20:57 [INFO] exp_shallowmodel: test time:  0.000s
01/29/2018 20:20:57 [INFO] exp_shallowmodel: accuracy:   0.764
01/29/2018 20:20:57 [INFO] exp_shallowmodel: f1_score:   0.631
01/29/2018 20:20:57 [INFO] exp_shallowmodel: classification report:
01/29/2018 20:20:57 [INFO] exp_shallowmodel:              precision    recall  f1-score   support

          A       1.00      0.21      0.35        14
          C       0.72      0.78      0.75       164
          F       0.84      0.91      0.87       268
          R       0.63      0.50      0.55       125

avg / total       0.76      0.76      0.75       571

01/29/2018 20:20:57 [INFO] exp_shallowmodel: confusion matrix:
01/29/2018 20:20:57 [INFO] exp_shallowmodel: 
[[  3   0  10   1]
 [  0 128  16  20]
 [  0   9 243  16]
 [  0  41  22  62]]
01/29/2018 20:20:57 [INFO] exp_shallowmodel: ******************** dstc2 - Round 19 
01/29/2018 20:20:57 [INFO] exp_shallowmodel: #(data) = 4568
01/29/2018 20:20:57 [INFO] exp_shallowmodel: #(feature) = 129
01/29/2018 20:20:57 [INFO] exp_shallowmodel: ================================================================================
01/29/2018 20:20:57 [INFO] exp_shallowmodel: LR.pen=l1.C=1.000000
01/29/2018 20:20:57 [INFO] exp_shallowmodel: ________________________________________________________________________________
01/29/2018 20:20:57 [INFO] exp_shallowmodel: Training: 
01/29/2018 20:20:57 [INFO] exp_shallowmodel: LogisticRegression(C=1, class_weight=None, dual=False, fit_intercept=True,
          intercept_scaling=1, max_iter=100, multi_class='ovr', n_jobs=1,
          penalty='l1', random_state=None, solver='liblinear', tol=0.0001,
          verbose=0, warm_start=False)
01/29/2018 20:20:57 [INFO] exp_shallowmodel: train time: 0.557s
01/29/2018 20:20:57 [INFO] exp_shallowmodel: test time:  0.000s
01/29/2018 20:20:57 [INFO] exp_shallowmodel: accuracy:   0.785
01/29/2018 20:20:57 [INFO] exp_shallowmodel: f1_score:   0.623
01/29/2018 20:20:57 [INFO] exp_shallowmodel: classification report:
01/29/2018 20:20:57 [INFO] exp_shallowmodel:              precision    recall  f1-score   support

          A       0.67      0.12      0.21        16
          C       0.76      0.82      0.79       169
          F       0.85      0.90      0.88       271
          R       0.66      0.58      0.62       130

avg / total       0.78      0.78      0.77       586

01/29/2018 20:20:57 [INFO] exp_shallowmodel: confusion matrix:
01/29/2018 20:20:57 [INFO] exp_shallowmodel: 
[[  2   1  10   3]
 [  0 139   8  22]
 [  1  13 244  13]
 [  0  31  24  75]]
01/29/2018 20:20:57 [INFO] exp_shallowmodel: ******************** dstc2 - Round 20 
01/29/2018 20:20:57 [INFO] exp_shallowmodel: #(data) = 4583
01/29/2018 20:20:57 [INFO] exp_shallowmodel: #(feature) = 129
01/29/2018 20:20:57 [INFO] exp_shallowmodel: ================================================================================
01/29/2018 20:20:57 [INFO] exp_shallowmodel: LR.pen=l1.C=1.000000
01/29/2018 20:20:57 [INFO] exp_shallowmodel: ________________________________________________________________________________
01/29/2018 20:20:57 [INFO] exp_shallowmodel: Training: 
01/29/2018 20:20:57 [INFO] exp_shallowmodel: LogisticRegression(C=1, class_weight=None, dual=False, fit_intercept=True,
          intercept_scaling=1, max_iter=100, multi_class='ovr', n_jobs=1,
          penalty='l1', random_state=None, solver='liblinear', tol=0.0001,
          verbose=0, warm_start=False)
01/29/2018 20:20:58 [INFO] exp_shallowmodel: train time: 0.593s
01/29/2018 20:20:58 [INFO] exp_shallowmodel: test time:  0.000s
01/29/2018 20:20:58 [INFO] exp_shallowmodel: accuracy:   0.795
01/29/2018 20:20:58 [INFO] exp_shallowmodel: f1_score:   0.662
01/29/2018 20:20:58 [INFO] exp_shallowmodel: classification report:
01/29/2018 20:20:58 [INFO] exp_shallowmodel:              precision    recall  f1-score   support

          A       1.00      0.21      0.35        14
          C       0.76      0.80      0.78       164
          F       0.85      0.93      0.89       268
          R       0.70      0.58      0.63       125

avg / total       0.79      0.80      0.79       571

01/29/2018 20:20:58 [INFO] exp_shallowmodel: confusion matrix:
01/29/2018 20:20:58 [INFO] exp_shallowmodel: 
[[  3   2   6   3]
 [  0 131  13  20]
 [  0  12 248   8]
 [  0  28  25  72]]
01/29/2018 20:20:58 [INFO] exp_shallowmodel: ******************** dstc2 - Round 21 
01/29/2018 20:20:58 [INFO] exp_shallowmodel: #(data) = 4583
01/29/2018 20:20:58 [INFO] exp_shallowmodel: #(feature) = 129
01/29/2018 20:20:58 [INFO] exp_shallowmodel: ================================================================================
01/29/2018 20:20:58 [INFO] exp_shallowmodel: LR.pen=l1.C=1.000000
01/29/2018 20:20:58 [INFO] exp_shallowmodel: ________________________________________________________________________________
01/29/2018 20:20:58 [INFO] exp_shallowmodel: Training: 
01/29/2018 20:20:58 [INFO] exp_shallowmodel: LogisticRegression(C=1, class_weight=None, dual=False, fit_intercept=True,
          intercept_scaling=1, max_iter=100, multi_class='ovr', n_jobs=1,
          penalty='l1', random_state=None, solver='liblinear', tol=0.0001,
          verbose=0, warm_start=False)
01/29/2018 20:20:58 [INFO] exp_shallowmodel: train time: 0.522s
01/29/2018 20:20:58 [INFO] exp_shallowmodel: test time:  0.000s
01/29/2018 20:20:58 [INFO] exp_shallowmodel: accuracy:   0.755
01/29/2018 20:20:58 [INFO] exp_shallowmodel: f1_score:   0.597
01/29/2018 20:20:58 [INFO] exp_shallowmodel: classification report:
01/29/2018 20:20:58 [INFO] exp_shallowmodel:              precision    recall  f1-score   support

          A       0.50      0.14      0.22        14
          C       0.67      0.74      0.71       164
          F       0.87      0.89      0.88       268
          R       0.62      0.54      0.58       125

avg / total       0.75      0.75      0.75       571

01/29/2018 20:20:58 [INFO] exp_shallowmodel: confusion matrix:
01/29/2018 20:20:58 [INFO] exp_shallowmodel: 
[[  2   3   7   2]
 [  1 122  15  26]
 [  1  14 239  14]
 [  0  43  14  68]]
01/29/2018 20:20:58 [INFO] exp_shallowmodel: ******************** dstc2 - Round 22 
01/29/2018 20:20:58 [INFO] exp_shallowmodel: #(data) = 4583
01/29/2018 20:20:58 [INFO] exp_shallowmodel: #(feature) = 129
01/29/2018 20:20:58 [INFO] exp_shallowmodel: ================================================================================
01/29/2018 20:20:58 [INFO] exp_shallowmodel: LR.pen=l1.C=1.000000
01/29/2018 20:20:58 [INFO] exp_shallowmodel: ________________________________________________________________________________
01/29/2018 20:20:58 [INFO] exp_shallowmodel: Training: 
01/29/2018 20:20:58 [INFO] exp_shallowmodel: LogisticRegression(C=1, class_weight=None, dual=False, fit_intercept=True,
          intercept_scaling=1, max_iter=100, multi_class='ovr', n_jobs=1,
          penalty='l1', random_state=None, solver='liblinear', tol=0.0001,
          verbose=0, warm_start=False)
01/29/2018 20:20:59 [INFO] exp_shallowmodel: train time: 0.519s
01/29/2018 20:20:59 [INFO] exp_shallowmodel: test time:  0.000s
01/29/2018 20:20:59 [INFO] exp_shallowmodel: accuracy:   0.786
01/29/2018 20:20:59 [INFO] exp_shallowmodel: f1_score:   0.619
01/29/2018 20:20:59 [INFO] exp_shallowmodel: classification report:
01/29/2018 20:20:59 [INFO] exp_shallowmodel:              precision    recall  f1-score   support

          A       1.00      0.14      0.25        14
          C       0.72      0.82      0.77       164
          F       0.87      0.94      0.90       268
          R       0.64      0.49      0.55       125

avg / total       0.78      0.79      0.77       571

01/29/2018 20:20:59 [INFO] exp_shallowmodel: confusion matrix:
01/29/2018 20:20:59 [INFO] exp_shallowmodel: 
[[  2   2   5   5]
 [  0 134   8  22]
 [  0   9 252   7]
 [  0  40  24  61]]
01/29/2018 20:20:59 [INFO] exp_shallowmodel: ******************** dstc2 - Round 23 
01/29/2018 20:20:59 [INFO] exp_shallowmodel: #(data) = 4583
01/29/2018 20:20:59 [INFO] exp_shallowmodel: #(feature) = 129
01/29/2018 20:20:59 [INFO] exp_shallowmodel: ================================================================================
01/29/2018 20:20:59 [INFO] exp_shallowmodel: LR.pen=l1.C=1.000000
01/29/2018 20:20:59 [INFO] exp_shallowmodel: ________________________________________________________________________________
01/29/2018 20:20:59 [INFO] exp_shallowmodel: Training: 
01/29/2018 20:20:59 [INFO] exp_shallowmodel: LogisticRegression(C=1, class_weight=None, dual=False, fit_intercept=True,
          intercept_scaling=1, max_iter=100, multi_class='ovr', n_jobs=1,
          penalty='l1', random_state=None, solver='liblinear', tol=0.0001,
          verbose=0, warm_start=False)
01/29/2018 20:21:00 [INFO] exp_shallowmodel: train time: 0.600s
01/29/2018 20:21:00 [INFO] exp_shallowmodel: test time:  0.000s
01/29/2018 20:21:00 [INFO] exp_shallowmodel: accuracy:   0.771
01/29/2018 20:21:00 [INFO] exp_shallowmodel: f1_score:   0.612
01/29/2018 20:21:00 [INFO] exp_shallowmodel: classification report:
01/29/2018 20:21:00 [INFO] exp_shallowmodel:              precision    recall  f1-score   support

          A       0.67      0.14      0.24        14
          C       0.72      0.74      0.73       164
          F       0.86      0.92      0.89       268
          R       0.63      0.57      0.60       125

avg / total       0.76      0.77      0.76       571

01/29/2018 20:21:00 [INFO] exp_shallowmodel: confusion matrix:
01/29/2018 20:21:00 [INFO] exp_shallowmodel: 
[[  2   1  11   0]
 [  0 121  12  31]
 [  1  11 246  10]
 [  0  36  18  71]]
01/29/2018 20:21:00 [INFO] exp_shallowmodel: ******************** dstc2 - Round 24 
01/29/2018 20:21:00 [INFO] exp_shallowmodel: #(data) = 4583
01/29/2018 20:21:00 [INFO] exp_shallowmodel: #(feature) = 129
01/29/2018 20:21:00 [INFO] exp_shallowmodel: ================================================================================
01/29/2018 20:21:00 [INFO] exp_shallowmodel: LR.pen=l1.C=1.000000
01/29/2018 20:21:00 [INFO] exp_shallowmodel: ________________________________________________________________________________
01/29/2018 20:21:00 [INFO] exp_shallowmodel: Training: 
01/29/2018 20:21:00 [INFO] exp_shallowmodel: LogisticRegression(C=1, class_weight=None, dual=False, fit_intercept=True,
          intercept_scaling=1, max_iter=100, multi_class='ovr', n_jobs=1,
          penalty='l1', random_state=None, solver='liblinear', tol=0.0001,
          verbose=0, warm_start=False)
01/29/2018 20:21:00 [INFO] exp_shallowmodel: train time: 0.515s
01/29/2018 20:21:00 [INFO] exp_shallowmodel: test time:  0.000s
01/29/2018 20:21:00 [INFO] exp_shallowmodel: accuracy:   0.762
01/29/2018 20:21:00 [INFO] exp_shallowmodel: f1_score:   0.630
01/29/2018 20:21:00 [INFO] exp_shallowmodel: classification report:
01/29/2018 20:21:00 [INFO] exp_shallowmodel:              precision    recall  f1-score   support

          A       1.00      0.21      0.35        14
          C       0.70      0.74      0.72       164
          F       0.83      0.92      0.87       268
          R       0.65      0.51      0.57       125

avg / total       0.76      0.76      0.75       571

01/29/2018 20:21:00 [INFO] exp_shallowmodel: confusion matrix:
01/29/2018 20:21:00 [INFO] exp_shallowmodel: 
[[  3   3   6   2]
 [  0 122  15  27]
 [  0  17 246   5]
 [  0  32  29  64]]
01/29/2018 20:21:00 [INFO] exp_shallowmodel: ******************** dstc2 - Round 25 
01/29/2018 20:21:00 [INFO] exp_shallowmodel: #(data) = 4583
01/29/2018 20:21:00 [INFO] exp_shallowmodel: #(feature) = 129
01/29/2018 20:21:00 [INFO] exp_shallowmodel: ================================================================================
01/29/2018 20:21:00 [INFO] exp_shallowmodel: LR.pen=l1.C=1.000000
01/29/2018 20:21:00 [INFO] exp_shallowmodel: ________________________________________________________________________________
01/29/2018 20:21:00 [INFO] exp_shallowmodel: Training: 
01/29/2018 20:21:00 [INFO] exp_shallowmodel: LogisticRegression(C=1, class_weight=None, dual=False, fit_intercept=True,
          intercept_scaling=1, max_iter=100, multi_class='ovr', n_jobs=1,
          penalty='l1', random_state=None, solver='liblinear', tol=0.0001,
          verbose=0, warm_start=False)
01/29/2018 20:21:01 [INFO] exp_shallowmodel: train time: 0.517s
01/29/2018 20:21:01 [INFO] exp_shallowmodel: test time:  0.000s
01/29/2018 20:21:01 [INFO] exp_shallowmodel: accuracy:   0.814
01/29/2018 20:21:01 [INFO] exp_shallowmodel: f1_score:   0.626
01/29/2018 20:21:01 [INFO] exp_shallowmodel: classification report:
01/29/2018 20:21:01 [INFO] exp_shallowmodel:              precision    recall  f1-score   support

          A       0.50      0.07      0.12        14
          C       0.79      0.81      0.80       164
          F       0.88      0.93      0.91       268
          R       0.69      0.66      0.67       125

avg / total       0.80      0.81      0.81       571

01/29/2018 20:21:01 [INFO] exp_shallowmodel: confusion matrix:
01/29/2018 20:21:01 [INFO] exp_shallowmodel: 
[[  1   2   7   4]
 [  0 133  10  21]
 [  1   7 249  11]
 [  0  27  16  82]]
01/29/2018 20:21:01 [INFO] exp_shallowmodel: ******************** dstc2 - Round 26 
01/29/2018 20:21:01 [INFO] exp_shallowmodel: #(data) = 4583
01/29/2018 20:21:01 [INFO] exp_shallowmodel: #(feature) = 129
01/29/2018 20:21:01 [INFO] exp_shallowmodel: ================================================================================
01/29/2018 20:21:01 [INFO] exp_shallowmodel: LR.pen=l1.C=1.000000
01/29/2018 20:21:01 [INFO] exp_shallowmodel: ________________________________________________________________________________
01/29/2018 20:21:01 [INFO] exp_shallowmodel: Training: 
01/29/2018 20:21:01 [INFO] exp_shallowmodel: LogisticRegression(C=1, class_weight=None, dual=False, fit_intercept=True,
          intercept_scaling=1, max_iter=100, multi_class='ovr', n_jobs=1,
          penalty='l1', random_state=None, solver='liblinear', tol=0.0001,
          verbose=0, warm_start=False)
01/29/2018 20:21:01 [INFO] exp_shallowmodel: train time: 0.492s
01/29/2018 20:21:01 [INFO] exp_shallowmodel: test time:  0.000s
01/29/2018 20:21:01 [INFO] exp_shallowmodel: accuracy:   0.765
01/29/2018 20:21:01 [INFO] exp_shallowmodel: f1_score:   0.583
01/29/2018 20:21:01 [INFO] exp_shallowmodel: classification report:
01/29/2018 20:21:01 [INFO] exp_shallowmodel:              precision    recall  f1-score   support

          A       1.00      0.07      0.13        14
          C       0.72      0.73      0.73       164
          F       0.86      0.91      0.89       268
          R       0.60      0.58      0.59       125

avg / total       0.77      0.77      0.76       571

01/29/2018 20:21:01 [INFO] exp_shallowmodel: confusion matrix:
01/29/2018 20:21:01 [INFO] exp_shallowmodel: 
[[  1   2   9   2]
 [  0 120  11  33]
 [  0  11 244  13]
 [  0  34  19  72]]
01/29/2018 20:21:01 [INFO] exp_shallowmodel: ******************** dstc2 - Round 27 
01/29/2018 20:21:01 [INFO] exp_shallowmodel: #(data) = 4583
01/29/2018 20:21:01 [INFO] exp_shallowmodel: #(feature) = 129
01/29/2018 20:21:01 [INFO] exp_shallowmodel: ================================================================================
01/29/2018 20:21:01 [INFO] exp_shallowmodel: LR.pen=l1.C=1.000000
01/29/2018 20:21:01 [INFO] exp_shallowmodel: ________________________________________________________________________________
01/29/2018 20:21:01 [INFO] exp_shallowmodel: Training: 
01/29/2018 20:21:01 [INFO] exp_shallowmodel: LogisticRegression(C=1, class_weight=None, dual=False, fit_intercept=True,
          intercept_scaling=1, max_iter=100, multi_class='ovr', n_jobs=1,
          penalty='l1', random_state=None, solver='liblinear', tol=0.0001,
          verbose=0, warm_start=False)
01/29/2018 20:21:02 [INFO] exp_shallowmodel: train time: 0.567s
01/29/2018 20:21:02 [INFO] exp_shallowmodel: test time:  0.000s
01/29/2018 20:21:02 [INFO] exp_shallowmodel: accuracy:   0.767
01/29/2018 20:21:02 [INFO] exp_shallowmodel: f1_score:   0.634
01/29/2018 20:21:02 [INFO] exp_shallowmodel: classification report:
01/29/2018 20:21:02 [INFO] exp_shallowmodel:              precision    recall  f1-score   support

          A       0.75      0.21      0.33        14
          C       0.72      0.76      0.74       164
          F       0.89      0.89      0.89       268
          R       0.58      0.58      0.58       125

avg / total       0.77      0.77      0.76       571

01/29/2018 20:21:02 [INFO] exp_shallowmodel: confusion matrix:
01/29/2018 20:21:02 [INFO] exp_shallowmodel: 
[[  3   1   8   2]
 [  0 124   8  32]
 [  0  10 239  19]
 [  1  37  15  72]]
01/29/2018 20:21:02 [INFO] exp_shallowmodel: ******************** dstc2 - Round 28 
01/29/2018 20:21:02 [INFO] exp_shallowmodel: #(data) = 4583
01/29/2018 20:21:02 [INFO] exp_shallowmodel: #(feature) = 129
01/29/2018 20:21:02 [INFO] exp_shallowmodel: ================================================================================
01/29/2018 20:21:02 [INFO] exp_shallowmodel: LR.pen=l1.C=1.000000
01/29/2018 20:21:02 [INFO] exp_shallowmodel: ________________________________________________________________________________
01/29/2018 20:21:02 [INFO] exp_shallowmodel: Training: 
01/29/2018 20:21:02 [INFO] exp_shallowmodel: LogisticRegression(C=1, class_weight=None, dual=False, fit_intercept=True,
          intercept_scaling=1, max_iter=100, multi_class='ovr', n_jobs=1,
          penalty='l1', random_state=None, solver='liblinear', tol=0.0001,
          verbose=0, warm_start=False)
01/29/2018 20:21:02 [INFO] exp_shallowmodel: train time: 0.506s
01/29/2018 20:21:02 [INFO] exp_shallowmodel: test time:  0.000s
01/29/2018 20:21:02 [INFO] exp_shallowmodel: accuracy:   0.753
01/29/2018 20:21:02 [INFO] exp_shallowmodel: f1_score:   0.571
01/29/2018 20:21:02 [INFO] exp_shallowmodel: classification report:
01/29/2018 20:21:02 [INFO] exp_shallowmodel:              precision    recall  f1-score   support

          A       0.33      0.07      0.12        14
          C       0.71      0.74      0.73       164
          F       0.84      0.89      0.86       268
          R       0.62      0.54      0.58       125

avg / total       0.74      0.75      0.74       571

01/29/2018 20:21:02 [INFO] exp_shallowmodel: confusion matrix:
01/29/2018 20:21:02 [INFO] exp_shallowmodel: 
[[  1   2  10   1]
 [  0 122  15  27]
 [  2  13 239  14]
 [  0  35  22  68]]
01/29/2018 20:21:02 [INFO] exp_shallowmodel: ******************** dstc2 - Round 29 
01/29/2018 20:21:02 [INFO] exp_shallowmodel: #(data) = 4568
01/29/2018 20:21:02 [INFO] exp_shallowmodel: #(feature) = 129
01/29/2018 20:21:02 [INFO] exp_shallowmodel: ================================================================================
01/29/2018 20:21:02 [INFO] exp_shallowmodel: LR.pen=l1.C=1.000000
01/29/2018 20:21:02 [INFO] exp_shallowmodel: ________________________________________________________________________________
01/29/2018 20:21:02 [INFO] exp_shallowmodel: Training: 
01/29/2018 20:21:02 [INFO] exp_shallowmodel: LogisticRegression(C=1, class_weight=None, dual=False, fit_intercept=True,
          intercept_scaling=1, max_iter=100, multi_class='ovr', n_jobs=1,
          penalty='l1', random_state=None, solver='liblinear', tol=0.0001,
          verbose=0, warm_start=False)
01/29/2018 20:21:03 [INFO] exp_shallowmodel: train time: 0.504s
01/29/2018 20:21:03 [INFO] exp_shallowmodel: test time:  0.000s
01/29/2018 20:21:03 [INFO] exp_shallowmodel: accuracy:   0.758
01/29/2018 20:21:03 [INFO] exp_shallowmodel: f1_score:   0.616
01/29/2018 20:21:03 [INFO] exp_shallowmodel: classification report:
01/29/2018 20:21:03 [INFO] exp_shallowmodel:              precision    recall  f1-score   support

          A       0.60      0.19      0.29        16
          C       0.71      0.76      0.73       169
          F       0.82      0.90      0.86       271
          R       0.67      0.52      0.59       130

avg / total       0.75      0.76      0.75       586

01/29/2018 20:21:03 [INFO] exp_shallowmodel: confusion matrix:
01/29/2018 20:21:03 [INFO] exp_shallowmodel: 
[[  3   4   9   0]
 [  0 128  18  23]
 [  2  13 245  11]
 [  0  36  26  68]]
01/29/2018 20:21:03 [INFO] exp_shallowmodel: ******************** dstc2 - Round 30 
01/29/2018 20:21:03 [INFO] exp_shallowmodel: #(data) = 4583
01/29/2018 20:21:03 [INFO] exp_shallowmodel: #(feature) = 129
01/29/2018 20:21:03 [INFO] exp_shallowmodel: ================================================================================
01/29/2018 20:21:03 [INFO] exp_shallowmodel: LR.pen=l1.C=1.000000
01/29/2018 20:21:03 [INFO] exp_shallowmodel: ________________________________________________________________________________
01/29/2018 20:21:03 [INFO] exp_shallowmodel: Training: 
01/29/2018 20:21:03 [INFO] exp_shallowmodel: LogisticRegression(C=1, class_weight=None, dual=False, fit_intercept=True,
          intercept_scaling=1, max_iter=100, multi_class='ovr', n_jobs=1,
          penalty='l1', random_state=None, solver='liblinear', tol=0.0001,
          verbose=0, warm_start=False)
01/29/2018 20:21:03 [INFO] exp_shallowmodel: train time: 0.519s
01/29/2018 20:21:03 [INFO] exp_shallowmodel: test time:  0.000s
01/29/2018 20:21:03 [INFO] exp_shallowmodel: accuracy:   0.783
01/29/2018 20:21:03 [INFO] exp_shallowmodel: f1_score:   0.599
01/29/2018 20:21:03 [INFO] exp_shallowmodel: classification report:
01/29/2018 20:21:03 [INFO] exp_shallowmodel:              precision    recall  f1-score   support

          A       1.00      0.07      0.13        14
          C       0.72      0.80      0.76       164
          F       0.86      0.91      0.88       268
          R       0.69      0.57      0.62       125

avg / total       0.78      0.78      0.77       571

01/29/2018 20:21:03 [INFO] exp_shallowmodel: confusion matrix:
01/29/2018 20:21:03 [INFO] exp_shallowmodel: 
[[  1   2  10   1]
 [  0 131  14  19]
 [  0  12 244  12]
 [  0  37  17  71]]
01/29/2018 20:21:03 [INFO] exp_shallowmodel: ******************** dstc2 - Round 31 
01/29/2018 20:21:03 [INFO] exp_shallowmodel: #(data) = 4583
01/29/2018 20:21:03 [INFO] exp_shallowmodel: #(feature) = 129
01/29/2018 20:21:03 [INFO] exp_shallowmodel: ================================================================================
01/29/2018 20:21:03 [INFO] exp_shallowmodel: LR.pen=l1.C=1.000000
01/29/2018 20:21:03 [INFO] exp_shallowmodel: ________________________________________________________________________________
01/29/2018 20:21:03 [INFO] exp_shallowmodel: Training: 
01/29/2018 20:21:03 [INFO] exp_shallowmodel: LogisticRegression(C=1, class_weight=None, dual=False, fit_intercept=True,
          intercept_scaling=1, max_iter=100, multi_class='ovr', n_jobs=1,
          penalty='l1', random_state=None, solver='liblinear', tol=0.0001,
          verbose=0, warm_start=False)
01/29/2018 20:21:04 [INFO] exp_shallowmodel: train time: 0.523s
01/29/2018 20:21:04 [INFO] exp_shallowmodel: test time:  0.000s
01/29/2018 20:21:04 [INFO] exp_shallowmodel: accuracy:   0.786
01/29/2018 20:21:04 [INFO] exp_shallowmodel: f1_score:   0.622
01/29/2018 20:21:04 [INFO] exp_shallowmodel: classification report:
01/29/2018 20:21:04 [INFO] exp_shallowmodel:              precision    recall  f1-score   support

          A       0.50      0.14      0.22        14
          C       0.75      0.79      0.77       164
          F       0.87      0.92      0.89       268
          R       0.64      0.58      0.61       125

avg / total       0.78      0.79      0.78       571

01/29/2018 20:21:04 [INFO] exp_shallowmodel: confusion matrix:
01/29/2018 20:21:04 [INFO] exp_shallowmodel: 
[[  2   0   5   7]
 [  2 129  11  22]
 [  0  11 246  11]
 [  0  33  20  72]]
01/29/2018 20:21:04 [INFO] exp_shallowmodel: ******************** dstc2 - Round 32 
01/29/2018 20:21:04 [INFO] exp_shallowmodel: #(data) = 4583
01/29/2018 20:21:04 [INFO] exp_shallowmodel: #(feature) = 129
01/29/2018 20:21:04 [INFO] exp_shallowmodel: ================================================================================
01/29/2018 20:21:04 [INFO] exp_shallowmodel: LR.pen=l1.C=1.000000
01/29/2018 20:21:04 [INFO] exp_shallowmodel: ________________________________________________________________________________
01/29/2018 20:21:04 [INFO] exp_shallowmodel: Training: 
01/29/2018 20:21:04 [INFO] exp_shallowmodel: LogisticRegression(C=1, class_weight=None, dual=False, fit_intercept=True,
          intercept_scaling=1, max_iter=100, multi_class='ovr', n_jobs=1,
          penalty='l1', random_state=None, solver='liblinear', tol=0.0001,
          verbose=0, warm_start=False)
01/29/2018 20:21:04 [INFO] exp_shallowmodel: train time: 0.507s
01/29/2018 20:21:04 [INFO] exp_shallowmodel: test time:  0.000s
01/29/2018 20:21:04 [INFO] exp_shallowmodel: accuracy:   0.751
01/29/2018 20:21:04 [INFO] exp_shallowmodel: f1_score:   0.588
01/29/2018 20:21:04 [INFO] exp_shallowmodel: classification report:
01/29/2018 20:21:04 [INFO] exp_shallowmodel:              precision    recall  f1-score   support

          A       0.50      0.14      0.22        14
          C       0.69      0.77      0.73       164
          F       0.84      0.90      0.87       268
          R       0.61      0.47      0.53       125

avg / total       0.74      0.75      0.74       571

01/29/2018 20:21:04 [INFO] exp_shallowmodel: confusion matrix:
01/29/2018 20:21:04 [INFO] exp_shallowmodel: 
[[  2   2   9   1]
 [  0 126  12  26]
 [  2  13 242  11]
 [  0  41  25  59]]
01/29/2018 20:21:04 [INFO] exp_shallowmodel: ******************** dstc2 - Round 33 
01/29/2018 20:21:04 [INFO] exp_shallowmodel: #(data) = 4583
01/29/2018 20:21:04 [INFO] exp_shallowmodel: #(feature) = 129
01/29/2018 20:21:04 [INFO] exp_shallowmodel: ================================================================================
01/29/2018 20:21:04 [INFO] exp_shallowmodel: LR.pen=l1.C=1.000000
01/29/2018 20:21:04 [INFO] exp_shallowmodel: ________________________________________________________________________________
01/29/2018 20:21:04 [INFO] exp_shallowmodel: Training: 
01/29/2018 20:21:04 [INFO] exp_shallowmodel: LogisticRegression(C=1, class_weight=None, dual=False, fit_intercept=True,
          intercept_scaling=1, max_iter=100, multi_class='ovr', n_jobs=1,
          penalty='l1', random_state=None, solver='liblinear', tol=0.0001,
          verbose=0, warm_start=False)
01/29/2018 20:21:05 [INFO] exp_shallowmodel: train time: 0.492s
01/29/2018 20:21:05 [INFO] exp_shallowmodel: test time:  0.000s
01/29/2018 20:21:05 [INFO] exp_shallowmodel: accuracy:   0.797
01/29/2018 20:21:05 [INFO] exp_shallowmodel: f1_score:   0.606
01/29/2018 20:21:05 [INFO] exp_shallowmodel: classification report:
01/29/2018 20:21:05 [INFO] exp_shallowmodel:              precision    recall  f1-score   support

          A       0.33      0.07      0.12        14
          C       0.77      0.74      0.76       164
          F       0.87      0.95      0.91       268
          R       0.67      0.62      0.64       125

avg / total       0.78      0.80      0.79       571

01/29/2018 20:21:05 [INFO] exp_shallowmodel: confusion matrix:
01/29/2018 20:21:05 [INFO] exp_shallowmodel: 
[[  1   6   5   2]
 [  0 122  11  31]
 [  2   6 254   6]
 [  0  24  23  78]]
01/29/2018 20:21:05 [INFO] exp_shallowmodel: ******************** dstc2 - Round 34 
01/29/2018 20:21:05 [INFO] exp_shallowmodel: #(data) = 4583
01/29/2018 20:21:05 [INFO] exp_shallowmodel: #(feature) = 129
01/29/2018 20:21:05 [INFO] exp_shallowmodel: ================================================================================
01/29/2018 20:21:05 [INFO] exp_shallowmodel: LR.pen=l1.C=1.000000
01/29/2018 20:21:05 [INFO] exp_shallowmodel: ________________________________________________________________________________
01/29/2018 20:21:05 [INFO] exp_shallowmodel: Training: 
01/29/2018 20:21:05 [INFO] exp_shallowmodel: LogisticRegression(C=1, class_weight=None, dual=False, fit_intercept=True,
          intercept_scaling=1, max_iter=100, multi_class='ovr', n_jobs=1,
          penalty='l1', random_state=None, solver='liblinear', tol=0.0001,
          verbose=0, warm_start=False)
01/29/2018 20:21:05 [INFO] exp_shallowmodel: train time: 0.497s
01/29/2018 20:21:05 [INFO] exp_shallowmodel: test time:  0.000s
01/29/2018 20:21:05 [INFO] exp_shallowmodel: accuracy:   0.774
01/29/2018 20:21:05 [INFO] exp_shallowmodel: f1_score:   0.612
01/29/2018 20:21:05 [INFO] exp_shallowmodel: classification report:
01/29/2018 20:21:05 [INFO] exp_shallowmodel:              precision    recall  f1-score   support

          A       1.00      0.14      0.25        14
          C       0.71      0.79      0.75       164
          F       0.85      0.93      0.89       268
          R       0.65      0.50      0.56       125

avg / total       0.77      0.77      0.76       571

01/29/2018 20:21:05 [INFO] exp_shallowmodel: confusion matrix:
01/29/2018 20:21:05 [INFO] exp_shallowmodel: 
[[  2   0  10   2]
 [  0 130  11  23]
 [  0  11 248   9]
 [  0  41  22  62]]
01/29/2018 20:21:05 [INFO] exp_shallowmodel: ******************** dstc2 - Round 35 
01/29/2018 20:21:05 [INFO] exp_shallowmodel: #(data) = 4583
01/29/2018 20:21:05 [INFO] exp_shallowmodel: #(feature) = 129
01/29/2018 20:21:05 [INFO] exp_shallowmodel: ================================================================================
01/29/2018 20:21:05 [INFO] exp_shallowmodel: LR.pen=l1.C=1.000000
01/29/2018 20:21:05 [INFO] exp_shallowmodel: ________________________________________________________________________________
01/29/2018 20:21:05 [INFO] exp_shallowmodel: Training: 
01/29/2018 20:21:05 [INFO] exp_shallowmodel: LogisticRegression(C=1, class_weight=None, dual=False, fit_intercept=True,
          intercept_scaling=1, max_iter=100, multi_class='ovr', n_jobs=1,
          penalty='l1', random_state=None, solver='liblinear', tol=0.0001,
          verbose=0, warm_start=False)
01/29/2018 20:21:06 [INFO] exp_shallowmodel: train time: 0.530s
01/29/2018 20:21:06 [INFO] exp_shallowmodel: test time:  0.000s
01/29/2018 20:21:06 [INFO] exp_shallowmodel: accuracy:   0.772
01/29/2018 20:21:06 [INFO] exp_shallowmodel: f1_score:   0.640
01/29/2018 20:21:06 [INFO] exp_shallowmodel: classification report:
01/29/2018 20:21:06 [INFO] exp_shallowmodel:              precision    recall  f1-score   support

          A       0.75      0.21      0.33        14
          C       0.71      0.74      0.72       164
          F       0.86      0.90      0.88       268
          R       0.66      0.59      0.62       125

avg / total       0.77      0.77      0.77       571

01/29/2018 20:21:06 [INFO] exp_shallowmodel: confusion matrix:
01/29/2018 20:21:06 [INFO] exp_shallowmodel: 
[[  3   2   7   2]
 [  1 122  17  24]
 [  0  14 242  12]
 [  0  35  16  74]]
01/29/2018 20:21:06 [INFO] exp_shallowmodel: ******************** dstc2 - Round 36 
01/29/2018 20:21:06 [INFO] exp_shallowmodel: #(data) = 4583
01/29/2018 20:21:06 [INFO] exp_shallowmodel: #(feature) = 129
01/29/2018 20:21:06 [INFO] exp_shallowmodel: ================================================================================
01/29/2018 20:21:06 [INFO] exp_shallowmodel: LR.pen=l1.C=1.000000
01/29/2018 20:21:06 [INFO] exp_shallowmodel: ________________________________________________________________________________
01/29/2018 20:21:06 [INFO] exp_shallowmodel: Training: 
01/29/2018 20:21:06 [INFO] exp_shallowmodel: LogisticRegression(C=1, class_weight=None, dual=False, fit_intercept=True,
          intercept_scaling=1, max_iter=100, multi_class='ovr', n_jobs=1,
          penalty='l1', random_state=None, solver='liblinear', tol=0.0001,
          verbose=0, warm_start=False)
01/29/2018 20:21:06 [INFO] exp_shallowmodel: train time: 0.531s
01/29/2018 20:21:06 [INFO] exp_shallowmodel: test time:  0.000s
01/29/2018 20:21:06 [INFO] exp_shallowmodel: accuracy:   0.744
01/29/2018 20:21:06 [INFO] exp_shallowmodel: f1_score:   0.565
01/29/2018 20:21:06 [INFO] exp_shallowmodel: classification report:
01/29/2018 20:21:06 [INFO] exp_shallowmodel:              precision    recall  f1-score   support

          A       0.33      0.07      0.12        14
          C       0.68      0.76      0.72       164
          F       0.86      0.87      0.86       268
          R       0.58      0.54      0.56       125

avg / total       0.74      0.74      0.74       571

01/29/2018 20:21:06 [INFO] exp_shallowmodel: confusion matrix:
01/29/2018 20:21:06 [INFO] exp_shallowmodel: 
[[  1   5   8   0]
 [  0 125  10  29]
 [  1  16 232  19]
 [  1  38  19  67]]
01/29/2018 20:21:07 [INFO] exp_shallowmodel: ******************** dstc2 - Round 37 
01/29/2018 20:21:07 [INFO] exp_shallowmodel: #(data) = 4583
01/29/2018 20:21:07 [INFO] exp_shallowmodel: #(feature) = 129
01/29/2018 20:21:07 [INFO] exp_shallowmodel: ================================================================================
01/29/2018 20:21:07 [INFO] exp_shallowmodel: LR.pen=l1.C=1.000000
01/29/2018 20:21:07 [INFO] exp_shallowmodel: ________________________________________________________________________________
01/29/2018 20:21:07 [INFO] exp_shallowmodel: Training: 
01/29/2018 20:21:07 [INFO] exp_shallowmodel: LogisticRegression(C=1, class_weight=None, dual=False, fit_intercept=True,
          intercept_scaling=1, max_iter=100, multi_class='ovr', n_jobs=1,
          penalty='l1', random_state=None, solver='liblinear', tol=0.0001,
          verbose=0, warm_start=False)
01/29/2018 20:21:07 [INFO] exp_shallowmodel: train time: 0.470s
01/29/2018 20:21:07 [INFO] exp_shallowmodel: test time:  0.000s
01/29/2018 20:21:07 [INFO] exp_shallowmodel: accuracy:   0.792
01/29/2018 20:21:07 [INFO] exp_shallowmodel: f1_score:   0.682
01/29/2018 20:21:07 [INFO] exp_shallowmodel: classification report:
01/29/2018 20:21:07 [INFO] exp_shallowmodel:              precision    recall  f1-score   support

          A       1.00      0.29      0.44        14
          C       0.75      0.77      0.76       164
          F       0.87      0.92      0.89       268
          R       0.66      0.60      0.63       125

avg / total       0.79      0.79      0.79       571

01/29/2018 20:21:07 [INFO] exp_shallowmodel: confusion matrix:
01/29/2018 20:21:07 [INFO] exp_shallowmodel: 
[[  4   0   9   1]
 [  0 127  10  27]
 [  0  12 246  10]
 [  0  31  19  75]]
01/29/2018 20:21:07 [INFO] exp_shallowmodel: ******************** dstc2 - Round 38 
01/29/2018 20:21:07 [INFO] exp_shallowmodel: #(data) = 4583
01/29/2018 20:21:07 [INFO] exp_shallowmodel: #(feature) = 129
01/29/2018 20:21:07 [INFO] exp_shallowmodel: ================================================================================
01/29/2018 20:21:07 [INFO] exp_shallowmodel: LR.pen=l1.C=1.000000
01/29/2018 20:21:07 [INFO] exp_shallowmodel: ________________________________________________________________________________
01/29/2018 20:21:07 [INFO] exp_shallowmodel: Training: 
01/29/2018 20:21:07 [INFO] exp_shallowmodel: LogisticRegression(C=1, class_weight=None, dual=False, fit_intercept=True,
          intercept_scaling=1, max_iter=100, multi_class='ovr', n_jobs=1,
          penalty='l1', random_state=None, solver='liblinear', tol=0.0001,
          verbose=0, warm_start=False)
01/29/2018 20:21:07 [INFO] exp_shallowmodel: train time: 0.503s
01/29/2018 20:21:07 [INFO] exp_shallowmodel: test time:  0.000s
01/29/2018 20:21:07 [INFO] exp_shallowmodel: accuracy:   0.769
01/29/2018 20:21:07 [INFO] exp_shallowmodel: f1_score:   0.610
01/29/2018 20:21:07 [INFO] exp_shallowmodel: classification report:
01/29/2018 20:21:07 [INFO] exp_shallowmodel:              precision    recall  f1-score   support

          A       0.50      0.14      0.22        14
          C       0.74      0.74      0.74       164
          F       0.84      0.91      0.88       268
          R       0.63      0.58      0.60       125

avg / total       0.76      0.77      0.76       571

01/29/2018 20:21:07 [INFO] exp_shallowmodel: confusion matrix:
01/29/2018 20:21:07 [INFO] exp_shallowmodel: 
[[  2   1   6   5]
 [  0 121  15  28]
 [  2  12 244  10]
 [  0  29  24  72]]
01/29/2018 20:21:08 [INFO] exp_shallowmodel: ******************** dstc2 - Round 39 
01/29/2018 20:21:08 [INFO] exp_shallowmodel: #(data) = 4568
01/29/2018 20:21:08 [INFO] exp_shallowmodel: #(feature) = 129
01/29/2018 20:21:08 [INFO] exp_shallowmodel: ================================================================================
01/29/2018 20:21:08 [INFO] exp_shallowmodel: LR.pen=l1.C=1.000000
01/29/2018 20:21:08 [INFO] exp_shallowmodel: ________________________________________________________________________________
01/29/2018 20:21:08 [INFO] exp_shallowmodel: Training: 
01/29/2018 20:21:08 [INFO] exp_shallowmodel: LogisticRegression(C=1, class_weight=None, dual=False, fit_intercept=True,
          intercept_scaling=1, max_iter=100, multi_class='ovr', n_jobs=1,
          penalty='l1', random_state=None, solver='liblinear', tol=0.0001,
          verbose=0, warm_start=False)
01/29/2018 20:21:08 [INFO] exp_shallowmodel: train time: 0.543s
01/29/2018 20:21:08 [INFO] exp_shallowmodel: test time:  0.000s
01/29/2018 20:21:08 [INFO] exp_shallowmodel: accuracy:   0.775
01/29/2018 20:21:08 [INFO] exp_shallowmodel: f1_score:   0.562
01/29/2018 20:21:08 [INFO] exp_shallowmodel: classification report:
01/29/2018 20:21:08 [INFO] exp_shallowmodel:              precision    recall  f1-score   support

          A       0.00      0.00      0.00        16
          C       0.72      0.77      0.74       169
          F       0.87      0.91      0.89       271
          R       0.64      0.59      0.62       130

avg / total       0.75      0.77      0.76       586

01/29/2018 20:21:08 [INFO] exp_shallowmodel: confusion matrix:
01/29/2018 20:21:08 [INFO] exp_shallowmodel: 
[[  0   3  11   2]
 [  0 130   8  31]
 [  0  14 247  10]
 [  0  34  19  77]]
01/29/2018 20:21:08 [INFO] exp_shallowmodel: ******************** dstc2 - Round 40 
01/29/2018 20:21:08 [INFO] exp_shallowmodel: #(data) = 4583
01/29/2018 20:21:08 [INFO] exp_shallowmodel: #(feature) = 129
01/29/2018 20:21:08 [INFO] exp_shallowmodel: ================================================================================
01/29/2018 20:21:08 [INFO] exp_shallowmodel: LR.pen=l1.C=1.000000
01/29/2018 20:21:08 [INFO] exp_shallowmodel: ________________________________________________________________________________
01/29/2018 20:21:08 [INFO] exp_shallowmodel: Training: 
01/29/2018 20:21:08 [INFO] exp_shallowmodel: LogisticRegression(C=1, class_weight=None, dual=False, fit_intercept=True,
          intercept_scaling=1, max_iter=100, multi_class='ovr', n_jobs=1,
          penalty='l1', random_state=None, solver='liblinear', tol=0.0001,
          verbose=0, warm_start=False)
01/29/2018 20:21:09 [INFO] exp_shallowmodel: train time: 0.524s
01/29/2018 20:21:09 [INFO] exp_shallowmodel: test time:  0.000s
01/29/2018 20:21:09 [INFO] exp_shallowmodel: accuracy:   0.783
01/29/2018 20:21:09 [INFO] exp_shallowmodel: f1_score:   0.596
01/29/2018 20:21:09 [INFO] exp_shallowmodel: classification report:
01/29/2018 20:21:09 [INFO] exp_shallowmodel:              precision    recall  f1-score   support

          A       0.50      0.07      0.12        14
          C       0.72      0.77      0.75       164
          F       0.88      0.92      0.90       268
          R       0.65      0.59      0.62       125

avg / total       0.77      0.78      0.77       571

01/29/2018 20:21:09 [INFO] exp_shallowmodel: confusion matrix:
01/29/2018 20:21:09 [INFO] exp_shallowmodel: 
[[  1   5   6   2]
 [  0 126  10  28]
 [  1  11 246  10]
 [  0  32  19  74]]
01/29/2018 20:21:09 [INFO] exp_shallowmodel: ******************** dstc2 - Round 41 
01/29/2018 20:21:09 [INFO] exp_shallowmodel: #(data) = 4583
01/29/2018 20:21:09 [INFO] exp_shallowmodel: #(feature) = 129
01/29/2018 20:21:09 [INFO] exp_shallowmodel: ================================================================================
01/29/2018 20:21:09 [INFO] exp_shallowmodel: LR.pen=l1.C=1.000000
01/29/2018 20:21:09 [INFO] exp_shallowmodel: ________________________________________________________________________________
01/29/2018 20:21:09 [INFO] exp_shallowmodel: Training: 
01/29/2018 20:21:09 [INFO] exp_shallowmodel: LogisticRegression(C=1, class_weight=None, dual=False, fit_intercept=True,
          intercept_scaling=1, max_iter=100, multi_class='ovr', n_jobs=1,
          penalty='l1', random_state=None, solver='liblinear', tol=0.0001,
          verbose=0, warm_start=False)
01/29/2018 20:21:09 [INFO] exp_shallowmodel: train time: 0.481s
01/29/2018 20:21:09 [INFO] exp_shallowmodel: test time:  0.000s
01/29/2018 20:21:09 [INFO] exp_shallowmodel: accuracy:   0.778
01/29/2018 20:21:09 [INFO] exp_shallowmodel: f1_score:   0.617
01/29/2018 20:21:09 [INFO] exp_shallowmodel: classification report:
01/29/2018 20:21:09 [INFO] exp_shallowmodel:              precision    recall  f1-score   support

          A       0.50      0.14      0.22        14
          C       0.73      0.78      0.76       164
          F       0.87      0.90      0.89       268
          R       0.63      0.58      0.61       125

avg / total       0.77      0.78      0.77       571

01/29/2018 20:21:09 [INFO] exp_shallowmodel: confusion matrix:
01/29/2018 20:21:09 [INFO] exp_shallowmodel: 
[[  2   1   6   5]
 [  0 128  11  25]
 [  2  12 241  13]
 [  0  34  18  73]]
01/29/2018 20:21:09 [INFO] exp_shallowmodel: ******************** dstc2 - Round 42 
01/29/2018 20:21:09 [INFO] exp_shallowmodel: #(data) = 4583
01/29/2018 20:21:09 [INFO] exp_shallowmodel: #(feature) = 129
01/29/2018 20:21:09 [INFO] exp_shallowmodel: ================================================================================
01/29/2018 20:21:09 [INFO] exp_shallowmodel: LR.pen=l1.C=1.000000
01/29/2018 20:21:09 [INFO] exp_shallowmodel: ________________________________________________________________________________
01/29/2018 20:21:09 [INFO] exp_shallowmodel: Training: 
01/29/2018 20:21:09 [INFO] exp_shallowmodel: LogisticRegression(C=1, class_weight=None, dual=False, fit_intercept=True,
          intercept_scaling=1, max_iter=100, multi_class='ovr', n_jobs=1,
          penalty='l1', random_state=None, solver='liblinear', tol=0.0001,
          verbose=0, warm_start=False)
01/29/2018 20:21:10 [INFO] exp_shallowmodel: train time: 0.499s
01/29/2018 20:21:10 [INFO] exp_shallowmodel: test time:  0.000s
01/29/2018 20:21:10 [INFO] exp_shallowmodel: accuracy:   0.776
01/29/2018 20:21:10 [INFO] exp_shallowmodel: f1_score:   0.613
01/29/2018 20:21:10 [INFO] exp_shallowmodel: classification report:
01/29/2018 20:21:10 [INFO] exp_shallowmodel:              precision    recall  f1-score   support

          A       0.67      0.14      0.24        14
          C       0.71      0.76      0.73       164
          F       0.86      0.93      0.89       268
          R       0.66      0.54      0.59       125

avg / total       0.77      0.78      0.76       571

01/29/2018 20:21:10 [INFO] exp_shallowmodel: confusion matrix:
01/29/2018 20:21:10 [INFO] exp_shallowmodel: 
[[  2   1   7   4]
 [  0 124  14  26]
 [  1  12 250   5]
 [  0  38  20  67]]
01/29/2018 20:21:10 [INFO] exp_shallowmodel: ******************** dstc2 - Round 43 
01/29/2018 20:21:10 [INFO] exp_shallowmodel: #(data) = 4583
01/29/2018 20:21:10 [INFO] exp_shallowmodel: #(feature) = 129
01/29/2018 20:21:10 [INFO] exp_shallowmodel: ================================================================================
01/29/2018 20:21:10 [INFO] exp_shallowmodel: LR.pen=l1.C=1.000000
01/29/2018 20:21:10 [INFO] exp_shallowmodel: ________________________________________________________________________________
01/29/2018 20:21:10 [INFO] exp_shallowmodel: Training: 
01/29/2018 20:21:10 [INFO] exp_shallowmodel: LogisticRegression(C=1, class_weight=None, dual=False, fit_intercept=True,
          intercept_scaling=1, max_iter=100, multi_class='ovr', n_jobs=1,
          penalty='l1', random_state=None, solver='liblinear', tol=0.0001,
          verbose=0, warm_start=False)
01/29/2018 20:21:10 [INFO] exp_shallowmodel: train time: 0.531s
01/29/2018 20:21:10 [INFO] exp_shallowmodel: test time:  0.000s
01/29/2018 20:21:10 [INFO] exp_shallowmodel: accuracy:   0.778
01/29/2018 20:21:10 [INFO] exp_shallowmodel: f1_score:   0.623
01/29/2018 20:21:10 [INFO] exp_shallowmodel: classification report:
01/29/2018 20:21:10 [INFO] exp_shallowmodel:              precision    recall  f1-score   support

          A       1.00      0.14      0.25        14
          C       0.71      0.78      0.74       164
          F       0.88      0.90      0.89       268
          R       0.65      0.58      0.61       125

avg / total       0.78      0.78      0.77       571

01/29/2018 20:21:10 [INFO] exp_shallowmodel: confusion matrix:
01/29/2018 20:21:10 [INFO] exp_shallowmodel: 
[[  2   1   9   2]
 [  0 128  11  25]
 [  0  14 241  13]
 [  0  38  14  73]]
01/29/2018 20:21:10 [INFO] exp_shallowmodel: ******************** dstc2 - Round 44 
01/29/2018 20:21:10 [INFO] exp_shallowmodel: #(data) = 4583
01/29/2018 20:21:10 [INFO] exp_shallowmodel: #(feature) = 129
01/29/2018 20:21:10 [INFO] exp_shallowmodel: ================================================================================
01/29/2018 20:21:10 [INFO] exp_shallowmodel: LR.pen=l1.C=1.000000
01/29/2018 20:21:10 [INFO] exp_shallowmodel: ________________________________________________________________________________
01/29/2018 20:21:10 [INFO] exp_shallowmodel: Training: 
01/29/2018 20:21:10 [INFO] exp_shallowmodel: LogisticRegression(C=1, class_weight=None, dual=False, fit_intercept=True,
          intercept_scaling=1, max_iter=100, multi_class='ovr', n_jobs=1,
          penalty='l1', random_state=None, solver='liblinear', tol=0.0001,
          verbose=0, warm_start=False)
01/29/2018 20:21:11 [INFO] exp_shallowmodel: train time: 0.520s
01/29/2018 20:21:11 [INFO] exp_shallowmodel: test time:  0.000s
01/29/2018 20:21:11 [INFO] exp_shallowmodel: accuracy:   0.776
01/29/2018 20:21:11 [INFO] exp_shallowmodel: f1_score:   0.554
01/29/2018 20:21:11 [INFO] exp_shallowmodel: classification report:
01/29/2018 20:21:11 [INFO] exp_shallowmodel:              precision    recall  f1-score   support

          A       0.00      0.00      0.00        14
          C       0.74      0.79      0.76       164
          F       0.84      0.94      0.88       268
          R       0.66      0.50      0.57       125

avg / total       0.75      0.78      0.76       571

01/29/2018 20:21:11 [INFO] exp_shallowmodel: confusion matrix:
01/29/2018 20:21:11 [INFO] exp_shallowmodel: 
[[  0   4   6   4]
 [  0 130  15  19]
 [  0   8 251   9]
 [  1  34  28  62]]
01/29/2018 20:21:11 [INFO] exp_shallowmodel: ******************** dstc2 - Round 45 
01/29/2018 20:21:11 [INFO] exp_shallowmodel: #(data) = 4583
01/29/2018 20:21:11 [INFO] exp_shallowmodel: #(feature) = 129
01/29/2018 20:21:11 [INFO] exp_shallowmodel: ================================================================================
01/29/2018 20:21:11 [INFO] exp_shallowmodel: LR.pen=l1.C=1.000000
01/29/2018 20:21:11 [INFO] exp_shallowmodel: ________________________________________________________________________________
01/29/2018 20:21:11 [INFO] exp_shallowmodel: Training: 
01/29/2018 20:21:11 [INFO] exp_shallowmodel: LogisticRegression(C=1, class_weight=None, dual=False, fit_intercept=True,
          intercept_scaling=1, max_iter=100, multi_class='ovr', n_jobs=1,
          penalty='l1', random_state=None, solver='liblinear', tol=0.0001,
          verbose=0, warm_start=False)
01/29/2018 20:21:11 [INFO] exp_shallowmodel: train time: 0.505s
01/29/2018 20:21:11 [INFO] exp_shallowmodel: test time:  0.000s
01/29/2018 20:21:11 [INFO] exp_shallowmodel: accuracy:   0.774
01/29/2018 20:21:11 [INFO] exp_shallowmodel: f1_score:   0.587
01/29/2018 20:21:11 [INFO] exp_shallowmodel: classification report:
01/29/2018 20:21:11 [INFO] exp_shallowmodel:              precision    recall  f1-score   support

          A       0.33      0.07      0.12        14
          C       0.75      0.76      0.76       164
          F       0.86      0.91      0.88       268
          R       0.62      0.57      0.59       125

avg / total       0.76      0.77      0.76       571

01/29/2018 20:21:11 [INFO] exp_shallowmodel: confusion matrix:
01/29/2018 20:21:11 [INFO] exp_shallowmodel: 
[[  1   4   7   2]
 [  1 125   8  30]
 [  1  10 245  12]
 [  0  28  26  71]]
01/29/2018 20:21:11 [INFO] exp_shallowmodel: ******************** dstc2 - Round 46 
01/29/2018 20:21:11 [INFO] exp_shallowmodel: #(data) = 4583
01/29/2018 20:21:11 [INFO] exp_shallowmodel: #(feature) = 129
01/29/2018 20:21:11 [INFO] exp_shallowmodel: ================================================================================
01/29/2018 20:21:11 [INFO] exp_shallowmodel: LR.pen=l1.C=1.000000
01/29/2018 20:21:11 [INFO] exp_shallowmodel: ________________________________________________________________________________
01/29/2018 20:21:11 [INFO] exp_shallowmodel: Training: 
01/29/2018 20:21:11 [INFO] exp_shallowmodel: LogisticRegression(C=1, class_weight=None, dual=False, fit_intercept=True,
          intercept_scaling=1, max_iter=100, multi_class='ovr', n_jobs=1,
          penalty='l1', random_state=None, solver='liblinear', tol=0.0001,
          verbose=0, warm_start=False)
01/29/2018 20:21:12 [INFO] exp_shallowmodel: train time: 0.509s
01/29/2018 20:21:12 [INFO] exp_shallowmodel: test time:  0.000s
01/29/2018 20:21:12 [INFO] exp_shallowmodel: accuracy:   0.757
01/29/2018 20:21:12 [INFO] exp_shallowmodel: f1_score:   0.603
01/29/2018 20:21:12 [INFO] exp_shallowmodel: classification report:
01/29/2018 20:21:12 [INFO] exp_shallowmodel:              precision    recall  f1-score   support

          A       1.00      0.14      0.25        14
          C       0.70      0.73      0.72       164
          F       0.83      0.91      0.87       268
          R       0.63      0.53      0.57       125

avg / total       0.75      0.76      0.75       571

01/29/2018 20:21:12 [INFO] exp_shallowmodel: confusion matrix:
01/29/2018 20:21:12 [INFO] exp_shallowmodel: 
[[  2   1  10   1]
 [  0 120  20  24]
 [  0  10 244  14]
 [  0  40  19  66]]
01/29/2018 20:21:12 [INFO] exp_shallowmodel: ******************** dstc2 - Round 47 
01/29/2018 20:21:12 [INFO] exp_shallowmodel: #(data) = 4583
01/29/2018 20:21:12 [INFO] exp_shallowmodel: #(feature) = 129
01/29/2018 20:21:12 [INFO] exp_shallowmodel: ================================================================================
01/29/2018 20:21:12 [INFO] exp_shallowmodel: LR.pen=l1.C=1.000000
01/29/2018 20:21:12 [INFO] exp_shallowmodel: ________________________________________________________________________________
01/29/2018 20:21:12 [INFO] exp_shallowmodel: Training: 
01/29/2018 20:21:12 [INFO] exp_shallowmodel: LogisticRegression(C=1, class_weight=None, dual=False, fit_intercept=True,
          intercept_scaling=1, max_iter=100, multi_class='ovr', n_jobs=1,
          penalty='l1', random_state=None, solver='liblinear', tol=0.0001,
          verbose=0, warm_start=False)
01/29/2018 20:21:12 [INFO] exp_shallowmodel: train time: 0.536s
01/29/2018 20:21:12 [INFO] exp_shallowmodel: test time:  0.000s
01/29/2018 20:21:12 [INFO] exp_shallowmodel: accuracy:   0.800
01/29/2018 20:21:12 [INFO] exp_shallowmodel: f1_score:   0.666
01/29/2018 20:21:12 [INFO] exp_shallowmodel: classification report:
01/29/2018 20:21:12 [INFO] exp_shallowmodel:              precision    recall  f1-score   support

          A       1.00      0.21      0.35        14
          C       0.74      0.79      0.76       164
          F       0.89      0.93      0.91       268
          R       0.68      0.62      0.64       125

avg / total       0.80      0.80      0.79       571

01/29/2018 20:21:12 [INFO] exp_shallowmodel: confusion matrix:
01/29/2018 20:21:12 [INFO] exp_shallowmodel: 
[[  3   2   7   2]
 [  0 129  10  25]
 [  0  10 248  10]
 [  0  34  14  77]]
01/29/2018 20:21:12 [INFO] exp_shallowmodel: ******************** dstc2 - Round 48 
01/29/2018 20:21:12 [INFO] exp_shallowmodel: #(data) = 4583
01/29/2018 20:21:12 [INFO] exp_shallowmodel: #(feature) = 129
01/29/2018 20:21:12 [INFO] exp_shallowmodel: ================================================================================
01/29/2018 20:21:12 [INFO] exp_shallowmodel: LR.pen=l1.C=1.000000
01/29/2018 20:21:12 [INFO] exp_shallowmodel: ________________________________________________________________________________
01/29/2018 20:21:12 [INFO] exp_shallowmodel: Training: 
01/29/2018 20:21:12 [INFO] exp_shallowmodel: LogisticRegression(C=1, class_weight=None, dual=False, fit_intercept=True,
          intercept_scaling=1, max_iter=100, multi_class='ovr', n_jobs=1,
          penalty='l1', random_state=None, solver='liblinear', tol=0.0001,
          verbose=0, warm_start=False)
01/29/2018 20:21:13 [INFO] exp_shallowmodel: train time: 0.504s
01/29/2018 20:21:13 [INFO] exp_shallowmodel: test time:  0.000s
01/29/2018 20:21:13 [INFO] exp_shallowmodel: accuracy:   0.781
01/29/2018 20:21:13 [INFO] exp_shallowmodel: f1_score:   0.647
01/29/2018 20:21:13 [INFO] exp_shallowmodel: classification report:
01/29/2018 20:21:13 [INFO] exp_shallowmodel:              precision    recall  f1-score   support

          A       0.75      0.21      0.33        14
          C       0.75      0.82      0.78       164
          F       0.83      0.90      0.86       268
          R       0.69      0.54      0.61       125

avg / total       0.78      0.78      0.77       571

01/29/2018 20:21:13 [INFO] exp_shallowmodel: confusion matrix:
01/29/2018 20:21:13 [INFO] exp_shallowmodel: 
[[  3   1  10   0]
 [  0 134  14  16]
 [  1  12 241  14]
 [  0  32  25  68]]
01/29/2018 20:21:13 [INFO] exp_shallowmodel: ******************** dstc2 - Round 49 
01/29/2018 20:21:13 [INFO] exp_shallowmodel: #(data) = 4568
01/29/2018 20:21:13 [INFO] exp_shallowmodel: #(feature) = 129
01/29/2018 20:21:13 [INFO] exp_shallowmodel: ================================================================================
01/29/2018 20:21:13 [INFO] exp_shallowmodel: LR.pen=l1.C=1.000000
01/29/2018 20:21:13 [INFO] exp_shallowmodel: ________________________________________________________________________________
01/29/2018 20:21:13 [INFO] exp_shallowmodel: Training: 
01/29/2018 20:21:13 [INFO] exp_shallowmodel: LogisticRegression(C=1, class_weight=None, dual=False, fit_intercept=True,
          intercept_scaling=1, max_iter=100, multi_class='ovr', n_jobs=1,
          penalty='l1', random_state=None, solver='liblinear', tol=0.0001,
          verbose=0, warm_start=False)
01/29/2018 20:21:13 [INFO] exp_shallowmodel: train time: 0.527s
01/29/2018 20:21:13 [INFO] exp_shallowmodel: test time:  0.000s
01/29/2018 20:21:13 [INFO] exp_shallowmodel: accuracy:   0.751
01/29/2018 20:21:13 [INFO] exp_shallowmodel: f1_score:   0.566
01/29/2018 20:21:13 [INFO] exp_shallowmodel: classification report:
01/29/2018 20:21:13 [INFO] exp_shallowmodel:              precision    recall  f1-score   support

          A       1.00      0.06      0.12        16
          C       0.72      0.76      0.74       169
          F       0.82      0.90      0.86       271
          R       0.60      0.50      0.55       130

avg / total       0.75      0.75      0.74       586

01/29/2018 20:21:13 [INFO] exp_shallowmodel: confusion matrix:
01/29/2018 20:21:13 [INFO] exp_shallowmodel: 
[[  1   1  12   2]
 [  0 129  12  28]
 [  0  13 245  13]
 [  0  37  28  65]]
