01/30/2018 13:31:40 [INFO] configuration: experiment_mode  :   continuous_feature_selection
01/30/2018 13:31:40 [INFO] configuration: deep_model  :   False
01/30/2018 13:31:40 [INFO] configuration: selected_context_id  :   0
01/30/2018 13:31:40 [INFO] configuration: selected_feature_set_id  :   8
01/30/2018 13:31:40 [INFO] configuration: similarity_feature  :   True
01/30/2018 13:31:40 [INFO] configuration: k_feature_to_keep  :   -1
01/30/2018 13:31:40 [INFO] configuration: k_component_for_pca  :   9
01/30/2018 13:31:40 [INFO] configuration: seed  :   154316847
01/30/2018 13:31:40 [INFO] configuration: root_path  :   /ihome/pbrusilosky/rum20/y_classify
01/30/2018 13:31:40 [INFO] configuration: task_name  :   utterance_type
01/30/2018 13:31:40 [INFO] configuration: timemark  :   20180130-133140
01/30/2018 13:31:40 [INFO] configuration: context_set  :   next
01/30/2018 13:31:40 [INFO] configuration: utterance_names  :   ['last_user_utterance', 'last_system_utterance', 'current_user_utterance', 'next_system_utterance', 'next_user_utterance']
01/30/2018 13:31:40 [INFO] configuration: utterance_range  :   ['current_user_utterance', 'next_system_utterance', 'next_user_utterance']
01/30/2018 13:31:40 [INFO] configuration: feature_set  :   8-skipthought
01/30/2018 13:31:40 [INFO] configuration: feature_set_number  :   ['11']
01/30/2018 13:31:40 [INFO] configuration: experiment_name  :   20180130-133140.continuous_feature_selection.pca_component=9.feature_number=-1.context=next.feature=8-skipthought.similarity=true
01/30/2018 13:31:40 [INFO] configuration: experiment_path  :   /ihome/pbrusilosky/rum20/y_classify/output/20180130-133140.continuous_feature_selection.pca_component=9.feature_number=-1.context=next.feature=8-skipthought.similarity=true
01/30/2018 13:31:40 [INFO] configuration: log_path  :   /ihome/pbrusilosky/rum20/y_classify/output/20180130-133140.continuous_feature_selection.pca_component=9.feature_number=-1.context=next.feature=8-skipthought.similarity=true/output.log
01/30/2018 13:31:40 [INFO] configuration: valid_type  :   {'C', 'F', 'R', 'A'}
01/30/2018 13:31:40 [INFO] configuration: data_name  :   
01/30/2018 13:31:40 [INFO] configuration: data_names  :   ['dstc2', 'dstc3', 'family', 'ghome']
01/30/2018 13:31:40 [INFO] configuration: raw_feature_path  :   /ihome/pbrusilosky/rum20/y_classify/dataset/feature/%s.raw_feature.pkl
01/30/2018 13:31:40 [INFO] configuration: extracted_feature_path  :   /ihome/pbrusilosky/rum20/y_classify/dataset/feature/%s.extracted_feature.pkl
01/30/2018 13:31:40 [INFO] configuration: pipeline_path  :   /ihome/pbrusilosky/rum20/y_classify/dataset/feature/%s.pipeline.pkl
01/30/2018 13:31:40 [INFO] configuration: metrics  :   ['accuracy', 'precision', 'recall', 'f1_score', 'training_time', 'test_time']
01/30/2018 13:31:40 [INFO] configuration: do_cross_validation  :   True
01/30/2018 13:31:40 [INFO] configuration: #division  :   5
01/30/2018 13:31:40 [INFO] configuration: #cross_validation  :   10
01/30/2018 13:31:40 [INFO] configuration: cv_index_cache_path  :   
01/30/2018 13:31:40 [INFO] configuration: action_words  :   {'share', 'item', 'part', 'temperature', 'delet', 'else', 'telephone', 'items', 'play', 'alarm', 'music', 'expens', 'ani', 'volum', 'els', 'start', 'room', 'list', 'any', 'reminder', 'stop', 'shuffle', 'findcare', 'discard', 'area', 'food', 'shuffl', 'findcar', 'cheap', 'delete', 'video', 'member', 'show', 'clear', 'weather', 'cast', 'address', 'watch', 'remov', 'tell', 'phone', 'reminders', 'south', 'reminds', 'telephon', 'next', 'time', 'song', 'timer', 'price', 'remind', 'expensive', 'volume', 'moderate', 'moder', 'north', 'centr', 'matter', 'snooz', 'skip', 'add', 'snooze', 'temperatur', 'centre', 'help', 'remove', 'light', 'turn', 'number', 'post'}
01/30/2018 13:31:40 [INFO] configuration: corenlp_jars  :   ('/Users/memray/Project/stanford/stanford-corenlp-full-3.8.0/*', '/Users/memray/Project/stanford/stanford-corenlp-full-3.8.0/stanford-english-kbp-corenlp-2017-06-09-models.jar')
01/30/2018 13:31:40 [INFO] configuration: lda_topic_number  :   50
01/30/2018 13:31:40 [INFO] configuration: lda_path  :   /ihome/pbrusilosky/rum20/y_classify/dataset/feature/gensim/%s.topic=50.lda.pkl
01/30/2018 13:31:40 [INFO] configuration: gensim_corpus_path  :   /ihome/pbrusilosky/rum20/y_classify/dataset/feature/gensim/%s.corpus.pkl
01/30/2018 13:31:40 [INFO] configuration: gensim_dict_path  :   /ihome/pbrusilosky/rum20/y_classify/dataset/feature/gensim/%s.dict
01/30/2018 13:31:40 [INFO] configuration: w2v_path  :   /home/memray/Data/glove/GoogleNews-vectors-negative300.bin
01/30/2018 13:31:40 [INFO] configuration: w2v_vector_length  :   300
01/30/2018 13:31:40 [INFO] configuration: d2v_vector_length  :   300
01/30/2018 13:31:40 [INFO] configuration: d2v_window_size  :   5
01/30/2018 13:31:40 [INFO] configuration: d2v_min_count  :   2
01/30/2018 13:31:40 [INFO] configuration: d2v_model_path  :   /ihome/pbrusilosky/rum20/y_classify/dataset/feature/gensim/%s.doc2vec.dim=300.window=5.min_count=2.model
01/30/2018 13:31:40 [INFO] configuration: d2v_vector_path  :   /ihome/pbrusilosky/rum20/y_classify/dataset/feature/gensim/%s.doc2vec.dim=300.window=5.min_count=2.vector
01/30/2018 13:31:40 [INFO] configuration: num_word_keep  :   {'dstc2': 300, 'dstc3': 300, 'family': 1000, 'ghome': 1000}
01/30/2018 13:31:40 [INFO] configuration: batch_size  :   128
01/30/2018 13:31:40 [INFO] configuration: max_epoch  :   50
01/30/2018 13:31:40 [INFO] configuration: early_stop_tolerance  :   2
01/30/2018 13:31:40 [INFO] configuration: concat_sents  :   False
01/30/2018 13:31:40 [INFO] configuration: cnn_setting  :   {'model': 'multichannel', 'early_stopping': True, 'word_dim': 300, 'filters': [3, 4, 5], 'filter_num': [100, 100, 100], 'class_size': 4, 'batch_size': 128, 'learning_rate': 0.001, 'norm_limit': 10, 'dropout_prob': 0.0, 'sentence_num': 3}
01/30/2018 13:31:40 [INFO] configuration: skipthought_setting  :   {'skipthought_model_path': '/Users/memray/Data/skip-thought', 'skipthought_data_path': '/ihome/pbrusilosky/rum20/y_classify/dataset/feature/gensim/%s.skip-thought.biskip.vector', 'fixed_emb': True, 'sentence_num': 3, 'hidden_size': 2400, 'class_size': 4, 'learning_rate': 0.0001, 'norm_limit': 3, 'dropout_prob': 0.5}
01/30/2018 13:31:40 [INFO] configuration: lstm_setting  :   {'model': 'non-static', 'hidden_size': 32, 'embedding_size': 300, 'num_layers': 1, 'bidirectional': False, 'learning_rate': 0.001, 'class_size': 4, 'norm_limit': 2, 'clip_grad_norm': 2, 'dropout_prob': 0.1}
01/30/2018 13:34:37 [INFO] exp_shallowmodel: %%%%%%%%%%%%%%%%%%%%%%%%%%%%%%%%%%%%%%%%%%%%%%%%%%
01/30/2018 13:34:37 [INFO] exp_shallowmodel:           dataset=dstc2
01/30/2018 13:34:37 [INFO] exp_shallowmodel:           X_new.shape=(5725, 513)
01/30/2018 13:34:37 [INFO] exp_shallowmodel:           #(discrete_feature)=0
01/30/2018 13:34:37 [INFO] exp_shallowmodel:           #(continuous_feature)=512
01/30/2018 13:34:37 [INFO] exp_shallowmodel:           #(similarity_feature)=1
01/30/2018 13:34:37 [INFO] exp_shallowmodel: %%%%%%%%%%%%%%%%%%%%%%%%%%%%%%%%%%%%%%%%%%%%%%%%%%
01/30/2018 13:34:37 [INFO] exp_shallowmodel: ******************** dstc2 - Round 0 
01/30/2018 13:34:37 [INFO] exp_shallowmodel: #(data) = 4583
01/30/2018 13:34:37 [INFO] exp_shallowmodel: #(feature) = 513
01/30/2018 13:34:37 [INFO] exp_shallowmodel: ================================================================================
01/30/2018 13:34:37 [INFO] exp_shallowmodel: LR.pen=l1.C=1.000000
01/30/2018 13:34:37 [INFO] exp_shallowmodel: ________________________________________________________________________________
01/30/2018 13:34:37 [INFO] exp_shallowmodel: Training: 
01/30/2018 13:34:37 [INFO] exp_shallowmodel: LogisticRegression(C=1, class_weight=None, dual=False, fit_intercept=True,
          intercept_scaling=1, max_iter=100, multi_class='ovr', n_jobs=1,
          penalty='l1', random_state=None, solver='liblinear', tol=0.0001,
          verbose=0, warm_start=False)
01/30/2018 13:34:43 [INFO] exp_shallowmodel: train time: 5.853s
01/30/2018 13:34:43 [INFO] exp_shallowmodel: test time:  0.001s
01/30/2018 13:34:43 [INFO] exp_shallowmodel: accuracy:   0.813
01/30/2018 13:34:43 [INFO] exp_shallowmodel: f1_score:   0.693
01/30/2018 13:34:43 [INFO] exp_shallowmodel: classification report:
01/30/2018 13:34:43 [INFO] exp_shallowmodel:              precision    recall  f1-score   support

          A       0.50      0.36      0.42        14
          C       0.74      0.79      0.77       164
          F       0.92      0.93      0.92       268
          R       0.70      0.63      0.66       125

avg / total       0.81      0.81      0.81       571

01/30/2018 13:34:43 [INFO] exp_shallowmodel: confusion matrix:
01/30/2018 13:34:43 [INFO] exp_shallowmodel: 
[[  5   2   5   2]
 [  3 130   9  22]
 [  0   8 250  10]
 [  2  35   9  79]]
01/30/2018 13:34:43 [INFO] exp_shallowmodel: Feature selection of top 100, selectable:non-selectable=0:100
01/30/2018 13:37:46 [INFO] exp_shallowmodel: %%%%%%%%%%%%%%%%%%%%%%%%%%%%%%%%%%%%%%%%%%%%%%%%%%
01/30/2018 13:37:46 [INFO] exp_shallowmodel:           dataset=dstc3
01/30/2018 13:37:46 [INFO] exp_shallowmodel:           X_new.shape=(5934, 513)
01/30/2018 13:37:46 [INFO] exp_shallowmodel:           #(discrete_feature)=0
01/30/2018 13:37:46 [INFO] exp_shallowmodel:           #(continuous_feature)=512
01/30/2018 13:37:46 [INFO] exp_shallowmodel:           #(similarity_feature)=1
01/30/2018 13:37:46 [INFO] exp_shallowmodel: %%%%%%%%%%%%%%%%%%%%%%%%%%%%%%%%%%%%%%%%%%%%%%%%%%
01/30/2018 13:37:46 [INFO] exp_shallowmodel: ******************** dstc3 - Round 0 
01/30/2018 13:37:46 [INFO] exp_shallowmodel: #(data) = 4750
01/30/2018 13:37:46 [INFO] exp_shallowmodel: #(feature) = 513
01/30/2018 13:37:46 [INFO] exp_shallowmodel: ================================================================================
01/30/2018 13:37:46 [INFO] exp_shallowmodel: LR.pen=l1.C=1.000000
01/30/2018 13:37:46 [INFO] exp_shallowmodel: ________________________________________________________________________________
01/30/2018 13:37:46 [INFO] exp_shallowmodel: Training: 
01/30/2018 13:37:46 [INFO] exp_shallowmodel: LogisticRegression(C=1, class_weight=None, dual=False, fit_intercept=True,
          intercept_scaling=1, max_iter=100, multi_class='ovr', n_jobs=1,
          penalty='l1', random_state=None, solver='liblinear', tol=0.0001,
          verbose=0, warm_start=False)
01/30/2018 13:37:51 [INFO] exp_shallowmodel: train time: 4.737s
01/30/2018 13:37:51 [INFO] exp_shallowmodel: test time:  0.000s
01/30/2018 13:37:51 [INFO] exp_shallowmodel: accuracy:   0.769
01/30/2018 13:37:51 [INFO] exp_shallowmodel: f1_score:   0.666
01/30/2018 13:37:51 [INFO] exp_shallowmodel: classification report:
01/30/2018 13:37:51 [INFO] exp_shallowmodel:              precision    recall  f1-score   support

          A       0.60      0.45      0.51        20
          C       0.72      0.78      0.74       169
          F       0.87      0.93      0.90       281
          R       0.59      0.45      0.51       122

avg / total       0.76      0.77      0.76       592

01/30/2018 13:37:51 [INFO] exp_shallowmodel: confusion matrix:
01/30/2018 13:37:51 [INFO] exp_shallowmodel: 
[[  9   0   8   3]
 [  0 131  13  25]
 [  3   7 260  11]
 [  3  45  19  55]]
01/30/2018 13:37:51 [INFO] exp_shallowmodel: Feature selection of top 100, selectable:non-selectable=0:100
01/30/2018 13:38:37 [INFO] exp_shallowmodel: %%%%%%%%%%%%%%%%%%%%%%%%%%%%%%%%%%%%%%%%%%%%%%%%%%
01/30/2018 13:38:37 [INFO] exp_shallowmodel:           dataset=family
01/30/2018 13:38:37 [INFO] exp_shallowmodel:           X_new.shape=(3530, 513)
01/30/2018 13:38:37 [INFO] exp_shallowmodel:           #(discrete_feature)=0
01/30/2018 13:38:37 [INFO] exp_shallowmodel:           #(continuous_feature)=512
01/30/2018 13:38:37 [INFO] exp_shallowmodel:           #(similarity_feature)=1
01/30/2018 13:38:37 [INFO] exp_shallowmodel: %%%%%%%%%%%%%%%%%%%%%%%%%%%%%%%%%%%%%%%%%%%%%%%%%%
01/30/2018 13:38:37 [INFO] exp_shallowmodel: ******************** family - Round 0 
01/30/2018 13:38:37 [INFO] exp_shallowmodel: #(data) = 2826
01/30/2018 13:38:37 [INFO] exp_shallowmodel: #(feature) = 513
01/30/2018 13:38:37 [INFO] exp_shallowmodel: ================================================================================
01/30/2018 13:38:37 [INFO] exp_shallowmodel: LR.pen=l1.C=1.000000
01/30/2018 13:38:37 [INFO] exp_shallowmodel: ________________________________________________________________________________
01/30/2018 13:38:37 [INFO] exp_shallowmodel: Training: 
01/30/2018 13:38:37 [INFO] exp_shallowmodel: LogisticRegression(C=1, class_weight=None, dual=False, fit_intercept=True,
          intercept_scaling=1, max_iter=100, multi_class='ovr', n_jobs=1,
          penalty='l1', random_state=None, solver='liblinear', tol=0.0001,
          verbose=0, warm_start=False)
01/30/2018 13:38:41 [INFO] exp_shallowmodel: train time: 4.145s
01/30/2018 13:38:41 [INFO] exp_shallowmodel: test time:  0.000s
01/30/2018 13:38:41 [INFO] exp_shallowmodel: accuracy:   0.778
01/30/2018 13:38:41 [INFO] exp_shallowmodel: f1_score:   0.555
01/30/2018 13:38:41 [INFO] exp_shallowmodel: classification report:
01/30/2018 13:38:41 [INFO] exp_shallowmodel:              precision    recall  f1-score   support

          A       0.29      0.26      0.27        23
          C       0.50      0.56      0.53        27
          F       0.90      0.91      0.90       250
          R       0.54      0.50      0.52        52

avg / total       0.77      0.78      0.78       352

01/30/2018 13:38:41 [INFO] exp_shallowmodel: confusion matrix:
01/30/2018 13:38:41 [INFO] exp_shallowmodel: 
[[  6   3  10   4]
 [  4  15   3   5]
 [  8   2 227  13]
 [  3  10  13  26]]
01/30/2018 13:38:41 [INFO] exp_shallowmodel: Feature selection of top 100, selectable:non-selectable=0:100
