01/29/2018 20:20:41 [INFO] configuration: experiment_mode  :   continuous_feature_selection
01/29/2018 20:20:41 [INFO] configuration: deep_model  :   False
01/29/2018 20:20:41 [INFO] configuration: selected_context_id  :   0
01/29/2018 20:20:41 [INFO] configuration: selected_feature_set_id  :   8
01/29/2018 20:20:41 [INFO] configuration: similarity_feature  :   True
01/29/2018 20:20:41 [INFO] configuration: k_feature_to_keep  :   -1
01/29/2018 20:20:41 [INFO] configuration: k_component_for_pca  :   4
01/29/2018 20:20:41 [INFO] configuration: seed  :   154316847
01/29/2018 20:20:41 [INFO] configuration: root_path  :   /ihome/pbrusilosky/rum20/y_classify
01/29/2018 20:20:41 [INFO] configuration: task_name  :   utterance_type
01/29/2018 20:20:41 [INFO] configuration: timemark  :   20180129-202041
01/29/2018 20:20:41 [INFO] configuration: context_set  :   next
01/29/2018 20:20:41 [INFO] configuration: utterance_names  :   ['last_user_utterance', 'last_system_utterance', 'current_user_utterance', 'next_system_utterance', 'next_user_utterance']
01/29/2018 20:20:41 [INFO] configuration: utterance_range  :   ['current_user_utterance', 'next_system_utterance', 'next_user_utterance']
01/29/2018 20:20:41 [INFO] configuration: feature_set  :   8-skipthought
01/29/2018 20:20:41 [INFO] configuration: feature_set_number  :   ['11']
01/29/2018 20:20:41 [INFO] configuration: experiment_name  :   20180129-202041.continuous_feature_selection.pca_component=4.feature_number=-1.context=next.feature=8-skipthought.similarity=true
01/29/2018 20:20:41 [INFO] configuration: experiment_path  :   /ihome/pbrusilosky/rum20/y_classify/output/20180129-202041.continuous_feature_selection.pca_component=4.feature_number=-1.context=next.feature=8-skipthought.similarity=true
01/29/2018 20:20:41 [INFO] configuration: log_path  :   /ihome/pbrusilosky/rum20/y_classify/output/20180129-202041.continuous_feature_selection.pca_component=4.feature_number=-1.context=next.feature=8-skipthought.similarity=true/output.log
01/29/2018 20:20:41 [INFO] configuration: valid_type  :   {'F', 'A', 'C', 'R'}
01/29/2018 20:20:41 [INFO] configuration: data_name  :   
01/29/2018 20:20:41 [INFO] configuration: data_names  :   ['dstc2', 'dstc3', 'family', 'ghome']
01/29/2018 20:20:41 [INFO] configuration: raw_feature_path  :   /ihome/pbrusilosky/rum20/y_classify/dataset/feature/%s.raw_feature.pkl
01/29/2018 20:20:41 [INFO] configuration: extracted_feature_path  :   /ihome/pbrusilosky/rum20/y_classify/dataset/feature/%s.extracted_feature.pkl
01/29/2018 20:20:41 [INFO] configuration: pipeline_path  :   /ihome/pbrusilosky/rum20/y_classify/dataset/feature/%s.pipeline.pkl
01/29/2018 20:20:41 [INFO] configuration: metrics  :   ['accuracy', 'precision', 'recall', 'f1_score', 'training_time', 'test_time']
01/29/2018 20:20:41 [INFO] configuration: do_cross_validation  :   True
01/29/2018 20:20:41 [INFO] configuration: #division  :   5
01/29/2018 20:20:41 [INFO] configuration: #cross_validation  :   10
01/29/2018 20:20:41 [INFO] configuration: cv_index_cache_path  :   
01/29/2018 20:20:41 [INFO] configuration: action_words  :   {'music', 'else', 'cheap', 'timer', 'expensive', 'expens', 'address', 'show', 'turn', 'video', 'skip', 'items', 'centre', 'ani', 'price', 'telephon', 'tell', 'snooze', 'play', 'shuffle', 'weather', 'room', 'any', 'shuffl', 'volum', 'telephone', 'clear', 'member', 'reminder', 'cast', 'moder', 'delet', 'remov', 'reminders', 'stop', 'help', 'time', 'moderate', 'reminds', 'share', 'alarm', 'area', 'els', 'phone', 'post', 'part', 'remove', 'temperatur', 'centr', 'volume', 'delete', 'matter', 'light', 'snooz', 'south', 'next', 'discard', 'watch', 'food', 'north', 'list', 'start', 'temperature', 'findcar', 'add', 'number', 'findcare', 'item', 'remind', 'song'}
01/29/2018 20:20:41 [INFO] configuration: corenlp_jars  :   ('/Users/memray/Project/stanford/stanford-corenlp-full-3.8.0/*', '/Users/memray/Project/stanford/stanford-corenlp-full-3.8.0/stanford-english-kbp-corenlp-2017-06-09-models.jar')
01/29/2018 20:20:41 [INFO] configuration: lda_topic_number  :   50
01/29/2018 20:20:41 [INFO] configuration: lda_path  :   /ihome/pbrusilosky/rum20/y_classify/dataset/feature/gensim/%s.topic=50.lda.pkl
01/29/2018 20:20:41 [INFO] configuration: gensim_corpus_path  :   /ihome/pbrusilosky/rum20/y_classify/dataset/feature/gensim/%s.corpus.pkl
01/29/2018 20:20:41 [INFO] configuration: gensim_dict_path  :   /ihome/pbrusilosky/rum20/y_classify/dataset/feature/gensim/%s.dict
01/29/2018 20:20:41 [INFO] configuration: w2v_path  :   /home/memray/Data/glove/GoogleNews-vectors-negative300.bin
01/29/2018 20:20:41 [INFO] configuration: w2v_vector_length  :   300
01/29/2018 20:20:41 [INFO] configuration: d2v_vector_length  :   300
01/29/2018 20:20:41 [INFO] configuration: d2v_window_size  :   5
01/29/2018 20:20:41 [INFO] configuration: d2v_min_count  :   2
01/29/2018 20:20:41 [INFO] configuration: d2v_model_path  :   /ihome/pbrusilosky/rum20/y_classify/dataset/feature/gensim/%s.doc2vec.dim=300.window=5.min_count=2.model
01/29/2018 20:20:41 [INFO] configuration: d2v_vector_path  :   /ihome/pbrusilosky/rum20/y_classify/dataset/feature/gensim/%s.doc2vec.dim=300.window=5.min_count=2.vector
01/29/2018 20:20:41 [INFO] configuration: num_word_keep  :   {'dstc2': 300, 'dstc3': 300, 'family': 1000, 'ghome': 1000}
01/29/2018 20:20:41 [INFO] configuration: batch_size  :   128
01/29/2018 20:20:41 [INFO] configuration: max_epoch  :   50
01/29/2018 20:20:41 [INFO] configuration: early_stop_tolerance  :   2
01/29/2018 20:20:41 [INFO] configuration: concat_sents  :   False
01/29/2018 20:20:41 [INFO] configuration: cnn_setting  :   {'model': 'multichannel', 'early_stopping': True, 'word_dim': 300, 'filters': [3, 4, 5], 'filter_num': [100, 100, 100], 'class_size': 4, 'batch_size': 128, 'learning_rate': 0.001, 'norm_limit': 10, 'dropout_prob': 0.0, 'sentence_num': 3}
01/29/2018 20:20:41 [INFO] configuration: skipthought_setting  :   {'skipthought_model_path': '/Users/memray/Data/skip-thought', 'skipthought_data_path': '/ihome/pbrusilosky/rum20/y_classify/dataset/feature/gensim/%s.skip-thought.biskip.vector', 'fixed_emb': True, 'sentence_num': 3, 'hidden_size': 2400, 'class_size': 4, 'learning_rate': 0.0001, 'norm_limit': 3, 'dropout_prob': 0.5}
01/29/2018 20:20:41 [INFO] configuration: lstm_setting  :   {'model': 'non-static', 'hidden_size': 32, 'embedding_size': 300, 'num_layers': 1, 'bidirectional': False, 'learning_rate': 0.001, 'class_size': 4, 'norm_limit': 2, 'clip_grad_norm': 2, 'dropout_prob': 0.1}
01/29/2018 20:23:38 [INFO] exp_shallowmodel: %%%%%%%%%%%%%%%%%%%%%%%%%%%%%%%%%%%%%%%%%%%%%%%%%%
01/29/2018 20:23:38 [INFO] exp_shallowmodel:           dataset=dstc2
01/29/2018 20:23:38 [INFO] exp_shallowmodel:           X_new.shape=(5725, 17)
01/29/2018 20:23:38 [INFO] exp_shallowmodel:           #(discrete_feature)=0
01/29/2018 20:23:38 [INFO] exp_shallowmodel:           #(continuous_feature)=16
01/29/2018 20:23:38 [INFO] exp_shallowmodel:           #(similarity_feature)=1
01/29/2018 20:23:38 [INFO] exp_shallowmodel: %%%%%%%%%%%%%%%%%%%%%%%%%%%%%%%%%%%%%%%%%%%%%%%%%%
01/29/2018 20:23:38 [INFO] exp_shallowmodel: ******************** dstc2 - Round 0 
01/29/2018 20:23:38 [INFO] exp_shallowmodel: #(data) = 4583
01/29/2018 20:23:38 [INFO] exp_shallowmodel: #(feature) = 17
01/29/2018 20:23:38 [INFO] exp_shallowmodel: ================================================================================
01/29/2018 20:23:38 [INFO] exp_shallowmodel: LR.pen=l1.C=1.000000
01/29/2018 20:23:38 [INFO] exp_shallowmodel: ________________________________________________________________________________
01/29/2018 20:23:38 [INFO] exp_shallowmodel: Training: 
01/29/2018 20:23:38 [INFO] exp_shallowmodel: LogisticRegression(C=1, class_weight=None, dual=False, fit_intercept=True,
          intercept_scaling=1, max_iter=100, multi_class='ovr', n_jobs=1,
          penalty='l1', random_state=None, solver='liblinear', tol=0.0001,
          verbose=0, warm_start=False)
01/29/2018 20:23:38 [INFO] exp_shallowmodel: train time: 0.050s
01/29/2018 20:23:38 [INFO] exp_shallowmodel: test time:  0.000s
01/29/2018 20:23:38 [INFO] exp_shallowmodel: accuracy:   0.779
01/29/2018 20:23:38 [INFO] exp_shallowmodel: f1_score:   0.565
01/29/2018 20:23:38 [INFO] exp_shallowmodel: classification report:
01/29/2018 20:23:38 [INFO] exp_shallowmodel:              precision    recall  f1-score   support

          A       0.00      0.00      0.00        14
          C       0.78      0.79      0.78       164
          F       0.82      0.91      0.86       268
          R       0.67      0.57      0.61       125

avg / total       0.75      0.78      0.76       571

01/29/2018 20:23:38 [INFO] exp_shallowmodel: confusion matrix:
01/29/2018 20:23:38 [INFO] exp_shallowmodel: 
[[  0   2  10   2]
 [  0 129  16  19]
 [  0   9 245  14]
 [  0  25  29  71]]
01/29/2018 20:23:38 [INFO] exp_shallowmodel: ******************** dstc2 - Round 1 
01/29/2018 20:23:38 [INFO] exp_shallowmodel: #(data) = 4583
01/29/2018 20:23:38 [INFO] exp_shallowmodel: #(feature) = 17
01/29/2018 20:23:38 [INFO] exp_shallowmodel: ================================================================================
01/29/2018 20:23:38 [INFO] exp_shallowmodel: LR.pen=l1.C=1.000000
01/29/2018 20:23:38 [INFO] exp_shallowmodel: ________________________________________________________________________________
01/29/2018 20:23:38 [INFO] exp_shallowmodel: Training: 
01/29/2018 20:23:38 [INFO] exp_shallowmodel: LogisticRegression(C=1, class_weight=None, dual=False, fit_intercept=True,
          intercept_scaling=1, max_iter=100, multi_class='ovr', n_jobs=1,
          penalty='l1', random_state=None, solver='liblinear', tol=0.0001,
          verbose=0, warm_start=False)
01/29/2018 20:23:38 [INFO] exp_shallowmodel: train time: 0.050s
01/29/2018 20:23:38 [INFO] exp_shallowmodel: test time:  0.000s
01/29/2018 20:23:38 [INFO] exp_shallowmodel: accuracy:   0.722
01/29/2018 20:23:38 [INFO] exp_shallowmodel: f1_score:   0.516
01/29/2018 20:23:38 [INFO] exp_shallowmodel: classification report:
01/29/2018 20:23:38 [INFO] exp_shallowmodel:              precision    recall  f1-score   support

          A       0.00      0.00      0.00        14
          C       0.69      0.64      0.66       164
          F       0.79      0.90      0.84       268
          R       0.59      0.54      0.56       125

avg / total       0.70      0.72      0.71       571

01/29/2018 20:23:38 [INFO] exp_shallowmodel: confusion matrix:
01/29/2018 20:23:38 [INFO] exp_shallowmodel: 
[[  0   3   9   2]
 [  0 105  26  33]
 [  0  16 240  12]
 [  0  29  29  67]]
01/29/2018 20:23:38 [INFO] exp_shallowmodel: ******************** dstc2 - Round 2 
01/29/2018 20:23:38 [INFO] exp_shallowmodel: #(data) = 4583
01/29/2018 20:23:38 [INFO] exp_shallowmodel: #(feature) = 17
01/29/2018 20:23:38 [INFO] exp_shallowmodel: ================================================================================
01/29/2018 20:23:38 [INFO] exp_shallowmodel: LR.pen=l1.C=1.000000
01/29/2018 20:23:38 [INFO] exp_shallowmodel: ________________________________________________________________________________
01/29/2018 20:23:38 [INFO] exp_shallowmodel: Training: 
01/29/2018 20:23:38 [INFO] exp_shallowmodel: LogisticRegression(C=1, class_weight=None, dual=False, fit_intercept=True,
          intercept_scaling=1, max_iter=100, multi_class='ovr', n_jobs=1,
          penalty='l1', random_state=None, solver='liblinear', tol=0.0001,
          verbose=0, warm_start=False)
01/29/2018 20:23:38 [INFO] exp_shallowmodel: train time: 0.050s
01/29/2018 20:23:38 [INFO] exp_shallowmodel: test time:  0.000s
01/29/2018 20:23:38 [INFO] exp_shallowmodel: accuracy:   0.757
01/29/2018 20:23:38 [INFO] exp_shallowmodel: f1_score:   0.543
01/29/2018 20:23:38 [INFO] exp_shallowmodel: classification report:
01/29/2018 20:23:38 [INFO] exp_shallowmodel:              precision    recall  f1-score   support

          A       0.00      0.00      0.00        14
          C       0.70      0.70      0.70       164
          F       0.84      0.92      0.88       268
          R       0.62      0.58      0.60       125

avg / total       0.73      0.76      0.74       571

01/29/2018 20:23:38 [INFO] exp_shallowmodel: confusion matrix:
01/29/2018 20:23:38 [INFO] exp_shallowmodel: 
[[  0   3   9   2]
 [  0 114  19  31]
 [  0  11 246  11]
 [  0  34  19  72]]
01/29/2018 20:23:38 [INFO] exp_shallowmodel: ******************** dstc2 - Round 3 
01/29/2018 20:23:38 [INFO] exp_shallowmodel: #(data) = 4583
01/29/2018 20:23:38 [INFO] exp_shallowmodel: #(feature) = 17
01/29/2018 20:23:38 [INFO] exp_shallowmodel: ================================================================================
01/29/2018 20:23:38 [INFO] exp_shallowmodel: LR.pen=l1.C=1.000000
01/29/2018 20:23:38 [INFO] exp_shallowmodel: ________________________________________________________________________________
01/29/2018 20:23:38 [INFO] exp_shallowmodel: Training: 
01/29/2018 20:23:38 [INFO] exp_shallowmodel: LogisticRegression(C=1, class_weight=None, dual=False, fit_intercept=True,
          intercept_scaling=1, max_iter=100, multi_class='ovr', n_jobs=1,
          penalty='l1', random_state=None, solver='liblinear', tol=0.0001,
          verbose=0, warm_start=False)
01/29/2018 20:23:38 [INFO] exp_shallowmodel: train time: 0.049s
01/29/2018 20:23:38 [INFO] exp_shallowmodel: test time:  0.000s
01/29/2018 20:23:38 [INFO] exp_shallowmodel: accuracy:   0.744
01/29/2018 20:23:38 [INFO] exp_shallowmodel: f1_score:   0.539
01/29/2018 20:23:38 [INFO] exp_shallowmodel: classification report:
01/29/2018 20:23:38 [INFO] exp_shallowmodel:              precision    recall  f1-score   support

          A       0.00      0.00      0.00        14
          C       0.73      0.73      0.73       164
          F       0.79      0.88      0.83       268
          R       0.64      0.56      0.60       125

avg / total       0.72      0.74      0.73       571

01/29/2018 20:23:38 [INFO] exp_shallowmodel: confusion matrix:
01/29/2018 20:23:38 [INFO] exp_shallowmodel: 
[[  0   1  12   1]
 [  0 119  20  25]
 [  0  19 236  13]
 [  0  25  30  70]]
01/29/2018 20:23:38 [INFO] exp_shallowmodel: ******************** dstc2 - Round 4 
01/29/2018 20:23:38 [INFO] exp_shallowmodel: #(data) = 4583
01/29/2018 20:23:38 [INFO] exp_shallowmodel: #(feature) = 17
01/29/2018 20:23:38 [INFO] exp_shallowmodel: ================================================================================
01/29/2018 20:23:38 [INFO] exp_shallowmodel: LR.pen=l1.C=1.000000
01/29/2018 20:23:38 [INFO] exp_shallowmodel: ________________________________________________________________________________
01/29/2018 20:23:38 [INFO] exp_shallowmodel: Training: 
01/29/2018 20:23:38 [INFO] exp_shallowmodel: LogisticRegression(C=1, class_weight=None, dual=False, fit_intercept=True,
          intercept_scaling=1, max_iter=100, multi_class='ovr', n_jobs=1,
          penalty='l1', random_state=None, solver='liblinear', tol=0.0001,
          verbose=0, warm_start=False)
01/29/2018 20:23:38 [INFO] exp_shallowmodel: train time: 0.050s
01/29/2018 20:23:38 [INFO] exp_shallowmodel: test time:  0.000s
01/29/2018 20:23:38 [INFO] exp_shallowmodel: accuracy:   0.758
01/29/2018 20:23:38 [INFO] exp_shallowmodel: f1_score:   0.548
01/29/2018 20:23:38 [INFO] exp_shallowmodel: classification report:
01/29/2018 20:23:38 [INFO] exp_shallowmodel:              precision    recall  f1-score   support

          A       0.00      0.00      0.00        14
          C       0.75      0.77      0.76       164
          F       0.80      0.89      0.84       268
          R       0.66      0.54      0.59       125

avg / total       0.73      0.76      0.74       571

01/29/2018 20:23:38 [INFO] exp_shallowmodel: confusion matrix:
01/29/2018 20:23:38 [INFO] exp_shallowmodel: 
[[  0   0  13   1]
 [  0 127  16  21]
 [  0  16 239  13]
 [  0  27  31  67]]
01/29/2018 20:23:38 [INFO] exp_shallowmodel: ******************** dstc2 - Round 5 
01/29/2018 20:23:38 [INFO] exp_shallowmodel: #(data) = 4583
01/29/2018 20:23:38 [INFO] exp_shallowmodel: #(feature) = 17
01/29/2018 20:23:38 [INFO] exp_shallowmodel: ================================================================================
01/29/2018 20:23:38 [INFO] exp_shallowmodel: LR.pen=l1.C=1.000000
01/29/2018 20:23:38 [INFO] exp_shallowmodel: ________________________________________________________________________________
01/29/2018 20:23:38 [INFO] exp_shallowmodel: Training: 
01/29/2018 20:23:38 [INFO] exp_shallowmodel: LogisticRegression(C=1, class_weight=None, dual=False, fit_intercept=True,
          intercept_scaling=1, max_iter=100, multi_class='ovr', n_jobs=1,
          penalty='l1', random_state=None, solver='liblinear', tol=0.0001,
          verbose=0, warm_start=False)
01/29/2018 20:23:38 [INFO] exp_shallowmodel: train time: 0.048s
01/29/2018 20:23:38 [INFO] exp_shallowmodel: test time:  0.000s
01/29/2018 20:23:38 [INFO] exp_shallowmodel: accuracy:   0.751
01/29/2018 20:23:38 [INFO] exp_shallowmodel: f1_score:   0.543
01/29/2018 20:23:38 [INFO] exp_shallowmodel: classification report:
01/29/2018 20:23:38 [INFO] exp_shallowmodel:              precision    recall  f1-score   support

          A       0.00      0.00      0.00        14
          C       0.72      0.71      0.71       164
          F       0.81      0.90      0.85       268
          R       0.64      0.58      0.61       125

avg / total       0.73      0.75      0.74       571

01/29/2018 20:23:38 [INFO] exp_shallowmodel: confusion matrix:
01/29/2018 20:23:38 [INFO] exp_shallowmodel: 
[[  0   2  10   2]
 [  0 116  21  27]
 [  0  15 241  12]
 [  0  29  24  72]]
01/29/2018 20:23:38 [INFO] exp_shallowmodel: ******************** dstc2 - Round 6 
01/29/2018 20:23:38 [INFO] exp_shallowmodel: #(data) = 4583
01/29/2018 20:23:38 [INFO] exp_shallowmodel: #(feature) = 17
01/29/2018 20:23:38 [INFO] exp_shallowmodel: ================================================================================
01/29/2018 20:23:38 [INFO] exp_shallowmodel: LR.pen=l1.C=1.000000
01/29/2018 20:23:38 [INFO] exp_shallowmodel: ________________________________________________________________________________
01/29/2018 20:23:38 [INFO] exp_shallowmodel: Training: 
01/29/2018 20:23:38 [INFO] exp_shallowmodel: LogisticRegression(C=1, class_weight=None, dual=False, fit_intercept=True,
          intercept_scaling=1, max_iter=100, multi_class='ovr', n_jobs=1,
          penalty='l1', random_state=None, solver='liblinear', tol=0.0001,
          verbose=0, warm_start=False)
01/29/2018 20:23:38 [INFO] exp_shallowmodel: train time: 0.049s
01/29/2018 20:23:38 [INFO] exp_shallowmodel: test time:  0.000s
01/29/2018 20:23:38 [INFO] exp_shallowmodel: accuracy:   0.776
01/29/2018 20:23:38 [INFO] exp_shallowmodel: f1_score:   0.557
01/29/2018 20:23:38 [INFO] exp_shallowmodel: classification report:
01/29/2018 20:23:38 [INFO] exp_shallowmodel:              precision    recall  f1-score   support

          A       0.00      0.00      0.00        14
          C       0.75      0.77      0.76       164
          F       0.82      0.94      0.88       268
          R       0.67      0.53      0.59       125

avg / total       0.75      0.78      0.76       571

01/29/2018 20:23:38 [INFO] exp_shallowmodel: confusion matrix:
01/29/2018 20:23:38 [INFO] exp_shallowmodel: 
[[  0   1  12   1]
 [  0 126  18  20]
 [  0   6 251  11]
 [  0  35  24  66]]
01/29/2018 20:23:38 [INFO] exp_shallowmodel: ******************** dstc2 - Round 7 
01/29/2018 20:23:38 [INFO] exp_shallowmodel: #(data) = 4583
01/29/2018 20:23:38 [INFO] exp_shallowmodel: #(feature) = 17
01/29/2018 20:23:38 [INFO] exp_shallowmodel: ================================================================================
01/29/2018 20:23:38 [INFO] exp_shallowmodel: LR.pen=l1.C=1.000000
01/29/2018 20:23:38 [INFO] exp_shallowmodel: ________________________________________________________________________________
01/29/2018 20:23:38 [INFO] exp_shallowmodel: Training: 
01/29/2018 20:23:38 [INFO] exp_shallowmodel: LogisticRegression(C=1, class_weight=None, dual=False, fit_intercept=True,
          intercept_scaling=1, max_iter=100, multi_class='ovr', n_jobs=1,
          penalty='l1', random_state=None, solver='liblinear', tol=0.0001,
          verbose=0, warm_start=False)
01/29/2018 20:23:38 [INFO] exp_shallowmodel: train time: 0.050s
01/29/2018 20:23:38 [INFO] exp_shallowmodel: test time:  0.000s
01/29/2018 20:23:38 [INFO] exp_shallowmodel: accuracy:   0.722
01/29/2018 20:23:38 [INFO] exp_shallowmodel: f1_score:   0.516
01/29/2018 20:23:38 [INFO] exp_shallowmodel: classification report:
01/29/2018 20:23:38 [INFO] exp_shallowmodel:              precision    recall  f1-score   support

          A       0.00      0.00      0.00        14
          C       0.66      0.65      0.66       164
          F       0.80      0.89      0.84       268
          R       0.60      0.54      0.57       125

avg / total       0.70      0.72      0.71       571

01/29/2018 20:23:38 [INFO] exp_shallowmodel: confusion matrix:
01/29/2018 20:23:38 [INFO] exp_shallowmodel: 
[[  0   4   7   3]
 [  0 107  26  31]
 [  0  19 238  11]
 [  0  31  27  67]]
01/29/2018 20:23:38 [INFO] exp_shallowmodel: ******************** dstc2 - Round 8 
01/29/2018 20:23:38 [INFO] exp_shallowmodel: #(data) = 4583
01/29/2018 20:23:38 [INFO] exp_shallowmodel: #(feature) = 17
01/29/2018 20:23:38 [INFO] exp_shallowmodel: ================================================================================
01/29/2018 20:23:38 [INFO] exp_shallowmodel: LR.pen=l1.C=1.000000
01/29/2018 20:23:38 [INFO] exp_shallowmodel: ________________________________________________________________________________
01/29/2018 20:23:38 [INFO] exp_shallowmodel: Training: 
01/29/2018 20:23:38 [INFO] exp_shallowmodel: LogisticRegression(C=1, class_weight=None, dual=False, fit_intercept=True,
          intercept_scaling=1, max_iter=100, multi_class='ovr', n_jobs=1,
          penalty='l1', random_state=None, solver='liblinear', tol=0.0001,
          verbose=0, warm_start=False)
01/29/2018 20:23:38 [INFO] exp_shallowmodel: train time: 0.053s
01/29/2018 20:23:38 [INFO] exp_shallowmodel: test time:  0.000s
01/29/2018 20:23:38 [INFO] exp_shallowmodel: accuracy:   0.725
01/29/2018 20:23:38 [INFO] exp_shallowmodel: f1_score:   0.518
01/29/2018 20:23:38 [INFO] exp_shallowmodel: classification report:
01/29/2018 20:23:38 [INFO] exp_shallowmodel:              precision    recall  f1-score   support

          A       0.00      0.00      0.00        14
          C       0.66      0.65      0.65       164
          F       0.81      0.90      0.85       268
          R       0.59      0.54      0.56       125

avg / total       0.70      0.73      0.71       571

01/29/2018 20:23:38 [INFO] exp_shallowmodel: confusion matrix:
01/29/2018 20:23:38 [INFO] exp_shallowmodel: 
[[  0   3  10   1]
 [  0 106  20  38]
 [  0  19 240   9]
 [  0  32  25  68]]
01/29/2018 20:23:38 [INFO] exp_shallowmodel: ******************** dstc2 - Round 9 
01/29/2018 20:23:38 [INFO] exp_shallowmodel: #(data) = 4568
01/29/2018 20:23:38 [INFO] exp_shallowmodel: #(feature) = 17
01/29/2018 20:23:38 [INFO] exp_shallowmodel: ================================================================================
01/29/2018 20:23:38 [INFO] exp_shallowmodel: LR.pen=l1.C=1.000000
01/29/2018 20:23:38 [INFO] exp_shallowmodel: ________________________________________________________________________________
01/29/2018 20:23:38 [INFO] exp_shallowmodel: Training: 
01/29/2018 20:23:38 [INFO] exp_shallowmodel: LogisticRegression(C=1, class_weight=None, dual=False, fit_intercept=True,
          intercept_scaling=1, max_iter=100, multi_class='ovr', n_jobs=1,
          penalty='l1', random_state=None, solver='liblinear', tol=0.0001,
          verbose=0, warm_start=False)
01/29/2018 20:23:38 [INFO] exp_shallowmodel: train time: 0.049s
01/29/2018 20:23:38 [INFO] exp_shallowmodel: test time:  0.000s
01/29/2018 20:23:38 [INFO] exp_shallowmodel: accuracy:   0.710
01/29/2018 20:23:38 [INFO] exp_shallowmodel: f1_score:   0.506
01/29/2018 20:23:38 [INFO] exp_shallowmodel: classification report:
01/29/2018 20:23:38 [INFO] exp_shallowmodel:              precision    recall  f1-score   support

          A       0.00      0.00      0.00        16
          C       0.65      0.63      0.64       169
          F       0.79      0.90      0.84       271
          R       0.58      0.52      0.55       130

avg / total       0.68      0.71      0.69       586

01/29/2018 20:23:38 [INFO] exp_shallowmodel: confusion matrix:
01/29/2018 20:23:38 [INFO] exp_shallowmodel: 
[[  0   5   9   2]
 [  0 106  30  33]
 [  0  15 243  13]
 [  0  37  26  67]]
01/29/2018 20:23:38 [INFO] exp_shallowmodel: ******************** dstc2 - Round 10 
01/29/2018 20:23:38 [INFO] exp_shallowmodel: #(data) = 4583
01/29/2018 20:23:38 [INFO] exp_shallowmodel: #(feature) = 17
01/29/2018 20:23:38 [INFO] exp_shallowmodel: ================================================================================
01/29/2018 20:23:38 [INFO] exp_shallowmodel: LR.pen=l1.C=1.000000
01/29/2018 20:23:38 [INFO] exp_shallowmodel: ________________________________________________________________________________
01/29/2018 20:23:38 [INFO] exp_shallowmodel: Training: 
01/29/2018 20:23:38 [INFO] exp_shallowmodel: LogisticRegression(C=1, class_weight=None, dual=False, fit_intercept=True,
          intercept_scaling=1, max_iter=100, multi_class='ovr', n_jobs=1,
          penalty='l1', random_state=None, solver='liblinear', tol=0.0001,
          verbose=0, warm_start=False)
01/29/2018 20:23:38 [INFO] exp_shallowmodel: train time: 0.051s
01/29/2018 20:23:38 [INFO] exp_shallowmodel: test time:  0.000s
01/29/2018 20:23:38 [INFO] exp_shallowmodel: accuracy:   0.743
01/29/2018 20:23:38 [INFO] exp_shallowmodel: f1_score:   0.536
01/29/2018 20:23:38 [INFO] exp_shallowmodel: classification report:
01/29/2018 20:23:38 [INFO] exp_shallowmodel:              precision    recall  f1-score   support

          A       0.00      0.00      0.00        14
          C       0.71      0.71      0.71       164
          F       0.81      0.88      0.85       268
          R       0.61      0.57      0.59       125

avg / total       0.72      0.74      0.73       571

01/29/2018 20:23:38 [INFO] exp_shallowmodel: confusion matrix:
01/29/2018 20:23:38 [INFO] exp_shallowmodel: 
[[  0   2  12   0]
 [  0 116  17  31]
 [  0  17 237  14]
 [  0  29  25  71]]
01/29/2018 20:23:38 [INFO] exp_shallowmodel: ******************** dstc2 - Round 11 
01/29/2018 20:23:38 [INFO] exp_shallowmodel: #(data) = 4583
01/29/2018 20:23:38 [INFO] exp_shallowmodel: #(feature) = 17
01/29/2018 20:23:38 [INFO] exp_shallowmodel: ================================================================================
01/29/2018 20:23:38 [INFO] exp_shallowmodel: LR.pen=l1.C=1.000000
01/29/2018 20:23:38 [INFO] exp_shallowmodel: ________________________________________________________________________________
01/29/2018 20:23:38 [INFO] exp_shallowmodel: Training: 
01/29/2018 20:23:38 [INFO] exp_shallowmodel: LogisticRegression(C=1, class_weight=None, dual=False, fit_intercept=True,
          intercept_scaling=1, max_iter=100, multi_class='ovr', n_jobs=1,
          penalty='l1', random_state=None, solver='liblinear', tol=0.0001,
          verbose=0, warm_start=False)
01/29/2018 20:23:38 [INFO] exp_shallowmodel: train time: 0.052s
01/29/2018 20:23:38 [INFO] exp_shallowmodel: test time:  0.000s
01/29/2018 20:23:38 [INFO] exp_shallowmodel: accuracy:   0.750
01/29/2018 20:23:38 [INFO] exp_shallowmodel: f1_score:   0.536
01/29/2018 20:23:38 [INFO] exp_shallowmodel: classification report:
01/29/2018 20:23:38 [INFO] exp_shallowmodel:              precision    recall  f1-score   support

          A       0.00      0.00      0.00        14
          C       0.73      0.67      0.70       164
          F       0.80      0.93      0.86       268
          R       0.62      0.54      0.58       125

avg / total       0.72      0.75      0.73       571

01/29/2018 20:23:38 [INFO] exp_shallowmodel: confusion matrix:
01/29/2018 20:23:38 [INFO] exp_shallowmodel: 
[[  0   2  10   2]
 [  0 110  24  30]
 [  0   9 250   9]
 [  0  30  27  68]]
01/29/2018 20:23:38 [INFO] exp_shallowmodel: ******************** dstc2 - Round 12 
01/29/2018 20:23:38 [INFO] exp_shallowmodel: #(data) = 4583
01/29/2018 20:23:38 [INFO] exp_shallowmodel: #(feature) = 17
01/29/2018 20:23:38 [INFO] exp_shallowmodel: ================================================================================
01/29/2018 20:23:38 [INFO] exp_shallowmodel: LR.pen=l1.C=1.000000
01/29/2018 20:23:38 [INFO] exp_shallowmodel: ________________________________________________________________________________
01/29/2018 20:23:38 [INFO] exp_shallowmodel: Training: 
01/29/2018 20:23:38 [INFO] exp_shallowmodel: LogisticRegression(C=1, class_weight=None, dual=False, fit_intercept=True,
          intercept_scaling=1, max_iter=100, multi_class='ovr', n_jobs=1,
          penalty='l1', random_state=None, solver='liblinear', tol=0.0001,
          verbose=0, warm_start=False)
01/29/2018 20:23:38 [INFO] exp_shallowmodel: train time: 0.051s
01/29/2018 20:23:38 [INFO] exp_shallowmodel: test time:  0.000s
01/29/2018 20:23:38 [INFO] exp_shallowmodel: accuracy:   0.739
01/29/2018 20:23:38 [INFO] exp_shallowmodel: f1_score:   0.527
01/29/2018 20:23:38 [INFO] exp_shallowmodel: classification report:
01/29/2018 20:23:38 [INFO] exp_shallowmodel:              precision    recall  f1-score   support

          A       0.00      0.00      0.00        14
          C       0.71      0.64      0.67       164
          F       0.81      0.93      0.86       268
          R       0.59      0.55      0.57       125

avg / total       0.71      0.74      0.72       571

01/29/2018 20:23:38 [INFO] exp_shallowmodel: confusion matrix:
01/29/2018 20:23:38 [INFO] exp_shallowmodel: 
[[  0   4   9   1]
 [  0 105  22  37]
 [  0  10 248  10]
 [  0  29  27  69]]
01/29/2018 20:23:38 [INFO] exp_shallowmodel: ******************** dstc2 - Round 13 
01/29/2018 20:23:38 [INFO] exp_shallowmodel: #(data) = 4583
01/29/2018 20:23:38 [INFO] exp_shallowmodel: #(feature) = 17
01/29/2018 20:23:38 [INFO] exp_shallowmodel: ================================================================================
01/29/2018 20:23:38 [INFO] exp_shallowmodel: LR.pen=l1.C=1.000000
01/29/2018 20:23:38 [INFO] exp_shallowmodel: ________________________________________________________________________________
01/29/2018 20:23:38 [INFO] exp_shallowmodel: Training: 
01/29/2018 20:23:38 [INFO] exp_shallowmodel: LogisticRegression(C=1, class_weight=None, dual=False, fit_intercept=True,
          intercept_scaling=1, max_iter=100, multi_class='ovr', n_jobs=1,
          penalty='l1', random_state=None, solver='liblinear', tol=0.0001,
          verbose=0, warm_start=False)
01/29/2018 20:23:38 [INFO] exp_shallowmodel: train time: 0.050s
01/29/2018 20:23:38 [INFO] exp_shallowmodel: test time:  0.000s
01/29/2018 20:23:38 [INFO] exp_shallowmodel: accuracy:   0.760
01/29/2018 20:23:38 [INFO] exp_shallowmodel: f1_score:   0.548
01/29/2018 20:23:38 [INFO] exp_shallowmodel: classification report:
01/29/2018 20:23:38 [INFO] exp_shallowmodel:              precision    recall  f1-score   support

          A       0.00      0.00      0.00        14
          C       0.70      0.73      0.71       164
          F       0.81      0.92      0.86       268
          R       0.69      0.55      0.61       125

avg / total       0.74      0.76      0.74       571

01/29/2018 20:23:38 [INFO] exp_shallowmodel: confusion matrix:
01/29/2018 20:23:38 [INFO] exp_shallowmodel: 
[[  0   5   6   3]
 [  0 119  23  22]
 [  0  16 246   6]
 [  0  29  27  69]]
01/29/2018 20:23:38 [INFO] exp_shallowmodel: ******************** dstc2 - Round 14 
01/29/2018 20:23:38 [INFO] exp_shallowmodel: #(data) = 4583
01/29/2018 20:23:38 [INFO] exp_shallowmodel: #(feature) = 17
01/29/2018 20:23:38 [INFO] exp_shallowmodel: ================================================================================
01/29/2018 20:23:38 [INFO] exp_shallowmodel: LR.pen=l1.C=1.000000
01/29/2018 20:23:38 [INFO] exp_shallowmodel: ________________________________________________________________________________
01/29/2018 20:23:38 [INFO] exp_shallowmodel: Training: 
01/29/2018 20:23:38 [INFO] exp_shallowmodel: LogisticRegression(C=1, class_weight=None, dual=False, fit_intercept=True,
          intercept_scaling=1, max_iter=100, multi_class='ovr', n_jobs=1,
          penalty='l1', random_state=None, solver='liblinear', tol=0.0001,
          verbose=0, warm_start=False)
01/29/2018 20:23:39 [INFO] exp_shallowmodel: train time: 0.052s
01/29/2018 20:23:39 [INFO] exp_shallowmodel: test time:  0.000s
01/29/2018 20:23:39 [INFO] exp_shallowmodel: accuracy:   0.734
01/29/2018 20:23:39 [INFO] exp_shallowmodel: f1_score:   0.529
01/29/2018 20:23:39 [INFO] exp_shallowmodel: classification report:
01/29/2018 20:23:39 [INFO] exp_shallowmodel:              precision    recall  f1-score   support

          A       0.00      0.00      0.00        14
          C       0.68      0.66      0.67       164
          F       0.81      0.89      0.85       268
          R       0.62      0.58      0.60       125

avg / total       0.71      0.73      0.72       571

01/29/2018 20:23:39 [INFO] exp_shallowmodel: confusion matrix:
01/29/2018 20:23:39 [INFO] exp_shallowmodel: 
[[  0   4  10   0]
 [  0 108  25  31]
 [  0  16 238  14]
 [  0  31  21  73]]
01/29/2018 20:23:39 [INFO] exp_shallowmodel: ******************** dstc2 - Round 15 
01/29/2018 20:23:39 [INFO] exp_shallowmodel: #(data) = 4583
01/29/2018 20:23:39 [INFO] exp_shallowmodel: #(feature) = 17
01/29/2018 20:23:39 [INFO] exp_shallowmodel: ================================================================================
01/29/2018 20:23:39 [INFO] exp_shallowmodel: LR.pen=l1.C=1.000000
01/29/2018 20:23:39 [INFO] exp_shallowmodel: ________________________________________________________________________________
01/29/2018 20:23:39 [INFO] exp_shallowmodel: Training: 
01/29/2018 20:23:39 [INFO] exp_shallowmodel: LogisticRegression(C=1, class_weight=None, dual=False, fit_intercept=True,
          intercept_scaling=1, max_iter=100, multi_class='ovr', n_jobs=1,
          penalty='l1', random_state=None, solver='liblinear', tol=0.0001,
          verbose=0, warm_start=False)
01/29/2018 20:23:39 [INFO] exp_shallowmodel: train time: 0.051s
01/29/2018 20:23:39 [INFO] exp_shallowmodel: test time:  0.000s
01/29/2018 20:23:39 [INFO] exp_shallowmodel: accuracy:   0.746
01/29/2018 20:23:39 [INFO] exp_shallowmodel: f1_score:   0.533
01/29/2018 20:23:39 [INFO] exp_shallowmodel: classification report:
01/29/2018 20:23:39 [INFO] exp_shallowmodel:              precision    recall  f1-score   support

          A       0.00      0.00      0.00        14
          C       0.72      0.69      0.70       164
          F       0.81      0.92      0.86       268
          R       0.60      0.54      0.57       125

avg / total       0.72      0.75      0.73       571

01/29/2018 20:23:39 [INFO] exp_shallowmodel: confusion matrix:
01/29/2018 20:23:39 [INFO] exp_shallowmodel: 
[[  0   1   9   4]
 [  0 113  23  28]
 [  0  10 246  12]
 [  0  34  24  67]]
01/29/2018 20:23:39 [INFO] exp_shallowmodel: ******************** dstc2 - Round 16 
01/29/2018 20:23:39 [INFO] exp_shallowmodel: #(data) = 4583
01/29/2018 20:23:39 [INFO] exp_shallowmodel: #(feature) = 17
01/29/2018 20:23:39 [INFO] exp_shallowmodel: ================================================================================
01/29/2018 20:23:39 [INFO] exp_shallowmodel: LR.pen=l1.C=1.000000
01/29/2018 20:23:39 [INFO] exp_shallowmodel: ________________________________________________________________________________
01/29/2018 20:23:39 [INFO] exp_shallowmodel: Training: 
01/29/2018 20:23:39 [INFO] exp_shallowmodel: LogisticRegression(C=1, class_weight=None, dual=False, fit_intercept=True,
          intercept_scaling=1, max_iter=100, multi_class='ovr', n_jobs=1,
          penalty='l1', random_state=None, solver='liblinear', tol=0.0001,
          verbose=0, warm_start=False)
01/29/2018 20:23:39 [INFO] exp_shallowmodel: train time: 0.050s
01/29/2018 20:23:39 [INFO] exp_shallowmodel: test time:  0.000s
01/29/2018 20:23:39 [INFO] exp_shallowmodel: accuracy:   0.748
01/29/2018 20:23:39 [INFO] exp_shallowmodel: f1_score:   0.539
01/29/2018 20:23:39 [INFO] exp_shallowmodel: classification report:
01/29/2018 20:23:39 [INFO] exp_shallowmodel:              precision    recall  f1-score   support

          A       0.00      0.00      0.00        14
          C       0.70      0.73      0.72       164
          F       0.82      0.89      0.85       268
          R       0.62      0.55      0.58       125

avg / total       0.72      0.75      0.73       571

01/29/2018 20:23:39 [INFO] exp_shallowmodel: confusion matrix:
01/29/2018 20:23:39 [INFO] exp_shallowmodel: 
[[  0   4   8   2]
 [  0 120  18  26]
 [  0  16 238  14]
 [  0  31  25  69]]
01/29/2018 20:23:39 [INFO] exp_shallowmodel: ******************** dstc2 - Round 17 
01/29/2018 20:23:39 [INFO] exp_shallowmodel: #(data) = 4583
01/29/2018 20:23:39 [INFO] exp_shallowmodel: #(feature) = 17
01/29/2018 20:23:39 [INFO] exp_shallowmodel: ================================================================================
01/29/2018 20:23:39 [INFO] exp_shallowmodel: LR.pen=l1.C=1.000000
01/29/2018 20:23:39 [INFO] exp_shallowmodel: ________________________________________________________________________________
01/29/2018 20:23:39 [INFO] exp_shallowmodel: Training: 
01/29/2018 20:23:39 [INFO] exp_shallowmodel: LogisticRegression(C=1, class_weight=None, dual=False, fit_intercept=True,
          intercept_scaling=1, max_iter=100, multi_class='ovr', n_jobs=1,
          penalty='l1', random_state=None, solver='liblinear', tol=0.0001,
          verbose=0, warm_start=False)
01/29/2018 20:23:39 [INFO] exp_shallowmodel: train time: 0.051s
01/29/2018 20:23:39 [INFO] exp_shallowmodel: test time:  0.000s
01/29/2018 20:23:39 [INFO] exp_shallowmodel: accuracy:   0.755
01/29/2018 20:23:39 [INFO] exp_shallowmodel: f1_score:   0.548
01/29/2018 20:23:39 [INFO] exp_shallowmodel: classification report:
01/29/2018 20:23:39 [INFO] exp_shallowmodel:              precision    recall  f1-score   support

          A       0.00      0.00      0.00        14
          C       0.71      0.72      0.72       164
          F       0.81      0.89      0.85       268
          R       0.67      0.59      0.63       125

avg / total       0.73      0.75      0.74       571

01/29/2018 20:23:39 [INFO] exp_shallowmodel: confusion matrix:
01/29/2018 20:23:39 [INFO] exp_shallowmodel: 
[[  0   1  10   3]
 [  0 118  22  24]
 [  0  20 239   9]
 [  0  27  24  74]]
01/29/2018 20:23:39 [INFO] exp_shallowmodel: ******************** dstc2 - Round 18 
01/29/2018 20:23:39 [INFO] exp_shallowmodel: #(data) = 4583
01/29/2018 20:23:39 [INFO] exp_shallowmodel: #(feature) = 17
01/29/2018 20:23:39 [INFO] exp_shallowmodel: ================================================================================
01/29/2018 20:23:39 [INFO] exp_shallowmodel: LR.pen=l1.C=1.000000
01/29/2018 20:23:39 [INFO] exp_shallowmodel: ________________________________________________________________________________
01/29/2018 20:23:39 [INFO] exp_shallowmodel: Training: 
01/29/2018 20:23:39 [INFO] exp_shallowmodel: LogisticRegression(C=1, class_weight=None, dual=False, fit_intercept=True,
          intercept_scaling=1, max_iter=100, multi_class='ovr', n_jobs=1,
          penalty='l1', random_state=None, solver='liblinear', tol=0.0001,
          verbose=0, warm_start=False)
01/29/2018 20:23:39 [INFO] exp_shallowmodel: train time: 0.050s
01/29/2018 20:23:39 [INFO] exp_shallowmodel: test time:  0.000s
01/29/2018 20:23:39 [INFO] exp_shallowmodel: accuracy:   0.743
01/29/2018 20:23:39 [INFO] exp_shallowmodel: f1_score:   0.526
01/29/2018 20:23:39 [INFO] exp_shallowmodel: classification report:
01/29/2018 20:23:39 [INFO] exp_shallowmodel:              precision    recall  f1-score   support

          A       0.00      0.00      0.00        14
          C       0.70      0.78      0.74       164
          F       0.81      0.90      0.85       268
          R       0.62      0.45      0.52       125

avg / total       0.72      0.74      0.72       571

01/29/2018 20:23:39 [INFO] exp_shallowmodel: confusion matrix:
01/29/2018 20:23:39 [INFO] exp_shallowmodel: 
[[  0   1  12   1]
 [  0 128  14  22]
 [  0  16 240  12]
 [  0  39  30  56]]
01/29/2018 20:23:39 [INFO] exp_shallowmodel: ******************** dstc2 - Round 19 
01/29/2018 20:23:39 [INFO] exp_shallowmodel: #(data) = 4568
01/29/2018 20:23:39 [INFO] exp_shallowmodel: #(feature) = 17
01/29/2018 20:23:39 [INFO] exp_shallowmodel: ================================================================================
01/29/2018 20:23:39 [INFO] exp_shallowmodel: LR.pen=l1.C=1.000000
01/29/2018 20:23:39 [INFO] exp_shallowmodel: ________________________________________________________________________________
01/29/2018 20:23:39 [INFO] exp_shallowmodel: Training: 
01/29/2018 20:23:39 [INFO] exp_shallowmodel: LogisticRegression(C=1, class_weight=None, dual=False, fit_intercept=True,
          intercept_scaling=1, max_iter=100, multi_class='ovr', n_jobs=1,
          penalty='l1', random_state=None, solver='liblinear', tol=0.0001,
          verbose=0, warm_start=False)
01/29/2018 20:23:39 [INFO] exp_shallowmodel: train time: 0.050s
01/29/2018 20:23:39 [INFO] exp_shallowmodel: test time:  0.000s
01/29/2018 20:23:39 [INFO] exp_shallowmodel: accuracy:   0.754
01/29/2018 20:23:39 [INFO] exp_shallowmodel: f1_score:   0.545
01/29/2018 20:23:39 [INFO] exp_shallowmodel: classification report:
01/29/2018 20:23:39 [INFO] exp_shallowmodel:              precision    recall  f1-score   support

          A       0.00      0.00      0.00        16
          C       0.74      0.78      0.76       169
          F       0.80      0.90      0.85       271
          R       0.64      0.52      0.58       130

avg / total       0.73      0.75      0.74       586

01/29/2018 20:23:39 [INFO] exp_shallowmodel: confusion matrix:
01/29/2018 20:23:39 [INFO] exp_shallowmodel: 
[[  0   1  13   2]
 [  0 131  16  22]
 [  0  14 243  14]
 [  0  30  32  68]]
01/29/2018 20:23:39 [INFO] exp_shallowmodel: ******************** dstc2 - Round 20 
01/29/2018 20:23:39 [INFO] exp_shallowmodel: #(data) = 4583
01/29/2018 20:23:39 [INFO] exp_shallowmodel: #(feature) = 17
01/29/2018 20:23:39 [INFO] exp_shallowmodel: ================================================================================
01/29/2018 20:23:39 [INFO] exp_shallowmodel: LR.pen=l1.C=1.000000
01/29/2018 20:23:39 [INFO] exp_shallowmodel: ________________________________________________________________________________
01/29/2018 20:23:39 [INFO] exp_shallowmodel: Training: 
01/29/2018 20:23:39 [INFO] exp_shallowmodel: LogisticRegression(C=1, class_weight=None, dual=False, fit_intercept=True,
          intercept_scaling=1, max_iter=100, multi_class='ovr', n_jobs=1,
          penalty='l1', random_state=None, solver='liblinear', tol=0.0001,
          verbose=0, warm_start=False)
01/29/2018 20:23:39 [INFO] exp_shallowmodel: train time: 0.053s
01/29/2018 20:23:39 [INFO] exp_shallowmodel: test time:  0.000s
01/29/2018 20:23:39 [INFO] exp_shallowmodel: accuracy:   0.708
01/29/2018 20:23:39 [INFO] exp_shallowmodel: f1_score:   0.506
01/29/2018 20:23:39 [INFO] exp_shallowmodel: classification report:
01/29/2018 20:23:39 [INFO] exp_shallowmodel:              precision    recall  f1-score   support

          A       0.00      0.00      0.00        14
          C       0.68      0.66      0.67       164
          F       0.77      0.87      0.82       268
          R       0.57      0.50      0.54       125

avg / total       0.68      0.71      0.69       571

01/29/2018 20:23:39 [INFO] exp_shallowmodel: confusion matrix:
01/29/2018 20:23:39 [INFO] exp_shallowmodel: 
[[  0   4   8   2]
 [  0 109  29  26]
 [  0  17 232  19]
 [  0  30  32  63]]
01/29/2018 20:23:39 [INFO] exp_shallowmodel: ******************** dstc2 - Round 21 
01/29/2018 20:23:39 [INFO] exp_shallowmodel: #(data) = 4583
01/29/2018 20:23:39 [INFO] exp_shallowmodel: #(feature) = 17
01/29/2018 20:23:39 [INFO] exp_shallowmodel: ================================================================================
01/29/2018 20:23:39 [INFO] exp_shallowmodel: LR.pen=l1.C=1.000000
01/29/2018 20:23:39 [INFO] exp_shallowmodel: ________________________________________________________________________________
01/29/2018 20:23:39 [INFO] exp_shallowmodel: Training: 
01/29/2018 20:23:39 [INFO] exp_shallowmodel: LogisticRegression(C=1, class_weight=None, dual=False, fit_intercept=True,
          intercept_scaling=1, max_iter=100, multi_class='ovr', n_jobs=1,
          penalty='l1', random_state=None, solver='liblinear', tol=0.0001,
          verbose=0, warm_start=False)
01/29/2018 20:23:39 [INFO] exp_shallowmodel: train time: 0.053s
01/29/2018 20:23:39 [INFO] exp_shallowmodel: test time:  0.000s
01/29/2018 20:23:39 [INFO] exp_shallowmodel: accuracy:   0.718
01/29/2018 20:23:39 [INFO] exp_shallowmodel: f1_score:   0.513
01/29/2018 20:23:39 [INFO] exp_shallowmodel: classification report:
01/29/2018 20:23:39 [INFO] exp_shallowmodel:              precision    recall  f1-score   support

          A       0.00      0.00      0.00        14
          C       0.65      0.64      0.64       164
          F       0.80      0.89      0.84       268
          R       0.59      0.54      0.56       125

avg / total       0.69      0.72      0.70       571

01/29/2018 20:23:39 [INFO] exp_shallowmodel: confusion matrix:
01/29/2018 20:23:39 [INFO] exp_shallowmodel: 
[[  0   3   9   2]
 [  0 105  25  34]
 [  0  20 238  10]
 [  0  34  24  67]]
01/29/2018 20:23:39 [INFO] exp_shallowmodel: ******************** dstc2 - Round 22 
01/29/2018 20:23:39 [INFO] exp_shallowmodel: #(data) = 4583
01/29/2018 20:23:39 [INFO] exp_shallowmodel: #(feature) = 17
01/29/2018 20:23:39 [INFO] exp_shallowmodel: ================================================================================
01/29/2018 20:23:39 [INFO] exp_shallowmodel: LR.pen=l1.C=1.000000
01/29/2018 20:23:39 [INFO] exp_shallowmodel: ________________________________________________________________________________
01/29/2018 20:23:39 [INFO] exp_shallowmodel: Training: 
01/29/2018 20:23:39 [INFO] exp_shallowmodel: LogisticRegression(C=1, class_weight=None, dual=False, fit_intercept=True,
          intercept_scaling=1, max_iter=100, multi_class='ovr', n_jobs=1,
          penalty='l1', random_state=None, solver='liblinear', tol=0.0001,
          verbose=0, warm_start=False)
01/29/2018 20:23:39 [INFO] exp_shallowmodel: train time: 0.049s
01/29/2018 20:23:39 [INFO] exp_shallowmodel: test time:  0.000s
01/29/2018 20:23:39 [INFO] exp_shallowmodel: accuracy:   0.788
01/29/2018 20:23:39 [INFO] exp_shallowmodel: f1_score:   0.572
01/29/2018 20:23:39 [INFO] exp_shallowmodel: classification report:
01/29/2018 20:23:39 [INFO] exp_shallowmodel:              precision    recall  f1-score   support

          A       0.00      0.00      0.00        14
          C       0.74      0.80      0.77       164
          F       0.83      0.93      0.88       268
          R       0.73      0.57      0.64       125

avg / total       0.76      0.79      0.77       571

01/29/2018 20:23:39 [INFO] exp_shallowmodel: confusion matrix:
01/29/2018 20:23:39 [INFO] exp_shallowmodel: 
[[  0   3   9   2]
 [  0 131  19  14]
 [  0  10 248  10]
 [  0  32  22  71]]
01/29/2018 20:23:39 [INFO] exp_shallowmodel: ******************** dstc2 - Round 23 
01/29/2018 20:23:39 [INFO] exp_shallowmodel: #(data) = 4583
01/29/2018 20:23:39 [INFO] exp_shallowmodel: #(feature) = 17
01/29/2018 20:23:39 [INFO] exp_shallowmodel: ================================================================================
01/29/2018 20:23:39 [INFO] exp_shallowmodel: LR.pen=l1.C=1.000000
01/29/2018 20:23:39 [INFO] exp_shallowmodel: ________________________________________________________________________________
01/29/2018 20:23:39 [INFO] exp_shallowmodel: Training: 
01/29/2018 20:23:39 [INFO] exp_shallowmodel: LogisticRegression(C=1, class_weight=None, dual=False, fit_intercept=True,
          intercept_scaling=1, max_iter=100, multi_class='ovr', n_jobs=1,
          penalty='l1', random_state=None, solver='liblinear', tol=0.0001,
          verbose=0, warm_start=False)
01/29/2018 20:23:39 [INFO] exp_shallowmodel: train time: 0.051s
01/29/2018 20:23:39 [INFO] exp_shallowmodel: test time:  0.000s
01/29/2018 20:23:39 [INFO] exp_shallowmodel: accuracy:   0.734
01/29/2018 20:23:39 [INFO] exp_shallowmodel: f1_score:   0.528
01/29/2018 20:23:39 [INFO] exp_shallowmodel: classification report:
01/29/2018 20:23:39 [INFO] exp_shallowmodel:              precision    recall  f1-score   support

          A       0.00      0.00      0.00        14
          C       0.68      0.71      0.69       164
          F       0.80      0.88      0.84       268
          R       0.63      0.53      0.58       125

avg / total       0.71      0.73      0.72       571

01/29/2018 20:23:39 [INFO] exp_shallowmodel: confusion matrix:
01/29/2018 20:23:39 [INFO] exp_shallowmodel: 
[[  0   0  13   1]
 [  0 117  21  26]
 [  0  21 236  11]
 [  0  35  24  66]]
01/29/2018 20:23:39 [INFO] exp_shallowmodel: ******************** dstc2 - Round 24 
01/29/2018 20:23:39 [INFO] exp_shallowmodel: #(data) = 4583
01/29/2018 20:23:39 [INFO] exp_shallowmodel: #(feature) = 17
01/29/2018 20:23:39 [INFO] exp_shallowmodel: ================================================================================
01/29/2018 20:23:39 [INFO] exp_shallowmodel: LR.pen=l1.C=1.000000
01/29/2018 20:23:39 [INFO] exp_shallowmodel: ________________________________________________________________________________
01/29/2018 20:23:39 [INFO] exp_shallowmodel: Training: 
01/29/2018 20:23:39 [INFO] exp_shallowmodel: LogisticRegression(C=1, class_weight=None, dual=False, fit_intercept=True,
          intercept_scaling=1, max_iter=100, multi_class='ovr', n_jobs=1,
          penalty='l1', random_state=None, solver='liblinear', tol=0.0001,
          verbose=0, warm_start=False)
01/29/2018 20:23:39 [INFO] exp_shallowmodel: train time: 0.050s
01/29/2018 20:23:39 [INFO] exp_shallowmodel: test time:  0.000s
01/29/2018 20:23:39 [INFO] exp_shallowmodel: accuracy:   0.723
01/29/2018 20:23:39 [INFO] exp_shallowmodel: f1_score:   0.514
01/29/2018 20:23:39 [INFO] exp_shallowmodel: classification report:
01/29/2018 20:23:39 [INFO] exp_shallowmodel:              precision    recall  f1-score   support

          A       0.00      0.00      0.00        14
          C       0.69      0.66      0.68       164
          F       0.79      0.90      0.84       268
          R       0.58      0.50      0.53       125

avg / total       0.70      0.72      0.71       571

01/29/2018 20:23:39 [INFO] exp_shallowmodel: confusion matrix:
01/29/2018 20:23:39 [INFO] exp_shallowmodel: 
[[  0   3  10   1]
 [  0 109  20  35]
 [  0  17 242   9]
 [  0  29  34  62]]
01/29/2018 20:23:39 [INFO] exp_shallowmodel: ******************** dstc2 - Round 25 
01/29/2018 20:23:39 [INFO] exp_shallowmodel: #(data) = 4583
01/29/2018 20:23:39 [INFO] exp_shallowmodel: #(feature) = 17
01/29/2018 20:23:39 [INFO] exp_shallowmodel: ================================================================================
01/29/2018 20:23:39 [INFO] exp_shallowmodel: LR.pen=l1.C=1.000000
01/29/2018 20:23:39 [INFO] exp_shallowmodel: ________________________________________________________________________________
01/29/2018 20:23:39 [INFO] exp_shallowmodel: Training: 
01/29/2018 20:23:39 [INFO] exp_shallowmodel: LogisticRegression(C=1, class_weight=None, dual=False, fit_intercept=True,
          intercept_scaling=1, max_iter=100, multi_class='ovr', n_jobs=1,
          penalty='l1', random_state=None, solver='liblinear', tol=0.0001,
          verbose=0, warm_start=False)
01/29/2018 20:23:39 [INFO] exp_shallowmodel: train time: 0.051s
01/29/2018 20:23:39 [INFO] exp_shallowmodel: test time:  0.000s
01/29/2018 20:23:39 [INFO] exp_shallowmodel: accuracy:   0.779
01/29/2018 20:23:39 [INFO] exp_shallowmodel: f1_score:   0.563
01/29/2018 20:23:39 [INFO] exp_shallowmodel: classification report:
01/29/2018 20:23:39 [INFO] exp_shallowmodel:              precision    recall  f1-score   support

          A       0.00      0.00      0.00        14
          C       0.73      0.77      0.75       164
          F       0.85      0.92      0.88       268
          R       0.67      0.58      0.62       125

avg / total       0.76      0.78      0.77       571

01/29/2018 20:23:39 [INFO] exp_shallowmodel: confusion matrix:
01/29/2018 20:23:39 [INFO] exp_shallowmodel: 
[[  0   4   8   2]
 [  0 127  15  22]
 [  0  11 246  11]
 [  0  32  21  72]]
01/29/2018 20:23:39 [INFO] exp_shallowmodel: ******************** dstc2 - Round 26 
01/29/2018 20:23:39 [INFO] exp_shallowmodel: #(data) = 4583
01/29/2018 20:23:39 [INFO] exp_shallowmodel: #(feature) = 17
01/29/2018 20:23:39 [INFO] exp_shallowmodel: ================================================================================
01/29/2018 20:23:39 [INFO] exp_shallowmodel: LR.pen=l1.C=1.000000
01/29/2018 20:23:39 [INFO] exp_shallowmodel: ________________________________________________________________________________
01/29/2018 20:23:39 [INFO] exp_shallowmodel: Training: 
01/29/2018 20:23:39 [INFO] exp_shallowmodel: LogisticRegression(C=1, class_weight=None, dual=False, fit_intercept=True,
          intercept_scaling=1, max_iter=100, multi_class='ovr', n_jobs=1,
          penalty='l1', random_state=None, solver='liblinear', tol=0.0001,
          verbose=0, warm_start=False)
01/29/2018 20:23:39 [INFO] exp_shallowmodel: train time: 0.053s
01/29/2018 20:23:39 [INFO] exp_shallowmodel: test time:  0.000s
01/29/2018 20:23:39 [INFO] exp_shallowmodel: accuracy:   0.753
01/29/2018 20:23:39 [INFO] exp_shallowmodel: f1_score:   0.540
01/29/2018 20:23:39 [INFO] exp_shallowmodel: classification report:
01/29/2018 20:23:39 [INFO] exp_shallowmodel:              precision    recall  f1-score   support

          A       0.00      0.00      0.00        14
          C       0.70      0.71      0.71       164
          F       0.81      0.92      0.86       268
          R       0.66      0.54      0.59       125

avg / total       0.73      0.75      0.74       571

01/29/2018 20:23:39 [INFO] exp_shallowmodel: confusion matrix:
01/29/2018 20:23:39 [INFO] exp_shallowmodel: 
[[  0   2  11   1]
 [  0 117  22  25]
 [  0  13 246   9]
 [  0  34  24  67]]
01/29/2018 20:23:39 [INFO] exp_shallowmodel: ******************** dstc2 - Round 27 
01/29/2018 20:23:39 [INFO] exp_shallowmodel: #(data) = 4583
01/29/2018 20:23:39 [INFO] exp_shallowmodel: #(feature) = 17
01/29/2018 20:23:39 [INFO] exp_shallowmodel: ================================================================================
01/29/2018 20:23:39 [INFO] exp_shallowmodel: LR.pen=l1.C=1.000000
01/29/2018 20:23:39 [INFO] exp_shallowmodel: ________________________________________________________________________________
01/29/2018 20:23:39 [INFO] exp_shallowmodel: Training: 
01/29/2018 20:23:39 [INFO] exp_shallowmodel: LogisticRegression(C=1, class_weight=None, dual=False, fit_intercept=True,
          intercept_scaling=1, max_iter=100, multi_class='ovr', n_jobs=1,
          penalty='l1', random_state=None, solver='liblinear', tol=0.0001,
          verbose=0, warm_start=False)
01/29/2018 20:23:39 [INFO] exp_shallowmodel: train time: 0.051s
01/29/2018 20:23:39 [INFO] exp_shallowmodel: test time:  0.000s
01/29/2018 20:23:39 [INFO] exp_shallowmodel: accuracy:   0.746
01/29/2018 20:23:39 [INFO] exp_shallowmodel: f1_score:   0.535
01/29/2018 20:23:39 [INFO] exp_shallowmodel: classification report:
01/29/2018 20:23:39 [INFO] exp_shallowmodel:              precision    recall  f1-score   support

          A       0.00      0.00      0.00        14
          C       0.73      0.70      0.71       164
          F       0.82      0.91      0.86       268
          R       0.59      0.55      0.57       125

avg / total       0.72      0.75      0.73       571

01/29/2018 20:23:39 [INFO] exp_shallowmodel: confusion matrix:
01/29/2018 20:23:39 [INFO] exp_shallowmodel: 
[[  0   2  10   2]
 [  0 114  17  33]
 [  0  13 243  12]
 [  0  28  28  69]]
01/29/2018 20:23:39 [INFO] exp_shallowmodel: ******************** dstc2 - Round 28 
01/29/2018 20:23:39 [INFO] exp_shallowmodel: #(data) = 4583
01/29/2018 20:23:39 [INFO] exp_shallowmodel: #(feature) = 17
01/29/2018 20:23:39 [INFO] exp_shallowmodel: ================================================================================
01/29/2018 20:23:39 [INFO] exp_shallowmodel: LR.pen=l1.C=1.000000
01/29/2018 20:23:39 [INFO] exp_shallowmodel: ________________________________________________________________________________
01/29/2018 20:23:39 [INFO] exp_shallowmodel: Training: 
01/29/2018 20:23:39 [INFO] exp_shallowmodel: LogisticRegression(C=1, class_weight=None, dual=False, fit_intercept=True,
          intercept_scaling=1, max_iter=100, multi_class='ovr', n_jobs=1,
          penalty='l1', random_state=None, solver='liblinear', tol=0.0001,
          verbose=0, warm_start=False)
01/29/2018 20:23:39 [INFO] exp_shallowmodel: train time: 0.053s
01/29/2018 20:23:39 [INFO] exp_shallowmodel: test time:  0.000s
01/29/2018 20:23:39 [INFO] exp_shallowmodel: accuracy:   0.741
01/29/2018 20:23:39 [INFO] exp_shallowmodel: f1_score:   0.528
01/29/2018 20:23:39 [INFO] exp_shallowmodel: classification report:
01/29/2018 20:23:39 [INFO] exp_shallowmodel:              precision    recall  f1-score   support

          A       0.00      0.00      0.00        14
          C       0.70      0.70      0.70       164
          F       0.82      0.91      0.86       268
          R       0.59      0.51      0.55       125

avg / total       0.71      0.74      0.73       571

01/29/2018 20:23:39 [INFO] exp_shallowmodel: confusion matrix:
01/29/2018 20:23:39 [INFO] exp_shallowmodel: 
[[  0   2   8   4]
 [  0 115  20  29]
 [  0  13 244  11]
 [  0  34  27  64]]
01/29/2018 20:23:39 [INFO] exp_shallowmodel: ******************** dstc2 - Round 29 
01/29/2018 20:23:39 [INFO] exp_shallowmodel: #(data) = 4568
01/29/2018 20:23:39 [INFO] exp_shallowmodel: #(feature) = 17
01/29/2018 20:23:39 [INFO] exp_shallowmodel: ================================================================================
01/29/2018 20:23:39 [INFO] exp_shallowmodel: LR.pen=l1.C=1.000000
01/29/2018 20:23:39 [INFO] exp_shallowmodel: ________________________________________________________________________________
01/29/2018 20:23:39 [INFO] exp_shallowmodel: Training: 
01/29/2018 20:23:39 [INFO] exp_shallowmodel: LogisticRegression(C=1, class_weight=None, dual=False, fit_intercept=True,
          intercept_scaling=1, max_iter=100, multi_class='ovr', n_jobs=1,
          penalty='l1', random_state=None, solver='liblinear', tol=0.0001,
          verbose=0, warm_start=False)
01/29/2018 20:23:39 [INFO] exp_shallowmodel: train time: 0.049s
01/29/2018 20:23:39 [INFO] exp_shallowmodel: test time:  0.000s
01/29/2018 20:23:39 [INFO] exp_shallowmodel: accuracy:   0.739
01/29/2018 20:23:39 [INFO] exp_shallowmodel: f1_score:   0.532
01/29/2018 20:23:39 [INFO] exp_shallowmodel: classification report:
01/29/2018 20:23:39 [INFO] exp_shallowmodel:              precision    recall  f1-score   support

          A       0.00      0.00      0.00        16
          C       0.70      0.70      0.70       169
          F       0.80      0.90      0.85       271
          R       0.62      0.54      0.58       130

avg / total       0.71      0.74      0.72       586

01/29/2018 20:23:39 [INFO] exp_shallowmodel: confusion matrix:
01/29/2018 20:23:39 [INFO] exp_shallowmodel: 
[[  0   1  15   0]
 [  0 119  20  30]
 [  0  14 244  13]
 [  0  35  25  70]]
01/29/2018 20:23:39 [INFO] exp_shallowmodel: ******************** dstc2 - Round 30 
01/29/2018 20:23:39 [INFO] exp_shallowmodel: #(data) = 4583
01/29/2018 20:23:39 [INFO] exp_shallowmodel: #(feature) = 17
01/29/2018 20:23:39 [INFO] exp_shallowmodel: ================================================================================
01/29/2018 20:23:39 [INFO] exp_shallowmodel: LR.pen=l1.C=1.000000
01/29/2018 20:23:39 [INFO] exp_shallowmodel: ________________________________________________________________________________
01/29/2018 20:23:39 [INFO] exp_shallowmodel: Training: 
01/29/2018 20:23:39 [INFO] exp_shallowmodel: LogisticRegression(C=1, class_weight=None, dual=False, fit_intercept=True,
          intercept_scaling=1, max_iter=100, multi_class='ovr', n_jobs=1,
          penalty='l1', random_state=None, solver='liblinear', tol=0.0001,
          verbose=0, warm_start=False)
01/29/2018 20:23:39 [INFO] exp_shallowmodel: train time: 0.053s
01/29/2018 20:23:39 [INFO] exp_shallowmodel: test time:  0.000s
01/29/2018 20:23:39 [INFO] exp_shallowmodel: accuracy:   0.736
01/29/2018 20:23:39 [INFO] exp_shallowmodel: f1_score:   0.532
01/29/2018 20:23:39 [INFO] exp_shallowmodel: classification report:
01/29/2018 20:23:39 [INFO] exp_shallowmodel:              precision    recall  f1-score   support

          A       0.00      0.00      0.00        14
          C       0.67      0.70      0.68       164
          F       0.79      0.89      0.83       268
          R       0.69      0.54      0.61       125

avg / total       0.71      0.74      0.72       571

01/29/2018 20:23:39 [INFO] exp_shallowmodel: confusion matrix:
01/29/2018 20:23:39 [INFO] exp_shallowmodel: 
[[  0   2  11   1]
 [  0 114  31  19]
 [  0  20 238  10]
 [  0  34  23  68]]
01/29/2018 20:23:39 [INFO] exp_shallowmodel: ******************** dstc2 - Round 31 
01/29/2018 20:23:39 [INFO] exp_shallowmodel: #(data) = 4583
01/29/2018 20:23:39 [INFO] exp_shallowmodel: #(feature) = 17
01/29/2018 20:23:39 [INFO] exp_shallowmodel: ================================================================================
01/29/2018 20:23:39 [INFO] exp_shallowmodel: LR.pen=l1.C=1.000000
01/29/2018 20:23:39 [INFO] exp_shallowmodel: ________________________________________________________________________________
01/29/2018 20:23:39 [INFO] exp_shallowmodel: Training: 
01/29/2018 20:23:39 [INFO] exp_shallowmodel: LogisticRegression(C=1, class_weight=None, dual=False, fit_intercept=True,
          intercept_scaling=1, max_iter=100, multi_class='ovr', n_jobs=1,
          penalty='l1', random_state=None, solver='liblinear', tol=0.0001,
          verbose=0, warm_start=False)
01/29/2018 20:23:40 [INFO] exp_shallowmodel: train time: 0.050s
01/29/2018 20:23:40 [INFO] exp_shallowmodel: test time:  0.000s
01/29/2018 20:23:40 [INFO] exp_shallowmodel: accuracy:   0.757
01/29/2018 20:23:40 [INFO] exp_shallowmodel: f1_score:   0.548
01/29/2018 20:23:40 [INFO] exp_shallowmodel: classification report:
01/29/2018 20:23:40 [INFO] exp_shallowmodel:              precision    recall  f1-score   support

          A       0.00      0.00      0.00        14
          C       0.73      0.74      0.74       164
          F       0.81      0.90      0.85       268
          R       0.65      0.57      0.61       125

avg / total       0.73      0.76      0.74       571

01/29/2018 20:23:40 [INFO] exp_shallowmodel: confusion matrix:
01/29/2018 20:23:40 [INFO] exp_shallowmodel: 
[[  0   1  10   3]
 [  0 121  20  23]
 [  0  16 240  12]
 [  0  27  27  71]]
01/29/2018 20:23:40 [INFO] exp_shallowmodel: ******************** dstc2 - Round 32 
01/29/2018 20:23:40 [INFO] exp_shallowmodel: #(data) = 4583
01/29/2018 20:23:40 [INFO] exp_shallowmodel: #(feature) = 17
01/29/2018 20:23:40 [INFO] exp_shallowmodel: ================================================================================
01/29/2018 20:23:40 [INFO] exp_shallowmodel: LR.pen=l1.C=1.000000
01/29/2018 20:23:40 [INFO] exp_shallowmodel: ________________________________________________________________________________
01/29/2018 20:23:40 [INFO] exp_shallowmodel: Training: 
01/29/2018 20:23:40 [INFO] exp_shallowmodel: LogisticRegression(C=1, class_weight=None, dual=False, fit_intercept=True,
          intercept_scaling=1, max_iter=100, multi_class='ovr', n_jobs=1,
          penalty='l1', random_state=None, solver='liblinear', tol=0.0001,
          verbose=0, warm_start=False)
01/29/2018 20:23:40 [INFO] exp_shallowmodel: train time: 0.051s
01/29/2018 20:23:40 [INFO] exp_shallowmodel: test time:  0.000s
01/29/2018 20:23:40 [INFO] exp_shallowmodel: accuracy:   0.725
01/29/2018 20:23:40 [INFO] exp_shallowmodel: f1_score:   0.518
01/29/2018 20:23:40 [INFO] exp_shallowmodel: classification report:
01/29/2018 20:23:40 [INFO] exp_shallowmodel:              precision    recall  f1-score   support

          A       0.00      0.00      0.00        14
          C       0.68      0.66      0.67       164
          F       0.80      0.90      0.84       268
          R       0.59      0.53      0.56       125

avg / total       0.70      0.73      0.71       571

01/29/2018 20:23:40 [INFO] exp_shallowmodel: confusion matrix:
01/29/2018 20:23:40 [INFO] exp_shallowmodel: 
[[  0   2  12   0]
 [  0 108  19  37]
 [  0  20 240   8]
 [  0  29  30  66]]
01/29/2018 20:23:40 [INFO] exp_shallowmodel: ******************** dstc2 - Round 33 
01/29/2018 20:23:40 [INFO] exp_shallowmodel: #(data) = 4583
01/29/2018 20:23:40 [INFO] exp_shallowmodel: #(feature) = 17
01/29/2018 20:23:40 [INFO] exp_shallowmodel: ================================================================================
01/29/2018 20:23:40 [INFO] exp_shallowmodel: LR.pen=l1.C=1.000000
01/29/2018 20:23:40 [INFO] exp_shallowmodel: ________________________________________________________________________________
01/29/2018 20:23:40 [INFO] exp_shallowmodel: Training: 
01/29/2018 20:23:40 [INFO] exp_shallowmodel: LogisticRegression(C=1, class_weight=None, dual=False, fit_intercept=True,
          intercept_scaling=1, max_iter=100, multi_class='ovr', n_jobs=1,
          penalty='l1', random_state=None, solver='liblinear', tol=0.0001,
          verbose=0, warm_start=False)
01/29/2018 20:23:40 [INFO] exp_shallowmodel: train time: 0.050s
01/29/2018 20:23:40 [INFO] exp_shallowmodel: test time:  0.000s
01/29/2018 20:23:40 [INFO] exp_shallowmodel: accuracy:   0.753
01/29/2018 20:23:40 [INFO] exp_shallowmodel: f1_score:   0.542
01/29/2018 20:23:40 [INFO] exp_shallowmodel: classification report:
01/29/2018 20:23:40 [INFO] exp_shallowmodel:              precision    recall  f1-score   support

          A       0.00      0.00      0.00        14
          C       0.70      0.70      0.70       164
          F       0.82      0.91      0.87       268
          R       0.65      0.57      0.60       125

avg / total       0.73      0.75      0.74       571

01/29/2018 20:23:40 [INFO] exp_shallowmodel: confusion matrix:
01/29/2018 20:23:40 [INFO] exp_shallowmodel: 
[[  0   6   6   2]
 [  0 114  21  29]
 [  0  15 245   8]
 [  0  29  25  71]]
01/29/2018 20:23:40 [INFO] exp_shallowmodel: ******************** dstc2 - Round 34 
01/29/2018 20:23:40 [INFO] exp_shallowmodel: #(data) = 4583
01/29/2018 20:23:40 [INFO] exp_shallowmodel: #(feature) = 17
01/29/2018 20:23:40 [INFO] exp_shallowmodel: ================================================================================
01/29/2018 20:23:40 [INFO] exp_shallowmodel: LR.pen=l1.C=1.000000
01/29/2018 20:23:40 [INFO] exp_shallowmodel: ________________________________________________________________________________
01/29/2018 20:23:40 [INFO] exp_shallowmodel: Training: 
01/29/2018 20:23:40 [INFO] exp_shallowmodel: LogisticRegression(C=1, class_weight=None, dual=False, fit_intercept=True,
          intercept_scaling=1, max_iter=100, multi_class='ovr', n_jobs=1,
          penalty='l1', random_state=None, solver='liblinear', tol=0.0001,
          verbose=0, warm_start=False)
01/29/2018 20:23:40 [INFO] exp_shallowmodel: train time: 0.051s
01/29/2018 20:23:40 [INFO] exp_shallowmodel: test time:  0.000s
01/29/2018 20:23:40 [INFO] exp_shallowmodel: accuracy:   0.762
01/29/2018 20:23:40 [INFO] exp_shallowmodel: f1_score:   0.546
01/29/2018 20:23:40 [INFO] exp_shallowmodel: classification report:
01/29/2018 20:23:40 [INFO] exp_shallowmodel:              precision    recall  f1-score   support

          A       0.00      0.00      0.00        14
          C       0.72      0.73      0.72       164
          F       0.84      0.92      0.88       268
          R       0.62      0.55      0.58       125

avg / total       0.74      0.76      0.75       571

01/29/2018 20:23:40 [INFO] exp_shallowmodel: confusion matrix:
01/29/2018 20:23:40 [INFO] exp_shallowmodel: 
[[  0   3  10   1]
 [  0 119  13  32]
 [  0  11 247  10]
 [  0  33  23  69]]
01/29/2018 20:23:40 [INFO] exp_shallowmodel: ******************** dstc2 - Round 35 
01/29/2018 20:23:40 [INFO] exp_shallowmodel: #(data) = 4583
01/29/2018 20:23:40 [INFO] exp_shallowmodel: #(feature) = 17
01/29/2018 20:23:40 [INFO] exp_shallowmodel: ================================================================================
01/29/2018 20:23:40 [INFO] exp_shallowmodel: LR.pen=l1.C=1.000000
01/29/2018 20:23:40 [INFO] exp_shallowmodel: ________________________________________________________________________________
01/29/2018 20:23:40 [INFO] exp_shallowmodel: Training: 
01/29/2018 20:23:40 [INFO] exp_shallowmodel: LogisticRegression(C=1, class_weight=None, dual=False, fit_intercept=True,
          intercept_scaling=1, max_iter=100, multi_class='ovr', n_jobs=1,
          penalty='l1', random_state=None, solver='liblinear', tol=0.0001,
          verbose=0, warm_start=False)
01/29/2018 20:23:40 [INFO] exp_shallowmodel: train time: 0.052s
01/29/2018 20:23:40 [INFO] exp_shallowmodel: test time:  0.000s
01/29/2018 20:23:40 [INFO] exp_shallowmodel: accuracy:   0.767
01/29/2018 20:23:40 [INFO] exp_shallowmodel: f1_score:   0.557
01/29/2018 20:23:40 [INFO] exp_shallowmodel: classification report:
01/29/2018 20:23:40 [INFO] exp_shallowmodel:              precision    recall  f1-score   support

          A       0.00      0.00      0.00        14
          C       0.76      0.72      0.74       164
          F       0.82      0.91      0.86       268
          R       0.64      0.61      0.63       125

avg / total       0.74      0.77      0.75       571

01/29/2018 20:23:40 [INFO] exp_shallowmodel: confusion matrix:
01/29/2018 20:23:40 [INFO] exp_shallowmodel: 
[[  0   1  10   3]
 [  0 118  21  25]
 [  0  10 244  14]
 [  0  27  22  76]]
01/29/2018 20:23:40 [INFO] exp_shallowmodel: ******************** dstc2 - Round 36 
01/29/2018 20:23:40 [INFO] exp_shallowmodel: #(data) = 4583
01/29/2018 20:23:40 [INFO] exp_shallowmodel: #(feature) = 17
01/29/2018 20:23:40 [INFO] exp_shallowmodel: ================================================================================
01/29/2018 20:23:40 [INFO] exp_shallowmodel: LR.pen=l1.C=1.000000
01/29/2018 20:23:40 [INFO] exp_shallowmodel: ________________________________________________________________________________
01/29/2018 20:23:40 [INFO] exp_shallowmodel: Training: 
01/29/2018 20:23:40 [INFO] exp_shallowmodel: LogisticRegression(C=1, class_weight=None, dual=False, fit_intercept=True,
          intercept_scaling=1, max_iter=100, multi_class='ovr', n_jobs=1,
          penalty='l1', random_state=None, solver='liblinear', tol=0.0001,
          verbose=0, warm_start=False)
01/29/2018 20:23:40 [INFO] exp_shallowmodel: train time: 0.052s
01/29/2018 20:23:40 [INFO] exp_shallowmodel: test time:  0.000s
01/29/2018 20:23:40 [INFO] exp_shallowmodel: accuracy:   0.730
01/29/2018 20:23:40 [INFO] exp_shallowmodel: f1_score:   0.520
01/29/2018 20:23:40 [INFO] exp_shallowmodel: classification report:
01/29/2018 20:23:40 [INFO] exp_shallowmodel:              precision    recall  f1-score   support

          A       0.00      0.00      0.00        14
          C       0.67      0.70      0.69       164
          F       0.80      0.90      0.85       268
          R       0.62      0.49      0.54       125

avg / total       0.70      0.73      0.71       571

01/29/2018 20:23:40 [INFO] exp_shallowmodel: confusion matrix:
01/29/2018 20:23:40 [INFO] exp_shallowmodel: 
[[  0   2  12   0]
 [  0 115  21  28]
 [  0  17 241  10]
 [  0  37  27  61]]
01/29/2018 20:23:40 [INFO] exp_shallowmodel: ******************** dstc2 - Round 37 
01/29/2018 20:23:40 [INFO] exp_shallowmodel: #(data) = 4583
01/29/2018 20:23:40 [INFO] exp_shallowmodel: #(feature) = 17
01/29/2018 20:23:40 [INFO] exp_shallowmodel: ================================================================================
01/29/2018 20:23:40 [INFO] exp_shallowmodel: LR.pen=l1.C=1.000000
01/29/2018 20:23:40 [INFO] exp_shallowmodel: ________________________________________________________________________________
01/29/2018 20:23:40 [INFO] exp_shallowmodel: Training: 
01/29/2018 20:23:40 [INFO] exp_shallowmodel: LogisticRegression(C=1, class_weight=None, dual=False, fit_intercept=True,
          intercept_scaling=1, max_iter=100, multi_class='ovr', n_jobs=1,
          penalty='l1', random_state=None, solver='liblinear', tol=0.0001,
          verbose=0, warm_start=False)
01/29/2018 20:23:40 [INFO] exp_shallowmodel: train time: 0.051s
01/29/2018 20:23:40 [INFO] exp_shallowmodel: test time:  0.000s
01/29/2018 20:23:40 [INFO] exp_shallowmodel: accuracy:   0.771
01/29/2018 20:23:40 [INFO] exp_shallowmodel: f1_score:   0.556
01/29/2018 20:23:40 [INFO] exp_shallowmodel: classification report:
01/29/2018 20:23:40 [INFO] exp_shallowmodel:              precision    recall  f1-score   support

          A       0.00      0.00      0.00        14
          C       0.76      0.74      0.75       164
          F       0.80      0.93      0.86       268
          R       0.70      0.55      0.62       125

avg / total       0.75      0.77      0.75       571

01/29/2018 20:23:40 [INFO] exp_shallowmodel: confusion matrix:
01/29/2018 20:23:40 [INFO] exp_shallowmodel: 
[[  0   0  12   2]
 [  0 121  27  16]
 [  0   6 250  12]
 [  0  32  24  69]]
01/29/2018 20:23:40 [INFO] exp_shallowmodel: ******************** dstc2 - Round 38 
01/29/2018 20:23:40 [INFO] exp_shallowmodel: #(data) = 4583
01/29/2018 20:23:40 [INFO] exp_shallowmodel: #(feature) = 17
01/29/2018 20:23:40 [INFO] exp_shallowmodel: ================================================================================
01/29/2018 20:23:40 [INFO] exp_shallowmodel: LR.pen=l1.C=1.000000
01/29/2018 20:23:40 [INFO] exp_shallowmodel: ________________________________________________________________________________
01/29/2018 20:23:40 [INFO] exp_shallowmodel: Training: 
01/29/2018 20:23:40 [INFO] exp_shallowmodel: LogisticRegression(C=1, class_weight=None, dual=False, fit_intercept=True,
          intercept_scaling=1, max_iter=100, multi_class='ovr', n_jobs=1,
          penalty='l1', random_state=None, solver='liblinear', tol=0.0001,
          verbose=0, warm_start=False)
01/29/2018 20:23:40 [INFO] exp_shallowmodel: train time: 0.050s
01/29/2018 20:23:40 [INFO] exp_shallowmodel: test time:  0.000s
01/29/2018 20:23:40 [INFO] exp_shallowmodel: accuracy:   0.729
01/29/2018 20:23:40 [INFO] exp_shallowmodel: f1_score:   0.520
01/29/2018 20:23:40 [INFO] exp_shallowmodel: classification report:
01/29/2018 20:23:40 [INFO] exp_shallowmodel:              precision    recall  f1-score   support

          A       0.00      0.00      0.00        14
          C       0.72      0.65      0.68       164
          F       0.79      0.91      0.85       268
          R       0.57      0.53      0.55       125

avg / total       0.70      0.73      0.71       571

01/29/2018 20:23:40 [INFO] exp_shallowmodel: confusion matrix:
01/29/2018 20:23:40 [INFO] exp_shallowmodel: 
[[  0   3   9   2]
 [  0 107  23  34]
 [  0  11 243  14]
 [  0  28  31  66]]
01/29/2018 20:23:40 [INFO] exp_shallowmodel: ******************** dstc2 - Round 39 
01/29/2018 20:23:40 [INFO] exp_shallowmodel: #(data) = 4568
01/29/2018 20:23:40 [INFO] exp_shallowmodel: #(feature) = 17
01/29/2018 20:23:40 [INFO] exp_shallowmodel: ================================================================================
01/29/2018 20:23:40 [INFO] exp_shallowmodel: LR.pen=l1.C=1.000000
01/29/2018 20:23:40 [INFO] exp_shallowmodel: ________________________________________________________________________________
01/29/2018 20:23:40 [INFO] exp_shallowmodel: Training: 
01/29/2018 20:23:40 [INFO] exp_shallowmodel: LogisticRegression(C=1, class_weight=None, dual=False, fit_intercept=True,
          intercept_scaling=1, max_iter=100, multi_class='ovr', n_jobs=1,
          penalty='l1', random_state=None, solver='liblinear', tol=0.0001,
          verbose=0, warm_start=False)
01/29/2018 20:23:40 [INFO] exp_shallowmodel: train time: 0.052s
01/29/2018 20:23:40 [INFO] exp_shallowmodel: test time:  0.000s
01/29/2018 20:23:40 [INFO] exp_shallowmodel: accuracy:   0.720
01/29/2018 20:23:40 [INFO] exp_shallowmodel: f1_score:   0.519
01/29/2018 20:23:40 [INFO] exp_shallowmodel: classification report:
01/29/2018 20:23:40 [INFO] exp_shallowmodel:              precision    recall  f1-score   support

          A       0.00      0.00      0.00        16
          C       0.68      0.72      0.70       169
          F       0.80      0.86      0.83       271
          R       0.58      0.52      0.55       130

avg / total       0.70      0.72      0.71       586

01/29/2018 20:23:40 [INFO] exp_shallowmodel: confusion matrix:
01/29/2018 20:23:40 [INFO] exp_shallowmodel: 
[[  0   4   9   3]
 [  0 121  18  30]
 [  0  21 233  17]
 [  0  32  30  68]]
01/29/2018 20:23:40 [INFO] exp_shallowmodel: ******************** dstc2 - Round 40 
01/29/2018 20:23:40 [INFO] exp_shallowmodel: #(data) = 4583
01/29/2018 20:23:40 [INFO] exp_shallowmodel: #(feature) = 17
01/29/2018 20:23:40 [INFO] exp_shallowmodel: ================================================================================
01/29/2018 20:23:40 [INFO] exp_shallowmodel: LR.pen=l1.C=1.000000
01/29/2018 20:23:40 [INFO] exp_shallowmodel: ________________________________________________________________________________
01/29/2018 20:23:40 [INFO] exp_shallowmodel: Training: 
01/29/2018 20:23:40 [INFO] exp_shallowmodel: LogisticRegression(C=1, class_weight=None, dual=False, fit_intercept=True,
          intercept_scaling=1, max_iter=100, multi_class='ovr', n_jobs=1,
          penalty='l1', random_state=None, solver='liblinear', tol=0.0001,
          verbose=0, warm_start=False)
01/29/2018 20:23:40 [INFO] exp_shallowmodel: train time: 0.052s
01/29/2018 20:23:40 [INFO] exp_shallowmodel: test time:  0.000s
01/29/2018 20:23:40 [INFO] exp_shallowmodel: accuracy:   0.758
01/29/2018 20:23:40 [INFO] exp_shallowmodel: f1_score:   0.541
01/29/2018 20:23:40 [INFO] exp_shallowmodel: classification report:
01/29/2018 20:23:40 [INFO] exp_shallowmodel:              precision    recall  f1-score   support

          A       0.00      0.00      0.00        14
          C       0.73      0.76      0.74       164
          F       0.82      0.92      0.87       268
          R       0.62      0.50      0.56       125

avg / total       0.73      0.76      0.74       571

01/29/2018 20:23:40 [INFO] exp_shallowmodel: confusion matrix:
01/29/2018 20:23:40 [INFO] exp_shallowmodel: 
[[  0   6   7   1]
 [  0 124  13  27]
 [  0  11 246  11]
 [  0  29  33  63]]
01/29/2018 20:23:40 [INFO] exp_shallowmodel: ******************** dstc2 - Round 41 
01/29/2018 20:23:40 [INFO] exp_shallowmodel: #(data) = 4583
01/29/2018 20:23:40 [INFO] exp_shallowmodel: #(feature) = 17
01/29/2018 20:23:40 [INFO] exp_shallowmodel: ================================================================================
01/29/2018 20:23:40 [INFO] exp_shallowmodel: LR.pen=l1.C=1.000000
01/29/2018 20:23:40 [INFO] exp_shallowmodel: ________________________________________________________________________________
01/29/2018 20:23:40 [INFO] exp_shallowmodel: Training: 
01/29/2018 20:23:40 [INFO] exp_shallowmodel: LogisticRegression(C=1, class_weight=None, dual=False, fit_intercept=True,
          intercept_scaling=1, max_iter=100, multi_class='ovr', n_jobs=1,
          penalty='l1', random_state=None, solver='liblinear', tol=0.0001,
          verbose=0, warm_start=False)
01/29/2018 20:23:40 [INFO] exp_shallowmodel: train time: 0.051s
01/29/2018 20:23:40 [INFO] exp_shallowmodel: test time:  0.000s
01/29/2018 20:23:40 [INFO] exp_shallowmodel: accuracy:   0.744
01/29/2018 20:23:40 [INFO] exp_shallowmodel: f1_score:   0.541
01/29/2018 20:23:40 [INFO] exp_shallowmodel: classification report:
01/29/2018 20:23:40 [INFO] exp_shallowmodel:              precision    recall  f1-score   support

          A       0.00      0.00      0.00        14
          C       0.70      0.71      0.70       164
          F       0.82      0.87      0.84       268
          R       0.63      0.60      0.61       125

avg / total       0.72      0.74      0.73       571

01/29/2018 20:23:40 [INFO] exp_shallowmodel: confusion matrix:
01/29/2018 20:23:40 [INFO] exp_shallowmodel: 
[[  0   2  12   0]
 [  0 117  18  29]
 [  0  20 233  15]
 [  0  29  21  75]]
01/29/2018 20:23:40 [INFO] exp_shallowmodel: ******************** dstc2 - Round 42 
01/29/2018 20:23:40 [INFO] exp_shallowmodel: #(data) = 4583
01/29/2018 20:23:40 [INFO] exp_shallowmodel: #(feature) = 17
01/29/2018 20:23:40 [INFO] exp_shallowmodel: ================================================================================
01/29/2018 20:23:40 [INFO] exp_shallowmodel: LR.pen=l1.C=1.000000
01/29/2018 20:23:40 [INFO] exp_shallowmodel: ________________________________________________________________________________
01/29/2018 20:23:40 [INFO] exp_shallowmodel: Training: 
01/29/2018 20:23:40 [INFO] exp_shallowmodel: LogisticRegression(C=1, class_weight=None, dual=False, fit_intercept=True,
          intercept_scaling=1, max_iter=100, multi_class='ovr', n_jobs=1,
          penalty='l1', random_state=None, solver='liblinear', tol=0.0001,
          verbose=0, warm_start=False)
01/29/2018 20:23:40 [INFO] exp_shallowmodel: train time: 0.052s
01/29/2018 20:23:40 [INFO] exp_shallowmodel: test time:  0.000s
01/29/2018 20:23:40 [INFO] exp_shallowmodel: accuracy:   0.715
01/29/2018 20:23:40 [INFO] exp_shallowmodel: f1_score:   0.507
01/29/2018 20:23:40 [INFO] exp_shallowmodel: classification report:
01/29/2018 20:23:40 [INFO] exp_shallowmodel:              precision    recall  f1-score   support

          A       0.00      0.00      0.00        14
          C       0.68      0.63      0.65       164
          F       0.80      0.90      0.84       268
          R       0.55      0.51      0.53       125

avg / total       0.69      0.71      0.70       571

01/29/2018 20:23:40 [INFO] exp_shallowmodel: confusion matrix:
01/29/2018 20:23:40 [INFO] exp_shallowmodel: 
[[  0   1   9   4]
 [  0 103  24  37]
 [  0  15 241  12]
 [  0  32  29  64]]
01/29/2018 20:23:40 [INFO] exp_shallowmodel: ******************** dstc2 - Round 43 
01/29/2018 20:23:40 [INFO] exp_shallowmodel: #(data) = 4583
01/29/2018 20:23:40 [INFO] exp_shallowmodel: #(feature) = 17
01/29/2018 20:23:40 [INFO] exp_shallowmodel: ================================================================================
01/29/2018 20:23:40 [INFO] exp_shallowmodel: LR.pen=l1.C=1.000000
01/29/2018 20:23:40 [INFO] exp_shallowmodel: ________________________________________________________________________________
01/29/2018 20:23:40 [INFO] exp_shallowmodel: Training: 
01/29/2018 20:23:40 [INFO] exp_shallowmodel: LogisticRegression(C=1, class_weight=None, dual=False, fit_intercept=True,
          intercept_scaling=1, max_iter=100, multi_class='ovr', n_jobs=1,
          penalty='l1', random_state=None, solver='liblinear', tol=0.0001,
          verbose=0, warm_start=False)
01/29/2018 20:23:40 [INFO] exp_shallowmodel: train time: 0.050s
01/29/2018 20:23:40 [INFO] exp_shallowmodel: test time:  0.000s
01/29/2018 20:23:40 [INFO] exp_shallowmodel: accuracy:   0.732
01/29/2018 20:23:40 [INFO] exp_shallowmodel: f1_score:   0.524
01/29/2018 20:23:40 [INFO] exp_shallowmodel: classification report:
01/29/2018 20:23:40 [INFO] exp_shallowmodel:              precision    recall  f1-score   support

          A       0.00      0.00      0.00        14
          C       0.66      0.71      0.68       164
          F       0.81      0.89      0.85       268
          R       0.62      0.51      0.56       125

avg / total       0.71      0.73      0.72       571

01/29/2018 20:23:40 [INFO] exp_shallowmodel: confusion matrix:
01/29/2018 20:23:40 [INFO] exp_shallowmodel: 
[[  0   1  12   1]
 [  0 116  20  28]
 [  0  20 238  10]
 [  0  38  23  64]]
01/29/2018 20:23:40 [INFO] exp_shallowmodel: ******************** dstc2 - Round 44 
01/29/2018 20:23:40 [INFO] exp_shallowmodel: #(data) = 4583
01/29/2018 20:23:40 [INFO] exp_shallowmodel: #(feature) = 17
01/29/2018 20:23:40 [INFO] exp_shallowmodel: ================================================================================
01/29/2018 20:23:40 [INFO] exp_shallowmodel: LR.pen=l1.C=1.000000
01/29/2018 20:23:40 [INFO] exp_shallowmodel: ________________________________________________________________________________
01/29/2018 20:23:40 [INFO] exp_shallowmodel: Training: 
01/29/2018 20:23:40 [INFO] exp_shallowmodel: LogisticRegression(C=1, class_weight=None, dual=False, fit_intercept=True,
          intercept_scaling=1, max_iter=100, multi_class='ovr', n_jobs=1,
          penalty='l1', random_state=None, solver='liblinear', tol=0.0001,
          verbose=0, warm_start=False)
01/29/2018 20:23:40 [INFO] exp_shallowmodel: train time: 0.054s
01/29/2018 20:23:40 [INFO] exp_shallowmodel: test time:  0.000s
01/29/2018 20:23:40 [INFO] exp_shallowmodel: accuracy:   0.762
01/29/2018 20:23:40 [INFO] exp_shallowmodel: f1_score:   0.550
01/29/2018 20:23:40 [INFO] exp_shallowmodel: classification report:
01/29/2018 20:23:40 [INFO] exp_shallowmodel:              precision    recall  f1-score   support

          A       0.00      0.00      0.00        14
          C       0.72      0.70      0.71       164
          F       0.82      0.92      0.87       268
          R       0.66      0.59      0.62       125

avg / total       0.74      0.76      0.75       571

01/29/2018 20:23:40 [INFO] exp_shallowmodel: confusion matrix:
01/29/2018 20:23:40 [INFO] exp_shallowmodel: 
[[  0   3   7   4]
 [  0 114  23  27]
 [  0  14 247   7]
 [  0  27  24  74]]
01/29/2018 20:23:40 [INFO] exp_shallowmodel: ******************** dstc2 - Round 45 
01/29/2018 20:23:40 [INFO] exp_shallowmodel: #(data) = 4583
01/29/2018 20:23:40 [INFO] exp_shallowmodel: #(feature) = 17
01/29/2018 20:23:40 [INFO] exp_shallowmodel: ================================================================================
01/29/2018 20:23:40 [INFO] exp_shallowmodel: LR.pen=l1.C=1.000000
01/29/2018 20:23:40 [INFO] exp_shallowmodel: ________________________________________________________________________________
01/29/2018 20:23:40 [INFO] exp_shallowmodel: Training: 
01/29/2018 20:23:40 [INFO] exp_shallowmodel: LogisticRegression(C=1, class_weight=None, dual=False, fit_intercept=True,
          intercept_scaling=1, max_iter=100, multi_class='ovr', n_jobs=1,
          penalty='l1', random_state=None, solver='liblinear', tol=0.0001,
          verbose=0, warm_start=False)
01/29/2018 20:23:40 [INFO] exp_shallowmodel: train time: 0.052s
01/29/2018 20:23:40 [INFO] exp_shallowmodel: test time:  0.000s
01/29/2018 20:23:40 [INFO] exp_shallowmodel: accuracy:   0.732
01/29/2018 20:23:40 [INFO] exp_shallowmodel: f1_score:   0.519
01/29/2018 20:23:40 [INFO] exp_shallowmodel: classification report:
01/29/2018 20:23:40 [INFO] exp_shallowmodel:              precision    recall  f1-score   support

          A       0.00      0.00      0.00        14
          C       0.71      0.69      0.70       164
          F       0.81      0.91      0.86       268
          R       0.55      0.49      0.52       125

avg / total       0.70      0.73      0.72       571

01/29/2018 20:23:40 [INFO] exp_shallowmodel: confusion matrix:
01/29/2018 20:23:40 [INFO] exp_shallowmodel: 
[[  0   4   9   1]
 [  0 113  19  32]
 [  0   8 244  16]
 [  0  34  30  61]]
01/29/2018 20:23:40 [INFO] exp_shallowmodel: ******************** dstc2 - Round 46 
01/29/2018 20:23:40 [INFO] exp_shallowmodel: #(data) = 4583
01/29/2018 20:23:40 [INFO] exp_shallowmodel: #(feature) = 17
01/29/2018 20:23:40 [INFO] exp_shallowmodel: ================================================================================
01/29/2018 20:23:40 [INFO] exp_shallowmodel: LR.pen=l1.C=1.000000
01/29/2018 20:23:40 [INFO] exp_shallowmodel: ________________________________________________________________________________
01/29/2018 20:23:40 [INFO] exp_shallowmodel: Training: 
01/29/2018 20:23:40 [INFO] exp_shallowmodel: LogisticRegression(C=1, class_weight=None, dual=False, fit_intercept=True,
          intercept_scaling=1, max_iter=100, multi_class='ovr', n_jobs=1,
          penalty='l1', random_state=None, solver='liblinear', tol=0.0001,
          verbose=0, warm_start=False)
01/29/2018 20:23:40 [INFO] exp_shallowmodel: train time: 0.050s
01/29/2018 20:23:40 [INFO] exp_shallowmodel: test time:  0.000s
01/29/2018 20:23:40 [INFO] exp_shallowmodel: accuracy:   0.741
01/29/2018 20:23:40 [INFO] exp_shallowmodel: f1_score:   0.534
01/29/2018 20:23:40 [INFO] exp_shallowmodel: classification report:
01/29/2018 20:23:40 [INFO] exp_shallowmodel:              precision    recall  f1-score   support

          A       0.00      0.00      0.00        14
          C       0.72      0.71      0.72       164
          F       0.79      0.89      0.84       268
          R       0.64      0.54      0.59       125

avg / total       0.72      0.74      0.73       571

01/29/2018 20:23:40 [INFO] exp_shallowmodel: confusion matrix:
01/29/2018 20:23:40 [INFO] exp_shallowmodel: 
[[  0   0  10   4]
 [  0 117  29  18]
 [  0  14 239  15]
 [  0  32  26  67]]
01/29/2018 20:23:40 [INFO] exp_shallowmodel: ******************** dstc2 - Round 47 
01/29/2018 20:23:40 [INFO] exp_shallowmodel: #(data) = 4583
01/29/2018 20:23:40 [INFO] exp_shallowmodel: #(feature) = 17
01/29/2018 20:23:40 [INFO] exp_shallowmodel: ================================================================================
01/29/2018 20:23:40 [INFO] exp_shallowmodel: LR.pen=l1.C=1.000000
01/29/2018 20:23:40 [INFO] exp_shallowmodel: ________________________________________________________________________________
01/29/2018 20:23:40 [INFO] exp_shallowmodel: Training: 
01/29/2018 20:23:40 [INFO] exp_shallowmodel: LogisticRegression(C=1, class_weight=None, dual=False, fit_intercept=True,
          intercept_scaling=1, max_iter=100, multi_class='ovr', n_jobs=1,
          penalty='l1', random_state=None, solver='liblinear', tol=0.0001,
          verbose=0, warm_start=False)
01/29/2018 20:23:40 [INFO] exp_shallowmodel: train time: 0.050s
01/29/2018 20:23:40 [INFO] exp_shallowmodel: test time:  0.000s
01/29/2018 20:23:40 [INFO] exp_shallowmodel: accuracy:   0.786
01/29/2018 20:23:40 [INFO] exp_shallowmodel: f1_score:   0.568
01/29/2018 20:23:40 [INFO] exp_shallowmodel: classification report:
01/29/2018 20:23:40 [INFO] exp_shallowmodel:              precision    recall  f1-score   support

          A       0.00      0.00      0.00        14
          C       0.72      0.77      0.75       164
          F       0.86      0.93      0.90       268
          R       0.68      0.58      0.63       125

avg / total       0.76      0.79      0.77       571

01/29/2018 20:23:40 [INFO] exp_shallowmodel: confusion matrix:
01/29/2018 20:23:40 [INFO] exp_shallowmodel: 
[[  0   2  10   2]
 [  0 126  10  28]
 [  0  14 250   4]
 [  0  32  20  73]]
01/29/2018 20:23:40 [INFO] exp_shallowmodel: ******************** dstc2 - Round 48 
01/29/2018 20:23:40 [INFO] exp_shallowmodel: #(data) = 4583
01/29/2018 20:23:40 [INFO] exp_shallowmodel: #(feature) = 17
01/29/2018 20:23:40 [INFO] exp_shallowmodel: ================================================================================
01/29/2018 20:23:40 [INFO] exp_shallowmodel: LR.pen=l1.C=1.000000
01/29/2018 20:23:40 [INFO] exp_shallowmodel: ________________________________________________________________________________
01/29/2018 20:23:40 [INFO] exp_shallowmodel: Training: 
01/29/2018 20:23:40 [INFO] exp_shallowmodel: LogisticRegression(C=1, class_weight=None, dual=False, fit_intercept=True,
          intercept_scaling=1, max_iter=100, multi_class='ovr', n_jobs=1,
          penalty='l1', random_state=None, solver='liblinear', tol=0.0001,
          verbose=0, warm_start=False)
01/29/2018 20:23:40 [INFO] exp_shallowmodel: train time: 0.050s
01/29/2018 20:23:40 [INFO] exp_shallowmodel: test time:  0.000s
01/29/2018 20:23:40 [INFO] exp_shallowmodel: accuracy:   0.725
01/29/2018 20:23:40 [INFO] exp_shallowmodel: f1_score:   0.520
01/29/2018 20:23:40 [INFO] exp_shallowmodel: classification report:
01/29/2018 20:23:40 [INFO] exp_shallowmodel:              precision    recall  f1-score   support

          A       0.00      0.00      0.00        14
          C       0.70      0.71      0.70       164
          F       0.77      0.88      0.82       268
          R       0.64      0.50      0.56       125

avg / total       0.70      0.73      0.71       571

01/29/2018 20:23:40 [INFO] exp_shallowmodel: confusion matrix:
01/29/2018 20:23:40 [INFO] exp_shallowmodel: 
[[  0   1  13   0]
 [  0 116  25  23]
 [  0  20 236  12]
 [  0  29  34  62]]
01/29/2018 20:23:40 [INFO] exp_shallowmodel: ******************** dstc2 - Round 49 
01/29/2018 20:23:40 [INFO] exp_shallowmodel: #(data) = 4568
01/29/2018 20:23:40 [INFO] exp_shallowmodel: #(feature) = 17
01/29/2018 20:23:40 [INFO] exp_shallowmodel: ================================================================================
01/29/2018 20:23:40 [INFO] exp_shallowmodel: LR.pen=l1.C=1.000000
01/29/2018 20:23:40 [INFO] exp_shallowmodel: ________________________________________________________________________________
01/29/2018 20:23:40 [INFO] exp_shallowmodel: Training: 
01/29/2018 20:23:40 [INFO] exp_shallowmodel: LogisticRegression(C=1, class_weight=None, dual=False, fit_intercept=True,
          intercept_scaling=1, max_iter=100, multi_class='ovr', n_jobs=1,
          penalty='l1', random_state=None, solver='liblinear', tol=0.0001,
          verbose=0, warm_start=False)
01/29/2018 20:23:41 [INFO] exp_shallowmodel: train time: 0.053s
01/29/2018 20:23:41 [INFO] exp_shallowmodel: test time:  0.000s
01/29/2018 20:23:41 [INFO] exp_shallowmodel: accuracy:   0.756
01/29/2018 20:23:41 [INFO] exp_shallowmodel: f1_score:   0.549
01/29/2018 20:23:41 [INFO] exp_shallowmodel: classification report:
01/29/2018 20:23:41 [INFO] exp_shallowmodel:              precision    recall  f1-score   support

          A       0.00      0.00      0.00        16
          C       0.74      0.71      0.73       169
          F       0.80      0.91      0.85       271
          R       0.66      0.58      0.62       130

avg / total       0.73      0.76      0.74       586

01/29/2018 20:23:41 [INFO] exp_shallowmodel: confusion matrix:
01/29/2018 20:23:41 [INFO] exp_shallowmodel: 
[[  0   3  13   0]
 [  0 120  24  25]
 [  0  10 247  14]
 [  0  29  25  76]]
