01/29/2018 20:20:41 [INFO] configuration: experiment_mode  :   continuous_feature_selection
01/29/2018 20:20:41 [INFO] configuration: deep_model  :   False
01/29/2018 20:20:41 [INFO] configuration: selected_context_id  :   0
01/29/2018 20:20:41 [INFO] configuration: selected_feature_set_id  :   5
01/29/2018 20:20:41 [INFO] configuration: similarity_feature  :   True
01/29/2018 20:20:41 [INFO] configuration: k_feature_to_keep  :   -1
01/29/2018 20:20:41 [INFO] configuration: k_component_for_pca  :   6
01/29/2018 20:20:41 [INFO] configuration: seed  :   154316847
01/29/2018 20:20:41 [INFO] configuration: root_path  :   /ihome/pbrusilosky/rum20/y_classify
01/29/2018 20:20:41 [INFO] configuration: task_name  :   utterance_type
01/29/2018 20:20:41 [INFO] configuration: timemark  :   20180129-202041
01/29/2018 20:20:41 [INFO] configuration: context_set  :   next
01/29/2018 20:20:41 [INFO] configuration: utterance_names  :   ['last_user_utterance', 'last_system_utterance', 'current_user_utterance', 'next_system_utterance', 'next_user_utterance']
01/29/2018 20:20:41 [INFO] configuration: utterance_range  :   ['current_user_utterance', 'next_system_utterance', 'next_user_utterance']
01/29/2018 20:20:41 [INFO] configuration: feature_set  :   5-lda
01/29/2018 20:20:41 [INFO] configuration: feature_set_number  :   ['8']
01/29/2018 20:20:41 [INFO] configuration: experiment_name  :   20180129-202041.continuous_feature_selection.pca_component=6.feature_number=-1.context=next.feature=5-lda.similarity=true
01/29/2018 20:20:41 [INFO] configuration: experiment_path  :   /ihome/pbrusilosky/rum20/y_classify/output/20180129-202041.continuous_feature_selection.pca_component=6.feature_number=-1.context=next.feature=5-lda.similarity=true
01/29/2018 20:20:41 [INFO] configuration: log_path  :   /ihome/pbrusilosky/rum20/y_classify/output/20180129-202041.continuous_feature_selection.pca_component=6.feature_number=-1.context=next.feature=5-lda.similarity=true/output.log
01/29/2018 20:20:41 [INFO] configuration: valid_type  :   {'C', 'F', 'A', 'R'}
01/29/2018 20:20:41 [INFO] configuration: data_name  :   
01/29/2018 20:20:41 [INFO] configuration: data_names  :   ['dstc2', 'dstc3', 'family', 'ghome']
01/29/2018 20:20:41 [INFO] configuration: raw_feature_path  :   /ihome/pbrusilosky/rum20/y_classify/dataset/feature/%s.raw_feature.pkl
01/29/2018 20:20:41 [INFO] configuration: extracted_feature_path  :   /ihome/pbrusilosky/rum20/y_classify/dataset/feature/%s.extracted_feature.pkl
01/29/2018 20:20:41 [INFO] configuration: pipeline_path  :   /ihome/pbrusilosky/rum20/y_classify/dataset/feature/%s.pipeline.pkl
01/29/2018 20:20:41 [INFO] configuration: metrics  :   ['accuracy', 'precision', 'recall', 'f1_score', 'training_time', 'test_time']
01/29/2018 20:20:41 [INFO] configuration: do_cross_validation  :   True
01/29/2018 20:20:41 [INFO] configuration: #division  :   5
01/29/2018 20:20:41 [INFO] configuration: #cross_validation  :   10
01/29/2018 20:20:41 [INFO] configuration: cv_index_cache_path  :   
01/29/2018 20:20:41 [INFO] configuration: action_words  :   {'music', 'reminds', 'discard', 'show', 'tell', 'else', 'clear', 'phone', 'north', 'telephon', 'alarm', 'timer', 'telephone', 'temperatur', 'price', 'expens', 'song', 'findcare', 'centr', 'moderate', 'play', 'item', 'volume', 'remind', 'add', 'number', 'share', 'remove', 'volum', 'room', 'watch', 'any', 'weather', 'moder', 'reminder', 'time', 'items', 'south', 'help', 'turn', 'cheap', 'video', 'temperature', 'skip', 'remov', 'shuffl', 'snooz', 'ani', 'reminders', 'delete', 'centre', 'post', 'part', 'shuffle', 'els', 'area', 'light', 'food', 'delet', 'expensive', 'list', 'snooze', 'start', 'next', 'address', 'findcar', 'member', 'matter', 'stop', 'cast'}
01/29/2018 20:20:41 [INFO] configuration: corenlp_jars  :   ('/Users/memray/Project/stanford/stanford-corenlp-full-3.8.0/*', '/Users/memray/Project/stanford/stanford-corenlp-full-3.8.0/stanford-english-kbp-corenlp-2017-06-09-models.jar')
01/29/2018 20:20:41 [INFO] configuration: lda_topic_number  :   50
01/29/2018 20:20:41 [INFO] configuration: lda_path  :   /ihome/pbrusilosky/rum20/y_classify/dataset/feature/gensim/%s.topic=50.lda.pkl
01/29/2018 20:20:41 [INFO] configuration: gensim_corpus_path  :   /ihome/pbrusilosky/rum20/y_classify/dataset/feature/gensim/%s.corpus.pkl
01/29/2018 20:20:41 [INFO] configuration: gensim_dict_path  :   /ihome/pbrusilosky/rum20/y_classify/dataset/feature/gensim/%s.dict
01/29/2018 20:20:41 [INFO] configuration: w2v_path  :   /home/memray/Data/glove/GoogleNews-vectors-negative300.bin
01/29/2018 20:20:41 [INFO] configuration: w2v_vector_length  :   300
01/29/2018 20:20:41 [INFO] configuration: d2v_vector_length  :   300
01/29/2018 20:20:41 [INFO] configuration: d2v_window_size  :   5
01/29/2018 20:20:41 [INFO] configuration: d2v_min_count  :   2
01/29/2018 20:20:41 [INFO] configuration: d2v_model_path  :   /ihome/pbrusilosky/rum20/y_classify/dataset/feature/gensim/%s.doc2vec.dim=300.window=5.min_count=2.model
01/29/2018 20:20:41 [INFO] configuration: d2v_vector_path  :   /ihome/pbrusilosky/rum20/y_classify/dataset/feature/gensim/%s.doc2vec.dim=300.window=5.min_count=2.vector
01/29/2018 20:20:41 [INFO] configuration: num_word_keep  :   {'dstc2': 300, 'dstc3': 300, 'family': 1000, 'ghome': 1000}
01/29/2018 20:20:41 [INFO] configuration: batch_size  :   128
01/29/2018 20:20:41 [INFO] configuration: max_epoch  :   50
01/29/2018 20:20:41 [INFO] configuration: early_stop_tolerance  :   2
01/29/2018 20:20:41 [INFO] configuration: concat_sents  :   False
01/29/2018 20:20:41 [INFO] configuration: cnn_setting  :   {'model': 'multichannel', 'early_stopping': True, 'word_dim': 300, 'filters': [3, 4, 5], 'filter_num': [100, 100, 100], 'class_size': 4, 'batch_size': 128, 'learning_rate': 0.001, 'norm_limit': 10, 'dropout_prob': 0.0, 'sentence_num': 3}
01/29/2018 20:20:41 [INFO] configuration: skipthought_setting  :   {'skipthought_model_path': '/Users/memray/Data/skip-thought', 'skipthought_data_path': '/ihome/pbrusilosky/rum20/y_classify/dataset/feature/gensim/%s.skip-thought.biskip.vector', 'fixed_emb': True, 'sentence_num': 3, 'hidden_size': 2400, 'class_size': 4, 'learning_rate': 0.0001, 'norm_limit': 3, 'dropout_prob': 0.5}
01/29/2018 20:20:41 [INFO] configuration: lstm_setting  :   {'model': 'non-static', 'hidden_size': 32, 'embedding_size': 300, 'num_layers': 1, 'bidirectional': False, 'learning_rate': 0.001, 'class_size': 4, 'norm_limit': 2, 'clip_grad_norm': 2, 'dropout_prob': 0.1}
01/29/2018 20:20:43 [INFO] exp_shallowmodel: %%%%%%%%%%%%%%%%%%%%%%%%%%%%%%%%%%%%%%%%%%%%%%%%%%
01/29/2018 20:20:43 [INFO] exp_shallowmodel:           dataset=dstc2
01/29/2018 20:20:43 [INFO] exp_shallowmodel:           X_new.shape=(5725, 65)
01/29/2018 20:20:43 [INFO] exp_shallowmodel:           #(discrete_feature)=0
01/29/2018 20:20:43 [INFO] exp_shallowmodel:           #(continuous_feature)=64
01/29/2018 20:20:43 [INFO] exp_shallowmodel:           #(similarity_feature)=1
01/29/2018 20:20:43 [INFO] exp_shallowmodel: %%%%%%%%%%%%%%%%%%%%%%%%%%%%%%%%%%%%%%%%%%%%%%%%%%
01/29/2018 20:20:43 [INFO] exp_shallowmodel: ******************** dstc2 - Round 0 
01/29/2018 20:20:43 [INFO] exp_shallowmodel: #(data) = 4583
01/29/2018 20:20:43 [INFO] exp_shallowmodel: #(feature) = 65
01/29/2018 20:20:43 [INFO] exp_shallowmodel: ================================================================================
01/29/2018 20:20:43 [INFO] exp_shallowmodel: LR.pen=l1.C=1.000000
01/29/2018 20:20:43 [INFO] exp_shallowmodel: ________________________________________________________________________________
01/29/2018 20:20:43 [INFO] exp_shallowmodel: Training: 
01/29/2018 20:20:43 [INFO] exp_shallowmodel: LogisticRegression(C=1, class_weight=None, dual=False, fit_intercept=True,
          intercept_scaling=1, max_iter=100, multi_class='ovr', n_jobs=1,
          penalty='l1', random_state=None, solver='liblinear', tol=0.0001,
          verbose=0, warm_start=False)
01/29/2018 20:20:43 [INFO] exp_shallowmodel: train time: 0.191s
01/29/2018 20:20:43 [INFO] exp_shallowmodel: test time:  0.000s
01/29/2018 20:20:43 [INFO] exp_shallowmodel: accuracy:   0.860
01/29/2018 20:20:43 [INFO] exp_shallowmodel: f1_score:   0.721
01/29/2018 20:20:43 [INFO] exp_shallowmodel: classification report:
01/29/2018 20:20:43 [INFO] exp_shallowmodel:              precision    recall  f1-score   support

          A       0.75      0.21      0.33        14
          C       0.82      0.84      0.83       164
          F       0.89      0.96      0.92       268
          R       0.85      0.75      0.80       125

avg / total       0.86      0.86      0.85       571

01/29/2018 20:20:43 [INFO] exp_shallowmodel: confusion matrix:
01/29/2018 20:20:43 [INFO] exp_shallowmodel: 
[[  3   2   9   0]
 [  0 138  12  14]
 [  1   9 256   2]
 [  0  20  11  94]]
01/29/2018 20:20:43 [INFO] exp_shallowmodel: ******************** dstc2 - Round 1 
01/29/2018 20:20:43 [INFO] exp_shallowmodel: #(data) = 4583
01/29/2018 20:20:43 [INFO] exp_shallowmodel: #(feature) = 65
01/29/2018 20:20:43 [INFO] exp_shallowmodel: ================================================================================
01/29/2018 20:20:43 [INFO] exp_shallowmodel: LR.pen=l1.C=1.000000
01/29/2018 20:20:43 [INFO] exp_shallowmodel: ________________________________________________________________________________
01/29/2018 20:20:43 [INFO] exp_shallowmodel: Training: 
01/29/2018 20:20:43 [INFO] exp_shallowmodel: LogisticRegression(C=1, class_weight=None, dual=False, fit_intercept=True,
          intercept_scaling=1, max_iter=100, multi_class='ovr', n_jobs=1,
          penalty='l1', random_state=None, solver='liblinear', tol=0.0001,
          verbose=0, warm_start=False)
01/29/2018 20:20:44 [INFO] exp_shallowmodel: train time: 0.217s
01/29/2018 20:20:44 [INFO] exp_shallowmodel: test time:  0.000s
01/29/2018 20:20:44 [INFO] exp_shallowmodel: accuracy:   0.814
01/29/2018 20:20:44 [INFO] exp_shallowmodel: f1_score:   0.602
01/29/2018 20:20:44 [INFO] exp_shallowmodel: classification report:
01/29/2018 20:20:44 [INFO] exp_shallowmodel:              precision    recall  f1-score   support

          A       0.00      0.00      0.00        14
          C       0.78      0.79      0.78       164
          F       0.86      0.92      0.89       268
          R       0.76      0.72      0.74       125

avg / total       0.79      0.81      0.80       571

01/29/2018 20:20:44 [INFO] exp_shallowmodel: confusion matrix:
01/29/2018 20:20:44 [INFO] exp_shallowmodel: 
[[  0   3  10   1]
 [  0 129  17  18]
 [  0  12 246  10]
 [  0  22  13  90]]
01/29/2018 20:20:44 [INFO] exp_shallowmodel: ******************** dstc2 - Round 2 
01/29/2018 20:20:44 [INFO] exp_shallowmodel: #(data) = 4583
01/29/2018 20:20:44 [INFO] exp_shallowmodel: #(feature) = 65
01/29/2018 20:20:44 [INFO] exp_shallowmodel: ================================================================================
01/29/2018 20:20:44 [INFO] exp_shallowmodel: LR.pen=l1.C=1.000000
01/29/2018 20:20:44 [INFO] exp_shallowmodel: ________________________________________________________________________________
01/29/2018 20:20:44 [INFO] exp_shallowmodel: Training: 
01/29/2018 20:20:44 [INFO] exp_shallowmodel: LogisticRegression(C=1, class_weight=None, dual=False, fit_intercept=True,
          intercept_scaling=1, max_iter=100, multi_class='ovr', n_jobs=1,
          penalty='l1', random_state=None, solver='liblinear', tol=0.0001,
          verbose=0, warm_start=False)
01/29/2018 20:20:44 [INFO] exp_shallowmodel: train time: 0.202s
01/29/2018 20:20:44 [INFO] exp_shallowmodel: test time:  0.000s
01/29/2018 20:20:44 [INFO] exp_shallowmodel: accuracy:   0.841
01/29/2018 20:20:44 [INFO] exp_shallowmodel: f1_score:   0.722
01/29/2018 20:20:44 [INFO] exp_shallowmodel: classification report:
01/29/2018 20:20:44 [INFO] exp_shallowmodel:              precision    recall  f1-score   support

          A       0.80      0.29      0.42        14
          C       0.74      0.80      0.77       164
          F       0.91      0.95      0.93       268
          R       0.81      0.72      0.76       125

avg / total       0.84      0.84      0.84       571

01/29/2018 20:20:44 [INFO] exp_shallowmodel: confusion matrix:
01/29/2018 20:20:44 [INFO] exp_shallowmodel: 
[[  4   4   6   0]
 [  1 131  13  19]
 [  0  11 255   2]
 [  0  30   5  90]]
01/29/2018 20:20:44 [INFO] exp_shallowmodel: ******************** dstc2 - Round 3 
01/29/2018 20:20:44 [INFO] exp_shallowmodel: #(data) = 4583
01/29/2018 20:20:44 [INFO] exp_shallowmodel: #(feature) = 65
01/29/2018 20:20:44 [INFO] exp_shallowmodel: ================================================================================
01/29/2018 20:20:44 [INFO] exp_shallowmodel: LR.pen=l1.C=1.000000
01/29/2018 20:20:44 [INFO] exp_shallowmodel: ________________________________________________________________________________
01/29/2018 20:20:44 [INFO] exp_shallowmodel: Training: 
01/29/2018 20:20:44 [INFO] exp_shallowmodel: LogisticRegression(C=1, class_weight=None, dual=False, fit_intercept=True,
          intercept_scaling=1, max_iter=100, multi_class='ovr', n_jobs=1,
          penalty='l1', random_state=None, solver='liblinear', tol=0.0001,
          verbose=0, warm_start=False)
01/29/2018 20:20:44 [INFO] exp_shallowmodel: train time: 0.190s
01/29/2018 20:20:44 [INFO] exp_shallowmodel: test time:  0.000s
01/29/2018 20:20:44 [INFO] exp_shallowmodel: accuracy:   0.807
01/29/2018 20:20:44 [INFO] exp_shallowmodel: f1_score:   0.661
01/29/2018 20:20:44 [INFO] exp_shallowmodel: classification report:
01/29/2018 20:20:44 [INFO] exp_shallowmodel:              precision    recall  f1-score   support

          A       0.50      0.21      0.30        14
          C       0.72      0.80      0.76       164
          F       0.89      0.93      0.91       268
          R       0.76      0.61      0.68       125

avg / total       0.80      0.81      0.80       571

01/29/2018 20:20:44 [INFO] exp_shallowmodel: confusion matrix:
01/29/2018 20:20:44 [INFO] exp_shallowmodel: 
[[  3   4   6   1]
 [  1 132  11  20]
 [  1  14 250   3]
 [  1  33  15  76]]
01/29/2018 20:20:44 [INFO] exp_shallowmodel: ******************** dstc2 - Round 4 
01/29/2018 20:20:44 [INFO] exp_shallowmodel: #(data) = 4583
01/29/2018 20:20:44 [INFO] exp_shallowmodel: #(feature) = 65
01/29/2018 20:20:44 [INFO] exp_shallowmodel: ================================================================================
01/29/2018 20:20:44 [INFO] exp_shallowmodel: LR.pen=l1.C=1.000000
01/29/2018 20:20:44 [INFO] exp_shallowmodel: ________________________________________________________________________________
01/29/2018 20:20:44 [INFO] exp_shallowmodel: Training: 
01/29/2018 20:20:44 [INFO] exp_shallowmodel: LogisticRegression(C=1, class_weight=None, dual=False, fit_intercept=True,
          intercept_scaling=1, max_iter=100, multi_class='ovr', n_jobs=1,
          penalty='l1', random_state=None, solver='liblinear', tol=0.0001,
          verbose=0, warm_start=False)
01/29/2018 20:20:44 [INFO] exp_shallowmodel: train time: 0.196s
01/29/2018 20:20:44 [INFO] exp_shallowmodel: test time:  0.000s
01/29/2018 20:20:44 [INFO] exp_shallowmodel: accuracy:   0.834
01/29/2018 20:20:44 [INFO] exp_shallowmodel: f1_score:   0.623
01/29/2018 20:20:44 [INFO] exp_shallowmodel: classification report:
01/29/2018 20:20:44 [INFO] exp_shallowmodel:              precision    recall  f1-score   support

          A       0.00      0.00      0.00        14
          C       0.78      0.84      0.81       164
          F       0.87      0.91      0.89       268
          R       0.84      0.76      0.80       125

avg / total       0.81      0.83      0.82       571

01/29/2018 20:20:44 [INFO] exp_shallowmodel: confusion matrix:
01/29/2018 20:20:44 [INFO] exp_shallowmodel: 
[[  0   2  11   1]
 [  0 137  17  10]
 [  0  17 244   7]
 [  0  20  10  95]]
01/29/2018 20:20:44 [INFO] exp_shallowmodel: ******************** dstc2 - Round 5 
01/29/2018 20:20:44 [INFO] exp_shallowmodel: #(data) = 4583
01/29/2018 20:20:44 [INFO] exp_shallowmodel: #(feature) = 65
01/29/2018 20:20:44 [INFO] exp_shallowmodel: ================================================================================
01/29/2018 20:20:44 [INFO] exp_shallowmodel: LR.pen=l1.C=1.000000
01/29/2018 20:20:44 [INFO] exp_shallowmodel: ________________________________________________________________________________
01/29/2018 20:20:44 [INFO] exp_shallowmodel: Training: 
01/29/2018 20:20:44 [INFO] exp_shallowmodel: LogisticRegression(C=1, class_weight=None, dual=False, fit_intercept=True,
          intercept_scaling=1, max_iter=100, multi_class='ovr', n_jobs=1,
          penalty='l1', random_state=None, solver='liblinear', tol=0.0001,
          verbose=0, warm_start=False)
01/29/2018 20:20:44 [INFO] exp_shallowmodel: train time: 0.201s
01/29/2018 20:20:44 [INFO] exp_shallowmodel: test time:  0.000s
01/29/2018 20:20:44 [INFO] exp_shallowmodel: accuracy:   0.804
01/29/2018 20:20:44 [INFO] exp_shallowmodel: f1_score:   0.645
01/29/2018 20:20:44 [INFO] exp_shallowmodel: classification report:
01/29/2018 20:20:44 [INFO] exp_shallowmodel:              precision    recall  f1-score   support

          A       0.67      0.14      0.24        14
          C       0.72      0.74      0.73       164
          F       0.89      0.93      0.91       268
          R       0.73      0.69      0.71       125

avg / total       0.80      0.80      0.80       571

01/29/2018 20:20:44 [INFO] exp_shallowmodel: confusion matrix:
01/29/2018 20:20:44 [INFO] exp_shallowmodel: 
[[  2   5   7   0]
 [  1 121  16  26]
 [  0  12 250   6]
 [  0  31   8  86]]
01/29/2018 20:20:44 [INFO] exp_shallowmodel: ******************** dstc2 - Round 6 
01/29/2018 20:20:44 [INFO] exp_shallowmodel: #(data) = 4583
01/29/2018 20:20:44 [INFO] exp_shallowmodel: #(feature) = 65
01/29/2018 20:20:44 [INFO] exp_shallowmodel: ================================================================================
01/29/2018 20:20:44 [INFO] exp_shallowmodel: LR.pen=l1.C=1.000000
01/29/2018 20:20:44 [INFO] exp_shallowmodel: ________________________________________________________________________________
01/29/2018 20:20:44 [INFO] exp_shallowmodel: Training: 
01/29/2018 20:20:44 [INFO] exp_shallowmodel: LogisticRegression(C=1, class_weight=None, dual=False, fit_intercept=True,
          intercept_scaling=1, max_iter=100, multi_class='ovr', n_jobs=1,
          penalty='l1', random_state=None, solver='liblinear', tol=0.0001,
          verbose=0, warm_start=False)
01/29/2018 20:20:45 [INFO] exp_shallowmodel: train time: 0.197s
01/29/2018 20:20:45 [INFO] exp_shallowmodel: test time:  0.000s
01/29/2018 20:20:45 [INFO] exp_shallowmodel: accuracy:   0.832
01/29/2018 20:20:45 [INFO] exp_shallowmodel: f1_score:   0.646
01/29/2018 20:20:45 [INFO] exp_shallowmodel: classification report:
01/29/2018 20:20:45 [INFO] exp_shallowmodel:              precision    recall  f1-score   support

          A       1.00      0.07      0.13        14
          C       0.77      0.86      0.81       164
          F       0.89      0.93      0.91       268
          R       0.79      0.68      0.73       125

avg / total       0.84      0.83      0.82       571

01/29/2018 20:20:45 [INFO] exp_shallowmodel: confusion matrix:
01/29/2018 20:20:45 [INFO] exp_shallowmodel: 
[[  1   1  10   2]
 [  0 141   9  14]
 [  0  14 248   6]
 [  0  28  12  85]]
01/29/2018 20:20:45 [INFO] exp_shallowmodel: ******************** dstc2 - Round 7 
01/29/2018 20:20:45 [INFO] exp_shallowmodel: #(data) = 4583
01/29/2018 20:20:45 [INFO] exp_shallowmodel: #(feature) = 65
01/29/2018 20:20:45 [INFO] exp_shallowmodel: ================================================================================
01/29/2018 20:20:45 [INFO] exp_shallowmodel: LR.pen=l1.C=1.000000
01/29/2018 20:20:45 [INFO] exp_shallowmodel: ________________________________________________________________________________
01/29/2018 20:20:45 [INFO] exp_shallowmodel: Training: 
01/29/2018 20:20:45 [INFO] exp_shallowmodel: LogisticRegression(C=1, class_weight=None, dual=False, fit_intercept=True,
          intercept_scaling=1, max_iter=100, multi_class='ovr', n_jobs=1,
          penalty='l1', random_state=None, solver='liblinear', tol=0.0001,
          verbose=0, warm_start=False)
01/29/2018 20:20:45 [INFO] exp_shallowmodel: train time: 0.226s
01/29/2018 20:20:45 [INFO] exp_shallowmodel: test time:  0.000s
01/29/2018 20:20:45 [INFO] exp_shallowmodel: accuracy:   0.814
01/29/2018 20:20:45 [INFO] exp_shallowmodel: f1_score:   0.662
01/29/2018 20:20:45 [INFO] exp_shallowmodel: classification report:
01/29/2018 20:20:45 [INFO] exp_shallowmodel:              precision    recall  f1-score   support

          A       1.00      0.14      0.25        14
          C       0.75      0.79      0.77       164
          F       0.88      0.91      0.90       268
          R       0.75      0.72      0.73       125

avg / total       0.82      0.81      0.81       571

01/29/2018 20:20:45 [INFO] exp_shallowmodel: confusion matrix:
01/29/2018 20:20:45 [INFO] exp_shallowmodel: 
[[  2   4   6   2]
 [  0 129  16  19]
 [  0  15 244   9]
 [  0  24  11  90]]
01/29/2018 20:20:45 [INFO] exp_shallowmodel: ******************** dstc2 - Round 8 
01/29/2018 20:20:45 [INFO] exp_shallowmodel: #(data) = 4583
01/29/2018 20:20:45 [INFO] exp_shallowmodel: #(feature) = 65
01/29/2018 20:20:45 [INFO] exp_shallowmodel: ================================================================================
01/29/2018 20:20:45 [INFO] exp_shallowmodel: LR.pen=l1.C=1.000000
01/29/2018 20:20:45 [INFO] exp_shallowmodel: ________________________________________________________________________________
01/29/2018 20:20:45 [INFO] exp_shallowmodel: Training: 
01/29/2018 20:20:45 [INFO] exp_shallowmodel: LogisticRegression(C=1, class_weight=None, dual=False, fit_intercept=True,
          intercept_scaling=1, max_iter=100, multi_class='ovr', n_jobs=1,
          penalty='l1', random_state=None, solver='liblinear', tol=0.0001,
          verbose=0, warm_start=False)
01/29/2018 20:20:45 [INFO] exp_shallowmodel: train time: 0.228s
01/29/2018 20:20:45 [INFO] exp_shallowmodel: test time:  0.000s
01/29/2018 20:20:45 [INFO] exp_shallowmodel: accuracy:   0.806
01/29/2018 20:20:45 [INFO] exp_shallowmodel: f1_score:   0.590
01/29/2018 20:20:45 [INFO] exp_shallowmodel: classification report:
01/29/2018 20:20:45 [INFO] exp_shallowmodel:              precision    recall  f1-score   support

          A       0.00      0.00      0.00        14
          C       0.74      0.78      0.76       164
          F       0.88      0.93      0.90       268
          R       0.73      0.66      0.69       125

avg / total       0.79      0.81      0.80       571

01/29/2018 20:20:45 [INFO] exp_shallowmodel: confusion matrix:
01/29/2018 20:20:45 [INFO] exp_shallowmodel: 
[[  0   2  11   1]
 [  1 128  11  24]
 [  0  13 249   6]
 [  1  29  12  83]]
01/29/2018 20:20:45 [INFO] exp_shallowmodel: ******************** dstc2 - Round 9 
01/29/2018 20:20:45 [INFO] exp_shallowmodel: #(data) = 4568
01/29/2018 20:20:45 [INFO] exp_shallowmodel: #(feature) = 65
01/29/2018 20:20:45 [INFO] exp_shallowmodel: ================================================================================
01/29/2018 20:20:45 [INFO] exp_shallowmodel: LR.pen=l1.C=1.000000
01/29/2018 20:20:45 [INFO] exp_shallowmodel: ________________________________________________________________________________
01/29/2018 20:20:45 [INFO] exp_shallowmodel: Training: 
01/29/2018 20:20:45 [INFO] exp_shallowmodel: LogisticRegression(C=1, class_weight=None, dual=False, fit_intercept=True,
          intercept_scaling=1, max_iter=100, multi_class='ovr', n_jobs=1,
          penalty='l1', random_state=None, solver='liblinear', tol=0.0001,
          verbose=0, warm_start=False)
01/29/2018 20:20:45 [INFO] exp_shallowmodel: train time: 0.186s
01/29/2018 20:20:45 [INFO] exp_shallowmodel: test time:  0.000s
01/29/2018 20:20:45 [INFO] exp_shallowmodel: accuracy:   0.802
01/29/2018 20:20:45 [INFO] exp_shallowmodel: f1_score:   0.680
01/29/2018 20:20:45 [INFO] exp_shallowmodel: classification report:
01/29/2018 20:20:45 [INFO] exp_shallowmodel:              precision    recall  f1-score   support

          A       0.80      0.25      0.38        16
          C       0.73      0.81      0.77       169
          F       0.87      0.92      0.89       271
          R       0.74      0.62      0.68       130

avg / total       0.80      0.80      0.80       586

01/29/2018 20:20:45 [INFO] exp_shallowmodel: confusion matrix:
01/29/2018 20:20:45 [INFO] exp_shallowmodel: 
[[  4   3   9   0]
 [  0 137  10  22]
 [  1  15 248   7]
 [  0  32  17  81]]
01/29/2018 20:20:45 [INFO] exp_shallowmodel: ******************** dstc2 - Round 10 
01/29/2018 20:20:45 [INFO] exp_shallowmodel: #(data) = 4583
01/29/2018 20:20:45 [INFO] exp_shallowmodel: #(feature) = 65
01/29/2018 20:20:45 [INFO] exp_shallowmodel: ================================================================================
01/29/2018 20:20:45 [INFO] exp_shallowmodel: LR.pen=l1.C=1.000000
01/29/2018 20:20:45 [INFO] exp_shallowmodel: ________________________________________________________________________________
01/29/2018 20:20:45 [INFO] exp_shallowmodel: Training: 
01/29/2018 20:20:45 [INFO] exp_shallowmodel: LogisticRegression(C=1, class_weight=None, dual=False, fit_intercept=True,
          intercept_scaling=1, max_iter=100, multi_class='ovr', n_jobs=1,
          penalty='l1', random_state=None, solver='liblinear', tol=0.0001,
          verbose=0, warm_start=False)
01/29/2018 20:20:46 [INFO] exp_shallowmodel: train time: 0.187s
01/29/2018 20:20:46 [INFO] exp_shallowmodel: test time:  0.000s
01/29/2018 20:20:46 [INFO] exp_shallowmodel: accuracy:   0.828
01/29/2018 20:20:46 [INFO] exp_shallowmodel: f1_score:   0.713
01/29/2018 20:20:46 [INFO] exp_shallowmodel: classification report:
01/29/2018 20:20:46 [INFO] exp_shallowmodel:              precision    recall  f1-score   support

          A       0.80      0.29      0.42        14
          C       0.76      0.80      0.78       164
          F       0.89      0.93      0.91       268
          R       0.77      0.70      0.74       125

avg / total       0.83      0.83      0.82       571

01/29/2018 20:20:46 [INFO] exp_shallowmodel: confusion matrix:
01/29/2018 20:20:46 [INFO] exp_shallowmodel: 
[[  4   1   9   0]
 [  0 132  10  22]
 [  1  14 249   4]
 [  0  26  11  88]]
01/29/2018 20:20:46 [INFO] exp_shallowmodel: ******************** dstc2 - Round 11 
01/29/2018 20:20:46 [INFO] exp_shallowmodel: #(data) = 4583
01/29/2018 20:20:46 [INFO] exp_shallowmodel: #(feature) = 65
01/29/2018 20:20:46 [INFO] exp_shallowmodel: ================================================================================
01/29/2018 20:20:46 [INFO] exp_shallowmodel: LR.pen=l1.C=1.000000
01/29/2018 20:20:46 [INFO] exp_shallowmodel: ________________________________________________________________________________
01/29/2018 20:20:46 [INFO] exp_shallowmodel: Training: 
01/29/2018 20:20:46 [INFO] exp_shallowmodel: LogisticRegression(C=1, class_weight=None, dual=False, fit_intercept=True,
          intercept_scaling=1, max_iter=100, multi_class='ovr', n_jobs=1,
          penalty='l1', random_state=None, solver='liblinear', tol=0.0001,
          verbose=0, warm_start=False)
01/29/2018 20:20:46 [INFO] exp_shallowmodel: train time: 0.192s
01/29/2018 20:20:46 [INFO] exp_shallowmodel: test time:  0.000s
01/29/2018 20:20:46 [INFO] exp_shallowmodel: accuracy:   0.804
01/29/2018 20:20:46 [INFO] exp_shallowmodel: f1_score:   0.662
01/29/2018 20:20:46 [INFO] exp_shallowmodel: classification report:
01/29/2018 20:20:46 [INFO] exp_shallowmodel:              precision    recall  f1-score   support

          A       0.50      0.21      0.30        14
          C       0.72      0.74      0.73       164
          F       0.87      0.94      0.90       268
          R       0.77      0.66      0.71       125

avg / total       0.80      0.80      0.80       571

01/29/2018 20:20:46 [INFO] exp_shallowmodel: confusion matrix:
01/29/2018 20:20:46 [INFO] exp_shallowmodel: 
[[  3   4   7   0]
 [  1 122  19  22]
 [  2  12 251   3]
 [  0  31  11  83]]
01/29/2018 20:20:46 [INFO] exp_shallowmodel: ******************** dstc2 - Round 12 
01/29/2018 20:20:46 [INFO] exp_shallowmodel: #(data) = 4583
01/29/2018 20:20:46 [INFO] exp_shallowmodel: #(feature) = 65
01/29/2018 20:20:46 [INFO] exp_shallowmodel: ================================================================================
01/29/2018 20:20:46 [INFO] exp_shallowmodel: LR.pen=l1.C=1.000000
01/29/2018 20:20:46 [INFO] exp_shallowmodel: ________________________________________________________________________________
01/29/2018 20:20:46 [INFO] exp_shallowmodel: Training: 
01/29/2018 20:20:46 [INFO] exp_shallowmodel: LogisticRegression(C=1, class_weight=None, dual=False, fit_intercept=True,
          intercept_scaling=1, max_iter=100, multi_class='ovr', n_jobs=1,
          penalty='l1', random_state=None, solver='liblinear', tol=0.0001,
          verbose=0, warm_start=False)
01/29/2018 20:20:46 [INFO] exp_shallowmodel: train time: 0.235s
01/29/2018 20:20:46 [INFO] exp_shallowmodel: test time:  0.000s
01/29/2018 20:20:46 [INFO] exp_shallowmodel: accuracy:   0.816
01/29/2018 20:20:46 [INFO] exp_shallowmodel: f1_score:   0.660
01/29/2018 20:20:46 [INFO] exp_shallowmodel: classification report:
01/29/2018 20:20:46 [INFO] exp_shallowmodel:              precision    recall  f1-score   support

          A       0.67      0.14      0.24        14
          C       0.72      0.80      0.76       164
          F       0.88      0.92      0.90       268
          R       0.82      0.69      0.75       125

avg / total       0.82      0.82      0.81       571

01/29/2018 20:20:46 [INFO] exp_shallowmodel: confusion matrix:
01/29/2018 20:20:46 [INFO] exp_shallowmodel: 
[[  2   5   7   0]
 [  0 132  18  14]
 [  0  17 246   5]
 [  1  29   9  86]]
01/29/2018 20:20:46 [INFO] exp_shallowmodel: ******************** dstc2 - Round 13 
01/29/2018 20:20:46 [INFO] exp_shallowmodel: #(data) = 4583
01/29/2018 20:20:46 [INFO] exp_shallowmodel: #(feature) = 65
01/29/2018 20:20:46 [INFO] exp_shallowmodel: ================================================================================
01/29/2018 20:20:46 [INFO] exp_shallowmodel: LR.pen=l1.C=1.000000
01/29/2018 20:20:46 [INFO] exp_shallowmodel: ________________________________________________________________________________
01/29/2018 20:20:46 [INFO] exp_shallowmodel: Training: 
01/29/2018 20:20:46 [INFO] exp_shallowmodel: LogisticRegression(C=1, class_weight=None, dual=False, fit_intercept=True,
          intercept_scaling=1, max_iter=100, multi_class='ovr', n_jobs=1,
          penalty='l1', random_state=None, solver='liblinear', tol=0.0001,
          verbose=0, warm_start=False)
01/29/2018 20:20:46 [INFO] exp_shallowmodel: train time: 0.229s
01/29/2018 20:20:46 [INFO] exp_shallowmodel: test time:  0.000s
01/29/2018 20:20:46 [INFO] exp_shallowmodel: accuracy:   0.825
01/29/2018 20:20:46 [INFO] exp_shallowmodel: f1_score:   0.667
01/29/2018 20:20:46 [INFO] exp_shallowmodel: classification report:
01/29/2018 20:20:46 [INFO] exp_shallowmodel:              precision    recall  f1-score   support

          A       1.00      0.14      0.25        14
          C       0.75      0.80      0.78       164
          F       0.89      0.93      0.91       268
          R       0.76      0.70      0.73       125

avg / total       0.83      0.82      0.82       571

01/29/2018 20:20:46 [INFO] exp_shallowmodel: confusion matrix:
01/29/2018 20:20:46 [INFO] exp_shallowmodel: 
[[  2   3   8   1]
 [  0 132  14  18]
 [  0  10 250   8]
 [  0  30   8  87]]
01/29/2018 20:20:46 [INFO] exp_shallowmodel: ******************** dstc2 - Round 14 
01/29/2018 20:20:46 [INFO] exp_shallowmodel: #(data) = 4583
01/29/2018 20:20:46 [INFO] exp_shallowmodel: #(feature) = 65
01/29/2018 20:20:46 [INFO] exp_shallowmodel: ================================================================================
01/29/2018 20:20:46 [INFO] exp_shallowmodel: LR.pen=l1.C=1.000000
01/29/2018 20:20:46 [INFO] exp_shallowmodel: ________________________________________________________________________________
01/29/2018 20:20:46 [INFO] exp_shallowmodel: Training: 
01/29/2018 20:20:46 [INFO] exp_shallowmodel: LogisticRegression(C=1, class_weight=None, dual=False, fit_intercept=True,
          intercept_scaling=1, max_iter=100, multi_class='ovr', n_jobs=1,
          penalty='l1', random_state=None, solver='liblinear', tol=0.0001,
          verbose=0, warm_start=False)
01/29/2018 20:20:46 [INFO] exp_shallowmodel: train time: 0.215s
01/29/2018 20:20:46 [INFO] exp_shallowmodel: test time:  0.000s
01/29/2018 20:20:46 [INFO] exp_shallowmodel: accuracy:   0.804
01/29/2018 20:20:46 [INFO] exp_shallowmodel: f1_score:   0.589
01/29/2018 20:20:46 [INFO] exp_shallowmodel: classification report:
01/29/2018 20:20:46 [INFO] exp_shallowmodel:              precision    recall  f1-score   support

          A       0.00      0.00      0.00        14
          C       0.75      0.76      0.75       164
          F       0.88      0.93      0.90       268
          R       0.71      0.70      0.70       125

avg / total       0.78      0.80      0.79       571

01/29/2018 20:20:46 [INFO] exp_shallowmodel: confusion matrix:
01/29/2018 20:20:46 [INFO] exp_shallowmodel: 
[[  0   3  11   0]
 [  1 124  14  25]
 [  0   9 248  11]
 [  0  29   9  87]]
01/29/2018 20:20:46 [INFO] exp_shallowmodel: ******************** dstc2 - Round 15 
01/29/2018 20:20:46 [INFO] exp_shallowmodel: #(data) = 4583
01/29/2018 20:20:46 [INFO] exp_shallowmodel: #(feature) = 65
01/29/2018 20:20:46 [INFO] exp_shallowmodel: ================================================================================
01/29/2018 20:20:46 [INFO] exp_shallowmodel: LR.pen=l1.C=1.000000
01/29/2018 20:20:46 [INFO] exp_shallowmodel: ________________________________________________________________________________
01/29/2018 20:20:46 [INFO] exp_shallowmodel: Training: 
01/29/2018 20:20:46 [INFO] exp_shallowmodel: LogisticRegression(C=1, class_weight=None, dual=False, fit_intercept=True,
          intercept_scaling=1, max_iter=100, multi_class='ovr', n_jobs=1,
          penalty='l1', random_state=None, solver='liblinear', tol=0.0001,
          verbose=0, warm_start=False)
01/29/2018 20:20:47 [INFO] exp_shallowmodel: train time: 0.213s
01/29/2018 20:20:47 [INFO] exp_shallowmodel: test time:  0.000s
01/29/2018 20:20:47 [INFO] exp_shallowmodel: accuracy:   0.828
01/29/2018 20:20:47 [INFO] exp_shallowmodel: f1_score:   0.697
01/29/2018 20:20:47 [INFO] exp_shallowmodel: classification report:
01/29/2018 20:20:47 [INFO] exp_shallowmodel:              precision    recall  f1-score   support

          A       1.00      0.21      0.35        14
          C       0.76      0.81      0.78       164
          F       0.89      0.93      0.91       268
          R       0.77      0.71      0.74       125

avg / total       0.83      0.83      0.82       571

01/29/2018 20:20:47 [INFO] exp_shallowmodel: confusion matrix:
01/29/2018 20:20:47 [INFO] exp_shallowmodel: 
[[  3   3   6   2]
 [  0 133  12  19]
 [  0  15 248   5]
 [  0  24  12  89]]
01/29/2018 20:20:47 [INFO] exp_shallowmodel: ******************** dstc2 - Round 16 
01/29/2018 20:20:47 [INFO] exp_shallowmodel: #(data) = 4583
01/29/2018 20:20:47 [INFO] exp_shallowmodel: #(feature) = 65
01/29/2018 20:20:47 [INFO] exp_shallowmodel: ================================================================================
01/29/2018 20:20:47 [INFO] exp_shallowmodel: LR.pen=l1.C=1.000000
01/29/2018 20:20:47 [INFO] exp_shallowmodel: ________________________________________________________________________________
01/29/2018 20:20:47 [INFO] exp_shallowmodel: Training: 
01/29/2018 20:20:47 [INFO] exp_shallowmodel: LogisticRegression(C=1, class_weight=None, dual=False, fit_intercept=True,
          intercept_scaling=1, max_iter=100, multi_class='ovr', n_jobs=1,
          penalty='l1', random_state=None, solver='liblinear', tol=0.0001,
          verbose=0, warm_start=False)
01/29/2018 20:20:47 [INFO] exp_shallowmodel: train time: 0.224s
01/29/2018 20:20:47 [INFO] exp_shallowmodel: test time:  0.000s
01/29/2018 20:20:47 [INFO] exp_shallowmodel: accuracy:   0.827
01/29/2018 20:20:47 [INFO] exp_shallowmodel: f1_score:   0.670
01/29/2018 20:20:47 [INFO] exp_shallowmodel: classification report:
01/29/2018 20:20:47 [INFO] exp_shallowmodel:              precision    recall  f1-score   support

          A       1.00      0.14      0.25        14
          C       0.78      0.82      0.80       164
          F       0.89      0.93      0.91       268
          R       0.75      0.70      0.72       125

avg / total       0.83      0.83      0.82       571

01/29/2018 20:20:47 [INFO] exp_shallowmodel: confusion matrix:
01/29/2018 20:20:47 [INFO] exp_shallowmodel: 
[[  2   5   6   1]
 [  0 135   9  20]
 [  0  12 248   8]
 [  0  21  17  87]]
01/29/2018 20:20:47 [INFO] exp_shallowmodel: ******************** dstc2 - Round 17 
01/29/2018 20:20:47 [INFO] exp_shallowmodel: #(data) = 4583
01/29/2018 20:20:47 [INFO] exp_shallowmodel: #(feature) = 65
01/29/2018 20:20:47 [INFO] exp_shallowmodel: ================================================================================
01/29/2018 20:20:47 [INFO] exp_shallowmodel: LR.pen=l1.C=1.000000
01/29/2018 20:20:47 [INFO] exp_shallowmodel: ________________________________________________________________________________
01/29/2018 20:20:47 [INFO] exp_shallowmodel: Training: 
01/29/2018 20:20:47 [INFO] exp_shallowmodel: LogisticRegression(C=1, class_weight=None, dual=False, fit_intercept=True,
          intercept_scaling=1, max_iter=100, multi_class='ovr', n_jobs=1,
          penalty='l1', random_state=None, solver='liblinear', tol=0.0001,
          verbose=0, warm_start=False)
01/29/2018 20:20:47 [INFO] exp_shallowmodel: train time: 0.216s
01/29/2018 20:20:47 [INFO] exp_shallowmodel: test time:  0.000s
01/29/2018 20:20:47 [INFO] exp_shallowmodel: accuracy:   0.841
01/29/2018 20:20:47 [INFO] exp_shallowmodel: f1_score:   0.689
01/29/2018 20:20:47 [INFO] exp_shallowmodel: classification report:
01/29/2018 20:20:47 [INFO] exp_shallowmodel:              precision    recall  f1-score   support

          A       1.00      0.14      0.25        14
          C       0.78      0.77      0.78       164
          F       0.88      0.93      0.90       268
          R       0.83      0.82      0.83       125

avg / total       0.84      0.84      0.83       571

01/29/2018 20:20:47 [INFO] exp_shallowmodel: confusion matrix:
01/29/2018 20:20:47 [INFO] exp_shallowmodel: 
[[  2   2   9   1]
 [  0 127  18  19]
 [  0  19 248   1]
 [  0  15   7 103]]
01/29/2018 20:20:47 [INFO] exp_shallowmodel: ******************** dstc2 - Round 18 
01/29/2018 20:20:47 [INFO] exp_shallowmodel: #(data) = 4583
01/29/2018 20:20:47 [INFO] exp_shallowmodel: #(feature) = 65
01/29/2018 20:20:47 [INFO] exp_shallowmodel: ================================================================================
01/29/2018 20:20:47 [INFO] exp_shallowmodel: LR.pen=l1.C=1.000000
01/29/2018 20:20:47 [INFO] exp_shallowmodel: ________________________________________________________________________________
01/29/2018 20:20:47 [INFO] exp_shallowmodel: Training: 
01/29/2018 20:20:47 [INFO] exp_shallowmodel: LogisticRegression(C=1, class_weight=None, dual=False, fit_intercept=True,
          intercept_scaling=1, max_iter=100, multi_class='ovr', n_jobs=1,
          penalty='l1', random_state=None, solver='liblinear', tol=0.0001,
          verbose=0, warm_start=False)
01/29/2018 20:20:47 [INFO] exp_shallowmodel: train time: 0.203s
01/29/2018 20:20:47 [INFO] exp_shallowmodel: test time:  0.000s
01/29/2018 20:20:47 [INFO] exp_shallowmodel: accuracy:   0.807
01/29/2018 20:20:47 [INFO] exp_shallowmodel: f1_score:   0.672
01/29/2018 20:20:47 [INFO] exp_shallowmodel: classification report:
01/29/2018 20:20:47 [INFO] exp_shallowmodel:              precision    recall  f1-score   support

          A       0.75      0.21      0.33        14
          C       0.76      0.81      0.78       164
          F       0.86      0.92      0.89       268
          R       0.75      0.63      0.68       125

avg / total       0.80      0.81      0.80       571

01/29/2018 20:20:47 [INFO] exp_shallowmodel: confusion matrix:
01/29/2018 20:20:47 [INFO] exp_shallowmodel: 
[[  3   0  11   0]
 [  0 133  14  17]
 [  1  11 246  10]
 [  0  32  14  79]]
01/29/2018 20:20:47 [INFO] exp_shallowmodel: ******************** dstc2 - Round 19 
01/29/2018 20:20:47 [INFO] exp_shallowmodel: #(data) = 4568
01/29/2018 20:20:47 [INFO] exp_shallowmodel: #(feature) = 65
01/29/2018 20:20:47 [INFO] exp_shallowmodel: ================================================================================
01/29/2018 20:20:47 [INFO] exp_shallowmodel: LR.pen=l1.C=1.000000
01/29/2018 20:20:47 [INFO] exp_shallowmodel: ________________________________________________________________________________
01/29/2018 20:20:47 [INFO] exp_shallowmodel: Training: 
01/29/2018 20:20:47 [INFO] exp_shallowmodel: LogisticRegression(C=1, class_weight=None, dual=False, fit_intercept=True,
          intercept_scaling=1, max_iter=100, multi_class='ovr', n_jobs=1,
          penalty='l1', random_state=None, solver='liblinear', tol=0.0001,
          verbose=0, warm_start=False)
01/29/2018 20:20:48 [INFO] exp_shallowmodel: train time: 0.203s
01/29/2018 20:20:48 [INFO] exp_shallowmodel: test time:  0.000s
01/29/2018 20:20:48 [INFO] exp_shallowmodel: accuracy:   0.817
01/29/2018 20:20:48 [INFO] exp_shallowmodel: f1_score:   0.655
01/29/2018 20:20:48 [INFO] exp_shallowmodel: classification report:
01/29/2018 20:20:48 [INFO] exp_shallowmodel:              precision    recall  f1-score   support

          A       0.67      0.12      0.21        16
          C       0.74      0.87      0.80       169
          F       0.88      0.91      0.89       271
          R       0.81      0.64      0.72       130

avg / total       0.82      0.82      0.81       586

01/29/2018 20:20:48 [INFO] exp_shallowmodel: confusion matrix:
01/29/2018 20:20:48 [INFO] exp_shallowmodel: 
[[  2   2  11   1]
 [  0 147   8  14]
 [  0  20 247   4]
 [  1  30  16  83]]
01/29/2018 20:20:48 [INFO] exp_shallowmodel: ******************** dstc2 - Round 20 
01/29/2018 20:20:48 [INFO] exp_shallowmodel: #(data) = 4583
01/29/2018 20:20:48 [INFO] exp_shallowmodel: #(feature) = 65
01/29/2018 20:20:48 [INFO] exp_shallowmodel: ================================================================================
01/29/2018 20:20:48 [INFO] exp_shallowmodel: LR.pen=l1.C=1.000000
01/29/2018 20:20:48 [INFO] exp_shallowmodel: ________________________________________________________________________________
01/29/2018 20:20:48 [INFO] exp_shallowmodel: Training: 
01/29/2018 20:20:48 [INFO] exp_shallowmodel: LogisticRegression(C=1, class_weight=None, dual=False, fit_intercept=True,
          intercept_scaling=1, max_iter=100, multi_class='ovr', n_jobs=1,
          penalty='l1', random_state=None, solver='liblinear', tol=0.0001,
          verbose=0, warm_start=False)
01/29/2018 20:20:48 [INFO] exp_shallowmodel: train time: 0.241s
01/29/2018 20:20:48 [INFO] exp_shallowmodel: test time:  0.000s
01/29/2018 20:20:48 [INFO] exp_shallowmodel: accuracy:   0.800
01/29/2018 20:20:48 [INFO] exp_shallowmodel: f1_score:   0.619
01/29/2018 20:20:48 [INFO] exp_shallowmodel: classification report:
01/29/2018 20:20:48 [INFO] exp_shallowmodel:              precision    recall  f1-score   support

          A       0.33      0.07      0.12        14
          C       0.73      0.77      0.75       164
          F       0.86      0.91      0.89       268
          R       0.76      0.68      0.72       125

avg / total       0.79      0.80      0.79       571

01/29/2018 20:20:48 [INFO] exp_shallowmodel: confusion matrix:
01/29/2018 20:20:48 [INFO] exp_shallowmodel: 
[[  1   4   8   1]
 [  2 127  17  18]
 [  0  16 244   8]
 [  0  26  14  85]]
01/29/2018 20:20:48 [INFO] exp_shallowmodel: ******************** dstc2 - Round 21 
01/29/2018 20:20:48 [INFO] exp_shallowmodel: #(data) = 4583
01/29/2018 20:20:48 [INFO] exp_shallowmodel: #(feature) = 65
01/29/2018 20:20:48 [INFO] exp_shallowmodel: ================================================================================
01/29/2018 20:20:48 [INFO] exp_shallowmodel: LR.pen=l1.C=1.000000
01/29/2018 20:20:48 [INFO] exp_shallowmodel: ________________________________________________________________________________
01/29/2018 20:20:48 [INFO] exp_shallowmodel: Training: 
01/29/2018 20:20:48 [INFO] exp_shallowmodel: LogisticRegression(C=1, class_weight=None, dual=False, fit_intercept=True,
          intercept_scaling=1, max_iter=100, multi_class='ovr', n_jobs=1,
          penalty='l1', random_state=None, solver='liblinear', tol=0.0001,
          verbose=0, warm_start=False)
01/29/2018 20:20:48 [INFO] exp_shallowmodel: train time: 0.219s
01/29/2018 20:20:48 [INFO] exp_shallowmodel: test time:  0.000s
01/29/2018 20:20:48 [INFO] exp_shallowmodel: accuracy:   0.807
01/29/2018 20:20:48 [INFO] exp_shallowmodel: f1_score:   0.593
01/29/2018 20:20:48 [INFO] exp_shallowmodel: classification report:
01/29/2018 20:20:48 [INFO] exp_shallowmodel:              precision    recall  f1-score   support

          A       0.00      0.00      0.00        14
          C       0.72      0.79      0.75       164
          F       0.89      0.92      0.90       268
          R       0.77      0.68      0.72       125

avg / total       0.79      0.81      0.80       571

01/29/2018 20:20:48 [INFO] exp_shallowmodel: confusion matrix:
01/29/2018 20:20:48 [INFO] exp_shallowmodel: 
[[  0   2  10   2]
 [  0 129  14  21]
 [  0  18 247   3]
 [  1  31   8  85]]
01/29/2018 20:20:48 [INFO] exp_shallowmodel: ******************** dstc2 - Round 22 
01/29/2018 20:20:48 [INFO] exp_shallowmodel: #(data) = 4583
01/29/2018 20:20:48 [INFO] exp_shallowmodel: #(feature) = 65
01/29/2018 20:20:48 [INFO] exp_shallowmodel: ================================================================================
01/29/2018 20:20:48 [INFO] exp_shallowmodel: LR.pen=l1.C=1.000000
01/29/2018 20:20:48 [INFO] exp_shallowmodel: ________________________________________________________________________________
01/29/2018 20:20:48 [INFO] exp_shallowmodel: Training: 
01/29/2018 20:20:48 [INFO] exp_shallowmodel: LogisticRegression(C=1, class_weight=None, dual=False, fit_intercept=True,
          intercept_scaling=1, max_iter=100, multi_class='ovr', n_jobs=1,
          penalty='l1', random_state=None, solver='liblinear', tol=0.0001,
          verbose=0, warm_start=False)
01/29/2018 20:20:48 [INFO] exp_shallowmodel: train time: 0.203s
01/29/2018 20:20:48 [INFO] exp_shallowmodel: test time:  0.000s
01/29/2018 20:20:48 [INFO] exp_shallowmodel: accuracy:   0.853
01/29/2018 20:20:48 [INFO] exp_shallowmodel: f1_score:   0.664
01/29/2018 20:20:48 [INFO] exp_shallowmodel: classification report:
01/29/2018 20:20:48 [INFO] exp_shallowmodel:              precision    recall  f1-score   support

          A       1.00      0.07      0.13        14
          C       0.80      0.88      0.84       164
          F       0.90      0.94      0.92       268
          R       0.83      0.72      0.77       125

avg / total       0.86      0.85      0.84       571

01/29/2018 20:20:48 [INFO] exp_shallowmodel: confusion matrix:
01/29/2018 20:20:48 [INFO] exp_shallowmodel: 
[[  1   3   9   1]
 [  0 144   8  12]
 [  0  10 252   6]
 [  0  23  12  90]]
01/29/2018 20:20:48 [INFO] exp_shallowmodel: ******************** dstc2 - Round 23 
01/29/2018 20:20:48 [INFO] exp_shallowmodel: #(data) = 4583
01/29/2018 20:20:48 [INFO] exp_shallowmodel: #(feature) = 65
01/29/2018 20:20:48 [INFO] exp_shallowmodel: ================================================================================
01/29/2018 20:20:48 [INFO] exp_shallowmodel: LR.pen=l1.C=1.000000
01/29/2018 20:20:48 [INFO] exp_shallowmodel: ________________________________________________________________________________
01/29/2018 20:20:48 [INFO] exp_shallowmodel: Training: 
01/29/2018 20:20:48 [INFO] exp_shallowmodel: LogisticRegression(C=1, class_weight=None, dual=False, fit_intercept=True,
          intercept_scaling=1, max_iter=100, multi_class='ovr', n_jobs=1,
          penalty='l1', random_state=None, solver='liblinear', tol=0.0001,
          verbose=0, warm_start=False)
01/29/2018 20:20:48 [INFO] exp_shallowmodel: train time: 0.201s
01/29/2018 20:20:48 [INFO] exp_shallowmodel: test time:  0.000s
01/29/2018 20:20:48 [INFO] exp_shallowmodel: accuracy:   0.821
01/29/2018 20:20:48 [INFO] exp_shallowmodel: f1_score:   0.637
01/29/2018 20:20:48 [INFO] exp_shallowmodel: classification report:
01/29/2018 20:20:48 [INFO] exp_shallowmodel:              precision    recall  f1-score   support

          A       0.50      0.07      0.12        14
          C       0.76      0.79      0.78       164
          F       0.88      0.93      0.90       268
          R       0.77      0.71      0.74       125

avg / total       0.81      0.82      0.81       571

01/29/2018 20:20:48 [INFO] exp_shallowmodel: confusion matrix:
01/29/2018 20:20:48 [INFO] exp_shallowmodel: 
[[  1   1  12   0]
 [  0 130  13  21]
 [  1  13 249   5]
 [  0  27   9  89]]
01/29/2018 20:20:48 [INFO] exp_shallowmodel: ******************** dstc2 - Round 24 
01/29/2018 20:20:48 [INFO] exp_shallowmodel: #(data) = 4583
01/29/2018 20:20:48 [INFO] exp_shallowmodel: #(feature) = 65
01/29/2018 20:20:48 [INFO] exp_shallowmodel: ================================================================================
01/29/2018 20:20:48 [INFO] exp_shallowmodel: LR.pen=l1.C=1.000000
01/29/2018 20:20:48 [INFO] exp_shallowmodel: ________________________________________________________________________________
01/29/2018 20:20:48 [INFO] exp_shallowmodel: Training: 
01/29/2018 20:20:48 [INFO] exp_shallowmodel: LogisticRegression(C=1, class_weight=None, dual=False, fit_intercept=True,
          intercept_scaling=1, max_iter=100, multi_class='ovr', n_jobs=1,
          penalty='l1', random_state=None, solver='liblinear', tol=0.0001,
          verbose=0, warm_start=False)
01/29/2018 20:20:49 [INFO] exp_shallowmodel: train time: 0.194s
01/29/2018 20:20:49 [INFO] exp_shallowmodel: test time:  0.000s
01/29/2018 20:20:49 [INFO] exp_shallowmodel: accuracy:   0.800
01/29/2018 20:20:49 [INFO] exp_shallowmodel: f1_score:   0.727
01/29/2018 20:20:49 [INFO] exp_shallowmodel: classification report:
01/29/2018 20:20:49 [INFO] exp_shallowmodel:              precision    recall  f1-score   support

          A       1.00      0.43      0.60        14
          C       0.73      0.74      0.74       164
          F       0.86      0.94      0.89       268
          R       0.74      0.62      0.68       125

avg / total       0.80      0.80      0.79       571

01/29/2018 20:20:49 [INFO] exp_shallowmodel: confusion matrix:
01/29/2018 20:20:49 [INFO] exp_shallowmodel: 
[[  6   3   5   0]
 [  0 122  17  25]
 [  0  14 251   3]
 [  0  27  20  78]]
01/29/2018 20:20:49 [INFO] exp_shallowmodel: ******************** dstc2 - Round 25 
01/29/2018 20:20:49 [INFO] exp_shallowmodel: #(data) = 4583
01/29/2018 20:20:49 [INFO] exp_shallowmodel: #(feature) = 65
01/29/2018 20:20:49 [INFO] exp_shallowmodel: ================================================================================
01/29/2018 20:20:49 [INFO] exp_shallowmodel: LR.pen=l1.C=1.000000
01/29/2018 20:20:49 [INFO] exp_shallowmodel: ________________________________________________________________________________
01/29/2018 20:20:49 [INFO] exp_shallowmodel: Training: 
01/29/2018 20:20:49 [INFO] exp_shallowmodel: LogisticRegression(C=1, class_weight=None, dual=False, fit_intercept=True,
          intercept_scaling=1, max_iter=100, multi_class='ovr', n_jobs=1,
          penalty='l1', random_state=None, solver='liblinear', tol=0.0001,
          verbose=0, warm_start=False)
01/29/2018 20:20:49 [INFO] exp_shallowmodel: train time: 0.190s
01/29/2018 20:20:49 [INFO] exp_shallowmodel: test time:  0.000s
01/29/2018 20:20:49 [INFO] exp_shallowmodel: accuracy:   0.830
01/29/2018 20:20:49 [INFO] exp_shallowmodel: f1_score:   0.611
01/29/2018 20:20:49 [INFO] exp_shallowmodel: classification report:
01/29/2018 20:20:49 [INFO] exp_shallowmodel:              precision    recall  f1-score   support

          A       0.00      0.00      0.00        14
          C       0.79      0.81      0.80       164
          F       0.88      0.94      0.91       268
          R       0.77      0.70      0.74       125

avg / total       0.81      0.83      0.82       571

01/29/2018 20:20:49 [INFO] exp_shallowmodel: confusion matrix:
01/29/2018 20:20:49 [INFO] exp_shallowmodel: 
[[  0   5   9   0]
 [  0 133  10  21]
 [  0  10 253   5]
 [  0  21  16  88]]
01/29/2018 20:20:49 [INFO] exp_shallowmodel: ******************** dstc2 - Round 26 
01/29/2018 20:20:49 [INFO] exp_shallowmodel: #(data) = 4583
01/29/2018 20:20:49 [INFO] exp_shallowmodel: #(feature) = 65
01/29/2018 20:20:49 [INFO] exp_shallowmodel: ================================================================================
01/29/2018 20:20:49 [INFO] exp_shallowmodel: LR.pen=l1.C=1.000000
01/29/2018 20:20:49 [INFO] exp_shallowmodel: ________________________________________________________________________________
01/29/2018 20:20:49 [INFO] exp_shallowmodel: Training: 
01/29/2018 20:20:49 [INFO] exp_shallowmodel: LogisticRegression(C=1, class_weight=None, dual=False, fit_intercept=True,
          intercept_scaling=1, max_iter=100, multi_class='ovr', n_jobs=1,
          penalty='l1', random_state=None, solver='liblinear', tol=0.0001,
          verbose=0, warm_start=False)
01/29/2018 20:20:49 [INFO] exp_shallowmodel: train time: 0.190s
01/29/2018 20:20:49 [INFO] exp_shallowmodel: test time:  0.000s
01/29/2018 20:20:49 [INFO] exp_shallowmodel: accuracy:   0.823
01/29/2018 20:20:49 [INFO] exp_shallowmodel: f1_score:   0.607
01/29/2018 20:20:49 [INFO] exp_shallowmodel: classification report:
01/29/2018 20:20:49 [INFO] exp_shallowmodel:              precision    recall  f1-score   support

          A       0.00      0.00      0.00        14
          C       0.75      0.79      0.77       164
          F       0.88      0.94      0.91       268
          R       0.79      0.71      0.75       125

avg / total       0.80      0.82      0.81       571

01/29/2018 20:20:49 [INFO] exp_shallowmodel: confusion matrix:
01/29/2018 20:20:49 [INFO] exp_shallowmodel: 
[[  0   3  11   0]
 [  0 129  14  21]
 [  0  13 252   3]
 [  1  26   9  89]]
01/29/2018 20:20:49 [INFO] exp_shallowmodel: ******************** dstc2 - Round 27 
01/29/2018 20:20:49 [INFO] exp_shallowmodel: #(data) = 4583
01/29/2018 20:20:49 [INFO] exp_shallowmodel: #(feature) = 65
01/29/2018 20:20:49 [INFO] exp_shallowmodel: ================================================================================
01/29/2018 20:20:49 [INFO] exp_shallowmodel: LR.pen=l1.C=1.000000
01/29/2018 20:20:49 [INFO] exp_shallowmodel: ________________________________________________________________________________
01/29/2018 20:20:49 [INFO] exp_shallowmodel: Training: 
01/29/2018 20:20:49 [INFO] exp_shallowmodel: LogisticRegression(C=1, class_weight=None, dual=False, fit_intercept=True,
          intercept_scaling=1, max_iter=100, multi_class='ovr', n_jobs=1,
          penalty='l1', random_state=None, solver='liblinear', tol=0.0001,
          verbose=0, warm_start=False)
01/29/2018 20:20:49 [INFO] exp_shallowmodel: train time: 0.211s
01/29/2018 20:20:49 [INFO] exp_shallowmodel: test time:  0.000s
01/29/2018 20:20:49 [INFO] exp_shallowmodel: accuracy:   0.823
01/29/2018 20:20:49 [INFO] exp_shallowmodel: f1_score:   0.690
01/29/2018 20:20:49 [INFO] exp_shallowmodel: classification report:
01/29/2018 20:20:49 [INFO] exp_shallowmodel:              precision    recall  f1-score   support

          A       1.00      0.21      0.35        14
          C       0.75      0.80      0.77       164
          F       0.89      0.93      0.91       268
          R       0.77      0.68      0.72       125

avg / total       0.83      0.82      0.82       571

01/29/2018 20:20:49 [INFO] exp_shallowmodel: confusion matrix:
01/29/2018 20:20:49 [INFO] exp_shallowmodel: 
[[  3   3   8   0]
 [  0 132  13  19]
 [  0  11 250   7]
 [  0  31   9  85]]
01/29/2018 20:20:49 [INFO] exp_shallowmodel: ******************** dstc2 - Round 28 
01/29/2018 20:20:49 [INFO] exp_shallowmodel: #(data) = 4583
01/29/2018 20:20:49 [INFO] exp_shallowmodel: #(feature) = 65
01/29/2018 20:20:49 [INFO] exp_shallowmodel: ================================================================================
01/29/2018 20:20:49 [INFO] exp_shallowmodel: LR.pen=l1.C=1.000000
01/29/2018 20:20:49 [INFO] exp_shallowmodel: ________________________________________________________________________________
01/29/2018 20:20:49 [INFO] exp_shallowmodel: Training: 
01/29/2018 20:20:49 [INFO] exp_shallowmodel: LogisticRegression(C=1, class_weight=None, dual=False, fit_intercept=True,
          intercept_scaling=1, max_iter=100, multi_class='ovr', n_jobs=1,
          penalty='l1', random_state=None, solver='liblinear', tol=0.0001,
          verbose=0, warm_start=False)
01/29/2018 20:20:49 [INFO] exp_shallowmodel: train time: 0.221s
01/29/2018 20:20:49 [INFO] exp_shallowmodel: test time:  0.000s
01/29/2018 20:20:49 [INFO] exp_shallowmodel: accuracy:   0.799
01/29/2018 20:20:49 [INFO] exp_shallowmodel: f1_score:   0.614
01/29/2018 20:20:49 [INFO] exp_shallowmodel: classification report:
01/29/2018 20:20:49 [INFO] exp_shallowmodel:              precision    recall  f1-score   support

          A       0.50      0.07      0.12        14
          C       0.73      0.76      0.74       164
          F       0.88      0.93      0.90       268
          R       0.71      0.66      0.69       125

avg / total       0.79      0.80      0.79       571

01/29/2018 20:20:49 [INFO] exp_shallowmodel: confusion matrix:
01/29/2018 20:20:49 [INFO] exp_shallowmodel: 
[[  1   2  10   1]
 [  0 124  15  25]
 [  1  11 248   8]
 [  0  32  10  83]]
01/29/2018 20:20:49 [INFO] exp_shallowmodel: ******************** dstc2 - Round 29 
01/29/2018 20:20:49 [INFO] exp_shallowmodel: #(data) = 4568
01/29/2018 20:20:49 [INFO] exp_shallowmodel: #(feature) = 65
01/29/2018 20:20:49 [INFO] exp_shallowmodel: ================================================================================
01/29/2018 20:20:49 [INFO] exp_shallowmodel: LR.pen=l1.C=1.000000
01/29/2018 20:20:49 [INFO] exp_shallowmodel: ________________________________________________________________________________
01/29/2018 20:20:49 [INFO] exp_shallowmodel: Training: 
01/29/2018 20:20:49 [INFO] exp_shallowmodel: LogisticRegression(C=1, class_weight=None, dual=False, fit_intercept=True,
          intercept_scaling=1, max_iter=100, multi_class='ovr', n_jobs=1,
          penalty='l1', random_state=None, solver='liblinear', tol=0.0001,
          verbose=0, warm_start=False)
01/29/2018 20:20:50 [INFO] exp_shallowmodel: train time: 0.207s
01/29/2018 20:20:50 [INFO] exp_shallowmodel: test time:  0.000s
01/29/2018 20:20:50 [INFO] exp_shallowmodel: accuracy:   0.840
01/29/2018 20:20:50 [INFO] exp_shallowmodel: f1_score:   0.738
01/29/2018 20:20:50 [INFO] exp_shallowmodel: classification report:
01/29/2018 20:20:50 [INFO] exp_shallowmodel:              precision    recall  f1-score   support

          A       0.83      0.31      0.45        16
          C       0.79      0.81      0.80       169
          F       0.86      0.93      0.90       271
          R       0.86      0.75      0.80       130

avg / total       0.84      0.84      0.83       586

01/29/2018 20:20:50 [INFO] exp_shallowmodel: confusion matrix:
01/29/2018 20:20:50 [INFO] exp_shallowmodel: 
[[  5   2   9   0]
 [  0 137  20  12]
 [  1  14 252   4]
 [  0  21  11  98]]
01/29/2018 20:20:50 [INFO] exp_shallowmodel: ******************** dstc2 - Round 30 
01/29/2018 20:20:50 [INFO] exp_shallowmodel: #(data) = 4583
01/29/2018 20:20:50 [INFO] exp_shallowmodel: #(feature) = 65
01/29/2018 20:20:50 [INFO] exp_shallowmodel: ================================================================================
01/29/2018 20:20:50 [INFO] exp_shallowmodel: LR.pen=l1.C=1.000000
01/29/2018 20:20:50 [INFO] exp_shallowmodel: ________________________________________________________________________________
01/29/2018 20:20:50 [INFO] exp_shallowmodel: Training: 
01/29/2018 20:20:50 [INFO] exp_shallowmodel: LogisticRegression(C=1, class_weight=None, dual=False, fit_intercept=True,
          intercept_scaling=1, max_iter=100, multi_class='ovr', n_jobs=1,
          penalty='l1', random_state=None, solver='liblinear', tol=0.0001,
          verbose=0, warm_start=False)
01/29/2018 20:20:50 [INFO] exp_shallowmodel: train time: 0.205s
01/29/2018 20:20:50 [INFO] exp_shallowmodel: test time:  0.000s
01/29/2018 20:20:50 [INFO] exp_shallowmodel: accuracy:   0.807
01/29/2018 20:20:50 [INFO] exp_shallowmodel: f1_score:   0.626
01/29/2018 20:20:50 [INFO] exp_shallowmodel: classification report:
01/29/2018 20:20:50 [INFO] exp_shallowmodel:              precision    recall  f1-score   support

          A       1.00      0.07      0.13        14
          C       0.74      0.81      0.77       164
          F       0.89      0.90      0.89       268
          R       0.73      0.68      0.70       125

avg / total       0.81      0.81      0.80       571

01/29/2018 20:20:50 [INFO] exp_shallowmodel: confusion matrix:
01/29/2018 20:20:50 [INFO] exp_shallowmodel: 
[[  1   1  10   2]
 [  0 133  14  17]
 [  0  13 242  13]
 [  0  33   7  85]]
01/29/2018 20:20:50 [INFO] exp_shallowmodel: ******************** dstc2 - Round 31 
01/29/2018 20:20:50 [INFO] exp_shallowmodel: #(data) = 4583
01/29/2018 20:20:50 [INFO] exp_shallowmodel: #(feature) = 65
01/29/2018 20:20:50 [INFO] exp_shallowmodel: ================================================================================
01/29/2018 20:20:50 [INFO] exp_shallowmodel: LR.pen=l1.C=1.000000
01/29/2018 20:20:50 [INFO] exp_shallowmodel: ________________________________________________________________________________
01/29/2018 20:20:50 [INFO] exp_shallowmodel: Training: 
01/29/2018 20:20:50 [INFO] exp_shallowmodel: LogisticRegression(C=1, class_weight=None, dual=False, fit_intercept=True,
          intercept_scaling=1, max_iter=100, multi_class='ovr', n_jobs=1,
          penalty='l1', random_state=None, solver='liblinear', tol=0.0001,
          verbose=0, warm_start=False)
01/29/2018 20:20:50 [INFO] exp_shallowmodel: train time: 0.220s
01/29/2018 20:20:50 [INFO] exp_shallowmodel: test time:  0.000s
01/29/2018 20:20:50 [INFO] exp_shallowmodel: accuracy:   0.816
01/29/2018 20:20:50 [INFO] exp_shallowmodel: f1_score:   0.607
01/29/2018 20:20:50 [INFO] exp_shallowmodel: classification report:
01/29/2018 20:20:50 [INFO] exp_shallowmodel:              precision    recall  f1-score   support

          A       0.00      0.00      0.00        14
          C       0.77      0.81      0.79       164
          F       0.86      0.91      0.88       268
          R       0.80      0.72      0.76       125

avg / total       0.80      0.82      0.81       571

01/29/2018 20:20:50 [INFO] exp_shallowmodel: confusion matrix:
01/29/2018 20:20:50 [INFO] exp_shallowmodel: 
[[  0   2  12   0]
 [  1 133  15  15]
 [  0  17 243   8]
 [  1  21  13  90]]
01/29/2018 20:20:50 [INFO] exp_shallowmodel: ******************** dstc2 - Round 32 
01/29/2018 20:20:50 [INFO] exp_shallowmodel: #(data) = 4583
01/29/2018 20:20:50 [INFO] exp_shallowmodel: #(feature) = 65
01/29/2018 20:20:50 [INFO] exp_shallowmodel: ================================================================================
01/29/2018 20:20:50 [INFO] exp_shallowmodel: LR.pen=l1.C=1.000000
01/29/2018 20:20:50 [INFO] exp_shallowmodel: ________________________________________________________________________________
01/29/2018 20:20:50 [INFO] exp_shallowmodel: Training: 
01/29/2018 20:20:50 [INFO] exp_shallowmodel: LogisticRegression(C=1, class_weight=None, dual=False, fit_intercept=True,
          intercept_scaling=1, max_iter=100, multi_class='ovr', n_jobs=1,
          penalty='l1', random_state=None, solver='liblinear', tol=0.0001,
          verbose=0, warm_start=False)
01/29/2018 20:20:50 [INFO] exp_shallowmodel: train time: 0.199s
01/29/2018 20:20:50 [INFO] exp_shallowmodel: test time:  0.000s
01/29/2018 20:20:50 [INFO] exp_shallowmodel: accuracy:   0.820
01/29/2018 20:20:50 [INFO] exp_shallowmodel: f1_score:   0.700
01/29/2018 20:20:50 [INFO] exp_shallowmodel: classification report:
01/29/2018 20:20:50 [INFO] exp_shallowmodel:              precision    recall  f1-score   support

          A       0.67      0.29      0.40        14
          C       0.75      0.78      0.76       164
          F       0.89      0.93      0.91       268
          R       0.77      0.69      0.73       125

avg / total       0.82      0.82      0.81       571

01/29/2018 20:20:50 [INFO] exp_shallowmodel: confusion matrix:
01/29/2018 20:20:50 [INFO] exp_shallowmodel: 
[[  4   3   7   0]
 [  1 128  13  22]
 [  1  13 250   4]
 [  0  27  12  86]]
01/29/2018 20:20:50 [INFO] exp_shallowmodel: ******************** dstc2 - Round 33 
01/29/2018 20:20:50 [INFO] exp_shallowmodel: #(data) = 4583
01/29/2018 20:20:50 [INFO] exp_shallowmodel: #(feature) = 65
01/29/2018 20:20:50 [INFO] exp_shallowmodel: ================================================================================
01/29/2018 20:20:50 [INFO] exp_shallowmodel: LR.pen=l1.C=1.000000
01/29/2018 20:20:50 [INFO] exp_shallowmodel: ________________________________________________________________________________
01/29/2018 20:20:50 [INFO] exp_shallowmodel: Training: 
01/29/2018 20:20:50 [INFO] exp_shallowmodel: LogisticRegression(C=1, class_weight=None, dual=False, fit_intercept=True,
          intercept_scaling=1, max_iter=100, multi_class='ovr', n_jobs=1,
          penalty='l1', random_state=None, solver='liblinear', tol=0.0001,
          verbose=0, warm_start=False)
01/29/2018 20:20:51 [INFO] exp_shallowmodel: train time: 0.176s
01/29/2018 20:20:51 [INFO] exp_shallowmodel: test time:  0.000s
01/29/2018 20:20:51 [INFO] exp_shallowmodel: accuracy:   0.828
01/29/2018 20:20:51 [INFO] exp_shallowmodel: f1_score:   0.608
01/29/2018 20:20:51 [INFO] exp_shallowmodel: classification report:
01/29/2018 20:20:51 [INFO] exp_shallowmodel:              precision    recall  f1-score   support

          A       0.00      0.00      0.00        14
          C       0.80      0.79      0.80       164
          F       0.89      0.95      0.92       268
          R       0.73      0.71      0.72       125

avg / total       0.81      0.83      0.82       571

01/29/2018 20:20:51 [INFO] exp_shallowmodel: confusion matrix:
01/29/2018 20:20:51 [INFO] exp_shallowmodel: 
[[  0   8   5   1]
 [  0 130   8  26]
 [  0   8 254   6]
 [  0  17  19  89]]
01/29/2018 20:20:51 [INFO] exp_shallowmodel: ******************** dstc2 - Round 34 
01/29/2018 20:20:51 [INFO] exp_shallowmodel: #(data) = 4583
01/29/2018 20:20:51 [INFO] exp_shallowmodel: #(feature) = 65
01/29/2018 20:20:51 [INFO] exp_shallowmodel: ================================================================================
01/29/2018 20:20:51 [INFO] exp_shallowmodel: LR.pen=l1.C=1.000000
01/29/2018 20:20:51 [INFO] exp_shallowmodel: ________________________________________________________________________________
01/29/2018 20:20:51 [INFO] exp_shallowmodel: Training: 
01/29/2018 20:20:51 [INFO] exp_shallowmodel: LogisticRegression(C=1, class_weight=None, dual=False, fit_intercept=True,
          intercept_scaling=1, max_iter=100, multi_class='ovr', n_jobs=1,
          penalty='l1', random_state=None, solver='liblinear', tol=0.0001,
          verbose=0, warm_start=False)
01/29/2018 20:20:51 [INFO] exp_shallowmodel: train time: 0.188s
01/29/2018 20:20:51 [INFO] exp_shallowmodel: test time:  0.000s
01/29/2018 20:20:51 [INFO] exp_shallowmodel: accuracy:   0.837
01/29/2018 20:20:51 [INFO] exp_shallowmodel: f1_score:   0.738
01/29/2018 20:20:51 [INFO] exp_shallowmodel: classification report:
01/29/2018 20:20:51 [INFO] exp_shallowmodel:              precision    recall  f1-score   support

          A       0.83      0.36      0.50        14
          C       0.77      0.79      0.78       164
          F       0.90      0.95      0.92       268
          R       0.78      0.72      0.75       125

avg / total       0.84      0.84      0.83       571

01/29/2018 20:20:51 [INFO] exp_shallowmodel: confusion matrix:
01/29/2018 20:20:51 [INFO] exp_shallowmodel: 
[[  5   0   8   1]
 [  0 129  15  20]
 [  0  10 254   4]
 [  1  29   5  90]]
01/29/2018 20:20:51 [INFO] exp_shallowmodel: ******************** dstc2 - Round 35 
01/29/2018 20:20:51 [INFO] exp_shallowmodel: #(data) = 4583
01/29/2018 20:20:51 [INFO] exp_shallowmodel: #(feature) = 65
01/29/2018 20:20:51 [INFO] exp_shallowmodel: ================================================================================
01/29/2018 20:20:51 [INFO] exp_shallowmodel: LR.pen=l1.C=1.000000
01/29/2018 20:20:51 [INFO] exp_shallowmodel: ________________________________________________________________________________
01/29/2018 20:20:51 [INFO] exp_shallowmodel: Training: 
01/29/2018 20:20:51 [INFO] exp_shallowmodel: LogisticRegression(C=1, class_weight=None, dual=False, fit_intercept=True,
          intercept_scaling=1, max_iter=100, multi_class='ovr', n_jobs=1,
          penalty='l1', random_state=None, solver='liblinear', tol=0.0001,
          verbose=0, warm_start=False)
01/29/2018 20:20:51 [INFO] exp_shallowmodel: train time: 0.196s
01/29/2018 20:20:51 [INFO] exp_shallowmodel: test time:  0.000s
01/29/2018 20:20:51 [INFO] exp_shallowmodel: accuracy:   0.841
01/29/2018 20:20:51 [INFO] exp_shallowmodel: f1_score:   0.713
01/29/2018 20:20:51 [INFO] exp_shallowmodel: classification report:
01/29/2018 20:20:51 [INFO] exp_shallowmodel:              precision    recall  f1-score   support

          A       1.00      0.21      0.35        14
          C       0.79      0.84      0.81       164
          F       0.87      0.92      0.89       268
          R       0.85      0.75      0.80       125

avg / total       0.84      0.84      0.83       571

01/29/2018 20:20:51 [INFO] exp_shallowmodel: confusion matrix:
01/29/2018 20:20:51 [INFO] exp_shallowmodel: 
[[  3   4   7   0]
 [  0 137  17  10]
 [  0  15 246   7]
 [  0  18  13  94]]
01/29/2018 20:20:51 [INFO] exp_shallowmodel: ******************** dstc2 - Round 36 
01/29/2018 20:20:51 [INFO] exp_shallowmodel: #(data) = 4583
01/29/2018 20:20:51 [INFO] exp_shallowmodel: #(feature) = 65
01/29/2018 20:20:51 [INFO] exp_shallowmodel: ================================================================================
01/29/2018 20:20:51 [INFO] exp_shallowmodel: LR.pen=l1.C=1.000000
01/29/2018 20:20:51 [INFO] exp_shallowmodel: ________________________________________________________________________________
01/29/2018 20:20:51 [INFO] exp_shallowmodel: Training: 
01/29/2018 20:20:51 [INFO] exp_shallowmodel: LogisticRegression(C=1, class_weight=None, dual=False, fit_intercept=True,
          intercept_scaling=1, max_iter=100, multi_class='ovr', n_jobs=1,
          penalty='l1', random_state=None, solver='liblinear', tol=0.0001,
          verbose=0, warm_start=False)
01/29/2018 20:20:51 [INFO] exp_shallowmodel: train time: 0.184s
01/29/2018 20:20:51 [INFO] exp_shallowmodel: test time:  0.000s
01/29/2018 20:20:51 [INFO] exp_shallowmodel: accuracy:   0.823
01/29/2018 20:20:51 [INFO] exp_shallowmodel: f1_score:   0.690
01/29/2018 20:20:51 [INFO] exp_shallowmodel: classification report:
01/29/2018 20:20:51 [INFO] exp_shallowmodel:              precision    recall  f1-score   support

          A       0.75      0.21      0.33        14
          C       0.74      0.84      0.79       164
          F       0.89      0.90      0.90       268
          R       0.80      0.70      0.74       125

avg / total       0.82      0.82      0.82       571

01/29/2018 20:20:51 [INFO] exp_shallowmodel: confusion matrix:
01/29/2018 20:20:51 [INFO] exp_shallowmodel: 
[[  3   5   6   0]
 [  0 138  11  15]
 [  1  18 242   7]
 [  0  25  13  87]]
01/29/2018 20:20:51 [INFO] exp_shallowmodel: ******************** dstc2 - Round 37 
01/29/2018 20:20:51 [INFO] exp_shallowmodel: #(data) = 4583
01/29/2018 20:20:51 [INFO] exp_shallowmodel: #(feature) = 65
01/29/2018 20:20:51 [INFO] exp_shallowmodel: ================================================================================
01/29/2018 20:20:51 [INFO] exp_shallowmodel: LR.pen=l1.C=1.000000
01/29/2018 20:20:51 [INFO] exp_shallowmodel: ________________________________________________________________________________
01/29/2018 20:20:51 [INFO] exp_shallowmodel: Training: 
01/29/2018 20:20:51 [INFO] exp_shallowmodel: LogisticRegression(C=1, class_weight=None, dual=False, fit_intercept=True,
          intercept_scaling=1, max_iter=100, multi_class='ovr', n_jobs=1,
          penalty='l1', random_state=None, solver='liblinear', tol=0.0001,
          verbose=0, warm_start=False)
01/29/2018 20:20:51 [INFO] exp_shallowmodel: train time: 0.201s
01/29/2018 20:20:51 [INFO] exp_shallowmodel: test time:  0.000s
01/29/2018 20:20:51 [INFO] exp_shallowmodel: accuracy:   0.814
01/29/2018 20:20:51 [INFO] exp_shallowmodel: f1_score:   0.630
01/29/2018 20:20:51 [INFO] exp_shallowmodel: classification report:
01/29/2018 20:20:51 [INFO] exp_shallowmodel:              precision    recall  f1-score   support

          A       1.00      0.07      0.13        14
          C       0.75      0.79      0.77       164
          F       0.87      0.93      0.90       268
          R       0.77      0.67      0.72       125

avg / total       0.82      0.81      0.80       571

01/29/2018 20:20:51 [INFO] exp_shallowmodel: confusion matrix:
01/29/2018 20:20:51 [INFO] exp_shallowmodel: 
[[  1   0  13   0]
 [  0 130  14  20]
 [  0  13 250   5]
 [  0  31  10  84]]
01/29/2018 20:20:51 [INFO] exp_shallowmodel: ******************** dstc2 - Round 38 
01/29/2018 20:20:51 [INFO] exp_shallowmodel: #(data) = 4583
01/29/2018 20:20:51 [INFO] exp_shallowmodel: #(feature) = 65
01/29/2018 20:20:51 [INFO] exp_shallowmodel: ================================================================================
01/29/2018 20:20:51 [INFO] exp_shallowmodel: LR.pen=l1.C=1.000000
01/29/2018 20:20:51 [INFO] exp_shallowmodel: ________________________________________________________________________________
01/29/2018 20:20:51 [INFO] exp_shallowmodel: Training: 
01/29/2018 20:20:51 [INFO] exp_shallowmodel: LogisticRegression(C=1, class_weight=None, dual=False, fit_intercept=True,
          intercept_scaling=1, max_iter=100, multi_class='ovr', n_jobs=1,
          penalty='l1', random_state=None, solver='liblinear', tol=0.0001,
          verbose=0, warm_start=False)
01/29/2018 20:20:52 [INFO] exp_shallowmodel: train time: 0.181s
01/29/2018 20:20:52 [INFO] exp_shallowmodel: test time:  0.000s
01/29/2018 20:20:52 [INFO] exp_shallowmodel: accuracy:   0.825
01/29/2018 20:20:52 [INFO] exp_shallowmodel: f1_score:   0.686
01/29/2018 20:20:52 [INFO] exp_shallowmodel: classification report:
01/29/2018 20:20:52 [INFO] exp_shallowmodel:              precision    recall  f1-score   support

          A       0.60      0.21      0.32        14
          C       0.78      0.77      0.77       164
          F       0.87      0.94      0.90       268
          R       0.79      0.72      0.75       125

avg / total       0.82      0.82      0.82       571

01/29/2018 20:20:52 [INFO] exp_shallowmodel: confusion matrix:
01/29/2018 20:20:52 [INFO] exp_shallowmodel: 
[[  3   3   7   1]
 [  0 126  18  20]
 [  2  11 252   3]
 [  0  22  13  90]]
01/29/2018 20:20:52 [INFO] exp_shallowmodel: ******************** dstc2 - Round 39 
01/29/2018 20:20:52 [INFO] exp_shallowmodel: #(data) = 4568
01/29/2018 20:20:52 [INFO] exp_shallowmodel: #(feature) = 65
01/29/2018 20:20:52 [INFO] exp_shallowmodel: ================================================================================
01/29/2018 20:20:52 [INFO] exp_shallowmodel: LR.pen=l1.C=1.000000
01/29/2018 20:20:52 [INFO] exp_shallowmodel: ________________________________________________________________________________
01/29/2018 20:20:52 [INFO] exp_shallowmodel: Training: 
01/29/2018 20:20:52 [INFO] exp_shallowmodel: LogisticRegression(C=1, class_weight=None, dual=False, fit_intercept=True,
          intercept_scaling=1, max_iter=100, multi_class='ovr', n_jobs=1,
          penalty='l1', random_state=None, solver='liblinear', tol=0.0001,
          verbose=0, warm_start=False)
01/29/2018 20:20:52 [INFO] exp_shallowmodel: train time: 0.175s
01/29/2018 20:20:52 [INFO] exp_shallowmodel: test time:  0.000s
01/29/2018 20:20:52 [INFO] exp_shallowmodel: accuracy:   0.819
01/29/2018 20:20:52 [INFO] exp_shallowmodel: f1_score:   0.632
01/29/2018 20:20:52 [INFO] exp_shallowmodel: classification report:
01/29/2018 20:20:52 [INFO] exp_shallowmodel:              precision    recall  f1-score   support

          A       1.00      0.06      0.12        16
          C       0.73      0.82      0.77       169
          F       0.89      0.93      0.91       271
          R       0.79      0.68      0.73       130

avg / total       0.82      0.82      0.81       586

01/29/2018 20:20:52 [INFO] exp_shallowmodel: confusion matrix:
01/29/2018 20:20:52 [INFO] exp_shallowmodel: 
[[  1   4  10   1]
 [  0 138  10  21]
 [  0  16 253   2]
 [  0  31  11  88]]
01/29/2018 20:20:52 [INFO] exp_shallowmodel: ******************** dstc2 - Round 40 
01/29/2018 20:20:52 [INFO] exp_shallowmodel: #(data) = 4583
01/29/2018 20:20:52 [INFO] exp_shallowmodel: #(feature) = 65
01/29/2018 20:20:52 [INFO] exp_shallowmodel: ================================================================================
01/29/2018 20:20:52 [INFO] exp_shallowmodel: LR.pen=l1.C=1.000000
01/29/2018 20:20:52 [INFO] exp_shallowmodel: ________________________________________________________________________________
01/29/2018 20:20:52 [INFO] exp_shallowmodel: Training: 
01/29/2018 20:20:52 [INFO] exp_shallowmodel: LogisticRegression(C=1, class_weight=None, dual=False, fit_intercept=True,
          intercept_scaling=1, max_iter=100, multi_class='ovr', n_jobs=1,
          penalty='l1', random_state=None, solver='liblinear', tol=0.0001,
          verbose=0, warm_start=False)
01/29/2018 20:20:52 [INFO] exp_shallowmodel: train time: 0.202s
01/29/2018 20:20:52 [INFO] exp_shallowmodel: test time:  0.000s
01/29/2018 20:20:52 [INFO] exp_shallowmodel: accuracy:   0.827
01/29/2018 20:20:52 [INFO] exp_shallowmodel: f1_score:   0.693
01/29/2018 20:20:52 [INFO] exp_shallowmodel: classification report:
01/29/2018 20:20:52 [INFO] exp_shallowmodel:              precision    recall  f1-score   support

          A       0.75      0.21      0.33        14
          C       0.76      0.78      0.77       164
          F       0.88      0.93      0.91       268
          R       0.79      0.74      0.76       125

avg / total       0.82      0.83      0.82       571

01/29/2018 20:20:52 [INFO] exp_shallowmodel: confusion matrix:
01/29/2018 20:20:52 [INFO] exp_shallowmodel: 
[[  3   4   6   1]
 [  0 128  16  20]
 [  1  14 249   4]
 [  0  22  11  92]]
01/29/2018 20:20:52 [INFO] exp_shallowmodel: ******************** dstc2 - Round 41 
01/29/2018 20:20:52 [INFO] exp_shallowmodel: #(data) = 4583
01/29/2018 20:20:52 [INFO] exp_shallowmodel: #(feature) = 65
01/29/2018 20:20:52 [INFO] exp_shallowmodel: ================================================================================
01/29/2018 20:20:52 [INFO] exp_shallowmodel: LR.pen=l1.C=1.000000
01/29/2018 20:20:52 [INFO] exp_shallowmodel: ________________________________________________________________________________
01/29/2018 20:20:52 [INFO] exp_shallowmodel: Training: 
01/29/2018 20:20:52 [INFO] exp_shallowmodel: LogisticRegression(C=1, class_weight=None, dual=False, fit_intercept=True,
          intercept_scaling=1, max_iter=100, multi_class='ovr', n_jobs=1,
          penalty='l1', random_state=None, solver='liblinear', tol=0.0001,
          verbose=0, warm_start=False)
01/29/2018 20:20:52 [INFO] exp_shallowmodel: train time: 0.177s
01/29/2018 20:20:52 [INFO] exp_shallowmodel: test time:  0.000s
01/29/2018 20:20:52 [INFO] exp_shallowmodel: accuracy:   0.839
01/29/2018 20:20:52 [INFO] exp_shallowmodel: f1_score:   0.707
01/29/2018 20:20:52 [INFO] exp_shallowmodel: classification report:
01/29/2018 20:20:52 [INFO] exp_shallowmodel:              precision    recall  f1-score   support

          A       1.00      0.21      0.35        14
          C       0.78      0.80      0.79       164
          F       0.88      0.94      0.91       268
          R       0.80      0.74      0.77       125

avg / total       0.84      0.84      0.83       571

01/29/2018 20:20:52 [INFO] exp_shallowmodel: confusion matrix:
01/29/2018 20:20:52 [INFO] exp_shallowmodel: 
[[  3   2   8   1]
 [  0 131  15  18]
 [  0  12 252   4]
 [  0  22  10  93]]
01/29/2018 20:20:52 [INFO] exp_shallowmodel: ******************** dstc2 - Round 42 
01/29/2018 20:20:52 [INFO] exp_shallowmodel: #(data) = 4583
01/29/2018 20:20:52 [INFO] exp_shallowmodel: #(feature) = 65
01/29/2018 20:20:52 [INFO] exp_shallowmodel: ================================================================================
01/29/2018 20:20:52 [INFO] exp_shallowmodel: LR.pen=l1.C=1.000000
01/29/2018 20:20:52 [INFO] exp_shallowmodel: ________________________________________________________________________________
01/29/2018 20:20:52 [INFO] exp_shallowmodel: Training: 
01/29/2018 20:20:52 [INFO] exp_shallowmodel: LogisticRegression(C=1, class_weight=None, dual=False, fit_intercept=True,
          intercept_scaling=1, max_iter=100, multi_class='ovr', n_jobs=1,
          penalty='l1', random_state=None, solver='liblinear', tol=0.0001,
          verbose=0, warm_start=False)
01/29/2018 20:20:52 [INFO] exp_shallowmodel: train time: 0.176s
01/29/2018 20:20:52 [INFO] exp_shallowmodel: test time:  0.000s
01/29/2018 20:20:52 [INFO] exp_shallowmodel: accuracy:   0.797
01/29/2018 20:20:52 [INFO] exp_shallowmodel: f1_score:   0.643
01/29/2018 20:20:52 [INFO] exp_shallowmodel: classification report:
01/29/2018 20:20:52 [INFO] exp_shallowmodel:              precision    recall  f1-score   support

          A       1.00      0.14      0.25        14
          C       0.73      0.73      0.73       164
          F       0.87      0.93      0.90       268
          R       0.71      0.68      0.69       125

avg / total       0.80      0.80      0.79       571

01/29/2018 20:20:52 [INFO] exp_shallowmodel: confusion matrix:
01/29/2018 20:20:52 [INFO] exp_shallowmodel: 
[[  2   3   8   1]
 [  0 119  17  28]
 [  0  13 249   6]
 [  0  29  11  85]]
01/29/2018 20:20:52 [INFO] exp_shallowmodel: ******************** dstc2 - Round 43 
01/29/2018 20:20:52 [INFO] exp_shallowmodel: #(data) = 4583
01/29/2018 20:20:52 [INFO] exp_shallowmodel: #(feature) = 65
01/29/2018 20:20:52 [INFO] exp_shallowmodel: ================================================================================
01/29/2018 20:20:52 [INFO] exp_shallowmodel: LR.pen=l1.C=1.000000
01/29/2018 20:20:52 [INFO] exp_shallowmodel: ________________________________________________________________________________
01/29/2018 20:20:52 [INFO] exp_shallowmodel: Training: 
01/29/2018 20:20:52 [INFO] exp_shallowmodel: LogisticRegression(C=1, class_weight=None, dual=False, fit_intercept=True,
          intercept_scaling=1, max_iter=100, multi_class='ovr', n_jobs=1,
          penalty='l1', random_state=None, solver='liblinear', tol=0.0001,
          verbose=0, warm_start=False)
01/29/2018 20:20:52 [INFO] exp_shallowmodel: train time: 0.185s
01/29/2018 20:20:52 [INFO] exp_shallowmodel: test time:  0.000s
01/29/2018 20:20:52 [INFO] exp_shallowmodel: accuracy:   0.834
01/29/2018 20:20:52 [INFO] exp_shallowmodel: f1_score:   0.738
01/29/2018 20:20:52 [INFO] exp_shallowmodel: classification report:
01/29/2018 20:20:53 [INFO] exp_shallowmodel:              precision    recall  f1-score   support

          A       0.83      0.36      0.50        14
          C       0.76      0.80      0.78       164
          F       0.89      0.93      0.91       268
          R       0.80      0.73      0.76       125

avg / total       0.83      0.83      0.83       571

01/29/2018 20:20:53 [INFO] exp_shallowmodel: confusion matrix:
01/29/2018 20:20:53 [INFO] exp_shallowmodel: 
[[  5   1   8   0]
 [  0 131  14  19]
 [  0  15 249   4]
 [  1  25   8  91]]
01/29/2018 20:20:53 [INFO] exp_shallowmodel: ******************** dstc2 - Round 44 
01/29/2018 20:20:53 [INFO] exp_shallowmodel: #(data) = 4583
01/29/2018 20:20:53 [INFO] exp_shallowmodel: #(feature) = 65
01/29/2018 20:20:53 [INFO] exp_shallowmodel: ================================================================================
01/29/2018 20:20:53 [INFO] exp_shallowmodel: LR.pen=l1.C=1.000000
01/29/2018 20:20:53 [INFO] exp_shallowmodel: ________________________________________________________________________________
01/29/2018 20:20:53 [INFO] exp_shallowmodel: Training: 
01/29/2018 20:20:53 [INFO] exp_shallowmodel: LogisticRegression(C=1, class_weight=None, dual=False, fit_intercept=True,
          intercept_scaling=1, max_iter=100, multi_class='ovr', n_jobs=1,
          penalty='l1', random_state=None, solver='liblinear', tol=0.0001,
          verbose=0, warm_start=False)
01/29/2018 20:20:53 [INFO] exp_shallowmodel: train time: 0.193s
01/29/2018 20:20:53 [INFO] exp_shallowmodel: test time:  0.000s
01/29/2018 20:20:53 [INFO] exp_shallowmodel: accuracy:   0.811
01/29/2018 20:20:53 [INFO] exp_shallowmodel: f1_score:   0.591
01/29/2018 20:20:53 [INFO] exp_shallowmodel: classification report:
01/29/2018 20:20:53 [INFO] exp_shallowmodel:              precision    recall  f1-score   support

          A       0.00      0.00      0.00        14
          C       0.73      0.82      0.78       164
          F       0.88      0.94      0.91       268
          R       0.76      0.62      0.68       125

avg / total       0.79      0.81      0.80       571

01/29/2018 20:20:53 [INFO] exp_shallowmodel: confusion matrix:
01/29/2018 20:20:53 [INFO] exp_shallowmodel: 
[[  0   4   8   2]
 [  0 135  12  17]
 [  0  12 251   5]
 [  0  33  15  77]]
01/29/2018 20:20:53 [INFO] exp_shallowmodel: ******************** dstc2 - Round 45 
01/29/2018 20:20:53 [INFO] exp_shallowmodel: #(data) = 4583
01/29/2018 20:20:53 [INFO] exp_shallowmodel: #(feature) = 65
01/29/2018 20:20:53 [INFO] exp_shallowmodel: ================================================================================
01/29/2018 20:20:53 [INFO] exp_shallowmodel: LR.pen=l1.C=1.000000
01/29/2018 20:20:53 [INFO] exp_shallowmodel: ________________________________________________________________________________
01/29/2018 20:20:53 [INFO] exp_shallowmodel: Training: 
01/29/2018 20:20:53 [INFO] exp_shallowmodel: LogisticRegression(C=1, class_weight=None, dual=False, fit_intercept=True,
          intercept_scaling=1, max_iter=100, multi_class='ovr', n_jobs=1,
          penalty='l1', random_state=None, solver='liblinear', tol=0.0001,
          verbose=0, warm_start=False)
01/29/2018 20:20:53 [INFO] exp_shallowmodel: train time: 0.187s
01/29/2018 20:20:53 [INFO] exp_shallowmodel: test time:  0.000s
01/29/2018 20:20:53 [INFO] exp_shallowmodel: accuracy:   0.809
01/29/2018 20:20:53 [INFO] exp_shallowmodel: f1_score:   0.650
01/29/2018 20:20:53 [INFO] exp_shallowmodel: classification report:
01/29/2018 20:20:53 [INFO] exp_shallowmodel:              precision    recall  f1-score   support

          A       0.67      0.14      0.24        14
          C       0.75      0.78      0.76       164
          F       0.87      0.93      0.90       268
          R       0.75      0.66      0.70       125

avg / total       0.80      0.81      0.80       571

01/29/2018 20:20:53 [INFO] exp_shallowmodel: confusion matrix:
01/29/2018 20:20:53 [INFO] exp_shallowmodel: 
[[  2   5   7   0]
 [  0 128  14  22]
 [  1  12 249   6]
 [  0  26  16  83]]
01/29/2018 20:20:53 [INFO] exp_shallowmodel: ******************** dstc2 - Round 46 
01/29/2018 20:20:53 [INFO] exp_shallowmodel: #(data) = 4583
01/29/2018 20:20:53 [INFO] exp_shallowmodel: #(feature) = 65
01/29/2018 20:20:53 [INFO] exp_shallowmodel: ================================================================================
01/29/2018 20:20:53 [INFO] exp_shallowmodel: LR.pen=l1.C=1.000000
01/29/2018 20:20:53 [INFO] exp_shallowmodel: ________________________________________________________________________________
01/29/2018 20:20:53 [INFO] exp_shallowmodel: Training: 
01/29/2018 20:20:53 [INFO] exp_shallowmodel: LogisticRegression(C=1, class_weight=None, dual=False, fit_intercept=True,
          intercept_scaling=1, max_iter=100, multi_class='ovr', n_jobs=1,
          penalty='l1', random_state=None, solver='liblinear', tol=0.0001,
          verbose=0, warm_start=False)
01/29/2018 20:20:53 [INFO] exp_shallowmodel: train time: 0.176s
01/29/2018 20:20:53 [INFO] exp_shallowmodel: test time:  0.000s
01/29/2018 20:20:53 [INFO] exp_shallowmodel: accuracy:   0.820
01/29/2018 20:20:53 [INFO] exp_shallowmodel: f1_score:   0.637
01/29/2018 20:20:53 [INFO] exp_shallowmodel: classification report:
01/29/2018 20:20:53 [INFO] exp_shallowmodel:              precision    recall  f1-score   support

          A       1.00      0.07      0.13        14
          C       0.74      0.84      0.79       164
          F       0.87      0.92      0.89       268
          R       0.83      0.66      0.74       125

avg / total       0.83      0.82      0.81       571

01/29/2018 20:20:53 [INFO] exp_shallowmodel: confusion matrix:
01/29/2018 20:20:53 [INFO] exp_shallowmodel: 
[[  1   1  12   0]
 [  0 137  15  12]
 [  0  16 247   5]
 [  0  31  11  83]]
01/29/2018 20:20:53 [INFO] exp_shallowmodel: ******************** dstc2 - Round 47 
01/29/2018 20:20:53 [INFO] exp_shallowmodel: #(data) = 4583
01/29/2018 20:20:53 [INFO] exp_shallowmodel: #(feature) = 65
01/29/2018 20:20:53 [INFO] exp_shallowmodel: ================================================================================
01/29/2018 20:20:53 [INFO] exp_shallowmodel: LR.pen=l1.C=1.000000
01/29/2018 20:20:53 [INFO] exp_shallowmodel: ________________________________________________________________________________
01/29/2018 20:20:53 [INFO] exp_shallowmodel: Training: 
01/29/2018 20:20:53 [INFO] exp_shallowmodel: LogisticRegression(C=1, class_weight=None, dual=False, fit_intercept=True,
          intercept_scaling=1, max_iter=100, multi_class='ovr', n_jobs=1,
          penalty='l1', random_state=None, solver='liblinear', tol=0.0001,
          verbose=0, warm_start=False)
01/29/2018 20:20:53 [INFO] exp_shallowmodel: train time: 0.162s
01/29/2018 20:20:53 [INFO] exp_shallowmodel: test time:  0.000s
01/29/2018 20:20:53 [INFO] exp_shallowmodel: accuracy:   0.823
01/29/2018 20:20:53 [INFO] exp_shallowmodel: f1_score:   0.638
01/29/2018 20:20:53 [INFO] exp_shallowmodel: classification report:
01/29/2018 20:20:53 [INFO] exp_shallowmodel:              precision    recall  f1-score   support

          A       1.00      0.07      0.13        14
          C       0.74      0.84      0.79       164
          F       0.89      0.93      0.91       268
          R       0.79      0.67      0.73       125

avg / total       0.83      0.82      0.81       571

01/29/2018 20:20:53 [INFO] exp_shallowmodel: confusion matrix:
01/29/2018 20:20:53 [INFO] exp_shallowmodel: 
[[  1   3  10   0]
 [  0 137  12  15]
 [  0  13 248   7]
 [  0  32   9  84]]
01/29/2018 20:20:53 [INFO] exp_shallowmodel: ******************** dstc2 - Round 48 
01/29/2018 20:20:53 [INFO] exp_shallowmodel: #(data) = 4583
01/29/2018 20:20:53 [INFO] exp_shallowmodel: #(feature) = 65
01/29/2018 20:20:53 [INFO] exp_shallowmodel: ================================================================================
01/29/2018 20:20:53 [INFO] exp_shallowmodel: LR.pen=l1.C=1.000000
01/29/2018 20:20:53 [INFO] exp_shallowmodel: ________________________________________________________________________________
01/29/2018 20:20:53 [INFO] exp_shallowmodel: Training: 
01/29/2018 20:20:53 [INFO] exp_shallowmodel: LogisticRegression(C=1, class_weight=None, dual=False, fit_intercept=True,
          intercept_scaling=1, max_iter=100, multi_class='ovr', n_jobs=1,
          penalty='l1', random_state=None, solver='liblinear', tol=0.0001,
          verbose=0, warm_start=False)
01/29/2018 20:20:53 [INFO] exp_shallowmodel: train time: 0.174s
01/29/2018 20:20:53 [INFO] exp_shallowmodel: test time:  0.000s
01/29/2018 20:20:53 [INFO] exp_shallowmodel: accuracy:   0.827
01/29/2018 20:20:53 [INFO] exp_shallowmodel: f1_score:   0.691
01/29/2018 20:20:53 [INFO] exp_shallowmodel: classification report:
01/29/2018 20:20:53 [INFO] exp_shallowmodel:              precision    recall  f1-score   support

          A       0.75      0.21      0.33        14
          C       0.78      0.83      0.80       164
          F       0.88      0.92      0.90       268
          R       0.76      0.70      0.73       125

avg / total       0.82      0.83      0.82       571

01/29/2018 20:20:53 [INFO] exp_shallowmodel: confusion matrix:
01/29/2018 20:20:53 [INFO] exp_shallowmodel: 
[[  3   1  10   0]
 [  1 136   8  19]
 [  0  14 246   8]
 [  0  23  15  87]]
01/29/2018 20:20:53 [INFO] exp_shallowmodel: ******************** dstc2 - Round 49 
01/29/2018 20:20:53 [INFO] exp_shallowmodel: #(data) = 4568
01/29/2018 20:20:53 [INFO] exp_shallowmodel: #(feature) = 65
01/29/2018 20:20:53 [INFO] exp_shallowmodel: ================================================================================
01/29/2018 20:20:53 [INFO] exp_shallowmodel: LR.pen=l1.C=1.000000
01/29/2018 20:20:53 [INFO] exp_shallowmodel: ________________________________________________________________________________
01/29/2018 20:20:53 [INFO] exp_shallowmodel: Training: 
01/29/2018 20:20:53 [INFO] exp_shallowmodel: LogisticRegression(C=1, class_weight=None, dual=False, fit_intercept=True,
          intercept_scaling=1, max_iter=100, multi_class='ovr', n_jobs=1,
          penalty='l1', random_state=None, solver='liblinear', tol=0.0001,
          verbose=0, warm_start=False)
01/29/2018 20:20:54 [INFO] exp_shallowmodel: train time: 0.223s
01/29/2018 20:20:54 [INFO] exp_shallowmodel: test time:  0.000s
01/29/2018 20:20:54 [INFO] exp_shallowmodel: accuracy:   0.816
01/29/2018 20:20:54 [INFO] exp_shallowmodel: f1_score:   0.657
01/29/2018 20:20:54 [INFO] exp_shallowmodel: classification report:
01/29/2018 20:20:54 [INFO] exp_shallowmodel:              precision    recall  f1-score   support

          A       0.67      0.12      0.21        16
          C       0.76      0.81      0.78       169
          F       0.86      0.92      0.89       271
          R       0.80      0.70      0.75       130

avg / total       0.81      0.82      0.81       586

01/29/2018 20:20:54 [INFO] exp_shallowmodel: confusion matrix:
01/29/2018 20:20:54 [INFO] exp_shallowmodel: 
[[  2   2  12   0]
 [  0 137  16  16]
 [  1  15 248   7]
 [  0  27  12  91]]
