01/29/2018 20:20:41 [INFO] configuration: experiment_mode  :   continuous_feature_selection
01/29/2018 20:20:41 [INFO] configuration: deep_model  :   False
01/29/2018 20:20:41 [INFO] configuration: selected_context_id  :   0
01/29/2018 20:20:41 [INFO] configuration: selected_feature_set_id  :   6
01/29/2018 20:20:41 [INFO] configuration: similarity_feature  :   True
01/29/2018 20:20:41 [INFO] configuration: k_feature_to_keep  :   -1
01/29/2018 20:20:41 [INFO] configuration: k_component_for_pca  :   9
01/29/2018 20:20:41 [INFO] configuration: seed  :   154316847
01/29/2018 20:20:41 [INFO] configuration: root_path  :   /ihome/pbrusilosky/rum20/y_classify
01/29/2018 20:20:41 [INFO] configuration: task_name  :   utterance_type
01/29/2018 20:20:41 [INFO] configuration: timemark  :   20180129-202041
01/29/2018 20:20:41 [INFO] configuration: context_set  :   next
01/29/2018 20:20:41 [INFO] configuration: utterance_names  :   ['last_user_utterance', 'last_system_utterance', 'current_user_utterance', 'next_system_utterance', 'next_user_utterance']
01/29/2018 20:20:41 [INFO] configuration: utterance_range  :   ['current_user_utterance', 'next_system_utterance', 'next_user_utterance']
01/29/2018 20:20:41 [INFO] configuration: feature_set  :   6-w2v
01/29/2018 20:20:41 [INFO] configuration: feature_set_number  :   ['9']
01/29/2018 20:20:41 [INFO] configuration: experiment_name  :   20180129-202041.continuous_feature_selection.pca_component=9.feature_number=-1.context=next.feature=6-w2v.similarity=true
01/29/2018 20:20:41 [INFO] configuration: experiment_path  :   /ihome/pbrusilosky/rum20/y_classify/output/20180129-202041.continuous_feature_selection.pca_component=9.feature_number=-1.context=next.feature=6-w2v.similarity=true
01/29/2018 20:20:41 [INFO] configuration: log_path  :   /ihome/pbrusilosky/rum20/y_classify/output/20180129-202041.continuous_feature_selection.pca_component=9.feature_number=-1.context=next.feature=6-w2v.similarity=true/output.log
01/29/2018 20:20:41 [INFO] configuration: valid_type  :   {'C', 'F', 'A', 'R'}
01/29/2018 20:20:41 [INFO] configuration: data_name  :   
01/29/2018 20:20:41 [INFO] configuration: data_names  :   ['dstc2', 'dstc3', 'family', 'ghome']
01/29/2018 20:20:41 [INFO] configuration: raw_feature_path  :   /ihome/pbrusilosky/rum20/y_classify/dataset/feature/%s.raw_feature.pkl
01/29/2018 20:20:41 [INFO] configuration: extracted_feature_path  :   /ihome/pbrusilosky/rum20/y_classify/dataset/feature/%s.extracted_feature.pkl
01/29/2018 20:20:41 [INFO] configuration: pipeline_path  :   /ihome/pbrusilosky/rum20/y_classify/dataset/feature/%s.pipeline.pkl
01/29/2018 20:20:41 [INFO] configuration: metrics  :   ['accuracy', 'precision', 'recall', 'f1_score', 'training_time', 'test_time']
01/29/2018 20:20:41 [INFO] configuration: do_cross_validation  :   True
01/29/2018 20:20:41 [INFO] configuration: #division  :   5
01/29/2018 20:20:41 [INFO] configuration: #cross_validation  :   10
01/29/2018 20:20:41 [INFO] configuration: cv_index_cache_path  :   
01/29/2018 20:20:41 [INFO] configuration: action_words  :   {'expensive', 'volum', 'cast', 'expens', 'reminder', 'item', 'time', 'centre', 'centr', 'member', 'room', 'ani', 'telephone', 'number', 'address', 'timer', 'else', 'cheap', 'tell', 'area', 'food', 'watch', 'matter', 'weather', 'reminds', 'snooz', 'help', 'show', 'shuffl', 'song', 'skip', 'music', 'telephon', 'temperature', 'temperatur', 'turn', 'delete', 'moder', 'els', 'north', 'light', 'video', 'play', 'any', 'phone', 'next', 'findcare', 'reminders', 'discard', 'items', 'add', 'moderate', 'price', 'post', 'alarm', 'start', 'stop', 'volume', 'snooze', 'list', 'shuffle', 'remove', 'south', 'findcar', 'clear', 'part', 'share', 'remind', 'delet', 'remov'}
01/29/2018 20:20:41 [INFO] configuration: corenlp_jars  :   ('/Users/memray/Project/stanford/stanford-corenlp-full-3.8.0/*', '/Users/memray/Project/stanford/stanford-corenlp-full-3.8.0/stanford-english-kbp-corenlp-2017-06-09-models.jar')
01/29/2018 20:20:41 [INFO] configuration: lda_topic_number  :   50
01/29/2018 20:20:41 [INFO] configuration: lda_path  :   /ihome/pbrusilosky/rum20/y_classify/dataset/feature/gensim/%s.topic=50.lda.pkl
01/29/2018 20:20:41 [INFO] configuration: gensim_corpus_path  :   /ihome/pbrusilosky/rum20/y_classify/dataset/feature/gensim/%s.corpus.pkl
01/29/2018 20:20:41 [INFO] configuration: gensim_dict_path  :   /ihome/pbrusilosky/rum20/y_classify/dataset/feature/gensim/%s.dict
01/29/2018 20:20:41 [INFO] configuration: w2v_path  :   /home/memray/Data/glove/GoogleNews-vectors-negative300.bin
01/29/2018 20:20:41 [INFO] configuration: w2v_vector_length  :   300
01/29/2018 20:20:41 [INFO] configuration: d2v_vector_length  :   300
01/29/2018 20:20:41 [INFO] configuration: d2v_window_size  :   5
01/29/2018 20:20:41 [INFO] configuration: d2v_min_count  :   2
01/29/2018 20:20:41 [INFO] configuration: d2v_model_path  :   /ihome/pbrusilosky/rum20/y_classify/dataset/feature/gensim/%s.doc2vec.dim=300.window=5.min_count=2.model
01/29/2018 20:20:41 [INFO] configuration: d2v_vector_path  :   /ihome/pbrusilosky/rum20/y_classify/dataset/feature/gensim/%s.doc2vec.dim=300.window=5.min_count=2.vector
01/29/2018 20:20:41 [INFO] configuration: num_word_keep  :   {'dstc2': 300, 'dstc3': 300, 'family': 1000, 'ghome': 1000}
01/29/2018 20:20:41 [INFO] configuration: batch_size  :   128
01/29/2018 20:20:41 [INFO] configuration: max_epoch  :   50
01/29/2018 20:20:41 [INFO] configuration: early_stop_tolerance  :   2
01/29/2018 20:20:41 [INFO] configuration: concat_sents  :   False
01/29/2018 20:20:41 [INFO] configuration: cnn_setting  :   {'model': 'multichannel', 'early_stopping': True, 'word_dim': 300, 'filters': [3, 4, 5], 'filter_num': [100, 100, 100], 'class_size': 4, 'batch_size': 128, 'learning_rate': 0.001, 'norm_limit': 10, 'dropout_prob': 0.0, 'sentence_num': 3}
01/29/2018 20:20:41 [INFO] configuration: skipthought_setting  :   {'skipthought_model_path': '/Users/memray/Data/skip-thought', 'skipthought_data_path': '/ihome/pbrusilosky/rum20/y_classify/dataset/feature/gensim/%s.skip-thought.biskip.vector', 'fixed_emb': True, 'sentence_num': 3, 'hidden_size': 2400, 'class_size': 4, 'learning_rate': 0.0001, 'norm_limit': 3, 'dropout_prob': 0.5}
01/29/2018 20:20:41 [INFO] configuration: lstm_setting  :   {'model': 'non-static', 'hidden_size': 32, 'embedding_size': 300, 'num_layers': 1, 'bidirectional': False, 'learning_rate': 0.001, 'class_size': 4, 'norm_limit': 2, 'clip_grad_norm': 2, 'dropout_prob': 0.1}
01/29/2018 20:20:44 [INFO] exp_shallowmodel: %%%%%%%%%%%%%%%%%%%%%%%%%%%%%%%%%%%%%%%%%%%%%%%%%%
01/29/2018 20:20:44 [INFO] exp_shallowmodel:           dataset=dstc2
01/29/2018 20:20:44 [INFO] exp_shallowmodel:           X_new.shape=(5725, 514)
01/29/2018 20:20:44 [INFO] exp_shallowmodel:           #(discrete_feature)=0
01/29/2018 20:20:44 [INFO] exp_shallowmodel:           #(continuous_feature)=512
01/29/2018 20:20:44 [INFO] exp_shallowmodel:           #(similarity_feature)=2
01/29/2018 20:20:44 [INFO] exp_shallowmodel: %%%%%%%%%%%%%%%%%%%%%%%%%%%%%%%%%%%%%%%%%%%%%%%%%%
01/29/2018 20:20:44 [INFO] exp_shallowmodel: ******************** dstc2 - Round 0 
01/29/2018 20:20:44 [INFO] exp_shallowmodel: #(data) = 4583
01/29/2018 20:20:44 [INFO] exp_shallowmodel: #(feature) = 514
01/29/2018 20:20:44 [INFO] exp_shallowmodel: ================================================================================
01/29/2018 20:20:44 [INFO] exp_shallowmodel: LR.pen=l1.C=1.000000
01/29/2018 20:20:44 [INFO] exp_shallowmodel: ________________________________________________________________________________
01/29/2018 20:20:44 [INFO] exp_shallowmodel: Training: 
01/29/2018 20:20:44 [INFO] exp_shallowmodel: LogisticRegression(C=1, class_weight=None, dual=False, fit_intercept=True,
          intercept_scaling=1, max_iter=100, multi_class='ovr', n_jobs=1,
          penalty='l1', random_state=None, solver='liblinear', tol=0.0001,
          verbose=0, warm_start=False)
01/29/2018 20:20:50 [INFO] exp_shallowmodel: train time: 5.341s
01/29/2018 20:20:50 [INFO] exp_shallowmodel: test time:  0.000s
01/29/2018 20:20:50 [INFO] exp_shallowmodel: accuracy:   0.837
01/29/2018 20:20:50 [INFO] exp_shallowmodel: f1_score:   0.691
01/29/2018 20:20:50 [INFO] exp_shallowmodel: classification report:
01/29/2018 20:20:50 [INFO] exp_shallowmodel:              precision    recall  f1-score   support

          A       0.29      0.29      0.29        14
          C       0.81      0.80      0.81       164
          F       0.91      0.94      0.92       268
          R       0.78      0.72      0.75       125

avg / total       0.83      0.84      0.84       571

01/29/2018 20:20:50 [INFO] exp_shallowmodel: confusion matrix:
01/29/2018 20:20:50 [INFO] exp_shallowmodel: 
[[  4   2   7   1]
 [  3 132   8  21]
 [  4   8 252   4]
 [  3  21  11  90]]
01/29/2018 20:20:50 [INFO] exp_shallowmodel: ******************** dstc2 - Round 1 
01/29/2018 20:20:50 [INFO] exp_shallowmodel: #(data) = 4583
01/29/2018 20:20:50 [INFO] exp_shallowmodel: #(feature) = 514
01/29/2018 20:20:50 [INFO] exp_shallowmodel: ================================================================================
01/29/2018 20:20:50 [INFO] exp_shallowmodel: LR.pen=l1.C=1.000000
01/29/2018 20:20:50 [INFO] exp_shallowmodel: ________________________________________________________________________________
01/29/2018 20:20:50 [INFO] exp_shallowmodel: Training: 
01/29/2018 20:20:50 [INFO] exp_shallowmodel: LogisticRegression(C=1, class_weight=None, dual=False, fit_intercept=True,
          intercept_scaling=1, max_iter=100, multi_class='ovr', n_jobs=1,
          penalty='l1', random_state=None, solver='liblinear', tol=0.0001,
          verbose=0, warm_start=False)
01/29/2018 20:20:56 [INFO] exp_shallowmodel: train time: 5.781s
01/29/2018 20:20:56 [INFO] exp_shallowmodel: test time:  0.001s
01/29/2018 20:20:56 [INFO] exp_shallowmodel: accuracy:   0.799
01/29/2018 20:20:56 [INFO] exp_shallowmodel: f1_score:   0.693
01/29/2018 20:20:56 [INFO] exp_shallowmodel: classification report:
01/29/2018 20:20:56 [INFO] exp_shallowmodel:              precision    recall  f1-score   support

          A       0.56      0.36      0.43        14
          C       0.75      0.73      0.74       164
          F       0.88      0.90      0.89       268
          R       0.70      0.71      0.70       125

avg / total       0.80      0.80      0.80       571

01/29/2018 20:20:56 [INFO] exp_shallowmodel: confusion matrix:
01/29/2018 20:20:56 [INFO] exp_shallowmodel: 
[[  5   2   4   3]
 [  1 120  17  26]
 [  1  15 242  10]
 [  2  22  12  89]]
01/29/2018 20:20:56 [INFO] exp_shallowmodel: ******************** dstc2 - Round 2 
01/29/2018 20:20:56 [INFO] exp_shallowmodel: #(data) = 4583
01/29/2018 20:20:56 [INFO] exp_shallowmodel: #(feature) = 514
01/29/2018 20:20:56 [INFO] exp_shallowmodel: ================================================================================
01/29/2018 20:20:56 [INFO] exp_shallowmodel: LR.pen=l1.C=1.000000
01/29/2018 20:20:56 [INFO] exp_shallowmodel: ________________________________________________________________________________
01/29/2018 20:20:56 [INFO] exp_shallowmodel: Training: 
01/29/2018 20:20:56 [INFO] exp_shallowmodel: LogisticRegression(C=1, class_weight=None, dual=False, fit_intercept=True,
          intercept_scaling=1, max_iter=100, multi_class='ovr', n_jobs=1,
          penalty='l1', random_state=None, solver='liblinear', tol=0.0001,
          verbose=0, warm_start=False)
01/29/2018 20:21:01 [INFO] exp_shallowmodel: train time: 5.337s
01/29/2018 20:21:01 [INFO] exp_shallowmodel: test time:  0.000s
01/29/2018 20:21:01 [INFO] exp_shallowmodel: accuracy:   0.835
01/29/2018 20:21:01 [INFO] exp_shallowmodel: f1_score:   0.699
01/29/2018 20:21:01 [INFO] exp_shallowmodel: classification report:
01/29/2018 20:21:01 [INFO] exp_shallowmodel:              precision    recall  f1-score   support

          A       0.36      0.29      0.32        14
          C       0.76      0.80      0.78       164
          F       0.92      0.92      0.92       268
          R       0.80      0.75      0.77       125

avg / total       0.83      0.84      0.83       571

01/29/2018 20:21:01 [INFO] exp_shallowmodel: confusion matrix:
01/29/2018 20:21:01 [INFO] exp_shallowmodel: 
[[  4   4   5   1]
 [  2 132  12  18]
 [  2  14 247   5]
 [  3  23   5  94]]
01/29/2018 20:21:01 [INFO] exp_shallowmodel: ******************** dstc2 - Round 3 
01/29/2018 20:21:01 [INFO] exp_shallowmodel: #(data) = 4583
01/29/2018 20:21:01 [INFO] exp_shallowmodel: #(feature) = 514
01/29/2018 20:21:01 [INFO] exp_shallowmodel: ================================================================================
01/29/2018 20:21:01 [INFO] exp_shallowmodel: LR.pen=l1.C=1.000000
01/29/2018 20:21:01 [INFO] exp_shallowmodel: ________________________________________________________________________________
01/29/2018 20:21:01 [INFO] exp_shallowmodel: Training: 
01/29/2018 20:21:01 [INFO] exp_shallowmodel: LogisticRegression(C=1, class_weight=None, dual=False, fit_intercept=True,
          intercept_scaling=1, max_iter=100, multi_class='ovr', n_jobs=1,
          penalty='l1', random_state=None, solver='liblinear', tol=0.0001,
          verbose=0, warm_start=False)
01/29/2018 20:21:07 [INFO] exp_shallowmodel: train time: 5.465s
01/29/2018 20:21:07 [INFO] exp_shallowmodel: test time:  0.000s
01/29/2018 20:21:07 [INFO] exp_shallowmodel: accuracy:   0.821
01/29/2018 20:21:07 [INFO] exp_shallowmodel: f1_score:   0.734
01/29/2018 20:21:07 [INFO] exp_shallowmodel: classification report:
01/29/2018 20:21:07 [INFO] exp_shallowmodel:              precision    recall  f1-score   support

          A       0.58      0.50      0.54        14
          C       0.76      0.78      0.77       164
          F       0.89      0.93      0.91       268
          R       0.76      0.68      0.72       125

avg / total       0.82      0.82      0.82       571

01/29/2018 20:21:07 [INFO] exp_shallowmodel: confusion matrix:
01/29/2018 20:21:07 [INFO] exp_shallowmodel: 
[[  7   2   4   1]
 [  2 128  15  19]
 [  1  11 249   7]
 [  2  27  11  85]]
01/29/2018 20:21:07 [INFO] exp_shallowmodel: ******************** dstc2 - Round 4 
01/29/2018 20:21:07 [INFO] exp_shallowmodel: #(data) = 4583
01/29/2018 20:21:07 [INFO] exp_shallowmodel: #(feature) = 514
01/29/2018 20:21:07 [INFO] exp_shallowmodel: ================================================================================
01/29/2018 20:21:07 [INFO] exp_shallowmodel: LR.pen=l1.C=1.000000
01/29/2018 20:21:07 [INFO] exp_shallowmodel: ________________________________________________________________________________
01/29/2018 20:21:07 [INFO] exp_shallowmodel: Training: 
01/29/2018 20:21:07 [INFO] exp_shallowmodel: LogisticRegression(C=1, class_weight=None, dual=False, fit_intercept=True,
          intercept_scaling=1, max_iter=100, multi_class='ovr', n_jobs=1,
          penalty='l1', random_state=None, solver='liblinear', tol=0.0001,
          verbose=0, warm_start=False)
01/29/2018 20:21:13 [INFO] exp_shallowmodel: train time: 5.964s
01/29/2018 20:21:13 [INFO] exp_shallowmodel: test time:  0.000s
01/29/2018 20:21:13 [INFO] exp_shallowmodel: accuracy:   0.816
01/29/2018 20:21:13 [INFO] exp_shallowmodel: f1_score:   0.655
01/29/2018 20:21:13 [INFO] exp_shallowmodel: classification report:
01/29/2018 20:21:13 [INFO] exp_shallowmodel:              precision    recall  f1-score   support

          A       0.29      0.14      0.19        14
          C       0.77      0.82      0.80       164
          F       0.88      0.89      0.88       268
          R       0.77      0.74      0.75       125

avg / total       0.81      0.82      0.81       571

01/29/2018 20:21:13 [INFO] exp_shallowmodel: confusion matrix:
01/29/2018 20:21:13 [INFO] exp_shallowmodel: 
[[  2   2   8   2]
 [  3 134  11  16]
 [  2  18 238  10]
 [  0  19  14  92]]
01/29/2018 20:21:13 [INFO] exp_shallowmodel: ******************** dstc2 - Round 5 
01/29/2018 20:21:13 [INFO] exp_shallowmodel: #(data) = 4583
01/29/2018 20:21:13 [INFO] exp_shallowmodel: #(feature) = 514
01/29/2018 20:21:13 [INFO] exp_shallowmodel: ================================================================================
01/29/2018 20:21:13 [INFO] exp_shallowmodel: LR.pen=l1.C=1.000000
01/29/2018 20:21:13 [INFO] exp_shallowmodel: ________________________________________________________________________________
01/29/2018 20:21:13 [INFO] exp_shallowmodel: Training: 
01/29/2018 20:21:13 [INFO] exp_shallowmodel: LogisticRegression(C=1, class_weight=None, dual=False, fit_intercept=True,
          intercept_scaling=1, max_iter=100, multi_class='ovr', n_jobs=1,
          penalty='l1', random_state=None, solver='liblinear', tol=0.0001,
          verbose=0, warm_start=False)
01/29/2018 20:21:19 [INFO] exp_shallowmodel: train time: 6.383s
01/29/2018 20:21:19 [INFO] exp_shallowmodel: test time:  0.000s
01/29/2018 20:21:19 [INFO] exp_shallowmodel: accuracy:   0.807
01/29/2018 20:21:19 [INFO] exp_shallowmodel: f1_score:   0.656
01/29/2018 20:21:19 [INFO] exp_shallowmodel: classification report:
01/29/2018 20:21:19 [INFO] exp_shallowmodel:              precision    recall  f1-score   support

          A       0.27      0.21      0.24        14
          C       0.76      0.76      0.76       164
          F       0.88      0.92      0.90       268
          R       0.75      0.70      0.72       125

avg / total       0.80      0.81      0.80       571

01/29/2018 20:21:19 [INFO] exp_shallowmodel: confusion matrix:
01/29/2018 20:21:19 [INFO] exp_shallowmodel: 
[[  3   3   5   3]
 [  5 124  16  19]
 [  1  13 246   8]
 [  2  23  12  88]]
01/29/2018 20:21:19 [INFO] exp_shallowmodel: ******************** dstc2 - Round 6 
01/29/2018 20:21:19 [INFO] exp_shallowmodel: #(data) = 4583
01/29/2018 20:21:19 [INFO] exp_shallowmodel: #(feature) = 514
01/29/2018 20:21:19 [INFO] exp_shallowmodel: ================================================================================
01/29/2018 20:21:19 [INFO] exp_shallowmodel: LR.pen=l1.C=1.000000
01/29/2018 20:21:19 [INFO] exp_shallowmodel: ________________________________________________________________________________
01/29/2018 20:21:19 [INFO] exp_shallowmodel: Training: 
01/29/2018 20:21:19 [INFO] exp_shallowmodel: LogisticRegression(C=1, class_weight=None, dual=False, fit_intercept=True,
          intercept_scaling=1, max_iter=100, multi_class='ovr', n_jobs=1,
          penalty='l1', random_state=None, solver='liblinear', tol=0.0001,
          verbose=0, warm_start=False)
01/29/2018 20:21:25 [INFO] exp_shallowmodel: train time: 6.022s
01/29/2018 20:21:25 [INFO] exp_shallowmodel: test time:  0.000s
01/29/2018 20:21:25 [INFO] exp_shallowmodel: accuracy:   0.821
01/29/2018 20:21:25 [INFO] exp_shallowmodel: f1_score:   0.686
01/29/2018 20:21:25 [INFO] exp_shallowmodel: classification report:
01/29/2018 20:21:25 [INFO] exp_shallowmodel:              precision    recall  f1-score   support

          A       0.36      0.29      0.32        14
          C       0.79      0.79      0.79       164
          F       0.88      0.93      0.90       268
          R       0.77      0.70      0.74       125

avg / total       0.82      0.82      0.82       571

01/29/2018 20:21:25 [INFO] exp_shallowmodel: confusion matrix:
01/29/2018 20:21:25 [INFO] exp_shallowmodel: 
[[  4   2   8   0]
 [  2 129  14  19]
 [  4   9 248   7]
 [  1  24  12  88]]
01/29/2018 20:21:25 [INFO] exp_shallowmodel: ******************** dstc2 - Round 7 
01/29/2018 20:21:25 [INFO] exp_shallowmodel: #(data) = 4583
01/29/2018 20:21:25 [INFO] exp_shallowmodel: #(feature) = 514
01/29/2018 20:21:25 [INFO] exp_shallowmodel: ================================================================================
01/29/2018 20:21:25 [INFO] exp_shallowmodel: LR.pen=l1.C=1.000000
01/29/2018 20:21:25 [INFO] exp_shallowmodel: ________________________________________________________________________________
01/29/2018 20:21:25 [INFO] exp_shallowmodel: Training: 
01/29/2018 20:21:25 [INFO] exp_shallowmodel: LogisticRegression(C=1, class_weight=None, dual=False, fit_intercept=True,
          intercept_scaling=1, max_iter=100, multi_class='ovr', n_jobs=1,
          penalty='l1', random_state=None, solver='liblinear', tol=0.0001,
          verbose=0, warm_start=False)
01/29/2018 20:21:31 [INFO] exp_shallowmodel: train time: 5.518s
01/29/2018 20:21:31 [INFO] exp_shallowmodel: test time:  0.000s
01/29/2018 20:21:31 [INFO] exp_shallowmodel: accuracy:   0.795
01/29/2018 20:21:31 [INFO] exp_shallowmodel: f1_score:   0.654
01/29/2018 20:21:31 [INFO] exp_shallowmodel: classification report:
01/29/2018 20:21:31 [INFO] exp_shallowmodel:              precision    recall  f1-score   support

          A       0.50      0.21      0.30        14
          C       0.73      0.76      0.75       164
          F       0.88      0.91      0.90       268
          R       0.70      0.65      0.68       125

avg / total       0.79      0.80      0.79       571

01/29/2018 20:21:31 [INFO] exp_shallowmodel: confusion matrix:
01/29/2018 20:21:31 [INFO] exp_shallowmodel: 
[[  3   2   7   2]
 [  1 125  11  27]
 [  2  16 245   5]
 [  0  28  16  81]]
01/29/2018 20:21:31 [INFO] exp_shallowmodel: ******************** dstc2 - Round 8 
01/29/2018 20:21:31 [INFO] exp_shallowmodel: #(data) = 4583
01/29/2018 20:21:31 [INFO] exp_shallowmodel: #(feature) = 514
01/29/2018 20:21:31 [INFO] exp_shallowmodel: ================================================================================
01/29/2018 20:21:31 [INFO] exp_shallowmodel: LR.pen=l1.C=1.000000
01/29/2018 20:21:31 [INFO] exp_shallowmodel: ________________________________________________________________________________
01/29/2018 20:21:31 [INFO] exp_shallowmodel: Training: 
01/29/2018 20:21:31 [INFO] exp_shallowmodel: LogisticRegression(C=1, class_weight=None, dual=False, fit_intercept=True,
          intercept_scaling=1, max_iter=100, multi_class='ovr', n_jobs=1,
          penalty='l1', random_state=None, solver='liblinear', tol=0.0001,
          verbose=0, warm_start=False)
01/29/2018 20:21:36 [INFO] exp_shallowmodel: train time: 5.619s
01/29/2018 20:21:36 [INFO] exp_shallowmodel: test time:  0.000s
01/29/2018 20:21:36 [INFO] exp_shallowmodel: accuracy:   0.806
01/29/2018 20:21:36 [INFO] exp_shallowmodel: f1_score:   0.631
01/29/2018 20:21:36 [INFO] exp_shallowmodel: classification report:
01/29/2018 20:21:36 [INFO] exp_shallowmodel:              precision    recall  f1-score   support

          A       0.14      0.14      0.14        14
          C       0.79      0.73      0.76       164
          F       0.87      0.94      0.90       268
          R       0.73      0.70      0.72       125

avg / total       0.80      0.81      0.80       571

01/29/2018 20:21:36 [INFO] exp_shallowmodel: confusion matrix:
01/29/2018 20:21:36 [INFO] exp_shallowmodel: 
[[  2   1   9   2]
 [  3 119  14  28]
 [  3  12 251   2]
 [  6  18  13  88]]
01/29/2018 20:21:36 [INFO] exp_shallowmodel: ******************** dstc2 - Round 9 
01/29/2018 20:21:36 [INFO] exp_shallowmodel: #(data) = 4568
01/29/2018 20:21:36 [INFO] exp_shallowmodel: #(feature) = 514
01/29/2018 20:21:36 [INFO] exp_shallowmodel: ================================================================================
01/29/2018 20:21:36 [INFO] exp_shallowmodel: LR.pen=l1.C=1.000000
01/29/2018 20:21:36 [INFO] exp_shallowmodel: ________________________________________________________________________________
01/29/2018 20:21:36 [INFO] exp_shallowmodel: Training: 
01/29/2018 20:21:36 [INFO] exp_shallowmodel: LogisticRegression(C=1, class_weight=None, dual=False, fit_intercept=True,
          intercept_scaling=1, max_iter=100, multi_class='ovr', n_jobs=1,
          penalty='l1', random_state=None, solver='liblinear', tol=0.0001,
          verbose=0, warm_start=False)
01/29/2018 20:21:42 [INFO] exp_shallowmodel: train time: 5.789s
01/29/2018 20:21:42 [INFO] exp_shallowmodel: test time:  0.000s
01/29/2018 20:21:42 [INFO] exp_shallowmodel: accuracy:   0.799
01/29/2018 20:21:42 [INFO] exp_shallowmodel: f1_score:   0.702
01/29/2018 20:21:42 [INFO] exp_shallowmodel: classification report:
01/29/2018 20:21:42 [INFO] exp_shallowmodel:              precision    recall  f1-score   support

          A       0.67      0.38      0.48        16
          C       0.74      0.76      0.75       169
          F       0.87      0.92      0.89       271
          R       0.72      0.65      0.69       130

avg / total       0.79      0.80      0.79       586

01/29/2018 20:21:42 [INFO] exp_shallowmodel: confusion matrix:
01/29/2018 20:21:42 [INFO] exp_shallowmodel: 
[[  6   1   6   3]
 [  2 128  16  23]
 [  1  14 249   7]
 [  0  29  16  85]]
01/29/2018 20:21:42 [INFO] exp_shallowmodel: ******************** dstc2 - Round 10 
01/29/2018 20:21:42 [INFO] exp_shallowmodel: #(data) = 4583
01/29/2018 20:21:42 [INFO] exp_shallowmodel: #(feature) = 514
01/29/2018 20:21:42 [INFO] exp_shallowmodel: ================================================================================
01/29/2018 20:21:42 [INFO] exp_shallowmodel: LR.pen=l1.C=1.000000
01/29/2018 20:21:42 [INFO] exp_shallowmodel: ________________________________________________________________________________
01/29/2018 20:21:42 [INFO] exp_shallowmodel: Training: 
01/29/2018 20:21:42 [INFO] exp_shallowmodel: LogisticRegression(C=1, class_weight=None, dual=False, fit_intercept=True,
          intercept_scaling=1, max_iter=100, multi_class='ovr', n_jobs=1,
          penalty='l1', random_state=None, solver='liblinear', tol=0.0001,
          verbose=0, warm_start=False)
01/29/2018 20:21:48 [INFO] exp_shallowmodel: train time: 5.372s
01/29/2018 20:21:48 [INFO] exp_shallowmodel: test time:  0.000s
01/29/2018 20:21:48 [INFO] exp_shallowmodel: accuracy:   0.825
01/29/2018 20:21:48 [INFO] exp_shallowmodel: f1_score:   0.673
01/29/2018 20:21:48 [INFO] exp_shallowmodel: classification report:
01/29/2018 20:21:48 [INFO] exp_shallowmodel:              precision    recall  f1-score   support

          A       0.30      0.21      0.25        14
          C       0.81      0.77      0.79       164
          F       0.88      0.93      0.90       268
          R       0.76      0.74      0.75       125

avg / total       0.82      0.82      0.82       571

01/29/2018 20:21:48 [INFO] exp_shallowmodel: confusion matrix:
01/29/2018 20:21:48 [INFO] exp_shallowmodel: 
[[  3   1   7   3]
 [  2 126  14  22]
 [  1  13 249   5]
 [  4  15  13  93]]
01/29/2018 20:21:48 [INFO] exp_shallowmodel: ******************** dstc2 - Round 11 
01/29/2018 20:21:48 [INFO] exp_shallowmodel: #(data) = 4583
01/29/2018 20:21:48 [INFO] exp_shallowmodel: #(feature) = 514
01/29/2018 20:21:48 [INFO] exp_shallowmodel: ================================================================================
01/29/2018 20:21:48 [INFO] exp_shallowmodel: LR.pen=l1.C=1.000000
01/29/2018 20:21:48 [INFO] exp_shallowmodel: ________________________________________________________________________________
01/29/2018 20:21:48 [INFO] exp_shallowmodel: Training: 
01/29/2018 20:21:48 [INFO] exp_shallowmodel: LogisticRegression(C=1, class_weight=None, dual=False, fit_intercept=True,
          intercept_scaling=1, max_iter=100, multi_class='ovr', n_jobs=1,
          penalty='l1', random_state=None, solver='liblinear', tol=0.0001,
          verbose=0, warm_start=False)
01/29/2018 20:21:53 [INFO] exp_shallowmodel: train time: 5.619s
01/29/2018 20:21:53 [INFO] exp_shallowmodel: test time:  0.000s
01/29/2018 20:21:53 [INFO] exp_shallowmodel: accuracy:   0.792
01/29/2018 20:21:53 [INFO] exp_shallowmodel: f1_score:   0.644
01/29/2018 20:21:53 [INFO] exp_shallowmodel: classification report:
01/29/2018 20:21:53 [INFO] exp_shallowmodel:              precision    recall  f1-score   support

          A       0.33      0.21      0.26        14
          C       0.76      0.71      0.73       164
          F       0.86      0.93      0.89       268
          R       0.70      0.68      0.69       125

avg / total       0.78      0.79      0.79       571

01/29/2018 20:21:53 [INFO] exp_shallowmodel: confusion matrix:
01/29/2018 20:21:53 [INFO] exp_shallowmodel: 
[[  3   2   6   3]
 [  2 116  19  27]
 [  4   9 248   7]
 [  0  25  15  85]]
01/29/2018 20:21:53 [INFO] exp_shallowmodel: ******************** dstc2 - Round 12 
01/29/2018 20:21:53 [INFO] exp_shallowmodel: #(data) = 4583
01/29/2018 20:21:53 [INFO] exp_shallowmodel: #(feature) = 514
01/29/2018 20:21:53 [INFO] exp_shallowmodel: ================================================================================
01/29/2018 20:21:53 [INFO] exp_shallowmodel: LR.pen=l1.C=1.000000
01/29/2018 20:21:53 [INFO] exp_shallowmodel: ________________________________________________________________________________
01/29/2018 20:21:53 [INFO] exp_shallowmodel: Training: 
01/29/2018 20:21:53 [INFO] exp_shallowmodel: LogisticRegression(C=1, class_weight=None, dual=False, fit_intercept=True,
          intercept_scaling=1, max_iter=100, multi_class='ovr', n_jobs=1,
          penalty='l1', random_state=None, solver='liblinear', tol=0.0001,
          verbose=0, warm_start=False)
01/29/2018 20:22:00 [INFO] exp_shallowmodel: train time: 6.149s
01/29/2018 20:22:00 [INFO] exp_shallowmodel: test time:  0.001s
01/29/2018 20:22:00 [INFO] exp_shallowmodel: accuracy:   0.825
01/29/2018 20:22:00 [INFO] exp_shallowmodel: f1_score:   0.731
01/29/2018 20:22:00 [INFO] exp_shallowmodel: classification report:
01/29/2018 20:22:00 [INFO] exp_shallowmodel:              precision    recall  f1-score   support

          A       0.60      0.43      0.50        14
          C       0.78      0.75      0.77       164
          F       0.90      0.92      0.91       268
          R       0.73      0.76      0.75       125

avg / total       0.82      0.82      0.82       571

01/29/2018 20:22:00 [INFO] exp_shallowmodel: confusion matrix:
01/29/2018 20:22:00 [INFO] exp_shallowmodel: 
[[  6   2   3   3]
 [  0 123  14  27]
 [  1  15 247   5]
 [  3  17  10  95]]
01/29/2018 20:22:00 [INFO] exp_shallowmodel: ******************** dstc2 - Round 13 
01/29/2018 20:22:00 [INFO] exp_shallowmodel: #(data) = 4583
01/29/2018 20:22:00 [INFO] exp_shallowmodel: #(feature) = 514
01/29/2018 20:22:00 [INFO] exp_shallowmodel: ================================================================================
01/29/2018 20:22:00 [INFO] exp_shallowmodel: LR.pen=l1.C=1.000000
01/29/2018 20:22:00 [INFO] exp_shallowmodel: ________________________________________________________________________________
01/29/2018 20:22:00 [INFO] exp_shallowmodel: Training: 
01/29/2018 20:22:00 [INFO] exp_shallowmodel: LogisticRegression(C=1, class_weight=None, dual=False, fit_intercept=True,
          intercept_scaling=1, max_iter=100, multi_class='ovr', n_jobs=1,
          penalty='l1', random_state=None, solver='liblinear', tol=0.0001,
          verbose=0, warm_start=False)
01/29/2018 20:22:06 [INFO] exp_shallowmodel: train time: 5.871s
01/29/2018 20:22:06 [INFO] exp_shallowmodel: test time:  0.000s
01/29/2018 20:22:06 [INFO] exp_shallowmodel: accuracy:   0.807
01/29/2018 20:22:06 [INFO] exp_shallowmodel: f1_score:   0.664
01/29/2018 20:22:06 [INFO] exp_shallowmodel: classification report:
01/29/2018 20:22:06 [INFO] exp_shallowmodel:              precision    recall  f1-score   support

          A       0.38      0.21      0.27        14
          C       0.75      0.77      0.76       164
          F       0.90      0.90      0.90       268
          R       0.71      0.74      0.72       125

avg / total       0.80      0.81      0.81       571

01/29/2018 20:22:06 [INFO] exp_shallowmodel: confusion matrix:
01/29/2018 20:22:06 [INFO] exp_shallowmodel: 
[[  3   4   6   1]
 [  2 126  12  24]
 [  3  13 240  12]
 [  0  25   8  92]]
01/29/2018 20:22:06 [INFO] exp_shallowmodel: ******************** dstc2 - Round 14 
01/29/2018 20:22:06 [INFO] exp_shallowmodel: #(data) = 4583
01/29/2018 20:22:06 [INFO] exp_shallowmodel: #(feature) = 514
01/29/2018 20:22:06 [INFO] exp_shallowmodel: ================================================================================
01/29/2018 20:22:06 [INFO] exp_shallowmodel: LR.pen=l1.C=1.000000
01/29/2018 20:22:06 [INFO] exp_shallowmodel: ________________________________________________________________________________
01/29/2018 20:22:06 [INFO] exp_shallowmodel: Training: 
01/29/2018 20:22:06 [INFO] exp_shallowmodel: LogisticRegression(C=1, class_weight=None, dual=False, fit_intercept=True,
          intercept_scaling=1, max_iter=100, multi_class='ovr', n_jobs=1,
          penalty='l1', random_state=None, solver='liblinear', tol=0.0001,
          verbose=0, warm_start=False)
01/29/2018 20:22:11 [INFO] exp_shallowmodel: train time: 5.489s
01/29/2018 20:22:11 [INFO] exp_shallowmodel: test time:  0.000s
01/29/2018 20:22:11 [INFO] exp_shallowmodel: accuracy:   0.797
01/29/2018 20:22:11 [INFO] exp_shallowmodel: f1_score:   0.662
01/29/2018 20:22:11 [INFO] exp_shallowmodel: classification report:
01/29/2018 20:22:11 [INFO] exp_shallowmodel:              precision    recall  f1-score   support

          A       0.36      0.29      0.32        14
          C       0.73      0.75      0.74       164
          F       0.89      0.91      0.90       268
          R       0.71      0.66      0.69       125

avg / total       0.79      0.80      0.79       571

01/29/2018 20:22:11 [INFO] exp_shallowmodel: confusion matrix:
01/29/2018 20:22:11 [INFO] exp_shallowmodel: 
[[  4   4   6   0]
 [  3 123  14  24]
 [  0  13 245  10]
 [  4  28  10  83]]
01/29/2018 20:22:11 [INFO] exp_shallowmodel: ******************** dstc2 - Round 15 
01/29/2018 20:22:11 [INFO] exp_shallowmodel: #(data) = 4583
01/29/2018 20:22:11 [INFO] exp_shallowmodel: #(feature) = 514
01/29/2018 20:22:11 [INFO] exp_shallowmodel: ================================================================================
01/29/2018 20:22:11 [INFO] exp_shallowmodel: LR.pen=l1.C=1.000000
01/29/2018 20:22:11 [INFO] exp_shallowmodel: ________________________________________________________________________________
01/29/2018 20:22:11 [INFO] exp_shallowmodel: Training: 
01/29/2018 20:22:11 [INFO] exp_shallowmodel: LogisticRegression(C=1, class_weight=None, dual=False, fit_intercept=True,
          intercept_scaling=1, max_iter=100, multi_class='ovr', n_jobs=1,
          penalty='l1', random_state=None, solver='liblinear', tol=0.0001,
          verbose=0, warm_start=False)
01/29/2018 20:22:17 [INFO] exp_shallowmodel: train time: 5.912s
01/29/2018 20:22:17 [INFO] exp_shallowmodel: test time:  0.001s
01/29/2018 20:22:17 [INFO] exp_shallowmodel: accuracy:   0.823
01/29/2018 20:22:17 [INFO] exp_shallowmodel: f1_score:   0.704
01/29/2018 20:22:17 [INFO] exp_shallowmodel: classification report:
01/29/2018 20:22:17 [INFO] exp_shallowmodel:              precision    recall  f1-score   support

          A       0.50      0.36      0.42        14
          C       0.77      0.78      0.77       164
          F       0.90      0.94      0.92       268
          R       0.74      0.67      0.70       125

avg / total       0.82      0.82      0.82       571

01/29/2018 20:22:17 [INFO] exp_shallowmodel: confusion matrix:
01/29/2018 20:22:17 [INFO] exp_shallowmodel: 
[[  5   1   4   4]
 [  2 128   9  25]
 [  0  14 253   1]
 [  3  24  14  84]]
01/29/2018 20:22:17 [INFO] exp_shallowmodel: ******************** dstc2 - Round 16 
01/29/2018 20:22:17 [INFO] exp_shallowmodel: #(data) = 4583
01/29/2018 20:22:17 [INFO] exp_shallowmodel: #(feature) = 514
01/29/2018 20:22:17 [INFO] exp_shallowmodel: ================================================================================
01/29/2018 20:22:17 [INFO] exp_shallowmodel: LR.pen=l1.C=1.000000
01/29/2018 20:22:17 [INFO] exp_shallowmodel: ________________________________________________________________________________
01/29/2018 20:22:17 [INFO] exp_shallowmodel: Training: 
01/29/2018 20:22:17 [INFO] exp_shallowmodel: LogisticRegression(C=1, class_weight=None, dual=False, fit_intercept=True,
          intercept_scaling=1, max_iter=100, multi_class='ovr', n_jobs=1,
          penalty='l1', random_state=None, solver='liblinear', tol=0.0001,
          verbose=0, warm_start=False)
01/29/2018 20:22:22 [INFO] exp_shallowmodel: train time: 5.268s
01/29/2018 20:22:22 [INFO] exp_shallowmodel: test time:  0.000s
01/29/2018 20:22:22 [INFO] exp_shallowmodel: accuracy:   0.811
01/29/2018 20:22:22 [INFO] exp_shallowmodel: f1_score:   0.664
01/29/2018 20:22:22 [INFO] exp_shallowmodel: classification report:
01/29/2018 20:22:22 [INFO] exp_shallowmodel:              precision    recall  f1-score   support

          A       0.38      0.21      0.27        14
          C       0.75      0.77      0.76       164
          F       0.89      0.92      0.90       268
          R       0.74      0.70      0.72       125

avg / total       0.80      0.81      0.81       571

01/29/2018 20:22:22 [INFO] exp_shallowmodel: confusion matrix:
01/29/2018 20:22:22 [INFO] exp_shallowmodel: 
[[  3   4   6   1]
 [  4 127  12  21]
 [  0  14 246   8]
 [  1  25  12  87]]
01/29/2018 20:22:22 [INFO] exp_shallowmodel: ******************** dstc2 - Round 17 
01/29/2018 20:22:22 [INFO] exp_shallowmodel: #(data) = 4583
01/29/2018 20:22:22 [INFO] exp_shallowmodel: #(feature) = 514
01/29/2018 20:22:22 [INFO] exp_shallowmodel: ================================================================================
01/29/2018 20:22:22 [INFO] exp_shallowmodel: LR.pen=l1.C=1.000000
01/29/2018 20:22:22 [INFO] exp_shallowmodel: ________________________________________________________________________________
01/29/2018 20:22:22 [INFO] exp_shallowmodel: Training: 
01/29/2018 20:22:22 [INFO] exp_shallowmodel: LogisticRegression(C=1, class_weight=None, dual=False, fit_intercept=True,
          intercept_scaling=1, max_iter=100, multi_class='ovr', n_jobs=1,
          penalty='l1', random_state=None, solver='liblinear', tol=0.0001,
          verbose=0, warm_start=False)
01/29/2018 20:22:28 [INFO] exp_shallowmodel: train time: 5.603s
01/29/2018 20:22:28 [INFO] exp_shallowmodel: test time:  0.000s
01/29/2018 20:22:28 [INFO] exp_shallowmodel: accuracy:   0.807
01/29/2018 20:22:28 [INFO] exp_shallowmodel: f1_score:   0.726
01/29/2018 20:22:28 [INFO] exp_shallowmodel: classification report:
01/29/2018 20:22:28 [INFO] exp_shallowmodel:              precision    recall  f1-score   support

          A       0.75      0.43      0.55        14
          C       0.76      0.71      0.73       164
          F       0.88      0.92      0.90       268
          R       0.72      0.74      0.73       125

avg / total       0.81      0.81      0.80       571

01/29/2018 20:22:28 [INFO] exp_shallowmodel: confusion matrix:
01/29/2018 20:22:28 [INFO] exp_shallowmodel: 
[[  6   2   5   1]
 [  1 116  19  28]
 [  0  14 246   8]
 [  1  20  11  93]]
01/29/2018 20:22:28 [INFO] exp_shallowmodel: ******************** dstc2 - Round 18 
01/29/2018 20:22:28 [INFO] exp_shallowmodel: #(data) = 4583
01/29/2018 20:22:28 [INFO] exp_shallowmodel: #(feature) = 514
01/29/2018 20:22:28 [INFO] exp_shallowmodel: ================================================================================
01/29/2018 20:22:28 [INFO] exp_shallowmodel: LR.pen=l1.C=1.000000
01/29/2018 20:22:28 [INFO] exp_shallowmodel: ________________________________________________________________________________
01/29/2018 20:22:28 [INFO] exp_shallowmodel: Training: 
01/29/2018 20:22:28 [INFO] exp_shallowmodel: LogisticRegression(C=1, class_weight=None, dual=False, fit_intercept=True,
          intercept_scaling=1, max_iter=100, multi_class='ovr', n_jobs=1,
          penalty='l1', random_state=None, solver='liblinear', tol=0.0001,
          verbose=0, warm_start=False)
01/29/2018 20:22:33 [INFO] exp_shallowmodel: train time: 5.277s
01/29/2018 20:22:33 [INFO] exp_shallowmodel: test time:  0.000s
01/29/2018 20:22:33 [INFO] exp_shallowmodel: accuracy:   0.806
01/29/2018 20:22:33 [INFO] exp_shallowmodel: f1_score:   0.685
01/29/2018 20:22:33 [INFO] exp_shallowmodel: classification report:
01/29/2018 20:22:33 [INFO] exp_shallowmodel:              precision    recall  f1-score   support

          A       0.42      0.36      0.38        14
          C       0.79      0.77      0.78       164
          F       0.86      0.93      0.89       268
          R       0.72      0.65      0.68       125

avg / total       0.80      0.81      0.80       571

01/29/2018 20:22:33 [INFO] exp_shallowmodel: confusion matrix:
01/29/2018 20:22:33 [INFO] exp_shallowmodel: 
[[  5   0   9   0]
 [  4 126  15  19]
 [  1   6 248  13]
 [  2  27  15  81]]
01/29/2018 20:22:33 [INFO] exp_shallowmodel: ******************** dstc2 - Round 19 
01/29/2018 20:22:33 [INFO] exp_shallowmodel: #(data) = 4568
01/29/2018 20:22:33 [INFO] exp_shallowmodel: #(feature) = 514
01/29/2018 20:22:33 [INFO] exp_shallowmodel: ================================================================================
01/29/2018 20:22:33 [INFO] exp_shallowmodel: LR.pen=l1.C=1.000000
01/29/2018 20:22:33 [INFO] exp_shallowmodel: ________________________________________________________________________________
01/29/2018 20:22:33 [INFO] exp_shallowmodel: Training: 
01/29/2018 20:22:33 [INFO] exp_shallowmodel: LogisticRegression(C=1, class_weight=None, dual=False, fit_intercept=True,
          intercept_scaling=1, max_iter=100, multi_class='ovr', n_jobs=1,
          penalty='l1', random_state=None, solver='liblinear', tol=0.0001,
          verbose=0, warm_start=False)
01/29/2018 20:22:39 [INFO] exp_shallowmodel: train time: 5.382s
01/29/2018 20:22:39 [INFO] exp_shallowmodel: test time:  0.001s
01/29/2018 20:22:39 [INFO] exp_shallowmodel: accuracy:   0.790
01/29/2018 20:22:39 [INFO] exp_shallowmodel: f1_score:   0.677
01/29/2018 20:22:39 [INFO] exp_shallowmodel: classification report:
01/29/2018 20:22:39 [INFO] exp_shallowmodel:              precision    recall  f1-score   support

          A       0.43      0.38      0.40        16
          C       0.74      0.79      0.76       169
          F       0.87      0.90      0.89       271
          R       0.71      0.62      0.66       130

avg / total       0.79      0.79      0.79       586

01/29/2018 20:22:39 [INFO] exp_shallowmodel: confusion matrix:
01/29/2018 20:22:39 [INFO] exp_shallowmodel: 
[[  6   1   8   1]
 [  3 133   9  24]
 [  3  16 244   8]
 [  2  30  18  80]]
01/29/2018 20:22:39 [INFO] exp_shallowmodel: ******************** dstc2 - Round 20 
01/29/2018 20:22:39 [INFO] exp_shallowmodel: #(data) = 4583
01/29/2018 20:22:39 [INFO] exp_shallowmodel: #(feature) = 514
01/29/2018 20:22:39 [INFO] exp_shallowmodel: ================================================================================
01/29/2018 20:22:39 [INFO] exp_shallowmodel: LR.pen=l1.C=1.000000
01/29/2018 20:22:39 [INFO] exp_shallowmodel: ________________________________________________________________________________
01/29/2018 20:22:39 [INFO] exp_shallowmodel: Training: 
01/29/2018 20:22:39 [INFO] exp_shallowmodel: LogisticRegression(C=1, class_weight=None, dual=False, fit_intercept=True,
          intercept_scaling=1, max_iter=100, multi_class='ovr', n_jobs=1,
          penalty='l1', random_state=None, solver='liblinear', tol=0.0001,
          verbose=0, warm_start=False)
01/29/2018 20:22:45 [INFO] exp_shallowmodel: train time: 6.142s
01/29/2018 20:22:45 [INFO] exp_shallowmodel: test time:  0.000s
01/29/2018 20:22:45 [INFO] exp_shallowmodel: accuracy:   0.823
01/29/2018 20:22:45 [INFO] exp_shallowmodel: f1_score:   0.737
01/29/2018 20:22:45 [INFO] exp_shallowmodel: classification report:
01/29/2018 20:22:45 [INFO] exp_shallowmodel:              precision    recall  f1-score   support

          A       0.67      0.43      0.52        14
          C       0.78      0.80      0.79       164
          F       0.87      0.91      0.89       268
          R       0.77      0.72      0.74       125

avg / total       0.82      0.82      0.82       571

01/29/2018 20:22:45 [INFO] exp_shallowmodel: confusion matrix:
01/29/2018 20:22:45 [INFO] exp_shallowmodel: 
[[  6   1   6   1]
 [  2 131  15  16]
 [  1  14 243  10]
 [  0  21  14  90]]
01/29/2018 20:22:45 [INFO] exp_shallowmodel: ******************** dstc2 - Round 21 
01/29/2018 20:22:45 [INFO] exp_shallowmodel: #(data) = 4583
01/29/2018 20:22:45 [INFO] exp_shallowmodel: #(feature) = 514
01/29/2018 20:22:45 [INFO] exp_shallowmodel: ================================================================================
01/29/2018 20:22:45 [INFO] exp_shallowmodel: LR.pen=l1.C=1.000000
01/29/2018 20:22:45 [INFO] exp_shallowmodel: ________________________________________________________________________________
01/29/2018 20:22:45 [INFO] exp_shallowmodel: Training: 
01/29/2018 20:22:45 [INFO] exp_shallowmodel: LogisticRegression(C=1, class_weight=None, dual=False, fit_intercept=True,
          intercept_scaling=1, max_iter=100, multi_class='ovr', n_jobs=1,
          penalty='l1', random_state=None, solver='liblinear', tol=0.0001,
          verbose=0, warm_start=False)
01/29/2018 20:22:50 [INFO] exp_shallowmodel: train time: 5.175s
01/29/2018 20:22:50 [INFO] exp_shallowmodel: test time:  0.000s
01/29/2018 20:22:50 [INFO] exp_shallowmodel: accuracy:   0.807
01/29/2018 20:22:50 [INFO] exp_shallowmodel: f1_score:   0.615
01/29/2018 20:22:50 [INFO] exp_shallowmodel: classification report:
01/29/2018 20:22:50 [INFO] exp_shallowmodel:              precision    recall  f1-score   support

          A       0.11      0.07      0.09        14
          C       0.73      0.79      0.76       164
          F       0.90      0.93      0.91       268
          R       0.76      0.66      0.70       125

avg / total       0.80      0.81      0.80       571

01/29/2018 20:22:50 [INFO] exp_shallowmodel: confusion matrix:
01/29/2018 20:22:50 [INFO] exp_shallowmodel: 
[[  1   5   5   3]
 [  1 129  14  20]
 [  4  12 249   3]
 [  3  30  10  82]]
01/29/2018 20:22:50 [INFO] exp_shallowmodel: ******************** dstc2 - Round 22 
01/29/2018 20:22:50 [INFO] exp_shallowmodel: #(data) = 4583
01/29/2018 20:22:50 [INFO] exp_shallowmodel: #(feature) = 514
01/29/2018 20:22:50 [INFO] exp_shallowmodel: ================================================================================
01/29/2018 20:22:50 [INFO] exp_shallowmodel: LR.pen=l1.C=1.000000
01/29/2018 20:22:50 [INFO] exp_shallowmodel: ________________________________________________________________________________
01/29/2018 20:22:50 [INFO] exp_shallowmodel: Training: 
01/29/2018 20:22:50 [INFO] exp_shallowmodel: LogisticRegression(C=1, class_weight=None, dual=False, fit_intercept=True,
          intercept_scaling=1, max_iter=100, multi_class='ovr', n_jobs=1,
          penalty='l1', random_state=None, solver='liblinear', tol=0.0001,
          verbose=0, warm_start=False)
01/29/2018 20:22:56 [INFO] exp_shallowmodel: train time: 6.157s
01/29/2018 20:22:56 [INFO] exp_shallowmodel: test time:  0.000s
01/29/2018 20:22:56 [INFO] exp_shallowmodel: accuracy:   0.837
01/29/2018 20:22:56 [INFO] exp_shallowmodel: f1_score:   0.694
01/29/2018 20:22:56 [INFO] exp_shallowmodel: classification report:
01/29/2018 20:22:56 [INFO] exp_shallowmodel:              precision    recall  f1-score   support

          A       0.36      0.29      0.32        14
          C       0.78      0.82      0.80       164
          F       0.91      0.96      0.93       268
          R       0.79      0.67      0.72       125

avg / total       0.83      0.84      0.83       571

01/29/2018 20:22:56 [INFO] exp_shallowmodel: confusion matrix:
01/29/2018 20:22:56 [INFO] exp_shallowmodel: 
[[  4   4   5   1]
 [  1 134  11  18]
 [  2   6 256   4]
 [  4  27  10  84]]
01/29/2018 20:22:57 [INFO] exp_shallowmodel: ******************** dstc2 - Round 23 
01/29/2018 20:22:57 [INFO] exp_shallowmodel: #(data) = 4583
01/29/2018 20:22:57 [INFO] exp_shallowmodel: #(feature) = 514
01/29/2018 20:22:57 [INFO] exp_shallowmodel: ================================================================================
01/29/2018 20:22:57 [INFO] exp_shallowmodel: LR.pen=l1.C=1.000000
01/29/2018 20:22:57 [INFO] exp_shallowmodel: ________________________________________________________________________________
01/29/2018 20:22:57 [INFO] exp_shallowmodel: Training: 
01/29/2018 20:22:57 [INFO] exp_shallowmodel: LogisticRegression(C=1, class_weight=None, dual=False, fit_intercept=True,
          intercept_scaling=1, max_iter=100, multi_class='ovr', n_jobs=1,
          penalty='l1', random_state=None, solver='liblinear', tol=0.0001,
          verbose=0, warm_start=False)
01/29/2018 20:23:02 [INFO] exp_shallowmodel: train time: 5.189s
01/29/2018 20:23:02 [INFO] exp_shallowmodel: test time:  0.001s
01/29/2018 20:23:02 [INFO] exp_shallowmodel: accuracy:   0.797
01/29/2018 20:23:02 [INFO] exp_shallowmodel: f1_score:   0.665
01/29/2018 20:23:02 [INFO] exp_shallowmodel: classification report:
01/29/2018 20:23:02 [INFO] exp_shallowmodel:              precision    recall  f1-score   support

          A       0.36      0.29      0.32        14
          C       0.76      0.72      0.74       164
          F       0.89      0.91      0.90       268
          R       0.69      0.72      0.70       125

avg / total       0.79      0.80      0.80       571

01/29/2018 20:23:02 [INFO] exp_shallowmodel: confusion matrix:
01/29/2018 20:23:02 [INFO] exp_shallowmodel: 
[[  4   0   8   2]
 [  2 118  11  33]
 [  3  16 243   6]
 [  2  21  12  90]]
01/29/2018 20:23:02 [INFO] exp_shallowmodel: ******************** dstc2 - Round 24 
01/29/2018 20:23:02 [INFO] exp_shallowmodel: #(data) = 4583
01/29/2018 20:23:02 [INFO] exp_shallowmodel: #(feature) = 514
01/29/2018 20:23:02 [INFO] exp_shallowmodel: ================================================================================
01/29/2018 20:23:02 [INFO] exp_shallowmodel: LR.pen=l1.C=1.000000
01/29/2018 20:23:02 [INFO] exp_shallowmodel: ________________________________________________________________________________
01/29/2018 20:23:02 [INFO] exp_shallowmodel: Training: 
01/29/2018 20:23:02 [INFO] exp_shallowmodel: LogisticRegression(C=1, class_weight=None, dual=False, fit_intercept=True,
          intercept_scaling=1, max_iter=100, multi_class='ovr', n_jobs=1,
          penalty='l1', random_state=None, solver='liblinear', tol=0.0001,
          verbose=0, warm_start=False)
01/29/2018 20:23:07 [INFO] exp_shallowmodel: train time: 4.944s
01/29/2018 20:23:07 [INFO] exp_shallowmodel: test time:  0.000s
01/29/2018 20:23:07 [INFO] exp_shallowmodel: accuracy:   0.776
01/29/2018 20:23:07 [INFO] exp_shallowmodel: f1_score:   0.670
01/29/2018 20:23:07 [INFO] exp_shallowmodel: classification report:
01/29/2018 20:23:07 [INFO] exp_shallowmodel:              precision    recall  f1-score   support

          A       0.56      0.36      0.43        14
          C       0.70      0.68      0.69       164
          F       0.86      0.91      0.89       268
          R       0.69      0.65      0.67       125

avg / total       0.77      0.78      0.77       571

01/29/2018 20:23:07 [INFO] exp_shallowmodel: confusion matrix:
01/29/2018 20:23:07 [INFO] exp_shallowmodel: 
[[  5   1   6   2]
 [  1 112  20  31]
 [  0  19 245   4]
 [  3  28  13  81]]
01/29/2018 20:23:07 [INFO] exp_shallowmodel: ******************** dstc2 - Round 25 
01/29/2018 20:23:07 [INFO] exp_shallowmodel: #(data) = 4583
01/29/2018 20:23:07 [INFO] exp_shallowmodel: #(feature) = 514
01/29/2018 20:23:07 [INFO] exp_shallowmodel: ================================================================================
01/29/2018 20:23:07 [INFO] exp_shallowmodel: LR.pen=l1.C=1.000000
01/29/2018 20:23:07 [INFO] exp_shallowmodel: ________________________________________________________________________________
01/29/2018 20:23:07 [INFO] exp_shallowmodel: Training: 
01/29/2018 20:23:07 [INFO] exp_shallowmodel: LogisticRegression(C=1, class_weight=None, dual=False, fit_intercept=True,
          intercept_scaling=1, max_iter=100, multi_class='ovr', n_jobs=1,
          penalty='l1', random_state=None, solver='liblinear', tol=0.0001,
          verbose=0, warm_start=False)
01/29/2018 20:23:12 [INFO] exp_shallowmodel: train time: 5.011s
01/29/2018 20:23:12 [INFO] exp_shallowmodel: test time:  0.000s
01/29/2018 20:23:12 [INFO] exp_shallowmodel: accuracy:   0.834
01/29/2018 20:23:12 [INFO] exp_shallowmodel: f1_score:   0.619
01/29/2018 20:23:12 [INFO] exp_shallowmodel: classification report:
01/29/2018 20:23:12 [INFO] exp_shallowmodel:              precision    recall  f1-score   support

          A       0.00      0.00      0.00        14
          C       0.80      0.80      0.80       164
          F       0.90      0.93      0.92       268
          R       0.76      0.75      0.76       125

avg / total       0.82      0.83      0.83       571

01/29/2018 20:23:12 [INFO] exp_shallowmodel: confusion matrix:
01/29/2018 20:23:12 [INFO] exp_shallowmodel: 
[[  0   6   6   2]
 [  4 132   9  19]
 [  2   8 250   8]
 [  0  19  12  94]]
01/29/2018 20:23:12 [INFO] exp_shallowmodel: ******************** dstc2 - Round 26 
01/29/2018 20:23:12 [INFO] exp_shallowmodel: #(data) = 4583
01/29/2018 20:23:12 [INFO] exp_shallowmodel: #(feature) = 514
01/29/2018 20:23:12 [INFO] exp_shallowmodel: ================================================================================
01/29/2018 20:23:12 [INFO] exp_shallowmodel: LR.pen=l1.C=1.000000
01/29/2018 20:23:12 [INFO] exp_shallowmodel: ________________________________________________________________________________
01/29/2018 20:23:12 [INFO] exp_shallowmodel: Training: 
01/29/2018 20:23:12 [INFO] exp_shallowmodel: LogisticRegression(C=1, class_weight=None, dual=False, fit_intercept=True,
          intercept_scaling=1, max_iter=100, multi_class='ovr', n_jobs=1,
          penalty='l1', random_state=None, solver='liblinear', tol=0.0001,
          verbose=0, warm_start=False)
01/29/2018 20:23:17 [INFO] exp_shallowmodel: train time: 5.492s
01/29/2018 20:23:17 [INFO] exp_shallowmodel: test time:  0.000s
01/29/2018 20:23:17 [INFO] exp_shallowmodel: accuracy:   0.809
01/29/2018 20:23:17 [INFO] exp_shallowmodel: f1_score:   0.674
01/29/2018 20:23:17 [INFO] exp_shallowmodel: classification report:
01/29/2018 20:23:17 [INFO] exp_shallowmodel:              precision    recall  f1-score   support

          A       0.40      0.29      0.33        14
          C       0.77      0.79      0.78       164
          F       0.88      0.93      0.90       268
          R       0.73      0.64      0.68       125

avg / total       0.80      0.81      0.80       571

01/29/2018 20:23:17 [INFO] exp_shallowmodel: confusion matrix:
01/29/2018 20:23:17 [INFO] exp_shallowmodel: 
[[  4   1   9   0]
 [  1 129  12  22]
 [  2   9 249   8]
 [  3  28  14  80]]
01/29/2018 20:23:17 [INFO] exp_shallowmodel: ******************** dstc2 - Round 27 
01/29/2018 20:23:17 [INFO] exp_shallowmodel: #(data) = 4583
01/29/2018 20:23:17 [INFO] exp_shallowmodel: #(feature) = 514
01/29/2018 20:23:17 [INFO] exp_shallowmodel: ================================================================================
01/29/2018 20:23:17 [INFO] exp_shallowmodel: LR.pen=l1.C=1.000000
01/29/2018 20:23:17 [INFO] exp_shallowmodel: ________________________________________________________________________________
01/29/2018 20:23:17 [INFO] exp_shallowmodel: Training: 
01/29/2018 20:23:17 [INFO] exp_shallowmodel: LogisticRegression(C=1, class_weight=None, dual=False, fit_intercept=True,
          intercept_scaling=1, max_iter=100, multi_class='ovr', n_jobs=1,
          penalty='l1', random_state=None, solver='liblinear', tol=0.0001,
          verbose=0, warm_start=False)
01/29/2018 20:23:23 [INFO] exp_shallowmodel: train time: 5.495s
01/29/2018 20:23:23 [INFO] exp_shallowmodel: test time:  0.001s
01/29/2018 20:23:23 [INFO] exp_shallowmodel: accuracy:   0.807
01/29/2018 20:23:23 [INFO] exp_shallowmodel: f1_score:   0.710
01/29/2018 20:23:23 [INFO] exp_shallowmodel: classification report:
01/29/2018 20:23:23 [INFO] exp_shallowmodel:              precision    recall  f1-score   support

          A       0.55      0.43      0.48        14
          C       0.74      0.73      0.73       164
          F       0.89      0.92      0.91       268
          R       0.72      0.72      0.72       125

avg / total       0.80      0.81      0.81       571

01/29/2018 20:23:23 [INFO] exp_shallowmodel: confusion matrix:
01/29/2018 20:23:23 [INFO] exp_shallowmodel: 
[[  6   3   4   1]
 [  0 119  19  26]
 [  2  12 246   8]
 [  3  26   6  90]]
01/29/2018 20:23:23 [INFO] exp_shallowmodel: ******************** dstc2 - Round 28 
01/29/2018 20:23:23 [INFO] exp_shallowmodel: #(data) = 4583
01/29/2018 20:23:23 [INFO] exp_shallowmodel: #(feature) = 514
01/29/2018 20:23:23 [INFO] exp_shallowmodel: ================================================================================
01/29/2018 20:23:23 [INFO] exp_shallowmodel: LR.pen=l1.C=1.000000
01/29/2018 20:23:23 [INFO] exp_shallowmodel: ________________________________________________________________________________
01/29/2018 20:23:23 [INFO] exp_shallowmodel: Training: 
01/29/2018 20:23:23 [INFO] exp_shallowmodel: LogisticRegression(C=1, class_weight=None, dual=False, fit_intercept=True,
          intercept_scaling=1, max_iter=100, multi_class='ovr', n_jobs=1,
          penalty='l1', random_state=None, solver='liblinear', tol=0.0001,
          verbose=0, warm_start=False)
01/29/2018 20:23:29 [INFO] exp_shallowmodel: train time: 6.068s
01/29/2018 20:23:29 [INFO] exp_shallowmodel: test time:  0.000s
01/29/2018 20:23:29 [INFO] exp_shallowmodel: accuracy:   0.792
01/29/2018 20:23:29 [INFO] exp_shallowmodel: f1_score:   0.638
01/29/2018 20:23:29 [INFO] exp_shallowmodel: classification report:
01/29/2018 20:23:29 [INFO] exp_shallowmodel:              precision    recall  f1-score   support

          A       0.23      0.21      0.22        14
          C       0.76      0.73      0.75       164
          F       0.87      0.91      0.89       268
          R       0.70      0.68      0.69       125

avg / total       0.79      0.79      0.79       571

01/29/2018 20:23:29 [INFO] exp_shallowmodel: confusion matrix:
01/29/2018 20:23:29 [INFO] exp_shallowmodel: 
[[  3   0   9   2]
 [  4 120  14  26]
 [  2  13 244   9]
 [  4  24  12  85]]
01/29/2018 20:23:29 [INFO] exp_shallowmodel: ******************** dstc2 - Round 29 
01/29/2018 20:23:29 [INFO] exp_shallowmodel: #(data) = 4568
01/29/2018 20:23:29 [INFO] exp_shallowmodel: #(feature) = 514
01/29/2018 20:23:29 [INFO] exp_shallowmodel: ================================================================================
01/29/2018 20:23:29 [INFO] exp_shallowmodel: LR.pen=l1.C=1.000000
01/29/2018 20:23:29 [INFO] exp_shallowmodel: ________________________________________________________________________________
01/29/2018 20:23:29 [INFO] exp_shallowmodel: Training: 
01/29/2018 20:23:29 [INFO] exp_shallowmodel: LogisticRegression(C=1, class_weight=None, dual=False, fit_intercept=True,
          intercept_scaling=1, max_iter=100, multi_class='ovr', n_jobs=1,
          penalty='l1', random_state=None, solver='liblinear', tol=0.0001,
          verbose=0, warm_start=False)
01/29/2018 20:23:35 [INFO] exp_shallowmodel: train time: 5.465s
01/29/2018 20:23:35 [INFO] exp_shallowmodel: test time:  0.000s
01/29/2018 20:23:35 [INFO] exp_shallowmodel: accuracy:   0.794
01/29/2018 20:23:35 [INFO] exp_shallowmodel: f1_score:   0.663
01/29/2018 20:23:35 [INFO] exp_shallowmodel: classification report:
01/29/2018 20:23:35 [INFO] exp_shallowmodel:              precision    recall  f1-score   support

          A       0.44      0.25      0.32        16
          C       0.75      0.76      0.75       169
          F       0.85      0.91      0.88       271
          R       0.74      0.66      0.70       130

avg / total       0.79      0.79      0.79       586

01/29/2018 20:23:35 [INFO] exp_shallowmodel: confusion matrix:
01/29/2018 20:23:35 [INFO] exp_shallowmodel: 
[[  4   2   9   1]
 [  3 129  16  21]
 [  0  17 246   8]
 [  2  25  17  86]]
01/29/2018 20:23:35 [INFO] exp_shallowmodel: ******************** dstc2 - Round 30 
01/29/2018 20:23:35 [INFO] exp_shallowmodel: #(data) = 4583
01/29/2018 20:23:35 [INFO] exp_shallowmodel: #(feature) = 514
01/29/2018 20:23:35 [INFO] exp_shallowmodel: ================================================================================
01/29/2018 20:23:35 [INFO] exp_shallowmodel: LR.pen=l1.C=1.000000
01/29/2018 20:23:35 [INFO] exp_shallowmodel: ________________________________________________________________________________
01/29/2018 20:23:35 [INFO] exp_shallowmodel: Training: 
01/29/2018 20:23:35 [INFO] exp_shallowmodel: LogisticRegression(C=1, class_weight=None, dual=False, fit_intercept=True,
          intercept_scaling=1, max_iter=100, multi_class='ovr', n_jobs=1,
          penalty='l1', random_state=None, solver='liblinear', tol=0.0001,
          verbose=0, warm_start=False)
01/29/2018 20:23:40 [INFO] exp_shallowmodel: train time: 5.089s
01/29/2018 20:23:40 [INFO] exp_shallowmodel: test time:  0.000s
01/29/2018 20:23:40 [INFO] exp_shallowmodel: accuracy:   0.792
01/29/2018 20:23:40 [INFO] exp_shallowmodel: f1_score:   0.681
01/29/2018 20:23:40 [INFO] exp_shallowmodel: classification report:
01/29/2018 20:23:40 [INFO] exp_shallowmodel:              precision    recall  f1-score   support

          A       0.50      0.36      0.42        14
          C       0.75      0.73      0.74       164
          F       0.88      0.90      0.89       268
          R       0.67      0.68      0.68       125

avg / total       0.79      0.79      0.79       571

01/29/2018 20:23:40 [INFO] exp_shallowmodel: confusion matrix:
01/29/2018 20:23:40 [INFO] exp_shallowmodel: 
[[  5   2   7   0]
 [  1 120  16  27]
 [  1  11 242  14]
 [  3  28   9  85]]
01/29/2018 20:23:40 [INFO] exp_shallowmodel: ******************** dstc2 - Round 31 
01/29/2018 20:23:40 [INFO] exp_shallowmodel: #(data) = 4583
01/29/2018 20:23:40 [INFO] exp_shallowmodel: #(feature) = 514
01/29/2018 20:23:40 [INFO] exp_shallowmodel: ================================================================================
01/29/2018 20:23:40 [INFO] exp_shallowmodel: LR.pen=l1.C=1.000000
01/29/2018 20:23:40 [INFO] exp_shallowmodel: ________________________________________________________________________________
01/29/2018 20:23:40 [INFO] exp_shallowmodel: Training: 
01/29/2018 20:23:40 [INFO] exp_shallowmodel: LogisticRegression(C=1, class_weight=None, dual=False, fit_intercept=True,
          intercept_scaling=1, max_iter=100, multi_class='ovr', n_jobs=1,
          penalty='l1', random_state=None, solver='liblinear', tol=0.0001,
          verbose=0, warm_start=False)
01/29/2018 20:23:46 [INFO] exp_shallowmodel: train time: 6.015s
01/29/2018 20:23:46 [INFO] exp_shallowmodel: test time:  0.001s
01/29/2018 20:23:46 [INFO] exp_shallowmodel: accuracy:   0.814
01/29/2018 20:23:46 [INFO] exp_shallowmodel: f1_score:   0.647
01/29/2018 20:23:46 [INFO] exp_shallowmodel: classification report:
01/29/2018 20:23:46 [INFO] exp_shallowmodel:              precision    recall  f1-score   support

          A       0.25      0.14      0.18        14
          C       0.79      0.75      0.77       164
          F       0.87      0.93      0.90       268
          R       0.75      0.73      0.74       125

avg / total       0.81      0.81      0.81       571

01/29/2018 20:23:46 [INFO] exp_shallowmodel: confusion matrix:
01/29/2018 20:23:46 [INFO] exp_shallowmodel: 
[[  2   2   8   2]
 [  3 123  14  24]
 [  2  12 249   5]
 [  1  19  14  91]]
01/29/2018 20:23:46 [INFO] exp_shallowmodel: ******************** dstc2 - Round 32 
01/29/2018 20:23:46 [INFO] exp_shallowmodel: #(data) = 4583
01/29/2018 20:23:46 [INFO] exp_shallowmodel: #(feature) = 514
01/29/2018 20:23:46 [INFO] exp_shallowmodel: ================================================================================
01/29/2018 20:23:46 [INFO] exp_shallowmodel: LR.pen=l1.C=1.000000
01/29/2018 20:23:46 [INFO] exp_shallowmodel: ________________________________________________________________________________
01/29/2018 20:23:46 [INFO] exp_shallowmodel: Training: 
01/29/2018 20:23:46 [INFO] exp_shallowmodel: LogisticRegression(C=1, class_weight=None, dual=False, fit_intercept=True,
          intercept_scaling=1, max_iter=100, multi_class='ovr', n_jobs=1,
          penalty='l1', random_state=None, solver='liblinear', tol=0.0001,
          verbose=0, warm_start=False)
01/29/2018 20:23:51 [INFO] exp_shallowmodel: train time: 4.946s
01/29/2018 20:23:51 [INFO] exp_shallowmodel: test time:  0.000s
01/29/2018 20:23:51 [INFO] exp_shallowmodel: accuracy:   0.785
01/29/2018 20:23:51 [INFO] exp_shallowmodel: f1_score:   0.656
01/29/2018 20:23:51 [INFO] exp_shallowmodel: classification report:
01/29/2018 20:23:51 [INFO] exp_shallowmodel:              precision    recall  f1-score   support

          A       0.31      0.36      0.33        14
          C       0.71      0.74      0.73       164
          F       0.88      0.91      0.89       268
          R       0.73      0.62      0.67       125

avg / total       0.78      0.78      0.78       571

01/29/2018 20:23:51 [INFO] exp_shallowmodel: confusion matrix:
01/29/2018 20:23:51 [INFO] exp_shallowmodel: 
[[  5   3   5   1]
 [  5 122  14  23]
 [  4  16 243   5]
 [  2  31  14  78]]
01/29/2018 20:23:51 [INFO] exp_shallowmodel: ******************** dstc2 - Round 33 
01/29/2018 20:23:51 [INFO] exp_shallowmodel: #(data) = 4583
01/29/2018 20:23:51 [INFO] exp_shallowmodel: #(feature) = 514
01/29/2018 20:23:51 [INFO] exp_shallowmodel: ================================================================================
01/29/2018 20:23:51 [INFO] exp_shallowmodel: LR.pen=l1.C=1.000000
01/29/2018 20:23:51 [INFO] exp_shallowmodel: ________________________________________________________________________________
01/29/2018 20:23:51 [INFO] exp_shallowmodel: Training: 
01/29/2018 20:23:51 [INFO] exp_shallowmodel: LogisticRegression(C=1, class_weight=None, dual=False, fit_intercept=True,
          intercept_scaling=1, max_iter=100, multi_class='ovr', n_jobs=1,
          penalty='l1', random_state=None, solver='liblinear', tol=0.0001,
          verbose=0, warm_start=False)
01/29/2018 20:23:56 [INFO] exp_shallowmodel: train time: 4.942s
01/29/2018 20:23:56 [INFO] exp_shallowmodel: test time:  0.000s
01/29/2018 20:23:56 [INFO] exp_shallowmodel: accuracy:   0.813
01/29/2018 20:23:56 [INFO] exp_shallowmodel: f1_score:   0.673
01/29/2018 20:23:56 [INFO] exp_shallowmodel: classification report:
01/29/2018 20:23:56 [INFO] exp_shallowmodel:              precision    recall  f1-score   support

          A       0.33      0.29      0.31        14
          C       0.79      0.70      0.74       164
          F       0.89      0.94      0.92       268
          R       0.71      0.74      0.73       125

avg / total       0.81      0.81      0.81       571

01/29/2018 20:23:56 [INFO] exp_shallowmodel: confusion matrix:
01/29/2018 20:23:56 [INFO] exp_shallowmodel: 
[[  4   5   1   4]
 [  5 114  15  30]
 [  3   8 253   4]
 [  0  18  14  93]]
01/29/2018 20:23:56 [INFO] exp_shallowmodel: ******************** dstc2 - Round 34 
01/29/2018 20:23:56 [INFO] exp_shallowmodel: #(data) = 4583
01/29/2018 20:23:56 [INFO] exp_shallowmodel: #(feature) = 514
01/29/2018 20:23:56 [INFO] exp_shallowmodel: ================================================================================
01/29/2018 20:23:56 [INFO] exp_shallowmodel: LR.pen=l1.C=1.000000
01/29/2018 20:23:56 [INFO] exp_shallowmodel: ________________________________________________________________________________
01/29/2018 20:23:56 [INFO] exp_shallowmodel: Training: 
01/29/2018 20:23:56 [INFO] exp_shallowmodel: LogisticRegression(C=1, class_weight=None, dual=False, fit_intercept=True,
          intercept_scaling=1, max_iter=100, multi_class='ovr', n_jobs=1,
          penalty='l1', random_state=None, solver='liblinear', tol=0.0001,
          verbose=0, warm_start=False)
01/29/2018 20:24:01 [INFO] exp_shallowmodel: train time: 5.019s
01/29/2018 20:24:01 [INFO] exp_shallowmodel: test time:  0.000s
01/29/2018 20:24:01 [INFO] exp_shallowmodel: accuracy:   0.832
01/29/2018 20:24:01 [INFO] exp_shallowmodel: f1_score:   0.727
01/29/2018 20:24:01 [INFO] exp_shallowmodel: classification report:
01/29/2018 20:24:01 [INFO] exp_shallowmodel:              precision    recall  f1-score   support

          A       0.46      0.43      0.44        14
          C       0.80      0.77      0.78       164
          F       0.89      0.92      0.91       268
          R       0.78      0.77      0.77       125

avg / total       0.83      0.83      0.83       571

01/29/2018 20:24:01 [INFO] exp_shallowmodel: confusion matrix:
01/29/2018 20:24:01 [INFO] exp_shallowmodel: 
[[  6   2   5   1]
 [  3 126  17  18]
 [  1  12 247   8]
 [  3  18   8  96]]
01/29/2018 20:24:01 [INFO] exp_shallowmodel: ******************** dstc2 - Round 35 
01/29/2018 20:24:01 [INFO] exp_shallowmodel: #(data) = 4583
01/29/2018 20:24:01 [INFO] exp_shallowmodel: #(feature) = 514
01/29/2018 20:24:01 [INFO] exp_shallowmodel: ================================================================================
01/29/2018 20:24:01 [INFO] exp_shallowmodel: LR.pen=l1.C=1.000000
01/29/2018 20:24:01 [INFO] exp_shallowmodel: ________________________________________________________________________________
01/29/2018 20:24:01 [INFO] exp_shallowmodel: Training: 
01/29/2018 20:24:01 [INFO] exp_shallowmodel: LogisticRegression(C=1, class_weight=None, dual=False, fit_intercept=True,
          intercept_scaling=1, max_iter=100, multi_class='ovr', n_jobs=1,
          penalty='l1', random_state=None, solver='liblinear', tol=0.0001,
          verbose=0, warm_start=False)
01/29/2018 20:24:06 [INFO] exp_shallowmodel: train time: 5.081s
01/29/2018 20:24:06 [INFO] exp_shallowmodel: test time:  0.001s
01/29/2018 20:24:06 [INFO] exp_shallowmodel: accuracy:   0.821
01/29/2018 20:24:06 [INFO] exp_shallowmodel: f1_score:   0.692
01/29/2018 20:24:06 [INFO] exp_shallowmodel: classification report:
01/29/2018 20:24:06 [INFO] exp_shallowmodel:              precision    recall  f1-score   support

          A       0.44      0.29      0.35        14
          C       0.78      0.75      0.77       164
          F       0.88      0.93      0.91       268
          R       0.76      0.74      0.75       125

avg / total       0.82      0.82      0.82       571

01/29/2018 20:24:06 [INFO] exp_shallowmodel: confusion matrix:
01/29/2018 20:24:06 [INFO] exp_shallowmodel: 
[[  4   2   7   1]
 [  1 123  16  24]
 [  1  13 249   5]
 [  3  19  10  93]]
01/29/2018 20:24:06 [INFO] exp_shallowmodel: ******************** dstc2 - Round 36 
01/29/2018 20:24:06 [INFO] exp_shallowmodel: #(data) = 4583
01/29/2018 20:24:06 [INFO] exp_shallowmodel: #(feature) = 514
01/29/2018 20:24:06 [INFO] exp_shallowmodel: ================================================================================
01/29/2018 20:24:06 [INFO] exp_shallowmodel: LR.pen=l1.C=1.000000
01/29/2018 20:24:06 [INFO] exp_shallowmodel: ________________________________________________________________________________
01/29/2018 20:24:06 [INFO] exp_shallowmodel: Training: 
01/29/2018 20:24:06 [INFO] exp_shallowmodel: LogisticRegression(C=1, class_weight=None, dual=False, fit_intercept=True,
          intercept_scaling=1, max_iter=100, multi_class='ovr', n_jobs=1,
          penalty='l1', random_state=None, solver='liblinear', tol=0.0001,
          verbose=0, warm_start=False)
01/29/2018 20:24:11 [INFO] exp_shallowmodel: train time: 5.265s
01/29/2018 20:24:11 [INFO] exp_shallowmodel: test time:  0.000s
01/29/2018 20:24:11 [INFO] exp_shallowmodel: accuracy:   0.792
01/29/2018 20:24:11 [INFO] exp_shallowmodel: f1_score:   0.696
01/29/2018 20:24:11 [INFO] exp_shallowmodel: classification report:
01/29/2018 20:24:11 [INFO] exp_shallowmodel:              precision    recall  f1-score   support

          A       0.50      0.43      0.46        14
          C       0.75      0.75      0.75       164
          F       0.87      0.88      0.88       268
          R       0.69      0.70      0.69       125

avg / total       0.79      0.79      0.79       571

01/29/2018 20:24:11 [INFO] exp_shallowmodel: confusion matrix:
01/29/2018 20:24:11 [INFO] exp_shallowmodel: 
[[  6   3   4   1]
 [  2 123  17  22]
 [  1  15 236  16]
 [  3  22  13  87]]
01/29/2018 20:24:11 [INFO] exp_shallowmodel: ******************** dstc2 - Round 37 
01/29/2018 20:24:11 [INFO] exp_shallowmodel: #(data) = 4583
01/29/2018 20:24:11 [INFO] exp_shallowmodel: #(feature) = 514
01/29/2018 20:24:11 [INFO] exp_shallowmodel: ================================================================================
01/29/2018 20:24:11 [INFO] exp_shallowmodel: LR.pen=l1.C=1.000000
01/29/2018 20:24:11 [INFO] exp_shallowmodel: ________________________________________________________________________________
01/29/2018 20:24:11 [INFO] exp_shallowmodel: Training: 
01/29/2018 20:24:11 [INFO] exp_shallowmodel: LogisticRegression(C=1, class_weight=None, dual=False, fit_intercept=True,
          intercept_scaling=1, max_iter=100, multi_class='ovr', n_jobs=1,
          penalty='l1', random_state=None, solver='liblinear', tol=0.0001,
          verbose=0, warm_start=False)
01/29/2018 20:24:17 [INFO] exp_shallowmodel: train time: 5.534s
01/29/2018 20:24:17 [INFO] exp_shallowmodel: test time:  0.000s
01/29/2018 20:24:17 [INFO] exp_shallowmodel: accuracy:   0.818
01/29/2018 20:24:17 [INFO] exp_shallowmodel: f1_score:   0.727
01/29/2018 20:24:17 [INFO] exp_shallowmodel: classification report:
01/29/2018 20:24:17 [INFO] exp_shallowmodel:              precision    recall  f1-score   support

          A       0.60      0.43      0.50        14
          C       0.79      0.77      0.78       164
          F       0.88      0.91      0.89       268
          R       0.74      0.73      0.73       125

avg / total       0.81      0.82      0.82       571

01/29/2018 20:24:17 [INFO] exp_shallowmodel: confusion matrix:
01/29/2018 20:24:17 [INFO] exp_shallowmodel: 
[[  6   1   7   0]
 [  1 127  14  22]
 [  2  13 243  10]
 [  1  20  13  91]]
01/29/2018 20:24:17 [INFO] exp_shallowmodel: ******************** dstc2 - Round 38 
01/29/2018 20:24:17 [INFO] exp_shallowmodel: #(data) = 4583
01/29/2018 20:24:17 [INFO] exp_shallowmodel: #(feature) = 514
01/29/2018 20:24:17 [INFO] exp_shallowmodel: ================================================================================
01/29/2018 20:24:17 [INFO] exp_shallowmodel: LR.pen=l1.C=1.000000
01/29/2018 20:24:17 [INFO] exp_shallowmodel: ________________________________________________________________________________
01/29/2018 20:24:17 [INFO] exp_shallowmodel: Training: 
01/29/2018 20:24:17 [INFO] exp_shallowmodel: LogisticRegression(C=1, class_weight=None, dual=False, fit_intercept=True,
          intercept_scaling=1, max_iter=100, multi_class='ovr', n_jobs=1,
          penalty='l1', random_state=None, solver='liblinear', tol=0.0001,
          verbose=0, warm_start=False)
01/29/2018 20:24:23 [INFO] exp_shallowmodel: train time: 5.682s
01/29/2018 20:24:23 [INFO] exp_shallowmodel: test time:  0.000s
01/29/2018 20:24:23 [INFO] exp_shallowmodel: accuracy:   0.818
01/29/2018 20:24:23 [INFO] exp_shallowmodel: f1_score:   0.678
01/29/2018 20:24:23 [INFO] exp_shallowmodel: classification report:
01/29/2018 20:24:23 [INFO] exp_shallowmodel:              precision    recall  f1-score   support

          A       0.29      0.29      0.29        14
          C       0.79      0.77      0.78       164
          F       0.90      0.91      0.90       268
          R       0.74      0.74      0.74       125

avg / total       0.82      0.82      0.82       571

01/29/2018 20:24:23 [INFO] exp_shallowmodel: confusion matrix:
01/29/2018 20:24:23 [INFO] exp_shallowmodel: 
[[  4   2   5   3]
 [  5 126  12  21]
 [  2  13 244   9]
 [  3  18  11  93]]
01/29/2018 20:24:23 [INFO] exp_shallowmodel: ******************** dstc2 - Round 39 
01/29/2018 20:24:23 [INFO] exp_shallowmodel: #(data) = 4568
01/29/2018 20:24:23 [INFO] exp_shallowmodel: #(feature) = 514
01/29/2018 20:24:23 [INFO] exp_shallowmodel: ================================================================================
01/29/2018 20:24:23 [INFO] exp_shallowmodel: LR.pen=l1.C=1.000000
01/29/2018 20:24:23 [INFO] exp_shallowmodel: ________________________________________________________________________________
01/29/2018 20:24:23 [INFO] exp_shallowmodel: Training: 
01/29/2018 20:24:23 [INFO] exp_shallowmodel: LogisticRegression(C=1, class_weight=None, dual=False, fit_intercept=True,
          intercept_scaling=1, max_iter=100, multi_class='ovr', n_jobs=1,
          penalty='l1', random_state=None, solver='liblinear', tol=0.0001,
          verbose=0, warm_start=False)
01/29/2018 20:24:29 [INFO] exp_shallowmodel: train time: 5.810s
01/29/2018 20:24:29 [INFO] exp_shallowmodel: test time:  0.001s
01/29/2018 20:24:29 [INFO] exp_shallowmodel: accuracy:   0.804
01/29/2018 20:24:29 [INFO] exp_shallowmodel: f1_score:   0.636
01/29/2018 20:24:29 [INFO] exp_shallowmodel: classification report:
01/29/2018 20:24:29 [INFO] exp_shallowmodel:              precision    recall  f1-score   support

          A       0.33      0.12      0.18        16
          C       0.75      0.79      0.77       169
          F       0.87      0.92      0.90       271
          R       0.73      0.65      0.69       130

avg / total       0.79      0.80      0.80       586

01/29/2018 20:24:29 [INFO] exp_shallowmodel: confusion matrix:
01/29/2018 20:24:29 [INFO] exp_shallowmodel: 
[[  2   3  10   1]
 [  1 134   7  27]
 [  1  17 250   3]
 [  2  24  19  85]]
01/29/2018 20:24:29 [INFO] exp_shallowmodel: ******************** dstc2 - Round 40 
01/29/2018 20:24:29 [INFO] exp_shallowmodel: #(data) = 4583
01/29/2018 20:24:29 [INFO] exp_shallowmodel: #(feature) = 514
01/29/2018 20:24:29 [INFO] exp_shallowmodel: ================================================================================
01/29/2018 20:24:29 [INFO] exp_shallowmodel: LR.pen=l1.C=1.000000
01/29/2018 20:24:29 [INFO] exp_shallowmodel: ________________________________________________________________________________
01/29/2018 20:24:29 [INFO] exp_shallowmodel: Training: 
01/29/2018 20:24:29 [INFO] exp_shallowmodel: LogisticRegression(C=1, class_weight=None, dual=False, fit_intercept=True,
          intercept_scaling=1, max_iter=100, multi_class='ovr', n_jobs=1,
          penalty='l1', random_state=None, solver='liblinear', tol=0.0001,
          verbose=0, warm_start=False)
01/29/2018 20:24:34 [INFO] exp_shallowmodel: train time: 5.035s
01/29/2018 20:24:34 [INFO] exp_shallowmodel: test time:  0.000s
01/29/2018 20:24:34 [INFO] exp_shallowmodel: accuracy:   0.816
01/29/2018 20:24:34 [INFO] exp_shallowmodel: f1_score:   0.701
01/29/2018 20:24:34 [INFO] exp_shallowmodel: classification report:
01/29/2018 20:24:34 [INFO] exp_shallowmodel:              precision    recall  f1-score   support

          A       0.45      0.36      0.40        14
          C       0.80      0.77      0.78       164
          F       0.89      0.91      0.90       268
          R       0.71      0.74      0.72       125

avg / total       0.81      0.82      0.81       571

01/29/2018 20:24:34 [INFO] exp_shallowmodel: confusion matrix:
01/29/2018 20:24:34 [INFO] exp_shallowmodel: 
[[  5   3   3   3]
 [  1 126  13  24]
 [  3  12 243  10]
 [  2  17  14  92]]
01/29/2018 20:24:34 [INFO] exp_shallowmodel: ******************** dstc2 - Round 41 
01/29/2018 20:24:34 [INFO] exp_shallowmodel: #(data) = 4583
01/29/2018 20:24:34 [INFO] exp_shallowmodel: #(feature) = 514
01/29/2018 20:24:34 [INFO] exp_shallowmodel: ================================================================================
01/29/2018 20:24:34 [INFO] exp_shallowmodel: LR.pen=l1.C=1.000000
01/29/2018 20:24:34 [INFO] exp_shallowmodel: ________________________________________________________________________________
01/29/2018 20:24:34 [INFO] exp_shallowmodel: Training: 
01/29/2018 20:24:34 [INFO] exp_shallowmodel: LogisticRegression(C=1, class_weight=None, dual=False, fit_intercept=True,
          intercept_scaling=1, max_iter=100, multi_class='ovr', n_jobs=1,
          penalty='l1', random_state=None, solver='liblinear', tol=0.0001,
          verbose=0, warm_start=False)
01/29/2018 20:24:39 [INFO] exp_shallowmodel: train time: 4.913s
01/29/2018 20:24:39 [INFO] exp_shallowmodel: test time:  0.000s
01/29/2018 20:24:39 [INFO] exp_shallowmodel: accuracy:   0.792
01/29/2018 20:24:39 [INFO] exp_shallowmodel: f1_score:   0.629
01/29/2018 20:24:39 [INFO] exp_shallowmodel: classification report:
01/29/2018 20:24:39 [INFO] exp_shallowmodel:              precision    recall  f1-score   support

          A       0.29      0.14      0.19        14
          C       0.74      0.73      0.73       164
          F       0.87      0.91      0.89       268
          R       0.71      0.70      0.70       125

avg / total       0.78      0.79      0.79       571

01/29/2018 20:24:39 [INFO] exp_shallowmodel: confusion matrix:
01/29/2018 20:24:39 [INFO] exp_shallowmodel: 
[[  2   3   6   3]
 [  2 119  17  26]
 [  3  15 244   6]
 [  0  24  14  87]]
01/29/2018 20:24:39 [INFO] exp_shallowmodel: ******************** dstc2 - Round 42 
01/29/2018 20:24:39 [INFO] exp_shallowmodel: #(data) = 4583
01/29/2018 20:24:39 [INFO] exp_shallowmodel: #(feature) = 514
01/29/2018 20:24:39 [INFO] exp_shallowmodel: ================================================================================
01/29/2018 20:24:39 [INFO] exp_shallowmodel: LR.pen=l1.C=1.000000
01/29/2018 20:24:39 [INFO] exp_shallowmodel: ________________________________________________________________________________
01/29/2018 20:24:39 [INFO] exp_shallowmodel: Training: 
01/29/2018 20:24:39 [INFO] exp_shallowmodel: LogisticRegression(C=1, class_weight=None, dual=False, fit_intercept=True,
          intercept_scaling=1, max_iter=100, multi_class='ovr', n_jobs=1,
          penalty='l1', random_state=None, solver='liblinear', tol=0.0001,
          verbose=0, warm_start=False)
01/29/2018 20:24:44 [INFO] exp_shallowmodel: train time: 5.432s
01/29/2018 20:24:44 [INFO] exp_shallowmodel: test time:  0.000s
01/29/2018 20:24:44 [INFO] exp_shallowmodel: accuracy:   0.793
01/29/2018 20:24:44 [INFO] exp_shallowmodel: f1_score:   0.647
01/29/2018 20:24:44 [INFO] exp_shallowmodel: classification report:
01/29/2018 20:24:44 [INFO] exp_shallowmodel:              precision    recall  f1-score   support

          A       0.33      0.21      0.26        14
          C       0.74      0.73      0.73       164
          F       0.88      0.91      0.90       268
          R       0.70      0.70      0.70       125

avg / total       0.79      0.79      0.79       571

01/29/2018 20:24:44 [INFO] exp_shallowmodel: confusion matrix:
01/29/2018 20:24:44 [INFO] exp_shallowmodel: 
[[  3   3   6   2]
 [  3 119  12  30]
 [  1  17 244   6]
 [  2  22  14  87]]
01/29/2018 20:24:44 [INFO] exp_shallowmodel: ******************** dstc2 - Round 43 
01/29/2018 20:24:44 [INFO] exp_shallowmodel: #(data) = 4583
01/29/2018 20:24:44 [INFO] exp_shallowmodel: #(feature) = 514
01/29/2018 20:24:44 [INFO] exp_shallowmodel: ================================================================================
01/29/2018 20:24:44 [INFO] exp_shallowmodel: LR.pen=l1.C=1.000000
01/29/2018 20:24:44 [INFO] exp_shallowmodel: ________________________________________________________________________________
01/29/2018 20:24:44 [INFO] exp_shallowmodel: Training: 
01/29/2018 20:24:44 [INFO] exp_shallowmodel: LogisticRegression(C=1, class_weight=None, dual=False, fit_intercept=True,
          intercept_scaling=1, max_iter=100, multi_class='ovr', n_jobs=1,
          penalty='l1', random_state=None, solver='liblinear', tol=0.0001,
          verbose=0, warm_start=False)
01/29/2018 20:24:49 [INFO] exp_shallowmodel: train time: 5.137s
01/29/2018 20:24:49 [INFO] exp_shallowmodel: test time:  0.001s
01/29/2018 20:24:49 [INFO] exp_shallowmodel: accuracy:   0.835
01/29/2018 20:24:49 [INFO] exp_shallowmodel: f1_score:   0.729
01/29/2018 20:24:49 [INFO] exp_shallowmodel: classification report:
01/29/2018 20:24:49 [INFO] exp_shallowmodel:              precision    recall  f1-score   support

          A       0.50      0.43      0.46        14
          C       0.76      0.83      0.80       164
          F       0.92      0.92      0.92       268
          R       0.78      0.70      0.74       125

avg / total       0.83      0.84      0.83       571

01/29/2018 20:24:49 [INFO] exp_shallowmodel: confusion matrix:
01/29/2018 20:24:49 [INFO] exp_shallowmodel: 
[[  6   1   6   1]
 [  2 136  10  16]
 [  0  13 247   8]
 [  4  28   5  88]]
01/29/2018 20:24:49 [INFO] exp_shallowmodel: ******************** dstc2 - Round 44 
01/29/2018 20:24:49 [INFO] exp_shallowmodel: #(data) = 4583
01/29/2018 20:24:49 [INFO] exp_shallowmodel: #(feature) = 514
01/29/2018 20:24:49 [INFO] exp_shallowmodel: ================================================================================
01/29/2018 20:24:49 [INFO] exp_shallowmodel: LR.pen=l1.C=1.000000
01/29/2018 20:24:49 [INFO] exp_shallowmodel: ________________________________________________________________________________
01/29/2018 20:24:49 [INFO] exp_shallowmodel: Training: 
01/29/2018 20:24:49 [INFO] exp_shallowmodel: LogisticRegression(C=1, class_weight=None, dual=False, fit_intercept=True,
          intercept_scaling=1, max_iter=100, multi_class='ovr', n_jobs=1,
          penalty='l1', random_state=None, solver='liblinear', tol=0.0001,
          verbose=0, warm_start=False)
01/29/2018 20:24:55 [INFO] exp_shallowmodel: train time: 5.516s
01/29/2018 20:24:55 [INFO] exp_shallowmodel: test time:  0.000s
01/29/2018 20:24:55 [INFO] exp_shallowmodel: accuracy:   0.792
01/29/2018 20:24:55 [INFO] exp_shallowmodel: f1_score:   0.581
01/29/2018 20:24:55 [INFO] exp_shallowmodel: classification report:
01/29/2018 20:24:55 [INFO] exp_shallowmodel:              precision    recall  f1-score   support

          A       0.00      0.00      0.00        14
          C       0.76      0.76      0.76       164
          F       0.87      0.92      0.89       268
          R       0.69      0.65      0.67       125

avg / total       0.78      0.79      0.78       571

01/29/2018 20:24:55 [INFO] exp_shallowmodel: confusion matrix:
01/29/2018 20:24:55 [INFO] exp_shallowmodel: 
[[  0   4   7   3]
 [  1 125  14  24]
 [  3  10 246   9]
 [  2  25  17  81]]
01/29/2018 20:24:55 [INFO] exp_shallowmodel: ******************** dstc2 - Round 45 
01/29/2018 20:24:55 [INFO] exp_shallowmodel: #(data) = 4583
01/29/2018 20:24:55 [INFO] exp_shallowmodel: #(feature) = 514
01/29/2018 20:24:55 [INFO] exp_shallowmodel: ================================================================================
01/29/2018 20:24:55 [INFO] exp_shallowmodel: LR.pen=l1.C=1.000000
01/29/2018 20:24:55 [INFO] exp_shallowmodel: ________________________________________________________________________________
01/29/2018 20:24:55 [INFO] exp_shallowmodel: Training: 
01/29/2018 20:24:55 [INFO] exp_shallowmodel: LogisticRegression(C=1, class_weight=None, dual=False, fit_intercept=True,
          intercept_scaling=1, max_iter=100, multi_class='ovr', n_jobs=1,
          penalty='l1', random_state=None, solver='liblinear', tol=0.0001,
          verbose=0, warm_start=False)
01/29/2018 20:25:01 [INFO] exp_shallowmodel: train time: 5.849s
01/29/2018 20:25:01 [INFO] exp_shallowmodel: test time:  0.000s
01/29/2018 20:25:01 [INFO] exp_shallowmodel: accuracy:   0.813
01/29/2018 20:25:01 [INFO] exp_shallowmodel: f1_score:   0.740
01/29/2018 20:25:01 [INFO] exp_shallowmodel: classification report:
01/29/2018 20:25:01 [INFO] exp_shallowmodel:              precision    recall  f1-score   support

          A       0.78      0.50      0.61        14
          C       0.74      0.75      0.75       164
          F       0.89      0.94      0.91       268
          R       0.72      0.66      0.69       125

avg / total       0.81      0.81      0.81       571

01/29/2018 20:25:01 [INFO] exp_shallowmodel: confusion matrix:
01/29/2018 20:25:01 [INFO] exp_shallowmodel: 
[[  7   4   2   1]
 [  1 123  13  27]
 [  1  12 251   4]
 [  0  27  15  83]]
01/29/2018 20:25:01 [INFO] exp_shallowmodel: ******************** dstc2 - Round 46 
01/29/2018 20:25:01 [INFO] exp_shallowmodel: #(data) = 4583
01/29/2018 20:25:01 [INFO] exp_shallowmodel: #(feature) = 514
01/29/2018 20:25:01 [INFO] exp_shallowmodel: ================================================================================
01/29/2018 20:25:01 [INFO] exp_shallowmodel: LR.pen=l1.C=1.000000
01/29/2018 20:25:01 [INFO] exp_shallowmodel: ________________________________________________________________________________
01/29/2018 20:25:01 [INFO] exp_shallowmodel: Training: 
01/29/2018 20:25:01 [INFO] exp_shallowmodel: LogisticRegression(C=1, class_weight=None, dual=False, fit_intercept=True,
          intercept_scaling=1, max_iter=100, multi_class='ovr', n_jobs=1,
          penalty='l1', random_state=None, solver='liblinear', tol=0.0001,
          verbose=0, warm_start=False)
01/29/2018 20:25:07 [INFO] exp_shallowmodel: train time: 5.853s
01/29/2018 20:25:07 [INFO] exp_shallowmodel: test time:  0.000s
01/29/2018 20:25:07 [INFO] exp_shallowmodel: accuracy:   0.795
01/29/2018 20:25:07 [INFO] exp_shallowmodel: f1_score:   0.713
01/29/2018 20:25:07 [INFO] exp_shallowmodel: classification report:
01/29/2018 20:25:07 [INFO] exp_shallowmodel:              precision    recall  f1-score   support

          A       0.58      0.50      0.54        14
          C       0.72      0.75      0.73       164
          F       0.87      0.91      0.89       268
          R       0.74      0.65      0.69       125

avg / total       0.79      0.80      0.79       571

01/29/2018 20:25:07 [INFO] exp_shallowmodel: confusion matrix:
01/29/2018 20:25:07 [INFO] exp_shallowmodel: 
[[  7   1   6   0]
 [  3 123  19  19]
 [  0  16 243   9]
 [  2  32  10  81]]
01/29/2018 20:25:07 [INFO] exp_shallowmodel: ******************** dstc2 - Round 47 
01/29/2018 20:25:07 [INFO] exp_shallowmodel: #(data) = 4583
01/29/2018 20:25:07 [INFO] exp_shallowmodel: #(feature) = 514
01/29/2018 20:25:07 [INFO] exp_shallowmodel: ================================================================================
01/29/2018 20:25:07 [INFO] exp_shallowmodel: LR.pen=l1.C=1.000000
01/29/2018 20:25:07 [INFO] exp_shallowmodel: ________________________________________________________________________________
01/29/2018 20:25:07 [INFO] exp_shallowmodel: Training: 
01/29/2018 20:25:07 [INFO] exp_shallowmodel: LogisticRegression(C=1, class_weight=None, dual=False, fit_intercept=True,
          intercept_scaling=1, max_iter=100, multi_class='ovr', n_jobs=1,
          penalty='l1', random_state=None, solver='liblinear', tol=0.0001,
          verbose=0, warm_start=False)
01/29/2018 20:25:11 [INFO] exp_shallowmodel: train time: 4.701s
01/29/2018 20:25:11 [INFO] exp_shallowmodel: test time:  0.001s
01/29/2018 20:25:11 [INFO] exp_shallowmodel: accuracy:   0.814
01/29/2018 20:25:11 [INFO] exp_shallowmodel: f1_score:   0.708
01/29/2018 20:25:11 [INFO] exp_shallowmodel: classification report:
01/29/2018 20:25:11 [INFO] exp_shallowmodel:              precision    recall  f1-score   support

          A       0.46      0.43      0.44        14
          C       0.78      0.71      0.74       164
          F       0.89      0.93      0.91       268
          R       0.73      0.74      0.74       125

avg / total       0.81      0.81      0.81       571

01/29/2018 20:25:11 [INFO] exp_shallowmodel: confusion matrix:
01/29/2018 20:25:11 [INFO] exp_shallowmodel: 
[[  6   1   7   0]
 [  4 116  17  27]
 [  1  10 250   7]
 [  2  22   8  93]]
01/29/2018 20:25:12 [INFO] exp_shallowmodel: ******************** dstc2 - Round 48 
01/29/2018 20:25:12 [INFO] exp_shallowmodel: #(data) = 4583
01/29/2018 20:25:12 [INFO] exp_shallowmodel: #(feature) = 514
01/29/2018 20:25:12 [INFO] exp_shallowmodel: ================================================================================
01/29/2018 20:25:12 [INFO] exp_shallowmodel: LR.pen=l1.C=1.000000
01/29/2018 20:25:12 [INFO] exp_shallowmodel: ________________________________________________________________________________
01/29/2018 20:25:12 [INFO] exp_shallowmodel: Training: 
01/29/2018 20:25:12 [INFO] exp_shallowmodel: LogisticRegression(C=1, class_weight=None, dual=False, fit_intercept=True,
          intercept_scaling=1, max_iter=100, multi_class='ovr', n_jobs=1,
          penalty='l1', random_state=None, solver='liblinear', tol=0.0001,
          verbose=0, warm_start=False)
01/29/2018 20:25:16 [INFO] exp_shallowmodel: train time: 4.853s
01/29/2018 20:25:16 [INFO] exp_shallowmodel: test time:  0.000s
01/29/2018 20:25:16 [INFO] exp_shallowmodel: accuracy:   0.828
01/29/2018 20:25:16 [INFO] exp_shallowmodel: f1_score:   0.722
01/29/2018 20:25:16 [INFO] exp_shallowmodel: classification report:
01/29/2018 20:25:16 [INFO] exp_shallowmodel:              precision    recall  f1-score   support

          A       0.46      0.43      0.44        14
          C       0.81      0.79      0.80       164
          F       0.90      0.91      0.91       268
          R       0.74      0.74      0.74       125

avg / total       0.83      0.83      0.83       571

01/29/2018 20:25:16 [INFO] exp_shallowmodel: confusion matrix:
01/29/2018 20:25:16 [INFO] exp_shallowmodel: 
[[  6   1   6   1]
 [  3 130   9  22]
 [  2  11 245  10]
 [  2  18  13  92]]
01/29/2018 20:25:16 [INFO] exp_shallowmodel: ******************** dstc2 - Round 49 
01/29/2018 20:25:16 [INFO] exp_shallowmodel: #(data) = 4568
01/29/2018 20:25:16 [INFO] exp_shallowmodel: #(feature) = 514
01/29/2018 20:25:16 [INFO] exp_shallowmodel: ================================================================================
01/29/2018 20:25:16 [INFO] exp_shallowmodel: LR.pen=l1.C=1.000000
01/29/2018 20:25:16 [INFO] exp_shallowmodel: ________________________________________________________________________________
01/29/2018 20:25:16 [INFO] exp_shallowmodel: Training: 
01/29/2018 20:25:16 [INFO] exp_shallowmodel: LogisticRegression(C=1, class_weight=None, dual=False, fit_intercept=True,
          intercept_scaling=1, max_iter=100, multi_class='ovr', n_jobs=1,
          penalty='l1', random_state=None, solver='liblinear', tol=0.0001,
          verbose=0, warm_start=False)
01/29/2018 20:25:22 [INFO] exp_shallowmodel: train time: 5.880s
01/29/2018 20:25:22 [INFO] exp_shallowmodel: test time:  0.000s
01/29/2018 20:25:22 [INFO] exp_shallowmodel: accuracy:   0.788
01/29/2018 20:25:22 [INFO] exp_shallowmodel: f1_score:   0.619
01/29/2018 20:25:22 [INFO] exp_shallowmodel: classification report:
01/29/2018 20:25:22 [INFO] exp_shallowmodel:              precision    recall  f1-score   support

          A       0.22      0.12      0.16        16
          C       0.74      0.73      0.73       169
          F       0.87      0.92      0.90       271
          R       0.70      0.68      0.69       130

avg / total       0.78      0.79      0.78       586

01/29/2018 20:25:22 [INFO] exp_shallowmodel: confusion matrix:
01/29/2018 20:25:22 [INFO] exp_shallowmodel: 
[[  2   1  11   2]
 [  5 123  14  27]
 [  1  12 249   9]
 [  1  30  11  88]]
