01/30/2018 13:31:42 [INFO] configuration: experiment_mode  :   continuous_feature_selection
01/30/2018 13:31:42 [INFO] configuration: deep_model  :   False
01/30/2018 13:31:42 [INFO] configuration: selected_context_id  :   0
01/30/2018 13:31:42 [INFO] configuration: selected_feature_set_id  :   7
01/30/2018 13:31:42 [INFO] configuration: similarity_feature  :   True
01/30/2018 13:31:42 [INFO] configuration: k_feature_to_keep  :   -1
01/30/2018 13:31:42 [INFO] configuration: k_component_for_pca  :   6
01/30/2018 13:31:42 [INFO] configuration: seed  :   154316847
01/30/2018 13:31:42 [INFO] configuration: root_path  :   /ihome/pbrusilosky/rum20/y_classify
01/30/2018 13:31:42 [INFO] configuration: task_name  :   utterance_type
01/30/2018 13:31:42 [INFO] configuration: timemark  :   20180130-133140
01/30/2018 13:31:42 [INFO] configuration: context_set  :   next
01/30/2018 13:31:42 [INFO] configuration: utterance_names  :   ['last_user_utterance', 'last_system_utterance', 'current_user_utterance', 'next_system_utterance', 'next_user_utterance']
01/30/2018 13:31:42 [INFO] configuration: utterance_range  :   ['current_user_utterance', 'next_system_utterance', 'next_user_utterance']
01/30/2018 13:31:42 [INFO] configuration: feature_set  :   7-d2v
01/30/2018 13:31:42 [INFO] configuration: feature_set_number  :   ['10']
01/30/2018 13:31:42 [INFO] configuration: experiment_name  :   20180130-133140.continuous_feature_selection.pca_component=6.feature_number=-1.context=next.feature=7-d2v.similarity=true
01/30/2018 13:31:42 [INFO] configuration: experiment_path  :   /ihome/pbrusilosky/rum20/y_classify/output/20180130-133140.continuous_feature_selection.pca_component=6.feature_number=-1.context=next.feature=7-d2v.similarity=true
01/30/2018 13:31:42 [INFO] configuration: log_path  :   /ihome/pbrusilosky/rum20/y_classify/output/20180130-133140.continuous_feature_selection.pca_component=6.feature_number=-1.context=next.feature=7-d2v.similarity=true/output.log
01/30/2018 13:31:42 [INFO] configuration: valid_type  :   {'C', 'F', 'A', 'R'}
01/30/2018 13:31:42 [INFO] configuration: data_name  :   
01/30/2018 13:31:42 [INFO] configuration: data_names  :   ['dstc2', 'dstc3', 'family', 'ghome']
01/30/2018 13:31:42 [INFO] configuration: raw_feature_path  :   /ihome/pbrusilosky/rum20/y_classify/dataset/feature/%s.raw_feature.pkl
01/30/2018 13:31:42 [INFO] configuration: extracted_feature_path  :   /ihome/pbrusilosky/rum20/y_classify/dataset/feature/%s.extracted_feature.pkl
01/30/2018 13:31:42 [INFO] configuration: pipeline_path  :   /ihome/pbrusilosky/rum20/y_classify/dataset/feature/%s.pipeline.pkl
01/30/2018 13:31:42 [INFO] configuration: metrics  :   ['accuracy', 'precision', 'recall', 'f1_score', 'training_time', 'test_time']
01/30/2018 13:31:42 [INFO] configuration: do_cross_validation  :   True
01/30/2018 13:31:42 [INFO] configuration: #division  :   5
01/30/2018 13:31:42 [INFO] configuration: #cross_validation  :   10
01/30/2018 13:31:42 [INFO] configuration: cv_index_cache_path  :   
01/30/2018 13:31:42 [INFO] configuration: action_words  :   {'item', 'temperature', 'alarm', 'number', 'list', 'shuffle', 'moderate', 'telephone', 'room', 'telephon', 'else', 'temperatur', 'phone', 'north', 'add', 'any', 'watch', 'remov', 'ani', 'south', 'clear', 'post', 'centr', 'volum', 'remind', 'tell', 'moder', 'discard', 'findcare', 'expens', 'next', 'music', 'remove', 'matter', 'skip', 'reminder', 'cast', 'food', 'address', 'area', 'els', 'volume', 'snooze', 'help', 'reminders', 'share', 'reminds', 'price', 'expensive', 'play', 'song', 'snooz', 'time', 'start', 'items', 'light', 'turn', 'centre', 'stop', 'weather', 'part', 'delete', 'timer', 'video', 'delet', 'member', 'findcar', 'cheap', 'shuffl', 'show'}
01/30/2018 13:31:42 [INFO] configuration: corenlp_jars  :   ('/Users/memray/Project/stanford/stanford-corenlp-full-3.8.0/*', '/Users/memray/Project/stanford/stanford-corenlp-full-3.8.0/stanford-english-kbp-corenlp-2017-06-09-models.jar')
01/30/2018 13:31:42 [INFO] configuration: lda_topic_number  :   50
01/30/2018 13:31:42 [INFO] configuration: lda_path  :   /ihome/pbrusilosky/rum20/y_classify/dataset/feature/gensim/%s.topic=50.lda.pkl
01/30/2018 13:31:42 [INFO] configuration: gensim_corpus_path  :   /ihome/pbrusilosky/rum20/y_classify/dataset/feature/gensim/%s.corpus.pkl
01/30/2018 13:31:42 [INFO] configuration: gensim_dict_path  :   /ihome/pbrusilosky/rum20/y_classify/dataset/feature/gensim/%s.dict
01/30/2018 13:31:42 [INFO] configuration: w2v_path  :   /home/memray/Data/glove/GoogleNews-vectors-negative300.bin
01/30/2018 13:31:42 [INFO] configuration: w2v_vector_length  :   300
01/30/2018 13:31:42 [INFO] configuration: d2v_vector_length  :   300
01/30/2018 13:31:42 [INFO] configuration: d2v_window_size  :   5
01/30/2018 13:31:42 [INFO] configuration: d2v_min_count  :   2
01/30/2018 13:31:42 [INFO] configuration: d2v_model_path  :   /ihome/pbrusilosky/rum20/y_classify/dataset/feature/gensim/%s.doc2vec.dim=300.window=5.min_count=2.model
01/30/2018 13:31:42 [INFO] configuration: d2v_vector_path  :   /ihome/pbrusilosky/rum20/y_classify/dataset/feature/gensim/%s.doc2vec.dim=300.window=5.min_count=2.vector
01/30/2018 13:31:42 [INFO] configuration: num_word_keep  :   {'dstc2': 300, 'dstc3': 300, 'family': 1000, 'ghome': 1000}
01/30/2018 13:31:42 [INFO] configuration: batch_size  :   128
01/30/2018 13:31:42 [INFO] configuration: max_epoch  :   50
01/30/2018 13:31:42 [INFO] configuration: early_stop_tolerance  :   2
01/30/2018 13:31:42 [INFO] configuration: concat_sents  :   False
01/30/2018 13:31:42 [INFO] configuration: cnn_setting  :   {'model': 'multichannel', 'early_stopping': True, 'word_dim': 300, 'filters': [3, 4, 5], 'filter_num': [100, 100, 100], 'class_size': 4, 'batch_size': 128, 'learning_rate': 0.001, 'norm_limit': 10, 'dropout_prob': 0.0, 'sentence_num': 3}
01/30/2018 13:31:42 [INFO] configuration: skipthought_setting  :   {'skipthought_model_path': '/Users/memray/Data/skip-thought', 'skipthought_data_path': '/ihome/pbrusilosky/rum20/y_classify/dataset/feature/gensim/%s.skip-thought.biskip.vector', 'fixed_emb': True, 'sentence_num': 3, 'hidden_size': 2400, 'class_size': 4, 'learning_rate': 0.0001, 'norm_limit': 3, 'dropout_prob': 0.5}
01/30/2018 13:31:42 [INFO] configuration: lstm_setting  :   {'model': 'non-static', 'hidden_size': 32, 'embedding_size': 300, 'num_layers': 1, 'bidirectional': False, 'learning_rate': 0.001, 'class_size': 4, 'norm_limit': 2, 'clip_grad_norm': 2, 'dropout_prob': 0.1}
01/30/2018 13:31:45 [INFO] exp_shallowmodel: %%%%%%%%%%%%%%%%%%%%%%%%%%%%%%%%%%%%%%%%%%%%%%%%%%
01/30/2018 13:31:45 [INFO] exp_shallowmodel:           dataset=dstc2
01/30/2018 13:31:45 [INFO] exp_shallowmodel:           X_new.shape=(5725, 65)
01/30/2018 13:31:45 [INFO] exp_shallowmodel:           #(discrete_feature)=0
01/30/2018 13:31:45 [INFO] exp_shallowmodel:           #(continuous_feature)=64
01/30/2018 13:31:45 [INFO] exp_shallowmodel:           #(similarity_feature)=1
01/30/2018 13:31:45 [INFO] exp_shallowmodel: %%%%%%%%%%%%%%%%%%%%%%%%%%%%%%%%%%%%%%%%%%%%%%%%%%
01/30/2018 13:31:45 [INFO] exp_shallowmodel: ******************** dstc2 - Round 0 
01/30/2018 13:31:45 [INFO] exp_shallowmodel: #(data) = 4583
01/30/2018 13:31:45 [INFO] exp_shallowmodel: #(feature) = 65
01/30/2018 13:31:45 [INFO] exp_shallowmodel: ================================================================================
01/30/2018 13:31:45 [INFO] exp_shallowmodel: LR.pen=l1.C=1.000000
01/30/2018 13:31:45 [INFO] exp_shallowmodel: ________________________________________________________________________________
01/30/2018 13:31:45 [INFO] exp_shallowmodel: Training: 
01/30/2018 13:31:45 [INFO] exp_shallowmodel: LogisticRegression(C=1, class_weight=None, dual=False, fit_intercept=True,
          intercept_scaling=1, max_iter=100, multi_class='ovr', n_jobs=1,
          penalty='l1', random_state=None, solver='liblinear', tol=0.0001,
          verbose=0, warm_start=False)
01/30/2018 13:31:46 [INFO] exp_shallowmodel: train time: 0.207s
01/30/2018 13:31:46 [INFO] exp_shallowmodel: test time:  0.000s
01/30/2018 13:31:46 [INFO] exp_shallowmodel: accuracy:   0.772
01/30/2018 13:31:46 [INFO] exp_shallowmodel: f1_score:   0.589
01/30/2018 13:31:46 [INFO] exp_shallowmodel: classification report:
01/30/2018 13:31:46 [INFO] exp_shallowmodel:              precision    recall  f1-score   support

          A       1.00      0.07      0.13        14
          C       0.77      0.80      0.78       164
          F       0.83      0.91      0.86       268
          R       0.63      0.53      0.57       125

avg / total       0.77      0.77      0.76       571

01/30/2018 13:31:46 [INFO] exp_shallowmodel: confusion matrix:
01/30/2018 13:31:46 [INFO] exp_shallowmodel: 
[[  1   3  10   0]
 [  0 131  10  23]
 [  0   9 243  16]
 [  0  28  31  66]]
01/30/2018 13:31:46 [INFO] exp_shallowmodel: Feature selection of top 65, selectable:non-selectable=0:65
01/30/2018 13:31:50 [INFO] exp_shallowmodel: %%%%%%%%%%%%%%%%%%%%%%%%%%%%%%%%%%%%%%%%%%%%%%%%%%
01/30/2018 13:31:50 [INFO] exp_shallowmodel:           dataset=dstc3
01/30/2018 13:31:50 [INFO] exp_shallowmodel:           X_new.shape=(5934, 65)
01/30/2018 13:31:50 [INFO] exp_shallowmodel:           #(discrete_feature)=0
01/30/2018 13:31:50 [INFO] exp_shallowmodel:           #(continuous_feature)=64
01/30/2018 13:31:50 [INFO] exp_shallowmodel:           #(similarity_feature)=1
01/30/2018 13:31:50 [INFO] exp_shallowmodel: %%%%%%%%%%%%%%%%%%%%%%%%%%%%%%%%%%%%%%%%%%%%%%%%%%
01/30/2018 13:31:50 [INFO] exp_shallowmodel: ******************** dstc3 - Round 0 
01/30/2018 13:31:50 [INFO] exp_shallowmodel: #(data) = 4750
01/30/2018 13:31:50 [INFO] exp_shallowmodel: #(feature) = 65
01/30/2018 13:31:50 [INFO] exp_shallowmodel: ================================================================================
01/30/2018 13:31:50 [INFO] exp_shallowmodel: LR.pen=l1.C=1.000000
01/30/2018 13:31:50 [INFO] exp_shallowmodel: ________________________________________________________________________________
01/30/2018 13:31:50 [INFO] exp_shallowmodel: Training: 
01/30/2018 13:31:50 [INFO] exp_shallowmodel: LogisticRegression(C=1, class_weight=None, dual=False, fit_intercept=True,
          intercept_scaling=1, max_iter=100, multi_class='ovr', n_jobs=1,
          penalty='l1', random_state=None, solver='liblinear', tol=0.0001,
          verbose=0, warm_start=False)
01/30/2018 13:31:50 [INFO] exp_shallowmodel: train time: 0.162s
01/30/2018 13:31:50 [INFO] exp_shallowmodel: test time:  0.000s
01/30/2018 13:31:50 [INFO] exp_shallowmodel: accuracy:   0.774
01/30/2018 13:31:50 [INFO] exp_shallowmodel: f1_score:   0.649
01/30/2018 13:31:50 [INFO] exp_shallowmodel: classification report:
01/30/2018 13:31:50 [INFO] exp_shallowmodel:              precision    recall  f1-score   support

          A       1.00      0.30      0.46        20
          C       0.70      0.81      0.75       169
          F       0.84      0.95      0.89       281
          R       0.64      0.39      0.49       122

avg / total       0.77      0.77      0.76       592

01/30/2018 13:31:50 [INFO] exp_shallowmodel: confusion matrix:
01/30/2018 13:31:50 [INFO] exp_shallowmodel: 
[[  6   0  13   1]
 [  0 137  13  19]
 [  0   7 267   7]
 [  0  51  23  48]]
01/30/2018 13:31:50 [INFO] exp_shallowmodel: Feature selection of top 65, selectable:non-selectable=0:65
01/30/2018 13:31:56 [INFO] exp_shallowmodel: %%%%%%%%%%%%%%%%%%%%%%%%%%%%%%%%%%%%%%%%%%%%%%%%%%
01/30/2018 13:31:56 [INFO] exp_shallowmodel:           dataset=family
01/30/2018 13:31:56 [INFO] exp_shallowmodel:           X_new.shape=(3530, 65)
01/30/2018 13:31:56 [INFO] exp_shallowmodel:           #(discrete_feature)=0
01/30/2018 13:31:56 [INFO] exp_shallowmodel:           #(continuous_feature)=64
01/30/2018 13:31:56 [INFO] exp_shallowmodel:           #(similarity_feature)=1
01/30/2018 13:31:56 [INFO] exp_shallowmodel: %%%%%%%%%%%%%%%%%%%%%%%%%%%%%%%%%%%%%%%%%%%%%%%%%%
01/30/2018 13:31:56 [INFO] exp_shallowmodel: ******************** family - Round 0 
01/30/2018 13:31:56 [INFO] exp_shallowmodel: #(data) = 2826
01/30/2018 13:31:56 [INFO] exp_shallowmodel: #(feature) = 65
01/30/2018 13:31:56 [INFO] exp_shallowmodel: ================================================================================
01/30/2018 13:31:56 [INFO] exp_shallowmodel: LR.pen=l1.C=1.000000
01/30/2018 13:31:56 [INFO] exp_shallowmodel: ________________________________________________________________________________
01/30/2018 13:31:56 [INFO] exp_shallowmodel: Training: 
01/30/2018 13:31:56 [INFO] exp_shallowmodel: LogisticRegression(C=1, class_weight=None, dual=False, fit_intercept=True,
          intercept_scaling=1, max_iter=100, multi_class='ovr', n_jobs=1,
          penalty='l1', random_state=None, solver='liblinear', tol=0.0001,
          verbose=0, warm_start=False)
01/30/2018 13:31:56 [INFO] exp_shallowmodel: train time: 0.113s
01/30/2018 13:31:56 [INFO] exp_shallowmodel: test time:  0.000s
01/30/2018 13:31:56 [INFO] exp_shallowmodel: accuracy:   0.798
01/30/2018 13:31:56 [INFO] exp_shallowmodel: f1_score:   0.500
01/30/2018 13:31:56 [INFO] exp_shallowmodel: classification report:
01/30/2018 13:31:56 [INFO] exp_shallowmodel:              precision    recall  f1-score   support

          A       0.14      0.04      0.07        23
          C       0.58      0.52      0.55        27
          F       0.85      0.98      0.91       250
          R       0.61      0.38      0.47        52

avg / total       0.75      0.80      0.77       352

01/30/2018 13:31:56 [INFO] exp_shallowmodel: confusion matrix:
01/30/2018 13:31:56 [INFO] exp_shallowmodel: 
[[  1   4  12   6]
 [  2  14   7   4]
 [  1   0 246   3]
 [  3   6  23  20]]
01/30/2018 13:31:56 [INFO] exp_shallowmodel: Feature selection of top 65, selectable:non-selectable=0:65
01/30/2018 13:32:02 [INFO] exp_shallowmodel: %%%%%%%%%%%%%%%%%%%%%%%%%%%%%%%%%%%%%%%%%%%%%%%%%%
01/30/2018 13:32:02 [INFO] exp_shallowmodel:           dataset=ghome
01/30/2018 13:32:02 [INFO] exp_shallowmodel:           X_new.shape=(5241, 65)
01/30/2018 13:32:02 [INFO] exp_shallowmodel:           #(discrete_feature)=0
01/30/2018 13:32:02 [INFO] exp_shallowmodel:           #(continuous_feature)=64
01/30/2018 13:32:02 [INFO] exp_shallowmodel:           #(similarity_feature)=1
01/30/2018 13:32:02 [INFO] exp_shallowmodel: %%%%%%%%%%%%%%%%%%%%%%%%%%%%%%%%%%%%%%%%%%%%%%%%%%
01/30/2018 13:32:02 [INFO] exp_shallowmodel: ******************** ghome - Round 0 
01/30/2018 13:32:02 [INFO] exp_shallowmodel: #(data) = 4197
01/30/2018 13:32:02 [INFO] exp_shallowmodel: #(feature) = 65
01/30/2018 13:32:02 [INFO] exp_shallowmodel: ================================================================================
01/30/2018 13:32:02 [INFO] exp_shallowmodel: LR.pen=l1.C=1.000000
01/30/2018 13:32:02 [INFO] exp_shallowmodel: ________________________________________________________________________________
01/30/2018 13:32:02 [INFO] exp_shallowmodel: Training: 
01/30/2018 13:32:02 [INFO] exp_shallowmodel: LogisticRegression(C=1, class_weight=None, dual=False, fit_intercept=True,
          intercept_scaling=1, max_iter=100, multi_class='ovr', n_jobs=1,
          penalty='l1', random_state=None, solver='liblinear', tol=0.0001,
          verbose=0, warm_start=False)
01/30/2018 13:32:03 [INFO] exp_shallowmodel: train time: 0.170s
01/30/2018 13:32:03 [INFO] exp_shallowmodel: test time:  0.000s
01/30/2018 13:32:03 [INFO] exp_shallowmodel: accuracy:   0.847
01/30/2018 13:32:03 [INFO] exp_shallowmodel: f1_score:   0.496
01/30/2018 13:32:03 [INFO] exp_shallowmodel: classification report:
01/30/2018 13:32:03 [INFO] exp_shallowmodel:              precision    recall  f1-score   support

          A       0.62      0.41      0.49        59
          C       0.00      0.00      0.00        12
          F       0.89      0.99      0.94       396
          R       0.64      0.49      0.56        55

avg / total       0.81      0.85      0.83       522

01/30/2018 13:32:03 [INFO] exp_shallowmodel: confusion matrix:
01/30/2018 13:32:03 [INFO] exp_shallowmodel: 
[[ 24   3  22  10]
 [  1   0   9   2]
 [  2   0 391   3]
 [ 12   0  16  27]]
01/30/2018 13:32:03 [INFO] exp_shallowmodel: Feature selection of top 65, selectable:non-selectable=0:65
