01/04/2018 17:31:29 [INFO] configuration: experiment_mode  :   discrete_feature_selection
01/04/2018 17:31:29 [INFO] configuration: deep_model  :   False
01/04/2018 17:31:29 [INFO] configuration: selected_context_id  :   0
01/04/2018 17:31:29 [INFO] configuration: selected_feature_set_id  :   10
01/04/2018 17:31:29 [INFO] configuration: similarity_feature  :   True
01/04/2018 17:31:29 [INFO] configuration: k_feature_to_keep  :   -1
01/04/2018 17:31:29 [INFO] configuration: seed  :   154316847
01/04/2018 17:31:29 [INFO] configuration: root_path  :   /ihome/pbrusilosky/rum20/y_classify
01/04/2018 17:31:29 [INFO] configuration: task_name  :   utterance_type
01/04/2018 17:31:29 [INFO] configuration: timemark  :   20180104-173129
01/04/2018 17:31:29 [INFO] configuration: context_set  :   next
01/04/2018 17:31:29 [INFO] configuration: utterance_names  :   ['last_user_utterance', 'last_system_utterance', 'current_user_utterance', 'next_system_utterance', 'next_user_utterance']
01/04/2018 17:31:29 [INFO] configuration: utterance_range  :   ['current_user_utterance', 'next_system_utterance', 'next_user_utterance']
01/04/2018 17:31:29 [INFO] configuration: feature_set  :   10-[5+1.3.4]
01/04/2018 17:31:29 [INFO] configuration: feature_set_number  :   ['1', '2', '3', '5', '6', '7', '8']
01/04/2018 17:31:29 [INFO] configuration: experiment_name  :   20180104-173129.discrete_feature_selection.feature_number=-1.context=next.feature=10-[5+1.3.4].similarity=true
01/04/2018 17:31:29 [INFO] configuration: experiment_path  :   /ihome/pbrusilosky/rum20/y_classify/output/20180104-173129.discrete_feature_selection.feature_number=-1.context=next.feature=10-[5+1.3.4].similarity=true
01/04/2018 17:31:29 [INFO] configuration: log_path  :   /ihome/pbrusilosky/rum20/y_classify/output/20180104-173129.discrete_feature_selection.feature_number=-1.context=next.feature=10-[5+1.3.4].similarity=true/output.log
01/04/2018 17:31:29 [INFO] configuration: valid_type  :   {'C', 'A', 'R', 'F'}
01/04/2018 17:31:29 [INFO] configuration: data_name  :   
01/04/2018 17:31:29 [INFO] configuration: data_names  :   ['dstc2', 'dstc3', 'family', 'ghome']
01/04/2018 17:31:29 [INFO] configuration: raw_feature_path  :   /ihome/pbrusilosky/rum20/y_classify/dataset/feature/%s.raw_feature.pkl
01/04/2018 17:31:29 [INFO] configuration: extracted_feature_path  :   /ihome/pbrusilosky/rum20/y_classify/dataset/feature/%s.extracted_feature.pkl
01/04/2018 17:31:29 [INFO] configuration: pipeline_path  :   /ihome/pbrusilosky/rum20/y_classify/dataset/feature/%s.pipeline.pkl
01/04/2018 17:31:29 [INFO] configuration: metrics  :   ['accuracy', 'precision', 'recall', 'f1_score', 'training_time', 'test_time']
01/04/2018 17:31:29 [INFO] configuration: do_cross_validation  :   True
01/04/2018 17:31:29 [INFO] configuration: #division  :   5
01/04/2018 17:31:29 [INFO] configuration: #cross_validation  :   10
01/04/2018 17:31:29 [INFO] configuration: cv_index_cache_path  :   
01/04/2018 17:31:29 [INFO] configuration: action_words  :   {'turn', 'post', 'centr', 'phone', 'telephone', 'address', 'show', 'reminder', 'expensive', 'centre', 'else', 'video', 'reminds', 'shuffl', 'cheap', 'shuffle', 'clear', 'watch', 'snooze', 'south', 'room', 'moder', 'timer', 'cast', 'play', 'any', 'food', 'remov', 'discard', 'start', 'skip', 'list', 'els', 'music', 'area', 'moderate', 'help', 'next', 'reminders', 'telephon', 'item', 'song', 'findcar', 'volume', 'tell', 'remind', 'delete', 'remove', 'time', 'add', 'temperatur', 'volum', 'number', 'light', 'expens', 'share', 'alarm', 'part', 'north', 'temperature', 'ani', 'stop', 'price', 'delet', 'member', 'items', 'matter', 'weather', 'findcare', 'snooz'}
01/04/2018 17:31:29 [INFO] configuration: corenlp_jars  :   ('/Users/memray/Project/stanford/stanford-corenlp-full-3.8.0/*', '/Users/memray/Project/stanford/stanford-corenlp-full-3.8.0/stanford-english-kbp-corenlp-2017-06-09-models.jar')
01/04/2018 17:31:29 [INFO] configuration: lda_topic_number  :   50
01/04/2018 17:31:29 [INFO] configuration: lda_path  :   /ihome/pbrusilosky/rum20/y_classify/dataset/feature/gensim/%s.topic=50.lda.pkl
01/04/2018 17:31:29 [INFO] configuration: gensim_corpus_path  :   /ihome/pbrusilosky/rum20/y_classify/dataset/feature/gensim/%s.corpus.pkl
01/04/2018 17:31:29 [INFO] configuration: gensim_dict_path  :   /ihome/pbrusilosky/rum20/y_classify/dataset/feature/gensim/%s.dict
01/04/2018 17:31:29 [INFO] configuration: w2v_path  :   /home/memray/Data/glove/GoogleNews-vectors-negative300.bin
01/04/2018 17:31:29 [INFO] configuration: w2v_vector_length  :   300
01/04/2018 17:31:29 [INFO] configuration: d2v_vector_length  :   300
01/04/2018 17:31:29 [INFO] configuration: d2v_window_size  :   5
01/04/2018 17:31:29 [INFO] configuration: d2v_min_count  :   2
01/04/2018 17:31:29 [INFO] configuration: d2v_model_path  :   /ihome/pbrusilosky/rum20/y_classify/dataset/feature/gensim/%s.doc2vec.dim=300.window=5.min_count=2.model
01/04/2018 17:31:29 [INFO] configuration: d2v_vector_path  :   /ihome/pbrusilosky/rum20/y_classify/dataset/feature/gensim/%s.doc2vec.dim=300.window=5.min_count=2.vector
01/04/2018 17:31:29 [INFO] configuration: num_word_keep  :   {'dstc2': 300, 'dstc3': 300, 'family': 1000, 'ghome': 1000}
01/04/2018 17:31:29 [INFO] configuration: batch_size  :   128
01/04/2018 17:31:29 [INFO] configuration: max_epoch  :   50
01/04/2018 17:31:29 [INFO] configuration: early_stop_tolerance  :   2
01/04/2018 17:31:29 [INFO] configuration: concat_sents  :   False
01/04/2018 17:31:29 [INFO] configuration: cnn_setting  :   {'model': 'multichannel', 'early_stopping': True, 'word_dim': 300, 'filters': [3, 4, 5], 'filter_num': [100, 100, 100], 'class_size': 4, 'batch_size': 128, 'learning_rate': 0.001, 'norm_limit': 10, 'dropout_prob': 0.0, 'sentence_num': 3}
01/04/2018 17:31:29 [INFO] configuration: skipthought_setting  :   {'skipthought_model_path': '/Users/memray/Data/skip-thought', 'skipthought_data_path': '/ihome/pbrusilosky/rum20/y_classify/dataset/feature/gensim/%s.skip-thought.biskip.vector', 'fixed_emb': True, 'sentence_num': 3, 'hidden_size': 2400, 'class_size': 4, 'learning_rate': 0.0001, 'norm_limit': 3, 'dropout_prob': 0.5}
01/04/2018 17:31:29 [INFO] configuration: lstm_setting  :   {'model': 'non-static', 'hidden_size': 32, 'embedding_size': 300, 'num_layers': 1, 'bidirectional': False, 'learning_rate': 0.001, 'class_size': 4, 'norm_limit': 2, 'clip_grad_norm': 2, 'dropout_prob': 0.1}
01/04/2018 17:31:32 [INFO] exp_shallowmodel: %%%%%%%%%%%%%%%%%%%%%%%%%%%%%%%%%%%%%%%%%%%%%%%%%%
01/04/2018 17:31:32 [INFO] exp_shallowmodel:           dataset=dstc2
01/04/2018 17:31:32 [INFO] exp_shallowmodel:           k_feature_to_keep=-1
01/04/2018 17:31:32 [INFO] exp_shallowmodel:           X_new.shape=(5725, 3551)
01/04/2018 17:31:32 [INFO] exp_shallowmodel:           #(X_selected)=3390
01/04/2018 17:31:32 [INFO] exp_shallowmodel:           #(X_not_selectable)=161
01/04/2018 17:31:32 [INFO] exp_shallowmodel: %%%%%%%%%%%%%%%%%%%%%%%%%%%%%%%%%%%%%%%%%%%%%%%%%%
01/04/2018 17:31:33 [INFO] exp_shallowmodel: ******************** dstc2 - Round 0 
01/04/2018 17:31:33 [INFO] exp_shallowmodel: #(data) = 4583
01/04/2018 17:31:33 [INFO] exp_shallowmodel: #(feature) = 3551
01/04/2018 17:31:33 [INFO] exp_shallowmodel: ================================================================================
01/04/2018 17:31:33 [INFO] exp_shallowmodel: LR.pen=l1.C=1.000000
01/04/2018 17:31:33 [INFO] exp_shallowmodel: ________________________________________________________________________________
01/04/2018 17:31:33 [INFO] exp_shallowmodel: Training: 
01/04/2018 17:31:33 [INFO] exp_shallowmodel: LogisticRegression(C=1, class_weight=None, dual=False, fit_intercept=True,
          intercept_scaling=1, max_iter=100, multi_class='ovr', n_jobs=1,
          penalty='l1', random_state=None, solver='liblinear', tol=0.0001,
          verbose=0, warm_start=False)
01/04/2018 17:32:04 [INFO] exp_shallowmodel: train time: 31.160s
01/04/2018 17:32:04 [INFO] exp_shallowmodel: test time:  0.003s
01/04/2018 17:32:04 [INFO] exp_shallowmodel: accuracy:   0.846
01/04/2018 17:32:04 [INFO] exp_shallowmodel: f1_score:   0.735
01/04/2018 17:32:04 [INFO] exp_shallowmodel: classification report:
01/04/2018 17:32:04 [INFO] exp_shallowmodel:              precision    recall  f1-score   support

          A       0.62      0.36      0.45        14
          C       0.78      0.80      0.79       164
          F       0.92      0.95      0.93       268
          R       0.78      0.74      0.76       125

avg / total       0.84      0.85      0.84       571

01/04/2018 17:32:04 [INFO] exp_shallowmodel: confusion matrix:
01/04/2018 17:32:04 [INFO] exp_shallowmodel: 
[[  5   2   7   0]
 [  1 131  11  21]
 [  1   8 254   5]
 [  1  26   5  93]]
01/04/2018 17:32:05 [INFO] exp_shallowmodel: ******************** dstc2 - Round 1 
01/04/2018 17:32:05 [INFO] exp_shallowmodel: #(data) = 4583
01/04/2018 17:32:05 [INFO] exp_shallowmodel: #(feature) = 3551
01/04/2018 17:32:05 [INFO] exp_shallowmodel: ================================================================================
01/04/2018 17:32:05 [INFO] exp_shallowmodel: LR.pen=l1.C=1.000000
01/04/2018 17:32:05 [INFO] exp_shallowmodel: ________________________________________________________________________________
01/04/2018 17:32:05 [INFO] exp_shallowmodel: Training: 
01/04/2018 17:32:05 [INFO] exp_shallowmodel: LogisticRegression(C=1, class_weight=None, dual=False, fit_intercept=True,
          intercept_scaling=1, max_iter=100, multi_class='ovr', n_jobs=1,
          penalty='l1', random_state=None, solver='liblinear', tol=0.0001,
          verbose=0, warm_start=False)
01/04/2018 17:32:33 [INFO] exp_shallowmodel: train time: 28.483s
01/04/2018 17:32:33 [INFO] exp_shallowmodel: test time:  0.003s
01/04/2018 17:32:33 [INFO] exp_shallowmodel: accuracy:   0.814
01/04/2018 17:32:33 [INFO] exp_shallowmodel: f1_score:   0.710
01/04/2018 17:32:33 [INFO] exp_shallowmodel: classification report:
01/04/2018 17:32:33 [INFO] exp_shallowmodel:              precision    recall  f1-score   support

          A       0.62      0.36      0.45        14
          C       0.75      0.73      0.74       164
          F       0.88      0.93      0.91       268
          R       0.75      0.74      0.74       125

avg / total       0.81      0.81      0.81       571

01/04/2018 17:32:33 [INFO] exp_shallowmodel: confusion matrix:
01/04/2018 17:32:33 [INFO] exp_shallowmodel: 
[[  5   1   6   2]
 [  1 119  20  24]
 [  1  13 249   5]
 [  1  25   7  92]]
01/04/2018 17:32:34 [INFO] exp_shallowmodel: Feature selection of top 100, ranked by LR weights (selectable:non-selectable=70:30)
01/04/2018 17:32:38 [INFO] exp_shallowmodel: %%%%%%%%%%%%%%%%%%%%%%%%%%%%%%%%%%%%%%%%%%%%%%%%%%
01/04/2018 17:32:38 [INFO] exp_shallowmodel:           dataset=dstc3
01/04/2018 17:32:38 [INFO] exp_shallowmodel:           k_feature_to_keep=-1
01/04/2018 17:32:38 [INFO] exp_shallowmodel:           X_new.shape=(5934, 4449)
01/04/2018 17:32:38 [INFO] exp_shallowmodel:           #(X_selected)=4288
01/04/2018 17:32:38 [INFO] exp_shallowmodel:           #(X_not_selectable)=161
01/04/2018 17:32:38 [INFO] exp_shallowmodel: %%%%%%%%%%%%%%%%%%%%%%%%%%%%%%%%%%%%%%%%%%%%%%%%%%
01/04/2018 17:32:39 [INFO] exp_shallowmodel: ******************** dstc3 - Round 0 
01/04/2018 17:32:39 [INFO] exp_shallowmodel: #(data) = 4750
01/04/2018 17:32:39 [INFO] exp_shallowmodel: #(feature) = 4449
01/04/2018 17:32:39 [INFO] exp_shallowmodel: ================================================================================
01/04/2018 17:32:39 [INFO] exp_shallowmodel: LR.pen=l1.C=1.000000
01/04/2018 17:32:39 [INFO] exp_shallowmodel: ________________________________________________________________________________
01/04/2018 17:32:39 [INFO] exp_shallowmodel: Training: 
01/04/2018 17:32:39 [INFO] exp_shallowmodel: LogisticRegression(C=1, class_weight=None, dual=False, fit_intercept=True,
          intercept_scaling=1, max_iter=100, multi_class='ovr', n_jobs=1,
          penalty='l1', random_state=None, solver='liblinear', tol=0.0001,
          verbose=0, warm_start=False)
01/04/2018 17:33:16 [INFO] exp_shallowmodel: train time: 37.621s
01/04/2018 17:33:16 [INFO] exp_shallowmodel: test time:  0.004s
01/04/2018 17:33:16 [INFO] exp_shallowmodel: accuracy:   0.797
01/04/2018 17:33:16 [INFO] exp_shallowmodel: f1_score:   0.738
01/04/2018 17:33:16 [INFO] exp_shallowmodel: classification report:
01/04/2018 17:33:16 [INFO] exp_shallowmodel:              precision    recall  f1-score   support

          A       0.85      0.55      0.67        20
          C       0.76      0.75      0.75       169
          F       0.90      0.91      0.91       281
          R       0.60      0.64      0.62       122

avg / total       0.80      0.80      0.80       592

01/04/2018 17:33:16 [INFO] exp_shallowmodel: confusion matrix:
01/04/2018 17:33:16 [INFO] exp_shallowmodel: 
[[ 11   1   6   2]
 [  1 126   7  35]
 [  1   9 257  14]
 [  0  30  14  78]]
01/04/2018 17:33:17 [INFO] exp_shallowmodel: ******************** dstc3 - Round 1 
01/04/2018 17:33:17 [INFO] exp_shallowmodel: #(data) = 4750
01/04/2018 17:33:17 [INFO] exp_shallowmodel: #(feature) = 4449
01/04/2018 17:33:17 [INFO] exp_shallowmodel: ================================================================================
01/04/2018 17:33:17 [INFO] exp_shallowmodel: LR.pen=l1.C=1.000000
01/04/2018 17:33:17 [INFO] exp_shallowmodel: ________________________________________________________________________________
01/04/2018 17:33:17 [INFO] exp_shallowmodel: Training: 
01/04/2018 17:33:17 [INFO] exp_shallowmodel: LogisticRegression(C=1, class_weight=None, dual=False, fit_intercept=True,
          intercept_scaling=1, max_iter=100, multi_class='ovr', n_jobs=1,
          penalty='l1', random_state=None, solver='liblinear', tol=0.0001,
          verbose=0, warm_start=False)
01/04/2018 17:33:56 [INFO] exp_shallowmodel: train time: 39.198s
01/04/2018 17:33:56 [INFO] exp_shallowmodel: test time:  0.004s
01/04/2018 17:33:56 [INFO] exp_shallowmodel: accuracy:   0.772
01/04/2018 17:33:56 [INFO] exp_shallowmodel: f1_score:   0.652
01/04/2018 17:33:56 [INFO] exp_shallowmodel: classification report:
01/04/2018 17:33:56 [INFO] exp_shallowmodel:              precision    recall  f1-score   support

          A       0.50      0.35      0.41        20
          C       0.72      0.73      0.72       169
          F       0.90      0.92      0.91       281
          R       0.57      0.56      0.56       122

avg / total       0.77      0.77      0.77       592

01/04/2018 17:33:56 [INFO] exp_shallowmodel: confusion matrix:
01/04/2018 17:33:56 [INFO] exp_shallowmodel: 
[[  7   4   6   3]
 [  2 123  10  34]
 [  2   6 259  14]
 [  3  38  13  68]]
01/04/2018 17:33:57 [INFO] exp_shallowmodel: Feature selection of top 100, ranked by LR weights (selectable:non-selectable=77:23)
01/04/2018 17:34:03 [INFO] exp_shallowmodel: %%%%%%%%%%%%%%%%%%%%%%%%%%%%%%%%%%%%%%%%%%%%%%%%%%
01/04/2018 17:34:03 [INFO] exp_shallowmodel:           dataset=family
01/04/2018 17:34:03 [INFO] exp_shallowmodel:           k_feature_to_keep=-1
01/04/2018 17:34:03 [INFO] exp_shallowmodel:           X_new.shape=(3530, 22754)
01/04/2018 17:34:03 [INFO] exp_shallowmodel:           #(X_selected)=22591
01/04/2018 17:34:03 [INFO] exp_shallowmodel:           #(X_not_selectable)=163
01/04/2018 17:34:03 [INFO] exp_shallowmodel: %%%%%%%%%%%%%%%%%%%%%%%%%%%%%%%%%%%%%%%%%%%%%%%%%%
01/04/2018 17:34:06 [INFO] exp_shallowmodel: ******************** family - Round 0 
01/04/2018 17:34:06 [INFO] exp_shallowmodel: #(data) = 2826
01/04/2018 17:34:06 [INFO] exp_shallowmodel: #(feature) = 22754
01/04/2018 17:34:06 [INFO] exp_shallowmodel: ================================================================================
01/04/2018 17:34:06 [INFO] exp_shallowmodel: LR.pen=l1.C=1.000000
01/04/2018 17:34:06 [INFO] exp_shallowmodel: ________________________________________________________________________________
01/04/2018 17:34:06 [INFO] exp_shallowmodel: Training: 
01/04/2018 17:34:06 [INFO] exp_shallowmodel: LogisticRegression(C=1, class_weight=None, dual=False, fit_intercept=True,
          intercept_scaling=1, max_iter=100, multi_class='ovr', n_jobs=1,
          penalty='l1', random_state=None, solver='liblinear', tol=0.0001,
          verbose=0, warm_start=False)
01/04/2018 17:34:27 [INFO] exp_shallowmodel: train time: 21.342s
01/04/2018 17:34:27 [INFO] exp_shallowmodel: test time:  0.010s
01/04/2018 17:34:27 [INFO] exp_shallowmodel: accuracy:   0.866
01/04/2018 17:34:27 [INFO] exp_shallowmodel: f1_score:   0.647
01/04/2018 17:34:27 [INFO] exp_shallowmodel: classification report:
01/04/2018 17:34:27 [INFO] exp_shallowmodel:              precision    recall  f1-score   support

          A       0.45      0.22      0.29        23
          C       0.61      0.70      0.66        27
          F       0.95      0.99      0.97       250
          R       0.69      0.65      0.67        52

avg / total       0.85      0.87      0.86       352

01/04/2018 17:34:27 [INFO] exp_shallowmodel: confusion matrix:
01/04/2018 17:34:27 [INFO] exp_shallowmodel: 
[[  5   5   6   7]
 [  2  19   0   6]
 [  1   0 247   2]
 [  3   7   8  34]]
01/04/2018 17:34:30 [INFO] exp_shallowmodel: ******************** family - Round 1 
01/04/2018 17:34:30 [INFO] exp_shallowmodel: #(data) = 2826
01/04/2018 17:34:30 [INFO] exp_shallowmodel: #(feature) = 22754
01/04/2018 17:34:30 [INFO] exp_shallowmodel: ================================================================================
01/04/2018 17:34:30 [INFO] exp_shallowmodel: LR.pen=l1.C=1.000000
01/04/2018 17:34:30 [INFO] exp_shallowmodel: ________________________________________________________________________________
01/04/2018 17:34:30 [INFO] exp_shallowmodel: Training: 
01/04/2018 17:34:30 [INFO] exp_shallowmodel: LogisticRegression(C=1, class_weight=None, dual=False, fit_intercept=True,
          intercept_scaling=1, max_iter=100, multi_class='ovr', n_jobs=1,
          penalty='l1', random_state=None, solver='liblinear', tol=0.0001,
          verbose=0, warm_start=False)
01/04/2018 17:34:50 [INFO] exp_shallowmodel: train time: 19.979s
01/04/2018 17:34:50 [INFO] exp_shallowmodel: test time:  0.010s
01/04/2018 17:34:50 [INFO] exp_shallowmodel: accuracy:   0.872
01/04/2018 17:34:50 [INFO] exp_shallowmodel: f1_score:   0.679
01/04/2018 17:34:50 [INFO] exp_shallowmodel: classification report:
01/04/2018 17:34:50 [INFO] exp_shallowmodel:              precision    recall  f1-score   support

          A       0.62      0.22      0.32        23
          C       0.71      0.81      0.76        27
          F       0.92      0.99      0.95       250
          R       0.76      0.62      0.68        52

avg / total       0.86      0.87      0.86       352

01/04/2018 17:34:50 [INFO] exp_shallowmodel: confusion matrix:
01/04/2018 17:34:50 [INFO] exp_shallowmodel: 
[[  5   3   8   7]
 [  1  22   2   2]
 [  1   0 248   1]
 [  1   6  13  32]]
01/04/2018 17:34:50 [INFO] exp_shallowmodel: Feature selection of top 100, ranked by LR weights (selectable:non-selectable=82:18)
01/04/2018 17:34:59 [INFO] exp_shallowmodel: %%%%%%%%%%%%%%%%%%%%%%%%%%%%%%%%%%%%%%%%%%%%%%%%%%
01/04/2018 17:34:59 [INFO] exp_shallowmodel:           dataset=ghome
01/04/2018 17:34:59 [INFO] exp_shallowmodel:           k_feature_to_keep=-1
01/04/2018 17:34:59 [INFO] exp_shallowmodel:           X_new.shape=(5241, 23056)
01/04/2018 17:34:59 [INFO] exp_shallowmodel:           #(X_selected)=22894
01/04/2018 17:34:59 [INFO] exp_shallowmodel:           #(X_not_selectable)=162
01/04/2018 17:34:59 [INFO] exp_shallowmodel: %%%%%%%%%%%%%%%%%%%%%%%%%%%%%%%%%%%%%%%%%%%%%%%%%%
01/04/2018 17:35:02 [INFO] exp_shallowmodel: ******************** ghome - Round 0 
01/04/2018 17:35:02 [INFO] exp_shallowmodel: #(data) = 4197
01/04/2018 17:35:02 [INFO] exp_shallowmodel: #(feature) = 23056
01/04/2018 17:35:02 [INFO] exp_shallowmodel: ================================================================================
01/04/2018 17:35:02 [INFO] exp_shallowmodel: LR.pen=l1.C=1.000000
01/04/2018 17:35:02 [INFO] exp_shallowmodel: ________________________________________________________________________________
01/04/2018 17:35:02 [INFO] exp_shallowmodel: Training: 
01/04/2018 17:35:02 [INFO] exp_shallowmodel: LogisticRegression(C=1, class_weight=None, dual=False, fit_intercept=True,
          intercept_scaling=1, max_iter=100, multi_class='ovr', n_jobs=1,
          penalty='l1', random_state=None, solver='liblinear', tol=0.0001,
          verbose=0, warm_start=False)
01/04/2018 17:35:38 [INFO] exp_shallowmodel: train time: 35.726s
01/04/2018 17:35:38 [INFO] exp_shallowmodel: test time:  0.015s
01/04/2018 17:35:38 [INFO] exp_shallowmodel: accuracy:   0.874
01/04/2018 17:35:38 [INFO] exp_shallowmodel: f1_score:   0.606
01/04/2018 17:35:38 [INFO] exp_shallowmodel: classification report:
01/04/2018 17:35:38 [INFO] exp_shallowmodel:              precision    recall  f1-score   support

          A       0.65      0.47      0.55        59
          C       0.50      0.17      0.25        12
          F       0.92      0.98      0.95       396
          R       0.69      0.65      0.67        55

avg / total       0.86      0.87      0.86       522

01/04/2018 17:35:38 [INFO] exp_shallowmodel: confusion matrix:
01/04/2018 17:35:38 [INFO] exp_shallowmodel: 
[[ 28   0  17  14]
 [  1   2   8   1]
 [  3   2 390   1]
 [ 11   0   8  36]]
01/04/2018 17:35:41 [INFO] exp_shallowmodel: ******************** ghome - Round 1 
01/04/2018 17:35:41 [INFO] exp_shallowmodel: #(data) = 4197
01/04/2018 17:35:41 [INFO] exp_shallowmodel: #(feature) = 23056
01/04/2018 17:35:41 [INFO] exp_shallowmodel: ================================================================================
01/04/2018 17:35:41 [INFO] exp_shallowmodel: LR.pen=l1.C=1.000000
01/04/2018 17:35:41 [INFO] exp_shallowmodel: ________________________________________________________________________________
01/04/2018 17:35:41 [INFO] exp_shallowmodel: Training: 
01/04/2018 17:35:41 [INFO] exp_shallowmodel: LogisticRegression(C=1, class_weight=None, dual=False, fit_intercept=True,
          intercept_scaling=1, max_iter=100, multi_class='ovr', n_jobs=1,
          penalty='l1', random_state=None, solver='liblinear', tol=0.0001,
          verbose=0, warm_start=False)
01/04/2018 17:36:13 [INFO] exp_shallowmodel: train time: 31.903s
01/04/2018 17:36:13 [INFO] exp_shallowmodel: test time:  0.015s
01/04/2018 17:36:13 [INFO] exp_shallowmodel: accuracy:   0.895
01/04/2018 17:36:13 [INFO] exp_shallowmodel: f1_score:   0.585
01/04/2018 17:36:13 [INFO] exp_shallowmodel: classification report:
01/04/2018 17:36:13 [INFO] exp_shallowmodel:              precision    recall  f1-score   support

          A       0.74      0.68      0.71        59
          C       0.00      0.00      0.00        12
          F       0.94      0.99      0.96       396
          R       0.70      0.64      0.67        55

avg / total       0.87      0.89      0.88       522

01/04/2018 17:36:13 [INFO] exp_shallowmodel: confusion matrix:
01/04/2018 17:36:13 [INFO] exp_shallowmodel: 
[[ 40   0   9  10]
 [  3   0   6   3]
 [  2   0 392   2]
 [  9   1  10  35]]
01/04/2018 17:36:14 [INFO] exp_shallowmodel: Feature selection of top 100, ranked by LR weights (selectable:non-selectable=87:13)
