01/06/2018 03:42:45 [INFO] configuration: experiment_mode  :   continuous_feature_selection
01/06/2018 03:42:45 [INFO] configuration: deep_model  :   False
01/06/2018 03:42:45 [INFO] configuration: selected_context_id  :   0
01/06/2018 03:42:45 [INFO] configuration: selected_feature_set_id  :   9
01/06/2018 03:42:45 [INFO] configuration: similarity_feature  :   True
01/06/2018 03:42:45 [INFO] configuration: k_feature_to_keep  :   8
01/06/2018 03:42:45 [INFO] configuration: k_component_for_pca  :   -1
01/06/2018 03:42:45 [INFO] configuration: seed  :   154316847
01/06/2018 03:42:45 [INFO] configuration: root_path  :   /ihome/pbrusilosky/rum20/y_classify
01/06/2018 03:42:45 [INFO] configuration: task_name  :   utterance_type
01/06/2018 03:42:45 [INFO] configuration: timemark  :   20180106-034245
01/06/2018 03:42:45 [INFO] configuration: context_set  :   next
01/06/2018 03:42:45 [INFO] configuration: utterance_names  :   ['last_user_utterance', 'last_system_utterance', 'current_user_utterance', 'next_system_utterance', 'next_user_utterance']
01/06/2018 03:42:45 [INFO] configuration: utterance_range  :   ['current_user_utterance', 'next_system_utterance', 'next_user_utterance']
01/06/2018 03:42:45 [INFO] configuration: feature_set  :   9-[2+1.3.4]
01/06/2018 03:42:45 [INFO] configuration: feature_set_number  :   ['1', '2', '3', '5', '6', '7', '4']
01/06/2018 03:42:45 [INFO] configuration: experiment_name  :   20180106-034245.continuous_feature_selection.pca_component=-1.feature_number=8.context=next.feature=9-[2+1.3.4].similarity=true
01/06/2018 03:42:45 [INFO] configuration: experiment_path  :   /ihome/pbrusilosky/rum20/y_classify/output/20180106-034245.continuous_feature_selection.pca_component=-1.feature_number=8.context=next.feature=9-[2+1.3.4].similarity=true
01/06/2018 03:42:45 [INFO] configuration: log_path  :   /ihome/pbrusilosky/rum20/y_classify/output/20180106-034245.continuous_feature_selection.pca_component=-1.feature_number=8.context=next.feature=9-[2+1.3.4].similarity=true/output.log
01/06/2018 03:42:45 [INFO] configuration: valid_type  :   {'A', 'C', 'R', 'F'}
01/06/2018 03:42:45 [INFO] configuration: data_name  :   
01/06/2018 03:42:45 [INFO] configuration: data_names  :   ['dstc2', 'dstc3', 'family', 'ghome']
01/06/2018 03:42:45 [INFO] configuration: raw_feature_path  :   /ihome/pbrusilosky/rum20/y_classify/dataset/feature/%s.raw_feature.pkl
01/06/2018 03:42:45 [INFO] configuration: extracted_feature_path  :   /ihome/pbrusilosky/rum20/y_classify/dataset/feature/%s.extracted_feature.pkl
01/06/2018 03:42:45 [INFO] configuration: pipeline_path  :   /ihome/pbrusilosky/rum20/y_classify/dataset/feature/%s.pipeline.pkl
01/06/2018 03:42:45 [INFO] configuration: metrics  :   ['accuracy', 'precision', 'recall', 'f1_score', 'training_time', 'test_time']
01/06/2018 03:42:45 [INFO] configuration: do_cross_validation  :   True
01/06/2018 03:42:45 [INFO] configuration: #division  :   5
01/06/2018 03:42:45 [INFO] configuration: #cross_validation  :   10
01/06/2018 03:42:45 [INFO] configuration: cv_index_cache_path  :   
01/06/2018 03:42:45 [INFO] configuration: action_words  :   {'else', 'remove', 'centr', 'telephone', 'watch', 'snooz', 'start', 'video', 'light', 'findcare', 'time', 'clear', 'member', 'address', 'delet', 'song', 'expensive', 'items', 'phone', 'volum', 'weather', 'north', 'delete', 'add', 'item', 'reminds', 'reminders', 'any', 'cheap', 'part', 'discard', 'remind', 'ani', 'post', 'tell', 'alarm', 'skip', 'price', 'room', 'list', 'centre', 'timer', 'stop', 'next', 'show', 'food', 'cast', 'shuffle', 'moderate', 'moder', 'south', 'els', 'matter', 'help', 'area', 'play', 'telephon', 'snooze', 'music', 'number', 'shuffl', 'temperature', 'expens', 'reminder', 'volume', 'share', 'turn', 'remov', 'temperatur', 'findcar'}
01/06/2018 03:42:45 [INFO] configuration: corenlp_jars  :   ('/Users/memray/Project/stanford/stanford-corenlp-full-3.8.0/*', '/Users/memray/Project/stanford/stanford-corenlp-full-3.8.0/stanford-english-kbp-corenlp-2017-06-09-models.jar')
01/06/2018 03:42:45 [INFO] configuration: lda_topic_number  :   50
01/06/2018 03:42:45 [INFO] configuration: lda_path  :   /ihome/pbrusilosky/rum20/y_classify/dataset/feature/gensim/%s.topic=50.lda.pkl
01/06/2018 03:42:45 [INFO] configuration: gensim_corpus_path  :   /ihome/pbrusilosky/rum20/y_classify/dataset/feature/gensim/%s.corpus.pkl
01/06/2018 03:42:45 [INFO] configuration: gensim_dict_path  :   /ihome/pbrusilosky/rum20/y_classify/dataset/feature/gensim/%s.dict
01/06/2018 03:42:45 [INFO] configuration: w2v_path  :   /home/memray/Data/glove/GoogleNews-vectors-negative300.bin
01/06/2018 03:42:45 [INFO] configuration: w2v_vector_length  :   300
01/06/2018 03:42:45 [INFO] configuration: d2v_vector_length  :   300
01/06/2018 03:42:45 [INFO] configuration: d2v_window_size  :   5
01/06/2018 03:42:45 [INFO] configuration: d2v_min_count  :   2
01/06/2018 03:42:45 [INFO] configuration: d2v_model_path  :   /ihome/pbrusilosky/rum20/y_classify/dataset/feature/gensim/%s.doc2vec.dim=300.window=5.min_count=2.model
01/06/2018 03:42:45 [INFO] configuration: d2v_vector_path  :   /ihome/pbrusilosky/rum20/y_classify/dataset/feature/gensim/%s.doc2vec.dim=300.window=5.min_count=2.vector
01/06/2018 03:42:45 [INFO] configuration: num_word_keep  :   {'dstc2': 300, 'dstc3': 300, 'family': 1000, 'ghome': 1000}
01/06/2018 03:42:45 [INFO] configuration: batch_size  :   128
01/06/2018 03:42:45 [INFO] configuration: max_epoch  :   50
01/06/2018 03:42:45 [INFO] configuration: early_stop_tolerance  :   2
01/06/2018 03:42:45 [INFO] configuration: concat_sents  :   False
01/06/2018 03:42:45 [INFO] configuration: cnn_setting  :   {'model': 'multichannel', 'early_stopping': True, 'word_dim': 300, 'filters': [3, 4, 5], 'filter_num': [100, 100, 100], 'class_size': 4, 'batch_size': 128, 'learning_rate': 0.001, 'norm_limit': 10, 'dropout_prob': 0.0, 'sentence_num': 3}
01/06/2018 03:42:45 [INFO] configuration: skipthought_setting  :   {'skipthought_model_path': '/Users/memray/Data/skip-thought', 'skipthought_data_path': '/ihome/pbrusilosky/rum20/y_classify/dataset/feature/gensim/%s.skip-thought.biskip.vector', 'fixed_emb': True, 'sentence_num': 3, 'hidden_size': 2400, 'class_size': 4, 'learning_rate': 0.0001, 'norm_limit': 3, 'dropout_prob': 0.5}
01/06/2018 03:42:45 [INFO] configuration: lstm_setting  :   {'model': 'non-static', 'hidden_size': 32, 'embedding_size': 300, 'num_layers': 1, 'bidirectional': False, 'learning_rate': 0.001, 'class_size': 4, 'norm_limit': 2, 'clip_grad_norm': 2, 'dropout_prob': 0.1}
