01/29/2018 20:20:41 [INFO] configuration: experiment_mode  :   continuous_feature_selection
01/29/2018 20:20:41 [INFO] configuration: deep_model  :   False
01/29/2018 20:20:41 [INFO] configuration: selected_context_id  :   0
01/29/2018 20:20:41 [INFO] configuration: selected_feature_set_id  :   8
01/29/2018 20:20:41 [INFO] configuration: similarity_feature  :   True
01/29/2018 20:20:41 [INFO] configuration: k_feature_to_keep  :   -1
01/29/2018 20:20:41 [INFO] configuration: k_component_for_pca  :   3
01/29/2018 20:20:41 [INFO] configuration: seed  :   154316847
01/29/2018 20:20:41 [INFO] configuration: root_path  :   /ihome/pbrusilosky/rum20/y_classify
01/29/2018 20:20:41 [INFO] configuration: task_name  :   utterance_type
01/29/2018 20:20:41 [INFO] configuration: timemark  :   20180129-202041
01/29/2018 20:20:41 [INFO] configuration: context_set  :   next
01/29/2018 20:20:41 [INFO] configuration: utterance_names  :   ['last_user_utterance', 'last_system_utterance', 'current_user_utterance', 'next_system_utterance', 'next_user_utterance']
01/29/2018 20:20:41 [INFO] configuration: utterance_range  :   ['current_user_utterance', 'next_system_utterance', 'next_user_utterance']
01/29/2018 20:20:41 [INFO] configuration: feature_set  :   8-skipthought
01/29/2018 20:20:41 [INFO] configuration: feature_set_number  :   ['11']
01/29/2018 20:20:41 [INFO] configuration: experiment_name  :   20180129-202041.continuous_feature_selection.pca_component=3.feature_number=-1.context=next.feature=8-skipthought.similarity=true
01/29/2018 20:20:41 [INFO] configuration: experiment_path  :   /ihome/pbrusilosky/rum20/y_classify/output/20180129-202041.continuous_feature_selection.pca_component=3.feature_number=-1.context=next.feature=8-skipthought.similarity=true
01/29/2018 20:20:41 [INFO] configuration: log_path  :   /ihome/pbrusilosky/rum20/y_classify/output/20180129-202041.continuous_feature_selection.pca_component=3.feature_number=-1.context=next.feature=8-skipthought.similarity=true/output.log
01/29/2018 20:20:41 [INFO] configuration: valid_type  :   {'R', 'F', 'C', 'A'}
01/29/2018 20:20:41 [INFO] configuration: data_name  :   
01/29/2018 20:20:41 [INFO] configuration: data_names  :   ['dstc2', 'dstc3', 'family', 'ghome']
01/29/2018 20:20:41 [INFO] configuration: raw_feature_path  :   /ihome/pbrusilosky/rum20/y_classify/dataset/feature/%s.raw_feature.pkl
01/29/2018 20:20:41 [INFO] configuration: extracted_feature_path  :   /ihome/pbrusilosky/rum20/y_classify/dataset/feature/%s.extracted_feature.pkl
01/29/2018 20:20:41 [INFO] configuration: pipeline_path  :   /ihome/pbrusilosky/rum20/y_classify/dataset/feature/%s.pipeline.pkl
01/29/2018 20:20:41 [INFO] configuration: metrics  :   ['accuracy', 'precision', 'recall', 'f1_score', 'training_time', 'test_time']
01/29/2018 20:20:41 [INFO] configuration: do_cross_validation  :   True
01/29/2018 20:20:41 [INFO] configuration: #division  :   5
01/29/2018 20:20:41 [INFO] configuration: #cross_validation  :   10
01/29/2018 20:20:41 [INFO] configuration: cv_index_cache_path  :   
01/29/2018 20:20:41 [INFO] configuration: action_words  :   {'ani', 'number', 'room', 'centr', 'volum', 'volume', 'north', 'next', 'moderate', 'address', 'snooz', 'song', 'shuffl', 'alarm', 'start', 'expens', 'discard', 'post', 'reminders', 'watch', 'clear', 'member', 'shuffle', 'add', 'music', 'any', 'price', 'light', 'tell', 'south', 'cast', 'else', 'time', 'remove', 'video', 'remov', 'items', 'show', 'findcare', 'skip', 'play', 'stop', 'weather', 'matter', 'turn', 'food', 'list', 'delet', 'temperatur', 'telephon', 'phone', 'moder', 'telephone', 'item', 'delete', 'help', 'timer', 'els', 'part', 'reminds', 'snooze', 'remind', 'cheap', 'findcar', 'expensive', 'share', 'centre', 'area', 'reminder', 'temperature'}
01/29/2018 20:20:41 [INFO] configuration: corenlp_jars  :   ('/Users/memray/Project/stanford/stanford-corenlp-full-3.8.0/*', '/Users/memray/Project/stanford/stanford-corenlp-full-3.8.0/stanford-english-kbp-corenlp-2017-06-09-models.jar')
01/29/2018 20:20:41 [INFO] configuration: lda_topic_number  :   50
01/29/2018 20:20:41 [INFO] configuration: lda_path  :   /ihome/pbrusilosky/rum20/y_classify/dataset/feature/gensim/%s.topic=50.lda.pkl
01/29/2018 20:20:41 [INFO] configuration: gensim_corpus_path  :   /ihome/pbrusilosky/rum20/y_classify/dataset/feature/gensim/%s.corpus.pkl
01/29/2018 20:20:41 [INFO] configuration: gensim_dict_path  :   /ihome/pbrusilosky/rum20/y_classify/dataset/feature/gensim/%s.dict
01/29/2018 20:20:41 [INFO] configuration: w2v_path  :   /home/memray/Data/glove/GoogleNews-vectors-negative300.bin
01/29/2018 20:20:41 [INFO] configuration: w2v_vector_length  :   300
01/29/2018 20:20:41 [INFO] configuration: d2v_vector_length  :   300
01/29/2018 20:20:41 [INFO] configuration: d2v_window_size  :   5
01/29/2018 20:20:41 [INFO] configuration: d2v_min_count  :   2
01/29/2018 20:20:41 [INFO] configuration: d2v_model_path  :   /ihome/pbrusilosky/rum20/y_classify/dataset/feature/gensim/%s.doc2vec.dim=300.window=5.min_count=2.model
01/29/2018 20:20:41 [INFO] configuration: d2v_vector_path  :   /ihome/pbrusilosky/rum20/y_classify/dataset/feature/gensim/%s.doc2vec.dim=300.window=5.min_count=2.vector
01/29/2018 20:20:41 [INFO] configuration: num_word_keep  :   {'dstc2': 300, 'dstc3': 300, 'family': 1000, 'ghome': 1000}
01/29/2018 20:20:41 [INFO] configuration: batch_size  :   128
01/29/2018 20:20:41 [INFO] configuration: max_epoch  :   50
01/29/2018 20:20:41 [INFO] configuration: early_stop_tolerance  :   2
01/29/2018 20:20:41 [INFO] configuration: concat_sents  :   False
01/29/2018 20:20:41 [INFO] configuration: cnn_setting  :   {'model': 'multichannel', 'early_stopping': True, 'word_dim': 300, 'filters': [3, 4, 5], 'filter_num': [100, 100, 100], 'class_size': 4, 'batch_size': 128, 'learning_rate': 0.001, 'norm_limit': 10, 'dropout_prob': 0.0, 'sentence_num': 3}
01/29/2018 20:20:41 [INFO] configuration: skipthought_setting  :   {'skipthought_model_path': '/Users/memray/Data/skip-thought', 'skipthought_data_path': '/ihome/pbrusilosky/rum20/y_classify/dataset/feature/gensim/%s.skip-thought.biskip.vector', 'fixed_emb': True, 'sentence_num': 3, 'hidden_size': 2400, 'class_size': 4, 'learning_rate': 0.0001, 'norm_limit': 3, 'dropout_prob': 0.5}
01/29/2018 20:20:41 [INFO] configuration: lstm_setting  :   {'model': 'non-static', 'hidden_size': 32, 'embedding_size': 300, 'num_layers': 1, 'bidirectional': False, 'learning_rate': 0.001, 'class_size': 4, 'norm_limit': 2, 'clip_grad_norm': 2, 'dropout_prob': 0.1}
01/29/2018 20:23:37 [INFO] exp_shallowmodel: %%%%%%%%%%%%%%%%%%%%%%%%%%%%%%%%%%%%%%%%%%%%%%%%%%
01/29/2018 20:23:37 [INFO] exp_shallowmodel:           dataset=dstc2
01/29/2018 20:23:37 [INFO] exp_shallowmodel:           X_new.shape=(5725, 9)
01/29/2018 20:23:37 [INFO] exp_shallowmodel:           #(discrete_feature)=0
01/29/2018 20:23:37 [INFO] exp_shallowmodel:           #(continuous_feature)=8
01/29/2018 20:23:37 [INFO] exp_shallowmodel:           #(similarity_feature)=1
01/29/2018 20:23:37 [INFO] exp_shallowmodel: %%%%%%%%%%%%%%%%%%%%%%%%%%%%%%%%%%%%%%%%%%%%%%%%%%
01/29/2018 20:23:37 [INFO] exp_shallowmodel: ******************** dstc2 - Round 0 
01/29/2018 20:23:37 [INFO] exp_shallowmodel: #(data) = 4583
01/29/2018 20:23:37 [INFO] exp_shallowmodel: #(feature) = 9
01/29/2018 20:23:37 [INFO] exp_shallowmodel: ================================================================================
01/29/2018 20:23:37 [INFO] exp_shallowmodel: LR.pen=l1.C=1.000000
01/29/2018 20:23:37 [INFO] exp_shallowmodel: ________________________________________________________________________________
01/29/2018 20:23:37 [INFO] exp_shallowmodel: Training: 
01/29/2018 20:23:37 [INFO] exp_shallowmodel: LogisticRegression(C=1, class_weight=None, dual=False, fit_intercept=True,
          intercept_scaling=1, max_iter=100, multi_class='ovr', n_jobs=1,
          penalty='l1', random_state=None, solver='liblinear', tol=0.0001,
          verbose=0, warm_start=False)
01/29/2018 20:23:37 [INFO] exp_shallowmodel: train time: 0.030s
01/29/2018 20:23:37 [INFO] exp_shallowmodel: test time:  0.000s
01/29/2018 20:23:37 [INFO] exp_shallowmodel: accuracy:   0.744
01/29/2018 20:23:37 [INFO] exp_shallowmodel: f1_score:   0.529
01/29/2018 20:23:37 [INFO] exp_shallowmodel: classification report:
01/29/2018 20:23:37 [INFO] exp_shallowmodel:              precision    recall  f1-score   support

          A       0.00      0.00      0.00        14
          C       0.74      0.73      0.73       164
          F       0.78      0.92      0.85       268
          R       0.63      0.47      0.54       125

avg / total       0.72      0.74      0.73       571

01/29/2018 20:23:37 [INFO] exp_shallowmodel: confusion matrix:
01/29/2018 20:23:37 [INFO] exp_shallowmodel: 
[[  0   2  11   1]
 [  0 119  21  24]
 [  0  11 247  10]
 [  0  29  37  59]]
01/29/2018 20:23:37 [INFO] exp_shallowmodel: ******************** dstc2 - Round 1 
01/29/2018 20:23:37 [INFO] exp_shallowmodel: #(data) = 4583
01/29/2018 20:23:37 [INFO] exp_shallowmodel: #(feature) = 9
01/29/2018 20:23:37 [INFO] exp_shallowmodel: ================================================================================
01/29/2018 20:23:37 [INFO] exp_shallowmodel: LR.pen=l1.C=1.000000
01/29/2018 20:23:37 [INFO] exp_shallowmodel: ________________________________________________________________________________
01/29/2018 20:23:37 [INFO] exp_shallowmodel: Training: 
01/29/2018 20:23:37 [INFO] exp_shallowmodel: LogisticRegression(C=1, class_weight=None, dual=False, fit_intercept=True,
          intercept_scaling=1, max_iter=100, multi_class='ovr', n_jobs=1,
          penalty='l1', random_state=None, solver='liblinear', tol=0.0001,
          verbose=0, warm_start=False)
01/29/2018 20:23:37 [INFO] exp_shallowmodel: train time: 0.030s
01/29/2018 20:23:37 [INFO] exp_shallowmodel: test time:  0.000s
01/29/2018 20:23:37 [INFO] exp_shallowmodel: accuracy:   0.697
01/29/2018 20:23:37 [INFO] exp_shallowmodel: f1_score:   0.484
01/29/2018 20:23:37 [INFO] exp_shallowmodel: classification report:
01/29/2018 20:23:37 [INFO] exp_shallowmodel:              precision    recall  f1-score   support

          A       0.00      0.00      0.00        14
          C       0.66      0.62      0.64       164
          F       0.75      0.92      0.82       268
          R       0.57      0.40      0.47       125

avg / total       0.67      0.70      0.67       571

01/29/2018 20:23:37 [INFO] exp_shallowmodel: confusion matrix:
01/29/2018 20:23:37 [INFO] exp_shallowmodel: 
[[  0   3  10   1]
 [  0 102  34  28]
 [  0  13 246   9]
 [  0  36  39  50]]
01/29/2018 20:23:37 [INFO] exp_shallowmodel: ******************** dstc2 - Round 2 
01/29/2018 20:23:37 [INFO] exp_shallowmodel: #(data) = 4583
01/29/2018 20:23:37 [INFO] exp_shallowmodel: #(feature) = 9
01/29/2018 20:23:37 [INFO] exp_shallowmodel: ================================================================================
01/29/2018 20:23:37 [INFO] exp_shallowmodel: LR.pen=l1.C=1.000000
01/29/2018 20:23:37 [INFO] exp_shallowmodel: ________________________________________________________________________________
01/29/2018 20:23:37 [INFO] exp_shallowmodel: Training: 
01/29/2018 20:23:37 [INFO] exp_shallowmodel: LogisticRegression(C=1, class_weight=None, dual=False, fit_intercept=True,
          intercept_scaling=1, max_iter=100, multi_class='ovr', n_jobs=1,
          penalty='l1', random_state=None, solver='liblinear', tol=0.0001,
          verbose=0, warm_start=False)
01/29/2018 20:23:37 [INFO] exp_shallowmodel: train time: 0.029s
01/29/2018 20:23:37 [INFO] exp_shallowmodel: test time:  0.000s
01/29/2018 20:23:37 [INFO] exp_shallowmodel: accuracy:   0.729
01/29/2018 20:23:37 [INFO] exp_shallowmodel: f1_score:   0.518
01/29/2018 20:23:37 [INFO] exp_shallowmodel: classification report:
01/29/2018 20:23:37 [INFO] exp_shallowmodel:              precision    recall  f1-score   support

          A       0.00      0.00      0.00        14
          C       0.70      0.65      0.68       164
          F       0.76      0.93      0.84       268
          R       0.66      0.49      0.56       125

avg / total       0.70      0.73      0.71       571

01/29/2018 20:23:37 [INFO] exp_shallowmodel: confusion matrix:
01/29/2018 20:23:37 [INFO] exp_shallowmodel: 
[[  0   2  10   2]
 [  0 107  37  20]
 [  0  10 248  10]
 [  0  33  31  61]]
01/29/2018 20:23:37 [INFO] exp_shallowmodel: ******************** dstc2 - Round 3 
01/29/2018 20:23:37 [INFO] exp_shallowmodel: #(data) = 4583
01/29/2018 20:23:37 [INFO] exp_shallowmodel: #(feature) = 9
01/29/2018 20:23:37 [INFO] exp_shallowmodel: ================================================================================
01/29/2018 20:23:37 [INFO] exp_shallowmodel: LR.pen=l1.C=1.000000
01/29/2018 20:23:37 [INFO] exp_shallowmodel: ________________________________________________________________________________
01/29/2018 20:23:37 [INFO] exp_shallowmodel: Training: 
01/29/2018 20:23:37 [INFO] exp_shallowmodel: LogisticRegression(C=1, class_weight=None, dual=False, fit_intercept=True,
          intercept_scaling=1, max_iter=100, multi_class='ovr', n_jobs=1,
          penalty='l1', random_state=None, solver='liblinear', tol=0.0001,
          verbose=0, warm_start=False)
01/29/2018 20:23:37 [INFO] exp_shallowmodel: train time: 0.029s
01/29/2018 20:23:37 [INFO] exp_shallowmodel: test time:  0.000s
01/29/2018 20:23:37 [INFO] exp_shallowmodel: accuracy:   0.718
01/29/2018 20:23:37 [INFO] exp_shallowmodel: f1_score:   0.506
01/29/2018 20:23:37 [INFO] exp_shallowmodel: classification report:
01/29/2018 20:23:37 [INFO] exp_shallowmodel:              precision    recall  f1-score   support

          A       0.00      0.00      0.00        14
          C       0.67      0.70      0.68       164
          F       0.77      0.90      0.83       268
          R       0.63      0.43      0.51       125

avg / total       0.69      0.72      0.70       571

01/29/2018 20:23:37 [INFO] exp_shallowmodel: confusion matrix:
01/29/2018 20:23:37 [INFO] exp_shallowmodel: 
[[  0   3  11   0]
 [  0 115  27  22]
 [  0  17 241  10]
 [  0  37  34  54]]
01/29/2018 20:23:37 [INFO] exp_shallowmodel: ******************** dstc2 - Round 4 
01/29/2018 20:23:37 [INFO] exp_shallowmodel: #(data) = 4583
01/29/2018 20:23:37 [INFO] exp_shallowmodel: #(feature) = 9
01/29/2018 20:23:37 [INFO] exp_shallowmodel: ================================================================================
01/29/2018 20:23:37 [INFO] exp_shallowmodel: LR.pen=l1.C=1.000000
01/29/2018 20:23:37 [INFO] exp_shallowmodel: ________________________________________________________________________________
01/29/2018 20:23:37 [INFO] exp_shallowmodel: Training: 
01/29/2018 20:23:37 [INFO] exp_shallowmodel: LogisticRegression(C=1, class_weight=None, dual=False, fit_intercept=True,
          intercept_scaling=1, max_iter=100, multi_class='ovr', n_jobs=1,
          penalty='l1', random_state=None, solver='liblinear', tol=0.0001,
          verbose=0, warm_start=False)
01/29/2018 20:23:37 [INFO] exp_shallowmodel: train time: 0.029s
01/29/2018 20:23:37 [INFO] exp_shallowmodel: test time:  0.000s
01/29/2018 20:23:37 [INFO] exp_shallowmodel: accuracy:   0.722
01/29/2018 20:23:37 [INFO] exp_shallowmodel: f1_score:   0.507
01/29/2018 20:23:37 [INFO] exp_shallowmodel: classification report:
01/29/2018 20:23:37 [INFO] exp_shallowmodel:              precision    recall  f1-score   support

          A       0.00      0.00      0.00        14
          C       0.71      0.70      0.71       164
          F       0.75      0.92      0.83       268
          R       0.63      0.41      0.50       125

avg / total       0.69      0.72      0.70       571

01/29/2018 20:23:37 [INFO] exp_shallowmodel: confusion matrix:
01/29/2018 20:23:37 [INFO] exp_shallowmodel: 
[[  0   1  12   1]
 [  0 115  32  17]
 [  0  10 246  12]
 [  0  36  38  51]]
01/29/2018 20:23:37 [INFO] exp_shallowmodel: ******************** dstc2 - Round 5 
01/29/2018 20:23:37 [INFO] exp_shallowmodel: #(data) = 4583
01/29/2018 20:23:37 [INFO] exp_shallowmodel: #(feature) = 9
01/29/2018 20:23:37 [INFO] exp_shallowmodel: ================================================================================
01/29/2018 20:23:37 [INFO] exp_shallowmodel: LR.pen=l1.C=1.000000
01/29/2018 20:23:37 [INFO] exp_shallowmodel: ________________________________________________________________________________
01/29/2018 20:23:37 [INFO] exp_shallowmodel: Training: 
01/29/2018 20:23:37 [INFO] exp_shallowmodel: LogisticRegression(C=1, class_weight=None, dual=False, fit_intercept=True,
          intercept_scaling=1, max_iter=100, multi_class='ovr', n_jobs=1,
          penalty='l1', random_state=None, solver='liblinear', tol=0.0001,
          verbose=0, warm_start=False)
01/29/2018 20:23:37 [INFO] exp_shallowmodel: train time: 0.029s
01/29/2018 20:23:37 [INFO] exp_shallowmodel: test time:  0.000s
01/29/2018 20:23:37 [INFO] exp_shallowmodel: accuracy:   0.736
01/29/2018 20:23:37 [INFO] exp_shallowmodel: f1_score:   0.524
01/29/2018 20:23:37 [INFO] exp_shallowmodel: classification report:
01/29/2018 20:23:37 [INFO] exp_shallowmodel:              precision    recall  f1-score   support

          A       0.00      0.00      0.00        14
          C       0.70      0.71      0.71       164
          F       0.77      0.91      0.83       268
          R       0.68      0.47      0.56       125

avg / total       0.71      0.74      0.72       571

01/29/2018 20:23:37 [INFO] exp_shallowmodel: confusion matrix:
01/29/2018 20:23:37 [INFO] exp_shallowmodel: 
[[  0   4   9   1]
 [  0 117  32  15]
 [  0  12 244  12]
 [  0  34  32  59]]
01/29/2018 20:23:37 [INFO] exp_shallowmodel: ******************** dstc2 - Round 6 
01/29/2018 20:23:37 [INFO] exp_shallowmodel: #(data) = 4583
01/29/2018 20:23:37 [INFO] exp_shallowmodel: #(feature) = 9
01/29/2018 20:23:37 [INFO] exp_shallowmodel: ================================================================================
01/29/2018 20:23:37 [INFO] exp_shallowmodel: LR.pen=l1.C=1.000000
01/29/2018 20:23:37 [INFO] exp_shallowmodel: ________________________________________________________________________________
01/29/2018 20:23:37 [INFO] exp_shallowmodel: Training: 
01/29/2018 20:23:37 [INFO] exp_shallowmodel: LogisticRegression(C=1, class_weight=None, dual=False, fit_intercept=True,
          intercept_scaling=1, max_iter=100, multi_class='ovr', n_jobs=1,
          penalty='l1', random_state=None, solver='liblinear', tol=0.0001,
          verbose=0, warm_start=False)
01/29/2018 20:23:37 [INFO] exp_shallowmodel: train time: 0.029s
01/29/2018 20:23:37 [INFO] exp_shallowmodel: test time:  0.000s
01/29/2018 20:23:37 [INFO] exp_shallowmodel: accuracy:   0.737
01/29/2018 20:23:37 [INFO] exp_shallowmodel: f1_score:   0.515
01/29/2018 20:23:37 [INFO] exp_shallowmodel: classification report:
01/29/2018 20:23:37 [INFO] exp_shallowmodel:              precision    recall  f1-score   support

          A       0.00      0.00      0.00        14
          C       0.75      0.71      0.73       164
          F       0.77      0.94      0.85       268
          R       0.59      0.41      0.48       125

avg / total       0.71      0.74      0.71       571

01/29/2018 20:23:37 [INFO] exp_shallowmodel: confusion matrix:
01/29/2018 20:23:37 [INFO] exp_shallowmodel: 
[[  0   1  11   2]
 [  0 117  25  22]
 [  0   3 253  12]
 [  0  35  39  51]]
01/29/2018 20:23:37 [INFO] exp_shallowmodel: ******************** dstc2 - Round 7 
01/29/2018 20:23:37 [INFO] exp_shallowmodel: #(data) = 4583
01/29/2018 20:23:37 [INFO] exp_shallowmodel: #(feature) = 9
01/29/2018 20:23:37 [INFO] exp_shallowmodel: ================================================================================
01/29/2018 20:23:37 [INFO] exp_shallowmodel: LR.pen=l1.C=1.000000
01/29/2018 20:23:37 [INFO] exp_shallowmodel: ________________________________________________________________________________
01/29/2018 20:23:37 [INFO] exp_shallowmodel: Training: 
01/29/2018 20:23:37 [INFO] exp_shallowmodel: LogisticRegression(C=1, class_weight=None, dual=False, fit_intercept=True,
          intercept_scaling=1, max_iter=100, multi_class='ovr', n_jobs=1,
          penalty='l1', random_state=None, solver='liblinear', tol=0.0001,
          verbose=0, warm_start=False)
01/29/2018 20:23:37 [INFO] exp_shallowmodel: train time: 0.030s
01/29/2018 20:23:37 [INFO] exp_shallowmodel: test time:  0.000s
01/29/2018 20:23:37 [INFO] exp_shallowmodel: accuracy:   0.697
01/29/2018 20:23:37 [INFO] exp_shallowmodel: f1_score:   0.491
01/29/2018 20:23:37 [INFO] exp_shallowmodel: classification report:
01/29/2018 20:23:37 [INFO] exp_shallowmodel:              precision    recall  f1-score   support

          A       0.00      0.00      0.00        14
          C       0.62      0.60      0.61       164
          F       0.75      0.90      0.82       268
          R       0.65      0.46      0.54       125

avg / total       0.67      0.70      0.68       571

01/29/2018 20:23:37 [INFO] exp_shallowmodel: confusion matrix:
01/29/2018 20:23:37 [INFO] exp_shallowmodel: 
[[  0   4   9   1]
 [  0  99  43  22]
 [  0  18 242   8]
 [  0  38  30  57]]
01/29/2018 20:23:37 [INFO] exp_shallowmodel: ******************** dstc2 - Round 8 
01/29/2018 20:23:37 [INFO] exp_shallowmodel: #(data) = 4583
01/29/2018 20:23:37 [INFO] exp_shallowmodel: #(feature) = 9
01/29/2018 20:23:37 [INFO] exp_shallowmodel: ================================================================================
01/29/2018 20:23:37 [INFO] exp_shallowmodel: LR.pen=l1.C=1.000000
01/29/2018 20:23:37 [INFO] exp_shallowmodel: ________________________________________________________________________________
01/29/2018 20:23:37 [INFO] exp_shallowmodel: Training: 
01/29/2018 20:23:37 [INFO] exp_shallowmodel: LogisticRegression(C=1, class_weight=None, dual=False, fit_intercept=True,
          intercept_scaling=1, max_iter=100, multi_class='ovr', n_jobs=1,
          penalty='l1', random_state=None, solver='liblinear', tol=0.0001,
          verbose=0, warm_start=False)
01/29/2018 20:23:37 [INFO] exp_shallowmodel: train time: 0.029s
01/29/2018 20:23:37 [INFO] exp_shallowmodel: test time:  0.000s
01/29/2018 20:23:37 [INFO] exp_shallowmodel: accuracy:   0.716
01/29/2018 20:23:37 [INFO] exp_shallowmodel: f1_score:   0.503
01/29/2018 20:23:37 [INFO] exp_shallowmodel: classification report:
01/29/2018 20:23:37 [INFO] exp_shallowmodel:              precision    recall  f1-score   support

          A       0.00      0.00      0.00        14
          C       0.67      0.63      0.65       164
          F       0.76      0.93      0.84       268
          R       0.62      0.45      0.52       125

avg / total       0.69      0.72      0.69       571

01/29/2018 20:23:37 [INFO] exp_shallowmodel: confusion matrix:
01/29/2018 20:23:37 [INFO] exp_shallowmodel: 
[[  0   2  12   0]
 [  0 104  33  27]
 [  0  12 249   7]
 [  0  37  32  56]]
01/29/2018 20:23:37 [INFO] exp_shallowmodel: ******************** dstc2 - Round 9 
01/29/2018 20:23:37 [INFO] exp_shallowmodel: #(data) = 4568
01/29/2018 20:23:37 [INFO] exp_shallowmodel: #(feature) = 9
01/29/2018 20:23:37 [INFO] exp_shallowmodel: ================================================================================
01/29/2018 20:23:37 [INFO] exp_shallowmodel: LR.pen=l1.C=1.000000
01/29/2018 20:23:37 [INFO] exp_shallowmodel: ________________________________________________________________________________
01/29/2018 20:23:37 [INFO] exp_shallowmodel: Training: 
01/29/2018 20:23:37 [INFO] exp_shallowmodel: LogisticRegression(C=1, class_weight=None, dual=False, fit_intercept=True,
          intercept_scaling=1, max_iter=100, multi_class='ovr', n_jobs=1,
          penalty='l1', random_state=None, solver='liblinear', tol=0.0001,
          verbose=0, warm_start=False)
01/29/2018 20:23:37 [INFO] exp_shallowmodel: train time: 0.028s
01/29/2018 20:23:37 [INFO] exp_shallowmodel: test time:  0.000s
01/29/2018 20:23:37 [INFO] exp_shallowmodel: accuracy:   0.650
01/29/2018 20:23:37 [INFO] exp_shallowmodel: f1_score:   0.442
01/29/2018 20:23:37 [INFO] exp_shallowmodel: classification report:
01/29/2018 20:23:37 [INFO] exp_shallowmodel:              precision    recall  f1-score   support

          A       0.00      0.00      0.00        16
          C       0.57      0.58      0.58       169
          F       0.73      0.89      0.80       271
          R       0.49      0.32      0.39       130

avg / total       0.61      0.65      0.62       586

01/29/2018 20:23:37 [INFO] exp_shallowmodel: confusion matrix:
01/29/2018 20:23:37 [INFO] exp_shallowmodel: 
[[  0   6   9   1]
 [  0  98  39  32]
 [  0  19 241  11]
 [  0  48  40  42]]
01/29/2018 20:23:37 [INFO] exp_shallowmodel: ******************** dstc2 - Round 10 
01/29/2018 20:23:37 [INFO] exp_shallowmodel: #(data) = 4583
01/29/2018 20:23:37 [INFO] exp_shallowmodel: #(feature) = 9
01/29/2018 20:23:37 [INFO] exp_shallowmodel: ================================================================================
01/29/2018 20:23:37 [INFO] exp_shallowmodel: LR.pen=l1.C=1.000000
01/29/2018 20:23:37 [INFO] exp_shallowmodel: ________________________________________________________________________________
01/29/2018 20:23:37 [INFO] exp_shallowmodel: Training: 
01/29/2018 20:23:37 [INFO] exp_shallowmodel: LogisticRegression(C=1, class_weight=None, dual=False, fit_intercept=True,
          intercept_scaling=1, max_iter=100, multi_class='ovr', n_jobs=1,
          penalty='l1', random_state=None, solver='liblinear', tol=0.0001,
          verbose=0, warm_start=False)
01/29/2018 20:23:37 [INFO] exp_shallowmodel: train time: 0.029s
01/29/2018 20:23:37 [INFO] exp_shallowmodel: test time:  0.000s
01/29/2018 20:23:37 [INFO] exp_shallowmodel: accuracy:   0.706
01/29/2018 20:23:37 [INFO] exp_shallowmodel: f1_score:   0.495
01/29/2018 20:23:37 [INFO] exp_shallowmodel: classification report:
01/29/2018 20:23:37 [INFO] exp_shallowmodel:              precision    recall  f1-score   support

          A       0.00      0.00      0.00        14
          C       0.66      0.68      0.67       164
          F       0.77      0.90      0.83       268
          R       0.58      0.42      0.48       125

avg / total       0.68      0.71      0.69       571

01/29/2018 20:23:37 [INFO] exp_shallowmodel: confusion matrix:
01/29/2018 20:23:37 [INFO] exp_shallowmodel: 
[[  0   1  13   0]
 [  0 111  28  25]
 [  0  15 240  13]
 [  0  41  32  52]]
01/29/2018 20:23:37 [INFO] exp_shallowmodel: ******************** dstc2 - Round 11 
01/29/2018 20:23:37 [INFO] exp_shallowmodel: #(data) = 4583
01/29/2018 20:23:37 [INFO] exp_shallowmodel: #(feature) = 9
01/29/2018 20:23:37 [INFO] exp_shallowmodel: ================================================================================
01/29/2018 20:23:37 [INFO] exp_shallowmodel: LR.pen=l1.C=1.000000
01/29/2018 20:23:37 [INFO] exp_shallowmodel: ________________________________________________________________________________
01/29/2018 20:23:37 [INFO] exp_shallowmodel: Training: 
01/29/2018 20:23:37 [INFO] exp_shallowmodel: LogisticRegression(C=1, class_weight=None, dual=False, fit_intercept=True,
          intercept_scaling=1, max_iter=100, multi_class='ovr', n_jobs=1,
          penalty='l1', random_state=None, solver='liblinear', tol=0.0001,
          verbose=0, warm_start=False)
01/29/2018 20:23:37 [INFO] exp_shallowmodel: train time: 0.029s
01/29/2018 20:23:37 [INFO] exp_shallowmodel: test time:  0.000s
01/29/2018 20:23:37 [INFO] exp_shallowmodel: accuracy:   0.730
01/29/2018 20:23:37 [INFO] exp_shallowmodel: f1_score:   0.516
01/29/2018 20:23:37 [INFO] exp_shallowmodel: classification report:
01/29/2018 20:23:37 [INFO] exp_shallowmodel:              precision    recall  f1-score   support

          A       0.00      0.00      0.00        14
          C       0.68      0.65      0.66       164
          F       0.78      0.94      0.85       268
          R       0.63      0.48      0.55       125

avg / total       0.70      0.73      0.71       571

01/29/2018 20:23:37 [INFO] exp_shallowmodel: confusion matrix:
01/29/2018 20:23:37 [INFO] exp_shallowmodel: 
[[  0   2  11   1]
 [  0 106  31  27]
 [  0  10 251   7]
 [  0  37  28  60]]
01/29/2018 20:23:37 [INFO] exp_shallowmodel: ******************** dstc2 - Round 12 
01/29/2018 20:23:37 [INFO] exp_shallowmodel: #(data) = 4583
01/29/2018 20:23:37 [INFO] exp_shallowmodel: #(feature) = 9
01/29/2018 20:23:37 [INFO] exp_shallowmodel: ================================================================================
01/29/2018 20:23:37 [INFO] exp_shallowmodel: LR.pen=l1.C=1.000000
01/29/2018 20:23:37 [INFO] exp_shallowmodel: ________________________________________________________________________________
01/29/2018 20:23:37 [INFO] exp_shallowmodel: Training: 
01/29/2018 20:23:37 [INFO] exp_shallowmodel: LogisticRegression(C=1, class_weight=None, dual=False, fit_intercept=True,
          intercept_scaling=1, max_iter=100, multi_class='ovr', n_jobs=1,
          penalty='l1', random_state=None, solver='liblinear', tol=0.0001,
          verbose=0, warm_start=False)
01/29/2018 20:23:37 [INFO] exp_shallowmodel: train time: 0.029s
01/29/2018 20:23:37 [INFO] exp_shallowmodel: test time:  0.000s
01/29/2018 20:23:37 [INFO] exp_shallowmodel: accuracy:   0.722
01/29/2018 20:23:37 [INFO] exp_shallowmodel: f1_score:   0.507
01/29/2018 20:23:37 [INFO] exp_shallowmodel: classification report:
01/29/2018 20:23:37 [INFO] exp_shallowmodel:              precision    recall  f1-score   support

          A       0.00      0.00      0.00        14
          C       0.69      0.63      0.66       164
          F       0.76      0.94      0.84       268
          R       0.64      0.46      0.53       125

avg / total       0.69      0.72      0.70       571

01/29/2018 20:23:37 [INFO] exp_shallowmodel: confusion matrix:
01/29/2018 20:23:37 [INFO] exp_shallowmodel: 
[[  0   5   9   0]
 [  0 103  35  26]
 [  0  10 252   6]
 [  0  32  36  57]]
01/29/2018 20:23:37 [INFO] exp_shallowmodel: ******************** dstc2 - Round 13 
01/29/2018 20:23:37 [INFO] exp_shallowmodel: #(data) = 4583
01/29/2018 20:23:37 [INFO] exp_shallowmodel: #(feature) = 9
01/29/2018 20:23:37 [INFO] exp_shallowmodel: ================================================================================
01/29/2018 20:23:37 [INFO] exp_shallowmodel: LR.pen=l1.C=1.000000
01/29/2018 20:23:37 [INFO] exp_shallowmodel: ________________________________________________________________________________
01/29/2018 20:23:37 [INFO] exp_shallowmodel: Training: 
01/29/2018 20:23:37 [INFO] exp_shallowmodel: LogisticRegression(C=1, class_weight=None, dual=False, fit_intercept=True,
          intercept_scaling=1, max_iter=100, multi_class='ovr', n_jobs=1,
          penalty='l1', random_state=None, solver='liblinear', tol=0.0001,
          verbose=0, warm_start=False)
01/29/2018 20:23:37 [INFO] exp_shallowmodel: train time: 0.030s
01/29/2018 20:23:37 [INFO] exp_shallowmodel: test time:  0.000s
01/29/2018 20:23:37 [INFO] exp_shallowmodel: accuracy:   0.723
01/29/2018 20:23:37 [INFO] exp_shallowmodel: f1_score:   0.507
01/29/2018 20:23:37 [INFO] exp_shallowmodel: classification report:
01/29/2018 20:23:37 [INFO] exp_shallowmodel:              precision    recall  f1-score   support

          A       0.00      0.00      0.00        14
          C       0.67      0.67      0.67       164
          F       0.75      0.94      0.84       268
          R       0.70      0.42      0.52       125

avg / total       0.70      0.72      0.70       571

01/29/2018 20:23:37 [INFO] exp_shallowmodel: confusion matrix:
01/29/2018 20:23:37 [INFO] exp_shallowmodel: 
[[  0   5   9   0]
 [  0 110  36  18]
 [  0  13 251   4]
 [  0  36  37  52]]
01/29/2018 20:23:37 [INFO] exp_shallowmodel: ******************** dstc2 - Round 14 
01/29/2018 20:23:37 [INFO] exp_shallowmodel: #(data) = 4583
01/29/2018 20:23:37 [INFO] exp_shallowmodel: #(feature) = 9
01/29/2018 20:23:37 [INFO] exp_shallowmodel: ================================================================================
01/29/2018 20:23:37 [INFO] exp_shallowmodel: LR.pen=l1.C=1.000000
01/29/2018 20:23:37 [INFO] exp_shallowmodel: ________________________________________________________________________________
01/29/2018 20:23:37 [INFO] exp_shallowmodel: Training: 
01/29/2018 20:23:37 [INFO] exp_shallowmodel: LogisticRegression(C=1, class_weight=None, dual=False, fit_intercept=True,
          intercept_scaling=1, max_iter=100, multi_class='ovr', n_jobs=1,
          penalty='l1', random_state=None, solver='liblinear', tol=0.0001,
          verbose=0, warm_start=False)
01/29/2018 20:23:37 [INFO] exp_shallowmodel: train time: 0.030s
01/29/2018 20:23:37 [INFO] exp_shallowmodel: test time:  0.000s
01/29/2018 20:23:37 [INFO] exp_shallowmodel: accuracy:   0.718
01/29/2018 20:23:37 [INFO] exp_shallowmodel: f1_score:   0.512
01/29/2018 20:23:37 [INFO] exp_shallowmodel: classification report:
01/29/2018 20:23:37 [INFO] exp_shallowmodel:              precision    recall  f1-score   support

          A       0.00      0.00      0.00        14
          C       0.67      0.62      0.64       164
          F       0.76      0.91      0.83       268
          R       0.66      0.51      0.58       125

avg / total       0.69      0.72      0.70       571

01/29/2018 20:23:37 [INFO] exp_shallowmodel: confusion matrix:
01/29/2018 20:23:37 [INFO] exp_shallowmodel: 
[[  0   3  10   1]
 [  0 102  40  22]
 [  0  14 244  10]
 [  0  34  27  64]]
01/29/2018 20:23:37 [INFO] exp_shallowmodel: ******************** dstc2 - Round 15 
01/29/2018 20:23:37 [INFO] exp_shallowmodel: #(data) = 4583
01/29/2018 20:23:37 [INFO] exp_shallowmodel: #(feature) = 9
01/29/2018 20:23:37 [INFO] exp_shallowmodel: ================================================================================
01/29/2018 20:23:37 [INFO] exp_shallowmodel: LR.pen=l1.C=1.000000
01/29/2018 20:23:37 [INFO] exp_shallowmodel: ________________________________________________________________________________
01/29/2018 20:23:37 [INFO] exp_shallowmodel: Training: 
01/29/2018 20:23:37 [INFO] exp_shallowmodel: LogisticRegression(C=1, class_weight=None, dual=False, fit_intercept=True,
          intercept_scaling=1, max_iter=100, multi_class='ovr', n_jobs=1,
          penalty='l1', random_state=None, solver='liblinear', tol=0.0001,
          verbose=0, warm_start=False)
01/29/2018 20:23:37 [INFO] exp_shallowmodel: train time: 0.029s
01/29/2018 20:23:37 [INFO] exp_shallowmodel: test time:  0.000s
01/29/2018 20:23:37 [INFO] exp_shallowmodel: accuracy:   0.723
01/29/2018 20:23:37 [INFO] exp_shallowmodel: f1_score:   0.509
01/29/2018 20:23:37 [INFO] exp_shallowmodel: classification report:
01/29/2018 20:23:37 [INFO] exp_shallowmodel:              precision    recall  f1-score   support

          A       0.00      0.00      0.00        14
          C       0.70      0.69      0.70       164
          F       0.77      0.91      0.84       268
          R       0.59      0.44      0.50       125

avg / total       0.69      0.72      0.70       571

01/29/2018 20:23:37 [INFO] exp_shallowmodel: confusion matrix:
01/29/2018 20:23:37 [INFO] exp_shallowmodel: 
[[  0   1  10   3]
 [  0 113  30  21]
 [  0   9 245  14]
 [  0  38  32  55]]
01/29/2018 20:23:37 [INFO] exp_shallowmodel: ******************** dstc2 - Round 16 
01/29/2018 20:23:37 [INFO] exp_shallowmodel: #(data) = 4583
01/29/2018 20:23:37 [INFO] exp_shallowmodel: #(feature) = 9
01/29/2018 20:23:37 [INFO] exp_shallowmodel: ================================================================================
01/29/2018 20:23:37 [INFO] exp_shallowmodel: LR.pen=l1.C=1.000000
01/29/2018 20:23:37 [INFO] exp_shallowmodel: ________________________________________________________________________________
01/29/2018 20:23:37 [INFO] exp_shallowmodel: Training: 
01/29/2018 20:23:37 [INFO] exp_shallowmodel: LogisticRegression(C=1, class_weight=None, dual=False, fit_intercept=True,
          intercept_scaling=1, max_iter=100, multi_class='ovr', n_jobs=1,
          penalty='l1', random_state=None, solver='liblinear', tol=0.0001,
          verbose=0, warm_start=False)
01/29/2018 20:23:37 [INFO] exp_shallowmodel: train time: 0.029s
01/29/2018 20:23:37 [INFO] exp_shallowmodel: test time:  0.000s
01/29/2018 20:23:37 [INFO] exp_shallowmodel: accuracy:   0.713
01/29/2018 20:23:37 [INFO] exp_shallowmodel: f1_score:   0.501
01/29/2018 20:23:37 [INFO] exp_shallowmodel: classification report:
01/29/2018 20:23:37 [INFO] exp_shallowmodel:              precision    recall  f1-score   support

          A       0.00      0.00      0.00        14
          C       0.69      0.70      0.69       164
          F       0.77      0.90      0.83       268
          R       0.57      0.42      0.49       125

avg / total       0.68      0.71      0.69       571

01/29/2018 20:23:37 [INFO] exp_shallowmodel: confusion matrix:
01/29/2018 20:23:37 [INFO] exp_shallowmodel: 
[[  0   3   8   3]
 [  0 114  26  24]
 [  0  15 240  13]
 [  0  34  38  53]]
01/29/2018 20:23:37 [INFO] exp_shallowmodel: ******************** dstc2 - Round 17 
01/29/2018 20:23:37 [INFO] exp_shallowmodel: #(data) = 4583
01/29/2018 20:23:37 [INFO] exp_shallowmodel: #(feature) = 9
01/29/2018 20:23:37 [INFO] exp_shallowmodel: ================================================================================
01/29/2018 20:23:37 [INFO] exp_shallowmodel: LR.pen=l1.C=1.000000
01/29/2018 20:23:37 [INFO] exp_shallowmodel: ________________________________________________________________________________
01/29/2018 20:23:37 [INFO] exp_shallowmodel: Training: 
01/29/2018 20:23:37 [INFO] exp_shallowmodel: LogisticRegression(C=1, class_weight=None, dual=False, fit_intercept=True,
          intercept_scaling=1, max_iter=100, multi_class='ovr', n_jobs=1,
          penalty='l1', random_state=None, solver='liblinear', tol=0.0001,
          verbose=0, warm_start=False)
01/29/2018 20:23:37 [INFO] exp_shallowmodel: train time: 0.029s
01/29/2018 20:23:37 [INFO] exp_shallowmodel: test time:  0.000s
01/29/2018 20:23:37 [INFO] exp_shallowmodel: accuracy:   0.716
01/29/2018 20:23:37 [INFO] exp_shallowmodel: f1_score:   0.512
01/29/2018 20:23:37 [INFO] exp_shallowmodel: classification report:
01/29/2018 20:23:37 [INFO] exp_shallowmodel:              precision    recall  f1-score   support

          A       0.00      0.00      0.00        14
          C       0.68      0.66      0.67       164
          F       0.75      0.89      0.82       268
          R       0.65      0.49      0.56       125

avg / total       0.69      0.72      0.70       571

01/29/2018 20:23:37 [INFO] exp_shallowmodel: confusion matrix:
01/29/2018 20:23:37 [INFO] exp_shallowmodel: 
[[  0   4   9   1]
 [  0 109  34  21]
 [  0  18 239  11]
 [  0  29  35  61]]
01/29/2018 20:23:37 [INFO] exp_shallowmodel: ******************** dstc2 - Round 18 
01/29/2018 20:23:37 [INFO] exp_shallowmodel: #(data) = 4583
01/29/2018 20:23:37 [INFO] exp_shallowmodel: #(feature) = 9
01/29/2018 20:23:37 [INFO] exp_shallowmodel: ================================================================================
01/29/2018 20:23:37 [INFO] exp_shallowmodel: LR.pen=l1.C=1.000000
01/29/2018 20:23:37 [INFO] exp_shallowmodel: ________________________________________________________________________________
01/29/2018 20:23:37 [INFO] exp_shallowmodel: Training: 
01/29/2018 20:23:37 [INFO] exp_shallowmodel: LogisticRegression(C=1, class_weight=None, dual=False, fit_intercept=True,
          intercept_scaling=1, max_iter=100, multi_class='ovr', n_jobs=1,
          penalty='l1', random_state=None, solver='liblinear', tol=0.0001,
          verbose=0, warm_start=False)
01/29/2018 20:23:37 [INFO] exp_shallowmodel: train time: 0.029s
01/29/2018 20:23:37 [INFO] exp_shallowmodel: test time:  0.000s
01/29/2018 20:23:37 [INFO] exp_shallowmodel: accuracy:   0.688
01/29/2018 20:23:37 [INFO] exp_shallowmodel: f1_score:   0.469
01/29/2018 20:23:37 [INFO] exp_shallowmodel: classification report:
01/29/2018 20:23:37 [INFO] exp_shallowmodel:              precision    recall  f1-score   support

          A       0.00      0.00      0.00        14
          C       0.66      0.64      0.65       164
          F       0.74      0.92      0.82       268
          R       0.53      0.33      0.41       125

avg / total       0.65      0.69      0.66       571

01/29/2018 20:23:37 [INFO] exp_shallowmodel: confusion matrix:
01/29/2018 20:23:37 [INFO] exp_shallowmodel: 
[[  0   1  12   1]
 [  0 105  33  26]
 [  0  12 247   9]
 [  0  42  42  41]]
01/29/2018 20:23:37 [INFO] exp_shallowmodel: ******************** dstc2 - Round 19 
01/29/2018 20:23:37 [INFO] exp_shallowmodel: #(data) = 4568
01/29/2018 20:23:37 [INFO] exp_shallowmodel: #(feature) = 9
01/29/2018 20:23:37 [INFO] exp_shallowmodel: ================================================================================
01/29/2018 20:23:37 [INFO] exp_shallowmodel: LR.pen=l1.C=1.000000
01/29/2018 20:23:37 [INFO] exp_shallowmodel: ________________________________________________________________________________
01/29/2018 20:23:37 [INFO] exp_shallowmodel: Training: 
01/29/2018 20:23:37 [INFO] exp_shallowmodel: LogisticRegression(C=1, class_weight=None, dual=False, fit_intercept=True,
          intercept_scaling=1, max_iter=100, multi_class='ovr', n_jobs=1,
          penalty='l1', random_state=None, solver='liblinear', tol=0.0001,
          verbose=0, warm_start=False)
01/29/2018 20:23:37 [INFO] exp_shallowmodel: train time: 0.029s
01/29/2018 20:23:37 [INFO] exp_shallowmodel: test time:  0.000s
01/29/2018 20:23:37 [INFO] exp_shallowmodel: accuracy:   0.730
01/29/2018 20:23:37 [INFO] exp_shallowmodel: f1_score:   0.521
01/29/2018 20:23:37 [INFO] exp_shallowmodel: classification report:
01/29/2018 20:23:37 [INFO] exp_shallowmodel:              precision    recall  f1-score   support

          A       0.00      0.00      0.00        16
          C       0.73      0.72      0.72       169
          F       0.75      0.92      0.82       271
          R       0.66      0.45      0.54       130

avg / total       0.70      0.73      0.71       586

01/29/2018 20:23:37 [INFO] exp_shallowmodel: confusion matrix:
01/29/2018 20:23:37 [INFO] exp_shallowmodel: 
[[  0   3  13   0]
 [  0 121  32  16]
 [  0   9 248  14]
 [  0  32  39  59]]
01/29/2018 20:23:37 [INFO] exp_shallowmodel: ******************** dstc2 - Round 20 
01/29/2018 20:23:37 [INFO] exp_shallowmodel: #(data) = 4583
01/29/2018 20:23:37 [INFO] exp_shallowmodel: #(feature) = 9
01/29/2018 20:23:37 [INFO] exp_shallowmodel: ================================================================================
01/29/2018 20:23:37 [INFO] exp_shallowmodel: LR.pen=l1.C=1.000000
01/29/2018 20:23:37 [INFO] exp_shallowmodel: ________________________________________________________________________________
01/29/2018 20:23:37 [INFO] exp_shallowmodel: Training: 
01/29/2018 20:23:37 [INFO] exp_shallowmodel: LogisticRegression(C=1, class_weight=None, dual=False, fit_intercept=True,
          intercept_scaling=1, max_iter=100, multi_class='ovr', n_jobs=1,
          penalty='l1', random_state=None, solver='liblinear', tol=0.0001,
          verbose=0, warm_start=False)
01/29/2018 20:23:37 [INFO] exp_shallowmodel: train time: 0.029s
01/29/2018 20:23:37 [INFO] exp_shallowmodel: test time:  0.000s
01/29/2018 20:23:37 [INFO] exp_shallowmodel: accuracy:   0.708
01/29/2018 20:23:37 [INFO] exp_shallowmodel: f1_score:   0.499
01/29/2018 20:23:37 [INFO] exp_shallowmodel: classification report:
01/29/2018 20:23:37 [INFO] exp_shallowmodel:              precision    recall  f1-score   support

          A       0.00      0.00      0.00        14
          C       0.71      0.66      0.68       164
          F       0.74      0.90      0.81       268
          R       0.59      0.44      0.50       125

avg / total       0.68      0.71      0.69       571

01/29/2018 20:23:37 [INFO] exp_shallowmodel: confusion matrix:
01/29/2018 20:23:37 [INFO] exp_shallowmodel: 
[[  0   3   7   4]
 [  0 108  34  22]
 [  0  14 241  13]
 [  0  28  42  55]]
01/29/2018 20:23:37 [INFO] exp_shallowmodel: ******************** dstc2 - Round 21 
01/29/2018 20:23:37 [INFO] exp_shallowmodel: #(data) = 4583
01/29/2018 20:23:37 [INFO] exp_shallowmodel: #(feature) = 9
01/29/2018 20:23:37 [INFO] exp_shallowmodel: ================================================================================
01/29/2018 20:23:37 [INFO] exp_shallowmodel: LR.pen=l1.C=1.000000
01/29/2018 20:23:37 [INFO] exp_shallowmodel: ________________________________________________________________________________
01/29/2018 20:23:37 [INFO] exp_shallowmodel: Training: 
01/29/2018 20:23:37 [INFO] exp_shallowmodel: LogisticRegression(C=1, class_weight=None, dual=False, fit_intercept=True,
          intercept_scaling=1, max_iter=100, multi_class='ovr', n_jobs=1,
          penalty='l1', random_state=None, solver='liblinear', tol=0.0001,
          verbose=0, warm_start=False)
01/29/2018 20:23:37 [INFO] exp_shallowmodel: train time: 0.029s
01/29/2018 20:23:37 [INFO] exp_shallowmodel: test time:  0.000s
01/29/2018 20:23:37 [INFO] exp_shallowmodel: accuracy:   0.697
01/29/2018 20:23:37 [INFO] exp_shallowmodel: f1_score:   0.482
01/29/2018 20:23:37 [INFO] exp_shallowmodel: classification report:
01/29/2018 20:23:37 [INFO] exp_shallowmodel:              precision    recall  f1-score   support

          A       0.00      0.00      0.00        14
          C       0.64      0.63      0.63       164
          F       0.77      0.92      0.84       268
          R       0.55      0.39      0.46       125

avg / total       0.66      0.70      0.67       571

01/29/2018 20:23:37 [INFO] exp_shallowmodel: confusion matrix:
01/29/2018 20:23:37 [INFO] exp_shallowmodel: 
[[  0   2  10   2]
 [  0 103  34  27]
 [  0  11 246  11]
 [  0  45  31  49]]
01/29/2018 20:23:37 [INFO] exp_shallowmodel: ******************** dstc2 - Round 22 
01/29/2018 20:23:37 [INFO] exp_shallowmodel: #(data) = 4583
01/29/2018 20:23:37 [INFO] exp_shallowmodel: #(feature) = 9
01/29/2018 20:23:37 [INFO] exp_shallowmodel: ================================================================================
01/29/2018 20:23:37 [INFO] exp_shallowmodel: LR.pen=l1.C=1.000000
01/29/2018 20:23:37 [INFO] exp_shallowmodel: ________________________________________________________________________________
01/29/2018 20:23:37 [INFO] exp_shallowmodel: Training: 
01/29/2018 20:23:37 [INFO] exp_shallowmodel: LogisticRegression(C=1, class_weight=None, dual=False, fit_intercept=True,
          intercept_scaling=1, max_iter=100, multi_class='ovr', n_jobs=1,
          penalty='l1', random_state=None, solver='liblinear', tol=0.0001,
          verbose=0, warm_start=False)
01/29/2018 20:23:37 [INFO] exp_shallowmodel: train time: 0.029s
01/29/2018 20:23:37 [INFO] exp_shallowmodel: test time:  0.000s
01/29/2018 20:23:37 [INFO] exp_shallowmodel: accuracy:   0.739
01/29/2018 20:23:37 [INFO] exp_shallowmodel: f1_score:   0.525
01/29/2018 20:23:37 [INFO] exp_shallowmodel: classification report:
01/29/2018 20:23:37 [INFO] exp_shallowmodel:              precision    recall  f1-score   support

          A       0.00      0.00      0.00        14
          C       0.72      0.70      0.71       164
          F       0.76      0.94      0.84       268
          R       0.70      0.46      0.55       125

avg / total       0.72      0.74      0.72       571

01/29/2018 20:23:37 [INFO] exp_shallowmodel: confusion matrix:
01/29/2018 20:23:37 [INFO] exp_shallowmodel: 
[[  0   5   9   0]
 [  0 114  36  14]
 [  0   7 251  10]
 [  0  32  36  57]]
01/29/2018 20:23:37 [INFO] exp_shallowmodel: ******************** dstc2 - Round 23 
01/29/2018 20:23:37 [INFO] exp_shallowmodel: #(data) = 4583
01/29/2018 20:23:37 [INFO] exp_shallowmodel: #(feature) = 9
01/29/2018 20:23:37 [INFO] exp_shallowmodel: ================================================================================
01/29/2018 20:23:37 [INFO] exp_shallowmodel: LR.pen=l1.C=1.000000
01/29/2018 20:23:37 [INFO] exp_shallowmodel: ________________________________________________________________________________
01/29/2018 20:23:37 [INFO] exp_shallowmodel: Training: 
01/29/2018 20:23:37 [INFO] exp_shallowmodel: LogisticRegression(C=1, class_weight=None, dual=False, fit_intercept=True,
          intercept_scaling=1, max_iter=100, multi_class='ovr', n_jobs=1,
          penalty='l1', random_state=None, solver='liblinear', tol=0.0001,
          verbose=0, warm_start=False)
01/29/2018 20:23:37 [INFO] exp_shallowmodel: train time: 0.029s
01/29/2018 20:23:37 [INFO] exp_shallowmodel: test time:  0.000s
01/29/2018 20:23:37 [INFO] exp_shallowmodel: accuracy:   0.716
01/29/2018 20:23:37 [INFO] exp_shallowmodel: f1_score:   0.506
01/29/2018 20:23:37 [INFO] exp_shallowmodel: classification report:
01/29/2018 20:23:37 [INFO] exp_shallowmodel:              precision    recall  f1-score   support

          A       0.00      0.00      0.00        14
          C       0.68      0.68      0.68       164
          F       0.75      0.91      0.82       268
          R       0.67      0.43      0.52       125

avg / total       0.69      0.72      0.69       571

01/29/2018 20:23:37 [INFO] exp_shallowmodel: confusion matrix:
01/29/2018 20:23:37 [INFO] exp_shallowmodel: 
[[  0   2  11   1]
 [  0 111  37  16]
 [  0  14 244  10]
 [  0  36  35  54]]
01/29/2018 20:23:37 [INFO] exp_shallowmodel: ******************** dstc2 - Round 24 
01/29/2018 20:23:37 [INFO] exp_shallowmodel: #(data) = 4583
01/29/2018 20:23:37 [INFO] exp_shallowmodel: #(feature) = 9
01/29/2018 20:23:37 [INFO] exp_shallowmodel: ================================================================================
01/29/2018 20:23:37 [INFO] exp_shallowmodel: LR.pen=l1.C=1.000000
01/29/2018 20:23:37 [INFO] exp_shallowmodel: ________________________________________________________________________________
01/29/2018 20:23:37 [INFO] exp_shallowmodel: Training: 
01/29/2018 20:23:37 [INFO] exp_shallowmodel: LogisticRegression(C=1, class_weight=None, dual=False, fit_intercept=True,
          intercept_scaling=1, max_iter=100, multi_class='ovr', n_jobs=1,
          penalty='l1', random_state=None, solver='liblinear', tol=0.0001,
          verbose=0, warm_start=False)
01/29/2018 20:23:38 [INFO] exp_shallowmodel: train time: 0.031s
01/29/2018 20:23:38 [INFO] exp_shallowmodel: test time:  0.000s
01/29/2018 20:23:38 [INFO] exp_shallowmodel: accuracy:   0.694
01/29/2018 20:23:38 [INFO] exp_shallowmodel: f1_score:   0.480
01/29/2018 20:23:38 [INFO] exp_shallowmodel: classification report:
01/29/2018 20:23:38 [INFO] exp_shallowmodel:              precision    recall  f1-score   support

          A       0.00      0.00      0.00        14
          C       0.69      0.63      0.66       164
          F       0.74      0.91      0.82       268
          R       0.53      0.38      0.45       125

avg / total       0.66      0.69      0.67       571

01/29/2018 20:23:38 [INFO] exp_shallowmodel: confusion matrix:
01/29/2018 20:23:38 [INFO] exp_shallowmodel: 
[[  0   1  13   0]
 [  0 103  30  31]
 [  0  12 245  11]
 [  0  34  43  48]]
01/29/2018 20:23:38 [INFO] exp_shallowmodel: ******************** dstc2 - Round 25 
01/29/2018 20:23:38 [INFO] exp_shallowmodel: #(data) = 4583
01/29/2018 20:23:38 [INFO] exp_shallowmodel: #(feature) = 9
01/29/2018 20:23:38 [INFO] exp_shallowmodel: ================================================================================
01/29/2018 20:23:38 [INFO] exp_shallowmodel: LR.pen=l1.C=1.000000
01/29/2018 20:23:38 [INFO] exp_shallowmodel: ________________________________________________________________________________
01/29/2018 20:23:38 [INFO] exp_shallowmodel: Training: 
01/29/2018 20:23:38 [INFO] exp_shallowmodel: LogisticRegression(C=1, class_weight=None, dual=False, fit_intercept=True,
          intercept_scaling=1, max_iter=100, multi_class='ovr', n_jobs=1,
          penalty='l1', random_state=None, solver='liblinear', tol=0.0001,
          verbose=0, warm_start=False)
01/29/2018 20:23:38 [INFO] exp_shallowmodel: train time: 0.030s
01/29/2018 20:23:38 [INFO] exp_shallowmodel: test time:  0.000s
01/29/2018 20:23:38 [INFO] exp_shallowmodel: accuracy:   0.753
01/29/2018 20:23:38 [INFO] exp_shallowmodel: f1_score:   0.538
01/29/2018 20:23:38 [INFO] exp_shallowmodel: classification report:
01/29/2018 20:23:38 [INFO] exp_shallowmodel:              precision    recall  f1-score   support

          A       0.00      0.00      0.00        14
          C       0.71      0.74      0.72       164
          F       0.79      0.92      0.85       268
          R       0.71      0.49      0.58       125

avg / total       0.73      0.75      0.73       571

01/29/2018 20:23:38 [INFO] exp_shallowmodel: confusion matrix:
01/29/2018 20:23:38 [INFO] exp_shallowmodel: 
[[  0   4   9   1]
 [  0 122  27  15]
 [  0  12 247   9]
 [  0  35  29  61]]
01/29/2018 20:23:38 [INFO] exp_shallowmodel: ******************** dstc2 - Round 26 
01/29/2018 20:23:38 [INFO] exp_shallowmodel: #(data) = 4583
01/29/2018 20:23:38 [INFO] exp_shallowmodel: #(feature) = 9
01/29/2018 20:23:38 [INFO] exp_shallowmodel: ================================================================================
01/29/2018 20:23:38 [INFO] exp_shallowmodel: LR.pen=l1.C=1.000000
01/29/2018 20:23:38 [INFO] exp_shallowmodel: ________________________________________________________________________________
01/29/2018 20:23:38 [INFO] exp_shallowmodel: Training: 
01/29/2018 20:23:38 [INFO] exp_shallowmodel: LogisticRegression(C=1, class_weight=None, dual=False, fit_intercept=True,
          intercept_scaling=1, max_iter=100, multi_class='ovr', n_jobs=1,
          penalty='l1', random_state=None, solver='liblinear', tol=0.0001,
          verbose=0, warm_start=False)
01/29/2018 20:23:38 [INFO] exp_shallowmodel: train time: 0.029s
01/29/2018 20:23:38 [INFO] exp_shallowmodel: test time:  0.000s
01/29/2018 20:23:38 [INFO] exp_shallowmodel: accuracy:   0.715
01/29/2018 20:23:38 [INFO] exp_shallowmodel: f1_score:   0.504
01/29/2018 20:23:38 [INFO] exp_shallowmodel: classification report:
01/29/2018 20:23:38 [INFO] exp_shallowmodel:              precision    recall  f1-score   support

          A       0.00      0.00      0.00        14
          C       0.67      0.62      0.65       164
          F       0.75      0.93      0.83       268
          R       0.64      0.46      0.54       125

avg / total       0.69      0.71      0.69       571

01/29/2018 20:23:38 [INFO] exp_shallowmodel: confusion matrix:
01/29/2018 20:23:38 [INFO] exp_shallowmodel: 
[[  0   3  10   1]
 [  0 102  39  23]
 [  0  12 248   8]
 [  0  35  32  58]]
01/29/2018 20:23:38 [INFO] exp_shallowmodel: ******************** dstc2 - Round 27 
01/29/2018 20:23:38 [INFO] exp_shallowmodel: #(data) = 4583
01/29/2018 20:23:38 [INFO] exp_shallowmodel: #(feature) = 9
01/29/2018 20:23:38 [INFO] exp_shallowmodel: ================================================================================
01/29/2018 20:23:38 [INFO] exp_shallowmodel: LR.pen=l1.C=1.000000
01/29/2018 20:23:38 [INFO] exp_shallowmodel: ________________________________________________________________________________
01/29/2018 20:23:38 [INFO] exp_shallowmodel: Training: 
01/29/2018 20:23:38 [INFO] exp_shallowmodel: LogisticRegression(C=1, class_weight=None, dual=False, fit_intercept=True,
          intercept_scaling=1, max_iter=100, multi_class='ovr', n_jobs=1,
          penalty='l1', random_state=None, solver='liblinear', tol=0.0001,
          verbose=0, warm_start=False)
01/29/2018 20:23:38 [INFO] exp_shallowmodel: train time: 0.029s
01/29/2018 20:23:38 [INFO] exp_shallowmodel: test time:  0.000s
01/29/2018 20:23:38 [INFO] exp_shallowmodel: accuracy:   0.716
01/29/2018 20:23:38 [INFO] exp_shallowmodel: f1_score:   0.502
01/29/2018 20:23:38 [INFO] exp_shallowmodel: classification report:
01/29/2018 20:23:38 [INFO] exp_shallowmodel:              precision    recall  f1-score   support

          A       0.00      0.00      0.00        14
          C       0.70      0.68      0.69       164
          F       0.76      0.91      0.83       268
          R       0.58      0.42      0.49       125

avg / total       0.69      0.72      0.70       571

01/29/2018 20:23:38 [INFO] exp_shallowmodel: confusion matrix:
01/29/2018 20:23:38 [INFO] exp_shallowmodel: 
[[  0   2  11   1]
 [  0 111  25  28]
 [  0  14 245   9]
 [  0  32  40  53]]
01/29/2018 20:23:38 [INFO] exp_shallowmodel: ******************** dstc2 - Round 28 
01/29/2018 20:23:38 [INFO] exp_shallowmodel: #(data) = 4583
01/29/2018 20:23:38 [INFO] exp_shallowmodel: #(feature) = 9
01/29/2018 20:23:38 [INFO] exp_shallowmodel: ================================================================================
01/29/2018 20:23:38 [INFO] exp_shallowmodel: LR.pen=l1.C=1.000000
01/29/2018 20:23:38 [INFO] exp_shallowmodel: ________________________________________________________________________________
01/29/2018 20:23:38 [INFO] exp_shallowmodel: Training: 
01/29/2018 20:23:38 [INFO] exp_shallowmodel: LogisticRegression(C=1, class_weight=None, dual=False, fit_intercept=True,
          intercept_scaling=1, max_iter=100, multi_class='ovr', n_jobs=1,
          penalty='l1', random_state=None, solver='liblinear', tol=0.0001,
          verbose=0, warm_start=False)
01/29/2018 20:23:38 [INFO] exp_shallowmodel: train time: 0.028s
01/29/2018 20:23:38 [INFO] exp_shallowmodel: test time:  0.000s
01/29/2018 20:23:38 [INFO] exp_shallowmodel: accuracy:   0.723
01/29/2018 20:23:38 [INFO] exp_shallowmodel: f1_score:   0.513
01/29/2018 20:23:38 [INFO] exp_shallowmodel: classification report:
01/29/2018 20:23:38 [INFO] exp_shallowmodel:              precision    recall  f1-score   support

          A       0.00      0.00      0.00        14
          C       0.70      0.65      0.68       164
          F       0.75      0.92      0.83       268
          R       0.66      0.47      0.55       125

avg / total       0.70      0.72      0.70       571

01/29/2018 20:23:38 [INFO] exp_shallowmodel: confusion matrix:
01/29/2018 20:23:38 [INFO] exp_shallowmodel: 
[[  0   2  12   0]
 [  0 107  35  22]
 [  0  12 247   9]
 [  0  32  34  59]]
01/29/2018 20:23:38 [INFO] exp_shallowmodel: ******************** dstc2 - Round 29 
01/29/2018 20:23:38 [INFO] exp_shallowmodel: #(data) = 4568
01/29/2018 20:23:38 [INFO] exp_shallowmodel: #(feature) = 9
01/29/2018 20:23:38 [INFO] exp_shallowmodel: ================================================================================
01/29/2018 20:23:38 [INFO] exp_shallowmodel: LR.pen=l1.C=1.000000
01/29/2018 20:23:38 [INFO] exp_shallowmodel: ________________________________________________________________________________
01/29/2018 20:23:38 [INFO] exp_shallowmodel: Training: 
01/29/2018 20:23:38 [INFO] exp_shallowmodel: LogisticRegression(C=1, class_weight=None, dual=False, fit_intercept=True,
          intercept_scaling=1, max_iter=100, multi_class='ovr', n_jobs=1,
          penalty='l1', random_state=None, solver='liblinear', tol=0.0001,
          verbose=0, warm_start=False)
01/29/2018 20:23:38 [INFO] exp_shallowmodel: train time: 0.029s
01/29/2018 20:23:38 [INFO] exp_shallowmodel: test time:  0.000s
01/29/2018 20:23:38 [INFO] exp_shallowmodel: accuracy:   0.703
01/29/2018 20:23:38 [INFO] exp_shallowmodel: f1_score:   0.496
01/29/2018 20:23:38 [INFO] exp_shallowmodel: classification report:
01/29/2018 20:23:38 [INFO] exp_shallowmodel:              precision    recall  f1-score   support

          A       0.00      0.00      0.00        16
          C       0.66      0.66      0.66       169
          F       0.76      0.90      0.82       271
          R       0.59      0.44      0.50       130

avg / total       0.67      0.70      0.68       586

01/29/2018 20:23:38 [INFO] exp_shallowmodel: confusion matrix:
01/29/2018 20:23:38 [INFO] exp_shallowmodel: 
[[  0   2  14   0]
 [  0 111  31  27]
 [  0  15 244  12]
 [  0  41  32  57]]
01/29/2018 20:23:38 [INFO] exp_shallowmodel: ******************** dstc2 - Round 30 
01/29/2018 20:23:38 [INFO] exp_shallowmodel: #(data) = 4583
01/29/2018 20:23:38 [INFO] exp_shallowmodel: #(feature) = 9
01/29/2018 20:23:38 [INFO] exp_shallowmodel: ================================================================================
01/29/2018 20:23:38 [INFO] exp_shallowmodel: LR.pen=l1.C=1.000000
01/29/2018 20:23:38 [INFO] exp_shallowmodel: ________________________________________________________________________________
01/29/2018 20:23:38 [INFO] exp_shallowmodel: Training: 
01/29/2018 20:23:38 [INFO] exp_shallowmodel: LogisticRegression(C=1, class_weight=None, dual=False, fit_intercept=True,
          intercept_scaling=1, max_iter=100, multi_class='ovr', n_jobs=1,
          penalty='l1', random_state=None, solver='liblinear', tol=0.0001,
          verbose=0, warm_start=False)
01/29/2018 20:23:38 [INFO] exp_shallowmodel: train time: 0.031s
01/29/2018 20:23:38 [INFO] exp_shallowmodel: test time:  0.000s
01/29/2018 20:23:38 [INFO] exp_shallowmodel: accuracy:   0.687
01/29/2018 20:23:38 [INFO] exp_shallowmodel: f1_score:   0.483
01/29/2018 20:23:38 [INFO] exp_shallowmodel: classification report:
01/29/2018 20:23:38 [INFO] exp_shallowmodel:              precision    recall  f1-score   support

          A       0.00      0.00      0.00        14
          C       0.62      0.63      0.63       164
          F       0.74      0.88      0.80       268
          R       0.62      0.42      0.50       125

avg / total       0.66      0.69      0.67       571

01/29/2018 20:23:38 [INFO] exp_shallowmodel: confusion matrix:
01/29/2018 20:23:38 [INFO] exp_shallowmodel: 
[[  0   1  13   0]
 [  0 103  41  20]
 [  0  19 236  13]
 [  0  42  30  53]]
01/29/2018 20:23:38 [INFO] exp_shallowmodel: ******************** dstc2 - Round 31 
01/29/2018 20:23:38 [INFO] exp_shallowmodel: #(data) = 4583
01/29/2018 20:23:38 [INFO] exp_shallowmodel: #(feature) = 9
01/29/2018 20:23:38 [INFO] exp_shallowmodel: ================================================================================
01/29/2018 20:23:38 [INFO] exp_shallowmodel: LR.pen=l1.C=1.000000
01/29/2018 20:23:38 [INFO] exp_shallowmodel: ________________________________________________________________________________
01/29/2018 20:23:38 [INFO] exp_shallowmodel: Training: 
01/29/2018 20:23:38 [INFO] exp_shallowmodel: LogisticRegression(C=1, class_weight=None, dual=False, fit_intercept=True,
          intercept_scaling=1, max_iter=100, multi_class='ovr', n_jobs=1,
          penalty='l1', random_state=None, solver='liblinear', tol=0.0001,
          verbose=0, warm_start=False)
01/29/2018 20:23:38 [INFO] exp_shallowmodel: train time: 0.030s
01/29/2018 20:23:38 [INFO] exp_shallowmodel: test time:  0.000s
01/29/2018 20:23:38 [INFO] exp_shallowmodel: accuracy:   0.718
01/29/2018 20:23:38 [INFO] exp_shallowmodel: f1_score:   0.506
01/29/2018 20:23:38 [INFO] exp_shallowmodel: classification report:
01/29/2018 20:23:38 [INFO] exp_shallowmodel:              precision    recall  f1-score   support

          A       0.00      0.00      0.00        14
          C       0.67      0.66      0.67       164
          F       0.77      0.91      0.84       268
          R       0.62      0.45      0.52       125

avg / total       0.69      0.72      0.70       571

01/29/2018 20:23:38 [INFO] exp_shallowmodel: confusion matrix:
01/29/2018 20:23:38 [INFO] exp_shallowmodel: 
[[  0   3  10   1]
 [  0 109  33  22]
 [  0  11 245  12]
 [  0  39  30  56]]
01/29/2018 20:23:38 [INFO] exp_shallowmodel: ******************** dstc2 - Round 32 
01/29/2018 20:23:38 [INFO] exp_shallowmodel: #(data) = 4583
01/29/2018 20:23:38 [INFO] exp_shallowmodel: #(feature) = 9
01/29/2018 20:23:38 [INFO] exp_shallowmodel: ================================================================================
01/29/2018 20:23:38 [INFO] exp_shallowmodel: LR.pen=l1.C=1.000000
01/29/2018 20:23:38 [INFO] exp_shallowmodel: ________________________________________________________________________________
01/29/2018 20:23:38 [INFO] exp_shallowmodel: Training: 
01/29/2018 20:23:38 [INFO] exp_shallowmodel: LogisticRegression(C=1, class_weight=None, dual=False, fit_intercept=True,
          intercept_scaling=1, max_iter=100, multi_class='ovr', n_jobs=1,
          penalty='l1', random_state=None, solver='liblinear', tol=0.0001,
          verbose=0, warm_start=False)
01/29/2018 20:23:38 [INFO] exp_shallowmodel: train time: 0.028s
01/29/2018 20:23:38 [INFO] exp_shallowmodel: test time:  0.000s
01/29/2018 20:23:38 [INFO] exp_shallowmodel: accuracy:   0.715
01/29/2018 20:23:38 [INFO] exp_shallowmodel: f1_score:   0.502
01/29/2018 20:23:38 [INFO] exp_shallowmodel: classification report:
01/29/2018 20:23:38 [INFO] exp_shallowmodel:              precision    recall  f1-score   support

          A       0.00      0.00      0.00        14
          C       0.67      0.66      0.67       164
          F       0.78      0.91      0.84       268
          R       0.57      0.44      0.50       125

avg / total       0.68      0.71      0.70       571

01/29/2018 20:23:38 [INFO] exp_shallowmodel: confusion matrix:
01/29/2018 20:23:38 [INFO] exp_shallowmodel: 
[[  0   4  10   0]
 [  0 109  23  32]
 [  0  15 244   9]
 [  0  34  36  55]]
01/29/2018 20:23:38 [INFO] exp_shallowmodel: ******************** dstc2 - Round 33 
01/29/2018 20:23:38 [INFO] exp_shallowmodel: #(data) = 4583
01/29/2018 20:23:38 [INFO] exp_shallowmodel: #(feature) = 9
01/29/2018 20:23:38 [INFO] exp_shallowmodel: ================================================================================
01/29/2018 20:23:38 [INFO] exp_shallowmodel: LR.pen=l1.C=1.000000
01/29/2018 20:23:38 [INFO] exp_shallowmodel: ________________________________________________________________________________
01/29/2018 20:23:38 [INFO] exp_shallowmodel: Training: 
01/29/2018 20:23:38 [INFO] exp_shallowmodel: LogisticRegression(C=1, class_weight=None, dual=False, fit_intercept=True,
          intercept_scaling=1, max_iter=100, multi_class='ovr', n_jobs=1,
          penalty='l1', random_state=None, solver='liblinear', tol=0.0001,
          verbose=0, warm_start=False)
01/29/2018 20:23:38 [INFO] exp_shallowmodel: train time: 0.030s
01/29/2018 20:23:38 [INFO] exp_shallowmodel: test time:  0.000s
01/29/2018 20:23:38 [INFO] exp_shallowmodel: accuracy:   0.729
01/29/2018 20:23:38 [INFO] exp_shallowmodel: f1_score:   0.514
01/29/2018 20:23:38 [INFO] exp_shallowmodel: classification report:
01/29/2018 20:23:38 [INFO] exp_shallowmodel:              precision    recall  f1-score   support

          A       0.00      0.00      0.00        14
          C       0.68      0.69      0.68       164
          F       0.77      0.92      0.84       268
          R       0.65      0.45      0.53       125

avg / total       0.70      0.73      0.71       571

01/29/2018 20:23:38 [INFO] exp_shallowmodel: confusion matrix:
01/29/2018 20:23:38 [INFO] exp_shallowmodel: 
[[  0   5   7   2]
 [  0 113  29  22]
 [  0  15 247   6]
 [  0  33  36  56]]
01/29/2018 20:23:38 [INFO] exp_shallowmodel: ******************** dstc2 - Round 34 
01/29/2018 20:23:38 [INFO] exp_shallowmodel: #(data) = 4583
01/29/2018 20:23:38 [INFO] exp_shallowmodel: #(feature) = 9
01/29/2018 20:23:38 [INFO] exp_shallowmodel: ================================================================================
01/29/2018 20:23:38 [INFO] exp_shallowmodel: LR.pen=l1.C=1.000000
01/29/2018 20:23:38 [INFO] exp_shallowmodel: ________________________________________________________________________________
01/29/2018 20:23:38 [INFO] exp_shallowmodel: Training: 
01/29/2018 20:23:38 [INFO] exp_shallowmodel: LogisticRegression(C=1, class_weight=None, dual=False, fit_intercept=True,
          intercept_scaling=1, max_iter=100, multi_class='ovr', n_jobs=1,
          penalty='l1', random_state=None, solver='liblinear', tol=0.0001,
          verbose=0, warm_start=False)
01/29/2018 20:23:38 [INFO] exp_shallowmodel: train time: 0.029s
01/29/2018 20:23:38 [INFO] exp_shallowmodel: test time:  0.000s
01/29/2018 20:23:38 [INFO] exp_shallowmodel: accuracy:   0.729
01/29/2018 20:23:38 [INFO] exp_shallowmodel: f1_score:   0.511
01/29/2018 20:23:38 [INFO] exp_shallowmodel: classification report:
01/29/2018 20:23:38 [INFO] exp_shallowmodel:              precision    recall  f1-score   support

          A       0.00      0.00      0.00        14
          C       0.69      0.71      0.70       164
          F       0.78      0.92      0.85       268
          R       0.60      0.42      0.50       125

avg / total       0.70      0.73      0.71       571

01/29/2018 20:23:38 [INFO] exp_shallowmodel: confusion matrix:
01/29/2018 20:23:38 [INFO] exp_shallowmodel: 
[[  0   3  10   1]
 [  0 116  22  26]
 [  0  13 247   8]
 [  0  35  37  53]]
01/29/2018 20:23:38 [INFO] exp_shallowmodel: ******************** dstc2 - Round 35 
01/29/2018 20:23:38 [INFO] exp_shallowmodel: #(data) = 4583
01/29/2018 20:23:38 [INFO] exp_shallowmodel: #(feature) = 9
01/29/2018 20:23:38 [INFO] exp_shallowmodel: ================================================================================
01/29/2018 20:23:38 [INFO] exp_shallowmodel: LR.pen=l1.C=1.000000
01/29/2018 20:23:38 [INFO] exp_shallowmodel: ________________________________________________________________________________
01/29/2018 20:23:38 [INFO] exp_shallowmodel: Training: 
01/29/2018 20:23:38 [INFO] exp_shallowmodel: LogisticRegression(C=1, class_weight=None, dual=False, fit_intercept=True,
          intercept_scaling=1, max_iter=100, multi_class='ovr', n_jobs=1,
          penalty='l1', random_state=None, solver='liblinear', tol=0.0001,
          verbose=0, warm_start=False)
01/29/2018 20:23:38 [INFO] exp_shallowmodel: train time: 0.028s
01/29/2018 20:23:38 [INFO] exp_shallowmodel: test time:  0.000s
01/29/2018 20:23:38 [INFO] exp_shallowmodel: accuracy:   0.725
01/29/2018 20:23:38 [INFO] exp_shallowmodel: f1_score:   0.514
01/29/2018 20:23:38 [INFO] exp_shallowmodel: classification report:
01/29/2018 20:23:38 [INFO] exp_shallowmodel:              precision    recall  f1-score   support

          A       0.00      0.00      0.00        14
          C       0.70      0.66      0.68       164
          F       0.77      0.92      0.84       268
          R       0.62      0.48      0.54       125

avg / total       0.70      0.73      0.71       571

01/29/2018 20:23:38 [INFO] exp_shallowmodel: confusion matrix:
01/29/2018 20:23:38 [INFO] exp_shallowmodel: 
[[  0   1  12   1]
 [  0 108  33  23]
 [  0   9 246  13]
 [  0  36  29  60]]
01/29/2018 20:23:38 [INFO] exp_shallowmodel: ******************** dstc2 - Round 36 
01/29/2018 20:23:38 [INFO] exp_shallowmodel: #(data) = 4583
01/29/2018 20:23:38 [INFO] exp_shallowmodel: #(feature) = 9
01/29/2018 20:23:38 [INFO] exp_shallowmodel: ================================================================================
01/29/2018 20:23:38 [INFO] exp_shallowmodel: LR.pen=l1.C=1.000000
01/29/2018 20:23:38 [INFO] exp_shallowmodel: ________________________________________________________________________________
01/29/2018 20:23:38 [INFO] exp_shallowmodel: Training: 
01/29/2018 20:23:38 [INFO] exp_shallowmodel: LogisticRegression(C=1, class_weight=None, dual=False, fit_intercept=True,
          intercept_scaling=1, max_iter=100, multi_class='ovr', n_jobs=1,
          penalty='l1', random_state=None, solver='liblinear', tol=0.0001,
          verbose=0, warm_start=False)
01/29/2018 20:23:38 [INFO] exp_shallowmodel: train time: 0.029s
01/29/2018 20:23:38 [INFO] exp_shallowmodel: test time:  0.000s
01/29/2018 20:23:38 [INFO] exp_shallowmodel: accuracy:   0.713
01/29/2018 20:23:38 [INFO] exp_shallowmodel: f1_score:   0.501
01/29/2018 20:23:38 [INFO] exp_shallowmodel: classification report:
01/29/2018 20:23:38 [INFO] exp_shallowmodel:              precision    recall  f1-score   support

          A       0.00      0.00      0.00        14
          C       0.70      0.63      0.67       164
          F       0.73      0.93      0.82       268
          R       0.64      0.43      0.52       125

avg / total       0.69      0.71      0.69       571

01/29/2018 20:23:38 [INFO] exp_shallowmodel: confusion matrix:
01/29/2018 20:23:38 [INFO] exp_shallowmodel: 
[[  0   2  12   0]
 [  0 104  37  23]
 [  0  12 249   7]
 [  0  30  41  54]]
01/29/2018 20:23:38 [INFO] exp_shallowmodel: ******************** dstc2 - Round 37 
01/29/2018 20:23:38 [INFO] exp_shallowmodel: #(data) = 4583
01/29/2018 20:23:38 [INFO] exp_shallowmodel: #(feature) = 9
01/29/2018 20:23:38 [INFO] exp_shallowmodel: ================================================================================
01/29/2018 20:23:38 [INFO] exp_shallowmodel: LR.pen=l1.C=1.000000
01/29/2018 20:23:38 [INFO] exp_shallowmodel: ________________________________________________________________________________
01/29/2018 20:23:38 [INFO] exp_shallowmodel: Training: 
01/29/2018 20:23:38 [INFO] exp_shallowmodel: LogisticRegression(C=1, class_weight=None, dual=False, fit_intercept=True,
          intercept_scaling=1, max_iter=100, multi_class='ovr', n_jobs=1,
          penalty='l1', random_state=None, solver='liblinear', tol=0.0001,
          verbose=0, warm_start=False)
01/29/2018 20:23:38 [INFO] exp_shallowmodel: train time: 0.030s
01/29/2018 20:23:38 [INFO] exp_shallowmodel: test time:  0.000s
01/29/2018 20:23:38 [INFO] exp_shallowmodel: accuracy:   0.737
01/29/2018 20:23:38 [INFO] exp_shallowmodel: f1_score:   0.521
01/29/2018 20:23:38 [INFO] exp_shallowmodel: classification report:
01/29/2018 20:23:38 [INFO] exp_shallowmodel:              precision    recall  f1-score   support

          A       0.00      0.00      0.00        14
          C       0.73      0.69      0.71       164
          F       0.75      0.94      0.84       268
          R       0.69      0.44      0.54       125

avg / total       0.71      0.74      0.71       571

01/29/2018 20:23:38 [INFO] exp_shallowmodel: confusion matrix:
01/29/2018 20:23:38 [INFO] exp_shallowmodel: 
[[  0   0  13   1]
 [  0 113  37  14]
 [  0   5 253  10]
 [  0  37  33  55]]
01/29/2018 20:23:38 [INFO] exp_shallowmodel: ******************** dstc2 - Round 38 
01/29/2018 20:23:38 [INFO] exp_shallowmodel: #(data) = 4583
01/29/2018 20:23:38 [INFO] exp_shallowmodel: #(feature) = 9
01/29/2018 20:23:38 [INFO] exp_shallowmodel: ================================================================================
01/29/2018 20:23:38 [INFO] exp_shallowmodel: LR.pen=l1.C=1.000000
01/29/2018 20:23:38 [INFO] exp_shallowmodel: ________________________________________________________________________________
01/29/2018 20:23:38 [INFO] exp_shallowmodel: Training: 
01/29/2018 20:23:38 [INFO] exp_shallowmodel: LogisticRegression(C=1, class_weight=None, dual=False, fit_intercept=True,
          intercept_scaling=1, max_iter=100, multi_class='ovr', n_jobs=1,
          penalty='l1', random_state=None, solver='liblinear', tol=0.0001,
          verbose=0, warm_start=False)
01/29/2018 20:23:38 [INFO] exp_shallowmodel: train time: 0.029s
01/29/2018 20:23:38 [INFO] exp_shallowmodel: test time:  0.000s
01/29/2018 20:23:38 [INFO] exp_shallowmodel: accuracy:   0.702
01/29/2018 20:23:38 [INFO] exp_shallowmodel: f1_score:   0.486
01/29/2018 20:23:38 [INFO] exp_shallowmodel: classification report:
01/29/2018 20:23:38 [INFO] exp_shallowmodel:              precision    recall  f1-score   support

          A       0.00      0.00      0.00        14
          C       0.68      0.64      0.66       164
          F       0.76      0.92      0.83       268
          R       0.54      0.39      0.45       125

avg / total       0.67      0.70      0.68       571

01/29/2018 20:23:38 [INFO] exp_shallowmodel: confusion matrix:
01/29/2018 20:23:38 [INFO] exp_shallowmodel: 
[[  0   3   9   2]
 [  0 105  30  29]
 [  0  10 247  11]
 [  0  37  39  49]]
01/29/2018 20:23:38 [INFO] exp_shallowmodel: ******************** dstc2 - Round 39 
01/29/2018 20:23:38 [INFO] exp_shallowmodel: #(data) = 4568
01/29/2018 20:23:38 [INFO] exp_shallowmodel: #(feature) = 9
01/29/2018 20:23:38 [INFO] exp_shallowmodel: ================================================================================
01/29/2018 20:23:38 [INFO] exp_shallowmodel: LR.pen=l1.C=1.000000
01/29/2018 20:23:38 [INFO] exp_shallowmodel: ________________________________________________________________________________
01/29/2018 20:23:38 [INFO] exp_shallowmodel: Training: 
01/29/2018 20:23:38 [INFO] exp_shallowmodel: LogisticRegression(C=1, class_weight=None, dual=False, fit_intercept=True,
          intercept_scaling=1, max_iter=100, multi_class='ovr', n_jobs=1,
          penalty='l1', random_state=None, solver='liblinear', tol=0.0001,
          verbose=0, warm_start=False)
01/29/2018 20:23:38 [INFO] exp_shallowmodel: train time: 0.029s
01/29/2018 20:23:38 [INFO] exp_shallowmodel: test time:  0.000s
01/29/2018 20:23:38 [INFO] exp_shallowmodel: accuracy:   0.727
01/29/2018 20:23:38 [INFO] exp_shallowmodel: f1_score:   0.522
01/29/2018 20:23:38 [INFO] exp_shallowmodel: classification report:
01/29/2018 20:23:38 [INFO] exp_shallowmodel:              precision    recall  f1-score   support

          A       0.00      0.00      0.00        16
          C       0.70      0.72      0.71       169
          F       0.76      0.90      0.82       271
          R       0.67      0.48      0.56       130

avg / total       0.70      0.73      0.71       586

01/29/2018 20:23:38 [INFO] exp_shallowmodel: confusion matrix:
01/29/2018 20:23:38 [INFO] exp_shallowmodel: 
[[  0   4  10   2]
 [  0 121  30  18]
 [  0  18 243  10]
 [  0  30  38  62]]
01/29/2018 20:23:38 [INFO] exp_shallowmodel: ******************** dstc2 - Round 40 
01/29/2018 20:23:38 [INFO] exp_shallowmodel: #(data) = 4583
01/29/2018 20:23:38 [INFO] exp_shallowmodel: #(feature) = 9
01/29/2018 20:23:38 [INFO] exp_shallowmodel: ================================================================================
01/29/2018 20:23:38 [INFO] exp_shallowmodel: LR.pen=l1.C=1.000000
01/29/2018 20:23:38 [INFO] exp_shallowmodel: ________________________________________________________________________________
01/29/2018 20:23:38 [INFO] exp_shallowmodel: Training: 
01/29/2018 20:23:38 [INFO] exp_shallowmodel: LogisticRegression(C=1, class_weight=None, dual=False, fit_intercept=True,
          intercept_scaling=1, max_iter=100, multi_class='ovr', n_jobs=1,
          penalty='l1', random_state=None, solver='liblinear', tol=0.0001,
          verbose=0, warm_start=False)
01/29/2018 20:23:38 [INFO] exp_shallowmodel: train time: 0.030s
01/29/2018 20:23:38 [INFO] exp_shallowmodel: test time:  0.000s
01/29/2018 20:23:38 [INFO] exp_shallowmodel: accuracy:   0.722
01/29/2018 20:23:38 [INFO] exp_shallowmodel: f1_score:   0.503
01/29/2018 20:23:38 [INFO] exp_shallowmodel: classification report:
01/29/2018 20:23:38 [INFO] exp_shallowmodel:              precision    recall  f1-score   support

          A       0.00      0.00      0.00        14
          C       0.71      0.69      0.70       164
          F       0.75      0.93      0.83       268
          R       0.62      0.39      0.48       125

avg / total       0.69      0.72      0.70       571

01/29/2018 20:23:38 [INFO] exp_shallowmodel: confusion matrix:
01/29/2018 20:23:38 [INFO] exp_shallowmodel: 
[[  0   6   7   1]
 [  0 113  31  20]
 [  0   9 250   9]
 [  0  32  44  49]]
01/29/2018 20:23:38 [INFO] exp_shallowmodel: ******************** dstc2 - Round 41 
01/29/2018 20:23:38 [INFO] exp_shallowmodel: #(data) = 4583
01/29/2018 20:23:38 [INFO] exp_shallowmodel: #(feature) = 9
01/29/2018 20:23:38 [INFO] exp_shallowmodel: ================================================================================
01/29/2018 20:23:38 [INFO] exp_shallowmodel: LR.pen=l1.C=1.000000
01/29/2018 20:23:38 [INFO] exp_shallowmodel: ________________________________________________________________________________
01/29/2018 20:23:38 [INFO] exp_shallowmodel: Training: 
01/29/2018 20:23:38 [INFO] exp_shallowmodel: LogisticRegression(C=1, class_weight=None, dual=False, fit_intercept=True,
          intercept_scaling=1, max_iter=100, multi_class='ovr', n_jobs=1,
          penalty='l1', random_state=None, solver='liblinear', tol=0.0001,
          verbose=0, warm_start=False)
01/29/2018 20:23:38 [INFO] exp_shallowmodel: train time: 0.029s
01/29/2018 20:23:38 [INFO] exp_shallowmodel: test time:  0.000s
01/29/2018 20:23:38 [INFO] exp_shallowmodel: accuracy:   0.697
01/29/2018 20:23:38 [INFO] exp_shallowmodel: f1_score:   0.493
01/29/2018 20:23:38 [INFO] exp_shallowmodel: classification report:
01/29/2018 20:23:38 [INFO] exp_shallowmodel:              precision    recall  f1-score   support

          A       0.00      0.00      0.00        14
          C       0.63      0.62      0.63       164
          F       0.75      0.89      0.81       268
          R       0.63      0.46      0.53       125

avg / total       0.67      0.70      0.68       571

01/29/2018 20:23:38 [INFO] exp_shallowmodel: confusion matrix:
01/29/2018 20:23:38 [INFO] exp_shallowmodel: 
[[  0   3  11   0]
 [  0 102  40  22]
 [  0  18 239  11]
 [  0  38  30  57]]
01/29/2018 20:23:38 [INFO] exp_shallowmodel: ******************** dstc2 - Round 42 
01/29/2018 20:23:38 [INFO] exp_shallowmodel: #(data) = 4583
01/29/2018 20:23:38 [INFO] exp_shallowmodel: #(feature) = 9
01/29/2018 20:23:38 [INFO] exp_shallowmodel: ================================================================================
01/29/2018 20:23:38 [INFO] exp_shallowmodel: LR.pen=l1.C=1.000000
01/29/2018 20:23:38 [INFO] exp_shallowmodel: ________________________________________________________________________________
01/29/2018 20:23:38 [INFO] exp_shallowmodel: Training: 
01/29/2018 20:23:38 [INFO] exp_shallowmodel: LogisticRegression(C=1, class_weight=None, dual=False, fit_intercept=True,
          intercept_scaling=1, max_iter=100, multi_class='ovr', n_jobs=1,
          penalty='l1', random_state=None, solver='liblinear', tol=0.0001,
          verbose=0, warm_start=False)
01/29/2018 20:23:38 [INFO] exp_shallowmodel: train time: 0.030s
01/29/2018 20:23:38 [INFO] exp_shallowmodel: test time:  0.000s
01/29/2018 20:23:38 [INFO] exp_shallowmodel: accuracy:   0.694
01/29/2018 20:23:38 [INFO] exp_shallowmodel: f1_score:   0.483
01/29/2018 20:23:38 [INFO] exp_shallowmodel: classification report:
01/29/2018 20:23:38 [INFO] exp_shallowmodel:              precision    recall  f1-score   support

          A       0.00      0.00      0.00        14
          C       0.67      0.62      0.65       164
          F       0.75      0.91      0.82       268
          R       0.55      0.41      0.47       125

avg / total       0.66      0.69      0.67       571

01/29/2018 20:23:38 [INFO] exp_shallowmodel: confusion matrix:
01/29/2018 20:23:38 [INFO] exp_shallowmodel: 
[[  0   1  12   1]
 [  0 102  34  28]
 [  0  12 243  13]
 [  0  37  37  51]]
01/29/2018 20:23:38 [INFO] exp_shallowmodel: ******************** dstc2 - Round 43 
01/29/2018 20:23:38 [INFO] exp_shallowmodel: #(data) = 4583
01/29/2018 20:23:38 [INFO] exp_shallowmodel: #(feature) = 9
01/29/2018 20:23:38 [INFO] exp_shallowmodel: ================================================================================
01/29/2018 20:23:38 [INFO] exp_shallowmodel: LR.pen=l1.C=1.000000
01/29/2018 20:23:38 [INFO] exp_shallowmodel: ________________________________________________________________________________
01/29/2018 20:23:38 [INFO] exp_shallowmodel: Training: 
01/29/2018 20:23:38 [INFO] exp_shallowmodel: LogisticRegression(C=1, class_weight=None, dual=False, fit_intercept=True,
          intercept_scaling=1, max_iter=100, multi_class='ovr', n_jobs=1,
          penalty='l1', random_state=None, solver='liblinear', tol=0.0001,
          verbose=0, warm_start=False)
01/29/2018 20:23:38 [INFO] exp_shallowmodel: train time: 0.030s
01/29/2018 20:23:38 [INFO] exp_shallowmodel: test time:  0.000s
01/29/2018 20:23:38 [INFO] exp_shallowmodel: accuracy:   0.715
01/29/2018 20:23:38 [INFO] exp_shallowmodel: f1_score:   0.504
01/29/2018 20:23:38 [INFO] exp_shallowmodel: classification report:
01/29/2018 20:23:38 [INFO] exp_shallowmodel:              precision    recall  f1-score   support

          A       0.00      0.00      0.00        14
          C       0.68      0.68      0.68       164
          F       0.77      0.90      0.83       268
          R       0.60      0.44      0.51       125

avg / total       0.69      0.71      0.69       571

01/29/2018 20:23:38 [INFO] exp_shallowmodel: confusion matrix:
01/29/2018 20:23:38 [INFO] exp_shallowmodel: 
[[  0   2  12   0]
 [  0 111  28  25]
 [  0  14 242  12]
 [  0  36  34  55]]
01/29/2018 20:23:38 [INFO] exp_shallowmodel: ******************** dstc2 - Round 44 
01/29/2018 20:23:38 [INFO] exp_shallowmodel: #(data) = 4583
01/29/2018 20:23:38 [INFO] exp_shallowmodel: #(feature) = 9
01/29/2018 20:23:38 [INFO] exp_shallowmodel: ================================================================================
01/29/2018 20:23:38 [INFO] exp_shallowmodel: LR.pen=l1.C=1.000000
01/29/2018 20:23:38 [INFO] exp_shallowmodel: ________________________________________________________________________________
01/29/2018 20:23:38 [INFO] exp_shallowmodel: Training: 
01/29/2018 20:23:38 [INFO] exp_shallowmodel: LogisticRegression(C=1, class_weight=None, dual=False, fit_intercept=True,
          intercept_scaling=1, max_iter=100, multi_class='ovr', n_jobs=1,
          penalty='l1', random_state=None, solver='liblinear', tol=0.0001,
          verbose=0, warm_start=False)
01/29/2018 20:23:38 [INFO] exp_shallowmodel: train time: 0.029s
01/29/2018 20:23:38 [INFO] exp_shallowmodel: test time:  0.000s
01/29/2018 20:23:38 [INFO] exp_shallowmodel: accuracy:   0.751
01/29/2018 20:23:38 [INFO] exp_shallowmodel: f1_score:   0.536
01/29/2018 20:23:38 [INFO] exp_shallowmodel: classification report:
01/29/2018 20:23:38 [INFO] exp_shallowmodel:              precision    recall  f1-score   support

          A       0.00      0.00      0.00        14
          C       0.73      0.68      0.70       164
          F       0.79      0.94      0.86       268
          R       0.65      0.52      0.58       125

avg / total       0.72      0.75      0.73       571

01/29/2018 20:23:38 [INFO] exp_shallowmodel: confusion matrix:
01/29/2018 20:23:38 [INFO] exp_shallowmodel: 
[[  0   3   9   2]
 [  0 112  26  26]
 [  0   9 252   7]
 [  0  30  30  65]]
01/29/2018 20:23:38 [INFO] exp_shallowmodel: ******************** dstc2 - Round 45 
01/29/2018 20:23:38 [INFO] exp_shallowmodel: #(data) = 4583
01/29/2018 20:23:38 [INFO] exp_shallowmodel: #(feature) = 9
01/29/2018 20:23:38 [INFO] exp_shallowmodel: ================================================================================
01/29/2018 20:23:38 [INFO] exp_shallowmodel: LR.pen=l1.C=1.000000
01/29/2018 20:23:38 [INFO] exp_shallowmodel: ________________________________________________________________________________
01/29/2018 20:23:38 [INFO] exp_shallowmodel: Training: 
01/29/2018 20:23:38 [INFO] exp_shallowmodel: LogisticRegression(C=1, class_weight=None, dual=False, fit_intercept=True,
          intercept_scaling=1, max_iter=100, multi_class='ovr', n_jobs=1,
          penalty='l1', random_state=None, solver='liblinear', tol=0.0001,
          verbose=0, warm_start=False)
01/29/2018 20:23:38 [INFO] exp_shallowmodel: train time: 0.029s
01/29/2018 20:23:38 [INFO] exp_shallowmodel: test time:  0.000s
01/29/2018 20:23:38 [INFO] exp_shallowmodel: accuracy:   0.706
01/29/2018 20:23:38 [INFO] exp_shallowmodel: f1_score:   0.489
01/29/2018 20:23:38 [INFO] exp_shallowmodel: classification report:
01/29/2018 20:23:38 [INFO] exp_shallowmodel:              precision    recall  f1-score   support

          A       0.00      0.00      0.00        14
          C       0.66      0.67      0.67       164
          F       0.77      0.91      0.84       268
          R       0.55      0.38      0.45       125

avg / total       0.67      0.71      0.68       571

01/29/2018 20:23:38 [INFO] exp_shallowmodel: confusion matrix:
01/29/2018 20:23:38 [INFO] exp_shallowmodel: 
[[  0   6   7   1]
 [  0 110  29  25]
 [  0   9 245  14]
 [  0  41  36  48]]
01/29/2018 20:23:38 [INFO] exp_shallowmodel: ******************** dstc2 - Round 46 
01/29/2018 20:23:38 [INFO] exp_shallowmodel: #(data) = 4583
01/29/2018 20:23:38 [INFO] exp_shallowmodel: #(feature) = 9
01/29/2018 20:23:38 [INFO] exp_shallowmodel: ================================================================================
01/29/2018 20:23:38 [INFO] exp_shallowmodel: LR.pen=l1.C=1.000000
01/29/2018 20:23:38 [INFO] exp_shallowmodel: ________________________________________________________________________________
01/29/2018 20:23:38 [INFO] exp_shallowmodel: Training: 
01/29/2018 20:23:38 [INFO] exp_shallowmodel: LogisticRegression(C=1, class_weight=None, dual=False, fit_intercept=True,
          intercept_scaling=1, max_iter=100, multi_class='ovr', n_jobs=1,
          penalty='l1', random_state=None, solver='liblinear', tol=0.0001,
          verbose=0, warm_start=False)
01/29/2018 20:23:38 [INFO] exp_shallowmodel: train time: 0.029s
01/29/2018 20:23:38 [INFO] exp_shallowmodel: test time:  0.000s
01/29/2018 20:23:38 [INFO] exp_shallowmodel: accuracy:   0.706
01/29/2018 20:23:38 [INFO] exp_shallowmodel: f1_score:   0.495
01/29/2018 20:23:38 [INFO] exp_shallowmodel: classification report:
01/29/2018 20:23:38 [INFO] exp_shallowmodel:              precision    recall  f1-score   support

          A       0.00      0.00      0.00        14
          C       0.68      0.65      0.66       164
          F       0.74      0.91      0.82       268
          R       0.62      0.42      0.50       125

avg / total       0.68      0.71      0.68       571

01/29/2018 20:23:38 [INFO] exp_shallowmodel: confusion matrix:
01/29/2018 20:23:38 [INFO] exp_shallowmodel: 
[[  0   0  11   3]
 [  0 106  40  18]
 [  0  12 244  12]
 [  0  39  33  53]]
01/29/2018 20:23:38 [INFO] exp_shallowmodel: ******************** dstc2 - Round 47 
01/29/2018 20:23:38 [INFO] exp_shallowmodel: #(data) = 4583
01/29/2018 20:23:38 [INFO] exp_shallowmodel: #(feature) = 9
01/29/2018 20:23:38 [INFO] exp_shallowmodel: ================================================================================
01/29/2018 20:23:38 [INFO] exp_shallowmodel: LR.pen=l1.C=1.000000
01/29/2018 20:23:38 [INFO] exp_shallowmodel: ________________________________________________________________________________
01/29/2018 20:23:38 [INFO] exp_shallowmodel: Training: 
01/29/2018 20:23:38 [INFO] exp_shallowmodel: LogisticRegression(C=1, class_weight=None, dual=False, fit_intercept=True,
          intercept_scaling=1, max_iter=100, multi_class='ovr', n_jobs=1,
          penalty='l1', random_state=None, solver='liblinear', tol=0.0001,
          verbose=0, warm_start=False)
01/29/2018 20:23:38 [INFO] exp_shallowmodel: train time: 0.028s
01/29/2018 20:23:38 [INFO] exp_shallowmodel: test time:  0.000s
01/29/2018 20:23:38 [INFO] exp_shallowmodel: accuracy:   0.751
01/29/2018 20:23:38 [INFO] exp_shallowmodel: f1_score:   0.535
01/29/2018 20:23:38 [INFO] exp_shallowmodel: classification report:
01/29/2018 20:23:38 [INFO] exp_shallowmodel:              precision    recall  f1-score   support

          A       0.00      0.00      0.00        14
          C       0.72      0.69      0.71       164
          F       0.77      0.95      0.85       268
          R       0.72      0.49      0.58       125

avg / total       0.73      0.75      0.73       571

01/29/2018 20:23:38 [INFO] exp_shallowmodel: confusion matrix:
01/29/2018 20:23:38 [INFO] exp_shallowmodel: 
[[  0   2  10   2]
 [  0 113  31  20]
 [  0  11 255   2]
 [  0  30  34  61]]
01/29/2018 20:23:38 [INFO] exp_shallowmodel: ******************** dstc2 - Round 48 
01/29/2018 20:23:38 [INFO] exp_shallowmodel: #(data) = 4583
01/29/2018 20:23:38 [INFO] exp_shallowmodel: #(feature) = 9
01/29/2018 20:23:38 [INFO] exp_shallowmodel: ================================================================================
01/29/2018 20:23:38 [INFO] exp_shallowmodel: LR.pen=l1.C=1.000000
01/29/2018 20:23:38 [INFO] exp_shallowmodel: ________________________________________________________________________________
01/29/2018 20:23:38 [INFO] exp_shallowmodel: Training: 
01/29/2018 20:23:38 [INFO] exp_shallowmodel: LogisticRegression(C=1, class_weight=None, dual=False, fit_intercept=True,
          intercept_scaling=1, max_iter=100, multi_class='ovr', n_jobs=1,
          penalty='l1', random_state=None, solver='liblinear', tol=0.0001,
          verbose=0, warm_start=False)
01/29/2018 20:23:38 [INFO] exp_shallowmodel: train time: 0.029s
01/29/2018 20:23:38 [INFO] exp_shallowmodel: test time:  0.000s
01/29/2018 20:23:38 [INFO] exp_shallowmodel: accuracy:   0.722
01/29/2018 20:23:38 [INFO] exp_shallowmodel: f1_score:   0.511
01/29/2018 20:23:38 [INFO] exp_shallowmodel: classification report:
01/29/2018 20:23:38 [INFO] exp_shallowmodel:              precision    recall  f1-score   support

          A       0.00      0.00      0.00        14
          C       0.71      0.69      0.70       164
          F       0.76      0.91      0.83       268
          R       0.62      0.45      0.52       125

avg / total       0.69      0.72      0.70       571

01/29/2018 20:23:38 [INFO] exp_shallowmodel: confusion matrix:
01/29/2018 20:23:38 [INFO] exp_shallowmodel: 
[[  0   2  12   0]
 [  0 113  29  22]
 [  0  12 243  13]
 [  0  32  37  56]]
01/29/2018 20:23:38 [INFO] exp_shallowmodel: ******************** dstc2 - Round 49 
01/29/2018 20:23:38 [INFO] exp_shallowmodel: #(data) = 4568
01/29/2018 20:23:38 [INFO] exp_shallowmodel: #(feature) = 9
01/29/2018 20:23:38 [INFO] exp_shallowmodel: ================================================================================
01/29/2018 20:23:38 [INFO] exp_shallowmodel: LR.pen=l1.C=1.000000
01/29/2018 20:23:38 [INFO] exp_shallowmodel: ________________________________________________________________________________
01/29/2018 20:23:38 [INFO] exp_shallowmodel: Training: 
01/29/2018 20:23:38 [INFO] exp_shallowmodel: LogisticRegression(C=1, class_weight=None, dual=False, fit_intercept=True,
          intercept_scaling=1, max_iter=100, multi_class='ovr', n_jobs=1,
          penalty='l1', random_state=None, solver='liblinear', tol=0.0001,
          verbose=0, warm_start=False)
01/29/2018 20:23:38 [INFO] exp_shallowmodel: train time: 0.029s
01/29/2018 20:23:38 [INFO] exp_shallowmodel: test time:  0.000s
01/29/2018 20:23:38 [INFO] exp_shallowmodel: accuracy:   0.686
01/29/2018 20:23:38 [INFO] exp_shallowmodel: f1_score:   0.481
01/29/2018 20:23:38 [INFO] exp_shallowmodel: classification report:
01/29/2018 20:23:38 [INFO] exp_shallowmodel:              precision    recall  f1-score   support

          A       0.00      0.00      0.00        16
          C       0.64      0.63      0.63       169
          F       0.73      0.90      0.80       271
          R       0.61      0.40      0.48       130

avg / total       0.66      0.69      0.66       586

01/29/2018 20:23:38 [INFO] exp_shallowmodel: confusion matrix:
01/29/2018 20:23:38 [INFO] exp_shallowmodel: 
[[  0   2  14   0]
 [  0 106  40  23]
 [  0  17 244  10]
 [  0  40  38  52]]
