01/04/2018 17:31:29 [INFO] configuration: experiment_mode  :   discrete_feature_selection
01/04/2018 17:31:29 [INFO] configuration: deep_model  :   False
01/04/2018 17:31:29 [INFO] configuration: selected_context_id  :   0
01/04/2018 17:31:29 [INFO] configuration: selected_feature_set_id  :   10
01/04/2018 17:31:29 [INFO] configuration: similarity_feature  :   True
01/04/2018 17:31:29 [INFO] configuration: k_feature_to_keep  :   5
01/04/2018 17:31:29 [INFO] configuration: seed  :   154316847
01/04/2018 17:31:29 [INFO] configuration: root_path  :   /ihome/pbrusilosky/rum20/y_classify
01/04/2018 17:31:29 [INFO] configuration: task_name  :   utterance_type
01/04/2018 17:31:29 [INFO] configuration: timemark  :   20180104-173129
01/04/2018 17:31:29 [INFO] configuration: context_set  :   next
01/04/2018 17:31:29 [INFO] configuration: utterance_names  :   ['last_user_utterance', 'last_system_utterance', 'current_user_utterance', 'next_system_utterance', 'next_user_utterance']
01/04/2018 17:31:29 [INFO] configuration: utterance_range  :   ['current_user_utterance', 'next_system_utterance', 'next_user_utterance']
01/04/2018 17:31:29 [INFO] configuration: feature_set  :   10-[5+1.3.4]
01/04/2018 17:31:29 [INFO] configuration: feature_set_number  :   ['1', '2', '3', '5', '6', '7', '8']
01/04/2018 17:31:29 [INFO] configuration: experiment_name  :   20180104-173129.discrete_feature_selection.feature_number=5.context=next.feature=10-[5+1.3.4].similarity=true
01/04/2018 17:31:29 [INFO] configuration: experiment_path  :   /ihome/pbrusilosky/rum20/y_classify/output/20180104-173129.discrete_feature_selection.feature_number=5.context=next.feature=10-[5+1.3.4].similarity=true
01/04/2018 17:31:29 [INFO] configuration: log_path  :   /ihome/pbrusilosky/rum20/y_classify/output/20180104-173129.discrete_feature_selection.feature_number=5.context=next.feature=10-[5+1.3.4].similarity=true/output.log
01/04/2018 17:31:29 [INFO] configuration: valid_type  :   {'F', 'C', 'A', 'R'}
01/04/2018 17:31:29 [INFO] configuration: data_name  :   
01/04/2018 17:31:29 [INFO] configuration: data_names  :   ['dstc2', 'dstc3', 'family', 'ghome']
01/04/2018 17:31:29 [INFO] configuration: raw_feature_path  :   /ihome/pbrusilosky/rum20/y_classify/dataset/feature/%s.raw_feature.pkl
01/04/2018 17:31:29 [INFO] configuration: extracted_feature_path  :   /ihome/pbrusilosky/rum20/y_classify/dataset/feature/%s.extracted_feature.pkl
01/04/2018 17:31:29 [INFO] configuration: pipeline_path  :   /ihome/pbrusilosky/rum20/y_classify/dataset/feature/%s.pipeline.pkl
01/04/2018 17:31:29 [INFO] configuration: metrics  :   ['accuracy', 'precision', 'recall', 'f1_score', 'training_time', 'test_time']
01/04/2018 17:31:29 [INFO] configuration: do_cross_validation  :   True
01/04/2018 17:31:29 [INFO] configuration: #division  :   5
01/04/2018 17:31:29 [INFO] configuration: #cross_validation  :   10
01/04/2018 17:31:29 [INFO] configuration: cv_index_cache_path  :   
01/04/2018 17:31:29 [INFO] configuration: action_words  :   {'part', 'room', 'els', 'snooz', 'skip', 'help', 'turn', 'food', 'expens', 'remov', 'post', 'cheap', 'snooze', 'south', 'member', 'expensive', 'number', 'show', 'tell', 'time', 'add', 'phone', 'reminder', 'any', 'temperatur', 'reminders', 'start', 'video', 'play', 'alarm', 'telephon', 'moder', 'shuffle', 'remove', 'centre', 'findcare', 'delete', 'timer', 'address', 'reminds', 'light', 'remind', 'volume', 'telephone', 'shuffl', 'item', 'song', 'music', 'stop', 'matter', 'ani', 'area', 'findcar', 'temperature', 'price', 'share', 'centr', 'volum', 'list', 'cast', 'clear', 'discard', 'delet', 'else', 'moderate', 'watch', 'weather', 'next', 'north', 'items'}
01/04/2018 17:31:29 [INFO] configuration: corenlp_jars  :   ('/Users/memray/Project/stanford/stanford-corenlp-full-3.8.0/*', '/Users/memray/Project/stanford/stanford-corenlp-full-3.8.0/stanford-english-kbp-corenlp-2017-06-09-models.jar')
01/04/2018 17:31:29 [INFO] configuration: lda_topic_number  :   50
01/04/2018 17:31:29 [INFO] configuration: lda_path  :   /ihome/pbrusilosky/rum20/y_classify/dataset/feature/gensim/%s.topic=50.lda.pkl
01/04/2018 17:31:29 [INFO] configuration: gensim_corpus_path  :   /ihome/pbrusilosky/rum20/y_classify/dataset/feature/gensim/%s.corpus.pkl
01/04/2018 17:31:29 [INFO] configuration: gensim_dict_path  :   /ihome/pbrusilosky/rum20/y_classify/dataset/feature/gensim/%s.dict
01/04/2018 17:31:29 [INFO] configuration: w2v_path  :   /home/memray/Data/glove/GoogleNews-vectors-negative300.bin
01/04/2018 17:31:29 [INFO] configuration: w2v_vector_length  :   300
01/04/2018 17:31:29 [INFO] configuration: d2v_vector_length  :   300
01/04/2018 17:31:29 [INFO] configuration: d2v_window_size  :   5
01/04/2018 17:31:29 [INFO] configuration: d2v_min_count  :   2
01/04/2018 17:31:29 [INFO] configuration: d2v_model_path  :   /ihome/pbrusilosky/rum20/y_classify/dataset/feature/gensim/%s.doc2vec.dim=300.window=5.min_count=2.model
01/04/2018 17:31:29 [INFO] configuration: d2v_vector_path  :   /ihome/pbrusilosky/rum20/y_classify/dataset/feature/gensim/%s.doc2vec.dim=300.window=5.min_count=2.vector
01/04/2018 17:31:29 [INFO] configuration: num_word_keep  :   {'dstc2': 300, 'dstc3': 300, 'family': 1000, 'ghome': 1000}
01/04/2018 17:31:29 [INFO] configuration: batch_size  :   128
01/04/2018 17:31:29 [INFO] configuration: max_epoch  :   50
01/04/2018 17:31:29 [INFO] configuration: early_stop_tolerance  :   2
01/04/2018 17:31:29 [INFO] configuration: concat_sents  :   False
01/04/2018 17:31:29 [INFO] configuration: cnn_setting  :   {'model': 'multichannel', 'early_stopping': True, 'word_dim': 300, 'filters': [3, 4, 5], 'filter_num': [100, 100, 100], 'class_size': 4, 'batch_size': 128, 'learning_rate': 0.001, 'norm_limit': 10, 'dropout_prob': 0.0, 'sentence_num': 3}
01/04/2018 17:31:29 [INFO] configuration: skipthought_setting  :   {'skipthought_model_path': '/Users/memray/Data/skip-thought', 'skipthought_data_path': '/ihome/pbrusilosky/rum20/y_classify/dataset/feature/gensim/%s.skip-thought.biskip.vector', 'fixed_emb': True, 'sentence_num': 3, 'hidden_size': 2400, 'class_size': 4, 'learning_rate': 0.0001, 'norm_limit': 3, 'dropout_prob': 0.5}
01/04/2018 17:31:29 [INFO] configuration: lstm_setting  :   {'model': 'non-static', 'hidden_size': 32, 'embedding_size': 300, 'num_layers': 1, 'bidirectional': False, 'learning_rate': 0.001, 'class_size': 4, 'norm_limit': 2, 'clip_grad_norm': 2, 'dropout_prob': 0.1}
01/04/2018 17:31:33 [INFO] exp_shallowmodel: %%%%%%%%%%%%%%%%%%%%%%%%%%%%%%%%%%%%%%%%%%%%%%%%%%
01/04/2018 17:31:33 [INFO] exp_shallowmodel:           dataset=dstc2
01/04/2018 17:31:33 [INFO] exp_shallowmodel:           k_feature_to_keep=5
01/04/2018 17:31:33 [INFO] exp_shallowmodel:           X_new.shape=(5725, 193)
01/04/2018 17:31:33 [INFO] exp_shallowmodel:           #(X_selected)=32
01/04/2018 17:31:33 [INFO] exp_shallowmodel:           #(X_not_selectable)=161
01/04/2018 17:31:33 [INFO] exp_shallowmodel: %%%%%%%%%%%%%%%%%%%%%%%%%%%%%%%%%%%%%%%%%%%%%%%%%%
01/04/2018 17:31:33 [INFO] exp_shallowmodel: ******************** dstc2 - Round 0 
01/04/2018 17:31:33 [INFO] exp_shallowmodel: #(data) = 4583
01/04/2018 17:31:33 [INFO] exp_shallowmodel: #(feature) = 193
01/04/2018 17:31:33 [INFO] exp_shallowmodel: ================================================================================
01/04/2018 17:31:33 [INFO] exp_shallowmodel: LR.pen=l1.C=1.000000
01/04/2018 17:31:33 [INFO] exp_shallowmodel: ________________________________________________________________________________
01/04/2018 17:31:33 [INFO] exp_shallowmodel: Training: 
01/04/2018 17:31:33 [INFO] exp_shallowmodel: LogisticRegression(C=1, class_weight=None, dual=False, fit_intercept=True,
          intercept_scaling=1, max_iter=100, multi_class='ovr', n_jobs=1,
          penalty='l1', random_state=None, solver='liblinear', tol=0.0001,
          verbose=0, warm_start=False)
01/04/2018 17:31:36 [INFO] exp_shallowmodel: train time: 3.015s
01/04/2018 17:31:36 [INFO] exp_shallowmodel: test time:  0.000s
01/04/2018 17:31:36 [INFO] exp_shallowmodel: accuracy:   0.867
01/04/2018 17:31:36 [INFO] exp_shallowmodel: f1_score:   0.772
01/04/2018 17:31:36 [INFO] exp_shallowmodel: classification report:
01/04/2018 17:31:36 [INFO] exp_shallowmodel:              precision    recall  f1-score   support

          A       0.67      0.43      0.52        14
          C       0.80      0.83      0.81       164
          F       0.93      0.94      0.94       268
          R       0.83      0.80      0.82       125

avg / total       0.87      0.87      0.87       571

01/04/2018 17:31:36 [INFO] exp_shallowmodel: confusion matrix:
01/04/2018 17:31:36 [INFO] exp_shallowmodel: 
[[  6   3   5   0]
 [  1 136  11  16]
 [  2   9 253   4]
 [  0  22   3 100]]
01/04/2018 17:31:36 [INFO] exp_shallowmodel: ******************** dstc2 - Round 1 
01/04/2018 17:31:36 [INFO] exp_shallowmodel: #(data) = 4583
01/04/2018 17:31:36 [INFO] exp_shallowmodel: #(feature) = 193
01/04/2018 17:31:36 [INFO] exp_shallowmodel: ================================================================================
01/04/2018 17:31:36 [INFO] exp_shallowmodel: LR.pen=l1.C=1.000000
01/04/2018 17:31:36 [INFO] exp_shallowmodel: ________________________________________________________________________________
01/04/2018 17:31:36 [INFO] exp_shallowmodel: Training: 
01/04/2018 17:31:36 [INFO] exp_shallowmodel: LogisticRegression(C=1, class_weight=None, dual=False, fit_intercept=True,
          intercept_scaling=1, max_iter=100, multi_class='ovr', n_jobs=1,
          penalty='l1', random_state=None, solver='liblinear', tol=0.0001,
          verbose=0, warm_start=False)
01/04/2018 17:31:39 [INFO] exp_shallowmodel: train time: 2.790s
01/04/2018 17:31:39 [INFO] exp_shallowmodel: test time:  0.000s
01/04/2018 17:31:39 [INFO] exp_shallowmodel: accuracy:   0.830
01/04/2018 17:31:39 [INFO] exp_shallowmodel: f1_score:   0.696
01/04/2018 17:31:39 [INFO] exp_shallowmodel: classification report:
01/04/2018 17:31:39 [INFO] exp_shallowmodel:              precision    recall  f1-score   support

          A       0.75      0.21      0.33        14
          C       0.78      0.77      0.77       164
          F       0.91      0.91      0.91       268
          R       0.74      0.80      0.77       125

avg / total       0.83      0.83      0.83       571

01/04/2018 17:31:39 [INFO] exp_shallowmodel: confusion matrix:
01/04/2018 17:31:39 [INFO] exp_shallowmodel: 
[[  3   1   8   2]
 [  0 126  12  26]
 [  1  14 245   8]
 [  0  21   4 100]]
01/04/2018 17:31:39 [INFO] exp_shallowmodel: Feature selection of top 100, ranked by LR weights (selectable:non-selectable=27:73)
01/04/2018 17:31:44 [INFO] exp_shallowmodel: %%%%%%%%%%%%%%%%%%%%%%%%%%%%%%%%%%%%%%%%%%%%%%%%%%
01/04/2018 17:31:44 [INFO] exp_shallowmodel:           dataset=dstc3
01/04/2018 17:31:44 [INFO] exp_shallowmodel:           k_feature_to_keep=5
01/04/2018 17:31:44 [INFO] exp_shallowmodel:           X_new.shape=(5934, 193)
01/04/2018 17:31:44 [INFO] exp_shallowmodel:           #(X_selected)=32
01/04/2018 17:31:44 [INFO] exp_shallowmodel:           #(X_not_selectable)=161
01/04/2018 17:31:44 [INFO] exp_shallowmodel: %%%%%%%%%%%%%%%%%%%%%%%%%%%%%%%%%%%%%%%%%%%%%%%%%%
01/04/2018 17:31:44 [INFO] exp_shallowmodel: ******************** dstc3 - Round 0 
01/04/2018 17:31:44 [INFO] exp_shallowmodel: #(data) = 4750
01/04/2018 17:31:44 [INFO] exp_shallowmodel: #(feature) = 193
01/04/2018 17:31:44 [INFO] exp_shallowmodel: ================================================================================
01/04/2018 17:31:44 [INFO] exp_shallowmodel: LR.pen=l1.C=1.000000
01/04/2018 17:31:44 [INFO] exp_shallowmodel: ________________________________________________________________________________
01/04/2018 17:31:44 [INFO] exp_shallowmodel: Training: 
01/04/2018 17:31:44 [INFO] exp_shallowmodel: LogisticRegression(C=1, class_weight=None, dual=False, fit_intercept=True,
          intercept_scaling=1, max_iter=100, multi_class='ovr', n_jobs=1,
          penalty='l1', random_state=None, solver='liblinear', tol=0.0001,
          verbose=0, warm_start=False)
01/04/2018 17:31:47 [INFO] exp_shallowmodel: train time: 3.467s
01/04/2018 17:31:47 [INFO] exp_shallowmodel: test time:  0.000s
01/04/2018 17:31:47 [INFO] exp_shallowmodel: accuracy:   0.799
01/04/2018 17:31:47 [INFO] exp_shallowmodel: f1_score:   0.687
01/04/2018 17:31:47 [INFO] exp_shallowmodel: classification report:
01/04/2018 17:31:47 [INFO] exp_shallowmodel:              precision    recall  f1-score   support

          A       0.50      0.40      0.44        20
          C       0.76      0.79      0.77       169
          F       0.88      0.93      0.90       281
          R       0.68      0.58      0.63       122

avg / total       0.79      0.80      0.79       592

01/04/2018 17:31:47 [INFO] exp_shallowmodel: confusion matrix:
01/04/2018 17:31:47 [INFO] exp_shallowmodel: 
[[  8   1  11   0]
 [  4 133   9  23]
 [  2   8 261  10]
 [  2  33  16  71]]
01/04/2018 17:31:47 [INFO] exp_shallowmodel: ******************** dstc3 - Round 1 
01/04/2018 17:31:47 [INFO] exp_shallowmodel: #(data) = 4750
01/04/2018 17:31:47 [INFO] exp_shallowmodel: #(feature) = 193
01/04/2018 17:31:47 [INFO] exp_shallowmodel: ================================================================================
01/04/2018 17:31:47 [INFO] exp_shallowmodel: LR.pen=l1.C=1.000000
01/04/2018 17:31:47 [INFO] exp_shallowmodel: ________________________________________________________________________________
01/04/2018 17:31:47 [INFO] exp_shallowmodel: Training: 
01/04/2018 17:31:47 [INFO] exp_shallowmodel: LogisticRegression(C=1, class_weight=None, dual=False, fit_intercept=True,
          intercept_scaling=1, max_iter=100, multi_class='ovr', n_jobs=1,
          penalty='l1', random_state=None, solver='liblinear', tol=0.0001,
          verbose=0, warm_start=False)
01/04/2018 17:31:50 [INFO] exp_shallowmodel: train time: 2.775s
01/04/2018 17:31:50 [INFO] exp_shallowmodel: test time:  0.000s
01/04/2018 17:31:50 [INFO] exp_shallowmodel: accuracy:   0.804
01/04/2018 17:31:50 [INFO] exp_shallowmodel: f1_score:   0.672
01/04/2018 17:31:50 [INFO] exp_shallowmodel: classification report:
01/04/2018 17:31:50 [INFO] exp_shallowmodel:              precision    recall  f1-score   support

          A       0.71      0.25      0.37        20
          C       0.76      0.80      0.78       169
          F       0.86      0.94      0.90       281
          R       0.70      0.58      0.64       122

avg / total       0.80      0.80      0.79       592

01/04/2018 17:31:50 [INFO] exp_shallowmodel: confusion matrix:
01/04/2018 17:31:50 [INFO] exp_shallowmodel: 
[[  5   4  10   1]
 [  0 135  15  19]
 [  2   4 265  10]
 [  0  34  17  71]]
01/04/2018 17:31:50 [INFO] exp_shallowmodel: Feature selection of top 100, ranked by LR weights (selectable:non-selectable=23:77)
01/04/2018 17:31:57 [INFO] exp_shallowmodel: %%%%%%%%%%%%%%%%%%%%%%%%%%%%%%%%%%%%%%%%%%%%%%%%%%
01/04/2018 17:31:57 [INFO] exp_shallowmodel:           dataset=family
01/04/2018 17:31:57 [INFO] exp_shallowmodel:           k_feature_to_keep=5
01/04/2018 17:31:57 [INFO] exp_shallowmodel:           X_new.shape=(3530, 195)
01/04/2018 17:31:57 [INFO] exp_shallowmodel:           #(X_selected)=32
01/04/2018 17:31:57 [INFO] exp_shallowmodel:           #(X_not_selectable)=163
01/04/2018 17:31:57 [INFO] exp_shallowmodel: %%%%%%%%%%%%%%%%%%%%%%%%%%%%%%%%%%%%%%%%%%%%%%%%%%
01/04/2018 17:31:57 [INFO] exp_shallowmodel: ******************** family - Round 0 
01/04/2018 17:31:57 [INFO] exp_shallowmodel: #(data) = 2826
01/04/2018 17:31:57 [INFO] exp_shallowmodel: #(feature) = 195
01/04/2018 17:31:57 [INFO] exp_shallowmodel: ================================================================================
01/04/2018 17:31:57 [INFO] exp_shallowmodel: LR.pen=l1.C=1.000000
01/04/2018 17:31:57 [INFO] exp_shallowmodel: ________________________________________________________________________________
01/04/2018 17:31:57 [INFO] exp_shallowmodel: Training: 
01/04/2018 17:31:57 [INFO] exp_shallowmodel: LogisticRegression(C=1, class_weight=None, dual=False, fit_intercept=True,
          intercept_scaling=1, max_iter=100, multi_class='ovr', n_jobs=1,
          penalty='l1', random_state=None, solver='liblinear', tol=0.0001,
          verbose=0, warm_start=False)
01/04/2018 17:32:00 [INFO] exp_shallowmodel: train time: 2.995s
01/04/2018 17:32:00 [INFO] exp_shallowmodel: test time:  0.000s
01/04/2018 17:32:00 [INFO] exp_shallowmodel: accuracy:   0.841
01/04/2018 17:32:00 [INFO] exp_shallowmodel: f1_score:   0.648
01/04/2018 17:32:00 [INFO] exp_shallowmodel: classification report:
01/04/2018 17:32:00 [INFO] exp_shallowmodel:              precision    recall  f1-score   support

          A       0.35      0.35      0.35        23
          C       0.65      0.63      0.64        27
          F       0.93      0.95      0.94       250
          R       0.69      0.63      0.66        52

avg / total       0.84      0.84      0.84       352

01/04/2018 17:32:00 [INFO] exp_shallowmodel: confusion matrix:
01/04/2018 17:32:00 [INFO] exp_shallowmodel: 
[[  8   4   7   4]
 [  4  17   1   5]
 [  6   0 238   6]
 [  5   5   9  33]]
01/04/2018 17:32:00 [INFO] exp_shallowmodel: ******************** family - Round 1 
01/04/2018 17:32:00 [INFO] exp_shallowmodel: #(data) = 2826
01/04/2018 17:32:00 [INFO] exp_shallowmodel: #(feature) = 195
01/04/2018 17:32:00 [INFO] exp_shallowmodel: ================================================================================
01/04/2018 17:32:00 [INFO] exp_shallowmodel: LR.pen=l1.C=1.000000
01/04/2018 17:32:00 [INFO] exp_shallowmodel: ________________________________________________________________________________
01/04/2018 17:32:00 [INFO] exp_shallowmodel: Training: 
01/04/2018 17:32:00 [INFO] exp_shallowmodel: LogisticRegression(C=1, class_weight=None, dual=False, fit_intercept=True,
          intercept_scaling=1, max_iter=100, multi_class='ovr', n_jobs=1,
          penalty='l1', random_state=None, solver='liblinear', tol=0.0001,
          verbose=0, warm_start=False)
01/04/2018 17:32:02 [INFO] exp_shallowmodel: train time: 2.032s
01/04/2018 17:32:02 [INFO] exp_shallowmodel: test time:  0.000s
01/04/2018 17:32:02 [INFO] exp_shallowmodel: accuracy:   0.884
01/04/2018 17:32:02 [INFO] exp_shallowmodel: f1_score:   0.724
01/04/2018 17:32:02 [INFO] exp_shallowmodel: classification report:
01/04/2018 17:32:02 [INFO] exp_shallowmodel:              precision    recall  f1-score   support

          A       0.62      0.35      0.44        23
          C       0.80      0.74      0.77        27
          F       0.93      0.99      0.96       250
          R       0.77      0.69      0.73        52

avg / total       0.87      0.88      0.87       352

01/04/2018 17:32:02 [INFO] exp_shallowmodel: confusion matrix:
01/04/2018 17:32:02 [INFO] exp_shallowmodel: 
[[  8   1   8   6]
 [  3  20   1   3]
 [  0   1 247   2]
 [  2   3  11  36]]
01/04/2018 17:32:03 [INFO] exp_shallowmodel: Feature selection of top 100, ranked by LR weights (selectable:non-selectable=25:75)
01/04/2018 17:32:11 [INFO] exp_shallowmodel: %%%%%%%%%%%%%%%%%%%%%%%%%%%%%%%%%%%%%%%%%%%%%%%%%%
01/04/2018 17:32:11 [INFO] exp_shallowmodel:           dataset=ghome
01/04/2018 17:32:11 [INFO] exp_shallowmodel:           k_feature_to_keep=5
01/04/2018 17:32:11 [INFO] exp_shallowmodel:           X_new.shape=(5241, 194)
01/04/2018 17:32:11 [INFO] exp_shallowmodel:           #(X_selected)=32
01/04/2018 17:32:11 [INFO] exp_shallowmodel:           #(X_not_selectable)=162
01/04/2018 17:32:11 [INFO] exp_shallowmodel: %%%%%%%%%%%%%%%%%%%%%%%%%%%%%%%%%%%%%%%%%%%%%%%%%%
01/04/2018 17:32:11 [INFO] exp_shallowmodel: ******************** ghome - Round 0 
01/04/2018 17:32:11 [INFO] exp_shallowmodel: #(data) = 4197
01/04/2018 17:32:11 [INFO] exp_shallowmodel: #(feature) = 194
01/04/2018 17:32:11 [INFO] exp_shallowmodel: ================================================================================
01/04/2018 17:32:11 [INFO] exp_shallowmodel: LR.pen=l1.C=1.000000
01/04/2018 17:32:11 [INFO] exp_shallowmodel: ________________________________________________________________________________
01/04/2018 17:32:11 [INFO] exp_shallowmodel: Training: 
01/04/2018 17:32:11 [INFO] exp_shallowmodel: LogisticRegression(C=1, class_weight=None, dual=False, fit_intercept=True,
          intercept_scaling=1, max_iter=100, multi_class='ovr', n_jobs=1,
          penalty='l1', random_state=None, solver='liblinear', tol=0.0001,
          verbose=0, warm_start=False)
01/04/2018 17:32:15 [INFO] exp_shallowmodel: train time: 3.717s
01/04/2018 17:32:15 [INFO] exp_shallowmodel: test time:  0.000s
01/04/2018 17:32:15 [INFO] exp_shallowmodel: accuracy:   0.862
01/04/2018 17:32:15 [INFO] exp_shallowmodel: f1_score:   0.588
01/04/2018 17:32:15 [INFO] exp_shallowmodel: classification report:
01/04/2018 17:32:15 [INFO] exp_shallowmodel:              precision    recall  f1-score   support

          A       0.64      0.49      0.56        59
          C       0.29      0.17      0.21        12
          F       0.93      0.97      0.95       396
          R       0.64      0.64      0.64        55

avg / total       0.85      0.86      0.85       522

01/04/2018 17:32:15 [INFO] exp_shallowmodel: confusion matrix:
01/04/2018 17:32:15 [INFO] exp_shallowmodel: 
[[ 29   1  14  15]
 [  2   2   7   1]
 [  5   3 384   4]
 [  9   1  10  35]]
01/04/2018 17:32:15 [INFO] exp_shallowmodel: ******************** ghome - Round 1 
01/04/2018 17:32:15 [INFO] exp_shallowmodel: #(data) = 4197
01/04/2018 17:32:15 [INFO] exp_shallowmodel: #(feature) = 194
01/04/2018 17:32:15 [INFO] exp_shallowmodel: ================================================================================
01/04/2018 17:32:15 [INFO] exp_shallowmodel: LR.pen=l1.C=1.000000
01/04/2018 17:32:15 [INFO] exp_shallowmodel: ________________________________________________________________________________
01/04/2018 17:32:15 [INFO] exp_shallowmodel: Training: 
01/04/2018 17:32:15 [INFO] exp_shallowmodel: LogisticRegression(C=1, class_weight=None, dual=False, fit_intercept=True,
          intercept_scaling=1, max_iter=100, multi_class='ovr', n_jobs=1,
          penalty='l1', random_state=None, solver='liblinear', tol=0.0001,
          verbose=0, warm_start=False)
01/04/2018 17:32:18 [INFO] exp_shallowmodel: train time: 3.465s
01/04/2018 17:32:18 [INFO] exp_shallowmodel: test time:  0.000s
01/04/2018 17:32:18 [INFO] exp_shallowmodel: accuracy:   0.881
01/04/2018 17:32:18 [INFO] exp_shallowmodel: f1_score:   0.624
01/04/2018 17:32:18 [INFO] exp_shallowmodel: classification report:
01/04/2018 17:32:18 [INFO] exp_shallowmodel:              precision    recall  f1-score   support

          A       0.72      0.64      0.68        59
          C       0.33      0.17      0.22        12
          F       0.93      0.98      0.95       396
          R       0.69      0.60      0.64        55

avg / total       0.87      0.88      0.87       522

01/04/2018 17:32:18 [INFO] exp_shallowmodel: confusion matrix:
01/04/2018 17:32:18 [INFO] exp_shallowmodel: 
[[ 38   1  10  10]
 [  3   2   5   2]
 [  4   2 387   3]
 [  8   1  13  33]]
01/04/2018 17:32:19 [INFO] exp_shallowmodel: Feature selection of top 100, ranked by LR weights (selectable:non-selectable=22:78)
