01/04/2018 17:31:28 [INFO] configuration: experiment_mode  :   discrete_feature_selection
01/04/2018 17:31:28 [INFO] configuration: deep_model  :   False
01/04/2018 17:31:28 [INFO] configuration: selected_context_id  :   0
01/04/2018 17:31:28 [INFO] configuration: selected_feature_set_id  :   11
01/04/2018 17:31:28 [INFO] configuration: similarity_feature  :   True
01/04/2018 17:31:28 [INFO] configuration: k_feature_to_keep  :   4
01/04/2018 17:31:28 [INFO] configuration: seed  :   154316847
01/04/2018 17:31:28 [INFO] configuration: root_path  :   /ihome/pbrusilosky/rum20/y_classify
01/04/2018 17:31:28 [INFO] configuration: task_name  :   utterance_type
01/04/2018 17:31:28 [INFO] configuration: timemark  :   20180104-173128
01/04/2018 17:31:28 [INFO] configuration: context_set  :   next
01/04/2018 17:31:28 [INFO] configuration: utterance_names  :   ['last_user_utterance', 'last_system_utterance', 'current_user_utterance', 'next_system_utterance', 'next_user_utterance']
01/04/2018 17:31:28 [INFO] configuration: utterance_range  :   ['current_user_utterance', 'next_system_utterance', 'next_user_utterance']
01/04/2018 17:31:28 [INFO] configuration: feature_set  :   11-[6+1.3.4]
01/04/2018 17:31:28 [INFO] configuration: feature_set_number  :   ['1', '2', '3', '5', '6', '7', '9']
01/04/2018 17:31:28 [INFO] configuration: experiment_name  :   20180104-173128.discrete_feature_selection.feature_number=4.context=next.feature=11-[6+1.3.4].similarity=true
01/04/2018 17:31:28 [INFO] configuration: experiment_path  :   /ihome/pbrusilosky/rum20/y_classify/output/20180104-173128.discrete_feature_selection.feature_number=4.context=next.feature=11-[6+1.3.4].similarity=true
01/04/2018 17:31:28 [INFO] configuration: log_path  :   /ihome/pbrusilosky/rum20/y_classify/output/20180104-173128.discrete_feature_selection.feature_number=4.context=next.feature=11-[6+1.3.4].similarity=true/output.log
01/04/2018 17:31:28 [INFO] configuration: valid_type  :   {'R', 'F', 'C', 'A'}
01/04/2018 17:31:28 [INFO] configuration: data_name  :   
01/04/2018 17:31:28 [INFO] configuration: data_names  :   ['dstc2', 'dstc3', 'family', 'ghome']
01/04/2018 17:31:28 [INFO] configuration: raw_feature_path  :   /ihome/pbrusilosky/rum20/y_classify/dataset/feature/%s.raw_feature.pkl
01/04/2018 17:31:28 [INFO] configuration: extracted_feature_path  :   /ihome/pbrusilosky/rum20/y_classify/dataset/feature/%s.extracted_feature.pkl
01/04/2018 17:31:28 [INFO] configuration: pipeline_path  :   /ihome/pbrusilosky/rum20/y_classify/dataset/feature/%s.pipeline.pkl
01/04/2018 17:31:28 [INFO] configuration: metrics  :   ['accuracy', 'precision', 'recall', 'f1_score', 'training_time', 'test_time']
01/04/2018 17:31:28 [INFO] configuration: do_cross_validation  :   True
01/04/2018 17:31:28 [INFO] configuration: #division  :   5
01/04/2018 17:31:28 [INFO] configuration: #cross_validation  :   10
01/04/2018 17:31:28 [INFO] configuration: cv_index_cache_path  :   
01/04/2018 17:31:28 [INFO] configuration: action_words  :   {'any', 'findcar', 'music', 'phone', 'expens', 'part', 'centre', 'temperatur', 'song', 'els', 'centr', 'video', 'start', 'temperature', 'turn', 'volume', 'number', 'alarm', 'food', 'add', 'moderate', 'room', 'shuffl', 'play', 'items', 'remove', 'help', 'cheap', 'telephone', 'show', 'light', 'skip', 'time', 'else', 'item', 'stop', 'shuffle', 'telephon', 'timer', 'north', 'snooz', 'remov', 'next', 'remind', 'discard', 'findcare', 'reminds', 'ani', 'reminder', 'member', 'moder', 'price', 'weather', 'expensive', 'watch', 'south', 'volum', 'list', 'post', 'tell', 'delete', 'area', 'clear', 'matter', 'share', 'reminders', 'snooze', 'cast', 'address', 'delet'}
01/04/2018 17:31:28 [INFO] configuration: corenlp_jars  :   ('/Users/memray/Project/stanford/stanford-corenlp-full-3.8.0/*', '/Users/memray/Project/stanford/stanford-corenlp-full-3.8.0/stanford-english-kbp-corenlp-2017-06-09-models.jar')
01/04/2018 17:31:28 [INFO] configuration: lda_topic_number  :   50
01/04/2018 17:31:28 [INFO] configuration: lda_path  :   /ihome/pbrusilosky/rum20/y_classify/dataset/feature/gensim/%s.topic=50.lda.pkl
01/04/2018 17:31:28 [INFO] configuration: gensim_corpus_path  :   /ihome/pbrusilosky/rum20/y_classify/dataset/feature/gensim/%s.corpus.pkl
01/04/2018 17:31:28 [INFO] configuration: gensim_dict_path  :   /ihome/pbrusilosky/rum20/y_classify/dataset/feature/gensim/%s.dict
01/04/2018 17:31:28 [INFO] configuration: w2v_path  :   /home/memray/Data/glove/GoogleNews-vectors-negative300.bin
01/04/2018 17:31:28 [INFO] configuration: w2v_vector_length  :   300
01/04/2018 17:31:28 [INFO] configuration: d2v_vector_length  :   300
01/04/2018 17:31:28 [INFO] configuration: d2v_window_size  :   5
01/04/2018 17:31:28 [INFO] configuration: d2v_min_count  :   2
01/04/2018 17:31:28 [INFO] configuration: d2v_model_path  :   /ihome/pbrusilosky/rum20/y_classify/dataset/feature/gensim/%s.doc2vec.dim=300.window=5.min_count=2.model
01/04/2018 17:31:28 [INFO] configuration: d2v_vector_path  :   /ihome/pbrusilosky/rum20/y_classify/dataset/feature/gensim/%s.doc2vec.dim=300.window=5.min_count=2.vector
01/04/2018 17:31:28 [INFO] configuration: num_word_keep  :   {'dstc2': 300, 'dstc3': 300, 'family': 1000, 'ghome': 1000}
01/04/2018 17:31:28 [INFO] configuration: batch_size  :   128
01/04/2018 17:31:28 [INFO] configuration: max_epoch  :   50
01/04/2018 17:31:28 [INFO] configuration: early_stop_tolerance  :   2
01/04/2018 17:31:28 [INFO] configuration: concat_sents  :   False
01/04/2018 17:31:28 [INFO] configuration: cnn_setting  :   {'model': 'multichannel', 'early_stopping': True, 'word_dim': 300, 'filters': [3, 4, 5], 'filter_num': [100, 100, 100], 'class_size': 4, 'batch_size': 128, 'learning_rate': 0.001, 'norm_limit': 10, 'dropout_prob': 0.0, 'sentence_num': 3}
01/04/2018 17:31:28 [INFO] configuration: skipthought_setting  :   {'skipthought_model_path': '/Users/memray/Data/skip-thought', 'skipthought_data_path': '/ihome/pbrusilosky/rum20/y_classify/dataset/feature/gensim/%s.skip-thought.biskip.vector', 'fixed_emb': True, 'sentence_num': 3, 'hidden_size': 2400, 'class_size': 4, 'learning_rate': 0.0001, 'norm_limit': 3, 'dropout_prob': 0.5}
01/04/2018 17:31:28 [INFO] configuration: lstm_setting  :   {'model': 'non-static', 'hidden_size': 32, 'embedding_size': 300, 'num_layers': 1, 'bidirectional': False, 'learning_rate': 0.001, 'class_size': 4, 'norm_limit': 2, 'clip_grad_norm': 2, 'dropout_prob': 0.1}
01/04/2018 17:31:31 [INFO] exp_shallowmodel: %%%%%%%%%%%%%%%%%%%%%%%%%%%%%%%%%%%%%%%%%%%%%%%%%%
01/04/2018 17:31:31 [INFO] exp_shallowmodel:           dataset=dstc2
01/04/2018 17:31:31 [INFO] exp_shallowmodel:           k_feature_to_keep=4
01/04/2018 17:31:31 [INFO] exp_shallowmodel:           X_new.shape=(5725, 928)
01/04/2018 17:31:31 [INFO] exp_shallowmodel:           #(X_selected)=16
01/04/2018 17:31:31 [INFO] exp_shallowmodel:           #(X_not_selectable)=912
01/04/2018 17:31:31 [INFO] exp_shallowmodel: %%%%%%%%%%%%%%%%%%%%%%%%%%%%%%%%%%%%%%%%%%%%%%%%%%
01/04/2018 17:31:31 [INFO] exp_shallowmodel: ******************** dstc2 - Round 0 
01/04/2018 17:31:31 [INFO] exp_shallowmodel: #(data) = 4583
01/04/2018 17:31:31 [INFO] exp_shallowmodel: #(feature) = 928
01/04/2018 17:31:31 [INFO] exp_shallowmodel: ================================================================================
01/04/2018 17:31:31 [INFO] exp_shallowmodel: LR.pen=l1.C=1.000000
01/04/2018 17:31:31 [INFO] exp_shallowmodel: ________________________________________________________________________________
01/04/2018 17:31:31 [INFO] exp_shallowmodel: Training: 
01/04/2018 17:31:31 [INFO] exp_shallowmodel: LogisticRegression(C=1, class_weight=None, dual=False, fit_intercept=True,
          intercept_scaling=1, max_iter=100, multi_class='ovr', n_jobs=1,
          penalty='l1', random_state=None, solver='liblinear', tol=0.0001,
          verbose=0, warm_start=False)
01/04/2018 17:31:54 [INFO] exp_shallowmodel: train time: 22.718s
01/04/2018 17:31:54 [INFO] exp_shallowmodel: test time:  0.001s
01/04/2018 17:31:54 [INFO] exp_shallowmodel: accuracy:   0.860
01/04/2018 17:31:54 [INFO] exp_shallowmodel: f1_score:   0.759
01/04/2018 17:31:54 [INFO] exp_shallowmodel: classification report:
01/04/2018 17:31:54 [INFO] exp_shallowmodel:              precision    recall  f1-score   support

          A       0.60      0.43      0.50        14
          C       0.81      0.80      0.81       164
          F       0.92      0.96      0.94       268
          R       0.80      0.78      0.79       125

avg / total       0.86      0.86      0.86       571

01/04/2018 17:31:54 [INFO] exp_shallowmodel: confusion matrix:
01/04/2018 17:31:54 [INFO] exp_shallowmodel: 
[[  6   2   5   1]
 [  1 131  12  20]
 [  2   7 256   3]
 [  1  21   5  98]]
01/04/2018 17:31:54 [INFO] exp_shallowmodel: ******************** dstc2 - Round 1 
01/04/2018 17:31:54 [INFO] exp_shallowmodel: #(data) = 4583
01/04/2018 17:31:54 [INFO] exp_shallowmodel: #(feature) = 928
01/04/2018 17:31:54 [INFO] exp_shallowmodel: ================================================================================
01/04/2018 17:31:54 [INFO] exp_shallowmodel: LR.pen=l1.C=1.000000
01/04/2018 17:31:54 [INFO] exp_shallowmodel: ________________________________________________________________________________
01/04/2018 17:31:54 [INFO] exp_shallowmodel: Training: 
01/04/2018 17:31:54 [INFO] exp_shallowmodel: LogisticRegression(C=1, class_weight=None, dual=False, fit_intercept=True,
          intercept_scaling=1, max_iter=100, multi_class='ovr', n_jobs=1,
          penalty='l1', random_state=None, solver='liblinear', tol=0.0001,
          verbose=0, warm_start=False)
01/04/2018 17:32:13 [INFO] exp_shallowmodel: train time: 19.311s
01/04/2018 17:32:13 [INFO] exp_shallowmodel: test time:  0.001s
01/04/2018 17:32:13 [INFO] exp_shallowmodel: accuracy:   0.806
01/04/2018 17:32:13 [INFO] exp_shallowmodel: f1_score:   0.709
01/04/2018 17:32:13 [INFO] exp_shallowmodel: classification report:
01/04/2018 17:32:13 [INFO] exp_shallowmodel:              precision    recall  f1-score   support

          A       0.71      0.36      0.48        14
          C       0.73      0.73      0.73       164
          F       0.89      0.91      0.90       268
          R       0.72      0.74      0.73       125

avg / total       0.80      0.81      0.80       571

01/04/2018 17:32:13 [INFO] exp_shallowmodel: confusion matrix:
01/04/2018 17:32:13 [INFO] exp_shallowmodel: 
[[  5   3   4   2]
 [  1 120  19  24]
 [  1  15 243   9]
 [  0  26   7  92]]
01/04/2018 17:32:14 [INFO] exp_shallowmodel: Feature selection of top 100, ranked by LR weights (selectable:non-selectable=7:93)
01/04/2018 17:32:18 [INFO] exp_shallowmodel: %%%%%%%%%%%%%%%%%%%%%%%%%%%%%%%%%%%%%%%%%%%%%%%%%%
01/04/2018 17:32:18 [INFO] exp_shallowmodel:           dataset=dstc3
01/04/2018 17:32:18 [INFO] exp_shallowmodel:           k_feature_to_keep=4
01/04/2018 17:32:18 [INFO] exp_shallowmodel:           X_new.shape=(5934, 928)
01/04/2018 17:32:18 [INFO] exp_shallowmodel:           #(X_selected)=16
01/04/2018 17:32:18 [INFO] exp_shallowmodel:           #(X_not_selectable)=912
01/04/2018 17:32:18 [INFO] exp_shallowmodel: %%%%%%%%%%%%%%%%%%%%%%%%%%%%%%%%%%%%%%%%%%%%%%%%%%
01/04/2018 17:32:18 [INFO] exp_shallowmodel: ******************** dstc3 - Round 0 
01/04/2018 17:32:18 [INFO] exp_shallowmodel: #(data) = 4750
01/04/2018 17:32:18 [INFO] exp_shallowmodel: #(feature) = 928
01/04/2018 17:32:18 [INFO] exp_shallowmodel: ================================================================================
01/04/2018 17:32:18 [INFO] exp_shallowmodel: LR.pen=l1.C=1.000000
01/04/2018 17:32:18 [INFO] exp_shallowmodel: ________________________________________________________________________________
01/04/2018 17:32:18 [INFO] exp_shallowmodel: Training: 
01/04/2018 17:32:18 [INFO] exp_shallowmodel: LogisticRegression(C=1, class_weight=None, dual=False, fit_intercept=True,
          intercept_scaling=1, max_iter=100, multi_class='ovr', n_jobs=1,
          penalty='l1', random_state=None, solver='liblinear', tol=0.0001,
          verbose=0, warm_start=False)
01/04/2018 17:32:38 [INFO] exp_shallowmodel: train time: 19.543s
01/04/2018 17:32:38 [INFO] exp_shallowmodel: test time:  0.001s
01/04/2018 17:32:38 [INFO] exp_shallowmodel: accuracy:   0.811
01/04/2018 17:32:38 [INFO] exp_shallowmodel: f1_score:   0.746
01/04/2018 17:32:38 [INFO] exp_shallowmodel: classification report:
01/04/2018 17:32:38 [INFO] exp_shallowmodel:              precision    recall  f1-score   support

          A       0.85      0.55      0.67        20
          C       0.77      0.80      0.78       169
          F       0.88      0.94      0.91       281
          R       0.68      0.58      0.63       122

avg / total       0.81      0.81      0.81       592

01/04/2018 17:32:38 [INFO] exp_shallowmodel: confusion matrix:
01/04/2018 17:32:38 [INFO] exp_shallowmodel: 
[[ 11   2   7   0]
 [  0 135  10  24]
 [  2   6 263  10]
 [  0  32  19  71]]
01/04/2018 17:32:38 [INFO] exp_shallowmodel: ******************** dstc3 - Round 1 
01/04/2018 17:32:38 [INFO] exp_shallowmodel: #(data) = 4750
01/04/2018 17:32:38 [INFO] exp_shallowmodel: #(feature) = 928
01/04/2018 17:32:38 [INFO] exp_shallowmodel: ================================================================================
01/04/2018 17:32:38 [INFO] exp_shallowmodel: LR.pen=l1.C=1.000000
01/04/2018 17:32:38 [INFO] exp_shallowmodel: ________________________________________________________________________________
01/04/2018 17:32:38 [INFO] exp_shallowmodel: Training: 
01/04/2018 17:32:38 [INFO] exp_shallowmodel: LogisticRegression(C=1, class_weight=None, dual=False, fit_intercept=True,
          intercept_scaling=1, max_iter=100, multi_class='ovr', n_jobs=1,
          penalty='l1', random_state=None, solver='liblinear', tol=0.0001,
          verbose=0, warm_start=False)
01/04/2018 17:32:59 [INFO] exp_shallowmodel: train time: 21.521s
01/04/2018 17:32:59 [INFO] exp_shallowmodel: test time:  0.001s
01/04/2018 17:32:59 [INFO] exp_shallowmodel: accuracy:   0.801
01/04/2018 17:32:59 [INFO] exp_shallowmodel: f1_score:   0.704
01/04/2018 17:32:59 [INFO] exp_shallowmodel: classification report:
01/04/2018 17:32:59 [INFO] exp_shallowmodel:              precision    recall  f1-score   support

          A       0.59      0.50      0.54        20
          C       0.76      0.80      0.78       169
          F       0.89      0.94      0.92       281
          R       0.64      0.53      0.58       122

avg / total       0.79      0.80      0.79       592

01/04/2018 17:32:59 [INFO] exp_shallowmodel: confusion matrix:
01/04/2018 17:32:59 [INFO] exp_shallowmodel: 
[[ 10   4   4   2]
 [  2 135  11  21]
 [  1   2 264  14]
 [  4  36  17  65]]
01/04/2018 17:33:00 [INFO] exp_shallowmodel: Feature selection of top 100, ranked by LR weights (selectable:non-selectable=3:97)
01/04/2018 17:33:07 [INFO] exp_shallowmodel: %%%%%%%%%%%%%%%%%%%%%%%%%%%%%%%%%%%%%%%%%%%%%%%%%%
01/04/2018 17:33:07 [INFO] exp_shallowmodel:           dataset=family
01/04/2018 17:33:07 [INFO] exp_shallowmodel:           k_feature_to_keep=4
01/04/2018 17:33:07 [INFO] exp_shallowmodel:           X_new.shape=(3530, 930)
01/04/2018 17:33:07 [INFO] exp_shallowmodel:           #(X_selected)=16
01/04/2018 17:33:07 [INFO] exp_shallowmodel:           #(X_not_selectable)=914
01/04/2018 17:33:07 [INFO] exp_shallowmodel: %%%%%%%%%%%%%%%%%%%%%%%%%%%%%%%%%%%%%%%%%%%%%%%%%%
01/04/2018 17:33:07 [INFO] exp_shallowmodel: ******************** family - Round 0 
01/04/2018 17:33:07 [INFO] exp_shallowmodel: #(data) = 2826
01/04/2018 17:33:07 [INFO] exp_shallowmodel: #(feature) = 930
01/04/2018 17:33:07 [INFO] exp_shallowmodel: ================================================================================
01/04/2018 17:33:07 [INFO] exp_shallowmodel: LR.pen=l1.C=1.000000
01/04/2018 17:33:07 [INFO] exp_shallowmodel: ________________________________________________________________________________
01/04/2018 17:33:07 [INFO] exp_shallowmodel: Training: 
01/04/2018 17:33:07 [INFO] exp_shallowmodel: LogisticRegression(C=1, class_weight=None, dual=False, fit_intercept=True,
          intercept_scaling=1, max_iter=100, multi_class='ovr', n_jobs=1,
          penalty='l1', random_state=None, solver='liblinear', tol=0.0001,
          verbose=0, warm_start=False)
01/04/2018 17:33:13 [INFO] exp_shallowmodel: train time: 6.593s
01/04/2018 17:33:13 [INFO] exp_shallowmodel: test time:  0.001s
01/04/2018 17:33:13 [INFO] exp_shallowmodel: accuracy:   0.844
01/04/2018 17:33:13 [INFO] exp_shallowmodel: f1_score:   0.635
01/04/2018 17:33:13 [INFO] exp_shallowmodel: classification report:
01/04/2018 17:33:13 [INFO] exp_shallowmodel:              precision    recall  f1-score   support

          A       0.37      0.30      0.33        23
          C       0.64      0.59      0.62        27
          F       0.95      0.96      0.95       250
          R       0.62      0.65      0.64        52

avg / total       0.84      0.84      0.84       352

01/04/2018 17:33:13 [INFO] exp_shallowmodel: confusion matrix:
01/04/2018 17:33:13 [INFO] exp_shallowmodel: 
[[  7   4   7   5]
 [  2  16   0   9]
 [  3   0 240   7]
 [  7   5   6  34]]
01/04/2018 17:33:13 [INFO] exp_shallowmodel: ******************** family - Round 1 
01/04/2018 17:33:13 [INFO] exp_shallowmodel: #(data) = 2826
01/04/2018 17:33:13 [INFO] exp_shallowmodel: #(feature) = 930
01/04/2018 17:33:13 [INFO] exp_shallowmodel: ================================================================================
01/04/2018 17:33:13 [INFO] exp_shallowmodel: LR.pen=l1.C=1.000000
01/04/2018 17:33:13 [INFO] exp_shallowmodel: ________________________________________________________________________________
01/04/2018 17:33:13 [INFO] exp_shallowmodel: Training: 
01/04/2018 17:33:13 [INFO] exp_shallowmodel: LogisticRegression(C=1, class_weight=None, dual=False, fit_intercept=True,
          intercept_scaling=1, max_iter=100, multi_class='ovr', n_jobs=1,
          penalty='l1', random_state=None, solver='liblinear', tol=0.0001,
          verbose=0, warm_start=False)
01/04/2018 17:33:20 [INFO] exp_shallowmodel: train time: 6.345s
01/04/2018 17:33:20 [INFO] exp_shallowmodel: test time:  0.001s
01/04/2018 17:33:20 [INFO] exp_shallowmodel: accuracy:   0.855
01/04/2018 17:33:20 [INFO] exp_shallowmodel: f1_score:   0.690
01/04/2018 17:33:20 [INFO] exp_shallowmodel: classification report:
01/04/2018 17:33:20 [INFO] exp_shallowmodel:              precision    recall  f1-score   support

          A       0.58      0.30      0.40        23
          C       0.77      0.74      0.75        27
          F       0.91      0.96      0.93       250
          R       0.67      0.67      0.67        52

avg / total       0.84      0.86      0.85       352

01/04/2018 17:33:20 [INFO] exp_shallowmodel: confusion matrix:
01/04/2018 17:33:20 [INFO] exp_shallowmodel: 
[[  7   1   9   6]
 [  1  20   2   4]
 [  3   1 239   7]
 [  1   4  12  35]]
01/04/2018 17:33:20 [INFO] exp_shallowmodel: Feature selection of top 100, ranked by LR weights (selectable:non-selectable=6:94)
01/04/2018 17:33:29 [INFO] exp_shallowmodel: %%%%%%%%%%%%%%%%%%%%%%%%%%%%%%%%%%%%%%%%%%%%%%%%%%
01/04/2018 17:33:29 [INFO] exp_shallowmodel:           dataset=ghome
01/04/2018 17:33:29 [INFO] exp_shallowmodel:           k_feature_to_keep=4
01/04/2018 17:33:29 [INFO] exp_shallowmodel:           X_new.shape=(5241, 929)
01/04/2018 17:33:29 [INFO] exp_shallowmodel:           #(X_selected)=16
01/04/2018 17:33:29 [INFO] exp_shallowmodel:           #(X_not_selectable)=913
01/04/2018 17:33:29 [INFO] exp_shallowmodel: %%%%%%%%%%%%%%%%%%%%%%%%%%%%%%%%%%%%%%%%%%%%%%%%%%
01/04/2018 17:33:29 [INFO] exp_shallowmodel: ******************** ghome - Round 0 
01/04/2018 17:33:29 [INFO] exp_shallowmodel: #(data) = 4197
01/04/2018 17:33:29 [INFO] exp_shallowmodel: #(feature) = 929
01/04/2018 17:33:29 [INFO] exp_shallowmodel: ================================================================================
01/04/2018 17:33:29 [INFO] exp_shallowmodel: LR.pen=l1.C=1.000000
01/04/2018 17:33:29 [INFO] exp_shallowmodel: ________________________________________________________________________________
01/04/2018 17:33:29 [INFO] exp_shallowmodel: Training: 
01/04/2018 17:33:29 [INFO] exp_shallowmodel: LogisticRegression(C=1, class_weight=None, dual=False, fit_intercept=True,
          intercept_scaling=1, max_iter=100, multi_class='ovr', n_jobs=1,
          penalty='l1', random_state=None, solver='liblinear', tol=0.0001,
          verbose=0, warm_start=False)
01/04/2018 17:33:41 [INFO] exp_shallowmodel: train time: 11.985s
01/04/2018 17:33:41 [INFO] exp_shallowmodel: test time:  0.001s
01/04/2018 17:33:41 [INFO] exp_shallowmodel: accuracy:   0.872
01/04/2018 17:33:41 [INFO] exp_shallowmodel: f1_score:   0.607
01/04/2018 17:33:41 [INFO] exp_shallowmodel: classification report:
01/04/2018 17:33:41 [INFO] exp_shallowmodel:              precision    recall  f1-score   support

          A       0.63      0.58      0.60        59
          C       0.29      0.17      0.21        12
          F       0.94      0.97      0.95       396
          R       0.67      0.65      0.66        55

avg / total       0.86      0.87      0.87       522

01/04/2018 17:33:41 [INFO] exp_shallowmodel: confusion matrix:
01/04/2018 17:33:41 [INFO] exp_shallowmodel: 
[[ 34   2  14   9]
 [  5   2   3   2]
 [  5   1 383   7]
 [ 10   2   7  36]]
01/04/2018 17:33:41 [INFO] exp_shallowmodel: ******************** ghome - Round 1 
01/04/2018 17:33:41 [INFO] exp_shallowmodel: #(data) = 4197
01/04/2018 17:33:41 [INFO] exp_shallowmodel: #(feature) = 929
01/04/2018 17:33:41 [INFO] exp_shallowmodel: ================================================================================
01/04/2018 17:33:41 [INFO] exp_shallowmodel: LR.pen=l1.C=1.000000
01/04/2018 17:33:41 [INFO] exp_shallowmodel: ________________________________________________________________________________
01/04/2018 17:33:41 [INFO] exp_shallowmodel: Training: 
01/04/2018 17:33:41 [INFO] exp_shallowmodel: LogisticRegression(C=1, class_weight=None, dual=False, fit_intercept=True,
          intercept_scaling=1, max_iter=100, multi_class='ovr', n_jobs=1,
          penalty='l1', random_state=None, solver='liblinear', tol=0.0001,
          verbose=0, warm_start=False)
01/04/2018 17:33:53 [INFO] exp_shallowmodel: train time: 11.491s
01/04/2018 17:33:53 [INFO] exp_shallowmodel: test time:  0.001s
01/04/2018 17:33:53 [INFO] exp_shallowmodel: accuracy:   0.868
01/04/2018 17:33:53 [INFO] exp_shallowmodel: f1_score:   0.647
01/04/2018 17:33:53 [INFO] exp_shallowmodel: classification report:
01/04/2018 17:33:53 [INFO] exp_shallowmodel:              precision    recall  f1-score   support

          A       0.59      0.63      0.61        59
          C       0.44      0.33      0.38        12
          F       0.95      0.95      0.95       396
          R       0.66      0.64      0.65        55

avg / total       0.87      0.87      0.87       522

01/04/2018 17:33:53 [INFO] exp_shallowmodel: confusion matrix:
01/04/2018 17:33:53 [INFO] exp_shallowmodel: 
[[ 37   2  10  10]
 [  3   4   2   3]
 [ 13   1 377   5]
 [ 10   2   8  35]]
01/04/2018 17:33:53 [INFO] exp_shallowmodel: Feature selection of top 100, ranked by LR weights (selectable:non-selectable=5:95)
