11/07/2017 18:59:24 [INFO] configuration: selected_context_id  :   0
11/07/2017 18:59:24 [INFO] configuration: deep_model  :   True
11/07/2017 18:59:24 [INFO] configuration: deep_model_name  :   cnn
11/07/2017 18:59:24 [INFO] configuration: seed  :   154316847
11/07/2017 18:59:24 [INFO] configuration: root_path  :   /Users/memray/Project/yahoo/y_classify
11/07/2017 18:59:24 [INFO] configuration: task_name  :   utterance_type
11/07/2017 18:59:24 [INFO] configuration: timemark  :   20171107-185924
11/07/2017 18:59:24 [INFO] configuration: context_set  :   next
11/07/2017 18:59:24 [INFO] configuration: utterance_names  :   ['last_user_utterance', 'last_system_utterance', 'current_user_utterance', 'next_system_utterance', 'next_user_utterance']
11/07/2017 18:59:24 [INFO] configuration: utterance_range  :   ['current_user_utterance', 'next_system_utterance', 'next_user_utterance']
11/07/2017 18:59:24 [INFO] configuration: experiment_name  :   20171107-185924.context=next.model=cnn
11/07/2017 18:59:24 [INFO] configuration: experiment_path  :   /Users/memray/Project/yahoo/y_classify/output/20171107-185924.context=next.model=cnn
11/07/2017 18:59:24 [INFO] configuration: log_path  :   /Users/memray/Project/yahoo/y_classify/output/20171107-185924.context=next.model=cnn/output.log
11/07/2017 18:59:24 [INFO] configuration: valid_type  :   {'R', 'C', 'F', 'A'}
11/07/2017 18:59:24 [INFO] configuration: data_name  :   
11/07/2017 18:59:24 [INFO] configuration: data_names  :   ['dstc2', 'dstc3', 'family', 'ghome']
11/07/2017 18:59:24 [INFO] configuration: raw_feature_path  :   /Users/memray/Project/yahoo/y_classify/dataset/feature/%s.raw_feature.pkl
11/07/2017 18:59:24 [INFO] configuration: extracted_feature_path  :   /Users/memray/Project/yahoo/y_classify/dataset/feature/%s.extracted_feature.pkl
11/07/2017 18:59:24 [INFO] configuration: pipeline_path  :   /Users/memray/Project/yahoo/y_classify/dataset/feature/%s.pipeline.pkl
11/07/2017 18:59:24 [INFO] configuration: metrics  :   ['accuracy', 'precision', 'recall', 'f1_score', 'training_time', 'test_time']
11/07/2017 18:59:24 [INFO] configuration: do_cross_validation  :   True
11/07/2017 18:59:24 [INFO] configuration: #division  :   5
11/07/2017 18:59:24 [INFO] configuration: #cross_validation  :   10
11/07/2017 18:59:24 [INFO] configuration: cv_index_cache_path  :   
11/07/2017 18:59:24 [INFO] configuration: action_words  :   {'phone', 'any', 'item', 'timer', 'area', 'discard', 'shuffl', 'expensive', 'part', 'reminder', 'show', 'els', 'expens', 'add', 'play', 'light', 'moderate', 'matter', 'findcar', 'address', 'delet', 'snooze', 'remind', 'tell', 'clear', 'south', 'list', 'telephon', 'start', 'share', 'shuffle', 'post', 'turn', 'ani', 'remov', 'reminds', 'help', 'music', 'skip', 'north', 'stop', 'volum', 'number', 'else', 'temperature', 'alarm', 'findcare', 'weather', 'song', 'items', 'watch', 'centre', 'centr', 'next', 'member', 'time', 'cheap', 'moder', 'temperatur', 'volume', 'telephone', 'snooz', 'video', 'delete', 'room', 'cast', 'price', 'remove', 'reminders', 'food'}
11/07/2017 18:59:24 [INFO] configuration: corenlp_jars  :   ('/Users/memray/Project/stanford/stanford-corenlp-full-3.8.0/*', '/Users/memray/Project/stanford/stanford-corenlp-full-3.8.0/stanford-english-kbp-corenlp-2017-06-09-models.jar')
11/07/2017 18:59:24 [INFO] configuration: lda_topic_number  :   50
11/07/2017 18:59:24 [INFO] configuration: lda_path  :   /Users/memray/Project/yahoo/y_classify/dataset/feature/gensim/%s.topic=50.lda.pkl
11/07/2017 18:59:24 [INFO] configuration: gensim_corpus_path  :   /Users/memray/Project/yahoo/y_classify/dataset/feature/gensim/%s.corpus.pkl
11/07/2017 18:59:24 [INFO] configuration: gensim_dict_path  :   /Users/memray/Project/yahoo/y_classify/dataset/feature/gensim/%s.dict
11/07/2017 18:59:24 [INFO] configuration: w2v_path  :   /Users/memray/Data/glove/GoogleNews-vectors-negative300.bin
11/07/2017 18:59:24 [INFO] configuration: w2v_vector_length  :   300
11/07/2017 18:59:24 [INFO] configuration: d2v_vector_length  :   300
11/07/2017 18:59:24 [INFO] configuration: d2v_window_size  :   5
11/07/2017 18:59:24 [INFO] configuration: d2v_min_count  :   2
11/07/2017 18:59:24 [INFO] configuration: d2v_model_path  :   /Users/memray/Project/yahoo/y_classify/dataset/feature/gensim/%s.doc2vec.dim=300.window=5.min_count=2.model
11/07/2017 18:59:24 [INFO] configuration: d2v_vector_path  :   /Users/memray/Project/yahoo/y_classify/dataset/feature/gensim/%s.doc2vec.dim=300.window=5.min_count=2.vector
11/07/2017 18:59:24 [INFO] configuration: batch_size  :   128
11/07/2017 18:59:24 [INFO] configuration: max_epoch  :   50
11/07/2017 18:59:24 [INFO] configuration: early_stop_tolerance  :   2
11/07/2017 18:59:24 [INFO] configuration: concat_sents  :   True
11/07/2017 18:59:24 [INFO] configuration: cnn_setting  :   {'MODEL': 'rand', 'EARLY_STOPPING': True, 'WORD_DIM': 300, 'FILTERS': [3, 4, 5], 'FILTER_NUM': [100, 100, 100], 'CLASS_SIZE': 4, 'BATCH_SIZE': 128, 'LEARNING_RATE': 0.001, 'NORM_LIMIT': 10, 'DROPOUT_PROB': 0.0}
11/07/2017 18:59:24 [INFO] configuration: skipthought_setting  :   {'skipthought_model_path': '/home/memray/Data/skip-thought', 'skipthought_data_path': '/Users/memray/Project/yahoo/y_classify/dataset/feature/gensim/%s.skip-thought.biskip.vector', 'fixed_emb': True, 'sentence_num': 3, 'hidden_size': 7200, 'CLASS_SIZE': 4, 'LEARNING_RATE': 0.0001, 'NORM_LIMIT': 3, 'DROPOUT_PROB': 0.5}
11/07/2017 18:59:24 [INFO] configuration: lstm_setting  :   {'hidden_size': 32, 'embedding_size': 32, 'num_layers': 1, 'LEARNING_RATE': 0.0001, 'CLASS_SIZE': 4, 'NORM_LIMIT': 5, 'clip_grad_norm': 2, 'DROPOUT_PROB': 0.5}
11/07/2017 18:59:24 [INFO] exp_deepmodel: ******************** dstc2 - Round 0 
11/07/2017 18:59:59 [INFO] exp_shallowmodel: accuracy:   0.786
11/07/2017 18:59:59 [INFO] exp_shallowmodel: f1_score:   0.663
11/07/2017 18:59:59 [INFO] exp_shallowmodel: classification report:
11/07/2017 18:59:59 [INFO] exp_shallowmodel:              precision    recall  f1-score   support

          A       0.83      0.36      0.50        14
          C       0.69      0.87      0.77       164
          F       0.84      0.97      0.90       268
          R       0.84      0.34      0.48       125

avg / total       0.80      0.79      0.76       571

11/07/2017 18:59:59 [INFO] exp_shallowmodel: confusion matrix:
11/07/2017 18:59:59 [INFO] exp_shallowmodel: 
[[  5   3   6   0]
 [  0 143  13   8]
 [  1   8 259   0]
 [  0  52  31  42]]
11/07/2017 18:59:59 [INFO] exp_deepmodel: ******************** dstc2 - Round 1 
11/07/2017 19:00:34 [INFO] exp_shallowmodel: accuracy:   0.753
11/07/2017 19:00:34 [INFO] exp_shallowmodel: f1_score:   0.541
11/07/2017 19:00:34 [INFO] exp_shallowmodel: classification report:
11/07/2017 19:00:34 [INFO] exp_shallowmodel:              precision    recall  f1-score   support

          A       0.00      0.00      0.00        14
          C       0.79      0.57      0.66       164
          F       0.80      0.95      0.87       268
          R       0.61      0.66      0.64       125

avg / total       0.74      0.75      0.74       571

11/07/2017 19:00:34 [INFO] exp_shallowmodel: confusion matrix:
11/07/2017 19:00:34 [INFO] exp_shallowmodel: 
[[  0   0   9   5]
 [  0  93  32  39]
 [  0   5 254   9]
 [  0  20  22  83]]
11/07/2017 19:00:34 [INFO] exp_deepmodel: ******************** dstc2 - Round 2 
11/07/2017 19:02:02 [INFO] exp_shallowmodel: accuracy:   0.790
11/07/2017 19:02:02 [INFO] exp_shallowmodel: f1_score:   0.704
11/07/2017 19:02:02 [INFO] exp_shallowmodel: classification report:
11/07/2017 19:02:02 [INFO] exp_shallowmodel:              precision    recall  f1-score   support

          A       0.86      0.43      0.57        14
          C       0.77      0.55      0.64       164
          F       0.90      0.97      0.93       268
          R       0.61      0.76      0.67       125

avg / total       0.80      0.79      0.78       571

11/07/2017 19:02:02 [INFO] exp_shallowmodel: confusion matrix:
11/07/2017 19:02:02 [INFO] exp_shallowmodel: 
[[  6   1   3   4]
 [  1  90  18  55]
 [  0   5 260   3]
 [  0  21   9  95]]
11/07/2017 19:02:02 [INFO] exp_deepmodel: ******************** dstc2 - Round 3 
11/07/2017 19:04:07 [INFO] exp_shallowmodel: accuracy:   0.792
11/07/2017 19:04:07 [INFO] exp_shallowmodel: f1_score:   0.697
11/07/2017 19:04:07 [INFO] exp_shallowmodel: classification report:
11/07/2017 19:04:07 [INFO] exp_shallowmodel:              precision    recall  f1-score   support

          A       0.35      0.79      0.49        14
          C       0.75      0.73      0.74       164
          F       0.89      0.92      0.90       268
          R       0.72      0.60      0.66       125

avg / total       0.80      0.79      0.79       571

11/07/2017 19:04:07 [INFO] exp_shallowmodel: confusion matrix:
11/07/2017 19:04:07 [INFO] exp_shallowmodel: 
[[ 11   2   0   1]
 [  4 120  15  25]
 [  8  11 246   3]
 [  8  27  15  75]]
11/07/2017 19:04:07 [INFO] exp_deepmodel: ******************** dstc2 - Round 4 
11/07/2017 19:04:43 [INFO] exp_shallowmodel: accuracy:   0.797
11/07/2017 19:04:43 [INFO] exp_shallowmodel: f1_score:   0.644
11/07/2017 19:04:43 [INFO] exp_shallowmodel: classification report:
11/07/2017 19:04:43 [INFO] exp_shallowmodel:              precision    recall  f1-score   support

          A       1.00      0.14      0.25        14
          C       0.77      0.77      0.77       164
          F       0.82      0.93      0.87       268
          R       0.77      0.61      0.68       125

avg / total       0.80      0.80      0.79       571

11/07/2017 19:04:43 [INFO] exp_shallowmodel: confusion matrix:
11/07/2017 19:04:43 [INFO] exp_shallowmodel: 
[[  2   1  10   1]
 [  0 127  21  16]
 [  0  12 250   6]
 [  0  24  25  76]]
11/07/2017 19:04:43 [INFO] exp_deepmodel: ******************** dstc2 - Round 5 
11/07/2017 19:05:55 [INFO] exp_shallowmodel: accuracy:   0.804
11/07/2017 19:05:55 [INFO] exp_shallowmodel: f1_score:   0.691
11/07/2017 19:05:55 [INFO] exp_shallowmodel: classification report:
11/07/2017 19:05:55 [INFO] exp_shallowmodel:              precision    recall  f1-score   support

          A       1.00      0.29      0.44        14
          C       0.71      0.81      0.76       164
          F       0.91      0.92      0.91       268
          R       0.70      0.61      0.65       125

avg / total       0.81      0.80      0.80       571

11/07/2017 19:05:55 [INFO] exp_shallowmodel: confusion matrix:
11/07/2017 19:05:55 [INFO] exp_shallowmodel: 
[[  4   3   4   3]
 [  0 133  12  19]
 [  0  11 246  11]
 [  0  40   9  76]]
11/07/2017 19:05:55 [INFO] exp_deepmodel: ******************** dstc2 - Round 6 
11/07/2017 19:07:42 [INFO] exp_shallowmodel: accuracy:   0.821
11/07/2017 19:07:42 [INFO] exp_shallowmodel: f1_score:   0.712
11/07/2017 19:07:42 [INFO] exp_shallowmodel: classification report:
11/07/2017 19:07:42 [INFO] exp_shallowmodel:              precision    recall  f1-score   support

          A       0.71      0.36      0.48        14
          C       0.74      0.84      0.79       164
          F       0.88      0.95      0.92       268
          R       0.80      0.58      0.67       125

avg / total       0.82      0.82      0.81       571

11/07/2017 19:07:42 [INFO] exp_shallowmodel: confusion matrix:
11/07/2017 19:07:42 [INFO] exp_shallowmodel: 
[[  5   1   6   2]
 [  1 137  12  14]
 [  0  11 255   2]
 [  1  36  16  72]]
11/07/2017 19:07:42 [INFO] exp_deepmodel: ******************** dstc2 - Round 7 
11/07/2017 19:08:18 [INFO] exp_shallowmodel: accuracy:   0.750
11/07/2017 19:08:18 [INFO] exp_shallowmodel: f1_score:   0.552
11/07/2017 19:08:18 [INFO] exp_shallowmodel: classification report:
11/07/2017 19:08:18 [INFO] exp_shallowmodel:              precision    recall  f1-score   support

          A       1.00      0.07      0.13        14
          C       0.68      0.76      0.72       164
          F       0.80      0.96      0.87       268
          R       0.72      0.37      0.49       125

avg / total       0.75      0.75      0.72       571

11/07/2017 19:08:18 [INFO] exp_shallowmodel: confusion matrix:
11/07/2017 19:08:18 [INFO] exp_shallowmodel: 
[[  1   4   7   2]
 [  0 125  25  14]
 [  0  10 256   2]
 [  0  45  34  46]]
11/07/2017 19:08:18 [INFO] exp_deepmodel: ******************** dstc2 - Round 8 
11/07/2017 19:08:53 [INFO] exp_shallowmodel: accuracy:   0.790
11/07/2017 19:08:53 [INFO] exp_shallowmodel: f1_score:   0.592
11/07/2017 19:08:53 [INFO] exp_shallowmodel: classification report:
11/07/2017 19:08:53 [INFO] exp_shallowmodel:              precision    recall  f1-score   support

          A       0.50      0.07      0.12        14
          C       0.69      0.85      0.76       164
          F       0.86      0.94      0.90       268
          R       0.77      0.46      0.58       125

avg / total       0.79      0.79      0.77       571

11/07/2017 19:08:53 [INFO] exp_shallowmodel: confusion matrix:
11/07/2017 19:08:53 [INFO] exp_shallowmodel: 
[[  1   2  11   0]
 [  1 139   9  15]
 [  0  13 253   2]
 [  0  47  20  58]]
11/07/2017 19:08:53 [INFO] exp_deepmodel: ******************** dstc2 - Round 9 
11/07/2017 19:09:29 [INFO] exp_shallowmodel: accuracy:   0.746
11/07/2017 19:09:29 [INFO] exp_shallowmodel: f1_score:   0.633
11/07/2017 19:09:29 [INFO] exp_shallowmodel: classification report:
11/07/2017 19:09:29 [INFO] exp_shallowmodel:              precision    recall  f1-score   support

          A       0.83      0.31      0.45        16
          C       0.67      0.71      0.69       169
          F       0.86      0.94      0.90       271
          R       0.55      0.45      0.49       130

avg / total       0.74      0.75      0.74       586

11/07/2017 19:09:29 [INFO] exp_shallowmodel: confusion matrix:
11/07/2017 19:09:29 [INFO] exp_shallowmodel: 
[[  5   1   5   5]
 [  0 120  12  37]
 [  1  10 254   6]
 [  0  47  25  58]]
11/07/2017 19:09:30 [INFO] exp_deepmodel: ******************** dstc3 - Round 0 
11/07/2017 19:10:19 [INFO] exp_shallowmodel: accuracy:   0.770
11/07/2017 19:10:19 [INFO] exp_shallowmodel: f1_score:   0.600
11/07/2017 19:10:19 [INFO] exp_shallowmodel: classification report:
11/07/2017 19:10:19 [INFO] exp_shallowmodel:              precision    recall  f1-score   support

          A       0.83      0.25      0.38        20
          C       0.68      0.88      0.76       169
          F       0.83      0.98      0.90       281
          R       0.76      0.23      0.35       122

avg / total       0.77      0.77      0.73       592

11/07/2017 19:10:19 [INFO] exp_shallowmodel: confusion matrix:
11/07/2017 19:10:19 [INFO] exp_shallowmodel: 
[[  5   1  13   1]
 [  0 148  14   7]
 [  0   5 275   1]
 [  1  65  28  28]]
11/07/2017 19:10:19 [INFO] exp_deepmodel: ******************** dstc3 - Round 1 
11/07/2017 19:11:08 [INFO] exp_shallowmodel: accuracy:   0.802
11/07/2017 19:11:08 [INFO] exp_shallowmodel: f1_score:   0.685
11/07/2017 19:11:08 [INFO] exp_shallowmodel: classification report:
11/07/2017 19:11:08 [INFO] exp_shallowmodel:              precision    recall  f1-score   support

          A       0.89      0.40      0.55        20
          C       0.70      0.90      0.79       169
          F       0.87      0.97      0.92       281
          R       0.82      0.34      0.49       122

avg / total       0.81      0.80      0.78       592

11/07/2017 19:11:08 [INFO] exp_shallowmodel: confusion matrix:
11/07/2017 19:11:08 [INFO] exp_shallowmodel: 
[[  8   3   6   3]
 [  0 152  11   6]
 [  1   7 273   0]
 [  0  56  24  42]]
11/07/2017 19:11:08 [INFO] exp_deepmodel: ******************** dstc3 - Round 2 
11/07/2017 19:11:58 [INFO] exp_shallowmodel: accuracy:   0.764
11/07/2017 19:11:58 [INFO] exp_shallowmodel: f1_score:   0.635
11/07/2017 19:11:58 [INFO] exp_shallowmodel: classification report:
11/07/2017 19:11:58 [INFO] exp_shallowmodel:              precision    recall  f1-score   support

          A       0.88      0.35      0.50        20
          C       0.67      0.83      0.74       169
          F       0.86      0.96      0.90       281
          R       0.59      0.30      0.39       122

avg / total       0.75      0.76      0.74       592

11/07/2017 19:11:58 [INFO] exp_shallowmodel: confusion matrix:
11/07/2017 19:11:58 [INFO] exp_shallowmodel: 
[[  7   3   9   1]
 [  0 140   9  20]
 [  1   7 269   4]
 [  0  59  27  36]]
11/07/2017 19:11:58 [INFO] exp_deepmodel: ******************** dstc3 - Round 3 
11/07/2017 19:13:40 [INFO] exp_shallowmodel: accuracy:   0.748
11/07/2017 19:13:40 [INFO] exp_shallowmodel: f1_score:   0.655
11/07/2017 19:13:40 [INFO] exp_shallowmodel: classification report:
11/07/2017 19:13:40 [INFO] exp_shallowmodel:              precision    recall  f1-score   support

          A       0.80      0.40      0.53        20
          C       0.72      0.63      0.67       169
          F       0.86      0.94      0.90       281
          R       0.51      0.52      0.52       122

avg / total       0.74      0.75      0.74       592

11/07/2017 19:13:40 [INFO] exp_shallowmodel: confusion matrix:
11/07/2017 19:13:40 [INFO] exp_shallowmodel: 
[[  8   2   9   1]
 [  0 106  10  53]
 [  2   6 265   8]
 [  0  33  25  64]]
11/07/2017 19:13:40 [INFO] exp_deepmodel: ******************** dstc3 - Round 4 
11/07/2017 19:16:37 [INFO] exp_shallowmodel: accuracy:   0.750
11/07/2017 19:16:37 [INFO] exp_shallowmodel: f1_score:   0.664
11/07/2017 19:16:37 [INFO] exp_shallowmodel: classification report:
11/07/2017 19:16:37 [INFO] exp_shallowmodel:              precision    recall  f1-score   support

          A       0.56      0.50      0.53        20
          C       0.74      0.67      0.70       169
          F       0.91      0.89      0.90       281
          R       0.49      0.58      0.53       122

avg / total       0.76      0.75      0.75       592

11/07/2017 19:16:37 [INFO] exp_shallowmodel: confusion matrix:
11/07/2017 19:16:37 [INFO] exp_shallowmodel: 
[[ 10   0   4   6]
 [  3 113   6  47]
 [  5   4 250  22]
 [  0  35  16  71]]
11/07/2017 19:16:37 [INFO] exp_deepmodel: ******************** dstc3 - Round 5 
11/07/2017 19:19:53 [INFO] exp_shallowmodel: accuracy:   0.828
11/07/2017 19:19:53 [INFO] exp_shallowmodel: f1_score:   0.733
11/07/2017 19:19:53 [INFO] exp_shallowmodel: classification report:
11/07/2017 19:19:53 [INFO] exp_shallowmodel:              precision    recall  f1-score   support

          A       0.69      0.45      0.55        20
          C       0.77      0.80      0.79       169
          F       0.90      0.96      0.93       281
          R       0.74      0.61      0.67       122

avg / total       0.82      0.83      0.82       592

11/07/2017 19:19:53 [INFO] exp_shallowmodel: confusion matrix:
11/07/2017 19:19:53 [INFO] exp_shallowmodel: 
[[  9   4   4   3]
 [  0 136  11  22]
 [  1   9 270   1]
 [  3  28  16  75]]
11/07/2017 19:19:54 [INFO] exp_deepmodel: ******************** dstc3 - Round 6 
11/07/2017 19:20:43 [INFO] exp_shallowmodel: accuracy:   0.779
11/07/2017 19:20:43 [INFO] exp_shallowmodel: f1_score:   0.648
11/07/2017 19:20:43 [INFO] exp_shallowmodel: classification report:
11/07/2017 19:20:43 [INFO] exp_shallowmodel:              precision    recall  f1-score   support

          A       0.75      0.30      0.43        20
          C       0.68      0.82      0.74       169
          F       0.90      0.94      0.92       281
          R       0.60      0.43      0.50       122

avg / total       0.77      0.78      0.77       592

11/07/2017 19:20:43 [INFO] exp_shallowmodel: confusion matrix:
11/07/2017 19:20:43 [INFO] exp_shallowmodel: 
[[  6   4   5   5]
 [  1 139   8  21]
 [  0   8 264   9]
 [  1  54  15  52]]
11/07/2017 19:20:43 [INFO] exp_deepmodel: ******************** dstc3 - Round 7 
11/07/2017 19:22:47 [INFO] exp_shallowmodel: accuracy:   0.764
11/07/2017 19:22:47 [INFO] exp_shallowmodel: f1_score:   0.651
11/07/2017 19:22:47 [INFO] exp_shallowmodel: classification report:
11/07/2017 19:22:47 [INFO] exp_shallowmodel:              precision    recall  f1-score   support

          A       0.57      0.40      0.47        20
          C       0.70      0.82      0.76       169
          F       0.87      0.90      0.88       281
          R       0.58      0.43      0.49       122

avg / total       0.75      0.76      0.75       592

11/07/2017 19:22:47 [INFO] exp_shallowmodel: confusion matrix:
11/07/2017 19:22:47 [INFO] exp_shallowmodel: 
[[  8   4   7   1]
 [  0 139   9  21]
 [  3  10 253  15]
 [  3  45  22  52]]
11/07/2017 19:22:47 [INFO] exp_deepmodel: ******************** dstc3 - Round 8 
11/07/2017 19:23:36 [INFO] exp_shallowmodel: accuracy:   0.765
11/07/2017 19:23:36 [INFO] exp_shallowmodel: f1_score:   0.681
11/07/2017 19:23:36 [INFO] exp_shallowmodel: classification report:
11/07/2017 19:23:36 [INFO] exp_shallowmodel:              precision    recall  f1-score   support

          A       0.90      0.45      0.60        20
          C       0.70      0.70      0.70       169
          F       0.88      0.95      0.91       281
          R       0.54      0.49      0.51       122

avg / total       0.76      0.77      0.76       592

11/07/2017 19:23:36 [INFO] exp_shallowmodel: confusion matrix:
11/07/2017 19:23:36 [INFO] exp_shallowmodel: 
[[  9   3   5   3]
 [  1 118  12  38]
 [  0   4 266  11]
 [  0  44  18  60]]
11/07/2017 19:23:36 [INFO] exp_deepmodel: ******************** dstc3 - Round 9 
11/07/2017 19:26:03 [INFO] exp_shallowmodel: accuracy:   0.776
11/07/2017 19:26:03 [INFO] exp_shallowmodel: f1_score:   0.648
11/07/2017 19:26:03 [INFO] exp_shallowmodel: classification report:
11/07/2017 19:26:03 [INFO] exp_shallowmodel:              precision    recall  f1-score   support

          A       0.78      0.25      0.38        28
          C       0.78      0.69      0.73       172
          F       0.86      0.96      0.91       283
          R       0.56      0.59      0.57       123

avg / total       0.77      0.78      0.77       606

11/07/2017 19:26:03 [INFO] exp_shallowmodel: confusion matrix:
11/07/2017 19:26:03 [INFO] exp_shallowmodel: 
[[  7   5  10   6]
 [  0 119  11  42]
 [  1   2 272   8]
 [  1  26  24  72]]
11/07/2017 19:26:03 [INFO] exp_deepmodel: ******************** family - Round 0 
11/07/2017 19:29:31 [INFO] exp_shallowmodel: accuracy:   0.884
11/07/2017 19:29:31 [INFO] exp_shallowmodel: f1_score:   0.725
11/07/2017 19:29:31 [INFO] exp_shallowmodel: classification report:
11/07/2017 19:29:31 [INFO] exp_shallowmodel:              precision    recall  f1-score   support

          A       0.71      0.43      0.54        23
          C       0.69      0.74      0.71        27
          F       0.95      0.99      0.97       250
          R       0.71      0.65      0.68        52

avg / total       0.88      0.88      0.88       352

11/07/2017 19:29:31 [INFO] exp_shallowmodel: confusion matrix:
11/07/2017 19:29:31 [INFO] exp_shallowmodel: 
[[ 10   2   5   6]
 [  2  20   0   5]
 [  0   0 247   3]
 [  2   7   9  34]]
11/07/2017 19:29:31 [INFO] exp_deepmodel: ******************** family - Round 1 
11/07/2017 19:30:40 [INFO] exp_shallowmodel: accuracy:   0.886
11/07/2017 19:30:40 [INFO] exp_shallowmodel: f1_score:   0.716
11/07/2017 19:30:40 [INFO] exp_shallowmodel: classification report:
11/07/2017 19:30:40 [INFO] exp_shallowmodel:              precision    recall  f1-score   support

          A       0.67      0.26      0.38        23
          C       0.76      0.93      0.83        27
          F       0.93      0.99      0.96       250
          R       0.77      0.63      0.69        52

avg / total       0.87      0.89      0.87       352

11/07/2017 19:30:40 [INFO] exp_shallowmodel: confusion matrix:
11/07/2017 19:30:40 [INFO] exp_shallowmodel: 
[[  6   3   7   7]
 [  0  25   0   2]
 [  1   0 248   1]
 [  2   5  12  33]]
11/07/2017 19:30:40 [INFO] exp_deepmodel: ******************** family - Round 2 
11/07/2017 19:32:56 [INFO] exp_shallowmodel: accuracy:   0.858
11/07/2017 19:32:56 [INFO] exp_shallowmodel: f1_score:   0.681
11/07/2017 19:32:56 [INFO] exp_shallowmodel: classification report:
11/07/2017 19:32:56 [INFO] exp_shallowmodel:              precision    recall  f1-score   support

          A       0.45      0.43      0.44        23
          C       0.69      0.67      0.68        27
          F       0.96      0.96      0.96       250
          R       0.63      0.65      0.64        52

avg / total       0.86      0.86      0.86       352

11/07/2017 19:32:56 [INFO] exp_shallowmodel: confusion matrix:
11/07/2017 19:32:56 [INFO] exp_shallowmodel: 
[[ 10   3   5   5]
 [  1  18   0   8]
 [  3   0 240   7]
 [  8   5   5  34]]
11/07/2017 19:32:56 [INFO] exp_deepmodel: ******************** family - Round 3 
11/07/2017 19:35:48 [INFO] exp_shallowmodel: accuracy:   0.878
11/07/2017 19:35:48 [INFO] exp_shallowmodel: f1_score:   0.695
11/07/2017 19:35:48 [INFO] exp_shallowmodel: classification report:
11/07/2017 19:35:48 [INFO] exp_shallowmodel:              precision    recall  f1-score   support

          A       0.53      0.35      0.42        23
          C       0.72      0.67      0.69        27
          F       0.94      0.99      0.96       250
          R       0.73      0.67      0.70        52

avg / total       0.86      0.88      0.87       352

11/07/2017 19:35:48 [INFO] exp_shallowmodel: confusion matrix:
11/07/2017 19:35:48 [INFO] exp_shallowmodel: 
[[  8   3   5   7]
 [  1  18   2   6]
 [  2   0 248   0]
 [  4   4   9  35]]
11/07/2017 19:35:48 [INFO] exp_deepmodel: ******************** family - Round 4 
11/07/2017 19:36:57 [INFO] exp_shallowmodel: accuracy:   0.886
11/07/2017 19:36:57 [INFO] exp_shallowmodel: f1_score:   0.728
11/07/2017 19:36:57 [INFO] exp_shallowmodel: classification report:
11/07/2017 19:36:57 [INFO] exp_shallowmodel:              precision    recall  f1-score   support

          A       0.56      0.39      0.46        23
          C       0.86      0.70      0.78        27
          F       0.94      0.99      0.96       250
          R       0.71      0.71      0.71        52

avg / total       0.88      0.89      0.88       352

11/07/2017 19:36:57 [INFO] exp_shallowmodel: confusion matrix:
11/07/2017 19:36:57 [INFO] exp_shallowmodel: 
[[  9   2   5   7]
 [  1  19   1   6]
 [  1   0 247   2]
 [  5   1   9  37]]
11/07/2017 19:36:57 [INFO] exp_deepmodel: ******************** family - Round 5 
11/07/2017 19:39:16 [INFO] exp_shallowmodel: accuracy:   0.878
11/07/2017 19:39:16 [INFO] exp_shallowmodel: f1_score:   0.716
11/07/2017 19:39:16 [INFO] exp_shallowmodel: classification report:
11/07/2017 19:39:16 [INFO] exp_shallowmodel:              precision    recall  f1-score   support

          A       0.67      0.43      0.53        23
          C       0.67      0.74      0.70        27
          F       0.95      0.98      0.96       250
          R       0.69      0.65      0.67        52

avg / total       0.87      0.88      0.87       352

11/07/2017 19:39:16 [INFO] exp_shallowmodel: confusion matrix:
11/07/2017 19:39:16 [INFO] exp_shallowmodel: 
[[ 10   5   3   5]
 [  0  20   0   7]
 [  1   1 245   3]
 [  4   4  10  34]]
11/07/2017 19:39:16 [INFO] exp_deepmodel: ******************** family - Round 6 
11/07/2017 19:40:25 [INFO] exp_shallowmodel: accuracy:   0.872
11/07/2017 19:40:25 [INFO] exp_shallowmodel: f1_score:   0.680
11/07/2017 19:40:25 [INFO] exp_shallowmodel: classification report:
11/07/2017 19:40:25 [INFO] exp_shallowmodel:              precision    recall  f1-score   support

          A       0.69      0.39      0.50        23
          C       0.76      0.48      0.59        27
          F       0.94      1.00      0.97       250
          R       0.63      0.69      0.66        52

avg / total       0.86      0.87      0.86       352

11/07/2017 19:40:25 [INFO] exp_shallowmodel: confusion matrix:
11/07/2017 19:40:25 [INFO] exp_shallowmodel: 
[[  9   1   3  10]
 [  1  13   2  11]
 [  1   0 249   0]
 [  2   3  11  36]]
11/07/2017 19:40:25 [INFO] exp_deepmodel: ******************** family - Round 7 
11/07/2017 19:42:43 [INFO] exp_shallowmodel: accuracy:   0.844
11/07/2017 19:42:43 [INFO] exp_shallowmodel: f1_score:   0.650
11/07/2017 19:42:43 [INFO] exp_shallowmodel: classification report:
11/07/2017 19:42:43 [INFO] exp_shallowmodel:              precision    recall  f1-score   support

          A       0.82      0.39      0.53        23
          C       0.57      0.44      0.50        27
          F       0.96      0.95      0.95       250
          R       0.54      0.73      0.62        52

avg / total       0.86      0.84      0.84       352

11/07/2017 19:42:43 [INFO] exp_shallowmodel: confusion matrix:
11/07/2017 19:42:43 [INFO] exp_shallowmodel: 
[[  9   2   4   8]
 [  0  12   1  14]
 [  0   1 238  11]
 [  2   6   6  38]]
11/07/2017 19:42:43 [INFO] exp_deepmodel: ******************** family - Round 8 
11/07/2017 19:43:53 [INFO] exp_shallowmodel: accuracy:   0.866
11/07/2017 19:43:53 [INFO] exp_shallowmodel: f1_score:   0.690
11/07/2017 19:43:53 [INFO] exp_shallowmodel: classification report:
11/07/2017 19:43:53 [INFO] exp_shallowmodel:              precision    recall  f1-score   support

          A       0.75      0.39      0.51        23
          C       0.59      0.74      0.66        27
          F       0.94      0.98      0.96       250
          R       0.70      0.58      0.63        52

avg / total       0.86      0.87      0.86       352

11/07/2017 19:43:53 [INFO] exp_shallowmodel: confusion matrix:
11/07/2017 19:43:53 [INFO] exp_shallowmodel: 
[[  9   3   5   6]
 [  0  20   2   5]
 [  2   0 246   2]
 [  1  11  10  30]]
11/07/2017 19:43:53 [INFO] exp_deepmodel: ******************** family - Round 9 
11/07/2017 19:46:10 [INFO] exp_shallowmodel: accuracy:   0.887
11/07/2017 19:46:10 [INFO] exp_shallowmodel: f1_score:   0.783
11/07/2017 19:46:10 [INFO] exp_shallowmodel: classification report:
11/07/2017 19:46:10 [INFO] exp_shallowmodel:              precision    recall  f1-score   support

          A       0.94      0.60      0.73        25
          C       0.76      0.81      0.79        27
          F       0.92      1.00      0.95       251
          R       0.77      0.58      0.66        59

avg / total       0.88      0.89      0.88       362

11/07/2017 19:46:10 [INFO] exp_shallowmodel: confusion matrix:
11/07/2017 19:46:10 [INFO] exp_shallowmodel: 
[[ 15   2   3   5]
 [  0  22   1   4]
 [  0   0 250   1]
 [  1   5  19  34]]
11/07/2017 19:46:10 [INFO] exp_deepmodel: ******************** ghome - Round 0 
11/07/2017 19:47:30 [INFO] exp_shallowmodel: accuracy:   0.872
11/07/2017 19:47:30 [INFO] exp_shallowmodel: f1_score:   0.583
11/07/2017 19:47:30 [INFO] exp_shallowmodel: classification report:
11/07/2017 19:47:30 [INFO] exp_shallowmodel:              precision    recall  f1-score   support

          A       0.67      0.34      0.45        59
          C       0.67      0.17      0.27        12
          F       0.93      0.99      0.96       396
          R       0.61      0.71      0.66        55

avg / total       0.86      0.87      0.85       522

11/07/2017 19:47:30 [INFO] exp_shallowmodel: confusion matrix:
11/07/2017 19:47:30 [INFO] exp_shallowmodel: 
[[ 20   1  16  22]
 [  2   2   7   1]
 [  0   0 394   2]
 [  8   0   8  39]]
11/07/2017 19:47:30 [INFO] exp_deepmodel: ******************** ghome - Round 1 
11/07/2017 19:52:06 [INFO] exp_shallowmodel: accuracy:   0.877
11/07/2017 19:52:06 [INFO] exp_shallowmodel: f1_score:   0.572
11/07/2017 19:52:06 [INFO] exp_shallowmodel: classification report:
11/07/2017 19:52:06 [INFO] exp_shallowmodel:              precision    recall  f1-score   support

          A       0.67      0.47      0.55        59
          C       0.33      0.08      0.13        12
          F       0.95      0.99      0.97       396
          R       0.58      0.69      0.63        55

avg / total       0.86      0.88      0.87       522

11/07/2017 19:52:06 [INFO] exp_shallowmodel: confusion matrix:
11/07/2017 19:52:06 [INFO] exp_shallowmodel: 
[[ 28   1   9  21]
 [  5   1   3   3]
 [  2   0 391   3]
 [  7   1   9  38]]
11/07/2017 19:52:06 [INFO] exp_deepmodel: ******************** ghome - Round 2 
11/07/2017 19:53:26 [INFO] exp_shallowmodel: accuracy:   0.870
11/07/2017 19:53:26 [INFO] exp_shallowmodel: f1_score:   0.586
11/07/2017 19:53:26 [INFO] exp_shallowmodel: classification report:
11/07/2017 19:53:26 [INFO] exp_shallowmodel:              precision    recall  f1-score   support

          A       0.63      0.41      0.49        59
          C       0.67      0.17      0.27        12
          F       0.93      0.99      0.96       396
          R       0.59      0.65      0.62        55

avg / total       0.86      0.87      0.86       522

11/07/2017 19:53:26 [INFO] exp_shallowmodel: confusion matrix:
11/07/2017 19:53:26 [INFO] exp_shallowmodel: 
[[ 24   0  13  22]
 [  2   2   6   2]
 [  3   0 392   1]
 [  9   1   9  36]]
11/07/2017 19:53:26 [INFO] exp_deepmodel: ******************** ghome - Round 3 
11/07/2017 19:54:46 [INFO] exp_shallowmodel: accuracy:   0.883
11/07/2017 19:54:46 [INFO] exp_shallowmodel: f1_score:   0.581
11/07/2017 19:54:46 [INFO] exp_shallowmodel: classification report:
11/07/2017 19:54:46 [INFO] exp_shallowmodel:              precision    recall  f1-score   support

          A       0.84      0.46      0.59        59
          C       0.17      0.08      0.11        12
          F       0.96      0.98      0.97       396
          R       0.55      0.78      0.65        55

avg / total       0.89      0.88      0.88       522

11/07/2017 19:54:46 [INFO] exp_shallowmodel: confusion matrix:
11/07/2017 19:54:46 [INFO] exp_shallowmodel: 
[[ 27   2   5  25]
 [  1   1   3   7]
 [  1   2 390   3]
 [  3   1   8  43]]
11/07/2017 19:54:46 [INFO] exp_deepmodel: ******************** ghome - Round 4 
11/07/2017 19:57:26 [INFO] exp_shallowmodel: accuracy:   0.858
11/07/2017 19:57:26 [INFO] exp_shallowmodel: f1_score:   0.498
11/07/2017 19:57:26 [INFO] exp_shallowmodel: classification report:
11/07/2017 19:57:26 [INFO] exp_shallowmodel:              precision    recall  f1-score   support

          A       0.58      0.71      0.64        59
          C       0.00      0.00      0.00        12
          F       0.94      0.98      0.96       396
          R       0.49      0.33      0.39        55

avg / total       0.83      0.86      0.84       522

11/07/2017 19:57:26 [INFO] exp_shallowmodel: confusion matrix:
11/07/2017 19:57:26 [INFO] exp_shallowmodel: 
[[ 42   0   7  10]
 [  3   0   4   5]
 [  4   0 388   4]
 [ 23   1  13  18]]
11/07/2017 19:57:26 [INFO] exp_deepmodel: ******************** ghome - Round 5 
11/07/2017 19:58:46 [INFO] exp_shallowmodel: accuracy:   0.879
11/07/2017 19:58:46 [INFO] exp_shallowmodel: f1_score:   0.601
11/07/2017 19:58:46 [INFO] exp_shallowmodel: classification report:
11/07/2017 19:58:46 [INFO] exp_shallowmodel:              precision    recall  f1-score   support

          A       0.69      0.49      0.57        59
          C       0.30      0.25      0.27        12
          F       0.96      0.99      0.98       396
          R       0.56      0.60      0.58        55

avg / total       0.87      0.88      0.87       522

11/07/2017 19:58:46 [INFO] exp_shallowmodel: confusion matrix:
11/07/2017 19:58:46 [INFO] exp_shallowmodel: 
[[ 29   2   6  22]
 [  2   3   3   4]
 [  1   1 394   0]
 [ 10   4   8  33]]
11/07/2017 19:58:46 [INFO] exp_deepmodel: ******************** ghome - Round 6 
11/07/2017 20:02:45 [INFO] exp_shallowmodel: accuracy:   0.881
11/07/2017 20:02:45 [INFO] exp_shallowmodel: f1_score:   0.653
11/07/2017 20:02:45 [INFO] exp_shallowmodel: classification report:
11/07/2017 20:02:45 [INFO] exp_shallowmodel:              precision    recall  f1-score   support

          A       0.60      0.61      0.61        59
          C       0.67      0.33      0.44        12
          F       0.96      0.98      0.97       396
          R       0.60      0.58      0.59        55

avg / total       0.88      0.88      0.88       522

11/07/2017 20:02:45 [INFO] exp_shallowmodel: confusion matrix:
11/07/2017 20:02:45 [INFO] exp_shallowmodel: 
[[ 36   0   7  16]
 [  2   4   3   3]
 [  4   2 388   2]
 [ 18   0   5  32]]
11/07/2017 20:02:45 [INFO] exp_deepmodel: ******************** ghome - Round 7 
11/07/2017 20:06:43 [INFO] exp_shallowmodel: accuracy:   0.879
11/07/2017 20:06:43 [INFO] exp_shallowmodel: f1_score:   0.644
11/07/2017 20:06:43 [INFO] exp_shallowmodel: classification report:
11/07/2017 20:06:43 [INFO] exp_shallowmodel:              precision    recall  f1-score   support

          A       0.68      0.51      0.58        59
          C       0.50      0.42      0.45        12
          F       0.95      0.99      0.97       396
          R       0.57      0.56      0.57        55

avg / total       0.87      0.88      0.87       522

11/07/2017 20:06:43 [INFO] exp_shallowmodel: confusion matrix:
11/07/2017 20:06:43 [INFO] exp_shallowmodel: 
[[ 30   4   8  17]
 [  0   5   4   3]
 [  0   0 393   3]
 [ 14   1   9  31]]
11/07/2017 20:06:43 [INFO] exp_deepmodel: ******************** ghome - Round 8 
11/07/2017 20:10:41 [INFO] exp_shallowmodel: accuracy:   0.877
11/07/2017 20:10:41 [INFO] exp_shallowmodel: f1_score:   0.642
11/07/2017 20:10:41 [INFO] exp_shallowmodel: classification report:
11/07/2017 20:10:41 [INFO] exp_shallowmodel:              precision    recall  f1-score   support

          A       0.64      0.61      0.63        59
          C       0.56      0.42      0.48        12
          F       0.95      0.99      0.97       396
          R       0.57      0.44      0.49        55

avg / total       0.86      0.88      0.87       522

11/07/2017 20:10:41 [INFO] exp_shallowmodel: confusion matrix:
11/07/2017 20:10:41 [INFO] exp_shallowmodel: 
[[ 36   0   8  15]
 [  2   5   3   2]
 [  1   1 393   1]
 [ 17   3  11  24]]
11/07/2017 20:10:41 [INFO] exp_deepmodel: ******************** ghome - Round 9 
11/07/2017 20:12:00 [INFO] exp_shallowmodel: accuracy:   0.871
11/07/2017 20:12:00 [INFO] exp_shallowmodel: f1_score:   0.604
11/07/2017 20:12:00 [INFO] exp_shallowmodel: classification report:
11/07/2017 20:12:00 [INFO] exp_shallowmodel:              precision    recall  f1-score   support

          A       0.70      0.48      0.57        64
          C       0.43      0.21      0.29        14
          F       0.94      1.00      0.97       402
          R       0.57      0.60      0.58        63

avg / total       0.86      0.87      0.86       543

11/07/2017 20:12:00 [INFO] exp_shallowmodel: confusion matrix:
11/07/2017 20:12:00 [INFO] exp_shallowmodel: 
[[ 31   0   8  25]
 [  4   3   4   3]
 [  0   0 401   1]
 [  9   4  12  38]]
