01/30/2018 13:31:40 [INFO] configuration: experiment_mode  :   continuous_feature_selection
01/30/2018 13:31:40 [INFO] configuration: deep_model  :   False
01/30/2018 13:31:40 [INFO] configuration: selected_context_id  :   0
01/30/2018 13:31:40 [INFO] configuration: selected_feature_set_id  :   8
01/30/2018 13:31:40 [INFO] configuration: similarity_feature  :   True
01/30/2018 13:31:40 [INFO] configuration: k_feature_to_keep  :   -1
01/30/2018 13:31:40 [INFO] configuration: k_component_for_pca  :   10
01/30/2018 13:31:40 [INFO] configuration: seed  :   154316847
01/30/2018 13:31:40 [INFO] configuration: root_path  :   /ihome/pbrusilosky/rum20/y_classify
01/30/2018 13:31:40 [INFO] configuration: task_name  :   utterance_type
01/30/2018 13:31:40 [INFO] configuration: timemark  :   20180130-133140
01/30/2018 13:31:40 [INFO] configuration: context_set  :   next
01/30/2018 13:31:40 [INFO] configuration: utterance_names  :   ['last_user_utterance', 'last_system_utterance', 'current_user_utterance', 'next_system_utterance', 'next_user_utterance']
01/30/2018 13:31:40 [INFO] configuration: utterance_range  :   ['current_user_utterance', 'next_system_utterance', 'next_user_utterance']
01/30/2018 13:31:40 [INFO] configuration: feature_set  :   8-skipthought
01/30/2018 13:31:40 [INFO] configuration: feature_set_number  :   ['11']
01/30/2018 13:31:40 [INFO] configuration: experiment_name  :   20180130-133140.continuous_feature_selection.pca_component=10.feature_number=-1.context=next.feature=8-skipthought.similarity=true
01/30/2018 13:31:40 [INFO] configuration: experiment_path  :   /ihome/pbrusilosky/rum20/y_classify/output/20180130-133140.continuous_feature_selection.pca_component=10.feature_number=-1.context=next.feature=8-skipthought.similarity=true
01/30/2018 13:31:40 [INFO] configuration: log_path  :   /ihome/pbrusilosky/rum20/y_classify/output/20180130-133140.continuous_feature_selection.pca_component=10.feature_number=-1.context=next.feature=8-skipthought.similarity=true/output.log
01/30/2018 13:31:40 [INFO] configuration: valid_type  :   {'A', 'F', 'R', 'C'}
01/30/2018 13:31:40 [INFO] configuration: data_name  :   
01/30/2018 13:31:40 [INFO] configuration: data_names  :   ['dstc2', 'dstc3', 'family', 'ghome']
01/30/2018 13:31:40 [INFO] configuration: raw_feature_path  :   /ihome/pbrusilosky/rum20/y_classify/dataset/feature/%s.raw_feature.pkl
01/30/2018 13:31:40 [INFO] configuration: extracted_feature_path  :   /ihome/pbrusilosky/rum20/y_classify/dataset/feature/%s.extracted_feature.pkl
01/30/2018 13:31:40 [INFO] configuration: pipeline_path  :   /ihome/pbrusilosky/rum20/y_classify/dataset/feature/%s.pipeline.pkl
01/30/2018 13:31:40 [INFO] configuration: metrics  :   ['accuracy', 'precision', 'recall', 'f1_score', 'training_time', 'test_time']
01/30/2018 13:31:40 [INFO] configuration: do_cross_validation  :   True
01/30/2018 13:31:40 [INFO] configuration: #division  :   5
01/30/2018 13:31:40 [INFO] configuration: #cross_validation  :   10
01/30/2018 13:31:40 [INFO] configuration: cv_index_cache_path  :   
01/30/2018 13:31:40 [INFO] configuration: action_words  :   {'music', 'reminder', 'items', 'alarm', 'address', 'room', 'share', 'south', 'volum', 'shuffle', 'ani', 'list', 'expensive', 'start', 'remind', 'video', 'stop', 'expens', 'delete', 'add', 'turn', 'help', 'play', 'temperatur', 'findcare', 'price', 'weather', 'discard', 'watch', 'cast', 'time', 'part', 'volume', 'song', 'member', 'remov', 'centr', 'moder', 'timer', 'number', 'skip', 'north', 'item', 'else', 'snooz', 'centre', 'cheap', 'next', 'telephone', 'clear', 'light', 'reminds', 'reminders', 'matter', 'area', 'post', 'show', 'food', 'shuffl', 'any', 'moderate', 'temperature', 'snooze', 'delet', 'remove', 'telephon', 'tell', 'phone', 'findcar', 'els'}
01/30/2018 13:31:40 [INFO] configuration: corenlp_jars  :   ('/Users/memray/Project/stanford/stanford-corenlp-full-3.8.0/*', '/Users/memray/Project/stanford/stanford-corenlp-full-3.8.0/stanford-english-kbp-corenlp-2017-06-09-models.jar')
01/30/2018 13:31:40 [INFO] configuration: lda_topic_number  :   50
01/30/2018 13:31:40 [INFO] configuration: lda_path  :   /ihome/pbrusilosky/rum20/y_classify/dataset/feature/gensim/%s.topic=50.lda.pkl
01/30/2018 13:31:40 [INFO] configuration: gensim_corpus_path  :   /ihome/pbrusilosky/rum20/y_classify/dataset/feature/gensim/%s.corpus.pkl
01/30/2018 13:31:40 [INFO] configuration: gensim_dict_path  :   /ihome/pbrusilosky/rum20/y_classify/dataset/feature/gensim/%s.dict
01/30/2018 13:31:40 [INFO] configuration: w2v_path  :   /home/memray/Data/glove/GoogleNews-vectors-negative300.bin
01/30/2018 13:31:40 [INFO] configuration: w2v_vector_length  :   300
01/30/2018 13:31:40 [INFO] configuration: d2v_vector_length  :   300
01/30/2018 13:31:40 [INFO] configuration: d2v_window_size  :   5
01/30/2018 13:31:40 [INFO] configuration: d2v_min_count  :   2
01/30/2018 13:31:40 [INFO] configuration: d2v_model_path  :   /ihome/pbrusilosky/rum20/y_classify/dataset/feature/gensim/%s.doc2vec.dim=300.window=5.min_count=2.model
01/30/2018 13:31:40 [INFO] configuration: d2v_vector_path  :   /ihome/pbrusilosky/rum20/y_classify/dataset/feature/gensim/%s.doc2vec.dim=300.window=5.min_count=2.vector
01/30/2018 13:31:40 [INFO] configuration: num_word_keep  :   {'dstc2': 300, 'dstc3': 300, 'family': 1000, 'ghome': 1000}
01/30/2018 13:31:40 [INFO] configuration: batch_size  :   128
01/30/2018 13:31:40 [INFO] configuration: max_epoch  :   50
01/30/2018 13:31:40 [INFO] configuration: early_stop_tolerance  :   2
01/30/2018 13:31:40 [INFO] configuration: concat_sents  :   False
01/30/2018 13:31:40 [INFO] configuration: cnn_setting  :   {'model': 'multichannel', 'early_stopping': True, 'word_dim': 300, 'filters': [3, 4, 5], 'filter_num': [100, 100, 100], 'class_size': 4, 'batch_size': 128, 'learning_rate': 0.001, 'norm_limit': 10, 'dropout_prob': 0.0, 'sentence_num': 3}
01/30/2018 13:31:40 [INFO] configuration: skipthought_setting  :   {'skipthought_model_path': '/Users/memray/Data/skip-thought', 'skipthought_data_path': '/ihome/pbrusilosky/rum20/y_classify/dataset/feature/gensim/%s.skip-thought.biskip.vector', 'fixed_emb': True, 'sentence_num': 3, 'hidden_size': 2400, 'class_size': 4, 'learning_rate': 0.0001, 'norm_limit': 3, 'dropout_prob': 0.5}
01/30/2018 13:31:40 [INFO] configuration: lstm_setting  :   {'model': 'non-static', 'hidden_size': 32, 'embedding_size': 300, 'num_layers': 1, 'bidirectional': False, 'learning_rate': 0.001, 'class_size': 4, 'norm_limit': 2, 'clip_grad_norm': 2, 'dropout_prob': 0.1}
01/30/2018 13:34:37 [INFO] exp_shallowmodel: %%%%%%%%%%%%%%%%%%%%%%%%%%%%%%%%%%%%%%%%%%%%%%%%%%
01/30/2018 13:34:37 [INFO] exp_shallowmodel:           dataset=dstc2
01/30/2018 13:34:37 [INFO] exp_shallowmodel:           X_new.shape=(5725, 1025)
01/30/2018 13:34:37 [INFO] exp_shallowmodel:           #(discrete_feature)=0
01/30/2018 13:34:37 [INFO] exp_shallowmodel:           #(continuous_feature)=1024
01/30/2018 13:34:37 [INFO] exp_shallowmodel:           #(similarity_feature)=1
01/30/2018 13:34:37 [INFO] exp_shallowmodel: %%%%%%%%%%%%%%%%%%%%%%%%%%%%%%%%%%%%%%%%%%%%%%%%%%
01/30/2018 13:34:37 [INFO] exp_shallowmodel: ******************** dstc2 - Round 0 
01/30/2018 13:34:37 [INFO] exp_shallowmodel: #(data) = 4583
01/30/2018 13:34:37 [INFO] exp_shallowmodel: #(feature) = 1025
01/30/2018 13:34:37 [INFO] exp_shallowmodel: ================================================================================
01/30/2018 13:34:37 [INFO] exp_shallowmodel: LR.pen=l1.C=1.000000
01/30/2018 13:34:37 [INFO] exp_shallowmodel: ________________________________________________________________________________
01/30/2018 13:34:37 [INFO] exp_shallowmodel: Training: 
01/30/2018 13:34:37 [INFO] exp_shallowmodel: LogisticRegression(C=1, class_weight=None, dual=False, fit_intercept=True,
          intercept_scaling=1, max_iter=100, multi_class='ovr', n_jobs=1,
          penalty='l1', random_state=None, solver='liblinear', tol=0.0001,
          verbose=0, warm_start=False)
01/30/2018 13:34:54 [INFO] exp_shallowmodel: train time: 17.530s
01/30/2018 13:34:54 [INFO] exp_shallowmodel: test time:  0.001s
01/30/2018 13:34:54 [INFO] exp_shallowmodel: accuracy:   0.776
01/30/2018 13:34:54 [INFO] exp_shallowmodel: f1_score:   0.659
01/30/2018 13:34:54 [INFO] exp_shallowmodel: classification report:
01/30/2018 13:34:54 [INFO] exp_shallowmodel:              precision    recall  f1-score   support

          A       0.45      0.36      0.40        14
          C       0.74      0.74      0.74       164
          F       0.88      0.90      0.89       268
          R       0.62      0.59      0.60       125

avg / total       0.77      0.78      0.77       571

01/30/2018 13:34:54 [INFO] exp_shallowmodel: confusion matrix:
01/30/2018 13:34:54 [INFO] exp_shallowmodel: 
[[  5   2   4   3]
 [  0 122  11  31]
 [  5   9 242  12]
 [  1  32  18  74]]
01/30/2018 13:34:55 [INFO] exp_shallowmodel: Feature selection of top 100, selectable:non-selectable=0:100
01/30/2018 13:37:54 [INFO] exp_shallowmodel: %%%%%%%%%%%%%%%%%%%%%%%%%%%%%%%%%%%%%%%%%%%%%%%%%%
01/30/2018 13:37:54 [INFO] exp_shallowmodel:           dataset=dstc3
01/30/2018 13:37:54 [INFO] exp_shallowmodel:           X_new.shape=(5934, 1025)
01/30/2018 13:37:54 [INFO] exp_shallowmodel:           #(discrete_feature)=0
01/30/2018 13:37:54 [INFO] exp_shallowmodel:           #(continuous_feature)=1024
01/30/2018 13:37:54 [INFO] exp_shallowmodel:           #(similarity_feature)=1
01/30/2018 13:37:54 [INFO] exp_shallowmodel: %%%%%%%%%%%%%%%%%%%%%%%%%%%%%%%%%%%%%%%%%%%%%%%%%%
01/30/2018 13:37:54 [INFO] exp_shallowmodel: ******************** dstc3 - Round 0 
01/30/2018 13:37:54 [INFO] exp_shallowmodel: #(data) = 4750
01/30/2018 13:37:54 [INFO] exp_shallowmodel: #(feature) = 1025
01/30/2018 13:37:54 [INFO] exp_shallowmodel: ================================================================================
01/30/2018 13:37:54 [INFO] exp_shallowmodel: LR.pen=l1.C=1.000000
01/30/2018 13:37:54 [INFO] exp_shallowmodel: ________________________________________________________________________________
01/30/2018 13:37:54 [INFO] exp_shallowmodel: Training: 
01/30/2018 13:37:54 [INFO] exp_shallowmodel: LogisticRegression(C=1, class_weight=None, dual=False, fit_intercept=True,
          intercept_scaling=1, max_iter=100, multi_class='ovr', n_jobs=1,
          penalty='l1', random_state=None, solver='liblinear', tol=0.0001,
          verbose=0, warm_start=False)
01/30/2018 13:38:10 [INFO] exp_shallowmodel: train time: 16.159s
01/30/2018 13:38:10 [INFO] exp_shallowmodel: test time:  0.001s
01/30/2018 13:38:10 [INFO] exp_shallowmodel: accuracy:   0.733
01/30/2018 13:38:10 [INFO] exp_shallowmodel: f1_score:   0.632
01/30/2018 13:38:10 [INFO] exp_shallowmodel: classification report:
01/30/2018 13:38:10 [INFO] exp_shallowmodel:              precision    recall  f1-score   support

          A       0.50      0.50      0.50        20
          C       0.66      0.71      0.68       169
          F       0.88      0.90      0.89       281
          R       0.51      0.42      0.46       122

avg / total       0.72      0.73      0.73       592

01/30/2018 13:38:10 [INFO] exp_shallowmodel: confusion matrix:
01/30/2018 13:38:10 [INFO] exp_shallowmodel: 
[[ 10   3   6   1]
 [  2 120  13  34]
 [  5   9 253  14]
 [  3  51  17  51]]
01/30/2018 13:38:11 [INFO] exp_shallowmodel: Feature selection of top 100, selectable:non-selectable=0:100
01/30/2018 13:38:57 [INFO] exp_shallowmodel: %%%%%%%%%%%%%%%%%%%%%%%%%%%%%%%%%%%%%%%%%%%%%%%%%%
01/30/2018 13:38:57 [INFO] exp_shallowmodel:           dataset=family
01/30/2018 13:38:57 [INFO] exp_shallowmodel:           X_new.shape=(3530, 1025)
01/30/2018 13:38:57 [INFO] exp_shallowmodel:           #(discrete_feature)=0
01/30/2018 13:38:57 [INFO] exp_shallowmodel:           #(continuous_feature)=1024
01/30/2018 13:38:57 [INFO] exp_shallowmodel:           #(similarity_feature)=1
01/30/2018 13:38:57 [INFO] exp_shallowmodel: %%%%%%%%%%%%%%%%%%%%%%%%%%%%%%%%%%%%%%%%%%%%%%%%%%
01/30/2018 13:38:57 [INFO] exp_shallowmodel: ******************** family - Round 0 
01/30/2018 13:38:57 [INFO] exp_shallowmodel: #(data) = 2826
01/30/2018 13:38:57 [INFO] exp_shallowmodel: #(feature) = 1025
01/30/2018 13:38:57 [INFO] exp_shallowmodel: ================================================================================
01/30/2018 13:38:57 [INFO] exp_shallowmodel: LR.pen=l1.C=1.000000
01/30/2018 13:38:57 [INFO] exp_shallowmodel: ________________________________________________________________________________
01/30/2018 13:38:57 [INFO] exp_shallowmodel: Training: 
01/30/2018 13:38:57 [INFO] exp_shallowmodel: LogisticRegression(C=1, class_weight=None, dual=False, fit_intercept=True,
          intercept_scaling=1, max_iter=100, multi_class='ovr', n_jobs=1,
          penalty='l1', random_state=None, solver='liblinear', tol=0.0001,
          verbose=0, warm_start=False)
01/30/2018 13:39:04 [INFO] exp_shallowmodel: train time: 6.302s
01/30/2018 13:39:04 [INFO] exp_shallowmodel: test time:  0.001s
01/30/2018 13:39:04 [INFO] exp_shallowmodel: accuracy:   0.795
01/30/2018 13:39:04 [INFO] exp_shallowmodel: f1_score:   0.586
01/30/2018 13:39:04 [INFO] exp_shallowmodel: classification report:
01/30/2018 13:39:04 [INFO] exp_shallowmodel:              precision    recall  f1-score   support

          A       0.25      0.26      0.26        23
          C       0.65      0.63      0.64        27
          F       0.91      0.92      0.91       250
          R       0.55      0.52      0.53        52

avg / total       0.79      0.80      0.79       352

01/30/2018 13:39:04 [INFO] exp_shallowmodel: confusion matrix:
01/30/2018 13:39:04 [INFO] exp_shallowmodel: 
[[  6   3   9   5]
 [  3  17   2   5]
 [  7   1 230  12]
 [  8   5  12  27]]
01/30/2018 13:39:04 [INFO] exp_shallowmodel: Feature selection of top 100, selectable:non-selectable=0:100
