/ihome/pbrusilosky/rum20/packages/anaconda3/bin/python -m dialogue.classify.task_runner -experiment_mode feature_selection -selected_feature_set_id 0 -add_similarity_feature -selected_context_id 0 -k_feature_to_keep 12
No. of param settings = 1
[('experiment_mode', 'feature_selection'), ('deep_model', False), ('selected_context_id', 0), ('selected_feature_set_id', 0), ('similarity_feature', True), ('k_feature_to_keep', 12)]
12/31/2017 18:15:54 [INFO] configuration: experiment_mode  :   feature_selection
12/31/2017 18:15:54 [INFO] configuration: deep_model  :   False
12/31/2017 18:15:54 [INFO] configuration: selected_context_id  :   0
12/31/2017 18:15:54 [INFO] configuration: selected_feature_set_id  :   0
12/31/2017 18:15:54 [INFO] configuration: similarity_feature  :   True
12/31/2017 18:15:54 [INFO] configuration: k_feature_to_keep  :   12
12/31/2017 18:15:54 [INFO] configuration: seed  :   154316847
12/31/2017 18:15:54 [INFO] configuration: root_path  :   /ihome/pbrusilosky/rum20/y_classify
12/31/2017 18:15:54 [INFO] configuration: task_name  :   utterance_type
12/31/2017 18:15:54 [INFO] configuration: timemark  :   20171231-181554
12/31/2017 18:15:54 [INFO] configuration: context_set  :   next
12/31/2017 18:15:54 [INFO] configuration: utterance_names  :   ['last_user_utterance', 'last_system_utterance', 'current_user_utterance', 'next_system_utterance', 'next_user_utterance']
12/31/2017 18:15:54 [INFO] configuration: utterance_range  :   ['current_user_utterance', 'next_system_utterance', 'next_user_utterance']
12/31/2017 18:15:54 [INFO] configuration: feature_set  :   0-all
12/31/2017 18:15:54 [INFO] configuration: feature_set_number  :   ['1', '2', '3', '4', '5', '6', '7', '8', '9', '10', '11']
12/31/2017 18:15:54 [INFO] configuration: experiment_name  :   20171231-181554.feature_selection.no_regularization.feature_number=12.context=next.feature=0-all.similarity=true
12/31/2017 18:15:54 [INFO] configuration: experiment_path  :   /ihome/pbrusilosky/rum20/y_classify/output/20171231-181554.feature_selection.no_regularization.feature_number=12.context=next.feature=0-all.similarity=true
12/31/2017 18:15:54 [INFO] configuration: log_path  :   /ihome/pbrusilosky/rum20/y_classify/output/20171231-181554.feature_selection.no_regularization.feature_number=12.context=next.feature=0-all.similarity=true/output.log
12/31/2017 18:15:54 [INFO] configuration: valid_type  :   {'C', 'F', 'R', 'A'}
12/31/2017 18:15:54 [INFO] configuration: data_name  :   
12/31/2017 18:15:54 [INFO] configuration: data_names  :   ['dstc2', 'dstc3', 'family', 'ghome']
12/31/2017 18:15:54 [INFO] configuration: raw_feature_path  :   /ihome/pbrusilosky/rum20/y_classify/dataset/feature/%s.raw_feature.pkl
12/31/2017 18:15:54 [INFO] configuration: extracted_feature_path  :   /ihome/pbrusilosky/rum20/y_classify/dataset/feature/%s.extracted_feature.pkl
12/31/2017 18:15:54 [INFO] configuration: pipeline_path  :   /ihome/pbrusilosky/rum20/y_classify/dataset/feature/%s.pipeline.pkl
12/31/2017 18:15:54 [INFO] configuration: metrics  :   ['accuracy', 'precision', 'recall', 'f1_score', 'training_time', 'test_time']
12/31/2017 18:15:54 [INFO] configuration: do_cross_validation  :   True
12/31/2017 18:15:54 [INFO] configuration: #division  :   5
12/31/2017 18:15:54 [INFO] configuration: #cross_validation  :   10
12/31/2017 18:15:54 [INFO] configuration: cv_index_cache_path  :   
12/31/2017 18:15:54 [INFO] configuration: action_words  :   {'delete', 'north', 'discard', 'south', 'snooz', 'start', 'song', 'area', 'els', 'watch', 'alarm', 'centr', 'price', 'centre', 'post', 'moderate', 'room', 'show', 'telephon', 'shuffl', 'matter', 'help', 'part', 'delet', 'list', 'reminders', 'member', 'weather', 'telephone', 'temperatur', 'time', 'turn', 'findcar', 'stop', 'address', 'shuffle', 'next', 'else', 'tell', 'reminds', 'remov', 'expens', 'light', 'moder', 'item', 'food', 'video', 'clear', 'reminder', 'music', 'ani', 'remind', 'play', 'findcare', 'snooze', 'skip', 'cheap', 'cast', 'volume', 'volum', 'number', 'any', 'share', 'expensive', 'items', 'phone', 'remove', 'temperature', 'add', 'timer'}
12/31/2017 18:15:54 [INFO] configuration: corenlp_jars  :   ('/Users/memray/Project/stanford/stanford-corenlp-full-3.8.0/*', '/Users/memray/Project/stanford/stanford-corenlp-full-3.8.0/stanford-english-kbp-corenlp-2017-06-09-models.jar')
12/31/2017 18:15:54 [INFO] configuration: lda_topic_number  :   50
12/31/2017 18:15:54 [INFO] configuration: lda_path  :   /ihome/pbrusilosky/rum20/y_classify/dataset/feature/gensim/%s.topic=50.lda.pkl
12/31/2017 18:15:54 [INFO] configuration: gensim_corpus_path  :   /ihome/pbrusilosky/rum20/y_classify/dataset/feature/gensim/%s.corpus.pkl
12/31/2017 18:15:54 [INFO] configuration: gensim_dict_path  :   /ihome/pbrusilosky/rum20/y_classify/dataset/feature/gensim/%s.dict
12/31/2017 18:15:54 [INFO] configuration: w2v_path  :   /Users/memray/Data/glove/GoogleNews-vectors-negative300.bin
12/31/2017 18:15:54 [INFO] configuration: w2v_vector_length  :   300
12/31/2017 18:15:54 [INFO] configuration: d2v_vector_length  :   300
12/31/2017 18:15:54 [INFO] configuration: d2v_window_size  :   5
12/31/2017 18:15:54 [INFO] configuration: d2v_min_count  :   2
12/31/2017 18:15:54 [INFO] configuration: d2v_model_path  :   /ihome/pbrusilosky/rum20/y_classify/dataset/feature/gensim/%s.doc2vec.dim=300.window=5.min_count=2.model
12/31/2017 18:15:54 [INFO] configuration: d2v_vector_path  :   /ihome/pbrusilosky/rum20/y_classify/dataset/feature/gensim/%s.doc2vec.dim=300.window=5.min_count=2.vector
12/31/2017 18:15:54 [INFO] configuration: num_word_keep  :   {'dstc2': 300, 'dstc3': 300, 'family': 1000, 'ghome': 1000}
12/31/2017 18:15:54 [INFO] configuration: batch_size  :   128
12/31/2017 18:15:54 [INFO] configuration: max_epoch  :   50
12/31/2017 18:15:54 [INFO] configuration: early_stop_tolerance  :   2
12/31/2017 18:15:54 [INFO] configuration: concat_sents  :   False
12/31/2017 18:15:54 [INFO] configuration: cnn_setting  :   {'model': 'rand', 'early_stopping': True, 'word_dim': 300, 'filters': [3, 4, 5], 'filter_num': [100, 100, 100], 'class_size': 4, 'batch_size': 128, 'learning_rate': 0.001, 'norm_limit': 10, 'dropout_prob': 0.5, 'sentence_num': 3}
12/31/2017 18:15:54 [INFO] configuration: skipthought_setting  :   {'skipthought_model_path': '/Users/memray/Data/skip-thought', 'skipthought_data_path': '/ihome/pbrusilosky/rum20/y_classify/dataset/feature/gensim/%s.skip-thought.biskip.vector', 'fixed_emb': True, 'sentence_num': 3, 'hidden_size': 2400, 'class_size': 4, 'learning_rate': 0.0001, 'norm_limit': 3, 'dropout_prob': 0.5}
12/31/2017 18:15:54 [INFO] configuration: lstm_setting  :   {'model': 'non-static', 'hidden_size': 32, 'embedding_size': 300, 'num_layers': 1, 'bidirectional': False, 'learning_rate': 0.001, 'class_size': 4, 'norm_limit': 2, 'clip_grad_norm': 2, 'dropout_prob': 0.1}
12/31/2017 18:15:59 [INFO] exp_shallowmodel: 1	8105

12/31/2017 18:15:59 [INFO] exp_shallowmodel: 10.1	900

12/31/2017 18:15:59 [INFO] exp_shallowmodel: 10.2.1	1

12/31/2017 18:15:59 [INFO] exp_shallowmodel: 11.1	7200

12/31/2017 18:15:59 [INFO] exp_shallowmodel: 11.2.1	1

12/31/2017 18:15:59 [INFO] exp_shallowmodel: 2.1	50

12/31/2017 18:15:59 [INFO] exp_shallowmodel: 2.2	2

12/31/2017 18:15:59 [INFO] exp_shallowmodel: 2.3.1	1

12/31/2017 18:15:59 [INFO] exp_shallowmodel: 3	5

12/31/2017 18:15:59 [INFO] exp_shallowmodel: 4.1	5174

12/31/2017 18:15:59 [INFO] exp_shallowmodel: 4.2.1	1

12/31/2017 18:15:59 [INFO] exp_shallowmodel: 4.3.1	1

12/31/2017 18:15:59 [INFO] exp_shallowmodel: 5	2184

12/31/2017 18:15:59 [INFO] exp_shallowmodel: 6	245

12/31/2017 18:15:59 [INFO] exp_shallowmodel: 7	910

12/31/2017 18:15:59 [INFO] exp_shallowmodel: 8.1	150

12/31/2017 18:15:59 [INFO] exp_shallowmodel: 8.2.1	1

12/31/2017 18:15:59 [INFO] exp_shallowmodel: 9.1	900

12/31/2017 18:15:59 [INFO] exp_shallowmodel: 9.2.1	1

12/31/2017 18:15:59 [INFO] exp_shallowmodel: 9.3.1	1

12/31/2017 18:16:00 [INFO] exp_shallowmodel: %%%%%%%%%%%%%%%%%%%%%%%%%%%%%%%%%%%%%%%%%%%%%%%%%%
12/31/2017 18:16:00 [INFO] exp_shallowmodel:           dataset=dstc2
12/31/2017 18:16:00 [INFO] exp_shallowmodel:           k_feature_to_keep=12
12/31/2017 18:16:00 [INFO] exp_shallowmodel:           X_new.shape=(5725, 13263)
12/31/2017 18:16:00 [INFO] exp_shallowmodel:           #(X_selected)=4096
12/31/2017 18:16:00 [INFO] exp_shallowmodel:           #(X_not_selectable)=9167
12/31/2017 18:16:00 [INFO] exp_shallowmodel: %%%%%%%%%%%%%%%%%%%%%%%%%%%%%%%%%%%%%%%%%%%%%%%%%%
12/31/2017 18:16:03 [INFO] exp_shallowmodel: ******************** dstc2 - Round 0 
12/31/2017 18:16:03 [INFO] exp_shallowmodel: #(data) = 4583
12/31/2017 18:16:03 [INFO] exp_shallowmodel: #(feature) = 13263
12/31/2017 18:16:03 [INFO] exp_shallowmodel: ================================================================================
12/31/2017 18:16:03 [INFO] exp_shallowmodel: LR.pen=l2.C=100000000000000000000.000000
12/31/2017 18:16:03 [INFO] exp_shallowmodel: ________________________________________________________________________________
12/31/2017 18:16:03 [INFO] exp_shallowmodel: Training: 
12/31/2017 18:16:03 [INFO] exp_shallowmodel: LogisticRegression(C=1e+20, class_weight=None, dual=False, fit_intercept=True,
          intercept_scaling=1, max_iter=100, multi_class='ovr', n_jobs=1,
          penalty='l2', random_state=None, solver='liblinear', tol=0.0001,
          verbose=0, warm_start=False)
12/31/2017 18:58:06 [INFO] exp_shallowmodel: train time: 2522.962s
12/31/2017 18:58:06 [INFO] exp_shallowmodel: test time:  0.012s
12/31/2017 18:58:06 [INFO] exp_shallowmodel: accuracy:   0.774
12/31/2017 18:58:06 [INFO] exp_shallowmodel: f1_score:   0.675
12/31/2017 18:58:06 [INFO] exp_shallowmodel: classification report:
12/31/2017 18:58:06 [INFO] exp_shallowmodel:              precision    recall  f1-score   support

          A       0.40      0.43      0.41        14
          C       0.73      0.73      0.73       164
          F       0.92      0.83      0.87       268
          R       0.63      0.75      0.68       125

avg / total       0.79      0.77      0.78       571

12/31/2017 18:58:06 [INFO] exp_shallowmodel: confusion matrix:
12/31/2017 18:58:06 [INFO] exp_shallowmodel: 
[[  6   3   5   0]
 [  3 119  11  31]
 [  5  15 223  25]
 [  1  26   4  94]]
12/31/2017 18:58:09 [INFO] exp_shallowmodel: ******************** dstc2 - Round 1 
12/31/2017 18:58:09 [INFO] exp_shallowmodel: #(data) = 4583
12/31/2017 18:58:09 [INFO] exp_shallowmodel: #(feature) = 13263
12/31/2017 18:58:09 [INFO] exp_shallowmodel: ================================================================================
12/31/2017 18:58:09 [INFO] exp_shallowmodel: LR.pen=l2.C=100000000000000000000.000000
12/31/2017 18:58:09 [INFO] exp_shallowmodel: ________________________________________________________________________________
12/31/2017 18:58:09 [INFO] exp_shallowmodel: Training: 
12/31/2017 18:58:09 [INFO] exp_shallowmodel: LogisticRegression(C=1e+20, class_weight=None, dual=False, fit_intercept=True,
          intercept_scaling=1, max_iter=100, multi_class='ovr', n_jobs=1,
          penalty='l2', random_state=None, solver='liblinear', tol=0.0001,
          verbose=0, warm_start=False)
12/31/2017 19:57:57 [INFO] exp_shallowmodel: train time: 3588.151s
12/31/2017 19:57:57 [INFO] exp_shallowmodel: test time:  0.012s
12/31/2017 19:57:57 [INFO] exp_shallowmodel: accuracy:   0.774
12/31/2017 19:57:57 [INFO] exp_shallowmodel: f1_score:   0.646
12/31/2017 19:57:57 [INFO] exp_shallowmodel: classification report:
12/31/2017 19:57:57 [INFO] exp_shallowmodel:              precision    recall  f1-score   support

          A       0.25      0.36      0.29        14
          C       0.74      0.66      0.70       164
          F       0.92      0.86      0.89       268
          R       0.63      0.78      0.70       125

avg / total       0.79      0.77      0.78       571

12/31/2017 19:57:57 [INFO] exp_shallowmodel: confusion matrix:
12/31/2017 19:57:57 [INFO] exp_shallowmodel: 
[[  5   3   4   2]
 [  8 109  11  36]
 [  5  14 231  18]
 [  2  22   4  97]]
12/31/2017 19:58:00 [INFO] exp_shallowmodel: ******************** dstc2 - Round 2 
12/31/2017 19:58:00 [INFO] exp_shallowmodel: #(data) = 4583
12/31/2017 19:58:00 [INFO] exp_shallowmodel: #(feature) = 13263
12/31/2017 19:58:00 [INFO] exp_shallowmodel: ================================================================================
12/31/2017 19:58:00 [INFO] exp_shallowmodel: LR.pen=l2.C=100000000000000000000.000000
12/31/2017 19:58:00 [INFO] exp_shallowmodel: ________________________________________________________________________________
12/31/2017 19:58:00 [INFO] exp_shallowmodel: Training: 
12/31/2017 19:58:00 [INFO] exp_shallowmodel: LogisticRegression(C=1e+20, class_weight=None, dual=False, fit_intercept=True,
          intercept_scaling=1, max_iter=100, multi_class='ovr', n_jobs=1,
          penalty='l2', random_state=None, solver='liblinear', tol=0.0001,
          verbose=0, warm_start=False)
12/31/2017 21:00:24 [INFO] exp_shallowmodel: train time: 3744.736s
12/31/2017 21:00:24 [INFO] exp_shallowmodel: test time:  0.011s
12/31/2017 21:00:24 [INFO] exp_shallowmodel: accuracy:   0.760
12/31/2017 21:00:24 [INFO] exp_shallowmodel: f1_score:   0.628
12/31/2017 21:00:24 [INFO] exp_shallowmodel: classification report:
12/31/2017 21:00:24 [INFO] exp_shallowmodel:              precision    recall  f1-score   support

          A       0.27      0.29      0.28        14
          C       0.64      0.74      0.69       164
          F       0.95      0.84      0.89       268
          R       0.64      0.67      0.66       125

avg / total       0.78      0.76      0.77       571

12/31/2017 21:00:24 [INFO] exp_shallowmodel: confusion matrix:
12/31/2017 21:00:24 [INFO] exp_shallowmodel: 
[[  4   3   2   5]
 [  3 121   9  31]
 [  3  29 225  11]
 [  5  35   1  84]]
12/31/2017 21:00:27 [INFO] exp_shallowmodel: ******************** dstc2 - Round 3 
12/31/2017 21:00:27 [INFO] exp_shallowmodel: #(data) = 4583
12/31/2017 21:00:27 [INFO] exp_shallowmodel: #(feature) = 13263
12/31/2017 21:00:27 [INFO] exp_shallowmodel: ================================================================================
12/31/2017 21:00:27 [INFO] exp_shallowmodel: LR.pen=l2.C=100000000000000000000.000000
12/31/2017 21:00:27 [INFO] exp_shallowmodel: ________________________________________________________________________________
12/31/2017 21:00:27 [INFO] exp_shallowmodel: Training: 
12/31/2017 21:00:27 [INFO] exp_shallowmodel: LogisticRegression(C=1e+20, class_weight=None, dual=False, fit_intercept=True,
          intercept_scaling=1, max_iter=100, multi_class='ovr', n_jobs=1,
          penalty='l2', random_state=None, solver='liblinear', tol=0.0001,
          verbose=0, warm_start=False)
12/31/2017 21:48:30 [INFO] exp_shallowmodel: train time: 2883.279s
12/31/2017 21:48:30 [INFO] exp_shallowmodel: test time:  0.012s
12/31/2017 21:48:30 [INFO] exp_shallowmodel: accuracy:   0.741
12/31/2017 21:48:30 [INFO] exp_shallowmodel: f1_score:   0.640
12/31/2017 21:48:30 [INFO] exp_shallowmodel: classification report:
12/31/2017 21:48:30 [INFO] exp_shallowmodel:              precision    recall  f1-score   support

          A       0.40      0.43      0.41        14
          C       0.64      0.71      0.68       164
          F       0.93      0.84      0.88       268
          R       0.57      0.61      0.59       125

avg / total       0.76      0.74      0.75       571

12/31/2017 21:48:30 [INFO] exp_shallowmodel: confusion matrix:
12/31/2017 21:48:30 [INFO] exp_shallowmodel: 
[[  6   2   2   4]
 [  5 117   7  35]
 [  0  25 224  19]
 [  4  38   7  76]]
12/31/2017 21:48:33 [INFO] exp_shallowmodel: ******************** dstc2 - Round 4 
12/31/2017 21:48:33 [INFO] exp_shallowmodel: #(data) = 4583
12/31/2017 21:48:33 [INFO] exp_shallowmodel: #(feature) = 13263
12/31/2017 21:48:33 [INFO] exp_shallowmodel: ================================================================================
12/31/2017 21:48:33 [INFO] exp_shallowmodel: LR.pen=l2.C=100000000000000000000.000000
12/31/2017 21:48:33 [INFO] exp_shallowmodel: ________________________________________________________________________________
12/31/2017 21:48:33 [INFO] exp_shallowmodel: Training: 
12/31/2017 21:48:33 [INFO] exp_shallowmodel: LogisticRegression(C=1e+20, class_weight=None, dual=False, fit_intercept=True,
          intercept_scaling=1, max_iter=100, multi_class='ovr', n_jobs=1,
          penalty='l2', random_state=None, solver='liblinear', tol=0.0001,
          verbose=0, warm_start=False)
12/31/2017 22:40:06 [INFO] exp_shallowmodel: train time: 3092.926s
12/31/2017 22:40:06 [INFO] exp_shallowmodel: test time:  0.012s
12/31/2017 22:40:06 [INFO] exp_shallowmodel: accuracy:   0.750
12/31/2017 22:40:06 [INFO] exp_shallowmodel: f1_score:   0.646
12/31/2017 22:40:06 [INFO] exp_shallowmodel: classification report:
12/31/2017 22:40:06 [INFO] exp_shallowmodel:              precision    recall  f1-score   support

          A       0.36      0.36      0.36        14
          C       0.69      0.76      0.72       164
          F       0.89      0.78      0.83       268
          R       0.63      0.72      0.67       125

avg / total       0.76      0.75      0.75       571

12/31/2017 22:40:06 [INFO] exp_shallowmodel: confusion matrix:
12/31/2017 22:40:06 [INFO] exp_shallowmodel: 
[[  5   3   5   1]
 [  2 125  13  24]
 [  5  27 208  28]
 [  2  26   7  90]]
12/31/2017 22:40:09 [INFO] exp_shallowmodel: ******************** dstc2 - Round 5 
12/31/2017 22:40:09 [INFO] exp_shallowmodel: #(data) = 4583
12/31/2017 22:40:09 [INFO] exp_shallowmodel: #(feature) = 13263
12/31/2017 22:40:09 [INFO] exp_shallowmodel: ================================================================================
12/31/2017 22:40:09 [INFO] exp_shallowmodel: LR.pen=l2.C=100000000000000000000.000000
12/31/2017 22:40:09 [INFO] exp_shallowmodel: ________________________________________________________________________________
12/31/2017 22:40:09 [INFO] exp_shallowmodel: Training: 
12/31/2017 22:40:09 [INFO] exp_shallowmodel: LogisticRegression(C=1e+20, class_weight=None, dual=False, fit_intercept=True,
          intercept_scaling=1, max_iter=100, multi_class='ovr', n_jobs=1,
          penalty='l2', random_state=None, solver='liblinear', tol=0.0001,
          verbose=0, warm_start=False)
12/31/2017 23:56:23 [INFO] exp_shallowmodel: train time: 4573.816s
12/31/2017 23:56:23 [INFO] exp_shallowmodel: test time:  0.012s
12/31/2017 23:56:23 [INFO] exp_shallowmodel: accuracy:   0.751
12/31/2017 23:56:23 [INFO] exp_shallowmodel: f1_score:   0.600
12/31/2017 23:56:23 [INFO] exp_shallowmodel: classification report:
12/31/2017 23:56:23 [INFO] exp_shallowmodel:              precision    recall  f1-score   support

          A       0.16      0.21      0.18        14
          C       0.70      0.67      0.69       164
          F       0.93      0.84      0.88       268
          R       0.59      0.72      0.65       125

avg / total       0.77      0.75      0.76       571

12/31/2017 23:56:23 [INFO] exp_shallowmodel: confusion matrix:
12/31/2017 23:56:23 [INFO] exp_shallowmodel: 
[[  3   3   5   3]
 [  7 110   8  39]
 [  1  21 226  20]
 [  8  23   4  90]]
12/31/2017 23:56:26 [INFO] exp_shallowmodel: ******************** dstc2 - Round 6 
12/31/2017 23:56:26 [INFO] exp_shallowmodel: #(data) = 4583
12/31/2017 23:56:26 [INFO] exp_shallowmodel: #(feature) = 13263
12/31/2017 23:56:26 [INFO] exp_shallowmodel: ================================================================================
12/31/2017 23:56:26 [INFO] exp_shallowmodel: LR.pen=l2.C=100000000000000000000.000000
12/31/2017 23:56:26 [INFO] exp_shallowmodel: ________________________________________________________________________________
12/31/2017 23:56:26 [INFO] exp_shallowmodel: Training: 
12/31/2017 23:56:26 [INFO] exp_shallowmodel: LogisticRegression(C=1e+20, class_weight=None, dual=False, fit_intercept=True,
          intercept_scaling=1, max_iter=100, multi_class='ovr', n_jobs=1,
          penalty='l2', random_state=None, solver='liblinear', tol=0.0001,
          verbose=0, warm_start=False)
01/01/2018 00:56:16 [INFO] exp_shallowmodel: train time: 3590.636s
01/01/2018 00:56:16 [INFO] exp_shallowmodel: test time:  0.012s
01/01/2018 00:56:16 [INFO] exp_shallowmodel: accuracy:   0.774
01/01/2018 00:56:16 [INFO] exp_shallowmodel: f1_score:   0.651
01/01/2018 00:56:16 [INFO] exp_shallowmodel: classification report:
01/01/2018 00:56:16 [INFO] exp_shallowmodel:              precision    recall  f1-score   support

          A       0.40      0.29      0.33        14
          C       0.72      0.75      0.73       164
          F       0.91      0.85      0.88       268
          R       0.63      0.69      0.66       125

avg / total       0.78      0.77      0.78       571

01/01/2018 00:56:16 [INFO] exp_shallowmodel: confusion matrix:
01/01/2018 00:56:16 [INFO] exp_shallowmodel: 
[[  4   2   6   2]
 [  3 123  13  25]
 [  2  14 229  23]
 [  1  33   5  86]]
01/01/2018 00:56:19 [INFO] exp_shallowmodel: ******************** dstc2 - Round 7 
01/01/2018 00:56:19 [INFO] exp_shallowmodel: #(data) = 4583
01/01/2018 00:56:19 [INFO] exp_shallowmodel: #(feature) = 13263
01/01/2018 00:56:19 [INFO] exp_shallowmodel: ================================================================================
01/01/2018 00:56:19 [INFO] exp_shallowmodel: LR.pen=l2.C=100000000000000000000.000000
01/01/2018 00:56:19 [INFO] exp_shallowmodel: ________________________________________________________________________________
01/01/2018 00:56:19 [INFO] exp_shallowmodel: Training: 
01/01/2018 00:56:19 [INFO] exp_shallowmodel: LogisticRegression(C=1e+20, class_weight=None, dual=False, fit_intercept=True,
          intercept_scaling=1, max_iter=100, multi_class='ovr', n_jobs=1,
          penalty='l2', random_state=None, solver='liblinear', tol=0.0001,
          verbose=0, warm_start=False)
01/01/2018 01:47:37 [INFO] exp_shallowmodel: train time: 3077.809s
01/01/2018 01:47:37 [INFO] exp_shallowmodel: test time:  0.012s
01/01/2018 01:47:37 [INFO] exp_shallowmodel: accuracy:   0.741
01/01/2018 01:47:37 [INFO] exp_shallowmodel: f1_score:   0.644
01/01/2018 01:47:37 [INFO] exp_shallowmodel: classification report:
01/01/2018 01:47:37 [INFO] exp_shallowmodel:              precision    recall  f1-score   support

          A       0.38      0.43      0.40        14
          C       0.63      0.66      0.65       164
          F       0.91      0.82      0.86       268
          R       0.63      0.71      0.67       125

avg / total       0.75      0.74      0.75       571

01/01/2018 01:47:37 [INFO] exp_shallowmodel: confusion matrix:
01/01/2018 01:47:37 [INFO] exp_shallowmodel: 
[[  6   5   3   0]
 [  6 109  13  36]
 [  2  31 219  16]
 [  2  28   6  89]]
01/01/2018 01:47:40 [INFO] exp_shallowmodel: ******************** dstc2 - Round 8 
01/01/2018 01:47:40 [INFO] exp_shallowmodel: #(data) = 4583
01/01/2018 01:47:40 [INFO] exp_shallowmodel: #(feature) = 13263
01/01/2018 01:47:40 [INFO] exp_shallowmodel: ================================================================================
01/01/2018 01:47:40 [INFO] exp_shallowmodel: LR.pen=l2.C=100000000000000000000.000000
01/01/2018 01:47:40 [INFO] exp_shallowmodel: ________________________________________________________________________________
01/01/2018 01:47:40 [INFO] exp_shallowmodel: Training: 
01/01/2018 01:47:40 [INFO] exp_shallowmodel: LogisticRegression(C=1e+20, class_weight=None, dual=False, fit_intercept=True,
          intercept_scaling=1, max_iter=100, multi_class='ovr', n_jobs=1,
          penalty='l2', random_state=None, solver='liblinear', tol=0.0001,
          verbose=0, warm_start=False)
01/01/2018 02:32:59 [INFO] exp_shallowmodel: train time: 2719.073s
01/01/2018 02:32:59 [INFO] exp_shallowmodel: test time:  0.012s
01/01/2018 02:32:59 [INFO] exp_shallowmodel: accuracy:   0.758
01/01/2018 02:32:59 [INFO] exp_shallowmodel: f1_score:   0.611
01/01/2018 02:32:59 [INFO] exp_shallowmodel: classification report:
01/01/2018 02:32:59 [INFO] exp_shallowmodel:              precision    recall  f1-score   support

          A       0.23      0.21      0.22        14
          C       0.67      0.67      0.67       164
          F       0.92      0.87      0.89       268
          R       0.62      0.70      0.66       125

avg / total       0.77      0.76      0.76       571

01/01/2018 02:32:59 [INFO] exp_shallowmodel: confusion matrix:
01/01/2018 02:32:59 [INFO] exp_shallowmodel: 
[[  3   7   2   2]
 [  6 110  12  36]
 [  3  18 232  15]
 [  1  29   7  88]]
/ihome/pbrusilosky/rum20/packages/anaconda3/lib/python3.6/site-packages/sklearn/preprocessing/data.py:164: UserWarning: Numerical issues were encountered when centering the data and might not be solved. Dataset may contain too large values. You may need to prescale your features.
  warnings.warn("Numerical issues were encountered "
/ihome/pbrusilosky/rum20/packages/anaconda3/lib/python3.6/site-packages/sklearn/preprocessing/data.py:169: RuntimeWarning: invalid value encountered in subtract
  Xr -= mean_1
/ihome/pbrusilosky/rum20/packages/anaconda3/lib/python3.6/site-packages/sklearn/preprocessing/data.py:181: UserWarning: Numerical issues were encountered when scaling the data and might not be solved. The standard deviation of the data is probably very close to 0. 
  warnings.warn("Numerical issues were encountered "
/ihome/pbrusilosky/rum20/packages/anaconda3/lib/python3.6/site-packages/sklearn/preprocessing/data.py:164: UserWarning: Numerical issues were encountered when centering the data and might not be solved. Dataset may contain too large values. You may need to prescale your features.
  warnings.warn("Numerical issues were encountered "
/ihome/pbrusilosky/rum20/packages/anaconda3/lib/python3.6/site-packages/sklearn/preprocessing/data.py:169: RuntimeWarning: invalid value encountered in subtract
  Xr -= mean_1
/ihome/pbrusilosky/rum20/packages/anaconda3/lib/python3.6/site-packages/sklearn/preprocessing/data.py:181: UserWarning: Numerical issues were encountered when scaling the data and might not be solved. The standard deviation of the data is probably very close to 0. 
  warnings.warn("Numerical issues were encountered "
/ihome/pbrusilosky/rum20/packages/anaconda3/lib/python3.6/site-packages/sklearn/preprocessing/data.py:164: UserWarning: Numerical issues were encountered when centering the data and might not be solved. Dataset may contain too large values. You may need to prescale your features.
  warnings.warn("Numerical issues were encountered "
/ihome/pbrusilosky/rum20/packages/anaconda3/lib/python3.6/site-packages/sklearn/preprocessing/data.py:169: RuntimeWarning: invalid value encountered in subtract
  Xr -= mean_1
/ihome/pbrusilosky/rum20/packages/anaconda3/lib/python3.6/site-packages/sklearn/preprocessing/data.py:181: UserWarning: Numerical issues were encountered when scaling the data and might not be solved. The standard deviation of the data is probably very close to 0. 
  warnings.warn("Numerical issues were encountered "
/ihome/pbrusilosky/rum20/packages/anaconda3/lib/python3.6/site-packages/sklearn/preprocessing/data.py:164: UserWarning: Numerical issues were encountered when centering the data and might not be solved. Dataset may contain too large values. You may need to prescale your features.
  warnings.warn("Numerical issues were encountered "
/ihome/pbrusilosky/rum20/packages/anaconda3/lib/python3.6/site-packages/sklearn/preprocessing/data.py:169: RuntimeWarning: invalid value encountered in subtract
  Xr -= mean_1
/ihome/pbrusilosky/rum20/packages/anaconda3/lib/python3.6/site-packages/sklearn/preprocessing/data.py:181: UserWarning: Numerical issues were encountered when scaling the data and might not be solved. The standard deviation of the data is probably very close to 0. 
  warnings.warn("Numerical issues were encountered "
/ihome/pbrusilosky/rum20/packages/anaconda3/lib/python3.6/site-packages/sklearn/preprocessing/data.py:164: UserWarning: Numerical issues were encountered when centering the data and might not be solved. Dataset may contain too large values. You may need to prescale your features.
  warnings.warn("Numerical issues were encountered "
/ihome/pbrusilosky/rum20/packages/anaconda3/lib/python3.6/site-packages/sklearn/preprocessing/data.py:169: RuntimeWarning: invalid value encountered in subtract
  Xr -= mean_1
/ihome/pbrusilosky/rum20/packages/anaconda3/lib/python3.6/site-packages/sklearn/preprocessing/data.py:181: UserWarning: Numerical issues were encountered when scaling the data and might not be solved. The standard deviation of the data is probably very close to 0. 
  warnings.warn("Numerical issues were encountered "
/ihome/pbrusilosky/rum20/packages/anaconda3/lib/python3.6/site-packages/sklearn/preprocessing/data.py:164: UserWarning: Numerical issues were encountered when centering the data and might not be solved. Dataset may contain too large values. You may need to prescale your features.
  warnings.warn("Numerical issues were encountered "
/ihome/pbrusilosky/rum20/packages/anaconda3/lib/python3.6/site-packages/sklearn/preprocessing/data.py:169: RuntimeWarning: invalid value encountered in subtract
  Xr -= mean_1
/ihome/pbrusilosky/rum20/packages/anaconda3/lib/python3.6/site-packages/sklearn/preprocessing/data.py:181: UserWarning: Numerical issues were encountered when scaling the data and might not be solved. The standard deviation of the data is probably very close to 0. 
  warnings.warn("Numerical issues were encountered "
/ihome/pbrusilosky/rum20/packages/anaconda3/lib/python3.6/site-packages/sklearn/preprocessing/data.py:164: UserWarning: Numerical issues were encountered when centering the data and might not be solved. Dataset may contain too large values. You may need to prescale your features.
  warnings.warn("Numerical issues were encountered "
/ihome/pbrusilosky/rum20/packages/anaconda3/lib/python3.6/site-packages/sklearn/preprocessing/data.py:169: RuntimeWarning: invalid value encountered in subtract
  Xr -= mean_1
/ihome/pbrusilosky/rum20/packages/anaconda3/lib/python3.6/site-packages/sklearn/preprocessing/data.py:181: UserWarning: Numerical issues were encountered when scaling the data and might not be solved. The standard deviation of the data is probably very close to 0. 
  warnings.warn("Numerical issues were encountered "
/ihome/pbrusilosky/rum20/packages/anaconda3/lib/python3.6/site-packages/sklearn/preprocessing/data.py:164: UserWarning: Numerical issues were encountered when centering the data and might not be solved. Dataset may contain too large values. You may need to prescale your features.
  warnings.warn("Numerical issues were encountered "
/ihome/pbrusilosky/rum20/packages/anaconda3/lib/python3.6/site-packages/sklearn/preprocessing/data.py:169: RuntimeWarning: invalid value encountered in subtract
  Xr -= mean_1
/ihome/pbrusilosky/rum20/packages/anaconda3/lib/python3.6/site-packages/sklearn/preprocessing/data.py:181: UserWarning: Numerical issues were encountered when scaling the data and might not be solved. The standard deviation of the data is probably very close to 0. 
  warnings.warn("Numerical issues were encountered "
/ihome/pbrusilosky/rum20/packages/anaconda3/lib/python3.6/site-packages/sklearn/preprocessing/data.py:164: UserWarning: Numerical issues were encountered when centering the data and might not be solved. Dataset may contain too large values. You may need to prescale your features.
  warnings.warn("Numerical issues were encountered "
/ihome/pbrusilosky/rum20/packages/anaconda3/lib/python3.6/site-packages/sklearn/preprocessing/data.py:169: RuntimeWarning: invalid value encountered in subtract
  Xr -= mean_1
/ihome/pbrusilosky/rum20/packages/anaconda3/lib/python3.6/site-packages/sklearn/preprocessing/data.py:181: UserWarning: Numerical issues were encountered when scaling the data and might not be solved. The standard deviation of the data is probably very close to 0. 
  warnings.warn("Numerical issues were encountered "
/ihome/pbrusilosky/rum20/packages/anaconda3/lib/python3.6/site-packages/sklearn/preprocessing/data.py:164: UserWarning: Numerical issues were encountered when centering the data and might not be solved. Dataset may contain too large values. You may need to prescale your features.
  warnings.warn("Numerical issues were encountered "
/ihome/pbrusilosky/rum20/packages/anaconda3/lib/python3.6/site-packages/sklearn/preprocessing/data.py:169: RuntimeWarning: invalid value encountered in subtract
  Xr -= mean_1
/ihome/pbrusilosky/rum20/packages/anaconda3/lib/python3.6/site-packages/sklearn/preprocessing/data.py:181: UserWarning: Numerical issues were encountered when scaling the data and might not be solved. The standard deviation of the data is probably very close to 0. 
  warnings.warn("Numerical issues were encountered "
01/01/2018 02:33:02 [INFO] exp_shallowmodel: ******************** dstc2 - Round 9 
01/01/2018 02:33:02 [INFO] exp_shallowmodel: #(data) = 4568
01/01/2018 02:33:02 [INFO] exp_shallowmodel: #(feature) = 13263
01/01/2018 02:33:02 [INFO] exp_shallowmodel: ================================================================================
01/01/2018 02:33:02 [INFO] exp_shallowmodel: LR.pen=l2.C=100000000000000000000.000000
01/01/2018 02:33:02 [INFO] exp_shallowmodel: ________________________________________________________________________________
01/01/2018 02:33:02 [INFO] exp_shallowmodel: Training: 
01/01/2018 02:33:02 [INFO] exp_shallowmodel: LogisticRegression(C=1e+20, class_weight=None, dual=False, fit_intercept=True,
          intercept_scaling=1, max_iter=100, multi_class='ovr', n_jobs=1,
          penalty='l2', random_state=None, solver='liblinear', tol=0.0001,
          verbose=0, warm_start=False)
01/01/2018 03:48:17 [INFO] exp_shallowmodel: train time: 4515.258s
01/01/2018 03:48:17 [INFO] exp_shallowmodel: test time:  0.012s
01/01/2018 03:48:17 [INFO] exp_shallowmodel: accuracy:   0.708
01/01/2018 03:48:17 [INFO] exp_shallowmodel: f1_score:   0.581
01/01/2018 03:48:17 [INFO] exp_shallowmodel: classification report:
01/01/2018 03:48:17 [INFO] exp_shallowmodel:              precision    recall  f1-score   support

          A       0.29      0.25      0.27        16
          C       0.61      0.57      0.59       169
          F       0.91      0.83      0.87       271
          R       0.53      0.68      0.60       130

avg / total       0.72      0.71      0.71       586

01/01/2018 03:48:17 [INFO] exp_shallowmodel: confusion matrix:
01/01/2018 03:48:17 [INFO] exp_shallowmodel: 
[[  4   5   4   3]
 [  5  97  12  55]
 [  2  24 226  19]
 [  3  33   6  88]]
01/01/2018 03:48:20 [INFO] exp_shallowmodel: ******************** dstc2 - Round 10 
01/01/2018 03:48:20 [INFO] exp_shallowmodel: #(data) = 4583
01/01/2018 03:48:20 [INFO] exp_shallowmodel: #(feature) = 13263
01/01/2018 03:48:20 [INFO] exp_shallowmodel: ================================================================================
01/01/2018 03:48:20 [INFO] exp_shallowmodel: LR.pen=l2.C=100000000000000000000.000000
01/01/2018 03:48:20 [INFO] exp_shallowmodel: ________________________________________________________________________________
01/01/2018 03:48:20 [INFO] exp_shallowmodel: Training: 
01/01/2018 03:48:20 [INFO] exp_shallowmodel: LogisticRegression(C=1e+20, class_weight=None, dual=False, fit_intercept=True,
          intercept_scaling=1, max_iter=100, multi_class='ovr', n_jobs=1,
          penalty='l2', random_state=None, solver='liblinear', tol=0.0001,
          verbose=0, warm_start=False)
01/01/2018 04:34:54 [INFO] exp_shallowmodel: train time: 2794.033s
01/01/2018 04:34:54 [INFO] exp_shallowmodel: test time:  0.012s
01/01/2018 04:34:54 [INFO] exp_shallowmodel: accuracy:   0.779
01/01/2018 04:34:54 [INFO] exp_shallowmodel: f1_score:   0.656
01/01/2018 04:34:54 [INFO] exp_shallowmodel: classification report:
01/01/2018 04:34:54 [INFO] exp_shallowmodel:              precision    recall  f1-score   support

          A       0.31      0.36      0.33        14
          C       0.70      0.71      0.71       164
          F       0.94      0.87      0.90       268
          R       0.64      0.73      0.68       125

avg / total       0.79      0.78      0.78       571

01/01/2018 04:34:54 [INFO] exp_shallowmodel: confusion matrix:
01/01/2018 04:34:54 [INFO] exp_shallowmodel: 
[[  5   3   4   2]
 [  7 117   8  32]
 [  1  18 232  17]
 [  3  28   3  91]]
01/01/2018 04:34:57 [INFO] exp_shallowmodel: ******************** dstc2 - Round 11 
01/01/2018 04:34:57 [INFO] exp_shallowmodel: #(data) = 4583
01/01/2018 04:34:57 [INFO] exp_shallowmodel: #(feature) = 13263
01/01/2018 04:34:57 [INFO] exp_shallowmodel: ================================================================================
01/01/2018 04:34:57 [INFO] exp_shallowmodel: LR.pen=l2.C=100000000000000000000.000000
01/01/2018 04:34:57 [INFO] exp_shallowmodel: ________________________________________________________________________________
01/01/2018 04:34:57 [INFO] exp_shallowmodel: Training: 
01/01/2018 04:34:57 [INFO] exp_shallowmodel: LogisticRegression(C=1e+20, class_weight=None, dual=False, fit_intercept=True,
          intercept_scaling=1, max_iter=100, multi_class='ovr', n_jobs=1,
          penalty='l2', random_state=None, solver='liblinear', tol=0.0001,
          verbose=0, warm_start=False)
01/01/2018 05:17:10 [INFO] exp_shallowmodel: train time: 2533.296s
01/01/2018 05:17:10 [INFO] exp_shallowmodel: test time:  0.012s
01/01/2018 05:17:10 [INFO] exp_shallowmodel: accuracy:   0.792
01/01/2018 05:17:10 [INFO] exp_shallowmodel: f1_score:   0.620
01/01/2018 05:17:10 [INFO] exp_shallowmodel: classification report:
01/01/2018 05:17:10 [INFO] exp_shallowmodel:              precision    recall  f1-score   support

          A       0.17      0.14      0.15        14
          C       0.71      0.69      0.70       164
          F       0.95      0.91      0.93       268
          R       0.65      0.75      0.70       125

avg / total       0.80      0.79      0.79       571

01/01/2018 05:17:10 [INFO] exp_shallowmodel: confusion matrix:
01/01/2018 05:17:10 [INFO] exp_shallowmodel: 
[[  2   4   2   6]
 [  7 113   7  37]
 [  3  14 243   8]
 [  0  28   3  94]]
01/01/2018 05:17:13 [INFO] exp_shallowmodel: ******************** dstc2 - Round 12 
01/01/2018 05:17:13 [INFO] exp_shallowmodel: #(data) = 4583
01/01/2018 05:17:13 [INFO] exp_shallowmodel: #(feature) = 13263
01/01/2018 05:17:13 [INFO] exp_shallowmodel: ================================================================================
01/01/2018 05:17:13 [INFO] exp_shallowmodel: LR.pen=l2.C=100000000000000000000.000000
01/01/2018 05:17:13 [INFO] exp_shallowmodel: ________________________________________________________________________________
01/01/2018 05:17:13 [INFO] exp_shallowmodel: Training: 
01/01/2018 05:17:13 [INFO] exp_shallowmodel: LogisticRegression(C=1e+20, class_weight=None, dual=False, fit_intercept=True,
          intercept_scaling=1, max_iter=100, multi_class='ovr', n_jobs=1,
          penalty='l2', random_state=None, solver='liblinear', tol=0.0001,
          verbose=0, warm_start=False)
01/01/2018 06:20:49 [INFO] exp_shallowmodel: train time: 3816.491s
01/01/2018 06:20:49 [INFO] exp_shallowmodel: test time:  0.012s
01/01/2018 06:20:49 [INFO] exp_shallowmodel: accuracy:   0.716
01/01/2018 06:20:49 [INFO] exp_shallowmodel: f1_score:   0.585
01/01/2018 06:20:49 [INFO] exp_shallowmodel: classification report:
01/01/2018 06:20:49 [INFO] exp_shallowmodel:              precision    recall  f1-score   support

          A       0.27      0.21      0.24        14
          C       0.61      0.62      0.61       164
          F       0.92      0.80      0.86       268
          R       0.56      0.71      0.63       125

avg / total       0.74      0.72      0.72       571

01/01/2018 06:20:49 [INFO] exp_shallowmodel: confusion matrix:
01/01/2018 06:20:49 [INFO] exp_shallowmodel: 
[[  3   5   3   3]
 [  4 102  13  45]
 [  1  31 215  21]
 [  3  30   3  89]]
01/01/2018 06:20:52 [INFO] exp_shallowmodel: ******************** dstc2 - Round 13 
01/01/2018 06:20:52 [INFO] exp_shallowmodel: #(data) = 4583
01/01/2018 06:20:52 [INFO] exp_shallowmodel: #(feature) = 13263
01/01/2018 06:20:52 [INFO] exp_shallowmodel: ================================================================================
01/01/2018 06:20:52 [INFO] exp_shallowmodel: LR.pen=l2.C=100000000000000000000.000000
01/01/2018 06:20:52 [INFO] exp_shallowmodel: ________________________________________________________________________________
01/01/2018 06:20:52 [INFO] exp_shallowmodel: Training: 
01/01/2018 06:20:52 [INFO] exp_shallowmodel: LogisticRegression(C=1e+20, class_weight=None, dual=False, fit_intercept=True,
          intercept_scaling=1, max_iter=100, multi_class='ovr', n_jobs=1,
          penalty='l2', random_state=None, solver='liblinear', tol=0.0001,
          verbose=0, warm_start=False)
01/01/2018 07:36:35 [INFO] exp_shallowmodel: train time: 4542.640s
01/01/2018 07:36:35 [INFO] exp_shallowmodel: test time:  0.012s
01/01/2018 07:36:35 [INFO] exp_shallowmodel: accuracy:   0.750
01/01/2018 07:36:35 [INFO] exp_shallowmodel: f1_score:   0.588
01/01/2018 07:36:35 [INFO] exp_shallowmodel: classification report:
01/01/2018 07:36:35 [INFO] exp_shallowmodel:              precision    recall  f1-score   support

          A       0.12      0.14      0.13        14
          C       0.68      0.71      0.69       164
          F       0.94      0.83      0.88       268
          R       0.59      0.70      0.64       125

avg / total       0.77      0.75      0.76       571

01/01/2018 07:36:35 [INFO] exp_shallowmodel: confusion matrix:
01/01/2018 07:36:35 [INFO] exp_shallowmodel: 
[[  2   4   2   6]
 [  4 116   8  36]
 [  6  22 222  18]
 [  4  28   5  88]]
01/01/2018 07:36:38 [INFO] exp_shallowmodel: ******************** dstc2 - Round 14 
01/01/2018 07:36:38 [INFO] exp_shallowmodel: #(data) = 4583
01/01/2018 07:36:38 [INFO] exp_shallowmodel: #(feature) = 13263
01/01/2018 07:36:38 [INFO] exp_shallowmodel: ================================================================================
01/01/2018 07:36:38 [INFO] exp_shallowmodel: LR.pen=l2.C=100000000000000000000.000000
01/01/2018 07:36:38 [INFO] exp_shallowmodel: ________________________________________________________________________________
01/01/2018 07:36:38 [INFO] exp_shallowmodel: Training: 
01/01/2018 07:36:38 [INFO] exp_shallowmodel: LogisticRegression(C=1e+20, class_weight=None, dual=False, fit_intercept=True,
          intercept_scaling=1, max_iter=100, multi_class='ovr', n_jobs=1,
          penalty='l2', random_state=None, solver='liblinear', tol=0.0001,
          verbose=0, warm_start=False)
01/01/2018 09:03:35 [INFO] exp_shallowmodel: train time: 5217.255s
01/01/2018 09:03:35 [INFO] exp_shallowmodel: test time:  0.012s
01/01/2018 09:03:35 [INFO] exp_shallowmodel: accuracy:   0.737
01/01/2018 09:03:35 [INFO] exp_shallowmodel: f1_score:   0.622
01/01/2018 09:03:35 [INFO] exp_shallowmodel: classification report:
01/01/2018 09:03:35 [INFO] exp_shallowmodel:              precision    recall  f1-score   support

          A       0.29      0.36      0.32        14
          C       0.64      0.65      0.64       164
          F       0.91      0.82      0.86       268
          R       0.62      0.71      0.66       125

avg / total       0.75      0.74      0.74       571

01/01/2018 09:03:35 [INFO] exp_shallowmodel: confusion matrix:
01/01/2018 09:03:35 [INFO] exp_shallowmodel: 
[[  5   5   2   2]
 [  7 106  14  37]
 [  1  30 221  16]
 [  4  25   7  89]]
01/01/2018 09:03:38 [INFO] exp_shallowmodel: ******************** dstc2 - Round 15 
01/01/2018 09:03:38 [INFO] exp_shallowmodel: #(data) = 4583
01/01/2018 09:03:38 [INFO] exp_shallowmodel: #(feature) = 13263
01/01/2018 09:03:38 [INFO] exp_shallowmodel: ================================================================================
01/01/2018 09:03:38 [INFO] exp_shallowmodel: LR.pen=l2.C=100000000000000000000.000000
01/01/2018 09:03:38 [INFO] exp_shallowmodel: ________________________________________________________________________________
01/01/2018 09:03:38 [INFO] exp_shallowmodel: Training: 
01/01/2018 09:03:38 [INFO] exp_shallowmodel: LogisticRegression(C=1e+20, class_weight=None, dual=False, fit_intercept=True,
          intercept_scaling=1, max_iter=100, multi_class='ovr', n_jobs=1,
          penalty='l2', random_state=None, solver='liblinear', tol=0.0001,
          verbose=0, warm_start=False)
01/01/2018 09:54:56 [INFO] exp_shallowmodel: train time: 3078.418s
01/01/2018 09:54:56 [INFO] exp_shallowmodel: test time:  0.012s
01/01/2018 09:54:56 [INFO] exp_shallowmodel: accuracy:   0.751
01/01/2018 09:54:56 [INFO] exp_shallowmodel: f1_score:   0.615
01/01/2018 09:54:56 [INFO] exp_shallowmodel: classification report:
01/01/2018 09:54:56 [INFO] exp_shallowmodel:              precision    recall  f1-score   support

          A       0.21      0.29      0.24        14
          C       0.72      0.66      0.69       164
          F       0.93      0.84      0.88       268
          R       0.58      0.73      0.65       125

avg / total       0.77      0.75      0.76       571

01/01/2018 09:54:56 [INFO] exp_shallowmodel: confusion matrix:
01/01/2018 09:54:56 [INFO] exp_shallowmodel: 
[[  4   0   4   6]
 [  7 109   8  40]
 [  5  18 225  20]
 [  3  25   6  91]]
01/01/2018 09:54:59 [INFO] exp_shallowmodel: ******************** dstc2 - Round 16 
01/01/2018 09:54:59 [INFO] exp_shallowmodel: #(data) = 4583
01/01/2018 09:54:59 [INFO] exp_shallowmodel: #(feature) = 13263
01/01/2018 09:54:59 [INFO] exp_shallowmodel: ================================================================================
01/01/2018 09:54:59 [INFO] exp_shallowmodel: LR.pen=l2.C=100000000000000000000.000000
01/01/2018 09:54:59 [INFO] exp_shallowmodel: ________________________________________________________________________________
01/01/2018 09:54:59 [INFO] exp_shallowmodel: Training: 
01/01/2018 09:54:59 [INFO] exp_shallowmodel: LogisticRegression(C=1e+20, class_weight=None, dual=False, fit_intercept=True,
          intercept_scaling=1, max_iter=100, multi_class='ovr', n_jobs=1,
          penalty='l2', random_state=None, solver='liblinear', tol=0.0001,
          verbose=0, warm_start=False)
01/01/2018 10:43:25 [INFO] exp_shallowmodel: train time: 2905.821s
01/01/2018 10:43:25 [INFO] exp_shallowmodel: test time:  0.012s
01/01/2018 10:43:25 [INFO] exp_shallowmodel: accuracy:   0.758
01/01/2018 10:43:25 [INFO] exp_shallowmodel: f1_score:   0.617
01/01/2018 10:43:25 [INFO] exp_shallowmodel: classification report:
01/01/2018 10:43:25 [INFO] exp_shallowmodel:              precision    recall  f1-score   support

          A       0.20      0.21      0.21        14
          C       0.73      0.73      0.73       164
          F       0.92      0.80      0.86       268
          R       0.60      0.76      0.67       125

avg / total       0.78      0.76      0.76       571

01/01/2018 10:43:25 [INFO] exp_shallowmodel: confusion matrix:
01/01/2018 10:43:25 [INFO] exp_shallowmodel: 
[[  3   5   4   2]
 [  4 120  10  30]
 [  4  18 215  31]
 [  4  22   4  95]]
01/01/2018 10:43:28 [INFO] exp_shallowmodel: ******************** dstc2 - Round 17 
01/01/2018 10:43:28 [INFO] exp_shallowmodel: #(data) = 4583
01/01/2018 10:43:28 [INFO] exp_shallowmodel: #(feature) = 13263
01/01/2018 10:43:28 [INFO] exp_shallowmodel: ================================================================================
01/01/2018 10:43:28 [INFO] exp_shallowmodel: LR.pen=l2.C=100000000000000000000.000000
01/01/2018 10:43:28 [INFO] exp_shallowmodel: ________________________________________________________________________________
01/01/2018 10:43:28 [INFO] exp_shallowmodel: Training: 
01/01/2018 10:43:28 [INFO] exp_shallowmodel: LogisticRegression(C=1e+20, class_weight=None, dual=False, fit_intercept=True,
          intercept_scaling=1, max_iter=100, multi_class='ovr', n_jobs=1,
          penalty='l2', random_state=None, solver='liblinear', tol=0.0001,
          verbose=0, warm_start=False)
01/01/2018 11:50:58 [INFO] exp_shallowmodel: train time: 4050.186s
01/01/2018 11:50:58 [INFO] exp_shallowmodel: test time:  0.012s
01/01/2018 11:50:58 [INFO] exp_shallowmodel: accuracy:   0.751
01/01/2018 11:50:58 [INFO] exp_shallowmodel: f1_score:   0.571
01/01/2018 11:50:58 [INFO] exp_shallowmodel: classification report:
01/01/2018 11:50:58 [INFO] exp_shallowmodel:              precision    recall  f1-score   support

          A       0.08      0.07      0.08        14
          C       0.71      0.68      0.70       164
          F       0.89      0.87      0.88       268
          R       0.60      0.67      0.64       125

avg / total       0.75      0.75      0.75       571

01/01/2018 11:50:58 [INFO] exp_shallowmodel: confusion matrix:
01/01/2018 11:50:58 [INFO] exp_shallowmodel: 
[[  1   3   9   1]
 [  4 112  14  34]
 [  1  15 232  20]
 [  6  28   7  84]]
01/01/2018 11:51:01 [INFO] exp_shallowmodel: ******************** dstc2 - Round 18 
01/01/2018 11:51:01 [INFO] exp_shallowmodel: #(data) = 4583
01/01/2018 11:51:01 [INFO] exp_shallowmodel: #(feature) = 13263
01/01/2018 11:51:01 [INFO] exp_shallowmodel: ================================================================================
01/01/2018 11:51:01 [INFO] exp_shallowmodel: LR.pen=l2.C=100000000000000000000.000000
01/01/2018 11:51:01 [INFO] exp_shallowmodel: ________________________________________________________________________________
01/01/2018 11:51:01 [INFO] exp_shallowmodel: Training: 
01/01/2018 11:51:01 [INFO] exp_shallowmodel: LogisticRegression(C=1e+20, class_weight=None, dual=False, fit_intercept=True,
          intercept_scaling=1, max_iter=100, multi_class='ovr', n_jobs=1,
          penalty='l2', random_state=None, solver='liblinear', tol=0.0001,
          verbose=0, warm_start=False)
01/01/2018 12:57:40 [INFO] exp_shallowmodel: train time: 3999.187s
01/01/2018 12:57:40 [INFO] exp_shallowmodel: test time:  0.012s
01/01/2018 12:57:40 [INFO] exp_shallowmodel: accuracy:   0.746
01/01/2018 12:57:40 [INFO] exp_shallowmodel: f1_score:   0.615
01/01/2018 12:57:40 [INFO] exp_shallowmodel: classification report:
01/01/2018 12:57:40 [INFO] exp_shallowmodel:              precision    recall  f1-score   support

          A       0.29      0.29      0.29        14
          C       0.70      0.68      0.69       164
          F       0.91      0.85      0.88       268
          R       0.56      0.66      0.61       125

avg / total       0.76      0.75      0.75       571

01/01/2018 12:57:40 [INFO] exp_shallowmodel: confusion matrix:
01/01/2018 12:57:40 [INFO] exp_shallowmodel: 
[[  4   1   6   3]
 [  2 111   9  42]
 [  5  15 229  19]
 [  3  32   8  82]]
/ihome/pbrusilosky/rum20/packages/anaconda3/lib/python3.6/site-packages/sklearn/preprocessing/data.py:164: UserWarning: Numerical issues were encountered when centering the data and might not be solved. Dataset may contain too large values. You may need to prescale your features.
  warnings.warn("Numerical issues were encountered "
/ihome/pbrusilosky/rum20/packages/anaconda3/lib/python3.6/site-packages/sklearn/preprocessing/data.py:169: RuntimeWarning: invalid value encountered in subtract
  Xr -= mean_1
/ihome/pbrusilosky/rum20/packages/anaconda3/lib/python3.6/site-packages/sklearn/preprocessing/data.py:181: UserWarning: Numerical issues were encountered when scaling the data and might not be solved. The standard deviation of the data is probably very close to 0. 
  warnings.warn("Numerical issues were encountered "
/ihome/pbrusilosky/rum20/packages/anaconda3/lib/python3.6/site-packages/sklearn/preprocessing/data.py:164: UserWarning: Numerical issues were encountered when centering the data and might not be solved. Dataset may contain too large values. You may need to prescale your features.
  warnings.warn("Numerical issues were encountered "
/ihome/pbrusilosky/rum20/packages/anaconda3/lib/python3.6/site-packages/sklearn/preprocessing/data.py:169: RuntimeWarning: invalid value encountered in subtract
  Xr -= mean_1
/ihome/pbrusilosky/rum20/packages/anaconda3/lib/python3.6/site-packages/sklearn/preprocessing/data.py:181: UserWarning: Numerical issues were encountered when scaling the data and might not be solved. The standard deviation of the data is probably very close to 0. 
  warnings.warn("Numerical issues were encountered "
/ihome/pbrusilosky/rum20/packages/anaconda3/lib/python3.6/site-packages/sklearn/preprocessing/data.py:164: UserWarning: Numerical issues were encountered when centering the data and might not be solved. Dataset may contain too large values. You may need to prescale your features.
  warnings.warn("Numerical issues were encountered "
/ihome/pbrusilosky/rum20/packages/anaconda3/lib/python3.6/site-packages/sklearn/preprocessing/data.py:169: RuntimeWarning: invalid value encountered in subtract
  Xr -= mean_1
/ihome/pbrusilosky/rum20/packages/anaconda3/lib/python3.6/site-packages/sklearn/preprocessing/data.py:181: UserWarning: Numerical issues were encountered when scaling the data and might not be solved. The standard deviation of the data is probably very close to 0. 
  warnings.warn("Numerical issues were encountered "
/ihome/pbrusilosky/rum20/packages/anaconda3/lib/python3.6/site-packages/sklearn/preprocessing/data.py:164: UserWarning: Numerical issues were encountered when centering the data and might not be solved. Dataset may contain too large values. You may need to prescale your features.
  warnings.warn("Numerical issues were encountered "
/ihome/pbrusilosky/rum20/packages/anaconda3/lib/python3.6/site-packages/sklearn/preprocessing/data.py:169: RuntimeWarning: invalid value encountered in subtract
  Xr -= mean_1
/ihome/pbrusilosky/rum20/packages/anaconda3/lib/python3.6/site-packages/sklearn/preprocessing/data.py:181: UserWarning: Numerical issues were encountered when scaling the data and might not be solved. The standard deviation of the data is probably very close to 0. 
  warnings.warn("Numerical issues were encountered "
/ihome/pbrusilosky/rum20/packages/anaconda3/lib/python3.6/site-packages/sklearn/preprocessing/data.py:164: UserWarning: Numerical issues were encountered when centering the data and might not be solved. Dataset may contain too large values. You may need to prescale your features.
  warnings.warn("Numerical issues were encountered "
/ihome/pbrusilosky/rum20/packages/anaconda3/lib/python3.6/site-packages/sklearn/preprocessing/data.py:169: RuntimeWarning: invalid value encountered in subtract
  Xr -= mean_1
/ihome/pbrusilosky/rum20/packages/anaconda3/lib/python3.6/site-packages/sklearn/preprocessing/data.py:181: UserWarning: Numerical issues were encountered when scaling the data and might not be solved. The standard deviation of the data is probably very close to 0. 
  warnings.warn("Numerical issues were encountered "
/ihome/pbrusilosky/rum20/packages/anaconda3/lib/python3.6/site-packages/sklearn/preprocessing/data.py:164: UserWarning: Numerical issues were encountered when centering the data and might not be solved. Dataset may contain too large values. You may need to prescale your features.
  warnings.warn("Numerical issues were encountered "
/ihome/pbrusilosky/rum20/packages/anaconda3/lib/python3.6/site-packages/sklearn/preprocessing/data.py:169: RuntimeWarning: invalid value encountered in subtract
  Xr -= mean_1
/ihome/pbrusilosky/rum20/packages/anaconda3/lib/python3.6/site-packages/sklearn/preprocessing/data.py:181: UserWarning: Numerical issues were encountered when scaling the data and might not be solved. The standard deviation of the data is probably very close to 0. 
  warnings.warn("Numerical issues were encountered "
/ihome/pbrusilosky/rum20/packages/anaconda3/lib/python3.6/site-packages/sklearn/preprocessing/data.py:164: UserWarning: Numerical issues were encountered when centering the data and might not be solved. Dataset may contain too large values. You may need to prescale your features.
  warnings.warn("Numerical issues were encountered "
/ihome/pbrusilosky/rum20/packages/anaconda3/lib/python3.6/site-packages/sklearn/preprocessing/data.py:169: RuntimeWarning: invalid value encountered in subtract
  Xr -= mean_1
/ihome/pbrusilosky/rum20/packages/anaconda3/lib/python3.6/site-packages/sklearn/preprocessing/data.py:181: UserWarning: Numerical issues were encountered when scaling the data and might not be solved. The standard deviation of the data is probably very close to 0. 
  warnings.warn("Numerical issues were encountered "
/ihome/pbrusilosky/rum20/packages/anaconda3/lib/python3.6/site-packages/sklearn/preprocessing/data.py:164: UserWarning: Numerical issues were encountered when centering the data and might not be solved. Dataset may contain too large values. You may need to prescale your features.
  warnings.warn("Numerical issues were encountered "
/ihome/pbrusilosky/rum20/packages/anaconda3/lib/python3.6/site-packages/sklearn/preprocessing/data.py:169: RuntimeWarning: invalid value encountered in subtract
  Xr -= mean_1
/ihome/pbrusilosky/rum20/packages/anaconda3/lib/python3.6/site-packages/sklearn/preprocessing/data.py:181: UserWarning: Numerical issues were encountered when scaling the data and might not be solved. The standard deviation of the data is probably very close to 0. 
  warnings.warn("Numerical issues were encountered "
/ihome/pbrusilosky/rum20/packages/anaconda3/lib/python3.6/site-packages/sklearn/preprocessing/data.py:164: UserWarning: Numerical issues were encountered when centering the data and might not be solved. Dataset may contain too large values. You may need to prescale your features.
  warnings.warn("Numerical issues were encountered "
/ihome/pbrusilosky/rum20/packages/anaconda3/lib/python3.6/site-packages/sklearn/preprocessing/data.py:169: RuntimeWarning: invalid value encountered in subtract
  Xr -= mean_1
/ihome/pbrusilosky/rum20/packages/anaconda3/lib/python3.6/site-packages/sklearn/preprocessing/data.py:181: UserWarning: Numerical issues were encountered when scaling the data and might not be solved. The standard deviation of the data is probably very close to 0. 
  warnings.warn("Numerical issues were encountered "
/ihome/pbrusilosky/rum20/packages/anaconda3/lib/python3.6/site-packages/sklearn/preprocessing/data.py:164: UserWarning: Numerical issues were encountered when centering the data and might not be solved. Dataset may contain too large values. You may need to prescale your features.
  warnings.warn("Numerical issues were encountered "
/ihome/pbrusilosky/rum20/packages/anaconda3/lib/python3.6/site-packages/sklearn/preprocessing/data.py:169: RuntimeWarning: invalid value encountered in subtract
  Xr -= mean_1
/ihome/pbrusilosky/rum20/packages/anaconda3/lib/python3.6/site-packages/sklearn/preprocessing/data.py:181: UserWarning: Numerical issues were encountered when scaling the data and might not be solved. The standard deviation of the data is probably very close to 0. 
  warnings.warn("Numerical issues were encountered "
01/01/2018 12:57:43 [INFO] exp_shallowmodel: ******************** dstc2 - Round 19 
01/01/2018 12:57:43 [INFO] exp_shallowmodel: #(data) = 4568
01/01/2018 12:57:43 [INFO] exp_shallowmodel: #(feature) = 13263
01/01/2018 12:57:43 [INFO] exp_shallowmodel: ================================================================================
01/01/2018 12:57:43 [INFO] exp_shallowmodel: LR.pen=l2.C=100000000000000000000.000000
01/01/2018 12:57:43 [INFO] exp_shallowmodel: ________________________________________________________________________________
01/01/2018 12:57:43 [INFO] exp_shallowmodel: Training: 
01/01/2018 12:57:43 [INFO] exp_shallowmodel: LogisticRegression(C=1e+20, class_weight=None, dual=False, fit_intercept=True,
          intercept_scaling=1, max_iter=100, multi_class='ovr', n_jobs=1,
          penalty='l2', random_state=None, solver='liblinear', tol=0.0001,
          verbose=0, warm_start=False)
01/01/2018 14:01:27 [INFO] exp_shallowmodel: train time: 3824.787s
01/01/2018 14:01:27 [INFO] exp_shallowmodel: test time:  0.012s
01/01/2018 14:01:27 [INFO] exp_shallowmodel: accuracy:   0.763
01/01/2018 14:01:27 [INFO] exp_shallowmodel: f1_score:   0.661
01/01/2018 14:01:27 [INFO] exp_shallowmodel: classification report:
01/01/2018 14:01:27 [INFO] exp_shallowmodel:              precision    recall  f1-score   support

          A       0.43      0.38      0.40        16
          C       0.73      0.70      0.72       169
          F       0.91      0.84      0.88       271
          R       0.59      0.72      0.65       130

avg / total       0.78      0.76      0.77       586

01/01/2018 14:01:27 [INFO] exp_shallowmodel: confusion matrix:
01/01/2018 14:01:27 [INFO] exp_shallowmodel: 
[[  6   2   5   3]
 [  2 119   9  39]
 [  3  17 228  23]
 [  3  25   8  94]]
01/01/2018 14:01:30 [INFO] exp_shallowmodel: ******************** dstc2 - Round 20 
01/01/2018 14:01:30 [INFO] exp_shallowmodel: #(data) = 4583
01/01/2018 14:01:30 [INFO] exp_shallowmodel: #(feature) = 13263
01/01/2018 14:01:30 [INFO] exp_shallowmodel: ================================================================================
01/01/2018 14:01:30 [INFO] exp_shallowmodel: LR.pen=l2.C=100000000000000000000.000000
01/01/2018 14:01:30 [INFO] exp_shallowmodel: ________________________________________________________________________________
01/01/2018 14:01:30 [INFO] exp_shallowmodel: Training: 
01/01/2018 14:01:30 [INFO] exp_shallowmodel: LogisticRegression(C=1e+20, class_weight=None, dual=False, fit_intercept=True,
          intercept_scaling=1, max_iter=100, multi_class='ovr', n_jobs=1,
          penalty='l2', random_state=None, solver='liblinear', tol=0.0001,
          verbose=0, warm_start=False)
01/01/2018 15:10:54 [INFO] exp_shallowmodel: train time: 4164.154s
01/01/2018 15:10:54 [INFO] exp_shallowmodel: test time:  0.012s
01/01/2018 15:10:54 [INFO] exp_shallowmodel: accuracy:   0.753
01/01/2018 15:10:54 [INFO] exp_shallowmodel: f1_score:   0.596
01/01/2018 15:10:54 [INFO] exp_shallowmodel: classification report:
01/01/2018 15:10:54 [INFO] exp_shallowmodel:              precision    recall  f1-score   support

          A       0.17      0.14      0.15        14
          C       0.70      0.71      0.71       164
          F       0.90      0.82      0.86       268
          R       0.61      0.72      0.66       125

avg / total       0.76      0.75      0.76       571

01/01/2018 15:10:54 [INFO] exp_shallowmodel: confusion matrix:
01/01/2018 15:10:54 [INFO] exp_shallowmodel: 
[[  2   4   5   3]
 [  3 117  16  28]
 [  3  18 221  26]
 [  4  28   3  90]]
01/01/2018 15:10:57 [INFO] exp_shallowmodel: ******************** dstc2 - Round 21 
01/01/2018 15:10:57 [INFO] exp_shallowmodel: #(data) = 4583
01/01/2018 15:10:57 [INFO] exp_shallowmodel: #(feature) = 13263
01/01/2018 15:10:57 [INFO] exp_shallowmodel: ================================================================================
01/01/2018 15:10:57 [INFO] exp_shallowmodel: LR.pen=l2.C=100000000000000000000.000000
01/01/2018 15:10:57 [INFO] exp_shallowmodel: ________________________________________________________________________________
01/01/2018 15:10:57 [INFO] exp_shallowmodel: Training: 
01/01/2018 15:10:57 [INFO] exp_shallowmodel: LogisticRegression(C=1e+20, class_weight=None, dual=False, fit_intercept=True,
          intercept_scaling=1, max_iter=100, multi_class='ovr', n_jobs=1,
          penalty='l2', random_state=None, solver='liblinear', tol=0.0001,
          verbose=0, warm_start=False)
01/01/2018 16:16:32 [INFO] exp_shallowmodel: train time: 3934.213s
01/01/2018 16:16:32 [INFO] exp_shallowmodel: test time:  0.012s
01/01/2018 16:16:32 [INFO] exp_shallowmodel: accuracy:   0.737
01/01/2018 16:16:32 [INFO] exp_shallowmodel: f1_score:   0.592
01/01/2018 16:16:32 [INFO] exp_shallowmodel: classification report:
01/01/2018 16:16:32 [INFO] exp_shallowmodel:              precision    recall  f1-score   support

          A       0.19      0.21      0.20        14
          C       0.71      0.65      0.68       164
          F       0.91      0.83      0.87       268
          R       0.56      0.70      0.62       125

avg / total       0.76      0.74      0.74       571

01/01/2018 16:16:32 [INFO] exp_shallowmodel: confusion matrix:
01/01/2018 16:16:32 [INFO] exp_shallowmodel: 
[[  3   3   3   5]
 [  4 107  12  41]
 [  3  18 223  24]
 [  6  23   8  88]]
01/01/2018 16:16:34 [INFO] exp_shallowmodel: ******************** dstc2 - Round 22 
01/01/2018 16:16:34 [INFO] exp_shallowmodel: #(data) = 4583
01/01/2018 16:16:34 [INFO] exp_shallowmodel: #(feature) = 13263
01/01/2018 16:16:34 [INFO] exp_shallowmodel: ================================================================================
01/01/2018 16:16:34 [INFO] exp_shallowmodel: LR.pen=l2.C=100000000000000000000.000000
01/01/2018 16:16:34 [INFO] exp_shallowmodel: ________________________________________________________________________________
01/01/2018 16:16:34 [INFO] exp_shallowmodel: Training: 
01/01/2018 16:16:34 [INFO] exp_shallowmodel: LogisticRegression(C=1e+20, class_weight=None, dual=False, fit_intercept=True,
          intercept_scaling=1, max_iter=100, multi_class='ovr', n_jobs=1,
          penalty='l2', random_state=None, solver='liblinear', tol=0.0001,
          verbose=0, warm_start=False)
01/01/2018 17:14:30 [INFO] exp_shallowmodel: train time: 3475.244s
01/01/2018 17:14:30 [INFO] exp_shallowmodel: test time:  0.012s
01/01/2018 17:14:30 [INFO] exp_shallowmodel: accuracy:   0.786
01/01/2018 17:14:30 [INFO] exp_shallowmodel: f1_score:   0.636
01/01/2018 17:14:30 [INFO] exp_shallowmodel: classification report:
01/01/2018 17:14:30 [INFO] exp_shallowmodel:              precision    recall  f1-score   support

          A       0.20      0.21      0.21        14
          C       0.74      0.79      0.76       164
          F       0.95      0.84      0.89       268
          R       0.64      0.74      0.68       125

avg / total       0.80      0.79      0.79       571

01/01/2018 17:14:30 [INFO] exp_shallowmodel: confusion matrix:
01/01/2018 17:14:30 [INFO] exp_shallowmodel: 
[[  3   3   3   5]
 [  5 129   7  23]
 [  2  17 225  24]
 [  5  25   3  92]]
01/01/2018 17:14:32 [INFO] exp_shallowmodel: ******************** dstc2 - Round 23 
01/01/2018 17:14:32 [INFO] exp_shallowmodel: #(data) = 4583
01/01/2018 17:14:32 [INFO] exp_shallowmodel: #(feature) = 13263
01/01/2018 17:14:32 [INFO] exp_shallowmodel: ================================================================================
01/01/2018 17:14:32 [INFO] exp_shallowmodel: LR.pen=l2.C=100000000000000000000.000000
01/01/2018 17:14:32 [INFO] exp_shallowmodel: ________________________________________________________________________________
01/01/2018 17:14:32 [INFO] exp_shallowmodel: Training: 
01/01/2018 17:14:32 [INFO] exp_shallowmodel: LogisticRegression(C=1e+20, class_weight=None, dual=False, fit_intercept=True,
          intercept_scaling=1, max_iter=100, multi_class='ovr', n_jobs=1,
          penalty='l2', random_state=None, solver='liblinear', tol=0.0001,
          verbose=0, warm_start=False)
01/01/2018 18:12:26 [INFO] exp_shallowmodel: train time: 3473.908s
01/01/2018 18:12:26 [INFO] exp_shallowmodel: test time:  0.012s
01/01/2018 18:12:26 [INFO] exp_shallowmodel: accuracy:   0.741
01/01/2018 18:12:26 [INFO] exp_shallowmodel: f1_score:   0.613
01/01/2018 18:12:26 [INFO] exp_shallowmodel: classification report:
01/01/2018 18:12:26 [INFO] exp_shallowmodel:              precision    recall  f1-score   support

          A       0.29      0.29      0.29        14
          C       0.67      0.68      0.67       164
          F       0.90      0.84      0.87       268
          R       0.58      0.67      0.62       125

avg / total       0.75      0.74      0.75       571

01/01/2018 18:12:26 [INFO] exp_shallowmodel: confusion matrix:
01/01/2018 18:12:26 [INFO] exp_shallowmodel: 
[[  4   2   4   4]
 [  2 111  15  36]
 [  5  19 224  20]
 [  3  33   5  84]]
01/01/2018 18:12:29 [INFO] exp_shallowmodel: ******************** dstc2 - Round 24 
01/01/2018 18:12:29 [INFO] exp_shallowmodel: #(data) = 4583
01/01/2018 18:12:29 [INFO] exp_shallowmodel: #(feature) = 13263
01/01/2018 18:12:29 [INFO] exp_shallowmodel: ================================================================================
01/01/2018 18:12:29 [INFO] exp_shallowmodel: LR.pen=l2.C=100000000000000000000.000000
01/01/2018 18:12:29 [INFO] exp_shallowmodel: ________________________________________________________________________________
01/01/2018 18:12:29 [INFO] exp_shallowmodel: Training: 
01/01/2018 18:12:29 [INFO] exp_shallowmodel: LogisticRegression(C=1e+20, class_weight=None, dual=False, fit_intercept=True,
          intercept_scaling=1, max_iter=100, multi_class='ovr', n_jobs=1,
          penalty='l2', random_state=None, solver='liblinear', tol=0.0001,
          verbose=0, warm_start=False)
01/01/2018 19:24:53 [INFO] exp_shallowmodel: train time: 4343.383s
01/01/2018 19:24:53 [INFO] exp_shallowmodel: test time:  0.012s
01/01/2018 19:24:53 [INFO] exp_shallowmodel: accuracy:   0.755
01/01/2018 19:24:53 [INFO] exp_shallowmodel: f1_score:   0.629
01/01/2018 19:24:53 [INFO] exp_shallowmodel: classification report:
01/01/2018 19:24:53 [INFO] exp_shallowmodel:              precision    recall  f1-score   support

          A       0.28      0.36      0.31        14
          C       0.68      0.66      0.67       164
          F       0.90      0.87      0.89       268
          R       0.62      0.66      0.64       125

avg / total       0.76      0.75      0.76       571

01/01/2018 19:24:53 [INFO] exp_shallowmodel: confusion matrix:
01/01/2018 19:24:53 [INFO] exp_shallowmodel: 
[[  5   3   4   2]
 [  4 109  14  37]
 [  3  20 234  11]
 [  6  29   7  83]]
01/01/2018 19:24:55 [INFO] exp_shallowmodel: ******************** dstc2 - Round 25 
01/01/2018 19:24:55 [INFO] exp_shallowmodel: #(data) = 4583
01/01/2018 19:24:55 [INFO] exp_shallowmodel: #(feature) = 13263
01/01/2018 19:24:55 [INFO] exp_shallowmodel: ================================================================================
01/01/2018 19:24:55 [INFO] exp_shallowmodel: LR.pen=l2.C=100000000000000000000.000000
01/01/2018 19:24:55 [INFO] exp_shallowmodel: ________________________________________________________________________________
01/01/2018 19:24:55 [INFO] exp_shallowmodel: Training: 
01/01/2018 19:24:55 [INFO] exp_shallowmodel: LogisticRegression(C=1e+20, class_weight=None, dual=False, fit_intercept=True,
          intercept_scaling=1, max_iter=100, multi_class='ovr', n_jobs=1,
          penalty='l2', random_state=None, solver='liblinear', tol=0.0001,
          verbose=0, warm_start=False)
01/01/2018 20:15:07 [INFO] exp_shallowmodel: train time: 3011.294s
01/01/2018 20:15:07 [INFO] exp_shallowmodel: test time:  0.012s
01/01/2018 20:15:07 [INFO] exp_shallowmodel: accuracy:   0.788
01/01/2018 20:15:07 [INFO] exp_shallowmodel: f1_score:   0.622
01/01/2018 20:15:07 [INFO] exp_shallowmodel: classification report:
01/01/2018 20:15:07 [INFO] exp_shallowmodel:              precision    recall  f1-score   support

          A       0.17      0.14      0.15        14
          C       0.74      0.72      0.73       164
          F       0.93      0.87      0.90       268
          R       0.65      0.77      0.70       125

avg / total       0.80      0.79      0.79       571

01/01/2018 20:15:07 [INFO] exp_shallowmodel: confusion matrix:
01/01/2018 20:15:07 [INFO] exp_shallowmodel: 
[[  2   2   5   5]
 [  7 118   8  31]
 [  1  17 234  16]
 [  2  22   5  96]]
01/01/2018 20:15:10 [INFO] exp_shallowmodel: ******************** dstc2 - Round 26 
01/01/2018 20:15:10 [INFO] exp_shallowmodel: #(data) = 4583
01/01/2018 20:15:10 [INFO] exp_shallowmodel: #(feature) = 13263
01/01/2018 20:15:10 [INFO] exp_shallowmodel: ================================================================================
01/01/2018 20:15:10 [INFO] exp_shallowmodel: LR.pen=l2.C=100000000000000000000.000000
01/01/2018 20:15:10 [INFO] exp_shallowmodel: ________________________________________________________________________________
01/01/2018 20:15:10 [INFO] exp_shallowmodel: Training: 
01/01/2018 20:15:10 [INFO] exp_shallowmodel: LogisticRegression(C=1e+20, class_weight=None, dual=False, fit_intercept=True,
          intercept_scaling=1, max_iter=100, multi_class='ovr', n_jobs=1,
          penalty='l2', random_state=None, solver='liblinear', tol=0.0001,
          verbose=0, warm_start=False)
01/01/2018 20:50:29 [INFO] exp_shallowmodel: train time: 2119.763s
01/01/2018 20:50:29 [INFO] exp_shallowmodel: test time:  0.012s
01/01/2018 20:50:29 [INFO] exp_shallowmodel: accuracy:   0.755
01/01/2018 20:50:29 [INFO] exp_shallowmodel: f1_score:   0.622
01/01/2018 20:50:29 [INFO] exp_shallowmodel: classification report:
01/01/2018 20:50:29 [INFO] exp_shallowmodel:              precision    recall  f1-score   support

          A       0.26      0.36      0.30        14
          C       0.68      0.65      0.66       164
          F       0.92      0.90      0.91       268
          R       0.59      0.64      0.62       125

avg / total       0.76      0.75      0.76       571

01/01/2018 20:50:29 [INFO] exp_shallowmodel: confusion matrix:
01/01/2018 20:50:29 [INFO] exp_shallowmodel: 
[[  5   1   5   3]
 [  4 106  12  42]
 [  5  13 240  10]
 [  5  36   4  80]]
01/01/2018 20:50:32 [INFO] exp_shallowmodel: ******************** dstc2 - Round 27 
01/01/2018 20:50:32 [INFO] exp_shallowmodel: #(data) = 4583
01/01/2018 20:50:32 [INFO] exp_shallowmodel: #(feature) = 13263
01/01/2018 20:50:32 [INFO] exp_shallowmodel: ================================================================================
01/01/2018 20:50:32 [INFO] exp_shallowmodel: LR.pen=l2.C=100000000000000000000.000000
01/01/2018 20:50:32 [INFO] exp_shallowmodel: ________________________________________________________________________________
01/01/2018 20:50:32 [INFO] exp_shallowmodel: Training: 
01/01/2018 20:50:32 [INFO] exp_shallowmodel: LogisticRegression(C=1e+20, class_weight=None, dual=False, fit_intercept=True,
          intercept_scaling=1, max_iter=100, multi_class='ovr', n_jobs=1,
          penalty='l2', random_state=None, solver='liblinear', tol=0.0001,
          verbose=0, warm_start=False)
01/01/2018 21:39:17 [INFO] exp_shallowmodel: train time: 2924.400s
01/01/2018 21:39:17 [INFO] exp_shallowmodel: test time:  0.012s
01/01/2018 21:39:17 [INFO] exp_shallowmodel: accuracy:   0.779
01/01/2018 21:39:17 [INFO] exp_shallowmodel: f1_score:   0.651
01/01/2018 21:39:17 [INFO] exp_shallowmodel: classification report:
01/01/2018 21:39:17 [INFO] exp_shallowmodel:              precision    recall  f1-score   support

          A       0.33      0.29      0.31        14
          C       0.71      0.73      0.72       164
          F       0.93      0.85      0.89       268
          R       0.64      0.74      0.69       125

avg / total       0.79      0.78      0.78       571

01/01/2018 21:39:17 [INFO] exp_shallowmodel: confusion matrix:
01/01/2018 21:39:17 [INFO] exp_shallowmodel: 
[[  4   4   4   2]
 [  3 120   8  33]
 [  2  20 228  18]
 [  3  25   4  93]]
01/01/2018 21:39:19 [INFO] exp_shallowmodel: ******************** dstc2 - Round 28 
01/01/2018 21:39:19 [INFO] exp_shallowmodel: #(data) = 4583
01/01/2018 21:39:19 [INFO] exp_shallowmodel: #(feature) = 13263
01/01/2018 21:39:19 [INFO] exp_shallowmodel: ================================================================================
01/01/2018 21:39:19 [INFO] exp_shallowmodel: LR.pen=l2.C=100000000000000000000.000000
01/01/2018 21:39:19 [INFO] exp_shallowmodel: ________________________________________________________________________________
01/01/2018 21:39:19 [INFO] exp_shallowmodel: Training: 
01/01/2018 21:39:19 [INFO] exp_shallowmodel: LogisticRegression(C=1e+20, class_weight=None, dual=False, fit_intercept=True,
          intercept_scaling=1, max_iter=100, multi_class='ovr', n_jobs=1,
          penalty='l2', random_state=None, solver='liblinear', tol=0.0001,
          verbose=0, warm_start=False)
01/01/2018 22:41:09 [INFO] exp_shallowmodel: train time: 3709.824s
01/01/2018 22:41:09 [INFO] exp_shallowmodel: test time:  0.012s
01/01/2018 22:41:09 [INFO] exp_shallowmodel: accuracy:   0.729
01/01/2018 22:41:09 [INFO] exp_shallowmodel: f1_score:   0.607
01/01/2018 22:41:09 [INFO] exp_shallowmodel: classification report:
01/01/2018 22:41:09 [INFO] exp_shallowmodel:              precision    recall  f1-score   support

          A       0.31      0.29      0.30        14
          C       0.66      0.67      0.67       164
          F       0.89      0.82      0.85       268
          R       0.56      0.66      0.61       125

avg / total       0.74      0.73      0.73       571

01/01/2018 22:41:09 [INFO] exp_shallowmodel: confusion matrix:
01/01/2018 22:41:09 [INFO] exp_shallowmodel: 
[[  4   2   5   3]
 [  4 110  15  35]
 [  3  20 219  26]
 [  2  34   6  83]]
/ihome/pbrusilosky/rum20/packages/anaconda3/lib/python3.6/site-packages/sklearn/preprocessing/data.py:164: UserWarning: Numerical issues were encountered when centering the data and might not be solved. Dataset may contain too large values. You may need to prescale your features.
  warnings.warn("Numerical issues were encountered "
/ihome/pbrusilosky/rum20/packages/anaconda3/lib/python3.6/site-packages/sklearn/preprocessing/data.py:169: RuntimeWarning: invalid value encountered in subtract
  Xr -= mean_1
/ihome/pbrusilosky/rum20/packages/anaconda3/lib/python3.6/site-packages/sklearn/preprocessing/data.py:181: UserWarning: Numerical issues were encountered when scaling the data and might not be solved. The standard deviation of the data is probably very close to 0. 
  warnings.warn("Numerical issues were encountered "
/ihome/pbrusilosky/rum20/packages/anaconda3/lib/python3.6/site-packages/sklearn/preprocessing/data.py:164: UserWarning: Numerical issues were encountered when centering the data and might not be solved. Dataset may contain too large values. You may need to prescale your features.
  warnings.warn("Numerical issues were encountered "
/ihome/pbrusilosky/rum20/packages/anaconda3/lib/python3.6/site-packages/sklearn/preprocessing/data.py:169: RuntimeWarning: invalid value encountered in subtract
  Xr -= mean_1
/ihome/pbrusilosky/rum20/packages/anaconda3/lib/python3.6/site-packages/sklearn/preprocessing/data.py:181: UserWarning: Numerical issues were encountered when scaling the data and might not be solved. The standard deviation of the data is probably very close to 0. 
  warnings.warn("Numerical issues were encountered "
/ihome/pbrusilosky/rum20/packages/anaconda3/lib/python3.6/site-packages/sklearn/preprocessing/data.py:164: UserWarning: Numerical issues were encountered when centering the data and might not be solved. Dataset may contain too large values. You may need to prescale your features.
  warnings.warn("Numerical issues were encountered "
/ihome/pbrusilosky/rum20/packages/anaconda3/lib/python3.6/site-packages/sklearn/preprocessing/data.py:169: RuntimeWarning: invalid value encountered in subtract
  Xr -= mean_1
/ihome/pbrusilosky/rum20/packages/anaconda3/lib/python3.6/site-packages/sklearn/preprocessing/data.py:181: UserWarning: Numerical issues were encountered when scaling the data and might not be solved. The standard deviation of the data is probably very close to 0. 
  warnings.warn("Numerical issues were encountered "
/ihome/pbrusilosky/rum20/packages/anaconda3/lib/python3.6/site-packages/sklearn/preprocessing/data.py:164: UserWarning: Numerical issues were encountered when centering the data and might not be solved. Dataset may contain too large values. You may need to prescale your features.
  warnings.warn("Numerical issues were encountered "
/ihome/pbrusilosky/rum20/packages/anaconda3/lib/python3.6/site-packages/sklearn/preprocessing/data.py:169: RuntimeWarning: invalid value encountered in subtract
  Xr -= mean_1
/ihome/pbrusilosky/rum20/packages/anaconda3/lib/python3.6/site-packages/sklearn/preprocessing/data.py:181: UserWarning: Numerical issues were encountered when scaling the data and might not be solved. The standard deviation of the data is probably very close to 0. 
  warnings.warn("Numerical issues were encountered "
/ihome/pbrusilosky/rum20/packages/anaconda3/lib/python3.6/site-packages/sklearn/preprocessing/data.py:164: UserWarning: Numerical issues were encountered when centering the data and might not be solved. Dataset may contain too large values. You may need to prescale your features.
  warnings.warn("Numerical issues were encountered "
/ihome/pbrusilosky/rum20/packages/anaconda3/lib/python3.6/site-packages/sklearn/preprocessing/data.py:169: RuntimeWarning: invalid value encountered in subtract
  Xr -= mean_1
/ihome/pbrusilosky/rum20/packages/anaconda3/lib/python3.6/site-packages/sklearn/preprocessing/data.py:181: UserWarning: Numerical issues were encountered when scaling the data and might not be solved. The standard deviation of the data is probably very close to 0. 
  warnings.warn("Numerical issues were encountered "
/ihome/pbrusilosky/rum20/packages/anaconda3/lib/python3.6/site-packages/sklearn/preprocessing/data.py:164: UserWarning: Numerical issues were encountered when centering the data and might not be solved. Dataset may contain too large values. You may need to prescale your features.
  warnings.warn("Numerical issues were encountered "
/ihome/pbrusilosky/rum20/packages/anaconda3/lib/python3.6/site-packages/sklearn/preprocessing/data.py:169: RuntimeWarning: invalid value encountered in subtract
  Xr -= mean_1
/ihome/pbrusilosky/rum20/packages/anaconda3/lib/python3.6/site-packages/sklearn/preprocessing/data.py:181: UserWarning: Numerical issues were encountered when scaling the data and might not be solved. The standard deviation of the data is probably very close to 0. 
  warnings.warn("Numerical issues were encountered "
/ihome/pbrusilosky/rum20/packages/anaconda3/lib/python3.6/site-packages/sklearn/preprocessing/data.py:164: UserWarning: Numerical issues were encountered when centering the data and might not be solved. Dataset may contain too large values. You may need to prescale your features.
  warnings.warn("Numerical issues were encountered "
/ihome/pbrusilosky/rum20/packages/anaconda3/lib/python3.6/site-packages/sklearn/preprocessing/data.py:169: RuntimeWarning: invalid value encountered in subtract
  Xr -= mean_1
/ihome/pbrusilosky/rum20/packages/anaconda3/lib/python3.6/site-packages/sklearn/preprocessing/data.py:181: UserWarning: Numerical issues were encountered when scaling the data and might not be solved. The standard deviation of the data is probably very close to 0. 
  warnings.warn("Numerical issues were encountered "
/ihome/pbrusilosky/rum20/packages/anaconda3/lib/python3.6/site-packages/sklearn/preprocessing/data.py:164: UserWarning: Numerical issues were encountered when centering the data and might not be solved. Dataset may contain too large values. You may need to prescale your features.
  warnings.warn("Numerical issues were encountered "
/ihome/pbrusilosky/rum20/packages/anaconda3/lib/python3.6/site-packages/sklearn/preprocessing/data.py:169: RuntimeWarning: invalid value encountered in subtract
  Xr -= mean_1
/ihome/pbrusilosky/rum20/packages/anaconda3/lib/python3.6/site-packages/sklearn/preprocessing/data.py:181: UserWarning: Numerical issues were encountered when scaling the data and might not be solved. The standard deviation of the data is probably very close to 0. 
  warnings.warn("Numerical issues were encountered "
/ihome/pbrusilosky/rum20/packages/anaconda3/lib/python3.6/site-packages/sklearn/preprocessing/data.py:164: UserWarning: Numerical issues were encountered when centering the data and might not be solved. Dataset may contain too large values. You may need to prescale your features.
  warnings.warn("Numerical issues were encountered "
/ihome/pbrusilosky/rum20/packages/anaconda3/lib/python3.6/site-packages/sklearn/preprocessing/data.py:169: RuntimeWarning: invalid value encountered in subtract
  Xr -= mean_1
/ihome/pbrusilosky/rum20/packages/anaconda3/lib/python3.6/site-packages/sklearn/preprocessing/data.py:181: UserWarning: Numerical issues were encountered when scaling the data and might not be solved. The standard deviation of the data is probably very close to 0. 
  warnings.warn("Numerical issues were encountered "
/ihome/pbrusilosky/rum20/packages/anaconda3/lib/python3.6/site-packages/sklearn/preprocessing/data.py:164: UserWarning: Numerical issues were encountered when centering the data and might not be solved. Dataset may contain too large values. You may need to prescale your features.
  warnings.warn("Numerical issues were encountered "
/ihome/pbrusilosky/rum20/packages/anaconda3/lib/python3.6/site-packages/sklearn/preprocessing/data.py:169: RuntimeWarning: invalid value encountered in subtract
  Xr -= mean_1
/ihome/pbrusilosky/rum20/packages/anaconda3/lib/python3.6/site-packages/sklearn/preprocessing/data.py:181: UserWarning: Numerical issues were encountered when scaling the data and might not be solved. The standard deviation of the data is probably very close to 0. 
  warnings.warn("Numerical issues were encountered "
01/01/2018 22:41:12 [INFO] exp_shallowmodel: ******************** dstc2 - Round 29 
01/01/2018 22:41:12 [INFO] exp_shallowmodel: #(data) = 4568
01/01/2018 22:41:12 [INFO] exp_shallowmodel: #(feature) = 13263
01/01/2018 22:41:12 [INFO] exp_shallowmodel: ================================================================================
01/01/2018 22:41:12 [INFO] exp_shallowmodel: LR.pen=l2.C=100000000000000000000.000000
01/01/2018 22:41:12 [INFO] exp_shallowmodel: ________________________________________________________________________________
01/01/2018 22:41:12 [INFO] exp_shallowmodel: Training: 
01/01/2018 22:41:12 [INFO] exp_shallowmodel: LogisticRegression(C=1e+20, class_weight=None, dual=False, fit_intercept=True,
          intercept_scaling=1, max_iter=100, multi_class='ovr', n_jobs=1,
          penalty='l2', random_state=None, solver='liblinear', tol=0.0001,
          verbose=0, warm_start=False)
slurmstepd: error: *** JOB 960132 ON smp-n4 CANCELLED AT 2018-01-01T23:40:10 ***
srun: forcing job termination
slurmstepd: error: *** STEP 960132.0 ON smp-n4 CANCELLED AT 2018-01-01T23:40:10 ***
srun: Job step aborted: Waiting up to 32 seconds for job step to finish.
