01/29/2018 20:20:41 [INFO] configuration: experiment_mode  :   continuous_feature_selection
01/29/2018 20:20:41 [INFO] configuration: deep_model  :   False
01/29/2018 20:20:41 [INFO] configuration: selected_context_id  :   0
01/29/2018 20:20:41 [INFO] configuration: selected_feature_set_id  :   6
01/29/2018 20:20:41 [INFO] configuration: similarity_feature  :   True
01/29/2018 20:20:41 [INFO] configuration: k_feature_to_keep  :   -1
01/29/2018 20:20:41 [INFO] configuration: k_component_for_pca  :   8
01/29/2018 20:20:41 [INFO] configuration: seed  :   154316847
01/29/2018 20:20:41 [INFO] configuration: root_path  :   /ihome/pbrusilosky/rum20/y_classify
01/29/2018 20:20:41 [INFO] configuration: task_name  :   utterance_type
01/29/2018 20:20:41 [INFO] configuration: timemark  :   20180129-202041
01/29/2018 20:20:41 [INFO] configuration: context_set  :   next
01/29/2018 20:20:41 [INFO] configuration: utterance_names  :   ['last_user_utterance', 'last_system_utterance', 'current_user_utterance', 'next_system_utterance', 'next_user_utterance']
01/29/2018 20:20:41 [INFO] configuration: utterance_range  :   ['current_user_utterance', 'next_system_utterance', 'next_user_utterance']
01/29/2018 20:20:41 [INFO] configuration: feature_set  :   6-w2v
01/29/2018 20:20:41 [INFO] configuration: feature_set_number  :   ['9']
01/29/2018 20:20:41 [INFO] configuration: experiment_name  :   20180129-202041.continuous_feature_selection.pca_component=8.feature_number=-1.context=next.feature=6-w2v.similarity=true
01/29/2018 20:20:41 [INFO] configuration: experiment_path  :   /ihome/pbrusilosky/rum20/y_classify/output/20180129-202041.continuous_feature_selection.pca_component=8.feature_number=-1.context=next.feature=6-w2v.similarity=true
01/29/2018 20:20:41 [INFO] configuration: log_path  :   /ihome/pbrusilosky/rum20/y_classify/output/20180129-202041.continuous_feature_selection.pca_component=8.feature_number=-1.context=next.feature=6-w2v.similarity=true/output.log
01/29/2018 20:20:41 [INFO] configuration: valid_type  :   {'F', 'A', 'C', 'R'}
01/29/2018 20:20:41 [INFO] configuration: data_name  :   
01/29/2018 20:20:41 [INFO] configuration: data_names  :   ['dstc2', 'dstc3', 'family', 'ghome']
01/29/2018 20:20:41 [INFO] configuration: raw_feature_path  :   /ihome/pbrusilosky/rum20/y_classify/dataset/feature/%s.raw_feature.pkl
01/29/2018 20:20:41 [INFO] configuration: extracted_feature_path  :   /ihome/pbrusilosky/rum20/y_classify/dataset/feature/%s.extracted_feature.pkl
01/29/2018 20:20:41 [INFO] configuration: pipeline_path  :   /ihome/pbrusilosky/rum20/y_classify/dataset/feature/%s.pipeline.pkl
01/29/2018 20:20:41 [INFO] configuration: metrics  :   ['accuracy', 'precision', 'recall', 'f1_score', 'training_time', 'test_time']
01/29/2018 20:20:41 [INFO] configuration: do_cross_validation  :   True
01/29/2018 20:20:41 [INFO] configuration: #division  :   5
01/29/2018 20:20:41 [INFO] configuration: #cross_validation  :   10
01/29/2018 20:20:41 [INFO] configuration: cv_index_cache_path  :   
01/29/2018 20:20:41 [INFO] configuration: action_words  :   {'skip', 'price', 'north', 'discard', 'address', 'music', 'video', 'remove', 'weather', 'alarm', 'number', 'area', 'south', 'findcar', 'cheap', 'volume', 'time', 'reminds', 'cast', 'snooz', 'telephon', 'light', 'else', 'add', 'member', 'delete', 'watch', 'reminder', 'shuffle', 'findcare', 'telephone', 'phone', 'stop', 'song', 'share', 'snooze', 'temperatur', 'tell', 'play', 'moder', 'ani', 'show', 'shuffl', 'reminders', 'items', 'any', 'help', 'turn', 'remind', 'clear', 'part', 'next', 'expensive', 'timer', 'room', 'matter', 'item', 'moderate', 'centre', 'list', 'post', 'remov', 'temperature', 'centr', 'food', 'start', 'els', 'expens', 'delet', 'volum'}
01/29/2018 20:20:41 [INFO] configuration: corenlp_jars  :   ('/Users/memray/Project/stanford/stanford-corenlp-full-3.8.0/*', '/Users/memray/Project/stanford/stanford-corenlp-full-3.8.0/stanford-english-kbp-corenlp-2017-06-09-models.jar')
01/29/2018 20:20:41 [INFO] configuration: lda_topic_number  :   50
01/29/2018 20:20:41 [INFO] configuration: lda_path  :   /ihome/pbrusilosky/rum20/y_classify/dataset/feature/gensim/%s.topic=50.lda.pkl
01/29/2018 20:20:41 [INFO] configuration: gensim_corpus_path  :   /ihome/pbrusilosky/rum20/y_classify/dataset/feature/gensim/%s.corpus.pkl
01/29/2018 20:20:41 [INFO] configuration: gensim_dict_path  :   /ihome/pbrusilosky/rum20/y_classify/dataset/feature/gensim/%s.dict
01/29/2018 20:20:41 [INFO] configuration: w2v_path  :   /home/memray/Data/glove/GoogleNews-vectors-negative300.bin
01/29/2018 20:20:41 [INFO] configuration: w2v_vector_length  :   300
01/29/2018 20:20:41 [INFO] configuration: d2v_vector_length  :   300
01/29/2018 20:20:41 [INFO] configuration: d2v_window_size  :   5
01/29/2018 20:20:41 [INFO] configuration: d2v_min_count  :   2
01/29/2018 20:20:41 [INFO] configuration: d2v_model_path  :   /ihome/pbrusilosky/rum20/y_classify/dataset/feature/gensim/%s.doc2vec.dim=300.window=5.min_count=2.model
01/29/2018 20:20:41 [INFO] configuration: d2v_vector_path  :   /ihome/pbrusilosky/rum20/y_classify/dataset/feature/gensim/%s.doc2vec.dim=300.window=5.min_count=2.vector
01/29/2018 20:20:41 [INFO] configuration: num_word_keep  :   {'dstc2': 300, 'dstc3': 300, 'family': 1000, 'ghome': 1000}
01/29/2018 20:20:41 [INFO] configuration: batch_size  :   128
01/29/2018 20:20:41 [INFO] configuration: max_epoch  :   50
01/29/2018 20:20:41 [INFO] configuration: early_stop_tolerance  :   2
01/29/2018 20:20:41 [INFO] configuration: concat_sents  :   False
01/29/2018 20:20:41 [INFO] configuration: cnn_setting  :   {'model': 'multichannel', 'early_stopping': True, 'word_dim': 300, 'filters': [3, 4, 5], 'filter_num': [100, 100, 100], 'class_size': 4, 'batch_size': 128, 'learning_rate': 0.001, 'norm_limit': 10, 'dropout_prob': 0.0, 'sentence_num': 3}
01/29/2018 20:20:41 [INFO] configuration: skipthought_setting  :   {'skipthought_model_path': '/Users/memray/Data/skip-thought', 'skipthought_data_path': '/ihome/pbrusilosky/rum20/y_classify/dataset/feature/gensim/%s.skip-thought.biskip.vector', 'fixed_emb': True, 'sentence_num': 3, 'hidden_size': 2400, 'class_size': 4, 'learning_rate': 0.0001, 'norm_limit': 3, 'dropout_prob': 0.5}
01/29/2018 20:20:41 [INFO] configuration: lstm_setting  :   {'model': 'non-static', 'hidden_size': 32, 'embedding_size': 300, 'num_layers': 1, 'bidirectional': False, 'learning_rate': 0.001, 'class_size': 4, 'norm_limit': 2, 'clip_grad_norm': 2, 'dropout_prob': 0.1}
01/29/2018 20:20:44 [INFO] exp_shallowmodel: %%%%%%%%%%%%%%%%%%%%%%%%%%%%%%%%%%%%%%%%%%%%%%%%%%
01/29/2018 20:20:44 [INFO] exp_shallowmodel:           dataset=dstc2
01/29/2018 20:20:44 [INFO] exp_shallowmodel:           X_new.shape=(5725, 258)
01/29/2018 20:20:44 [INFO] exp_shallowmodel:           #(discrete_feature)=0
01/29/2018 20:20:44 [INFO] exp_shallowmodel:           #(continuous_feature)=256
01/29/2018 20:20:44 [INFO] exp_shallowmodel:           #(similarity_feature)=2
01/29/2018 20:20:44 [INFO] exp_shallowmodel: %%%%%%%%%%%%%%%%%%%%%%%%%%%%%%%%%%%%%%%%%%%%%%%%%%
01/29/2018 20:20:44 [INFO] exp_shallowmodel: ******************** dstc2 - Round 0 
01/29/2018 20:20:44 [INFO] exp_shallowmodel: #(data) = 4583
01/29/2018 20:20:44 [INFO] exp_shallowmodel: #(feature) = 258
01/29/2018 20:20:44 [INFO] exp_shallowmodel: ================================================================================
01/29/2018 20:20:44 [INFO] exp_shallowmodel: LR.pen=l1.C=1.000000
01/29/2018 20:20:44 [INFO] exp_shallowmodel: ________________________________________________________________________________
01/29/2018 20:20:44 [INFO] exp_shallowmodel: Training: 
01/29/2018 20:20:44 [INFO] exp_shallowmodel: LogisticRegression(C=1, class_weight=None, dual=False, fit_intercept=True,
          intercept_scaling=1, max_iter=100, multi_class='ovr', n_jobs=1,
          penalty='l1', random_state=None, solver='liblinear', tol=0.0001,
          verbose=0, warm_start=False)
01/29/2018 20:20:47 [INFO] exp_shallowmodel: train time: 2.773s
01/29/2018 20:20:47 [INFO] exp_shallowmodel: test time:  0.000s
01/29/2018 20:20:47 [INFO] exp_shallowmodel: accuracy:   0.839
01/29/2018 20:20:47 [INFO] exp_shallowmodel: f1_score:   0.687
01/29/2018 20:20:47 [INFO] exp_shallowmodel: classification report:
01/29/2018 20:20:47 [INFO] exp_shallowmodel:              precision    recall  f1-score   support

          A       0.38      0.21      0.27        14
          C       0.82      0.79      0.80       164
          F       0.88      0.96      0.92       268
          R       0.80      0.72      0.76       125

avg / total       0.83      0.84      0.83       571

01/29/2018 20:20:47 [INFO] exp_shallowmodel: confusion matrix:
01/29/2018 20:20:47 [INFO] exp_shallowmodel: 
[[  3   3   8   0]
 [  5 129  12  18]
 [  0   7 257   4]
 [  0  19  16  90]]
01/29/2018 20:20:47 [INFO] exp_shallowmodel: ******************** dstc2 - Round 1 
01/29/2018 20:20:47 [INFO] exp_shallowmodel: #(data) = 4583
01/29/2018 20:20:47 [INFO] exp_shallowmodel: #(feature) = 258
01/29/2018 20:20:47 [INFO] exp_shallowmodel: ================================================================================
01/29/2018 20:20:47 [INFO] exp_shallowmodel: LR.pen=l1.C=1.000000
01/29/2018 20:20:47 [INFO] exp_shallowmodel: ________________________________________________________________________________
01/29/2018 20:20:47 [INFO] exp_shallowmodel: Training: 
01/29/2018 20:20:47 [INFO] exp_shallowmodel: LogisticRegression(C=1, class_weight=None, dual=False, fit_intercept=True,
          intercept_scaling=1, max_iter=100, multi_class='ovr', n_jobs=1,
          penalty='l1', random_state=None, solver='liblinear', tol=0.0001,
          verbose=0, warm_start=False)
01/29/2018 20:20:50 [INFO] exp_shallowmodel: train time: 2.592s
01/29/2018 20:20:50 [INFO] exp_shallowmodel: test time:  0.000s
01/29/2018 20:20:50 [INFO] exp_shallowmodel: accuracy:   0.806
01/29/2018 20:20:50 [INFO] exp_shallowmodel: f1_score:   0.672
01/29/2018 20:20:50 [INFO] exp_shallowmodel: classification report:
01/29/2018 20:20:50 [INFO] exp_shallowmodel:              precision    recall  f1-score   support

          A       0.60      0.21      0.32        14
          C       0.78      0.75      0.76       164
          F       0.86      0.91      0.89       268
          R       0.72      0.73      0.72       125

avg / total       0.80      0.81      0.80       571

01/29/2018 20:20:50 [INFO] exp_shallowmodel: confusion matrix:
01/29/2018 20:20:50 [INFO] exp_shallowmodel: 
[[  3   2   6   3]
 [  0 123  19  22]
 [  1  13 243  11]
 [  1  20  13  91]]
01/29/2018 20:20:50 [INFO] exp_shallowmodel: ******************** dstc2 - Round 2 
01/29/2018 20:20:50 [INFO] exp_shallowmodel: #(data) = 4583
01/29/2018 20:20:50 [INFO] exp_shallowmodel: #(feature) = 258
01/29/2018 20:20:50 [INFO] exp_shallowmodel: ================================================================================
01/29/2018 20:20:50 [INFO] exp_shallowmodel: LR.pen=l1.C=1.000000
01/29/2018 20:20:50 [INFO] exp_shallowmodel: ________________________________________________________________________________
01/29/2018 20:20:50 [INFO] exp_shallowmodel: Training: 
01/29/2018 20:20:50 [INFO] exp_shallowmodel: LogisticRegression(C=1, class_weight=None, dual=False, fit_intercept=True,
          intercept_scaling=1, max_iter=100, multi_class='ovr', n_jobs=1,
          penalty='l1', random_state=None, solver='liblinear', tol=0.0001,
          verbose=0, warm_start=False)
01/29/2018 20:20:52 [INFO] exp_shallowmodel: train time: 2.523s
01/29/2018 20:20:52 [INFO] exp_shallowmodel: test time:  0.000s
01/29/2018 20:20:52 [INFO] exp_shallowmodel: accuracy:   0.830
01/29/2018 20:20:52 [INFO] exp_shallowmodel: f1_score:   0.715
01/29/2018 20:20:52 [INFO] exp_shallowmodel: classification report:
01/29/2018 20:20:52 [INFO] exp_shallowmodel:              precision    recall  f1-score   support

          A       0.56      0.36      0.43        14
          C       0.75      0.76      0.76       164
          F       0.91      0.96      0.93       268
          R       0.78      0.70      0.74       125

avg / total       0.83      0.83      0.83       571

01/29/2018 20:20:52 [INFO] exp_shallowmodel: confusion matrix:
01/29/2018 20:20:52 [INFO] exp_shallowmodel: 
[[  5   4   4   1]
 [  3 125  14  22]
 [  0  10 256   2]
 [  1  28   8  88]]
01/29/2018 20:20:52 [INFO] exp_shallowmodel: ******************** dstc2 - Round 3 
01/29/2018 20:20:52 [INFO] exp_shallowmodel: #(data) = 4583
01/29/2018 20:20:52 [INFO] exp_shallowmodel: #(feature) = 258
01/29/2018 20:20:52 [INFO] exp_shallowmodel: ================================================================================
01/29/2018 20:20:52 [INFO] exp_shallowmodel: LR.pen=l1.C=1.000000
01/29/2018 20:20:52 [INFO] exp_shallowmodel: ________________________________________________________________________________
01/29/2018 20:20:52 [INFO] exp_shallowmodel: Training: 
01/29/2018 20:20:52 [INFO] exp_shallowmodel: LogisticRegression(C=1, class_weight=None, dual=False, fit_intercept=True,
          intercept_scaling=1, max_iter=100, multi_class='ovr', n_jobs=1,
          penalty='l1', random_state=None, solver='liblinear', tol=0.0001,
          verbose=0, warm_start=False)
01/29/2018 20:20:55 [INFO] exp_shallowmodel: train time: 2.531s
01/29/2018 20:20:55 [INFO] exp_shallowmodel: test time:  0.001s
01/29/2018 20:20:55 [INFO] exp_shallowmodel: accuracy:   0.825
01/29/2018 20:20:55 [INFO] exp_shallowmodel: f1_score:   0.725
01/29/2018 20:20:55 [INFO] exp_shallowmodel: classification report:
01/29/2018 20:20:55 [INFO] exp_shallowmodel:              precision    recall  f1-score   support

          A       0.55      0.43      0.48        14
          C       0.77      0.79      0.78       164
          F       0.91      0.92      0.91       268
          R       0.73      0.71      0.72       125

avg / total       0.82      0.82      0.82       571

01/29/2018 20:20:55 [INFO] exp_shallowmodel: confusion matrix:
01/29/2018 20:20:55 [INFO] exp_shallowmodel: 
[[  6   0   6   2]
 [  1 130   8  25]
 [  1  15 246   6]
 [  3  23  10  89]]
01/29/2018 20:20:55 [INFO] exp_shallowmodel: ******************** dstc2 - Round 4 
01/29/2018 20:20:55 [INFO] exp_shallowmodel: #(data) = 4583
01/29/2018 20:20:55 [INFO] exp_shallowmodel: #(feature) = 258
01/29/2018 20:20:55 [INFO] exp_shallowmodel: ================================================================================
01/29/2018 20:20:55 [INFO] exp_shallowmodel: LR.pen=l1.C=1.000000
01/29/2018 20:20:55 [INFO] exp_shallowmodel: ________________________________________________________________________________
01/29/2018 20:20:55 [INFO] exp_shallowmodel: Training: 
01/29/2018 20:20:55 [INFO] exp_shallowmodel: LogisticRegression(C=1, class_weight=None, dual=False, fit_intercept=True,
          intercept_scaling=1, max_iter=100, multi_class='ovr', n_jobs=1,
          penalty='l1', random_state=None, solver='liblinear', tol=0.0001,
          verbose=0, warm_start=False)
01/29/2018 20:20:57 [INFO] exp_shallowmodel: train time: 2.249s
01/29/2018 20:20:57 [INFO] exp_shallowmodel: test time:  0.000s
01/29/2018 20:20:57 [INFO] exp_shallowmodel: accuracy:   0.816
01/29/2018 20:20:57 [INFO] exp_shallowmodel: f1_score:   0.634
01/29/2018 20:20:57 [INFO] exp_shallowmodel: classification report:
01/29/2018 20:20:57 [INFO] exp_shallowmodel:              precision    recall  f1-score   support

          A       0.33      0.07      0.12        14
          C       0.77      0.82      0.80       164
          F       0.87      0.90      0.89       268
          R       0.76      0.71      0.74       125

avg / total       0.81      0.82      0.81       571

01/29/2018 20:20:57 [INFO] exp_shallowmodel: confusion matrix:
01/29/2018 20:20:57 [INFO] exp_shallowmodel: 
[[  1   2   9   2]
 [  1 134  13  16]
 [  1  15 242  10]
 [  0  22  14  89]]
01/29/2018 20:20:57 [INFO] exp_shallowmodel: ******************** dstc2 - Round 5 
01/29/2018 20:20:57 [INFO] exp_shallowmodel: #(data) = 4583
01/29/2018 20:20:57 [INFO] exp_shallowmodel: #(feature) = 258
01/29/2018 20:20:57 [INFO] exp_shallowmodel: ================================================================================
01/29/2018 20:20:57 [INFO] exp_shallowmodel: LR.pen=l1.C=1.000000
01/29/2018 20:20:57 [INFO] exp_shallowmodel: ________________________________________________________________________________
01/29/2018 20:20:57 [INFO] exp_shallowmodel: Training: 
01/29/2018 20:20:57 [INFO] exp_shallowmodel: LogisticRegression(C=1, class_weight=None, dual=False, fit_intercept=True,
          intercept_scaling=1, max_iter=100, multi_class='ovr', n_jobs=1,
          penalty='l1', random_state=None, solver='liblinear', tol=0.0001,
          verbose=0, warm_start=False)
01/29/2018 20:20:59 [INFO] exp_shallowmodel: train time: 2.127s
01/29/2018 20:20:59 [INFO] exp_shallowmodel: test time:  0.000s
01/29/2018 20:20:59 [INFO] exp_shallowmodel: accuracy:   0.806
01/29/2018 20:20:59 [INFO] exp_shallowmodel: f1_score:   0.666
01/29/2018 20:20:59 [INFO] exp_shallowmodel: classification report:
01/29/2018 20:20:59 [INFO] exp_shallowmodel:              precision    recall  f1-score   support

          A       0.50      0.21      0.30        14
          C       0.75      0.76      0.75       164
          F       0.89      0.91      0.90       268
          R       0.72      0.71      0.71       125

avg / total       0.80      0.81      0.80       571

01/29/2018 20:20:59 [INFO] exp_shallowmodel: confusion matrix:
01/29/2018 20:20:59 [INFO] exp_shallowmodel: 
[[  3   2   6   3]
 [  1 124  15  24]
 [  1  15 244   8]
 [  1  25  10  89]]
01/29/2018 20:20:59 [INFO] exp_shallowmodel: ******************** dstc2 - Round 6 
01/29/2018 20:20:59 [INFO] exp_shallowmodel: #(data) = 4583
01/29/2018 20:20:59 [INFO] exp_shallowmodel: #(feature) = 258
01/29/2018 20:20:59 [INFO] exp_shallowmodel: ================================================================================
01/29/2018 20:20:59 [INFO] exp_shallowmodel: LR.pen=l1.C=1.000000
01/29/2018 20:20:59 [INFO] exp_shallowmodel: ________________________________________________________________________________
01/29/2018 20:20:59 [INFO] exp_shallowmodel: Training: 
01/29/2018 20:20:59 [INFO] exp_shallowmodel: LogisticRegression(C=1, class_weight=None, dual=False, fit_intercept=True,
          intercept_scaling=1, max_iter=100, multi_class='ovr', n_jobs=1,
          penalty='l1', random_state=None, solver='liblinear', tol=0.0001,
          verbose=0, warm_start=False)
01/29/2018 20:21:02 [INFO] exp_shallowmodel: train time: 2.119s
01/29/2018 20:21:02 [INFO] exp_shallowmodel: test time:  0.000s
01/29/2018 20:21:02 [INFO] exp_shallowmodel: accuracy:   0.841
01/29/2018 20:21:02 [INFO] exp_shallowmodel: f1_score:   0.714
01/29/2018 20:21:02 [INFO] exp_shallowmodel: classification report:
01/29/2018 20:21:02 [INFO] exp_shallowmodel:              precision    recall  f1-score   support

          A       0.57      0.29      0.38        14
          C       0.79      0.85      0.82       164
          F       0.90      0.93      0.91       268
          R       0.80      0.69      0.74       125

avg / total       0.84      0.84      0.84       571

01/29/2018 20:21:02 [INFO] exp_shallowmodel: confusion matrix:
01/29/2018 20:21:02 [INFO] exp_shallowmodel: 
[[  4   1   7   2]
 [  1 140   8  15]
 [  0  14 250   4]
 [  2  23  14  86]]
01/29/2018 20:21:02 [INFO] exp_shallowmodel: ******************** dstc2 - Round 7 
01/29/2018 20:21:02 [INFO] exp_shallowmodel: #(data) = 4583
01/29/2018 20:21:02 [INFO] exp_shallowmodel: #(feature) = 258
01/29/2018 20:21:02 [INFO] exp_shallowmodel: ================================================================================
01/29/2018 20:21:02 [INFO] exp_shallowmodel: LR.pen=l1.C=1.000000
01/29/2018 20:21:02 [INFO] exp_shallowmodel: ________________________________________________________________________________
01/29/2018 20:21:02 [INFO] exp_shallowmodel: Training: 
01/29/2018 20:21:02 [INFO] exp_shallowmodel: LogisticRegression(C=1, class_weight=None, dual=False, fit_intercept=True,
          intercept_scaling=1, max_iter=100, multi_class='ovr', n_jobs=1,
          penalty='l1', random_state=None, solver='liblinear', tol=0.0001,
          verbose=0, warm_start=False)
01/29/2018 20:21:04 [INFO] exp_shallowmodel: train time: 2.158s
01/29/2018 20:21:04 [INFO] exp_shallowmodel: test time:  0.000s
01/29/2018 20:21:04 [INFO] exp_shallowmodel: accuracy:   0.806
01/29/2018 20:21:04 [INFO] exp_shallowmodel: f1_score:   0.686
01/29/2018 20:21:04 [INFO] exp_shallowmodel: classification report:
01/29/2018 20:21:04 [INFO] exp_shallowmodel:              precision    recall  f1-score   support

          A       0.67      0.29      0.40        14
          C       0.75      0.79      0.77       164
          F       0.88      0.92      0.90       268
          R       0.70      0.65      0.68       125

avg / total       0.80      0.81      0.80       571

01/29/2018 20:21:04 [INFO] exp_shallowmodel: confusion matrix:
01/29/2018 20:21:04 [INFO] exp_shallowmodel: 
[[  4   2   6   2]
 [  2 129  10  23]
 [  0  13 246   9]
 [  0  27  17  81]]
01/29/2018 20:21:04 [INFO] exp_shallowmodel: ******************** dstc2 - Round 8 
01/29/2018 20:21:04 [INFO] exp_shallowmodel: #(data) = 4583
01/29/2018 20:21:04 [INFO] exp_shallowmodel: #(feature) = 258
01/29/2018 20:21:04 [INFO] exp_shallowmodel: ================================================================================
01/29/2018 20:21:04 [INFO] exp_shallowmodel: LR.pen=l1.C=1.000000
01/29/2018 20:21:04 [INFO] exp_shallowmodel: ________________________________________________________________________________
01/29/2018 20:21:04 [INFO] exp_shallowmodel: Training: 
01/29/2018 20:21:04 [INFO] exp_shallowmodel: LogisticRegression(C=1, class_weight=None, dual=False, fit_intercept=True,
          intercept_scaling=1, max_iter=100, multi_class='ovr', n_jobs=1,
          penalty='l1', random_state=None, solver='liblinear', tol=0.0001,
          verbose=0, warm_start=False)
01/29/2018 20:21:06 [INFO] exp_shallowmodel: train time: 2.065s
01/29/2018 20:21:06 [INFO] exp_shallowmodel: test time:  0.000s
01/29/2018 20:21:06 [INFO] exp_shallowmodel: accuracy:   0.823
01/29/2018 20:21:06 [INFO] exp_shallowmodel: f1_score:   0.659
01/29/2018 20:21:06 [INFO] exp_shallowmodel: classification report:
01/29/2018 20:21:06 [INFO] exp_shallowmodel:              precision    recall  f1-score   support

          A       0.50      0.14      0.22        14
          C       0.77      0.78      0.77       164
          F       0.89      0.94      0.92       268
          R       0.76      0.70      0.72       125

avg / total       0.81      0.82      0.82       571

01/29/2018 20:21:06 [INFO] exp_shallowmodel: confusion matrix:
01/29/2018 20:21:06 [INFO] exp_shallowmodel: 
[[  2   1  10   1]
 [  1 128  10  25]
 [  0  13 253   2]
 [  1  25  12  87]]
01/29/2018 20:21:06 [INFO] exp_shallowmodel: ******************** dstc2 - Round 9 
01/29/2018 20:21:06 [INFO] exp_shallowmodel: #(data) = 4568
01/29/2018 20:21:06 [INFO] exp_shallowmodel: #(feature) = 258
01/29/2018 20:21:06 [INFO] exp_shallowmodel: ================================================================================
01/29/2018 20:21:06 [INFO] exp_shallowmodel: LR.pen=l1.C=1.000000
01/29/2018 20:21:06 [INFO] exp_shallowmodel: ________________________________________________________________________________
01/29/2018 20:21:06 [INFO] exp_shallowmodel: Training: 
01/29/2018 20:21:06 [INFO] exp_shallowmodel: LogisticRegression(C=1, class_weight=None, dual=False, fit_intercept=True,
          intercept_scaling=1, max_iter=100, multi_class='ovr', n_jobs=1,
          penalty='l1', random_state=None, solver='liblinear', tol=0.0001,
          verbose=0, warm_start=False)
01/29/2018 20:21:08 [INFO] exp_shallowmodel: train time: 2.254s
01/29/2018 20:21:08 [INFO] exp_shallowmodel: test time:  0.000s
01/29/2018 20:21:08 [INFO] exp_shallowmodel: accuracy:   0.799
01/29/2018 20:21:08 [INFO] exp_shallowmodel: f1_score:   0.702
01/29/2018 20:21:08 [INFO] exp_shallowmodel: classification report:
01/29/2018 20:21:08 [INFO] exp_shallowmodel:              precision    recall  f1-score   support

          A       0.75      0.38      0.50        16
          C       0.74      0.76      0.75       169
          F       0.87      0.94      0.90       271
          R       0.71      0.62      0.66       130

avg / total       0.79      0.80      0.79       586

01/29/2018 20:21:08 [INFO] exp_shallowmodel: confusion matrix:
01/29/2018 20:21:08 [INFO] exp_shallowmodel: 
[[  6   1   5   4]
 [  1 128  14  26]
 [  1  13 254   3]
 [  0  31  19  80]]
01/29/2018 20:21:08 [INFO] exp_shallowmodel: ******************** dstc2 - Round 10 
01/29/2018 20:21:08 [INFO] exp_shallowmodel: #(data) = 4583
01/29/2018 20:21:08 [INFO] exp_shallowmodel: #(feature) = 258
01/29/2018 20:21:08 [INFO] exp_shallowmodel: ================================================================================
01/29/2018 20:21:08 [INFO] exp_shallowmodel: LR.pen=l1.C=1.000000
01/29/2018 20:21:08 [INFO] exp_shallowmodel: ________________________________________________________________________________
01/29/2018 20:21:08 [INFO] exp_shallowmodel: Training: 
01/29/2018 20:21:08 [INFO] exp_shallowmodel: LogisticRegression(C=1, class_weight=None, dual=False, fit_intercept=True,
          intercept_scaling=1, max_iter=100, multi_class='ovr', n_jobs=1,
          penalty='l1', random_state=None, solver='liblinear', tol=0.0001,
          verbose=0, warm_start=False)
01/29/2018 20:21:11 [INFO] exp_shallowmodel: train time: 2.460s
01/29/2018 20:21:11 [INFO] exp_shallowmodel: test time:  0.000s
01/29/2018 20:21:11 [INFO] exp_shallowmodel: accuracy:   0.813
01/29/2018 20:21:11 [INFO] exp_shallowmodel: f1_score:   0.623
01/29/2018 20:21:11 [INFO] exp_shallowmodel: classification report:
01/29/2018 20:21:11 [INFO] exp_shallowmodel:              precision    recall  f1-score   support

          A       0.20      0.07      0.11        14
          C       0.78      0.76      0.77       164
          F       0.88      0.94      0.91       268
          R       0.72      0.70      0.71       125

avg / total       0.80      0.81      0.81       571

01/29/2018 20:21:11 [INFO] exp_shallowmodel: confusion matrix:
01/29/2018 20:21:11 [INFO] exp_shallowmodel: 
[[  1   2   9   2]
 [  1 125  11  27]
 [  2  11 251   4]
 [  1  23  14  87]]
01/29/2018 20:21:11 [INFO] exp_shallowmodel: ******************** dstc2 - Round 11 
01/29/2018 20:21:11 [INFO] exp_shallowmodel: #(data) = 4583
01/29/2018 20:21:11 [INFO] exp_shallowmodel: #(feature) = 258
01/29/2018 20:21:11 [INFO] exp_shallowmodel: ================================================================================
01/29/2018 20:21:11 [INFO] exp_shallowmodel: LR.pen=l1.C=1.000000
01/29/2018 20:21:11 [INFO] exp_shallowmodel: ________________________________________________________________________________
01/29/2018 20:21:11 [INFO] exp_shallowmodel: Training: 
01/29/2018 20:21:11 [INFO] exp_shallowmodel: LogisticRegression(C=1, class_weight=None, dual=False, fit_intercept=True,
          intercept_scaling=1, max_iter=100, multi_class='ovr', n_jobs=1,
          penalty='l1', random_state=None, solver='liblinear', tol=0.0001,
          verbose=0, warm_start=False)
01/29/2018 20:21:13 [INFO] exp_shallowmodel: train time: 2.141s
01/29/2018 20:21:13 [INFO] exp_shallowmodel: test time:  0.000s
01/29/2018 20:21:13 [INFO] exp_shallowmodel: accuracy:   0.797
01/29/2018 20:21:13 [INFO] exp_shallowmodel: f1_score:   0.689
01/29/2018 20:21:13 [INFO] exp_shallowmodel: classification report:
01/29/2018 20:21:13 [INFO] exp_shallowmodel:              precision    recall  f1-score   support

          A       0.56      0.36      0.43        14
          C       0.73      0.70      0.72       164
          F       0.88      0.93      0.90       268
          R       0.71      0.70      0.70       125

avg / total       0.79      0.80      0.79       571

01/29/2018 20:21:13 [INFO] exp_shallowmodel: confusion matrix:
01/29/2018 20:21:13 [INFO] exp_shallowmodel: 
[[  5   2   6   1]
 [  1 115  17  31]
 [  3  13 248   4]
 [  0  27  11  87]]
01/29/2018 20:21:13 [INFO] exp_shallowmodel: ******************** dstc2 - Round 12 
01/29/2018 20:21:13 [INFO] exp_shallowmodel: #(data) = 4583
01/29/2018 20:21:13 [INFO] exp_shallowmodel: #(feature) = 258
01/29/2018 20:21:13 [INFO] exp_shallowmodel: ================================================================================
01/29/2018 20:21:13 [INFO] exp_shallowmodel: LR.pen=l1.C=1.000000
01/29/2018 20:21:13 [INFO] exp_shallowmodel: ________________________________________________________________________________
01/29/2018 20:21:13 [INFO] exp_shallowmodel: Training: 
01/29/2018 20:21:13 [INFO] exp_shallowmodel: LogisticRegression(C=1, class_weight=None, dual=False, fit_intercept=True,
          intercept_scaling=1, max_iter=100, multi_class='ovr', n_jobs=1,
          penalty='l1', random_state=None, solver='liblinear', tol=0.0001,
          verbose=0, warm_start=False)
01/29/2018 20:21:15 [INFO] exp_shallowmodel: train time: 2.198s
01/29/2018 20:21:15 [INFO] exp_shallowmodel: test time:  0.000s
01/29/2018 20:21:15 [INFO] exp_shallowmodel: accuracy:   0.814
01/29/2018 20:21:15 [INFO] exp_shallowmodel: f1_score:   0.730
01/29/2018 20:21:15 [INFO] exp_shallowmodel: classification report:
01/29/2018 20:21:15 [INFO] exp_shallowmodel:              precision    recall  f1-score   support

          A       0.75      0.43      0.55        14
          C       0.76      0.75      0.76       164
          F       0.89      0.92      0.90       268
          R       0.72      0.71      0.71       125

avg / total       0.81      0.81      0.81       571

01/29/2018 20:21:15 [INFO] exp_shallowmodel: confusion matrix:
01/29/2018 20:21:15 [INFO] exp_shallowmodel: 
[[  6   2   3   3]
 [  1 123  15  25]
 [  0  14 247   7]
 [  1  22  13  89]]
01/29/2018 20:21:15 [INFO] exp_shallowmodel: ******************** dstc2 - Round 13 
01/29/2018 20:21:15 [INFO] exp_shallowmodel: #(data) = 4583
01/29/2018 20:21:15 [INFO] exp_shallowmodel: #(feature) = 258
01/29/2018 20:21:15 [INFO] exp_shallowmodel: ================================================================================
01/29/2018 20:21:15 [INFO] exp_shallowmodel: LR.pen=l1.C=1.000000
01/29/2018 20:21:15 [INFO] exp_shallowmodel: ________________________________________________________________________________
01/29/2018 20:21:15 [INFO] exp_shallowmodel: Training: 
01/29/2018 20:21:15 [INFO] exp_shallowmodel: LogisticRegression(C=1, class_weight=None, dual=False, fit_intercept=True,
          intercept_scaling=1, max_iter=100, multi_class='ovr', n_jobs=1,
          penalty='l1', random_state=None, solver='liblinear', tol=0.0001,
          verbose=0, warm_start=False)
01/29/2018 20:21:17 [INFO] exp_shallowmodel: train time: 2.202s
01/29/2018 20:21:17 [INFO] exp_shallowmodel: test time:  0.000s
01/29/2018 20:21:17 [INFO] exp_shallowmodel: accuracy:   0.813
01/29/2018 20:21:17 [INFO] exp_shallowmodel: f1_score:   0.674
01/29/2018 20:21:17 [INFO] exp_shallowmodel: classification report:
01/29/2018 20:21:17 [INFO] exp_shallowmodel:              precision    recall  f1-score   support

          A       0.60      0.21      0.32        14
          C       0.74      0.79      0.76       164
          F       0.90      0.91      0.91       268
          R       0.72      0.70      0.71       125

avg / total       0.81      0.81      0.81       571

01/29/2018 20:21:17 [INFO] exp_shallowmodel: confusion matrix:
01/29/2018 20:21:17 [INFO] exp_shallowmodel: 
[[  3   2   5   4]
 [  1 129  13  21]
 [  0  15 245   8]
 [  1  29   8  87]]
01/29/2018 20:21:17 [INFO] exp_shallowmodel: ******************** dstc2 - Round 14 
01/29/2018 20:21:17 [INFO] exp_shallowmodel: #(data) = 4583
01/29/2018 20:21:17 [INFO] exp_shallowmodel: #(feature) = 258
01/29/2018 20:21:17 [INFO] exp_shallowmodel: ================================================================================
01/29/2018 20:21:17 [INFO] exp_shallowmodel: LR.pen=l1.C=1.000000
01/29/2018 20:21:17 [INFO] exp_shallowmodel: ________________________________________________________________________________
01/29/2018 20:21:17 [INFO] exp_shallowmodel: Training: 
01/29/2018 20:21:17 [INFO] exp_shallowmodel: LogisticRegression(C=1, class_weight=None, dual=False, fit_intercept=True,
          intercept_scaling=1, max_iter=100, multi_class='ovr', n_jobs=1,
          penalty='l1', random_state=None, solver='liblinear', tol=0.0001,
          verbose=0, warm_start=False)
01/29/2018 20:21:20 [INFO] exp_shallowmodel: train time: 2.343s
01/29/2018 20:21:20 [INFO] exp_shallowmodel: test time:  0.000s
01/29/2018 20:21:20 [INFO] exp_shallowmodel: accuracy:   0.842
01/29/2018 20:21:20 [INFO] exp_shallowmodel: f1_score:   0.697
01/29/2018 20:21:20 [INFO] exp_shallowmodel: classification report:
01/29/2018 20:21:20 [INFO] exp_shallowmodel:              precision    recall  f1-score   support

          A       0.50      0.21      0.30        14
          C       0.79      0.82      0.80       164
          F       0.91      0.94      0.92       268
          R       0.78      0.74      0.76       125

avg / total       0.84      0.84      0.84       571

01/29/2018 20:21:20 [INFO] exp_shallowmodel: confusion matrix:
01/29/2018 20:21:20 [INFO] exp_shallowmodel: 
[[  3   3   7   1]
 [  1 134   9  20]
 [  0  11 251   6]
 [  2  21   9  93]]
01/29/2018 20:21:20 [INFO] exp_shallowmodel: ******************** dstc2 - Round 15 
01/29/2018 20:21:20 [INFO] exp_shallowmodel: #(data) = 4583
01/29/2018 20:21:20 [INFO] exp_shallowmodel: #(feature) = 258
01/29/2018 20:21:20 [INFO] exp_shallowmodel: ================================================================================
01/29/2018 20:21:20 [INFO] exp_shallowmodel: LR.pen=l1.C=1.000000
01/29/2018 20:21:20 [INFO] exp_shallowmodel: ________________________________________________________________________________
01/29/2018 20:21:20 [INFO] exp_shallowmodel: Training: 
01/29/2018 20:21:20 [INFO] exp_shallowmodel: LogisticRegression(C=1, class_weight=None, dual=False, fit_intercept=True,
          intercept_scaling=1, max_iter=100, multi_class='ovr', n_jobs=1,
          penalty='l1', random_state=None, solver='liblinear', tol=0.0001,
          verbose=0, warm_start=False)
01/29/2018 20:21:22 [INFO] exp_shallowmodel: train time: 2.385s
01/29/2018 20:21:22 [INFO] exp_shallowmodel: test time:  0.000s
01/29/2018 20:21:22 [INFO] exp_shallowmodel: accuracy:   0.823
01/29/2018 20:21:22 [INFO] exp_shallowmodel: f1_score:   0.676
01/29/2018 20:21:22 [INFO] exp_shallowmodel: classification report:
01/29/2018 20:21:22 [INFO] exp_shallowmodel:              precision    recall  f1-score   support

          A       0.50      0.21      0.30        14
          C       0.77      0.82      0.79       164
          F       0.89      0.94      0.91       268
          R       0.76      0.65      0.70       125

avg / total       0.82      0.82      0.82       571

01/29/2018 20:21:22 [INFO] exp_shallowmodel: confusion matrix:
01/29/2018 20:21:22 [INFO] exp_shallowmodel: 
[[  3   1   6   4]
 [  1 134   9  20]
 [  0  14 252   2]
 [  2  25  17  81]]
01/29/2018 20:21:22 [INFO] exp_shallowmodel: ******************** dstc2 - Round 16 
01/29/2018 20:21:22 [INFO] exp_shallowmodel: #(data) = 4583
01/29/2018 20:21:22 [INFO] exp_shallowmodel: #(feature) = 258
01/29/2018 20:21:22 [INFO] exp_shallowmodel: ================================================================================
01/29/2018 20:21:22 [INFO] exp_shallowmodel: LR.pen=l1.C=1.000000
01/29/2018 20:21:22 [INFO] exp_shallowmodel: ________________________________________________________________________________
01/29/2018 20:21:22 [INFO] exp_shallowmodel: Training: 
01/29/2018 20:21:22 [INFO] exp_shallowmodel: LogisticRegression(C=1, class_weight=None, dual=False, fit_intercept=True,
          intercept_scaling=1, max_iter=100, multi_class='ovr', n_jobs=1,
          penalty='l1', random_state=None, solver='liblinear', tol=0.0001,
          verbose=0, warm_start=False)
01/29/2018 20:21:24 [INFO] exp_shallowmodel: train time: 2.251s
01/29/2018 20:21:24 [INFO] exp_shallowmodel: test time:  0.000s
01/29/2018 20:21:24 [INFO] exp_shallowmodel: accuracy:   0.820
01/29/2018 20:21:24 [INFO] exp_shallowmodel: f1_score:   0.652
01/29/2018 20:21:24 [INFO] exp_shallowmodel: classification report:
01/29/2018 20:21:24 [INFO] exp_shallowmodel:              precision    recall  f1-score   support

          A       0.33      0.14      0.20        14
          C       0.78      0.82      0.80       164
          F       0.89      0.93      0.91       268
          R       0.74      0.67      0.70       125

avg / total       0.81      0.82      0.81       571

01/29/2018 20:21:24 [INFO] exp_shallowmodel: confusion matrix:
01/29/2018 20:21:24 [INFO] exp_shallowmodel: 
[[  2   4   6   2]
 [  2 134   9  19]
 [  0  11 248   9]
 [  2  22  17  84]]
01/29/2018 20:21:24 [INFO] exp_shallowmodel: ******************** dstc2 - Round 17 
01/29/2018 20:21:24 [INFO] exp_shallowmodel: #(data) = 4583
01/29/2018 20:21:24 [INFO] exp_shallowmodel: #(feature) = 258
01/29/2018 20:21:24 [INFO] exp_shallowmodel: ================================================================================
01/29/2018 20:21:24 [INFO] exp_shallowmodel: LR.pen=l1.C=1.000000
01/29/2018 20:21:24 [INFO] exp_shallowmodel: ________________________________________________________________________________
01/29/2018 20:21:24 [INFO] exp_shallowmodel: Training: 
01/29/2018 20:21:24 [INFO] exp_shallowmodel: LogisticRegression(C=1, class_weight=None, dual=False, fit_intercept=True,
          intercept_scaling=1, max_iter=100, multi_class='ovr', n_jobs=1,
          penalty='l1', random_state=None, solver='liblinear', tol=0.0001,
          verbose=0, warm_start=False)
01/29/2018 20:21:27 [INFO] exp_shallowmodel: train time: 2.210s
01/29/2018 20:21:27 [INFO] exp_shallowmodel: test time:  0.000s
01/29/2018 20:21:27 [INFO] exp_shallowmodel: accuracy:   0.813
01/29/2018 20:21:27 [INFO] exp_shallowmodel: f1_score:   0.693
01/29/2018 20:21:27 [INFO] exp_shallowmodel: classification report:
01/29/2018 20:21:27 [INFO] exp_shallowmodel:              precision    recall  f1-score   support

          A       0.57      0.29      0.38        14
          C       0.76      0.77      0.77       164
          F       0.87      0.92      0.89       268
          R       0.76      0.70      0.73       125

avg / total       0.81      0.81      0.81       571

01/29/2018 20:21:27 [INFO] exp_shallowmodel: confusion matrix:
01/29/2018 20:21:27 [INFO] exp_shallowmodel: 
[[  4   2   7   1]
 [  1 126  19  18]
 [  0  13 246   9]
 [  2  24  11  88]]
01/29/2018 20:21:27 [INFO] exp_shallowmodel: ******************** dstc2 - Round 18 
01/29/2018 20:21:27 [INFO] exp_shallowmodel: #(data) = 4583
01/29/2018 20:21:27 [INFO] exp_shallowmodel: #(feature) = 258
01/29/2018 20:21:27 [INFO] exp_shallowmodel: ================================================================================
01/29/2018 20:21:27 [INFO] exp_shallowmodel: LR.pen=l1.C=1.000000
01/29/2018 20:21:27 [INFO] exp_shallowmodel: ________________________________________________________________________________
01/29/2018 20:21:27 [INFO] exp_shallowmodel: Training: 
01/29/2018 20:21:27 [INFO] exp_shallowmodel: LogisticRegression(C=1, class_weight=None, dual=False, fit_intercept=True,
          intercept_scaling=1, max_iter=100, multi_class='ovr', n_jobs=1,
          penalty='l1', random_state=None, solver='liblinear', tol=0.0001,
          verbose=0, warm_start=False)
01/29/2018 20:21:29 [INFO] exp_shallowmodel: train time: 2.292s
01/29/2018 20:21:29 [INFO] exp_shallowmodel: test time:  0.000s
01/29/2018 20:21:29 [INFO] exp_shallowmodel: accuracy:   0.809
01/29/2018 20:21:29 [INFO] exp_shallowmodel: f1_score:   0.709
01/29/2018 20:21:29 [INFO] exp_shallowmodel: classification report:
01/29/2018 20:21:29 [INFO] exp_shallowmodel:              precision    recall  f1-score   support

          A       0.71      0.36      0.48        14
          C       0.77      0.77      0.77       164
          F       0.86      0.93      0.89       268
          R       0.73      0.66      0.69       125

avg / total       0.80      0.81      0.80       571

01/29/2018 20:21:29 [INFO] exp_shallowmodel: confusion matrix:
01/29/2018 20:21:29 [INFO] exp_shallowmodel: 
[[  5   0   9   0]
 [  1 127  17  19]
 [  1   8 248  11]
 [  0  29  14  82]]
01/29/2018 20:21:29 [INFO] exp_shallowmodel: ******************** dstc2 - Round 19 
01/29/2018 20:21:29 [INFO] exp_shallowmodel: #(data) = 4568
01/29/2018 20:21:29 [INFO] exp_shallowmodel: #(feature) = 258
01/29/2018 20:21:29 [INFO] exp_shallowmodel: ================================================================================
01/29/2018 20:21:29 [INFO] exp_shallowmodel: LR.pen=l1.C=1.000000
01/29/2018 20:21:29 [INFO] exp_shallowmodel: ________________________________________________________________________________
01/29/2018 20:21:29 [INFO] exp_shallowmodel: Training: 
01/29/2018 20:21:29 [INFO] exp_shallowmodel: LogisticRegression(C=1, class_weight=None, dual=False, fit_intercept=True,
          intercept_scaling=1, max_iter=100, multi_class='ovr', n_jobs=1,
          penalty='l1', random_state=None, solver='liblinear', tol=0.0001,
          verbose=0, warm_start=False)
01/29/2018 20:21:31 [INFO] exp_shallowmodel: train time: 2.248s
01/29/2018 20:21:31 [INFO] exp_shallowmodel: test time:  0.000s
01/29/2018 20:21:31 [INFO] exp_shallowmodel: accuracy:   0.817
01/29/2018 20:21:31 [INFO] exp_shallowmodel: f1_score:   0.737
01/29/2018 20:21:31 [INFO] exp_shallowmodel: classification report:
01/29/2018 20:21:31 [INFO] exp_shallowmodel:              precision    recall  f1-score   support

          A       0.62      0.50      0.55        16
          C       0.77      0.81      0.79       169
          F       0.89      0.91      0.90       271
          R       0.75      0.67      0.71       130

avg / total       0.81      0.82      0.82       586

01/29/2018 20:21:31 [INFO] exp_shallowmodel: confusion matrix:
01/29/2018 20:21:31 [INFO] exp_shallowmodel: 
[[  8   0   7   1]
 [  4 137   9  19]
 [  1  14 247   9]
 [  0  28  15  87]]
01/29/2018 20:21:31 [INFO] exp_shallowmodel: ******************** dstc2 - Round 20 
01/29/2018 20:21:31 [INFO] exp_shallowmodel: #(data) = 4583
01/29/2018 20:21:31 [INFO] exp_shallowmodel: #(feature) = 258
01/29/2018 20:21:31 [INFO] exp_shallowmodel: ================================================================================
01/29/2018 20:21:31 [INFO] exp_shallowmodel: LR.pen=l1.C=1.000000
01/29/2018 20:21:31 [INFO] exp_shallowmodel: ________________________________________________________________________________
01/29/2018 20:21:31 [INFO] exp_shallowmodel: Training: 
01/29/2018 20:21:31 [INFO] exp_shallowmodel: LogisticRegression(C=1, class_weight=None, dual=False, fit_intercept=True,
          intercept_scaling=1, max_iter=100, multi_class='ovr', n_jobs=1,
          penalty='l1', random_state=None, solver='liblinear', tol=0.0001,
          verbose=0, warm_start=False)
01/29/2018 20:21:33 [INFO] exp_shallowmodel: train time: 2.206s
01/29/2018 20:21:33 [INFO] exp_shallowmodel: test time:  0.000s
01/29/2018 20:21:33 [INFO] exp_shallowmodel: accuracy:   0.818
01/29/2018 20:21:33 [INFO] exp_shallowmodel: f1_score:   0.733
01/29/2018 20:21:33 [INFO] exp_shallowmodel: classification report:
01/29/2018 20:21:33 [INFO] exp_shallowmodel:              precision    recall  f1-score   support

          A       0.75      0.43      0.55        14
          C       0.78      0.79      0.78       164
          F       0.87      0.93      0.90       268
          R       0.74      0.67      0.71       125

avg / total       0.81      0.82      0.81       571

01/29/2018 20:21:33 [INFO] exp_shallowmodel: confusion matrix:
01/29/2018 20:21:33 [INFO] exp_shallowmodel: 
[[  6   1   5   2]
 [  2 129  11  22]
 [  0  15 248   5]
 [  0  21  20  84]]
01/29/2018 20:21:33 [INFO] exp_shallowmodel: ******************** dstc2 - Round 21 
01/29/2018 20:21:33 [INFO] exp_shallowmodel: #(data) = 4583
01/29/2018 20:21:33 [INFO] exp_shallowmodel: #(feature) = 258
01/29/2018 20:21:33 [INFO] exp_shallowmodel: ================================================================================
01/29/2018 20:21:33 [INFO] exp_shallowmodel: LR.pen=l1.C=1.000000
01/29/2018 20:21:33 [INFO] exp_shallowmodel: ________________________________________________________________________________
01/29/2018 20:21:33 [INFO] exp_shallowmodel: Training: 
01/29/2018 20:21:33 [INFO] exp_shallowmodel: LogisticRegression(C=1, class_weight=None, dual=False, fit_intercept=True,
          intercept_scaling=1, max_iter=100, multi_class='ovr', n_jobs=1,
          penalty='l1', random_state=None, solver='liblinear', tol=0.0001,
          verbose=0, warm_start=False)
01/29/2018 20:21:36 [INFO] exp_shallowmodel: train time: 2.259s
01/29/2018 20:21:36 [INFO] exp_shallowmodel: test time:  0.000s
01/29/2018 20:21:36 [INFO] exp_shallowmodel: accuracy:   0.816
01/29/2018 20:21:36 [INFO] exp_shallowmodel: f1_score:   0.646
01/29/2018 20:21:36 [INFO] exp_shallowmodel: classification report:
01/29/2018 20:21:36 [INFO] exp_shallowmodel:              precision    recall  f1-score   support

          A       0.33      0.14      0.20        14
          C       0.75      0.80      0.77       164
          F       0.90      0.94      0.92       268
          R       0.74      0.65      0.69       125

avg / total       0.81      0.82      0.81       571

01/29/2018 20:21:36 [INFO] exp_shallowmodel: confusion matrix:
01/29/2018 20:21:36 [INFO] exp_shallowmodel: 
[[  2   4   5   3]
 [  0 131  12  21]
 [  1  11 252   4]
 [  3  29  12  81]]
01/29/2018 20:21:36 [INFO] exp_shallowmodel: ******************** dstc2 - Round 22 
01/29/2018 20:21:36 [INFO] exp_shallowmodel: #(data) = 4583
01/29/2018 20:21:36 [INFO] exp_shallowmodel: #(feature) = 258
01/29/2018 20:21:36 [INFO] exp_shallowmodel: ================================================================================
01/29/2018 20:21:36 [INFO] exp_shallowmodel: LR.pen=l1.C=1.000000
01/29/2018 20:21:36 [INFO] exp_shallowmodel: ________________________________________________________________________________
01/29/2018 20:21:36 [INFO] exp_shallowmodel: Training: 
01/29/2018 20:21:36 [INFO] exp_shallowmodel: LogisticRegression(C=1, class_weight=None, dual=False, fit_intercept=True,
          intercept_scaling=1, max_iter=100, multi_class='ovr', n_jobs=1,
          penalty='l1', random_state=None, solver='liblinear', tol=0.0001,
          verbose=0, warm_start=False)
01/29/2018 20:21:38 [INFO] exp_shallowmodel: train time: 2.583s
01/29/2018 20:21:38 [INFO] exp_shallowmodel: test time:  0.000s
01/29/2018 20:21:38 [INFO] exp_shallowmodel: accuracy:   0.823
01/29/2018 20:21:38 [INFO] exp_shallowmodel: f1_score:   0.671
01/29/2018 20:21:38 [INFO] exp_shallowmodel: classification report:
01/29/2018 20:21:38 [INFO] exp_shallowmodel:              precision    recall  f1-score   support

          A       0.38      0.21      0.27        14
          C       0.76      0.80      0.78       164
          F       0.89      0.94      0.92       268
          R       0.78      0.66      0.72       125

avg / total       0.82      0.82      0.82       571

01/29/2018 20:21:38 [INFO] exp_shallowmodel: confusion matrix:
01/29/2018 20:21:38 [INFO] exp_shallowmodel: 
[[  3   2   7   2]
 [  3 131  13  17]
 [  0  11 253   4]
 [  2  29  11  83]]
01/29/2018 20:21:38 [INFO] exp_shallowmodel: ******************** dstc2 - Round 23 
01/29/2018 20:21:38 [INFO] exp_shallowmodel: #(data) = 4583
01/29/2018 20:21:38 [INFO] exp_shallowmodel: #(feature) = 258
01/29/2018 20:21:38 [INFO] exp_shallowmodel: ================================================================================
01/29/2018 20:21:38 [INFO] exp_shallowmodel: LR.pen=l1.C=1.000000
01/29/2018 20:21:38 [INFO] exp_shallowmodel: ________________________________________________________________________________
01/29/2018 20:21:38 [INFO] exp_shallowmodel: Training: 
01/29/2018 20:21:38 [INFO] exp_shallowmodel: LogisticRegression(C=1, class_weight=None, dual=False, fit_intercept=True,
          intercept_scaling=1, max_iter=100, multi_class='ovr', n_jobs=1,
          penalty='l1', random_state=None, solver='liblinear', tol=0.0001,
          verbose=0, warm_start=False)
01/29/2018 20:21:41 [INFO] exp_shallowmodel: train time: 2.419s
01/29/2018 20:21:41 [INFO] exp_shallowmodel: test time:  0.000s
01/29/2018 20:21:41 [INFO] exp_shallowmodel: accuracy:   0.813
01/29/2018 20:21:41 [INFO] exp_shallowmodel: f1_score:   0.696
01/29/2018 20:21:41 [INFO] exp_shallowmodel: classification report:
01/29/2018 20:21:41 [INFO] exp_shallowmodel:              precision    recall  f1-score   support

          A       0.67      0.29      0.40        14
          C       0.76      0.76      0.76       164
          F       0.89      0.91      0.90       268
          R       0.72      0.74      0.73       125

avg / total       0.81      0.81      0.81       571

01/29/2018 20:21:41 [INFO] exp_shallowmodel: confusion matrix:
01/29/2018 20:21:41 [INFO] exp_shallowmodel: 
[[  4   0   8   2]
 [  1 124  11  28]
 [  0  18 244   6]
 [  1  22  10  92]]
01/29/2018 20:21:41 [INFO] exp_shallowmodel: ******************** dstc2 - Round 24 
01/29/2018 20:21:41 [INFO] exp_shallowmodel: #(data) = 4583
01/29/2018 20:21:41 [INFO] exp_shallowmodel: #(feature) = 258
01/29/2018 20:21:41 [INFO] exp_shallowmodel: ================================================================================
01/29/2018 20:21:41 [INFO] exp_shallowmodel: LR.pen=l1.C=1.000000
01/29/2018 20:21:41 [INFO] exp_shallowmodel: ________________________________________________________________________________
01/29/2018 20:21:41 [INFO] exp_shallowmodel: Training: 
01/29/2018 20:21:41 [INFO] exp_shallowmodel: LogisticRegression(C=1, class_weight=None, dual=False, fit_intercept=True,
          intercept_scaling=1, max_iter=100, multi_class='ovr', n_jobs=1,
          penalty='l1', random_state=None, solver='liblinear', tol=0.0001,
          verbose=0, warm_start=False)
01/29/2018 20:21:43 [INFO] exp_shallowmodel: train time: 2.382s
01/29/2018 20:21:43 [INFO] exp_shallowmodel: test time:  0.000s
01/29/2018 20:21:43 [INFO] exp_shallowmodel: accuracy:   0.790
01/29/2018 20:21:43 [INFO] exp_shallowmodel: f1_score:   0.676
01/29/2018 20:21:43 [INFO] exp_shallowmodel: classification report:
01/29/2018 20:21:43 [INFO] exp_shallowmodel:              precision    recall  f1-score   support

          A       0.67      0.29      0.40        14
          C       0.73      0.71      0.72       164
          F       0.86      0.91      0.88       268
          R       0.71      0.68      0.70       125

avg / total       0.78      0.79      0.78       571

01/29/2018 20:21:43 [INFO] exp_shallowmodel: confusion matrix:
01/29/2018 20:21:43 [INFO] exp_shallowmodel: 
[[  4   2   8   0]
 [  0 117  19  28]
 [  0  17 245   6]
 [  2  24  14  85]]
01/29/2018 20:21:43 [INFO] exp_shallowmodel: ******************** dstc2 - Round 25 
01/29/2018 20:21:43 [INFO] exp_shallowmodel: #(data) = 4583
01/29/2018 20:21:43 [INFO] exp_shallowmodel: #(feature) = 258
01/29/2018 20:21:43 [INFO] exp_shallowmodel: ================================================================================
01/29/2018 20:21:43 [INFO] exp_shallowmodel: LR.pen=l1.C=1.000000
01/29/2018 20:21:43 [INFO] exp_shallowmodel: ________________________________________________________________________________
01/29/2018 20:21:43 [INFO] exp_shallowmodel: Training: 
01/29/2018 20:21:43 [INFO] exp_shallowmodel: LogisticRegression(C=1, class_weight=None, dual=False, fit_intercept=True,
          intercept_scaling=1, max_iter=100, multi_class='ovr', n_jobs=1,
          penalty='l1', random_state=None, solver='liblinear', tol=0.0001,
          verbose=0, warm_start=False)
01/29/2018 20:21:46 [INFO] exp_shallowmodel: train time: 2.274s
01/29/2018 20:21:46 [INFO] exp_shallowmodel: test time:  0.000s
01/29/2018 20:21:46 [INFO] exp_shallowmodel: accuracy:   0.842
01/29/2018 20:21:46 [INFO] exp_shallowmodel: f1_score:   0.655
01/29/2018 20:21:46 [INFO] exp_shallowmodel: classification report:
01/29/2018 20:21:46 [INFO] exp_shallowmodel:              precision    recall  f1-score   support

          A       0.33      0.07      0.12        14
          C       0.81      0.82      0.82       164
          F       0.89      0.93      0.91       268
          R       0.79      0.76      0.78       125

avg / total       0.83      0.84      0.83       571

01/29/2018 20:21:46 [INFO] exp_shallowmodel: confusion matrix:
01/29/2018 20:21:46 [INFO] exp_shallowmodel: 
[[  1   5   6   2]
 [  0 135  13  16]
 [  2   9 250   7]
 [  0  17  13  95]]
01/29/2018 20:21:46 [INFO] exp_shallowmodel: ******************** dstc2 - Round 26 
01/29/2018 20:21:46 [INFO] exp_shallowmodel: #(data) = 4583
01/29/2018 20:21:46 [INFO] exp_shallowmodel: #(feature) = 258
01/29/2018 20:21:46 [INFO] exp_shallowmodel: ================================================================================
01/29/2018 20:21:46 [INFO] exp_shallowmodel: LR.pen=l1.C=1.000000
01/29/2018 20:21:46 [INFO] exp_shallowmodel: ________________________________________________________________________________
01/29/2018 20:21:46 [INFO] exp_shallowmodel: Training: 
01/29/2018 20:21:46 [INFO] exp_shallowmodel: LogisticRegression(C=1, class_weight=None, dual=False, fit_intercept=True,
          intercept_scaling=1, max_iter=100, multi_class='ovr', n_jobs=1,
          penalty='l1', random_state=None, solver='liblinear', tol=0.0001,
          verbose=0, warm_start=False)
01/29/2018 20:21:48 [INFO] exp_shallowmodel: train time: 2.151s
01/29/2018 20:21:48 [INFO] exp_shallowmodel: test time:  0.000s
01/29/2018 20:21:48 [INFO] exp_shallowmodel: accuracy:   0.828
01/29/2018 20:21:48 [INFO] exp_shallowmodel: f1_score:   0.692
01/29/2018 20:21:48 [INFO] exp_shallowmodel: classification report:
01/29/2018 20:21:48 [INFO] exp_shallowmodel:              precision    recall  f1-score   support

          A       1.00      0.21      0.35        14
          C       0.78      0.84      0.81       164
          F       0.89      0.94      0.91       268
          R       0.75      0.65      0.70       125

avg / total       0.83      0.83      0.82       571

01/29/2018 20:21:48 [INFO] exp_shallowmodel: confusion matrix:
01/29/2018 20:21:48 [INFO] exp_shallowmodel: 
[[  3   0  10   1]
 [  0 138   8  18]
 [  0   9 251   8]
 [  0  30  14  81]]
01/29/2018 20:21:48 [INFO] exp_shallowmodel: ******************** dstc2 - Round 27 
01/29/2018 20:21:48 [INFO] exp_shallowmodel: #(data) = 4583
01/29/2018 20:21:48 [INFO] exp_shallowmodel: #(feature) = 258
01/29/2018 20:21:48 [INFO] exp_shallowmodel: ================================================================================
01/29/2018 20:21:48 [INFO] exp_shallowmodel: LR.pen=l1.C=1.000000
01/29/2018 20:21:48 [INFO] exp_shallowmodel: ________________________________________________________________________________
01/29/2018 20:21:48 [INFO] exp_shallowmodel: Training: 
01/29/2018 20:21:48 [INFO] exp_shallowmodel: LogisticRegression(C=1, class_weight=None, dual=False, fit_intercept=True,
          intercept_scaling=1, max_iter=100, multi_class='ovr', n_jobs=1,
          penalty='l1', random_state=None, solver='liblinear', tol=0.0001,
          verbose=0, warm_start=False)
01/29/2018 20:21:50 [INFO] exp_shallowmodel: train time: 2.000s
01/29/2018 20:21:50 [INFO] exp_shallowmodel: test time:  0.000s
01/29/2018 20:21:50 [INFO] exp_shallowmodel: accuracy:   0.814
01/29/2018 20:21:50 [INFO] exp_shallowmodel: f1_score:   0.729
01/29/2018 20:21:50 [INFO] exp_shallowmodel: classification report:
01/29/2018 20:21:50 [INFO] exp_shallowmodel:              precision    recall  f1-score   support

          A       0.75      0.43      0.55        14
          C       0.75      0.76      0.76       164
          F       0.90      0.93      0.91       268
          R       0.72      0.69      0.70       125

avg / total       0.81      0.81      0.81       571

01/29/2018 20:21:50 [INFO] exp_shallowmodel: confusion matrix:
01/29/2018 20:21:50 [INFO] exp_shallowmodel: 
[[  6   2   5   1]
 [  0 125  13  26]
 [  1  12 248   7]
 [  1  28  10  86]]
01/29/2018 20:21:50 [INFO] exp_shallowmodel: ******************** dstc2 - Round 28 
01/29/2018 20:21:50 [INFO] exp_shallowmodel: #(data) = 4583
01/29/2018 20:21:50 [INFO] exp_shallowmodel: #(feature) = 258
01/29/2018 20:21:50 [INFO] exp_shallowmodel: ================================================================================
01/29/2018 20:21:50 [INFO] exp_shallowmodel: LR.pen=l1.C=1.000000
01/29/2018 20:21:50 [INFO] exp_shallowmodel: ________________________________________________________________________________
01/29/2018 20:21:50 [INFO] exp_shallowmodel: Training: 
01/29/2018 20:21:50 [INFO] exp_shallowmodel: LogisticRegression(C=1, class_weight=None, dual=False, fit_intercept=True,
          intercept_scaling=1, max_iter=100, multi_class='ovr', n_jobs=1,
          penalty='l1', random_state=None, solver='liblinear', tol=0.0001,
          verbose=0, warm_start=False)
01/29/2018 20:21:52 [INFO] exp_shallowmodel: train time: 2.136s
01/29/2018 20:21:52 [INFO] exp_shallowmodel: test time:  0.000s
01/29/2018 20:21:52 [INFO] exp_shallowmodel: accuracy:   0.811
01/29/2018 20:21:52 [INFO] exp_shallowmodel: f1_score:   0.689
01/29/2018 20:21:52 [INFO] exp_shallowmodel: classification report:
01/29/2018 20:21:52 [INFO] exp_shallowmodel:              precision    recall  f1-score   support

          A       0.57      0.29      0.38        14
          C       0.75      0.79      0.77       164
          F       0.90      0.91      0.90       268
          R       0.72      0.70      0.71       125

avg / total       0.81      0.81      0.81       571

01/29/2018 20:21:52 [INFO] exp_shallowmodel: confusion matrix:
01/29/2018 20:21:52 [INFO] exp_shallowmodel: 
[[  4   0   8   2]
 [  2 129  10  23]
 [  1  15 243   9]
 [  0  29   9  87]]
01/29/2018 20:21:52 [INFO] exp_shallowmodel: ******************** dstc2 - Round 29 
01/29/2018 20:21:52 [INFO] exp_shallowmodel: #(data) = 4568
01/29/2018 20:21:52 [INFO] exp_shallowmodel: #(feature) = 258
01/29/2018 20:21:52 [INFO] exp_shallowmodel: ================================================================================
01/29/2018 20:21:52 [INFO] exp_shallowmodel: LR.pen=l1.C=1.000000
01/29/2018 20:21:52 [INFO] exp_shallowmodel: ________________________________________________________________________________
01/29/2018 20:21:52 [INFO] exp_shallowmodel: Training: 
01/29/2018 20:21:52 [INFO] exp_shallowmodel: LogisticRegression(C=1, class_weight=None, dual=False, fit_intercept=True,
          intercept_scaling=1, max_iter=100, multi_class='ovr', n_jobs=1,
          penalty='l1', random_state=None, solver='liblinear', tol=0.0001,
          verbose=0, warm_start=False)
01/29/2018 20:21:54 [INFO] exp_shallowmodel: train time: 2.167s
01/29/2018 20:21:54 [INFO] exp_shallowmodel: test time:  0.000s
01/29/2018 20:21:54 [INFO] exp_shallowmodel: accuracy:   0.812
01/29/2018 20:21:54 [INFO] exp_shallowmodel: f1_score:   0.683
01/29/2018 20:21:54 [INFO] exp_shallowmodel: classification report:
01/29/2018 20:21:54 [INFO] exp_shallowmodel:              precision    recall  f1-score   support

          A       0.57      0.25      0.35        16
          C       0.77      0.83      0.80       169
          F       0.87      0.91      0.89       271
          R       0.75      0.65      0.69       130

avg / total       0.81      0.81      0.81       586

01/29/2018 20:21:54 [INFO] exp_shallowmodel: confusion matrix:
01/29/2018 20:21:54 [INFO] exp_shallowmodel: 
[[  4   2  10   0]
 [  1 141  11  16]
 [  0  12 247  12]
 [  2  29  15  84]]
01/29/2018 20:21:54 [INFO] exp_shallowmodel: ******************** dstc2 - Round 30 
01/29/2018 20:21:54 [INFO] exp_shallowmodel: #(data) = 4583
01/29/2018 20:21:54 [INFO] exp_shallowmodel: #(feature) = 258
01/29/2018 20:21:54 [INFO] exp_shallowmodel: ================================================================================
01/29/2018 20:21:54 [INFO] exp_shallowmodel: LR.pen=l1.C=1.000000
01/29/2018 20:21:54 [INFO] exp_shallowmodel: ________________________________________________________________________________
01/29/2018 20:21:54 [INFO] exp_shallowmodel: Training: 
01/29/2018 20:21:54 [INFO] exp_shallowmodel: LogisticRegression(C=1, class_weight=None, dual=False, fit_intercept=True,
          intercept_scaling=1, max_iter=100, multi_class='ovr', n_jobs=1,
          penalty='l1', random_state=None, solver='liblinear', tol=0.0001,
          verbose=0, warm_start=False)
01/29/2018 20:21:56 [INFO] exp_shallowmodel: train time: 2.129s
01/29/2018 20:21:56 [INFO] exp_shallowmodel: test time:  0.000s
01/29/2018 20:21:56 [INFO] exp_shallowmodel: accuracy:   0.818
01/29/2018 20:21:56 [INFO] exp_shallowmodel: f1_score:   0.671
01/29/2018 20:21:56 [INFO] exp_shallowmodel: classification report:
01/29/2018 20:21:56 [INFO] exp_shallowmodel:              precision    recall  f1-score   support

          A       0.50      0.21      0.30        14
          C       0.74      0.82      0.78       164
          F       0.90      0.93      0.92       268
          R       0.74      0.64      0.69       125

avg / total       0.81      0.82      0.81       571

01/29/2018 20:21:56 [INFO] exp_shallowmodel: confusion matrix:
01/29/2018 20:21:56 [INFO] exp_shallowmodel: 
[[  3   2   7   2]
 [  0 134  12  18]
 [  0  10 250   8]
 [  3  34   8  80]]
01/29/2018 20:21:56 [INFO] exp_shallowmodel: ******************** dstc2 - Round 31 
01/29/2018 20:21:56 [INFO] exp_shallowmodel: #(data) = 4583
01/29/2018 20:21:56 [INFO] exp_shallowmodel: #(feature) = 258
01/29/2018 20:21:56 [INFO] exp_shallowmodel: ================================================================================
01/29/2018 20:21:56 [INFO] exp_shallowmodel: LR.pen=l1.C=1.000000
01/29/2018 20:21:56 [INFO] exp_shallowmodel: ________________________________________________________________________________
01/29/2018 20:21:56 [INFO] exp_shallowmodel: Training: 
01/29/2018 20:21:56 [INFO] exp_shallowmodel: LogisticRegression(C=1, class_weight=None, dual=False, fit_intercept=True,
          intercept_scaling=1, max_iter=100, multi_class='ovr', n_jobs=1,
          penalty='l1', random_state=None, solver='liblinear', tol=0.0001,
          verbose=0, warm_start=False)
01/29/2018 20:21:59 [INFO] exp_shallowmodel: train time: 2.300s
01/29/2018 20:21:59 [INFO] exp_shallowmodel: test time:  0.000s
01/29/2018 20:21:59 [INFO] exp_shallowmodel: accuracy:   0.832
01/29/2018 20:21:59 [INFO] exp_shallowmodel: f1_score:   0.667
01/29/2018 20:21:59 [INFO] exp_shallowmodel: classification report:
01/29/2018 20:21:59 [INFO] exp_shallowmodel:              precision    recall  f1-score   support

          A       0.40      0.14      0.21        14
          C       0.79      0.84      0.81       164
          F       0.87      0.93      0.90       268
          R       0.81      0.69      0.74       125

avg / total       0.82      0.83      0.82       571

01/29/2018 20:21:59 [INFO] exp_shallowmodel: confusion matrix:
01/29/2018 20:21:59 [INFO] exp_shallowmodel: 
[[  2   0  10   2]
 [  1 137  11  15]
 [  1  14 250   3]
 [  1  23  15  86]]
01/29/2018 20:21:59 [INFO] exp_shallowmodel: ******************** dstc2 - Round 32 
01/29/2018 20:21:59 [INFO] exp_shallowmodel: #(data) = 4583
01/29/2018 20:21:59 [INFO] exp_shallowmodel: #(feature) = 258
01/29/2018 20:21:59 [INFO] exp_shallowmodel: ================================================================================
01/29/2018 20:21:59 [INFO] exp_shallowmodel: LR.pen=l1.C=1.000000
01/29/2018 20:21:59 [INFO] exp_shallowmodel: ________________________________________________________________________________
01/29/2018 20:21:59 [INFO] exp_shallowmodel: Training: 
01/29/2018 20:21:59 [INFO] exp_shallowmodel: LogisticRegression(C=1, class_weight=None, dual=False, fit_intercept=True,
          intercept_scaling=1, max_iter=100, multi_class='ovr', n_jobs=1,
          penalty='l1', random_state=None, solver='liblinear', tol=0.0001,
          verbose=0, warm_start=False)
01/29/2018 20:22:01 [INFO] exp_shallowmodel: train time: 2.114s
01/29/2018 20:22:01 [INFO] exp_shallowmodel: test time:  0.000s
01/29/2018 20:22:01 [INFO] exp_shallowmodel: accuracy:   0.795
01/29/2018 20:22:01 [INFO] exp_shallowmodel: f1_score:   0.689
01/29/2018 20:22:01 [INFO] exp_shallowmodel: classification report:
01/29/2018 20:22:01 [INFO] exp_shallowmodel:              precision    recall  f1-score   support

          A       0.46      0.43      0.44        14
          C       0.73      0.76      0.74       164
          F       0.87      0.92      0.89       268
          R       0.73      0.62      0.67       125

avg / total       0.79      0.80      0.79       571

01/29/2018 20:22:01 [INFO] exp_shallowmodel: confusion matrix:
01/29/2018 20:22:01 [INFO] exp_shallowmodel: 
[[  6   2   4   2]
 [  3 124  14  23]
 [  3  15 246   4]
 [  1  28  18  78]]
01/29/2018 20:22:01 [INFO] exp_shallowmodel: ******************** dstc2 - Round 33 
01/29/2018 20:22:01 [INFO] exp_shallowmodel: #(data) = 4583
01/29/2018 20:22:01 [INFO] exp_shallowmodel: #(feature) = 258
01/29/2018 20:22:01 [INFO] exp_shallowmodel: ================================================================================
01/29/2018 20:22:01 [INFO] exp_shallowmodel: LR.pen=l1.C=1.000000
01/29/2018 20:22:01 [INFO] exp_shallowmodel: ________________________________________________________________________________
01/29/2018 20:22:01 [INFO] exp_shallowmodel: Training: 
01/29/2018 20:22:01 [INFO] exp_shallowmodel: LogisticRegression(C=1, class_weight=None, dual=False, fit_intercept=True,
          intercept_scaling=1, max_iter=100, multi_class='ovr', n_jobs=1,
          penalty='l1', random_state=None, solver='liblinear', tol=0.0001,
          verbose=0, warm_start=False)
01/29/2018 20:22:03 [INFO] exp_shallowmodel: train time: 2.117s
01/29/2018 20:22:03 [INFO] exp_shallowmodel: test time:  0.000s
01/29/2018 20:22:03 [INFO] exp_shallowmodel: accuracy:   0.807
01/29/2018 20:22:03 [INFO] exp_shallowmodel: f1_score:   0.617
01/29/2018 20:22:03 [INFO] exp_shallowmodel: classification report:
01/29/2018 20:22:03 [INFO] exp_shallowmodel:              precision    recall  f1-score   support

          A       0.25      0.07      0.11        14
          C       0.76      0.72      0.74       164
          F       0.88      0.95      0.92       268
          R       0.71      0.70      0.70       125

avg / total       0.79      0.81      0.80       571

01/29/2018 20:22:03 [INFO] exp_shallowmodel: confusion matrix:
01/29/2018 20:22:03 [INFO] exp_shallowmodel: 
[[  1   7   4   2]
 [  1 118  14  31]
 [  2   8 255   3]
 [  0  22  16  87]]
01/29/2018 20:22:03 [INFO] exp_shallowmodel: ******************** dstc2 - Round 34 
01/29/2018 20:22:03 [INFO] exp_shallowmodel: #(data) = 4583
01/29/2018 20:22:03 [INFO] exp_shallowmodel: #(feature) = 258
01/29/2018 20:22:03 [INFO] exp_shallowmodel: ================================================================================
01/29/2018 20:22:03 [INFO] exp_shallowmodel: LR.pen=l1.C=1.000000
01/29/2018 20:22:03 [INFO] exp_shallowmodel: ________________________________________________________________________________
01/29/2018 20:22:03 [INFO] exp_shallowmodel: Training: 
01/29/2018 20:22:03 [INFO] exp_shallowmodel: LogisticRegression(C=1, class_weight=None, dual=False, fit_intercept=True,
          intercept_scaling=1, max_iter=100, multi_class='ovr', n_jobs=1,
          penalty='l1', random_state=None, solver='liblinear', tol=0.0001,
          verbose=0, warm_start=False)
01/29/2018 20:22:05 [INFO] exp_shallowmodel: train time: 2.076s
01/29/2018 20:22:05 [INFO] exp_shallowmodel: test time:  0.000s
01/29/2018 20:22:05 [INFO] exp_shallowmodel: accuracy:   0.823
01/29/2018 20:22:05 [INFO] exp_shallowmodel: f1_score:   0.722
01/29/2018 20:22:05 [INFO] exp_shallowmodel: classification report:
01/29/2018 20:22:05 [INFO] exp_shallowmodel:              precision    recall  f1-score   support

          A       0.71      0.36      0.48        14
          C       0.78      0.76      0.77       164
          F       0.87      0.94      0.90       268
          R       0.79      0.70      0.74       125

avg / total       0.82      0.82      0.82       571

01/29/2018 20:22:05 [INFO] exp_shallowmodel: confusion matrix:
01/29/2018 20:22:05 [INFO] exp_shallowmodel: 
[[  5   0   8   1]
 [  1 124  21  18]
 [  0  10 253   5]
 [  1  26  10  88]]
01/29/2018 20:22:05 [INFO] exp_shallowmodel: ******************** dstc2 - Round 35 
01/29/2018 20:22:05 [INFO] exp_shallowmodel: #(data) = 4583
01/29/2018 20:22:05 [INFO] exp_shallowmodel: #(feature) = 258
01/29/2018 20:22:05 [INFO] exp_shallowmodel: ================================================================================
01/29/2018 20:22:05 [INFO] exp_shallowmodel: LR.pen=l1.C=1.000000
01/29/2018 20:22:05 [INFO] exp_shallowmodel: ________________________________________________________________________________
01/29/2018 20:22:05 [INFO] exp_shallowmodel: Training: 
01/29/2018 20:22:05 [INFO] exp_shallowmodel: LogisticRegression(C=1, class_weight=None, dual=False, fit_intercept=True,
          intercept_scaling=1, max_iter=100, multi_class='ovr', n_jobs=1,
          penalty='l1', random_state=None, solver='liblinear', tol=0.0001,
          verbose=0, warm_start=False)
01/29/2018 20:22:07 [INFO] exp_shallowmodel: train time: 2.269s
01/29/2018 20:22:07 [INFO] exp_shallowmodel: test time:  0.000s
01/29/2018 20:22:07 [INFO] exp_shallowmodel: accuracy:   0.827
01/29/2018 20:22:07 [INFO] exp_shallowmodel: f1_score:   0.693
01/29/2018 20:22:07 [INFO] exp_shallowmodel: classification report:
01/29/2018 20:22:07 [INFO] exp_shallowmodel:              precision    recall  f1-score   support

          A       0.75      0.21      0.33        14
          C       0.77      0.77      0.77       164
          F       0.87      0.93      0.90       268
          R       0.79      0.74      0.77       125

avg / total       0.82      0.83      0.82       571

01/29/2018 20:22:07 [INFO] exp_shallowmodel: confusion matrix:
01/29/2018 20:22:07 [INFO] exp_shallowmodel: 
[[  3   2   8   1]
 [  0 126  18  20]
 [  1  13 250   4]
 [  0  22  10  93]]
01/29/2018 20:22:07 [INFO] exp_shallowmodel: ******************** dstc2 - Round 36 
01/29/2018 20:22:07 [INFO] exp_shallowmodel: #(data) = 4583
01/29/2018 20:22:07 [INFO] exp_shallowmodel: #(feature) = 258
01/29/2018 20:22:07 [INFO] exp_shallowmodel: ================================================================================
01/29/2018 20:22:07 [INFO] exp_shallowmodel: LR.pen=l1.C=1.000000
01/29/2018 20:22:07 [INFO] exp_shallowmodel: ________________________________________________________________________________
01/29/2018 20:22:07 [INFO] exp_shallowmodel: Training: 
01/29/2018 20:22:07 [INFO] exp_shallowmodel: LogisticRegression(C=1, class_weight=None, dual=False, fit_intercept=True,
          intercept_scaling=1, max_iter=100, multi_class='ovr', n_jobs=1,
          penalty='l1', random_state=None, solver='liblinear', tol=0.0001,
          verbose=0, warm_start=False)
01/29/2018 20:22:10 [INFO] exp_shallowmodel: train time: 2.210s
01/29/2018 20:22:10 [INFO] exp_shallowmodel: test time:  0.000s
01/29/2018 20:22:10 [INFO] exp_shallowmodel: accuracy:   0.809
01/29/2018 20:22:10 [INFO] exp_shallowmodel: f1_score:   0.667
01/29/2018 20:22:10 [INFO] exp_shallowmodel: classification report:
01/29/2018 20:22:10 [INFO] exp_shallowmodel:              precision    recall  f1-score   support

          A       0.43      0.21      0.29        14
          C       0.77      0.79      0.78       164
          F       0.88      0.90      0.89       268
          R       0.72      0.70      0.71       125

avg / total       0.80      0.81      0.81       571

01/29/2018 20:22:10 [INFO] exp_shallowmodel: confusion matrix:
01/29/2018 20:22:10 [INFO] exp_shallowmodel: 
[[  3   2   8   1]
 [  1 129  12  22]
 [  0  15 242  11]
 [  3  22  12  88]]
01/29/2018 20:22:10 [INFO] exp_shallowmodel: ******************** dstc2 - Round 37 
01/29/2018 20:22:10 [INFO] exp_shallowmodel: #(data) = 4583
01/29/2018 20:22:10 [INFO] exp_shallowmodel: #(feature) = 258
01/29/2018 20:22:10 [INFO] exp_shallowmodel: ================================================================================
01/29/2018 20:22:10 [INFO] exp_shallowmodel: LR.pen=l1.C=1.000000
01/29/2018 20:22:10 [INFO] exp_shallowmodel: ________________________________________________________________________________
01/29/2018 20:22:10 [INFO] exp_shallowmodel: Training: 
01/29/2018 20:22:10 [INFO] exp_shallowmodel: LogisticRegression(C=1, class_weight=None, dual=False, fit_intercept=True,
          intercept_scaling=1, max_iter=100, multi_class='ovr', n_jobs=1,
          penalty='l1', random_state=None, solver='liblinear', tol=0.0001,
          verbose=0, warm_start=False)
01/29/2018 20:22:12 [INFO] exp_shallowmodel: train time: 2.440s
01/29/2018 20:22:12 [INFO] exp_shallowmodel: test time:  0.000s
01/29/2018 20:22:12 [INFO] exp_shallowmodel: accuracy:   0.821
01/29/2018 20:22:12 [INFO] exp_shallowmodel: f1_score:   0.734
01/29/2018 20:22:12 [INFO] exp_shallowmodel: classification report:
01/29/2018 20:22:12 [INFO] exp_shallowmodel:              precision    recall  f1-score   support

          A       0.58      0.50      0.54        14
          C       0.81      0.76      0.79       164
          F       0.87      0.94      0.90       268
          R       0.73      0.69      0.71       125

avg / total       0.82      0.82      0.82       571

01/29/2018 20:22:12 [INFO] exp_shallowmodel: confusion matrix:
01/29/2018 20:22:12 [INFO] exp_shallowmodel: 
[[  7   0   7   0]
 [  3 125  13  23]
 [  0   8 251   9]
 [  2  21  16  86]]
01/29/2018 20:22:12 [INFO] exp_shallowmodel: ******************** dstc2 - Round 38 
01/29/2018 20:22:12 [INFO] exp_shallowmodel: #(data) = 4583
01/29/2018 20:22:12 [INFO] exp_shallowmodel: #(feature) = 258
01/29/2018 20:22:12 [INFO] exp_shallowmodel: ================================================================================
01/29/2018 20:22:12 [INFO] exp_shallowmodel: LR.pen=l1.C=1.000000
01/29/2018 20:22:12 [INFO] exp_shallowmodel: ________________________________________________________________________________
01/29/2018 20:22:12 [INFO] exp_shallowmodel: Training: 
01/29/2018 20:22:12 [INFO] exp_shallowmodel: LogisticRegression(C=1, class_weight=None, dual=False, fit_intercept=True,
          intercept_scaling=1, max_iter=100, multi_class='ovr', n_jobs=1,
          penalty='l1', random_state=None, solver='liblinear', tol=0.0001,
          verbose=0, warm_start=False)
01/29/2018 20:22:14 [INFO] exp_shallowmodel: train time: 1.937s
01/29/2018 20:22:14 [INFO] exp_shallowmodel: test time:  0.000s
01/29/2018 20:22:14 [INFO] exp_shallowmodel: accuracy:   0.825
01/29/2018 20:22:14 [INFO] exp_shallowmodel: f1_score:   0.674
01/29/2018 20:22:14 [INFO] exp_shallowmodel: classification report:
01/29/2018 20:22:14 [INFO] exp_shallowmodel:              precision    recall  f1-score   support

          A       0.38      0.21      0.27        14
          C       0.79      0.78      0.79       164
          F       0.91      0.93      0.92       268
          R       0.72      0.72      0.72       125

avg / total       0.82      0.82      0.82       571

01/29/2018 20:22:14 [INFO] exp_shallowmodel: confusion matrix:
01/29/2018 20:22:14 [INFO] exp_shallowmodel: 
[[  3   2   6   3]
 [  3 128   9  24]
 [  0  10 250   8]
 [  2  22  11  90]]
01/29/2018 20:22:14 [INFO] exp_shallowmodel: ******************** dstc2 - Round 39 
01/29/2018 20:22:14 [INFO] exp_shallowmodel: #(data) = 4568
01/29/2018 20:22:14 [INFO] exp_shallowmodel: #(feature) = 258
01/29/2018 20:22:14 [INFO] exp_shallowmodel: ================================================================================
01/29/2018 20:22:14 [INFO] exp_shallowmodel: LR.pen=l1.C=1.000000
01/29/2018 20:22:14 [INFO] exp_shallowmodel: ________________________________________________________________________________
01/29/2018 20:22:14 [INFO] exp_shallowmodel: Training: 
01/29/2018 20:22:14 [INFO] exp_shallowmodel: LogisticRegression(C=1, class_weight=None, dual=False, fit_intercept=True,
          intercept_scaling=1, max_iter=100, multi_class='ovr', n_jobs=1,
          penalty='l1', random_state=None, solver='liblinear', tol=0.0001,
          verbose=0, warm_start=False)
01/29/2018 20:22:16 [INFO] exp_shallowmodel: train time: 2.084s
01/29/2018 20:22:16 [INFO] exp_shallowmodel: test time:  0.000s
01/29/2018 20:22:16 [INFO] exp_shallowmodel: accuracy:   0.816
01/29/2018 20:22:16 [INFO] exp_shallowmodel: f1_score:   0.670
01/29/2018 20:22:16 [INFO] exp_shallowmodel: classification report:
01/29/2018 20:22:16 [INFO] exp_shallowmodel:              precision    recall  f1-score   support

          A       0.50      0.19      0.27        16
          C       0.75      0.80      0.78       169
          F       0.90      0.91      0.90       271
          R       0.74      0.71      0.72       130

avg / total       0.81      0.82      0.81       586

01/29/2018 20:22:16 [INFO] exp_shallowmodel: confusion matrix:
01/29/2018 20:22:16 [INFO] exp_shallowmodel: 
[[  3   3   7   3]
 [  2 136   7  24]
 [  1  18 247   5]
 [  0  24  14  92]]
01/29/2018 20:22:16 [INFO] exp_shallowmodel: ******************** dstc2 - Round 40 
01/29/2018 20:22:16 [INFO] exp_shallowmodel: #(data) = 4583
01/29/2018 20:22:16 [INFO] exp_shallowmodel: #(feature) = 258
01/29/2018 20:22:16 [INFO] exp_shallowmodel: ================================================================================
01/29/2018 20:22:16 [INFO] exp_shallowmodel: LR.pen=l1.C=1.000000
01/29/2018 20:22:16 [INFO] exp_shallowmodel: ________________________________________________________________________________
01/29/2018 20:22:16 [INFO] exp_shallowmodel: Training: 
01/29/2018 20:22:16 [INFO] exp_shallowmodel: LogisticRegression(C=1, class_weight=None, dual=False, fit_intercept=True,
          intercept_scaling=1, max_iter=100, multi_class='ovr', n_jobs=1,
          penalty='l1', random_state=None, solver='liblinear', tol=0.0001,
          verbose=0, warm_start=False)
01/29/2018 20:22:18 [INFO] exp_shallowmodel: train time: 2.307s
01/29/2018 20:22:18 [INFO] exp_shallowmodel: test time:  0.000s
01/29/2018 20:22:18 [INFO] exp_shallowmodel: accuracy:   0.823
01/29/2018 20:22:18 [INFO] exp_shallowmodel: f1_score:   0.693
01/29/2018 20:22:18 [INFO] exp_shallowmodel: classification report:
01/29/2018 20:22:18 [INFO] exp_shallowmodel:              precision    recall  f1-score   support

          A       0.40      0.29      0.33        14
          C       0.81      0.80      0.80       164
          F       0.88      0.91      0.89       268
          R       0.75      0.73      0.74       125

avg / total       0.82      0.82      0.82       571

01/29/2018 20:22:18 [INFO] exp_shallowmodel: confusion matrix:
01/29/2018 20:22:18 [INFO] exp_shallowmodel: 
[[  4   3   5   2]
 [  1 131  13  19]
 [  2  13 244   9]
 [  3  15  16  91]]
01/29/2018 20:22:18 [INFO] exp_shallowmodel: ******************** dstc2 - Round 41 
01/29/2018 20:22:18 [INFO] exp_shallowmodel: #(data) = 4583
01/29/2018 20:22:18 [INFO] exp_shallowmodel: #(feature) = 258
01/29/2018 20:22:18 [INFO] exp_shallowmodel: ================================================================================
01/29/2018 20:22:18 [INFO] exp_shallowmodel: LR.pen=l1.C=1.000000
01/29/2018 20:22:18 [INFO] exp_shallowmodel: ________________________________________________________________________________
01/29/2018 20:22:18 [INFO] exp_shallowmodel: Training: 
01/29/2018 20:22:18 [INFO] exp_shallowmodel: LogisticRegression(C=1, class_weight=None, dual=False, fit_intercept=True,
          intercept_scaling=1, max_iter=100, multi_class='ovr', n_jobs=1,
          penalty='l1', random_state=None, solver='liblinear', tol=0.0001,
          verbose=0, warm_start=False)
01/29/2018 20:22:21 [INFO] exp_shallowmodel: train time: 2.219s
01/29/2018 20:22:21 [INFO] exp_shallowmodel: test time:  0.000s
01/29/2018 20:22:21 [INFO] exp_shallowmodel: accuracy:   0.818
01/29/2018 20:22:21 [INFO] exp_shallowmodel: f1_score:   0.675
01/29/2018 20:22:21 [INFO] exp_shallowmodel: classification report:
01/29/2018 20:22:21 [INFO] exp_shallowmodel:              precision    recall  f1-score   support

          A       0.43      0.21      0.29        14
          C       0.77      0.77      0.77       164
          F       0.88      0.92      0.90       268
          R       0.75      0.74      0.74       125

avg / total       0.81      0.82      0.81       571

01/29/2018 20:22:21 [INFO] exp_shallowmodel: confusion matrix:
01/29/2018 20:22:21 [INFO] exp_shallowmodel: 
[[  3   1   8   2]
 [  1 126  13  24]
 [  2  15 246   5]
 [  1  21  11  92]]
01/29/2018 20:22:21 [INFO] exp_shallowmodel: ******************** dstc2 - Round 42 
01/29/2018 20:22:21 [INFO] exp_shallowmodel: #(data) = 4583
01/29/2018 20:22:21 [INFO] exp_shallowmodel: #(feature) = 258
01/29/2018 20:22:21 [INFO] exp_shallowmodel: ================================================================================
01/29/2018 20:22:21 [INFO] exp_shallowmodel: LR.pen=l1.C=1.000000
01/29/2018 20:22:21 [INFO] exp_shallowmodel: ________________________________________________________________________________
01/29/2018 20:22:21 [INFO] exp_shallowmodel: Training: 
01/29/2018 20:22:21 [INFO] exp_shallowmodel: LogisticRegression(C=1, class_weight=None, dual=False, fit_intercept=True,
          intercept_scaling=1, max_iter=100, multi_class='ovr', n_jobs=1,
          penalty='l1', random_state=None, solver='liblinear', tol=0.0001,
          verbose=0, warm_start=False)
01/29/2018 20:22:23 [INFO] exp_shallowmodel: train time: 2.020s
01/29/2018 20:22:23 [INFO] exp_shallowmodel: test time:  0.000s
01/29/2018 20:22:23 [INFO] exp_shallowmodel: accuracy:   0.792
01/29/2018 20:22:23 [INFO] exp_shallowmodel: f1_score:   0.606
01/29/2018 20:22:23 [INFO] exp_shallowmodel: classification report:
01/29/2018 20:22:23 [INFO] exp_shallowmodel:              precision    recall  f1-score   support

          A       0.25      0.07      0.11        14
          C       0.73      0.74      0.74       164
          F       0.87      0.92      0.89       268
          R       0.71      0.66      0.68       125

avg / total       0.78      0.79      0.78       571

01/29/2018 20:22:23 [INFO] exp_shallowmodel: confusion matrix:
01/29/2018 20:22:23 [INFO] exp_shallowmodel: 
[[  1   2   9   2]
 [  1 122  15  26]
 [  0  16 247   5]
 [  2  27  14  82]]
01/29/2018 20:22:23 [INFO] exp_shallowmodel: ******************** dstc2 - Round 43 
01/29/2018 20:22:23 [INFO] exp_shallowmodel: #(data) = 4583
01/29/2018 20:22:23 [INFO] exp_shallowmodel: #(feature) = 258
01/29/2018 20:22:23 [INFO] exp_shallowmodel: ================================================================================
01/29/2018 20:22:23 [INFO] exp_shallowmodel: LR.pen=l1.C=1.000000
01/29/2018 20:22:23 [INFO] exp_shallowmodel: ________________________________________________________________________________
01/29/2018 20:22:23 [INFO] exp_shallowmodel: Training: 
01/29/2018 20:22:23 [INFO] exp_shallowmodel: LogisticRegression(C=1, class_weight=None, dual=False, fit_intercept=True,
          intercept_scaling=1, max_iter=100, multi_class='ovr', n_jobs=1,
          penalty='l1', random_state=None, solver='liblinear', tol=0.0001,
          verbose=0, warm_start=False)
01/29/2018 20:22:25 [INFO] exp_shallowmodel: train time: 2.186s
01/29/2018 20:22:25 [INFO] exp_shallowmodel: test time:  0.000s
01/29/2018 20:22:25 [INFO] exp_shallowmodel: accuracy:   0.835
01/29/2018 20:22:25 [INFO] exp_shallowmodel: f1_score:   0.713
01/29/2018 20:22:25 [INFO] exp_shallowmodel: classification report:
01/29/2018 20:22:25 [INFO] exp_shallowmodel:              precision    recall  f1-score   support

          A       0.67      0.29      0.40        14
          C       0.77      0.84      0.80       164
          F       0.91      0.93      0.92       268
          R       0.78      0.70      0.74       125

avg / total       0.83      0.84      0.83       571

01/29/2018 20:22:25 [INFO] exp_shallowmodel: confusion matrix:
01/29/2018 20:22:25 [INFO] exp_shallowmodel: 
[[  4   1   8   1]
 [  0 137  10  17]
 [  0  13 249   6]
 [  2  28   8  87]]
01/29/2018 20:22:25 [INFO] exp_shallowmodel: ******************** dstc2 - Round 44 
01/29/2018 20:22:25 [INFO] exp_shallowmodel: #(data) = 4583
01/29/2018 20:22:25 [INFO] exp_shallowmodel: #(feature) = 258
01/29/2018 20:22:25 [INFO] exp_shallowmodel: ================================================================================
01/29/2018 20:22:25 [INFO] exp_shallowmodel: LR.pen=l1.C=1.000000
01/29/2018 20:22:25 [INFO] exp_shallowmodel: ________________________________________________________________________________
01/29/2018 20:22:25 [INFO] exp_shallowmodel: Training: 
01/29/2018 20:22:25 [INFO] exp_shallowmodel: LogisticRegression(C=1, class_weight=None, dual=False, fit_intercept=True,
          intercept_scaling=1, max_iter=100, multi_class='ovr', n_jobs=1,
          penalty='l1', random_state=None, solver='liblinear', tol=0.0001,
          verbose=0, warm_start=False)
01/29/2018 20:22:27 [INFO] exp_shallowmodel: train time: 2.192s
01/29/2018 20:22:27 [INFO] exp_shallowmodel: test time:  0.000s
01/29/2018 20:22:27 [INFO] exp_shallowmodel: accuracy:   0.795
01/29/2018 20:22:27 [INFO] exp_shallowmodel: f1_score:   0.581
01/29/2018 20:22:27 [INFO] exp_shallowmodel: classification report:
01/29/2018 20:22:27 [INFO] exp_shallowmodel:              precision    recall  f1-score   support

          A       0.00      0.00      0.00        14
          C       0.75      0.77      0.76       164
          F       0.86      0.93      0.89       268
          R       0.71      0.63      0.67       125

avg / total       0.78      0.80      0.79       571

01/29/2018 20:22:27 [INFO] exp_shallowmodel: confusion matrix:
01/29/2018 20:22:27 [INFO] exp_shallowmodel: 
[[  0   4   8   2]
 [  3 127  12  22]
 [  1  11 248   8]
 [  0  27  19  79]]
01/29/2018 20:22:27 [INFO] exp_shallowmodel: ******************** dstc2 - Round 45 
01/29/2018 20:22:27 [INFO] exp_shallowmodel: #(data) = 4583
01/29/2018 20:22:27 [INFO] exp_shallowmodel: #(feature) = 258
01/29/2018 20:22:27 [INFO] exp_shallowmodel: ================================================================================
01/29/2018 20:22:27 [INFO] exp_shallowmodel: LR.pen=l1.C=1.000000
01/29/2018 20:22:27 [INFO] exp_shallowmodel: ________________________________________________________________________________
01/29/2018 20:22:27 [INFO] exp_shallowmodel: Training: 
01/29/2018 20:22:27 [INFO] exp_shallowmodel: LogisticRegression(C=1, class_weight=None, dual=False, fit_intercept=True,
          intercept_scaling=1, max_iter=100, multi_class='ovr', n_jobs=1,
          penalty='l1', random_state=None, solver='liblinear', tol=0.0001,
          verbose=0, warm_start=False)
01/29/2018 20:22:30 [INFO] exp_shallowmodel: train time: 2.481s
01/29/2018 20:22:30 [INFO] exp_shallowmodel: test time:  0.000s
01/29/2018 20:22:30 [INFO] exp_shallowmodel: accuracy:   0.827
01/29/2018 20:22:30 [INFO] exp_shallowmodel: f1_score:   0.716
01/29/2018 20:22:30 [INFO] exp_shallowmodel: classification report:
01/29/2018 20:22:30 [INFO] exp_shallowmodel:              precision    recall  f1-score   support

          A       0.62      0.36      0.45        14
          C       0.78      0.79      0.78       164
          F       0.90      0.94      0.92       268
          R       0.74      0.68      0.71       125

avg / total       0.82      0.83      0.82       571

01/29/2018 20:22:30 [INFO] exp_shallowmodel: confusion matrix:
01/29/2018 20:22:30 [INFO] exp_shallowmodel: 
[[  5   4   3   2]
 [  0 129  11  24]
 [  2   9 253   4]
 [  1  24  15  85]]
01/29/2018 20:22:30 [INFO] exp_shallowmodel: ******************** dstc2 - Round 46 
01/29/2018 20:22:30 [INFO] exp_shallowmodel: #(data) = 4583
01/29/2018 20:22:30 [INFO] exp_shallowmodel: #(feature) = 258
01/29/2018 20:22:30 [INFO] exp_shallowmodel: ================================================================================
01/29/2018 20:22:30 [INFO] exp_shallowmodel: LR.pen=l1.C=1.000000
01/29/2018 20:22:30 [INFO] exp_shallowmodel: ________________________________________________________________________________
01/29/2018 20:22:30 [INFO] exp_shallowmodel: Training: 
01/29/2018 20:22:30 [INFO] exp_shallowmodel: LogisticRegression(C=1, class_weight=None, dual=False, fit_intercept=True,
          intercept_scaling=1, max_iter=100, multi_class='ovr', n_jobs=1,
          penalty='l1', random_state=None, solver='liblinear', tol=0.0001,
          verbose=0, warm_start=False)
01/29/2018 20:22:32 [INFO] exp_shallowmodel: train time: 2.363s
01/29/2018 20:22:32 [INFO] exp_shallowmodel: test time:  0.000s
01/29/2018 20:22:32 [INFO] exp_shallowmodel: accuracy:   0.818
01/29/2018 20:22:32 [INFO] exp_shallowmodel: f1_score:   0.754
01/29/2018 20:22:32 [INFO] exp_shallowmodel: classification report:
01/29/2018 20:22:32 [INFO] exp_shallowmodel:              precision    recall  f1-score   support

          A       0.88      0.50      0.64        14
          C       0.72      0.84      0.78       164
          F       0.89      0.91      0.90       268
          R       0.80      0.63      0.71       125

avg / total       0.82      0.82      0.81       571

01/29/2018 20:22:32 [INFO] exp_shallowmodel: confusion matrix:
01/29/2018 20:22:32 [INFO] exp_shallowmodel: 
[[  7   1   5   1]
 [  1 138  15  10]
 [  0  16 243   9]
 [  0  36  10  79]]
01/29/2018 20:22:32 [INFO] exp_shallowmodel: ******************** dstc2 - Round 47 
01/29/2018 20:22:32 [INFO] exp_shallowmodel: #(data) = 4583
01/29/2018 20:22:32 [INFO] exp_shallowmodel: #(feature) = 258
01/29/2018 20:22:32 [INFO] exp_shallowmodel: ================================================================================
01/29/2018 20:22:32 [INFO] exp_shallowmodel: LR.pen=l1.C=1.000000
01/29/2018 20:22:32 [INFO] exp_shallowmodel: ________________________________________________________________________________
01/29/2018 20:22:32 [INFO] exp_shallowmodel: Training: 
01/29/2018 20:22:32 [INFO] exp_shallowmodel: LogisticRegression(C=1, class_weight=None, dual=False, fit_intercept=True,
          intercept_scaling=1, max_iter=100, multi_class='ovr', n_jobs=1,
          penalty='l1', random_state=None, solver='liblinear', tol=0.0001,
          verbose=0, warm_start=False)
01/29/2018 20:22:34 [INFO] exp_shallowmodel: train time: 2.170s
01/29/2018 20:22:34 [INFO] exp_shallowmodel: test time:  0.000s
01/29/2018 20:22:34 [INFO] exp_shallowmodel: accuracy:   0.818
01/29/2018 20:22:34 [INFO] exp_shallowmodel: f1_score:   0.710
01/29/2018 20:22:34 [INFO] exp_shallowmodel: classification report:
01/29/2018 20:22:34 [INFO] exp_shallowmodel:              precision    recall  f1-score   support

          A       0.62      0.36      0.45        14
          C       0.75      0.74      0.74       164
          F       0.90      0.94      0.92       268
          R       0.73      0.71      0.72       125

avg / total       0.81      0.82      0.81       571

01/29/2018 20:22:34 [INFO] exp_shallowmodel: confusion matrix:
01/29/2018 20:22:34 [INFO] exp_shallowmodel: 
[[  5   1   7   1]
 [  1 121  14  28]
 [  1  11 252   4]
 [  1  28   7  89]]
01/29/2018 20:22:34 [INFO] exp_shallowmodel: ******************** dstc2 - Round 48 
01/29/2018 20:22:34 [INFO] exp_shallowmodel: #(data) = 4583
01/29/2018 20:22:34 [INFO] exp_shallowmodel: #(feature) = 258
01/29/2018 20:22:34 [INFO] exp_shallowmodel: ================================================================================
01/29/2018 20:22:34 [INFO] exp_shallowmodel: LR.pen=l1.C=1.000000
01/29/2018 20:22:34 [INFO] exp_shallowmodel: ________________________________________________________________________________
01/29/2018 20:22:34 [INFO] exp_shallowmodel: Training: 
01/29/2018 20:22:34 [INFO] exp_shallowmodel: LogisticRegression(C=1, class_weight=None, dual=False, fit_intercept=True,
          intercept_scaling=1, max_iter=100, multi_class='ovr', n_jobs=1,
          penalty='l1', random_state=None, solver='liblinear', tol=0.0001,
          verbose=0, warm_start=False)
01/29/2018 20:22:36 [INFO] exp_shallowmodel: train time: 2.155s
01/29/2018 20:22:36 [INFO] exp_shallowmodel: test time:  0.000s
01/29/2018 20:22:36 [INFO] exp_shallowmodel: accuracy:   0.830
01/29/2018 20:22:36 [INFO] exp_shallowmodel: f1_score:   0.707
01/29/2018 20:22:36 [INFO] exp_shallowmodel: classification report:
01/29/2018 20:22:36 [INFO] exp_shallowmodel:              precision    recall  f1-score   support

          A       0.57      0.29      0.38        14
          C       0.79      0.85      0.82       164
          F       0.90      0.91      0.90       268
          R       0.75      0.70      0.73       125

avg / total       0.83      0.83      0.83       571

01/29/2018 20:22:36 [INFO] exp_shallowmodel: confusion matrix:
01/29/2018 20:22:36 [INFO] exp_shallowmodel: 
[[  4   0   9   1]
 [  1 139   5  19]
 [  1  15 243   9]
 [  1  22  14  88]]
01/29/2018 20:22:36 [INFO] exp_shallowmodel: ******************** dstc2 - Round 49 
01/29/2018 20:22:36 [INFO] exp_shallowmodel: #(data) = 4568
01/29/2018 20:22:36 [INFO] exp_shallowmodel: #(feature) = 258
01/29/2018 20:22:36 [INFO] exp_shallowmodel: ================================================================================
01/29/2018 20:22:36 [INFO] exp_shallowmodel: LR.pen=l1.C=1.000000
01/29/2018 20:22:36 [INFO] exp_shallowmodel: ________________________________________________________________________________
01/29/2018 20:22:36 [INFO] exp_shallowmodel: Training: 
01/29/2018 20:22:36 [INFO] exp_shallowmodel: LogisticRegression(C=1, class_weight=None, dual=False, fit_intercept=True,
          intercept_scaling=1, max_iter=100, multi_class='ovr', n_jobs=1,
          penalty='l1', random_state=None, solver='liblinear', tol=0.0001,
          verbose=0, warm_start=False)
01/29/2018 20:22:39 [INFO] exp_shallowmodel: train time: 2.700s
01/29/2018 20:22:39 [INFO] exp_shallowmodel: test time:  0.001s
01/29/2018 20:22:39 [INFO] exp_shallowmodel: accuracy:   0.800
01/29/2018 20:22:39 [INFO] exp_shallowmodel: f1_score:   0.613
01/29/2018 20:22:39 [INFO] exp_shallowmodel: classification report:
01/29/2018 20:22:39 [INFO] exp_shallowmodel:              precision    recall  f1-score   support

          A       0.25      0.06      0.10        16
          C       0.74      0.76      0.75       169
          F       0.87      0.93      0.90       271
          R       0.74      0.67      0.70       130

avg / total       0.79      0.80      0.79       586

01/29/2018 20:22:39 [INFO] exp_shallowmodel: confusion matrix:
01/29/2018 20:22:39 [INFO] exp_shallowmodel: 
[[  1   1  11   3]
 [  3 129  14  23]
 [  0  15 252   4]
 [  0  30  13  87]]
