01/04/2018 17:31:32 [INFO] configuration: experiment_mode  :   discrete_feature_selection
01/04/2018 17:31:32 [INFO] configuration: deep_model  :   False
01/04/2018 17:31:32 [INFO] configuration: selected_context_id  :   0
01/04/2018 17:31:32 [INFO] configuration: selected_feature_set_id  :   14
01/04/2018 17:31:32 [INFO] configuration: similarity_feature  :   True
01/04/2018 17:31:32 [INFO] configuration: k_feature_to_keep  :   7
01/04/2018 17:31:32 [INFO] configuration: seed  :   154316847
01/04/2018 17:31:32 [INFO] configuration: root_path  :   /ihome/pbrusilosky/rum20/y_classify
01/04/2018 17:31:32 [INFO] configuration: task_name  :   utterance_type
01/04/2018 17:31:32 [INFO] configuration: timemark  :   20180104-173132
01/04/2018 17:31:32 [INFO] configuration: context_set  :   next
01/04/2018 17:31:32 [INFO] configuration: utterance_names  :   ['last_user_utterance', 'last_system_utterance', 'current_user_utterance', 'next_system_utterance', 'next_user_utterance']
01/04/2018 17:31:32 [INFO] configuration: utterance_range  :   ['current_user_utterance', 'next_system_utterance', 'next_user_utterance']
01/04/2018 17:31:32 [INFO] configuration: feature_set  :   14-[1.3.4]
01/04/2018 17:31:32 [INFO] configuration: feature_set_number  :   ['1', '2', '3', '5', '6', '7']
01/04/2018 17:31:32 [INFO] configuration: experiment_name  :   20180104-173132.discrete_feature_selection.feature_number=7.context=next.feature=14-[1.3.4].similarity=true
01/04/2018 17:31:32 [INFO] configuration: experiment_path  :   /ihome/pbrusilosky/rum20/y_classify/output/20180104-173132.discrete_feature_selection.feature_number=7.context=next.feature=14-[1.3.4].similarity=true
01/04/2018 17:31:32 [INFO] configuration: log_path  :   /ihome/pbrusilosky/rum20/y_classify/output/20180104-173132.discrete_feature_selection.feature_number=7.context=next.feature=14-[1.3.4].similarity=true/output.log
01/04/2018 17:31:32 [INFO] configuration: valid_type  :   {'A', 'F', 'R', 'C'}
01/04/2018 17:31:32 [INFO] configuration: data_name  :   
01/04/2018 17:31:32 [INFO] configuration: data_names  :   ['dstc2', 'dstc3', 'family', 'ghome']
01/04/2018 17:31:32 [INFO] configuration: raw_feature_path  :   /ihome/pbrusilosky/rum20/y_classify/dataset/feature/%s.raw_feature.pkl
01/04/2018 17:31:32 [INFO] configuration: extracted_feature_path  :   /ihome/pbrusilosky/rum20/y_classify/dataset/feature/%s.extracted_feature.pkl
01/04/2018 17:31:32 [INFO] configuration: pipeline_path  :   /ihome/pbrusilosky/rum20/y_classify/dataset/feature/%s.pipeline.pkl
01/04/2018 17:31:32 [INFO] configuration: metrics  :   ['accuracy', 'precision', 'recall', 'f1_score', 'training_time', 'test_time']
01/04/2018 17:31:32 [INFO] configuration: do_cross_validation  :   True
01/04/2018 17:31:32 [INFO] configuration: #division  :   5
01/04/2018 17:31:32 [INFO] configuration: #cross_validation  :   10
01/04/2018 17:31:32 [INFO] configuration: cv_index_cache_path  :   
01/04/2018 17:31:32 [INFO] configuration: action_words  :   {'room', 'address', 'south', 'food', 'reminders', 'cast', 'shuffl', 'stop', 'discard', 'volume', 'item', 'timer', 'shuffle', 'music', 'snooz', 'telephone', 'turn', 'else', 'play', 'reminds', 'north', 'remov', 'skip', 'watch', 'remove', 'song', 'telephon', 'snooze', 'show', 'light', 'time', 'temperature', 'start', 'any', 'items', 'clear', 'post', 'volum', 'phone', 'tell', 'help', 'expens', 'temperatur', 'els', 'list', 'video', 'findcare', 'price', 'cheap', 'moderate', 'findcar', 'ani', 'moder', 'share', 'weather', 'matter', 'member', 'next', 'area', 'delet', 'centr', 'remind', 'delete', 'add', 'alarm', 'number', 'reminder', 'centre', 'expensive', 'part'}
01/04/2018 17:31:32 [INFO] configuration: corenlp_jars  :   ('/Users/memray/Project/stanford/stanford-corenlp-full-3.8.0/*', '/Users/memray/Project/stanford/stanford-corenlp-full-3.8.0/stanford-english-kbp-corenlp-2017-06-09-models.jar')
01/04/2018 17:31:32 [INFO] configuration: lda_topic_number  :   50
01/04/2018 17:31:32 [INFO] configuration: lda_path  :   /ihome/pbrusilosky/rum20/y_classify/dataset/feature/gensim/%s.topic=50.lda.pkl
01/04/2018 17:31:32 [INFO] configuration: gensim_corpus_path  :   /ihome/pbrusilosky/rum20/y_classify/dataset/feature/gensim/%s.corpus.pkl
01/04/2018 17:31:32 [INFO] configuration: gensim_dict_path  :   /ihome/pbrusilosky/rum20/y_classify/dataset/feature/gensim/%s.dict
01/04/2018 17:31:32 [INFO] configuration: w2v_path  :   /home/memray/Data/glove/GoogleNews-vectors-negative300.bin
01/04/2018 17:31:32 [INFO] configuration: w2v_vector_length  :   300
01/04/2018 17:31:32 [INFO] configuration: d2v_vector_length  :   300
01/04/2018 17:31:32 [INFO] configuration: d2v_window_size  :   5
01/04/2018 17:31:32 [INFO] configuration: d2v_min_count  :   2
01/04/2018 17:31:32 [INFO] configuration: d2v_model_path  :   /ihome/pbrusilosky/rum20/y_classify/dataset/feature/gensim/%s.doc2vec.dim=300.window=5.min_count=2.model
01/04/2018 17:31:32 [INFO] configuration: d2v_vector_path  :   /ihome/pbrusilosky/rum20/y_classify/dataset/feature/gensim/%s.doc2vec.dim=300.window=5.min_count=2.vector
01/04/2018 17:31:32 [INFO] configuration: num_word_keep  :   {'dstc2': 300, 'dstc3': 300, 'family': 1000, 'ghome': 1000}
01/04/2018 17:31:32 [INFO] configuration: batch_size  :   128
01/04/2018 17:31:32 [INFO] configuration: max_epoch  :   50
01/04/2018 17:31:32 [INFO] configuration: early_stop_tolerance  :   2
01/04/2018 17:31:32 [INFO] configuration: concat_sents  :   False
01/04/2018 17:31:32 [INFO] configuration: cnn_setting  :   {'model': 'multichannel', 'early_stopping': True, 'word_dim': 300, 'filters': [3, 4, 5], 'filter_num': [100, 100, 100], 'class_size': 4, 'batch_size': 128, 'learning_rate': 0.001, 'norm_limit': 10, 'dropout_prob': 0.0, 'sentence_num': 3}
01/04/2018 17:31:32 [INFO] configuration: skipthought_setting  :   {'skipthought_model_path': '/Users/memray/Data/skip-thought', 'skipthought_data_path': '/ihome/pbrusilosky/rum20/y_classify/dataset/feature/gensim/%s.skip-thought.biskip.vector', 'fixed_emb': True, 'sentence_num': 3, 'hidden_size': 2400, 'class_size': 4, 'learning_rate': 0.0001, 'norm_limit': 3, 'dropout_prob': 0.5}
01/04/2018 17:31:32 [INFO] configuration: lstm_setting  :   {'model': 'non-static', 'hidden_size': 32, 'embedding_size': 300, 'num_layers': 1, 'bidirectional': False, 'learning_rate': 0.001, 'class_size': 4, 'norm_limit': 2, 'clip_grad_norm': 2, 'dropout_prob': 0.1}
01/04/2018 17:31:35 [INFO] exp_shallowmodel: %%%%%%%%%%%%%%%%%%%%%%%%%%%%%%%%%%%%%%%%%%%%%%%%%%
01/04/2018 17:31:35 [INFO] exp_shallowmodel:           dataset=dstc2
01/04/2018 17:31:35 [INFO] exp_shallowmodel:           k_feature_to_keep=7
01/04/2018 17:31:35 [INFO] exp_shallowmodel:           X_new.shape=(5725, 138)
01/04/2018 17:31:35 [INFO] exp_shallowmodel:           #(X_selected)=128
01/04/2018 17:31:35 [INFO] exp_shallowmodel:           #(X_not_selectable)=10
01/04/2018 17:31:35 [INFO] exp_shallowmodel: %%%%%%%%%%%%%%%%%%%%%%%%%%%%%%%%%%%%%%%%%%%%%%%%%%
01/04/2018 17:31:35 [INFO] exp_shallowmodel: ******************** dstc2 - Round 0 
01/04/2018 17:31:35 [INFO] exp_shallowmodel: #(data) = 4583
01/04/2018 17:31:35 [INFO] exp_shallowmodel: #(feature) = 138
01/04/2018 17:31:35 [INFO] exp_shallowmodel: ================================================================================
01/04/2018 17:31:35 [INFO] exp_shallowmodel: LR.pen=l1.C=1.000000
01/04/2018 17:31:35 [INFO] exp_shallowmodel: ________________________________________________________________________________
01/04/2018 17:31:35 [INFO] exp_shallowmodel: Training: 
01/04/2018 17:31:35 [INFO] exp_shallowmodel: LogisticRegression(C=1, class_weight=None, dual=False, fit_intercept=True,
          intercept_scaling=1, max_iter=100, multi_class='ovr', n_jobs=1,
          penalty='l1', random_state=None, solver='liblinear', tol=0.0001,
          verbose=0, warm_start=False)
01/04/2018 17:31:39 [INFO] exp_shallowmodel: train time: 3.209s
01/04/2018 17:31:39 [INFO] exp_shallowmodel: test time:  0.000s
01/04/2018 17:31:39 [INFO] exp_shallowmodel: accuracy:   0.846
01/04/2018 17:31:39 [INFO] exp_shallowmodel: f1_score:   0.750
01/04/2018 17:31:39 [INFO] exp_shallowmodel: classification report:
01/04/2018 17:31:39 [INFO] exp_shallowmodel:              precision    recall  f1-score   support

          A       0.67      0.43      0.52        14
          C       0.77      0.83      0.80       164
          F       0.92      0.94      0.93       268
          R       0.80      0.70      0.75       125

avg / total       0.84      0.85      0.84       571

01/04/2018 17:31:39 [INFO] exp_shallowmodel: confusion matrix:
01/04/2018 17:31:39 [INFO] exp_shallowmodel: 
[[  6   2   5   1]
 [  0 136  11  17]
 [  2   9 253   4]
 [  1  30   6  88]]
01/04/2018 17:31:39 [INFO] exp_shallowmodel: ******************** dstc2 - Round 1 
01/04/2018 17:31:39 [INFO] exp_shallowmodel: #(data) = 4583
01/04/2018 17:31:39 [INFO] exp_shallowmodel: #(feature) = 138
01/04/2018 17:31:39 [INFO] exp_shallowmodel: ================================================================================
01/04/2018 17:31:39 [INFO] exp_shallowmodel: LR.pen=l1.C=1.000000
01/04/2018 17:31:39 [INFO] exp_shallowmodel: ________________________________________________________________________________
01/04/2018 17:31:39 [INFO] exp_shallowmodel: Training: 
01/04/2018 17:31:39 [INFO] exp_shallowmodel: LogisticRegression(C=1, class_weight=None, dual=False, fit_intercept=True,
          intercept_scaling=1, max_iter=100, multi_class='ovr', n_jobs=1,
          penalty='l1', random_state=None, solver='liblinear', tol=0.0001,
          verbose=0, warm_start=False)
01/04/2018 17:31:41 [INFO] exp_shallowmodel: train time: 2.230s
01/04/2018 17:31:41 [INFO] exp_shallowmodel: test time:  0.000s
01/04/2018 17:31:41 [INFO] exp_shallowmodel: accuracy:   0.802
01/04/2018 17:31:41 [INFO] exp_shallowmodel: f1_score:   0.621
01/04/2018 17:31:41 [INFO] exp_shallowmodel: classification report:
01/04/2018 17:31:41 [INFO] exp_shallowmodel:              precision    recall  f1-score   support

          A       0.50      0.07      0.12        14
          C       0.72      0.75      0.73       164
          F       0.90      0.90      0.90       268
          R       0.71      0.74      0.72       125

avg / total       0.80      0.80      0.80       571

01/04/2018 17:31:41 [INFO] exp_shallowmodel: confusion matrix:
01/04/2018 17:31:41 [INFO] exp_shallowmodel: 
[[  1   4   7   2]
 [  0 123  15  26]
 [  1  16 242   9]
 [  0  28   5  92]]
01/04/2018 17:31:41 [INFO] exp_shallowmodel: Feature selection of top 100, ranked by LR weights (selectable:non-selectable=94:6)
01/04/2018 17:31:45 [INFO] exp_shallowmodel: %%%%%%%%%%%%%%%%%%%%%%%%%%%%%%%%%%%%%%%%%%%%%%%%%%
01/04/2018 17:31:45 [INFO] exp_shallowmodel:           dataset=dstc3
01/04/2018 17:31:45 [INFO] exp_shallowmodel:           k_feature_to_keep=7
01/04/2018 17:31:45 [INFO] exp_shallowmodel:           X_new.shape=(5934, 138)
01/04/2018 17:31:45 [INFO] exp_shallowmodel:           #(X_selected)=128
01/04/2018 17:31:45 [INFO] exp_shallowmodel:           #(X_not_selectable)=10
01/04/2018 17:31:45 [INFO] exp_shallowmodel: %%%%%%%%%%%%%%%%%%%%%%%%%%%%%%%%%%%%%%%%%%%%%%%%%%
01/04/2018 17:31:45 [INFO] exp_shallowmodel: ******************** dstc3 - Round 0 
01/04/2018 17:31:45 [INFO] exp_shallowmodel: #(data) = 4750
01/04/2018 17:31:45 [INFO] exp_shallowmodel: #(feature) = 138
01/04/2018 17:31:45 [INFO] exp_shallowmodel: ================================================================================
01/04/2018 17:31:45 [INFO] exp_shallowmodel: LR.pen=l1.C=1.000000
01/04/2018 17:31:45 [INFO] exp_shallowmodel: ________________________________________________________________________________
01/04/2018 17:31:45 [INFO] exp_shallowmodel: Training: 
01/04/2018 17:31:45 [INFO] exp_shallowmodel: LogisticRegression(C=1, class_weight=None, dual=False, fit_intercept=True,
          intercept_scaling=1, max_iter=100, multi_class='ovr', n_jobs=1,
          penalty='l1', random_state=None, solver='liblinear', tol=0.0001,
          verbose=0, warm_start=False)
01/04/2018 17:31:48 [INFO] exp_shallowmodel: train time: 2.540s
01/04/2018 17:31:48 [INFO] exp_shallowmodel: test time:  0.000s
01/04/2018 17:31:48 [INFO] exp_shallowmodel: accuracy:   0.824
01/04/2018 17:31:48 [INFO] exp_shallowmodel: f1_score:   0.749
01/04/2018 17:31:48 [INFO] exp_shallowmodel: classification report:
01/04/2018 17:31:48 [INFO] exp_shallowmodel:              precision    recall  f1-score   support

          A       1.00      0.45      0.62        20
          C       0.78      0.81      0.80       169
          F       0.88      0.95      0.91       281
          R       0.73      0.61      0.67       122

avg / total       0.82      0.82      0.82       592

01/04/2018 17:31:48 [INFO] exp_shallowmodel: confusion matrix:
01/04/2018 17:31:48 [INFO] exp_shallowmodel: 
[[  9   2   9   0]
 [  0 137  14  18]
 [  0   4 267  10]
 [  0  32  15  75]]
01/04/2018 17:31:48 [INFO] exp_shallowmodel: ******************** dstc3 - Round 1 
01/04/2018 17:31:48 [INFO] exp_shallowmodel: #(data) = 4750
01/04/2018 17:31:48 [INFO] exp_shallowmodel: #(feature) = 138
01/04/2018 17:31:48 [INFO] exp_shallowmodel: ================================================================================
01/04/2018 17:31:48 [INFO] exp_shallowmodel: LR.pen=l1.C=1.000000
01/04/2018 17:31:48 [INFO] exp_shallowmodel: ________________________________________________________________________________
01/04/2018 17:31:48 [INFO] exp_shallowmodel: Training: 
01/04/2018 17:31:48 [INFO] exp_shallowmodel: LogisticRegression(C=1, class_weight=None, dual=False, fit_intercept=True,
          intercept_scaling=1, max_iter=100, multi_class='ovr', n_jobs=1,
          penalty='l1', random_state=None, solver='liblinear', tol=0.0001,
          verbose=0, warm_start=False)
01/04/2018 17:31:50 [INFO] exp_shallowmodel: train time: 2.599s
01/04/2018 17:31:50 [INFO] exp_shallowmodel: test time:  0.000s
01/04/2018 17:31:50 [INFO] exp_shallowmodel: accuracy:   0.821
01/04/2018 17:31:50 [INFO] exp_shallowmodel: f1_score:   0.731
01/04/2018 17:31:50 [INFO] exp_shallowmodel: classification report:
01/04/2018 17:31:50 [INFO] exp_shallowmodel:              precision    recall  f1-score   support

          A       0.89      0.40      0.55        20
          C       0.78      0.80      0.79       169
          F       0.86      0.95      0.91       281
          R       0.76      0.61      0.68       122

avg / total       0.82      0.82      0.81       592

01/04/2018 17:31:50 [INFO] exp_shallowmodel: confusion matrix:
01/04/2018 17:31:50 [INFO] exp_shallowmodel: 
[[  8   5   7   0]
 [  1 136  18  14]
 [  0   4 268   9]
 [  0  30  18  74]]
01/04/2018 17:31:50 [INFO] exp_shallowmodel: Feature selection of top 100, ranked by LR weights (selectable:non-selectable=94:6)
01/04/2018 17:31:57 [INFO] exp_shallowmodel: %%%%%%%%%%%%%%%%%%%%%%%%%%%%%%%%%%%%%%%%%%%%%%%%%%
01/04/2018 17:31:57 [INFO] exp_shallowmodel:           dataset=family
01/04/2018 17:31:57 [INFO] exp_shallowmodel:           k_feature_to_keep=7
01/04/2018 17:31:57 [INFO] exp_shallowmodel:           X_new.shape=(3530, 140)
01/04/2018 17:31:57 [INFO] exp_shallowmodel:           #(X_selected)=128
01/04/2018 17:31:57 [INFO] exp_shallowmodel:           #(X_not_selectable)=12
01/04/2018 17:31:57 [INFO] exp_shallowmodel: %%%%%%%%%%%%%%%%%%%%%%%%%%%%%%%%%%%%%%%%%%%%%%%%%%
01/04/2018 17:31:57 [INFO] exp_shallowmodel: ******************** family - Round 0 
01/04/2018 17:31:57 [INFO] exp_shallowmodel: #(data) = 2826
01/04/2018 17:31:57 [INFO] exp_shallowmodel: #(feature) = 140
01/04/2018 17:31:57 [INFO] exp_shallowmodel: ================================================================================
01/04/2018 17:31:57 [INFO] exp_shallowmodel: LR.pen=l1.C=1.000000
01/04/2018 17:31:57 [INFO] exp_shallowmodel: ________________________________________________________________________________
01/04/2018 17:31:57 [INFO] exp_shallowmodel: Training: 
01/04/2018 17:31:57 [INFO] exp_shallowmodel: LogisticRegression(C=1, class_weight=None, dual=False, fit_intercept=True,
          intercept_scaling=1, max_iter=100, multi_class='ovr', n_jobs=1,
          penalty='l1', random_state=None, solver='liblinear', tol=0.0001,
          verbose=0, warm_start=False)
01/04/2018 17:31:59 [INFO] exp_shallowmodel: train time: 2.547s
01/04/2018 17:31:59 [INFO] exp_shallowmodel: test time:  0.000s
01/04/2018 17:31:59 [INFO] exp_shallowmodel: accuracy:   0.872
01/04/2018 17:31:59 [INFO] exp_shallowmodel: f1_score:   0.698
01/04/2018 17:31:59 [INFO] exp_shallowmodel: classification report:
01/04/2018 17:31:59 [INFO] exp_shallowmodel:              precision    recall  f1-score   support

          A       0.56      0.39      0.46        23
          C       0.69      0.67      0.68        27
          F       0.95      0.98      0.96       250
          R       0.69      0.69      0.69        52

avg / total       0.86      0.87      0.87       352

01/04/2018 17:31:59 [INFO] exp_shallowmodel: confusion matrix:
01/04/2018 17:31:59 [INFO] exp_shallowmodel: 
[[  9   2   7   5]
 [  4  18   0   5]
 [  0   0 244   6]
 [  3   6   7  36]]
01/04/2018 17:31:59 [INFO] exp_shallowmodel: ******************** family - Round 1 
01/04/2018 17:31:59 [INFO] exp_shallowmodel: #(data) = 2826
01/04/2018 17:31:59 [INFO] exp_shallowmodel: #(feature) = 140
01/04/2018 17:31:59 [INFO] exp_shallowmodel: ================================================================================
01/04/2018 17:31:59 [INFO] exp_shallowmodel: LR.pen=l1.C=1.000000
01/04/2018 17:31:59 [INFO] exp_shallowmodel: ________________________________________________________________________________
01/04/2018 17:31:59 [INFO] exp_shallowmodel: Training: 
01/04/2018 17:31:59 [INFO] exp_shallowmodel: LogisticRegression(C=1, class_weight=None, dual=False, fit_intercept=True,
          intercept_scaling=1, max_iter=100, multi_class='ovr', n_jobs=1,
          penalty='l1', random_state=None, solver='liblinear', tol=0.0001,
          verbose=0, warm_start=False)
01/04/2018 17:32:01 [INFO] exp_shallowmodel: train time: 2.206s
01/04/2018 17:32:01 [INFO] exp_shallowmodel: test time:  0.000s
01/04/2018 17:32:01 [INFO] exp_shallowmodel: accuracy:   0.892
01/04/2018 17:32:01 [INFO] exp_shallowmodel: f1_score:   0.774
01/04/2018 17:32:01 [INFO] exp_shallowmodel: classification report:
01/04/2018 17:32:01 [INFO] exp_shallowmodel:              precision    recall  f1-score   support

          A       1.00      0.39      0.56        23
          C       0.85      0.85      0.85        27
          F       0.92      0.98      0.95       250
          R       0.73      0.73      0.73        52

avg / total       0.90      0.89      0.88       352

01/04/2018 17:32:01 [INFO] exp_shallowmodel: confusion matrix:
01/04/2018 17:32:01 [INFO] exp_shallowmodel: 
[[  9   1   8   5]
 [  0  23   0   4]
 [  0   1 244   5]
 [  0   2  12  38]]
01/04/2018 17:32:02 [INFO] exp_shallowmodel: Feature selection of top 100, ranked by LR weights (selectable:non-selectable=94:6)
01/04/2018 17:32:10 [INFO] exp_shallowmodel: %%%%%%%%%%%%%%%%%%%%%%%%%%%%%%%%%%%%%%%%%%%%%%%%%%
01/04/2018 17:32:10 [INFO] exp_shallowmodel:           dataset=ghome
01/04/2018 17:32:10 [INFO] exp_shallowmodel:           k_feature_to_keep=7
01/04/2018 17:32:10 [INFO] exp_shallowmodel:           X_new.shape=(5241, 139)
01/04/2018 17:32:10 [INFO] exp_shallowmodel:           #(X_selected)=128
01/04/2018 17:32:10 [INFO] exp_shallowmodel:           #(X_not_selectable)=11
01/04/2018 17:32:10 [INFO] exp_shallowmodel: %%%%%%%%%%%%%%%%%%%%%%%%%%%%%%%%%%%%%%%%%%%%%%%%%%
01/04/2018 17:32:10 [INFO] exp_shallowmodel: ******************** ghome - Round 0 
01/04/2018 17:32:10 [INFO] exp_shallowmodel: #(data) = 4197
01/04/2018 17:32:10 [INFO] exp_shallowmodel: #(feature) = 139
01/04/2018 17:32:10 [INFO] exp_shallowmodel: ================================================================================
01/04/2018 17:32:10 [INFO] exp_shallowmodel: LR.pen=l1.C=1.000000
01/04/2018 17:32:10 [INFO] exp_shallowmodel: ________________________________________________________________________________
01/04/2018 17:32:10 [INFO] exp_shallowmodel: Training: 
01/04/2018 17:32:10 [INFO] exp_shallowmodel: LogisticRegression(C=1, class_weight=None, dual=False, fit_intercept=True,
          intercept_scaling=1, max_iter=100, multi_class='ovr', n_jobs=1,
          penalty='l1', random_state=None, solver='liblinear', tol=0.0001,
          verbose=0, warm_start=False)
01/04/2018 17:32:12 [INFO] exp_shallowmodel: train time: 2.527s
01/04/2018 17:32:12 [INFO] exp_shallowmodel: test time:  0.000s
01/04/2018 17:32:12 [INFO] exp_shallowmodel: accuracy:   0.875
01/04/2018 17:32:12 [INFO] exp_shallowmodel: f1_score:   0.604
01/04/2018 17:32:12 [INFO] exp_shallowmodel: classification report:
01/04/2018 17:32:12 [INFO] exp_shallowmodel:              precision    recall  f1-score   support

          A       0.60      0.49      0.54        59
          C       0.40      0.17      0.24        12
          F       0.93      0.99      0.96       396
          R       0.73      0.64      0.68        55

avg / total       0.86      0.88      0.86       522

01/04/2018 17:32:12 [INFO] exp_shallowmodel: confusion matrix:
01/04/2018 17:32:12 [INFO] exp_shallowmodel: 
[[ 29   2  17  11]
 [  3   2   5   2]
 [  4   1 391   0]
 [ 12   0   8  35]]
01/04/2018 17:32:12 [INFO] exp_shallowmodel: ******************** ghome - Round 1 
01/04/2018 17:32:12 [INFO] exp_shallowmodel: #(data) = 4197
01/04/2018 17:32:12 [INFO] exp_shallowmodel: #(feature) = 139
01/04/2018 17:32:12 [INFO] exp_shallowmodel: ================================================================================
01/04/2018 17:32:12 [INFO] exp_shallowmodel: LR.pen=l1.C=1.000000
01/04/2018 17:32:12 [INFO] exp_shallowmodel: ________________________________________________________________________________
01/04/2018 17:32:12 [INFO] exp_shallowmodel: Training: 
01/04/2018 17:32:12 [INFO] exp_shallowmodel: LogisticRegression(C=1, class_weight=None, dual=False, fit_intercept=True,
          intercept_scaling=1, max_iter=100, multi_class='ovr', n_jobs=1,
          penalty='l1', random_state=None, solver='liblinear', tol=0.0001,
          verbose=0, warm_start=False)
01/04/2018 17:32:14 [INFO] exp_shallowmodel: train time: 1.995s
01/04/2018 17:32:14 [INFO] exp_shallowmodel: test time:  0.000s
01/04/2018 17:32:14 [INFO] exp_shallowmodel: accuracy:   0.877
01/04/2018 17:32:14 [INFO] exp_shallowmodel: f1_score:   0.615
01/04/2018 17:32:14 [INFO] exp_shallowmodel: classification report:
01/04/2018 17:32:14 [INFO] exp_shallowmodel:              precision    recall  f1-score   support

          A       0.67      0.58      0.62        59
          C       0.33      0.17      0.22        12
          F       0.93      0.98      0.95       396
          R       0.70      0.64      0.67        55

avg / total       0.86      0.88      0.87       522

01/04/2018 17:32:14 [INFO] exp_shallowmodel: confusion matrix:
01/04/2018 17:32:14 [INFO] exp_shallowmodel: 
[[ 34   3  12  10]
 [  3   2   5   2]
 [  6   0 387   3]
 [  8   1  11  35]]
01/04/2018 17:32:15 [INFO] exp_shallowmodel: Feature selection of top 100, ranked by LR weights (selectable:non-selectable=93:7)
