01/04/2018 17:31:30 [INFO] configuration: experiment_mode  :   discrete_feature_selection
01/04/2018 17:31:30 [INFO] configuration: deep_model  :   False
01/04/2018 17:31:30 [INFO] configuration: selected_context_id  :   0
01/04/2018 17:31:30 [INFO] configuration: selected_feature_set_id  :   12
01/04/2018 17:31:30 [INFO] configuration: similarity_feature  :   True
01/04/2018 17:31:30 [INFO] configuration: k_feature_to_keep  :   11
01/04/2018 17:31:30 [INFO] configuration: seed  :   154316847
01/04/2018 17:31:30 [INFO] configuration: root_path  :   /ihome/pbrusilosky/rum20/y_classify
01/04/2018 17:31:30 [INFO] configuration: task_name  :   utterance_type
01/04/2018 17:31:30 [INFO] configuration: timemark  :   20180104-173130
01/04/2018 17:31:30 [INFO] configuration: context_set  :   next
01/04/2018 17:31:30 [INFO] configuration: utterance_names  :   ['last_user_utterance', 'last_system_utterance', 'current_user_utterance', 'next_system_utterance', 'next_user_utterance']
01/04/2018 17:31:30 [INFO] configuration: utterance_range  :   ['current_user_utterance', 'next_system_utterance', 'next_user_utterance']
01/04/2018 17:31:30 [INFO] configuration: feature_set  :   12-[7+1.3.4]
01/04/2018 17:31:30 [INFO] configuration: feature_set_number  :   ['1', '2', '3', '5', '6', '7', '10']
01/04/2018 17:31:30 [INFO] configuration: experiment_name  :   20180104-173130.discrete_feature_selection.feature_number=11.context=next.feature=12-[7+1.3.4].similarity=true
01/04/2018 17:31:30 [INFO] configuration: experiment_path  :   /ihome/pbrusilosky/rum20/y_classify/output/20180104-173130.discrete_feature_selection.feature_number=11.context=next.feature=12-[7+1.3.4].similarity=true
01/04/2018 17:31:30 [INFO] configuration: log_path  :   /ihome/pbrusilosky/rum20/y_classify/output/20180104-173130.discrete_feature_selection.feature_number=11.context=next.feature=12-[7+1.3.4].similarity=true/output.log
01/04/2018 17:31:30 [INFO] configuration: valid_type  :   {'F', 'A', 'R', 'C'}
01/04/2018 17:31:30 [INFO] configuration: data_name  :   
01/04/2018 17:31:30 [INFO] configuration: data_names  :   ['dstc2', 'dstc3', 'family', 'ghome']
01/04/2018 17:31:30 [INFO] configuration: raw_feature_path  :   /ihome/pbrusilosky/rum20/y_classify/dataset/feature/%s.raw_feature.pkl
01/04/2018 17:31:30 [INFO] configuration: extracted_feature_path  :   /ihome/pbrusilosky/rum20/y_classify/dataset/feature/%s.extracted_feature.pkl
01/04/2018 17:31:30 [INFO] configuration: pipeline_path  :   /ihome/pbrusilosky/rum20/y_classify/dataset/feature/%s.pipeline.pkl
01/04/2018 17:31:30 [INFO] configuration: metrics  :   ['accuracy', 'precision', 'recall', 'f1_score', 'training_time', 'test_time']
01/04/2018 17:31:30 [INFO] configuration: do_cross_validation  :   True
01/04/2018 17:31:30 [INFO] configuration: #division  :   5
01/04/2018 17:31:30 [INFO] configuration: #cross_validation  :   10
01/04/2018 17:31:30 [INFO] configuration: cv_index_cache_path  :   
01/04/2018 17:31:30 [INFO] configuration: action_words  :   {'snooze', 'tell', 'add', 'temperature', 'start', 'findcare', 'els', 'telephon', 'moder', 'reminders', 'snooz', 'stop', 'volum', 'video', 'light', 'expens', 'cheap', 'south', 'else', 'volume', 'watch', 'address', 'weather', 'help', 'play', 'member', 'remove', 'discard', 'phone', 'findcar', 'turn', 'alarm', 'remind', 'reminder', 'timer', 'price', 'list', 'share', 'any', 'next', 'show', 'food', 'clear', 'north', 'remov', 'reminds', 'ani', 'telephone', 'item', 'delete', 'delet', 'cast', 'number', 'time', 'centre', 'centr', 'post', 'skip', 'items', 'matter', 'song', 'shuffl', 'room', 'area', 'shuffle', 'music', 'moderate', 'expensive', 'temperatur', 'part'}
01/04/2018 17:31:30 [INFO] configuration: corenlp_jars  :   ('/Users/memray/Project/stanford/stanford-corenlp-full-3.8.0/*', '/Users/memray/Project/stanford/stanford-corenlp-full-3.8.0/stanford-english-kbp-corenlp-2017-06-09-models.jar')
01/04/2018 17:31:30 [INFO] configuration: lda_topic_number  :   50
01/04/2018 17:31:30 [INFO] configuration: lda_path  :   /ihome/pbrusilosky/rum20/y_classify/dataset/feature/gensim/%s.topic=50.lda.pkl
01/04/2018 17:31:30 [INFO] configuration: gensim_corpus_path  :   /ihome/pbrusilosky/rum20/y_classify/dataset/feature/gensim/%s.corpus.pkl
01/04/2018 17:31:30 [INFO] configuration: gensim_dict_path  :   /ihome/pbrusilosky/rum20/y_classify/dataset/feature/gensim/%s.dict
01/04/2018 17:31:30 [INFO] configuration: w2v_path  :   /home/memray/Data/glove/GoogleNews-vectors-negative300.bin
01/04/2018 17:31:30 [INFO] configuration: w2v_vector_length  :   300
01/04/2018 17:31:30 [INFO] configuration: d2v_vector_length  :   300
01/04/2018 17:31:30 [INFO] configuration: d2v_window_size  :   5
01/04/2018 17:31:30 [INFO] configuration: d2v_min_count  :   2
01/04/2018 17:31:30 [INFO] configuration: d2v_model_path  :   /ihome/pbrusilosky/rum20/y_classify/dataset/feature/gensim/%s.doc2vec.dim=300.window=5.min_count=2.model
01/04/2018 17:31:30 [INFO] configuration: d2v_vector_path  :   /ihome/pbrusilosky/rum20/y_classify/dataset/feature/gensim/%s.doc2vec.dim=300.window=5.min_count=2.vector
01/04/2018 17:31:30 [INFO] configuration: num_word_keep  :   {'dstc2': 300, 'dstc3': 300, 'family': 1000, 'ghome': 1000}
01/04/2018 17:31:30 [INFO] configuration: batch_size  :   128
01/04/2018 17:31:30 [INFO] configuration: max_epoch  :   50
01/04/2018 17:31:30 [INFO] configuration: early_stop_tolerance  :   2
01/04/2018 17:31:30 [INFO] configuration: concat_sents  :   False
01/04/2018 17:31:30 [INFO] configuration: cnn_setting  :   {'model': 'multichannel', 'early_stopping': True, 'word_dim': 300, 'filters': [3, 4, 5], 'filter_num': [100, 100, 100], 'class_size': 4, 'batch_size': 128, 'learning_rate': 0.001, 'norm_limit': 10, 'dropout_prob': 0.0, 'sentence_num': 3}
01/04/2018 17:31:30 [INFO] configuration: skipthought_setting  :   {'skipthought_model_path': '/Users/memray/Data/skip-thought', 'skipthought_data_path': '/ihome/pbrusilosky/rum20/y_classify/dataset/feature/gensim/%s.skip-thought.biskip.vector', 'fixed_emb': True, 'sentence_num': 3, 'hidden_size': 2400, 'class_size': 4, 'learning_rate': 0.0001, 'norm_limit': 3, 'dropout_prob': 0.5}
01/04/2018 17:31:30 [INFO] configuration: lstm_setting  :   {'model': 'non-static', 'hidden_size': 32, 'embedding_size': 300, 'num_layers': 1, 'bidirectional': False, 'learning_rate': 0.001, 'class_size': 4, 'norm_limit': 2, 'clip_grad_norm': 2, 'dropout_prob': 0.1}
01/04/2018 17:31:34 [INFO] exp_shallowmodel: %%%%%%%%%%%%%%%%%%%%%%%%%%%%%%%%%%%%%%%%%%%%%%%%%%
01/04/2018 17:31:34 [INFO] exp_shallowmodel:           dataset=dstc2
01/04/2018 17:31:34 [INFO] exp_shallowmodel:           k_feature_to_keep=11
01/04/2018 17:31:34 [INFO] exp_shallowmodel:           X_new.shape=(5725, 2959)
01/04/2018 17:31:34 [INFO] exp_shallowmodel:           #(X_selected)=2048
01/04/2018 17:31:34 [INFO] exp_shallowmodel:           #(X_not_selectable)=911
01/04/2018 17:31:34 [INFO] exp_shallowmodel: %%%%%%%%%%%%%%%%%%%%%%%%%%%%%%%%%%%%%%%%%%%%%%%%%%
01/04/2018 17:31:34 [INFO] exp_shallowmodel: ******************** dstc2 - Round 0 
01/04/2018 17:31:34 [INFO] exp_shallowmodel: #(data) = 4583
01/04/2018 17:31:34 [INFO] exp_shallowmodel: #(feature) = 2959
01/04/2018 17:31:34 [INFO] exp_shallowmodel: ================================================================================
01/04/2018 17:31:34 [INFO] exp_shallowmodel: LR.pen=l1.C=1.000000
01/04/2018 17:31:34 [INFO] exp_shallowmodel: ________________________________________________________________________________
01/04/2018 17:31:34 [INFO] exp_shallowmodel: Training: 
01/04/2018 17:31:34 [INFO] exp_shallowmodel: LogisticRegression(C=1, class_weight=None, dual=False, fit_intercept=True,
          intercept_scaling=1, max_iter=100, multi_class='ovr', n_jobs=1,
          penalty='l1', random_state=None, solver='liblinear', tol=0.0001,
          verbose=0, warm_start=False)
01/04/2018 17:32:00 [INFO] exp_shallowmodel: train time: 26.134s
01/04/2018 17:32:00 [INFO] exp_shallowmodel: test time:  0.003s
01/04/2018 17:32:00 [INFO] exp_shallowmodel: accuracy:   0.839
01/04/2018 17:32:00 [INFO] exp_shallowmodel: f1_score:   0.720
01/04/2018 17:32:00 [INFO] exp_shallowmodel: classification report:
01/04/2018 17:32:00 [INFO] exp_shallowmodel:              precision    recall  f1-score   support

          A       0.80      0.29      0.42        14
          C       0.76      0.82      0.79       164
          F       0.90      0.94      0.92       268
          R       0.80      0.70      0.74       125

avg / total       0.84      0.84      0.83       571

01/04/2018 17:32:00 [INFO] exp_shallowmodel: confusion matrix:
01/04/2018 17:32:00 [INFO] exp_shallowmodel: 
[[  4   2   7   1]
 [  0 135  12  17]
 [  1  10 253   4]
 [  0  30   8  87]]
01/04/2018 17:32:01 [INFO] exp_shallowmodel: ******************** dstc2 - Round 1 
01/04/2018 17:32:01 [INFO] exp_shallowmodel: #(data) = 4583
01/04/2018 17:32:01 [INFO] exp_shallowmodel: #(feature) = 2959
01/04/2018 17:32:01 [INFO] exp_shallowmodel: ================================================================================
01/04/2018 17:32:01 [INFO] exp_shallowmodel: LR.pen=l1.C=1.000000
01/04/2018 17:32:01 [INFO] exp_shallowmodel: ________________________________________________________________________________
01/04/2018 17:32:01 [INFO] exp_shallowmodel: Training: 
01/04/2018 17:32:01 [INFO] exp_shallowmodel: LogisticRegression(C=1, class_weight=None, dual=False, fit_intercept=True,
          intercept_scaling=1, max_iter=100, multi_class='ovr', n_jobs=1,
          penalty='l1', random_state=None, solver='liblinear', tol=0.0001,
          verbose=0, warm_start=False)
01/04/2018 17:32:27 [INFO] exp_shallowmodel: train time: 26.393s
01/04/2018 17:32:27 [INFO] exp_shallowmodel: test time:  0.002s
01/04/2018 17:32:27 [INFO] exp_shallowmodel: accuracy:   0.790
01/04/2018 17:32:27 [INFO] exp_shallowmodel: f1_score:   0.724
01/04/2018 17:32:27 [INFO] exp_shallowmodel: classification report:
01/04/2018 17:32:27 [INFO] exp_shallowmodel:              precision    recall  f1-score   support

          A       0.78      0.50      0.61        14
          C       0.72      0.73      0.73       164
          F       0.87      0.91      0.89       268
          R       0.70      0.65      0.68       125

avg / total       0.79      0.79      0.79       571

01/04/2018 17:32:27 [INFO] exp_shallowmodel: confusion matrix:
01/04/2018 17:32:27 [INFO] exp_shallowmodel: 
[[  7   1   3   3]
 [  0 120  20  24]
 [  2  16 243   7]
 [  0  30  14  81]]
01/04/2018 17:32:28 [INFO] exp_shallowmodel: Feature selection of top 100, ranked by LR weights (selectable:non-selectable=47:53)
01/04/2018 17:32:32 [INFO] exp_shallowmodel: %%%%%%%%%%%%%%%%%%%%%%%%%%%%%%%%%%%%%%%%%%%%%%%%%%
01/04/2018 17:32:32 [INFO] exp_shallowmodel:           dataset=dstc3
01/04/2018 17:32:32 [INFO] exp_shallowmodel:           k_feature_to_keep=11
01/04/2018 17:32:32 [INFO] exp_shallowmodel:           X_new.shape=(5934, 2959)
01/04/2018 17:32:32 [INFO] exp_shallowmodel:           #(X_selected)=2048
01/04/2018 17:32:32 [INFO] exp_shallowmodel:           #(X_not_selectable)=911
01/04/2018 17:32:32 [INFO] exp_shallowmodel: %%%%%%%%%%%%%%%%%%%%%%%%%%%%%%%%%%%%%%%%%%%%%%%%%%
01/04/2018 17:32:32 [INFO] exp_shallowmodel: ******************** dstc3 - Round 0 
01/04/2018 17:32:32 [INFO] exp_shallowmodel: #(data) = 4750
01/04/2018 17:32:32 [INFO] exp_shallowmodel: #(feature) = 2959
01/04/2018 17:32:32 [INFO] exp_shallowmodel: ================================================================================
01/04/2018 17:32:32 [INFO] exp_shallowmodel: LR.pen=l1.C=1.000000
01/04/2018 17:32:32 [INFO] exp_shallowmodel: ________________________________________________________________________________
01/04/2018 17:32:32 [INFO] exp_shallowmodel: Training: 
01/04/2018 17:32:32 [INFO] exp_shallowmodel: LogisticRegression(C=1, class_weight=None, dual=False, fit_intercept=True,
          intercept_scaling=1, max_iter=100, multi_class='ovr', n_jobs=1,
          penalty='l1', random_state=None, solver='liblinear', tol=0.0001,
          verbose=0, warm_start=False)
01/04/2018 17:33:11 [INFO] exp_shallowmodel: train time: 38.552s
01/04/2018 17:33:11 [INFO] exp_shallowmodel: test time:  0.003s
01/04/2018 17:33:11 [INFO] exp_shallowmodel: accuracy:   0.774
01/04/2018 17:33:11 [INFO] exp_shallowmodel: f1_score:   0.681
01/04/2018 17:33:11 [INFO] exp_shallowmodel: classification report:
01/04/2018 17:33:11 [INFO] exp_shallowmodel:              precision    recall  f1-score   support

          A       0.73      0.40      0.52        20
          C       0.72      0.78      0.75       169
          F       0.88      0.89      0.89       281
          R       0.60      0.55      0.57       122

avg / total       0.77      0.77      0.77       592

01/04/2018 17:33:11 [INFO] exp_shallowmodel: confusion matrix:
01/04/2018 17:33:11 [INFO] exp_shallowmodel: 
[[  8   2   9   1]
 [  1 132   7  29]
 [  1  14 251  15]
 [  1  35  19  67]]
01/04/2018 17:33:11 [INFO] exp_shallowmodel: ******************** dstc3 - Round 1 
01/04/2018 17:33:11 [INFO] exp_shallowmodel: #(data) = 4750
01/04/2018 17:33:11 [INFO] exp_shallowmodel: #(feature) = 2959
01/04/2018 17:33:11 [INFO] exp_shallowmodel: ================================================================================
01/04/2018 17:33:11 [INFO] exp_shallowmodel: LR.pen=l1.C=1.000000
01/04/2018 17:33:11 [INFO] exp_shallowmodel: ________________________________________________________________________________
01/04/2018 17:33:11 [INFO] exp_shallowmodel: Training: 
01/04/2018 17:33:11 [INFO] exp_shallowmodel: LogisticRegression(C=1, class_weight=None, dual=False, fit_intercept=True,
          intercept_scaling=1, max_iter=100, multi_class='ovr', n_jobs=1,
          penalty='l1', random_state=None, solver='liblinear', tol=0.0001,
          verbose=0, warm_start=False)
01/04/2018 17:33:53 [INFO] exp_shallowmodel: train time: 42.012s
01/04/2018 17:33:53 [INFO] exp_shallowmodel: test time:  0.003s
01/04/2018 17:33:53 [INFO] exp_shallowmodel: accuracy:   0.774
01/04/2018 17:33:53 [INFO] exp_shallowmodel: f1_score:   0.660
01/04/2018 17:33:53 [INFO] exp_shallowmodel: classification report:
01/04/2018 17:33:53 [INFO] exp_shallowmodel:              precision    recall  f1-score   support

          A       0.58      0.35      0.44        20
          C       0.71      0.77      0.74       169
          F       0.88      0.91      0.90       281
          R       0.61      0.53      0.57       122

avg / total       0.77      0.77      0.77       592

01/04/2018 17:33:53 [INFO] exp_shallowmodel: confusion matrix:
01/04/2018 17:33:53 [INFO] exp_shallowmodel: 
[[  7   5   8   0]
 [  1 130  11  27]
 [  3   7 256  15]
 [  1  41  15  65]]
01/04/2018 17:33:54 [INFO] exp_shallowmodel: Feature selection of top 100, ranked by LR weights (selectable:non-selectable=43:57)
01/04/2018 17:34:00 [INFO] exp_shallowmodel: %%%%%%%%%%%%%%%%%%%%%%%%%%%%%%%%%%%%%%%%%%%%%%%%%%
01/04/2018 17:34:00 [INFO] exp_shallowmodel:           dataset=family
01/04/2018 17:34:00 [INFO] exp_shallowmodel:           k_feature_to_keep=11
01/04/2018 17:34:00 [INFO] exp_shallowmodel:           X_new.shape=(3530, 2961)
01/04/2018 17:34:00 [INFO] exp_shallowmodel:           #(X_selected)=2048
01/04/2018 17:34:00 [INFO] exp_shallowmodel:           #(X_not_selectable)=913
01/04/2018 17:34:00 [INFO] exp_shallowmodel: %%%%%%%%%%%%%%%%%%%%%%%%%%%%%%%%%%%%%%%%%%%%%%%%%%
01/04/2018 17:34:01 [INFO] exp_shallowmodel: ******************** family - Round 0 
01/04/2018 17:34:01 [INFO] exp_shallowmodel: #(data) = 2826
01/04/2018 17:34:01 [INFO] exp_shallowmodel: #(feature) = 2961
01/04/2018 17:34:01 [INFO] exp_shallowmodel: ================================================================================
01/04/2018 17:34:01 [INFO] exp_shallowmodel: LR.pen=l1.C=1.000000
01/04/2018 17:34:01 [INFO] exp_shallowmodel: ________________________________________________________________________________
01/04/2018 17:34:01 [INFO] exp_shallowmodel: Training: 
01/04/2018 17:34:01 [INFO] exp_shallowmodel: LogisticRegression(C=1, class_weight=None, dual=False, fit_intercept=True,
          intercept_scaling=1, max_iter=100, multi_class='ovr', n_jobs=1,
          penalty='l1', random_state=None, solver='liblinear', tol=0.0001,
          verbose=0, warm_start=False)
01/04/2018 17:34:10 [INFO] exp_shallowmodel: train time: 9.460s
01/04/2018 17:34:10 [INFO] exp_shallowmodel: test time:  0.001s
01/04/2018 17:34:10 [INFO] exp_shallowmodel: accuracy:   0.855
01/04/2018 17:34:10 [INFO] exp_shallowmodel: f1_score:   0.616
01/04/2018 17:34:10 [INFO] exp_shallowmodel: classification report:
01/04/2018 17:34:10 [INFO] exp_shallowmodel:              precision    recall  f1-score   support

          A       0.62      0.35      0.44        23
          C       0.62      0.30      0.40        27
          F       0.94      0.99      0.96       250
          R       0.59      0.73      0.66        52

avg / total       0.84      0.86      0.84       352

01/04/2018 17:34:10 [INFO] exp_shallowmodel: confusion matrix:
01/04/2018 17:34:10 [INFO] exp_shallowmodel: 
[[  8   1   5   9]
 [  3   8   2  14]
 [  0   0 247   3]
 [  2   4   8  38]]
01/04/2018 17:34:10 [INFO] exp_shallowmodel: ******************** family - Round 1 
01/04/2018 17:34:10 [INFO] exp_shallowmodel: #(data) = 2826
01/04/2018 17:34:10 [INFO] exp_shallowmodel: #(feature) = 2961
01/04/2018 17:34:10 [INFO] exp_shallowmodel: ================================================================================
01/04/2018 17:34:10 [INFO] exp_shallowmodel: LR.pen=l1.C=1.000000
01/04/2018 17:34:10 [INFO] exp_shallowmodel: ________________________________________________________________________________
01/04/2018 17:34:10 [INFO] exp_shallowmodel: Training: 
01/04/2018 17:34:10 [INFO] exp_shallowmodel: LogisticRegression(C=1, class_weight=None, dual=False, fit_intercept=True,
          intercept_scaling=1, max_iter=100, multi_class='ovr', n_jobs=1,
          penalty='l1', random_state=None, solver='liblinear', tol=0.0001,
          verbose=0, warm_start=False)
01/04/2018 17:34:20 [INFO] exp_shallowmodel: train time: 9.237s
01/04/2018 17:34:20 [INFO] exp_shallowmodel: test time:  0.001s
01/04/2018 17:34:20 [INFO] exp_shallowmodel: accuracy:   0.875
01/04/2018 17:34:20 [INFO] exp_shallowmodel: f1_score:   0.669
01/04/2018 17:34:20 [INFO] exp_shallowmodel: classification report:
01/04/2018 17:34:20 [INFO] exp_shallowmodel:              precision    recall  f1-score   support

          A       0.71      0.22      0.33        23
          C       0.73      0.59      0.65        27
          F       0.94      0.98      0.96       250
          R       0.68      0.79      0.73        52

avg / total       0.87      0.88      0.86       352

01/04/2018 17:34:20 [INFO] exp_shallowmodel: confusion matrix:
01/04/2018 17:34:20 [INFO] exp_shallowmodel: 
[[  5   2   9   7]
 [  1  16   1   9]
 [  1   0 246   3]
 [  0   4   7  41]]
01/04/2018 17:34:20 [INFO] exp_shallowmodel: Feature selection of top 100, ranked by LR weights (selectable:non-selectable=62:38)
01/04/2018 17:34:28 [INFO] exp_shallowmodel: %%%%%%%%%%%%%%%%%%%%%%%%%%%%%%%%%%%%%%%%%%%%%%%%%%
01/04/2018 17:34:28 [INFO] exp_shallowmodel:           dataset=ghome
01/04/2018 17:34:28 [INFO] exp_shallowmodel:           k_feature_to_keep=11
01/04/2018 17:34:28 [INFO] exp_shallowmodel:           X_new.shape=(5241, 2960)
01/04/2018 17:34:28 [INFO] exp_shallowmodel:           #(X_selected)=2048
01/04/2018 17:34:28 [INFO] exp_shallowmodel:           #(X_not_selectable)=912
01/04/2018 17:34:28 [INFO] exp_shallowmodel: %%%%%%%%%%%%%%%%%%%%%%%%%%%%%%%%%%%%%%%%%%%%%%%%%%
01/04/2018 17:34:29 [INFO] exp_shallowmodel: ******************** ghome - Round 0 
01/04/2018 17:34:29 [INFO] exp_shallowmodel: #(data) = 4197
01/04/2018 17:34:29 [INFO] exp_shallowmodel: #(feature) = 2960
01/04/2018 17:34:29 [INFO] exp_shallowmodel: ================================================================================
01/04/2018 17:34:29 [INFO] exp_shallowmodel: LR.pen=l1.C=1.000000
01/04/2018 17:34:29 [INFO] exp_shallowmodel: ________________________________________________________________________________
01/04/2018 17:34:29 [INFO] exp_shallowmodel: Training: 
01/04/2018 17:34:29 [INFO] exp_shallowmodel: LogisticRegression(C=1, class_weight=None, dual=False, fit_intercept=True,
          intercept_scaling=1, max_iter=100, multi_class='ovr', n_jobs=1,
          penalty='l1', random_state=None, solver='liblinear', tol=0.0001,
          verbose=0, warm_start=False)
01/04/2018 17:34:43 [INFO] exp_shallowmodel: train time: 14.057s
01/04/2018 17:34:43 [INFO] exp_shallowmodel: test time:  0.002s
01/04/2018 17:34:43 [INFO] exp_shallowmodel: accuracy:   0.862
01/04/2018 17:34:43 [INFO] exp_shallowmodel: f1_score:   0.575
01/04/2018 17:34:43 [INFO] exp_shallowmodel: classification report:
01/04/2018 17:34:43 [INFO] exp_shallowmodel:              precision    recall  f1-score   support

          A       0.57      0.58      0.57        59
          C       1.00      0.08      0.15        12
          F       0.93      0.97      0.95       396
          R       0.68      0.58      0.63        55

avg / total       0.86      0.86      0.85       522

01/04/2018 17:34:43 [INFO] exp_shallowmodel: confusion matrix:
01/04/2018 17:34:43 [INFO] exp_shallowmodel: 
[[ 34   0  17   8]
 [  3   1   7   1]
 [  7   0 383   6]
 [ 16   0   7  32]]
01/04/2018 17:34:43 [INFO] exp_shallowmodel: ******************** ghome - Round 1 
01/04/2018 17:34:43 [INFO] exp_shallowmodel: #(data) = 4197
01/04/2018 17:34:43 [INFO] exp_shallowmodel: #(feature) = 2960
01/04/2018 17:34:43 [INFO] exp_shallowmodel: ================================================================================
01/04/2018 17:34:43 [INFO] exp_shallowmodel: LR.pen=l1.C=1.000000
01/04/2018 17:34:43 [INFO] exp_shallowmodel: ________________________________________________________________________________
01/04/2018 17:34:43 [INFO] exp_shallowmodel: Training: 
01/04/2018 17:34:43 [INFO] exp_shallowmodel: LogisticRegression(C=1, class_weight=None, dual=False, fit_intercept=True,
          intercept_scaling=1, max_iter=100, multi_class='ovr', n_jobs=1,
          penalty='l1', random_state=None, solver='liblinear', tol=0.0001,
          verbose=0, warm_start=False)
01/04/2018 17:35:00 [INFO] exp_shallowmodel: train time: 16.764s
01/04/2018 17:35:00 [INFO] exp_shallowmodel: test time:  0.002s
01/04/2018 17:35:00 [INFO] exp_shallowmodel: accuracy:   0.868
01/04/2018 17:35:00 [INFO] exp_shallowmodel: f1_score:   0.524
01/04/2018 17:35:00 [INFO] exp_shallowmodel: classification report:
01/04/2018 17:35:00 [INFO] exp_shallowmodel:              precision    recall  f1-score   support

          A       0.59      0.69      0.64        59
          C       0.00      0.00      0.00        12
          F       0.95      0.98      0.96       396
          R       0.57      0.44      0.49        55

avg / total       0.85      0.87      0.86       522

01/04/2018 17:35:00 [INFO] exp_shallowmodel: confusion matrix:
01/04/2018 17:35:00 [INFO] exp_shallowmodel: 
[[ 41   0   6  12]
 [  4   0   4   4]
 [  6   0 388   2]
 [ 19   1  11  24]]
01/04/2018 17:35:01 [INFO] exp_shallowmodel: Feature selection of top 100, ranked by LR weights (selectable:non-selectable=45:55)
