12/31/2017 18:15:55 [INFO] configuration: experiment_mode  :   feature_selection
12/31/2017 18:15:55 [INFO] configuration: deep_model  :   False
12/31/2017 18:15:55 [INFO] configuration: selected_context_id  :   0
12/31/2017 18:15:55 [INFO] configuration: selected_feature_set_id  :   11
12/31/2017 18:15:55 [INFO] configuration: similarity_feature  :   True
12/31/2017 18:15:55 [INFO] configuration: k_feature_to_keep  :   12
12/31/2017 18:15:55 [INFO] configuration: seed  :   154316847
12/31/2017 18:15:55 [INFO] configuration: root_path  :   /ihome/pbrusilosky/rum20/y_classify
12/31/2017 18:15:55 [INFO] configuration: task_name  :   utterance_type
12/31/2017 18:15:55 [INFO] configuration: timemark  :   20171231-181555
12/31/2017 18:15:55 [INFO] configuration: context_set  :   next
12/31/2017 18:15:55 [INFO] configuration: utterance_names  :   ['last_user_utterance', 'last_system_utterance', 'current_user_utterance', 'next_system_utterance', 'next_user_utterance']
12/31/2017 18:15:55 [INFO] configuration: utterance_range  :   ['current_user_utterance', 'next_system_utterance', 'next_user_utterance']
12/31/2017 18:15:55 [INFO] configuration: feature_set  :   11-[6+1.3.4]
12/31/2017 18:15:55 [INFO] configuration: feature_set_number  :   ['1', '2', '3', '5', '6', '7', '9']
12/31/2017 18:15:55 [INFO] configuration: experiment_name  :   20171231-181555.feature_selection.no_regularization.feature_number=12.context=next.feature=11-[6+1.3.4].similarity=true
12/31/2017 18:15:55 [INFO] configuration: experiment_path  :   /ihome/pbrusilosky/rum20/y_classify/output/20171231-181555.feature_selection.no_regularization.feature_number=12.context=next.feature=11-[6+1.3.4].similarity=true
12/31/2017 18:15:55 [INFO] configuration: log_path  :   /ihome/pbrusilosky/rum20/y_classify/output/20171231-181555.feature_selection.no_regularization.feature_number=12.context=next.feature=11-[6+1.3.4].similarity=true/output.log
12/31/2017 18:15:55 [INFO] configuration: valid_type  :   {'R', 'F', 'C', 'A'}
12/31/2017 18:15:55 [INFO] configuration: data_name  :   
12/31/2017 18:15:55 [INFO] configuration: data_names  :   ['dstc2', 'dstc3', 'family', 'ghome']
12/31/2017 18:15:55 [INFO] configuration: raw_feature_path  :   /ihome/pbrusilosky/rum20/y_classify/dataset/feature/%s.raw_feature.pkl
12/31/2017 18:15:55 [INFO] configuration: extracted_feature_path  :   /ihome/pbrusilosky/rum20/y_classify/dataset/feature/%s.extracted_feature.pkl
12/31/2017 18:15:55 [INFO] configuration: pipeline_path  :   /ihome/pbrusilosky/rum20/y_classify/dataset/feature/%s.pipeline.pkl
12/31/2017 18:15:55 [INFO] configuration: metrics  :   ['accuracy', 'precision', 'recall', 'f1_score', 'training_time', 'test_time']
12/31/2017 18:15:55 [INFO] configuration: do_cross_validation  :   True
12/31/2017 18:15:55 [INFO] configuration: #division  :   5
12/31/2017 18:15:55 [INFO] configuration: #cross_validation  :   10
12/31/2017 18:15:55 [INFO] configuration: cv_index_cache_path  :   
12/31/2017 18:15:55 [INFO] configuration: action_words  :   {'south', 'address', 'delete', 'list', 'remind', 'remov', 'music', 'shuffle', 'help', 'next', 'timer', 'findcare', 'food', 'clear', 'time', 'price', 'discard', 'alarm', 'snooz', 'skip', 'snooze', 'reminder', 'cast', 'show', 'shuffl', 'reminders', 'member', 'start', 'video', 'centr', 'share', 'matter', 'add', 'north', 'stop', 'item', 'room', 'song', 'cheap', 'expensive', 'part', 'post', 'else', 'volum', 'play', 'telephon', 'watch', 'area', 'number', 'expens', 'remove', 'volume', 'centre', 'moder', 'temperatur', 'any', 'ani', 'light', 'turn', 'delet', 'reminds', 'findcar', 'phone', 'els', 'weather', 'items', 'telephone', 'temperature', 'tell', 'moderate'}
12/31/2017 18:15:55 [INFO] configuration: corenlp_jars  :   ('/Users/memray/Project/stanford/stanford-corenlp-full-3.8.0/*', '/Users/memray/Project/stanford/stanford-corenlp-full-3.8.0/stanford-english-kbp-corenlp-2017-06-09-models.jar')
12/31/2017 18:15:55 [INFO] configuration: lda_topic_number  :   50
12/31/2017 18:15:55 [INFO] configuration: lda_path  :   /ihome/pbrusilosky/rum20/y_classify/dataset/feature/gensim/%s.topic=50.lda.pkl
12/31/2017 18:15:55 [INFO] configuration: gensim_corpus_path  :   /ihome/pbrusilosky/rum20/y_classify/dataset/feature/gensim/%s.corpus.pkl
12/31/2017 18:15:55 [INFO] configuration: gensim_dict_path  :   /ihome/pbrusilosky/rum20/y_classify/dataset/feature/gensim/%s.dict
12/31/2017 18:15:55 [INFO] configuration: w2v_path  :   /Users/memray/Data/glove/GoogleNews-vectors-negative300.bin
12/31/2017 18:15:55 [INFO] configuration: w2v_vector_length  :   300
12/31/2017 18:15:55 [INFO] configuration: d2v_vector_length  :   300
12/31/2017 18:15:55 [INFO] configuration: d2v_window_size  :   5
12/31/2017 18:15:55 [INFO] configuration: d2v_min_count  :   2
12/31/2017 18:15:55 [INFO] configuration: d2v_model_path  :   /ihome/pbrusilosky/rum20/y_classify/dataset/feature/gensim/%s.doc2vec.dim=300.window=5.min_count=2.model
12/31/2017 18:15:55 [INFO] configuration: d2v_vector_path  :   /ihome/pbrusilosky/rum20/y_classify/dataset/feature/gensim/%s.doc2vec.dim=300.window=5.min_count=2.vector
12/31/2017 18:15:55 [INFO] configuration: num_word_keep  :   {'dstc2': 300, 'dstc3': 300, 'family': 1000, 'ghome': 1000}
12/31/2017 18:15:55 [INFO] configuration: batch_size  :   128
12/31/2017 18:15:55 [INFO] configuration: max_epoch  :   50
12/31/2017 18:15:55 [INFO] configuration: early_stop_tolerance  :   2
12/31/2017 18:15:55 [INFO] configuration: concat_sents  :   False
12/31/2017 18:15:55 [INFO] configuration: cnn_setting  :   {'model': 'rand', 'early_stopping': True, 'word_dim': 300, 'filters': [3, 4, 5], 'filter_num': [100, 100, 100], 'class_size': 4, 'batch_size': 128, 'learning_rate': 0.001, 'norm_limit': 10, 'dropout_prob': 0.5, 'sentence_num': 3}
12/31/2017 18:15:55 [INFO] configuration: skipthought_setting  :   {'skipthought_model_path': '/Users/memray/Data/skip-thought', 'skipthought_data_path': '/ihome/pbrusilosky/rum20/y_classify/dataset/feature/gensim/%s.skip-thought.biskip.vector', 'fixed_emb': True, 'sentence_num': 3, 'hidden_size': 2400, 'class_size': 4, 'learning_rate': 0.0001, 'norm_limit': 3, 'dropout_prob': 0.5}
12/31/2017 18:15:55 [INFO] configuration: lstm_setting  :   {'model': 'non-static', 'hidden_size': 32, 'embedding_size': 300, 'num_layers': 1, 'bidirectional': False, 'learning_rate': 0.001, 'class_size': 4, 'norm_limit': 2, 'clip_grad_norm': 2, 'dropout_prob': 0.1}
12/31/2017 18:15:58 [INFO] exp_shallowmodel: 1	3

12/31/2017 18:15:58 [INFO] exp_shallowmodel: 2.1	50

12/31/2017 18:15:58 [INFO] exp_shallowmodel: 2.2	2

12/31/2017 18:15:58 [INFO] exp_shallowmodel: 2.3.1	1

12/31/2017 18:15:58 [INFO] exp_shallowmodel: 3	5

12/31/2017 18:15:58 [INFO] exp_shallowmodel: 5	2184

12/31/2017 18:15:58 [INFO] exp_shallowmodel: 6	245

12/31/2017 18:15:58 [INFO] exp_shallowmodel: 7	910

12/31/2017 18:15:58 [INFO] exp_shallowmodel: 9.1	900

12/31/2017 18:15:58 [INFO] exp_shallowmodel: 9.2.1	1

12/31/2017 18:15:58 [INFO] exp_shallowmodel: 9.3.1	1

