02/21/2018 22:12:43 [INFO] configuration: experiment_mode  :   continuous_feature_selection
02/21/2018 22:12:43 [INFO] configuration: deep_model  :   False
02/21/2018 22:12:43 [INFO] configuration: selected_context_id  :   0
02/21/2018 22:12:43 [INFO] configuration: selected_feature_set_id  :   15
02/21/2018 22:12:43 [INFO] configuration: similarity_feature  :   False
02/21/2018 22:12:43 [INFO] configuration: k_feature_to_keep  :   8
02/21/2018 22:12:43 [INFO] configuration: k_component_for_pca  :   8
02/21/2018 22:12:43 [INFO] configuration: seed  :   154316847
02/21/2018 22:12:43 [INFO] configuration: root_path  :   /zfs1/pbrusilovsky/rum20/y_classify
02/21/2018 22:12:43 [INFO] configuration: task_name  :   utterance_type
02/21/2018 22:12:43 [INFO] configuration: timemark  :   20180221-221243
02/21/2018 22:12:43 [INFO] configuration: context_set  :   next
02/21/2018 22:12:43 [INFO] configuration: utterance_names  :   ['last_user_utterance', 'last_system_utterance', 'current_user_utterance', 'next_system_utterance', 'next_user_utterance']
02/21/2018 22:12:43 [INFO] configuration: utterance_range  :   ['current_user_utterance', 'next_system_utterance', 'next_user_utterance']
02/21/2018 22:12:43 [INFO] configuration: feature_set  :   15-[5+1.2.3.4]
02/21/2018 22:12:43 [INFO] configuration: feature_set_number  :   ['8', '1', '2', '3', '4', '5', '6', '7']
02/21/2018 22:12:43 [INFO] configuration: experiment_name  :   20180221-221243.continuous_feature_selection.pca_component=8.feature_number=8.context=next.feature=15-[5+1.2.3.4].similarity=false
02/21/2018 22:12:43 [INFO] configuration: experiment_path  :   /zfs1/pbrusilovsky/rum20/y_classify/output/20180221-221243.continuous_feature_selection.pca_component=8.feature_number=8.context=next.feature=15-[5+1.2.3.4].similarity=false
02/21/2018 22:12:43 [INFO] configuration: log_path  :   /zfs1/pbrusilovsky/rum20/y_classify/output/20180221-221243.continuous_feature_selection.pca_component=8.feature_number=8.context=next.feature=15-[5+1.2.3.4].similarity=false/output.log
02/21/2018 22:12:43 [INFO] configuration: valid_type  :   {'F', 'R', 'A', 'C'}
02/21/2018 22:12:43 [INFO] configuration: data_name  :   
02/21/2018 22:12:43 [INFO] configuration: data_names  :   ['dstc2', 'dstc3', 'family', 'ghome']
02/21/2018 22:12:43 [INFO] configuration: raw_feature_path  :   /zfs1/pbrusilovsky/rum20/y_classify/dataset/feature/%s.raw_feature.pkl
02/21/2018 22:12:43 [INFO] configuration: extracted_feature_path  :   /zfs1/pbrusilovsky/rum20/y_classify/dataset/feature/%s.extracted_feature.pkl
02/21/2018 22:12:43 [INFO] configuration: pipeline_path  :   /zfs1/pbrusilovsky/rum20/y_classify/dataset/feature/%s.pipeline.pkl
02/21/2018 22:12:43 [INFO] configuration: metrics  :   ['accuracy', 'precision', 'recall', 'f1_score', 'training_time', 'test_time']
02/21/2018 22:12:43 [INFO] configuration: do_cross_validation  :   True
02/21/2018 22:12:43 [INFO] configuration: #division  :   5
02/21/2018 22:12:43 [INFO] configuration: #cross_validation  :   10
02/21/2018 22:12:43 [INFO] configuration: cv_index_cache_path  :   
02/21/2018 22:12:43 [INFO] configuration: action_words  :   {'member', 'remind', 'time', 'delet', 'expens', 'number', 'north', 'start', 'turn', 'els', 'findcare', 'help', 'volume', 'snooze', 'post', 'moderate', 'music', 'skip', 'ani', 'show', 'part', 'remove', 'add', 'timer', 'address', 'alarm', 'item', 'discard', 'findcar', 'cast', 'reminders', 'any', 'stop', 'shuffle', 'temperature', 'south', 'telephon', 'reminder', 'centre', 'list', 'area', 'shuffl', 'volum', 'reminds', 'moder', 'matter', 'telephone', 'next', 'price', 'watch', 'tell', 'video', 'song', 'weather', 'share', 'snooz', 'cheap', 'items', 'expensive', 'light', 'else', 'food', 'play', 'remov', 'temperatur', 'delete', 'phone', 'clear', 'centr', 'room'}
02/21/2018 22:12:43 [INFO] configuration: corenlp_jars  :   ('/Users/memray/Project/stanford/stanford-corenlp-full-3.8.0/*', '/Users/memray/Project/stanford/stanford-corenlp-full-3.8.0/stanford-english-kbp-corenlp-2017-06-09-models.jar')
02/21/2018 22:12:43 [INFO] configuration: lda_topic_number  :   50
02/21/2018 22:12:43 [INFO] configuration: lda_path  :   /zfs1/pbrusilovsky/rum20/y_classify/dataset/feature/gensim/%s.topic=50.lda.pkl
02/21/2018 22:12:43 [INFO] configuration: gensim_corpus_path  :   /zfs1/pbrusilovsky/rum20/y_classify/dataset/feature/gensim/%s.corpus.pkl
02/21/2018 22:12:43 [INFO] configuration: gensim_dict_path  :   /zfs1/pbrusilovsky/rum20/y_classify/dataset/feature/gensim/%s.dict
02/21/2018 22:12:43 [INFO] configuration: w2v_path  :   /home/memray/Data/glove/GoogleNews-vectors-negative300.bin
02/21/2018 22:12:43 [INFO] configuration: w2v_vector_length  :   300
02/21/2018 22:12:43 [INFO] configuration: d2v_vector_length  :   300
02/21/2018 22:12:43 [INFO] configuration: d2v_window_size  :   5
02/21/2018 22:12:43 [INFO] configuration: d2v_min_count  :   2
02/21/2018 22:12:43 [INFO] configuration: d2v_model_path  :   /zfs1/pbrusilovsky/rum20/y_classify/dataset/feature/gensim/%s.doc2vec.dim=300.window=5.min_count=2.model
02/21/2018 22:12:43 [INFO] configuration: d2v_vector_path  :   /zfs1/pbrusilovsky/rum20/y_classify/dataset/feature/gensim/%s.doc2vec.dim=300.window=5.min_count=2.vector
02/21/2018 22:12:43 [INFO] configuration: num_word_keep  :   {'dstc2': 300, 'dstc3': 300, 'family': 1000, 'ghome': 1000}
02/21/2018 22:12:43 [INFO] configuration: batch_size  :   128
02/21/2018 22:12:43 [INFO] configuration: max_epoch  :   50
02/21/2018 22:12:43 [INFO] configuration: early_stop_tolerance  :   2
02/21/2018 22:12:43 [INFO] configuration: concat_sents  :   False
02/21/2018 22:12:43 [INFO] configuration: cnn_setting  :   {'model': 'rand', 'early_stopping': True, 'word_dim': 300, 'filters': [3, 4, 5], 'filter_num': [100, 100, 100], 'class_size': 4, 'batch_size': 128, 'learning_rate': 0.001, 'norm_limit': 10, 'dropout_prob': 0.0, 'sentence_num': 3}
02/21/2018 22:12:43 [INFO] configuration: skipthought_setting  :   {'skipthought_model_path': '/Users/memray/Data/skip-thought', 'skipthought_data_path': '/zfs1/pbrusilovsky/rum20/y_classify/dataset/feature/gensim/%s.skip-thought.biskip.vector', 'fixed_emb': True, 'sentence_num': 3, 'hidden_size': 2400, 'class_size': 4, 'learning_rate': 0.0001, 'norm_limit': 3, 'dropout_prob': 0.5}
02/21/2018 22:12:43 [INFO] configuration: lstm_setting  :   {'model': 'non-static', 'hidden_size': 32, 'embedding_size': 300, 'num_layers': 1, 'bidirectional': False, 'learning_rate': 0.001, 'class_size': 4, 'norm_limit': 2, 'clip_grad_norm': 2, 'dropout_prob': 0.1}
02/21/2018 22:12:46 [INFO] task_runner: %%%%%%%%%%%%%%%%%%%%%%%%%%%%%%%%%%%%%%%%%%%%%%%%%%
02/21/2018 22:12:46 [INFO] task_runner: context=next, feature=15-[5+1.2.3.4], similarity=False
02/21/2018 22:12:46 [INFO] task_runner: Before filtering, #(feature)=30328
02/21/2018 22:12:46 [INFO] exp_shallowmodel: 1 : 5
02/21/2018 22:12:46 [INFO] exp_shallowmodel: 		2.1 : 76
02/21/2018 22:12:46 [INFO] exp_shallowmodel: 2 : 81
02/21/2018 22:12:46 [INFO] exp_shallowmodel: 		2.2 : 3
02/21/2018 22:12:46 [INFO] exp_shallowmodel: 		2.3.1 : 1
02/21/2018 22:12:46 [INFO] exp_shallowmodel: 		2.3.2 : 1
02/21/2018 22:12:46 [INFO] exp_shallowmodel: 3 : 5
02/21/2018 22:12:46 [INFO] exp_shallowmodel: 		4.1 : 9227
02/21/2018 22:12:46 [INFO] exp_shallowmodel: 4 : 9231
02/21/2018 22:12:46 [INFO] exp_shallowmodel: 		4.2.1 : 1
02/21/2018 22:12:46 [INFO] exp_shallowmodel: 		4.2.2 : 1
02/21/2018 22:12:46 [INFO] exp_shallowmodel: 		4.3.1 : 1
02/21/2018 22:12:46 [INFO] exp_shallowmodel: 		4.3.2 : 1
02/21/2018 22:12:46 [INFO] exp_shallowmodel: 5 : 3801
02/21/2018 22:12:46 [INFO] exp_shallowmodel: 6 : 452
02/21/2018 22:12:46 [INFO] exp_shallowmodel: 7 : 1493
02/21/2018 22:12:46 [INFO] exp_shallowmodel: 		8.1 : 250
02/21/2018 22:12:46 [INFO] exp_shallowmodel: 8 : 252
02/21/2018 22:12:46 [INFO] exp_shallowmodel: 		8.2.1 : 1
02/21/2018 22:12:46 [INFO] exp_shallowmodel: 		8.2.2 : 1
02/21/2018 22:12:46 [INFO] exp_shallowmodel: 		9.1 : 1500
02/21/2018 22:12:46 [INFO] exp_shallowmodel: 9 : 1504
02/21/2018 22:12:46 [INFO] exp_shallowmodel: 		9.2.1 : 1
02/21/2018 22:12:46 [INFO] exp_shallowmodel: 		9.2.2 : 1
02/21/2018 22:12:46 [INFO] exp_shallowmodel: 		9.3.1 : 1
02/21/2018 22:12:46 [INFO] exp_shallowmodel: 		9.3.2 : 1
02/21/2018 22:12:46 [INFO] exp_shallowmodel: 		10.1 : 1500
02/21/2018 22:12:46 [INFO] exp_shallowmodel: 10 : 1502
02/21/2018 22:12:46 [INFO] exp_shallowmodel: 		10.2.1 : 1
02/21/2018 22:12:46 [INFO] exp_shallowmodel: 		10.2.2 : 1
02/21/2018 22:12:46 [INFO] exp_shallowmodel: 		11.1 : 12000
02/21/2018 22:12:46 [INFO] exp_shallowmodel: 11 : 12002
02/21/2018 22:12:46 [INFO] exp_shallowmodel: 		11.2.1 : 1
02/21/2018 22:12:46 [INFO] exp_shallowmodel: 		11.2.2 : 1
02/21/2018 22:12:46 [INFO] task_runner: After filtering, #(feature)=8714
02/21/2018 22:12:46 [INFO] task_runner: retained feature id=[1, 2.1, 2.2, 3, 4.1, 5, 6, 7, 8.1]
02/21/2018 22:12:46 [INFO] task_runner: #(data)=5725
02/21/2018 22:12:46 [INFO] task_runner: #(feature)=8714/30328
02/21/2018 22:12:46 [INFO] exp_shallowmodel: 1 : 3
02/21/2018 22:12:46 [INFO] exp_shallowmodel: 		2.1 : 50
02/21/2018 22:12:46 [INFO] exp_shallowmodel: 2 : 52
02/21/2018 22:12:46 [INFO] exp_shallowmodel: 		2.2 : 2
02/21/2018 22:12:46 [INFO] exp_shallowmodel: 3 : 5
02/21/2018 22:12:46 [INFO] exp_shallowmodel: 		4.1 : 5174
02/21/2018 22:12:46 [INFO] exp_shallowmodel: 4 : 5174
02/21/2018 22:12:46 [INFO] exp_shallowmodel: 5 : 2181
02/21/2018 22:12:46 [INFO] exp_shallowmodel: 6 : 242
02/21/2018 22:12:46 [INFO] exp_shallowmodel: 7 : 907
02/21/2018 22:12:46 [INFO] exp_shallowmodel: 		8.1 : 150
02/21/2018 22:12:46 [INFO] exp_shallowmodel: 8 : 150
02/21/2018 22:12:46 [INFO] task_runner: %%%%%%%%%%%%%%%%%%%%%%%%%%%%%%%%%%%%%%%%%%%%%%%%%%
