01/23/2018 16:06:55 [INFO] configuration: experiment_mode  :   report_feature_importance
01/23/2018 16:06:55 [INFO] configuration: deep_model  :   False
01/23/2018 16:06:55 [INFO] configuration: selected_context_id  :   0
01/23/2018 16:06:55 [INFO] configuration: selected_feature_set_id  :   0
01/23/2018 16:06:55 [INFO] configuration: similarity_feature  :   True
01/23/2018 16:06:55 [INFO] configuration: k_feature_to_keep  :   -1
01/23/2018 16:06:55 [INFO] configuration: k_component_for_pca  :   -1
01/23/2018 16:06:55 [INFO] configuration: seed  :   154316847
01/23/2018 16:06:55 [INFO] configuration: root_path  :   /Users/memray/Project/yahoo/y_classify/
01/23/2018 16:06:55 [INFO] configuration: task_name  :   utterance_type
01/23/2018 16:06:55 [INFO] configuration: timemark  :   20180123-160655
01/23/2018 16:06:55 [INFO] configuration: context_set  :   next
01/23/2018 16:06:55 [INFO] configuration: utterance_names  :   ['last_user_utterance', 'last_system_utterance', 'current_user_utterance', 'next_system_utterance', 'next_user_utterance']
01/23/2018 16:06:55 [INFO] configuration: utterance_range  :   ['current_user_utterance', 'next_system_utterance', 'next_user_utterance']
01/23/2018 16:06:55 [INFO] configuration: feature_set  :   0-all
01/23/2018 16:06:55 [INFO] configuration: feature_set_number  :   ['1', '2', '3', '4', '5', '6', '7', '8', '9', '10', '11']
01/23/2018 16:06:55 [INFO] configuration: experiment_name  :   20180123-160655.report_feature_importance.context=next.feature=0-all.similarity=true
01/23/2018 16:06:55 [INFO] configuration: experiment_path  :   /Users/memray/Project/yahoo/y_classify/output/20180123-160655.report_feature_importance.context=next.feature=0-all.similarity=true
01/23/2018 16:06:55 [INFO] configuration: log_path  :   /Users/memray/Project/yahoo/y_classify/output/20180123-160655.report_feature_importance.context=next.feature=0-all.similarity=true/output.log
01/23/2018 16:06:55 [INFO] configuration: valid_type  :   {'R', 'C', 'A', 'F'}
01/23/2018 16:06:55 [INFO] configuration: data_name  :   
01/23/2018 16:06:55 [INFO] configuration: data_names  :   ['dstc2', 'dstc3', 'family', 'ghome']
01/23/2018 16:06:55 [INFO] configuration: raw_feature_path  :   /Users/memray/Project/yahoo/y_classify/dataset/feature/%s.raw_feature.pkl
01/23/2018 16:06:55 [INFO] configuration: extracted_feature_path  :   /Users/memray/Project/yahoo/y_classify/dataset/feature/%s.extracted_feature.pkl
01/23/2018 16:06:55 [INFO] configuration: pipeline_path  :   /Users/memray/Project/yahoo/y_classify/dataset/feature/%s.pipeline.pkl
01/23/2018 16:06:55 [INFO] configuration: metrics  :   ['accuracy', 'precision', 'recall', 'f1_score', 'training_time', 'test_time']
01/23/2018 16:06:55 [INFO] configuration: do_cross_validation  :   True
01/23/2018 16:06:55 [INFO] configuration: #division  :   5
01/23/2018 16:06:55 [INFO] configuration: #cross_validation  :   10
01/23/2018 16:06:55 [INFO] configuration: cv_index_cache_path  :   
01/23/2018 16:06:55 [INFO] configuration: action_words  :   {'findcar', 'snooz', 'moder', 'phone', 'timer', 'remov', 'time', 'number', 'volum', 'items', 'delete', 'discard', 'song', 'reminds', 'shuffle', 'delet', 'tell', 'room', 'expens', 'telephone', 'post', 'start', 'next', 'telephon', 'findcare', 'video', 'weather', 'price', 'expensive', 'address', 'south', 'share', 'alarm', 'skip', 'show', 'area', 'north', 'add', 'else', 'cheap', 'shuffl', 'watch', 'cast', 'stop', 'temperature', 'member', 'any', 'snooze', 'help', 'els', 'matter', 'moderate', 'reminders', 'item', 'remove', 'turn', 'music', 'volume', 'reminder', 'play', 'temperatur', 'centr', 'food', 'list', 'centre', 'part', 'clear', 'ani', 'remind', 'light'}
01/23/2018 16:06:55 [INFO] configuration: corenlp_jars  :   ('/Users/memray/Project/stanford/stanford-corenlp-full-3.8.0/*', '/Users/memray/Project/stanford/stanford-corenlp-full-3.8.0/stanford-english-kbp-corenlp-2017-06-09-models.jar')
01/23/2018 16:06:55 [INFO] configuration: lda_topic_number  :   50
01/23/2018 16:06:55 [INFO] configuration: lda_path  :   /Users/memray/Project/yahoo/y_classify/dataset/feature/gensim/%s.topic=50.lda.pkl
01/23/2018 16:06:55 [INFO] configuration: gensim_corpus_path  :   /Users/memray/Project/yahoo/y_classify/dataset/feature/gensim/%s.corpus.pkl
01/23/2018 16:06:55 [INFO] configuration: gensim_dict_path  :   /Users/memray/Project/yahoo/y_classify/dataset/feature/gensim/%s.dict
01/23/2018 16:06:55 [INFO] configuration: w2v_path  :   /home/memray/Data/glove/GoogleNews-vectors-negative300.bin
01/23/2018 16:06:55 [INFO] configuration: w2v_vector_length  :   300
01/23/2018 16:06:55 [INFO] configuration: d2v_vector_length  :   300
01/23/2018 16:06:55 [INFO] configuration: d2v_window_size  :   5
01/23/2018 16:06:55 [INFO] configuration: d2v_min_count  :   2
01/23/2018 16:06:55 [INFO] configuration: d2v_model_path  :   /Users/memray/Project/yahoo/y_classify/dataset/feature/gensim/%s.doc2vec.dim=300.window=5.min_count=2.model
01/23/2018 16:06:55 [INFO] configuration: d2v_vector_path  :   /Users/memray/Project/yahoo/y_classify/dataset/feature/gensim/%s.doc2vec.dim=300.window=5.min_count=2.vector
01/23/2018 16:06:55 [INFO] configuration: num_word_keep  :   {'dstc2': 300, 'dstc3': 300, 'family': 1000, 'ghome': 1000}
01/23/2018 16:06:55 [INFO] configuration: batch_size  :   128
01/23/2018 16:06:55 [INFO] configuration: max_epoch  :   50
01/23/2018 16:06:55 [INFO] configuration: early_stop_tolerance  :   2
01/23/2018 16:06:55 [INFO] configuration: concat_sents  :   False
01/23/2018 16:06:55 [INFO] configuration: cnn_setting  :   {'model': 'multichannel', 'early_stopping': True, 'word_dim': 300, 'filters': [3, 4, 5], 'filter_num': [100, 100, 100], 'class_size': 4, 'batch_size': 128, 'learning_rate': 0.001, 'norm_limit': 10, 'dropout_prob': 0.0, 'sentence_num': 3}
01/23/2018 16:06:55 [INFO] configuration: skipthought_setting  :   {'skipthought_model_path': '/Users/memray/Data/skip-thought', 'skipthought_data_path': '/Users/memray/Project/yahoo/y_classify/dataset/feature/gensim/%s.skip-thought.biskip.vector', 'fixed_emb': True, 'sentence_num': 3, 'hidden_size': 2400, 'class_size': 4, 'learning_rate': 0.0001, 'norm_limit': 3, 'dropout_prob': 0.5}
01/23/2018 16:06:55 [INFO] configuration: lstm_setting  :   {'model': 'non-static', 'hidden_size': 32, 'embedding_size': 300, 'num_layers': 1, 'bidirectional': False, 'learning_rate': 0.001, 'class_size': 4, 'norm_limit': 2, 'clip_grad_norm': 2, 'dropout_prob': 0.1}
01/23/2018 16:07:08 [INFO] exp_shallowmodel: 1	3

01/23/2018 16:07:08 [INFO] exp_shallowmodel: 10.1	900

01/23/2018 16:07:09 [INFO] exp_shallowmodel: 10.2.1	1

01/23/2018 16:07:09 [INFO] exp_shallowmodel: 11.1	7200

01/23/2018 16:07:09 [INFO] exp_shallowmodel: 11.2.1	1

01/23/2018 16:07:09 [INFO] exp_shallowmodel: 2.1	50

01/23/2018 16:07:09 [INFO] exp_shallowmodel: 2.2	2

01/23/2018 16:07:09 [INFO] exp_shallowmodel: 2.3.1	1

01/23/2018 16:07:09 [INFO] exp_shallowmodel: 3	5

01/23/2018 16:07:09 [INFO] exp_shallowmodel: 4.1	5174

01/23/2018 16:07:09 [INFO] exp_shallowmodel: 4.2.1	1

01/23/2018 16:07:09 [INFO] exp_shallowmodel: 4.3.1	1

01/23/2018 16:07:09 [INFO] exp_shallowmodel: 5	2184

01/23/2018 16:07:09 [INFO] exp_shallowmodel: 6	245

01/23/2018 16:07:09 [INFO] exp_shallowmodel: 7	910

01/23/2018 16:07:09 [INFO] exp_shallowmodel: 8.1	150

01/23/2018 16:07:09 [INFO] exp_shallowmodel: 8.2.1	1

01/23/2018 16:07:09 [INFO] exp_shallowmodel: 9.1	900

01/23/2018 16:07:09 [INFO] exp_shallowmodel: 9.2.1	1

01/23/2018 16:07:09 [INFO] exp_shallowmodel: 9.3.1	1

01/23/2018 16:07:48 [INFO] exp_shallowmodel: 1	3

01/23/2018 16:07:48 [INFO] exp_shallowmodel: 10.1	900

01/23/2018 16:07:48 [INFO] exp_shallowmodel: 10.2.1	1

01/23/2018 16:07:48 [INFO] exp_shallowmodel: 11.1	7200

01/23/2018 16:07:48 [INFO] exp_shallowmodel: 11.2.1	1

01/23/2018 16:07:48 [INFO] exp_shallowmodel: 2.1	46

01/23/2018 16:07:48 [INFO] exp_shallowmodel: 2.2	2

01/23/2018 16:07:48 [INFO] exp_shallowmodel: 2.3.1	1

01/23/2018 16:07:48 [INFO] exp_shallowmodel: 3	5

01/23/2018 16:07:48 [INFO] exp_shallowmodel: 4.1	7852

01/23/2018 16:07:48 [INFO] exp_shallowmodel: 4.2.1	1

01/23/2018 16:07:48 [INFO] exp_shallowmodel: 4.3.1	1

01/23/2018 16:07:48 [INFO] exp_shallowmodel: 5	2624

01/23/2018 16:07:48 [INFO] exp_shallowmodel: 6	487

01/23/2018 16:07:48 [INFO] exp_shallowmodel: 7	1130

01/23/2018 16:07:48 [INFO] exp_shallowmodel: 8.1	150

01/23/2018 16:07:48 [INFO] exp_shallowmodel: 8.2.1	1

01/23/2018 16:07:48 [INFO] exp_shallowmodel: 9.1	900

01/23/2018 16:07:48 [INFO] exp_shallowmodel: 9.2.1	1

01/23/2018 16:07:48 [INFO] exp_shallowmodel: 9.3.1	1

01/23/2018 16:08:16 [INFO] exp_shallowmodel: 1	3

01/23/2018 16:08:16 [INFO] exp_shallowmodel: 10.1	900

01/23/2018 16:08:16 [INFO] exp_shallowmodel: 10.2.1	1

01/23/2018 16:08:16 [INFO] exp_shallowmodel: 11.1	7200

01/23/2018 16:08:16 [INFO] exp_shallowmodel: 11.2.1	1

01/23/2018 16:08:16 [INFO] exp_shallowmodel: 2.1	52

01/23/2018 16:08:16 [INFO] exp_shallowmodel: 2.2	2

01/23/2018 16:08:16 [INFO] exp_shallowmodel: 2.3.1	1

01/23/2018 16:08:16 [INFO] exp_shallowmodel: 3	5

01/23/2018 16:08:16 [INFO] exp_shallowmodel: 4.1	24419

01/23/2018 16:08:16 [INFO] exp_shallowmodel: 4.2.1	1

01/23/2018 16:08:16 [INFO] exp_shallowmodel: 4.3.1	1

01/23/2018 16:08:16 [INFO] exp_shallowmodel: 5	14903

01/23/2018 16:08:16 [INFO] exp_shallowmodel: 6	2978

01/23/2018 16:08:16 [INFO] exp_shallowmodel: 7	4659

01/23/2018 16:08:16 [INFO] exp_shallowmodel: 8.1	150

01/23/2018 16:08:16 [INFO] exp_shallowmodel: 8.2.1	1

01/23/2018 16:08:17 [INFO] exp_shallowmodel: 9.1	900

01/23/2018 16:08:17 [INFO] exp_shallowmodel: 9.2.1	1

01/23/2018 16:08:17 [INFO] exp_shallowmodel: 9.3.1	1

01/23/2018 16:08:50 [INFO] exp_shallowmodel: 1	3

01/23/2018 16:08:50 [INFO] exp_shallowmodel: 10.1	900

01/23/2018 16:08:50 [INFO] exp_shallowmodel: 10.2.1	1

01/23/2018 16:08:50 [INFO] exp_shallowmodel: 11.1	7200

01/23/2018 16:08:50 [INFO] exp_shallowmodel: 11.2.1	1

01/23/2018 16:08:50 [INFO] exp_shallowmodel: 2.1	82

01/23/2018 16:08:50 [INFO] exp_shallowmodel: 2.2	2

01/23/2018 16:08:50 [INFO] exp_shallowmodel: 2.3.1	1

01/23/2018 16:08:50 [INFO] exp_shallowmodel: 3	5

01/23/2018 16:08:50 [INFO] exp_shallowmodel: 4.1	12070

01/23/2018 16:08:50 [INFO] exp_shallowmodel: 4.2.1	1

01/23/2018 16:08:50 [INFO] exp_shallowmodel: 4.3.1	1

01/23/2018 16:08:50 [INFO] exp_shallowmodel: 5	14947

01/23/2018 16:08:50 [INFO] exp_shallowmodel: 6	3530

01/23/2018 16:08:50 [INFO] exp_shallowmodel: 7	4335

01/23/2018 16:08:50 [INFO] exp_shallowmodel: 8.1	150

01/23/2018 16:08:50 [INFO] exp_shallowmodel: 8.2.1	1

01/23/2018 16:08:50 [INFO] exp_shallowmodel: 9.1	900

01/23/2018 16:08:50 [INFO] exp_shallowmodel: 9.2.1	1

01/23/2018 16:08:51 [INFO] exp_shallowmodel: 9.3.1	1

