01/29/2018 20:20:41 [INFO] configuration: experiment_mode  :   continuous_feature_selection
01/29/2018 20:20:41 [INFO] configuration: deep_model  :   False
01/29/2018 20:20:41 [INFO] configuration: selected_context_id  :   0
01/29/2018 20:20:41 [INFO] configuration: selected_feature_set_id  :   6
01/29/2018 20:20:41 [INFO] configuration: similarity_feature  :   True
01/29/2018 20:20:41 [INFO] configuration: k_feature_to_keep  :   -1
01/29/2018 20:20:41 [INFO] configuration: k_component_for_pca  :   6
01/29/2018 20:20:41 [INFO] configuration: seed  :   154316847
01/29/2018 20:20:41 [INFO] configuration: root_path  :   /ihome/pbrusilosky/rum20/y_classify
01/29/2018 20:20:41 [INFO] configuration: task_name  :   utterance_type
01/29/2018 20:20:41 [INFO] configuration: timemark  :   20180129-202041
01/29/2018 20:20:41 [INFO] configuration: context_set  :   next
01/29/2018 20:20:41 [INFO] configuration: utterance_names  :   ['last_user_utterance', 'last_system_utterance', 'current_user_utterance', 'next_system_utterance', 'next_user_utterance']
01/29/2018 20:20:41 [INFO] configuration: utterance_range  :   ['current_user_utterance', 'next_system_utterance', 'next_user_utterance']
01/29/2018 20:20:41 [INFO] configuration: feature_set  :   6-w2v
01/29/2018 20:20:41 [INFO] configuration: feature_set_number  :   ['9']
01/29/2018 20:20:41 [INFO] configuration: experiment_name  :   20180129-202041.continuous_feature_selection.pca_component=6.feature_number=-1.context=next.feature=6-w2v.similarity=true
01/29/2018 20:20:41 [INFO] configuration: experiment_path  :   /ihome/pbrusilosky/rum20/y_classify/output/20180129-202041.continuous_feature_selection.pca_component=6.feature_number=-1.context=next.feature=6-w2v.similarity=true
01/29/2018 20:20:41 [INFO] configuration: log_path  :   /ihome/pbrusilosky/rum20/y_classify/output/20180129-202041.continuous_feature_selection.pca_component=6.feature_number=-1.context=next.feature=6-w2v.similarity=true/output.log
01/29/2018 20:20:41 [INFO] configuration: valid_type  :   {'C', 'F', 'A', 'R'}
01/29/2018 20:20:41 [INFO] configuration: data_name  :   
01/29/2018 20:20:41 [INFO] configuration: data_names  :   ['dstc2', 'dstc3', 'family', 'ghome']
01/29/2018 20:20:41 [INFO] configuration: raw_feature_path  :   /ihome/pbrusilosky/rum20/y_classify/dataset/feature/%s.raw_feature.pkl
01/29/2018 20:20:41 [INFO] configuration: extracted_feature_path  :   /ihome/pbrusilosky/rum20/y_classify/dataset/feature/%s.extracted_feature.pkl
01/29/2018 20:20:41 [INFO] configuration: pipeline_path  :   /ihome/pbrusilosky/rum20/y_classify/dataset/feature/%s.pipeline.pkl
01/29/2018 20:20:41 [INFO] configuration: metrics  :   ['accuracy', 'precision', 'recall', 'f1_score', 'training_time', 'test_time']
01/29/2018 20:20:41 [INFO] configuration: do_cross_validation  :   True
01/29/2018 20:20:41 [INFO] configuration: #division  :   5
01/29/2018 20:20:41 [INFO] configuration: #cross_validation  :   10
01/29/2018 20:20:41 [INFO] configuration: cv_index_cache_path  :   
01/29/2018 20:20:41 [INFO] configuration: action_words  :   {'cast', 'telephon', 'temperatur', 'centr', 'shuffle', 'delete', 'remov', 'room', 'items', 'video', 'volume', 'cheap', 'address', 'show', 'findcar', 'delet', 'stop', 'snooze', 'add', 'food', 'ani', 'help', 'song', 'weather', 'price', 'south', 'phone', 'north', 'area', 'moder', 'part', 'expens', 'discard', 'member', 'share', 'telephone', 'number', 'play', 'els', 'skip', 'watch', 'start', 'time', 'matter', 'turn', 'reminder', 'post', 'findcare', 'clear', 'list', 'snooz', 'temperature', 'moderate', 'reminds', 'expensive', 'next', 'item', 'centre', 'reminders', 'remove', 'remind', 'music', 'timer', 'tell', 'shuffl', 'light', 'else', 'alarm', 'volum', 'any'}
01/29/2018 20:20:41 [INFO] configuration: corenlp_jars  :   ('/Users/memray/Project/stanford/stanford-corenlp-full-3.8.0/*', '/Users/memray/Project/stanford/stanford-corenlp-full-3.8.0/stanford-english-kbp-corenlp-2017-06-09-models.jar')
01/29/2018 20:20:41 [INFO] configuration: lda_topic_number  :   50
01/29/2018 20:20:41 [INFO] configuration: lda_path  :   /ihome/pbrusilosky/rum20/y_classify/dataset/feature/gensim/%s.topic=50.lda.pkl
01/29/2018 20:20:41 [INFO] configuration: gensim_corpus_path  :   /ihome/pbrusilosky/rum20/y_classify/dataset/feature/gensim/%s.corpus.pkl
01/29/2018 20:20:41 [INFO] configuration: gensim_dict_path  :   /ihome/pbrusilosky/rum20/y_classify/dataset/feature/gensim/%s.dict
01/29/2018 20:20:41 [INFO] configuration: w2v_path  :   /home/memray/Data/glove/GoogleNews-vectors-negative300.bin
01/29/2018 20:20:41 [INFO] configuration: w2v_vector_length  :   300
01/29/2018 20:20:41 [INFO] configuration: d2v_vector_length  :   300
01/29/2018 20:20:41 [INFO] configuration: d2v_window_size  :   5
01/29/2018 20:20:41 [INFO] configuration: d2v_min_count  :   2
01/29/2018 20:20:41 [INFO] configuration: d2v_model_path  :   /ihome/pbrusilosky/rum20/y_classify/dataset/feature/gensim/%s.doc2vec.dim=300.window=5.min_count=2.model
01/29/2018 20:20:41 [INFO] configuration: d2v_vector_path  :   /ihome/pbrusilosky/rum20/y_classify/dataset/feature/gensim/%s.doc2vec.dim=300.window=5.min_count=2.vector
01/29/2018 20:20:41 [INFO] configuration: num_word_keep  :   {'dstc2': 300, 'dstc3': 300, 'family': 1000, 'ghome': 1000}
01/29/2018 20:20:41 [INFO] configuration: batch_size  :   128
01/29/2018 20:20:41 [INFO] configuration: max_epoch  :   50
01/29/2018 20:20:41 [INFO] configuration: early_stop_tolerance  :   2
01/29/2018 20:20:41 [INFO] configuration: concat_sents  :   False
01/29/2018 20:20:41 [INFO] configuration: cnn_setting  :   {'model': 'multichannel', 'early_stopping': True, 'word_dim': 300, 'filters': [3, 4, 5], 'filter_num': [100, 100, 100], 'class_size': 4, 'batch_size': 128, 'learning_rate': 0.001, 'norm_limit': 10, 'dropout_prob': 0.0, 'sentence_num': 3}
01/29/2018 20:20:41 [INFO] configuration: skipthought_setting  :   {'skipthought_model_path': '/Users/memray/Data/skip-thought', 'skipthought_data_path': '/ihome/pbrusilosky/rum20/y_classify/dataset/feature/gensim/%s.skip-thought.biskip.vector', 'fixed_emb': True, 'sentence_num': 3, 'hidden_size': 2400, 'class_size': 4, 'learning_rate': 0.0001, 'norm_limit': 3, 'dropout_prob': 0.5}
01/29/2018 20:20:41 [INFO] configuration: lstm_setting  :   {'model': 'non-static', 'hidden_size': 32, 'embedding_size': 300, 'num_layers': 1, 'bidirectional': False, 'learning_rate': 0.001, 'class_size': 4, 'norm_limit': 2, 'clip_grad_norm': 2, 'dropout_prob': 0.1}
01/29/2018 20:20:44 [INFO] exp_shallowmodel: %%%%%%%%%%%%%%%%%%%%%%%%%%%%%%%%%%%%%%%%%%%%%%%%%%
01/29/2018 20:20:44 [INFO] exp_shallowmodel:           dataset=dstc2
01/29/2018 20:20:44 [INFO] exp_shallowmodel:           X_new.shape=(5725, 66)
01/29/2018 20:20:44 [INFO] exp_shallowmodel:           #(discrete_feature)=0
01/29/2018 20:20:44 [INFO] exp_shallowmodel:           #(continuous_feature)=64
01/29/2018 20:20:44 [INFO] exp_shallowmodel:           #(similarity_feature)=2
01/29/2018 20:20:44 [INFO] exp_shallowmodel: %%%%%%%%%%%%%%%%%%%%%%%%%%%%%%%%%%%%%%%%%%%%%%%%%%
01/29/2018 20:20:44 [INFO] exp_shallowmodel: ******************** dstc2 - Round 0 
01/29/2018 20:20:44 [INFO] exp_shallowmodel: #(data) = 4583
01/29/2018 20:20:44 [INFO] exp_shallowmodel: #(feature) = 66
01/29/2018 20:20:44 [INFO] exp_shallowmodel: ================================================================================
01/29/2018 20:20:44 [INFO] exp_shallowmodel: LR.pen=l1.C=1.000000
01/29/2018 20:20:44 [INFO] exp_shallowmodel: ________________________________________________________________________________
01/29/2018 20:20:44 [INFO] exp_shallowmodel: Training: 
01/29/2018 20:20:44 [INFO] exp_shallowmodel: LogisticRegression(C=1, class_weight=None, dual=False, fit_intercept=True,
          intercept_scaling=1, max_iter=100, multi_class='ovr', n_jobs=1,
          penalty='l1', random_state=None, solver='liblinear', tol=0.0001,
          verbose=0, warm_start=False)
01/29/2018 20:20:45 [INFO] exp_shallowmodel: train time: 0.256s
01/29/2018 20:20:45 [INFO] exp_shallowmodel: test time:  0.000s
01/29/2018 20:20:45 [INFO] exp_shallowmodel: accuracy:   0.862
01/29/2018 20:20:45 [INFO] exp_shallowmodel: f1_score:   0.724
01/29/2018 20:20:45 [INFO] exp_shallowmodel: classification report:
01/29/2018 20:20:45 [INFO] exp_shallowmodel:              precision    recall  f1-score   support

          A       1.00      0.21      0.35        14
          C       0.83      0.85      0.84       164
          F       0.89      0.97      0.93       268
          R       0.84      0.73      0.78       125

avg / total       0.86      0.86      0.85       571

01/29/2018 20:20:45 [INFO] exp_shallowmodel: confusion matrix:
01/29/2018 20:20:45 [INFO] exp_shallowmodel: 
[[  3   2   9   0]
 [  0 139  10  15]
 [  0   7 259   2]
 [  0  20  14  91]]
01/29/2018 20:20:45 [INFO] exp_shallowmodel: ******************** dstc2 - Round 1 
01/29/2018 20:20:45 [INFO] exp_shallowmodel: #(data) = 4583
01/29/2018 20:20:45 [INFO] exp_shallowmodel: #(feature) = 66
01/29/2018 20:20:45 [INFO] exp_shallowmodel: ================================================================================
01/29/2018 20:20:45 [INFO] exp_shallowmodel: LR.pen=l1.C=1.000000
01/29/2018 20:20:45 [INFO] exp_shallowmodel: ________________________________________________________________________________
01/29/2018 20:20:45 [INFO] exp_shallowmodel: Training: 
01/29/2018 20:20:45 [INFO] exp_shallowmodel: LogisticRegression(C=1, class_weight=None, dual=False, fit_intercept=True,
          intercept_scaling=1, max_iter=100, multi_class='ovr', n_jobs=1,
          penalty='l1', random_state=None, solver='liblinear', tol=0.0001,
          verbose=0, warm_start=False)
01/29/2018 20:20:45 [INFO] exp_shallowmodel: train time: 0.254s
01/29/2018 20:20:45 [INFO] exp_shallowmodel: test time:  0.000s
01/29/2018 20:20:45 [INFO] exp_shallowmodel: accuracy:   0.811
01/29/2018 20:20:45 [INFO] exp_shallowmodel: f1_score:   0.627
01/29/2018 20:20:45 [INFO] exp_shallowmodel: classification report:
01/29/2018 20:20:45 [INFO] exp_shallowmodel:              precision    recall  f1-score   support

          A       1.00      0.07      0.13        14
          C       0.78      0.77      0.78       164
          F       0.86      0.93      0.90       268
          R       0.72      0.68      0.70       125

avg / total       0.81      0.81      0.80       571

01/29/2018 20:20:45 [INFO] exp_shallowmodel: confusion matrix:
01/29/2018 20:20:45 [INFO] exp_shallowmodel: 
[[  1   2   8   3]
 [  0 127  16  21]
 [  0   9 250   9]
 [  0  24  16  85]]
01/29/2018 20:20:45 [INFO] exp_shallowmodel: ******************** dstc2 - Round 2 
01/29/2018 20:20:45 [INFO] exp_shallowmodel: #(data) = 4583
01/29/2018 20:20:45 [INFO] exp_shallowmodel: #(feature) = 66
01/29/2018 20:20:45 [INFO] exp_shallowmodel: ================================================================================
01/29/2018 20:20:45 [INFO] exp_shallowmodel: LR.pen=l1.C=1.000000
01/29/2018 20:20:45 [INFO] exp_shallowmodel: ________________________________________________________________________________
01/29/2018 20:20:45 [INFO] exp_shallowmodel: Training: 
01/29/2018 20:20:45 [INFO] exp_shallowmodel: LogisticRegression(C=1, class_weight=None, dual=False, fit_intercept=True,
          intercept_scaling=1, max_iter=100, multi_class='ovr', n_jobs=1,
          penalty='l1', random_state=None, solver='liblinear', tol=0.0001,
          verbose=0, warm_start=False)
01/29/2018 20:20:45 [INFO] exp_shallowmodel: train time: 0.251s
01/29/2018 20:20:45 [INFO] exp_shallowmodel: test time:  0.000s
01/29/2018 20:20:45 [INFO] exp_shallowmodel: accuracy:   0.835
01/29/2018 20:20:45 [INFO] exp_shallowmodel: f1_score:   0.725
01/29/2018 20:20:45 [INFO] exp_shallowmodel: classification report:
01/29/2018 20:20:45 [INFO] exp_shallowmodel:              precision    recall  f1-score   support

          A       1.00      0.29      0.44        14
          C       0.74      0.80      0.77       164
          F       0.89      0.94      0.91       268
          R       0.84      0.71      0.77       125

avg / total       0.84      0.84      0.83       571

01/29/2018 20:20:45 [INFO] exp_shallowmodel: confusion matrix:
01/29/2018 20:20:45 [INFO] exp_shallowmodel: 
[[  4   3   7   0]
 [  0 132  17  15]
 [  0  14 252   2]
 [  0  29   7  89]]
01/29/2018 20:20:45 [INFO] exp_shallowmodel: ******************** dstc2 - Round 3 
01/29/2018 20:20:45 [INFO] exp_shallowmodel: #(data) = 4583
01/29/2018 20:20:45 [INFO] exp_shallowmodel: #(feature) = 66
01/29/2018 20:20:45 [INFO] exp_shallowmodel: ================================================================================
01/29/2018 20:20:45 [INFO] exp_shallowmodel: LR.pen=l1.C=1.000000
01/29/2018 20:20:45 [INFO] exp_shallowmodel: ________________________________________________________________________________
01/29/2018 20:20:45 [INFO] exp_shallowmodel: Training: 
01/29/2018 20:20:45 [INFO] exp_shallowmodel: LogisticRegression(C=1, class_weight=None, dual=False, fit_intercept=True,
          intercept_scaling=1, max_iter=100, multi_class='ovr', n_jobs=1,
          penalty='l1', random_state=None, solver='liblinear', tol=0.0001,
          verbose=0, warm_start=False)
01/29/2018 20:20:45 [INFO] exp_shallowmodel: train time: 0.240s
01/29/2018 20:20:45 [INFO] exp_shallowmodel: test time:  0.000s
01/29/2018 20:20:45 [INFO] exp_shallowmodel: accuracy:   0.820
01/29/2018 20:20:45 [INFO] exp_shallowmodel: f1_score:   0.724
01/29/2018 20:20:45 [INFO] exp_shallowmodel: classification report:
01/29/2018 20:20:45 [INFO] exp_shallowmodel:              precision    recall  f1-score   support

          A       0.83      0.36      0.50        14
          C       0.75      0.82      0.79       164
          F       0.89      0.91      0.90       268
          R       0.74      0.67      0.71       125

avg / total       0.82      0.82      0.82       571

01/29/2018 20:20:45 [INFO] exp_shallowmodel: confusion matrix:
01/29/2018 20:20:45 [INFO] exp_shallowmodel: 
[[  5   1   6   2]
 [  0 135   8  21]
 [  0  18 244   6]
 [  1  25  15  84]]
01/29/2018 20:20:45 [INFO] exp_shallowmodel: ******************** dstc2 - Round 4 
01/29/2018 20:20:45 [INFO] exp_shallowmodel: #(data) = 4583
01/29/2018 20:20:45 [INFO] exp_shallowmodel: #(feature) = 66
01/29/2018 20:20:45 [INFO] exp_shallowmodel: ================================================================================
01/29/2018 20:20:45 [INFO] exp_shallowmodel: LR.pen=l1.C=1.000000
01/29/2018 20:20:45 [INFO] exp_shallowmodel: ________________________________________________________________________________
01/29/2018 20:20:45 [INFO] exp_shallowmodel: Training: 
01/29/2018 20:20:45 [INFO] exp_shallowmodel: LogisticRegression(C=1, class_weight=None, dual=False, fit_intercept=True,
          intercept_scaling=1, max_iter=100, multi_class='ovr', n_jobs=1,
          penalty='l1', random_state=None, solver='liblinear', tol=0.0001,
          verbose=0, warm_start=False)
01/29/2018 20:20:46 [INFO] exp_shallowmodel: train time: 0.241s
01/29/2018 20:20:46 [INFO] exp_shallowmodel: test time:  0.000s
01/29/2018 20:20:46 [INFO] exp_shallowmodel: accuracy:   0.809
01/29/2018 20:20:46 [INFO] exp_shallowmodel: f1_score:   0.597
01/29/2018 20:20:46 [INFO] exp_shallowmodel: classification report:
01/29/2018 20:20:46 [INFO] exp_shallowmodel:              precision    recall  f1-score   support

          A       0.00      0.00      0.00        14
          C       0.78      0.82      0.80       164
          F       0.86      0.90      0.88       268
          R       0.73      0.68      0.71       125

avg / total       0.79      0.81      0.80       571

01/29/2018 20:20:46 [INFO] exp_shallowmodel: confusion matrix:
01/29/2018 20:20:46 [INFO] exp_shallowmodel: 
[[  0   3  10   1]
 [  0 135  12  17]
 [  0  13 242  13]
 [  0  22  18  85]]
01/29/2018 20:20:46 [INFO] exp_shallowmodel: ******************** dstc2 - Round 5 
01/29/2018 20:20:46 [INFO] exp_shallowmodel: #(data) = 4583
01/29/2018 20:20:46 [INFO] exp_shallowmodel: #(feature) = 66
01/29/2018 20:20:46 [INFO] exp_shallowmodel: ================================================================================
01/29/2018 20:20:46 [INFO] exp_shallowmodel: LR.pen=l1.C=1.000000
01/29/2018 20:20:46 [INFO] exp_shallowmodel: ________________________________________________________________________________
01/29/2018 20:20:46 [INFO] exp_shallowmodel: Training: 
01/29/2018 20:20:46 [INFO] exp_shallowmodel: LogisticRegression(C=1, class_weight=None, dual=False, fit_intercept=True,
          intercept_scaling=1, max_iter=100, multi_class='ovr', n_jobs=1,
          penalty='l1', random_state=None, solver='liblinear', tol=0.0001,
          verbose=0, warm_start=False)
01/29/2018 20:20:46 [INFO] exp_shallowmodel: train time: 0.250s
01/29/2018 20:20:46 [INFO] exp_shallowmodel: test time:  0.000s
01/29/2018 20:20:46 [INFO] exp_shallowmodel: accuracy:   0.811
01/29/2018 20:20:46 [INFO] exp_shallowmodel: f1_score:   0.628
01/29/2018 20:20:46 [INFO] exp_shallowmodel: classification report:
01/29/2018 20:20:46 [INFO] exp_shallowmodel:              precision    recall  f1-score   support

          A       1.00      0.07      0.13        14
          C       0.74      0.78      0.76       164
          F       0.87      0.93      0.90       268
          R       0.78      0.67      0.72       125

avg / total       0.81      0.81      0.80       571

01/29/2018 20:20:46 [INFO] exp_shallowmodel: confusion matrix:
01/29/2018 20:20:46 [INFO] exp_shallowmodel: 
[[  1   2   9   2]
 [  0 128  19  17]
 [  0  13 250   5]
 [  0  31  10  84]]
01/29/2018 20:20:46 [INFO] exp_shallowmodel: ******************** dstc2 - Round 6 
01/29/2018 20:20:46 [INFO] exp_shallowmodel: #(data) = 4583
01/29/2018 20:20:46 [INFO] exp_shallowmodel: #(feature) = 66
01/29/2018 20:20:46 [INFO] exp_shallowmodel: ================================================================================
01/29/2018 20:20:46 [INFO] exp_shallowmodel: LR.pen=l1.C=1.000000
01/29/2018 20:20:46 [INFO] exp_shallowmodel: ________________________________________________________________________________
01/29/2018 20:20:46 [INFO] exp_shallowmodel: Training: 
01/29/2018 20:20:46 [INFO] exp_shallowmodel: LogisticRegression(C=1, class_weight=None, dual=False, fit_intercept=True,
          intercept_scaling=1, max_iter=100, multi_class='ovr', n_jobs=1,
          penalty='l1', random_state=None, solver='liblinear', tol=0.0001,
          verbose=0, warm_start=False)
01/29/2018 20:20:46 [INFO] exp_shallowmodel: train time: 0.239s
01/29/2018 20:20:46 [INFO] exp_shallowmodel: test time:  0.000s
01/29/2018 20:20:46 [INFO] exp_shallowmodel: accuracy:   0.835
01/29/2018 20:20:46 [INFO] exp_shallowmodel: f1_score:   0.723
01/29/2018 20:20:46 [INFO] exp_shallowmodel: classification report:
01/29/2018 20:20:46 [INFO] exp_shallowmodel:              precision    recall  f1-score   support

          A       1.00      0.29      0.44        14
          C       0.78      0.85      0.82       164
          F       0.88      0.93      0.90       268
          R       0.81      0.66      0.73       125

avg / total       0.84      0.84      0.83       571

01/29/2018 20:20:46 [INFO] exp_shallowmodel: confusion matrix:
01/29/2018 20:20:46 [INFO] exp_shallowmodel: 
[[  4   1   7   2]
 [  0 140  11  13]
 [  0  13 250   5]
 [  0  25  17  83]]
01/29/2018 20:20:46 [INFO] exp_shallowmodel: ******************** dstc2 - Round 7 
01/29/2018 20:20:46 [INFO] exp_shallowmodel: #(data) = 4583
01/29/2018 20:20:46 [INFO] exp_shallowmodel: #(feature) = 66
01/29/2018 20:20:46 [INFO] exp_shallowmodel: ================================================================================
01/29/2018 20:20:46 [INFO] exp_shallowmodel: LR.pen=l1.C=1.000000
01/29/2018 20:20:46 [INFO] exp_shallowmodel: ________________________________________________________________________________
01/29/2018 20:20:46 [INFO] exp_shallowmodel: Training: 
01/29/2018 20:20:46 [INFO] exp_shallowmodel: LogisticRegression(C=1, class_weight=None, dual=False, fit_intercept=True,
          intercept_scaling=1, max_iter=100, multi_class='ovr', n_jobs=1,
          penalty='l1', random_state=None, solver='liblinear', tol=0.0001,
          verbose=0, warm_start=False)
01/29/2018 20:20:46 [INFO] exp_shallowmodel: train time: 0.260s
01/29/2018 20:20:46 [INFO] exp_shallowmodel: test time:  0.000s
01/29/2018 20:20:46 [INFO] exp_shallowmodel: accuracy:   0.800
01/29/2018 20:20:46 [INFO] exp_shallowmodel: f1_score:   0.672
01/29/2018 20:20:46 [INFO] exp_shallowmodel: classification report:
01/29/2018 20:20:46 [INFO] exp_shallowmodel:              precision    recall  f1-score   support

          A       1.00      0.21      0.35        14
          C       0.77      0.76      0.76       164
          F       0.85      0.92      0.89       268
          R       0.72      0.66      0.69       125

avg / total       0.80      0.80      0.79       571

01/29/2018 20:20:46 [INFO] exp_shallowmodel: confusion matrix:
01/29/2018 20:20:46 [INFO] exp_shallowmodel: 
[[  3   3   7   1]
 [  0 124  17  23]
 [  0  12 247   9]
 [  0  23  19  83]]
01/29/2018 20:20:46 [INFO] exp_shallowmodel: ******************** dstc2 - Round 8 
01/29/2018 20:20:46 [INFO] exp_shallowmodel: #(data) = 4583
01/29/2018 20:20:46 [INFO] exp_shallowmodel: #(feature) = 66
01/29/2018 20:20:46 [INFO] exp_shallowmodel: ================================================================================
01/29/2018 20:20:46 [INFO] exp_shallowmodel: LR.pen=l1.C=1.000000
01/29/2018 20:20:46 [INFO] exp_shallowmodel: ________________________________________________________________________________
01/29/2018 20:20:46 [INFO] exp_shallowmodel: Training: 
01/29/2018 20:20:46 [INFO] exp_shallowmodel: LogisticRegression(C=1, class_weight=None, dual=False, fit_intercept=True,
          intercept_scaling=1, max_iter=100, multi_class='ovr', n_jobs=1,
          penalty='l1', random_state=None, solver='liblinear', tol=0.0001,
          verbose=0, warm_start=False)
01/29/2018 20:20:47 [INFO] exp_shallowmodel: train time: 0.247s
01/29/2018 20:20:47 [INFO] exp_shallowmodel: test time:  0.000s
01/29/2018 20:20:47 [INFO] exp_shallowmodel: accuracy:   0.821
01/29/2018 20:20:47 [INFO] exp_shallowmodel: f1_score:   0.659
01/29/2018 20:20:47 [INFO] exp_shallowmodel: classification report:
01/29/2018 20:20:47 [INFO] exp_shallowmodel:              precision    recall  f1-score   support

          A       0.50      0.14      0.22        14
          C       0.78      0.80      0.79       164
          F       0.88      0.93      0.90       268
          R       0.75      0.69      0.72       125

avg / total       0.81      0.82      0.81       571

01/29/2018 20:20:47 [INFO] exp_shallowmodel: confusion matrix:
01/29/2018 20:20:47 [INFO] exp_shallowmodel: 
[[  2   2   9   1]
 [  1 131  10  22]
 [  0  12 250   6]
 [  1  22  16  86]]
01/29/2018 20:20:47 [INFO] exp_shallowmodel: ******************** dstc2 - Round 9 
01/29/2018 20:20:47 [INFO] exp_shallowmodel: #(data) = 4568
01/29/2018 20:20:47 [INFO] exp_shallowmodel: #(feature) = 66
01/29/2018 20:20:47 [INFO] exp_shallowmodel: ================================================================================
01/29/2018 20:20:47 [INFO] exp_shallowmodel: LR.pen=l1.C=1.000000
01/29/2018 20:20:47 [INFO] exp_shallowmodel: ________________________________________________________________________________
01/29/2018 20:20:47 [INFO] exp_shallowmodel: Training: 
01/29/2018 20:20:47 [INFO] exp_shallowmodel: LogisticRegression(C=1, class_weight=None, dual=False, fit_intercept=True,
          intercept_scaling=1, max_iter=100, multi_class='ovr', n_jobs=1,
          penalty='l1', random_state=None, solver='liblinear', tol=0.0001,
          verbose=0, warm_start=False)
01/29/2018 20:20:47 [INFO] exp_shallowmodel: train time: 0.235s
01/29/2018 20:20:47 [INFO] exp_shallowmodel: test time:  0.000s
01/29/2018 20:20:47 [INFO] exp_shallowmodel: accuracy:   0.792
01/29/2018 20:20:47 [INFO] exp_shallowmodel: f1_score:   0.630
01/29/2018 20:20:47 [INFO] exp_shallowmodel: classification report:
01/29/2018 20:20:47 [INFO] exp_shallowmodel:              precision    recall  f1-score   support

          A       0.67      0.12      0.21        16
          C       0.73      0.79      0.76       169
          F       0.87      0.92      0.89       271
          R       0.71      0.62      0.66       130

avg / total       0.79      0.79      0.78       586

01/29/2018 20:20:47 [INFO] exp_shallowmodel: confusion matrix:
01/29/2018 20:20:47 [INFO] exp_shallowmodel: 
[[  2   3   8   3]
 [  0 133  13  23]
 [  1  15 248   7]
 [  0  32  17  81]]
01/29/2018 20:20:47 [INFO] exp_shallowmodel: ******************** dstc2 - Round 10 
01/29/2018 20:20:47 [INFO] exp_shallowmodel: #(data) = 4583
01/29/2018 20:20:47 [INFO] exp_shallowmodel: #(feature) = 66
01/29/2018 20:20:47 [INFO] exp_shallowmodel: ================================================================================
01/29/2018 20:20:47 [INFO] exp_shallowmodel: LR.pen=l1.C=1.000000
01/29/2018 20:20:47 [INFO] exp_shallowmodel: ________________________________________________________________________________
01/29/2018 20:20:47 [INFO] exp_shallowmodel: Training: 
01/29/2018 20:20:47 [INFO] exp_shallowmodel: LogisticRegression(C=1, class_weight=None, dual=False, fit_intercept=True,
          intercept_scaling=1, max_iter=100, multi_class='ovr', n_jobs=1,
          penalty='l1', random_state=None, solver='liblinear', tol=0.0001,
          verbose=0, warm_start=False)
01/29/2018 20:20:47 [INFO] exp_shallowmodel: train time: 0.241s
01/29/2018 20:20:47 [INFO] exp_shallowmodel: test time:  0.000s
01/29/2018 20:20:47 [INFO] exp_shallowmodel: accuracy:   0.813
01/29/2018 20:20:47 [INFO] exp_shallowmodel: f1_score:   0.655
01/29/2018 20:20:47 [INFO] exp_shallowmodel: classification report:
01/29/2018 20:20:47 [INFO] exp_shallowmodel:              precision    recall  f1-score   support

          A       0.67      0.14      0.24        14
          C       0.77      0.77      0.77       164
          F       0.86      0.93      0.89       268
          R       0.75      0.69      0.72       125

avg / total       0.81      0.81      0.80       571

01/29/2018 20:20:47 [INFO] exp_shallowmodel: confusion matrix:
01/29/2018 20:20:47 [INFO] exp_shallowmodel: 
[[  2   3   9   0]
 [  0 126  16  22]
 [  0  12 250   6]
 [  1  22  16  86]]
01/29/2018 20:20:47 [INFO] exp_shallowmodel: ******************** dstc2 - Round 11 
01/29/2018 20:20:47 [INFO] exp_shallowmodel: #(data) = 4583
01/29/2018 20:20:47 [INFO] exp_shallowmodel: #(feature) = 66
01/29/2018 20:20:47 [INFO] exp_shallowmodel: ================================================================================
01/29/2018 20:20:47 [INFO] exp_shallowmodel: LR.pen=l1.C=1.000000
01/29/2018 20:20:47 [INFO] exp_shallowmodel: ________________________________________________________________________________
01/29/2018 20:20:47 [INFO] exp_shallowmodel: Training: 
01/29/2018 20:20:47 [INFO] exp_shallowmodel: LogisticRegression(C=1, class_weight=None, dual=False, fit_intercept=True,
          intercept_scaling=1, max_iter=100, multi_class='ovr', n_jobs=1,
          penalty='l1', random_state=None, solver='liblinear', tol=0.0001,
          verbose=0, warm_start=False)
01/29/2018 20:20:47 [INFO] exp_shallowmodel: train time: 0.242s
01/29/2018 20:20:47 [INFO] exp_shallowmodel: test time:  0.000s
01/29/2018 20:20:47 [INFO] exp_shallowmodel: accuracy:   0.813
01/29/2018 20:20:47 [INFO] exp_shallowmodel: f1_score:   0.670
01/29/2018 20:20:47 [INFO] exp_shallowmodel: classification report:
01/29/2018 20:20:47 [INFO] exp_shallowmodel:              precision    recall  f1-score   support

          A       0.60      0.21      0.32        14
          C       0.76      0.78      0.77       164
          F       0.88      0.94      0.91       268
          R       0.73      0.64      0.68       125

avg / total       0.81      0.81      0.81       571

01/29/2018 20:20:47 [INFO] exp_shallowmodel: confusion matrix:
01/29/2018 20:20:47 [INFO] exp_shallowmodel: 
[[  3   3   7   1]
 [  0 128  15  21]
 [  1   7 253   7]
 [  1  30  14  80]]
01/29/2018 20:20:48 [INFO] exp_shallowmodel: ******************** dstc2 - Round 12 
01/29/2018 20:20:48 [INFO] exp_shallowmodel: #(data) = 4583
01/29/2018 20:20:48 [INFO] exp_shallowmodel: #(feature) = 66
01/29/2018 20:20:48 [INFO] exp_shallowmodel: ================================================================================
01/29/2018 20:20:48 [INFO] exp_shallowmodel: LR.pen=l1.C=1.000000
01/29/2018 20:20:48 [INFO] exp_shallowmodel: ________________________________________________________________________________
01/29/2018 20:20:48 [INFO] exp_shallowmodel: Training: 
01/29/2018 20:20:48 [INFO] exp_shallowmodel: LogisticRegression(C=1, class_weight=None, dual=False, fit_intercept=True,
          intercept_scaling=1, max_iter=100, multi_class='ovr', n_jobs=1,
          penalty='l1', random_state=None, solver='liblinear', tol=0.0001,
          verbose=0, warm_start=False)
01/29/2018 20:20:48 [INFO] exp_shallowmodel: train time: 0.239s
01/29/2018 20:20:48 [INFO] exp_shallowmodel: test time:  0.000s
01/29/2018 20:20:48 [INFO] exp_shallowmodel: accuracy:   0.818
01/29/2018 20:20:48 [INFO] exp_shallowmodel: f1_score:   0.683
01/29/2018 20:20:48 [INFO] exp_shallowmodel: classification report:
01/29/2018 20:20:48 [INFO] exp_shallowmodel:              precision    recall  f1-score   support

          A       0.75      0.21      0.33        14
          C       0.76      0.79      0.78       164
          F       0.87      0.93      0.90       268
          R       0.77      0.68      0.72       125

avg / total       0.81      0.82      0.81       571

01/29/2018 20:20:48 [INFO] exp_shallowmodel: confusion matrix:
01/29/2018 20:20:48 [INFO] exp_shallowmodel: 
[[  3   1   9   1]
 [  1 130  14  19]
 [  0  13 249   6]
 [  0  27  13  85]]
01/29/2018 20:20:48 [INFO] exp_shallowmodel: ******************** dstc2 - Round 13 
01/29/2018 20:20:48 [INFO] exp_shallowmodel: #(data) = 4583
01/29/2018 20:20:48 [INFO] exp_shallowmodel: #(feature) = 66
01/29/2018 20:20:48 [INFO] exp_shallowmodel: ================================================================================
01/29/2018 20:20:48 [INFO] exp_shallowmodel: LR.pen=l1.C=1.000000
01/29/2018 20:20:48 [INFO] exp_shallowmodel: ________________________________________________________________________________
01/29/2018 20:20:48 [INFO] exp_shallowmodel: Training: 
01/29/2018 20:20:48 [INFO] exp_shallowmodel: LogisticRegression(C=1, class_weight=None, dual=False, fit_intercept=True,
          intercept_scaling=1, max_iter=100, multi_class='ovr', n_jobs=1,
          penalty='l1', random_state=None, solver='liblinear', tol=0.0001,
          verbose=0, warm_start=False)
01/29/2018 20:20:48 [INFO] exp_shallowmodel: train time: 0.255s
01/29/2018 20:20:48 [INFO] exp_shallowmodel: test time:  0.000s
01/29/2018 20:20:48 [INFO] exp_shallowmodel: accuracy:   0.834
01/29/2018 20:20:48 [INFO] exp_shallowmodel: f1_score:   0.700
01/29/2018 20:20:48 [INFO] exp_shallowmodel: classification report:
01/29/2018 20:20:48 [INFO] exp_shallowmodel:              precision    recall  f1-score   support

          A       1.00      0.21      0.35        14
          C       0.79      0.84      0.81       164
          F       0.89      0.93      0.91       268
          R       0.77      0.70      0.73       125

avg / total       0.84      0.83      0.83       571

01/29/2018 20:20:48 [INFO] exp_shallowmodel: confusion matrix:
01/29/2018 20:20:48 [INFO] exp_shallowmodel: 
[[  3   3   5   3]
 [  0 137  12  15]
 [  0  11 249   8]
 [  0  23  15  87]]
01/29/2018 20:20:48 [INFO] exp_shallowmodel: ******************** dstc2 - Round 14 
01/29/2018 20:20:48 [INFO] exp_shallowmodel: #(data) = 4583
01/29/2018 20:20:48 [INFO] exp_shallowmodel: #(feature) = 66
01/29/2018 20:20:48 [INFO] exp_shallowmodel: ================================================================================
01/29/2018 20:20:48 [INFO] exp_shallowmodel: LR.pen=l1.C=1.000000
01/29/2018 20:20:48 [INFO] exp_shallowmodel: ________________________________________________________________________________
01/29/2018 20:20:48 [INFO] exp_shallowmodel: Training: 
01/29/2018 20:20:48 [INFO] exp_shallowmodel: LogisticRegression(C=1, class_weight=None, dual=False, fit_intercept=True,
          intercept_scaling=1, max_iter=100, multi_class='ovr', n_jobs=1,
          penalty='l1', random_state=None, solver='liblinear', tol=0.0001,
          verbose=0, warm_start=False)
01/29/2018 20:20:48 [INFO] exp_shallowmodel: train time: 0.246s
01/29/2018 20:20:48 [INFO] exp_shallowmodel: test time:  0.000s
01/29/2018 20:20:48 [INFO] exp_shallowmodel: accuracy:   0.816
01/29/2018 20:20:48 [INFO] exp_shallowmodel: f1_score:   0.663
01/29/2018 20:20:48 [INFO] exp_shallowmodel: classification report:
01/29/2018 20:20:48 [INFO] exp_shallowmodel:              precision    recall  f1-score   support

          A       1.00      0.14      0.25        14
          C       0.75      0.76      0.76       164
          F       0.87      0.93      0.90       268
          R       0.77      0.73      0.75       125

avg / total       0.82      0.82      0.81       571

01/29/2018 20:20:48 [INFO] exp_shallowmodel: confusion matrix:
01/29/2018 20:20:48 [INFO] exp_shallowmodel: 
[[  2   3   9   0]
 [  0 125  17  22]
 [  0  15 248   5]
 [  0  23  11  91]]
01/29/2018 20:20:48 [INFO] exp_shallowmodel: ******************** dstc2 - Round 15 
01/29/2018 20:20:48 [INFO] exp_shallowmodel: #(data) = 4583
01/29/2018 20:20:48 [INFO] exp_shallowmodel: #(feature) = 66
01/29/2018 20:20:48 [INFO] exp_shallowmodel: ================================================================================
01/29/2018 20:20:48 [INFO] exp_shallowmodel: LR.pen=l1.C=1.000000
01/29/2018 20:20:48 [INFO] exp_shallowmodel: ________________________________________________________________________________
01/29/2018 20:20:48 [INFO] exp_shallowmodel: Training: 
01/29/2018 20:20:48 [INFO] exp_shallowmodel: LogisticRegression(C=1, class_weight=None, dual=False, fit_intercept=True,
          intercept_scaling=1, max_iter=100, multi_class='ovr', n_jobs=1,
          penalty='l1', random_state=None, solver='liblinear', tol=0.0001,
          verbose=0, warm_start=False)
01/29/2018 20:20:49 [INFO] exp_shallowmodel: train time: 0.238s
01/29/2018 20:20:49 [INFO] exp_shallowmodel: test time:  0.000s
01/29/2018 20:20:49 [INFO] exp_shallowmodel: accuracy:   0.834
01/29/2018 20:20:49 [INFO] exp_shallowmodel: f1_score:   0.695
01/29/2018 20:20:49 [INFO] exp_shallowmodel: classification report:
01/29/2018 20:20:49 [INFO] exp_shallowmodel:              precision    recall  f1-score   support

          A       0.75      0.21      0.33        14
          C       0.78      0.82      0.80       164
          F       0.89      0.94      0.91       268
          R       0.78      0.70      0.73       125

avg / total       0.83      0.83      0.83       571

01/29/2018 20:20:49 [INFO] exp_shallowmodel: confusion matrix:
01/29/2018 20:20:49 [INFO] exp_shallowmodel: 
[[  3   1   6   4]
 [  1 135  11  17]
 [  0  13 251   4]
 [  0  25  13  87]]
01/29/2018 20:20:49 [INFO] exp_shallowmodel: ******************** dstc2 - Round 16 
01/29/2018 20:20:49 [INFO] exp_shallowmodel: #(data) = 4583
01/29/2018 20:20:49 [INFO] exp_shallowmodel: #(feature) = 66
01/29/2018 20:20:49 [INFO] exp_shallowmodel: ================================================================================
01/29/2018 20:20:49 [INFO] exp_shallowmodel: LR.pen=l1.C=1.000000
01/29/2018 20:20:49 [INFO] exp_shallowmodel: ________________________________________________________________________________
01/29/2018 20:20:49 [INFO] exp_shallowmodel: Training: 
01/29/2018 20:20:49 [INFO] exp_shallowmodel: LogisticRegression(C=1, class_weight=None, dual=False, fit_intercept=True,
          intercept_scaling=1, max_iter=100, multi_class='ovr', n_jobs=1,
          penalty='l1', random_state=None, solver='liblinear', tol=0.0001,
          verbose=0, warm_start=False)
01/29/2018 20:20:49 [INFO] exp_shallowmodel: train time: 0.225s
01/29/2018 20:20:49 [INFO] exp_shallowmodel: test time:  0.000s
01/29/2018 20:20:49 [INFO] exp_shallowmodel: accuracy:   0.830
01/29/2018 20:20:49 [INFO] exp_shallowmodel: f1_score:   0.673
01/29/2018 20:20:49 [INFO] exp_shallowmodel: classification report:
01/29/2018 20:20:49 [INFO] exp_shallowmodel:              precision    recall  f1-score   support

          A       1.00      0.14      0.25        14
          C       0.78      0.82      0.80       164
          F       0.87      0.94      0.90       268
          R       0.79      0.69      0.74       125

avg / total       0.83      0.83      0.82       571

01/29/2018 20:20:49 [INFO] exp_shallowmodel: confusion matrix:
01/29/2018 20:20:49 [INFO] exp_shallowmodel: 
[[  2   4   7   1]
 [  0 135  13  16]
 [  0  11 251   6]
 [  0  23  16  86]]
01/29/2018 20:20:49 [INFO] exp_shallowmodel: ******************** dstc2 - Round 17 
01/29/2018 20:20:49 [INFO] exp_shallowmodel: #(data) = 4583
01/29/2018 20:20:49 [INFO] exp_shallowmodel: #(feature) = 66
01/29/2018 20:20:49 [INFO] exp_shallowmodel: ================================================================================
01/29/2018 20:20:49 [INFO] exp_shallowmodel: LR.pen=l1.C=1.000000
01/29/2018 20:20:49 [INFO] exp_shallowmodel: ________________________________________________________________________________
01/29/2018 20:20:49 [INFO] exp_shallowmodel: Training: 
01/29/2018 20:20:49 [INFO] exp_shallowmodel: LogisticRegression(C=1, class_weight=None, dual=False, fit_intercept=True,
          intercept_scaling=1, max_iter=100, multi_class='ovr', n_jobs=1,
          penalty='l1', random_state=None, solver='liblinear', tol=0.0001,
          verbose=0, warm_start=False)
01/29/2018 20:20:49 [INFO] exp_shallowmodel: train time: 0.237s
01/29/2018 20:20:49 [INFO] exp_shallowmodel: test time:  0.000s
01/29/2018 20:20:49 [INFO] exp_shallowmodel: accuracy:   0.820
01/29/2018 20:20:49 [INFO] exp_shallowmodel: f1_score:   0.692
01/29/2018 20:20:49 [INFO] exp_shallowmodel: classification report:
01/29/2018 20:20:49 [INFO] exp_shallowmodel:              precision    recall  f1-score   support

          A       1.00      0.21      0.35        14
          C       0.78      0.77      0.78       164
          F       0.87      0.92      0.89       268
          R       0.75      0.74      0.74       125

avg / total       0.82      0.82      0.81       571

01/29/2018 20:20:49 [INFO] exp_shallowmodel: confusion matrix:
01/29/2018 20:20:49 [INFO] exp_shallowmodel: 
[[  3   2   8   1]
 [  0 127  15  22]
 [  0  15 246   7]
 [  0  18  15  92]]
01/29/2018 20:20:49 [INFO] exp_shallowmodel: ******************** dstc2 - Round 18 
01/29/2018 20:20:49 [INFO] exp_shallowmodel: #(data) = 4583
01/29/2018 20:20:49 [INFO] exp_shallowmodel: #(feature) = 66
01/29/2018 20:20:49 [INFO] exp_shallowmodel: ================================================================================
01/29/2018 20:20:49 [INFO] exp_shallowmodel: LR.pen=l1.C=1.000000
01/29/2018 20:20:49 [INFO] exp_shallowmodel: ________________________________________________________________________________
01/29/2018 20:20:49 [INFO] exp_shallowmodel: Training: 
01/29/2018 20:20:49 [INFO] exp_shallowmodel: LogisticRegression(C=1, class_weight=None, dual=False, fit_intercept=True,
          intercept_scaling=1, max_iter=100, multi_class='ovr', n_jobs=1,
          penalty='l1', random_state=None, solver='liblinear', tol=0.0001,
          verbose=0, warm_start=False)
01/29/2018 20:20:49 [INFO] exp_shallowmodel: train time: 0.238s
01/29/2018 20:20:49 [INFO] exp_shallowmodel: test time:  0.000s
01/29/2018 20:20:49 [INFO] exp_shallowmodel: accuracy:   0.804
01/29/2018 20:20:49 [INFO] exp_shallowmodel: f1_score:   0.671
01/29/2018 20:20:49 [INFO] exp_shallowmodel: classification report:
01/29/2018 20:20:49 [INFO] exp_shallowmodel:              precision    recall  f1-score   support

          A       1.00      0.21      0.35        14
          C       0.76      0.79      0.77       164
          F       0.86      0.93      0.89       268
          R       0.72      0.62      0.66       125

avg / total       0.80      0.80      0.80       571

01/29/2018 20:20:49 [INFO] exp_shallowmodel: confusion matrix:
01/29/2018 20:20:49 [INFO] exp_shallowmodel: 
[[  3   0  11   0]
 [  0 130  12  22]
 [  0  11 249   8]
 [  0  31  17  77]]
01/29/2018 20:20:49 [INFO] exp_shallowmodel: ******************** dstc2 - Round 19 
01/29/2018 20:20:49 [INFO] exp_shallowmodel: #(data) = 4568
01/29/2018 20:20:49 [INFO] exp_shallowmodel: #(feature) = 66
01/29/2018 20:20:49 [INFO] exp_shallowmodel: ================================================================================
01/29/2018 20:20:49 [INFO] exp_shallowmodel: LR.pen=l1.C=1.000000
01/29/2018 20:20:49 [INFO] exp_shallowmodel: ________________________________________________________________________________
01/29/2018 20:20:49 [INFO] exp_shallowmodel: Training: 
01/29/2018 20:20:49 [INFO] exp_shallowmodel: LogisticRegression(C=1, class_weight=None, dual=False, fit_intercept=True,
          intercept_scaling=1, max_iter=100, multi_class='ovr', n_jobs=1,
          penalty='l1', random_state=None, solver='liblinear', tol=0.0001,
          verbose=0, warm_start=False)
01/29/2018 20:20:49 [INFO] exp_shallowmodel: train time: 0.222s
01/29/2018 20:20:49 [INFO] exp_shallowmodel: test time:  0.000s
01/29/2018 20:20:49 [INFO] exp_shallowmodel: accuracy:   0.823
01/29/2018 20:20:49 [INFO] exp_shallowmodel: f1_score:   0.722
01/29/2018 20:20:49 [INFO] exp_shallowmodel: classification report:
01/29/2018 20:20:49 [INFO] exp_shallowmodel:              precision    recall  f1-score   support

          A       1.00      0.31      0.48        16
          C       0.77      0.85      0.81       169
          F       0.87      0.92      0.89       271
          R       0.77      0.65      0.71       130

avg / total       0.82      0.82      0.82       586

01/29/2018 20:20:49 [INFO] exp_shallowmodel: confusion matrix:
01/29/2018 20:20:49 [INFO] exp_shallowmodel: 
[[  5   2   9   0]
 [  0 143  10  16]
 [  0  13 249   9]
 [  0  27  18  85]]
01/29/2018 20:20:49 [INFO] exp_shallowmodel: ******************** dstc2 - Round 20 
01/29/2018 20:20:49 [INFO] exp_shallowmodel: #(data) = 4583
01/29/2018 20:20:49 [INFO] exp_shallowmodel: #(feature) = 66
01/29/2018 20:20:49 [INFO] exp_shallowmodel: ================================================================================
01/29/2018 20:20:49 [INFO] exp_shallowmodel: LR.pen=l1.C=1.000000
01/29/2018 20:20:49 [INFO] exp_shallowmodel: ________________________________________________________________________________
01/29/2018 20:20:49 [INFO] exp_shallowmodel: Training: 
01/29/2018 20:20:49 [INFO] exp_shallowmodel: LogisticRegression(C=1, class_weight=None, dual=False, fit_intercept=True,
          intercept_scaling=1, max_iter=100, multi_class='ovr', n_jobs=1,
          penalty='l1', random_state=None, solver='liblinear', tol=0.0001,
          verbose=0, warm_start=False)
01/29/2018 20:20:50 [INFO] exp_shallowmodel: train time: 0.251s
01/29/2018 20:20:50 [INFO] exp_shallowmodel: test time:  0.000s
01/29/2018 20:20:50 [INFO] exp_shallowmodel: accuracy:   0.807
01/29/2018 20:20:50 [INFO] exp_shallowmodel: f1_score:   0.650
01/29/2018 20:20:50 [INFO] exp_shallowmodel: classification report:
01/29/2018 20:20:50 [INFO] exp_shallowmodel:              precision    recall  f1-score   support

          A       1.00      0.14      0.25        14
          C       0.75      0.81      0.78       164
          F       0.87      0.93      0.90       268
          R       0.74      0.62      0.68       125

avg / total       0.81      0.81      0.80       571

01/29/2018 20:20:50 [INFO] exp_shallowmodel: confusion matrix:
01/29/2018 20:20:50 [INFO] exp_shallowmodel: 
[[  2   3   7   2]
 [  0 133  12  19]
 [  0  13 248   7]
 [  0  28  19  78]]
01/29/2018 20:20:50 [INFO] exp_shallowmodel: ******************** dstc2 - Round 21 
01/29/2018 20:20:50 [INFO] exp_shallowmodel: #(data) = 4583
01/29/2018 20:20:50 [INFO] exp_shallowmodel: #(feature) = 66
01/29/2018 20:20:50 [INFO] exp_shallowmodel: ================================================================================
01/29/2018 20:20:50 [INFO] exp_shallowmodel: LR.pen=l1.C=1.000000
01/29/2018 20:20:50 [INFO] exp_shallowmodel: ________________________________________________________________________________
01/29/2018 20:20:50 [INFO] exp_shallowmodel: Training: 
01/29/2018 20:20:50 [INFO] exp_shallowmodel: LogisticRegression(C=1, class_weight=None, dual=False, fit_intercept=True,
          intercept_scaling=1, max_iter=100, multi_class='ovr', n_jobs=1,
          penalty='l1', random_state=None, solver='liblinear', tol=0.0001,
          verbose=0, warm_start=False)
01/29/2018 20:20:50 [INFO] exp_shallowmodel: train time: 0.230s
01/29/2018 20:20:50 [INFO] exp_shallowmodel: test time:  0.000s
01/29/2018 20:20:50 [INFO] exp_shallowmodel: accuracy:   0.823
01/29/2018 20:20:50 [INFO] exp_shallowmodel: f1_score:   0.686
01/29/2018 20:20:50 [INFO] exp_shallowmodel: classification report:
01/29/2018 20:20:50 [INFO] exp_shallowmodel:              precision    recall  f1-score   support

          A       0.75      0.21      0.33        14
          C       0.74      0.82      0.78       164
          F       0.90      0.92      0.91       268
          R       0.75      0.69      0.72       125

avg / total       0.82      0.82      0.82       571

01/29/2018 20:20:50 [INFO] exp_shallowmodel: confusion matrix:
01/29/2018 20:20:50 [INFO] exp_shallowmodel: 
[[  3   4   6   1]
 [  1 134   9  20]
 [  0  14 247   7]
 [  0  28  11  86]]
01/29/2018 20:20:50 [INFO] exp_shallowmodel: ******************** dstc2 - Round 22 
01/29/2018 20:20:50 [INFO] exp_shallowmodel: #(data) = 4583
01/29/2018 20:20:50 [INFO] exp_shallowmodel: #(feature) = 66
01/29/2018 20:20:50 [INFO] exp_shallowmodel: ================================================================================
01/29/2018 20:20:50 [INFO] exp_shallowmodel: LR.pen=l1.C=1.000000
01/29/2018 20:20:50 [INFO] exp_shallowmodel: ________________________________________________________________________________
01/29/2018 20:20:50 [INFO] exp_shallowmodel: Training: 
01/29/2018 20:20:50 [INFO] exp_shallowmodel: LogisticRegression(C=1, class_weight=None, dual=False, fit_intercept=True,
          intercept_scaling=1, max_iter=100, multi_class='ovr', n_jobs=1,
          penalty='l1', random_state=None, solver='liblinear', tol=0.0001,
          verbose=0, warm_start=False)
01/29/2018 20:20:50 [INFO] exp_shallowmodel: train time: 0.257s
01/29/2018 20:20:50 [INFO] exp_shallowmodel: test time:  0.000s
01/29/2018 20:20:50 [INFO] exp_shallowmodel: accuracy:   0.821
01/29/2018 20:20:50 [INFO] exp_shallowmodel: f1_score:   0.665
01/29/2018 20:20:50 [INFO] exp_shallowmodel: classification report:
01/29/2018 20:20:50 [INFO] exp_shallowmodel:              precision    recall  f1-score   support

          A       1.00      0.14      0.25        14
          C       0.75      0.83      0.79       164
          F       0.88      0.93      0.90       268
          R       0.78      0.66      0.72       125

avg / total       0.82      0.82      0.81       571

01/29/2018 20:20:50 [INFO] exp_shallowmodel: confusion matrix:
01/29/2018 20:20:50 [INFO] exp_shallowmodel: 
[[  2   3   7   2]
 [  0 136  13  15]
 [  0  14 248   6]
 [  0  28  14  83]]
01/29/2018 20:20:50 [INFO] exp_shallowmodel: ******************** dstc2 - Round 23 
01/29/2018 20:20:50 [INFO] exp_shallowmodel: #(data) = 4583
01/29/2018 20:20:50 [INFO] exp_shallowmodel: #(feature) = 66
01/29/2018 20:20:50 [INFO] exp_shallowmodel: ================================================================================
01/29/2018 20:20:50 [INFO] exp_shallowmodel: LR.pen=l1.C=1.000000
01/29/2018 20:20:50 [INFO] exp_shallowmodel: ________________________________________________________________________________
01/29/2018 20:20:50 [INFO] exp_shallowmodel: Training: 
01/29/2018 20:20:50 [INFO] exp_shallowmodel: LogisticRegression(C=1, class_weight=None, dual=False, fit_intercept=True,
          intercept_scaling=1, max_iter=100, multi_class='ovr', n_jobs=1,
          penalty='l1', random_state=None, solver='liblinear', tol=0.0001,
          verbose=0, warm_start=False)
01/29/2018 20:20:51 [INFO] exp_shallowmodel: train time: 0.246s
01/29/2018 20:20:51 [INFO] exp_shallowmodel: test time:  0.000s
01/29/2018 20:20:51 [INFO] exp_shallowmodel: accuracy:   0.795
01/29/2018 20:20:51 [INFO] exp_shallowmodel: f1_score:   0.641
01/29/2018 20:20:51 [INFO] exp_shallowmodel: classification report:
01/29/2018 20:20:51 [INFO] exp_shallowmodel:              precision    recall  f1-score   support

          A       1.00      0.14      0.25        14
          C       0.73      0.77      0.75       164
          F       0.87      0.91      0.89       268
          R       0.70      0.65      0.68       125

avg / total       0.80      0.80      0.79       571

01/29/2018 20:20:51 [INFO] exp_shallowmodel: confusion matrix:
01/29/2018 20:20:51 [INFO] exp_shallowmodel: 
[[  2   0  11   1]
 [  0 126  12  26]
 [  0  16 245   7]
 [  0  31  13  81]]
01/29/2018 20:20:51 [INFO] exp_shallowmodel: ******************** dstc2 - Round 24 
01/29/2018 20:20:51 [INFO] exp_shallowmodel: #(data) = 4583
01/29/2018 20:20:51 [INFO] exp_shallowmodel: #(feature) = 66
01/29/2018 20:20:51 [INFO] exp_shallowmodel: ================================================================================
01/29/2018 20:20:51 [INFO] exp_shallowmodel: LR.pen=l1.C=1.000000
01/29/2018 20:20:51 [INFO] exp_shallowmodel: ________________________________________________________________________________
01/29/2018 20:20:51 [INFO] exp_shallowmodel: Training: 
01/29/2018 20:20:51 [INFO] exp_shallowmodel: LogisticRegression(C=1, class_weight=None, dual=False, fit_intercept=True,
          intercept_scaling=1, max_iter=100, multi_class='ovr', n_jobs=1,
          penalty='l1', random_state=None, solver='liblinear', tol=0.0001,
          verbose=0, warm_start=False)
01/29/2018 20:20:51 [INFO] exp_shallowmodel: train time: 0.232s
01/29/2018 20:20:51 [INFO] exp_shallowmodel: test time:  0.000s
01/29/2018 20:20:51 [INFO] exp_shallowmodel: accuracy:   0.790
01/29/2018 20:20:51 [INFO] exp_shallowmodel: f1_score:   0.702
01/29/2018 20:20:51 [INFO] exp_shallowmodel: classification report:
01/29/2018 20:20:51 [INFO] exp_shallowmodel:              precision    recall  f1-score   support

          A       1.00      0.36      0.53        14
          C       0.70      0.76      0.73       164
          F       0.87      0.91      0.89       268
          R       0.71      0.62      0.66       125

avg / total       0.79      0.79      0.79       571

01/29/2018 20:20:51 [INFO] exp_shallowmodel: confusion matrix:
01/29/2018 20:20:51 [INFO] exp_shallowmodel: 
[[  5   3   6   0]
 [  0 124  15  25]
 [  0  17 245   6]
 [  0  32  16  77]]
01/29/2018 20:20:51 [INFO] exp_shallowmodel: ******************** dstc2 - Round 25 
01/29/2018 20:20:51 [INFO] exp_shallowmodel: #(data) = 4583
01/29/2018 20:20:51 [INFO] exp_shallowmodel: #(feature) = 66
01/29/2018 20:20:51 [INFO] exp_shallowmodel: ================================================================================
01/29/2018 20:20:51 [INFO] exp_shallowmodel: LR.pen=l1.C=1.000000
01/29/2018 20:20:51 [INFO] exp_shallowmodel: ________________________________________________________________________________
01/29/2018 20:20:51 [INFO] exp_shallowmodel: Training: 
01/29/2018 20:20:51 [INFO] exp_shallowmodel: LogisticRegression(C=1, class_weight=None, dual=False, fit_intercept=True,
          intercept_scaling=1, max_iter=100, multi_class='ovr', n_jobs=1,
          penalty='l1', random_state=None, solver='liblinear', tol=0.0001,
          verbose=0, warm_start=False)
01/29/2018 20:20:51 [INFO] exp_shallowmodel: train time: 0.225s
01/29/2018 20:20:51 [INFO] exp_shallowmodel: test time:  0.000s
01/29/2018 20:20:51 [INFO] exp_shallowmodel: accuracy:   0.851
01/29/2018 20:20:51 [INFO] exp_shallowmodel: f1_score:   0.633
01/29/2018 20:20:51 [INFO] exp_shallowmodel: classification report:
01/29/2018 20:20:51 [INFO] exp_shallowmodel:              precision    recall  f1-score   support

          A       0.00      0.00      0.00        14
          C       0.83      0.84      0.83       164
          F       0.88      0.94      0.91       268
          R       0.82      0.77      0.79       125

avg / total       0.83      0.85      0.84       571

01/29/2018 20:20:51 [INFO] exp_shallowmodel: confusion matrix:
01/29/2018 20:20:51 [INFO] exp_shallowmodel: 
[[  0   6   8   0]
 [  0 137  13  14]
 [  0   8 253   7]
 [  0  15  14  96]]
01/29/2018 20:20:51 [INFO] exp_shallowmodel: ******************** dstc2 - Round 26 
01/29/2018 20:20:51 [INFO] exp_shallowmodel: #(data) = 4583
01/29/2018 20:20:51 [INFO] exp_shallowmodel: #(feature) = 66
01/29/2018 20:20:51 [INFO] exp_shallowmodel: ================================================================================
01/29/2018 20:20:51 [INFO] exp_shallowmodel: LR.pen=l1.C=1.000000
01/29/2018 20:20:51 [INFO] exp_shallowmodel: ________________________________________________________________________________
01/29/2018 20:20:51 [INFO] exp_shallowmodel: Training: 
01/29/2018 20:20:51 [INFO] exp_shallowmodel: LogisticRegression(C=1, class_weight=None, dual=False, fit_intercept=True,
          intercept_scaling=1, max_iter=100, multi_class='ovr', n_jobs=1,
          penalty='l1', random_state=None, solver='liblinear', tol=0.0001,
          verbose=0, warm_start=False)
01/29/2018 20:20:51 [INFO] exp_shallowmodel: train time: 0.226s
01/29/2018 20:20:51 [INFO] exp_shallowmodel: test time:  0.000s
01/29/2018 20:20:51 [INFO] exp_shallowmodel: accuracy:   0.823
01/29/2018 20:20:51 [INFO] exp_shallowmodel: f1_score:   0.663
01/29/2018 20:20:51 [INFO] exp_shallowmodel: classification report:
01/29/2018 20:20:51 [INFO] exp_shallowmodel:              precision    recall  f1-score   support

          A       1.00      0.14      0.25        14
          C       0.78      0.80      0.79       164
          F       0.87      0.95      0.91       268
          R       0.76      0.66      0.70       125

avg / total       0.82      0.82      0.81       571

01/29/2018 20:20:51 [INFO] exp_shallowmodel: confusion matrix:
01/29/2018 20:20:51 [INFO] exp_shallowmodel: 
[[  2   2  10   0]
 [  0 131  12  21]
 [  0   8 255   5]
 [  0  26  17  82]]
01/29/2018 20:20:51 [INFO] exp_shallowmodel: ******************** dstc2 - Round 27 
01/29/2018 20:20:51 [INFO] exp_shallowmodel: #(data) = 4583
01/29/2018 20:20:51 [INFO] exp_shallowmodel: #(feature) = 66
01/29/2018 20:20:51 [INFO] exp_shallowmodel: ================================================================================
01/29/2018 20:20:51 [INFO] exp_shallowmodel: LR.pen=l1.C=1.000000
01/29/2018 20:20:51 [INFO] exp_shallowmodel: ________________________________________________________________________________
01/29/2018 20:20:51 [INFO] exp_shallowmodel: Training: 
01/29/2018 20:20:51 [INFO] exp_shallowmodel: LogisticRegression(C=1, class_weight=None, dual=False, fit_intercept=True,
          intercept_scaling=1, max_iter=100, multi_class='ovr', n_jobs=1,
          penalty='l1', random_state=None, solver='liblinear', tol=0.0001,
          verbose=0, warm_start=False)
01/29/2018 20:20:51 [INFO] exp_shallowmodel: train time: 0.234s
01/29/2018 20:20:51 [INFO] exp_shallowmodel: test time:  0.000s
01/29/2018 20:20:51 [INFO] exp_shallowmodel: accuracy:   0.823
01/29/2018 20:20:51 [INFO] exp_shallowmodel: f1_score:   0.729
01/29/2018 20:20:51 [INFO] exp_shallowmodel: classification report:
01/29/2018 20:20:51 [INFO] exp_shallowmodel:              precision    recall  f1-score   support

          A       0.83      0.36      0.50        14
          C       0.77      0.77      0.77       164
          F       0.88      0.92      0.90       268
          R       0.76      0.73      0.74       125

avg / total       0.82      0.82      0.82       571

01/29/2018 20:20:51 [INFO] exp_shallowmodel: confusion matrix:
01/29/2018 20:20:51 [INFO] exp_shallowmodel: 
[[  5   2   7   0]
 [  0 127  15  22]
 [  1  13 247   7]
 [  0  23  11  91]]
01/29/2018 20:20:51 [INFO] exp_shallowmodel: ******************** dstc2 - Round 28 
01/29/2018 20:20:51 [INFO] exp_shallowmodel: #(data) = 4583
01/29/2018 20:20:51 [INFO] exp_shallowmodel: #(feature) = 66
01/29/2018 20:20:51 [INFO] exp_shallowmodel: ================================================================================
01/29/2018 20:20:51 [INFO] exp_shallowmodel: LR.pen=l1.C=1.000000
01/29/2018 20:20:51 [INFO] exp_shallowmodel: ________________________________________________________________________________
01/29/2018 20:20:51 [INFO] exp_shallowmodel: Training: 
01/29/2018 20:20:51 [INFO] exp_shallowmodel: LogisticRegression(C=1, class_weight=None, dual=False, fit_intercept=True,
          intercept_scaling=1, max_iter=100, multi_class='ovr', n_jobs=1,
          penalty='l1', random_state=None, solver='liblinear', tol=0.0001,
          verbose=0, warm_start=False)
01/29/2018 20:20:52 [INFO] exp_shallowmodel: train time: 0.235s
01/29/2018 20:20:52 [INFO] exp_shallowmodel: test time:  0.000s
01/29/2018 20:20:52 [INFO] exp_shallowmodel: accuracy:   0.832
01/29/2018 20:20:52 [INFO] exp_shallowmodel: f1_score:   0.668
01/29/2018 20:20:52 [INFO] exp_shallowmodel: classification report:
01/29/2018 20:20:52 [INFO] exp_shallowmodel:              precision    recall  f1-score   support

          A       0.67      0.14      0.24        14
          C       0.80      0.81      0.80       164
          F       0.89      0.95      0.92       268
          R       0.75      0.69      0.72       125

avg / total       0.83      0.83      0.82       571

01/29/2018 20:20:52 [INFO] exp_shallowmodel: confusion matrix:
01/29/2018 20:20:52 [INFO] exp_shallowmodel: 
[[  2   0   9   3]
 [  0 133  10  21]
 [  1   9 254   4]
 [  0  25  14  86]]
01/29/2018 20:20:52 [INFO] exp_shallowmodel: ******************** dstc2 - Round 29 
01/29/2018 20:20:52 [INFO] exp_shallowmodel: #(data) = 4568
01/29/2018 20:20:52 [INFO] exp_shallowmodel: #(feature) = 66
01/29/2018 20:20:52 [INFO] exp_shallowmodel: ================================================================================
01/29/2018 20:20:52 [INFO] exp_shallowmodel: LR.pen=l1.C=1.000000
01/29/2018 20:20:52 [INFO] exp_shallowmodel: ________________________________________________________________________________
01/29/2018 20:20:52 [INFO] exp_shallowmodel: Training: 
01/29/2018 20:20:52 [INFO] exp_shallowmodel: LogisticRegression(C=1, class_weight=None, dual=False, fit_intercept=True,
          intercept_scaling=1, max_iter=100, multi_class='ovr', n_jobs=1,
          penalty='l1', random_state=None, solver='liblinear', tol=0.0001,
          verbose=0, warm_start=False)
01/29/2018 20:20:52 [INFO] exp_shallowmodel: train time: 0.257s
01/29/2018 20:20:52 [INFO] exp_shallowmodel: test time:  0.000s
01/29/2018 20:20:52 [INFO] exp_shallowmodel: accuracy:   0.833
01/29/2018 20:20:52 [INFO] exp_shallowmodel: f1_score:   0.696
01/29/2018 20:20:52 [INFO] exp_shallowmodel: classification report:
01/29/2018 20:20:52 [INFO] exp_shallowmodel:              precision    recall  f1-score   support

          A       1.00      0.19      0.32        16
          C       0.79      0.83      0.81       169
          F       0.86      0.93      0.89       271
          R       0.83      0.71      0.76       130

avg / total       0.84      0.83      0.82       586

01/29/2018 20:20:52 [INFO] exp_shallowmodel: confusion matrix:
01/29/2018 20:20:52 [INFO] exp_shallowmodel: 
[[  3   3  10   0]
 [  0 141  15  13]
 [  0  13 252   6]
 [  0  21  17  92]]
01/29/2018 20:20:52 [INFO] exp_shallowmodel: ******************** dstc2 - Round 30 
01/29/2018 20:20:52 [INFO] exp_shallowmodel: #(data) = 4583
01/29/2018 20:20:52 [INFO] exp_shallowmodel: #(feature) = 66
01/29/2018 20:20:52 [INFO] exp_shallowmodel: ================================================================================
01/29/2018 20:20:52 [INFO] exp_shallowmodel: LR.pen=l1.C=1.000000
01/29/2018 20:20:52 [INFO] exp_shallowmodel: ________________________________________________________________________________
01/29/2018 20:20:52 [INFO] exp_shallowmodel: Training: 
01/29/2018 20:20:52 [INFO] exp_shallowmodel: LogisticRegression(C=1, class_weight=None, dual=False, fit_intercept=True,
          intercept_scaling=1, max_iter=100, multi_class='ovr', n_jobs=1,
          penalty='l1', random_state=None, solver='liblinear', tol=0.0001,
          verbose=0, warm_start=False)
01/29/2018 20:20:52 [INFO] exp_shallowmodel: train time: 0.236s
01/29/2018 20:20:52 [INFO] exp_shallowmodel: test time:  0.000s
01/29/2018 20:20:52 [INFO] exp_shallowmodel: accuracy:   0.825
01/29/2018 20:20:52 [INFO] exp_shallowmodel: f1_score:   0.685
01/29/2018 20:20:52 [INFO] exp_shallowmodel: classification report:
01/29/2018 20:20:52 [INFO] exp_shallowmodel:              precision    recall  f1-score   support

          A       0.60      0.21      0.32        14
          C       0.77      0.82      0.80       164
          F       0.87      0.93      0.90       268
          R       0.80      0.66      0.72       125

avg / total       0.82      0.82      0.82       571

01/29/2018 20:20:52 [INFO] exp_shallowmodel: confusion matrix:
01/29/2018 20:20:52 [INFO] exp_shallowmodel: 
[[  3   2   8   1]
 [  1 135  17  11]
 [  0   9 250   9]
 [  1  29  12  83]]
01/29/2018 20:20:52 [INFO] exp_shallowmodel: ******************** dstc2 - Round 31 
01/29/2018 20:20:52 [INFO] exp_shallowmodel: #(data) = 4583
01/29/2018 20:20:52 [INFO] exp_shallowmodel: #(feature) = 66
01/29/2018 20:20:52 [INFO] exp_shallowmodel: ================================================================================
01/29/2018 20:20:52 [INFO] exp_shallowmodel: LR.pen=l1.C=1.000000
01/29/2018 20:20:52 [INFO] exp_shallowmodel: ________________________________________________________________________________
01/29/2018 20:20:52 [INFO] exp_shallowmodel: Training: 
01/29/2018 20:20:52 [INFO] exp_shallowmodel: LogisticRegression(C=1, class_weight=None, dual=False, fit_intercept=True,
          intercept_scaling=1, max_iter=100, multi_class='ovr', n_jobs=1,
          penalty='l1', random_state=None, solver='liblinear', tol=0.0001,
          verbose=0, warm_start=False)
01/29/2018 20:20:52 [INFO] exp_shallowmodel: train time: 0.245s
01/29/2018 20:20:52 [INFO] exp_shallowmodel: test time:  0.000s
01/29/2018 20:20:52 [INFO] exp_shallowmodel: accuracy:   0.811
01/29/2018 20:20:52 [INFO] exp_shallowmodel: f1_score:   0.657
01/29/2018 20:20:52 [INFO] exp_shallowmodel: classification report:
01/29/2018 20:20:52 [INFO] exp_shallowmodel:              precision    recall  f1-score   support

          A       0.67      0.14      0.24        14
          C       0.76      0.78      0.77       164
          F       0.87      0.91      0.89       268
          R       0.74      0.72      0.73       125

avg / total       0.81      0.81      0.80       571

01/29/2018 20:20:52 [INFO] exp_shallowmodel: confusion matrix:
01/29/2018 20:20:52 [INFO] exp_shallowmodel: 
[[  2   0   9   3]
 [  1 128  12  23]
 [  0  20 243   5]
 [  0  20  15  90]]
01/29/2018 20:20:52 [INFO] exp_shallowmodel: ******************** dstc2 - Round 32 
01/29/2018 20:20:52 [INFO] exp_shallowmodel: #(data) = 4583
01/29/2018 20:20:52 [INFO] exp_shallowmodel: #(feature) = 66
01/29/2018 20:20:52 [INFO] exp_shallowmodel: ================================================================================
01/29/2018 20:20:52 [INFO] exp_shallowmodel: LR.pen=l1.C=1.000000
01/29/2018 20:20:52 [INFO] exp_shallowmodel: ________________________________________________________________________________
01/29/2018 20:20:52 [INFO] exp_shallowmodel: Training: 
01/29/2018 20:20:52 [INFO] exp_shallowmodel: LogisticRegression(C=1, class_weight=None, dual=False, fit_intercept=True,
          intercept_scaling=1, max_iter=100, multi_class='ovr', n_jobs=1,
          penalty='l1', random_state=None, solver='liblinear', tol=0.0001,
          verbose=0, warm_start=False)
01/29/2018 20:20:53 [INFO] exp_shallowmodel: train time: 0.229s
01/29/2018 20:20:53 [INFO] exp_shallowmodel: test time:  0.000s
01/29/2018 20:20:53 [INFO] exp_shallowmodel: accuracy:   0.816
01/29/2018 20:20:53 [INFO] exp_shallowmodel: f1_score:   0.746
01/29/2018 20:20:53 [INFO] exp_shallowmodel: classification report:
01/29/2018 20:20:53 [INFO] exp_shallowmodel:              precision    recall  f1-score   support

          A       0.78      0.50      0.61        14
          C       0.73      0.79      0.76       164
          F       0.88      0.93      0.90       268
          R       0.79      0.65      0.71       125

avg / total       0.81      0.82      0.81       571

01/29/2018 20:20:53 [INFO] exp_shallowmodel: confusion matrix:
01/29/2018 20:20:53 [INFO] exp_shallowmodel: 
[[  7   3   4   0]
 [  0 130  15  19]
 [  2  15 248   3]
 [  0  29  15  81]]
01/29/2018 20:20:53 [INFO] exp_shallowmodel: ******************** dstc2 - Round 33 
01/29/2018 20:20:53 [INFO] exp_shallowmodel: #(data) = 4583
01/29/2018 20:20:53 [INFO] exp_shallowmodel: #(feature) = 66
01/29/2018 20:20:53 [INFO] exp_shallowmodel: ================================================================================
01/29/2018 20:20:53 [INFO] exp_shallowmodel: LR.pen=l1.C=1.000000
01/29/2018 20:20:53 [INFO] exp_shallowmodel: ________________________________________________________________________________
01/29/2018 20:20:53 [INFO] exp_shallowmodel: Training: 
01/29/2018 20:20:53 [INFO] exp_shallowmodel: LogisticRegression(C=1, class_weight=None, dual=False, fit_intercept=True,
          intercept_scaling=1, max_iter=100, multi_class='ovr', n_jobs=1,
          penalty='l1', random_state=None, solver='liblinear', tol=0.0001,
          verbose=0, warm_start=False)
01/29/2018 20:20:53 [INFO] exp_shallowmodel: train time: 0.249s
01/29/2018 20:20:53 [INFO] exp_shallowmodel: test time:  0.000s
01/29/2018 20:20:53 [INFO] exp_shallowmodel: accuracy:   0.806
01/29/2018 20:20:53 [INFO] exp_shallowmodel: f1_score:   0.620
01/29/2018 20:20:53 [INFO] exp_shallowmodel: classification report:
01/29/2018 20:20:53 [INFO] exp_shallowmodel:              precision    recall  f1-score   support

          A       1.00      0.07      0.13        14
          C       0.75      0.76      0.76       164
          F       0.87      0.94      0.90       268
          R       0.71      0.66      0.69       125

avg / total       0.81      0.81      0.80       571

01/29/2018 20:20:53 [INFO] exp_shallowmodel: confusion matrix:
01/29/2018 20:20:53 [INFO] exp_shallowmodel: 
[[  1   6   5   2]
 [  0 125  13  26]
 [  0  11 251   6]
 [  0  24  18  83]]
01/29/2018 20:20:53 [INFO] exp_shallowmodel: ******************** dstc2 - Round 34 
01/29/2018 20:20:53 [INFO] exp_shallowmodel: #(data) = 4583
01/29/2018 20:20:53 [INFO] exp_shallowmodel: #(feature) = 66
01/29/2018 20:20:53 [INFO] exp_shallowmodel: ================================================================================
01/29/2018 20:20:53 [INFO] exp_shallowmodel: LR.pen=l1.C=1.000000
01/29/2018 20:20:53 [INFO] exp_shallowmodel: ________________________________________________________________________________
01/29/2018 20:20:53 [INFO] exp_shallowmodel: Training: 
01/29/2018 20:20:53 [INFO] exp_shallowmodel: LogisticRegression(C=1, class_weight=None, dual=False, fit_intercept=True,
          intercept_scaling=1, max_iter=100, multi_class='ovr', n_jobs=1,
          penalty='l1', random_state=None, solver='liblinear', tol=0.0001,
          verbose=0, warm_start=False)
01/29/2018 20:20:53 [INFO] exp_shallowmodel: train time: 0.229s
01/29/2018 20:20:53 [INFO] exp_shallowmodel: test time:  0.000s
01/29/2018 20:20:53 [INFO] exp_shallowmodel: accuracy:   0.830
01/29/2018 20:20:53 [INFO] exp_shallowmodel: f1_score:   0.718
01/29/2018 20:20:53 [INFO] exp_shallowmodel: classification report:
01/29/2018 20:20:53 [INFO] exp_shallowmodel:              precision    recall  f1-score   support

          A       1.00      0.29      0.44        14
          C       0.80      0.80      0.80       164
          F       0.87      0.94      0.90       268
          R       0.77      0.68      0.72       125

avg / total       0.83      0.83      0.82       571

01/29/2018 20:20:53 [INFO] exp_shallowmodel: confusion matrix:
01/29/2018 20:20:53 [INFO] exp_shallowmodel: 
[[  4   0   9   1]
 [  0 132  15  17]
 [  0   8 253   7]
 [  0  25  15  85]]
01/29/2018 20:20:53 [INFO] exp_shallowmodel: ******************** dstc2 - Round 35 
01/29/2018 20:20:53 [INFO] exp_shallowmodel: #(data) = 4583
01/29/2018 20:20:53 [INFO] exp_shallowmodel: #(feature) = 66
01/29/2018 20:20:53 [INFO] exp_shallowmodel: ================================================================================
01/29/2018 20:20:53 [INFO] exp_shallowmodel: LR.pen=l1.C=1.000000
01/29/2018 20:20:53 [INFO] exp_shallowmodel: ________________________________________________________________________________
01/29/2018 20:20:53 [INFO] exp_shallowmodel: Training: 
01/29/2018 20:20:53 [INFO] exp_shallowmodel: LogisticRegression(C=1, class_weight=None, dual=False, fit_intercept=True,
          intercept_scaling=1, max_iter=100, multi_class='ovr', n_jobs=1,
          penalty='l1', random_state=None, solver='liblinear', tol=0.0001,
          verbose=0, warm_start=False)
01/29/2018 20:20:53 [INFO] exp_shallowmodel: train time: 0.239s
01/29/2018 20:20:53 [INFO] exp_shallowmodel: test time:  0.000s
01/29/2018 20:20:53 [INFO] exp_shallowmodel: accuracy:   0.837
01/29/2018 20:20:53 [INFO] exp_shallowmodel: f1_score:   0.681
01/29/2018 20:20:53 [INFO] exp_shallowmodel: classification report:
01/29/2018 20:20:53 [INFO] exp_shallowmodel:              precision    recall  f1-score   support

          A       1.00      0.14      0.25        14
          C       0.79      0.81      0.80       164
          F       0.87      0.94      0.90       268
          R       0.83      0.72      0.77       125

avg / total       0.84      0.84      0.83       571

01/29/2018 20:20:53 [INFO] exp_shallowmodel: confusion matrix:
01/29/2018 20:20:53 [INFO] exp_shallowmodel: 
[[  2   2   9   1]
 [  0 133  17  14]
 [  0  12 253   3]
 [  0  22  13  90]]
01/29/2018 20:20:53 [INFO] exp_shallowmodel: ******************** dstc2 - Round 36 
01/29/2018 20:20:53 [INFO] exp_shallowmodel: #(data) = 4583
01/29/2018 20:20:53 [INFO] exp_shallowmodel: #(feature) = 66
01/29/2018 20:20:53 [INFO] exp_shallowmodel: ================================================================================
01/29/2018 20:20:53 [INFO] exp_shallowmodel: LR.pen=l1.C=1.000000
01/29/2018 20:20:53 [INFO] exp_shallowmodel: ________________________________________________________________________________
01/29/2018 20:20:53 [INFO] exp_shallowmodel: Training: 
01/29/2018 20:20:53 [INFO] exp_shallowmodel: LogisticRegression(C=1, class_weight=None, dual=False, fit_intercept=True,
          intercept_scaling=1, max_iter=100, multi_class='ovr', n_jobs=1,
          penalty='l1', random_state=None, solver='liblinear', tol=0.0001,
          verbose=0, warm_start=False)
01/29/2018 20:20:54 [INFO] exp_shallowmodel: train time: 0.248s
01/29/2018 20:20:54 [INFO] exp_shallowmodel: test time:  0.000s
01/29/2018 20:20:54 [INFO] exp_shallowmodel: accuracy:   0.830
01/29/2018 20:20:54 [INFO] exp_shallowmodel: f1_score:   0.721
01/29/2018 20:20:54 [INFO] exp_shallowmodel: classification report:
01/29/2018 20:20:54 [INFO] exp_shallowmodel:              precision    recall  f1-score   support

          A       1.00      0.29      0.44        14
          C       0.78      0.84      0.81       164
          F       0.90      0.91      0.90       268
          R       0.75      0.71      0.73       125

avg / total       0.83      0.83      0.83       571

01/29/2018 20:20:54 [INFO] exp_shallowmodel: confusion matrix:
01/29/2018 20:20:54 [INFO] exp_shallowmodel: 
[[  4   2   7   1]
 [  0 138  11  15]
 [  0  12 243  13]
 [  0  26  10  89]]
01/29/2018 20:20:54 [INFO] exp_shallowmodel: ******************** dstc2 - Round 37 
01/29/2018 20:20:54 [INFO] exp_shallowmodel: #(data) = 4583
01/29/2018 20:20:54 [INFO] exp_shallowmodel: #(feature) = 66
01/29/2018 20:20:54 [INFO] exp_shallowmodel: ================================================================================
01/29/2018 20:20:54 [INFO] exp_shallowmodel: LR.pen=l1.C=1.000000
01/29/2018 20:20:54 [INFO] exp_shallowmodel: ________________________________________________________________________________
01/29/2018 20:20:54 [INFO] exp_shallowmodel: Training: 
01/29/2018 20:20:54 [INFO] exp_shallowmodel: LogisticRegression(C=1, class_weight=None, dual=False, fit_intercept=True,
          intercept_scaling=1, max_iter=100, multi_class='ovr', n_jobs=1,
          penalty='l1', random_state=None, solver='liblinear', tol=0.0001,
          verbose=0, warm_start=False)
01/29/2018 20:20:54 [INFO] exp_shallowmodel: train time: 0.242s
01/29/2018 20:20:54 [INFO] exp_shallowmodel: test time:  0.000s
01/29/2018 20:20:54 [INFO] exp_shallowmodel: accuracy:   0.834
01/29/2018 20:20:54 [INFO] exp_shallowmodel: f1_score:   0.672
01/29/2018 20:20:54 [INFO] exp_shallowmodel: classification report:
01/29/2018 20:20:54 [INFO] exp_shallowmodel:              precision    recall  f1-score   support

          A       0.67      0.14      0.24        14
          C       0.81      0.82      0.81       164
          F       0.88      0.94      0.91       268
          R       0.76      0.70      0.73       125

avg / total       0.83      0.83      0.83       571

01/29/2018 20:20:54 [INFO] exp_shallowmodel: confusion matrix:
01/29/2018 20:20:54 [INFO] exp_shallowmodel: 
[[  2   0  12   0]
 [  0 134  10  20]
 [  0   8 253   7]
 [  1  23  14  87]]
01/29/2018 20:20:54 [INFO] exp_shallowmodel: ******************** dstc2 - Round 38 
01/29/2018 20:20:54 [INFO] exp_shallowmodel: #(data) = 4583
01/29/2018 20:20:54 [INFO] exp_shallowmodel: #(feature) = 66
01/29/2018 20:20:54 [INFO] exp_shallowmodel: ================================================================================
01/29/2018 20:20:54 [INFO] exp_shallowmodel: LR.pen=l1.C=1.000000
01/29/2018 20:20:54 [INFO] exp_shallowmodel: ________________________________________________________________________________
01/29/2018 20:20:54 [INFO] exp_shallowmodel: Training: 
01/29/2018 20:20:54 [INFO] exp_shallowmodel: LogisticRegression(C=1, class_weight=None, dual=False, fit_intercept=True,
          intercept_scaling=1, max_iter=100, multi_class='ovr', n_jobs=1,
          penalty='l1', random_state=None, solver='liblinear', tol=0.0001,
          verbose=0, warm_start=False)
01/29/2018 20:20:54 [INFO] exp_shallowmodel: train time: 0.230s
01/29/2018 20:20:54 [INFO] exp_shallowmodel: test time:  0.000s
01/29/2018 20:20:54 [INFO] exp_shallowmodel: accuracy:   0.821
01/29/2018 20:20:54 [INFO] exp_shallowmodel: f1_score:   0.661
01/29/2018 20:20:54 [INFO] exp_shallowmodel: classification report:
01/29/2018 20:20:54 [INFO] exp_shallowmodel:              precision    recall  f1-score   support

          A       1.00      0.14      0.25        14
          C       0.75      0.79      0.77       164
          F       0.89      0.94      0.92       268
          R       0.74      0.67      0.71       125

avg / total       0.82      0.82      0.81       571

01/29/2018 20:20:54 [INFO] exp_shallowmodel: confusion matrix:
01/29/2018 20:20:54 [INFO] exp_shallowmodel: 
[[  2   5   7   0]
 [  0 130  10  24]
 [  0  10 253   5]
 [  0  28  13  84]]
01/29/2018 20:20:54 [INFO] exp_shallowmodel: ******************** dstc2 - Round 39 
01/29/2018 20:20:54 [INFO] exp_shallowmodel: #(data) = 4568
01/29/2018 20:20:54 [INFO] exp_shallowmodel: #(feature) = 66
01/29/2018 20:20:54 [INFO] exp_shallowmodel: ================================================================================
01/29/2018 20:20:54 [INFO] exp_shallowmodel: LR.pen=l1.C=1.000000
01/29/2018 20:20:54 [INFO] exp_shallowmodel: ________________________________________________________________________________
01/29/2018 20:20:54 [INFO] exp_shallowmodel: Training: 
01/29/2018 20:20:54 [INFO] exp_shallowmodel: LogisticRegression(C=1, class_weight=None, dual=False, fit_intercept=True,
          intercept_scaling=1, max_iter=100, multi_class='ovr', n_jobs=1,
          penalty='l1', random_state=None, solver='liblinear', tol=0.0001,
          verbose=0, warm_start=False)
01/29/2018 20:20:54 [INFO] exp_shallowmodel: train time: 0.235s
01/29/2018 20:20:54 [INFO] exp_shallowmodel: test time:  0.000s
01/29/2018 20:20:54 [INFO] exp_shallowmodel: accuracy:   0.807
01/29/2018 20:20:54 [INFO] exp_shallowmodel: f1_score:   0.651
01/29/2018 20:20:54 [INFO] exp_shallowmodel: classification report:
01/29/2018 20:20:54 [INFO] exp_shallowmodel:              precision    recall  f1-score   support

          A       1.00      0.12      0.22        16
          C       0.75      0.83      0.79       169
          F       0.85      0.90      0.88       271
          R       0.78      0.66      0.72       130

avg / total       0.81      0.81      0.80       586

01/29/2018 20:20:54 [INFO] exp_shallowmodel: confusion matrix:
01/29/2018 20:20:54 [INFO] exp_shallowmodel: 
[[  2   3  10   1]
 [  0 140  11  18]
 [  0  21 245   5]
 [  0  23  21  86]]
01/29/2018 20:20:54 [INFO] exp_shallowmodel: ******************** dstc2 - Round 40 
01/29/2018 20:20:54 [INFO] exp_shallowmodel: #(data) = 4583
01/29/2018 20:20:54 [INFO] exp_shallowmodel: #(feature) = 66
01/29/2018 20:20:54 [INFO] exp_shallowmodel: ================================================================================
01/29/2018 20:20:54 [INFO] exp_shallowmodel: LR.pen=l1.C=1.000000
01/29/2018 20:20:54 [INFO] exp_shallowmodel: ________________________________________________________________________________
01/29/2018 20:20:54 [INFO] exp_shallowmodel: Training: 
01/29/2018 20:20:54 [INFO] exp_shallowmodel: LogisticRegression(C=1, class_weight=None, dual=False, fit_intercept=True,
          intercept_scaling=1, max_iter=100, multi_class='ovr', n_jobs=1,
          penalty='l1', random_state=None, solver='liblinear', tol=0.0001,
          verbose=0, warm_start=False)
01/29/2018 20:20:55 [INFO] exp_shallowmodel: train time: 0.236s
01/29/2018 20:20:55 [INFO] exp_shallowmodel: test time:  0.000s
01/29/2018 20:20:55 [INFO] exp_shallowmodel: accuracy:   0.837
01/29/2018 20:20:55 [INFO] exp_shallowmodel: f1_score:   0.695
01/29/2018 20:20:55 [INFO] exp_shallowmodel: classification report:
01/29/2018 20:20:55 [INFO] exp_shallowmodel:              precision    recall  f1-score   support

          A       0.60      0.21      0.32        14
          C       0.84      0.84      0.84       164
          F       0.87      0.93      0.90       268
          R       0.75      0.70      0.72       125

avg / total       0.83      0.84      0.83       571

01/29/2018 20:20:55 [INFO] exp_shallowmodel: confusion matrix:
01/29/2018 20:20:55 [INFO] exp_shallowmodel: 
[[  3   6   4   1]
 [  0 138  10  16]
 [  2   4 250  12]
 [  0  16  22  87]]
01/29/2018 20:20:55 [INFO] exp_shallowmodel: ******************** dstc2 - Round 41 
01/29/2018 20:20:55 [INFO] exp_shallowmodel: #(data) = 4583
01/29/2018 20:20:55 [INFO] exp_shallowmodel: #(feature) = 66
01/29/2018 20:20:55 [INFO] exp_shallowmodel: ================================================================================
01/29/2018 20:20:55 [INFO] exp_shallowmodel: LR.pen=l1.C=1.000000
01/29/2018 20:20:55 [INFO] exp_shallowmodel: ________________________________________________________________________________
01/29/2018 20:20:55 [INFO] exp_shallowmodel: Training: 
01/29/2018 20:20:55 [INFO] exp_shallowmodel: LogisticRegression(C=1, class_weight=None, dual=False, fit_intercept=True,
          intercept_scaling=1, max_iter=100, multi_class='ovr', n_jobs=1,
          penalty='l1', random_state=None, solver='liblinear', tol=0.0001,
          verbose=0, warm_start=False)
01/29/2018 20:20:55 [INFO] exp_shallowmodel: train time: 0.244s
01/29/2018 20:20:55 [INFO] exp_shallowmodel: test time:  0.000s
01/29/2018 20:20:55 [INFO] exp_shallowmodel: accuracy:   0.818
01/29/2018 20:20:55 [INFO] exp_shallowmodel: f1_score:   0.685
01/29/2018 20:20:55 [INFO] exp_shallowmodel: classification report:
01/29/2018 20:20:55 [INFO] exp_shallowmodel:              precision    recall  f1-score   support

          A       1.00      0.21      0.35        14
          C       0.74      0.78      0.76       164
          F       0.90      0.93      0.91       268
          R       0.74      0.69      0.71       125

avg / total       0.82      0.82      0.81       571

01/29/2018 20:20:55 [INFO] exp_shallowmodel: confusion matrix:
01/29/2018 20:20:55 [INFO] exp_shallowmodel: 
[[  3   2   6   3]
 [  0 128  12  24]
 [  0  14 250   4]
 [  0  28  11  86]]
01/29/2018 20:20:55 [INFO] exp_shallowmodel: ******************** dstc2 - Round 42 
01/29/2018 20:20:55 [INFO] exp_shallowmodel: #(data) = 4583
01/29/2018 20:20:55 [INFO] exp_shallowmodel: #(feature) = 66
01/29/2018 20:20:55 [INFO] exp_shallowmodel: ================================================================================
01/29/2018 20:20:55 [INFO] exp_shallowmodel: LR.pen=l1.C=1.000000
01/29/2018 20:20:55 [INFO] exp_shallowmodel: ________________________________________________________________________________
01/29/2018 20:20:55 [INFO] exp_shallowmodel: Training: 
01/29/2018 20:20:55 [INFO] exp_shallowmodel: LogisticRegression(C=1, class_weight=None, dual=False, fit_intercept=True,
          intercept_scaling=1, max_iter=100, multi_class='ovr', n_jobs=1,
          penalty='l1', random_state=None, solver='liblinear', tol=0.0001,
          verbose=0, warm_start=False)
01/29/2018 20:20:55 [INFO] exp_shallowmodel: train time: 0.222s
01/29/2018 20:20:55 [INFO] exp_shallowmodel: test time:  0.000s
01/29/2018 20:20:55 [INFO] exp_shallowmodel: accuracy:   0.797
01/29/2018 20:20:55 [INFO] exp_shallowmodel: f1_score:   0.644
01/29/2018 20:20:55 [INFO] exp_shallowmodel: classification report:
01/29/2018 20:20:55 [INFO] exp_shallowmodel:              precision    recall  f1-score   support

          A       1.00      0.14      0.25        14
          C       0.74      0.76      0.75       164
          F       0.86      0.92      0.89       268
          R       0.73      0.66      0.69       125

avg / total       0.80      0.80      0.79       571

01/29/2018 20:20:55 [INFO] exp_shallowmodel: confusion matrix:
01/29/2018 20:20:55 [INFO] exp_shallowmodel: 
[[  2   3   8   1]
 [  0 125  15  24]
 [  0  16 246   6]
 [  0  25  18  82]]
01/29/2018 20:20:55 [INFO] exp_shallowmodel: ******************** dstc2 - Round 43 
01/29/2018 20:20:55 [INFO] exp_shallowmodel: #(data) = 4583
01/29/2018 20:20:55 [INFO] exp_shallowmodel: #(feature) = 66
01/29/2018 20:20:55 [INFO] exp_shallowmodel: ================================================================================
01/29/2018 20:20:55 [INFO] exp_shallowmodel: LR.pen=l1.C=1.000000
01/29/2018 20:20:55 [INFO] exp_shallowmodel: ________________________________________________________________________________
01/29/2018 20:20:55 [INFO] exp_shallowmodel: Training: 
01/29/2018 20:20:55 [INFO] exp_shallowmodel: LogisticRegression(C=1, class_weight=None, dual=False, fit_intercept=True,
          intercept_scaling=1, max_iter=100, multi_class='ovr', n_jobs=1,
          penalty='l1', random_state=None, solver='liblinear', tol=0.0001,
          verbose=0, warm_start=False)
01/29/2018 20:20:55 [INFO] exp_shallowmodel: train time: 0.239s
01/29/2018 20:20:55 [INFO] exp_shallowmodel: test time:  0.000s
01/29/2018 20:20:55 [INFO] exp_shallowmodel: accuracy:   0.823
01/29/2018 20:20:55 [INFO] exp_shallowmodel: f1_score:   0.733
01/29/2018 20:20:55 [INFO] exp_shallowmodel: classification report:
01/29/2018 20:20:55 [INFO] exp_shallowmodel:              precision    recall  f1-score   support

          A       1.00      0.36      0.53        14
          C       0.77      0.79      0.78       164
          F       0.87      0.93      0.90       268
          R       0.77      0.69      0.73       125

avg / total       0.82      0.82      0.82       571

01/29/2018 20:20:55 [INFO] exp_shallowmodel: confusion matrix:
01/29/2018 20:20:55 [INFO] exp_shallowmodel: 
[[  5   1   7   1]
 [  0 130  18  16]
 [  0  10 249   9]
 [  0  28  11  86]]
01/29/2018 20:20:55 [INFO] exp_shallowmodel: ******************** dstc2 - Round 44 
01/29/2018 20:20:55 [INFO] exp_shallowmodel: #(data) = 4583
01/29/2018 20:20:55 [INFO] exp_shallowmodel: #(feature) = 66
01/29/2018 20:20:55 [INFO] exp_shallowmodel: ================================================================================
01/29/2018 20:20:55 [INFO] exp_shallowmodel: LR.pen=l1.C=1.000000
01/29/2018 20:20:55 [INFO] exp_shallowmodel: ________________________________________________________________________________
01/29/2018 20:20:55 [INFO] exp_shallowmodel: Training: 
01/29/2018 20:20:55 [INFO] exp_shallowmodel: LogisticRegression(C=1, class_weight=None, dual=False, fit_intercept=True,
          intercept_scaling=1, max_iter=100, multi_class='ovr', n_jobs=1,
          penalty='l1', random_state=None, solver='liblinear', tol=0.0001,
          verbose=0, warm_start=False)
01/29/2018 20:20:56 [INFO] exp_shallowmodel: train time: 0.248s
01/29/2018 20:20:56 [INFO] exp_shallowmodel: test time:  0.000s
01/29/2018 20:20:56 [INFO] exp_shallowmodel: accuracy:   0.823
01/29/2018 20:20:56 [INFO] exp_shallowmodel: f1_score:   0.605
01/29/2018 20:20:56 [INFO] exp_shallowmodel: classification report:
01/29/2018 20:20:56 [INFO] exp_shallowmodel:              precision    recall  f1-score   support

          A       0.00      0.00      0.00        14
          C       0.79      0.81      0.80       164
          F       0.87      0.94      0.90       268
          R       0.76      0.68      0.72       125

avg / total       0.80      0.82      0.81       571

01/29/2018 20:20:56 [INFO] exp_shallowmodel: confusion matrix:
01/29/2018 20:20:56 [INFO] exp_shallowmodel: 
[[  0   3  10   1]
 [  0 133  10  21]
 [  0  11 252   5]
 [  0  22  18  85]]
01/29/2018 20:20:56 [INFO] exp_shallowmodel: ******************** dstc2 - Round 45 
01/29/2018 20:20:56 [INFO] exp_shallowmodel: #(data) = 4583
01/29/2018 20:20:56 [INFO] exp_shallowmodel: #(feature) = 66
01/29/2018 20:20:56 [INFO] exp_shallowmodel: ================================================================================
01/29/2018 20:20:56 [INFO] exp_shallowmodel: LR.pen=l1.C=1.000000
01/29/2018 20:20:56 [INFO] exp_shallowmodel: ________________________________________________________________________________
01/29/2018 20:20:56 [INFO] exp_shallowmodel: Training: 
01/29/2018 20:20:56 [INFO] exp_shallowmodel: LogisticRegression(C=1, class_weight=None, dual=False, fit_intercept=True,
          intercept_scaling=1, max_iter=100, multi_class='ovr', n_jobs=1,
          penalty='l1', random_state=None, solver='liblinear', tol=0.0001,
          verbose=0, warm_start=False)
01/29/2018 20:20:56 [INFO] exp_shallowmodel: train time: 0.229s
01/29/2018 20:20:56 [INFO] exp_shallowmodel: test time:  0.000s
01/29/2018 20:20:56 [INFO] exp_shallowmodel: accuracy:   0.827
01/29/2018 20:20:56 [INFO] exp_shallowmodel: f1_score:   0.707
01/29/2018 20:20:56 [INFO] exp_shallowmodel: classification report:
01/29/2018 20:20:56 [INFO] exp_shallowmodel:              precision    recall  f1-score   support

          A       0.80      0.29      0.42        14
          C       0.76      0.78      0.77       164
          F       0.89      0.95      0.92       268
          R       0.75      0.68      0.71       125

avg / total       0.82      0.83      0.82       571

01/29/2018 20:20:56 [INFO] exp_shallowmodel: confusion matrix:
01/29/2018 20:20:56 [INFO] exp_shallowmodel: 
[[  4   4   5   1]
 [  1 128  12  23]
 [  0   9 255   4]
 [  0  27  13  85]]
01/29/2018 20:20:56 [INFO] exp_shallowmodel: ******************** dstc2 - Round 46 
01/29/2018 20:20:56 [INFO] exp_shallowmodel: #(data) = 4583
01/29/2018 20:20:56 [INFO] exp_shallowmodel: #(feature) = 66
01/29/2018 20:20:56 [INFO] exp_shallowmodel: ================================================================================
01/29/2018 20:20:56 [INFO] exp_shallowmodel: LR.pen=l1.C=1.000000
01/29/2018 20:20:56 [INFO] exp_shallowmodel: ________________________________________________________________________________
01/29/2018 20:20:56 [INFO] exp_shallowmodel: Training: 
01/29/2018 20:20:56 [INFO] exp_shallowmodel: LogisticRegression(C=1, class_weight=None, dual=False, fit_intercept=True,
          intercept_scaling=1, max_iter=100, multi_class='ovr', n_jobs=1,
          penalty='l1', random_state=None, solver='liblinear', tol=0.0001,
          verbose=0, warm_start=False)
01/29/2018 20:20:56 [INFO] exp_shallowmodel: train time: 0.256s
01/29/2018 20:20:56 [INFO] exp_shallowmodel: test time:  0.000s
01/29/2018 20:20:56 [INFO] exp_shallowmodel: accuracy:   0.802
01/29/2018 20:20:56 [INFO] exp_shallowmodel: f1_score:   0.668
01/29/2018 20:20:56 [INFO] exp_shallowmodel: classification report:
01/29/2018 20:20:56 [INFO] exp_shallowmodel:              precision    recall  f1-score   support

          A       0.75      0.21      0.33        14
          C       0.74      0.84      0.79       164
          F       0.86      0.90      0.88       268
          R       0.75      0.61      0.67       125

avg / total       0.80      0.80      0.79       571

01/29/2018 20:20:56 [INFO] exp_shallowmodel: confusion matrix:
01/29/2018 20:20:56 [INFO] exp_shallowmodel: 
[[  3   0  10   1]
 [  0 137  15  12]
 [  0  14 242  12]
 [  1  34  14  76]]
01/29/2018 20:20:56 [INFO] exp_shallowmodel: ******************** dstc2 - Round 47 
01/29/2018 20:20:56 [INFO] exp_shallowmodel: #(data) = 4583
01/29/2018 20:20:56 [INFO] exp_shallowmodel: #(feature) = 66
01/29/2018 20:20:56 [INFO] exp_shallowmodel: ================================================================================
01/29/2018 20:20:56 [INFO] exp_shallowmodel: LR.pen=l1.C=1.000000
01/29/2018 20:20:56 [INFO] exp_shallowmodel: ________________________________________________________________________________
01/29/2018 20:20:56 [INFO] exp_shallowmodel: Training: 
01/29/2018 20:20:56 [INFO] exp_shallowmodel: LogisticRegression(C=1, class_weight=None, dual=False, fit_intercept=True,
          intercept_scaling=1, max_iter=100, multi_class='ovr', n_jobs=1,
          penalty='l1', random_state=None, solver='liblinear', tol=0.0001,
          verbose=0, warm_start=False)
01/29/2018 20:20:56 [INFO] exp_shallowmodel: train time: 0.243s
01/29/2018 20:20:56 [INFO] exp_shallowmodel: test time:  0.000s
01/29/2018 20:20:56 [INFO] exp_shallowmodel: accuracy:   0.811
01/29/2018 20:20:56 [INFO] exp_shallowmodel: f1_score:   0.627
01/29/2018 20:20:56 [INFO] exp_shallowmodel: classification report:
01/29/2018 20:20:56 [INFO] exp_shallowmodel:              precision    recall  f1-score   support

          A       1.00      0.07      0.13        14
          C       0.74      0.78      0.76       164
          F       0.87      0.93      0.90       268
          R       0.75      0.67      0.71       125

avg / total       0.81      0.81      0.80       571

01/29/2018 20:20:56 [INFO] exp_shallowmodel: confusion matrix:
01/29/2018 20:20:56 [INFO] exp_shallowmodel: 
[[  1   3  10   0]
 [  0 128  15  21]
 [  0  11 250   7]
 [  0  30  11  84]]
01/29/2018 20:20:56 [INFO] exp_shallowmodel: ******************** dstc2 - Round 48 
01/29/2018 20:20:56 [INFO] exp_shallowmodel: #(data) = 4583
01/29/2018 20:20:56 [INFO] exp_shallowmodel: #(feature) = 66
01/29/2018 20:20:56 [INFO] exp_shallowmodel: ================================================================================
01/29/2018 20:20:56 [INFO] exp_shallowmodel: LR.pen=l1.C=1.000000
01/29/2018 20:20:56 [INFO] exp_shallowmodel: ________________________________________________________________________________
01/29/2018 20:20:56 [INFO] exp_shallowmodel: Training: 
01/29/2018 20:20:56 [INFO] exp_shallowmodel: LogisticRegression(C=1, class_weight=None, dual=False, fit_intercept=True,
          intercept_scaling=1, max_iter=100, multi_class='ovr', n_jobs=1,
          penalty='l1', random_state=None, solver='liblinear', tol=0.0001,
          verbose=0, warm_start=False)
01/29/2018 20:20:57 [INFO] exp_shallowmodel: train time: 0.232s
01/29/2018 20:20:57 [INFO] exp_shallowmodel: test time:  0.000s
01/29/2018 20:20:57 [INFO] exp_shallowmodel: accuracy:   0.816
01/29/2018 20:20:57 [INFO] exp_shallowmodel: f1_score:   0.660
01/29/2018 20:20:57 [INFO] exp_shallowmodel: classification report:
01/29/2018 20:20:57 [INFO] exp_shallowmodel:              precision    recall  f1-score   support

          A       0.67      0.14      0.24        14
          C       0.75      0.86      0.80       164
          F       0.88      0.90      0.89       268
          R       0.78      0.66      0.72       125

avg / total       0.81      0.82      0.81       571

01/29/2018 20:20:57 [INFO] exp_shallowmodel: confusion matrix:
01/29/2018 20:20:57 [INFO] exp_shallowmodel: 
[[  2   0  11   1]
 [  0 141   8  15]
 [  0  20 240   8]
 [  1  26  15  83]]
01/29/2018 20:20:57 [INFO] exp_shallowmodel: ******************** dstc2 - Round 49 
01/29/2018 20:20:57 [INFO] exp_shallowmodel: #(data) = 4568
01/29/2018 20:20:57 [INFO] exp_shallowmodel: #(feature) = 66
01/29/2018 20:20:57 [INFO] exp_shallowmodel: ================================================================================
01/29/2018 20:20:57 [INFO] exp_shallowmodel: LR.pen=l1.C=1.000000
01/29/2018 20:20:57 [INFO] exp_shallowmodel: ________________________________________________________________________________
01/29/2018 20:20:57 [INFO] exp_shallowmodel: Training: 
01/29/2018 20:20:57 [INFO] exp_shallowmodel: LogisticRegression(C=1, class_weight=None, dual=False, fit_intercept=True,
          intercept_scaling=1, max_iter=100, multi_class='ovr', n_jobs=1,
          penalty='l1', random_state=None, solver='liblinear', tol=0.0001,
          verbose=0, warm_start=False)
01/29/2018 20:20:57 [INFO] exp_shallowmodel: train time: 0.267s
01/29/2018 20:20:57 [INFO] exp_shallowmodel: test time:  0.000s
01/29/2018 20:20:57 [INFO] exp_shallowmodel: accuracy:   0.834
01/29/2018 20:20:57 [INFO] exp_shallowmodel: f1_score:   0.698
01/29/2018 20:20:57 [INFO] exp_shallowmodel: classification report:
01/29/2018 20:20:57 [INFO] exp_shallowmodel:              precision    recall  f1-score   support

          A       1.00      0.19      0.32        16
          C       0.78      0.82      0.80       169
          F       0.86      0.93      0.90       271
          R       0.84      0.72      0.78       130

avg / total       0.84      0.83      0.83       586

01/29/2018 20:20:57 [INFO] exp_shallowmodel: confusion matrix:
01/29/2018 20:20:57 [INFO] exp_shallowmodel: 
[[  3   2  11   0]
 [  0 139  15  15]
 [  0  15 253   3]
 [  0  22  14  94]]
