01/30/2018 13:31:40 [INFO] configuration: experiment_mode  :   continuous_feature_selection
01/30/2018 13:31:40 [INFO] configuration: deep_model  :   False
01/30/2018 13:31:40 [INFO] configuration: selected_context_id  :   0
01/30/2018 13:31:40 [INFO] configuration: selected_feature_set_id  :   5
01/30/2018 13:31:40 [INFO] configuration: similarity_feature  :   True
01/30/2018 13:31:40 [INFO] configuration: k_feature_to_keep  :   -1
01/30/2018 13:31:40 [INFO] configuration: k_component_for_pca  :   4
01/30/2018 13:31:40 [INFO] configuration: seed  :   154316847
01/30/2018 13:31:40 [INFO] configuration: root_path  :   /ihome/pbrusilosky/rum20/y_classify
01/30/2018 13:31:40 [INFO] configuration: task_name  :   utterance_type
01/30/2018 13:31:40 [INFO] configuration: timemark  :   20180130-133140
01/30/2018 13:31:40 [INFO] configuration: context_set  :   next
01/30/2018 13:31:40 [INFO] configuration: utterance_names  :   ['last_user_utterance', 'last_system_utterance', 'current_user_utterance', 'next_system_utterance', 'next_user_utterance']
01/30/2018 13:31:40 [INFO] configuration: utterance_range  :   ['current_user_utterance', 'next_system_utterance', 'next_user_utterance']
01/30/2018 13:31:40 [INFO] configuration: feature_set  :   5-lda
01/30/2018 13:31:40 [INFO] configuration: feature_set_number  :   ['8']
01/30/2018 13:31:40 [INFO] configuration: experiment_name  :   20180130-133140.continuous_feature_selection.pca_component=4.feature_number=-1.context=next.feature=5-lda.similarity=true
01/30/2018 13:31:40 [INFO] configuration: experiment_path  :   /ihome/pbrusilosky/rum20/y_classify/output/20180130-133140.continuous_feature_selection.pca_component=4.feature_number=-1.context=next.feature=5-lda.similarity=true
01/30/2018 13:31:40 [INFO] configuration: log_path  :   /ihome/pbrusilosky/rum20/y_classify/output/20180130-133140.continuous_feature_selection.pca_component=4.feature_number=-1.context=next.feature=5-lda.similarity=true/output.log
01/30/2018 13:31:40 [INFO] configuration: valid_type  :   {'F', 'A', 'C', 'R'}
01/30/2018 13:31:40 [INFO] configuration: data_name  :   
01/30/2018 13:31:40 [INFO] configuration: data_names  :   ['dstc2', 'dstc3', 'family', 'ghome']
01/30/2018 13:31:40 [INFO] configuration: raw_feature_path  :   /ihome/pbrusilosky/rum20/y_classify/dataset/feature/%s.raw_feature.pkl
01/30/2018 13:31:40 [INFO] configuration: extracted_feature_path  :   /ihome/pbrusilosky/rum20/y_classify/dataset/feature/%s.extracted_feature.pkl
01/30/2018 13:31:40 [INFO] configuration: pipeline_path  :   /ihome/pbrusilosky/rum20/y_classify/dataset/feature/%s.pipeline.pkl
01/30/2018 13:31:40 [INFO] configuration: metrics  :   ['accuracy', 'precision', 'recall', 'f1_score', 'training_time', 'test_time']
01/30/2018 13:31:40 [INFO] configuration: do_cross_validation  :   True
01/30/2018 13:31:40 [INFO] configuration: #division  :   5
01/30/2018 13:31:40 [INFO] configuration: #cross_validation  :   10
01/30/2018 13:31:40 [INFO] configuration: cv_index_cache_path  :   
01/30/2018 13:31:40 [INFO] configuration: action_words  :   {'temperature', 'remind', 'centr', 'post', 'remov', 'show', 'shuffl', 'delet', 'moderate', 'turn', 'els', 'findcare', 'snooze', 'time', 'temperatur', 'cast', 'reminders', 'reminder', 'weather', 'telephon', 'discard', 'share', 'area', 'volume', 'any', 'snooz', 'clear', 'cheap', 'phone', 'play', 'centre', 'food', 'member', 'shuffle', 'delete', 'next', 'remove', 'number', 'add', 'expens', 'moder', 'tell', 'ani', 'start', 'list', 'item', 'items', 'reminds', 'help', 'else', 'north', 'timer', 'music', 'stop', 'song', 'expensive', 'address', 'telephone', 'findcar', 'light', 'room', 'volum', 'video', 'matter', 'watch', 'south', 'price', 'part', 'skip', 'alarm'}
01/30/2018 13:31:40 [INFO] configuration: corenlp_jars  :   ('/Users/memray/Project/stanford/stanford-corenlp-full-3.8.0/*', '/Users/memray/Project/stanford/stanford-corenlp-full-3.8.0/stanford-english-kbp-corenlp-2017-06-09-models.jar')
01/30/2018 13:31:40 [INFO] configuration: lda_topic_number  :   50
01/30/2018 13:31:40 [INFO] configuration: lda_path  :   /ihome/pbrusilosky/rum20/y_classify/dataset/feature/gensim/%s.topic=50.lda.pkl
01/30/2018 13:31:40 [INFO] configuration: gensim_corpus_path  :   /ihome/pbrusilosky/rum20/y_classify/dataset/feature/gensim/%s.corpus.pkl
01/30/2018 13:31:40 [INFO] configuration: gensim_dict_path  :   /ihome/pbrusilosky/rum20/y_classify/dataset/feature/gensim/%s.dict
01/30/2018 13:31:40 [INFO] configuration: w2v_path  :   /home/memray/Data/glove/GoogleNews-vectors-negative300.bin
01/30/2018 13:31:40 [INFO] configuration: w2v_vector_length  :   300
01/30/2018 13:31:40 [INFO] configuration: d2v_vector_length  :   300
01/30/2018 13:31:40 [INFO] configuration: d2v_window_size  :   5
01/30/2018 13:31:40 [INFO] configuration: d2v_min_count  :   2
01/30/2018 13:31:40 [INFO] configuration: d2v_model_path  :   /ihome/pbrusilosky/rum20/y_classify/dataset/feature/gensim/%s.doc2vec.dim=300.window=5.min_count=2.model
01/30/2018 13:31:40 [INFO] configuration: d2v_vector_path  :   /ihome/pbrusilosky/rum20/y_classify/dataset/feature/gensim/%s.doc2vec.dim=300.window=5.min_count=2.vector
01/30/2018 13:31:40 [INFO] configuration: num_word_keep  :   {'dstc2': 300, 'dstc3': 300, 'family': 1000, 'ghome': 1000}
01/30/2018 13:31:40 [INFO] configuration: batch_size  :   128
01/30/2018 13:31:40 [INFO] configuration: max_epoch  :   50
01/30/2018 13:31:40 [INFO] configuration: early_stop_tolerance  :   2
01/30/2018 13:31:40 [INFO] configuration: concat_sents  :   False
01/30/2018 13:31:40 [INFO] configuration: cnn_setting  :   {'model': 'multichannel', 'early_stopping': True, 'word_dim': 300, 'filters': [3, 4, 5], 'filter_num': [100, 100, 100], 'class_size': 4, 'batch_size': 128, 'learning_rate': 0.001, 'norm_limit': 10, 'dropout_prob': 0.0, 'sentence_num': 3}
01/30/2018 13:31:40 [INFO] configuration: skipthought_setting  :   {'skipthought_model_path': '/Users/memray/Data/skip-thought', 'skipthought_data_path': '/ihome/pbrusilosky/rum20/y_classify/dataset/feature/gensim/%s.skip-thought.biskip.vector', 'fixed_emb': True, 'sentence_num': 3, 'hidden_size': 2400, 'class_size': 4, 'learning_rate': 0.0001, 'norm_limit': 3, 'dropout_prob': 0.5}
01/30/2018 13:31:40 [INFO] configuration: lstm_setting  :   {'model': 'non-static', 'hidden_size': 32, 'embedding_size': 300, 'num_layers': 1, 'bidirectional': False, 'learning_rate': 0.001, 'class_size': 4, 'norm_limit': 2, 'clip_grad_norm': 2, 'dropout_prob': 0.1}
01/30/2018 13:31:42 [INFO] exp_shallowmodel: %%%%%%%%%%%%%%%%%%%%%%%%%%%%%%%%%%%%%%%%%%%%%%%%%%
01/30/2018 13:31:42 [INFO] exp_shallowmodel:           dataset=dstc2
01/30/2018 13:31:42 [INFO] exp_shallowmodel:           X_new.shape=(5725, 17)
01/30/2018 13:31:42 [INFO] exp_shallowmodel:           #(discrete_feature)=0
01/30/2018 13:31:42 [INFO] exp_shallowmodel:           #(continuous_feature)=16
01/30/2018 13:31:42 [INFO] exp_shallowmodel:           #(similarity_feature)=1
01/30/2018 13:31:42 [INFO] exp_shallowmodel: %%%%%%%%%%%%%%%%%%%%%%%%%%%%%%%%%%%%%%%%%%%%%%%%%%
01/30/2018 13:31:42 [INFO] exp_shallowmodel: ******************** dstc2 - Round 0 
01/30/2018 13:31:42 [INFO] exp_shallowmodel: #(data) = 4583
01/30/2018 13:31:42 [INFO] exp_shallowmodel: #(feature) = 17
01/30/2018 13:31:42 [INFO] exp_shallowmodel: ================================================================================
01/30/2018 13:31:42 [INFO] exp_shallowmodel: LR.pen=l1.C=1.000000
01/30/2018 13:31:42 [INFO] exp_shallowmodel: ________________________________________________________________________________
01/30/2018 13:31:42 [INFO] exp_shallowmodel: Training: 
01/30/2018 13:31:42 [INFO] exp_shallowmodel: LogisticRegression(C=1, class_weight=None, dual=False, fit_intercept=True,
          intercept_scaling=1, max_iter=100, multi_class='ovr', n_jobs=1,
          penalty='l1', random_state=None, solver='liblinear', tol=0.0001,
          verbose=0, warm_start=False)
01/30/2018 13:31:42 [INFO] exp_shallowmodel: train time: 0.055s
01/30/2018 13:31:42 [INFO] exp_shallowmodel: test time:  0.000s
01/30/2018 13:31:42 [INFO] exp_shallowmodel: accuracy:   0.846
01/30/2018 13:31:42 [INFO] exp_shallowmodel: f1_score:   0.628
01/30/2018 13:31:42 [INFO] exp_shallowmodel: classification report:
01/30/2018 13:31:42 [INFO] exp_shallowmodel:              precision    recall  f1-score   support

          A       0.00      0.00      0.00        14
          C       0.79      0.85      0.82       164
          F       0.88      0.94      0.91       268
          R       0.85      0.72      0.78       125

avg / total       0.83      0.85      0.83       571

01/30/2018 13:31:42 [INFO] exp_shallowmodel: confusion matrix:
01/30/2018 13:31:42 [INFO] exp_shallowmodel: 
[[  0   3  11   0]
 [  0 140  10  14]
 [  0  13 253   2]
 [  0  21  14  90]]
01/30/2018 13:31:43 [INFO] exp_shallowmodel: Feature selection of top 17, selectable:non-selectable=0:17
01/30/2018 13:31:46 [INFO] exp_shallowmodel: %%%%%%%%%%%%%%%%%%%%%%%%%%%%%%%%%%%%%%%%%%%%%%%%%%
01/30/2018 13:31:46 [INFO] exp_shallowmodel:           dataset=dstc3
01/30/2018 13:31:46 [INFO] exp_shallowmodel:           X_new.shape=(5934, 17)
01/30/2018 13:31:46 [INFO] exp_shallowmodel:           #(discrete_feature)=0
01/30/2018 13:31:46 [INFO] exp_shallowmodel:           #(continuous_feature)=16
01/30/2018 13:31:46 [INFO] exp_shallowmodel:           #(similarity_feature)=1
01/30/2018 13:31:46 [INFO] exp_shallowmodel: %%%%%%%%%%%%%%%%%%%%%%%%%%%%%%%%%%%%%%%%%%%%%%%%%%
01/30/2018 13:31:46 [INFO] exp_shallowmodel: ******************** dstc3 - Round 0 
01/30/2018 13:31:46 [INFO] exp_shallowmodel: #(data) = 4750
01/30/2018 13:31:46 [INFO] exp_shallowmodel: #(feature) = 17
01/30/2018 13:31:46 [INFO] exp_shallowmodel: ================================================================================
01/30/2018 13:31:46 [INFO] exp_shallowmodel: LR.pen=l1.C=1.000000
01/30/2018 13:31:46 [INFO] exp_shallowmodel: ________________________________________________________________________________
01/30/2018 13:31:46 [INFO] exp_shallowmodel: Training: 
01/30/2018 13:31:46 [INFO] exp_shallowmodel: LogisticRegression(C=1, class_weight=None, dual=False, fit_intercept=True,
          intercept_scaling=1, max_iter=100, multi_class='ovr', n_jobs=1,
          penalty='l1', random_state=None, solver='liblinear', tol=0.0001,
          verbose=0, warm_start=False)
01/30/2018 13:31:46 [INFO] exp_shallowmodel: train time: 0.050s
01/30/2018 13:31:46 [INFO] exp_shallowmodel: test time:  0.000s
01/30/2018 13:31:46 [INFO] exp_shallowmodel: accuracy:   0.769
01/30/2018 13:31:46 [INFO] exp_shallowmodel: f1_score:   0.559
01/30/2018 13:31:46 [INFO] exp_shallowmodel: classification report:
01/30/2018 13:31:46 [INFO] exp_shallowmodel:              precision    recall  f1-score   support

          A       0.00      0.00      0.00        20
          C       0.72      0.83      0.77       169
          F       0.82      0.88      0.85       281
          R       0.71      0.55      0.62       122

avg / total       0.74      0.77      0.75       592

01/30/2018 13:31:46 [INFO] exp_shallowmodel: confusion matrix:
01/30/2018 13:31:46 [INFO] exp_shallowmodel: 
[[  0   0  20   0]
 [  0 140  16  13]
 [  0  18 248  15]
 [  0  37  18  67]]
01/30/2018 13:31:46 [INFO] exp_shallowmodel: Feature selection of top 17, selectable:non-selectable=0:17
01/30/2018 13:31:51 [INFO] exp_shallowmodel: %%%%%%%%%%%%%%%%%%%%%%%%%%%%%%%%%%%%%%%%%%%%%%%%%%
01/30/2018 13:31:51 [INFO] exp_shallowmodel:           dataset=family
01/30/2018 13:31:51 [INFO] exp_shallowmodel:           X_new.shape=(3530, 17)
01/30/2018 13:31:51 [INFO] exp_shallowmodel:           #(discrete_feature)=0
01/30/2018 13:31:51 [INFO] exp_shallowmodel:           #(continuous_feature)=16
01/30/2018 13:31:51 [INFO] exp_shallowmodel:           #(similarity_feature)=1
01/30/2018 13:31:51 [INFO] exp_shallowmodel: %%%%%%%%%%%%%%%%%%%%%%%%%%%%%%%%%%%%%%%%%%%%%%%%%%
01/30/2018 13:31:51 [INFO] exp_shallowmodel: ******************** family - Round 0 
01/30/2018 13:31:51 [INFO] exp_shallowmodel: #(data) = 2826
01/30/2018 13:31:51 [INFO] exp_shallowmodel: #(feature) = 17
01/30/2018 13:31:51 [INFO] exp_shallowmodel: ================================================================================
01/30/2018 13:31:51 [INFO] exp_shallowmodel: LR.pen=l1.C=1.000000
01/30/2018 13:31:51 [INFO] exp_shallowmodel: ________________________________________________________________________________
01/30/2018 13:31:51 [INFO] exp_shallowmodel: Training: 
01/30/2018 13:31:51 [INFO] exp_shallowmodel: LogisticRegression(C=1, class_weight=None, dual=False, fit_intercept=True,
          intercept_scaling=1, max_iter=100, multi_class='ovr', n_jobs=1,
          penalty='l1', random_state=None, solver='liblinear', tol=0.0001,
          verbose=0, warm_start=False)
01/30/2018 13:31:51 [INFO] exp_shallowmodel: train time: 0.034s
01/30/2018 13:31:51 [INFO] exp_shallowmodel: test time:  0.000s
01/30/2018 13:31:51 [INFO] exp_shallowmodel: accuracy:   0.812
01/30/2018 13:31:51 [INFO] exp_shallowmodel: f1_score:   0.517
01/30/2018 13:31:51 [INFO] exp_shallowmodel: classification report:
01/30/2018 13:31:51 [INFO] exp_shallowmodel:              precision    recall  f1-score   support

          A       0.00      0.00      0.00        23
          C       0.59      0.70      0.64        27
          F       0.84      0.99      0.91       250
          R       0.77      0.38      0.51        52

avg / total       0.76      0.81      0.77       352

01/30/2018 13:31:51 [INFO] exp_shallowmodel: confusion matrix:
01/30/2018 13:31:51 [INFO] exp_shallowmodel: 
[[  0   5  16   2]
 [  0  19   5   3]
 [  0   2 247   1]
 [  1   6  25  20]]
01/30/2018 13:31:51 [INFO] exp_shallowmodel: Feature selection of top 17, selectable:non-selectable=0:17
01/30/2018 13:31:56 [INFO] exp_shallowmodel: %%%%%%%%%%%%%%%%%%%%%%%%%%%%%%%%%%%%%%%%%%%%%%%%%%
01/30/2018 13:31:56 [INFO] exp_shallowmodel:           dataset=ghome
01/30/2018 13:31:56 [INFO] exp_shallowmodel:           X_new.shape=(5241, 17)
01/30/2018 13:31:56 [INFO] exp_shallowmodel:           #(discrete_feature)=0
01/30/2018 13:31:56 [INFO] exp_shallowmodel:           #(continuous_feature)=16
01/30/2018 13:31:56 [INFO] exp_shallowmodel:           #(similarity_feature)=1
01/30/2018 13:31:56 [INFO] exp_shallowmodel: %%%%%%%%%%%%%%%%%%%%%%%%%%%%%%%%%%%%%%%%%%%%%%%%%%
01/30/2018 13:31:56 [INFO] exp_shallowmodel: ******************** ghome - Round 0 
01/30/2018 13:31:56 [INFO] exp_shallowmodel: #(data) = 4197
01/30/2018 13:31:56 [INFO] exp_shallowmodel: #(feature) = 17
01/30/2018 13:31:56 [INFO] exp_shallowmodel: ================================================================================
01/30/2018 13:31:56 [INFO] exp_shallowmodel: LR.pen=l1.C=1.000000
01/30/2018 13:31:56 [INFO] exp_shallowmodel: ________________________________________________________________________________
01/30/2018 13:31:56 [INFO] exp_shallowmodel: Training: 
01/30/2018 13:31:56 [INFO] exp_shallowmodel: LogisticRegression(C=1, class_weight=None, dual=False, fit_intercept=True,
          intercept_scaling=1, max_iter=100, multi_class='ovr', n_jobs=1,
          penalty='l1', random_state=None, solver='liblinear', tol=0.0001,
          verbose=0, warm_start=False)
01/30/2018 13:31:56 [INFO] exp_shallowmodel: train time: 0.046s
01/30/2018 13:31:56 [INFO] exp_shallowmodel: test time:  0.000s
01/30/2018 13:31:56 [INFO] exp_shallowmodel: accuracy:   0.851
01/30/2018 13:31:56 [INFO] exp_shallowmodel: f1_score:   0.513
01/30/2018 13:31:56 [INFO] exp_shallowmodel: classification report:
01/30/2018 13:31:56 [INFO] exp_shallowmodel:              precision    recall  f1-score   support

          A       0.65      0.34      0.44        59
          C       0.00      0.00      0.00        12
          F       0.87      0.98      0.93       396
          R       0.76      0.62      0.68        55

avg / total       0.82      0.85      0.82       522

01/30/2018 13:31:56 [INFO] exp_shallowmodel: confusion matrix:
01/30/2018 13:31:56 [INFO] exp_shallowmodel: 
[[ 20   0  32   7]
 [  2   0  10   0]
 [  2   0 390   4]
 [  7   0  14  34]]
01/30/2018 13:31:57 [INFO] exp_shallowmodel: Feature selection of top 17, selectable:non-selectable=0:17
