01/04/2018 17:31:26 [INFO] configuration: experiment_mode  :   discrete_feature_selection
01/04/2018 17:31:26 [INFO] configuration: deep_model  :   False
01/04/2018 17:31:26 [INFO] configuration: selected_context_id  :   0
01/04/2018 17:31:26 [INFO] configuration: selected_feature_set_id  :   9
01/04/2018 17:31:26 [INFO] configuration: similarity_feature  :   True
01/04/2018 17:31:26 [INFO] configuration: k_feature_to_keep  :   11
01/04/2018 17:31:26 [INFO] configuration: seed  :   154316847
01/04/2018 17:31:26 [INFO] configuration: root_path  :   /ihome/pbrusilosky/rum20/y_classify
01/04/2018 17:31:26 [INFO] configuration: task_name  :   utterance_type
01/04/2018 17:31:26 [INFO] configuration: timemark  :   20180104-173126
01/04/2018 17:31:26 [INFO] configuration: context_set  :   next
01/04/2018 17:31:26 [INFO] configuration: utterance_names  :   ['last_user_utterance', 'last_system_utterance', 'current_user_utterance', 'next_system_utterance', 'next_user_utterance']
01/04/2018 17:31:26 [INFO] configuration: utterance_range  :   ['current_user_utterance', 'next_system_utterance', 'next_user_utterance']
01/04/2018 17:31:26 [INFO] configuration: feature_set  :   9-[2+1.3.4]
01/04/2018 17:31:26 [INFO] configuration: feature_set_number  :   ['1', '2', '3', '5', '6', '7', '4']
01/04/2018 17:31:26 [INFO] configuration: experiment_name  :   20180104-173126.discrete_feature_selection.feature_number=11.context=next.feature=9-[2+1.3.4].similarity=true
01/04/2018 17:31:26 [INFO] configuration: experiment_path  :   /ihome/pbrusilosky/rum20/y_classify/output/20180104-173126.discrete_feature_selection.feature_number=11.context=next.feature=9-[2+1.3.4].similarity=true
01/04/2018 17:31:26 [INFO] configuration: log_path  :   /ihome/pbrusilosky/rum20/y_classify/output/20180104-173126.discrete_feature_selection.feature_number=11.context=next.feature=9-[2+1.3.4].similarity=true/output.log
01/04/2018 17:31:26 [INFO] configuration: valid_type  :   {'A', 'C', 'R', 'F'}
01/04/2018 17:31:26 [INFO] configuration: data_name  :   
01/04/2018 17:31:26 [INFO] configuration: data_names  :   ['dstc2', 'dstc3', 'family', 'ghome']
01/04/2018 17:31:26 [INFO] configuration: raw_feature_path  :   /ihome/pbrusilosky/rum20/y_classify/dataset/feature/%s.raw_feature.pkl
01/04/2018 17:31:26 [INFO] configuration: extracted_feature_path  :   /ihome/pbrusilosky/rum20/y_classify/dataset/feature/%s.extracted_feature.pkl
01/04/2018 17:31:26 [INFO] configuration: pipeline_path  :   /ihome/pbrusilosky/rum20/y_classify/dataset/feature/%s.pipeline.pkl
01/04/2018 17:31:26 [INFO] configuration: metrics  :   ['accuracy', 'precision', 'recall', 'f1_score', 'training_time', 'test_time']
01/04/2018 17:31:26 [INFO] configuration: do_cross_validation  :   True
01/04/2018 17:31:26 [INFO] configuration: #division  :   5
01/04/2018 17:31:26 [INFO] configuration: #cross_validation  :   10
01/04/2018 17:31:26 [INFO] configuration: cv_index_cache_path  :   
01/04/2018 17:31:26 [INFO] configuration: action_words  :   {'timer', 'moder', 'south', 'els', 'music', 'remind', 'reminders', 'delete', 'price', 'show', 'stop', 'member', 'help', 'temperatur', 'discard', 'weather', 'tell', 'ani', 'area', 'else', 'delet', 'north', 'start', 'video', 'skip', 'clear', 'turn', 'volume', 'expens', 'cheap', 'address', 'part', 'telephone', 'telephon', 'remov', 'findcare', 'item', 'temperature', 'shuffle', 'centr', 'centre', 'time', 'food', 'volum', 'reminder', 'play', 'cast', 'any', 'expensive', 'snooz', 'findcar', 'number', 'share', 'song', 'list', 'matter', 'remove', 'phone', 'room', 'add', 'reminds', 'items', 'light', 'snooze', 'next', 'moderate', 'post', 'shuffl', 'alarm', 'watch'}
01/04/2018 17:31:26 [INFO] configuration: corenlp_jars  :   ('/Users/memray/Project/stanford/stanford-corenlp-full-3.8.0/*', '/Users/memray/Project/stanford/stanford-corenlp-full-3.8.0/stanford-english-kbp-corenlp-2017-06-09-models.jar')
01/04/2018 17:31:26 [INFO] configuration: lda_topic_number  :   50
01/04/2018 17:31:26 [INFO] configuration: lda_path  :   /ihome/pbrusilosky/rum20/y_classify/dataset/feature/gensim/%s.topic=50.lda.pkl
01/04/2018 17:31:26 [INFO] configuration: gensim_corpus_path  :   /ihome/pbrusilosky/rum20/y_classify/dataset/feature/gensim/%s.corpus.pkl
01/04/2018 17:31:26 [INFO] configuration: gensim_dict_path  :   /ihome/pbrusilosky/rum20/y_classify/dataset/feature/gensim/%s.dict
01/04/2018 17:31:26 [INFO] configuration: w2v_path  :   /home/memray/Data/glove/GoogleNews-vectors-negative300.bin
01/04/2018 17:31:26 [INFO] configuration: w2v_vector_length  :   300
01/04/2018 17:31:26 [INFO] configuration: d2v_vector_length  :   300
01/04/2018 17:31:26 [INFO] configuration: d2v_window_size  :   5
01/04/2018 17:31:26 [INFO] configuration: d2v_min_count  :   2
01/04/2018 17:31:26 [INFO] configuration: d2v_model_path  :   /ihome/pbrusilosky/rum20/y_classify/dataset/feature/gensim/%s.doc2vec.dim=300.window=5.min_count=2.model
01/04/2018 17:31:26 [INFO] configuration: d2v_vector_path  :   /ihome/pbrusilosky/rum20/y_classify/dataset/feature/gensim/%s.doc2vec.dim=300.window=5.min_count=2.vector
01/04/2018 17:31:26 [INFO] configuration: num_word_keep  :   {'dstc2': 300, 'dstc3': 300, 'family': 1000, 'ghome': 1000}
01/04/2018 17:31:26 [INFO] configuration: batch_size  :   128
01/04/2018 17:31:26 [INFO] configuration: max_epoch  :   50
01/04/2018 17:31:26 [INFO] configuration: early_stop_tolerance  :   2
01/04/2018 17:31:26 [INFO] configuration: concat_sents  :   False
01/04/2018 17:31:26 [INFO] configuration: cnn_setting  :   {'model': 'multichannel', 'early_stopping': True, 'word_dim': 300, 'filters': [3, 4, 5], 'filter_num': [100, 100, 100], 'class_size': 4, 'batch_size': 128, 'learning_rate': 0.001, 'norm_limit': 10, 'dropout_prob': 0.0, 'sentence_num': 3}
01/04/2018 17:31:26 [INFO] configuration: skipthought_setting  :   {'skipthought_model_path': '/Users/memray/Data/skip-thought', 'skipthought_data_path': '/ihome/pbrusilosky/rum20/y_classify/dataset/feature/gensim/%s.skip-thought.biskip.vector', 'fixed_emb': True, 'sentence_num': 3, 'hidden_size': 2400, 'class_size': 4, 'learning_rate': 0.0001, 'norm_limit': 3, 'dropout_prob': 0.5}
01/04/2018 17:31:26 [INFO] configuration: lstm_setting  :   {'model': 'non-static', 'hidden_size': 32, 'embedding_size': 300, 'num_layers': 1, 'bidirectional': False, 'learning_rate': 0.001, 'class_size': 4, 'norm_limit': 2, 'clip_grad_norm': 2, 'dropout_prob': 0.1}
01/04/2018 17:31:30 [INFO] exp_shallowmodel: %%%%%%%%%%%%%%%%%%%%%%%%%%%%%%%%%%%%%%%%%%%%%%%%%%
01/04/2018 17:31:30 [INFO] exp_shallowmodel:           dataset=dstc2
01/04/2018 17:31:30 [INFO] exp_shallowmodel:           k_feature_to_keep=11
01/04/2018 17:31:30 [INFO] exp_shallowmodel:           X_new.shape=(5725, 2060)
01/04/2018 17:31:30 [INFO] exp_shallowmodel:           #(X_selected)=2048
01/04/2018 17:31:30 [INFO] exp_shallowmodel:           #(X_not_selectable)=12
01/04/2018 17:31:30 [INFO] exp_shallowmodel: %%%%%%%%%%%%%%%%%%%%%%%%%%%%%%%%%%%%%%%%%%%%%%%%%%
01/04/2018 17:31:31 [INFO] exp_shallowmodel: ******************** dstc2 - Round 0 
01/04/2018 17:31:31 [INFO] exp_shallowmodel: #(data) = 4583
01/04/2018 17:31:31 [INFO] exp_shallowmodel: #(feature) = 2060
01/04/2018 17:31:31 [INFO] exp_shallowmodel: ================================================================================
01/04/2018 17:31:31 [INFO] exp_shallowmodel: LR.pen=l1.C=1.000000
01/04/2018 17:31:31 [INFO] exp_shallowmodel: ________________________________________________________________________________
01/04/2018 17:31:31 [INFO] exp_shallowmodel: Training: 
01/04/2018 17:31:31 [INFO] exp_shallowmodel: LogisticRegression(C=1, class_weight=None, dual=False, fit_intercept=True,
          intercept_scaling=1, max_iter=100, multi_class='ovr', n_jobs=1,
          penalty='l1', random_state=None, solver='liblinear', tol=0.0001,
          verbose=0, warm_start=False)
01/04/2018 17:31:56 [INFO] exp_shallowmodel: train time: 25.542s
01/04/2018 17:31:56 [INFO] exp_shallowmodel: test time:  0.002s
01/04/2018 17:31:56 [INFO] exp_shallowmodel: accuracy:   0.865
01/04/2018 17:31:56 [INFO] exp_shallowmodel: f1_score:   0.748
01/04/2018 17:31:56 [INFO] exp_shallowmodel: classification report:
01/04/2018 17:31:56 [INFO] exp_shallowmodel:              precision    recall  f1-score   support

          A       1.00      0.29      0.44        14
          C       0.81      0.84      0.82       164
          F       0.91      0.97      0.94       268
          R       0.83      0.75      0.79       125

avg / total       0.87      0.87      0.86       571

01/04/2018 17:31:56 [INFO] exp_shallowmodel: confusion matrix:
01/04/2018 17:31:56 [INFO] exp_shallowmodel: 
[[  4   2   7   1]
 [  0 137  12  15]
 [  0   6 259   3]
 [  0  24   7  94]]
01/04/2018 17:31:56 [INFO] exp_shallowmodel: ******************** dstc2 - Round 1 
01/04/2018 17:31:56 [INFO] exp_shallowmodel: #(data) = 4583
01/04/2018 17:31:56 [INFO] exp_shallowmodel: #(feature) = 2060
01/04/2018 17:31:56 [INFO] exp_shallowmodel: ================================================================================
01/04/2018 17:31:56 [INFO] exp_shallowmodel: LR.pen=l1.C=1.000000
01/04/2018 17:31:56 [INFO] exp_shallowmodel: ________________________________________________________________________________
01/04/2018 17:31:56 [INFO] exp_shallowmodel: Training: 
01/04/2018 17:31:56 [INFO] exp_shallowmodel: LogisticRegression(C=1, class_weight=None, dual=False, fit_intercept=True,
          intercept_scaling=1, max_iter=100, multi_class='ovr', n_jobs=1,
          penalty='l1', random_state=None, solver='liblinear', tol=0.0001,
          verbose=0, warm_start=False)
01/04/2018 17:32:25 [INFO] exp_shallowmodel: train time: 28.234s
01/04/2018 17:32:25 [INFO] exp_shallowmodel: test time:  0.002s
01/04/2018 17:32:25 [INFO] exp_shallowmodel: accuracy:   0.834
01/04/2018 17:32:25 [INFO] exp_shallowmodel: f1_score:   0.728
01/04/2018 17:32:25 [INFO] exp_shallowmodel: classification report:
01/04/2018 17:32:25 [INFO] exp_shallowmodel:              precision    recall  f1-score   support

          A       0.62      0.36      0.45        14
          C       0.76      0.80      0.78       164
          F       0.91      0.92      0.91       268
          R       0.78      0.74      0.76       125

avg / total       0.83      0.83      0.83       571

01/04/2018 17:32:25 [INFO] exp_shallowmodel: confusion matrix:
01/04/2018 17:32:25 [INFO] exp_shallowmodel: 
[[  5   2   3   4]
 [  0 131  17  16]
 [  2  13 247   6]
 [  1  26   5  93]]
01/04/2018 17:32:25 [INFO] exp_shallowmodel: Feature selection of top 100, ranked by LR weights (selectable:non-selectable=94:6)
01/04/2018 17:32:30 [INFO] exp_shallowmodel: %%%%%%%%%%%%%%%%%%%%%%%%%%%%%%%%%%%%%%%%%%%%%%%%%%
01/04/2018 17:32:30 [INFO] exp_shallowmodel:           dataset=dstc3
01/04/2018 17:32:30 [INFO] exp_shallowmodel:           k_feature_to_keep=11
01/04/2018 17:32:30 [INFO] exp_shallowmodel:           X_new.shape=(5934, 2060)
01/04/2018 17:32:30 [INFO] exp_shallowmodel:           #(X_selected)=2048
01/04/2018 17:32:30 [INFO] exp_shallowmodel:           #(X_not_selectable)=12
01/04/2018 17:32:30 [INFO] exp_shallowmodel: %%%%%%%%%%%%%%%%%%%%%%%%%%%%%%%%%%%%%%%%%%%%%%%%%%
01/04/2018 17:32:31 [INFO] exp_shallowmodel: ******************** dstc3 - Round 0 
01/04/2018 17:32:31 [INFO] exp_shallowmodel: #(data) = 4750
01/04/2018 17:32:31 [INFO] exp_shallowmodel: #(feature) = 2060
01/04/2018 17:32:31 [INFO] exp_shallowmodel: ================================================================================
01/04/2018 17:32:31 [INFO] exp_shallowmodel: LR.pen=l1.C=1.000000
01/04/2018 17:32:31 [INFO] exp_shallowmodel: ________________________________________________________________________________
01/04/2018 17:32:31 [INFO] exp_shallowmodel: Training: 
01/04/2018 17:32:31 [INFO] exp_shallowmodel: LogisticRegression(C=1, class_weight=None, dual=False, fit_intercept=True,
          intercept_scaling=1, max_iter=100, multi_class='ovr', n_jobs=1,
          penalty='l1', random_state=None, solver='liblinear', tol=0.0001,
          verbose=0, warm_start=False)
01/04/2018 17:33:07 [INFO] exp_shallowmodel: train time: 36.325s
01/04/2018 17:33:07 [INFO] exp_shallowmodel: test time:  0.002s
01/04/2018 17:33:07 [INFO] exp_shallowmodel: accuracy:   0.770
01/04/2018 17:33:07 [INFO] exp_shallowmodel: f1_score:   0.653
01/04/2018 17:33:07 [INFO] exp_shallowmodel: classification report:
01/04/2018 17:33:07 [INFO] exp_shallowmodel:              precision    recall  f1-score   support

          A       0.54      0.35      0.42        20
          C       0.72      0.75      0.74       169
          F       0.87      0.92      0.90       281
          R       0.59      0.52      0.56       122

avg / total       0.76      0.77      0.76       592

01/04/2018 17:33:07 [INFO] exp_shallowmodel: confusion matrix:
01/04/2018 17:33:07 [INFO] exp_shallowmodel: 
[[  7   3   8   2]
 [  3 127   9  30]
 [  2   9 258  12]
 [  1  37  20  64]]
01/04/2018 17:33:07 [INFO] exp_shallowmodel: ******************** dstc3 - Round 1 
01/04/2018 17:33:07 [INFO] exp_shallowmodel: #(data) = 4750
01/04/2018 17:33:07 [INFO] exp_shallowmodel: #(feature) = 2060
01/04/2018 17:33:07 [INFO] exp_shallowmodel: ================================================================================
01/04/2018 17:33:07 [INFO] exp_shallowmodel: LR.pen=l1.C=1.000000
01/04/2018 17:33:07 [INFO] exp_shallowmodel: ________________________________________________________________________________
01/04/2018 17:33:07 [INFO] exp_shallowmodel: Training: 
01/04/2018 17:33:07 [INFO] exp_shallowmodel: LogisticRegression(C=1, class_weight=None, dual=False, fit_intercept=True,
          intercept_scaling=1, max_iter=100, multi_class='ovr', n_jobs=1,
          penalty='l1', random_state=None, solver='liblinear', tol=0.0001,
          verbose=0, warm_start=False)
01/04/2018 17:33:52 [INFO] exp_shallowmodel: train time: 44.489s
01/04/2018 17:33:52 [INFO] exp_shallowmodel: test time:  0.002s
01/04/2018 17:33:52 [INFO] exp_shallowmodel: accuracy:   0.797
01/04/2018 17:33:52 [INFO] exp_shallowmodel: f1_score:   0.678
01/04/2018 17:33:52 [INFO] exp_shallowmodel: classification report:
01/04/2018 17:33:52 [INFO] exp_shallowmodel:              precision    recall  f1-score   support

          A       0.58      0.35      0.44        20
          C       0.75      0.80      0.77       169
          F       0.89      0.94      0.91       281
          R       0.65      0.54      0.59       122

avg / total       0.79      0.80      0.79       592

01/04/2018 17:33:52 [INFO] exp_shallowmodel: confusion matrix:
01/04/2018 17:33:52 [INFO] exp_shallowmodel: 
[[  7   4   7   2]
 [  0 136  11  22]
 [  2   4 263  12]
 [  3  38  15  66]]
01/04/2018 17:33:52 [INFO] exp_shallowmodel: Feature selection of top 100, ranked by LR weights (selectable:non-selectable=95:5)
01/04/2018 17:34:01 [INFO] exp_shallowmodel: %%%%%%%%%%%%%%%%%%%%%%%%%%%%%%%%%%%%%%%%%%%%%%%%%%
01/04/2018 17:34:01 [INFO] exp_shallowmodel:           dataset=family
01/04/2018 17:34:01 [INFO] exp_shallowmodel:           k_feature_to_keep=11
01/04/2018 17:34:01 [INFO] exp_shallowmodel:           X_new.shape=(3530, 2068)
01/04/2018 17:34:01 [INFO] exp_shallowmodel:           #(X_selected)=2048
01/04/2018 17:34:01 [INFO] exp_shallowmodel:           #(X_not_selectable)=20
01/04/2018 17:34:01 [INFO] exp_shallowmodel: %%%%%%%%%%%%%%%%%%%%%%%%%%%%%%%%%%%%%%%%%%%%%%%%%%
01/04/2018 17:34:01 [INFO] exp_shallowmodel: ******************** family - Round 0 
01/04/2018 17:34:01 [INFO] exp_shallowmodel: #(data) = 2826
01/04/2018 17:34:01 [INFO] exp_shallowmodel: #(feature) = 2068
01/04/2018 17:34:01 [INFO] exp_shallowmodel: ================================================================================
01/04/2018 17:34:01 [INFO] exp_shallowmodel: LR.pen=l1.C=1.000000
01/04/2018 17:34:01 [INFO] exp_shallowmodel: ________________________________________________________________________________
01/04/2018 17:34:01 [INFO] exp_shallowmodel: Training: 
01/04/2018 17:34:01 [INFO] exp_shallowmodel: LogisticRegression(C=1, class_weight=None, dual=False, fit_intercept=True,
          intercept_scaling=1, max_iter=100, multi_class='ovr', n_jobs=1,
          penalty='l1', random_state=None, solver='liblinear', tol=0.0001,
          verbose=0, warm_start=False)
01/04/2018 17:34:13 [INFO] exp_shallowmodel: train time: 12.261s
01/04/2018 17:34:13 [INFO] exp_shallowmodel: test time:  0.002s
01/04/2018 17:34:13 [INFO] exp_shallowmodel: accuracy:   0.878
01/04/2018 17:34:13 [INFO] exp_shallowmodel: f1_score:   0.686
01/04/2018 17:34:13 [INFO] exp_shallowmodel: classification report:
01/04/2018 17:34:13 [INFO] exp_shallowmodel:              precision    recall  f1-score   support

          A       0.58      0.30      0.40        23
          C       0.73      0.59      0.65        27
          F       0.94      0.99      0.96       250
          R       0.71      0.75      0.73        52

avg / total       0.87      0.88      0.87       352

01/04/2018 17:34:13 [INFO] exp_shallowmodel: confusion matrix:
01/04/2018 17:34:13 [INFO] exp_shallowmodel: 
[[  7   3   7   6]
 [  3  16   1   7]
 [  0   0 247   3]
 [  2   3   8  39]]
01/04/2018 17:34:13 [INFO] exp_shallowmodel: ******************** family - Round 1 
01/04/2018 17:34:13 [INFO] exp_shallowmodel: #(data) = 2826
01/04/2018 17:34:13 [INFO] exp_shallowmodel: #(feature) = 2068
01/04/2018 17:34:13 [INFO] exp_shallowmodel: ================================================================================
01/04/2018 17:34:13 [INFO] exp_shallowmodel: LR.pen=l1.C=1.000000
01/04/2018 17:34:13 [INFO] exp_shallowmodel: ________________________________________________________________________________
01/04/2018 17:34:13 [INFO] exp_shallowmodel: Training: 
01/04/2018 17:34:13 [INFO] exp_shallowmodel: LogisticRegression(C=1, class_weight=None, dual=False, fit_intercept=True,
          intercept_scaling=1, max_iter=100, multi_class='ovr', n_jobs=1,
          penalty='l1', random_state=None, solver='liblinear', tol=0.0001,
          verbose=0, warm_start=False)
01/04/2018 17:34:25 [INFO] exp_shallowmodel: train time: 11.834s
01/04/2018 17:34:25 [INFO] exp_shallowmodel: test time:  0.001s
01/04/2018 17:34:25 [INFO] exp_shallowmodel: accuracy:   0.872
01/04/2018 17:34:25 [INFO] exp_shallowmodel: f1_score:   0.688
01/04/2018 17:34:25 [INFO] exp_shallowmodel: classification report:
01/04/2018 17:34:25 [INFO] exp_shallowmodel:              precision    recall  f1-score   support

          A       0.89      0.35      0.50        23
          C       0.81      0.48      0.60        27
          F       0.94      0.98      0.96       250
          R       0.62      0.77      0.69        52

avg / total       0.88      0.87      0.86       352

01/04/2018 17:34:25 [INFO] exp_shallowmodel: confusion matrix:
01/04/2018 17:34:25 [INFO] exp_shallowmodel: 
[[  8   0   7   8]
 [  0  13   1  13]
 [  1   0 246   3]
 [  0   3   9  40]]
01/04/2018 17:34:26 [INFO] exp_shallowmodel: Feature selection of top 100, ranked by LR weights (selectable:non-selectable=96:4)
01/04/2018 17:34:35 [INFO] exp_shallowmodel: %%%%%%%%%%%%%%%%%%%%%%%%%%%%%%%%%%%%%%%%%%%%%%%%%%
01/04/2018 17:34:35 [INFO] exp_shallowmodel:           dataset=ghome
01/04/2018 17:34:35 [INFO] exp_shallowmodel:           k_feature_to_keep=11
01/04/2018 17:34:35 [INFO] exp_shallowmodel:           X_new.shape=(5241, 2061)
01/04/2018 17:34:35 [INFO] exp_shallowmodel:           #(X_selected)=2048
01/04/2018 17:34:35 [INFO] exp_shallowmodel:           #(X_not_selectable)=13
01/04/2018 17:34:35 [INFO] exp_shallowmodel: %%%%%%%%%%%%%%%%%%%%%%%%%%%%%%%%%%%%%%%%%%%%%%%%%%
01/04/2018 17:34:36 [INFO] exp_shallowmodel: ******************** ghome - Round 0 
01/04/2018 17:34:36 [INFO] exp_shallowmodel: #(data) = 4197
01/04/2018 17:34:36 [INFO] exp_shallowmodel: #(feature) = 2061
01/04/2018 17:34:36 [INFO] exp_shallowmodel: ================================================================================
01/04/2018 17:34:36 [INFO] exp_shallowmodel: LR.pen=l1.C=1.000000
01/04/2018 17:34:36 [INFO] exp_shallowmodel: ________________________________________________________________________________
01/04/2018 17:34:36 [INFO] exp_shallowmodel: Training: 
01/04/2018 17:34:36 [INFO] exp_shallowmodel: LogisticRegression(C=1, class_weight=None, dual=False, fit_intercept=True,
          intercept_scaling=1, max_iter=100, multi_class='ovr', n_jobs=1,
          penalty='l1', random_state=None, solver='liblinear', tol=0.0001,
          verbose=0, warm_start=False)
01/04/2018 17:34:52 [INFO] exp_shallowmodel: train time: 16.843s
01/04/2018 17:34:52 [INFO] exp_shallowmodel: test time:  0.002s
01/04/2018 17:34:52 [INFO] exp_shallowmodel: accuracy:   0.883
01/04/2018 17:34:52 [INFO] exp_shallowmodel: f1_score:   0.571
01/04/2018 17:34:52 [INFO] exp_shallowmodel: classification report:
01/04/2018 17:34:52 [INFO] exp_shallowmodel:              precision    recall  f1-score   support

          A       0.66      0.56      0.61        59
          C       0.00      0.00      0.00        12
          F       0.93      0.98      0.95       396
          R       0.74      0.71      0.72        55

avg / total       0.86      0.88      0.87       522

01/04/2018 17:34:52 [INFO] exp_shallowmodel: confusion matrix:
01/04/2018 17:34:52 [INFO] exp_shallowmodel: 
[[ 33   0  16  10]
 [  2   0   9   1]
 [  4   0 389   3]
 [ 11   0   5  39]]
01/04/2018 17:34:53 [INFO] exp_shallowmodel: ******************** ghome - Round 1 
01/04/2018 17:34:53 [INFO] exp_shallowmodel: #(data) = 4197
01/04/2018 17:34:53 [INFO] exp_shallowmodel: #(feature) = 2061
01/04/2018 17:34:53 [INFO] exp_shallowmodel: ================================================================================
01/04/2018 17:34:53 [INFO] exp_shallowmodel: LR.pen=l1.C=1.000000
01/04/2018 17:34:53 [INFO] exp_shallowmodel: ________________________________________________________________________________
01/04/2018 17:34:53 [INFO] exp_shallowmodel: Training: 
01/04/2018 17:34:53 [INFO] exp_shallowmodel: LogisticRegression(C=1, class_weight=None, dual=False, fit_intercept=True,
          intercept_scaling=1, max_iter=100, multi_class='ovr', n_jobs=1,
          penalty='l1', random_state=None, solver='liblinear', tol=0.0001,
          verbose=0, warm_start=False)
01/04/2018 17:35:08 [INFO] exp_shallowmodel: train time: 15.065s
01/04/2018 17:35:08 [INFO] exp_shallowmodel: test time:  0.001s
01/04/2018 17:35:08 [INFO] exp_shallowmodel: accuracy:   0.891
01/04/2018 17:35:08 [INFO] exp_shallowmodel: f1_score:   0.579
01/04/2018 17:35:08 [INFO] exp_shallowmodel: classification report:
01/04/2018 17:35:08 [INFO] exp_shallowmodel:              precision    recall  f1-score   support

          A       0.73      0.76      0.74        59
          C       0.00      0.00      0.00        12
          F       0.94      0.98      0.96       396
          R       0.66      0.56      0.61        55

avg / total       0.87      0.89      0.88       522

01/04/2018 17:35:08 [INFO] exp_shallowmodel: confusion matrix:
01/04/2018 17:35:08 [INFO] exp_shallowmodel: 
[[ 45   0   7   7]
 [  3   0   4   5]
 [  3   0 389   4]
 [ 11   1  12  31]]
01/04/2018 17:35:09 [INFO] exp_shallowmodel: Feature selection of top 100, ranked by LR weights (selectable:non-selectable=96:4)
